cs.FL 2409.07882
cs.FL 2409.08024
cs.FL 2409.08727
cs.FL 2409.09769
cs.FL 2409.09889
cs.FL 2409.10822
cs.FL 2409.12029
cs.FL 2409.12068
cs.FL 2409.12179
cs.CG 2409.07892
cs.CG 2409.08227
cs.CG 2409.08336
cs.CG 2409.08519
cs.CG 2409.08869
cs.CG 2409.09622
cs.CG 2409.11079
cs.CG 2409.11166
cs.CG 2409.11545
cs.CG 2409.11582
cs.CG 2409.11614
cs.CG 2409.11779
cs.DS 2409.08363
cs.DS 2409.08405
cs.DS 2409.08970
cs.DS 2409.08975
cs.DS 2409.09012
cs.DS 2409.08350
cs.DS 2409.08440
cs.DS 2409.08883
cs.DS 2409.08978
cs.DS 2409.09913
cs.DS 2409.10231
cs.DS 2409.10395
cs.DS 2409.09623
cs.DS 2409.10022
cs.DS 2409.10155
cs.DS 2409.10232
cs.DS 2409.10772
cs.DS 2409.11091
cs.DS 2409.10575
cs.DS 2409.10908
cs.DS 2409.11076
cs.DS 2409.11280
cs.DS 2409.11597
cs.DS 2409.11687
cs.DS 2409.11516
cs.DS 2409.11723
cs.DS 2409.11900
cs.DS 2409.12021
cs.DS 2409.12146
cs.DS 2409.12161
cs.DS 2409.12566
cs.DS 2409.12947
cs.DS 2409.12457
cs.DS 2409.12548
cs.DS 2409.12694
cs.GR 2409.08947
cs.GR 2409.08353
cs.GR 2409.08494
cs.GR 2409.08615
cs.GR 2409.08669
cs.GR 2409.09225
cs.GR 2409.10335
cs.GR 2409.10649
cs.GR 2409.10695
cs.GR 2409.10721
cs.GR 2409.11383
cs.GR 2409.11450
cs.GR 2409.11951
cs.GR 2409.12661
cs.GR 2409.12771
cs.GR 2409.12954
cs.GR 2409.12957
cs.GR 2409.12960
cs.GR 2409.12207
cs.GR 2409.12362
cs.GR 2409.12617
cs.GT 2409.08495
cs.GT 2409.08491
cs.GT 2409.08502
cs.GT 2409.08547
cs.GT 2409.08951
cs.GT 2409.08993
cs.GT 2409.09475
cs.GT 2409.09715
cs.GT 2409.10372
cs.GT 2409.10395
cs.GT 2409.10588
cs.GT 2409.11091
cs.GT 2409.11225
cs.GT 2409.11592
cs.GT 2409.11852
cs.GT 2409.12193
cs.GT 2409.00129
cs.GT 2409.12300
cs.GT 2409.12650
cs.GT 2409.12461
cs.DB 2409.08284
cs.DB 2409.08975
cs.DB 2409.09095
cs.DB 2409.09298
cs.DB 2409.10509
cs.DB 2409.09204
cs.DB 2409.09212
cs.DB 2409.09447
cs.DB 2409.09913
cs.DB 2409.10081
cs.DB 2409.10139
cs.DB 2409.10633
cs.DB 2409.11129
cs.DB 2409.10635
cs.DB 2409.10986
cs.DB 2409.11301
cs.DB 2409.11410
cs.DB 2409.12646
cs.AI 2409.07732
cs.AI 2409.08281
cs.AI 2409.08290
cs.AI 2409.08297
cs.AI 2409.08308
cs.AI 2409.08346
cs.AI 2409.08357
cs.AI 2409.08369
cs.AI 2409.08372
cs.AI 2409.08379
cs.AI 2409.08381
cs.AI 2409.08386
cs.AI 2409.08397
cs.AI 2409.08400
cs.AI 2409.08406
cs.AI 2409.08422
cs.AI 2409.08435
cs.AI 2409.08439
cs.AI 2409.08472
cs.AI 2409.08477
cs.AI 2409.08479
cs.AI 2409.08483
cs.AI 2409.08487
cs.AI 2409.08514
cs.AI 2409.08530
cs.AI 2409.08537
cs.AI 2409.08543
cs.AI 2409.08561
cs.AI 2409.08580
cs.AI 2409.08583
cs.AI 2409.08595
cs.AI 2409.08596
cs.AI 2409.08602
cs.AI 2409.08603
cs.AI 2409.08631
cs.AI 2409.08633
cs.AI 2409.08636
cs.AI 2409.08655
cs.AI 2409.08666
cs.AI 2409.08678
cs.AI 2409.08680
cs.AI 2409.08692
cs.AI 2409.08695
cs.AI 2409.08702
cs.AI 2409.08703
cs.AI 2409.08711
cs.AI 2409.08712
cs.AI 2409.08719
cs.AI 2409.08724
cs.AI 2409.08732
cs.AI 2409.08761
cs.AI 2409.08767
cs.AI 2409.08775
cs.AI 2409.08798
cs.AI 2409.08806
cs.AI 2409.08811
cs.AI 2409.08815
cs.AI 2409.08864
cs.AI 2409.08867
cs.AI 2409.08895
cs.AI 2409.08904
cs.AI 2409.08916
cs.AI 2409.08917
cs.AI 2409.08919
cs.AI 2409.08935
cs.AI 2409.08958
cs.AI 2409.08980
cs.AI 2409.09001
cs.AI 2409.09007
cs.AI 2409.09010
cs.AI 2409.09011
cs.AI 2409.09026
cs.AI 2409.09030
cs.AI 2409.09032
cs.AI 2409.08351
cs.AI 2409.08450
cs.AI 2409.08466
cs.AI 2409.08641
cs.AI 2409.08642
cs.AI 2409.08820
cs.AI 2409.08853
cs.AI 2409.08892
cs.AI 2409.08907
cs.AI 2409.08930
cs.AI 2409.08936
cs.AI 2409.09013
cs.AI 1810.12813
cs.AI 1902.00615
cs.AI 2404.13880
cs.AI 2408.04268
cs.AI 2408.06634
cs.AI 2409.09039
cs.AI 2409.09040
cs.AI 2409.09041
cs.AI 2409.09042
cs.AI 2409.09044
cs.AI 2409.09045
cs.AI 2409.09046
cs.AI 2409.09047
cs.AI 2409.09052
cs.AI 2409.09053
cs.AI 2409.09054
cs.AI 2409.09058
cs.AI 2409.09063
cs.AI 2409.09069
cs.AI 2409.09071
cs.AI 2409.09072
cs.AI 2409.09074
cs.AI 2409.09079
cs.AI 2409.09086
cs.AI 2409.09106
cs.AI 2409.09111
cs.AI 2409.09169
cs.AI 2409.09171
cs.AI 2409.09173
cs.AI 2409.09174
cs.AI 2409.09191
cs.AI 2409.09194
cs.AI 2409.09201
cs.AI 2409.09239
cs.AI 2409.09240
cs.AI 2409.09245
cs.AI 2409.09251
cs.AI 2409.09253
cs.AI 2409.09261
cs.AI 2409.09263
cs.AI 2409.09269
cs.AI 2409.09272
cs.AI 2409.09274
cs.AI 2409.09280
cs.AI 2409.09281
cs.AI 2409.09298
cs.AI 2409.09305
cs.AI 2409.09324
cs.AI 2409.09337
cs.AI 2409.09340
cs.AI 2409.09354
cs.AI 2409.09357
cs.AI 2409.09359
cs.AI 2409.09360
cs.AI 2409.09378
cs.AI 2409.09381
cs.AI 2409.09383
cs.AI 2409.09386
cs.AI 2409.09403
cs.AI 2409.09406
cs.AI 2409.09412
cs.AI 2409.09413
cs.AI 2409.09415
cs.AI 2409.09418
cs.AI 2409.09424
cs.AI 2409.09446
cs.AI 2409.09461
cs.AI 2409.09478
cs.AI 2409.09493
cs.AI 2409.09497
cs.AI 2409.09501
cs.AI 2409.09506
cs.AI 2409.09511
cs.AI 2409.09513
cs.AI 2409.09517
cs.AI 2409.09520
cs.AI 2409.09536
cs.AI 2409.09549
cs.AI 2409.09555
cs.AI 2409.09560
cs.AI 2409.09564
cs.AI 2409.09570
cs.AI 2409.09586
cs.AI 2409.09591
cs.AI 2409.09598
cs.AI 2409.09601
cs.AI 2409.09611
cs.AI 2409.09613
cs.AI 2409.09615
cs.AI 2409.09621
cs.AI 2409.09626
cs.AI 2409.09628
cs.AI 2409.09629
cs.AI 2409.09635
cs.AI 2409.09641
cs.AI 2409.09645
cs.AI 2409.09647
cs.AI 2409.09653
cs.AI 2409.09662
cs.AI 2409.09680
cs.AI 2409.09684
cs.AI 2409.09687
cs.AI 2409.09702
cs.AI 2409.09706
cs.AI 2409.09727
cs.AI 2409.09741
cs.AI 2409.09748
cs.AI 2409.09760
cs.AI 2409.09766
cs.AI 2409.09784
cs.AI 2409.09785
cs.AI 2409.09787
cs.AI 2409.09790
cs.AI 2409.09804
cs.AI 2409.09808
cs.AI 2409.09822
cs.AI 2409.09825
cs.AI 2409.09827
cs.AI 2409.09828
cs.AI 2409.09858
cs.AI 2409.09866
cs.AI 2409.09867
cs.AI 2409.09869
cs.AI 2409.09877
cs.AI 2409.09916
cs.AI 2409.09927
cs.AI 2409.09944
cs.AI 2409.09957
cs.AI 2409.09958
cs.AI 2409.09968
cs.AI 2409.09989
cs.AI 2409.09996
cs.AI 2409.10007
cs.AI 2409.10011
cs.AI 2409.10016
cs.AI 2409.10027
cs.AI 2409.10028
cs.AI 2409.10033
cs.AI 2409.10038
cs.AI 2409.10048
cs.AI 2409.10063
cs.AI 2409.10064
cs.AI 2409.10069
cs.AI 2409.10070
cs.AI 2409.10077
cs.AI 2409.10080
cs.AI 2409.10085
cs.AI 2409.10102
cs.AI 2409.10106
cs.AI 2409.10132
cs.AI 2409.10134
cs.AI 2409.10139
cs.AI 2409.10146
cs.AI 2409.10151
cs.AI 2409.10161
cs.AI 2409.10164
cs.AI 2409.10168
cs.AI 2409.10173
cs.AI 2409.10177
cs.AI 2409.10193
cs.AI 2409.10196
cs.AI 2409.10242
cs.AI 2409.10246
cs.AI 2409.10267
cs.AI 2409.10271
cs.AI 2409.10281
cs.AI 2409.10290
cs.AI 2409.10294
cs.AI 2409.10297
cs.AI 2409.10304
cs.AI 2409.10308
cs.AI 2409.10320
cs.AI 2409.10329
cs.AI 2409.10338
cs.AI 2409.10340
cs.AI 2409.10343
cs.AI 2409.10350
cs.AI 2409.10365
cs.AI 2409.10394
cs.AI 2409.10403
cs.AI 2409.10416
cs.AI 2409.10419
cs.AI 2409.10473
cs.AI 2409.10481
cs.AI 2409.10488
cs.AI 2409.10489
cs.AI 2409.10496
cs.AI 2409.10515
cs.AI 2409.09082
cs.AI 2409.09107
cs.AI 2409.09135
cs.AI 2409.09345
cs.AI 2409.09485
cs.AI 2409.09541
cs.AI 2409.09603
cs.AI 2409.09717
cs.AI 2409.10277
cs.AI 2409.10289
cs.AI 2409.10372
cs.AI 2105.00335
cs.AI 2309.08751
cs.AI 2311.10944
cs.AI 2409.10283
cs.AI 2409.10520
cs.AI 2409.10521
cs.AI 2409.10522
cs.AI 2409.10523
cs.AI 2409.10524
cs.AI 2409.10525
cs.AI 2409.10526
cs.AI 2409.10527
cs.AI 2409.10528
cs.AI 2409.10535
cs.AI 2409.10536
cs.AI 2409.10541
cs.AI 2409.10547
cs.AI 2409.10552
cs.AI 2409.10554
cs.AI 2409.10559
cs.AI 2409.10561
cs.AI 2409.10566
cs.AI 2409.10568
cs.AI 2409.10570
cs.AI 2409.10571
cs.AI 2409.10574
cs.AI 2409.10575
cs.AI 2409.10578
cs.AI 2409.10579
cs.AI 2409.10580
cs.AI 2409.10582
cs.AI 2409.10583
cs.AI 2409.10584
cs.AI 2409.10585
cs.AI 2409.10588
cs.AI 2409.10589
cs.AI 2409.10593
cs.AI 2409.10594
cs.AI 2409.10640
cs.AI 2409.10655
cs.AI 2409.10680
cs.AI 2409.10683
cs.AI 2409.10692
cs.AI 2409.10695
cs.AI 2409.10702
cs.AI 2409.10704
cs.AI 2409.10715
cs.AI 2409.10721
cs.AI 2409.10728
cs.AI 2409.10737
cs.AI 2409.10756
cs.AI 2409.10775
cs.AI 2409.10790
cs.AI 2409.10821
cs.AI 2409.10825
cs.AI 2409.10831
cs.AI 2409.10848
cs.AI 2409.10849
cs.AI 2409.10889
cs.AI 2409.10898
cs.AI 2409.10909
cs.AI 2409.10921
cs.AI 2409.10932
cs.AI 2409.10944
cs.AI 2409.10955
cs.AI 2409.10956
cs.AI 2409.10964
cs.AI 2409.10986
cs.AI 2409.10989
cs.AI 2409.10994
cs.AI 2409.10999
cs.AI 2409.11003
cs.AI 2409.11011
cs.AI 2409.11022
cs.AI 2409.11024
cs.AI 2409.11052
cs.AI 2409.11055
cs.AI 2409.11071
cs.AI 2409.11074
cs.AI 2409.11078
cs.AI 2409.11114
cs.AI 2409.11138
cs.AI 2409.11145
cs.AI 2409.11148
cs.AI 2409.11169
cs.AI 2409.11174
cs.AI 2409.11186
cs.AI 2409.11190
cs.AI 2409.11192
cs.AI 2409.11195
cs.AI 2409.11228
cs.AI 2409.11232
cs.AI 2409.11258
cs.AI 2409.11262
cs.AI 2409.11267
cs.AI 2409.11272
cs.AI 2409.11274
cs.AI 2409.11283
cs.AI 2409.11295
cs.AI 2409.11299
cs.AI 2409.11316
cs.AI 2409.11321
cs.AI 2409.11340
cs.AI 2409.11350
cs.AI 2409.11356
cs.AI 2409.11360
cs.AI 2409.11363
cs.AI 2409.11375
cs.AI 2409.11378
cs.AI 2409.11393
cs.AI 2409.11402
cs.AI 2409.11404
cs.AI 2409.10542
cs.AI 2409.10653
cs.AI 2409.11123
cs.AI 2409.11277
cs.AI 2409.11290
cs.AI 2409.11294
cs.AI 2406.10254
cs.AI 2409.11409
cs.AI 2409.11414
cs.AI 2409.11416
cs.AI 2409.11426
cs.AI 2409.11430
cs.AI 2409.11432
cs.AI 2409.11436
cs.AI 2409.11439
cs.AI 2409.11440
cs.AI 2409.11442
cs.AI 2409.11445
cs.AI 2409.11446
cs.AI 2409.11449
cs.AI 2409.11456
cs.AI 2409.11498
cs.AI 2409.11500
cs.AI 2409.11501
cs.AI 2409.11509
cs.AI 2409.11513
cs.AI 2409.11546
cs.AI 2409.11547
cs.AI 2409.11552
cs.AI 2409.11564
cs.AI 2409.11576
cs.AI 2409.11583
cs.AI 2409.11589
cs.AI 2409.11593
cs.AI 2409.11598
cs.AI 2409.11600
cs.AI 2409.11605
cs.AI 2409.11617
cs.AI 2409.11643
cs.AI 2409.11644
cs.AI 2409.11650
cs.AI 2409.11654
cs.AI 2409.11657
cs.AI 2409.11663
cs.AI 2409.11664
cs.AI 2409.11676
cs.AI 2409.11686
cs.AI 2409.11689
cs.AI 2409.11734
cs.AI 2409.11741
cs.AI 2409.11744
cs.AI 2409.11754
cs.AI 2409.11764
cs.AI 2409.11770
cs.AI 2409.11782
cs.AI 2409.11785
cs.AI 2409.11786
cs.AI 2409.11798
cs.AI 2409.11802
cs.AI 2409.11813
cs.AI 2409.11817
cs.AI 2409.11835
cs.AI 2409.11844
cs.AI 2409.11860
cs.AI 2409.11863
cs.AI 2409.11887
cs.AI 2409.11904
cs.AI 2409.11905
cs.AI 2409.11992
cs.AI 2409.12001
cs.AI 2409.12005
cs.AI 2409.12020
cs.AI 2409.12033
cs.AI 2409.12038
cs.AI 2409.12059
cs.AI 2409.12060
cs.AI 2409.12061
cs.AI 2409.12072
cs.AI 2409.12087
cs.AI 2409.12092
cs.AI 2409.12106
cs.AI 2409.12112
cs.AI 2409.12122
cs.AI 2409.12134
cs.AI 2409.12135
cs.AI 2409.12136
cs.AI 2409.12139
cs.AI 2409.12150
cs.AI 2409.12165
cs.AI 2409.12170
cs.AI 2409.12171
cs.AI 2409.12175
cs.AI 2409.12179
cs.AI 2409.12183
cs.AI 2409.12184
cs.AI 2409.12191
cs.AI 2409.12192
cs.AI 2409.12193
cs.AI 2409.11411
cs.AI 2409.11489
cs.AI 2409.11527
cs.AI 2409.11631
cs.AI 2409.11671
cs.AI 2409.11675
cs.AI 2409.11756
cs.AI 2409.11780
cs.AI 2409.11820
cs.AI 2409.12154
cs.AI 2409.12182
cs.AI 2409.12197
cs.AI 2409.12209
cs.AI 2409.12210
cs.AI 2409.12213
cs.AI 2409.12244
cs.AI 2409.12249
cs.AI 2409.12289
cs.AI 2409.12314
cs.AI 2409.12333
cs.AI 2409.12334
cs.AI 2409.12347
cs.AI 2409.12350
cs.AI 2409.12367
cs.AI 2409.12371
cs.AI 2409.12380
cs.AI 2409.12384
cs.AI 2409.12385
cs.AI 2409.12386
cs.AI 2409.12388
cs.AI 2409.12394
cs.AI 2409.12396
cs.AI 2409.12403
cs.AI 2409.12405
cs.AI 2409.12409
cs.AI 2409.12415
cs.AI 2409.12428
cs.AI 2409.12431
cs.AI 2409.12440
cs.AI 2409.12444
cs.AI 2409.12446
cs.AI 2409.12447
cs.AI 2409.12450
cs.AI 2409.12454
cs.AI 2409.12467
cs.AI 2409.12468
cs.AI 2409.12471
cs.AI 2409.12472
cs.AI 2409.12477
cs.AI 2409.12479
cs.AI 2409.12490
cs.AI 2409.12500
cs.AI 2409.12516
cs.AI 2409.12517
cs.AI 2409.12518
cs.AI 2409.12524
cs.AI 2409.12538
cs.AI 2409.12567
cs.AI 2409.12587
cs.AI 2409.12602
cs.AI 2409.12618
cs.AI 2409.12623
cs.AI 2409.12632
cs.AI 2409.12634
cs.AI 2409.12642
cs.AI 2409.12669
cs.AI 2409.12677
cs.AI 2409.12682
cs.AI 2409.12683
cs.AI 2409.12716
cs.AI 2409.12720
cs.AI 2409.12726
cs.AI 2409.12730
cs.AI 2409.12737
cs.AI 2409.12740
cs.AI 2409.12741
cs.AI 2409.12745
cs.AI 2409.12769
cs.AI 2409.12774
cs.AI 2409.12784
cs.AI 2409.12785
cs.AI 2409.12798
cs.AI 2409.12801
cs.AI 2409.12809
cs.AI 2409.12812
cs.AI 2409.12815
cs.AI 2409.12820
cs.AI 2409.12832
cs.AI 2409.12842
cs.AI 2409.12880
cs.AI 2409.12883
cs.AI 2409.12900
cs.AI 2409.12903
cs.AI 2409.12922
cs.AI 2409.12924
cs.AI 2409.12926
cs.AI 2409.12951
cs.AI 2409.12953
cs.AI 2409.12958
cs.AI 2409.12959
cs.AI 2409.12963
cs.AI 2409.12294
cs.AI 2409.12300
cs.AI 2409.12397
cs.AI 2409.12846
cs.AI 2409.12865
cs.AI 2409.12889
cs.AI 2409.12919
cs.AR 2409.08595
cs.AR 2409.08949
cs.AR 2409.08286
cs.AR 2409.08534
cs.AR 2409.09152
cs.AR 2409.09928
cs.AR 2409.09948
cs.AR 2409.10325
cs.AR 2409.09044
cs.AR 2409.09689
cs.AR 2409.10136
cs.AR 2409.11220
cs.AR 2409.10918
cs.AR 2409.11411
cs.AR 2409.11422
cs.AR 2409.11612
cs.AR 2409.11414
cs.AR 2409.11416
cs.AR 2409.11418
cs.AR 2409.11424
cs.AR 2409.11437
cs.AR 2409.11440
cs.AR 2409.12253
cs.AR 2409.12258
cs.AR 2409.12433
cs.AR 2409.12939
cs.DM 2409.08762
cs.DM 2409.09824
cs.DM 2409.10155
cs.DM 2409.09155
cs.DM 2409.10124
cs.DM 2409.10573
cs.DM 2409.10575
cs.DM 2409.11346
cs.DM 2409.10634
cs.DM 2409.10899
cs.DM 2409.11563
cs.DM 2409.11581
cs.DM 2409.11723
cs.DM 2409.11811
cs.DM 2409.12053
cs.DM 2409.12068
cs.DM 2409.11739
cs.DM 2409.12417
cs.DM 2409.12672
cs.DM 2409.12199
cs.DM 2409.12615
cs.DC 2409.08308
cs.DC 2409.08386
cs.DC 2409.08584
cs.DC 2409.08640
cs.DC 2409.08369
cs.DC 2409.08729
cs.DC 2409.08858
cs.DC 2409.08949
cs.DC 2409.09086
cs.DC 2409.09242
cs.DC 2409.09414
cs.DC 2409.09794
cs.DC 2409.09887
cs.DC 2409.09058
cs.DC 2409.09061
cs.DC 2409.09063
cs.DC 2409.09068
cs.DC 2409.09071
cs.DC 2409.09072
cs.DC 2409.09079
cs.DC 2409.09080
cs.DC 2409.09083
cs.DC 2409.09202
cs.DC 2409.09273
cs.DC 2409.09296
cs.DC 2409.09874
cs.DC 2409.09934
cs.DC 2409.10226
cs.DC 2409.10235
cs.DC 2409.10325
cs.DC 2409.10392
cs.DC 2409.10839
cs.DC 2409.10946
cs.DC 2409.11068
cs.DC 2409.11240
cs.DC 2409.11392
cs.DC 2409.10661
cs.DC 2409.10727
cs.DC 2409.10743
cs.DC 2409.10770
cs.DC 2409.10954
cs.DC 2409.11043
cs.DC 2409.11155
cs.DC 2409.11208
cs.DC 2409.11304
cs.DC 2409.11442
cs.DC 2409.11585
cs.DC 2409.11592
cs.DC 2409.11621
cs.DC 2409.11422
cs.DC 2409.11765
cs.DC 2409.12376
cs.DC 2409.12575
cs.DC 2409.12882
cs.DC 2409.12297
cs.HC 2409.08330
cs.HC 2409.08494
cs.HC 2409.08829
cs.HC 2409.08916
cs.HC 2409.08963
cs.HC 2409.08964
cs.HC 2409.09018
cs.HC 2409.09021
cs.HC 2409.08357
cs.HC 2409.08402
cs.HC 2409.08445
cs.HC 2409.08449
cs.HC 2409.08486
cs.HC 2409.08498
cs.HC 2409.08577
cs.HC 2409.08578
cs.HC 2409.08622
cs.HC 2409.08738
cs.HC 2409.08775
cs.HC 2409.08798
cs.HC 2409.08811
cs.HC 2409.08895
cs.HC 2409.08937
cs.HC 2409.08960
cs.HC 2409.08967
cs.HC 2409.08980
cs.HC 2409.09011
cs.HC 2409.09047
cs.HC 2409.09135
cs.HC 2409.09338
cs.HC 2409.09549
cs.HC 2409.09827
cs.HC 2409.09972
cs.HC 2409.09989
cs.HC 2409.10064
cs.HC 2409.10076
cs.HC 2409.10168
cs.HC 2409.10225
cs.HC 2409.09040
cs.HC 2409.09154
cs.HC 2409.09205
cs.HC 2409.09218
cs.HC 2409.09222
cs.HC 2409.09267
cs.HC 2409.09363
cs.HC 2409.09453
cs.HC 2409.09457
cs.HC 2409.09462
cs.HC 2409.09570
cs.HC 2409.09586
cs.HC 2409.09627
cs.HC 2409.09641
cs.HC 2409.09662
cs.HC 2409.09696
cs.HC 2409.09760
cs.HC 2409.10079
cs.HC 2409.10217
cs.HC 2409.10239
cs.HC 2409.10250
cs.HC 2409.10258
cs.HC 2409.10354
cs.HC 2409.10446
cs.HC 2409.10450
cs.HC 2409.10459
cs.HC 2409.10687
cs.HC 2409.10710
cs.HC 2409.10754
cs.HC 2409.10811
cs.HC 2409.10849
cs.HC 2409.11192
cs.HC 2409.11224
cs.HC 2409.11241
cs.HC 2409.10537
cs.HC 2409.10551
cs.HC 2409.10670
cs.HC 2409.10702
cs.HC 2409.10713
cs.HC 2409.10717
cs.HC 2409.10797
cs.HC 2409.10826
cs.HC 2409.10841
cs.HC 2409.10895
cs.HC 2409.10913
cs.HC 2409.10960
cs.HC 2409.11014
cs.HC 2409.11357
cs.HC 2409.11360
cs.HC 2409.11535
cs.HC 2409.11606
cs.HC 2409.11629
cs.HC 2409.11726
cs.HC 2409.11741
cs.HC 2409.11744
cs.HC 2409.11759
cs.HC 2409.11860
cs.HC 2409.11419
cs.HC 2409.11531
cs.HC 2409.11599
cs.HC 2409.11602
cs.HC 2409.11645
cs.HC 2409.11672
cs.HC 2409.11911
cs.HC 2409.11989
cs.HC 2409.12000
cs.HC 2409.12332
cs.HC 2409.12338
cs.HC 2409.12428
cs.HC 2409.12447
cs.HC 2409.12462
cs.HC 2409.12638
cs.HC 2409.12651
cs.HC 2409.12862
cs.HC 2409.12922
cs.HC 2409.12320
cs.HC 2409.12538
cs.HC 2409.12540
cs.HC 2409.12561
cs.HC 2409.12801
cs.HC 2409.12809
cs.HC 2409.12836
cs.HC 2409.12921
cs.CV 2409.08301
cs.CV 2409.08307
cs.CV 2409.08331
cs.CV 2409.08351
cs.CV 2409.08353
cs.CV 2409.08376
cs.CV 2409.08474
cs.CV 2409.08481
cs.CV 2409.08482
cs.CV 2409.08492
cs.CV 2409.08494
cs.CV 2409.08500
cs.CV 2409.08537
cs.CV 2409.08563
cs.CV 2409.08588
cs.CV 2409.08618
cs.CV 2409.08619
cs.CV 2409.08652
cs.CV 2409.08712
cs.CV 2409.08772
cs.CV 2409.08850
cs.CV 2409.08905
cs.CV 2409.08906
cs.CV 2409.08926
cs.CV 2409.08283
cs.CV 2409.08345
cs.CV 2409.08381
cs.CV 2409.08388
cs.CV 2409.08397
cs.CV 2409.08443
cs.CV 2409.08444
cs.CV 2409.08461
cs.CV 2409.08464
cs.CV 2409.08468
cs.CV 2409.08475
cs.CV 2409.08501
cs.CV 2409.08508
cs.CV 2409.08509
cs.CV 2409.08510
cs.CV 2409.08513
cs.CV 2409.08516
cs.CV 2409.08518
cs.CV 2409.08520
cs.CV 2409.08557
cs.CV 2409.08562
cs.CV 2409.08566
cs.CV 2409.08572
cs.CV 2409.08573
cs.CV 2409.08582
cs.CV 2409.08585
cs.CV 2409.08598
cs.CV 2409.08613
cs.CV 2409.08667
cs.CV 2409.08669
cs.CV 2409.08688
cs.CV 2409.08691
cs.CV 2409.08695
cs.CV 2409.08744
cs.CV 2409.08769
cs.CV 2409.08782
cs.CV 2409.08800
cs.CV 2409.08824
cs.CV 2409.08831
cs.CV 2409.08840
cs.CV 2409.08847
cs.CV 2409.08849
cs.CV 2409.08857
cs.CV 2409.08884
cs.CV 2409.08885
cs.CV 2409.08887
cs.CV 2409.08943
cs.CV 2409.08947
cs.CV 2409.08953
cs.CV 2409.09018
cs.CV 2409.09039
cs.CV 2409.09052
cs.CV 2409.09053
cs.CV 2409.09085
cs.CV 2409.09086
cs.CV 2409.09108
cs.CV 2409.09173
cs.CV 2409.09188
cs.CV 2409.09194
cs.CV 2409.09216
cs.CV 2409.09245
cs.CV 2409.09309
cs.CV 2409.09318
cs.CV 2409.09330
cs.CV 2409.09361
cs.CV 2409.09370
cs.CV 2409.09387
cs.CV 2409.09478
cs.CV 2409.09479
cs.CV 2409.09484
cs.CV 2409.09542
cs.CV 2409.09555
cs.CV 2409.09569
cs.CV 2409.09680
cs.CV 2409.09721
cs.CV 2409.09725
cs.CV 2409.09731
cs.CV 2409.09796
cs.CV 2409.09797
cs.CV 2409.09829
cs.CV 2409.09860
cs.CV 2409.09904
cs.CV 2409.09921
cs.CV 2409.10089
cs.CV 2409.10120
cs.CV 2409.10143
cs.CV 2409.10161
cs.CV 2409.10196
cs.CV 2409.10202
cs.CV 2409.10246
cs.CV 2409.10259
cs.CV 2409.10293
cs.CV 2409.10330
cs.CV 2409.10335
cs.CV 2409.10339
cs.CV 2409.10350
cs.CV 2409.10441
cs.CV 2409.09144
cs.CV 2409.09149
cs.CV 2409.09177
cs.CV 2409.09196
cs.CV 2409.09221
cs.CV 2409.09244
cs.CV 2409.09254
cs.CV 2409.09269
cs.CV 2409.09274
cs.CV 2409.09286
cs.CV 2409.09291
cs.CV 2409.09292
cs.CV 2409.09293
cs.CV 2409.09300
cs.CV 2409.09306
cs.CV 2409.09312
cs.CV 2409.09313
cs.CV 2409.09319
cs.CV 2409.09323
cs.CV 2409.09326
cs.CV 2409.09348
cs.CV 2409.09350
cs.CV 2409.09360
cs.CV 2409.09366
cs.CV 2409.09369
cs.CV 2409.09386
cs.CV 2409.09391
cs.CV 2409.09403
cs.CV 2409.09406
cs.CV 2409.09412
cs.CV 2409.09424
cs.CV 2409.09430
cs.CV 2409.09432
cs.CV 2409.09444
cs.CV 2409.09446
cs.CV 2409.09451
cs.CV 2409.09455
cs.CV 2409.09497
cs.CV 2409.09502
cs.CV 2409.09520
cs.CV 2409.09530
cs.CV 2409.09560
cs.CV 2409.09564
cs.CV 2409.09566
cs.CV 2409.09582
cs.CV 2409.09588
cs.CV 2409.09593
cs.CV 2409.09605
cs.CV 2409.09610
cs.CV 2409.09611
cs.CV 2409.09616
cs.CV 2409.09628
cs.CV 2409.09635
cs.CV 2409.09649
cs.CV 2409.09668
cs.CV 2409.09670
cs.CV 2409.09673
cs.CV 2409.09678
cs.CV 2409.09681
cs.CV 2409.09707
cs.CV 2409.09708
cs.CV 2409.09714
cs.CV 2409.09716
cs.CV 2409.09724
cs.CV 2409.09740
cs.CV 2409.09748
cs.CV 2409.09753
cs.CV 2409.09754
cs.CV 2409.09756
cs.CV 2409.09766
cs.CV 2409.09774
cs.CV 2409.09777
cs.CV 2409.09779
cs.CV 2409.09784
cs.CV 2409.09788
cs.CV 2409.09790
cs.CV 2409.09804
cs.CV 2409.09808
cs.CV 2409.09832
cs.CV 2409.09841
cs.CV 2409.09867
cs.CV 2409.09877
cs.CV 2409.09893
cs.CV 2409.09896
cs.CV 2409.09907
cs.CV 2409.09915
cs.CV 2409.09953
cs.CV 2409.09968
cs.CV 2409.09969
cs.CV 2409.10021
cs.CV 2409.10028
cs.CV 2409.10041
cs.CV 2409.10063
cs.CV 2409.10071
cs.CV 2409.10080
cs.CV 2409.10090
cs.CV 2409.10094
cs.CV 2409.10095
cs.CV 2409.10101
cs.CV 2409.10104
cs.CV 2409.10141
cs.CV 2409.10151
cs.CV 2409.10156
cs.CV 2409.10175
cs.CV 2409.10178
cs.CV 2409.10180
cs.CV 2409.10197
cs.CV 2409.10206
cs.CV 2409.10213
cs.CV 2409.10228
cs.CV 2409.10247
cs.CV 2409.10262
cs.CV 2409.10269
cs.CV 2409.10272
cs.CV 2409.10286
cs.CV 2409.10291
cs.CV 2409.10297
cs.CV 2409.10327
cs.CV 2409.10328
cs.CV 2409.10329
cs.CV 2409.10353
cs.CV 2409.10357
cs.CV 2409.10362
cs.CV 2409.10365
cs.CV 2409.10385
cs.CV 2409.10389
cs.CV 2409.10422
cs.CV 2409.10445
cs.CV 2409.10473
cs.CV 2409.10476
cs.CV 2409.10481
cs.CV 2409.10488
cs.CV 2409.10542
cs.CV 2409.10566
cs.CV 2409.10578
cs.CV 2409.10582
cs.CV 2409.10594
cs.CV 2409.10683
cs.CV 2409.10794
cs.CV 2409.10847
cs.CV 2409.10876
cs.CV 2409.10890
cs.CV 2409.10922
cs.CV 2409.10940
cs.CV 2409.10952
cs.CV 2409.10958
cs.CV 2409.10966
cs.CV 2409.10978
cs.CV 2409.10980
cs.CV 2409.11007
cs.CV 2409.11011
cs.CV 2409.11111
cs.CV 2409.11119
cs.CV 2409.11123
cs.CV 2409.11169
cs.CV 2409.11172
cs.CV 2409.11184
cs.CV 2409.11299
cs.CV 2409.11370
cs.CV 2409.11402
cs.CV 2409.10523
cs.CV 2409.10528
cs.CV 2409.10533
cs.CV 2409.10535
cs.CV 2409.10544
cs.CV 2409.10545
cs.CV 2409.10554
cs.CV 2409.10555
cs.CV 2409.10562
cs.CV 2409.10587
cs.CV 2409.10597
cs.CV 2409.10641
cs.CV 2409.10695
cs.CV 2409.10699
cs.CV 2409.10716
cs.CV 2409.10719
cs.CV 2409.10721
cs.CV 2409.10725
cs.CV 2409.10775
cs.CV 2409.10836
cs.CV 2409.10848
cs.CV 2409.10889
cs.CV 2409.10901
cs.CV 2409.10917
cs.CV 2409.10921
cs.CV 2409.10925
cs.CV 2409.10956
cs.CV 2409.11010
cs.CV 2409.11018
cs.CV 2409.11028
cs.CV 2409.11051
cs.CV 2409.11059
cs.CV 2409.11075
cs.CV 2409.11104
cs.CV 2409.11110
cs.CV 2409.11128
cs.CV 2409.11140
cs.CV 2409.11160
cs.CV 2409.11164
cs.CV 2409.11182
cs.CV 2409.11186
cs.CV 2409.11205
cs.CV 2409.11206
cs.CV 2409.11211
cs.CV 2409.11219
cs.CV 2409.11223
cs.CV 2409.11224
cs.CV 2409.11227
cs.CV 2409.11234
cs.CV 2409.11235
cs.CV 2409.11256
cs.CV 2409.11307
cs.CV 2409.11315
cs.CV 2409.11316
cs.CV 2409.11323
cs.CV 2409.11325
cs.CV 2409.11329
cs.CV 2409.11338
cs.CV 2409.11340
cs.CV 2409.11355
cs.CV 2409.11356
cs.CV 2409.11367
cs.CV 2409.11373
cs.CV 2409.11375
cs.CV 2409.11380
cs.CV 2409.11383
cs.CV 2409.11406
cs.CV 2409.11438
cs.CV 2409.11508
cs.CV 2409.11512
cs.CV 2409.11518
cs.CV 2409.11534
cs.CV 2409.11546
cs.CV 2409.11552
cs.CV 2409.11555
cs.CV 2409.11564
cs.CV 2409.11593
cs.CV 2409.11619
cs.CV 2409.11644
cs.CV 2409.11653
cs.CV 2409.11688
cs.CV 2409.11702
cs.CV 2409.11711
cs.CV 2409.11729
cs.CV 2409.11738
cs.CV 2409.11752
cs.CV 2409.11831
cs.CV 2409.11836
cs.CV 2409.11854
cs.CV 2409.11910
cs.CV 2409.12002
cs.CV 2409.12072
cs.CV 2409.12074
cs.CV 2409.12078
cs.CV 2409.12124
cs.CV 2409.12155
cs.CV 2409.12167
cs.CV 2409.12190
cs.CV 2409.12192
cs.CV 2409.11441
cs.CV 2409.11456
cs.CV 2409.11513
cs.CV 2409.11536
cs.CV 2409.11542
cs.CV 2409.11624
cs.CV 2409.11635
cs.CV 2409.11642
cs.CV 2409.11652
cs.CV 2409.11656
cs.CV 2409.11661
cs.CV 2409.11664
cs.CV 2409.11681
cs.CV 2409.11682
cs.CV 2409.11686
cs.CV 2409.11689
cs.CV 2409.11692
cs.CV 2409.11706
cs.CV 2409.11718
cs.CV 2409.11734
cs.CV 2409.11744
cs.CV 2409.11749
cs.CV 2409.11750
cs.CV 2409.11770
cs.CV 2409.11785
cs.CV 2409.11786
cs.CV 2409.11802
cs.CV 2409.11813
cs.CV 2409.11816
cs.CV 2409.11817
cs.CV 2409.11819
cs.CV 2409.11867
cs.CV 2409.11869
cs.CV 2409.11874
cs.CV 2409.11904
cs.CV 2409.11919
cs.CV 2409.11920
cs.CV 2409.11923
cs.CV 2409.11937
cs.CV 2409.11951
cs.CV 2409.11953
cs.CV 2409.11960
cs.CV 2409.11969
cs.CV 2409.11974
cs.CV 2409.11983
cs.CV 2409.12008
cs.CV 2409.12010
cs.CV 2409.12011
cs.CV 2409.12014
cs.CV 2409.12016
cs.CV 2409.12024
cs.CV 2409.12026
cs.CV 2409.12031
cs.CV 2409.12034
cs.CV 2409.12040
cs.CV 2409.12099
cs.CV 2409.12108
cs.CV 2409.12111
cs.CV 2409.12140
cs.CV 2409.12156
cs.CV 2409.12162
cs.CV 2409.12165
cs.CV 2409.12189
cs.CV 2409.12191
cs.CV 2409.12193
cs.CV 2409.12276
cs.CV 2409.12306
cs.CV 2409.12314
cs.CV 2409.12333
cs.CV 2409.12334
cs.CV 2409.12347
cs.CV 2409.12370
cs.CV 2409.12377
cs.CV 2409.12384
cs.CV 2409.12399
cs.CV 2409.12401
cs.CV 2409.12412
cs.CV 2409.12479
cs.CV 2409.12514
cs.CV 2409.12533
cs.CV 2409.12610
cs.CV 2409.12667
cs.CV 2409.12678
cs.CV 2409.12719
cs.CV 2409.12777
cs.CV 2409.12792
cs.CV 2409.12854
cs.CV 2409.12884
cs.CV 2409.12939
cs.CV 2409.12946
cs.CV 2409.12202
cs.CV 2409.12244
cs.CV 2409.12249
cs.CV 2409.12259
cs.CV 2409.12304
cs.CV 2409.12318
cs.CV 2409.12319
cs.CV 2409.12323
cs.CV 2409.12326
cs.CV 2409.12350
cs.CV 2409.12379
cs.CV 2409.12385
cs.CV 2409.12390
cs.CV 2409.12394
cs.CV 2409.12409
cs.CV 2409.12418
cs.CV 2409.12421
cs.CV 2409.12431
cs.CV 2409.12448
cs.CV 2409.12450
cs.CV 2409.12456
cs.CV 2409.12467
cs.CV 2409.12470
cs.CV 2409.12475
cs.CV 2409.12499
cs.CV 2409.12507
cs.CV 2409.12522
cs.CV 2409.12532
cs.CV 2409.12535
cs.CV 2409.12539
cs.CV 2409.12568
cs.CV 2409.12576
cs.CV 2409.12580
cs.CV 2409.12597
cs.CV 2409.12612
cs.CV 2409.12620
cs.CV 2409.12635
cs.CV 2409.12636
cs.CV 2409.12659
cs.CV 2409.12661
cs.CV 2409.12669
cs.CV 2409.12680
cs.CV 2409.12691
cs.CV 2409.12705
cs.CV 2409.12716
cs.CV 2409.12720
cs.CV 2409.12724
cs.CV 2409.12753
cs.CV 2409.12760
cs.CV 2409.12771
cs.CV 2409.12774
cs.CV 2409.12778
cs.CV 2409.12784
cs.CV 2409.12813
cs.CV 2409.12817
cs.CV 2409.12883
cs.CV 2409.12886
cs.CV 2409.12892
cs.CV 2409.12900
cs.CV 2409.12926
cs.CV 2409.12952
cs.CV 2409.12953
cs.CV 2409.12954
cs.CV 2409.12957
cs.CV 2409.12959
cs.CV 2409.12960
cs.CV 2409.12961
cs.CV 2409.12963
cs.CL 2409.07732
cs.CL 2409.08346
cs.CL 2409.08381
cs.CL 2409.08386
cs.CL 2409.08466
cs.CL 2409.08522
cs.CL 2409.08597
cs.CL 2409.08664
cs.CL 2409.08680
cs.CL 2409.08692
cs.CL 2409.08712
cs.CL 2409.08761
cs.CL 2409.08846
cs.CL 2409.08887
cs.CL 2409.08907
cs.CL 2409.08936
cs.CL 2409.08963
cs.CL 2409.09013
cs.CL 2409.09030
cs.CL 2409.08330
cs.CL 2409.08406
cs.CL 2409.08435
cs.CL 2409.08483
cs.CL 2409.08523
cs.CL 2409.08554
cs.CL 2409.08561
cs.CL 2409.08564
cs.CL 2409.08596
cs.CL 2409.08706
cs.CL 2409.08719
cs.CL 2409.08780
cs.CL 2409.08792
cs.CL 2409.08797
cs.CL 2409.08805
cs.CL 2409.08813
cs.CL 2409.08845
cs.CL 2409.08872
cs.CL 2409.09001
cs.CL 2409.09009
cs.CL 2409.09040
cs.CL 2409.09041
cs.CL 2409.09045
cs.CL 2409.09090
cs.CL 2409.09098
cs.CL 2409.09135
cs.CL 2409.09143
cs.CL 2409.09177
cs.CL 2409.09213
cs.CL 2409.09221
cs.CL 2409.09245
cs.CL 2409.09253
cs.CL 2409.09261
cs.CL 2409.09269
cs.CL 2409.09353
cs.CL 2409.09383
cs.CL 2409.09464
cs.CL 2409.09513
cs.CL 2409.09584
cs.CL 2409.09586
cs.CL 2409.09603
cs.CL 2409.09662
cs.CL 2409.09717
cs.CL 2409.09739
cs.CL 2409.09760
cs.CL 2409.09788
cs.CL 2409.10044
cs.CL 2409.10102
cs.CL 2409.10164
cs.CL 2409.10197
cs.CL 2409.10289
cs.CL 2409.10357
cs.CL 2409.10372
cs.CL 2409.10429
cs.CL 2409.10494
cs.CL 2409.10502
cs.CL 2409.10515
cs.CL 2409.10516
cs.CL 2409.09170
cs.CL 2409.09201
cs.CL 2409.09239
cs.CL 2409.09249
cs.CL 2409.09260
cs.CL 2409.09280
cs.CL 2409.09281
cs.CL 2409.09318
cs.CL 2409.09322
cs.CL 2409.09324
cs.CL 2409.09362
cs.CL 2409.09401
cs.CL 2409.09413
cs.CL 2409.09415
cs.CL 2409.09467
cs.CL 2409.09501
cs.CL 2409.09504
cs.CL 2409.09510
cs.CL 2409.09554
cs.CL 2409.09568
cs.CL 2409.09598
cs.CL 2409.09613
cs.CL 2409.09615
cs.CL 2409.09629
cs.CL 2409.09636
cs.CL 2409.09646
cs.CL 2409.09652
cs.CL 2409.09659
cs.CL 2409.09704
cs.CL 2409.09741
cs.CL 2409.09785
cs.CL 2409.09822
cs.CL 2409.09825
cs.CL 2409.09831
cs.CL 2409.09844
cs.CL 2409.09866
cs.CL 2409.09891
cs.CL 2409.09905
cs.CL 2409.09916
cs.CL 2409.09927
cs.CL 2409.09947
cs.CL 2409.09989
cs.CL 2409.10007
cs.CL 2409.10011
cs.CL 2409.10016
cs.CL 2409.10038
cs.CL 2409.10053
cs.CL 2409.10064
cs.CL 2409.10070
cs.CL 2409.10077
cs.CL 2409.10103
cs.CL 2409.10132
cs.CL 2409.10146
cs.CL 2409.10173
cs.CL 2409.10177
cs.CL 2409.10191
cs.CL 2409.10245
cs.CL 2409.10294
cs.CL 2409.10338
cs.CL 2409.10341
cs.CL 2409.10403
cs.CL 2409.10482
cs.CL 2409.10504
cs.CL 2409.10525
cs.CL 2409.10542
cs.CL 2409.10550
cs.CL 2409.10559
cs.CL 2409.10566
cs.CL 2409.10593
cs.CL 2409.10673
cs.CL 2409.10702
cs.CL 2409.10704
cs.CL 2409.10741
cs.CL 2409.10909
cs.CL 2409.10969
cs.CL 2409.10985
cs.CL 2409.11136
cs.CL 2409.11155
cs.CL 2409.11170
cs.CL 2409.11263
cs.CL 2409.11279
cs.CL 2409.11295
cs.CL 2409.10576
cs.CL 2409.10640
cs.CL 2409.10644
cs.CL 2409.10649
cs.CL 2409.10715
cs.CL 2409.10728
cs.CL 2409.10760
cs.CL 2409.10783
cs.CL 2409.10790
cs.CL 2409.10829
cs.CL 2409.10847
cs.CL 2409.10870
cs.CL 2409.10874
cs.CL 2409.10883
cs.CL 2409.10907
cs.CL 2409.10927
cs.CL 2409.10955
cs.CL 2409.10965
cs.CL 2409.10989
cs.CL 2409.10994
cs.CL 2409.10997
cs.CL 2409.10999
cs.CL 2409.11007
cs.CL 2409.11022
cs.CL 2409.11032
cs.CL 2409.11041
cs.CL 2409.11055
cs.CL 2409.11056
cs.CL 2409.11057
cs.CL 2409.11074
cs.CL 2409.11112
cs.CL 2409.11114
cs.CL 2409.11143
cs.CL 2409.11147
cs.CL 2409.11148
cs.CL 2409.11149
cs.CL 2409.11212
cs.CL 2409.11218
cs.CL 2409.11232
cs.CL 2409.11233
cs.CL 2409.11239
cs.CL 2409.11241
cs.CL 2409.11242
cs.CL 2409.11250
cs.CL 2409.11252
cs.CL 2409.11253
cs.CL 2409.11261
cs.CL 2409.11272
cs.CL 2409.11274
cs.CL 2409.11282
cs.CL 2409.11283
cs.CL 2409.11308
cs.CL 2409.11353
cs.CL 2409.11363
cs.CL 2409.11365
cs.CL 2409.11378
cs.CL 2409.11390
cs.CL 2409.11402
cs.CL 2409.11404
cs.CL 2409.11411
cs.CL 2409.11445
cs.CL 2409.11498
cs.CL 2409.11598
cs.CL 2409.11699
cs.CL 2409.11860
cs.CL 2409.12117
cs.CL 2409.12191
cs.CL 2409.11408
cs.CL 2409.11491
cs.CL 2409.11500
cs.CL 2409.11501
cs.CL 2409.11538
cs.CL 2409.11547
cs.CL 2409.11564
cs.CL 2409.11579
cs.CL 2409.11589
cs.CL 2409.11636
cs.CL 2409.11638
cs.CL 2409.11673
cs.CL 2409.11677
cs.CL 2409.11703
cs.CL 2409.11704
cs.CL 2409.11724
cs.CL 2409.11726
cs.CL 2409.11727
cs.CL 2409.11733
cs.CL 2409.11783
cs.CL 2409.11798
cs.CL 2409.11827
cs.CL 2409.11844
cs.CL 2409.11887
cs.CL 2409.11901
cs.CL 2409.11917
cs.CL 2409.11968
cs.CL 2409.11971
cs.CL 2409.12042
cs.CL 2409.12046
cs.CL 2409.12059
cs.CL 2409.12060
cs.CL 2409.12097
cs.CL 2409.12106
cs.CL 2409.12122
cs.CL 2409.12126
cs.CL 2409.12134
cs.CL 2409.12136
cs.CL 2409.12147
cs.CL 2409.12172
cs.CL 2409.12180
cs.CL 2409.12181
cs.CL 2409.12183
cs.CL 2409.12186
cs.CL 2409.12194
cs.CL 2409.12294
cs.CL 2409.12370
cs.CL 2409.12386
cs.CL 2409.12853
cs.CL 2409.12914
cs.CL 2409.12924
cs.CL 2409.12951
cs.CL 2409.12959
cs.CL 2409.12218
cs.CL 2409.12257
cs.CL 2409.12278
cs.CL 2409.12306
cs.CL 2409.12393
cs.CL 2409.12403
cs.CL 2409.12408
cs.CL 2409.12411
cs.CL 2409.12425
cs.CL 2409.12435
cs.CL 2409.12437
cs.CL 2409.12440
cs.CL 2409.12452
cs.CL 2409.12468
cs.CL 2409.12476
cs.CL 2409.12490
cs.CL 2409.12500
cs.CL 2409.12512
cs.CL 2409.12524
cs.CL 2409.12541
cs.CL 2409.12545
cs.CL 2409.12558
cs.CL 2409.12586
cs.CL 2409.12599
cs.CL 2409.12618
cs.CL 2409.12623
cs.CL 2409.12640
cs.CL 2409.12656
cs.CL 2409.12658
cs.CL 2409.12670
cs.CL 2409.12683
cs.CL 2409.12695
cs.CL 2409.12722
cs.CL 2409.12737
cs.CL 2409.12739
cs.CL 2409.12741
cs.CL 2409.12746
cs.CL 2409.12822
cs.CL 2409.12832
cs.CL 2409.12840
cs.CL 2409.12880
cs.CL 2409.12887
cs.CL 2409.12903
cs.CL 2409.12929
cs.CL 2409.12941
cs.CL 2409.12958
cs.CL 2409.12962
cs.IR 2409.08975
cs.IR 2409.08479
cs.IR 2409.08543
cs.IR 2409.08703
cs.IR 2409.08931
cs.IR 2409.08934
cs.IR 2409.08987
cs.IR 2409.09010
cs.IR 2404.13812
cs.IR 2409.09704
cs.IR 2409.09881
cs.IR 2409.09913
cs.IR 2409.10025
cs.IR 2409.10046
cs.IR 2409.10173
cs.IR 2409.09046
cs.IR 2409.09253
cs.IR 2409.09722
cs.IR 2409.09795
cs.IR 2409.10102
cs.IR 2409.10267
cs.IR 2409.10271
cs.IR 2409.10309
cs.IR 2409.10343
cs.IR 2409.10494
cs.IR 2406.04589
cs.IR 2409.10576
cs.IR 2409.10716
cs.IR 2409.10907
cs.IR 2409.10949
cs.IR 2409.11279
cs.IR 2409.11301
cs.IR 2409.10521
cs.IR 2409.10522
cs.IR 2409.10527
cs.IR 2409.10531
cs.IR 2409.10825
cs.IR 2409.10909
cs.IR 2409.10992
cs.IR 2409.10993
cs.IR 2409.11136
cs.IR 2409.11281
cs.IR 2409.11449
cs.IR 2409.11798
cs.IR 2409.11905
cs.IR 2409.12097
cs.IR 2409.12161
cs.IR 2409.11505
cs.IR 2409.11511
cs.IR 2409.11598
cs.IR 2409.11629
cs.IR 2409.11678
cs.IR 2409.11690
cs.IR 2409.11695
cs.IR 2409.11699
cs.IR 2409.11728
cs.IR 2409.11860
cs.IR 2409.12043
cs.IR 2409.12150
cs.IR 2409.12203
cs.IR 2409.12468
cs.IR 2409.12519
cs.IR 2409.12695
cs.IR 2409.12959
cs.IR 2409.12380
cs.IR 2409.12651
cs.IR 2409.12730
cs.IR 2409.12740
cs.IR 2409.12912
cs.MA 2409.08811
cs.MA 2409.08386
cs.MA 2409.08404
cs.MA 2409.09500
cs.MA 2409.09573
cs.MA 2409.10117
cs.MA 2409.10215
cs.MA 2409.10395
cs.MA 2409.09509
cs.MA 2409.09550
cs.MA 2409.09956
cs.MA 2409.09979
cs.MA 2409.10047
cs.MA 2409.10588
cs.MA 2409.10692
cs.MA 2409.10849
cs.MA 2409.11363
cs.MA 2409.11393
cs.MA 2409.10568
cs.MA 2409.10680
cs.MA 2409.11058
cs.MA 2409.11411
cs.MA 2409.11561
cs.MA 2409.11676
cs.MA 2409.11709
cs.MA 2409.11741
cs.MA 2409.11852
cs.MA 2409.12001
cs.MA 2409.12516
cs.MA 2409.12601
cs.MA 2409.12618
cs.MA 2409.12330
cs.MA 2409.12824
cs.MA 2409.12839
cs.CC 2409.08342
cs.CC 2409.08762
cs.CC 2409.08883
cs.CC 2409.08761
cs.CC 2407.04924
cs.CC 2409.10155
cs.CC 2409.09734
cs.CC 2409.10464
cs.CC 2409.11079
cs.CC 2409.11597
cs.CC 2409.12179
cs.CC 2409.12566
cs.CC 2409.12627
cs.CC 2409.12744
cs.CR 2409.08386
cs.CR 2409.08482
cs.CR 2409.08503
cs.CR 2409.08521
cs.CR 2409.08538
cs.CR 2409.08786
cs.CR 2409.08301
cs.CR 2409.08390
cs.CR 2409.08476
cs.CR 2409.08529
cs.CR 2409.08774
cs.CR 2409.08784
cs.CR 2409.08846
cs.CR 2409.08952
cs.CR 2409.08985
cs.CR 2409.09406
cs.CR 2409.09661
cs.CR 2409.10020
cs.CR 2409.10226
cs.CR 2409.09143
cs.CR 2409.09174
cs.CR 2409.09175
cs.CR 2409.09272
cs.CR 2409.09288
cs.CR 2409.09356
cs.CR 2409.09368
cs.CR 2409.09380
cs.CR 2409.09428
cs.CR 2409.09481
cs.CR 2409.09493
cs.CR 2409.09495
cs.CR 2409.09517
cs.CR 2409.09558
cs.CR 2409.09602
cs.CR 2409.09606
cs.CR 2409.09676
cs.CR 2409.09739
cs.CR 2409.09744
cs.CR 2409.09794
cs.CR 2409.09860
cs.CR 2409.09928
cs.CR 2409.09948
cs.CR 2409.09996
cs.CR 2409.10031
cs.CR 2409.10057
cs.CR 2409.10109
cs.CR 2409.10192
cs.CR 2409.10336
cs.CR 2409.10337
cs.CR 2409.10411
cs.CR 2409.10521
cs.CR 2409.10533
cs.CR 2409.10570
cs.CR 2409.10727
cs.CR 2409.10764
cs.CR 2409.10889
cs.CR 2409.10958
cs.CR 2409.11224
cs.CR 2409.11393
cs.CR 2409.10547
cs.CR 2409.10561
cs.CR 2409.10563
cs.CR 2409.10574
cs.CR 2409.10578
cs.CR 2409.10643
cs.CR 2409.10667
cs.CR 2409.10813
cs.CR 2409.10828
cs.CR 2409.10850
cs.CR 2409.10892
cs.CR 2409.10893
cs.CR 2409.10922
cs.CR 2409.10929
cs.CR 2409.11026
cs.CR 2409.11254
cs.CR 2409.11258
cs.CR 2409.11276
cs.CR 2409.11295
cs.CR 2409.11303
cs.CR 2409.11430
cs.CR 2409.11585
cs.CR 2409.11652
cs.CR 2409.11680
cs.CR 2409.11754
cs.CR 2409.11897
cs.CR 2409.12021
cs.CR 2409.12027
cs.CR 2409.12103
cs.CR 2409.11409
cs.CR 2409.11410
cs.CR 2409.11413
cs.CR 2409.11415
cs.CR 2409.11417
cs.CR 2409.11423
cs.CR 2409.11428
cs.CR 2409.11445
cs.CR 2409.11454
cs.CR 2409.11592
cs.CR 2409.11621
cs.CR 2409.11643
cs.CR 2409.11646
cs.CR 2409.11663
cs.CR 2409.11693
cs.CR 2409.11790
cs.CR 2409.11803
cs.CR 2409.11868
cs.CR 2409.11890
cs.CR 2409.12047
cs.CR 2409.12055
cs.CR 2409.12072
cs.CR 2409.12171
cs.CR 2409.12367
cs.CR 2409.12384
cs.CR 2409.12572
cs.CR 2409.12575
cs.CR 2409.12651
cs.CR 2409.12726
cs.CR 2409.12314
cs.CR 2409.12331
cs.CR 2409.12341
cs.CR 2409.12472
cs.CR 2409.12553
cs.CR 2409.12701
cs.CR 2409.12765
cs.CR 2409.12850
cs.CR 2409.12882
cs.CR 2409.12884
cs.IT 2409.08295
cs.IT 2409.08349
cs.IT 2409.08387
cs.IT 2409.08450
cs.IT 2409.08462
cs.IT 2409.08525
cs.IT 2409.08579
cs.IT 2409.08581
cs.IT 2409.08786
cs.IT 2409.08826
cs.IT 2409.09004
cs.IT 2409.09060
cs.IT 2409.10123
cs.IT 2409.10226
cs.IT 2409.09042
cs.IT 2409.09426
cs.IT 2409.09525
cs.IT 2409.09654
cs.IT 2409.09715
cs.IT 2409.09732
cs.IT 2409.09780
cs.IT 2409.09982
cs.IT 2409.10112
cs.IT 2409.10127
cs.IT 2409.10314
cs.IT 2409.10410
cs.IT 2409.10420
cs.IT 2409.10511
cs.IT 2406.04589
cs.IT 2409.10728
cs.IT 2409.11337
cs.IT 2409.10646
cs.IT 2409.10854
cs.IT 2409.10924
cs.IT 2409.10979
cs.IT 2409.11156
cs.IT 2409.11312
cs.IT 2409.11693
cs.IT 2409.11622
cs.IT 2409.12343
cs.IT 2409.12379
cs.IT 2409.12491
cs.IT 2409.12579
cs.IT 2409.12308
cs.IT 2409.12387
cs.IT 2409.12710
cs.IT 2409.12851
cs.IT 2409.12870
cs.NI 2409.08416
cs.NI 2409.09602
cs.NI 2409.09978
cs.NI 2409.10337
cs.NI 2409.09198
cs.NI 2409.09278
cs.NI 2409.09329
cs.NI 2409.09330
cs.NI 2409.09343
cs.NI 2409.09417
cs.NI 2409.09585
cs.NI 2409.09592
cs.NI 2409.09713
cs.NI 2409.09719
cs.NI 2409.09846
cs.NI 2409.10020
cs.NI 2409.10042
cs.NI 2409.10207
cs.NI 2409.10512
cs.NI 2409.10813
cs.NI 2409.10708
cs.NI 2409.10839
cs.NI 2409.11200
cs.NI 2409.11334
cs.NI 2409.11362
cs.NI 2409.11621
cs.NI 2409.11412
cs.NI 2409.11432
cs.NI 2409.11436
cs.NI 2409.11799
cs.NI 2409.12027
cs.NI 2409.12891
cs.NI 2409.12930
cs.NI 2409.12504
cs.NI 2409.12572
cs.NI 2409.12726
cs.CE 2409.08281
cs.CE 2409.08282
cs.CE 2409.08285
cs.CE 2409.09057
cs.CE 2409.09755
cs.CE 2409.10031
cs.CE 2409.10111
cs.CE 2409.10126
cs.CE 2409.09141
cs.CE 2409.09247
cs.CE 2409.10572
cs.CE 2409.10895
cs.CE 2409.10949
cs.CE 2409.10774
cs.CE 2409.10911
cs.CE 2409.11006
cs.CE 2409.11899
cs.CE 2409.11474
cs.CE 2409.12481
cs.CE 2409.12785
cs.CE 2409.12925
cs.PF 2409.07950
cs.PF 2409.08115
cs.PF 2409.08075
cs.PF 2409.08108
cs.PF 2409.08369
cs.PF 2409.08595
cs.PF 2409.09086
cs.PF 2409.09846
cs.PF 2409.09874
cs.PF 2409.11129
cs.PF 2409.11155
cs.PF 2409.11392
cs.PF 2409.11416
cs.PF 2409.11617
cs.LO 2409.08119
cs.LO 2409.07741
cs.LO 2409.07996
cs.LO 2409.08607
cs.LO 2409.08762
cs.LO 2407.04924
cs.LO 2409.09485
cs.LO 2409.10237
cs.LO 2409.09069
cs.LO 2409.09171
cs.LO 2409.10170
cs.LO 2409.11044
cs.LO 2409.12029
cs.LO 2409.11566
cs.LO 2409.11572
cs.LO 2409.11587
cs.LO 2409.11946
cs.LO 2409.11999
cs.NA 2409.08756
cs.NA 2409.09012
cs.NA 2409.08335
cs.NA 2409.08362
cs.NA 2409.08401
cs.NA 2409.08480
cs.NA 2409.08505
cs.NA 2409.08526
cs.NA 2409.08531
cs.NA 2409.08533
cs.NA 2409.08734
cs.NA 2409.08743
cs.NA 2409.08746
cs.NA 2409.08793
cs.NA 2409.08799
cs.NA 2409.08862
cs.NA 2409.08898
cs.NA 2409.08909
cs.NA 2409.08941
cs.NA 2409.09207
cs.NA 2409.09245
cs.NA 2409.09313
cs.NA 2409.09755
cs.NA 2409.09800
cs.NA 2409.09811
cs.NA 2409.09906
cs.NA 2409.09911
cs.NA 2409.09931
cs.NA 2409.09932
cs.NA 2409.10100
cs.NA 2409.10257
cs.NA 2409.10432
cs.NA 2409.09043
cs.NA 2409.09102
cs.NA 2409.09104
cs.NA 2409.09137
cs.NA 2409.09187
cs.NA 2409.09217
cs.NA 2409.09270
cs.NA 2409.09434
cs.NA 2409.09442
cs.NA 2409.09471
cs.NA 2409.09600
cs.NA 2409.09620
cs.NA 2409.09632
cs.NA 2409.09810
cs.NA 2409.09821
cs.NA 2409.09837
cs.NA 2409.09933
cs.NA 2409.10118
cs.NA 2409.10126
cs.NA 2409.10284
cs.NA 2409.10292
cs.NA 2409.10326
cs.NA 2409.10399
cs.NA 2409.10465
cs.NA 2409.10777
cs.NA 2409.10724
cs.NA 2409.10736
cs.NA 2409.10808
cs.NA 2409.10861
cs.NA 2409.10871
cs.NA 2409.10872
cs.NA 2409.10875
cs.NA 2409.11004
cs.NA 2409.11098
cs.NA 2409.11139
cs.NA 2409.11255
cs.NA 2409.11366
cs.NA 2409.11382
cs.NA 2409.11519
cs.NA 2409.11958
cs.NA 2409.11515
cs.NA 2409.11639
cs.NA 2409.11735
cs.NA 2409.11769
cs.NA 2409.11774
cs.NA 2409.11990
cs.NA 2409.11998
cs.NA 2409.12023
cs.NA 2409.12243
cs.NA 2409.12293
cs.NA 2409.12298
cs.NA 2409.12335
cs.NA 2409.12483
cs.NA 2409.12550
cs.NA 2409.12844
cs.NA 2409.12296
cs.NA 2409.12381
cs.NA 2409.12400
cs.NA 2409.12422
cs.NA 2409.12606
cs.NA 2409.12762
cs.NA 2409.12879
cs.NA 2409.12935
cs.PL 2409.07950
cs.PL 2409.09054
cs.PL 2409.09271
cs.PL 2409.09934
cs.PL 2409.10231
cs.PL 2409.09062
cs.PL 2409.11015
cs.PL 2409.11106
cs.PL 2409.11133
cs.PL 2409.11157
cs.PL 2409.11600
cs.PL 2409.11530
cs.PL 2409.12013
cs.PL 2409.12269
cs.SE 2409.08379
cs.SE 2409.08512
cs.SE 2409.08555
cs.SE 2409.08692
cs.SE 2409.08708
cs.SE 2409.09030
cs.SE 2409.09108
cs.SE 2409.09288
cs.SE 2409.09356
cs.SE 2409.09368
cs.SE 2409.10411
cs.SE 2409.09054
cs.SE 2409.09130
cs.SE 2409.09223
cs.SE 2409.09261
cs.SE 2409.09271
cs.SE 2409.09353
cs.SE 2409.09464
cs.SE 2409.09584
cs.SE 2409.09617
cs.SE 2409.09661
cs.SE 2409.09923
cs.SE 2409.10033
cs.SE 2409.10062
cs.SE 2409.10066
cs.SE 2409.10252
cs.SE 2409.10280
cs.SE 2409.10472
cs.SE 2409.10490
cs.SE 2409.10506
cs.SE 2409.10562
cs.SE 2409.10897
cs.SE 2409.10986
cs.SE 2409.11068
cs.SE 2409.10665
cs.SE 2409.10690
cs.SE 2409.10737
cs.SE 2409.10741
cs.SE 2409.10756
cs.SE 2409.10781
cs.SE 2409.10811
cs.SE 2409.10959
cs.SE 2409.11190
cs.SE 2409.11313
cs.SE 2409.11393
cs.SE 2409.11414
cs.SE 2409.11803
cs.SE 2409.11667
cs.SE 2409.11685
cs.SE 2409.11778
cs.SE 2409.11781
cs.SE 2409.11826
cs.SE 2409.11864
cs.SE 2409.12012
cs.SE 2409.12020
cs.SE 2409.12701
cs.SE 2409.12714
cs.SE 2409.12878
cs.SE 2409.12196
cs.SE 2409.12269
cs.SE 2409.12299
cs.SE 2409.12369
cs.SE 2409.12405
cs.SE 2409.12447
cs.SE 2409.12519
cs.SE 2409.12544
cs.SE 2409.12676
cs.SE 2409.12682
cs.SE 2409.12699
cs.SE 2409.12866
cs.SE 2409.12894
cs.OS 2409.03488
cs.OS 2409.04484
cs.OS 2409.07508
cs.OS 2409.08141
cs.OS 2409.09606
cs.OS 2409.10946
cs.OS 2409.11220
cs.OS 2409.11271
cs.SD 2409.08309
cs.SD 2409.08346
cs.SD 2409.08374
cs.SD 2409.08425
cs.SD 2409.08489
cs.SD 2409.08552
cs.SD 2409.08587
cs.SD 2409.08596
cs.SD 2409.08605
cs.SD 2409.08610
cs.SD 2409.08710
cs.SD 2409.08797
cs.SD 2409.08805
cs.SD 2409.08872
cs.SD 2409.08981
cs.SD 2409.08514
cs.SD 2409.08583
cs.SD 2409.08589
cs.SD 2409.08597
cs.SD 2409.08601
cs.SD 2409.08618
cs.SD 2409.08628
cs.SD 2409.08655
cs.SD 2409.08664
cs.SD 2409.08673
cs.SD 2409.08731
cs.SD 2409.08763
cs.SD 2409.08997
cs.SD 2409.09026
cs.SD 2409.09067
cs.SD 2409.09162
cs.SD 2409.09190
cs.SD 2409.09213
cs.SD 2409.09221
cs.SD 2409.09272
cs.SD 2409.09311
cs.SD 2409.09332
cs.SD 2409.09337
cs.SD 2409.09351
cs.SD 2409.09381
cs.SD 2409.09389
cs.SD 2409.09396
cs.SD 2409.09398
cs.SD 2409.09408
cs.SD 2409.09543
cs.SD 2409.09546
cs.SD 2409.09554
cs.SD 2409.09611
cs.SD 2409.09621
cs.SD 2409.09642
cs.SD 2409.09733
cs.SD 2409.09785
cs.SD 2409.09866
cs.SD 2409.09891
cs.SD 2409.09914
cs.SD 2409.09988
cs.SD 2409.10056
cs.SD 2409.10058
cs.SD 2409.10103
cs.SD 2409.10131
cs.SD 2409.10157
cs.SD 2409.10210
cs.SD 2409.10230
cs.SD 2409.10240
cs.SD 2409.10281
cs.SD 2409.10357
cs.SD 2409.10358
cs.SD 2409.10376
cs.SD 2409.10429
cs.SD 2409.10515
cs.SD 2409.09098
cs.SD 2409.09214
cs.SD 2409.09256
cs.SD 2409.09284
cs.SD 2409.09289
cs.SD 2409.09294
cs.SD 2409.09305
cs.SD 2409.09340
cs.SD 2409.09352
cs.SD 2409.09357
cs.SD 2409.09378
cs.SD 2409.09506
cs.SD 2409.09511
cs.SD 2409.09545
cs.SD 2409.09589
cs.SD 2409.09601
cs.SD 2409.09619
cs.SD 2409.09647
cs.SD 2409.09823
cs.SD 2409.10025
cs.SD 2409.10048
cs.SD 2409.10072
cs.SD 2409.10076
cs.SD 2409.10496
cs.SD 2409.10534
cs.SD 2409.10535
cs.SD 2409.10677
cs.SD 2409.10684
cs.SD 2409.10687
cs.SD 2409.10704
cs.SD 2409.10753
cs.SD 2409.10762
cs.SD 2409.10787
cs.SD 2409.10788
cs.SD 2409.10791
cs.SD 2409.10819
cs.SD 2409.10848
cs.SD 2409.10870
cs.SD 2409.10969
cs.SD 2409.10985
cs.SD 2409.10995
cs.SD 2409.10999
cs.SD 2409.11027
cs.SD 2409.11107
cs.SD 2409.11214
cs.SD 2409.11241
cs.SD 2409.11252
cs.SD 2409.10831
cs.SD 2409.10858
cs.SD 2409.11003
cs.SD 2409.11145
cs.SD 2409.11228
cs.SD 2409.11262
cs.SD 2409.11264
cs.SD 2409.11369
cs.SD 2409.11449
cs.SD 2409.11494
cs.SD 2409.11560
cs.SD 2409.11725
cs.SD 2409.11729
cs.SD 2409.11731
cs.SD 2409.11804
cs.SD 2409.12042
cs.SD 2409.12112
cs.SD 2409.12117
cs.SD 2409.11439
cs.SD 2409.11498
cs.SD 2409.11630
cs.SD 2409.11742
cs.SD 2409.11746
cs.SD 2409.11753
cs.SD 2409.11760
cs.SD 2409.11835
cs.SD 2409.11889
cs.SD 2409.11909
cs.SD 2409.11964
cs.SD 2409.12121
cs.SD 2409.12139
cs.SD 2409.12170
cs.SD 2409.12176
cs.SD 2409.12306
cs.SD 2409.12319
cs.SD 2409.12352
cs.SD 2409.12370
cs.SD 2409.12388
cs.SD 2409.12413
cs.SD 2409.12415
cs.SD 2409.12416
cs.SD 2409.12476
cs.SD 2409.12520
cs.SD 2409.12553
cs.SD 2409.12560
cs.SD 2409.12717
cs.SD 2409.12924
cs.SD 2409.12962
cs.SD 2409.12346
cs.SD 2409.12386
cs.SD 2409.12444
cs.SD 2409.12466
cs.SD 2409.12477
cs.SD 2409.12528
cs.SD 2409.12549
cs.SD 2409.12634
cs.SD 2409.12638
cs.SD 2409.12745
stat.AP 2409.08304
stat.AP 2409.08395
stat.AP 2409.08396
stat.AP 2409.08765
stat.AP 2409.08779
stat.AP 2409.08823
stat.AP 2409.08965
stat.AP 2409.08809
stat.AP 2409.08908
stat.AP 2409.09045
stat.AP 2409.09056
stat.AP 2409.09227
stat.AP 2409.09955
stat.AP 2409.10176
stat.AP 2409.10409
stat.AP 2409.10421
stat.AP 2409.09470
stat.AP 2409.09516
stat.AP 2409.09607
stat.AP 2409.10017
stat.AP 2409.10374
stat.AP 2409.10475
stat.AP 2311.03851
stat.AP 2409.10835
stat.AP 2409.11008
stat.AP 2409.11080
stat.AP 2409.11265
stat.AP 2409.10882
stat.AP 2409.11269
stat.AP 2409.11341
stat.AP 2409.11701
stat.AP 2409.12124
stat.AP 2409.11462
stat.AP 2409.11658
stat.AP 2409.11912
stat.AP 2409.12107
stat.AP 2409.12129
stat.AP 2409.12203
stat.AP 2409.12578
stat.AP 2409.12856
stat.AP 2409.12358
stat.AP 2409.12896
cs.LG 2408.17253
cs.LG 2409.08281
cs.LG 2409.08282
cs.LG 2409.08283
cs.LG 2409.08290
cs.LG 2409.08295
cs.LG 2409.08297
cs.LG 2409.08301
cs.LG 2409.08302
cs.LG 2409.08303
cs.LG 2409.08305
cs.LG 2409.08309
cs.LG 2409.08311
cs.LG 2409.08345
cs.LG 2409.08356
cs.LG 2409.08376
cs.LG 2409.08381
cs.LG 2409.08382
cs.LG 2409.08384
cs.LG 2409.08395
cs.LG 2409.08396
cs.LG 2409.08422
cs.LG 2409.08426
cs.LG 2409.08439
cs.LG 2409.08466
cs.LG 2409.08469
cs.LG 2409.08518
cs.LG 2409.08521
cs.LG 2409.08522
cs.LG 2409.08551
cs.LG 2409.08581
cs.LG 2409.08584
cs.LG 2409.08595
cs.LG 2409.08621
cs.LG 2409.08642
cs.LG 2409.08655
cs.LG 2409.08664
cs.LG 2409.08673
cs.LG 2409.08687
cs.LG 2409.08695
cs.LG 2409.08706
cs.LG 2409.08728
cs.LG 2409.08744
cs.LG 2409.08763
cs.LG 2409.08768
cs.LG 2409.08786
cs.LG 2409.08839
cs.LG 2409.08846
cs.LG 2409.08847
cs.LG 2409.08849
cs.LG 2409.08884
cs.LG 2409.08904
cs.LG 2409.08913
cs.LG 2409.08925
cs.LG 2409.08938
cs.LG 2409.08954
cs.LG 2409.08980
cs.LG 2409.08985
cs.LG 2409.08997
cs.LG 2409.09003
cs.LG 2409.09011
cs.LG 2409.09018
cs.LG 2409.09032
cs.LG 2409.08308
cs.LG 2409.08372
cs.LG 2409.08389
cs.LG 2409.08400
cs.LG 2409.08409
cs.LG 2409.08419
cs.LG 2409.08434
cs.LG 2409.08474
cs.LG 2409.08477
cs.LG 2409.08482
cs.LG 2409.08487
cs.LG 2409.08503
cs.LG 2409.08530
cs.LG 2409.08538
cs.LG 2409.08544
cs.LG 2409.08558
cs.LG 2409.08563
cs.LG 2409.08570
cs.LG 2409.08580
cs.LG 2409.08609
cs.LG 2409.08633
cs.LG 2409.08636
cs.LG 2409.08640
cs.LG 2409.08647
cs.LG 2409.08658
cs.LG 2409.08660
cs.LG 2409.08666
cs.LG 2409.08676
cs.LG 2409.08700
cs.LG 2409.08712
cs.LG 2409.08724
cs.LG 2409.08732
cs.LG 2409.08733
cs.LG 2409.08741
cs.LG 2409.08752
cs.LG 2409.08754
cs.LG 2409.08760
cs.LG 2409.08766
cs.LG 2409.08770
cs.LG 2409.08771
cs.LG 2409.08788
cs.LG 2409.08806
cs.LG 2409.08823
cs.LG 2409.08832
cs.LG 2409.08861
cs.LG 2409.08864
cs.LG 2409.08867
cs.LG 2409.08917
cs.LG 2409.08919
cs.LG 2409.08935
cs.LG 2409.08946
cs.LG 2409.08958
cs.LG 2409.09007
cs.LG 2409.09021
cs.LG 1810.12813
cs.LG 1902.00615
cs.LG 2211.15522
cs.LG 2404.13565
cs.LG 2404.13812
cs.LG 2404.13880
cs.LG 2408.04268
cs.LG 2409.08616
cs.LG 2409.09044
cs.LG 2409.09046
cs.LG 2409.09047
cs.LG 2409.09058
cs.LG 2409.09067
cs.LG 2409.09072
cs.LG 2409.09074
cs.LG 2409.09078
cs.LG 2409.09079
cs.LG 2409.09083
cs.LG 2409.09087
cs.LG 2409.09125
cs.LG 2409.09130
cs.LG 2409.09135
cs.LG 2409.09138
cs.LG 2409.09177
cs.LG 2409.09192
cs.LG 2409.09196
cs.LG 2409.09212
cs.LG 2409.09217
cs.LG 2409.09253
cs.LG 2409.09261
cs.LG 2409.09269
cs.LG 2409.09273
cs.LG 2409.09274
cs.LG 2409.09281
cs.LG 2409.09305
cs.LG 2409.09342
cs.LG 2409.09353
cs.LG 2409.09371
cs.LG 2409.09392
cs.LG 2409.09406
cs.LG 2409.09415
cs.LG 2409.09441
cs.LG 2409.09451
cs.LG 2409.09469
cs.LG 2409.09473
cs.LG 2409.09480
cs.LG 2409.09484
cs.LG 2409.09487
cs.LG 2409.09541
cs.LG 2409.09542
cs.LG 2409.09545
cs.LG 2409.09558
cs.LG 2409.09560
cs.LG 2409.09563
cs.LG 2409.09583
cs.LG 2409.09603
cs.LG 2409.09611
cs.LG 2409.09635
cs.LG 2409.09642
cs.LG 2409.09650
cs.LG 2409.09691
cs.LG 2409.09704
cs.LG 2409.09708
cs.LG 2409.09722
cs.LG 2409.09781
cs.LG 2409.09785
cs.LG 2409.09794
cs.LG 2409.09831
cs.LG 2409.09844
cs.LG 2409.09866
cs.LG 2409.09896
cs.LG 2409.09903
cs.LG 2409.09906
cs.LG 2409.09978
cs.LG 2409.09996
cs.LG 2409.10023
cs.LG 2409.10038
cs.LG 2409.10094
cs.LG 2409.10104
cs.LG 2409.10156
cs.LG 2409.10160
cs.LG 2409.10161
cs.LG 2409.10171
cs.LG 2409.10204
cs.LG 2409.10259
cs.LG 2409.10267
cs.LG 2409.10269
cs.LG 2409.10286
cs.LG 2409.10289
cs.LG 2409.10320
cs.LG 2409.10323
cs.LG 2409.10331
cs.LG 2409.10339
cs.LG 2409.10357
cs.LG 2409.10371
cs.LG 2409.10392
cs.LG 2409.10470
cs.LG 2409.10496
cs.LG 2409.09039
cs.LG 2409.09056
cs.LG 2409.09085
cs.LG 2409.09086
cs.LG 2409.09088
cs.LG 2409.09095
cs.LG 2409.09099
cs.LG 2409.09106
cs.LG 2409.09108
cs.LG 2409.09111
cs.LG 2409.09169
cs.LG 2409.09183
cs.LG 2409.09191
cs.LG 2409.09194
cs.LG 2409.09199
cs.LG 2409.09207
cs.LG 2409.09240
cs.LG 2409.09242
cs.LG 2409.09245
cs.LG 2409.09251
cs.LG 2409.09258
cs.LG 2409.09262
cs.LG 2409.09263
cs.LG 2409.09282
cs.LG 2409.09298
cs.LG 2409.09304
cs.LG 2409.09347
cs.LG 2409.09359
cs.LG 2409.09361
cs.LG 2409.09376
cs.LG 2409.09383
cs.LG 2409.09414
cs.LG 2409.09418
cs.LG 2409.09461
cs.LG 2409.09475
cs.LG 2409.09513
cs.LG 2409.09532
cs.LG 2409.09537
cs.LG 2409.09549
cs.LG 2409.09555
cs.LG 2409.09569
cs.LG 2409.09591
cs.LG 2409.09614
cs.LG 2409.09626
cs.LG 2409.09645
cs.LG 2409.09653
cs.LG 2409.09674
cs.LG 2409.09677
cs.LG 2409.09687
cs.LG 2409.09692
cs.LG 2409.09702
cs.LG 2409.09721
cs.LG 2409.09727
cs.LG 2409.09742
cs.LG 2409.09745
cs.LG 2409.09755
cs.LG 2409.09770
cs.LG 2409.09778
cs.LG 2409.09783
cs.LG 2409.09787
cs.LG 2409.09792
cs.LG 2409.09811
cs.LG 2409.09819
cs.LG 2409.09828
cs.LG 2409.09858
cs.LG 2409.09875
cs.LG 2409.09881
cs.LG 2409.09887
cs.LG 2409.09888
cs.LG 2409.09892
cs.LG 2409.09894
cs.LG 2409.09920
cs.LG 2409.09930
cs.LG 2409.09931
cs.LG 2409.09944
cs.LG 2409.09945
cs.LG 2409.09951
cs.LG 2409.09957
cs.LG 2409.09958
cs.LG 2409.09980
cs.LG 2409.09984
cs.LG 2409.09990
cs.LG 2409.10044
cs.LG 2409.10045
cs.LG 2409.10046
cs.LG 2409.10068
cs.LG 2409.10069
cs.LG 2409.10075
cs.LG 2409.10085
cs.LG 2409.10096
cs.LG 2409.10111
cs.LG 2409.10142
cs.LG 2409.10164
cs.LG 2409.10176
cs.LG 2409.10188
cs.LG 2409.10203
cs.LG 2409.10218
cs.LG 2409.10242
cs.LG 2409.10263
cs.LG 2409.10304
cs.LG 2409.10340
cs.LG 2409.10370
cs.LG 2409.10388
cs.LG 2409.10432
cs.LG 2409.10452
cs.LG 2409.10463
cs.LG 2409.10489
cs.LG 2409.10499
cs.LG 2409.10502
cs.LG 2409.10516
cs.LG 2311.10944
cs.LG 2409.10521
cs.LG 2409.10522
cs.LG 2409.10532
cs.LG 2409.10538
cs.LG 2409.10547
cs.LG 2409.10563
cs.LG 2409.10572
cs.LG 2409.10574
cs.LG 2409.10576
cs.LG 2409.10578
cs.LG 2409.10579
cs.LG 2409.10582
cs.LG 2409.10584
cs.LG 2409.10640
cs.LG 2409.10643
cs.LG 2409.10653
cs.LG 2409.10696
cs.LG 2409.10702
cs.LG 2409.10716
cs.LG 2409.10733
cs.LG 2409.10775
cs.LG 2409.10794
cs.LG 2409.10821
cs.LG 2409.10825
cs.LG 2409.10831
cs.LG 2409.10847
cs.LG 2409.10848
cs.LG 2409.10870
cs.LG 2409.10908
cs.LG 2409.10918
cs.LG 2409.10964
cs.LG 2409.10965
cs.LG 2409.10972
cs.LG 2409.10995
cs.LG 2409.11026
cs.LG 2409.11058
cs.LG 2409.11059
cs.LG 2409.11090
cs.LG 2409.11091
cs.LG 2409.11122
cs.LG 2409.11123
cs.LG 2409.11136
cs.LG 2409.11140
cs.LG 2409.11141
cs.LG 2409.11144
cs.LG 2409.11145
cs.LG 2409.11155
cs.LG 2409.11186
cs.LG 2409.11200
cs.LG 2409.11219
cs.LG 2409.11228
cs.LG 2409.11238
cs.LG 2409.11241
cs.LG 2409.11254
cs.LG 2409.11264
cs.LG 2409.11267
cs.LG 2409.11272
cs.LG 2409.11282
cs.LG 2409.11295
cs.LG 2409.11323
cs.LG 2409.11327
cs.LG 2409.11350
cs.LG 2409.11369
cs.LG 2409.11383
cs.LG 2409.11390
cs.LG 2409.11402
cs.LG 2409.10559
cs.LG 2409.10566
cs.LG 2409.10570
cs.LG 2409.10571
cs.LG 2409.10580
cs.LG 2409.10583
cs.LG 2409.10585
cs.LG 2409.10589
cs.LG 2409.10593
cs.LG 2409.10594
cs.LG 2409.10673
cs.LG 2409.10676
cs.LG 2409.10677
cs.LG 2409.10693
cs.LG 2409.10720
cs.LG 2409.10764
cs.LG 2409.10772
cs.LG 2409.10777
cs.LG 2409.10803
cs.LG 2409.10838
cs.LG 2409.10840
cs.LG 2409.10863
cs.LG 2409.10897
cs.LG 2409.10898
cs.LG 2409.10910
cs.LG 2409.10932
cs.LG 2409.10942
cs.LG 2409.10944
cs.LG 2409.10951
cs.LG 2409.10967
cs.LG 2409.10996
cs.LG 2409.11008
cs.LG 2409.11024
cs.LG 2409.11052
cs.LG 2409.11064
cs.LG 2409.11068
cs.LG 2409.11071
cs.LG 2409.11078
cs.LG 2409.11100
cs.LG 2409.11129
cs.LG 2409.11138
cs.LG 2409.11184
cs.LG 2409.11236
cs.LG 2409.11240
cs.LG 2409.11270
cs.LG 2409.11302
cs.LG 2409.11321
cs.LG 2409.11376
cs.LG 2409.11377
cs.LG 2409.11389
cs.LG 2004.11678
cs.LG 2011.14759
cs.LG 2409.11409
cs.LG 2409.11411
cs.LG 2409.11412
cs.LG 2409.11423
cs.LG 2409.11426
cs.LG 2409.11430
cs.LG 2409.11438
cs.LG 2409.11439
cs.LG 2409.11441
cs.LG 2409.11444
cs.LG 2409.11445
cs.LG 2409.11452
cs.LG 2409.11454
cs.LG 2409.11456
cs.LG 2409.11489
cs.LG 2409.11516
cs.LG 2409.11542
cs.LG 2409.11560
cs.LG 2409.11564
cs.LG 2409.11576
cs.LG 2409.11596
cs.LG 2409.11597
cs.LG 2409.11601
cs.LG 2409.11624
cs.LG 2409.11642
cs.LG 2409.11646
cs.LG 2409.11654
cs.LG 2409.11676
cs.LG 2409.11678
cs.LG 2409.11686
cs.LG 2409.11704
cs.LG 2409.11713
cs.LG 2409.11772
cs.LG 2409.11798
cs.LG 2409.11808
cs.LG 2409.11820
cs.LG 2409.11831
cs.LG 2409.11897
cs.LG 2409.11920
cs.LG 2409.11935
cs.LG 2409.11964
cs.LG 2409.11968
cs.LG 2409.11972
cs.LG 2409.12000
cs.LG 2409.12015
cs.LG 2409.12020
cs.LG 2409.12026
cs.LG 2409.12043
cs.LG 2409.12057
cs.LG 2409.12059
cs.LG 2409.12067
cs.LG 2409.12078
cs.LG 2409.12097
cs.LG 2409.12122
cs.LG 2409.12136
cs.LG 2409.12150
cs.LG 2409.12170
cs.LG 2409.12180
cs.LG 2409.12181
cs.LG 2409.12183
cs.LG 2409.12189
cs.LG 2409.12192
cs.LG 2409.11442
cs.LG 2409.11446
cs.LG 2409.11449
cs.LG 2409.11502
cs.LG 2409.11504
cs.LG 2409.11506
cs.LG 2409.11509
cs.LG 2409.11521
cs.LG 2409.11524
cs.LG 2409.11529
cs.LG 2409.11535
cs.LG 2409.11554
cs.LG 2409.11585
cs.LG 2409.11593
cs.LG 2409.11600
cs.LG 2409.11609
cs.LG 2409.11618
cs.LG 2409.11640
cs.LG 2409.11650
cs.LG 2409.11653
cs.LG 2409.11657
cs.LG 2409.11684
cs.LG 2409.11697
cs.LG 2409.11741
cs.LG 2409.11754
cs.LG 2409.11761
cs.LG 2409.11807
cs.LG 2409.11843
cs.LG 2409.11847
cs.LG 2409.11856
cs.LG 2409.11859
cs.LG 2409.11862
cs.LG 2409.11884
cs.LG 2409.11899
cs.LG 2409.11902
cs.LG 2409.11929
cs.LG 2409.11933
cs.LG 2409.11985
cs.LG 2409.11995
cs.LG 2409.12001
cs.LG 2409.12033
cs.LG 2409.12038
cs.LG 2409.12045
cs.LG 2409.12053
cs.LG 2409.12076
cs.LG 2409.12087
cs.LG 2409.12089
cs.LG 2409.12100
cs.LG 2409.12105
cs.LG 2409.12112
cs.LG 2409.12116
cs.LG 2409.12135
cs.LG 2409.12169
cs.LG 2409.12175
cs.LG 2409.12184
cs.LG 1903.00289
cs.LG 1905.13555
cs.LG 2001.05858
cs.LG 2004.01536
cs.LG 2004.14716
cs.LG 2409.12195
cs.LG 2409.12203
cs.LG 2409.12215
cs.LG 2409.12218
cs.LG 2409.12222
cs.LG 2409.12244
cs.LG 2409.12276
cs.LG 2409.12294
cs.LG 2409.12296
cs.LG 2409.12301
cs.LG 2409.12314
cs.LG 2409.12333
cs.LG 2409.12334
cs.LG 2409.12347
cs.LG 2409.12385
cs.LG 2409.12387
cs.LG 2409.12400
cs.LG 2409.12409
cs.LG 2409.12425
cs.LG 2409.12437
cs.LG 2409.12462
cs.LG 2409.12467
cs.LG 2409.12468
cs.LG 2409.12477
cs.LG 2409.12490
cs.LG 2409.12587
cs.LG 2409.12589
cs.LG 2409.12618
cs.LG 2409.12622
cs.LG 2409.12634
cs.LG 2409.12636
cs.LG 2409.12640
cs.LG 2409.12699
cs.LG 2409.12705
cs.LG 2409.12707
cs.LG 2409.12711
cs.LG 2409.12728
cs.LG 2409.12745
cs.LG 2409.12785
cs.LG 2409.12792
cs.LG 2409.12799
cs.LG 2409.12805
cs.LG 2409.12820
cs.LG 2409.12846
cs.LG 2409.12854
cs.LG 2409.12880
cs.LG 2409.12882
cs.LG 2409.12902
cs.LG 2409.12903
cs.LG 2409.12916
cs.LG 2409.12924
cs.LG 2409.12952
cs.LG 2409.12958
cs.LG 2409.12963
cs.LG 2409.12197
cs.LG 2409.12210
cs.LG 2409.12213
cs.LG 2409.12217
cs.LG 2409.12255
cs.LG 2409.12263
cs.LG 2409.12264
cs.LG 2409.12272
cs.LG 2409.12289
cs.LG 2409.12293
cs.LG 2409.12295
cs.LG 2409.12328
cs.LG 2409.12335
cs.LG 2409.12367
cs.LG 2409.12371
cs.LG 2409.12376
cs.LG 2409.12384
cs.LG 2409.12391
cs.LG 2409.12412
cs.LG 2409.12427
cs.LG 2409.12428
cs.LG 2409.12446
cs.LG 2409.12454
cs.LG 2409.12479
cs.LG 2409.12493
cs.LG 2409.12517
cs.LG 2409.12575
cs.LG 2409.12590
cs.LG 2409.12610
cs.LG 2409.12626
cs.LG 2409.12632
cs.LG 2409.12642
cs.LG 2409.12677
cs.LG 2409.12709
cs.LG 2409.12769
cs.LG 2409.12788
cs.LG 2409.12797
cs.LG 2409.12798
cs.LG 2409.12816
cs.LG 2409.12849
cs.LG 2409.12878
cs.LG 2409.12913
cs.LG 2409.12914
cs.LG 2409.12915
cs.LG 2409.12917
cs.LG 2409.12946
cs.LG 2409.12947
cs.LG 2409.12951
cs.RO 2409.08472
cs.RO 2409.08507
cs.RO 2409.08577
cs.RO 2409.08688
cs.RO 2409.08695
cs.RO 2409.08825
cs.RO 2409.08853
cs.RO 2409.08337
cs.RO 2409.08371
cs.RO 2409.08410
cs.RO 2409.08414
cs.RO 2409.08420
cs.RO 2409.08439
cs.RO 2409.08488
cs.RO 2409.08493
cs.RO 2409.08511
cs.RO 2409.08527
cs.RO 2409.08621
cs.RO 2409.08648
cs.RO 2409.08665
cs.RO 2409.08677
cs.RO 2409.08678
cs.RO 2409.08681
cs.RO 2409.08687
cs.RO 2409.08704
cs.RO 2409.08750
cs.RO 2409.08767
cs.RO 2409.08859
cs.RO 2409.08889
cs.RO 2409.08904
cs.RO 2409.08926
cs.RO 2409.08938
cs.RO 2409.08964
cs.RO 2409.09016
cs.RO 2409.09059
cs.RO 2409.09312
cs.RO 2409.09500
cs.RO 2409.09550
cs.RO 2409.09754
cs.RO 2409.09769
cs.RO 2409.09777
cs.RO 2409.09790
cs.RO 2409.09820
cs.RO 2409.09882
cs.RO 2409.09915
cs.RO 2409.09990
cs.RO 2409.10063
cs.RO 2409.10071
cs.RO 2409.10215
cs.RO 2409.09140
cs.RO 2409.09164
cs.RO 2409.09203
cs.RO 2409.09224
cs.RO 2409.09266
cs.RO 2409.09276
cs.RO 2409.09287
cs.RO 2409.09295
cs.RO 2409.09354
cs.RO 2409.09410
cs.RO 2409.09429
cs.RO 2409.09435
cs.RO 2409.09441
cs.RO 2409.09473
cs.RO 2409.09479
cs.RO 2409.09491
cs.RO 2409.09523
cs.RO 2409.09536
cs.RO 2409.09557
cs.RO 2409.09572
cs.RO 2409.09573
cs.RO 2409.09575
cs.RO 2409.09633
cs.RO 2409.09682
cs.RO 2409.09725
cs.RO 2409.09726
cs.RO 2409.09763
cs.RO 2409.09816
cs.RO 2409.09827
cs.RO 2409.09829
cs.RO 2409.09845
cs.RO 2409.09848
cs.RO 2409.09849
cs.RO 2409.09850
cs.RO 2409.09852
cs.RO 2409.09868
cs.RO 2409.09869
cs.RO 2409.09870
cs.RO 2409.09871
cs.RO 2409.09883
cs.RO 2409.09895
cs.RO 2409.09899
cs.RO 2409.09904
cs.RO 2409.09918
cs.RO 2409.09921
cs.RO 2409.09939
cs.RO 2409.09940
cs.RO 2409.09941
cs.RO 2409.09967
cs.RO 2409.09970
cs.RO 2409.09971
cs.RO 2409.09972
cs.RO 2409.09975
cs.RO 2409.09997
cs.RO 2409.10000
cs.RO 2409.10009
cs.RO 2409.10015
cs.RO 2409.10019
cs.RO 2409.10024
cs.RO 2409.10027
cs.RO 2409.10032
cs.RO 2409.10049
cs.RO 2409.10078
cs.RO 2409.10106
cs.RO 2409.10117
cs.RO 2409.10135
cs.RO 2409.10143
cs.RO 2409.10161
cs.RO 2409.10165
cs.RO 2409.10172
cs.RO 2409.10193
cs.RO 2409.10194
cs.RO 2409.10196
cs.RO 2409.10202
cs.RO 2409.10204
cs.RO 2409.10216
cs.RO 2409.10225
cs.RO 2409.10274
cs.RO 2409.10283
cs.RO 2409.10308
cs.RO 2409.10310
cs.RO 2409.10319
cs.RO 2409.10320
cs.RO 2409.10330
cs.RO 2409.10332
cs.RO 2409.10333
cs.RO 2409.10347
cs.RO 2409.10350
cs.RO 2409.10366
cs.RO 2409.10371
cs.RO 2409.10375
cs.RO 2409.10419
cs.RO 2409.10441
cs.RO 2409.10444
cs.RO 2409.10469
cs.RO 2409.10491
cs.RO 2409.10585
cs.RO 2409.10669
cs.RO 2409.10687
cs.RO 2409.10689
cs.RO 2409.11063
cs.RO 2409.11064
cs.RO 2409.11090
cs.RO 2409.11394
cs.RO 2409.10524
cs.RO 2409.10532
cs.RO 2409.10647
cs.RO 2409.10655
cs.RO 2409.10681
cs.RO 2409.10683
cs.RO 2409.10692
cs.RO 2409.10707
cs.RO 2409.10710
cs.RO 2409.10733
cs.RO 2409.10747
cs.RO 2409.10749
cs.RO 2409.10778
cs.RO 2409.10784
cs.RO 2409.10802
cs.RO 2409.10824
cs.RO 2409.10827
cs.RO 2409.10832
cs.RO 2409.10849
cs.RO 2409.10868
cs.RO 2409.10878
cs.RO 2409.10903
cs.RO 2409.10906
cs.RO 2409.10923
cs.RO 2409.10931
cs.RO 2409.10940
cs.RO 2409.10953
cs.RO 2409.10982
cs.RO 2409.10983
cs.RO 2409.11017
cs.RO 2409.11047
cs.RO 2409.11061
cs.RO 2409.11113
cs.RO 2409.11116
cs.RO 2409.11122
cs.RO 2409.11144
cs.RO 2409.11146
cs.RO 2409.11150
cs.RO 2409.11172
cs.RO 2409.11188
cs.RO 2409.11195
cs.RO 2409.11199
cs.RO 2409.11215
cs.RO 2409.11230
cs.RO 2409.11238
cs.RO 2409.11279
cs.RO 2409.11292
cs.RO 2409.11326
cs.RO 2409.11372
cs.RO 2409.11403
cs.RO 2409.11450
cs.RO 2409.11749
cs.RO 2409.12008
cs.RO 2409.12045
cs.RO 2409.11452
cs.RO 2409.11499
cs.RO 2409.11510
cs.RO 2409.11512
cs.RO 2409.11518
cs.RO 2409.11520
cs.RO 2409.11522
cs.RO 2409.11532
cs.RO 2409.11545
cs.RO 2409.11555
cs.RO 2409.11561
cs.RO 2409.11570
cs.RO 2409.11578
cs.RO 2409.11580
cs.RO 2409.11604
cs.RO 2409.11606
cs.RO 2409.11634
cs.RO 2409.11676
cs.RO 2409.11688
cs.RO 2409.11694
cs.RO 2409.11696
cs.RO 2409.11702
cs.RO 2409.11709
cs.RO 2409.11764
cs.RO 2409.11788
cs.RO 2409.11815
cs.RO 2409.11831
cs.RO 2409.11852
cs.RO 2409.11854
cs.RO 2409.11863
cs.RO 2409.11870
cs.RO 2409.11897
cs.RO 2409.11905
cs.RO 2409.11906
cs.RO 2409.11921
cs.RO 2409.11925
cs.RO 2409.11935
cs.RO 2409.11941
cs.RO 2409.11952
cs.RO 2409.11962
cs.RO 2409.11972
cs.RO 2409.11975
cs.RO 2409.11981
cs.RO 2409.12002
cs.RO 2409.12005
cs.RO 2409.12007
cs.RO 2409.12051
cs.RO 2409.12061
cs.RO 2409.12074
cs.RO 2409.12092
cs.RO 2409.12094
cs.RO 2409.12096
cs.RO 2409.12114
cs.RO 2409.12152
cs.RO 2409.12153
cs.RO 2409.12159
cs.RO 2409.12190
cs.RO 2409.12192
cs.RO 2409.11681
cs.RO 2409.12294
cs.RO 2409.12366
cs.RO 2409.12379
cs.RO 2409.12409
cs.RO 2409.12456
cs.RO 2409.12774
cs.RO 2409.12894
cs.RO 2409.12256
cs.RO 2409.12262
cs.RO 2409.12266
cs.RO 2409.12273
cs.RO 2409.12274
cs.RO 2409.12302
cs.RO 2409.12311
cs.RO 2409.12338
cs.RO 2409.12339
cs.RO 2409.12419
cs.RO 2409.12426
cs.RO 2409.12443
cs.RO 2409.12455
cs.RO 2409.12465
cs.RO 2409.12471
cs.RO 2409.12505
cs.RO 2409.12514
cs.RO 2409.12518
cs.RO 2409.12521
cs.RO 2409.12564
cs.RO 2409.12602
cs.RO 2409.12616
cs.RO 2409.12667
cs.RO 2409.12713
cs.RO 2409.12723
cs.RO 2409.12735
cs.RO 2409.12780
cs.RO 2409.12796
cs.RO 2409.12812
cs.RO 2409.12842
cs.RO 2409.12862
cs.RO 2409.12899
cs.RO 2409.12902
cs.RO 2409.12949
cs.SC 2409.03803
cs.SC 2409.09359
cs.SC 2409.09533
cs.SC 2409.11015
cs.SC 2409.11756
cs.SC 2409.12727
stat.CO 2409.08912
stat.CO 2409.08925
stat.CO 2409.08928
stat.CO 2409.08965
stat.CO 2409.09066
stat.CO 2409.09178
stat.CO 2409.09392
stat.CO 2409.09525
stat.CO 2409.09614
stat.CO 2409.09781
stat.CO 2409.09787
stat.CO 2409.09960
stat.CO 2409.10221
stat.CO 2409.10374
stat.CO 2409.10463
stat.CO 2409.09168
stat.CO 2409.11080
stat.CO 2409.11539
stat.CO 2409.12067
stat.CO 2409.11577
stat.CO 2409.11745
stat.CO 2409.12355
stat.CO 2409.12578
stat.CO 2409.12890
cs.SI 2409.08349
cs.SI 2409.08946
cs.SI 2409.08298
cs.SI 2409.08304
cs.SI 2409.08305
cs.SI 2409.08360
cs.SI 2409.08405
cs.SI 2409.08459
cs.SI 2409.08522
cs.SI 2409.08599
cs.SI 2409.08631
cs.SI 2409.08690
cs.SI 2409.08717
cs.SI 2409.08781
cs.SI 2409.08829
cs.SI 2409.08944
cs.SI 2409.08966
cs.SI 2409.08975
cs.SI 2409.09888
cs.SI 2409.09892
cs.SI 2409.10263
cs.SI 2409.10340
cs.SI 2409.10452
cs.SI 2409.10475
cs.SI 2409.09338
cs.SI 2409.10160
cs.SI 2409.10244
cs.SI 2409.10670
cs.SI 2409.10760
cs.SI 2409.11170
cs.SI 2409.10754
cs.SI 2409.10809
cs.SI 2409.10949
cs.SI 2409.11099
cs.SI 2409.11554
cs.SI 2409.11618
cs.SI 2409.12000
cs.SI 2409.12071
cs.SI 2409.12097
cs.SI 2409.11426
cs.SI 2409.11665
cs.SI 2409.11687
cs.SI 2409.11759
cs.SI 2409.11984
cs.SI 2409.12177
cs.SI 2409.12263
cs.SI 2409.12420
cs.SI 2409.12460
cs.SI 2409.12203
cs.SI 2409.12357
cs.SI 2409.12853
eess.AS 2409.08489
eess.AS 2409.08514
eess.AS 2409.08583
eess.AS 2409.08589
eess.AS 2409.08596
eess.AS 2409.08597
eess.AS 2409.08601
eess.AS 2409.08618
eess.AS 2409.08628
eess.AS 2409.08655
eess.AS 2409.08664
eess.AS 2409.08673
eess.AS 2409.08710
eess.AS 2409.08731
eess.AS 2409.08763
eess.AS 2409.08797
eess.AS 2409.08805
eess.AS 2409.08872
eess.AS 2409.08985
eess.AS 2409.08997
eess.AS 2409.09026
eess.AS 2409.08309
eess.AS 2409.08346
eess.AS 2409.08374
eess.AS 2409.08425
eess.AS 2409.08552
eess.AS 2409.08587
eess.AS 2409.08605
eess.AS 2409.08610
eess.AS 2409.08680
eess.AS 2409.08702
eess.AS 2409.08711
eess.AS 2409.08723
eess.AS 2409.08795
eess.AS 2409.08881
eess.AS 2409.08913
eess.AS 2409.08981
eess.AS 2409.06109
eess.AS 2409.09098
eess.AS 2409.09214
eess.AS 2409.09221
eess.AS 2409.09256
eess.AS 2409.09272
eess.AS 2409.09284
eess.AS 2409.09289
eess.AS 2409.09294
eess.AS 2409.09305
eess.AS 2409.09340
eess.AS 2409.09352
eess.AS 2409.09357
eess.AS 2409.09378
eess.AS 2409.09506
eess.AS 2409.09511
eess.AS 2409.09545
eess.AS 2409.09554
eess.AS 2409.09589
eess.AS 2409.09601
eess.AS 2409.09611
eess.AS 2409.09619
eess.AS 2409.09647
eess.AS 2409.09785
eess.AS 2409.09823
eess.AS 2409.09866
eess.AS 2409.09891
eess.AS 2409.10025
eess.AS 2409.10048
eess.AS 2409.10072
eess.AS 2409.10076
eess.AS 2409.10103
eess.AS 2409.10281
eess.AS 2409.10357
eess.AS 2409.10496
eess.AS 2409.09067
eess.AS 2409.09162
eess.AS 2409.09190
eess.AS 2409.09213
eess.AS 2409.09311
eess.AS 2409.09332
eess.AS 2409.09337
eess.AS 2409.09351
eess.AS 2409.09381
eess.AS 2409.09389
eess.AS 2409.09396
eess.AS 2409.09398
eess.AS 2409.09408
eess.AS 2409.09543
eess.AS 2409.09546
eess.AS 2409.09621
eess.AS 2409.09642
eess.AS 2409.09733
eess.AS 2409.09914
eess.AS 2409.09988
eess.AS 2409.10056
eess.AS 2409.10058
eess.AS 2409.10131
eess.AS 2409.10157
eess.AS 2409.10210
eess.AS 2409.10230
eess.AS 2409.10240
eess.AS 2409.10358
eess.AS 2409.10376
eess.AS 2409.10429
eess.AS 2409.10515
eess.AS 2409.10535
eess.AS 2409.10677
eess.AS 2409.10831
eess.AS 2409.10848
eess.AS 2409.10858
eess.AS 2409.10870
eess.AS 2409.10999
eess.AS 2409.11003
eess.AS 2409.11145
eess.AS 2409.11228
eess.AS 2409.11241
eess.AS 2409.11252
eess.AS 2409.11262
eess.AS 2409.11264
eess.AS 2409.11369
eess.AS 2409.10534
eess.AS 2409.10684
eess.AS 2409.10687
eess.AS 2409.10704
eess.AS 2409.10753
eess.AS 2409.10762
eess.AS 2409.10787
eess.AS 2409.10788
eess.AS 2409.10791
eess.AS 2409.10819
eess.AS 2409.10969
eess.AS 2409.10985
eess.AS 2409.10995
eess.AS 2409.11027
eess.AS 2409.11107
eess.AS 2409.11214
eess.AS 2409.11439
eess.AS 2409.11449
eess.AS 2409.11498
eess.AS 2409.11564
eess.AS 2409.11630
eess.AS 2409.11729
eess.AS 2409.11742
eess.AS 2409.11746
eess.AS 2409.11753
eess.AS 2409.11760
eess.AS 2409.11835
eess.AS 2409.11889
eess.AS 2409.11909
eess.AS 2409.11964
eess.AS 2409.12042
eess.AS 2409.12112
eess.AS 2409.12121
eess.AS 2409.12139
eess.AS 2409.12170
eess.AS 2409.12176
eess.AS 2409.11494
eess.AS 2409.11560
eess.AS 2409.11725
eess.AS 2409.11731
eess.AS 2409.11804
eess.AS 2409.11915
eess.AS 2409.12117
eess.AS 2409.12306
eess.AS 2409.12319
eess.AS 2409.12346
eess.AS 2409.12386
eess.AS 2409.12444
eess.AS 2409.12466
eess.AS 2409.12476
eess.AS 2409.12477
eess.AS 2409.12528
eess.AS 2409.12549
eess.AS 2409.12553
eess.AS 2409.12634
eess.AS 2409.12638
eess.AS 2409.12745
eess.AS 2409.12924
eess.AS 2409.12962
eess.AS 2409.12352
eess.AS 2409.12370
eess.AS 2409.12388
eess.AS 2409.12413
eess.AS 2409.12415
eess.AS 2409.12416
eess.AS 2409.12520
eess.AS 2409.12560
eess.AS 2409.12717
stat.ML 2409.08387
stat.ML 2409.08409
stat.ML 2409.08419
stat.ML 2409.08445
stat.ML 2409.08469
stat.ML 2409.08487
stat.ML 2409.08544
stat.ML 2409.08558
stat.ML 2409.08570
stat.ML 2409.08754
stat.ML 2409.08801
stat.ML 2409.08861
stat.ML 2409.08917
stat.ML 2409.08295
stat.ML 2409.08311
stat.ML 2409.08396
stat.ML 2409.08521
stat.ML 2409.08551
stat.ML 2409.08925
stat.ML 2409.08954
stat.ML 2409.09003
stat.ML 2305.17332
stat.ML 2409.09124
stat.ML 2409.09199
stat.ML 2409.09258
stat.ML 2409.09304
stat.ML 2409.09347
stat.ML 2409.09361
stat.ML 2409.09376
stat.ML 2409.09418
stat.ML 2409.09558
stat.ML 2409.09626
stat.ML 2409.09674
stat.ML 2409.09742
stat.ML 2409.09781
stat.ML 2409.09787
stat.ML 2409.09875
stat.ML 2409.09894
stat.ML 2409.09906
stat.ML 2409.09973
stat.ML 2409.10030
stat.ML 2409.10068
stat.ML 2409.10096
stat.ML 2409.10139
stat.ML 2409.10421
stat.ML 2409.10463
stat.ML 2409.10499
stat.ML 2409.09078
stat.ML 2409.09392
stat.ML 2409.09469
stat.ML 2409.09650
stat.ML 2409.09903
stat.ML 2409.10559
stat.ML 2409.10580
stat.ML 2409.10584
stat.ML 2409.10673
stat.ML 2409.10773
stat.ML 2409.10855
stat.ML 2409.11008
stat.ML 2409.11100
stat.ML 2409.11141
stat.ML 2409.11265
stat.ML 2409.10538
stat.ML 2409.10572
stat.ML 2409.10972
stat.ML 2409.11327
stat.ML 2409.11497
stat.ML 2409.11519
stat.ML 2409.11521
stat.ML 2409.11583
stat.ML 2409.11597
stat.ML 2409.11618
stat.ML 2409.11684
stat.ML 2409.11596
stat.ML 2409.11772
stat.ML 2409.12057
stat.ML 2409.12067
stat.ML 2409.12255
stat.ML 2409.12264
stat.ML 2409.12293
stat.ML 2409.12295
stat.ML 2409.12335
stat.ML 2409.12371
stat.ML 2409.12446
stat.ML 2409.12693
stat.ML 2409.12877
stat.ML 2409.12913
stat.ML 2409.12947
stat.ML 2409.12195
stat.ML 2409.12301
stat.ML 2409.12587
stat.ML 2409.12799
stat.ML 2409.12805
cs.SY 2409.07498
cs.SY 2409.08371
cs.SY 2409.08422
cs.SY 2409.08439
cs.SY 2409.08638
cs.SY 2409.08665
cs.SY 2409.08695
cs.SY 2409.08300
cs.SY 2409.08382
cs.SY 2409.08411
cs.SY 2409.08413
cs.SY 2409.08430
cs.SY 2409.08472
cs.SY 2409.08507
cs.SY 2409.08549
cs.SY 2409.08576
cs.SY 2409.08607
cs.SY 2409.08623
cs.SY 2409.08626
cs.SY 2409.08634
cs.SY 2409.08675
cs.SY 2409.08684
cs.SY 2409.08721
cs.SY 2409.08825
cs.SY 2409.08974
cs.SY 2211.15522
cs.SY 2401.17731
cs.SY 2409.08616
cs.SY 2409.09161
cs.SY 2409.09198
cs.SY 2409.09263
cs.SY 2409.09266
cs.SY 2409.09557
cs.SY 2409.09573
cs.SY 2409.09633
cs.SY 2409.09820
cs.SY 2409.09961
cs.SY 2409.10105
cs.SY 2409.10160
cs.SY 2409.10282
cs.SY 2409.10283
cs.SY 2409.10310
cs.SY 2409.10344
cs.SY 2409.10366
cs.SY 2409.09059
cs.SY 2409.09073
cs.SY 2409.09074
cs.SY 2409.09075
cs.SY 2409.09076
cs.SY 2409.09084
cs.SY 2409.09092
cs.SY 2409.09093
cs.SY 2409.09184
cs.SY 2409.09220
cs.SY 2409.09285
cs.SY 2409.09299
cs.SY 2409.09302
cs.SY 2409.09316
cs.SY 2409.09331
cs.SY 2409.09334
cs.SY 2409.09460
cs.SY 2409.09466
cs.SY 2409.09500
cs.SY 2409.09539
cs.SY 2409.09590
cs.SY 2409.09596
cs.SY 2409.09609
cs.SY 2409.09658
cs.SY 2409.09665
cs.SY 2409.09769
cs.SY 2409.09798
cs.SY 2409.09812
cs.SY 2409.09876
cs.SY 2409.09882
cs.SY 2409.09912
cs.SY 2409.09978
cs.SY 2409.10018
cs.SY 2409.10026
cs.SY 2409.10098
cs.SY 2409.10171
cs.SY 2409.10212
cs.SY 2409.10215
cs.SY 2409.10369
cs.SY 2409.10405
cs.SY 2409.10414
cs.SY 2409.10484
cs.SY 2409.10551
cs.SY 2409.10654
cs.SY 2409.10655
cs.SY 2409.10657
cs.SY 2409.10662
cs.SY 2409.10664
cs.SY 2409.10693
cs.SY 2409.10767
cs.SY 2409.10813
cs.SY 2409.10884
cs.SY 2409.11238
cs.SY 2409.11351
cs.SY 2409.11391
cs.SY 2409.10689
cs.SY 2409.10703
cs.SY 2409.10722
cs.SY 2409.10726
cs.SY 2409.10792
cs.SY 2409.10815
cs.SY 2409.10864
cs.SY 2409.10866
cs.SY 2409.10933
cs.SY 2409.11069
cs.SY 2409.11087
cs.SY 2409.11090
cs.SY 2409.11141
cs.SY 2409.11171
cs.SY 2409.11221
cs.SY 2409.11257
cs.SY 2409.11267
cs.SY 2409.11311
cs.SY 2409.11358
cs.SY 2409.11394
cs.SY 2409.11405
cs.SY 2409.11416
cs.SY 2409.11426
cs.SY 2409.11496
cs.SY 2409.11606
cs.SY 2409.11671
cs.SY 2409.11713
cs.SY 2409.11788
cs.SY 2409.11820
cs.SY 2409.12007
cs.SY 2409.12048
cs.SY 2409.11444
cs.SY 2409.11480
cs.SY 2409.11548
cs.SY 2409.11549
cs.SY 2409.11586
cs.SY 2409.11623
cs.SY 2409.11641
cs.SY 2409.11712
cs.SY 2409.11743
cs.SY 2409.11796
cs.SY 2409.11812
cs.SY 2409.11823
cs.SY 2409.11828
cs.SY 2409.11849
cs.SY 2409.11979
cs.SY 2409.11986
cs.SY 2409.12082
cs.SY 2409.12287
cs.SY 2409.12290
cs.SY 2409.12311
cs.SY 2409.12521
cs.SY 2409.12616
cs.SY 2409.12796
cs.SY 2409.12824
cs.SY 2409.12252
cs.SY 2409.12285
cs.SY 2409.12317
cs.SY 2409.12345
cs.SY 2409.12366
cs.SY 2409.12368
cs.SY 2409.12374
cs.SY 2409.12382
cs.SY 2409.12406
cs.SY 2409.12439
cs.SY 2409.12469
cs.SY 2409.12601
cs.SY 2409.12718
cs.SY 2409.12789
cs.SY 2409.12873
math.OC 2409.08304
math.OC 2409.08456
math.OC 2409.08507
math.OC 2409.08721
math.OC 2409.08770
math.OC 2409.08771
math.OC 2409.08861
math.OC 2409.08935
math.OC 2409.08343
math.OC 2409.08364
math.OC 2409.08385
math.OC 2409.08403
math.OC 2409.08422
math.OC 2409.08616
math.OC 2409.08638
math.OC 2409.08644
math.OC 2409.08802
math.OC 2409.08860
math.OC 2409.08948
math.OC 2409.09035
math.OC 2409.09060
math.OC 2409.09152
math.OC 2409.09193
math.OC 2409.09313
math.OC 2409.09334
math.OC 2409.09475
math.OC 2409.09487
math.OC 2409.09532
math.OC 2409.09596
math.OC 2409.09614
math.OC 2409.09677
math.OC 2409.09687
math.OC 2409.09745
math.OC 2409.09781
math.OC 2409.09800
math.OC 2409.09812
math.OC 2409.09869
math.OC 2409.09984
math.OC 2409.10098
math.OC 2409.10155
math.OC 2409.10169
math.OC 2409.10292
math.OC 2409.10405
math.OC 2409.09034
math.OC 2409.09077
math.OC 2409.09087
math.OC 2409.09100
math.OC 2409.09158
math.OC 2409.09208
math.OC 2409.09237
math.OC 2409.09250
math.OC 2409.09375
math.OC 2409.09436
math.OC 2409.09476
math.OC 2409.09488
math.OC 2409.09571
math.OC 2409.09679
math.OC 2409.09820
math.OC 2409.09834
math.OC 2409.09890
math.OC 2409.09906
math.OC 2409.09954
math.OC 2409.09961
math.OC 2409.09963
math.OC 2409.09964
math.OC 2409.10200
math.OC 2409.10282
math.OC 2409.10295
math.OC 2409.10301
math.OC 2409.10302
math.OC 2409.10311
math.OC 2409.10323
math.OC 2409.10363
math.OC 2409.10442
math.OC 2409.10455
math.OC 2409.10470
math.OC 2409.10478
math.OC 2409.10479
math.OC 2409.10549
math.OC 2409.10559
math.OC 2409.10575
math.OC 2409.10703
math.OC 2409.10736
math.OC 2409.10772
math.OC 2409.10863
math.OC 2409.11225
math.OC 2409.11384
math.OC 2409.10657
math.OC 2409.10662
math.OC 2409.10664
math.OC 2409.10669
math.OC 2409.10767
math.OC 2409.10773
math.OC 2409.10884
math.OC 2409.10934
math.OC 2409.10970
math.OC 2409.10987
math.OC 2409.11077
math.OC 2409.11094
math.OC 2409.11181
math.OC 2409.11194
math.OC 2409.11196
math.OC 2409.11247
math.OC 2409.11346
math.OC 2409.11351
math.OC 2409.11535
math.OC 2409.11569
math.OC 2409.11717
math.OC 2409.11793
math.OC 2409.11900
math.OC 2409.12082
math.OC 2409.11537
math.OC 2409.11611
math.OC 2409.11633
math.OC 2409.11649
math.OC 2409.11713
math.OC 2409.11766
math.OC 2409.11768
math.OC 2409.11776
math.OC 2409.11872
math.OC 2409.11883
math.OC 2409.12048
math.OC 2409.12091
math.OC 2409.12098
math.OC 2409.12285
math.OC 2409.12328
math.OC 2409.12345
math.OC 2409.12381
math.OC 2409.12493
math.OC 2409.12243
math.OC 2409.12290
math.OC 2409.12298
math.OC 2409.12343
math.OC 2409.12392
math.OC 2409.12436
math.OC 2409.12523
math.OC 2409.12604
math.OC 2409.12619
math.OC 2409.12622
math.OC 2409.12630
math.OC 2409.12650
math.OC 2409.12673
math.OC 2409.12758
math.OC 2409.12828
math.OC 2409.12876
eess.IV 2409.08456
eess.IV 2409.08585
eess.IV 2409.08688
eess.IV 2409.08772
eess.IV 2409.08943
eess.IV 2409.08307
eess.IV 2409.08331
eess.IV 2409.08338
eess.IV 2409.08376
eess.IV 2409.08463
eess.IV 2409.08481
eess.IV 2409.08492
eess.IV 2409.08500
eess.IV 2409.08537
eess.IV 2409.08588
eess.IV 2409.08619
eess.IV 2409.08652
eess.IV 2409.08790
eess.IV 2409.08850
eess.IV 2409.08905
eess.IV 2409.08906
eess.IV 2409.09085
eess.IV 2409.09635
eess.IV 2409.09670
eess.IV 2409.09754
eess.IV 2409.09779
eess.IV 2409.09896
eess.IV 2409.09969
eess.IV 2409.10138
eess.IV 2409.10143
eess.IV 2409.10283
eess.IV 2409.09052
eess.IV 2409.09053
eess.IV 2409.09173
eess.IV 2409.09188
eess.IV 2409.09216
eess.IV 2409.09309
eess.IV 2409.09370
eess.IV 2409.09387
eess.IV 2409.09477
eess.IV 2409.09478
eess.IV 2409.09483
eess.IV 2409.09484
eess.IV 2409.09542
eess.IV 2409.09648
eess.IV 2409.09680
eess.IV 2409.09731
eess.IV 2409.09796
eess.IV 2409.09797
eess.IV 2409.09910
eess.IV 2409.10089
eess.IV 2409.10120
eess.IV 2409.10246
eess.IV 2409.10293
eess.IV 2409.10394
eess.IV 2409.10545
eess.IV 2409.10725
eess.IV 2409.10958
eess.IV 2409.11049
eess.IV 2409.11123
eess.IV 2409.11256
eess.IV 2409.10582
eess.IV 2409.10794
eess.IV 2409.10876
eess.IV 2409.10890
eess.IV 2409.10952
eess.IV 2409.10966
eess.IV 2409.10978
eess.IV 2409.10980
eess.IV 2409.11011
eess.IV 2409.11111
eess.IV 2409.11119
eess.IV 2409.11169
eess.IV 2409.11299
eess.IV 2409.11370
eess.IV 2409.11391
eess.IV 2409.11437
eess.IV 2409.11583
eess.IV 2409.11874
eess.IV 2409.12016
eess.IV 2409.12034
eess.IV 2409.11438
eess.IV 2409.11508
eess.IV 2409.11534
eess.IV 2409.11541
eess.IV 2409.11543
eess.IV 2409.11546
eess.IV 2409.11552
eess.IV 2409.11619
eess.IV 2409.11644
eess.IV 2409.11711
eess.IV 2409.11738
eess.IV 2409.11752
eess.IV 2409.11836
eess.IV 2409.11837
eess.IV 2409.11910
eess.IV 2409.12078
eess.IV 2409.12155
eess.IV 2409.12167
eess.IV 2409.12470
eess.IV 2409.12636
eess.IV 2409.12724
eess.IV 2409.12276
eess.IV 2409.12333
eess.IV 2409.12334
eess.IV 2409.12347
eess.IV 2409.12377
eess.IV 2409.12399
eess.IV 2409.12401
eess.IV 2409.12533
eess.IV 2409.12600
eess.IV 2409.12678
eess.IV 2409.12719
eess.IV 2409.12777
eess.IV 2409.12792
eess.IV 2409.12854
stat.TH 2409.08301
stat.TH 2409.08521
stat.TH 2409.08612
stat.TH 2409.08801
stat.TH 2409.08821
stat.TH 2409.08387
stat.TH 2409.08469
stat.TH 2409.08661
stat.TH 2409.08715
stat.TH 2409.08871
stat.TH 2409.08928
stat.TH 2409.09060
stat.TH 2409.09355
stat.TH 2409.09558
stat.TH 2409.09903
stat.TH 2409.10448
stat.TH 2409.10461
stat.TH 2409.09297
stat.TH 2409.09498
stat.TH 2409.09528
stat.TH 2409.09781
stat.TH 2409.09800
stat.TH 2409.09973
stat.TH 2409.10083
stat.TH 2409.10119
stat.TH 2409.10315
stat.TH 2409.10456
stat.TH 2409.11167
stat.TH 2409.11381
stat.TH 2409.11384
stat.TH 2409.10591
stat.TH 2409.10678
stat.TH 2409.10947
stat.TH 2409.11053
stat.TH 2409.11737
stat.TH 2409.11967
stat.TH 2409.11789
stat.TH 2409.12019
stat.TH 2409.12066
stat.TH 2409.12102
stat.TH 2409.12208
stat.TH 2409.12446
stat.TH 2409.12498
stat.TH 2409.12536
stat.TH 2409.12799
stat.TH 2409.12491
nlin.AO 2409.07468
nlin.AO 2409.08348
nlin.AO 2409.08736
nlin.AO 2409.08791
nlin.AO 2409.09100
nlin.AO 2409.09521
nlin.AO 2409.10039
nlin.AO 2409.12029
nlin.AO 2409.12933
math.PR 2409.08311
math.PR 2409.08469
math.PR 2409.08896
math.PR 2409.09024
math.PR 2409.08383
math.PR 2409.08394
math.PR 2409.08465
math.PR 2409.08612
math.PR 2409.08745
math.PR 2409.08789
math.PR 2409.08882
math.PR 2409.08927
math.PR 2409.09034
math.PR 2409.09091
math.PR 2409.09133
math.PR 2409.09498
math.PR 2409.09514
math.PR 2409.09528
math.PR 2409.09630
math.PR 2409.09803
math.PR 2409.09979
math.PR 2409.10118
math.PR 2409.10408
math.PR 2409.09193
math.PR 2409.09215
math.PR 2409.09303
math.PR 2409.09364
math.PR 2409.09377
math.PR 2409.09420
math.PR 2409.09439
math.PR 2409.09538
math.PR 2409.09909
math.PR 2409.09974
math.PR 2409.10037
math.PR 2409.10307
math.PR 2409.10360
math.PR 2409.10368
math.PR 2409.10415
math.PR 2409.10437
math.PR 2409.10440
math.PR 2409.10513
math.PR 2409.10779
math.PR 2409.10817
math.PR 2409.10636
math.PR 2409.10650
math.PR 2409.10735
math.PR 2409.10998
math.PR 2409.11125
math.PR 2409.11130
math.PR 2409.11330
math.PR 2409.11364
math.PR 2409.11381
math.PR 2409.11384
math.PR 2409.11479
math.PR 2409.11717
math.PR 2409.11793
math.PR 2409.11811
math.PR 2409.12102
math.PR 2409.11615
math.PR 2409.11737
math.PR 2409.11747
math.PR 2409.11795
math.PR 2409.11841
math.PR 2312.12178
math.PR 2409.12410
math.PR 2409.12453
math.PR 2409.12523
math.PR 2409.12673
math.PR 2409.12686
math.PR 2409.12706
math.PR 2409.12710
math.PR 2409.12750
math.PR 2409.12906
math.PR 2409.12265
math.PR 2409.12283
math.PR 2409.12286
math.PR 2409.12502
math.PR 2409.12515
math.PR 2409.12536
math.PR 2409.12888
math.PR 2409.12897
eess.SP 2409.08508
eess.SP 2409.08525
eess.SP 2409.08578
eess.SP 2409.08655
eess.SP 2409.08660
eess.SP 2409.08760
eess.SP 2409.08981
eess.SP 2409.09004
eess.SP 2409.08384
eess.SP 2409.08600
eess.SP 2409.08608
eess.SP 2409.08650
eess.SP 2409.08698
eess.SP 2409.08699
eess.SP 2409.08710
eess.SP 2409.08801
eess.SP 2409.08839
eess.SP 2409.08880
eess.SP 2409.08970
eess.SP 2409.09067
eess.SP 2409.09357
eess.SP 2409.09426
eess.SP 2409.09469
eess.SP 2409.09525
eess.SP 2409.09732
eess.SP 2409.09733
eess.SP 2409.09982
eess.SP 2409.10045
eess.SP 2409.10112
eess.SP 2409.10127
eess.SP 2409.10157
eess.SP 2409.10226
eess.SP 2409.10259
eess.SP 2409.10314
eess.SP 2409.09138
eess.SP 2409.09161
eess.SP 2409.09526
eess.SP 2409.09723
eess.SP 2409.10040
eess.SP 2409.10123
eess.SP 2409.10351
eess.SP 2409.10404
eess.SP 2409.10416
eess.SP 2409.10664
eess.SP 2409.10762
eess.SP 2409.10876
eess.SP 2409.10977
eess.SP 2409.11003
eess.SP 2409.11270
eess.SP 2409.10654
eess.SP 2409.10896
eess.SP 2409.10900
eess.SP 2409.10915
eess.SP 2409.11191
eess.SP 2409.11293
eess.SP 2409.11337
eess.SP 2409.11454
eess.SP 2409.11529
eess.SP 2409.11496
eess.SP 2409.11583
eess.SP 2409.11632
eess.SP 2409.11651
eess.SP 2409.11700
eess.SP 2409.11751
eess.SP 2409.11755
eess.SP 2409.11871
eess.SP 2409.11891
eess.SP 2409.11928
eess.SP 2409.11980
eess.SP 2409.12164
eess.SP 2409.12308
eess.SP 2409.12416
eess.SP 2409.12433
eess.SP 2409.12454
eess.SP 2409.12477
eess.SP 2409.12493
eess.SP 2409.12851
eess.SP 2409.12870
eess.SP 2409.12281
eess.SP 2409.12375
eess.SP 2409.12464
eess.SP 2409.12478
eess.SP 2409.12562
eess.SP 2409.12569
eess.SP 2409.12585
eess.SP 2409.12624
eess.SP 2409.12818
eess.SP 2409.12874
eess.SP 2409.12916
eess.SP 2409.12924
eess.SP 2409.12930
nlin.CD 2409.07385
nlin.CD 2409.08225
nlin.CD 2409.07468
nlin.CD 2409.08293
nlin.CD 2409.08567
nlin.CD 2409.08398
nlin.CD 2409.08496
nlin.CD 2409.08870
nlin.CD 2409.09234
nlin.CD 2409.10590
nlin.CD 2409.12056
nlin.CD 2409.11934
physics.comp-ph 2409.04489
physics.comp-ph 2409.08362
physics.comp-ph 2409.08536
physics.comp-ph 2409.08679
physics.comp-ph 2409.08808
physics.comp-ph 2409.08810
physics.comp-ph 2409.08816
physics.comp-ph 2409.08886
physics.comp-ph 2409.08958
physics.comp-ph 2409.08447
physics.comp-ph 2409.08910
physics.comp-ph 2409.09399
physics.comp-ph 2409.09600
physics.comp-ph 2409.09620
physics.comp-ph 2409.09632
physics.comp-ph 2409.09736
physics.comp-ph 2409.09815
physics.comp-ph 2409.09911
physics.comp-ph 2409.09932
physics.comp-ph 2409.09933
physics.comp-ph 2409.10086
physics.comp-ph 2409.10115
physics.comp-ph 2409.10233
physics.comp-ph 2409.10380
physics.comp-ph 2409.10381
physics.comp-ph 2409.10729
physics.comp-ph 2409.10872
physics.comp-ph 2409.11020
physics.comp-ph 2409.10851
physics.comp-ph 2409.10877
physics.comp-ph 2409.11259
physics.comp-ph 2409.11515
physics.comp-ph 2409.11830
physics.comp-ph 2409.11993
physics.comp-ph 2409.12073
physics.comp-ph 2409.12090
physics.comp-ph 2409.12151
physics.comp-ph 2409.11519
physics.comp-ph 2409.11539
physics.comp-ph 2409.11881
physics.comp-ph 2103.16751
physics.comp-ph 2409.12422
physics.comp-ph 2409.12483
physics.comp-ph 2409.12550
physics.comp-ph 2409.12603
physics.comp-ph 2409.12708
physics.comp-ph 2409.12820
physics.comp-ph 2409.12877
math.DS 2409.08382
math.DS 2409.08496
math.DS 2409.08507
math.DS 2409.08624
math.DS 2409.08690
math.DS 2409.08736
math.DS 2409.08870
math.DS 2409.08707
math.DS 2409.08753
math.DS 2409.08768
math.DS 2409.08961
math.DS 2409.09024
math.DS 2409.09443
math.DS 2409.09527
math.DS 2409.09800
math.DS 2409.10035
math.DS 2409.10126
math.DS 2409.10408
math.DS 2409.10467
math.DS 2409.10468
math.DS 2409.09157
math.DS 2409.09519
math.DS 2409.10004
math.DS 2409.10084
math.DS 2409.10105
math.DS 2409.10223
math.DS 2409.10462
math.DS 2409.10510
math.DS 2409.10556
math.DS 2409.10682
math.DS 2409.10809
math.DS 2409.10873
math.DS 2409.10998
math.DS 2409.11196
math.DS 2409.10745
math.DS 2409.10844
math.DS 2409.10916
math.DS 2409.11054
math.DS 2409.11085
math.DS 2409.11197
math.DS 2409.11713
math.DS 2409.11745
math.DS 2409.11947
math.DS 2409.11984
math.DS 2409.12102
math.DS 2409.12179
math.DS 2409.12182
math.DS 2409.11903
math.DS 2409.12127
math.DS 2409.12168
math.DS 2409.12243
math.DS 2409.12463
math.DS 2409.12693
math.DS 2409.12750
math.DS 2409.12936
math.DS 2409.12310
math.DS 2409.12342
math.DS 2409.12407
math.DS 2409.12410
math.DS 2409.12487
math.DS 2409.12706
math.DS 2409.12767
math.DS 2409.12885
nlin.SI 2409.07017
nlin.SI 2409.07458
nlin.SI 2409.08165
nlin.SI 2409.09503
nlin.SI 2409.09767
nlin.SI 2409.10426
nlin.SI 2409.08696
nlin.SI 2409.12486
nlin.SI 2409.12529
physics.data-an 2409.07479
physics.data-an 2409.07498
physics.data-an 2409.07792
physics.data-an 2409.08183
physics.data-an 2409.08295
physics.data-an 2409.08398
physics.data-an 2409.08778
physics.data-an 2409.09051
physics.data-an 2409.09563
physics.data-an 2409.10301
physics.data-an 2409.10325
physics.data-an 2409.10381
physics.data-an 2409.10421
physics.data-an 2409.10543
physics.data-an 2409.11610
astro-ph.IM 2409.08313
astro-ph.IM 2409.08429
astro-ph.IM 2409.08873
astro-ph.IM 2409.08999
astro-ph.IM 2409.09029
astro-ph.IM 2409.08321
astro-ph.IM 2409.08359
astro-ph.IM 2409.08438
astro-ph.IM 2409.08674
astro-ph.IM 2409.08822
astro-ph.IM 2409.09109
astro-ph.IM 2409.09127
astro-ph.IM 2409.09301
astro-ph.IM 2409.09666
astro-ph.IM 2409.09838
astro-ph.IM 2409.09902
astro-ph.IM 2409.10043
astro-ph.IM 2409.10287
astro-ph.IM 2409.10306
astro-ph.IM 2409.10316
astro-ph.IM 2409.10383
astro-ph.IM 2409.10497
astro-ph.IM 2409.09101
astro-ph.IM 2409.09120
astro-ph.IM 2409.09227
astro-ph.IM 2409.09231
astro-ph.IM 2409.09563
astro-ph.IM 2409.09981
astro-ph.IM 2409.10249
astro-ph.IM 2409.10256
astro-ph.IM 2409.10298
astro-ph.IM 2409.10381
astro-ph.IM 2409.10400
astro-ph.IM 2409.10443
astro-ph.IM 2409.10500
astro-ph.IM 2409.10609
astro-ph.IM 2409.10616
astro-ph.IM 2409.10621
astro-ph.IM 2409.10701
astro-ph.IM 2409.10872
astro-ph.IM 2409.10905
astro-ph.IM 2409.11135
astro-ph.IM 2409.11173
astro-ph.IM 2409.11289
astro-ph.IM 2409.11317
astro-ph.IM 2409.11401
astro-ph.IM 2409.11062
astro-ph.IM 2409.11175
astro-ph.IM 2409.11310
astro-ph.IM 2409.11626
astro-ph.IM 2409.11668
astro-ph.IM 2409.11965
astro-ph.IM 2409.11994
astro-ph.IM 2409.12188
astro-ph.IM 2409.11447
astro-ph.IM 2409.11450
astro-ph.IM 2409.11470
astro-ph.IM 2409.11471
astro-ph.IM 2409.11476
astro-ph.IM 2409.11481
astro-ph.IM 2409.11573
astro-ph.IM 2409.11625
astro-ph.IM 2409.11691
astro-ph.IM 2409.11767
astro-ph.IM 2409.11888
astro-ph.IM 2409.12151
astro-ph.IM 2409.12441
astro-ph.IM 2409.12584
astro-ph.IM 2409.12734
astro-ph.IM 2409.12772
astro-ph.IM 2409.12782
astro-ph.IM 2409.12793
astro-ph.IM 2409.12227
astro-ph.IM 2409.12327
astro-ph.IM 2409.12480
astro-ph.IM 2409.12574
astro-ph.IM 2409.12931
physics.ins-det 2409.08764
physics.ins-det 2409.08306
physics.ins-det 2409.08843
physics.ins-det 2409.08901
physics.ins-det 2409.09048
physics.ins-det 2409.09531
physics.ins-det 2409.09648
physics.ins-det 2409.10381
physics.ins-det 2409.09151
physics.ins-det 2409.09301
physics.ins-det 2409.09487
physics.ins-det 2409.09993
physics.ins-det 2409.10344
physics.ins-det 2409.10814
physics.ins-det 2409.10879
physics.ins-det 2409.11135
physics.ins-det 2409.10795
physics.ins-det 2409.10823
physics.ins-det 2409.11207
physics.ins-det 2409.11610
physics.ins-det 2409.12148
physics.ins-det 2409.12927
physics.ins-det 2409.12550
physics.optics 2409.08288
physics.optics 2409.08412
physics.optics 2409.08633
physics.optics 2409.08296
physics.optics 2409.08358
physics.optics 2409.08423
physics.optics 2409.08455
physics.optics 2409.08456
physics.optics 2409.08725
physics.optics 2409.08764
physics.optics 2409.08827
physics.optics 2409.08945
physics.optics 2409.09131
physics.optics 2409.09151
physics.optics 2409.09514
physics.optics 2409.09754
physics.optics 2409.10100
physics.optics 2409.10130
physics.optics 2409.10390
physics.optics 2409.09148
physics.optics 2409.09456
physics.optics 2409.09459
physics.optics 2409.09531
physics.optics 2409.09752
physics.optics 2409.09782
physics.optics 2409.09806
physics.optics 2409.09898
physics.optics 2409.10010
physics.optics 2409.10227
physics.optics 2409.10229
physics.optics 2409.10454
physics.optics 2409.10639
physics.optics 2409.10837
physics.optics 2409.10877
physics.optics 2409.11081
physics.optics 2409.11117
physics.optics 2409.11135
physics.optics 2409.11260
physics.optics 2409.11397
physics.optics 2409.10658
physics.optics 2409.10660
physics.optics 2409.10845
physics.optics 2409.10971
physics.optics 2409.10976
physics.optics 2409.11049
physics.optics 2409.11127
physics.optics 2409.11161
physics.optics 2409.11251
physics.optics 2409.11483
physics.optics 2409.12049
physics.optics 2409.11526
physics.optics 2409.11715
physics.optics 2409.11810
physics.optics 2409.11814
physics.optics 2409.11873
physics.optics 2409.11924
physics.optics 2409.12035
physics.optics 2409.12036
physics.optics 2409.12077
physics.optics 2409.12093
physics.optics 2409.12223
physics.optics 2409.12292
physics.optics 2409.12313
physics.optics 2409.12354
physics.optics 2409.12459
physics.optics 2409.12497
physics.optics 2409.12537
physics.optics 2409.12582
physics.optics 2409.12679
physics.optics 2409.12732
physics.optics 2409.12775
physics.optics 2409.12814
physics.app-ph 2409.08358
physics.app-ph 2409.08412
physics.app-ph 2409.08423
physics.app-ph 2409.08453
physics.app-ph 2409.08560
physics.app-ph 2409.08716
physics.app-ph 2409.08725
physics.app-ph 2409.08836
physics.app-ph 2409.08915
physics.app-ph 2409.08460
physics.app-ph 2409.09192
physics.app-ph 2409.09207
physics.app-ph 2409.09587
physics.app-ph 2409.09631
physics.app-ph 2409.09736
physics.app-ph 2409.09864
physics.app-ph 2409.09898
physics.app-ph 2409.09911
physics.app-ph 2409.09932
physics.app-ph 2409.09933
physics.app-ph 2409.09937
physics.app-ph 2409.09995
physics.app-ph 2409.10227
physics.app-ph 2409.10433
physics.app-ph 2409.09233
physics.app-ph 2409.09268
physics.app-ph 2409.09307
physics.app-ph 2409.09327
physics.app-ph 2409.09700
physics.app-ph 2409.09929
physics.app-ph 2409.10530
physics.app-ph 2409.10626
physics.app-ph 2409.10660
physics.app-ph 2409.10746
physics.app-ph 2409.10763
physics.app-ph 2409.10837
physics.app-ph 2409.10926
physics.app-ph 2409.10976
physics.app-ph 2409.11020
physics.app-ph 2409.11297
physics.app-ph 2409.11388
physics.app-ph 2409.11397
physics.app-ph 2409.10698
physics.app-ph 2409.10957
physics.app-ph 2409.10977
physics.app-ph 2409.11237
physics.app-ph 2409.11607
physics.app-ph 2409.11674
physics.app-ph 2409.11922
physics.app-ph 2409.11982
physics.app-ph 2409.12310
physics.app-ph 2409.12354
physics.app-ph 2409.12459
physics.app-ph 2409.12473
physics.app-ph 2409.12483
physics.app-ph 2409.12485
physics.app-ph 2409.12488
physics.app-ph 2409.12526
physics.app-ph 2409.12556
physics.app-ph 2409.12570
physics.app-ph 2409.12596
physics.app-ph 2409.12679
physics.app-ph 2409.12768
physics.app-ph 2409.12814
physics.app-ph 2409.12820
q-fin.MF 2409.08205
q-fin.MF 2409.08356
q-fin.MF 2409.09179
q-fin.MF 2409.11339
q-fin.MF 2409.12776
q-fin.MF 2409.12783
physics.med-ph 2409.08068
physics.med-ph 2409.07647
physics.med-ph 2409.07761
physics.med-ph 2409.08508
physics.med-ph 2409.08619
physics.med-ph 2409.08635
physics.med-ph 2409.08671
physics.med-ph 2409.09031
physics.med-ph 2409.09993
physics.med-ph 2409.10151
physics.med-ph 2409.09518
physics.med-ph 2409.09608
physics.med-ph 2409.10107
physics.med-ph 2409.10138
physics.med-ph 2409.10324
physics.med-ph 2409.11185
physics.med-ph 2409.11583
physics.med-ph 2409.11993
physics.med-ph 2409.11763
physics.med-ph 2409.11794
econ.TH 2409.06720
econ.TH 2409.06865
econ.TH 2409.07046
econ.TH 2409.08145
econ.TH 2409.08951
econ.TH 2409.09768
econ.TH 2409.09960
econ.TH 2409.10402
econ.TH 2409.10779
econ.TH 2409.10938
econ.TH 2409.11033
econ.TH 2409.11048
cond-mat.dis-nn 2409.08320
cond-mat.dis-nn 2409.08352
cond-mat.dis-nn 2409.08899
cond-mat.dis-nn 2409.08940
cond-mat.dis-nn 2409.08986
cond-mat.dis-nn 2409.08288
cond-mat.dis-nn 2409.08693
cond-mat.dis-nn 2409.09268
cond-mat.dis-nn 2409.09307
cond-mat.dis-nn 2409.09327
cond-mat.dis-nn 2409.10010
cond-mat.dis-nn 2409.10431
cond-mat.dis-nn 2409.10437
cond-mat.dis-nn 2409.10460
cond-mat.dis-nn 2409.10145
cond-mat.dis-nn 2409.10254
cond-mat.dis-nn 2409.10312
cond-mat.dis-nn 2409.10449
cond-mat.dis-nn 2409.10608
cond-mat.dis-nn 2409.10614
cond-mat.dis-nn 2409.10974
cond-mat.dis-nn 2409.10990
cond-mat.dis-nn 2409.11232
cond-mat.dis-nn 2409.11336
cond-mat.dis-nn 2409.11647
cond-mat.dis-nn 2409.12037
cond-mat.dis-nn 2409.12113
cond-mat.dis-nn 2409.12652
cond-mat.dis-nn 2409.12956
cond-mat.dis-nn 2409.12751
cond-mat.dis-nn 2409.12781
