cs.CG 2407.18006
cs.CG 2407.18758
cs.CG 2407.19195
cs.CG 2407.19304
cs.CG 2407.19840
cs.CG 2407.20870
cs.CG 2407.20659
cs.CG 2407.21206
cs.CG 2407.21609
cs.FL 2407.17537
cs.FL 2407.17641
cs.FL 2407.18006
cs.FL 2407.18090
cs.FL 2407.18131
cs.FL 2407.18220
cs.FL 2407.18599
cs.FL 2407.20479
cs.FL 2407.21029
cs.FL 2407.21321
cs.FL 2408.00750
cs.DS 2407.18436
cs.DS 2407.18758
cs.DS 2407.18591
cs.DS 2407.18620
cs.DS 2407.18753
cs.DS 2407.19195
cs.DS 2407.19575
cs.DS 2407.19777
cs.DS 2407.18956
cs.DS 2407.19796
cs.DS 2407.19905
cs.DS 2407.19946
cs.DS 2407.20036
cs.DS 2407.20205
cs.DS 2407.20659
cs.DS 2407.20419
cs.DS 2407.20422
cs.DS 2407.20941
cs.DS 2407.21005
cs.DS 2407.21785
cs.DS 2407.21468
cs.DS 2407.21591
cs.DS 2407.21614
cs.DS 2408.00354
cs.DS 2408.00558
cs.DS 2408.00746
cs.DS 2408.00227
cs.DS 2408.00308
cs.DS 2408.00398
cs.DS 2408.00465
cs.GT 2407.18515
cs.GT 2407.18547
cs.GT 2407.18767
cs.GT 2407.18994
cs.GT 2407.19954
cs.GT 2407.20128
cs.GT 2407.19391
cs.GT 2407.19678
cs.GT 2407.20814
cs.GT 2407.20351
cs.GT 2407.20981
cs.GT 2407.21198
cs.GT 2407.21143
cs.GT 2407.21294
cs.GT 2407.21413
cs.GT 2407.21785
cs.GT 2408.00682
cs.GT 2408.00317
cs.GT 2408.00647
cs.GT 2408.00751
cs.GR 2407.18798
cs.GR 2407.18946
cs.GR 2407.19082
cs.GR 2407.19451
cs.GR 2407.19950
cs.GR 2407.19097
cs.GR 2407.19208
cs.GR 2407.19533
cs.GR 2407.19621
cs.GR 2407.19921
cs.GR 2407.19970
cs.GR 2407.19977
cs.GR 2407.20545
cs.GR 2407.20566
cs.GR 2407.20868
cs.GR 2407.21289
cs.GR 2407.21342
cs.GR 2407.21428
cs.GR 2407.21552
cs.GR 2407.21767
cs.GR 2408.00303
cs.GR 2408.00458
cs.GR 2408.00653
cs.GR 2408.00712
cs.GR 2408.00735
cs.GR 2408.00150
cs.GR 2408.00370
cs.DB 2407.18898
cs.DB 2407.18604
cs.DB 2407.18649
cs.DB 2407.18702
cs.DB 2407.18728
cs.DB 2407.20058
cs.DB 2407.20060
cs.DB 2407.19090
cs.DB 2407.19095
cs.DB 2407.19517
cs.DB 2407.19668
cs.DB 2407.20007
cs.DB 2407.20446
cs.DB 2407.20754
cs.DB 2407.20256
cs.DB 2407.20431
cs.DB 2407.20782
cs.DB 2407.20932
cs.DB 2407.21040
cs.DB 2407.21483
cs.DB 2407.21523
cs.DB 2408.00440
cs.DB 2408.00253
cs.DB 2408.00558
cs.AI 2403.10760
cs.AI 2407.18264
cs.AI 2407.18267
cs.AI 2407.18269
cs.AI 2407.18271
cs.AI 2407.18272
cs.AI 2407.18274
cs.AI 2407.18276
cs.AI 2407.18310
cs.AI 2407.18322
cs.AI 2407.18333
cs.AI 2407.18334
cs.AI 2407.18343
cs.AI 2407.18358
cs.AI 2407.18363
cs.AI 2407.18365
cs.AI 2407.18367
cs.AI 2407.18387
cs.AI 2407.18413
cs.AI 2407.18414
cs.AI 2407.18416
cs.AI 2407.18423
cs.AI 2407.18428
cs.AI 2407.18433
cs.AI 2407.18437
cs.AI 2407.18445
cs.AI 2407.18454
cs.AI 2407.18468
cs.AI 2407.18483
cs.AI 2407.18498
cs.AI 2407.18499
cs.AI 2407.18517
cs.AI 2407.18519
cs.AI 2407.18521
cs.AI 2407.18524
cs.AI 2407.18525
cs.AI 2407.18532
cs.AI 2407.18540
cs.AI 2407.18541
cs.AI 2407.18550
cs.AI 2407.18551
cs.AI 2407.18555
cs.AI 2407.18556
cs.AI 2407.18562
cs.AI 2407.18569
cs.AI 2407.18571
cs.AI 2407.18597
cs.AI 2407.18601
cs.AI 2407.18625
cs.AI 2407.18626
cs.AI 2407.18691
cs.AI 2407.18735
cs.AI 2407.18738
cs.AI 2407.18752
cs.AI 2407.18755
cs.AI 2407.18756
cs.AI 2407.18764
cs.AI 2407.18807
cs.AI 2407.18808
cs.AI 2407.18812
cs.AI 2407.18827
cs.AI 2407.18847
cs.AI 2407.18854
cs.AI 2407.18874
cs.AI 2407.18875
cs.AI 2407.18892
cs.AI 2407.18899
cs.AI 2407.18901
cs.AI 2407.18902
cs.AI 2407.18906
cs.AI 2407.18913
cs.AI 2407.18316
cs.AI 2407.18335
cs.AI 2407.18422
cs.AI 2407.18607
cs.AI 2407.18690
cs.AI 2407.18712
cs.AI 2407.18722
cs.AI 2407.18749
cs.AI 2407.18770
cs.AI 2407.18782
cs.AI 2407.18848
cs.AI 2407.18921
cs.AI 2407.18928
cs.AI 2407.18932
cs.AI 2407.18934
cs.AI 2407.18939
cs.AI 2407.18940
cs.AI 2407.18945
cs.AI 2407.18949
cs.AI 2407.18957
cs.AI 2407.18981
cs.AI 2407.18982
cs.AI 2407.18989
cs.AI 2407.18990
cs.AI 2407.18995
cs.AI 2407.19039
cs.AI 2407.19051
cs.AI 2407.19055
cs.AI 2407.19072
cs.AI 2407.19082
cs.AI 2407.19089
cs.AI 2407.19096
cs.AI 2407.19098
cs.AI 2407.19119
cs.AI 2407.19125
cs.AI 2407.19142
cs.AI 2407.19160
cs.AI 2407.19173
cs.AI 2407.19183
cs.AI 2407.19185
cs.AI 2407.19186
cs.AI 2407.19193
cs.AI 2407.19196
cs.AI 2407.19198
cs.AI 2407.19200
cs.AI 2407.19203
cs.AI 2407.19204
cs.AI 2407.19205
cs.AI 2407.19216
cs.AI 2407.19224
cs.AI 2407.19259
cs.AI 2407.19300
cs.AI 2407.19316
cs.AI 2407.19340
cs.AI 2407.19345
cs.AI 2407.19349
cs.AI 2407.19351
cs.AI 2407.19359
cs.AI 2407.19380
cs.AI 2407.19385
cs.AI 2407.19396
cs.AI 2407.19401
cs.AI 2407.19415
cs.AI 2407.19426
cs.AI 2407.19435
cs.AI 2407.19439
cs.AI 2407.19469
cs.AI 2407.19492
cs.AI 2407.19493
cs.AI 2407.19507
cs.AI 2407.19517
cs.AI 2407.19524
cs.AI 2407.19540
cs.AI 2407.19564
cs.AI 2407.19568
cs.AI 2407.19580
cs.AI 2407.19586
cs.AI 2407.19594
cs.AI 2407.19600
cs.AI 2407.19616
cs.AI 2407.19644
cs.AI 2407.19668
cs.AI 2407.19679
cs.AI 2407.19681
cs.AI 2407.19683
cs.AI 2407.19697
cs.AI 2407.19705
cs.AI 2407.19714
cs.AI 2407.19721
cs.AI 2407.19740
cs.AI 2407.19784
cs.AI 2407.19795
cs.AI 2407.19809
cs.AI 2407.19811
cs.AI 2407.19813
cs.AI 2407.19825
cs.AI 2407.19829
cs.AI 2407.19832
cs.AI 2407.19835
cs.AI 2407.19860
cs.AI 2407.19888
cs.AI 2407.19897
cs.AI 2407.19900
cs.AI 2407.19906
cs.AI 2407.19911
cs.AI 2407.19937
cs.AI 2407.19938
cs.AI 2407.19944
cs.AI 2407.19951
cs.AI 2407.19985
cs.AI 2407.19996
cs.AI 2407.19998
cs.AI 2407.20021
cs.AI 2407.20060
cs.AI 2407.20062
cs.AI 2407.20067
cs.AI 2407.20068
cs.AI 2407.20100
cs.AI 2407.20108
cs.AI 2407.20109
cs.AI 2407.20114
cs.AI 2407.20119
cs.AI 2407.20121
cs.AI 2407.20124
cs.AI 2407.20130
cs.AI 2407.20147
cs.AI 2407.20164
cs.AI 2407.20172
cs.AI 2407.20174
cs.AI 2407.20176
cs.AI 2407.20177
cs.AI 2407.20179
cs.AI 2407.20181
cs.AI 2407.20183
cs.AI 2407.20197
cs.AI 2407.20207
cs.AI 2407.20214
cs.AI 2407.20230
cs.AI 2407.20232
cs.AI 2407.18950
cs.AI 2407.18961
cs.AI 2407.18965
cs.AI 2407.18968
cs.AI 2407.18992
cs.AI 2407.18994
cs.AI 2407.18996
cs.AI 2407.18998
cs.AI 2407.19031
cs.AI 2407.19040
cs.AI 2407.19041
cs.AI 2407.19094
cs.AI 2407.19110
cs.AI 2407.19118
cs.AI 2407.19126
cs.AI 2407.19248
cs.AI 2407.19256
cs.AI 2407.19266
cs.AI 2407.19280
cs.AI 2407.19296
cs.AI 2407.19332
cs.AI 2407.19338
cs.AI 2407.19393
cs.AI 2407.19405
cs.AI 2407.19410
cs.AI 2407.19412
cs.AI 2407.19414
cs.AI 2407.19422
cs.AI 2407.19438
cs.AI 2407.19447
cs.AI 2407.19475
cs.AI 2407.19532
cs.AI 2407.19610
cs.AI 2407.19619
cs.AI 2407.19630
cs.AI 2407.19631
cs.AI 2407.19633
cs.AI 2407.19643
cs.AI 2407.19646
cs.AI 2407.19655
cs.AI 2407.19667
cs.AI 2407.19765
cs.AI 2407.19772
cs.AI 2407.19775
cs.AI 2407.19778
cs.AI 2407.19790
cs.AI 2407.19804
cs.AI 2407.19865
cs.AI 2407.19869
cs.AI 2407.19886
cs.AI 2407.19893
cs.AI 2407.19922
cs.AI 2407.19965
cs.AI 2407.19994
cs.AI 2407.20058
cs.AI 2407.20143
cs.AI 2407.20157
cs.AI 2407.20208
cs.AI 2407.20236
cs.AI 2407.20240
cs.AI 2407.20241
cs.AI 2407.20242
cs.AI 2407.20244
cs.AI 2407.20247
cs.AI 2407.20248
cs.AI 2407.20250
cs.AI 2407.20256
cs.AI 2407.20267
cs.AI 2407.20271
cs.AI 2407.20272
cs.AI 2407.20274
cs.AI 2407.20276
cs.AI 2407.20294
cs.AI 2407.20299
cs.AI 2407.20301
cs.AI 2407.20337
cs.AI 2407.20341
cs.AI 2407.20351
cs.AI 2407.20371
cs.AI 2407.20395
cs.AI 2407.20438
cs.AI 2407.20445
cs.AI 2407.20466
cs.AI 2407.20496
cs.AI 2407.20503
cs.AI 2407.20506
cs.AI 2407.20513
cs.AI 2407.20515
cs.AI 2407.20516
cs.AI 2407.20518
cs.AI 2407.20519
cs.AI 2407.20557
cs.AI 2407.20563
cs.AI 2407.20578
cs.AI 2407.20582
cs.AI 2407.20584
cs.AI 2407.20635
cs.AI 2407.20648
cs.AI 2407.20650
cs.AI 2407.20653
cs.AI 2407.20654
cs.AI 2407.20657
cs.AI 2407.20667
cs.AI 2407.20669
cs.AI 2407.20673
cs.AI 2407.20684
cs.AI 2407.20693
cs.AI 2407.20705
cs.AI 2407.20712
cs.AI 2407.20724
cs.AI 2407.20739
cs.AI 2407.20750
cs.AI 2407.20753
cs.AI 2407.20754
cs.AI 2407.20775
cs.AI 2407.20786
cs.AI 2407.20798
cs.AI 2407.20830
cs.AI 2407.20856
cs.AI 2407.20884
cs.AI 2407.20891
cs.AI 2407.20893
cs.AI 2407.20906
cs.AI 2407.20917
cs.AI 2407.20932
cs.AI 2407.20955
cs.AI 2407.20956
cs.AI 2407.20970
cs.AI 2407.20999
cs.AI 2407.21001
cs.AI 2407.21002
cs.AI 2407.21011
cs.AI 2407.21018
cs.AI 2407.20257
cs.AI 2407.20284
cs.AI 2407.20287
cs.AI 2407.20291
cs.AI 2407.20311
cs.AI 2407.20360
cs.AI 2407.20377
cs.AI 2407.20383
cs.AI 2407.20447
cs.AI 2407.20508
cs.AI 2407.20668
cs.AI 2407.20700
cs.AI 2407.20708
cs.AI 2407.20761
cs.AI 2407.20777
cs.AI 2407.20792
cs.AI 2407.20806
cs.AI 2407.20822
cs.AI 2407.20828
cs.AI 2407.20879
cs.AI 2407.20899
cs.AI 2407.20918
cs.AI 2407.20951
cs.AI 2407.20990
cs.AI 2407.21009
cs.AI 2310.15469
cs.AI 2407.21024
cs.AI 2407.21030
cs.AI 2407.21032
cs.AI 2407.21033
cs.AI 2407.21037
cs.AI 2407.21038
cs.AI 2407.21039
cs.AI 2407.21041
cs.AI 2407.21043
cs.AI 2407.21045
cs.AI 2407.21048
cs.AI 2407.21049
cs.AI 2407.21052
cs.AI 2407.21053
cs.AI 2407.21054
cs.AI 2407.21057
cs.AI 2407.21058
cs.AI 2407.21059
cs.AI 2407.21060
cs.AI 2407.21066
cs.AI 2407.21069
cs.AI 2407.21124
cs.AI 2407.21149
cs.AI 2407.21151
cs.AI 2407.21163
cs.AI 2407.21174
cs.AI 2407.21189
cs.AI 2407.21191
cs.AI 2407.21225
cs.AI 2407.21227
cs.AI 2407.21233
cs.AI 2407.21241
cs.AI 2407.21243
cs.AI 2407.21244
cs.AI 2407.21252
cs.AI 2407.21260
cs.AI 2407.21267
cs.AI 2407.21273
cs.AI 2407.21281
cs.AI 2407.21284
cs.AI 2407.21293
cs.AI 2407.21298
cs.AI 2407.21299
cs.AI 2407.21300
cs.AI 2407.21311
cs.AI 2407.21315
cs.AI 2407.21319
cs.AI 2407.21343
cs.AI 2407.21347
cs.AI 2407.21351
cs.AI 2407.21359
cs.AI 2407.21368
cs.AI 2407.21384
cs.AI 2407.21424
cs.AI 2407.21428
cs.AI 2407.21443
cs.AI 2407.21453
cs.AI 2407.21467
cs.AI 2407.21468
cs.AI 2407.21475
cs.AI 2407.21488
cs.AI 2407.21489
cs.AI 2407.21490
cs.AI 2407.21498
cs.AI 2407.21516
cs.AI 2407.21521
cs.AI 2407.21523
cs.AI 2407.21525
cs.AI 2407.21560
cs.AI 2407.21571
cs.AI 2407.21577
cs.AI 2407.21579
cs.AI 2407.21580
cs.AI 2407.21590
cs.AI 2407.21600
cs.AI 2407.21611
cs.AI 2407.21615
cs.AI 2407.21642
cs.AI 2407.21652
cs.AI 2407.21666
cs.AI 2407.21670
cs.AI 2407.21674
cs.AI 2407.21687
cs.AI 2407.21713
cs.AI 2407.21721
cs.AI 2407.21738
cs.AI 2407.21739
cs.AI 2407.21740
cs.AI 2407.21742
cs.AI 2407.21787
cs.AI 2407.21788
cs.AI 2407.21792
cs.AI 2407.21794
cs.AI 2407.21040
cs.AI 2407.21072
cs.AI 2407.21075
cs.AI 2407.21118
cs.AI 2407.21164
cs.AI 2407.21178
cs.AI 2407.21202
cs.AI 2407.21204
cs.AI 2407.21272
cs.AI 2407.21275
cs.AI 2407.21276
cs.AI 2407.21320
cs.AI 2407.21338
cs.AI 2407.21344
cs.AI 2407.21358
cs.AI 2407.21376
cs.AI 2407.21385
cs.AI 2407.21439
cs.AI 2407.21459
cs.AI 2407.21460
cs.AI 2407.21483
cs.AI 2407.21485
cs.AI 2407.21507
cs.AI 2407.21556
cs.AI 2407.21566
cs.AI 2407.21638
cs.AI 2407.21647
cs.AI 2407.21693
cs.AI 2407.21708
cs.AI 2407.21714
cs.AI 2407.21717
cs.AI 2407.21726
cs.AI 2407.21729
cs.AI 2407.21770
cs.AI 2407.21778
cs.AI 2407.21783
cs.AI 2408.00001
cs.AI 2408.00002
cs.AI 2408.00004
cs.AI 2408.00005
cs.AI 2408.00019
cs.AI 2408.00040
cs.AI 2408.00090
cs.AI 2408.00096
cs.AI 2408.00103
cs.AI 2408.00106
cs.AI 2408.00113
cs.AI 2408.00118
cs.AI 2408.00123
cs.AI 2408.00131
cs.AI 2408.00137
cs.AI 2408.00144
cs.AI 2408.00150
cs.AI 2408.00151
cs.AI 2408.00161
cs.AI 2408.00162
cs.AI 2408.00165
cs.AI 2408.00166
cs.AI 2408.00170
cs.AI 2408.00191
cs.AI 2408.00193
cs.AI 2408.00197
cs.AI 2408.00203
cs.AI 2408.00210
cs.AI 2408.00264
cs.AI 2408.00274
cs.AI 2408.00278
cs.AI 2408.00288
cs.AI 2408.00290
cs.AI 2408.00295
cs.AI 2408.00307
cs.AI 2408.00309
cs.AI 2408.00315
cs.AI 2408.00329
cs.AI 2408.00342
cs.AI 2408.00346
cs.AI 2408.00347
cs.AI 2408.00348
cs.AI 2408.00350
cs.AI 2408.00355
cs.AI 2408.00370
cs.AI 2408.00376
cs.AI 2408.00380
cs.AI 2408.00415
cs.AI 2408.00420
cs.AI 2408.00421
cs.AI 2408.00427
cs.AI 2408.00429
cs.AI 2408.00435
cs.AI 2408.00441
cs.AI 2408.00447
cs.AI 2408.00470
cs.AI 2408.00473
cs.AI 2408.00483
cs.AI 2408.00490
cs.AI 2408.00523
cs.AI 2408.00526
cs.AI 2408.00539
cs.AI 2408.00540
cs.AI 2408.00549
cs.AI 2408.00550
cs.AI 2408.00555
cs.AI 2408.00584
cs.AI 2408.00588
cs.AI 2408.00633
cs.AI 2408.00640
cs.AI 2408.00682
cs.AI 2408.00695
cs.AI 2408.00703
cs.AI 2408.00706
cs.AI 2408.00711
cs.AI 2408.00714
cs.AI 2408.00722
cs.AI 2408.00727
cs.AI 2408.00749
cs.AI 2408.00751
cs.AI 2408.00753
cs.AI 2408.00756
cs.AI 2408.00760
cs.AI 2408.00761
cs.AI 2408.00764
cs.AI 2408.00765
cs.AI 2408.00024
cs.AI 2408.00025
cs.AI 2408.00030
cs.AI 2408.00033
cs.AI 2408.00041
cs.AI 2408.00051
cs.AI 2408.00108
cs.AI 2408.00114
cs.AI 2408.00147
cs.AI 2408.00167
cs.AI 2408.00230
cs.AI 2408.00241
cs.AI 2408.00257
cs.AI 2408.00280
cs.AI 2408.00365
cs.AI 2408.00374
cs.AI 2408.00399
cs.AI 2408.00444
cs.AI 2408.00481
cs.AI 2408.00521
cs.AI 2408.00544
cs.AI 2408.00613
cs.AI 2408.00655
cs.AI 2408.00686
cs.AI 2408.00724
cs.AI 2408.00741
cs.DM 2407.18800
cs.DM 2407.19608
cs.DM 2407.19905
cs.DM 2407.20226
cs.DM 2407.20777
cs.DM 2407.21206
cs.DM 2407.21564
cs.DM 2407.21578
cs.DM 2408.00525
cs.AR 2407.18255
cs.AR 2407.18264
cs.AR 2407.18267
cs.AR 2407.18269
cs.AR 2407.18271
cs.AR 2407.18272
cs.AR 2407.18276
cs.AR 2407.18326
cs.AR 2407.18333
cs.AR 2407.18499
cs.AR 2407.19604
cs.AR 2407.19612
cs.AR 2407.19637
cs.AR 2407.19841
cs.AR 2407.19150
cs.AR 2407.19165
cs.AR 2407.19195
cs.AR 2407.19449
cs.AR 2407.20537
cs.AR 2407.20544
cs.AR 2407.20590
cs.AR 2407.20589
cs.AR 2407.20628
cs.AR 2407.20773
cs.AR 2407.20942
cs.AR 2407.21508
cs.AR 2407.21184
cs.AR 2407.21192
cs.AR 2407.21325
cs.AR 2407.21367
cs.AR 2407.21661
cs.AR 2408.00741
cs.AR 2408.00327
cs.AR 2408.00462
cs.DC 2407.18358
cs.DC 2407.18365
cs.DC 2407.18352
cs.DC 2407.18386
cs.DC 2407.18387
cs.DC 2407.18795
cs.DC 2407.19103
cs.DC 2407.19175
cs.DC 2407.19193
cs.DC 2407.19234
cs.DC 2407.19721
cs.DC 2407.19775
cs.DC 2407.19961
cs.DC 2407.20181
cs.DC 2407.19117
cs.DC 2407.19125
cs.DC 2407.19389
cs.DC 2407.19562
cs.DC 2407.19732
cs.DC 2407.19863
cs.DC 2407.19928
cs.DC 2407.20018
cs.DC 2407.20212
cs.DC 2407.20474
cs.DC 2407.20539
cs.DC 2407.20611
cs.DC 2407.20537
cs.DC 2407.20573
cs.DC 2407.20710
cs.DC 2407.20980
cs.DC 2407.20983
cs.DC 2407.21266
cs.DC 2407.21418
cs.DC 2407.21255
cs.DC 2408.00050
cs.DC 2408.00280
cs.DC 2408.00722
cs.DC 2408.00741
cs.DC 2408.00006
cs.DC 2408.00008
cs.DC 2408.00014
cs.DC 2408.00018
cs.DC 2408.00047
cs.DC 2408.00232
cs.DC 2408.00411
cs.DC 2408.00568
cs.DC 2408.00731
cs.HC 2407.18278
cs.HC 2407.18290
cs.HC 2407.18378
cs.HC 2407.18380
cs.HC 2407.18563
cs.HC 2407.18764
cs.HC 2407.18325
cs.CV 2407.18362
cs.CV 2407.18363
cs.HC 2407.18376
cs.CV 2407.18390
cs.HC 2407.18427
cs.CV 2407.18428
cs.HC 2407.18548
cs.CV 2407.18449
cs.HC 2407.18705
cs.CV 2407.18456
cs.HC 2407.18803
cs.CV 2407.18524
cs.HC 2407.18874
cs.CV 2407.18552
cs.HC 2407.18889
cs.CV 2407.18555
cs.HC 2407.19082
cs.CV 2407.18626
cs.HC 2407.19427
cs.CV 2407.18908
cs.HC 2407.19435
cs.CV 2407.18911
cs.HC 2407.19438
cs.CV 2407.18288
cs.HC 2407.19459
cs.CV 2407.18289
cs.HC 2407.19631
cs.CV 2407.18290
cs.HC 2407.19726
cs.CV 2407.18338
cs.HC 2407.19893
cs.CV 2407.18381
cs.HC 2407.20046
cs.CV 2407.18391
cs.HC 2407.20130
cs.CV 2407.18392
cs.HC 2407.18918
cs.CV 2407.18437
cs.HC 2407.18934
cs.CV 2407.18443
cs.HC 2407.18938
cs.CV 2407.18450
cs.HC 2407.18943
cs.CV 2407.18466
cs.HC 2407.18945
cs.CV 2407.18487
cs.HC 2407.18953
cs.CV 2407.18492
cs.HC 2407.19065
cs.CV 2407.18497
cs.HC 2407.19070
cs.CV 2407.18500
cs.HC 2407.19098
cs.CV 2407.18520
cs.HC 2407.19351
cs.CV 2407.18534
cs.HC 2407.19364
cs.CV 2407.18554
cs.HC 2407.19464
cs.CV 2407.18559
cs.HC 2407.19492
cs.CV 2407.18568
cs.HC 2407.19516
cs.CV 2407.18574
cs.HC 2407.19525
cs.CV 2407.18589
cs.HC 2407.19537
cs.CV 2407.18590
cs.HC 2407.19569
cs.CV 2407.18593
cs.HC 2407.19586
cs.CV 2407.18595
cs.HC 2407.19728
cs.CV 2407.18611
cs.HC 2407.19843
cs.CV 2407.18613
cs.HC 2407.19976
cs.CV 2407.18614
cs.HC 2407.20054
cs.CV 2407.18616
cs.HC 2407.20103
cs.CV 2407.18637
cs.HC 2407.20250
cs.CV 2407.18656
cs.HC 2407.20439
cs.CV 2407.18658
cs.HC 2407.20513
cs.CV 2407.18665
cs.HC 2407.20542
cs.CV 2407.18667
cs.HC 2407.20845
cs.CV 2407.18673
cs.HC 2407.20900
cs.CV 2407.18682
cs.HC 2407.20990
cs.CV 2407.18695
cs.HC 2407.21010
cs.CV 2407.18715
cs.HC 2407.20390
cs.CV 2407.18792
cs.HC 2407.20519
cs.CV 2407.18798
cs.HC 2407.20522
cs.CV 2407.18821
cs.HC 2407.20570
cs.CV 2407.18839
cs.HC 2407.20571
cs.CV 2407.18854
cs.HC 2407.20608
cs.CV 2407.18899
cs.HC 2407.20637
cs.CV 2407.18906
cs.HC 2407.20666
cs.CV 2407.18907
cs.HC 2407.20674
cs.CV 2407.18914
cs.CV 2407.18995
cs.CV 2407.19044
cs.CV 2407.19082
cs.CV 2407.19097
cs.HC 2407.20712
cs.CV 2407.19113
cs.HC 2407.20735
cs.CV 2407.19114
cs.HC 2407.21170
cs.CV 2407.19186
cs.HC 2407.21282
cs.CV 2407.19192
cs.HC 2407.21592
cs.CV 2407.19198
cs.HC 2407.21615
cs.CV 2407.19269
cs.HC 2407.21767
cs.CV 2407.19282
cs.HC 2407.21125
cs.CV 2407.19284
cs.HC 2407.21199
cs.CV 2407.19316
cs.HC 2407.21209
cs.CV 2407.19327
cs.HC 2407.21285
cs.CV 2407.19409
cs.HC 2407.21299
cs.CV 2407.19410
cs.HC 2407.21404
cs.CV 2407.19428
cs.HC 2407.21481
cs.CV 2407.19475
cs.HC 2407.21521
cs.CV 2407.19510
cs.HC 2407.21593
cs.CV 2407.19518
cs.HC 2407.21665
cs.CV 2407.19617
cs.HC 2408.00169
cs.CV 2407.19646
cs.HC 2408.00686
cs.CV 2407.19763
cs.HC 2408.00085
cs.CV 2407.19773
cs.HC 2408.00170
cs.CV 2407.19795
cs.HC 2408.00238
cs.CV 2407.19821
cs.HC 2408.00242
cs.HC 2408.00292
cs.CV 2407.19877
cs.HC 2408.00328
cs.HC 2408.00447
cs.CV 2407.19970
cs.HC 2408.00512
cs.HC 2408.00525
cs.CV 2407.20021
cs.CV 2407.20086
cs.CV 2407.20108
cs.CV 2407.20114
cs.CV 2407.20172
cs.CV 2407.20179
cs.CV 2407.20198
cs.CV 2407.20213
cs.CV 2407.20230
cs.CV 2407.18925
cs.CV 2407.18941
cs.CV 2407.18946
cs.CV 2407.18949
cs.CV 2407.18951
cs.CV 2407.18955
cs.CV 2407.18970
cs.CV 2407.18999
cs.CV 2407.19001
cs.CV 2407.19014
cs.CV 2407.19034
cs.CV 2407.19035
cs.CV 2407.19072
cs.CV 2407.19077
cs.CV 2407.19079
cs.CV 2407.19108
cs.CV 2407.19139
cs.CV 2407.19148
cs.CV 2407.19154
cs.CV 2407.19156
cs.CV 2407.19166
cs.CV 2407.19174
cs.CV 2407.19178
cs.CV 2407.19180
cs.CV 2407.19184
cs.CV 2407.19185
cs.CV 2407.19205
cs.CV 2407.19225
cs.CV 2407.19244
cs.CV 2407.19259
cs.CV 2407.19271
cs.CV 2407.19274
cs.CV 2407.19294
cs.CV 2407.19305
cs.CV 2407.19306
cs.CV 2407.19308
cs.CV 2407.19310
cs.CV 2407.19323
cs.CV 2407.19340
cs.CV 2407.19370
cs.CV 2407.19385
cs.CV 2407.19394
cs.CV 2407.19397
cs.CV 2407.19402
cs.CV 2407.19430
cs.CV 2407.19434
cs.CV 2407.19435
cs.CV 2407.19436
cs.CV 2407.19451
cs.CV 2407.19453
cs.CV 2407.19460
cs.CV 2407.19468
cs.CV 2407.19471
cs.CV 2407.19472
cs.CV 2407.19474
cs.CV 2407.19491
cs.CV 2407.19493
cs.CV 2407.19497
cs.CV 2407.19507
cs.CV 2407.19512
cs.CV 2407.19514
cs.CV 2407.19520
cs.CV 2407.19524
cs.CV 2407.19542
cs.CV 2407.19546
cs.CV 2407.19547
cs.CV 2407.19548
cs.CV 2407.19551
cs.CV 2407.19553
cs.CV 2407.19564
cs.CV 2407.19593
cs.CV 2407.19605
cs.CV 2407.19628
cs.CV 2407.19650
cs.CV 2407.19651
cs.CV 2407.19652
cs.CV 2407.19660
cs.CV 2407.19666
cs.CV 2407.19674
cs.CV 2407.19675
cs.CV 2407.19679
cs.CV 2407.19694
cs.CV 2407.19696
cs.CV 2407.19698
cs.CV 2407.19708
cs.CV 2407.19714
cs.CV 2407.19719
cs.CV 2407.19746
cs.CV 2407.19752
cs.CV 2407.19753
cs.CV 2407.19768
cs.CV 2407.19774
cs.CV 2407.19787
cs.CV 2407.19789
cs.CV 2407.19809
cs.CV 2407.19811
cs.CV 2407.19812
cs.CV 2407.19820
cs.CV 2407.19832
cs.CV 2407.19837
cs.CV 2407.19849
cs.CV 2407.19875
cs.CV 2407.19888
cs.CV 2407.19889
cs.CV 2407.19894
cs.CV 2407.19913
cs.CV 2407.19918
cs.CV 2407.19938
cs.CV 2407.19953
cs.CV 2407.19981
cs.CV 2407.19985
cs.CV 2407.19992
cs.CV 2407.19996
cs.CV 2407.20013
cs.CV 2407.20020
cs.CV 2407.20034
cs.CV 2407.20062
cs.CV 2407.20078
cs.CV 2407.20080
cs.CV 2407.20090
cs.CV 2407.20099
cs.CV 2407.20141
cs.CV 2407.20171
cs.CV 2407.20174
cs.CV 2407.20175
cs.CV 2407.20214
cs.CV 2407.20219
cs.CV 2407.20223
cs.CV 2407.20228
cs.CV 2407.20229
cs.CV 2407.20232
cs.CV 2407.20387
cs.CV 2407.20399
cs.CV 2407.20421
cs.CV 2407.20495
cs.CV 2407.20518
cs.CV 2407.20596
cs.CV 2407.20695
cs.CV 2407.20705
cs.CV 2407.20766
cs.CV 2407.20830
cs.CV 2407.20868
cs.CV 2407.20878
cs.CV 2407.20891
cs.CV 2407.20917
cs.CV 2407.20937
cs.CV 2407.20990
cs.CV 2407.21004
cs.CV 2407.20268
cs.CV 2407.20336
cs.CV 2407.20337
cs.CV 2407.20341
cs.CV 2407.20372
cs.CV 2407.20391
cs.CV 2407.20395
cs.CV 2407.20427
cs.CV 2407.20437
cs.CV 2407.20446
cs.CV 2407.20455
cs.CV 2407.20461
cs.CV 2407.20502
cs.CV 2407.20505
cs.CV 2407.20515
cs.CV 2407.20542
cs.CV 2407.20545
cs.CV 2407.20563
cs.CV 2407.20566
cs.CV 2407.20582
cs.CV 2407.20592
cs.CV 2407.20600
cs.CV 2407.20623
cs.CV 2407.20633
cs.CV 2407.20642
cs.CV 2407.20643
cs.CV 2407.20647
cs.CV 2407.20653
cs.CV 2407.20657
cs.CV 2407.20660
cs.CV 2407.20662
cs.CV 2407.20664
cs.CV 2407.20693
cs.CV 2407.20727
cs.CV 2407.20728
cs.CV 2407.20730
cs.CV 2407.20732
cs.CV 2407.20749
cs.CV 2407.20756
cs.CV 2407.20784
cs.CV 2407.20785
cs.CV 2407.20799
cs.CV 2407.20818
cs.CV 2407.20836
cs.CV 2407.20843
cs.CV 2407.20845
cs.CV 2407.20853
cs.CV 2407.20855
cs.CV 2407.20870
cs.CV 2407.20872
cs.CV 2407.20876
cs.CV 2407.20892
cs.CV 2407.20908
cs.CV 2407.20920
cs.CV 2407.20928
cs.CV 2407.20950
cs.CV 2407.20959
cs.CV 2407.20962
cs.CV 2407.20987
cs.CV 2407.21001
cs.CV 2407.21002
cs.CV 2407.21011
cs.CV 2407.21016
cs.CV 2407.21017
cs.CV 2110.12509
cs.CV 2407.21033
cs.CV 2407.21121
cs.CV 2407.21149
cs.CV 2407.21159
cs.CV 2407.21216
cs.CV 2407.21220
cs.CV 2407.21233
cs.CV 2407.21244
cs.CV 2407.21263
cs.CV 2407.21267
cs.CV 2407.21272
cs.CV 2407.21323
cs.CV 2407.21328
cs.CV 2407.21343
cs.CV 2407.21374
cs.CV 2407.21381
cs.CV 2407.21385
cs.CV 2407.21391
cs.CV 2407.21394
cs.CV 2407.21452
cs.CV 2407.21490
cs.CV 2407.21516
cs.CV 2407.21600
cs.CV 2407.21638
cs.CV 2407.21640
cs.CV 2407.21738
cs.CV 2407.21740
cs.CV 2407.21783
cs.CV 2407.21027
cs.CV 2407.21032
cs.CV 2407.21035
cs.CV 2407.21047
cs.CV 2407.21126
cs.CV 2407.21136
cs.CV 2407.21150
cs.CV 2407.21174
cs.CV 2407.21229
cs.CV 2407.21252
cs.CV 2407.21256
cs.CV 2407.21266
cs.CV 2407.21273
cs.CV 2407.21284
cs.CV 2407.21289
cs.CV 2407.21293
cs.CV 2407.21308
cs.CV 2407.21311
cs.CV 2407.21317
cs.CV 2407.21331
cs.CV 2407.21333
cs.CV 2407.21335
cs.CV 2407.21341
cs.CV 2407.21351
cs.CV 2407.21363
cs.CV 2407.21368
cs.CV 2407.21402
cs.CV 2407.21408
cs.CV 2407.21416
cs.CV 2407.21422
cs.CV 2407.21432
cs.CV 2407.21436
cs.CV 2407.21438
cs.CV 2407.21448
cs.CV 2407.21450
cs.CV 2407.21454
cs.CV 2407.21465
cs.CV 2407.21467
cs.CV 2407.21475
cs.CV 2407.21497
cs.CV 2407.21498
cs.CV 2407.21510
cs.CV 2407.21517
cs.CV 2407.21519
cs.CV 2407.21525
cs.CV 2407.21534
cs.CV 2407.21554
cs.CV 2407.21577
cs.CV 2407.21580
cs.CV 2407.21581
cs.CV 2407.21586
cs.CV 2407.21596
cs.CV 2407.21604
cs.CV 2407.21616
cs.CV 2407.21631
cs.CV 2407.21652
cs.CV 2407.21654
cs.CV 2407.21666
cs.CV 2407.21674
cs.CV 2407.21686
cs.CV 2407.21687
cs.CV 2407.21691
cs.CV 2407.21703
cs.CV 2407.21705
cs.CV 2407.21720
cs.CV 2407.21735
cs.CV 2407.21739
cs.CV 2407.21757
cs.CV 2407.21771
cs.CV 2407.21773
cs.CV 2407.21788
cs.CV 2407.21794
cs.CV 2408.00150
cs.CV 2408.00160
cs.CV 2408.00221
cs.CV 2408.00255
cs.CV 2408.00273
cs.CV 2408.00283
cs.CV 2408.00315
cs.CV 2408.00343
cs.CV 2408.00365
cs.CV 2408.00374
cs.CV 2408.00380
cs.CV 2408.00415
cs.CV 2408.00483
cs.CV 2408.00491
cs.CV 2408.00538
cs.CV 2408.00591
cs.CV 2408.00624
cs.CV 2408.00639
cs.CV 2408.00640
cs.CV 2408.00001
cs.CV 2408.00002
cs.CV 2408.00083
cs.CV 2408.00096
cs.CV 2408.00106
cs.CV 2408.00112
cs.CV 2408.00117
cs.CV 2408.00169
cs.CV 2408.00181
cs.CV 2408.00191
cs.CV 2408.00203
cs.CV 2408.00210
cs.CV 2408.00249
cs.CV 2408.00254
cs.CV 2408.00258
cs.CV 2408.00279
cs.CV 2408.00286
cs.CV 2408.00288
cs.CV 2408.00290
cs.CV 2408.00294
cs.CV 2408.00296
cs.CV 2408.00297
cs.CV 2408.00298
cs.CV 2408.00300
cs.CV 2408.00303
cs.CV 2408.00311
cs.CV 2408.00331
cs.CV 2408.00332
cs.CV 2408.00337
cs.CV 2408.00347
cs.CV 2408.00350
cs.CV 2408.00351
cs.CV 2408.00352
cs.CV 2408.00355
cs.CV 2408.00361
cs.CV 2408.00372
cs.CV 2408.00388
cs.CV 2408.00418
cs.CV 2408.00420
cs.CV 2408.00427
cs.CV 2408.00438
cs.CV 2408.00441
cs.CV 2408.00458
cs.CV 2408.00470
cs.CV 2408.00489
cs.CV 2408.00493
cs.CV 2408.00496
cs.CV 2408.00498
cs.CV 2408.00550
cs.CV 2408.00555
cs.CV 2408.00565
cs.CV 2408.00599
cs.CV 2408.00619
cs.CV 2408.00620
cs.CV 2408.00629
cs.CV 2408.00636
cs.CV 2408.00644
cs.CV 2408.00653
cs.CV 2408.00672
cs.CV 2408.00677
cs.CV 2408.00701
cs.CV 2408.00706
cs.CV 2408.00707
cs.CV 2408.00712
cs.CV 2408.00714
cs.CV 2408.00735
cs.CV 2408.00738
cs.CV 2408.00744
cs.CV 2408.00749
cs.CV 2408.00754
cs.CV 2408.00756
cs.CV 2408.00759
cs.CV 2408.00760
cs.CV 2408.00762
cs.CV 2408.00765
cs.CV 2408.00766
cs.CL 2407.18324
cs.CL 2407.18332
cs.CL 2407.18369
cs.CL 2407.18370
cs.CL 2407.18376
cs.CL 2407.18461
cs.CL 2407.18552
cs.CL 2407.18712
cs.CL 2407.18887
cs.CL 2407.18901
cs.CL 2407.18908
cs.CL 2407.18322
cs.CL 2407.18328
cs.CL 2407.18367
cs.CL 2407.18416
cs.CL 2407.18418
cs.CL 2407.18421
cs.CL 2407.18442
cs.CL 2407.18454
cs.CL 2407.18471
cs.CL 2407.18479
cs.CL 2407.18483
cs.CL 2407.18496
cs.CL 2407.18498
cs.CL 2407.18501
cs.CL 2407.18525
cs.CL 2407.18538
cs.CL 2407.18540
cs.CL 2407.18562
cs.CL 2407.18581
cs.CL 2407.18626
cs.CL 2407.18689
cs.CL 2407.18698
cs.CL 2407.18716
cs.CL 2407.18730
cs.CL 2407.18738
cs.CL 2407.18743
cs.CL 2407.18752
cs.CL 2407.18786
cs.CL 2407.18789
cs.CL 2407.18930
cs.CL 2407.18940
cs.CL 2407.19041
cs.CL 2407.19198
cs.CL 2407.19256
cs.CL 2407.19342
cs.CL 2407.19346
cs.CL 2407.19435
cs.CL 2407.19474
cs.CL 2407.19580
cs.CL 2407.19616
cs.CL 2407.19687
cs.CL 2407.19775
cs.CL 2407.19832
cs.CL 2407.19842
cs.CL 2407.19897
cs.CL 2407.20177
cs.CL 2407.20189
cs.CL 2407.18920
cs.CL 2407.19056
cs.CL 2407.19089
cs.CL 2407.19164
cs.CL 2407.19173
cs.CL 2407.19192
cs.CL 2407.19196
cs.CL 2407.19200
cs.CL 2407.19262
cs.CL 2407.19299
cs.CL 2407.19302
cs.CL 2407.19325
cs.CL 2407.19345
cs.CL 2407.19400
cs.CL 2407.19409
cs.CL 2407.19526
cs.CL 2407.19527
cs.CL 2407.19528
cs.CL 2407.19568
cs.CL 2407.19584
cs.CL 2407.19594
cs.CL 2407.19600
cs.CL 2407.19625
cs.CL 2407.19638
cs.CL 2407.19669
cs.CL 2407.19670
cs.CL 2407.19672
cs.CL 2407.19705
cs.CL 2407.19726
cs.CL 2407.19740
cs.CL 2407.19760
cs.CL 2407.19779
cs.CL 2407.19794
cs.CL 2407.19795
cs.CL 2407.19798
cs.CL 2407.19807
cs.CL 2407.19808
cs.CL 2407.19813
cs.CL 2407.19816
cs.CL 2407.19825
cs.CL 2407.19835
cs.CL 2407.19884
cs.CL 2407.19914
cs.CL 2407.19947
cs.CL 2407.19967
cs.CL 2407.19984
cs.CL 2407.19998
cs.CL 2407.20046
cs.CL 2407.20076
cs.CL 2407.20083
cs.CL 2407.20183
cs.CL 2407.20207
cs.CL 2407.20224
cs.CL 2407.20271
cs.CL 2407.20274
cs.CL 2407.20311
cs.CL 2407.20341
cs.CL 2407.20371
cs.CL 2407.20454
cs.CL 2407.20516
cs.CL 2407.20556
cs.CL 2407.20595
cs.CL 2407.20608
cs.CL 2407.20657
cs.CL 2407.20685
cs.CL 2407.20700
cs.CL 2407.20750
cs.CL 2407.20756
cs.CL 2407.20899
cs.CL 2407.20990
cs.CL 2407.20243
cs.CL 2407.20244
cs.CL 2407.20248
cs.CL 2407.20272
cs.CL 2407.20382
cs.CL 2407.20413
cs.CL 2407.20438
cs.CL 2407.20485
cs.CL 2407.20513
cs.CL 2407.20524
cs.CL 2407.20564
cs.CL 2407.20578
cs.CL 2407.20581
cs.CL 2407.20584
cs.CL 2407.20588
cs.CL 2407.20622
cs.CL 2407.20654
cs.CL 2407.20663
cs.CL 2407.20673
cs.CL 2407.20729
cs.CL 2407.20743
cs.CL 2407.20884
cs.CL 2407.20906
cs.CL 2407.20910
cs.CL 2407.21004
cs.CL 2407.21018
cs.CL 2407.21024
cs.CL 2407.21033
cs.CL 2407.21040
cs.CL 2407.21072
cs.CL 2407.21073
cs.CL 2407.21075
cs.CL 2407.21191
cs.CL 2407.21229
cs.CL 2407.21276
cs.CL 2407.21368
cs.CL 2407.21414
cs.CL 2407.21439
cs.CL 2407.21452
cs.CL 2407.21512
cs.CL 2407.21531
cs.CL 2407.21783
cs.CL 2407.21788
cs.CL 2407.21792
cs.CL 2407.21037
cs.CL 2407.21038
cs.CL 2407.21039
cs.CL 2407.21041
cs.CL 2407.21043
cs.CL 2407.21045
cs.CL 2407.21046
cs.CL 2407.21048
cs.CL 2407.21049
cs.CL 2407.21050
cs.CL 2407.21051
cs.CL 2407.21052
cs.CL 2407.21053
cs.CL 2407.21054
cs.CL 2407.21055
cs.CL 2407.21056
cs.CL 2407.21057
cs.CL 2407.21058
cs.CL 2407.21059
cs.CL 2407.21060
cs.CL 2407.21061
cs.CL 2407.21065
cs.CL 2407.21066
cs.CL 2407.21068
cs.CL 2407.21070
cs.CL 2407.21077
cs.CL 2407.21082
cs.CL 2407.21092
cs.CL 2407.21139
cs.CL 2407.21153
cs.CL 2407.21170
cs.CL 2407.21248
cs.CL 2407.21264
cs.CL 2407.21315
cs.CL 2407.21330
cs.CL 2407.21384
cs.CL 2407.21417
cs.CL 2407.21424
cs.CL 2407.21441
cs.CL 2407.21443
cs.CL 2407.21476
cs.CL 2407.21489
cs.CL 2407.21491
cs.CL 2407.21530
cs.CL 2407.21536
cs.CL 2407.21560
cs.CL 2407.21571
cs.CL 2407.21630
cs.CL 2407.21633
cs.CL 2407.21646
cs.CL 2407.21659
cs.CL 2407.21669
cs.CL 2407.21712
cs.CL 2407.21772
cs.CL 2408.00004
cs.CL 2408.00005
cs.CL 2408.00016
cs.CL 2408.00113
cs.CL 2408.00162
cs.CL 2408.00197
cs.CL 2408.00203
cs.CL 2408.00230
cs.CL 2408.00307
cs.CL 2408.00534
cs.CL 2408.00550
cs.CL 2408.00555
cs.CL 2408.00620
cs.CL 2408.00624
cs.CL 2408.00655
cs.CL 2408.00761
cs.CL 2408.00765
cs.CL 2408.00103
cs.CL 2408.00118
cs.CL 2408.00122
cs.CL 2408.00137
cs.CL 2408.00144
cs.CL 2408.00161
cs.CL 2408.00205
cs.CL 2408.00244
cs.CL 2408.00264
cs.CL 2408.00274
cs.CL 2408.00283
cs.CL 2408.00284
cs.CL 2408.00357
cs.CL 2408.00397
cs.CL 2408.00491
cs.CL 2408.00539
cs.CL 2408.00584
cs.CL 2408.00588
cs.CL 2408.00612
cs.CL 2408.00662
cs.CL 2408.00675
cs.CL 2408.00684
cs.CL 2408.00690
cs.CL 2408.00727
cs.CL 2408.00728
cs.CL 2408.00764
cs.IR 2407.18327
cs.IR 2407.18331
cs.IR 2407.18471
cs.IR 2407.18646
cs.IR 2407.18735
cs.IR 2407.18910
cs.IR 2407.18383
cs.IR 2407.18470
cs.IR 2407.18472
cs.IR 2407.18553
cs.IR 2407.18827
cs.IR 2407.18898
cs.IR 2407.19090
cs.IR 2407.19099
cs.IR 2407.19669
cs.IR 2407.19812
cs.IR 2407.19823
cs.IR 2407.19914
cs.IR 2407.19943
cs.IR 2407.20207
cs.IR 2407.18937
cs.IR 2407.18940
cs.IR 2407.19239
cs.IR 2407.19467
cs.IR 2407.19469
cs.IR 2407.19658
cs.IR 2407.19682
cs.IR 2407.19692
cs.IR 2407.19727
cs.IR 2407.19829
cs.IR 2407.19937
cs.IR 2407.20114
cs.IR 2407.20121
cs.IR 2407.20189
cs.IR 2407.20462
cs.IR 2407.20665
cs.IR 2407.20684
cs.IR 2407.20750
cs.IR 2407.20856
cs.IR 2407.21038
cs.IR 2407.21056
cs.IR 2407.21059
cs.IR 2407.21065
cs.IR 2407.21359
cs.IR 2407.21712
cs.IR 2407.21022
cs.IR 2407.21024
cs.IR 2407.21026
cs.IR 2407.21033
cs.IR 2407.21034
cs.IR 2407.21191
cs.IR 2407.21300
cs.IR 2407.21364
cs.IR 2407.21430
cs.IR 2407.21488
cs.IR 2407.21515
cs.IR 2407.21758
cs.IR 2408.00056
cs.IR 2408.00294
cs.IR 2408.00305
cs.IR 2408.00326
cs.IR 2408.00337
cs.IR 2408.00447
cs.IR 2408.00473
cs.IR 2408.00490
cs.IR 2408.00038
cs.IR 2408.00123
cs.IR 2408.00166
cs.IR 2408.00247
cs.IR 2408.00312
cs.MA 2407.18515
cs.MA 2407.18547
cs.MA 2407.18957
cs.MA 2407.19128
cs.MA 2407.19162
cs.MA 2407.19163
cs.MA 2407.19144
cs.MA 2407.20004
cs.MA 2407.20187
cs.MA 2407.20739
cs.MA 2407.20770
cs.MA 2407.20441
cs.MA 2407.21294
cs.MA 2407.21307
cs.MA 2408.00317
cs.MA 2408.00682
cs.CR 2407.18462
cs.CR 2407.18353
cs.CR 2407.18378
cs.CR 2407.18380
cs.CR 2407.18445
cs.CR 2407.18503
cs.CR 2407.18639
cs.CR 2407.18679
cs.CR 2407.18699
cs.CR 2407.18760
cs.CR 2407.18832
cs.CR 2407.18858
cs.CR 2407.19119
cs.CR 2407.19147
cs.CR 2407.19155
cs.CR 2407.19193
cs.CR 2407.19286
cs.CR 2407.19364
cs.CR 2407.19377
cs.CR 2407.19428
cs.CR 2407.19677
cs.CR 2407.19775
cs.CR 2407.19828
cs.CR 2407.19842
cs.CR 2407.19845
cs.CR 2407.20100
cs.CR 2407.20105
cs.CR 2407.18923
cs.CR 2407.18966
cs.CR 2407.18981
cs.CR 2407.18982
cs.CR 2407.18995
cs.CR 2407.19121
cs.CR 2407.19153
cs.CR 2407.19203
cs.CR 2407.19212
cs.CR 2407.19215
cs.CR 2407.19216
cs.CR 2407.19222
cs.CR 2407.19354
cs.CR 2407.19365
cs.CR 2407.19392
cs.CR 2407.19401
cs.CR 2407.19459
cs.CR 2407.19479
cs.CR 2407.19556
cs.CR 2407.19572
cs.CR 2407.19639
cs.CR 2407.19662
cs.CR 2407.19687
cs.CR 2407.19703
cs.CR 2407.19871
cs.CR 2407.19926
cs.CR 2407.19960
cs.CR 2407.19961
cs.CR 2407.19979
cs.CR 2407.20068
cs.CR 2407.20181
cs.CR 2407.17053
cs.CR 2407.20529
cs.CR 2407.20695
cs.CR 2407.20836
cs.CR 2407.20910
cs.CR 2407.20980
cs.CR 2407.20983
cs.CR 2407.20361
cs.CR 2407.20459
cs.CR 2407.20544
cs.CR 2407.20859
cs.CR 2407.20874
cs.CR 2407.20968
cs.CR 2407.20969
cs.CR 2407.21034
cs.CR 2407.21073
cs.CR 2407.21151
cs.CR 2407.21220
cs.CR 2407.21248
cs.CR 2407.21347
cs.CR 2407.21141
cs.CR 2407.21187
cs.CR 2407.21316
cs.CR 2407.21398
cs.CR 2407.21559
cs.CR 2407.21624
cs.CR 2408.00054
cs.CR 2408.00312
cs.CR 2408.00341
cs.CR 2408.00435
cs.CR 2408.00728
cs.CR 2408.00124
cs.CR 2408.00129
cs.CR 2408.00193
cs.CR 2408.00197
cs.CR 2408.00243
cs.CR 2408.00255
cs.CR 2408.00348
cs.CR 2408.00395
cs.CR 2408.00443
cs.CR 2408.00499
cs.CR 2408.00500
cs.CR 2408.00502
cs.CR 2408.00523
cs.CR 2408.00722
cs.CC 2407.17947
cs.CC 2407.18006
cs.CC 2407.18201
cs.CC 2407.18974
cs.CC 2407.19561
cs.CC 2407.19575
cs.CC 2407.19608
cs.CC 2407.20031
cs.CC 2407.19102
cs.CC 2407.19793
cs.CC 2407.20204
cs.CC 2407.21005
cs.CC 2407.21203
cs.CC 2408.00243
cs.IT 2407.18488
cs.IT 2407.18531
cs.IT 2407.18570
cs.IT 2407.18802
cs.IT 2407.18906
cs.IT 2407.18489
cs.IT 2407.18588
cs.IT 2407.18766
cs.IT 2407.18806
cs.IT 2407.18809
cs.IT 2407.18964
cs.IT 2407.19218
cs.IT 2407.19290
cs.IT 2407.19503
cs.IT 2407.20130
cs.IT 2407.18929
cs.IT 2407.18931
cs.IT 2407.19446
cs.IT 2407.19480
cs.IT 2407.19484
cs.IT 2407.19511
cs.IT 2407.19560
cs.IT 2407.19718
cs.IT 2407.19758
cs.IT 2407.19934
cs.IT 2407.20052
cs.IT 2407.20170
cs.IT 2407.20611
cs.IT 2407.20770
cs.IT 2407.20778
cs.IT 2407.20463
cs.IT 2407.20523
cs.IT 2407.20901
cs.IT 2407.20914
cs.IT 2407.21151
cs.IT 2407.21135
cs.IT 2407.21162
cs.IT 2407.21301
cs.IT 2407.21444
cs.IT 2407.21470
cs.IT 2407.21478
cs.IT 2407.21479
cs.IT 2407.21732
cs.IT 2408.00217
cs.IT 2408.00379
cs.IT 2408.00436
cs.IT 2408.00439
cs.IT 2408.00293
cs.IT 2408.00381
cs.IT 2408.00385
cs.IT 2408.00400
cs.IT 2408.00413
cs.IT 2408.00542
cs.IT 2408.00575
cs.IT 2408.00600
cs.IT 2408.00634
cs.NI 2407.18306
cs.NI 2407.18806
cs.NI 2407.18809
cs.NI 2407.18323
cs.NI 2407.18342
cs.NI 2407.18683
cs.NI 2407.19459
cs.NI 2407.19556
cs.NI 2407.19871
cs.NI 2407.20100
cs.NI 2407.18921
cs.NI 2407.19051
cs.NI 2407.19721
cs.NI 2407.19739
cs.NI 2407.20045
cs.NI 2407.20089
cs.NI 2407.20443
cs.NI 2407.20772
cs.NI 2407.20494
cs.NI 2407.20585
cs.NI 2407.20652
cs.NI 2407.20778
cs.NI 2407.20840
cs.NI 2407.20852
cs.NI 2407.20945
cs.NI 2407.20970
cs.NI 2407.21026
cs.NI 2407.21204
cs.NI 2407.21224
cs.NI 2407.21181
cs.NI 2407.21324
cs.NI 2407.21352
cs.NI 2407.21513
cs.NI 2407.21625
cs.NI 2407.21751
cs.NI 2408.00029
cs.NI 2408.00256
cs.NI 2408.00568
cs.NI 2408.00054
cs.NI 2408.00223
cs.NI 2408.00480
cs.NI 2408.00553
cs.NI 2408.00621
cs.PF 2407.18387
cs.PF 2407.19125
cs.PF 2407.19562
cs.PF 2407.20717
cs.PF 2407.20731
cs.PF 2407.21231
cs.PF 2407.21552
cs.PF 2408.00223
cs.CE 2407.18327
cs.CE 2407.18336
cs.CE 2407.18691
cs.CE 2407.18814
cs.CE 2407.18870
cs.CE 2407.18903
cs.CE 2407.19099
cs.CE 2407.19320
cs.CE 2407.20036
cs.CE 2407.20212
cs.CE 2407.19074
cs.CE 2407.19283
cs.CE 2407.19376
cs.CE 2407.19684
cs.CE 2407.19686
cs.CE 2407.19776
cs.CE 2407.19802
cs.CE 2407.19916
cs.CE 2407.20265
cs.CE 2407.20717
cs.CE 2407.20731
cs.CE 2407.20801
cs.CE 2407.20679
cs.CE 2407.21707
cs.CE 2408.00507
cs.CE 2408.00571
cs.CE 2408.00707
cs.CE 2408.00378
cs.CE 2408.00510
cs.LO 2407.18498
cs.LO 2407.18723
cs.LO 2407.18848
cs.LO 2407.18420
cs.LO 2407.19211
cs.LO 2407.19911
cs.LO 2407.20031
cs.LO 2407.20410
cs.LO 2407.20559
cs.LO 2407.20754
cs.LO 2407.21556
cs.LO 2407.21029
cs.LO 2407.21169
cs.LO 2408.00147
cs.LO 2408.00262
cs.NA 2407.18665
cs.NA 2407.18681
cs.NA 2407.18717
cs.NA 2407.18313
cs.NA 2407.18419
cs.NA 2407.18434
cs.NA 2407.18457
cs.NA 2407.18511
cs.NA 2407.18514
cs.NA 2407.18529
cs.NA 2407.18557
cs.NA 2407.18594
cs.NA 2407.18671
cs.NA 2407.18816
cs.NA 2407.18820
cs.NA 2407.18857
cs.NA 2407.18886
cs.NA 2407.19064
cs.NA 2407.19100
cs.NA 2407.19223
cs.NA 2407.19916
cs.NA 2407.20195
cs.NA 2407.18963
cs.NA 2407.19101
cs.NA 2407.19116
cs.NA 2407.19146
cs.NA 2407.19169
cs.NA 2407.19217
cs.NA 2407.19226
cs.NA 2407.19272
cs.NA 2407.19273
cs.NA 2407.19275
cs.NA 2407.19315
cs.NA 2407.19350
cs.NA 2407.19382
cs.NA 2407.19386
cs.NA 2407.19437
cs.NA 2407.19442
cs.NA 2407.19529
cs.NA 2407.19599
cs.NA 2407.19640
cs.NA 2407.19645
cs.NA 2407.19707
cs.NA 2407.19748
cs.NA 2407.19864
cs.NA 2407.20044
cs.NA 2407.20155
cs.NA 2407.20353
cs.NA 2407.20362
cs.NA 2407.20520
cs.NA 2407.20741
cs.NA 2407.20886
cs.NA 2407.20356
cs.NA 2407.20417
cs.NA 2407.20424
cs.NA 2407.20490
cs.NA 2407.20625
cs.NA 2407.20655
cs.NA 2407.20698
cs.NA 2407.20702
cs.NA 2407.20966
cs.NA 2407.21021
cs.NA 2407.21642
cs.NA 2407.21680
cs.NA 2407.21707
cs.NA 2407.21084
cs.NA 2407.21085
cs.NA 2407.21283
cs.NA 2407.21297
cs.NA 2407.21505
cs.NA 2407.21594
cs.NA 2407.21595
cs.NA 2407.21603
cs.NA 2407.21637
cs.NA 2407.21672
cs.NA 2407.21722
cs.NA 2407.21766
cs.NA 2408.00235
cs.NA 2408.00130
cs.NA 2408.00212
cs.NA 2408.00304
cs.NA 2408.00392
cs.NA 2408.00396
cs.NA 2408.00450
cs.NA 2408.00488
cs.NA 2408.00497
cs.NA 2408.00533
cs.NA 2408.00559
cs.NA 2408.00581
cs.NA 2408.00627
cs.NA 2408.00671
cs.NA 2408.00693
cs.PL 2407.16801
cs.PL 2407.16847
cs.PL 2407.17853
cs.PL 2407.18220
cs.PL 2407.20002
cs.PL 2407.20410
cs.PL 2408.00354
cs.SE 2407.18657
cs.SE 2407.18728
cs.SE 2407.18749
cs.SE 2407.18760
cs.SE 2407.18431
cs.SE 2407.18502
cs.SE 2407.18512
cs.SE 2407.18521
cs.SE 2407.18584
cs.SE 2407.18756
cs.SE 2407.18779
cs.SE 2407.18877
cs.SE 2407.18888
cs.SE 2407.18901
cs.SE 2407.18934
cs.SE 2407.19117
cs.SE 2407.19216
cs.SE 2407.19619
cs.SE 2407.18977
cs.SE 2407.19053
cs.SE 2407.19055
cs.SE 2407.19087
cs.SE 2407.19261
cs.SE 2407.19292
cs.SE 2407.19318
cs.SE 2407.19487
cs.SE 2407.19711
cs.SE 2407.19901
cs.SE 2407.20042
cs.SE 2407.20281
cs.SE 2407.20571
cs.SE 2407.20623
cs.SE 2407.20884
cs.SE 2407.20696
cs.SE 2407.20898
cs.SE 2407.20900
cs.SE 2407.20924
cs.SE 2407.21007
cs.SE 2407.21040
cs.SE 2407.21569
cs.SE 2407.21069
cs.SE 2407.21127
cs.SE 2407.21152
cs.SE 2407.21224
cs.SE 2407.21227
cs.SE 2407.21241
cs.SE 2407.21369
cs.SE 2407.21429
cs.SE 2407.21494
cs.SE 2407.21579
cs.SE 2407.21621
cs.SE 2408.00686
cs.SE 2408.00019
cs.SE 2408.00153
cs.SE 2408.00433
cs.SE 2408.00435
cs.SE 2408.00440
cs.SE 2408.00463
cs.SE 2408.00501
cs.SE 2408.00645
cs.SE 2408.00703
cs.SE 2408.00705
cs.OS 2407.02764
cs.OS 2407.09555
cs.OS 2407.10098
cs.OS 2407.14567
cs.OS 2407.18306
cs.OS 2407.18431
cs.OS 2408.00341
cs.SD 2407.18332
cs.SD 2407.18413
cs.SD 2407.18501
cs.SD 2407.18552
cs.SD 2407.18732
cs.SD 2407.18424
cs.SD 2407.18461
cs.SD 2407.18517
cs.SD 2407.18541
cs.SD 2407.18571
cs.SD 2407.18879
cs.SD 2407.18926
cs.SD 2407.18927
cs.SD 2407.19485
cs.SD 2407.19677
cs.SD 2407.19704
cs.SD 2407.19834
cs.SD 2407.18985
cs.SD 2407.19224
cs.SD 2407.19265
cs.SD 2407.19823
cs.SD 2407.19862
cs.SD 2407.19900
cs.SD 2407.20111
cs.SD 2407.20176
cs.SD 2407.20535
cs.SD 2407.20592
cs.SD 2407.20622
cs.SD 2407.20765
cs.SD 2407.20962
cs.SD 2407.20445
cs.SD 2407.20530
cs.SD 2407.20808
cs.SD 2407.20883
cs.SD 2407.20955
cs.SD 2407.20989
cs.SD 2407.21054
cs.SD 2407.21061
cs.SD 2407.21066
cs.SD 2407.21130
cs.SD 2407.21211
cs.SD 2407.21453
cs.SD 2407.21476
cs.SD 2407.21491
cs.SD 2407.21646
cs.SD 2407.21391
cs.SD 2407.21531
cs.SD 2407.21545
cs.SD 2407.21611
cs.SD 2407.21615
cs.SD 2407.21658
cs.SD 2408.00005
cs.SD 2408.00016
cs.SD 2408.00284
cs.SD 2408.00370
cs.SD 2408.00196
cs.SD 2408.00325
cs.SD 2408.00344
cs.SD 2408.00473
cs.SD 2408.00674
cs.RO 2407.18749
cs.RO 2407.18762
cs.RO 2407.18309
cs.RO 2407.18357
cs.RO 2407.18451
cs.RO 2407.18535
cs.RO 2407.18545
cs.RO 2407.18550
cs.RO 2407.18551
cs.RO 2407.18558
cs.RO 2407.18563
cs.RO 2407.18569
cs.RO 2407.18661
cs.RO 2407.18703
cs.RO 2407.18813
cs.RO 2407.18834
cs.RO 2407.18843
cs.RO 2407.18892
cs.RO 2407.18902
cs.RO 2407.18911
cs.RO 2407.19094
cs.RO 2407.19142
cs.RO 2407.19144
cs.RO 2407.19280
cs.RO 2407.19292
cs.RO 2407.19335
cs.RO 2407.19435
cs.RO 2407.19496
cs.RO 2407.19564
cs.RO 2407.19631
cs.RO 2407.20223
cs.RO 2407.20230
cs.RO 2407.18962
cs.RO 2407.19046
cs.RO 2407.19071
cs.RO 2407.19128
cs.RO 2407.19162
cs.RO 2407.19163
cs.RO 2407.19175
cs.RO 2407.19279
cs.RO 2407.19463
cs.RO 2407.19510
cs.RO 2407.19518
cs.RO 2407.19681
cs.RO 2407.19819
cs.RO 2407.19826
cs.RO 2407.19877
cs.RO 2407.19902
cs.RO 2407.19907
cs.RO 2407.19975
cs.RO 2407.20000
cs.RO 2407.20041
cs.RO 2407.20156
cs.RO 2407.20164
cs.RO 2407.20179
cs.RO 2407.20194
cs.RO 2407.20203
cs.RO 2407.20213
cs.RO 2407.20242
cs.RO 2407.20391
cs.RO 2407.20732
cs.RO 2407.20798
cs.RO 2407.20439
cs.RO 2407.20465
cs.RO 2407.20556
cs.RO 2407.20619
cs.RO 2407.20635
cs.RO 2407.20709
cs.RO 2407.21069
cs.RO 2407.21126
cs.RO 2407.21385
cs.RO 2407.21416
cs.RO 2407.21432
cs.RO 2407.21569
cs.RO 2407.21778
cs.RO 2407.21172
cs.RO 2407.21244
cs.RO 2407.21245
cs.RO 2407.21267
cs.RO 2407.21310
cs.RO 2407.21339
cs.RO 2407.21348
cs.RO 2407.21374
cs.RO 2407.21401
cs.RO 2407.21452
cs.RO 2407.21500
cs.RO 2407.21512
cs.RO 2407.21540
cs.RO 2407.21570
cs.RO 2407.21676
cs.RO 2407.21734
cs.RO 2407.21748
cs.RO 2407.21762
cs.RO 2407.21781
cs.RO 2408.00117
cs.RO 2408.00332
cs.RO 2408.00370
cs.RO 2408.00048
cs.RO 2408.00090
cs.RO 2408.00151
cs.RO 2408.00178
cs.RO 2408.00215
cs.RO 2408.00275
cs.RO 2408.00342
cs.RO 2408.00343
cs.RO 2408.00415
cs.RO 2408.00486
cs.RO 2408.00494
cs.RO 2408.00538
cs.RO 2408.00545
cs.RO 2408.00606
cs.RO 2408.00610
cs.RO 2408.00638
cs.RO 2408.00642
stat.AP 2407.18268
stat.AP 2407.18389
stat.AP 2407.18699
stat.AP 2407.18835
stat.AP 2407.18360
stat.AP 2407.18377
stat.AP 2407.18572
stat.AP 2407.18943
stat.AP 2407.18964
stat.AP 2407.19054
stat.AP 2407.19135
stat.AP 2407.19498
stat.AP 2407.19558
stat.AP 2407.19618
stat.AP 2407.19858
stat.AP 2407.19975
stat.AP 2407.19218
stat.AP 2407.19321
stat.AP 2407.19761
stat.AP 2407.20210
stat.AP 2407.20235
stat.AP 2407.20520
stat.AP 2407.20665
stat.AP 2407.20929
stat.AP 2407.20295
stat.AP 2407.21000
stat.AP 2407.21067
stat.AP 2407.21286
stat.AP 2407.21307
stat.AP 2407.21588
stat.AP 2407.21651
stat.AP 2407.21242
stat.AP 2407.21303
stat.AP 2408.00139
stat.AP 2408.00618
stat.AP 2408.00055
stat.AP 2408.00507
stat.AP 2408.00734
cs.LG 2403.10760
cs.LG 2407.17663
cs.LG 2407.18267
cs.LG 2407.18269
cs.LG 2407.18272
cs.LG 2407.18277
cs.LG 2407.18287
cs.LG 2407.18322
cs.LG 2407.18332
cs.LG 2407.18334
cs.LG 2407.18353
cs.LG 2407.18362
cs.LG 2407.18372
cs.LG 2407.18387
cs.LG 2407.18413
cs.LG 2407.18416
cs.LG 2407.18421
cs.LG 2407.18424
cs.LG 2407.18426
cs.LG 2407.18449
cs.LG 2407.18450
cs.LG 2407.18454
cs.LG 2407.18471
cs.LG 2407.18472
cs.LG 2407.18496
cs.LG 2407.18501
cs.LG 2407.18525
cs.LG 2407.18552
cs.LG 2407.18569
cs.LG 2407.18607
cs.LG 2407.18629
cs.LG 2407.18639
cs.LG 2407.18648
cs.LG 2407.18650
cs.LG 2407.18658
cs.LG 2407.18673
cs.LG 2407.18682
cs.LG 2407.18698
cs.LG 2407.18712
cs.LG 2407.18732
cs.LG 2407.18792
cs.LG 2407.18798
cs.LG 2407.18802
cs.LG 2407.18808
cs.LG 2407.18811
cs.LG 2407.18821
cs.LG 2407.18838
cs.LG 2407.18879
cs.LG 2407.18889
cs.LG 2407.18899
cs.LG 2407.18901
cs.LG 2407.18902
cs.LG 2407.18906
cs.LG 2407.18909
cs.LG 2407.18284
cs.LG 2407.18317
cs.LG 2407.18324
cs.LG 2407.18343
cs.LG 2407.18358
cs.LG 2407.18365
cs.LG 2407.18370
cs.LG 2407.18373
cs.LG 2407.18384
cs.LG 2407.18397
cs.LG 2407.18402
cs.LG 2407.18407
cs.LG 2407.18414
cs.LG 2407.18423
cs.LG 2407.18428
cs.LG 2407.18433
cs.LG 2407.18436
cs.LG 2407.18439
cs.LG 2407.18462
cs.LG 2407.18467
cs.LG 2407.18468
cs.LG 2407.18480
cs.LG 2407.18482
cs.LG 2407.18488
cs.LG 2407.18518
cs.LG 2407.18519
cs.LG 2407.18523
cs.LG 2407.18526
cs.LG 2407.18544
cs.LG 2407.18556
cs.LG 2407.18564
cs.LG 2407.18597
cs.LG 2407.18601
cs.LG 2407.18606
cs.LG 2407.18609
cs.LG 2407.18624
cs.LG 2407.18627
cs.LG 2407.18632
cs.LG 2407.18645
cs.LG 2407.18655
cs.LG 2407.18675
cs.LG 2407.18676
cs.LG 2407.18691
cs.LG 2407.18693
cs.LG 2407.18707
cs.LG 2407.18723
cs.LG 2407.18735
cs.LG 2407.18745
cs.LG 2407.18750
cs.LG 2407.18759
cs.LG 2407.18772
cs.LG 2407.18807
cs.LG 2407.18812
cs.LG 2407.18840
cs.LG 2407.18841
cs.LG 2407.18847
cs.LG 2407.18865
cs.LG 2407.18875
cs.LG 2407.18878
cs.LG 2407.18887
cs.LG 2407.18897
cs.LG 2407.18908
cs.LG 2407.18910
cs.LG 2407.18913
cs.LG 2407.18915
cs.LG 2407.18921
cs.LG 2407.18929
cs.LG 2407.18930
cs.LG 2407.18935
cs.LG 2407.18937
cs.LG 2407.18938
cs.LG 2407.18940
cs.LG 2407.18941
cs.LG 2407.18962
cs.LG 2407.18964
cs.LG 2407.18982
cs.LG 2407.18996
cs.LG 2407.18999
cs.LG 2407.19000
cs.LG 2407.19048
cs.LG 2407.19054
cs.LG 2407.19055
cs.LG 2407.19073
cs.LG 2407.19074
cs.LG 2407.19086
cs.LG 2407.19097
cs.LG 2407.19153
cs.LG 2407.19237
cs.LG 2407.19256
cs.LG 2407.19262
cs.LG 2407.19265
cs.LG 2407.19287
cs.LG 2407.19305
cs.LG 2407.19320
cs.LG 2407.19332
cs.LG 2407.19340
cs.LG 2407.19353
cs.LG 2407.19373
cs.LG 2407.19385
cs.LG 2407.19389
cs.LG 2407.19407
cs.LG 2407.19448
cs.LG 2407.19467
cs.LG 2407.19481
cs.LG 2407.19520
cs.LG 2407.19532
cs.LG 2407.19618
cs.LG 2407.19631
cs.LG 2407.19651
cs.LG 2407.19660
cs.LG 2407.19707
cs.LG 2407.19715
cs.LG 2407.19823
cs.LG 2407.19838
cs.LG 2407.19852
cs.LG 2407.19858
cs.LG 2407.19865
cs.LG 2407.19866
cs.LG 2407.19888
cs.LG 2407.19890
cs.LG 2407.19892
cs.LG 2407.19911
cs.LG 2407.19914
cs.LG 2407.19916
cs.LG 2407.19947
cs.LG 2407.19985
cs.LG 2407.20000
cs.LG 2407.20013
cs.LG 2407.20020
cs.LG 2407.20061
cs.LG 2407.20062
cs.LG 2407.20080
cs.LG 2407.20126
cs.LG 2407.20147
cs.LG 2407.20164
cs.LG 2407.20179
cs.LG 2407.20181
cs.LG 2407.20199
cs.LG 2407.20208
cs.LG 2407.20232
cs.LG 2407.18919
cs.LG 2407.18990
cs.LG 2407.19039
cs.LG 2407.19044
cs.LG 2407.19078
cs.LG 2407.19082
cs.LG 2407.19092
cs.LG 2407.19103
cs.LG 2407.19114
cs.LG 2407.19115
cs.LG 2407.19119
cs.LG 2407.19142
cs.LG 2407.19155
cs.LG 2407.19160
cs.LG 2407.19183
cs.LG 2407.19187
cs.LG 2407.19193
cs.LG 2407.19198
cs.LG 2407.19199
cs.LG 2407.19201
cs.LG 2407.19231
cs.LG 2407.19234
cs.LG 2407.19258
cs.LG 2407.19286
cs.LG 2407.19300
cs.LG 2407.19311
cs.LG 2407.19324
cs.LG 2407.19326
cs.LG 2407.19331
cs.LG 2407.19342
cs.LG 2407.19346
cs.LG 2407.19352
cs.LG 2407.19359
cs.LG 2407.19371
cs.LG 2407.19380
cs.LG 2407.19396
cs.LG 2407.19398
cs.LG 2407.19420
cs.LG 2407.19421
cs.LG 2407.19426
cs.LG 2407.19428
cs.LG 2407.19429
cs.LG 2407.19523
cs.LG 2407.19540
cs.LG 2407.19557
cs.LG 2407.19567
cs.LG 2407.19580
cs.LG 2407.19616
cs.LG 2407.19617
cs.LG 2407.19644
cs.LG 2407.19663
cs.LG 2407.19664
cs.LG 2407.19683
cs.LG 2407.19688
cs.LG 2407.19697
cs.LG 2407.19724
cs.LG 2407.19736
cs.LG 2407.19777
cs.LG 2407.19784
cs.LG 2407.19828
cs.LG 2407.19842
cs.LG 2407.19845
cs.LG 2407.19853
cs.LG 2407.19860
cs.LG 2407.19872
cs.LG 2407.19897
cs.LG 2407.19941
cs.LG 2407.19943
cs.LG 2407.19944
cs.LG 2407.19951
cs.LG 2407.19990
cs.LG 2407.20003
cs.LG 2407.20021
cs.LG 2407.20028
cs.LG 2407.20047
cs.LG 2407.20053
cs.LG 2407.20060
cs.LG 2407.20067
cs.LG 2407.20070
cs.LG 2407.20100
cs.LG 2407.20105
cs.LG 2407.20109
cs.LG 2407.20119
cs.LG 2407.20122
cs.LG 2407.20152
cs.LG 2407.20158
cs.LG 2407.20177
cs.LG 2407.20192
cs.LG 2407.20197
cs.LG 2407.20209
cs.LG 2407.20230
cs.LG 2407.17053
cs.LG 2407.20241
cs.LG 2407.20243
cs.LG 2407.20247
cs.LG 2407.20250
cs.LG 2407.20251
cs.LG 2407.20253
cs.LG 2407.20254
cs.LG 2407.20256
cs.LG 2407.20258
cs.LG 2407.20268
cs.LG 2407.20272
cs.LG 2407.20273
cs.LG 2407.20284
cs.LG 2407.20311
cs.LG 2407.20315
cs.LG 2407.20351
cs.LG 2407.20367
cs.LG 2407.20371
cs.LG 2407.20387
cs.LG 2407.20395
cs.LG 2407.20421
cs.LG 2407.20444
cs.LG 2407.20445
cs.LG 2407.20462
cs.LG 2407.20485
cs.LG 2407.20508
cs.LG 2407.20547
cs.LG 2407.20596
cs.LG 2407.20620
cs.LG 2407.20623
cs.LG 2407.20653
cs.LG 2407.20656
cs.LG 2407.20657
cs.LG 2407.20662
cs.LG 2407.20697
cs.LG 2407.20700
cs.LG 2407.20722
cs.LG 2407.20784
cs.LG 2407.20801
cs.LG 2407.20806
cs.LG 2407.20828
cs.LG 2407.20845
cs.LG 2407.20859
cs.LG 2407.20902
cs.LG 2407.20959
cs.LG 2407.20989
cs.LG 2407.20990
cs.LG 2407.21001
cs.LG 2407.21011
cs.LG 2407.20246
cs.LG 2407.20249
cs.LG 2407.20265
cs.LG 2407.20266
cs.LG 2407.20267
cs.LG 2407.20271
cs.LG 2407.20274
cs.LG 2407.20279
cs.LG 2407.20281
cs.LG 2407.20283
cs.LG 2407.20288
cs.LG 2407.20292
cs.LG 2407.20294
cs.LG 2407.20299
cs.LG 2407.20352
cs.LG 2407.20432
cs.LG 2407.20454
cs.LG 2407.20466
cs.LG 2407.20471
cs.LG 2407.20475
cs.LG 2407.20496
cs.LG 2407.20499
cs.LG 2407.20503
cs.LG 2407.20506
cs.LG 2407.20516
cs.LG 2407.20529
cs.LG 2407.20553
cs.LG 2407.20557
cs.LG 2407.20560
cs.LG 2407.20597
cs.LG 2407.20601
cs.LG 2407.20611
cs.LG 2407.20640
cs.LG 2407.20648
cs.LG 2407.20650
cs.LG 2407.20667
cs.LG 2407.20678
cs.LG 2407.20694
cs.LG 2407.20695
cs.LG 2407.20705
cs.LG 2407.20734
cs.LG 2407.20741
cs.LG 2407.20753
cs.LG 2407.20768
cs.LG 2407.20775
cs.LG 2407.20786
cs.LG 2407.20798
cs.LG 2407.20817
cs.LG 2407.20824
cs.LG 2407.20830
cs.LG 2407.20871
cs.LG 2407.20891
cs.LG 2407.20893
cs.LG 2407.20912
cs.LG 2407.20917
cs.LG 2407.20956
cs.LG 2407.20999
cs.LG 2310.15469
cs.LG 2405.11407
cs.LG 2407.21025
cs.LG 2407.21028
cs.LG 2407.21029
cs.LG 2407.21030
cs.LG 2407.21034
cs.LG 2407.21039
cs.LG 2407.21043
cs.LG 2407.21046
cs.LG 2407.21049
cs.LG 2407.21054
cs.LG 2407.21057
cs.LG 2407.21062
cs.LG 2407.21065
cs.LG 2407.21066
cs.LG 2407.21069
cs.LG 2407.21075
cs.LG 2407.21077
cs.LG 2407.21078
cs.LG 2407.21082
cs.LG 2407.21118
cs.LG 2407.21138
cs.LG 2407.21184
cs.LG 2407.21189
cs.LG 2407.21191
cs.LG 2407.21193
cs.LG 2407.21248
cs.LG 2407.21266
cs.LG 2407.21273
cs.LG 2407.21284
cs.LG 2407.21294
cs.LG 2407.21299
cs.LG 2407.21310
cs.LG 2407.21311
cs.LG 2407.21316
cs.LG 2407.21338
cs.LG 2407.21343
cs.LG 2407.21368
cs.LG 2407.21372
cs.LG 2407.21374
cs.LG 2407.21385
cs.LG 2407.21407
cs.LG 2407.21424
cs.LG 2407.21435
cs.LG 2407.21439
cs.LG 2407.21460
cs.LG 2407.21476
cs.LG 2407.21490
cs.LG 2407.21507
cs.LG 2407.21530
cs.LG 2407.21565
cs.LG 2407.21609
cs.LG 2407.21622
cs.LG 2407.21652
cs.LG 2407.21658
cs.LG 2407.21665
cs.LG 2407.21666
cs.LG 2407.21669
cs.LG 2407.21738
cs.LG 2407.21739
cs.LG 2407.21748
cs.LG 2407.21770
cs.LG 2407.21772
cs.LG 2407.21788
cs.LG 2407.21791
cs.LG 2407.21794
cs.LG 2407.21073
cs.LG 2407.21090
cs.LG 2407.21091
cs.LG 2407.21121
cs.LG 2407.21124
cs.LG 2407.21130
cs.LG 2407.21151
cs.LG 2407.21159
cs.LG 2407.21176
cs.LG 2407.21185
cs.LG 2407.21195
cs.LG 2407.21217
cs.LG 2407.21220
cs.LG 2407.21231
cs.LG 2407.21236
cs.LG 2407.21243
cs.LG 2407.21260
cs.LG 2407.21282
cs.LG 2407.21290
cs.LG 2407.21298
cs.LG 2407.21314
cs.LG 2407.21319
cs.LG 2407.21347
cs.LG 2407.21359
cs.LG 2407.21418
cs.LG 2407.21453
cs.LG 2407.21503
cs.LG 2407.21523
cs.LG 2407.21535
cs.LG 2407.21546
cs.LG 2407.21553
cs.LG 2407.21590
cs.LG 2407.21602
cs.LG 2407.21635
cs.LG 2407.21642
cs.LG 2407.21656
cs.LG 2407.21670
cs.LG 2407.21713
cs.LG 2407.21740
cs.LG 2407.21742
cs.LG 2407.21787
cs.LG 2407.21792
cs.LG 2407.21009
cs.LG 2408.00005
cs.LG 2408.00006
cs.LG 2408.00008
cs.LG 2408.00030
cs.LG 2408.00040
cs.LG 2408.00050
cs.LG 2408.00057
cs.LG 2408.00082
cs.LG 2408.00084
cs.LG 2408.00117
cs.LG 2408.00129
cs.LG 2408.00131
cs.LG 2408.00160
cs.LG 2408.00161
cs.LG 2408.00162
cs.LG 2408.00166
cs.LG 2408.00169
cs.LG 2408.00170
cs.LG 2408.00178
cs.LG 2408.00196
cs.LG 2408.00197
cs.LG 2408.00203
cs.LG 2408.00208
cs.LG 2408.00220
cs.LG 2408.00229
cs.LG 2408.00232
cs.LG 2408.00237
cs.LG 2408.00244
cs.LG 2408.00264
cs.LG 2408.00288
cs.LG 2408.00312
cs.LG 2408.00342
cs.LG 2408.00343
cs.LG 2408.00374
cs.LG 2408.00399
cs.LG 2408.00437
cs.LG 2408.00439
cs.LG 2408.00458
cs.LG 2408.00462
cs.LG 2408.00465
cs.LG 2408.00523
cs.LG 2408.00525
cs.LG 2408.00540
cs.LG 2408.00570
cs.LG 2408.00611
cs.LG 2408.00613
cs.LG 2408.00662
cs.LG 2408.00674
cs.LG 2408.00681
cs.LG 2408.00706
cs.LG 2408.00707
cs.LG 2408.00714
cs.LG 2408.00728
cs.LG 2408.00749
cs.LG 2408.00751
cs.LG 2408.00754
cs.LG 2408.00760
cs.LG 2408.00764
cs.LG 2408.00023
cs.LG 2408.00056
cs.LG 2408.00098
cs.LG 2408.00113
cs.LG 2408.00157
cs.LG 2408.00165
cs.LG 2408.00200
cs.LG 2408.00211
cs.LG 2408.00217
cs.LG 2408.00251
cs.LG 2408.00256
cs.LG 2408.00278
cs.LG 2408.00295
cs.LG 2408.00307
cs.LG 2408.00309
cs.LG 2408.00310
cs.LG 2408.00315
cs.LG 2408.00326
cs.LG 2408.00329
cs.LG 2408.00330
cs.LG 2408.00346
cs.LG 2408.00359
cs.LG 2408.00376
cs.LG 2408.00380
cs.LG 2408.00386
cs.LG 2408.00421
cs.LG 2408.00426
cs.LG 2408.00483
cs.LG 2408.00490
cs.LG 2408.00508
cs.LG 2408.00513
cs.LG 2408.00516
cs.LG 2408.00526
cs.LG 2408.00527
cs.LG 2408.00531
cs.LG 2408.00549
cs.LG 2408.00573
cs.LG 2408.00601
cs.LG 2408.00639
cs.LG 2408.00641
cs.LG 2408.00652
cs.LG 2408.00657
cs.LG 2408.00665
cs.LG 2408.00676
cs.LG 2408.00695
cs.LG 2408.00699
cs.LG 2408.00700
cs.LG 2408.00713
cs.LG 2408.00716
cs.LG 2408.00761
cs.SC 2407.13419
cs.SC 2407.14521
cs.SC 2407.15192
cs.SC 2407.15510
cs.SC 2407.15721
cs.SC 2407.19781
cs.SC 2407.20521
cs.SC 2408.00750
cs.SI 2407.18376
cs.SI 2407.18564
cs.SI 2407.18772
cs.SI 2407.18274
cs.SI 2407.18275
cs.SI 2407.18277
cs.SI 2407.18278
cs.SI 2407.18546
cs.SI 2407.18849
cs.SI 2407.18900
cs.SI 2407.19196
cs.SI 2407.19311
cs.SI 2407.19429
cs.SI 2407.19288
cs.SI 2407.19498
cs.SI 2407.19950
cs.SI 2407.20024
cs.SI 2407.20770
cs.SI 2407.21041
cs.SI 2407.21056
cs.SI 2407.21294
cs.SI 2407.21592
cs.SI 2407.21063
cs.SI 2407.21067
cs.SI 2407.21753
cs.SI 2408.00123
cs.SI 2408.00312
cs.SI 2408.00490
cs.SI 2408.00139
cs.SI 2408.00633
stat.CO 2407.18313
stat.CO 2407.18504
stat.CO 2407.18721
stat.CO 2407.18314
stat.CO 2407.19236
stat.CO 2407.20287
stat.CO 2407.20295
stat.CO 2407.20520
stat.CO 2407.20722
stat.CO 2407.21193
stat.CO 2407.21242
stat.CO 2408.00014
stat.CO 2408.00409
stat.CO 2408.00507
stat.CO 2408.00651
stat.CO 2408.00206
eess.AS 2407.18324
eess.AS 2407.18413
eess.AS 2407.18424
eess.AS 2407.18461
eess.AS 2407.18501
eess.AS 2407.18517
eess.AS 2407.18541
eess.AS 2407.18552
eess.AS 2407.18571
eess.AS 2407.18879
eess.AS 2407.18332
eess.AS 2407.18447
eess.AS 2407.18505
eess.AS 2407.18516
eess.AS 2407.18732
eess.AS 2407.19224
eess.AS 2407.19677
eess.AS 2407.19823
eess.AS 2407.19862
eess.AS 2407.19900
eess.AS 2407.20111
eess.AS 2407.20176
eess.AS 2407.18926
eess.AS 2407.18927
eess.AS 2407.18930
eess.AS 2407.19485
eess.AS 2407.19834
eess.AS 2407.19989
eess.AS 2407.20445
eess.AS 2407.20530
eess.AS 2407.20535
eess.AS 2407.20592
eess.AS 2407.20622
eess.AS 2407.20765
eess.AS 2407.20808
eess.AS 2407.20883
eess.AS 2407.20955
eess.AS 2407.20962
eess.AS 2407.20989
eess.AS 2407.20935
eess.AS 2407.21054
eess.AS 2407.21061
eess.AS 2407.21066
eess.AS 2407.21130
eess.AS 2407.21174
eess.AS 2407.21391
eess.AS 2407.21453
eess.AS 2407.21476
eess.AS 2407.21491
eess.AS 2407.21531
eess.AS 2407.21545
eess.AS 2407.21611
eess.AS 2407.21615
eess.AS 2407.21646
eess.AS 2407.21658
eess.AS 2407.21030
eess.AS 2407.21211
eess.AS 2407.21345
eess.AS 2407.21414
eess.AS 2408.00196
eess.AS 2408.00205
eess.AS 2408.00284
eess.AS 2408.00325
eess.AS 2408.00344
eess.AS 2408.00473
eess.AS 2408.00674
eess.AS 2408.00004
eess.AS 2408.00005
eess.AS 2408.00016
eess.AS 2408.00382
eess.AS 2408.00624
eess.AS 2408.00732
cs.SY 2407.18255
cs.SY 2407.18309
cs.SY 2407.18400
cs.SY 2407.18465
cs.SY 2407.18469
cs.SY 2407.18516
cs.SY 2407.18558
cs.SY 2407.18563
cs.SY 2407.18597
cs.SY 2407.18774
cs.SY 2407.18837
cs.SY 2407.18892
cs.SY 2407.18440
cs.SY 2407.18448
cs.SY 2407.18481
cs.SY 2407.18560
cs.SY 2407.18596
cs.SY 2407.18762
cs.SY 2407.18844
cs.SY 2407.18996
cs.SY 2407.19040
cs.SY 2407.19046
cs.SY 2407.19071
cs.SY 2407.19220
cs.SY 2407.19235
cs.SY 2407.19287
cs.SY 2407.19459
cs.SY 2407.19865
cs.SY 2407.19902
cs.SY 2407.19911
cs.SY 2407.20089
cs.SY 2407.20139
cs.SY 2407.20192
cs.SY 2407.20230
cs.SY 2407.18944
cs.SY 2407.18986
cs.SY 2407.18987
cs.SY 2407.18989
cs.SY 2407.19025
cs.SY 2407.19133
cs.SY 2407.19229
cs.SY 2407.19253
cs.SY 2407.19291
cs.SY 2407.19335
cs.SY 2407.19570
cs.SY 2407.19573
cs.SY 2407.19673
cs.SY 2407.19859
cs.SY 2407.19867
cs.SY 2407.19895
cs.SY 2407.19927
cs.SY 2407.19954
cs.SY 2407.20088
cs.SY 2407.20165
cs.SY 2407.20362
cs.SY 2407.20439
cs.SY 2407.20554
cs.SY 2407.20620
cs.SY 2407.20696
cs.SY 2407.20805
cs.SY 2407.20852
cs.SY 2407.20456
cs.SY 2407.20532
cs.SY 2407.20675
cs.SY 2407.20814
cs.SY 2407.20897
cs.SY 2407.20909
cs.SY 2407.20922
cs.SY 2407.21029
cs.SY 2407.21294
cs.SY 2407.21299
cs.SY 2407.21321
cs.SY 2407.21508
cs.SY 2407.21553
cs.SY 2407.21698
cs.SY 2407.21133
cs.SY 2407.21144
cs.SY 2407.21219
cs.SY 2407.21259
cs.SY 2407.21455
cs.SY 2407.21501
cs.SY 2407.21533
cs.SY 2407.21569
cs.SY 2407.21744
cs.SY 2407.21759
cs.SY 2408.00117
cs.SY 2408.00381
cs.SY 2408.00497
cs.SY 2408.00647
cs.SY 2408.00136
cs.SY 2408.00214
cs.SY 2408.00248
cs.SY 2408.00323
cs.SY 2408.00341
cs.SY 2408.00407
cs.SY 2408.00417
cs.SY 2408.00511
cs.SY 2408.00688
math.OC 2407.18365
math.OC 2407.18408
math.OC 2407.18537
math.OC 2407.18635
math.OC 2407.18868
math.OC 2407.18400
math.OC 2407.18401
math.OC 2407.18403
math.OC 2407.18469
math.OC 2407.18484
math.OC 2407.18532
math.OC 2407.18539
math.OC 2407.18641
math.OC 2407.18681
math.OC 2407.18709
math.OC 2407.18765
math.OC 2407.18769
math.OC 2407.18774
math.OC 2407.18825
math.OC 2407.18833
math.OC 2407.18837
math.OC 2407.18852
math.OC 2407.18884
math.OC 2407.18963
math.OC 2407.19057
math.OC 2407.19190
math.OC 2407.19273
math.OC 2407.19337
math.OC 2407.19389
math.OC 2407.19407
math.OC 2407.19840
math.OC 2407.19902
math.OC 2407.19936
math.OC 2407.20026
math.OC 2407.20137
math.OC 2407.20218
math.OC 2407.19064
math.OC 2407.19290
math.OC 2407.19496
math.OC 2407.19515
math.OC 2407.19543
math.OC 2407.19676
math.OC 2407.19689
math.OC 2407.19699
math.OC 2407.19899
math.OC 2407.19903
math.OC 2407.20038
math.OC 2407.20084
math.OC 2407.20128
math.OC 2407.20185
math.OC 2407.20195
math.OC 2407.20196
math.OC 2407.20200
math.OC 2407.20702
math.OC 2407.20810
math.OC 2407.20897
math.OC 2407.20362
math.OC 2407.20366
math.OC 2407.20367
math.OC 2407.20472
math.OC 2407.20473
math.OC 2407.20620
math.OC 2407.20713
math.OC 2407.20751
math.OC 2407.20802
math.OC 2407.20805
math.OC 2407.20866
math.OC 2407.20913
math.OC 2407.20944
math.OC 2407.20973
math.OC 2407.21084
math.OC 2407.21091
math.OC 2407.21322
math.OC 2407.21346
math.OC 2407.21542
math.OC 2407.21779
math.OC 2407.21078
math.OC 2407.21081
math.OC 2407.21215
math.OC 2407.21221
math.OC 2407.21365
math.OC 2407.21372
math.OC 2407.21403
math.OC 2407.21574
math.OC 2407.21634
math.OC 2407.21698
math.OC 2408.00018
math.OC 2408.00021
math.OC 2408.00143
math.OC 2408.00310
math.OC 2408.00329
math.OC 2408.00465
math.OC 2408.00581
math.OC 2408.00627
math.OC 2408.00647
math.OC 2408.00713
math.OC 2408.00037
math.OC 2408.00235
math.OC 2408.00431
math.OC 2408.00543
math.OC 2408.00586
math.OC 2408.00598
math.OC 2408.00663
math.OC 2408.00697
math.OC 2408.00718
math.OC 2408.00720
math.OC 2408.00733
stat.ML 2407.18257
stat.ML 2407.18313
stat.ML 2407.18397
stat.ML 2407.18402
stat.ML 2407.18488
stat.ML 2407.18519
stat.ML 2407.18597
stat.ML 2407.18609
stat.ML 2407.18648
stat.ML 2407.18698
stat.ML 2407.18707
stat.ML 2407.18909
stat.ML 2407.18287
stat.ML 2407.18650
stat.ML 2407.18755
stat.ML 2407.18802
stat.ML 2407.18808
stat.ML 2407.19078
stat.ML 2407.19092
stat.ML 2407.19199
stat.ML 2407.19236
stat.ML 2407.19353
stat.ML 2407.19367
stat.ML 2407.19426
stat.ML 2407.19446
stat.ML 2407.19540
stat.ML 2407.19557
stat.ML 2407.19567
stat.ML 2407.19618
stat.ML 2407.19624
stat.ML 2407.19777
stat.ML 2407.19804
stat.ML 2407.19853
stat.ML 2407.20003
stat.ML 2407.20128
stat.ML 2407.20177
stat.ML 2407.20196
stat.ML 2407.19054
stat.ML 2407.19287
stat.ML 2407.19373
stat.ML 2407.19448
stat.ML 2407.19715
stat.ML 2407.19892
stat.ML 2407.20199
stat.ML 2407.20287
stat.ML 2407.20288
stat.ML 2407.20352
stat.ML 2407.20694
stat.ML 2407.20917
stat.ML 2407.20444
stat.ML 2407.20697
stat.ML 2407.20722
stat.ML 2407.21025
stat.ML 2407.21078
stat.ML 2407.21082
stat.ML 2407.21176
stat.ML 2407.21260
stat.ML 2407.21314
stat.ML 2407.21372
stat.ML 2407.21420
stat.ML 2407.21424
stat.ML 2407.21193
stat.ML 2407.21435
stat.ML 2407.21622
stat.ML 2408.00014
stat.ML 2408.00196
stat.ML 2408.00206
stat.ML 2408.00329
stat.ML 2408.00359
stat.ML 2408.00437
stat.ML 2408.00549
stat.ML 2408.00651
stat.ML 2408.00676
stat.ML 2408.00713
stat.ML 2408.00751
stat.ML 2408.00050
stat.ML 2408.00131
stat.ML 2408.00237
stat.ML 2408.00681
nlin.AO 2407.18400
nlin.AO 2407.18494
nlin.AO 2407.19634
nlin.AO 2407.19851
nlin.AO 2407.20408
nlin.AO 2407.20539
nlin.AO 2407.20927
nlin.AO 2407.20289
nlin.AO 2407.20758
nlin.AO 2407.21390
nlin.AO 2408.00109
nlin.AO 2408.00336
eess.IV 2407.18338
eess.IV 2407.18593
eess.IV 2407.18613
eess.IV 2407.18818
eess.IV 2407.18362
eess.IV 2407.18390
eess.IV 2407.18449
eess.IV 2407.18951
eess.IV 2407.18964
eess.IV 2407.19130
eess.IV 2407.19271
eess.IV 2407.19274
eess.IV 2407.19402
eess.IV 2407.19436
eess.IV 2407.19544
eess.IV 2407.19888
eess.IV 2407.19894
eess.IV 2407.19990
eess.IV 2407.18967
eess.IV 2407.19113
eess.IV 2407.19186
eess.IV 2407.19282
eess.IV 2407.19284
eess.IV 2407.19316
eess.IV 2407.19327
eess.IV 2407.19704
eess.IV 2407.19763
eess.IV 2407.19773
eess.IV 2407.19821
eess.IV 2407.19866
eess.IV 2407.20072
eess.IV 2407.20086
eess.IV 2407.20108
eess.IV 2407.20172
eess.IV 2407.20198
eess.IV 2407.20268
eess.IV 2407.20399
eess.IV 2407.20427
eess.IV 2407.20469
eess.IV 2407.20582
eess.IV 2407.20904
eess.IV 2407.20304
eess.IV 2407.20387
eess.IV 2407.20407
eess.IV 2407.20495
eess.IV 2407.20518
eess.IV 2407.20558
eess.IV 2407.20596
eess.IV 2407.20692
eess.IV 2407.20766
eess.IV 2407.20878
eess.IV 2407.20937
eess.IV 2407.21080
eess.IV 2407.21507
eess.IV 2407.21739
eess.IV 2407.21149
eess.IV 2407.21216
eess.IV 2407.21263
eess.IV 2407.21323
eess.IV 2407.21328
eess.IV 2407.21343
eess.IV 2407.21381
eess.IV 2407.21394
eess.IV 2407.21395
eess.IV 2407.21490
eess.IV 2407.21516
eess.IV 2407.21600
eess.IV 2407.21640
eess.IV 2407.21738
eess.IV 2408.00348
eess.IV 2408.00365
eess.IV 2408.00470
eess.IV 2408.00493
eess.IV 2408.00599
eess.IV 2408.00629
eess.IV 2408.00639
eess.IV 2408.00706
eess.IV 2408.00052
eess.IV 2408.00107
eess.IV 2408.00221
eess.IV 2408.00273
eess.IV 2408.00428
eess.IV 2408.00591
eess.IV 2408.00640
math.PR 2407.18287
math.PR 2407.18591
math.PR 2407.18685
math.PR 2407.18717
math.PR 2407.18808
math.PR 2407.18446
math.PR 2407.18633
math.PR 2407.18635
math.PR 2407.18688
math.PR 2407.18781
math.PR 2407.18853
math.PR 2407.18881
math.PR 2207.12835
math.PR 2407.18924
math.PR 2407.18952
math.PR 2407.19315
math.PR 2407.19454
math.PR 2407.19462
math.PR 2407.19557
math.PR 2407.19613
math.PR 2407.20104
math.PR 2407.20196
math.PR 2407.20209
math.PR 2407.20217
math.PR 2407.20226
math.PR 2407.19027
math.PR 2407.19107
math.PR 2407.19227
math.PR 2407.19233
math.PR 2407.19301
math.PR 2407.19490
math.PR 2407.19578
math.PR 2407.19606
math.PR 2407.19671
math.PR 2407.19741
math.PR 2407.19803
math.PR 2407.19806
math.PR 2407.19817
math.PR 2407.19878
math.PR 2407.19964
math.PR 2407.20227
math.PR 2407.20312
math.PR 2407.20444
math.PR 2407.20819
math.PR 2407.20851
math.PR 2407.21015
math.PR 2407.20293
math.PR 2407.20389
math.PR 2407.20394
math.PR 2407.20677
math.PR 2407.20726
math.PR 2407.20744
math.PR 2407.20835
math.PR 2407.21014
math.PR 2407.21078
math.PR 2407.21164
math.PR 2407.21194
math.PR 2407.21223
math.PR 2407.21297
math.PR 2407.21506
math.PR 2407.21528
math.PR 2407.21542
math.PR 2407.21555
math.PR 2407.21769
math.PR 2407.21780
math.PR 2407.21306
math.PR 2407.21425
math.PR 2407.21492
math.PR 2407.21543
math.PR 2407.21608
math.PR 2407.21651
math.PR 2407.21653
math.PR 2408.00003
math.PR 2408.00017
math.PR 2408.00100
math.PR 2408.00110
math.PR 2408.00148
math.PR 2408.00422
math.PR 2408.00581
math.PR 2408.00583
math.PR 2408.00592
math.PR 2408.00746
math.PR 2408.00127
math.PR 2408.00277
math.PR 2408.00532
math.PR 2408.00535
math.PR 2408.00567
math.PR 2408.00648
math.PR 2408.00717
stat.TH 2407.18572
stat.TH 2407.18633
stat.TH 2407.18835
stat.TH 2407.18896
stat.TH 2407.18685
stat.TH 2407.18801
stat.TH 2407.18964
stat.TH 2407.19030
stat.TH 2407.19558
stat.TH 2407.19567
stat.TH 2407.19777
stat.TH 2407.19191
stat.TH 2407.19361
stat.TH 2407.19399
stat.TH 2407.19596
stat.TH 2407.19613
stat.TH 2407.19725
stat.TH 2407.19959
stat.TH 2407.20162
stat.TH 2407.20677
stat.TH 2407.20819
stat.TH 2407.20894
stat.TH 2407.21492
stat.TH 2407.21622
stat.TH 2407.21682
stat.TH 2407.21223
stat.TH 2407.21238
stat.TH 2407.21411
stat.TH 2407.21423
stat.TH 2407.21456
stat.TH 2408.00618
stat.TH 2408.00626
stat.TH 2408.00270
stat.TH 2408.00583
stat.TH 2408.00602
stat.TH 2408.00746
nlin.CD 2407.18727
nlin.CD 2407.18759
nlin.CD 2407.18831
nlin.CD 2407.18575
nlin.CD 2407.18922
nlin.CD 2407.19347
nlin.CD 2407.20158
nlin.CD 2407.20418
nlin.CD 2407.20694
nlin.CD 2407.20408
nlin.CD 2407.21513
nlin.CD 2408.00168
nlin.CD 2408.00134
eess.SP 2407.18323
eess.SP 2407.18489
eess.SP 2407.18627
eess.SP 2407.18732
eess.SP 2407.18766
eess.SP 2407.18809
eess.SP 2407.18837
eess.SP 2407.18865
eess.SP 2407.18531
eess.SP 2407.18629
eess.SP 2407.18773
eess.SP 2407.18896
eess.SP 2407.18931
eess.SP 2407.18967
eess.SP 2407.19178
eess.SP 2407.19299
eess.SP 2407.19480
eess.SP 2407.19511
eess.SP 2407.19560
eess.SP 2407.19663
eess.SP 2407.19718
eess.SP 2407.19736
eess.SP 2407.19753
eess.SP 2407.19934
eess.SP 2407.20111
eess.SP 2407.18915
eess.SP 2407.18964
eess.SP 2407.18988
eess.SP 2407.19084
eess.SP 2407.19106
eess.SP 2407.19161
eess.SP 2407.19179
eess.SP 2407.19209
eess.SP 2407.19235
eess.SP 2407.19379
eess.SP 2407.19503
eess.SP 2407.19541
eess.SP 2407.19597
eess.SP 2407.19657
eess.SP 2407.19709
eess.SP 2407.19841
eess.SP 2407.20094
eess.SP 2407.20123
eess.SP 2407.20135
eess.SP 2407.20249
eess.SP 2407.20585
eess.SP 2407.20775
eess.SP 2407.20893
eess.SP 2407.20914
eess.SP 2407.20247
eess.SP 2407.20250
eess.SP 2407.20251
eess.SP 2407.20252
eess.SP 2407.20253
eess.SP 2407.20254
eess.SP 2407.20258
eess.SP 2407.20262
eess.SP 2407.20264
eess.SP 2407.20280
eess.SP 2407.20399
eess.SP 2407.20402
eess.SP 2407.20536
eess.SP 2407.20561
eess.SP 2407.20576
eess.SP 2407.20607
eess.SP 2407.20748
eess.SP 2407.20763
eess.SP 2407.20772
eess.SP 2407.20793
eess.SP 2407.20930
eess.SP 2407.20988
eess.SP 2407.21012
eess.SP 2407.21135
eess.SP 2407.21299
eess.SP 2407.21301
eess.SP 2407.21444
eess.SP 2407.21453
eess.SP 2407.21455
eess.SP 2407.21478
eess.SP 2407.21479
eess.SP 2407.21569
eess.SP 2407.21600
eess.SP 2407.21676
eess.SP 2407.21122
eess.SP 2407.21157
eess.SP 2407.21280
eess.SP 2407.21400
eess.SP 2407.21433
eess.SP 2407.21486
eess.SP 2407.21508
eess.SP 2407.21514
eess.SP 2407.21547
eess.SP 2407.21548
eess.SP 2407.21754
eess.SP 2408.00033
eess.SP 2408.00385
eess.SP 2408.00413
eess.SP 2408.00549
eess.SP 2408.00575
eess.SP 2408.00600
eess.SP 2408.00634
eess.SP 2408.00638
eess.SP 2408.00711
eess.SP 2408.00349
eess.SP 2408.00368
eess.SP 2408.00379
eess.SP 2408.00429
eess.SP 2408.00434
eess.SP 2408.00437
eess.SP 2408.00439
eess.SP 2408.00667
eess.SP 2408.00679
eess.SP 2408.00753
astro-ph.IM 2407.18304
astro-ph.IM 2407.18344
astro-ph.IM 2407.18396
astro-ph.IM 2407.18587
astro-ph.IM 2407.18761
astro-ph.IM 2407.18828
astro-ph.IM 2407.18507
astro-ph.IM 2407.18573
astro-ph.IM 2407.18642
astro-ph.IM 2407.18654
astro-ph.IM 2407.18662
astro-ph.IM 2407.18733
astro-ph.IM 2407.18737
astro-ph.IM 2407.18754
astro-ph.IM 2407.19012
astro-ph.IM 2407.19048
astro-ph.IM 2407.19111
astro-ph.IM 2407.19167
astro-ph.IM 2407.19481
astro-ph.IM 2407.19615
astro-ph.IM 2407.20006
astro-ph.IM 2407.20220
astro-ph.IM 2407.19182
astro-ph.IM 2407.19188
astro-ph.IM 2407.19297
astro-ph.IM 2407.19461
astro-ph.IM 2407.19623
astro-ph.IM 2407.19839
astro-ph.IM 2407.20015
astro-ph.IM 2407.20190
astro-ph.IM 2407.20305
astro-ph.IM 2407.20309
astro-ph.IM 2407.20812
astro-ph.IM 2407.20813
astro-ph.IM 2407.20857
astro-ph.IM 2407.21013
astro-ph.IM 2407.20332
astro-ph.IM 2407.20344
astro-ph.IM 2407.20579
astro-ph.IM 2407.20681
astro-ph.IM 2407.20873
astro-ph.IM 2407.20923
astro-ph.IM 2407.21089
astro-ph.IM 2407.21109
astro-ph.IM 2407.21240
astro-ph.IM 2407.21268
astro-ph.IM 2407.21399
astro-ph.IM 2407.21548
astro-ph.IM 2407.21696
astro-ph.IM 2407.21702
astro-ph.IM 2407.21774
astro-ph.IM 2407.21183
astro-ph.IM 2407.21388
astro-ph.IM 2407.21675
astro-ph.IM 2407.21689
astro-ph.IM 2408.00026
astro-ph.IM 2408.00084
astro-ph.IM 2408.00263
astro-ph.IM 2408.00172
astro-ph.IM 2408.00176
astro-ph.IM 2408.00509
physics.comp-ph 2407.18529
physics.comp-ph 2407.18842
physics.comp-ph 2407.18909
physics.comp-ph 2407.18320
physics.comp-ph 2407.18587
physics.comp-ph 2407.18726
physics.comp-ph 2407.19000
physics.comp-ph 2407.19036
physics.comp-ph 2407.19189
physics.comp-ph 2407.19281
physics.comp-ph 2407.19483
physics.comp-ph 2407.19764
physics.comp-ph 2407.19876
physics.comp-ph 2407.20126
physics.comp-ph 2407.19151
physics.comp-ph 2407.19407
physics.comp-ph 2407.19614
physics.comp-ph 2407.20275
physics.comp-ph 2407.20332
physics.comp-ph 2407.20354
physics.comp-ph 2407.20384
physics.comp-ph 2407.20609
physics.comp-ph 2407.20966
physics.comp-ph 2407.20975
physics.comp-ph 2407.20541
physics.comp-ph 2407.20795
physics.comp-ph 2407.20833
physics.comp-ph 2407.20848
physics.comp-ph 2407.21088
physics.comp-ph 2407.21171
physics.comp-ph 2407.21228
physics.comp-ph 2407.21337
physics.comp-ph 2407.21350
physics.comp-ph 2407.21602
physics.comp-ph 2407.21445
physics.comp-ph 2407.21724
physics.comp-ph 2408.00157
physics.comp-ph 2408.00276
physics.comp-ph 2408.00384
physics.comp-ph 2408.00466
physics.comp-ph 2408.00589
physics.comp-ph 2408.00671
physics.comp-ph 2408.00229
physics.comp-ph 2408.00504
physics.comp-ph 2408.00656
physics.comp-ph 2408.00742
nlin.SI 2407.18270
nlin.SI 2406.11017
nlin.SI 2407.19770
nlin.SI 2407.19788
nlin.SI 2407.19805
nlin.SI 2407.20349
nlin.SI 2407.20747
nlin.SI 2407.20875
nlin.SI 2407.21793
nlin.SI 2407.21334
nlin.SI 2407.21605
nlin.SI 2408.00593
nlin.SI 2408.00383
math.DS 2407.18268
math.DS 2407.18400
math.DS 2407.18666
math.DS 2407.18693
math.DS 2407.18765
math.DS 2407.18808
math.DS 2407.18833
math.DS 2407.18852
math.DS 2407.18853
math.DS 2407.18441
math.DS 2407.18615
math.DS 2407.18831
math.DS 2407.19158
math.DS 2407.19159
math.DS 2407.19160
math.DS 2407.19312
math.DS 2407.19315
math.DS 2407.19515
math.DS 2407.19640
math.DS 2407.20044
math.DS 2407.20209
math.DS 2407.19091
math.DS 2407.19237
math.DS 2407.19251
math.DS 2407.19444
math.DS 2407.19665
math.DS 2407.19963
math.DS 2407.20159
math.DS 2407.20180
math.DS 2407.20408
math.DS 2407.20451
math.DS 2407.20464
math.DS 2407.20539
math.DS 2407.20597
math.DS 2407.20711
math.DS 2407.20741
math.DS 2407.20751
math.DS 2407.20310
math.DS 2407.20521
math.DS 2407.20721
math.DS 2407.20890
math.DS 2407.21042
math.DS 2407.21180
math.DS 2407.21602
math.DS 2407.21205
math.DS 2407.21495
math.DS 2407.21551
math.DS 2407.21768
math.DS 2408.00095
math.DS 2408.00522
math.DS 2408.00566
math.DS 2408.00647
math.DS 2408.00121
math.DS 2408.00138
math.DS 2408.00143
math.DS 2408.00204
math.DS 2408.00285
math.DS 2408.00339
math.DS 2408.00487
math.DS 2408.00492
math.DS 2408.00592
math.DS 2408.00616
cond-mat.dis-nn 2407.18815
cond-mat.dis-nn 2407.18372
cond-mat.dis-nn 2407.19228
cond-mat.dis-nn 2407.19780
cond-mat.dis-nn 2407.19952
cond-mat.dis-nn 2407.19353
cond-mat.dis-nn 2407.19403
cond-mat.dis-nn 2407.19483
cond-mat.dis-nn 2407.20289
cond-mat.dis-nn 2407.20317
cond-mat.dis-nn 2407.20631
cond-mat.dis-nn 2407.20797
cond-mat.dis-nn 2407.20985
cond-mat.dis-nn 2407.20724
cond-mat.dis-nn 2407.20927
cond-mat.dis-nn 2407.21502
cond-mat.dis-nn 2407.21644
cond-mat.dis-nn 2407.21023
cond-mat.dis-nn 2407.21287
cond-mat.dis-nn 2407.21520
cond-mat.dis-nn 2408.00115
cond-mat.dis-nn 2408.00763
physics.data-an 2407.18284
physics.data-an 2407.18647
physics.data-an 2407.19288
physics.data-an 2407.19874
physics.data-an 2407.20278
physics.data-an 2407.20297
physics.data-an 2407.20315
physics.data-an 2407.20356
physics.data-an 2407.20692
physics.data-an 2407.20694
physics.data-an 2407.20765
physics.data-an 2407.20906
physics.data-an 2407.21008
physics.data-an 2407.21146
physics.data-an 2407.21290
physics.data-an 2407.21607
physics.data-an 2408.00120
physics.data-an 2408.00571
physics.app-ph 2407.18284
physics.app-ph 2407.18476
physics.app-ph 2407.18677
physics.app-ph 2407.18741
physics.app-ph 2407.18368
physics.app-ph 2407.18495
physics.app-ph 2407.18648
physics.app-ph 2407.18748
physics.app-ph 2407.19083
physics.app-ph 2407.19161
physics.app-ph 2407.19249
physics.app-ph 2407.19360
physics.app-ph 2407.19559
physics.app-ph 2407.19576
physics.app-ph 2407.19601
physics.app-ph 2407.19641
physics.app-ph 2407.19653
physics.app-ph 2407.19724
physics.app-ph 2407.19847
physics.app-ph 2407.20201
physics.app-ph 2407.19045
physics.app-ph 2407.19384
physics.app-ph 2407.19519
physics.app-ph 2407.19656
physics.app-ph 2407.19701
physics.app-ph 2407.19956
physics.app-ph 2407.20368
physics.app-ph 2407.20598
physics.app-ph 2407.20927
physics.app-ph 2407.20948
physics.app-ph 2407.20434
physics.app-ph 2407.20807
physics.app-ph 2407.20880
physics.app-ph 2407.21071
physics.app-ph 2407.21122
physics.app-ph 2407.21246
physics.app-ph 2407.21270
physics.app-ph 2407.21340
physics.app-ph 2407.21504
physics.app-ph 2407.21657
physics.app-ph 2407.21662
physics.app-ph 2407.21684
physics.app-ph 2407.21623
physics.app-ph 2407.21678
physics.app-ph 2408.00142
physics.app-ph 2408.00229
physics.app-ph 2408.00459
physics.app-ph 2408.00541
physics.app-ph 2408.00579
physics.app-ph 2408.00604
physics.app-ph 2408.00652
physics.app-ph 2408.00719
physics.app-ph 2408.00755
physics.app-ph 2408.00301
physics.app-ph 2408.00590
physics.ins-det 2407.18586
physics.ins-det 2407.18741
physics.ins-det 2407.18788
physics.ins-det 2407.18415
physics.ins-det 2407.18528
physics.ins-det 2407.19123
physics.ins-det 2407.19609
physics.ins-det 2407.20059
physics.ins-det 2407.19010
physics.ins-det 2407.19075
physics.ins-det 2407.19105
physics.ins-det 2407.19111
physics.ins-det 2407.19356
physics.ins-det 2407.19417
physics.ins-det 2407.19465
physics.ins-det 2407.19720
physics.ins-det 2407.20097
physics.ins-det 2407.20308
physics.ins-det 2407.20397
physics.ins-det 2407.20682
physics.ins-det 2407.20979
physics.ins-det 2407.20278
physics.ins-det 2407.20420
physics.ins-det 2407.20723
physics.ins-det 2407.20825
physics.ins-det 2407.20841
physics.ins-det 2407.21689
physics.ins-det 2407.21155
physics.ins-det 2407.21378
physics.ins-det 2407.21782
physics.ins-det 2408.00334
physics.ins-det 2408.00509
physics.ins-det 2408.00551
physics.ins-det 2408.00582
physics.ins-det 2408.00623
physics.ins-det 2408.00027
physics.ins-det 2408.00556
physics.ins-det 2408.00661
physics.optics 2407.18485
physics.optics 2407.18565
physics.optics 2407.18598
physics.optics 2407.18711
physics.optics 2407.18855
physics.optics 2407.18302
physics.optics 2407.18456
physics.optics 2407.18493
physics.optics 2407.18543
physics.optics 2407.18579
physics.optics 2407.18674
physics.optics 2407.18677
physics.optics 2407.18696
physics.optics 2407.18725
physics.optics 2407.18788
physics.optics 2407.18862
physics.optics 2407.19120
physics.optics 2407.19334
physics.optics 2407.19384
physics.optics 2407.19432
physics.optics 2407.19443
physics.optics 2407.19699
physics.optics 2407.19956
physics.optics 2407.19983
physics.optics 2407.20113
physics.optics 2407.19063
physics.optics 2407.19129
physics.optics 2407.19130
physics.optics 2407.19249
physics.optics 2407.19293
physics.optics 2407.19360
physics.optics 2407.19425
physics.optics 2407.19470
physics.optics 2407.19482
physics.optics 2407.19506
physics.optics 2407.19513
physics.optics 2407.19559
physics.optics 2407.19571
physics.optics 2407.19598
physics.optics 2407.19601
physics.optics 2407.19609
physics.optics 2407.19620
physics.optics 2407.19632
physics.optics 2407.19641
physics.optics 2407.19642
physics.optics 2407.19747
physics.optics 2407.19827
physics.optics 2407.19887
physics.optics 2407.19958
physics.optics 2407.20001
physics.optics 2407.20093
physics.optics 2407.20160
physics.optics 2407.20201
physics.optics 2404.14262
physics.optics 2407.20304
physics.optics 2407.20344
physics.optics 2407.20368
physics.optics 2407.20443
physics.optics 2407.20481
physics.optics 2407.20699
physics.optics 2407.20757
physics.optics 2407.20767
physics.optics 2407.20880
physics.optics 2407.20895
physics.optics 2407.20282
physics.optics 2407.20460
physics.optics 2407.20469
physics.optics 2407.20598
physics.optics 2407.20707
physics.optics 2407.20716
physics.optics 2407.20745
physics.optics 2407.20838
physics.optics 2407.21023
physics.optics 2407.21189
physics.optics 2407.21305
physics.optics 2407.21504
physics.optics 2407.21623
physics.optics 2407.21724
physics.optics 2407.21296
physics.optics 2407.21340
physics.optics 2407.21607
physics.optics 2407.21657
physics.optics 2407.21684
physics.optics 2408.00189
physics.optics 2408.00482
physics.optics 2408.00509
physics.optics 2408.00541
physics.optics 2408.00560
physics.optics 2408.00589
physics.optics 2408.00111
physics.optics 2408.00219
physics.optics 2408.00287
physics.optics 2408.00375
physics.optics 2408.00459
physics.optics 2408.00552
physics.optics 2408.00577
physics.optics 2408.00579
physics.optics 2408.00669
physics.optics 2408.00710
physics.optics 2408.00719
physics.med-ph 2407.18709
physics.med-ph 2407.18253
physics.med-ph 2407.18337
physics.med-ph 2407.18555
physics.med-ph 2407.18757
physics.med-ph 2407.19876
physics.med-ph 2407.20765
physics.med-ph 2407.20904
physics.med-ph 2407.21600
physics.med-ph 2407.21042
physics.med-ph 2408.00706
physics.med-ph 2408.00092
physics.med-ph 2408.00208
physics.med-ph 2408.00482
physics.med-ph 2408.00574
q-fin.MF 2407.16525
q-fin.MF 2407.16527
q-fin.MF 2407.17401
q-fin.MF 2407.17393
q-fin.MF 2407.17975
q-fin.MF 2407.18781
q-fin.MF 2407.18687
q-fin.MF 2407.19190
q-fin.MF 2407.19848
q-fin.MF 2407.19995
econ.TH 2407.17589
econ.TH 2407.17884
econ.TH 2407.18582
econ.TH 2407.19127
econ.TH 2407.19814
econ.TH 2407.19831
econ.TH 2407.20909
econ.TH 2407.20810
econ.TH 2407.21198
