cs.DC 2403.00041
cs.IT 2403.00134
cs.DC 2403.00331
cs.IT 2403.00189
cs.DC 2403.00433
cs.DC 2403.00515
cs.DC 2403.00743
cs.DC 2403.00766
cs.DC 2403.00807
cs.IT 2403.00192
cs.DC 2403.00877
cs.IT 2403.00290
cs.DC 2403.00881
cs.IT 2403.00299
cs.DC 2403.00885
cs.IT 2403.00321
cs.DC 2403.01136
cs.IT 2403.00349
cs.DC 2403.01164
cs.IT 2403.00430
cs.DC 2403.01268
cs.IT 2403.00434
cs.DC 2403.01286
cs.IT 2403.00556
cs.DC 2403.01296
cs.IT 2403.00585
cs.DC 2403.01387
cs.IT 2403.00611
cs.DC 2403.01417
cs.DC 2403.01615
cs.IT 2403.00621
cs.DC 2403.01780
cs.IT 2403.00622
cs.DC 2403.02310
cs.IT 2403.00665
cs.DC 2403.00995
cs.IT 2403.00674
cs.DC 2403.01025
cs.IT 2403.01506
cs.DC 2403.01261
cs.IT 2403.01540
cs.DC 2403.01429
cs.IT 2403.01786
cs.DC 2403.01596
cs.IT 2403.01892
cs.DC 2403.01876
cs.IT 2403.01907
cs.DC 2403.01903
cs.IT 2403.02187
cs.DC 2403.02093
cs.IT 2403.00989
cs.DC 2403.02129
cs.IT 2403.00992
cs.DC 2403.02240
cs.IT 2403.01023
cs.DC 2403.02437
cs.DC 2403.02512
cs.IT 2403.01296
cs.DC 2403.02619
cs.IT 2403.01394
cs.DC 2403.02665
cs.IT 2403.01454
cs.DC 2403.02694
cs.IT 2403.01480
cs.DC 2403.02846
cs.IT 2403.01491
cs.DC 2403.03149
cs.IT 2403.01534
cs.DC 2403.02518
cs.IT 2403.01558
cs.DC 2403.02735
cs.IT 2403.01887
cs.DC 2403.02898
cs.IT 2403.01956
cs.DC 2403.03292
cs.IT 2403.02012
cs.DC 2403.03333
cs.IT 2403.02968
cs.DC 2403.03772
cs.IT 2403.03053
cs.DC 2403.03871
cs.IT 2403.03157
cs.DC 2403.03945
cs.IT 2403.03205
cs.DC 2403.03377
cs.IT 2403.02430
cs.DC 2403.03494
cs.IT 2403.02529
cs.DC 2403.03699
cs.IT 2403.02633
cs.DC 2403.03709
cs.IT 2403.02654
cs.DC 2403.03876
cs.IT 2403.02850
cs.DC 2403.04037
cs.IT 2403.02942
cs.DC 2403.04146
cs.IT 2403.02963
cs.DC 2403.04206
cs.IT 2403.03015
cs.IT 2403.03271
cs.DC 2403.04207
cs.IT 2403.03637
cs.IT 2403.03761
cs.DC 2403.04252
cs.IT 2403.03852
cs.DC 2403.04311
cs.IT 2403.03278
cs.DC 2403.04348
cs.IT 2403.03380
cs.DC 2403.04430
cs.IT 2403.03537
cs.DC 2403.04529
cs.IT 2403.03635
cs.DC 2403.04546
cs.IT 2403.03651
cs.DC 2403.04570
cs.IT 2403.03675
cs.DC 2403.04144
cs.IT 2403.04043
cs.DC 2403.04378
cs.IT 2403.04723
cs.DC 2403.04553
cs.IT 2403.04028
cs.DC 2403.04665
cs.IT 2403.04052
cs.DC 2403.04714
cs.IT 2403.04201
cs.IT 2403.04269
cs.IT 2403.04435
cs.IT 2403.04489
cs.IT 2403.04502
cs.IT 2403.04600
cs.IT 2403.04615
cs.IT 2403.04672
cs.CV 2403.00153
cs.CV 2403.00212
cs.CV 2403.00228
cs.CV 2403.00254
cs.CV 2403.00270
cs.CV 2403.00366
cs.CV 2403.00394
cs.CV 2403.00402
cs.CV 2403.00528
cs.CV 2403.00549
cs.CV 2403.00612
cs.CV 2403.00636
cs.CV 2403.00642
cs.CV 2403.00724
cs.CV 2403.00068
cs.CV 2403.00154
cs.CV 2403.00174
cs.CV 2403.00175
cs.CV 2403.00196
cs.CV 2403.00206
cs.CV 2403.00209
cs.CV 2403.00211
cs.CV 2403.00219
cs.CV 2403.00231
cs.CV 2403.00245
cs.CV 2403.00249
cs.CV 2403.00250
cs.CV 2403.00257
cs.CV 2403.00261
cs.CV 2403.00268
cs.CV 2403.00269
cs.CV 2403.00272
cs.CV 2403.00274
cs.CV 2403.00303
cs.CV 2403.00307
cs.CV 2403.00325
cs.CV 2403.00326
cs.CV 2403.00327
cs.CV 2403.00352
cs.CV 2403.00353
cs.CV 2403.00372
cs.CV 2403.00376
cs.CV 2403.00396
cs.CV 2403.00416
cs.CV 2403.00425
cs.CV 2403.00426
cs.CV 2403.00436
cs.CV 2403.00437
cs.CV 2403.00452
cs.CV 2403.00459
cs.CV 2403.00467
cs.CV 2403.00476
cs.CV 2403.00483
cs.CV 2403.00486
cs.CV 2403.00504
cs.CV 2403.00522
cs.CV 2403.00543
cs.CV 2403.00561
cs.CV 2403.00566
cs.CV 2403.00567
cs.CV 2403.00570
cs.CV 2403.00573
cs.CV 2403.00587
cs.CV 2403.00591
cs.CV 2403.00592
cs.CV 2403.00606
cs.CV 2403.00628
cs.CV 2403.00644
cs.CV 2403.00663
cs.CV 2403.00689
cs.CV 2403.00691
cs.CV 2403.00712
cs.CV 2403.00729
cs.CV 2403.00762
cs.CV 2403.00771
cs.CV 2403.00806
cs.CV 2403.00816
cs.CV 2403.00865
cs.CV 2403.00897
cs.CV 2403.00946
cs.CV 2403.00976
cs.CV 2403.00991
cs.CV 2403.01053
cs.CV 2403.01087
cs.CV 2403.01189
cs.CV 2403.01306
cs.CV 2403.01329
cs.CV 2403.01344
cs.CV 2403.01362
cs.CV 2403.01449
cs.CV 2403.01485
cs.CV 2403.01513
cs.CV 2403.01598
cs.CV 2403.01633
cs.CV 2403.01643
cs.CV 2403.01666
cs.CV 2403.01692
cs.CV 2403.01758
cs.CV 2403.01759
cs.CV 2403.01766
cs.CV 2403.01777
cs.CV 2403.01845
cs.CV 2403.01861
cs.CV 2403.01868
cs.CV 2403.01927
cs.CV 2403.01977
cs.CV 2403.02043
cs.CV 2403.02118
cs.CV 2403.02163
cs.CV 2403.02192
cs.CV 2403.02236
cs.CV 2403.02241
cs.CV 2403.02307
cs.CV 2403.02311
cs.CV 2403.02329
cs.CV 2403.02334
cs.CV 2403.02338
cs.CV 2403.00939
cs.CV 2403.01058
cs.CV 2403.01076
cs.CV 2403.01083
cs.CV 2403.01105
cs.CV 2403.01108
cs.CV 2403.01118
cs.CV 2403.01123
cs.CV 2403.01124
cs.CV 2403.01129
cs.CV 2403.01137
cs.CV 2403.01142
cs.CV 2403.01156
cs.CV 2403.01169
cs.CV 2403.01172
cs.CV 2403.01174
cs.CV 2403.01183
cs.CV 2403.01209
cs.CV 2403.01210
cs.CV 2403.01212
cs.CV 2403.01214
cs.CV 2403.01226
cs.CV 2403.01229
cs.CV 2403.01231
cs.CV 2403.01238
cs.CV 2403.01246
cs.CV 2403.01248
cs.CV 2403.01263
cs.CV 2403.01281
cs.CV 2403.01300
cs.CV 2403.01310
cs.CV 2403.01316
cs.CV 2403.01325
cs.CV 2403.01326
cs.CV 2403.01345
cs.CV 2403.01370
cs.CV 2403.01381
cs.CV 2403.01407
cs.CV 2403.01412
cs.CV 2403.01414
cs.CV 2403.01418
cs.CV 2403.01422
cs.CV 2403.01427
cs.CV 2403.01431
cs.CV 2403.01437
cs.CV 2403.01439
cs.CV 2403.01440
cs.CV 2403.01444
cs.CV 2403.01446
cs.CV 2403.01465
cs.CV 2403.01470
cs.CV 2403.01476
cs.CV 2403.01482
cs.CV 2403.01487
cs.CV 2403.01489
cs.CV 2403.01497
cs.CV 2403.01505
cs.CV 2403.01510
cs.CV 2403.01517
cs.CV 2403.01543
cs.CV 2403.01546
cs.CV 2403.01549
cs.CV 2403.01560
cs.CV 2403.01569
cs.CV 2403.01599
cs.CV 2403.01606
cs.CV 2403.01619
cs.CV 2403.01641
cs.CV 2403.01644
cs.CV 2403.01647
cs.CV 2403.01663
cs.CV 2403.01680
cs.CV 2403.01683
cs.CV 2403.01693
cs.CV 2403.01713
cs.CV 2403.01731
cs.CV 2403.01733
cs.CV 2403.01736
cs.CV 2403.01740
cs.CV 2403.01753
cs.CV 2403.01756
cs.CV 2403.01779
cs.CV 2403.01781
cs.CV 2403.01786
cs.CV 2403.01795
cs.CV 2403.01799
cs.CV 2403.01800
cs.CV 2403.01802
cs.CV 2403.01804
cs.CV 2403.01807
cs.CV 2403.01813
cs.CV 2403.01818
cs.CV 2403.01840
cs.CV 2403.01849
cs.CV 2403.01852
cs.CV 2403.01859
cs.CV 2403.01898
cs.CV 2403.01901
cs.CV 2403.01909
cs.CV 2403.01915
cs.CV 2403.01932
cs.CV 2403.01944
cs.CV 2403.01966
cs.CV 2403.01968
cs.CV 2403.01978
cs.CV 2403.01993
cs.CV 2403.02037
cs.CV 2403.02041
cs.CV 2403.02059
cs.CV 2403.02063
cs.CV 2403.02069
cs.CV 2403.02074
cs.CV 2403.02075
cs.CV 2403.02076
cs.CV 2403.02084
cs.CV 2403.02090
cs.CV 2403.02112
cs.CV 2403.02127
cs.CV 2403.02132
cs.CV 2403.02136
cs.CV 2403.02138
cs.CV 2403.02148
cs.CV 2403.02151
cs.CV 2403.02211
cs.CV 2403.02217
cs.CV 2403.02234
cs.CV 2403.02249
cs.CV 2403.02265
cs.CV 2403.02302
cs.CV 2403.02308
cs.CV 2403.02325
cs.CV 2403.02330
cs.CV 2403.02332
cs.CV 2403.02336
cs.CV 2403.02408
cs.CV 2403.02446
cs.CV 2403.02484
cs.CV 2403.02531
cs.CV 2403.02544
cs.CV 2403.02558
cs.CV 2403.02566
cs.CV 2403.02571
cs.CV 2403.02598
cs.CV 2403.02601
cs.CV 2403.02629
cs.CV 2403.02642
cs.CV 2403.02690
cs.CV 2403.02713
cs.CV 2403.02772
cs.CV 2403.02774
cs.CV 2403.02906
cs.CV 2403.02955
cs.CV 2403.03082
cs.CV 2403.03163
cs.CV 2403.02411
cs.CV 2403.02444
cs.CV 2403.02449
cs.CV 2403.02469
cs.CV 2403.02473
cs.CV 2403.02506
cs.CV 2403.02527
cs.CV 2403.02561
cs.CV 2403.02563
cs.CV 2403.02580
cs.CV 2403.02581
cs.CV 2403.02611
cs.CV 2403.02626
cs.CV 2403.02628
cs.CV 2403.02637
cs.CV 2403.02640
cs.CV 2403.02649
cs.CV 2403.02677
cs.CV 2403.02689
cs.CV 2403.02707
cs.CV 2403.02710
cs.CV 2403.02714
cs.CV 2403.02736
cs.CV 2403.02746
cs.CV 2403.02753
cs.CV 2403.02767
cs.CV 2403.02769
cs.CV 2403.02781
cs.CV 2403.02782
cs.CV 2403.02784
cs.CV 2403.02803
cs.CV 2403.02818
cs.CV 2403.02827
cs.CV 2403.02875
cs.CV 2403.02877
cs.CV 2403.02879
cs.CV 2403.02886
cs.CV 2403.02887
cs.CV 2403.02892
cs.CV 2403.02909
cs.CV 2403.02910
cs.CV 2403.02919
cs.CV 2403.02944
cs.CV 2403.02965
cs.CV 2403.02969
cs.CV 2403.02981
cs.CV 2403.02991
cs.CV 2403.02998
cs.CV 2403.03003
cs.CV 2403.03037
cs.CV 2403.03063
cs.CV 2403.03077
cs.CV 2403.03095
cs.CV 2403.03111
cs.CV 2403.03120
cs.CV 2403.03122
cs.CV 2403.03134
cs.CV 2403.03145
cs.CV 2403.03161
cs.CV 2403.03173
cs.CV 2403.03190
cs.CV 2403.03206
cs.CV 2403.03217
cs.CV 2403.03221
cs.CV 2403.03326
cs.CV 2403.03349
cs.CV 2403.03385
cs.CV 2403.03412
cs.CV 2403.03448
cs.CV 2403.03462
cs.CV 2403.03472
cs.CV 2403.03473
cs.CV 2403.03488
cs.CV 2403.03539
cs.CV 2403.03551
cs.CV 2403.03569
cs.CV 2403.03642
cs.CV 2403.03681
cs.CV 2403.03728
cs.CV 2403.03741
cs.CV 2403.03806
cs.CV 2403.03849
cs.CV 2403.03890
cs.CV 2403.03891
cs.CV 2403.03954
cs.CV 2403.03273
cs.CV 2403.03296
cs.CV 2403.03309
cs.CV 2403.03346
cs.CV 2403.03370
cs.CV 2403.03390
cs.CV 2403.03400
cs.CV 2403.03405
cs.CV 2403.03408
cs.CV 2403.03421
cs.CV 2403.03431
cs.CV 2403.03447
cs.CV 2403.03452
cs.CV 2403.03456
cs.CV 2403.03458
cs.CV 2403.03461
cs.CV 2403.03463
cs.CV 2403.03468
cs.CV 2403.03477
cs.CV 2403.03485
cs.CV 2403.03493
cs.CV 2403.03512
cs.CV 2403.03532
cs.CV 2403.03535
cs.CV 2403.03561
cs.CV 2403.03608
cs.CV 2403.03662
cs.CV 2403.03671
cs.CV 2403.03674
cs.CV 2403.03691
cs.CV 2403.03704
cs.CV 2403.03707
cs.CV 2403.03715
cs.CV 2403.03719
cs.CV 2403.03721
cs.CV 2403.03730
cs.CV 2403.03736
cs.CV 2403.03740
cs.CV 2403.03790
cs.CV 2403.03825
cs.CV 2403.03854
cs.CV 2403.03864
cs.CV 2403.03879
cs.CV 2403.03881
cs.CV 2403.03882
cs.CV 2403.03896
cs.CV 2403.04024
cs.CV 2403.04070
cs.CV 2403.04080
cs.CV 2403.04112
cs.CV 2403.04114
cs.CV 2403.04115
cs.CV 2403.04116
cs.CV 2403.04142
cs.CV 2403.04161
cs.CV 2403.04245
cs.CV 2403.04290
cs.CV 2403.04478
cs.CV 2403.04526
cs.CV 2403.04558
cs.CV 2403.04612
cs.CV 2403.04626
cs.CV 2403.04732
cs.CV 2403.03994
cs.CV 2403.04066
cs.CV 2403.04120
cs.CV 2403.04125
cs.CV 2403.04130
cs.CV 2403.04133
cs.CV 2403.04149
cs.CV 2403.04151
cs.CV 2403.04164
cs.CV 2403.04172
cs.CV 2403.04173
cs.CV 2403.04183
cs.CV 2403.04194
cs.CV 2403.04198
cs.CV 2403.04200
cs.CV 2403.04225
cs.CV 2403.04228
cs.CV 2403.04258
cs.CV 2403.04272
cs.CV 2403.04279
cs.CV 2403.04294
cs.CV 2403.04303
cs.CV 2403.04306
cs.CV 2403.04309
cs.CV 2403.04321
cs.CV 2403.04353
cs.CV 2403.04363
cs.CV 2403.04368
cs.CV 2403.04380
cs.CV 2403.04381
cs.CV 2403.04385
cs.CV 2403.04398
cs.CV 2403.04437
cs.CV 2403.04443
cs.CV 2403.04444
cs.CV 2403.04473
cs.CV 2403.04484
cs.CV 2403.04492
cs.CV 2403.04508
cs.CV 2403.04523
cs.CV 2403.04549
cs.CV 2403.04562
cs.CV 2403.04583
cs.CV 2403.04593
cs.CV 2403.04634
cs.CV 2403.04640
cs.CV 2403.04654
cs.CV 2403.04661
cs.CV 2403.04690
cs.CV 2403.04692
cs.CV 2403.04697
cs.CV 2403.04700
cs.CV 2403.04701
cs.CV 2403.04724
cs.CV 2403.04735
cs.CV 2403.04739
cs.CV 2403.04755
cs.CV 2403.04765
cs.AR 2403.00012
cs.AR 2403.00103
cs.AR 2403.00132
cs.AR 2403.00363
cs.AR 2403.00464
cs.AR 2403.00232
cs.AR 2403.00579
cs.AR 2403.01098
cs.AR 2403.01317
cs.AR 2403.01353
cs.AR 2403.00766
cs.AR 2403.00849
cs.AR 2403.01236
cs.AR 2403.01351
cs.AR 2403.02446
cs.AR 2403.02936
cs.AR 2403.02946
cs.AR 2403.03235
cs.AR 2403.03442
cs.AR 2403.04714
cs.AR 2403.04189
cs.AR 2403.04414
cs.AR 2403.04539
cs.AR 2403.04635
cs.AI 2205.11029
cs.AI 2403.00011
cs.AI 2403.00014
cs.AI 2403.00016
cs.AI 2403.00017
cs.AI 2403.00023
cs.AI 2403.00025
cs.AI 2403.00026
cs.AI 2403.00030
cs.AI 2403.00032
cs.AI 2403.00036
cs.AI 2403.00037
cs.AI 2403.00039
cs.AI 2403.00041
cs.AI 2403.00044
cs.AI 2403.00046
cs.AI 2403.00071
cs.AI 2403.00108
cs.AI 2403.00116
cs.AI 2403.00131
cs.AI 2403.00141
cs.AI 2403.00143
cs.AI 2403.00144
cs.AI 2403.00154
cs.AI 2403.00172
cs.AI 2403.00175
cs.AI 2403.00176
cs.AI 2403.00178
cs.AI 2403.00190
cs.AI 2403.00196
cs.AI 2403.00198
cs.AI 2403.00236
cs.AI 2403.00250
cs.AI 2403.00252
cs.AI 2403.00254
cs.AI 2403.00290
cs.AI 2403.00299
cs.AI 2403.00307
cs.AI 2403.00336
cs.AI 2403.00353
cs.AI 2403.00376
cs.AI 2403.00396
cs.AI 2403.00420
cs.AI 2403.00425
cs.AI 2403.00436
cs.AI 2403.00437
cs.AI 2403.00439
cs.AI 2403.00450
cs.AI 2403.00504
cs.AI 2403.00509
cs.AI 2403.00510
cs.AI 2403.00550
cs.AI 2403.00561
cs.AI 2403.00564
cs.AI 2403.00565
cs.AI 2403.00567
cs.AI 2403.00570
cs.AI 2403.00587
cs.AI 2403.00642
cs.AI 2403.00691
cs.AI 2403.00692
cs.AI 2403.00694
cs.AI 2403.00742
cs.AI 2403.00758
cs.AI 2403.00284
cs.AI 2403.00315
cs.AI 2403.00318
cs.AI 2403.00323
cs.AI 2403.00329
cs.AI 2403.00685
cs.AI 2403.00690
cs.AI 2403.00765
cs.AI 2403.00772
cs.AI 2403.00780
cs.AI 2403.00781
cs.AI 2403.00782
cs.AI 2403.00784
cs.AI 2403.00788
cs.AI 2403.00790
cs.AI 2403.00791
cs.AI 2403.00794
cs.AI 2403.00795
cs.AI 2403.00796
cs.AI 2403.00799
cs.AI 2403.00800
cs.AI 2403.00802
cs.AI 2403.00803
cs.AI 2403.00804
cs.AI 2403.00808
cs.AI 2403.00809
cs.AI 2403.00812
cs.AI 2403.00813
cs.AI 2403.00815
cs.AI 2403.00816
cs.AI 2403.00822
cs.AI 2403.00824
cs.AI 2403.00827
cs.AI 2403.00828
cs.AI 2403.00832
cs.AI 2403.00834
cs.AI 2403.00835
cs.AI 2403.00840
cs.AI 2403.00841
cs.AI 2403.00843
cs.AI 2403.00854
cs.AI 2403.00858
cs.AI 2403.00860
cs.AI 2403.00862
cs.AI 2403.00863
cs.AI 2403.00865
cs.AI 2403.00867
cs.AI 2403.00868
cs.AI 2403.00871
cs.AI 2403.00872
cs.AI 2403.00875
cs.AI 2403.00876
cs.AI 2403.00878
cs.AI 2403.00880
cs.AI 2403.00884
cs.AI 2403.00887
cs.AI 2403.00890
cs.AI 2403.00891
cs.AI 2403.00894
cs.AI 2403.00895
cs.AI 2403.00896
cs.AI 2403.00897
cs.AI 2403.00929
cs.AI 2403.00930
cs.AI 2403.00942
cs.AI 2403.00953
cs.AI 2403.00965
cs.AI 2403.00975
cs.AI 2403.00986
cs.AI 2403.00993
cs.AI 2403.00994
cs.AI 2403.01002
cs.AI 2403.01003
cs.AI 2403.01005
cs.AI 2403.01024
cs.AI 2403.01031
cs.AI 2403.01038
cs.AI 2403.01046
cs.AI 2403.01053
cs.AI 2403.01055
cs.AI 2403.01071
cs.AI 2403.01078
cs.AI 2403.01079
cs.AI 2403.01091
cs.AI 2403.01101
cs.AI 2403.01106
cs.AI 2403.01118
cs.AI 2403.01121
cs.AI 2403.01131
cs.AI 2403.01136
cs.AI 2403.01139
cs.AI 2403.01147
cs.AI 2403.01152
cs.AI 2403.01165
cs.AI 2403.01166
cs.AI 2403.01183
cs.AI 2403.01185
cs.AI 2403.01193
cs.AI 2403.01196
cs.AI 2403.01210
cs.AI 2403.01216
cs.AI 2403.01221
cs.AI 2403.01229
cs.AI 2403.01232
cs.AI 2403.01241
cs.AI 2403.01242
cs.AI 2403.01244
cs.AI 2403.01248
cs.AI 2403.01255
cs.AI 2403.01273
cs.AI 2403.01277
cs.AI 2403.01281
cs.AI 2403.01286
cs.AI 2403.01308
cs.AI 2403.01309
cs.AI 2403.01329
cs.AI 2403.01332
cs.AI 2403.01348
cs.AI 2403.01369
cs.AI 2403.01384
cs.AI 2403.01400
cs.AI 2403.01407
cs.AI 2403.01413
cs.AI 2403.01437
cs.AI 2403.01456
cs.AI 2403.01467
cs.AI 2403.01475
cs.AI 2403.01479
cs.AI 2403.01489
cs.AI 2403.01510
cs.AI 2403.01528
cs.AI 2403.01533
cs.AI 2403.01548
cs.AI 2403.01564
cs.AI 2403.01567
cs.AI 2403.01569
cs.AI 2403.01575
cs.AI 2403.01580
cs.AI 2403.01598
cs.AI 2403.01599
cs.AI 2403.01600
cs.AI 2403.01605
cs.AI 2403.01606
cs.AI 2403.01621
cs.AI 2403.01643
cs.AI 2403.01649
cs.AI 2403.01673
cs.AI 2403.01693
cs.AI 2403.01695
cs.AI 2403.01698
cs.AI 2403.01699
cs.AI 2403.01709
cs.AI 2403.01734
cs.AI 2403.01742
cs.AI 2403.01748
cs.AI 2403.01768
cs.AI 2403.01769
cs.AI 2403.01773
cs.AI 2403.01781
cs.AI 2403.01791
cs.AI 2403.01801
cs.AI 2403.01818
cs.AI 2403.01823
cs.AI 2403.01827
cs.AI 2403.01840
cs.AI 2403.01845
cs.AI 2403.01849
cs.AI 2403.01851
cs.AI 2403.01861
cs.AI 2403.01875
cs.AI 2403.01886
cs.AI 2403.01895
cs.AI 2403.01909
cs.AI 2403.01915
cs.AI 2403.01924
cs.AI 2403.01954
cs.AI 2403.01964
cs.AI 2403.01977
cs.AI 2403.01985
cs.AI 2403.02014
cs.AI 2403.02018
cs.AI 2403.02074
cs.AI 2403.02076
cs.AI 2403.02107
cs.AI 2403.02118
cs.AI 2403.02121
cs.AI 2403.02127
cs.AI 2403.02131
cs.AI 2403.02167
cs.AI 2403.02178
cs.AI 2403.02181
cs.AI 2403.02227
cs.AI 2403.02232
cs.AI 2403.02238
cs.AI 2403.02241
cs.AI 2403.02243
cs.AI 2403.02249
cs.AI 2403.02253
cs.AI 2403.02268
cs.AI 2403.02302
cs.AI 2403.02325
cs.AI 2403.02327
cs.AI 2403.02333
cs.AI 2403.02334
cs.AI 2403.02336
cs.AI 2403.02338
cs.AI 2403.00783
cs.AI 2403.00805
cs.AI 2403.00810
cs.AI 2403.00811
cs.AI 2403.00823
cs.AI 2403.00829
cs.AI 2403.00830
cs.AI 2403.00833
cs.AI 2403.00839
cs.AI 2403.00859
cs.AI 2403.00861
cs.AI 2403.00898
cs.AI 2403.00980
cs.AI 2403.01199
cs.AI 2403.01508
cs.AI 2403.01757
cs.AI 2403.01784
cs.AI 2403.01816
cs.AI 2403.01832
cs.AI 2403.01888
cs.AI 2403.02053
cs.AI 2403.02054
cs.AI 2403.02164
cs.AI 2403.02290
cs.AI 2403.00632
cs.AI 2403.00801
cs.AI 2403.00957
cs.AI 2403.02342
cs.AI 2403.02352
cs.AI 2403.02354
cs.AI 2403.02355
cs.AI 2403.02360
cs.AI 2403.02363
cs.AI 2403.02366
cs.AI 2403.02367
cs.AI 2403.02368
cs.AI 2403.02370
cs.AI 2403.02371
cs.AI 2403.02372
cs.AI 2403.02419
cs.AI 2403.02429
cs.AI 2403.02437
cs.AI 2403.02439
cs.AI 2403.02444
cs.AI 2403.02484
cs.AI 2403.02495
cs.AI 2403.02502
cs.AI 2403.02504
cs.AI 2403.02509
cs.AI 2403.02514
cs.AI 2403.02522
cs.AI 2403.02528
cs.AI 2403.02545
cs.AI 2403.02567
cs.AI 2403.02574
cs.AI 2403.02589
cs.AI 2403.02607
cs.AI 2403.02611
cs.AI 2403.02613
cs.AI 2403.02616
cs.AI 2403.02622
cs.AI 2403.02624
cs.AI 2403.02647
cs.AI 2403.02648
cs.AI 2403.02651
cs.AI 2403.02687
cs.AI 2403.02688
cs.AI 2403.02694
cs.AI 2403.02701
cs.AI 2403.02715
cs.AI 2403.02726
cs.AI 2403.02727
cs.AI 2403.02736
cs.AI 2403.02750
cs.AI 2403.02772
cs.AI 2403.02786
cs.AI 2403.02794
cs.AI 2403.02799
cs.AI 2403.02810
cs.AI 2403.02814
cs.AI 2403.02846
cs.AI 2403.02877
cs.AI 2403.02884
cs.AI 2403.02892
cs.AI 2403.02893
cs.AI 2403.02910
cs.AI 2403.02920
cs.AI 2403.02939
cs.AI 2403.02951
cs.AI 2403.02959
cs.AI 2403.02965
cs.AI 2403.02966
cs.AI 2403.02975
cs.AI 2403.02983
cs.AI 2403.02990
cs.AI 2403.02995
cs.AI 2403.03002
cs.AI 2403.03020
cs.AI 2403.03030
cs.AI 2403.03053
cs.AI 2403.03082
cs.AI 2403.03089
cs.AI 2403.03100
cs.AI 2403.03101
cs.AI 2403.03102
cs.AI 2403.03111
cs.AI 2403.03114
cs.AI 2403.03134
cs.AI 2403.03154
cs.AI 2403.03168
cs.AI 2403.03170
cs.AI 2403.03174
cs.AI 2403.03181
cs.AI 2403.03183
cs.AI 2403.03185
cs.AI 2403.03187
cs.AI 2403.03218
cs.AI 2403.02454
cs.AI 2403.02482
cs.AI 2403.02523
cs.AI 2403.02610
cs.AI 2403.02635
cs.AI 2403.02719
cs.AI 2403.02723
cs.AI 2403.02745
cs.AI 2403.02760
cs.AI 2403.02775
cs.AI 2403.02783
cs.AI 2403.02795
cs.AI 2403.02820
cs.AI 2403.02870
cs.AI 2403.02899
cs.AI 2403.02901
cs.AI 2403.02914
cs.AI 2403.02933
cs.AI 2403.02936
cs.AI 2403.02946
cs.AI 2403.02950
cs.AI 2403.02962
cs.AI 2403.02985
cs.AI 2403.02993
cs.AI 2403.03008
cs.AI 2403.03017
cs.AI 2403.03028
cs.AI 2403.03165
cs.AI 2403.03172
cs.AI 2403.03176
cs.AI 2403.03186
cs.AI 2403.03188
cs.AI 2403.03203
cs.AI 2402.16627
cs.AI 2402.17563
cs.AI 2403.03222
cs.AI 2403.03224
cs.AI 2403.03230
cs.AI 2403.03239
cs.AI 2403.03274
cs.AI 2403.03276
cs.AI 2403.03281
cs.AI 2403.03305
cs.AI 2403.03322
cs.AI 2403.03334
cs.AI 2403.03344
cs.AI 2403.03348
cs.AI 2403.03385
cs.AI 2403.03395
cs.AI 2403.03407
cs.AI 2403.03409
cs.AI 2403.03419
cs.AI 2403.03421
cs.AI 2403.03432
cs.AI 2403.03444
cs.AI 2403.03456
cs.AI 2403.03506
cs.AI 2403.03536
cs.AI 2403.03538
cs.AI 2403.03575
cs.AI 2403.03578
cs.AI 2403.03582
cs.AI 2403.03585
cs.AI 2403.03592
cs.AI 2403.03593
cs.AI 2403.03606
cs.AI 2403.03608
cs.AI 2403.03627
cs.AI 2403.03640
cs.AI 2403.03643
cs.AI 2403.03689
cs.AI 2403.03690
cs.AI 2403.03691
cs.AI 2403.03698
cs.AI 2403.03726
cs.AI 2403.03728
cs.AI 2403.03730
cs.AI 2403.03739
cs.AI 2403.03741
cs.AI 2403.03750
cs.AI 2403.03777
cs.AI 2403.03781
cs.AI 2403.03791
cs.AI 2403.03808
cs.AI 2403.03812
cs.AI 2403.03814
cs.AI 2403.03835
cs.AI 2403.03852
cs.AI 2403.03864
cs.AI 2403.03874
cs.AI 2403.03879
cs.AI 2403.03881
cs.AI 2403.03890
cs.AI 2403.03893
cs.AI 2403.03925
cs.AI 2403.03929
cs.AI 2403.03949
cs.AI 2403.03950
cs.AI 2403.03288
cs.AI 2403.03293
cs.AI 2403.03357
cs.AI 2403.03359
cs.AI 2403.03382
cs.AI 2403.03401
cs.AI 2403.03406
cs.AI 2403.03517
cs.AI 2403.03544
cs.AI 2403.03550
cs.AI 2403.03594
cs.AI 2403.03600
cs.AI 2403.03607
cs.AI 2403.03636
cs.AI 2403.03645
cs.AI 2403.03744
cs.AI 2403.03768
cs.AI 2403.03828
cs.AI 2403.03832
cs.AI 2403.03894
cs.AI 2403.03920
cs.AI 2403.03962
cs.AI 2403.03993
cs.AI 2403.04001
cs.AI 2403.04014
cs.AI 2403.04015
cs.AI 2403.04031
cs.AI 2403.04033
cs.AI 2403.04036
cs.AI 2403.04070
cs.AI 2403.04071
cs.AI 2403.04073
cs.AI 2403.04115
cs.AI 2403.04146
cs.AI 2403.04158
cs.AI 2403.04160
cs.AI 2403.04164
cs.AI 2403.04175
cs.AI 2403.04182
cs.AI 2403.04187
cs.AI 2403.04190
cs.AI 2403.04197
cs.AI 2403.04202
cs.AI 2403.04221
cs.AI 2403.04224
cs.AI 2403.04232
cs.AI 2403.04233
cs.AI 2403.04246
cs.AI 2403.04256
cs.AI 2403.04283
cs.AI 2403.04299
cs.AI 2403.04306
cs.AI 2403.04309
cs.AI 2403.04321
cs.AI 2403.04325
cs.AI 2403.04326
cs.AI 2403.04359
cs.AI 2403.04374
cs.AI 2403.04382
cs.AI 2403.04417
cs.AI 2403.04427
cs.AI 2403.04436
cs.AI 2403.04442
cs.AI 2403.04447
cs.AI 2403.04454
cs.AI 2403.04468
cs.AI 2403.04473
cs.AI 2403.04481
cs.AI 2403.04500
cs.AI 2403.04510
cs.AI 2403.04523
cs.AI 2403.04526
cs.AI 2403.04529
cs.AI 2403.04547
cs.AI 2403.04558
cs.AI 2403.04612
cs.AI 2403.04629
cs.AI 2403.04634
cs.AI 2403.04650
cs.AI 2403.04652
cs.AI 2403.04690
cs.AI 2403.04696
cs.AI 2403.04697
cs.AI 2403.04701
cs.AI 2403.04706
cs.AI 2403.04746
cs.AI 2403.04747
cs.AI 2403.04758
cs.AI 2403.04760
cs.AI 2403.03996
cs.AI 2403.03997
cs.AI 2403.04017
cs.AI 2403.04035
cs.AI 2403.04072
cs.AI 2403.04087
cs.AI 2403.04105
cs.AI 2403.04106
cs.AI 2403.04121
cs.AI 2403.04124
cs.AI 2403.04132
cs.AI 2403.04135
cs.AI 2403.04140
cs.AI 2403.04204
cs.AI 2403.04261
cs.AI 2403.04264
cs.AI 2403.04280
cs.AI 2403.04292
cs.AI 2403.04293
cs.AI 2403.04311
cs.AI 2403.04343
cs.AI 2403.04366
cs.AI 2403.04369
cs.AI 2403.04449
cs.AI 2403.04471
cs.AI 2403.04483
cs.AI 2403.04504
cs.AI 2403.04511
cs.AI 2403.04541
cs.AI 2403.04571
cs.AI 2403.04577
cs.AI 2403.04588
cs.AI 2403.04667
cs.AI 2403.04732
cs.MA 2403.00222
cs.MA 2403.00255
cs.MA 2403.00725
cs.MA 2403.00805
cs.MA 2403.01112
cs.MA 2403.01277
cs.MA 2403.01286
cs.MA 2403.01512
cs.MA 2403.01816
cs.MA 2403.02164
cs.MA 2403.02227
cs.MA 2403.00841
cs.MA 2403.00987
cs.MA 2403.01600
cs.MA 2403.02170
cs.MA 2403.03101
cs.MA 2403.02369
cs.MA 2403.03055
cs.MA 2403.03314
cs.MA 2403.03552
cs.MA 2403.03434
cs.MA 2403.04084
cs.MA 2403.04232
cs.MA 2403.04442
cs.MA 2403.04202
cs.MA 2403.04370
cs.MA 2403.04627
cs.CR 2403.00030
cs.CR 2403.00157
cs.CR 2403.00193
cs.CR 2403.00278
cs.CR 2403.00523
cs.CR 2403.00018
cs.CR 2403.00023
cs.CR 2403.00028
cs.CR 2403.00108
cs.CR 2403.00239
cs.CR 2403.00280
cs.CR 2403.00393
cs.CR 2403.00404
cs.CR 2403.00405
cs.CR 2403.00406
cs.CR 2403.00464
cs.CR 2403.00770
cs.CR 2403.00826
cs.CR 2403.00932
cs.CR 2403.00942
cs.CR 2403.00989
cs.CR 2403.01218
cs.CR 2403.01268
cs.CR 2403.01331
cs.CR 2403.01501
cs.CR 2403.01601
cs.CR 2403.01896
cs.CR 2403.02051
cs.CR 2403.02116
cs.CR 2403.02324
cs.CR 2403.02329
cs.CR 2403.00864
cs.CR 2403.00867
cs.CR 2403.00871
cs.CR 2403.00873
cs.CR 2403.00878
cs.CR 2403.00889
cs.CR 2403.00890
cs.CR 2403.00935
cs.CR 2403.01008
cs.CR 2403.01038
cs.CR 2403.01048
cs.CR 2403.01100
cs.CR 2403.01155
cs.CR 2403.01182
cs.CR 2403.01186
cs.CR 2403.01215
cs.CR 2403.01271
cs.CR 2403.01290
cs.CR 2403.01299
cs.CR 2403.01356
cs.CR 2403.01423
cs.CR 2403.01451
cs.CR 2403.01472
cs.CR 2403.01507
cs.CR 2403.01547
cs.CR 2403.01586
cs.CR 2403.01626
cs.CR 2403.01648
cs.CR 2403.01788
cs.CR 2403.01789
cs.CR 2403.01809
cs.CR 2403.01860
cs.CR 2403.01862
cs.CR 2403.01871
cs.CR 2403.01878
cs.CR 2403.02014
cs.CR 2403.02172
cs.CR 2403.02225
cs.CR 2403.02232
cs.CR 2403.02253
cs.CR 2403.02616
cs.CR 2403.02645
cs.CR 2403.02691
cs.CR 2403.02694
cs.CR 2403.02846
cs.CR 2403.02870
cs.CR 2403.02912
cs.CR 2403.02950
cs.CR 2403.03048
cs.CR 2403.02445
cs.CR 2403.02459
cs.CR 2403.02546
cs.CR 2403.02680
cs.CR 2403.02744
cs.CR 2403.02817
cs.CR 2403.02955
cs.CR 2403.02983
cs.CR 2403.02995
cs.CR 2403.03149
cs.CR 2403.03337
cs.CR 2403.03856
cs.CR 2403.03897
cs.CR 2403.03945
cs.CR 2403.03265
cs.CR 2403.03267
cs.CR 2403.03360
cs.CR 2403.03486
cs.CR 2403.03590
cs.CR 2403.03592
cs.CR 2403.03593
cs.CR 2403.03654
cs.CR 2403.03655
cs.CR 2403.03701
cs.CR 2403.03792
cs.CR 2403.03858
cs.CR 2403.03967
cs.CR 2403.04070
cs.CR 2403.04293
cs.CR 2403.04419
cs.CR 2403.04630
cs.CR 2403.04740
cs.CR 2403.03998
cs.CR 2403.04113
cs.CR 2403.04193
cs.CR 2403.04410
cs.CR 2403.04451
cs.CR 2403.04485
cs.CR 2403.04659
cs.LG 2402.18354
cs.LG 2403.00014
cs.LG 2403.00023
cs.LG 2403.00027
cs.LG 2403.00028
cs.LG 2403.00030
cs.LG 2403.00033
cs.LG 2403.00043
cs.LG 2403.00044
cs.LG 2403.00128
cs.LG 2403.00143
cs.LG 2403.00144
cs.LG 2403.00147
cs.LG 2403.00158
cs.LG 2403.00165
cs.LG 2403.00172
cs.LG 2403.00184
cs.LG 2403.00196
cs.LG 2403.00198
cs.LG 2403.00199
cs.LG 2403.00212
cs.LG 2403.00229
cs.LG 2403.00233
cs.LG 2403.00236
cs.LG 2403.00252
cs.LG 2403.00257
cs.LG 2403.00258
cs.LG 2403.00259
cs.LG 2403.00269
cs.LG 2403.00272
cs.LG 2403.00284
cs.LG 2403.00289
cs.LG 2403.00290
cs.LG 2403.00293
cs.LG 2403.00299
cs.LG 2403.00315
cs.LG 2403.00318
cs.LG 2403.00321
cs.LG 2403.00323
cs.LG 2403.00329
cs.LG 2403.00344
cs.LG 2403.00352
cs.LG 2403.00376
cs.LG 2403.00381
cs.LG 2403.00423
cs.LG 2403.00425
cs.LG 2403.00437
cs.LG 2403.00446
cs.LG 2403.00470
cs.LG 2403.00504
cs.LG 2403.00529
cs.LG 2403.00570
cs.LG 2403.00578
cs.LG 2403.00584
cs.LG 2403.00694
cs.LG 2403.00746
cs.LG 2403.00758
cs.LG 2403.00011
cs.LG 2403.00012
cs.LG 2403.00013
cs.LG 2403.00016
cs.LG 2403.00017
cs.LG 2403.00019
cs.LG 2403.00024
cs.LG 2403.00025
cs.LG 2403.00026
cs.LG 2403.00036
cs.LG 2403.00041
cs.LG 2403.00103
cs.LG 2403.00105
cs.LG 2403.00116
cs.LG 2403.00131
cs.LG 2403.00155
cs.LG 2403.00157
cs.LG 2403.00176
cs.LG 2403.00177
cs.LG 2403.00178
cs.LG 2403.00188
cs.LG 2403.00194
cs.LG 2403.00222
cs.LG 2403.00225
cs.LG 2403.00254
cs.LG 2403.00273
cs.LG 2403.00276
cs.LG 2403.00278
cs.LG 2403.00282
cs.LG 2403.00337
cs.LG 2403.00403
cs.LG 2403.00409
cs.LG 2403.00420
cs.LG 2403.00485
cs.LG 2403.00514
cs.LG 2403.00540
cs.LG 2403.00542
cs.LG 2403.00550
cs.LG 2403.00563
cs.LG 2403.00564
cs.LG 2403.00574
cs.LG 2403.00625
cs.LG 2403.00642
cs.LG 2403.00646
cs.LG 2403.00669
cs.LG 2403.00673
cs.LG 2403.00675
cs.LG 2403.00680
cs.LG 2403.00715
cs.LG 2403.00720
cs.LG 2403.00745
cs.LG 2403.00765
cs.LG 2403.00766
cs.LG 2403.00769
cs.LG 2403.00771
cs.LG 2403.00772
cs.LG 2403.00775
cs.LG 2403.00777
cs.LG 2403.00781
cs.LG 2403.00785
cs.LG 2403.00788
cs.LG 2403.00793
cs.LG 2403.00794
cs.LG 2403.00796
cs.LG 2403.00798
cs.LG 2403.00799
cs.LG 2403.00800
cs.LG 2403.00803
cs.LG 2403.00804
cs.LG 2403.00817
cs.LG 2403.00818
cs.LG 2403.00821
cs.LG 2403.00826
cs.LG 2403.00827
cs.LG 2403.00828
cs.LG 2403.00841
cs.LG 2403.00843
cs.LG 2403.00844
cs.LG 2403.00845
cs.LG 2403.00849
cs.LG 2403.00854
cs.LG 2403.00861
cs.LG 2403.00865
cs.LG 2403.00867
cs.LG 2403.00871
cs.LG 2403.00873
cs.LG 2403.00875
cs.LG 2403.00887
cs.LG 2403.00888
cs.LG 2403.00889
cs.LG 2403.00892
cs.LG 2403.00895
cs.LG 2403.00897
cs.LG 2403.00898
cs.LG 2403.00929
cs.LG 2403.00935
cs.LG 2403.00952
cs.LG 2403.00961
cs.LG 2403.00964
cs.LG 2403.00965
cs.LG 2403.00986
cs.LG 2403.00991
cs.LG 2403.01022
cs.LG 2403.01023
cs.LG 2403.01058
cs.LG 2403.01076
cs.LG 2403.01081
cs.LG 2403.01131
cs.LG 2403.01158
cs.LG 2403.01183
cs.LG 2403.01192
cs.LG 2403.01216
cs.LG 2403.01229
cs.LG 2403.01248
cs.LG 2403.01299
cs.LG 2403.01301
cs.LG 2403.01308
cs.LG 2403.01309
cs.LG 2403.01318
cs.LG 2403.01332
cs.LG 2403.01355
cs.LG 2403.01369
cs.LG 2403.01371
cs.LG 2403.01423
cs.LG 2403.01451
cs.LG 2403.01472
cs.LG 2403.01485
cs.LG 2403.01518
cs.LG 2403.01523
cs.LG 2403.01532
cs.LG 2403.01536
cs.LG 2403.01537
cs.LG 2403.01546
cs.LG 2403.01548
cs.LG 2403.01570
cs.LG 2403.01571
cs.LG 2403.01599
cs.LG 2403.01635
cs.LG 2403.01636
cs.LG 2403.01673
cs.LG 2403.01709
cs.LG 2403.01717
cs.LG 2403.01723
cs.LG 2403.01734
cs.LG 2403.01757
cs.LG 2403.01758
cs.LG 2403.01776
cs.LG 2403.01798
cs.LG 2403.01805
cs.LG 2403.01820
cs.LG 2403.01841
cs.LG 2403.01849
cs.LG 2403.01864
cs.LG 2403.01865
cs.LG 2403.01888
cs.LG 2403.01900
cs.LG 2403.01907
cs.LG 2403.01918
cs.LG 2403.01944
cs.LG 2403.01948
cs.LG 2403.02011
cs.LG 2403.02019
cs.LG 2403.02035
cs.LG 2403.02051
cs.LG 2403.02080
cs.LG 2403.02090
cs.LG 2403.02150
cs.LG 2403.02171
cs.LG 2403.02178
cs.LG 2403.02181
cs.LG 2403.02232
cs.LG 2403.02251
cs.LG 2403.02253
cs.LG 2403.02271
cs.LG 2403.02274
cs.LG 2403.02290
cs.LG 2403.02300
cs.LG 2403.02302
cs.LG 2403.02325
cs.LG 2403.02338
cs.LG 2403.00773
cs.LG 2403.00780
cs.LG 2403.00853
cs.LG 2403.00858
cs.LG 2403.00860
cs.LG 2403.00869
cs.LG 2403.00877
cs.LG 2403.00881
cs.LG 2403.00886
cs.LG 2403.00891
cs.LG 2403.00930
cs.LG 2403.00932
cs.LG 2403.00942
cs.LG 2403.00946
cs.LG 2403.00963
cs.LG 2403.00974
cs.LG 2403.00975
cs.LG 2403.00993
cs.LG 2403.00999
cs.LG 2403.01014
cs.LG 2403.01046
cs.LG 2403.01053
cs.LG 2403.01059
cs.LG 2403.01071
cs.LG 2403.01078
cs.LG 2403.01079
cs.LG 2403.01091
cs.LG 2403.01092
cs.LG 2403.01101
cs.LG 2403.01112
cs.LG 2403.01121
cs.LG 2403.01128
cs.LG 2403.01132
cs.LG 2403.01133
cs.LG 2403.01136
cs.LG 2403.01147
cs.LG 2403.01189
cs.LG 2403.01203
cs.LG 2403.01204
cs.LG 2403.01218
cs.LG 2403.01221
cs.LG 2403.01232
cs.LG 2403.01234
cs.LG 2403.01242
cs.LG 2403.01245
cs.LG 2403.01267
cs.LG 2403.01268
cs.LG 2403.01272
cs.LG 2403.01273
cs.LG 2403.01306
cs.LG 2403.01315
cs.LG 2403.01317
cs.LG 2403.01329
cs.LG 2403.01339
cs.LG 2403.01344
cs.LG 2403.01346
cs.LG 2403.01348
cs.LG 2403.01352
cs.LG 2403.01361
cs.LG 2403.01384
cs.LG 2403.01387
cs.LG 2403.01389
cs.LG 2403.01400
cs.LG 2403.01417
cs.LG 2403.01420
cs.LG 2403.01426
cs.LG 2403.01430
cs.LG 2403.01438
cs.LG 2403.01460
cs.LG 2403.01467
cs.LG 2403.01471
cs.LG 2403.01475
cs.LG 2403.01493
cs.LG 2403.01499
cs.LG 2403.01501
cs.LG 2403.01533
cs.LG 2403.01535
cs.LG 2403.01540
cs.LG 2403.01554
cs.LG 2403.01582
cs.LG 2403.01590
cs.LG 2403.01605
cs.LG 2403.01607
cs.LG 2403.01615
cs.LG 2403.01621
cs.LG 2403.01623
cs.LG 2403.01628
cs.LG 2403.01632
cs.LG 2403.01633
cs.LG 2403.01639
cs.LG 2403.01642
cs.LG 2403.01643
cs.LG 2403.01653
cs.LG 2403.01660
cs.LG 2403.01666
cs.LG 2403.01669
cs.LG 2403.01671
cs.LG 2403.01695
cs.LG 2403.01718
cs.LG 2403.01738
cs.LG 2403.01742
cs.LG 2403.01759
cs.LG 2403.01769
cs.LG 2403.01773
cs.LG 2403.01801
cs.LG 2403.01845
cs.LG 2403.01857
cs.LG 2403.01874
cs.LG 2403.01875
cs.LG 2403.01895
cs.LG 2403.01896
cs.LG 2403.01919
cs.LG 2403.01922
cs.LG 2403.01942
cs.LG 2403.01946
cs.LG 2403.02004
cs.LG 2403.02042
cs.LG 2403.02107
cs.LG 2403.02116
cs.LG 2403.02185
cs.LG 2403.02187
cs.LG 2403.02215
cs.LG 2403.02221
cs.LG 2403.02233
cs.LG 2403.02241
cs.LG 2403.02243
cs.LG 2403.02289
cs.LG 2403.02292
cs.LG 2403.02310
cs.LG 2403.02329
cs.LG 2403.02334
cs.LG 2311.17948
cs.LG 2403.02405
cs.LG 2403.02411
cs.LG 2403.02426
cs.LG 2403.02432
cs.LG 2403.02444
cs.LG 2403.02467
cs.LG 2403.02469
cs.LG 2403.02500
cs.LG 2403.02502
cs.LG 2403.02506
cs.LG 2403.02514
cs.LG 2403.02524
cs.LG 2403.02536
cs.LG 2403.02544
cs.LG 2403.02576
cs.LG 2403.02579
cs.LG 2403.02580
cs.LG 2403.02609
cs.LG 2403.02626
cs.LG 2403.02628
cs.LG 2403.02645
cs.LG 2403.02688
cs.LG 2403.02697
cs.LG 2403.02713
cs.LG 2403.02746
cs.LG 2403.02774
cs.LG 2403.02775
cs.LG 2403.02794
cs.LG 2403.02867
cs.LG 2403.02870
cs.LG 2403.02871
cs.LG 2403.02882
cs.LG 2403.02884
cs.LG 2403.02886
cs.LG 2403.02889
cs.LG 2403.02906
cs.LG 2403.02912
cs.LG 2403.02930
cs.LG 2403.02936
cs.LG 2403.02938
cs.LG 2403.02944
cs.LG 2403.02946
cs.LG 2403.02966
cs.LG 2403.02967
cs.LG 2403.02968
cs.LG 2403.02974
cs.LG 2403.02983
cs.LG 2403.02995
cs.LG 2403.03037
cs.LG 2403.03055
cs.LG 2403.03071
cs.LG 2403.03089
cs.LG 2403.03100
cs.LG 2403.03101
cs.LG 2403.03145
cs.LG 2403.03149
cs.LG 2403.03157
cs.LG 2403.03161
cs.LG 2403.03168
cs.LG 2403.03172
cs.LG 2403.03180
cs.LG 2403.03187
cs.LG 2403.03208
cs.LG 2403.02347
cs.LG 2403.02352
cs.LG 2403.02354
cs.LG 2403.02355
cs.LG 2403.02360
cs.LG 2403.02363
cs.LG 2403.02368
cs.LG 2403.02372
cs.LG 2403.02418
cs.LG 2403.02419
cs.LG 2403.02429
cs.LG 2403.02437
cs.LG 2403.02439
cs.LG 2403.02446
cs.LG 2403.02475
cs.LG 2403.02476
cs.LG 2403.02484
cs.LG 2403.02522
cs.LG 2403.02531
cs.LG 2403.02534
cs.LG 2403.02545
cs.LG 2403.02571
cs.LG 2403.02573
cs.LG 2403.02598
cs.LG 2403.02600
cs.LG 2403.02608
cs.LG 2403.02616
cs.LG 2403.02619
cs.LG 2403.02622
cs.LG 2403.02624
cs.LG 2403.02630
cs.LG 2403.02648
cs.LG 2403.02681
cs.LG 2403.02682
cs.LG 2403.02683
cs.LG 2403.02690
cs.LG 2403.02694
cs.LG 2403.02695
cs.LG 2403.02730
cs.LG 2403.02737
cs.LG 2403.02765
cs.LG 2403.02772
cs.LG 2403.02777
cs.LG 2403.02780
cs.LG 2403.02786
cs.LG 2403.02810
cs.LG 2403.02814
cs.LG 2403.02821
cs.LG 2403.02833
cs.LG 2403.02846
cs.LG 2403.02873
cs.LG 2403.02920
cs.LG 2403.02922
cs.LG 2403.02945
cs.LG 2403.02957
cs.LG 2403.03018
cs.LG 2403.03020
cs.LG 2403.03069
cs.LG 2403.03082
cs.LG 2403.03103
cs.LG 2403.03150
cs.LG 2403.03181
cs.LG 2403.03183
cs.LG 2403.03185
cs.LG 2403.03218
cs.LG 2403.03219
cs.LG 2402.16627
cs.LG 2402.17563
cs.LG 2403.03224
cs.LG 2403.03229
cs.LG 2403.03231
cs.LG 2403.03233
cs.LG 2403.03234
cs.LG 2403.03240
cs.LG 2403.03245
cs.LG 2403.03273
cs.LG 2403.03274
cs.LG 2403.03276
cs.LG 2403.03295
cs.LG 2403.03304
cs.LG 2403.03310
cs.LG 2403.03314
cs.LG 2403.03322
cs.LG 2403.03353
cs.LG 2403.03359
cs.LG 2403.03361
cs.LG 2403.03390
cs.LG 2403.03391
cs.LG 2403.03401
cs.LG 2403.03406
cs.LG 2403.03421
cs.LG 2403.03427
cs.LG 2403.03434
cs.LG 2403.03449
cs.LG 2403.03458
cs.LG 2403.03459
cs.LG 2403.03462
cs.LG 2403.03522
cs.LG 2403.03526
cs.LG 2403.03535
cs.LG 2403.03539
cs.LG 2403.03545
cs.LG 2403.03551
cs.LG 2403.03552
cs.LG 2403.03563
cs.LG 2403.03581
cs.LG 2403.03589
cs.LG 2403.03590
cs.LG 2403.03606
cs.LG 2403.03608
cs.LG 2403.03636
cs.LG 2403.03642
cs.LG 2403.03664
cs.LG 2403.03669
cs.LG 2403.03695
cs.LG 2403.03699
cs.LG 2403.03702
cs.LG 2403.03730
cs.LG 2403.03736
cs.LG 2403.03761
cs.LG 2403.03767
cs.LG 2403.03768
cs.LG 2403.03771
cs.LG 2403.03781
cs.LG 2403.03785
cs.LG 2403.03792
cs.LG 2403.03811
cs.LG 2403.03816
cs.LG 2403.03827
cs.LG 2403.03848
cs.LG 2403.03849
cs.LG 2403.03850
cs.LG 2403.03861
cs.LG 2403.03867
cs.LG 2403.03870
cs.LG 2403.03881
cs.LG 2403.03890
cs.LG 2403.03891
cs.LG 2403.03896
cs.LG 2403.03905
cs.LG 2403.03942
cs.LG 2403.03949
cs.LG 2403.03954
cs.LG 2403.03222
cs.LG 2403.03223
cs.LG 2403.03281
cs.LG 2403.03292
cs.LG 2403.03328
cs.LG 2403.03333
cs.LG 2403.03362
cs.LG 2403.03368
cs.LG 2403.03372
cs.LG 2403.03375
cs.LG 2403.03410
cs.LG 2403.03412
cs.LG 2403.03414
cs.LG 2403.03425
cs.LG 2403.03444
cs.LG 2403.03448
cs.LG 2403.03454
cs.LG 2403.03465
cs.LG 2403.03472
cs.LG 2403.03473
cs.LG 2403.03483
cs.LG 2403.03507
cs.LG 2403.03508
cs.LG 2403.03542
cs.LG 2403.03562
cs.LG 2403.03569
cs.LG 2403.03585
cs.LG 2403.03599
cs.LG 2403.03631
cs.LG 2403.03643
cs.LG 2403.03659
cs.LG 2403.03666
cs.LG 2403.03670
cs.LG 2403.03672
cs.LG 2403.03676
cs.LG 2403.03698
cs.LG 2403.03726
cs.LG 2403.03728
cs.LG 2403.03737
cs.LG 2403.03739
cs.LG 2403.03741
cs.LG 2403.03772
cs.LG 2403.03773
cs.LG 2403.03777
cs.LG 2403.03791
cs.LG 2403.03812
cs.LG 2403.03835
cs.LG 2403.03838
cs.LG 2403.03846
cs.LG 2403.03852
cs.LG 2403.03856
cs.LG 2403.03871
cs.LG 2403.03880
cs.LG 2403.03929
cs.LG 2403.03938
cs.LG 2403.03945
cs.LG 2403.03950
cs.LG 2307.04593
cs.LG 2403.02741
cs.LG 2403.03960
cs.LG 2403.03994
cs.LG 2403.04001
cs.LG 2403.04005
cs.LG 2403.04017
cs.LG 2403.04072
cs.LG 2403.04109
cs.LG 2403.04114
cs.LG 2403.04118
cs.LG 2403.04121
cs.LG 2403.04123
cs.LG 2403.04144
cs.LG 2403.04189
cs.LG 2403.04202
cs.LG 2403.04224
cs.LG 2403.04232
cs.LG 2403.04234
cs.LG 2403.04245
cs.LG 2403.04246
cs.LG 2403.04259
cs.LG 2403.04260
cs.LG 2403.04268
cs.LG 2403.04283
cs.LG 2403.04290
cs.LG 2403.04306
cs.LG 2403.04322
cs.LG 2403.04326
cs.LG 2403.04329
cs.LG 2403.04344
cs.LG 2403.04348
cs.LG 2403.04385
cs.LG 2403.04405
cs.LG 2403.04436
cs.LG 2403.04451
cs.LG 2403.04484
cs.LG 2403.04523
cs.LG 2403.04553
cs.LG 2403.04586
cs.LG 2403.04626
cs.LG 2403.04661
cs.LG 2403.04666
cs.LG 2403.04690
cs.LG 2403.04696
cs.LG 2403.04726
cs.LG 2403.04746
cs.LG 2403.04750
cs.LG 2403.04758
cs.LG 2403.04760
cs.LG 2403.03967
cs.LG 2403.04007
cs.LG 2403.04010
cs.LG 2403.04012
cs.LG 2403.04015
cs.LG 2403.04033
cs.LG 2403.04036
cs.LG 2403.04037
cs.LG 2403.04039
cs.LG 2403.04050
cs.LG 2403.04070
cs.LG 2403.04081
cs.LG 2403.04082
cs.LG 2403.04086
cs.LG 2403.04099
cs.LG 2403.04146
cs.LG 2403.04154
cs.LG 2403.04161
cs.LG 2403.04162
cs.LG 2403.04180
cs.LG 2403.04190
cs.LG 2403.04195
cs.LG 2403.04206
cs.LG 2403.04207
cs.LG 2403.04221
cs.LG 2403.04236
cs.LG 2403.04253
cs.LG 2403.04317
cs.LG 2403.04337
cs.LG 2403.04429
cs.LG 2403.04430
cs.LG 2403.04431
cs.LG 2403.04442
cs.LG 2403.04447
cs.LG 2403.04453
cs.LG 2403.04468
cs.LG 2403.04477
cs.LG 2403.04482
cs.LG 2403.04493
cs.LG 2403.04526
cs.LG 2403.04529
cs.LG 2403.04545
cs.LG 2403.04546
cs.LG 2403.04547
cs.LG 2403.04551
cs.LG 2403.04558
cs.LG 2403.04568
cs.LG 2403.04580
cs.LG 2403.04599
cs.LG 2403.04605
cs.LG 2403.04629
cs.LG 2403.04636
cs.LG 2403.04642
cs.LG 2403.04650
cs.LG 2403.04670
cs.LG 2403.04693
cs.LG 2403.04720
cs.LG 2403.04744
cs.LG 2403.04747
cs.LG 2403.04759
cs.LG 2403.04763
cs.LG 2403.04764
cs.CL 2403.00037
cs.CL 2403.00046
cs.CL 2403.00108
cs.CL 2403.00231
cs.CL 2403.00393
cs.CL 2403.00409
cs.CL 2403.00745
cs.CL 2403.00067
cs.CL 2403.00071
cs.CL 2403.00092
cs.CL 2403.00126
cs.CL 2403.00127
cs.CL 2403.00141
cs.CL 2403.00143
cs.CL 2403.00144
cs.CL 2403.00165
cs.CL 2403.00180
cs.CL 2403.00198
cs.CL 2403.00199
cs.CL 2403.00212
cs.CL 2403.00226
cs.CL 2403.00236
cs.CL 2403.00241
cs.CL 2403.00252
cs.CL 2403.00260
cs.CL 2403.00277
cs.CL 2403.00292
cs.CL 2403.00338
cs.CL 2403.00354
cs.CL 2403.00370
cs.CL 2403.00411
cs.CL 2403.00417
cs.CL 2403.00418
cs.CL 2403.00435
cs.CL 2403.00438
cs.CL 2403.00462
cs.CL 2403.00499
cs.CL 2403.00506
cs.CL 2403.00509
cs.CL 2403.00510
cs.CL 2403.00528
cs.CL 2403.00553
cs.CL 2403.00662
cs.CL 2403.00686
cs.CL 2403.00696
cs.CL 2403.00724
cs.CL 2403.00742
cs.CL 2403.00758
cs.CL 2403.00774
cs.CL 2403.00782
cs.CL 2403.00784
cs.CL 2403.00801
cs.CL 2403.00806
cs.CL 2403.00807
cs.CL 2403.00810
cs.CL 2403.00811
cs.CL 2403.00820
cs.CL 2403.00823
cs.CL 2403.00829
cs.CL 2403.00830
cs.CL 2403.00839
cs.CL 2403.00843
cs.CL 2403.00854
cs.CL 2403.00858
cs.CL 2403.00863
cs.CL 2403.00867
cs.CL 2403.00871
cs.CL 2403.00887
cs.CL 2403.00891
cs.CL 2403.00894
cs.CL 2403.00923
cs.CL 2403.00932
cs.CL 2403.00994
cs.CL 2403.01131
cs.CL 2403.01203
cs.CL 2403.01242
cs.CL 2403.01248
cs.CL 2403.01267
cs.CL 2403.01273
cs.CL 2403.01384
cs.CL 2403.01457
cs.CL 2403.01472
cs.CL 2403.01599
cs.CL 2403.01643
cs.CL 2403.01747
cs.CL 2403.01757
cs.CL 2403.01832
cs.CL 2403.02090
cs.CL 2403.02127
cs.CL 2403.02167
cs.CL 2403.02185
cs.CL 2403.02253
cs.CL 2403.02325
cs.CL 2403.00788
cs.CL 2403.00791
cs.CL 2403.00794
cs.CL 2403.00795
cs.CL 2403.00799
cs.CL 2403.00800
cs.CL 2403.00804
cs.CL 2403.00808
cs.CL 2403.00809
cs.CL 2403.00812
cs.CL 2403.00813
cs.CL 2403.00815
cs.CL 2403.00818
cs.CL 2403.00821
cs.CL 2403.00824
cs.CL 2403.00825
cs.CL 2403.00826
cs.CL 2403.00827
cs.CL 2403.00828
cs.CL 2403.00835
cs.CL 2403.00840
cs.CL 2403.00862
cs.CL 2403.00868
cs.CL 2403.00876
cs.CL 2403.00888
cs.CL 2403.00896
cs.CL 2403.00952
cs.CL 2403.00953
cs.CL 2403.00964
cs.CL 2403.00982
cs.CL 2403.00986
cs.CL 2403.00990
cs.CL 2403.00998
cs.CL 2403.01002
cs.CL 2403.01031
cs.CL 2403.01061
cs.CL 2403.01063
cs.CL 2403.01069
cs.CL 2403.01081
cs.CL 2403.01106
cs.CL 2403.01116
cs.CL 2403.01139
cs.CL 2403.01152
cs.CL 2403.01163
cs.CL 2403.01165
cs.CL 2403.01166
cs.CL 2403.01185
cs.CL 2403.01187
cs.CL 2403.01193
cs.CL 2403.01196
cs.CL 2403.01197
cs.CL 2403.01216
cs.CL 2403.01222
cs.CL 2403.01241
cs.CL 2403.01244
cs.CL 2403.01251
cs.CL 2403.01270
cs.CL 2403.01289
cs.CL 2403.01304
cs.CL 2403.01308
cs.CL 2403.01309
cs.CL 2403.01342
cs.CL 2403.01364
cs.CL 2403.01373
cs.CL 2403.01382
cs.CL 2403.01390
cs.CL 2403.01395
cs.CL 2403.01404
cs.CL 2403.01411
cs.CL 2403.01432
cs.CL 2403.01456
cs.CL 2403.01461
cs.CL 2403.01469
cs.CL 2403.01479
cs.CL 2403.01481
cs.CL 2403.01509
cs.CL 2403.01518
cs.CL 2403.01528
cs.CL 2403.01548
cs.CL 2403.01570
cs.CL 2403.01580
cs.CL 2403.01616
cs.CL 2403.01638
cs.CL 2403.01698
cs.CL 2403.01699
cs.CL 2403.01748
cs.CL 2403.01749
cs.CL 2403.01754
cs.CL 2403.01767
cs.CL 2403.01774
cs.CL 2403.01777
cs.CL 2403.01811
cs.CL 2403.01817
cs.CL 2403.01841
cs.CL 2403.01848
cs.CL 2403.01851
cs.CL 2403.01858
cs.CL 2403.01886
cs.CL 2403.01897
cs.CL 2403.01921
cs.CL 2403.01924
cs.CL 2403.01926
cs.CL 2403.01929
cs.CL 2403.01931
cs.CL 2403.01954
cs.CL 2403.01969
cs.CL 2403.01972
cs.CL 2403.01976
cs.CL 2403.01983
cs.CL 2403.01985
cs.CL 2403.01988
cs.CL 2403.01994
cs.CL 2403.01999
cs.CL 2403.02009
cs.CL 2403.02078
cs.CL 2403.02121
cs.CL 2403.02130
cs.CL 2403.02173
cs.CL 2403.02176
cs.CL 2403.02177
cs.CL 2403.02178
cs.CL 2403.02181
cs.CL 2403.02246
cs.CL 2403.02247
cs.CL 2403.02268
cs.CL 2403.02270
cs.CL 2403.02271
cs.CL 2403.02281
cs.CL 2403.02285
cs.CL 2403.02333
cs.CL 2403.00632
cs.CL 2403.02371
cs.CL 2403.02419
cs.CL 2403.02475
cs.CL 2403.02563
cs.CL 2403.02574
cs.CL 2403.02677
cs.CL 2403.02694
cs.CL 2403.02745
cs.CL 2403.02795
cs.CL 2403.02875
cs.CL 2403.02939
cs.CL 2403.03028
cs.CL 2403.03100
cs.CL 2403.03170
cs.CL 2403.03218
cs.CL 2403.02366
cs.CL 2403.02367
cs.CL 2403.02370
cs.CL 2403.02436
cs.CL 2403.02451
cs.CL 2403.02472
cs.CL 2403.02474
cs.CL 2403.02496
cs.CL 2403.02502
cs.CL 2403.02504
cs.CL 2403.02509
cs.CL 2403.02513
cs.CL 2403.02528
cs.CL 2403.02558
cs.CL 2403.02567
cs.CL 2403.02586
cs.CL 2403.02615
cs.CL 2403.02647
cs.CL 2403.02674
cs.CL 2403.02691
cs.CL 2403.02698
cs.CL 2403.02712
cs.CL 2403.02713
cs.CL 2403.02715
cs.CL 2403.02718
cs.CL 2403.02727
cs.CL 2403.02738
cs.CL 2403.02742
cs.CL 2403.02756
cs.CL 2403.02757
cs.CL 2403.02799
cs.CL 2403.02839
cs.CL 2403.02884
cs.CL 2403.02889
cs.CL 2403.02893
cs.CL 2403.02902
cs.CL 2403.02930
cs.CL 2403.02932
cs.CL 2403.02938
cs.CL 2403.02951
cs.CL 2403.02959
cs.CL 2403.02966
cs.CL 2403.02975
cs.CL 2403.02990
cs.CL 2403.03014
cs.CL 2403.03029
cs.CL 2403.03031
cs.CL 2403.03045
cs.CL 2403.03075
cs.CL 2403.03101
cs.CL 2403.03102
cs.CL 2403.03121
cs.CL 2403.03129
cs.CL 2403.03141
cs.CL 2403.03163
cs.CL 2403.03167
cs.CL 2403.03187
cs.CL 2403.03194
cs.CL 2403.03407
cs.CL 2403.03522
cs.CL 2403.03538
cs.CL 2403.03544
cs.CL 2403.03737
cs.CL 2403.03894
cs.CL 2403.03920
cs.CL 2403.03956
cs.CL 2403.03304
cs.CL 2403.03305
cs.CL 2403.03307
cs.CL 2403.03329
cs.CL 2403.03334
cs.CL 2403.03336
cs.CL 2403.03348
cs.CL 2403.03396
cs.CL 2403.03419
cs.CL 2403.03432
cs.CL 2403.03435
cs.CL 2403.03481
cs.CL 2403.03496
cs.CL 2403.03506
cs.CL 2403.03514
cs.CL 2403.03516
cs.CL 2403.03521
cs.CL 2403.03558
cs.CL 2403.03575
cs.CL 2403.03581
cs.CL 2403.03582
cs.CL 2403.03627
cs.CL 2403.03628
cs.CL 2403.03640
cs.CL 2403.03689
cs.CL 2403.03690
cs.CL 2403.03750
cs.CL 2403.03788
cs.CL 2403.03814
cs.CL 2403.03823
cs.CL 2403.03853
cs.CL 2403.03857
cs.CL 2403.03861
cs.CL 2403.03863
cs.CL 2403.03866
cs.CL 2403.03867
cs.CL 2403.03870
cs.CL 2403.03874
cs.CL 2403.03883
cs.CL 2403.03888
cs.CL 2403.03893
cs.CL 2403.03909
cs.CL 2403.03923
cs.CL 2403.03942
cs.CL 2403.04009
cs.CL 2403.04121
cs.CL 2403.04123
cs.CL 2403.04132
cs.CL 2403.04190
cs.CL 2403.04204
cs.CL 2403.04260
cs.CL 2403.04261
cs.CL 2403.04280
cs.CL 2403.04311
cs.CL 2403.04317
cs.CL 2403.04321
cs.CL 2403.04327
cs.CL 2403.04369
cs.CL 2403.04395
cs.CL 2403.04451
cs.CL 2403.04483
cs.CL 2403.04577
cs.CL 2403.04618
cs.CL 2403.04626
cs.CL 2403.04732
cs.CL 2403.04031
cs.CL 2403.04073
cs.CL 2403.04080
cs.CL 2403.04085
cs.CL 2403.04158
cs.CL 2403.04178
cs.CL 2403.04182
cs.CL 2403.04197
cs.CL 2403.04212
cs.CL 2403.04222
cs.CL 2403.04224
cs.CL 2403.04233
cs.CL 2403.04247
cs.CL 2403.04283
cs.CL 2403.04307
cs.CL 2403.04314
cs.CL 2403.04325
cs.CL 2403.04376
cs.CL 2403.04382
cs.CL 2403.04400
cs.CL 2403.04417
cs.CL 2403.04445
cs.CL 2403.04454
cs.CL 2403.04460
cs.CL 2403.04481
cs.CL 2403.04507
cs.CL 2403.04510
cs.CL 2403.04521
cs.CL 2403.04639
cs.CL 2403.04643
cs.CL 2403.04652
cs.CL 2403.04656
cs.CL 2403.04666
cs.CL 2403.04671
cs.CL 2403.04696
cs.CL 2403.04706
cs.CL 2403.04746
cs.NI 2403.00027
cs.NI 2403.00692
cs.NI 2403.00193
cs.NI 2403.00207
cs.NI 2403.00546
cs.NI 2403.00590
cs.NI 2403.00668
cs.NI 2403.00881
cs.NI 2403.01586
cs.NI 2403.01862
cs.NI 2403.01878
cs.NI 2403.01009
cs.NI 2403.01180
cs.NI 2403.01297
cs.NI 2403.01314
cs.NI 2403.01652
cs.NI 2403.01780
cs.NI 2403.01798
cs.NI 2403.02238
cs.NI 2403.02254
cs.NI 2403.02497
cs.NI 2403.02616
cs.NI 2403.02645
cs.NI 2403.02856
cs.NI 2403.02983
cs.NI 2403.02995
cs.NI 2403.03053
cs.NI 2403.03150
cs.NI 2403.03157
cs.NI 2403.03196
cs.NI 2403.03648
cs.NI 2403.03241
cs.NI 2403.03376
cs.NI 2403.03492
cs.NI 2403.03617
cs.NI 2403.03724
cs.NI 2403.04430
cs.NI 2403.04546
cs.NI 2403.04665
cs.NI 2403.04074
cs.NI 2403.04165
cs.NI 2403.04365
cs.NI 2403.04379
cs.NI 2403.04416
cs.NI 2403.04708
cs.NI 2403.04716
stat.TH 2403.00130
stat.TH 2403.00140
stat.TH 2403.00278
stat.TH 2403.00281
stat.TH 2403.00304
stat.TH 2403.00687
stat.TH 2403.00749
stat.TH 2403.00186
stat.TH 2403.00202
stat.TH 2403.00551
stat.TH 2403.00819
stat.TH 2403.00886
stat.TH 2403.00916
stat.TH 2403.01534
stat.TH 2403.01655
stat.TH 2403.02051
stat.TH 2403.02220
stat.TH 2403.02300
stat.TH 2403.01516
stat.TH 2403.01737
stat.TH 2403.01892
stat.TH 2403.02065
stat.TH 2403.02835
stat.TH 2403.02979
stat.TH 2403.02673
stat.TH 2403.02696
stat.TH 2403.02840
stat.TH 2403.02960
stat.TH 2403.03205
stat.TH 2403.03446
stat.TH 2403.03695
stat.TH 2403.03868
stat.TH 2403.03540
stat.TH 2403.04033
stat.TH 2403.04236
stat.TH 2403.04545
stat.TH 2403.04726
stat.TH 2403.04744
stat.TH 2403.04248
stat.TH 2403.04361
stat.TH 2403.04607
cs.RO 2403.00353
cs.RO 2403.00470
cs.RO 2403.00473
cs.RO 2403.00489
cs.RO 2403.00564
cs.RO 2403.00698
cs.RO 2403.00729
cs.RO 2403.00748
cs.RO 2403.00049
cs.RO 2403.00075
cs.RO 2403.00076
cs.RO 2403.00128
cs.RO 2403.00136
cs.RO 2403.00187
cs.RO 2403.00228
cs.RO 2403.00322
cs.RO 2403.00336
cs.RO 2403.00344
cs.RO 2403.00381
cs.RO 2403.00398
cs.RO 2403.00446
cs.RO 2403.00558
cs.RO 2403.00565
cs.RO 2403.00613
cs.RO 2403.00641
cs.RO 2403.00987
cs.RO 2403.01407
cs.RO 2403.01569
cs.RO 2403.01644
cs.RO 2403.01731
cs.RO 2403.02037
cs.RO 2403.00765
cs.RO 2403.00929
cs.RO 2403.00944
cs.RO 2403.00956
cs.RO 2403.00970
cs.RO 2403.00976
cs.RO 2403.00988
cs.RO 2403.00991
cs.RO 2403.01022
cs.RO 2403.01068
cs.RO 2403.01086
cs.RO 2403.01110
cs.RO 2403.01181
cs.RO 2403.01194
cs.RO 2403.01225
cs.RO 2403.01233
cs.RO 2403.01254
cs.RO 2403.01265
cs.RO 2403.01277
cs.RO 2403.01286
cs.RO 2403.01323
cs.RO 2403.01374
cs.RO 2403.01410
cs.RO 2403.01428
cs.RO 2403.01449
cs.RO 2403.01450
cs.RO 2403.01483
cs.RO 2403.01512
cs.RO 2403.01529
cs.RO 2403.01536
cs.RO 2403.01537
cs.RO 2403.01542
cs.RO 2403.01564
cs.RO 2403.01611
cs.RO 2403.01622
cs.RO 2403.01674
cs.RO 2403.01694
cs.RO 2403.01710
cs.RO 2403.01734
cs.RO 2403.01766
cs.RO 2403.01803
cs.RO 2403.01823
cs.RO 2403.01861
cs.RO 2403.01890
cs.RO 2403.01891
cs.RO 2403.01928
cs.RO 2403.01962
cs.RO 2403.01977
cs.RO 2403.01991
cs.RO 2403.02018
cs.RO 2403.02175
cs.RO 2403.02235
cs.RO 2403.02274
cs.RO 2403.02280
cs.RO 2403.02297
cs.RO 2403.02316
cs.RO 2403.02338
cs.RO 2403.02508
cs.RO 2403.02622
cs.RO 2403.02710
cs.RO 2403.02777
cs.RO 2403.02877
cs.RO 2403.02882
cs.RO 2403.03055
cs.RO 2403.03111
cs.RO 2403.03181
cs.RO 2403.02431
cs.RO 2403.02450
cs.RO 2403.02486
cs.RO 2403.02495
cs.RO 2403.02514
cs.RO 2403.02604
cs.RO 2403.02617
cs.RO 2403.02618
cs.RO 2403.02642
cs.RO 2403.02709
cs.RO 2403.02751
cs.RO 2403.02773
cs.RO 2403.02831
cs.RO 2403.02845
cs.RO 2403.02917
cs.RO 2403.02918
cs.RO 2403.02974
cs.RO 2403.02977
cs.RO 2403.03105
cs.RO 2403.03174
cs.RO 2403.03215
cs.RO 2403.03314
cs.RO 2403.03359
cs.RO 2403.03370
cs.RO 2403.03269
cs.RO 2403.03270
cs.RO 2403.03394
cs.RO 2403.03460
cs.RO 2403.03462
cs.RO 2403.03505
cs.RO 2403.03541
cs.RO 2403.03563
cs.RO 2403.03573
cs.RO 2403.03577
cs.RO 2403.03639
cs.RO 2403.03681
cs.RO 2403.03727
cs.RO 2403.03746
cs.RO 2403.03806
cs.RO 2403.03808
cs.RO 2403.03848
cs.RO 2403.03890
cs.RO 2403.03949
cs.RO 2403.03954
cs.RO 2403.04062
cs.RO 2403.04133
cs.RO 2403.04153
cs.RO 2403.04629
cs.RO 2403.04755
cs.RO 2403.03995
cs.RO 2403.04001
cs.RO 2403.04021
cs.RO 2403.04067
cs.RO 2403.04071
cs.RO 2403.04109
cs.RO 2403.04112
cs.RO 2403.04114
cs.RO 2403.04115
cs.RO 2403.04118
cs.RO 2403.04134
cs.RO 2403.04143
cs.RO 2403.04169
cs.RO 2403.04205
cs.RO 2403.04232
cs.RO 2403.04299
cs.RO 2403.04331
cs.RO 2403.04359
cs.RO 2403.04384
cs.RO 2403.04436
cs.RO 2403.04440
cs.RO 2403.04467
cs.RO 2403.04537
cs.RO 2403.04586
cs.RO 2403.04602
cs.RO 2403.04608
cs.RO 2403.04638
cs.RO 2403.04703
cs.RO 2403.04712
cs.RO 2403.04729
cs.RO 2403.04745
eess.IV 2403.00394
eess.IV 2403.00628
eess.IV 2403.00410
eess.IV 2403.00461
eess.IV 2403.00537
eess.IV 2403.00549
eess.IV 2403.00602
eess.IV 2403.00604
eess.IV 2403.00612
eess.IV 2403.00636
eess.IV 2403.00648
eess.IV 2403.00671
eess.IV 2403.01119
eess.IV 2403.01137
eess.IV 2403.01412
eess.IV 2403.01607
eess.IV 2403.01647
eess.IV 2403.01692
eess.IV 2403.01898
eess.IV 2403.00771
eess.IV 2403.00893
eess.IV 2403.00897
eess.IV 2403.01362
eess.IV 2403.01513
eess.IV 2403.01598
eess.IV 2403.01758
eess.IV 2403.01868
eess.IV 2403.02043
eess.IV 2403.02163
eess.IV 2403.02182
eess.IV 2403.02192
eess.IV 2403.02236
eess.IV 2403.02307
eess.IV 2403.02311
eess.IV 2403.02693
eess.IV 2403.02863
eess.IV 2403.02887
eess.IV 2403.02909
eess.IV 2403.02408
eess.IV 2403.02544
eess.IV 2403.02566
eess.IV 2403.02601
eess.IV 2403.02750
eess.IV 2403.03229
eess.IV 2403.03349
eess.IV 2403.03390
eess.IV 2403.03426
eess.IV 2403.03671
eess.IV 2403.03736
eess.IV 2403.03326
eess.IV 2403.03385
eess.IV 2403.03488
eess.IV 2403.03527
eess.IV 2403.03539
eess.IV 2403.03551
eess.IV 2403.03642
eess.IV 2403.03849
eess.IV 2403.03860
eess.IV 2403.03891
eess.IV 2403.04228
eess.IV 2403.04549
eess.IV 2403.04024
eess.IV 2403.04038
eess.IV 2403.04116
eess.IV 2403.04290
eess.IV 2403.04478
eess.IV 2403.04531
eess.IV 2403.04612
eess.IV 2403.04626
math.DS 2403.00646
math.DS 2403.00034
math.DS 2403.00097
math.DS 2403.00340
math.DS 2403.00364
math.DS 2403.00650
math.DS 2403.00661
math.DS 2403.00693
math.DS 2403.02077
math.DS 2403.02143
math.DS 2403.02146
math.DS 2403.02215
math.DS 2403.02228
math.DS 2403.02290
math.DS 2403.02326
math.DS 2403.02339
math.DS 2403.01041
math.DS 2403.01141
math.DS 2403.01230
math.DS 2403.01283
math.DS 2403.01488
math.DS 2403.01661
math.DS 2403.02092
math.DS 2403.02190
math.DS 2403.01066
math.DS 2403.01855
math.DS 2403.02508
math.DS 2403.02686
math.DS 2403.03182
math.DS 2403.02438
math.DS 2403.02524
math.DS 2403.02658
math.DS 2403.02843
math.DS 2403.02869
math.DS 2403.02949
math.DS 2403.03197
math.DS 2403.03274
math.DS 2403.03653
math.DS 2403.03936
math.DS 2403.03759
math.DS 2403.03889
math.DS 2006.11428
math.DS 2403.04003
math.DS 2403.04223
math.DS 2403.04417
math.DS 2403.04628
math.DS 2403.04723
math.DS 2403.04336
math.DS 2403.04360
math.DS 2403.04452
math.DS 2403.04456
math.DS 2403.04490
math.DS 2403.04519
math.DS 2403.04552
math.DS 2403.04625
math.DS 2403.04646
eess.AS 2403.00212
eess.AS 2403.00274
eess.AS 2403.00370
eess.AS 2403.00529
eess.AS 2403.00293
eess.AS 2403.00379
eess.AS 2403.00790
eess.AS 2403.00854
eess.AS 2403.00977
eess.AS 2403.01087
eess.AS 2403.01132
eess.AS 2403.01255
eess.AS 2403.01278
eess.AS 2403.01699
eess.AS 2403.01700
eess.AS 2403.01785
eess.AS 2403.01792
eess.AS 2403.01960
eess.AS 2403.02002
eess.AS 2403.02010
eess.AS 2403.00887
eess.AS 2403.01130
eess.AS 2403.01355
eess.AS 2403.01369
eess.AS 2403.01494
eess.AS 2403.01670
eess.AS 2403.02167
eess.AS 2403.02288
eess.AS 2403.02687
eess.AS 2403.02701
eess.AS 2403.02918
eess.AS 2403.02938
eess.AS 2403.03095
eess.AS 2403.03145
eess.AS 2403.02371
eess.AS 2403.03100
eess.AS 2403.03224
eess.AS 2403.03395
eess.AS 2403.03411
eess.AS 2403.03510
eess.AS 2403.03522
eess.AS 2403.03538
eess.AS 2403.03762
eess.AS 2403.03947
eess.AS 2403.03611
eess.AS 2403.04111
eess.AS 2403.04178
eess.AS 2403.04245
eess.AS 2403.04594
eess.AS 2403.04654
eess.AS 2403.04661
eess.AS 2403.04433
eess.AS 2403.04743
cs.SY 2403.00036
cs.SY 2403.00128
cs.SY 2403.00237
cs.SY 2403.00321
cs.SY 2403.00381
cs.SY 2403.00447
cs.SY 2403.00473
cs.SY 2403.00613
cs.SY 2403.00172
cs.SY 2403.00221
cs.SY 2403.00387
cs.SY 2403.00424
cs.SY 2403.00517
cs.SY 2403.00554
cs.SY 2403.00578
cs.SY 2403.00645
cs.SY 2403.00970
cs.SY 2403.00972
cs.SY 2403.00987
cs.SY 2403.01150
cs.SY 2403.01194
cs.SY 2403.01260
cs.SY 2403.01265
cs.SY 2403.01286
cs.SY 2403.01435
cs.SY 2403.01478
cs.SY 2403.01529
cs.SY 2403.01564
cs.SY 2403.01642
cs.SY 2403.01657
cs.SY 2403.01669
cs.SY 2403.01789
cs.SY 2403.01805
cs.SY 2403.00892
cs.SY 2403.01005
cs.SY 2403.01013
cs.SY 2403.01027
cs.SY 2403.01072
cs.SY 2403.01102
cs.SY 2403.01250
cs.SY 2403.01253
cs.SY 2403.01256
cs.SY 2403.01257
cs.SY 2403.01333
cs.SY 2403.01334
cs.SY 2403.01602
cs.SY 2403.01614
cs.SY 2403.01752
cs.SY 2403.01768
cs.SY 2403.01782
cs.SY 2403.01830
cs.SY 2403.02039
cs.SY 2403.02044
cs.SY 2403.02419
cs.SY 2403.02476
cs.SY 2403.02486
cs.SY 2403.02616
cs.SY 2403.02811
cs.SY 2403.02973
cs.SY 2403.03053
cs.SY 2403.03055
cs.SY 2403.03104
cs.SY 2403.03196
cs.SY 2403.02507
cs.SY 2403.02508
cs.SY 2403.02631
cs.SY 2403.02882
cs.SY 2403.02953
cs.SY 2403.02996
cs.SY 2403.03030
cs.SY 2403.03048
cs.SY 2403.03066
cs.SY 2403.03117
cs.SY 2403.03126
cs.SY 2403.03182
cs.SY 2403.03455
cs.SY 2403.03552
cs.SY 2403.03573
cs.SY 2403.03624
cs.SY 2403.03631
cs.SY 2403.03808
cs.SY 2403.03915
cs.SY 2403.03235
cs.SY 2403.03314
cs.SY 2403.03416
cs.SY 2403.03489
cs.SY 2403.03499
cs.SY 2403.03602
cs.SY 2403.03633
cs.SY 2403.03657
cs.SY 2403.03663
cs.SY 2403.03827
cs.SY 2403.03898
cs.SY 2403.03910
cs.SY 2403.03913
cs.SY 2403.03999
cs.SY 2403.04062
cs.SY 2403.04113
cs.SY 2403.04168
cs.SY 2403.04232
cs.SY 2403.04417
cs.SY 2403.04436
cs.SY 2403.04648
cs.SY 2403.04712
cs.SY 2403.04145
cs.SY 2403.04243
cs.SY 2403.04326
cs.SY 2403.04374
cs.SY 2403.04388
cs.SY 2403.04578
cs.SY 2403.04601
cs.SY 2403.04655
cs.SY 2403.04675
eess.SP 2403.00033
eess.SP 2403.00047
eess.SP 2403.00134
eess.SP 2403.00189
eess.SP 2403.00299
eess.SP 2403.00321
eess.SP 2403.00349
eess.SP 2403.00434
eess.SP 2403.00611
eess.SP 2403.00621
eess.SP 2403.00665
eess.SP 2403.00668
eess.SP 2403.00674
eess.SP 2403.00229
eess.SP 2403.00339
eess.SP 2403.00402
eess.SP 2403.00453
eess.SP 2403.00505
eess.SP 2403.00557
eess.SP 2403.00568
eess.SP 2403.00569
eess.SP 2403.00605
eess.SP 2403.00688
eess.SP 2403.00692
eess.SP 2403.00889
eess.SP 2403.00989
eess.SP 2403.01009
eess.SP 2403.01130
eess.SP 2403.01133
eess.SP 2403.01229
eess.SP 2403.01255
eess.SP 2403.01348
eess.SP 2403.01412
eess.SP 2403.01428
eess.SP 2403.01480
eess.SP 2403.01499
eess.SP 2403.01533
eess.SP 2403.01607
eess.SP 2403.01956
eess.SP 2403.02012
eess.SP 2403.02080
eess.SP 2403.01093
eess.SP 2403.01098
eess.SP 2403.01134
eess.SP 2403.01153
eess.SP 2403.01249
eess.SP 2403.01672
eess.SP 2403.01913
eess.SP 2403.02020
eess.SP 2403.02028
eess.SP 2403.02046
eess.SP 2403.02324
eess.SP 2403.02430
eess.SP 2403.02529
eess.SP 2403.02633
eess.SP 2403.02682
eess.SP 2403.02942
eess.SP 2403.02963
eess.SP 2403.03015
eess.SP 2403.03150
eess.SP 2403.03175
eess.SP 2403.02526
eess.SP 2403.02565
eess.SP 2403.02632
eess.SP 2403.02645
eess.SP 2403.02651
eess.SP 2403.02679
eess.SP 2403.02854
eess.SP 2403.02894
eess.SP 2403.02929
eess.SP 2403.02992
eess.SP 2403.03053
eess.SP 2403.03222
eess.SP 2403.03380
eess.SP 2403.03617
eess.SP 2403.03635
eess.SP 2403.03675
eess.SP 2403.03271
eess.SP 2403.03276
eess.SP 2403.03294
eess.SP 2403.03384
eess.SP 2403.03526
eess.SP 2403.03543
eess.SP 2403.03545
eess.SP 2403.03583
eess.SP 2403.03629
eess.SP 2403.03756
eess.SP 2403.03762
eess.SP 2403.03771
eess.SP 2403.03809
eess.SP 2403.04028
eess.SP 2403.04036
eess.SP 2403.04189
eess.SP 2403.04201
eess.SP 2403.04269
eess.SP 2403.04502
eess.SP 2403.04041
eess.SP 2403.04148
eess.SP 2403.04168
eess.SP 2403.04250
eess.SP 2403.04333
eess.SP 2403.04525
eess.SP 2403.04688
math.PR 2403.00048
math.OC 2403.00026
math.PR 2403.00130
math.OC 2403.00278
math.PR 2403.00168
math.OC 2403.00289
math.PR 2403.00374
math.OC 2403.00465
math.PR 2403.00551
math.OC 2403.00488
math.PR 2403.00552
math.OC 2403.00540
math.PR 2403.00659
math.OC 2403.00631
math.PR 2403.00746
math.OC 2403.00646
math.PR 2403.00094
math.OC 2403.00675
math.PR 2403.00320
math.OC 2403.00679
math.PR 2403.00384
math.OC 2403.00720
math.PR 2403.00480
math.OC 2403.00147
math.PR 2403.00619
math.OC 2403.00227
math.PR 2403.00637
math.OC 2403.00244
math.PR 2403.00666
math.OC 2403.00262
math.PR 2403.00670
math.OC 2403.00288
math.PR 2403.00736
math.OC 2403.00314
math.PR 2005.07423
math.OC 2403.00382
math.PR 2403.00928
math.OC 2403.00400
math.PR 2403.00957
math.OC 2403.00413
math.PR 2403.00989
math.OC 2403.00447
math.PR 2403.01012
math.OC 2403.00733
math.PR 2403.01421
math.OC 2403.00748
math.PR 2403.01468
math.OC 2403.00898
math.PR 2403.01471
math.OC 2403.00937
math.PR 2403.01661
math.OC 2403.01005
math.PR 2403.01903
math.OC 2403.01046
math.PR 2403.01907
math.OC 2403.01333
math.PR 2403.01925
math.PR 2403.00967
math.OC 2403.01420
math.PR 2403.00969
math.OC 2403.01717
math.PR 2403.01125
math.OC 2403.01723
math.PR 2403.01341
math.OC 2403.01757
math.PR 2403.01379
math.OC 2403.01769
math.PR 2403.01388
math.OC 2403.01778
math.PR 2403.01544
math.OC 2403.01830
math.PR 2403.01562
math.OC 2403.02004
math.PR 2403.01565
math.OC 2403.02044
math.PR 2403.01624
math.OC 2403.02071
math.PR 2403.01658
math.OC 2403.02079
math.PR 2403.01893
math.OC 2403.02233
math.PR 2403.02032
math.OC 2403.02284
math.PR 2403.02137
math.OC 2403.02290
math.PR 2403.02142
math.OC 2403.01012
math.PR 2403.02220
math.OC 2403.01131
math.PR 2403.02252
math.OC 2403.01135
math.PR 2403.02318
math.OC 2403.01192
math.PR 2403.01066
math.OC 2403.01260
math.OC 2403.01322
math.OC 2403.01435
math.OC 2403.01478
math.OC 2403.01657
math.OC 2403.01805
math.PR 2403.02345
math.OC 2403.01869
math.PR 2403.02485
math.OC 2403.01906
math.PR 2403.02572
math.OC 2403.01945
math.PR 2403.02658
math.OC 2403.02015
math.PR 2403.02873
math.PR 2403.03013
math.OC 2403.02095
math.OC 2403.02101
math.PR 2403.03205
math.OC 2403.02106
math.PR 2403.02670
math.OC 2403.02146
math.PR 2403.02802
math.OC 2403.02326
math.PR 2403.02881
math.OC 2403.02432
math.PR 2403.02941
math.OC 2403.02476
math.PR 2403.03033
math.OC 2403.02608
math.PR 2403.03040
math.OC 2403.02631
math.PR 2403.03151
math.OC 2403.02648
math.PR 2403.03209
math.OC 2403.02681
math.PR 2403.03422
math.OC 2403.02730
math.PR 2403.03572
math.OC 2403.02780
math.PR 2403.03637
math.OC 2403.02821
math.PR 2403.03667
math.OC 2403.02940
math.PR 2403.03695
math.OC 2403.02996
math.PR 2403.03840
math.OC 2403.03030
math.PR 2403.03915
math.OC 2403.03168
math.PR 2403.03934
math.OC 2403.03183
math.PR 2403.03940
math.OC 2403.02433
math.PR 2403.03275
math.OC 2403.02448
math.PR 2403.03298
math.OC 2403.02468
math.PR 2403.03446
math.OC 2403.02530
math.PR 2403.03513
math.OC 2403.02559
math.PR 2403.03524
math.OC 2403.02589
math.PR 2403.03603
math.OC 2403.02671
math.PR 2403.03638
math.OC 2403.02704
math.PR 2403.03687
math.OC 2403.02764
math.PR 2403.03783
math.PR 2403.03877
math.OC 2403.02811
math.PR 2403.03902
math.OC 2403.02823
math.PR 2403.04275
math.OC 2403.02835
math.PR 2403.04345
math.PR 2403.04469
math.OC 2403.02836
math.PR 2403.04543
math.OC 2403.02837
math.PR 2403.04625
math.OC 2403.02860
math.PR 2403.04090
math.OC 2403.02861
math.PR 2403.04102
math.OC 2403.02891
math.PR 2403.04108
math.PR 2403.04237
math.OC 2403.02912
math.PR 2403.04323
math.PR 2403.04324
math.OC 2403.02927
math.PR 2403.04524
math.OC 2403.02967
math.PR 2403.04620
math.OC 2403.02973
math.OC 2403.03039
math.OC 2403.03072
math.OC 2403.03104
math.OC 2403.03109
math.OC 2403.03130
math.OC 2403.03180
math.OC 2403.03362
math.OC 2403.03367
math.OC 2403.03454
math.OC 2403.03571
math.OC 2403.03585
math.OC 2403.03633
math.OC 2403.03653
math.OC 2403.03663
math.OC 2403.03827
math.OC 2403.03852
math.OC 2403.03856
math.OC 2403.03330
math.OC 2403.03331
math.OC 2403.03341
math.OC 2403.03355
math.OC 2403.03413
math.OC 2403.03430
math.OC 2403.03455
math.OC 2403.03560
math.OC 2403.03567
math.OC 2403.03580
math.OC 2403.03624
math.OC 2403.03637
math.OC 2403.03686
math.OC 2403.03847
math.OC 2403.03915
math.OC 2403.04007
math.OC 2403.04081
math.OC 2403.04195
math.OC 2403.04206
math.OC 2403.04448
math.OC 2403.04489
math.OC 2403.04557
math.OC 2403.04601
math.OC 2403.04655
math.OC 2403.04764
math.OC 2403.04016
math.OC 2403.04062
math.OC 2403.04171
math.OC 2403.04259
math.OC 2403.04262
math.OC 2403.04322
math.OC 2403.04348
math.OC 2403.04412
math.OC 2403.04420
math.OC 2403.04438
math.OC 2403.04559
math.OC 2403.04563
math.OC 2403.04609
math.OC 2403.04657
math.OC 2403.04718
math.OC 2403.04748
math.OC 2403.04752
