cs.CG 2504.16437
cs.CG 2504.16642
cs.CG 2504.16762
cs.CG 2504.17289
cs.CG 2504.17342
cs.CG 2504.17381
cs.CG 2504.18338
cs.CG 2504.17955
cs.CG 2504.18178
cs.CG 2504.18352
cs.CG 2208.06431
cs.CG 2504.21601
cs.CG 2504.21808
cs.CG 2504.21329
cs.CC 2504.17862
cs.CC 2504.18098
cs.CC 2504.18188
cs.CC 2504.19152
cs.CC 2504.19446
cs.CC 2504.19470
cs.CC 2504.19966
cs.CC 2504.18640
cs.CC 2504.18722
cs.CC 2504.19386
cs.CC 2504.19777
cs.CC 2504.19944
cs.CC 2504.20078
cs.CC 2504.20333
cs.CC 2504.20262
cs.CC 2504.20950
cs.CC 2504.21502
cs.CC 2504.21674
cs.DM 2504.17887
cs.CC 2504.21708
cs.AR 2504.17904
cs.DM 2504.18218
cs.CC 2504.21624
cs.AR 2504.17929
cs.DM 2504.18280
cs.AR 2504.18812
cs.CC 2505.00296
cs.DM 2504.18302
cs.AR 2504.19099
cs.CC 2505.00457
cs.DM 2504.18338
cs.DM 2504.18427
cs.AR 2504.19144
cs.CC 2505.00477
cs.AR 2504.19418
cs.DM 2504.17916
cs.CC 2505.00051
cs.AR 2504.19649
cs.CC 2505.00164
cs.DM 2504.18365
cs.CC 2505.00181
cs.DM 2504.18489
cs.CC 2505.00206
cs.DM 2504.18844
cs.AR 2504.19659
cs.DM 2504.19167
cs.AR 2504.19746
cs.DM 2504.19201
cs.AR 2504.18628
cs.DM 2504.19301
cs.AR 2504.19323
cs.DM 2504.19386
cs.AR 2504.19797
cs.AR 2504.19878
cs.DM 2504.19783
cs.AR 2504.19959
cs.DM 2504.19999
cs.AR 2504.19984
cs.DM 2504.19608
cs.AR 2504.20387
cs.DM 2504.20372
cs.AR 2504.20401
cs.DM 2504.20422
cs.AR 2504.20680
cs.DM 2504.20709
cs.AR 2504.20934
cs.DM 2504.20935
cs.AR 2504.21172
cs.DM 2504.21115
cs.AR 2504.21140
cs.DM 2504.21601
cs.AR 2504.21538
cs.DM 2504.21728
cs.AR 2505.00011
cs.DM 2504.21502
cs.AR 2505.00041
cs.DM 2504.21675
cs.AR 2505.00458
cs.DM 2504.21779
cs.DM 2505.00412
cs.DM 2505.00140
cs.FL 2504.18247
cs.FL 2504.18280
cs.FL 2504.19814
cs.FL 2504.19537
cs.FL 2504.20385
cs.FL 2504.20395
cs.FL 2504.20553
cs.FL 2504.20555
cs.FL 2504.21471
cs.FL 2504.21841
cs.FL 2504.21390
cs.FL 2504.21429
cs.FL 2505.00562
cs.DS 2504.17955
cs.DS 2504.17983
cs.DS 2504.18038
cs.DS 2504.18247
cs.DS 2504.18365
cs.DS 2504.18411
cs.DS 2504.18508
cs.DS 2504.17862
cs.DS 2504.17868
cs.DS 2504.17887
cs.DS 2504.17918
cs.DS 2504.17937
cs.DS 2504.17947
cs.DS 2504.18037
cs.DS 2504.18161
cs.DS 2504.18218
cs.DS 2504.18302
cs.DS 2504.18338
cs.DS 2504.18394
cs.DS 2504.18427
cs.DS 2504.18476
cs.DS 2504.18503
cs.DS 2504.18749
cs.DS 2504.19582
cs.DS 2504.19777
cs.DS 2504.19874
cs.DS 2504.18767
cs.DS 2504.19051
cs.DS 2504.19054
cs.DS 2504.19123
cs.DS 2504.19152
cs.DS 2504.19301
cs.DS 2504.19350
cs.DS 2504.19482
cs.DS 2504.19547
cs.DS 2504.19729
cs.DS 2504.19842
cs.DS 2504.19957
cs.DS 2504.20001
cs.DS 2504.20027
cs.DS 2504.20372
cs.DS 2504.20655
cs.DS 2504.20784
cs.DS 2504.20982
cs.DS 2504.20333
cs.DS 2504.20619
cs.DS 2504.20780
cs.DS 2504.20795
cs.DS 2504.20855
cs.DS 2504.20883
cs.DS 2504.21244
cs.DS 2504.21564
cs.DS 2504.21601
cs.DS 2504.21781
cs.DS 2504.21175
cs.DS 2504.21471
cs.DS 2504.21750
cs.DS 2504.21777
cs.DS 2505.00181
cs.DS 2505.00206
cs.DS 2505.00433
cs.DS 2505.00457
cs.DS 2505.00296
cs.DS 2505.00338
cs.GT 2504.18489
cs.GT 2504.18075
cs.GT 2504.18214
cs.GT 2504.19761
cs.GT 2504.19968
cs.GT 2504.18868
cs.GT 2504.18876
cs.GT 2504.18917
cs.GT 2504.20161
cs.GT 2504.20372
cs.GT 2504.20508
cs.GT 2504.20704
cs.GT 2504.20774
cs.GT 2504.21060
cs.GT 2504.21579
cs.GT 2504.21728
cs.GT 2504.21735
cs.GT 2505.00055
cs.GT 2505.00195
cs.GT 2505.00216
cs.GT 2505.00405
cs.GT 2505.00520
cs.CE 2504.17923
cs.CE 2504.18206
cs.CE 2504.18024
cs.CE 2504.18461
cs.CE 2504.18600
cs.CE 2504.18971
cs.CE 2504.18981
cs.CE 2504.18925
cs.CE 2504.19963
cs.CE 2504.20123
cs.CE 2504.20586
cs.CE 2504.20674
cs.CE 2504.20861
cs.CE 2504.21328
cs.CE 2504.21574
cs.CE 2504.21317
cs.CE 2504.21367
cs.CE 2505.00210
cs.CE 2505.00460
cs.CE 2505.00530
cs.CE 2505.00176
cs.CE 2505.00468
cs.GR 2504.18380
cs.GR 2504.17954
cs.GR 2504.18001
cs.GR 2504.19401
cs.GR 2504.19740
cs.GR 2504.18768
cs.GR 2504.18989
cs.GR 2504.19163
cs.GR 2504.19174
cs.GR 2504.19189
cs.GR 2504.19718
cs.GR 2504.20403
cs.GR 2504.20937
cs.GR 2504.21033
cs.GR 2504.21067
cs.GR 2504.21216
cs.GR 2504.21627
cs.GR 2505.00222
cs.GR 2505.00704
cs.DB 2504.17792
cs.DB 2504.17918
cs.DB 2504.19328
cs.DB 2504.19874
cs.DB 2504.18793
cs.DB 2504.18883
cs.DB 2504.18980
cs.DB 2504.19142
cs.DB 2504.19224
cs.DB 2504.19252
cs.DB 2504.19757
cs.DB 2504.20018
cs.DB 2504.20047
cs.DB 2504.20369
cs.DB 2504.20298
cs.DB 2504.20768
cs.DB 2504.21752
cs.DB 2504.21074
cs.DB 2504.21282
cs.DB 2504.21291
cs.DB 2504.21500
cs.DB 2505.00017
cs.DB 2505.00105
cs.DB 2505.00393
cs.DC 2504.17818
cs.DC 2504.18038
cs.DC 2504.18154
cs.DC 2504.18211
cs.DC 2504.18570
cs.DC 2504.18966
cs.DC 2504.19064
cs.DC 2504.19103
cs.DC 2504.19720
cs.DC 2504.19867
cs.DC 2504.18649
cs.DC 2504.18658
cs.DC 2504.18916
cs.DC 2504.19048
cs.DC 2504.19232
cs.DC 2504.19283
cs.DC 2504.19365
cs.DC 2504.19442
cs.DC 2504.19495
cs.DC 2504.19516
cs.DC 2504.19519
cs.DC 2504.19925
cs.DC 2504.20048
cs.DC 2504.20176
cs.DC 2504.20296
cs.DC 2504.20735
cs.DC 2504.20854
cs.DC 2504.20988
cs.DC 2504.20067
cs.DC 2504.20068
cs.DC 2504.20074
cs.DC 2504.20101
cs.DC 2504.20105
cs.DC 2504.20189
cs.DC 2504.20198
cs.DC 2504.20389
cs.DC 2504.20461
cs.DC 2504.20490
cs.DC 2504.20544
cs.DC 2504.20738
cs.DC 2504.20740
cs.DC 2504.20867
cs.DC 2504.21182
cs.DC 2504.21206
cs.DC 2504.21428
cs.DC 2504.21777
cs.DC 2504.21070
cs.DC 2504.21382
cs.DC 2504.21410
cs.DC 2504.21411
cs.DC 2504.21503
cs.DC 2504.21536
cs.DC 2504.21620
cs.DC 2504.21781
cs.DC 2505.00136
cs.DC 2505.00153
cs.DC 2505.00338
cs.DC 2505.00384
cs.DC 2505.00448
cs.DC 2505.00458
cs.DC 2505.00472
cs.DC 2505.00227
cs.DC 2505.00299
cs.DC 2505.00443
cs.DC 2505.00665
cs.HC 2504.17823
cs.HC 2504.17906
cs.HC 2504.17921
cs.HC 2504.18010
cs.HC 2504.18044
cs.HC 2504.18191
cs.HC 2504.18271
cs.HC 2504.18310
cs.HC 2504.18332
cs.HC 2504.18380
cs.HC 2504.18449
cs.HC 2504.17792
cs.HC 2504.17934
cs.HC 2504.17960
cs.HC 2504.17964
cs.HC 2504.17997
cs.HC 2504.17999
cs.HC 2504.18189
cs.HC 2504.18238
cs.HC 2504.18410
cs.HC 2504.18496
cs.HC 2504.18702
cs.HC 2504.19037
cs.HC 2504.19047
cs.HC 2504.19061
cs.HC 2504.19131
cs.HC 2504.19556
cs.HC 2504.19728
cs.HC 2504.18691
cs.HC 2504.18759
cs.HC 2504.18807
cs.HC 2504.18817
cs.HC 2504.18919
cs.HC 2504.18932
cs.HC 2504.18969
cs.HC 2504.18988
cs.HC 2504.19010
cs.HC 2504.19038
cs.HC 2504.19120
cs.HC 2504.19158
cs.HC 2504.19345
cs.HC 2504.19423
cs.HC 2504.19460
cs.HC 2504.19611
cs.HC 2504.19703
cs.HC 2504.19767
cs.HC 2504.19772
cs.HC 2504.19838
cs.HC 2504.20016
cs.HC 2504.20035
cs.HC 2406.11357
cs.HC 2504.20094
cs.HC 2504.20114
cs.HC 2504.20196
cs.HC 2504.20215
cs.HC 2504.20294
cs.HC 2504.20329
cs.HC 2504.20340
cs.HC 2504.20442
cs.HC 2504.20519
cs.HC 2504.20656
cs.HC 2504.20685
cs.HC 2504.20761
cs.HC 2504.20792
cs.HC 2504.20903
cs.HC 2504.20910
cs.HC 2504.20308
cs.HC 2504.20320
cs.HC 2504.20342
cs.HC 2504.20365
cs.HC 2504.20369
cs.HC 2504.20567
cs.HC 2504.20741
cs.HC 2504.20782
cs.HC 2504.20844
cs.HC 2504.20886
cs.HC 2504.20976
cs.HC 2304.10728
cs.HC 2504.21347
cs.HC 2504.21500
cs.HC 2504.21507
cs.HC 2504.21735
cs.HC 2504.21800
cs.HC 2504.21849
cs.HC 2504.21240
cs.HC 2504.21242
cs.HC 2504.21332
cs.HC 2504.21337
cs.HC 2504.21360
cs.HC 2504.21397
cs.HC 2504.21477
cs.HC 2504.21563
cs.HC 2504.21702
cs.HC 2504.21731
cs.HC 2505.00018
cs.HC 2505.00049
cs.HC 2505.00101
cs.HC 2505.00219
cs.HC 2505.00603
cs.HC 2505.00153
cs.HC 2505.00455
cs.CV 2504.17819
cs.CV 2504.17865
cs.CV 2504.17898
cs.CV 2504.17943
cs.CV 2504.17945
cs.CV 2504.17954
cs.CV 2504.18015
cs.CV 2504.18053
cs.CV 2504.18067
cs.CV 2504.18207
cs.CV 2504.18268
cs.CV 2504.18269
cs.CV 2504.18323
cs.CV 2504.18344
cs.CV 2504.18398
cs.CV 2504.18400
cs.CV 2504.18405
cs.CV 2504.18442
cs.CV 2504.18458
cs.CV 2504.18520
cs.CV 2504.17804
cs.CV 2504.17810
cs.CV 2504.17812
cs.CV 2504.17813
cs.CV 2504.17815
cs.CV 2504.17816
cs.CV 2504.17817
cs.CV 2504.17821
cs.CV 2504.17822
cs.CV 2504.17825
cs.CV 2504.17826
cs.CV 2504.17828
cs.CV 2504.17829
cs.CV 2504.17892
cs.CV 2504.17894
cs.CV 2504.17902
cs.CV 2504.17935
cs.CV 2504.17990
cs.CV 2504.17991
cs.CV 2504.17996
cs.CV 2504.18020
cs.CV 2504.18025
cs.CV 2504.18027
cs.CV 2504.18032
cs.CV 2504.18040
cs.CV 2504.18046
cs.CV 2504.18049
cs.CV 2504.18059
cs.CV 2504.18068
cs.CV 2504.18087
cs.CV 2504.18112
cs.CV 2504.18127
cs.CV 2504.18136
cs.CV 2504.18152
cs.CV 2504.18158
cs.CV 2504.18165
cs.CV 2504.18179
cs.CV 2504.18190
cs.CV 2504.18201
cs.CV 2504.18203
cs.CV 2504.18204
cs.CV 2504.18213
cs.CV 2504.18215
cs.CV 2504.18233
cs.CV 2504.18235
cs.CV 2504.18249
cs.CV 2504.18256
cs.CV 2504.18283
cs.CV 2504.18286
cs.CV 2504.18317
cs.CV 2504.18318
cs.CV 2504.18325
cs.CV 2504.18332
cs.CV 2504.18348
cs.CV 2504.18349
cs.CV 2504.18355
cs.CV 2504.18361
cs.CV 2504.18391
cs.CV 2504.18397
cs.CV 2504.18419
cs.CV 2504.18424
cs.CV 2504.18447
cs.CV 2504.18448
cs.CV 2504.18468
cs.CV 2504.18490
cs.CV 2504.18509
cs.CV 2504.18510
cs.CV 2504.18521
cs.CV 2504.18524
cs.CV 2504.18540
cs.CV 2504.18547
cs.CV 2504.18549
cs.CV 2504.18563
cs.CV 2504.18591
cs.CV 2504.18624
cs.CV 2504.18768
cs.CV 2504.18802
cs.CV 2504.18829
cs.CV 2504.18954
cs.CV 2504.18989
cs.CV 2504.19002
cs.CV 2504.19174
cs.CV 2504.19189
cs.CV 2504.19200
cs.CV 2504.19203
cs.CV 2504.19253
cs.CV 2504.19267
cs.CV 2504.19362
cs.CV 2504.19401
cs.CV 2504.19408
cs.CV 2504.19438
cs.CV 2504.19595
cs.CV 2504.19627
cs.CV 2504.19718
cs.CV 2504.19779
cs.CV 2504.19822
cs.CV 2504.19854
cs.CV 2504.19930
cs.CV 2504.19937
cs.CV 2504.20007
cs.CV 2504.18586
cs.CV 2504.18589
cs.CV 2504.18666
cs.CV 2504.18684
cs.CV 2504.18689
cs.CV 2504.18738
cs.CV 2504.18746
cs.CV 2504.18756
cs.CV 2504.18770
cs.CV 2504.18773
cs.CV 2504.18781
cs.CV 2504.18782
cs.CV 2504.18800
cs.CV 2504.18810
cs.CV 2504.18856
cs.CV 2504.18864
cs.CV 2504.18866
cs.CV 2504.18870
cs.CV 2504.18886
cs.CV 2504.18906
cs.CV 2504.18910
cs.CV 2504.18959
cs.CV 2504.18977
cs.CV 2504.18983
cs.CV 2504.19032
cs.CV 2504.19056
cs.CV 2504.19074
cs.CV 2504.19075
cs.CV 2504.19077
cs.CV 2504.19080
cs.CV 2504.19086
cs.CV 2504.19115
cs.CV 2504.19124
cs.CV 2504.19127
cs.CV 2504.19136
cs.CV 2504.19161
cs.CV 2504.19165
cs.CV 2504.19183
cs.CV 2504.19186
cs.CV 2504.19198
cs.CV 2504.19210
cs.CV 2504.19212
cs.CV 2504.19223
cs.CV 2504.19227
cs.CV 2504.19244
cs.CV 2504.19249
cs.CV 2504.19256
cs.CV 2504.19258
cs.CV 2504.19261
cs.CV 2504.19266
cs.CV 2504.19270
cs.CV 2504.19271
cs.CV 2504.19279
cs.CV 2504.19289
cs.CV 2504.19295
cs.CV 2504.19300
cs.CV 2504.19327
cs.CV 2504.19334
cs.CV 2504.19347
cs.CV 2504.19357
cs.CV 2504.19370
cs.CV 2504.19390
cs.CV 2504.19398
cs.CV 2504.19402
cs.CV 2504.19414
cs.CV 2504.19417
cs.CV 2504.19432
cs.CV 2504.19443
cs.CV 2504.19455
cs.CV 2504.19475
cs.CV 2504.19478
cs.CV 2504.19500
cs.CV 2504.19506
cs.CV 2504.19514
cs.CV 2504.19524
cs.CV 2504.19529
cs.CV 2504.19545
cs.CV 2504.19546
cs.CV 2504.19549
cs.CV 2504.19557
cs.CV 2504.19572
cs.CV 2504.19574
cs.CV 2504.19581
cs.CV 2504.19584
cs.CV 2504.19589
cs.CV 2504.19592
cs.CV 2504.19598
cs.CV 2504.19600
cs.CV 2504.19614
cs.CV 2504.19634
cs.CV 2504.19637
cs.CV 2504.19643
cs.CV 2504.19646
cs.CV 2504.19682
cs.CV 2504.19684
cs.CV 2504.19687
cs.CV 2504.19695
cs.CV 2504.19706
cs.CV 2504.19719
cs.CV 2504.19722
cs.CV 2504.19724
cs.CV 2504.19735
cs.CV 2504.19737
cs.CV 2504.19739
cs.CV 2504.19742
cs.CV 2504.19749
cs.CV 2504.19755
cs.CV 2504.19819
cs.CV 2504.19824
cs.CV 2504.19828
cs.CV 2504.19834
cs.CV 2504.19839
cs.CV 2504.19847
cs.CV 2504.19860
cs.CV 2504.19863
cs.CV 2504.19876
cs.CV 2504.19881
cs.CV 2504.19882
cs.CV 2504.19888
cs.CV 2504.19894
cs.CV 2504.19900
cs.CV 2504.19918
cs.CV 2504.19935
cs.CV 2504.19938
cs.CV 2504.19970
cs.CV 2504.19991
cs.CV 2504.19996
cs.CV 2504.20024
cs.CV 2504.20026
cs.CV 2504.20032
cs.CV 2504.20033
cs.CV 2504.20040
cs.CV 2504.20041
cs.CV 2504.20042
cs.CV 2504.20220
cs.CV 2504.20339
cs.CV 2504.20340
cs.CV 2504.20403
cs.CV 2504.20405
cs.CV 2504.20454
cs.CV 2504.20501
cs.CV 2504.20584
cs.CV 2504.20658
cs.CV 2504.20720
cs.CV 2504.20734
cs.CV 2504.20736
cs.CV 2504.20898
cs.CV 2504.20923
cs.CV 2504.20930
cs.CV 2504.20052
cs.CV 2504.20054
cs.CV 2504.20077
cs.CV 2504.20091
cs.CV 2504.20097
cs.CV 2504.20104
cs.CV 2504.20111
cs.CV 2504.20178
cs.CV 2504.20179
cs.CV 2504.20199
cs.CV 2504.20203
cs.CV 2504.20222
cs.CV 2504.20234
cs.CV 2504.20241
cs.CV 2504.20288
cs.CV 2504.20303
cs.CV 2504.20306
cs.CV 2504.20322
cs.CV 2504.20343
cs.CV 2504.20362
cs.CV 2504.20376
cs.CV 2504.20378
cs.CV 2504.20379
cs.CV 2504.20383
cs.CV 2504.20384
cs.CV 2504.20409
cs.CV 2504.20419
cs.CV 2504.20435
cs.CV 2504.20438
cs.CV 2504.20466
cs.CV 2504.20468
cs.CV 2504.20496
cs.CV 2504.20498
cs.CV 2504.20509
cs.CV 2504.20510
cs.CV 2504.20518
cs.CV 2504.20525
cs.CV 2504.20530
cs.CV 2504.20541
cs.CV 2504.20599
cs.CV 2504.20602
cs.CV 2504.20607
cs.CV 2504.20629
cs.CV 2504.20645
cs.CV 2504.20648
cs.CV 2504.20657
cs.CV 2504.20669
cs.CV 2504.20670
cs.CV 2504.20677
cs.CV 2504.20682
cs.CV 2504.20685
cs.CV 2504.20690
cs.CV 2504.20800
cs.CV 2504.20829
cs.CV 2504.20830
cs.CV 2504.20837
cs.CV 2504.20860
cs.CV 2504.20865
cs.CV 2504.20872
cs.CV 2504.20902
cs.CV 2504.20948
cs.CV 2504.20970
cs.CV 2504.20995
cs.CV 2504.20996
cs.CV 2504.20998
cs.CV 2504.21033
cs.CV 2504.21067
cs.CV 2504.21188
cs.CV 2504.21227
cs.CV 2504.21331
cs.CV 2504.21380
cs.CV 2504.21432
cs.CV 2504.21530
cs.CV 2504.21730
cs.CV 2504.21731
cs.CV 2504.21778
cs.CV 2504.21040
cs.CV 2504.21136
cs.CV 2504.21154
cs.CV 2504.21166
cs.CV 2504.21194
cs.CV 2504.21226
cs.CV 2504.21231
cs.CV 2504.21247
cs.CV 2504.21248
cs.CV 2504.21263
cs.CV 2504.21266
cs.CV 2504.21281
cs.CV 2504.21292
cs.CV 2504.21294
cs.CV 2504.21302
cs.CV 2504.21307
cs.CV 2504.21308
cs.CV 2504.21309
cs.CV 2504.21325
cs.CV 2504.21334
cs.CV 2504.21336
cs.CV 2504.21340
cs.CV 2504.21344
cs.CV 2504.21356
cs.CV 2504.21368
cs.CV 2504.21385
cs.CV 2504.21387
cs.CV 2504.21403
cs.CV 2504.21414
cs.CV 2504.21423
cs.CV 2504.21435
cs.CV 2504.21447
cs.CV 2504.21464
cs.CV 2504.21467
cs.CV 2504.21468
cs.CV 2504.21472
cs.CV 2504.21476
cs.CV 2504.21478
cs.CV 2504.21487
cs.CV 2504.21491
cs.CV 2504.21495
cs.CV 2504.21497
cs.CV 2504.21544
cs.CV 2504.21559
cs.CV 2504.21561
cs.CV 2504.21562
cs.CV 2504.21598
cs.CV 2504.21614
cs.CV 2504.21646
cs.CV 2504.21650
cs.CV 2504.21682
cs.CV 2504.21692
cs.CV 2504.21699
cs.CV 2504.21706
cs.CV 2504.21718
cs.CV 2504.21749
cs.CV 2504.21771
cs.CV 2504.21789
cs.CV 2504.21810
cs.CV 2504.21814
cs.CV 2504.21831
cs.CV 2504.21836
cs.CV 2504.21846
cs.CV 2504.21847
cs.CV 2504.21850
cs.CV 2504.21853
cs.CV 2504.21855
cs.CV 2504.21707
cs.CV 2505.00046
cs.CV 2505.00063
cs.CV 2505.00115
cs.CV 2505.00133
cs.CV 2505.00186
cs.CV 2505.00337
cs.CV 2505.00374
cs.CV 2505.00462
cs.CV 2505.00525
cs.CV 2505.00643
cs.CV 2505.00681
cs.CV 2505.00687
cs.CV 2505.00693
cs.CV 2505.00704
cs.CV 2505.00044
cs.CV 2505.00134
cs.CV 2505.00135
cs.CV 2505.00150
cs.CV 2505.00156
cs.CV 2505.00209
cs.CV 2505.00220
cs.CV 2505.00228
cs.CV 2505.00254
cs.CV 2505.00259
cs.CV 2505.00275
cs.CV 2505.00295
cs.CV 2505.00308
cs.CV 2505.00312
cs.CV 2505.00334
cs.CV 2505.00335
cs.CV 2505.00369
cs.CV 2505.00378
cs.CV 2505.00380
cs.CV 2505.00394
cs.CV 2505.00421
cs.CV 2505.00426
cs.CV 2505.00452
cs.CV 2505.00482
cs.CV 2505.00497
cs.CV 2505.00502
cs.CV 2505.00507
cs.CV 2505.00511
cs.CV 2505.00512
cs.CV 2505.00534
cs.CV 2505.00564
cs.CV 2505.00568
cs.CV 2505.00569
cs.CV 2505.00584
cs.CV 2505.00592
cs.CV 2505.00599
cs.CV 2505.00606
cs.CV 2505.00615
cs.CV 2505.00619
cs.CV 2505.00627
cs.CV 2505.00630
cs.CV 2505.00668
cs.CV 2505.00684
cs.CV 2505.00690
cs.CV 2505.00702
cs.CV 2505.00703
cs.AI 2504.17792
cs.AI 2504.17799
cs.AI 2504.17801
cs.AI 2504.17805
cs.AI 2504.17807
cs.AI 2504.17822
cs.AI 2504.17823
cs.AI 2504.17824
cs.AI 2504.17825
cs.AI 2504.17826
cs.AI 2504.17827
cs.AI 2504.17828
cs.AI 2504.17829
cs.AI 2504.17833
cs.AI 2504.17838
cs.AI 2504.17872
cs.AI 2504.17878
cs.AI 2504.17892
cs.AI 2504.17901
cs.AI 2504.17921
cs.AI 2504.17964
cs.AI 2504.17979
cs.AI 2504.18010
cs.AI 2504.18012
cs.AI 2504.18026
cs.AI 2504.18027
cs.AI 2504.18041
cs.AI 2504.18044
cs.AI 2504.18046
cs.AI 2504.18049
cs.AI 2504.18050
cs.AI 2504.18057
cs.AI 2504.18058
cs.AI 2504.18062
cs.AI 2504.18068
cs.AI 2504.18070
cs.AI 2504.18078
cs.AI 2504.18080
cs.AI 2504.18082
cs.AI 2504.18085
cs.AI 2504.18104
cs.AI 2504.18113
cs.AI 2504.18114
cs.AI 2504.18142
cs.AI 2504.18160
cs.AI 2504.18165
cs.AI 2504.18180
cs.AI 2504.18201
cs.AI 2504.18230
cs.AI 2504.18231
cs.AI 2504.18246
cs.AI 2504.18249
cs.AI 2504.18253
cs.AI 2504.18267
cs.AI 2504.18283
cs.AI 2504.18286
cs.AI 2504.18310
cs.AI 2504.18316
cs.AI 2504.18329
cs.AI 2504.18346
cs.AI 2504.18348
cs.AI 2504.18353
cs.AI 2504.18361
cs.AI 2504.18376
cs.AI 2504.18380
cs.AI 2504.18383
cs.AI 2504.18400
cs.AI 2504.18404
cs.AI 2504.18419
cs.AI 2504.18423
cs.AI 2504.18425
cs.AI 2504.18437
cs.AI 2504.18447
cs.AI 2504.18458
cs.AI 2504.18471
cs.AI 2504.18497
cs.AI 2504.18538
cs.AI 2504.17929
cs.AI 2504.17967
cs.AI 2504.18007
cs.AI 2504.18039
cs.AI 2504.18096
cs.AI 2504.18443
cs.AI 2504.18453
cs.AI 2504.18530
cs.AI 2504.18536
cs.AI 2504.18544
cs.AI 2504.18556
cs.AI 2504.18560
cs.AI 2504.18562
cs.AI 2504.18563
cs.AI 2504.18564
cs.AI 2504.18565
cs.AI 2504.18566
cs.AI 2504.18569
cs.AI 2504.18574
cs.AI 2504.18575
cs.AI 2504.18587
cs.AI 2504.18588
cs.AI 2504.18590
cs.AI 2504.18591
cs.AI 2504.18593
cs.AI 2504.18594
cs.AI 2504.18595
cs.AI 2504.18596
cs.AI 2504.18598
cs.AI 2504.18601
cs.AI 2504.18603
cs.AI 2504.18636
cs.AI 2504.18658
cs.AI 2504.18662
cs.AI 2504.18684
cs.AI 2504.18689
cs.AI 2504.18691
cs.AI 2504.18693
cs.AI 2504.18710
cs.AI 2504.18722
cs.AI 2504.18727
cs.AI 2504.18735
cs.AI 2504.18766
cs.AI 2504.18770
cs.AI 2504.18781
cs.AI 2504.18800
cs.AI 2504.18804
cs.AI 2504.18805
cs.AI 2504.18807
cs.AI 2504.18810
cs.AI 2504.18814
cs.AI 2504.18819
cs.AI 2504.18827
cs.AI 2504.18845
cs.AI 2504.18847
cs.AI 2504.18854
cs.AI 2504.18857
cs.AI 2504.18858
cs.AI 2504.18878
cs.AI 2504.18882
cs.AI 2504.18884
cs.AI 2504.18886
cs.AI 2504.18902
cs.AI 2504.18910
cs.AI 2504.18916
cs.AI 2504.18919
cs.AI 2504.18929
cs.AI 2504.18931
cs.AI 2504.18932
cs.AI 2504.18942
cs.AI 2504.18943
cs.AI 2504.18953
cs.AI 2504.18954
cs.AI 2504.18961
cs.AI 2504.19013
cs.AI 2504.19019
cs.AI 2504.19021
cs.AI 2504.19030
cs.AI 2504.19032
cs.AI 2504.19040
cs.AI 2504.19042
cs.AI 2504.19046
cs.AI 2504.19047
cs.AI 2504.19056
cs.AI 2504.19061
cs.AI 2504.19066
cs.AI 2504.19080
cs.AI 2504.19093
cs.AI 2504.19099
cs.AI 2504.19120
cs.AI 2504.19136
cs.AI 2504.19139
cs.AI 2504.19142
cs.AI 2504.19155
cs.AI 2504.19162
cs.AI 2504.19188
cs.AI 2504.19197
cs.AI 2504.19212
cs.AI 2504.19223
cs.AI 2504.19254
cs.AI 2504.19267
cs.AI 2504.19274
cs.AI 2504.19275
cs.AI 2504.19276
cs.AI 2504.19323
cs.AI 2504.19327
cs.AI 2504.19333
cs.AI 2504.19339
cs.AI 2504.19341
cs.AI 2504.19353
cs.AI 2504.19362
cs.AI 2504.19370
cs.AI 2504.19373
cs.AI 2504.19374
cs.AI 2504.19384
cs.AI 2504.19394
cs.AI 2504.19409
cs.AI 2504.19413
cs.AI 2504.19426
cs.AI 2504.19432
cs.AI 2504.19443
cs.AI 2504.19457
cs.AI 2504.19460
cs.AI 2504.19467
cs.AI 2504.19475
cs.AI 2504.19480
cs.AI 2504.19483
cs.AI 2504.19496
cs.AI 2504.19545
cs.AI 2504.19565
cs.AI 2504.19590
cs.AI 2504.19592
cs.AI 2504.19594
cs.AI 2504.19595
cs.AI 2504.19598
cs.AI 2504.19600
cs.AI 2504.19627
cs.AI 2504.19645
cs.AI 2504.19653
cs.AI 2504.19654
cs.AI 2504.19659
cs.AI 2504.19667
cs.AI 2504.19673
cs.AI 2504.19674
cs.AI 2504.19675
cs.AI 2504.19715
cs.AI 2504.19720
cs.AI 2504.19754
cs.AI 2504.19755
cs.AI 2504.19792
cs.AI 2504.19818
cs.AI 2504.19822
cs.AI 2504.19847
cs.AI 2504.19848
cs.AI 2504.19854
cs.AI 2504.19863
cs.AI 2504.19874
cs.AI 2504.19900
cs.AI 2504.19901
cs.AI 2504.19918
cs.AI 2504.19940
cs.AI 2504.19944
cs.AI 2504.19949
cs.AI 2504.19951
cs.AI 2504.19956
cs.AI 2504.19967
cs.AI 2504.19982
cs.AI 2504.19985
cs.AI 2504.19990
cs.AI 2504.19996
cs.AI 2504.19997
cs.AI 2504.20018
cs.AI 2504.20019
cs.AI 2504.20020
cs.AI 2504.20026
cs.AI 2504.18572
cs.AI 2504.18600
cs.AI 2504.18604
cs.AI 2504.18631
cs.AI 2504.18651
cs.AI 2504.18671
cs.AI 2504.18687
cs.AI 2504.18765
cs.AI 2504.18777
cs.AI 2504.18794
cs.AI 2504.18875
cs.AI 2504.18880
cs.AI 2504.18948
cs.AI 2504.19017
cs.AI 2504.19023
cs.AI 2504.19027
cs.AI 2504.19144
cs.AI 2504.19148
cs.AI 2504.19179
cs.AI 2504.19255
cs.AI 2504.19277
cs.AI 2504.19320
cs.AI 2504.19354
cs.AI 2504.19499
cs.AI 2504.19599
cs.AI 2504.19622
cs.AI 2504.19636
cs.AI 2504.19678
cs.AI 2504.19738
cs.AI 2504.19912
cs.AI 2504.19933
cs.AI 2504.19968
cs.AI 2504.20007
cs.AI 2504.20010
cs.AI 2504.20047
cs.AI 2504.20055
cs.AI 2504.20059
cs.AI 2504.20069
cs.AI 2504.20073
cs.AI 2504.20074
cs.AI 2504.20077
cs.AI 2504.20079
cs.AI 2504.20080
cs.AI 2504.20083
cs.AI 2504.20086
cs.AI 2504.20092
cs.AI 2504.20093
cs.AI 2504.20099
cs.AI 2504.20101
cs.AI 2504.20102
cs.AI 2504.20103
cs.AI 2504.20105
cs.AI 2504.20106
cs.AI 2504.20112
cs.AI 2504.20114
cs.AI 2504.20115
cs.AI 2504.20117
cs.AI 2504.20118
cs.AI 2504.20119
cs.AI 2504.20124
cs.AI 2504.20125
cs.AI 2504.20131
cs.AI 2504.20168
cs.AI 2504.20172
cs.AI 2504.20179
cs.AI 2504.20183
cs.AI 2504.20187
cs.AI 2504.20196
cs.AI 2504.20197
cs.AI 2504.20199
cs.AI 2504.20213
cs.AI 2504.20251
cs.AI 2504.20275
cs.AI 2504.20295
cs.AI 2504.20304
cs.AI 2504.20310
cs.AI 2504.20314
cs.AI 2504.20323
cs.AI 2504.20342
cs.AI 2504.20348
cs.AI 2504.20355
cs.AI 2504.20357
cs.AI 2504.20368
cs.AI 2504.20405
cs.AI 2504.20408
cs.AI 2504.20412
cs.AI 2504.20434
cs.AI 2504.20437
cs.AI 2504.20444
cs.AI 2504.20447
cs.AI 2504.20452
cs.AI 2504.20471
cs.AI 2504.20482
cs.AI 2504.20493
cs.AI 2504.20520
cs.AI 2504.20560
cs.AI 2504.20566
cs.AI 2504.20571
cs.AI 2504.20610
cs.AI 2504.20612
cs.AI 2504.20625
cs.AI 2504.20629
cs.AI 2504.20634
cs.AI 2504.20643
cs.AI 2504.20648
cs.AI 2504.20656
cs.AI 2504.20658
cs.AI 2504.20669
cs.AI 2504.20673
cs.AI 2504.20699
cs.AI 2504.20708
cs.AI 2504.20726
cs.AI 2504.20733
cs.AI 2504.20734
cs.AI 2504.20741
cs.AI 2504.20752
cs.AI 2504.20769
cs.AI 2504.20770
cs.AI 2504.20776
cs.AI 2504.20781
cs.AI 2504.20799
cs.AI 2504.20808
cs.AI 2504.20829
cs.AI 2504.20834
cs.AI 2504.20837
cs.AI 2504.20848
cs.AI 2504.20851
cs.AI 2504.20854
cs.AI 2504.20859
cs.AI 2504.20862
cs.AI 2504.20869
cs.AI 2504.20887
cs.AI 2504.20902
cs.AI 2504.20903
cs.AI 2504.20910
cs.AI 2504.20922
cs.AI 2504.20946
cs.AI 2504.20964
cs.AI 2504.20970
cs.AI 2504.20988
cs.AI 2504.20997
cs.AI 2504.20998
cs.AI 2504.20082
cs.AI 2504.20084
cs.AI 2504.20090
cs.AI 2504.20109
cs.AI 2504.20113
cs.AI 2504.20278
cs.AI 2504.20294
cs.AI 2504.20318
cs.AI 2504.20340
cs.AI 2504.20406
cs.AI 2504.20426
cs.AI 2504.20445
cs.AI 2504.20462
cs.AI 2504.20464
cs.AI 2504.20505
cs.AI 2504.20595
cs.AI 2504.20624
cs.AI 2504.20628
cs.AI 2504.20676
cs.AI 2504.20756
cs.AI 2504.20784
cs.AI 2504.20797
cs.AI 2504.20828
cs.AI 2504.20846
cs.AI 2504.20879
cs.AI 2504.20898
cs.AI 2504.20921
cs.AI 2504.20924
cs.AI 2504.20930
cs.AI 2504.20980
cs.AI 2504.20983
cs.AI 2504.21008
cs.AI 2504.21012
cs.AI 2504.21013
cs.AI 2504.21019
cs.AI 2504.21020
cs.AI 2504.21022
cs.AI 2504.21026
cs.AI 2504.21027
cs.AI 2504.21028
cs.AI 2504.21029
cs.AI 2504.21030
cs.AI 2504.21032
cs.AI 2504.21033
cs.AI 2504.21034
cs.AI 2504.21036
cs.AI 2504.21037
cs.AI 2504.21038
cs.AI 2504.21039
cs.AI 2504.21042
cs.AI 2504.21043
cs.AI 2504.21044
cs.AI 2504.21045
cs.AI 2504.21047
cs.AI 2504.21048
cs.AI 2504.21049
cs.AI 2504.21052
cs.AI 2504.21053
cs.AI 2504.21054
cs.AI 2504.21055
cs.AI 2504.21063
cs.AI 2504.21064
cs.AI 2504.21065
cs.AI 2504.21066
cs.AI 2504.21072
cs.AI 2504.21074
cs.AI 2504.21099
cs.AI 2504.21152
cs.AI 2504.21154
cs.AI 2504.21155
cs.AI 2504.21166
cs.AI 2504.21188
cs.AI 2504.21189
cs.AI 2504.21190
cs.AI 2504.21191
cs.AI 2504.21194
cs.AI 2504.21195
cs.AI 2504.21202
cs.AI 2504.21205
cs.AI 2504.21206
cs.AI 2504.21211
cs.AI 2504.21214
cs.AI 2504.21226
cs.AI 2504.21228
cs.AI 2504.21231
cs.AI 2504.21235
cs.AI 2504.21239
cs.AI 2504.21261
cs.AI 2504.21276
cs.AI 2504.21289
cs.AI 2504.21296
cs.AI 2504.21297
cs.AI 2504.21323
cs.AI 2504.21326
cs.AI 2504.21344
cs.AI 2504.21356
cs.AI 2504.21358
cs.AI 2504.21366
cs.AI 2504.21368
cs.AI 2504.21372
cs.AI 2504.21383
cs.AI 2504.21411
cs.AI 2504.21415
cs.AI 2504.21427
cs.AI 2504.21428
cs.AI 2504.21435
cs.AI 2504.21447
cs.AI 2504.21454
cs.AI 2504.21457
cs.AI 2504.21474
cs.AI 2504.21475
cs.AI 2504.21476
cs.AI 2504.21480
cs.AI 2504.21489
cs.AI 2504.21491
cs.AI 2504.21545
cs.AI 2504.21559
cs.AI 2504.21562
cs.AI 2504.21565
cs.AI 2504.21582
cs.AI 2504.21585
cs.AI 2504.21586
cs.AI 2504.21589
cs.AI 2504.21596
cs.AI 2504.21605
cs.AI 2504.21634
cs.AI 2504.21635
cs.AI 2504.21685
cs.AI 2504.21692
cs.AI 2504.21695
cs.AI 2504.21700
cs.AI 2504.21706
cs.AI 2504.21707
cs.AI 2504.21716
cs.AI 2504.21719
cs.AI 2504.21730
cs.AI 2504.21731
cs.AI 2504.21772
cs.AI 2504.21773
cs.AI 2504.21775
cs.AI 2504.21776
cs.AI 2504.21798
cs.AI 2504.21800
cs.AI 2504.21801
cs.AI 2504.21831
cs.AI 2504.21846
cs.AI 2504.21848
cs.AI 2504.21849
cs.AI 2504.21851
cs.AI 2504.21131
cs.AI 2504.21184
cs.AI 2504.21218
cs.AI 2504.21277
cs.AI 2504.21318
cs.AI 2504.21347
cs.AI 2504.21370
cs.AI 2504.21433
cs.AI 2504.21568
cs.AI 2504.21643
cs.AI 2504.21659
cs.AI 2504.21683
cs.AI 2504.21694
cs.AI 2504.21774
cs.AI 2505.00004
cs.AI 2505.00006
cs.AI 2505.00008
cs.AI 2505.00010
cs.AI 2505.00012
cs.AI 2505.00013
cs.AI 2505.00016
cs.AI 2505.00017
cs.AI 2505.00019
cs.AI 2505.00020
cs.AI 2505.00021
cs.AI 2505.00022
cs.AI 2505.00023
cs.AI 2505.00024
cs.AI 2505.00025
cs.AI 2505.00026
cs.AI 2505.00027
cs.AI 2505.00028
cs.AI 2505.00029
cs.AI 2505.00031
cs.AI 2505.00032
cs.AI 2505.00034
cs.AI 2505.00035
cs.AI 2505.00040
cs.AI 2505.00050
cs.AI 2505.00060
cs.AI 2505.00091
cs.AI 2505.00100
cs.AI 2505.00114
cs.AI 2505.00127
cs.AI 2505.00136
cs.AI 2505.00150
cs.AI 2505.00169
cs.AI 2505.00171
cs.AI 2505.00186
cs.AI 2505.00190
cs.AI 2505.00216
cs.AI 2505.00222
cs.AI 2505.00225
cs.AI 2505.00232
cs.AI 2505.00240
cs.AI 2505.00254
cs.AI 2505.00259
cs.AI 2505.00268
cs.AI 2505.00284
cs.AI 2505.00290
cs.AI 2505.00295
cs.AI 2505.00308
cs.AI 2505.00316
cs.AI 2505.00322
cs.AI 2505.00335
cs.AI 2505.00337
cs.AI 2505.00339
cs.AI 2505.00347
cs.AI 2505.00350
cs.AI 2505.00358
cs.AI 2505.00359
cs.AI 2505.00365
cs.AI 2505.00367
cs.AI 2505.00375
cs.AI 2505.00402
cs.AI 2505.00409
cs.AI 2505.00439
cs.AI 2505.00455
cs.AI 2505.00467
cs.AI 2505.00482
cs.AI 2505.00487
cs.AI 2505.00488
cs.AI 2505.00490
cs.AI 2505.00503
cs.AI 2505.00506
cs.AI 2505.00515
cs.AI 2505.00533
cs.AI 2505.00555
cs.AI 2505.00557
cs.AI 2505.00561
cs.AI 2505.00562
cs.AI 2505.00568
cs.AI 2505.00570
cs.AI 2505.00579
cs.AI 2505.00584
cs.AI 2505.00596
cs.AI 2505.00598
cs.AI 2505.00615
cs.AI 2505.00622
cs.AI 2505.00624
cs.AI 2505.00626
cs.AI 2505.00643
cs.AI 2505.00650
cs.AI 2505.00654
cs.AI 2505.00661
cs.AI 2505.00662
cs.AI 2505.00663
cs.AI 2505.00668
cs.AI 2505.00684
cs.AI 2505.00690
cs.AI 2505.00693
cs.AI 2505.00703
cs.AI 2505.00018
cs.AI 2505.00173
cs.AI 2505.00174
cs.AI 2505.00204
cs.AI 2505.00278
cs.AI 2505.00325
cs.AI 2505.00368
cs.AI 2505.00416
cs.AI 2505.00472
cs.AI 2505.00474
cs.AI 2505.00603
cs.AI 2505.00610
cs.AI 2505.00612
cs.AI 2505.00651
cs.MA 2504.17950
cs.MA 2504.18603
cs.MA 2504.19912
cs.MA 2504.19940
cs.MA 2504.19397
cs.MA 2504.19487
cs.MA 2504.19635
cs.MA 2504.19818
cs.MA 2406.11357
cs.MA 2504.20071
cs.MA 2504.20091
cs.MA 2504.20117
cs.MA 2504.20927
cs.MA 2504.20947
cs.MA 2504.20368
cs.MA 2504.20903
cs.MA 2504.21030
cs.MA 2504.21048
cs.MA 2504.21113
cs.MA 2504.21164
cs.MA 2504.21278
cs.MA 2504.21579
cs.MA 2504.21582
cs.MA 2505.00018
cs.MA 2505.00368
cs.MA 2505.00472
cs.MA 2505.00515
cs.MA 2505.00055
cs.MA 2505.00212
cs.MA 2505.00540
cs.LO 2504.18218
cs.LO 2504.17956
cs.LO 2504.18146
cs.LO 2504.18227
cs.LO 2504.18240
cs.LO 2504.18277
cs.LO 2504.18422
cs.LO 2504.18441
cs.LO 2504.18568
cs.LO 2504.18636
cs.LO 2504.18943
cs.LO 2504.18949
cs.LO 2504.19188
cs.LO 2504.19777
cs.LO 2504.19944
cs.LO 2504.19039
cs.LO 2504.19128
cs.LO 2504.19207
cs.LO 2504.19575
cs.LO 2504.19814
cs.LO 2407.05777
cs.LO 2504.20553
cs.LO 2504.20385
cs.LO 2504.20415
cs.LO 2504.20491
cs.LO 2504.20563
cs.LO 2504.20732
cs.LO 2504.21097
cs.LO 2504.21108
cs.LO 2504.21230
cs.LO 2504.21384
cs.LO 2504.21458
cs.LO 2504.21674
cs.LO 2505.00173
cs.LO 2505.00466
cs.LO 2505.00594
cs.LO 2505.00545
cs.PF 2504.16469
cs.PF 2504.17918
cs.IR 2504.18024
cs.PF 2504.17883
cs.IR 2504.18131
cs.PF 2504.18047
cs.PF 2504.18583
cs.IR 2504.18502
cs.IR 2504.17811
cs.PF 2504.19093
cs.PF 2504.19283
cs.IR 2504.17814
cs.IR 2504.17834
cs.PF 2504.19323
cs.IR 2504.17884
cs.PF 2504.19069
cs.IR 2504.18140
cs.PF 2504.19171
cs.IR 2504.18151
cs.IR 2504.18383
cs.PF 2504.20176
cs.IR 2504.18413
cs.IR 2504.18950
cs.PF 2504.20610
cs.IR 2504.19328
cs.PF 2504.20048
cs.PF 2504.20348
cs.IR 2504.19458
cs.PF 2504.20387
cs.IR 2504.19675
cs.IR 2504.19820
cs.PF 2505.00384
cs.PF 2505.00448
cs.IR 2504.20000
cs.IR 2504.20013
cs.PF 2505.00495
cs.IR 2504.18727
cs.IR 2504.18748
cs.IR 2504.18961
cs.IR 2504.19076
cs.IR 2504.19178
cs.IR 2504.19218
cs.IR 2504.19489
cs.IR 2504.19754
cs.IR 2504.20006
cs.IR 2406.11357
cs.IR 2504.20090
cs.IR 2504.20323
cs.IR 2504.20451
cs.IR 2504.20595
cs.IR 2504.20679
cs.IR 2504.20734
cs.IR 2504.20898
cs.IR 2504.20047
cs.IR 2504.20059
cs.IR 2504.20064
cs.IR 2504.20083
cs.IR 2504.20092
cs.IR 2504.20094
cs.IR 2504.20114
cs.IR 2504.20118
cs.IR 2504.20119
cs.IR 2504.20452
cs.IR 2504.20458
cs.IR 2504.20598
cs.IR 2504.20610
cs.IR 2504.20792
cs.IR 2504.20859
cs.IR 2504.21605
cs.IR 2504.21668
cs.IR 2504.21776
cs.IR 2504.21015
cs.IR 2504.21270
cs.IR 2504.21362
cs.IR 2504.21398
cs.IR 2504.21507
cs.IR 2504.21667
cs.IR 2504.21838
cs.IR 2505.00028
cs.IR 2505.00039
cs.IR 2505.00056
cs.IR 2505.00105
cs.IR 2505.00263
cs.IR 2505.00552
cs.IR 2505.00560
cs.IR 2505.00649
cs.NA 2504.17900
cs.NA 2504.18139
cs.NA 2504.17861
cs.NA 2504.17895
cs.NA 2504.17899
cs.NA 2504.18033
cs.NA 2504.18036
cs.NA 2504.18054
cs.NA 2504.18177
cs.NA 2504.18209
cs.NA 2504.18248
cs.NA 2504.18322
cs.NA 2504.18323
cs.NA 2504.18356
cs.NA 2504.18358
cs.NA 2504.18465
cs.NA 2504.18513
cs.NA 2504.18526
cs.NA 2504.18295
cs.NA 2504.18707
cs.NA 2504.18830
cs.NA 2504.19025
cs.NA 2504.19054
cs.NA 2504.19138
cs.NA 2504.19372
cs.NA 2504.19859
cs.NA 2504.19928
cs.NA 2504.18677
cs.NA 2504.18699
cs.NA 2504.18734
cs.NA 2504.18900
cs.NA 2504.18903
cs.NA 2504.18913
cs.NA 2504.19116
cs.NA 2504.19140
cs.NA 2504.19157
cs.NA 2504.19192
cs.NA 2504.19250
cs.NA 2504.19280
cs.NA 2504.19308
cs.NA 2504.19359
cs.NA 2504.19376
cs.NA 2504.19410
cs.NA 2504.19421
cs.NA 2504.19481
cs.NA 2504.19485
cs.NA 2504.19647
cs.NA 2504.19812
cs.NA 2504.19960
cs.NA 2504.20256
cs.NA 2504.20259
cs.NA 2504.20269
cs.NA 2504.20408
cs.NA 2504.20728
cs.NA 2504.20730
cs.NA 2504.20494
cs.NA 2504.20524
cs.NA 2504.20634
cs.NA 2504.20715
cs.NA 2504.20813
cs.NA 2504.21150
cs.NA 2504.21130
cs.NA 2504.21160
cs.NA 2504.21168
cs.NA 2504.21197
cs.NA 2504.21305
cs.NA 2504.21364
cs.NA 2504.21511
cs.NA 2504.21523
cs.NA 2504.21527
cs.NA 2504.21603
cs.NA 2504.21639
cs.NA 2504.21657
cs.NA 2504.21658
cs.NA 2504.21780
cs.NA 2504.21784
cs.NA 2504.21785
cs.NA 2504.21835
cs.NA 2505.00110
cs.NA 2505.00151
cs.NA 2505.00286
cs.NA 2505.00288
cs.NA 2505.00446
cs.NA 2505.00473
cs.NA 2505.00656
cs.NA 2505.00129
cs.NA 2505.00258
cs.NA 2505.00281
cs.NA 2505.00351
cs.NA 2505.00370
cs.NA 2505.00384
cs.NA 2505.00411
cs.NA 2505.00434
cs.NA 2505.00440
cs.NA 2505.00460
cs.NA 2505.00508
cs.NA 2505.00548
cs.NA 2505.00648
cs.RO 2504.17794
cs.RO 2504.17817
cs.RO 2504.17838
cs.RO 2504.17857
cs.RO 2504.17890
cs.RO 2504.17991
cs.RO 2504.18027
cs.RO 2504.18160
cs.RO 2504.18235
cs.RO 2504.18355
cs.RO 2504.18419
cs.RO 2504.18463
cs.RO 2504.18521
cs.RO 2504.18538
cs.RO 2504.17865
cs.RO 2504.17872
cs.RO 2504.17880
cs.RO 2504.17889
cs.RO 2504.17901
cs.RO 2504.17924
cs.RO 2504.17959
cs.RO 2504.17966
cs.RO 2504.17968
cs.RO 2504.17979
cs.RO 2504.18010
cs.RO 2504.18056
cs.RO 2504.18057
cs.RO 2504.18064
cs.RO 2504.18084
cs.RO 2504.18186
cs.RO 2504.18200
cs.RO 2504.18253
cs.RO 2504.18284
cs.RO 2504.18339
cs.RO 2504.18421
cs.RO 2504.18439
cs.RO 2504.18471
cs.RO 2504.18481
cs.RO 2504.18500
cs.RO 2504.18684
cs.RO 2504.18794
cs.RO 2504.18870
cs.RO 2504.19002
cs.RO 2504.19077
cs.RO 2504.19114
cs.RO 2504.19115
cs.RO 2504.19186
cs.RO 2504.19193
cs.RO 2504.19256
cs.RO 2504.19258
cs.RO 2504.19473
cs.RO 2504.19572
cs.RO 2504.19938
cs.RO 2504.20019
cs.RO 2504.20040
cs.RO 2504.18576
cs.RO 2504.18662
cs.RO 2504.18667
cs.RO 2504.18692
cs.RO 2504.18698
cs.RO 2504.18708
cs.RO 2504.18713
cs.RO 2504.18719
cs.RO 2504.18780
cs.RO 2504.18790
cs.RO 2504.18792
cs.RO 2504.18829
cs.RO 2504.18832
cs.RO 2504.18840
cs.RO 2504.18842
cs.RO 2504.18847
cs.RO 2504.18860
cs.RO 2504.18899
cs.RO 2504.18904
cs.RO 2504.18931
cs.RO 2504.18944
cs.RO 2504.18945
cs.RO 2504.18978
cs.RO 2504.19009
cs.RO 2504.19049
cs.RO 2504.19072
cs.RO 2504.19104
cs.RO 2504.19131
cs.RO 2504.19194
cs.RO 2504.19195
cs.RO 2504.19230
cs.RO 2504.19247
cs.RO 2504.19253
cs.RO 2504.19318
cs.RO 2504.19322
cs.RO 2504.19341
cs.RO 2504.19409
cs.RO 2504.19448
cs.RO 2504.19463
cs.RO 2504.19498
cs.RO 2504.19502
cs.RO 2504.19571
cs.RO 2504.19577
cs.RO 2504.19580
cs.RO 2504.19593
cs.RO 2504.19607
cs.RO 2504.19624
cs.RO 2504.19652
cs.RO 2504.19653
cs.RO 2504.19654
cs.RO 2504.19683
cs.RO 2504.19685
cs.RO 2504.19716
cs.RO 2504.19728
cs.RO 2504.19736
cs.RO 2504.19771
cs.RO 2504.19835
cs.RO 2504.19848
cs.RO 2504.19851
cs.RO 2504.19854
cs.RO 2504.19948
cs.RO 2504.19965
cs.RO 2504.19985
cs.RO 2504.19989
cs.RO 2504.20004
cs.RO 2504.20009
cs.RO 2504.20234
cs.RO 2504.20379
cs.RO 2504.20391
cs.RO 2504.20942
cs.RO 2504.20995
cs.RO 2504.20071
cs.RO 2504.20301
cs.RO 2504.20313
cs.RO 2504.20326
cs.RO 2504.20339
cs.RO 2504.20359
cs.RO 2504.20380
cs.RO 2504.20459
cs.RO 2504.20477
cs.RO 2504.20506
cs.RO 2504.20520
cs.RO 2504.20584
cs.RO 2504.20615
cs.RO 2504.20684
cs.RO 2504.20720
cs.RO 2504.20736
cs.RO 2504.20761
cs.RO 2504.20808
cs.RO 2504.20863
cs.RO 2504.20947
cs.RO 2504.20969
cs.RO 2504.21022
cs.RO 2504.21067
cs.RO 2504.21113
cs.RO 2504.21216
cs.RO 2504.21302
cs.RO 2504.21548
cs.RO 2504.21643
cs.RO 2504.21699
cs.RO 2504.21071
cs.RO 2504.21111
cs.RO 2504.21158
cs.RO 2504.21159
cs.RO 2504.21215
cs.RO 2504.21428
cs.RO 2504.21432
cs.RO 2504.21454
cs.RO 2504.21486
cs.RO 2504.21530
cs.RO 2504.21585
cs.RO 2504.21586
cs.RO 2504.21596
cs.RO 2504.21602
cs.RO 2504.21619
cs.RO 2504.21622
cs.RO 2504.21695
cs.RO 2504.21716
cs.RO 2504.21738
cs.RO 2504.21767
cs.RO 2504.21769
cs.RO 2504.21826
cs.RO 2504.21841
cs.RO 2505.00168
cs.RO 2505.00368
cs.RO 2505.00503
cs.RO 2505.00512
cs.RO 2505.00540
cs.RO 2505.00690
cs.RO 2505.00091
cs.RO 2505.00161
cs.RO 2505.00165
cs.CR 2501.02704
cs.RO 2505.00200
cs.CR 2504.17921
cs.RO 2505.00201
cs.RO 2505.00213
cs.CR 2504.17934
cs.RO 2505.00222
cs.CR 2504.18007
cs.RO 2505.00237
cs.CR 2504.18188
cs.RO 2505.00284
cs.CR 2504.18348
cs.RO 2505.00306
cs.CR 2504.18349
cs.RO 2505.00318
cs.CR 2504.17875
cs.RO 2505.00322
cs.CR 2504.17878
cs.RO 2505.00332
cs.CR 2504.17904
cs.RO 2505.00354
cs.CR 2504.17906
cs.RO 2505.00400
cs.CR 2504.17919
cs.RO 2505.00404
cs.CR 2504.17930
cs.RO 2505.00432
cs.CR 2504.17953
cs.RO 2505.00442
cs.CR 2504.17971
cs.RO 2505.00488
cs.CR 2504.18015
cs.RO 2505.00490
cs.CR 2504.18083
cs.RO 2505.00500
cs.CR 2504.18131
cs.RO 2505.00515
cs.RO 2505.00527
cs.CR 2504.18147
cs.RO 2505.00562
cs.CR 2504.18333
cs.RO 2505.00586
cs.CR 2504.18369
cs.RO 2505.00596
cs.CR 2504.18375
cs.RO 2505.00622
cs.CR 2504.18411
cs.RO 2505.00634
cs.CR 2504.18423
cs.RO 2505.00647
cs.CR 2504.18497
cs.RO 2505.00671
cs.CR 2504.18771
cs.RO 2505.00693
cs.CR 2504.19019
cs.CR 2504.19128
cs.CR 2504.19215
cs.CR 2504.19274
cs.CR 2504.19876
cs.CR 2504.18563
cs.CR 2504.18564
cs.CR 2504.18565
cs.CR 2504.18566
cs.CR 2504.18569
cs.CR 2504.18570
cs.CR 2504.18571
cs.CR 2504.18575
cs.CR 2504.18577
cs.CR 2504.18581
cs.CR 2504.18596
cs.CR 2504.18597
cs.CR 2504.18598
cs.CR 2504.18608
cs.CR 2504.18636
cs.CR 2504.18812
cs.CR 2504.18814
cs.CR 2504.18966
cs.CR 2504.18974
cs.CR 2504.18990
cs.CR 2504.19001
cs.CR 2504.19055
cs.CR 2504.19064
cs.CR 2504.19093
cs.CR 2504.19154
cs.CR 2504.19222
cs.CR 2504.19373
cs.CR 2504.19418
cs.CR 2504.19433
cs.CR 2504.19440
cs.CR 2504.19454
cs.CR 2504.19456
cs.CR 2504.19486
cs.CR 2504.19521
cs.CR 2504.19566
cs.CR 2504.19567
cs.CR 2504.19640
cs.CR 2504.19674
cs.CR 2504.19793
cs.CR 2504.19821
cs.CR 2504.19855
cs.CR 2504.19951
cs.CR 2504.19956
cs.CR 2504.19997
cs.CR 2504.20295
cs.CR 2504.20310
cs.CR 2504.20350
cs.CR 2504.20376
cs.CR 2504.20432
cs.CR 2504.20532
cs.CR 2504.20544
cs.CR 2504.20814
cs.CR 2504.20848
cs.CR 2504.20869
cs.CR 2504.20888
cs.CR 2504.20934
cs.CR 2504.20050
cs.CR 2504.20180
cs.CR 2504.20245
cs.CR 2504.20260
cs.CR 2504.20266
cs.CR 2504.20275
cs.CR 2504.20296
cs.CR 2504.20414
cs.CR 2504.20436
cs.CR 2504.20472
cs.CR 2504.20485
cs.CR 2504.20493
cs.CR 2504.20536
cs.CR 2504.20556
cs.CR 2504.20569
cs.CR 2504.20570
cs.CR 2504.20612
cs.CR 2504.20626
cs.CR 2504.20637
cs.CR 2504.20681
cs.CR 2504.20689
cs.CR 2504.20700
cs.CR 2504.20726
cs.CR 2504.20767
cs.CR 2504.20801
cs.CR 2504.20827
cs.CR 2504.20904
cs.CR 2504.20906
cs.CR 2504.20926
cs.CR 2504.20941
cs.CR 2504.20984
cs.CR 2504.21168
cs.CR 2504.21199
cs.CR 2504.21436
cs.CR 2504.21803
cs.CR 2504.21842
cs.CR 2504.21846
cs.CR 2504.21008
cs.CR 2504.21028
cs.CR 2504.21029
cs.CR 2504.21034
cs.CR 2504.21035
cs.CR 2504.21036
cs.CR 2504.21037
cs.CR 2504.21038
cs.CR 2504.21039
cs.CR 2504.21041
cs.CR 2504.21042
cs.CR 2504.21043
cs.CR 2504.21044
cs.CR 2504.21045
cs.CR 2504.21049
cs.CR 2504.21052
cs.CR 2504.21054
cs.CR 2504.21072
cs.CR 2504.21182
cs.CR 2504.21205
cs.CR 2504.21228
cs.CR 2504.21323
cs.CR 2504.21342
cs.CR 2504.21413
cs.CR 2504.21415
cs.CR 2504.21480
cs.CR 2504.21518
cs.CR 2504.21520
cs.CR 2504.21543
cs.CR 2504.21574
cs.CR 2504.21618
cs.CR 2504.21668
cs.CR 2504.21680
cs.CR 2504.21700
cs.CR 2504.21730
cs.CR 2504.21739
cs.CR 2504.21752
cs.CR 2504.21770
cs.CR 2505.00061
cs.CR 2505.00206
cs.CR 2505.00257
cs.CR 2505.00664
cs.CR 2505.00665
cs.CR 2505.00111
cs.CR 2505.00240
cs.CR 2505.00289
cs.CR 2505.00340
cs.CR 2505.00465
cs.CR 2505.00480
cs.CR 2505.00487
cs.CR 2505.00554
cs.CR 2505.00593
cs.CR 2505.00618
cs.PL 2504.18529
cs.PL 2504.18704
cs.PL 2504.18920
cs.PL 2504.18943
cs.PL 2504.19129
cs.PL 2504.19625
cs.PL 2504.19852
cs.PL 2504.20291
cs.PL 2504.20385
cs.PL 2504.20964
cs.PL 2504.20166
cs.PL 2504.20432
cs.PL 2504.21291
cs.PL 2504.21458
cs.PL 2504.21312
cs.PL 2505.00449
cs.NI 2504.18317
cs.NI 2504.18504
cs.NI 2504.17795
cs.NI 2504.17796
cs.NI 2504.17807
cs.NI 2504.17809
cs.NI 2504.17818
cs.NI 2504.17973
cs.NI 2504.18029
cs.NI 2504.18031
cs.NI 2504.18062
cs.NI 2504.18432
cs.NI 2504.19069
cs.NI 2504.19499
cs.NI 2504.19564
cs.NI 2504.19613
cs.NI 2504.18685
cs.NI 2504.18786
cs.NI 2504.18902
cs.NI 2504.19058
cs.NI 2504.19660
cs.NI 2504.20176
cs.NI 2504.20266
cs.NI 2504.20767
cs.NI 2504.20246
cs.NI 2504.20335
cs.NI 2504.20433
cs.NI 2504.20545
cs.NI 2504.20729
cs.NI 2504.20854
cs.NI 2504.20939
cs.NI 2504.21342
cs.NI 2504.21353
cs.NI 2504.21181
cs.NI 2504.21311
cs.NI 2504.21444
cs.NI 2504.21549
cs.NI 2504.21571
cs.NI 2504.21583
cs.NI 2504.21656
cs.NI 2504.21721
cs.NI 2505.00472
cs.NI 2505.00618
cs.NI 2505.00138
cs.NI 2505.00321
cs.NI 2505.00447
cs.NI 2505.00605
cs.OS 2504.16251
cs.OS 2504.17904
cs.OS 2504.17984
cs.OS 2504.19058
cs.OS 2504.18714
cs.OS 2504.19662
cs.OS 2504.20412
cs.OS 2504.20964
cs.OS 2504.21518
cs.OS 2504.21394
cs.IT 2504.17820
cs.IT 2504.17973
cs.IT 2504.18044
cs.IT 2504.18047
cs.IT 2504.18315
cs.IT 2504.18365
cs.IT 2504.18455
cs.IT 2504.18456
cs.IT 2504.18022
cs.IT 2504.18038
cs.IT 2504.18155
cs.IT 2504.18168
cs.IT 2504.18242
cs.IT 2504.18294
cs.IT 2504.18335
cs.IT 2504.18360
cs.IT 2504.18364
cs.IT 2504.18434
cs.IT 2504.18459
cs.IT 2504.18504
cs.IT 2504.18585
cs.IT 2504.18686
cs.IT 2504.19325
cs.IT 2504.19454
cs.IT 2504.19476
cs.IT 2504.19499
cs.IT 2504.19744
cs.IT 2504.19955
cs.IT 2504.18541
cs.IT 2504.18568
cs.IT 2504.18654
cs.IT 2504.18747
cs.IT 2504.18844
cs.IT 2504.18855
cs.IT 2504.18887
cs.IT 2504.18957
cs.IT 2504.18970
cs.IT 2504.19025
cs.IT 2504.19170
cs.IT 2504.19288
cs.IT 2504.19363
cs.IT 2504.19441
cs.IT 2504.19507
cs.IT 2504.19544
cs.IT 2504.19601
cs.IT 2504.19773
cs.IT 2504.19913
cs.IT 2504.19916
cs.IT 2504.19926
cs.IT 2504.19954
cs.IT 2504.20131
cs.IT 2504.20333
cs.IT 2504.20539
cs.IT 2504.20660
cs.IT 2504.20676
cs.IT 2504.20691
cs.IT 2504.20285
cs.IT 2504.20410
cs.IT 2504.20420
cs.IT 2504.20425
cs.IT 2504.20460
cs.IT 2504.20513
cs.IT 2504.20550
cs.IT 2504.20557
cs.IT 2504.20618
cs.IT 2504.20639
cs.IT 2504.20662
cs.IT 2504.20888
cs.IT 2504.20912
cs.IT 2504.20961
cs.IT 2504.20991
cs.IT 2504.21182
cs.IT 2504.21473
cs.IT 2504.21638
cs.IT 2504.21707
cs.IT 2504.21787
cs.IT 2504.21845
cs.IT 2504.21178
cs.IT 2504.21234
cs.IT 2504.21297
cs.IT 2504.21321
cs.IT 2504.21466
cs.IT 2504.21632
cs.IT 2504.21719
cs.IT 2504.21816
cs.IT 2505.00137
cs.IT 2505.00138
cs.IT 2505.00664
cs.IT 2505.00395
cs.IT 2505.00549
cs.IT 2505.00558
cs.IT 2505.00567
cs.IT 2505.00658
cs.IT 2505.00660
cs.CL 2504.17821
cs.CL 2504.17884
cs.CL 2504.17892
cs.CL 2504.17902
cs.CL 2504.17934
cs.CL 2504.17950
cs.CL 2504.18024
cs.CL 2504.18099
cs.CL 2504.18333
cs.CL 2504.18425
cs.CL 2504.17974
cs.CL 2504.17993
cs.CL 2504.18012
cs.CL 2504.18041
cs.CL 2504.18053
cs.CL 2504.18058
cs.CL 2504.18070
cs.CL 2504.18080
cs.CL 2504.18085
cs.CL 2504.18104
cs.CL 2504.18106
cs.CL 2504.18114
cs.CL 2504.18128
cs.CL 2504.18142
cs.CL 2504.18180
cs.SI 2504.18140
cs.SI 2504.18504
cs.CL 2504.18221
cs.SI 2504.18273
cs.CL 2504.18225
cs.SI 2504.19396
cs.CL 2504.18246
cs.SI 2504.19489
cs.CL 2504.18260
cs.SI 2504.19734
cs.CL 2504.18269
cs.SI 2504.18837
cs.CL 2504.18346
cs.SI 2504.19328
cs.CL 2504.18373
cs.SI 2504.19536
cs.CL 2504.18376
cs.SI 2504.19594
cs.CL 2504.18386
cs.SI 2504.20065
cs.CL 2504.18406
cs.SI 2504.20186
cs.CL 2504.18412
cs.CL 2504.18415
cs.CL 2504.18428
cs.SI 2504.20492
cs.SI 2504.21026
cs.CL 2504.18458
cs.CL 2504.18474
cs.SI 2504.21060
cs.CL 2504.18483
cs.SI 2504.21165
cs.CL 2504.18535
cs.SI 2504.21244
cs.SI 2504.21357
cs.CL 2504.18596
cs.CL 2504.18748
cs.SI 2504.21609
cs.SI 2505.00006
cs.CL 2504.18919
cs.CL 2504.18988
cs.SI 2505.00393
cs.CL 2504.19056
cs.SI 2505.00550
cs.CL 2504.19062
cs.SI 2505.00005
cs.CL 2504.19188
cs.SI 2505.00242
cs.CL 2504.19276
cs.CL 2504.19444
cs.CL 2504.19458
cs.SI 2505.00287
cs.CL 2504.19483
cs.SI 2505.00293
cs.CL 2504.19500
cs.CL 2504.19519
cs.CL 2504.19583
cs.CL 2504.19730
cs.CL 2504.19754
cs.CL 2504.18560
cs.CL 2504.18639
cs.CL 2504.18673
cs.CL 2504.18715
cs.CL 2504.18718
cs.CL 2504.18736
cs.CL 2504.18762
cs.CL 2504.18805
cs.CL 2504.18838
cs.CL 2504.18839
cs.CL 2504.18851
cs.CL 2504.18857
cs.CL 2504.18872
cs.CL 2504.18884
cs.CL 2504.18938
cs.CL 2504.18942
cs.CL 2504.18992
cs.CL 2504.19019
cs.CL 2504.19021
cs.CL 2504.19024
cs.CL 2504.19044
cs.CL 2504.19061
cs.CL 2504.19066
cs.CL 2504.19070
cs.CL 2504.19095
cs.CL 2504.19101
cs.CL 2504.19110
cs.CL 2504.19162
cs.CL 2504.19191
cs.CL 2504.19209
cs.CL 2504.19254
cs.CL 2504.19267
cs.CL 2504.19298
cs.CL 2504.19314
cs.CL 2504.19333
cs.CL 2504.19339
cs.CL 2504.19395
cs.CL 2504.19406
cs.CL 2504.19413
cs.CL 2504.19436
cs.CL 2504.19445
cs.CL 2504.19457
cs.CL 2504.19467
cs.CL 2504.19472
cs.CL 2504.19556
cs.CL 2504.19565
cs.CL 2504.19590
cs.CL 2504.19606
cs.CL 2504.19627
cs.CL 2504.19645
cs.CL 2504.19669
cs.CL 2504.19675
cs.CL 2504.19720
cs.CL 2504.19734
cs.CL 2504.19759
cs.CL 2504.19811
cs.CL 2504.19850
cs.CL 2504.19856
cs.CL 2504.19867
cs.CL 2504.19898
cs.CL 2504.19940
cs.CL 2504.19982
cs.CL 2504.20000
cs.CL 2504.20013
cs.CL 2504.20022
cs.CL 2504.20039
cs.CL 2504.20059
cs.CL 2504.20073
cs.CL 2504.20084
cs.CL 2504.20094
cs.CL 2504.20117
cs.CL 2504.20199
cs.CL 2504.20294
cs.CL 2504.20456
cs.CL 2504.20458
cs.CL 2504.20571
cs.CL 2504.20595
cs.CL 2504.20859
cs.CL 2504.20879
cs.CL 2504.20930
cs.CL 2504.20938
cs.CL 2504.20049
cs.CL 2504.20051
cs.CL 2504.20086
cs.CL 2504.20157
cs.CL 2504.20168
cs.CL 2504.20220
cs.CL 2504.20251
cs.CL 2504.20276
cs.CL 2504.20304
cs.CL 2504.20323
cs.CL 2504.20355
cs.CL 2504.20356
cs.CL 2504.20371
cs.CL 2504.20444
cs.CL 2504.20451
cs.CL 2504.20469
cs.CL 2504.20484
cs.CL 2504.20500
cs.CL 2504.20547
cs.CL 2504.20552
cs.CL 2504.20581
cs.CL 2504.20605
cs.CL 2504.20609
cs.CL 2504.20643
cs.CL 2504.20668
cs.CL 2504.20678
cs.CL 2504.20679
cs.CL 2504.20699
cs.CL 2504.20703
cs.CL 2504.20708
cs.CL 2504.20734
cs.CL 2504.20752
cs.CL 2504.20769
cs.CL 2504.20771
cs.CL 2504.20839
cs.CL 2504.20849
cs.CL 2504.20922
cs.CL 2504.20946
cs.CL 2504.20951
cs.CL 2504.20964
cs.CL 2504.20972
cs.CL 2504.21015
cs.CL 2504.21035
cs.CL 2504.21051
cs.CL 2504.21318
cs.CL 2504.21400
cs.CL 2504.21435
cs.CL 2504.21559
cs.CL 2504.21578
cs.CL 2504.21659
cs.CL 2504.21716
cs.CL 2504.21751
cs.CL 2504.21798
cs.CL 2504.21012
cs.CL 2504.21013
cs.CL 2504.21016
cs.CL 2504.21017
cs.CL 2504.21018
cs.CL 2504.21019
cs.CL 2504.21020
cs.CL 2504.21022
cs.CL 2504.21023
cs.CL 2504.21024
cs.CL 2504.21025
cs.CL 2504.21026
cs.CL 2504.21027
cs.CL 2504.21117
cs.CL 2504.21132
cs.CL 2504.21165
cs.CL 2504.21191
cs.CL 2504.21202
cs.CL 2504.21214
cs.CL 2504.21233
cs.CL 2504.21239
cs.CL 2504.21252
cs.CL 2504.21299
cs.CL 2504.21303
cs.CL 2504.21330
cs.CL 2504.21372
cs.CL 2504.21421
cs.CL 2504.21463
cs.CL 2504.21474
cs.CL 2504.21475
cs.CL 2504.21540
cs.CL 2504.21547
cs.CL 2504.21553
cs.CL 2504.21589
cs.CL 2504.21604
cs.CL 2504.21605
cs.CL 2504.21625
cs.CL 2504.21635
cs.CL 2504.21677
cs.CL 2504.21681
cs.CL 2504.21685
cs.CL 2504.21742
cs.CL 2504.21747
cs.CL 2504.21773
cs.CL 2504.21776
cs.CL 2504.21800
cs.CL 2504.21801
cs.CL 2504.21851
cs.CL 2505.00049
cs.CL 2505.00105
cs.CL 2505.00150
cs.CL 2505.00212
cs.CL 2505.00234
cs.CL 2505.00263
cs.CL 2505.00315
cs.CL 2505.00337
cs.CL 2505.00358
cs.CL 2505.00422
cs.CL 2505.00649
cs.CL 2505.00703
cs.CL 2505.00001
cs.CL 2505.00002
cs.CL 2505.00003
cs.CL 2505.00004
cs.CL 2505.00006
cs.CL 2505.00008
cs.CL 2505.00009
cs.CL 2505.00010
cs.CL 2505.00012
cs.CL 2505.00013
cs.CL 2505.00014
cs.CL 2505.00015
cs.CL 2505.00016
cs.CL 2505.00017
cs.CL 2505.00019
cs.CL 2505.00020
cs.CL 2505.00021
cs.CL 2505.00022
cs.CL 2505.00023
cs.CL 2505.00024
cs.CL 2505.00025
cs.CL 2505.00026
cs.CL 2505.00027
cs.CL 2505.00028
cs.CL 2505.00029
cs.CL 2505.00030
cs.CL 2505.00031
cs.CL 2505.00032
cs.CL 2505.00033
cs.CL 2505.00034
cs.CL 2505.00035
cs.CL 2505.00036
cs.CL 2505.00038
cs.CL 2505.00039
cs.CL 2505.00047
cs.CL 2505.00050
cs.CL 2505.00056
cs.CL 2505.00057
cs.CL 2505.00059
cs.CL 2505.00060
cs.CL 2505.00061
cs.CL 2505.00063
cs.CL 2505.00065
cs.CL 2505.00114
cs.CL 2505.00127
cs.CL 2505.00147
cs.CL 2505.00191
cs.CL 2505.00261
cs.CL 2505.00268
cs.CL 2505.00339
cs.CL 2505.00367
cs.CL 2505.00389
cs.CL 2505.00467
cs.CL 2505.00479
cs.CL 2505.00506
cs.CL 2505.00551
cs.CL 2505.00557
cs.CL 2505.00570
cs.CL 2505.00582
cs.CL 2505.00624
cs.CL 2505.00626
cs.CL 2505.00654
cs.CL 2505.00661
cs.CL 2505.00662
cs.CL 2505.00675
cs.CL 2505.00679
cs.SC 2504.17534
cs.SC 2504.17268
cs.SC 2504.18038
cs.SC 2504.19243
cs.SC 2504.20003
cs.SC 2504.21058
cs.SC 2504.21708
cs.SC 2505.00620
stat.AP 2504.17876
stat.AP 2504.18536
stat.AP 2504.18197
stat.AP 2504.18288
stat.AP 2504.18629
stat.AP 2504.18889
stat.AP 2504.18896
stat.AP 2504.18914
stat.AP 2504.19145
stat.AP 2504.19380
stat.AP 2504.19725
stat.AP 2504.19821
stat.AP 2504.19921
stat.AP 2504.19967
stat.AP 2504.18835
stat.AP 2504.18936
stat.AP 2504.19526
stat.AP 2504.19541
stat.AP 2504.19776
stat.AP 2504.19953
stat.AP 2504.20216
stat.AP 2504.20250
stat.AP 2504.20276
stat.AP 2504.20354
stat.AP 2504.20488
stat.AP 2504.20586
stat.AP 2504.20268
stat.AP 2504.20531
stat.AP 2504.20588
stat.AP 2504.21120
stat.AP 2504.21158
stat.AP 2504.21275
stat.AP 2504.21617
stat.AP 2504.21710
stat.AP 2504.21795
stat.AP 2504.21143
stat.AP 2504.21224
stat.AP 2504.21256
stat.AP 2504.21407
stat.AP 2504.21688
stat.AP 2504.21761
stat.AP 2505.00308
stat.AP 2505.00450
stat.AP 2505.00303
stat.AP 2505.00356
stat.AP 2505.00510
stat.AP 2505.00555
stat.ML 2504.17874
stat.ML 2504.18017
stat.ML 2504.18167
stat.ML 2504.18210
stat.ML 2504.18278
stat.ML 2504.18385
stat.ML 2504.18433
stat.ML 2504.17836
stat.ML 2504.18184
stat.ML 2504.18212
stat.ML 2504.18455
stat.ML 2504.18498
stat.ML 2504.18522
stat.ML 2504.18587
stat.ML 2504.18686
stat.ML 2504.18710
stat.ML 2504.18743
stat.ML 2504.18791
stat.ML 2504.18911
stat.ML 2504.18914
stat.ML 2504.19007
stat.ML 2504.19014
stat.ML 2504.19034
stat.ML 2504.19084
stat.ML 2504.19139
stat.ML 2504.19176
stat.ML 2504.19370
stat.ML 2504.19374
stat.ML 2504.19375
stat.ML 2504.19393
stat.ML 2504.19419
stat.ML 2504.19446
stat.ML 2504.19496
stat.ML 2504.19527
stat.ML 2504.19530
stat.ML 2504.19621
stat.ML 2504.19635
stat.ML 2504.19792
stat.ML 2504.19901
stat.ML 2504.19952
stat.ML 2504.19983
stat.ML 2504.18633
stat.ML 2504.18657
stat.ML 2504.18695
stat.ML 2504.18830
stat.ML 2504.18897
stat.ML 2504.19012
stat.ML 2504.19231
stat.ML 2504.19342
stat.ML 2504.19351
stat.ML 2504.19464
stat.ML 2504.19476
stat.ML 2504.20099
stat.ML 2504.20172
stat.ML 2504.20250
stat.ML 2504.20354
stat.ML 2504.20400
stat.ML 2504.20527
stat.ML 2504.20687
stat.ML 2504.20894
stat.ML 2504.20974
stat.ML 2504.20194
stat.ML 2504.20617
stat.ML 2504.20651
stat.ML 2504.20877
stat.ML 2504.21120
stat.ML 2504.21182
stat.ML 2504.21314
stat.ML 2504.21647
stat.ML 2504.21688
stat.ML 2504.21787
stat.ML 2504.21199
stat.ML 2504.21419
stat.ML 2504.21438
stat.ML 2504.21505
stat.ML 2504.21795
stat.ML 2505.00303
stat.ML 2505.00356
stat.ML 2505.00110
stat.ML 2505.00229
stat.ML 2505.00304
stat.ML 2505.00310
stat.ML 2505.00571
stat.ML 2505.00631
cs.SE 2504.17984
cs.SE 2504.18369
cs.SE 2504.17824
cs.SE 2504.17972
cs.SE 2504.17977
cs.SE 2504.18050
cs.SE 2504.18055
cs.SE 2504.18150
cs.SE 2504.18182
cs.SE 2504.18191
cs.SE 2504.18316
cs.SE 2504.18345
cs.SE 2504.18380
cs.SE 2504.18404
cs.SE 2504.18407
cs.SE 2504.18430
cs.SE 2504.18449
cs.SE 2504.18469
cs.SE 2504.18511
cs.SE 2504.18691
cs.SE 2504.18704
cs.SE 2504.18955
cs.SE 2504.18990
cs.SE 2504.19144
cs.SE 2504.19277
cs.SE 2504.19456
cs.SE 2504.19757
cs.SE 2504.19816
cs.SE 2504.18693
cs.SE 2504.18702
cs.SE 2504.18705
cs.SE 2504.18776
cs.SE 2504.18784
cs.SE 2504.18804
cs.SE 2504.18806
cs.SE 2504.18827
cs.SE 2504.18858
cs.SE 2504.18912
cs.SE 2504.18956
cs.SE 2504.18971
cs.SE 2504.18985
cs.SE 2504.19037
cs.SE 2504.19085
cs.SE 2504.19099
cs.SE 2504.19105
cs.SE 2504.19108
cs.SE 2504.19137
cs.SE 2504.19181
cs.SE 2504.19215
cs.SE 2504.19225
cs.SE 2504.19237
cs.SE 2504.19287
cs.SE 2504.19291
cs.SE 2504.19294
cs.SE 2504.19335
cs.SE 2504.19384
cs.SE 2504.19394
cs.SE 2504.19444
cs.SE 2504.19459
cs.SE 2504.19461
cs.SE 2504.19551
cs.SE 2504.19658
cs.SE 2504.19705
cs.SE 2504.19707
cs.SE 2504.19730
cs.SE 2504.20406
cs.SE 2504.20485
cs.SE 2504.20684
cs.SE 2504.20782
cs.SE 2504.20801
cs.SE 2504.20964
cs.SE 2504.20093
cs.SE 2504.20115
cs.SE 2504.20117
cs.SE 2504.20126
cs.SE 2504.20183
cs.SE 2504.20186
cs.SE 2504.20192
cs.SE 2504.20196
cs.SE 2504.20224
cs.SE 2504.20237
cs.SE 2504.20261
cs.SE 2504.20329
cs.SE 2504.20330
cs.SE 2504.20350
cs.SE 2504.20357
cs.SE 2504.20381
cs.SE 2504.20412
cs.SE 2504.20434
cs.SE 2504.20507
cs.SE 2504.20511
cs.SE 2504.20653
cs.SE 2504.20673
cs.SE 2504.20763
cs.SE 2504.20781
cs.SE 2504.20799
cs.SE 2504.20814
cs.SE 2504.20896
cs.SE 2504.20907
cs.SE 2504.20911
cs.SE 2504.20956
cs.SE 2504.21480
cs.SE 2504.21684
cs.SE 2504.21061
cs.SE 2504.21161
cs.SE 2504.21276
cs.SE 2504.21412
cs.SE 2504.21420
cs.SE 2504.21437
cs.SE 2504.21569
cs.SE 2504.21679
cs.SE 2504.21751
cs.SE 2504.21798
cs.SE 2504.21803
cs.SE 2505.00289
cs.SE 2505.00144
cs.SE 2505.00342
cs.SE 2505.00547
cs.SE 2505.00688
eess.AS 2504.17912
eess.AS 2504.18099
eess.AS 2504.18283
eess.AS 2504.18004
eess.AS 2504.18157
eess.AS 2504.18425
eess.AS 2504.18502
eess.AS 2504.18582
eess.AS 2504.18650
eess.AS 2504.18715
eess.AS 2504.18799
eess.AS 2504.18950
eess.AS 2504.19030
eess.AS 2504.19146
eess.AS 2504.19197
eess.AS 2504.18539
eess.AS 2504.19046
eess.AS 2504.19062
eess.AS 2504.19605
eess.AS 2504.20447
eess.AS 2504.20532
eess.AS 2504.20625
eess.AS 2504.20678
eess.AS 2504.20776
eess.AS 2504.20835
eess.AS 2504.20923
eess.AS 2504.20334
eess.AS 2504.20630
eess.AS 2504.21171
eess.AS 2504.21214
eess.AS 2504.21528
eess.AS 2504.21815
eess.AS 2505.00059
eess.AS 2505.00579
eess.AS 2505.00007
eess.AS 2505.00409
cs.LG 2504.17794
cs.LG 2504.17807
cs.LG 2504.17811
cs.LG 2504.17819
cs.LG 2504.17827
cs.LG 2504.17836
cs.LG 2504.17872
cs.LG 2504.17874
cs.LG 2504.17930
cs.LG 2504.17938
cs.LG 2504.17939
cs.LG 2504.17953
cs.LG 2504.17954
cs.LG 2504.17959
cs.LG 2504.17966
cs.LG 2504.17999
cs.LG 2504.18007
cs.LG 2504.18015
cs.LG 2504.18017
cs.LG 2504.18080
cs.LG 2504.18085
cs.LG 2504.18103
cs.LG 2504.18114
cs.LG 2504.18126
cs.LG 2504.18128
cs.LG 2504.18147
cs.LG 2504.18165
cs.LG 2504.18179
cs.LG 2504.18180
cs.LG 2504.18184
cs.LG 2504.18203
cs.LG 2504.18212
cs.LG 2504.18231
cs.LG 2504.18241
cs.LG 2504.18246
cs.LG 2504.18249
cs.LG 2504.18273
cs.LG 2504.18286
cs.LG 2504.18310
cs.LG 2504.18323
cs.LG 2504.18367
cs.LG 2504.18391
cs.LG 2504.18415
cs.LG 2504.18425
cs.LG 2504.18444
cs.LG 2504.18455
cs.LG 2504.18461
cs.LG 2504.18498
cs.LG 2504.18513
cs.LG 2504.18522
cs.LG 2504.18530
cs.LG 2504.18535
cs.LG 2504.18536
cs.LG 2504.17838
cs.LG 2504.17857
cs.LG 2504.17891
cs.LG 2504.17908
cs.LG 2504.17913
cs.LG 2504.17921
cs.LG 2504.17946
cs.LG 2504.17963
cs.LG 2504.18003
cs.LG 2504.18008
cs.LG 2504.18026
cs.LG 2504.18048
cs.LG 2504.18072
cs.LG 2504.18078
cs.LG 2504.18082
cs.LG 2504.18091
cs.LG 2504.18095
cs.LG 2504.18105
cs.LG 2504.18113
cs.LG 2504.18116
cs.LG 2504.18130
cs.LG 2504.18133
cs.LG 2504.18148
cs.LG 2504.18160
cs.LG 2504.18181
cs.LG 2504.18185
cs.LG 2504.18206
cs.LG 2504.18207
cs.LG 2504.18208
cs.LG 2504.18230
cs.LG 2504.18243
cs.LG 2504.18262
cs.LG 2504.18267
cs.LG 2504.18274
cs.LG 2504.18278
cs.LG 2504.18300
cs.LG 2504.18309
cs.LG 2504.18329
cs.LG 2504.18353
cs.LG 2504.18371
cs.LG 2504.18385
cs.LG 2504.18393
cs.LG 2504.18395
cs.LG 2504.18414
cs.LG 2504.18433
cs.LG 2504.18437
cs.LG 2504.18451
cs.LG 2504.18454
cs.LG 2504.18506
cs.LG 2504.18519
cs.LG 2504.18538
cs.LG 2504.18539
cs.LG 2504.18545
cs.LG 2504.18566
cs.LG 2504.18569
cs.LG 2504.18570
cs.LG 2504.18571
cs.LG 2504.18596
cs.LG 2504.18605
cs.LG 2504.18624
cs.LG 2504.18628
cs.LG 2504.18633
cs.LG 2504.18657
cs.LG 2504.18658
cs.LG 2504.18689
cs.LG 2504.18695
cs.LG 2504.18762
cs.LG 2504.18770
cs.LG 2504.18791
cs.LG 2504.18802
cs.LG 2504.18805
cs.LG 2504.18830
cs.LG 2504.18854
cs.LG 2504.18860
cs.LG 2504.18868
cs.LG 2504.18872
cs.LG 2504.18897
cs.LG 2504.18902
cs.LG 2504.18911
cs.LG 2504.18917
cs.LG 2504.18942
cs.LG 2504.18950
cs.LG 2504.18958
cs.LG 2504.18989
cs.LG 2504.19007
cs.LG 2504.19012
cs.LG 2504.19017
cs.LG 2504.19023
cs.LG 2504.19027
cs.LG 2504.19042
cs.LG 2504.19053
cs.LG 2504.19056
cs.LG 2504.19066
cs.LG 2504.19074
cs.LG 2504.19113
cs.LG 2504.19145
cs.LG 2504.19162
cs.LG 2504.19209
cs.LG 2504.19223
cs.LG 2504.19231
cs.LG 2504.19239
cs.LG 2504.19254
cs.LG 2504.19264
cs.LG 2504.19267
cs.LG 2504.19323
cs.LG 2504.19333
cs.LG 2504.19339
cs.LG 2504.19342
cs.LG 2504.19351
cs.LG 2504.19354
cs.LG 2504.19355
cs.LG 2504.19370
cs.LG 2504.19372
cs.LG 2504.19436
cs.LG 2504.19464
cs.LG 2504.19475
cs.LG 2504.19476
cs.LG 2504.19488
cs.LG 2504.19497
cs.LG 2504.19499
cs.LG 2504.19519
cs.LG 2504.19596
cs.LG 2504.19599
cs.LG 2504.19625
cs.LG 2504.19627
cs.LG 2504.19632
cs.LG 2504.19635
cs.LG 2504.19653
cs.LG 2504.19654
cs.LG 2504.19657
cs.LG 2504.19675
cs.LG 2504.19678
cs.LG 2504.19682
cs.LG 2504.19684
cs.LG 2504.19715
cs.LG 2504.19720
cs.LG 2504.19722
cs.LG 2504.19738
cs.LG 2504.19787
cs.LG 2504.19797
cs.LG 2504.19816
cs.LG 2504.19863
cs.LG 2504.19867
cs.LG 2504.19925
cs.LG 2504.19933
cs.LG 2504.19952
cs.LG 2504.19967
cs.LG 2504.19987
cs.LG 2504.19991
cs.LG 2504.19996
cs.LG 2504.20000
cs.LG 2504.20004
cs.LG 2504.20011
cs.LG 2504.20022
cs.LG 2504.20039
cs.LG 2504.18544
cs.LG 2504.18547
cs.LG 2504.18556
cs.LG 2504.18562
cs.LG 2504.18574
cs.LG 2504.18578
cs.LG 2504.18579
cs.LG 2504.18580
cs.LG 2504.18583
cs.LG 2504.18587
cs.LG 2504.18588
cs.LG 2504.18590
cs.LG 2504.18591
cs.LG 2504.18593
cs.LG 2504.18594
cs.LG 2504.18595
cs.LG 2504.18599
cs.LG 2504.18650
cs.LG 2504.18668
cs.LG 2504.18686
cs.LG 2504.18696
cs.LG 2504.18710
cs.LG 2504.18720
cs.LG 2504.18729
cs.LG 2504.18735
cs.LG 2504.18743
cs.LG 2504.18758
cs.LG 2504.18766
cs.LG 2504.18771
cs.LG 2504.18785
cs.LG 2504.18818
cs.LG 2504.18819
cs.LG 2504.18845
cs.LG 2504.18849
cs.LG 2504.18878
cs.LG 2504.18881
cs.LG 2504.18882
cs.LG 2504.18914
cs.LG 2504.18929
cs.LG 2504.19000
cs.LG 2504.19002
cs.LG 2504.19013
cs.LG 2504.19014
cs.LG 2504.19026
cs.LG 2504.19034
cs.LG 2504.19036
cs.LG 2504.19040
cs.LG 2504.19084
cs.LG 2504.19103
cs.LG 2504.19139
cs.LG 2504.19141
cs.LG 2504.19176
cs.LG 2504.19188
cs.LG 2504.19199
cs.LG 2504.19259
cs.LG 2504.19274
cs.LG 2504.19276
cs.LG 2504.19284
cs.LG 2504.19353
cs.LG 2504.19374
cs.LG 2504.19375
cs.LG 2504.19382
cs.LG 2504.19391
cs.LG 2504.19396
cs.LG 2504.19408
cs.LG 2504.19419
cs.LG 2504.19446
cs.LG 2504.19449
cs.LG 2504.19452
cs.LG 2504.19473
cs.LG 2504.19480
cs.LG 2504.19483
cs.LG 2504.19496
cs.LG 2504.19527
cs.LG 2504.19530
cs.LG 2504.19538
cs.LG 2504.19561
cs.LG 2504.19583
cs.LG 2504.19602
cs.LG 2504.19621
cs.LG 2504.19638
cs.LG 2504.19639
cs.LG 2504.19649
cs.LG 2504.19659
cs.LG 2504.19667
cs.LG 2504.19740
cs.LG 2504.19746
cs.LG 2504.19774
cs.LG 2504.19779
cs.LG 2504.19785
cs.LG 2504.19792
cs.LG 2504.19820
cs.LG 2504.19822
cs.LG 2504.19874
cs.LG 2504.19901
cs.LG 2504.19903
cs.LG 2504.19955
cs.LG 2504.19979
cs.LG 2504.19981
cs.LG 2504.19983
cs.LG 2504.20019
cs.LG 2504.20020
cs.LG 2504.20058
cs.LG 2504.20068
cs.LG 2504.20074
cs.LG 2504.20086
cs.LG 2504.20088
cs.LG 2504.20090
cs.LG 2504.20103
cs.LG 2504.20109
cs.LG 2504.20113
cs.LG 2504.20114
cs.LG 2504.20126
cs.LG 2504.20127
cs.LG 2504.20129
cs.LG 2504.20168
cs.LG 2504.20178
cs.LG 2504.20179
cs.LG 2504.20194
cs.LG 2504.20198
cs.LG 2504.20238
cs.LG 2504.20256
cs.LG 2504.20266
cs.LG 2504.20275
cs.LG 2504.20322
cs.LG 2504.20323
cs.LG 2504.20355
cs.LG 2504.20368
cs.LG 2504.20395
cs.LG 2504.20401
cs.LG 2504.20405
cs.LG 2504.20479
cs.LG 2504.20500
cs.LG 2504.20504
cs.LG 2504.20541
cs.LG 2504.20560
cs.LG 2504.20595
cs.LG 2504.20617
cs.LG 2504.20620
cs.LG 2504.20634
cs.LG 2504.20643
cs.LG 2504.20651
cs.LG 2504.20708
cs.LG 2504.20726
cs.LG 2504.20734
cs.LG 2504.20741
cs.LG 2504.20752
cs.LG 2504.20769
cs.LG 2504.20784
cs.LG 2504.20808
cs.LG 2504.20837
cs.LG 2504.20859
cs.LG 2504.20877
cs.LG 2504.20879
cs.LG 2504.20883
cs.LG 2504.20902
cs.LG 2504.20904
cs.LG 2504.20906
cs.LG 2504.20922
cs.LG 2504.20927
cs.LG 2504.20940
cs.LG 2504.20969
cs.LG 2504.20970
cs.LG 2504.20982
cs.LG 2504.20984
cs.LG 2504.20055
cs.LG 2504.20069
cs.LG 2504.20070
cs.LG 2504.20073
cs.LG 2504.20078
cs.LG 2504.20079
cs.LG 2504.20080
cs.LG 2504.20096
cs.LG 2504.20099
cs.LG 2504.20102
cs.LG 2504.20106
cs.LG 2504.20108
cs.LG 2504.20110
cs.LG 2504.20112
cs.LG 2504.20121
cs.LG 2504.20131
cs.LG 2504.20172
cs.LG 2504.20187
cs.LG 2504.20193
cs.LG 2504.20197
cs.LG 2504.20213
cs.LG 2504.20249
cs.LG 2504.20250
cs.LG 2504.20271
cs.LG 2504.20277
cs.LG 2504.20282
cs.LG 2504.20293
cs.LG 2504.20295
cs.LG 2504.20307
cs.LG 2504.20310
cs.LG 2504.20314
cs.LG 2504.20319
cs.LG 2504.20375
cs.LG 2504.20390
cs.LG 2504.20408
cs.LG 2504.20411
cs.LG 2504.20421
cs.LG 2504.20430
cs.LG 2504.20437
cs.LG 2504.20442
cs.LG 2504.20446
cs.LG 2504.20456
cs.LG 2504.20471
cs.LG 2504.20482
cs.LG 2504.20522
cs.LG 2504.20535
cs.LG 2504.20566
cs.LG 2504.20568
cs.LG 2504.20571
cs.LG 2504.20579
cs.LG 2504.20593
cs.LG 2504.20635
cs.LG 2504.20642
cs.LG 2504.20644
cs.LG 2504.20650
cs.LG 2504.20656
cs.LG 2504.20660
cs.LG 2504.20666
cs.LG 2504.20667
cs.LG 2504.20687
cs.LG 2504.20733
cs.LG 2504.20735
cs.LG 2504.20754
cs.LG 2504.20770
cs.LG 2504.20789
cs.LG 2504.20794
cs.LG 2504.20821
cs.LG 2504.20822
cs.LG 2504.20823
cs.LG 2504.20834
cs.LG 2504.20848
cs.LG 2504.20862
cs.LG 2504.20869
cs.LG 2504.20887
cs.LG 2504.20894
cs.LG 2504.20900
cs.LG 2504.20908
cs.LG 2504.20915
cs.LG 2504.20932
cs.LG 2504.20938
cs.LG 2504.20942
cs.LG 2504.20944
cs.LG 2504.20965
cs.LG 2504.20966
cs.LG 2504.20974
cs.LG 2504.20988
cs.LG 2504.20997
cs.LG 2504.19835
cs.LG 2504.20185
cs.LG 2504.21016
cs.LG 2504.21017
cs.LG 2504.21018
cs.LG 2504.21020
cs.LG 2504.21022
cs.LG 2504.21023
cs.LG 2504.21026
cs.LG 2504.21028
cs.LG 2504.21032
cs.LG 2504.21034
cs.LG 2504.21035
cs.LG 2504.21036
cs.LG 2504.21042
cs.LG 2504.21048
cs.LG 2504.21072
cs.LG 2504.21132
cs.LG 2504.21135
cs.LG 2504.21136
cs.LG 2504.21182
cs.LG 2504.21188
cs.LG 2504.21191
cs.LG 2504.21195
cs.LG 2504.21199
cs.LG 2504.21209
cs.LG 2504.21227
cs.LG 2504.21231
cs.LG 2504.21242
cs.LG 2504.21243
cs.LG 2504.21259
cs.LG 2504.21260
cs.LG 2504.21263
cs.LG 2504.21317
cs.LG 2504.21323
cs.LG 2504.21338
cs.LG 2504.21340
cs.LG 2504.21411
cs.LG 2504.21419
cs.LG 2504.21438
cs.LG 2504.21475
cs.LG 2504.21491
cs.LG 2504.21505
cs.LG 2504.21527
cs.LG 2504.21602
cs.LG 2504.21634
cs.LG 2504.21668
cs.LG 2504.21700
cs.LG 2504.21730
cs.LG 2504.21787
cs.LG 2504.21789
cs.LG 2504.21795
cs.LG 2504.21844
cs.LG 2504.21047
cs.LG 2504.21051
cs.LG 2504.21053
cs.LG 2504.21055
cs.LG 2504.21062
cs.LG 2504.21063
cs.LG 2504.21064
cs.LG 2504.21065
cs.LG 2504.21066
cs.LG 2504.21069
cs.LG 2504.21099
cs.LG 2504.21152
cs.LG 2504.21174
cs.LG 2504.21186
cs.LG 2504.21187
cs.LG 2504.21189
cs.LG 2504.21190
cs.LG 2504.21198
cs.LG 2504.21206
cs.LG 2504.21211
cs.LG 2504.21254
cs.LG 2504.21261
cs.LG 2504.21289
cs.LG 2504.21296
cs.LG 2504.21304
cs.LG 2504.21314
cs.LG 2504.21326
cs.LG 2504.21327
cs.LG 2504.21328
cs.LG 2504.21353
cs.LG 2504.21358
cs.LG 2504.21375
cs.LG 2504.21380
cs.LG 2504.21383
cs.LG 2504.21389
cs.LG 2504.21427
cs.LG 2504.21436
cs.LG 2504.21457
cs.LG 2504.21501
cs.LG 2504.21565
cs.LG 2504.21662
cs.LG 2504.21707
cs.LG 2504.21775
cs.LG 2504.21808
cs.LG 2411.15923
cs.LG 2504.21413
cs.LG 2505.00017
cs.LG 2505.00022
cs.LG 2505.00037
cs.LG 2505.00049
cs.LG 2505.00056
cs.LG 2505.00060
cs.LG 2505.00065
cs.LG 2505.00110
cs.LG 2505.00137
cs.LG 2505.00195
cs.LG 2505.00209
cs.LG 2505.00222
cs.LG 2505.00229
cs.LG 2505.00233
cs.LG 2505.00237
cs.LG 2505.00240
cs.LG 2505.00242
cs.LG 2505.00282
cs.LG 2505.00299
cs.LG 2505.00304
cs.LG 2505.00310
cs.LG 2505.00318
cs.LG 2505.00321
cs.LG 2505.00325
cs.LG 2505.00334
cs.LG 2505.00409
cs.LG 2505.00430
cs.LG 2505.00460
cs.LG 2505.00500
cs.LG 2505.00525
cs.LG 2505.00526
cs.LG 2505.00540
cs.LG 2505.00552
cs.LG 2505.00562
cs.LG 2505.00571
cs.LG 2505.00574
cs.LG 2505.00582
cs.LG 2505.00586
cs.LG 2505.00592
cs.LG 2505.00596
cs.LG 2505.00606
cs.LG 2505.00625
cs.LG 2505.00631
cs.LG 2505.00649
cs.LG 2505.00651
cs.LG 2505.00661
cs.LG 2505.00662
cs.LG 2505.00668
cs.LG 2505.00684
cs.LG 2505.00703
cs.LG 2505.00101
cs.LG 2505.00131
cs.LG 2505.00136
cs.LG 2505.00162
cs.LG 2505.00169
cs.LG 2505.00171
cs.LG 2505.00189
cs.LG 2505.00190
cs.LG 2505.00196
cs.LG 2505.00210
cs.LG 2505.00216
cs.LG 2505.00225
cs.LG 2505.00232
cs.LG 2505.00234
cs.LG 2505.00236
cs.LG 2505.00257
cs.LG 2505.00265
cs.LG 2505.00279
cs.LG 2505.00290
cs.LG 2505.00291
cs.LG 2505.00302
cs.LG 2505.00307
cs.LG 2505.00315
cs.LG 2505.00316
cs.LG 2505.00326
cs.LG 2505.00333
cs.LG 2505.00337
cs.LG 2505.00347
cs.LG 2505.00348
cs.LG 2505.00350
cs.LG 2505.00358
cs.LG 2505.00359
cs.LG 2505.00364
cs.LG 2505.00365
cs.LG 2505.00375
cs.LG 2505.00382
cs.LG 2505.00398
cs.LG 2505.00402
cs.LG 2505.00410
cs.LG 2505.00415
cs.LG 2505.00422
cs.LG 2505.00439
cs.LG 2505.00466
cs.LG 2505.00473
cs.LG 2505.00495
cs.LG 2505.00503
cs.LG 2505.00509
cs.LG 2505.00530
cs.LG 2505.00533
cs.LG 2505.00541
cs.LG 2505.00546
cs.LG 2505.00580
cs.LG 2505.00590
cs.LG 2505.00591
cs.LG 2505.00598
cs.LG 2505.00650
cs.LG 2505.00663
cs.LG 2505.00681
cs.LG 2505.00685
stat.CO 2504.18452
stat.CO 2504.18210
stat.CO 2504.18377
stat.CO 2504.18409
stat.CO 2504.18677
stat.CO 2504.18830
stat.CO 2504.19138
stat.CO 2504.19171
stat.CO 2504.19698
stat.CO 2504.19904
stat.CO 2504.18545
stat.CO 2504.18911
stat.CO 2504.21120
stat.CO 2504.21095
stat.CO 2505.00231
stat.CO 2505.00326
stat.CO 2505.00491
stat.CO 2505.00526
stat.CO 2505.00372
cs.SD 2504.18004
cs.SD 2504.18157
cs.SD 2504.18283
cs.SD 2504.18425
cs.SD 2504.17912
cs.SD 2504.18099
cs.SD 2504.18539
cs.SD 2504.18650
cs.SD 2504.18715
cs.SD 2504.18799
cs.SD 2504.19046
cs.SD 2504.19062
cs.SD 2504.19605
cs.SD 2504.18582
cs.SD 2504.18950
cs.SD 2504.19030
cs.SD 2504.19146
cs.SD 2504.19197
cs.SD 2504.20532
cs.SD 2504.20630
cs.SD 2504.20844
cs.SD 2504.20124
cs.SD 2504.20447
cs.SD 2504.20625
cs.SD 2504.20776
cs.SD 2504.20835
cs.SD 2504.20923
cs.SD 2504.21847
cs.SD 2504.21171
cs.SD 2504.21366
cs.SD 2505.00059
cs.SD 2505.00550
cs.SD 2505.00579
stat.TH 2504.17876
stat.TH 2504.17885
stat.TH 2504.18130
stat.TH 2504.18139
stat.TH 2504.18184
stat.TH 2504.18017
stat.TH 2504.18999
stat.TH 2504.19172
stat.TH 2504.19446
stat.TH 2504.19953
stat.TH 2504.19963
stat.TH 2504.18769
stat.TH 2504.19089
stat.TH 2504.19138
stat.TH 2504.19233
stat.TH 2504.19331
stat.TH 2504.19337
stat.TH 2504.19450
stat.TH 2504.19952
stat.TH 2504.20539
stat.TH 2504.20691
stat.TH 2504.21046
stat.TH 2504.21068
stat.TH 2504.21156
stat.TH 2504.21357
stat.TH 2504.21419
stat.TH 2504.21584
stat.TH 2504.21647
stat.TH 2504.21669
stat.TH 2504.21288
stat.TH 2504.21363
stat.TH 2504.21379
stat.TH 2504.21633
stat.TH 2504.21787
stat.TH 2505.00185
stat.TH 2505.00229
stat.TH 2505.00629
stat.TH 2505.00151
stat.TH 2505.00215
stat.TH 2505.00292
stat.TH 2505.00451
stat.TH 2505.00470
eess.IV 2504.17810
eess.IV 2504.17812
eess.IV 2504.17816
eess.IV 2504.17935
eess.IV 2504.18446
eess.IV 2504.18447
eess.IV 2504.17819
eess.IV 2504.17943
eess.IV 2504.17945
eess.IV 2504.18067
eess.IV 2504.18251
eess.IV 2504.18268
eess.IV 2504.18344
eess.IV 2504.18398
eess.IV 2504.18400
eess.IV 2504.18405
eess.IV 2504.18442
eess.IV 2504.18520
eess.IV 2504.18581
eess.IV 2504.18737
eess.IV 2504.18849
eess.IV 2504.18870
eess.IV 2504.19136
eess.IV 2504.19198
eess.IV 2504.19401
eess.IV 2504.19589
eess.IV 2504.19621
eess.IV 2504.18549
eess.IV 2504.18802
eess.IV 2504.18954
eess.IV 2504.19119
eess.IV 2504.19203
eess.IV 2504.19362
eess.IV 2504.19438
eess.IV 2504.19930
eess.IV 2504.19937
eess.IV 2504.20108
eess.IV 2504.20203
eess.IV 2504.20383
eess.IV 2504.20405
eess.IV 2504.20454
eess.IV 2504.20479
eess.IV 2504.20501
eess.IV 2504.20504
eess.IV 2504.20892
eess.IV 2504.21533
eess.IV 2504.21632
eess.IV 2504.21188
eess.IV 2504.21227
eess.IV 2504.21445
eess.IV 2504.21581
eess.IV 2504.21612
eess.IV 2504.21670
eess.IV 2504.21778
eess.IV 2505.00265
eess.IV 2505.00326
eess.IV 2505.00584
eess.IV 2505.00045
eess.IV 2505.00046
eess.IV 2505.00115
eess.IV 2505.00122
eess.IV 2505.00133
eess.IV 2505.00374
eess.IV 2505.00462
eess.IV 2505.00525
eess.IV 2505.00578
eess.IV 2505.00643
eess.IV 2505.00687
math.OC 2504.17900
math.OC 2504.18075
math.OC 2504.18208
math.OC 2504.18358
math.OC 2504.18444
math.OC 2504.17864
math.OC 2504.17949
math.OC 2504.17958
math.OC 2504.17983
math.OC 2504.18002
math.OC 2504.18232
math.OC 2504.18296
math.OC 2504.18357
math.OC 2504.18387
math.OC 2504.18436
math.OC 2504.18570
math.OC 2504.18590
math.OC 2504.18697
math.OC 2504.18710
math.OC 2504.18767
math.OC 2504.18822
math.OC 2504.18863
math.OC 2504.19026
math.OC 2504.19151
math.OC 2504.19259
math.OC 2504.19375
math.OC 2504.19497
math.OC 2504.19554
math.OC 2504.19608
math.OC 2504.19635
math.OC 2504.19933
math.OC 2504.18749
math.OC 2504.18798
math.OC 2504.18848
math.OC 2504.18941
math.OC 2504.18999
math.OC 2504.19004
math.OC 2504.19022
math.OC 2504.19114
math.OC 2504.19117
math.OC 2504.19229
math.OC 2504.19330
math.OC 2504.19400
math.OC 2504.19412
math.OC 2504.19426
math.OC 2504.19504
math.OC 2504.19629
math.OC 2504.19677
math.OC 2504.19699
math.OC 2504.19780
math.OC 2504.19796
math.OC 2504.19889
math.OC 2504.20017
math.OC 2504.20096
math.OC 2504.20233
math.OC 2504.20285
math.OC 2504.20413
math.OC 2504.20539
math.OC 2504.20575
math.OC 2504.20619
math.OC 2504.20773
math.OC 2504.20927
math.OC 2504.20053
math.OC 2504.20231
math.OC 2504.20235
math.OC 2504.20256
math.OC 2504.20259
math.OC 2504.20351
math.OC 2504.20377
math.OC 2504.20386
math.OC 2504.20453
math.OC 2504.20527
math.OC 2504.20655
math.OC 2504.20705
math.OC 2504.20790
math.OC 2504.20804
math.OC 2504.20815
math.OC 2504.20889
math.OC 2504.21060
math.OC 2504.21114
math.OC 2504.21597
math.OC 2504.21819
math.OC 2504.21150
math.OC 2504.21341
math.OC 2504.21377
math.OC 2504.21525
math.OC 2504.21693
math.OC 2504.21709
math.OC 2504.21793
math.OC 2504.21807
math.OC 2505.00044
math.OC 2505.00145
math.OC 2505.00162
math.OC 2505.00168
math.OC 2505.00213
math.OC 2505.00218
math.OC 2505.00229
math.OC 2505.00317
math.OC 2505.00529
math.OC 2505.00221
math.OC 2505.00249
math.OC 2505.00311
math.OC 2505.00349
math.OC 2505.00379
math.OC 2505.00381
math.OC 2505.00544
eess.SP 2504.17912
eess.SP 2504.17973
eess.SP 2504.18031
eess.SP 2504.18155
eess.SP 2504.18446
eess.SP 2504.18457
eess.SP 2504.18504
eess.SP 2504.18521
eess.SP 2504.17890
eess.SP 2504.17898
eess.SP 2504.18016
eess.SP 2504.18097
eess.SP 2504.18143
eess.SP 2504.18175
eess.SP 2504.18301
eess.SP 2504.18315
eess.SP 2504.18791
eess.SP 2504.18855
eess.SP 2504.18887
eess.SP 2504.19000
eess.SP 2504.19170
eess.SP 2504.19408
eess.SP 2504.19412
eess.SP 2504.19441
eess.SP 2504.19499
eess.SP 2504.19530
eess.SP 2504.19639
eess.SP 2504.19660
eess.SP 2504.18843
eess.SP 2504.18846
eess.SP 2504.18901
eess.SP 2504.18937
eess.SP 2504.19091
eess.SP 2504.19096
eess.SP 2504.19122
eess.SP 2504.19126
eess.SP 2504.19143
eess.SP 2504.19150
eess.SP 2504.19173
eess.SP 2504.19221
eess.SP 2504.19238
eess.SP 2504.19260
eess.SP 2504.19262
eess.SP 2504.19511
eess.SP 2504.19522
eess.SP 2504.19550
eess.SP 2504.19555
eess.SP 2504.19591
eess.SP 2504.19596
eess.SP 2504.19723
eess.SP 2504.19744
eess.SP 2504.19765
eess.SP 2504.19791
eess.SP 2504.19806
eess.SP 2504.19936
eess.SP 2504.20069
eess.SP 2504.20108
eess.SP 2504.20175
eess.SP 2504.20277
eess.SP 2504.20285
eess.SP 2504.20410
eess.SP 2504.20420
eess.SP 2504.20618
eess.SP 2504.20912
eess.SP 2504.20939
eess.SP 2504.20944
eess.SP 2504.20391
eess.SP 2504.20439
eess.SP 2504.20441
eess.SP 2504.20514
eess.SP 2504.20526
eess.SP 2504.20528
eess.SP 2504.20580
eess.SP 2504.20608
eess.SP 2504.20623
eess.SP 2504.20659
eess.SP 2504.20661
eess.SP 2504.20747
eess.SP 2504.20777
eess.SP 2504.21148
eess.SP 2504.21181
eess.SP 2504.21317
eess.SP 2504.21413
eess.SP 2504.21719
eess.SP 2504.21721
eess.SP 2504.21743
eess.SP 2504.21128
eess.SP 2504.21209
eess.SP 2504.21322
eess.SP 2504.21354
eess.SP 2504.21388
eess.SP 2504.21409
eess.SP 2504.21446
eess.SP 2504.21533
eess.SP 2504.21723
eess.SP 2504.21759
eess.SP 2505.00292
eess.SP 2505.00321
eess.SP 2505.00326
eess.SP 2505.00333
eess.SP 2505.00549
eess.SP 2505.00584
eess.SP 2505.00658
eess.SP 2505.00660
eess.SP 2505.00691
eess.SP 2505.00218
eess.SP 2505.00399
eess.SP 2505.00430
eess.SP 2505.00438
eess.SP 2505.00573
eess.SP 2505.00666
cs.SY 2504.17836
cs.SY 2504.17889
cs.SY 2504.18022
cs.SY 2504.18271
cs.SY 2504.18284
cs.SY 2504.18315
cs.SY 2504.18371
cs.SY 2504.18500
cs.SY 2504.18536
cs.SY 2504.17927
cs.SY 2504.17969
cs.SY 2504.18153
cs.SY 2504.18164
cs.SY 2504.18231
cs.SY 2504.18330
cs.SY 2504.18331
cs.SY 2504.18368
cs.SY 2504.18396
cs.SY 2504.18399
cs.SY 2504.18444
cs.SY 2504.18457
cs.SY 2504.18463
cs.SY 2504.18466
cs.SY 2503.06720
cs.SY 2504.18547
cs.SY 2504.18657
cs.SY 2504.18692
cs.SY 2504.18713
cs.SY 2504.18860
cs.SY 2504.18936
cs.SY 2504.18941
cs.SY 2504.19149
cs.SY 2504.19229
cs.SY 2504.19230
cs.SY 2504.19247
cs.SY 2504.19318
cs.SY 2504.19330
cs.SY 2504.19375
cs.SY 2504.19382
cs.SY 2504.19412
cs.SY 2504.19504
cs.SY 2504.19796
cs.SY 2504.19835
cs.SY 2504.19965
cs.SY 2504.18676
cs.SY 2504.18731
cs.SY 2504.18791
cs.SY 2504.18905
cs.SY 2504.18921
cs.SY 2504.18939
cs.SY 2504.18951
cs.SY 2504.19193
cs.SY 2504.19497
cs.SY 2504.19518
cs.SY 2504.19533
cs.SY 2504.19540
cs.SY 2504.19688
cs.SY 2504.19715
cs.SY 2504.19752
cs.SY 2504.19756
cs.SY 2504.19816
cs.SY 2504.19846
cs.SY 2504.19949
cs.SY 2504.19950
cs.SY 2504.20068
cs.SY 2504.20187
cs.SY 2504.20313
cs.SY 2504.20326
cs.SY 2504.20348
cs.SY 2504.20386
cs.SY 2504.20653
cs.SY 2504.20705
cs.SY 2504.20854
cs.SY 2504.20063
cs.SY 2504.20202
cs.SY 2504.20209
cs.SY 2504.20233
cs.SY 2504.20367
cs.SY 2504.20373
cs.SY 2504.20529
cs.SY 2504.20697
cs.SY 2504.20762
cs.SY 2504.20809
cs.SY 2504.20836
cs.SY 2504.20927
cs.SY 2504.20973
cs.SY 2504.21181
cs.SY 2504.21215
cs.SY 2504.21377
cs.SY 2504.21585
cs.SY 2504.21586
cs.SY 2504.21721
cs.SY 2504.21848
cs.SY 2504.21153
cs.SY 2504.21243
cs.SY 2504.21260
cs.SY 2504.21284
cs.SY 2504.21316
cs.SY 2504.21443
cs.SY 2504.21448
cs.SY 2504.21521
cs.SY 2504.21548
cs.SY 2504.21592
cs.SY 2504.21594
cs.SY 2504.21606
cs.SY 2504.21661
cs.SY 2504.21832
cs.SY 2505.00200
cs.SY 2505.00210
cs.SY 2505.00218
cs.SY 2505.00237
cs.SY 2505.00276
cs.SY 2505.00354
cs.SY 2505.00442
cs.SY 2505.00540
cs.SY 2505.00622
cs.SY 2505.00671
cs.SY 2505.00691
cs.SY 2505.00168
cs.SY 2505.00317
cs.SY 2505.00319
cs.SY 2505.00323
cs.SY 2505.00481
cs.SY 2505.00519
cs.SY 2505.00585
cs.SY 2505.00677
astro-ph.IM 2504.17839
astro-ph.IM 2504.17883
astro-ph.IM 2504.18111
astro-ph.IM 2504.18491
astro-ph.IM 2504.18534
astro-ph.IM 2504.18193
astro-ph.IM 2504.18435
astro-ph.IM 2504.18446
astro-ph.IM 2504.18485
astro-ph.IM 2504.18605
astro-ph.IM 2504.18624
astro-ph.IM 2504.18643
astro-ph.IM 2504.18680
astro-ph.IM 2504.18688
astro-ph.IM 2504.18706
astro-ph.IM 2504.18725
astro-ph.IM 2504.18726
astro-ph.IM 2504.18815
astro-ph.IM 2504.19111
astro-ph.IM 2504.19177
astro-ph.IM 2504.19416
astro-ph.IM 2504.19765
astro-ph.IM 2504.19849
astro-ph.IM 2504.19870
astro-ph.IM 2504.18630
astro-ph.IM 2504.18723
astro-ph.IM 2504.18733
astro-ph.IM 2504.18823
astro-ph.IM 2504.19559
astro-ph.IM 2504.19579
astro-ph.IM 2504.19709
astro-ph.IM 2504.20130
astro-ph.IM 2504.20132
astro-ph.IM 2504.20487
astro-ph.IM 2504.20954
astro-ph.IM 2504.20290
astro-ph.IM 2504.20424
astro-ph.IM 2504.21085
astro-ph.IM 2504.21087
astro-ph.IM 2504.21147
astro-ph.IM 2504.21148
astro-ph.IM 2504.21169
astro-ph.IM 2504.21267
astro-ph.IM 2504.21287
astro-ph.IM 2504.21763
astro-ph.IM 2504.21852
astro-ph.IM 2504.21134
astro-ph.IM 2504.21157
astro-ph.IM 2504.21393
astro-ph.IM 2504.21399
astro-ph.IM 2505.00092
astro-ph.IM 2505.00093
astro-ph.IM 2505.00097
astro-ph.IM 2505.00355
astro-ph.IM 2505.00632
astro-ph.IM 2505.00657
astro-ph.IM 2505.00040
astro-ph.IM 2505.00062
astro-ph.IM 2505.00064
nlin.AO 2504.17491
nlin.AO 2504.18250
nlin.AO 2504.19007
nlin.AO 2504.19921
nlin.AO 2504.19016
nlin.AO 2504.20418
nlin.AO 2504.20980
nlin.AO 2505.00442
nlin.SI 2504.17291
nlin.SI 2504.17294
nlin.SI 2504.17465
nlin.SI 2504.17773
nlin.SI 2504.17537
nlin.SI 2504.18475
nlin.SI 2504.18285
nlin.SI 2504.18234
nlin.SI 2504.18258
nlin.SI 2504.18542
nlin.SI 2504.18891
nlin.SI 2504.20243
nlin.SI 2504.20292
nlin.SI 2504.20515
nlin.SI 2504.21514
nlin.SI 2504.21094
nlin.SI 2504.21315
nlin.SI 2504.21359
physics.comp-ph 2504.17837
physics.comp-ph 2504.17896
physics.comp-ph 2504.18209
physics.comp-ph 2504.18473
physics.comp-ph 2504.18513
physics.comp-ph 2504.18367
physics.comp-ph 2504.18486
physics.comp-ph 2306.05975
physics.comp-ph 2312.07874
physics.comp-ph 2504.18659
physics.comp-ph 2504.18742
physics.comp-ph 2504.19048
physics.comp-ph 2504.19352
physics.comp-ph 2504.19372
physics.comp-ph 2504.19452
physics.comp-ph 2504.19515
physics.comp-ph 2504.19586
physics.comp-ph 2504.19748
physics.comp-ph 2504.19790
physics.comp-ph 2504.19890
physics.comp-ph 2504.19941
physics.comp-ph 2504.19963
physics.comp-ph 2504.19993
physics.comp-ph 2504.19065
physics.comp-ph 2504.19494
physics.comp-ph 2504.19578
physics.comp-ph 2412.07362
physics.comp-ph 2504.20137
physics.comp-ph 2504.20205
physics.comp-ph 2504.20317
physics.comp-ph 2504.20408
physics.comp-ph 2504.20504
physics.comp-ph 2504.20719
physics.comp-ph 2504.20742
physics.comp-ph 2504.20940
physics.comp-ph 2504.20980
physics.comp-ph 2504.20586
physics.comp-ph 2504.21201
physics.comp-ph 2504.21440
physics.comp-ph 2504.21663
physics.comp-ph 2504.21666
physics.comp-ph 2504.21765
physics.comp-ph 2504.21786
physics.comp-ph 2504.21837
physics.comp-ph 2504.21084
physics.comp-ph 2504.21450
physics.comp-ph 2505.00097
physics.comp-ph 2505.00222
physics.comp-ph 2505.00252
physics.comp-ph 2505.00401
physics.comp-ph 2505.00460
physics.comp-ph 2505.00529
physics.comp-ph 2505.00270
physics.comp-ph 2505.00288
physics.comp-ph 2505.00353
physics.comp-ph 2505.00376
physics.comp-ph 2505.00625
physics.comp-ph 2505.00667
physics.ins-det 2504.18263
physics.ins-det 2504.18445
physics.ins-det 2504.17933
physics.ins-det 2504.17988
physics.ins-det 2504.18831
physics.ins-det 2504.19090
physics.ins-det 2504.19875
physics.ins-det 2504.18638
physics.ins-det 2504.19042
physics.ins-det 2504.19083
physics.ins-det 2504.19236
physics.ins-det 2504.19429
physics.ins-det 2504.19708
physics.ins-det 2504.20698
physics.ins-det 2504.20796
physics.ins-det 2504.20853
physics.ins-det 2504.20057
physics.ins-det 2504.20128
physics.ins-det 2504.20341
physics.ins-det 2504.20463
physics.ins-det 2504.20755
physics.ins-det 2504.20913
physics.ins-det 2504.20918
physics.ins-det 2504.21050
physics.ins-det 2504.21417
physics.ins-det 2504.21820
physics.ins-det 2504.21123
physics.ins-det 2504.21469
physics.ins-det 2504.21524
physics.ins-det 2505.00042
physics.ins-det 2505.00053
physics.ins-det 2505.00170
math.DS 2504.17879
math.DS 2504.17986
math.DS 2504.18465
math.DS 2504.17835
math.DS 2504.17914
math.DS 2504.18011
math.DS 2504.18035
math.DS 2504.18192
math.DS 2504.18307
math.DS 2504.18438
math.DS 2504.17831
math.DS 2504.19332
math.DS 2504.19504
math.DS 2504.20002
math.DS 2504.18993
math.DS 2504.19081
math.DS 2504.19312
math.DS 2504.19704
math.DS 2504.19808
math.DS 2504.19899
math.DS 2504.19908
math.DS 2504.19993
math.DS 2504.20165
math.DS 2504.20181
math.DS 2504.20256
math.DS 2504.20375
math.DS 2504.20386
math.DS 2504.20396
math.DS 2504.20655
math.DS 2504.20718
math.DS 2504.20878
math.DS 2504.20269
math.DS 2504.20274
math.DS 2504.20280
math.DS 2504.20284
math.DS 2504.20300
math.DS 2504.20467
math.DS 2504.20503
math.DS 2504.20640
math.DS 2504.20709
math.DS 2504.20758
math.DS 2504.20881
math.DS 2504.21103
math.DS 2504.21124
math.DS 2504.21499
math.DS 2504.21722
math.DS 2504.21756
math.DS 2504.21762
math.DS 2504.21802
math.DS 2504.21006
math.DS 2504.21114
math.DS 2504.21374
math.DS 2504.21405
math.DS 2504.21493
math.DS 2504.21713
math.DS 2504.21783
math.DS 2504.21809
math.DS 2505.00108
math.DS 2505.00460
math.DS 2505.00048
math.DS 2505.00088
math.DS 2505.00146
math.DS 2505.00276
math.DS 2505.00305
math.DS 2505.00328
math.DS 2505.00577
math.PR 2504.18130
math.PR 2504.18232
math.PR 2504.18292
math.PR 2504.18409
math.PR 2504.18456
math.PR 2504.18533
math.PR 2504.17879
math.PR 2504.17885
math.PR 2504.17940
math.PR 2504.18139
math.PR 2504.18290
math.PR 2504.18370
math.PR 2504.18450
math.PR 2504.18585
math.PR 2504.18596
math.PR 2504.18686
math.PR 2504.18697
math.PR 2504.18743
math.PR 2504.18769
math.PR 2504.19134
math.PR 2504.19231
math.PR 2504.19366
math.PR 2504.19368
math.PR 2504.19588
math.PR 2504.19731
math.PR 2504.19885
math.PR 2504.19887
math.PR 2504.19928
math.PR 2504.18632
math.PR 2504.18672
math.PR 2504.18674
math.PR 2504.18739
math.PR 2504.18783
math.PR 2504.18801
math.PR 2504.18822
math.PR 2504.19153
math.PR 2504.19367
math.PR 2504.19404
math.PR 2504.19428
math.PR 2504.19553
math.PR 2504.19717
math.PR 2504.19741
math.PR 2504.19911
math.PR 2504.19942
math.PR 2504.19975
math.PR 2504.20030
math.PR 2504.20048
math.PR 2504.20400
math.PR 2504.20691
math.PR 2504.20704
math.PR 2504.20718
math.PR 2504.20721
math.PR 2504.20739
math.PR 2504.20753
math.PR 2504.20881
math.PR 2504.20539
math.PR 2504.20728
math.PR 2504.20833
math.PR 2504.20963
math.PR 2504.21098
math.PR 2504.21244
math.PR 2504.21359
math.PR 2504.21523
math.PR 2504.21599
math.PR 2504.21658
math.PR 2504.21728
math.PR 2504.21268
math.PR 2504.21293
math.PR 2504.21350
math.PR 2504.21378
math.PR 2504.21430
math.PR 2504.21455
math.PR 2504.21516
math.PR 2504.21522
math.PR 2504.21531
math.PR 2504.21576
math.PR 2504.21584
math.PR 2504.21648
math.PR 2504.21689
math.PR 2504.21714
math.PR 2504.21741
math.PR 2504.21791
math.PR 2504.21796
math.PR 2504.01310
math.PR 2505.00138
math.PR 2505.00155
math.PR 2505.00382
math.PR 2505.00451
math.PR 2505.00456
math.PR 2505.00198
math.PR 2505.00243
math.PR 2505.00277
math.PR 2505.00377
math.PR 2505.00453
math.PR 2505.00601
math.PR 2505.00621
math.PR 2505.00641
math.PR 2505.00656
cond-mat.dis-nn 2504.18077
cond-mat.dis-nn 2504.18359
cond-mat.dis-nn 2504.18366
cond-mat.dis-nn 2504.18034
cond-mat.dis-nn 2504.18552
cond-mat.dis-nn 2504.19007
cond-mat.dis-nn 2504.19378
cond-mat.dis-nn 2504.19657
cond-mat.dis-nn 2504.20134
cond-mat.dis-nn 2504.20195
cond-mat.dis-nn 2504.20197
cond-mat.dis-nn 2504.20481
cond-mat.dis-nn 2504.20861
cond-mat.dis-nn 2504.20465
cond-mat.dis-nn 2504.21666
cond-mat.dis-nn 2504.21089
cond-mat.dis-nn 2505.00087
cond-mat.dis-nn 2505.00107
cond-mat.dis-nn 2505.00252
physics.optics 2504.17907
physics.optics 2504.17944
physics.optics 2504.17973
physics.optics 2504.17976
physics.optics 2504.18063
physics.optics 2504.18120
physics.optics 2504.18187
physics.optics 2504.18205
physics.optics 2504.18512
physics.optics 2504.17869
physics.optics 2504.17980
physics.optics 2504.18124
physics.optics 2504.18145
physics.optics 2504.18195
physics.optics 2504.18341
physics.optics 2504.18374
physics.optics 2504.18389
physics.optics 2504.18418
physics.optics 2504.18470
physics.optics 2504.18775
physics.optics 2504.18813
physics.optics 2504.19520
physics.optics 2504.19615
physics.optics 2504.19748
physics.optics 2504.19987
physics.optics 2504.18548
physics.optics 2504.18653
physics.optics 2504.18661
physics.optics 2504.18670
physics.optics 2504.18675
physics.optics 2504.18789
physics.optics 2504.18803
physics.optics 2504.18809
physics.optics 2504.18833
physics.optics 2504.19160
physics.optics 2504.19166
physics.optics 2504.19278
physics.optics 2504.19358
physics.optics 2504.19465
physics.optics 2504.19477
physics.optics 2504.19501
physics.optics 2504.19564
physics.optics 2504.19573
physics.optics 2504.19692
physics.optics 2504.19788
physics.optics 2504.19875
physics.optics 2504.19923
physics.optics 2504.20242
physics.optics 2504.20302
physics.optics 2504.20394
physics.optics 2504.20590
physics.optics 2504.20716
physics.optics 2504.20853
physics.optics 2504.20309
physics.optics 2504.20331
physics.optics 2504.20401
physics.optics 2504.20416
physics.optics 2504.20512
physics.optics 2504.20516
physics.optics 2504.20537
physics.optics 2504.20696
physics.optics 2504.20702
physics.optics 2504.20724
physics.optics 2504.20727
physics.optics 2504.21041
physics.optics 2504.21306
physics.optics 2504.21573
physics.optics 2504.21754
physics.optics 2504.21758
physics.optics 2504.21229
physics.optics 2504.21262
physics.optics 2504.21290
physics.optics 2504.21369
physics.optics 2504.21424
physics.optics 2504.21453
physics.optics 2504.21746
physics.optics 2504.21753
physics.optics 2505.00120
physics.optics 2505.00220
physics.optics 2505.00244
physics.optics 2505.00464
physics.optics 2505.00542
physics.optics 2505.00224
physics.optics 2505.00235
physics.optics 2505.00238
physics.optics 2505.00352
physics.optics 2505.00371
physics.optics 2505.00396
physics.optics 2505.00408
physics.optics 2505.00471
physics.optics 2505.00597
physics.optics 2505.00609
physics.optics 2505.00613
physics.optics 2505.00655
physics.optics 2505.00678
physics.optics 2505.00691
nlin.CD 2504.17981
nlin.CD 2504.18775
nlin.CD 2504.20002
nlin.CD 2504.20689
nlin.CD 2504.20270
nlin.CD 2504.20858
nlin.CD 2504.21352
nlin.CD 2505.00068
nlin.CD 2505.00179
physics.app-ph 2504.17988
physics.app-ph 2504.18145
physics.app-ph 2504.18195
physics.app-ph 2504.18527
physics.app-ph 2504.17793
physics.app-ph 2504.18546
physics.app-ph 2504.18552
physics.app-ph 2504.18553
physics.app-ph 2504.18613
physics.app-ph 2504.18652
physics.app-ph 2504.18653
physics.app-ph 2504.18852
physics.app-ph 2504.18918
physics.app-ph 2504.18965
physics.app-ph 2504.19020
physics.app-ph 2504.19372
physics.app-ph 2504.19676
physics.app-ph 2504.19927
physics.app-ph 2504.20028
physics.app-ph 2504.18609
physics.app-ph 2504.18679
physics.app-ph 2504.18682
physics.app-ph 2504.18981
physics.app-ph 2504.19385
physics.app-ph 2504.20014
physics.app-ph 2504.20126
physics.app-ph 2504.20302
physics.app-ph 2504.20512
physics.app-ph 2504.20665
physics.app-ph 2504.20760
physics.app-ph 2504.20796
physics.app-ph 2504.20820
physics.app-ph 2504.20840
physics.app-ph 2504.20853
physics.app-ph 2504.21041
physics.app-ph 2504.21171
physics.app-ph 2504.21485
physics.app-ph 2504.21557
physics.app-ph 2504.21809
physics.app-ph 2504.21265
physics.app-ph 2504.21434
physics.app-ph 2504.21697
physics.app-ph 2505.00238
physics.app-ph 2505.00252
physics.app-ph 2505.00352
physics.app-ph 2505.00383
physics.app-ph 2505.00464
physics.app-ph 2505.00678
physics.app-ph 2505.00244
physics.app-ph 2505.00418
physics.data-an 2504.16975
physics.data-an 2504.17275
physics.data-an 2504.17701
physics.data-an 2504.17494
physics.data-an 2504.15952
physics.data-an 2208.06431
physics.data-an 2504.19963
physics.data-an 2504.19612
physics.data-an 2504.20317
physics.data-an 2504.20492
physics.data-an 2504.20750
physics.data-an 2504.21844
physics.med-ph 2504.18101
physics.med-ph 2504.18343
physics.med-ph 2504.18379
physics.med-ph 2504.18700
physics.med-ph 2504.18968
physics.med-ph 2504.19149
physics.med-ph 2504.19155
physics.med-ph 2504.19175
physics.med-ph 2504.19326
physics.med-ph 2504.19401
physics.med-ph 2504.19927
physics.med-ph 2504.20226
physics.med-ph 2504.20440
physics.med-ph 2504.20698
physics.med-ph 2504.20874
physics.med-ph 2504.21123
physics.med-ph 2504.21469
physics.med-ph 2504.21193
physics.med-ph 2504.21537
physics.med-ph 2504.21743
physics.med-ph 2504.21765
physics.med-ph 2505.00643
physics.med-ph 2505.00670
econ.TH 2504.17061
econ.TH 2504.17151
econ.TH 2504.17467
econ.TH 2504.17916
econ.TH 2504.17948
econ.TH 2504.18863
econ.TH 2504.19134
econ.TH 2504.19424
econ.TH 2504.19761
econ.TH 2504.21060
econ.TH 2504.21156
econ.TH 2504.21264
econ.TH 2504.21819
econ.TH 2505.00205
q-fin.MF 2504.13094
q-fin.MF 2504.12851
q-fin.MF 2504.16011
q-fin.MF 2504.16542
q-fin.MF 2504.18009
q-fin.MF 2504.19885
