cs.CE 2405.08565
cs.CE 2405.08566
cs.CE 2405.08602
cs.CE 2405.08200
cs.CE 2405.08232
cs.CE 2405.08406
cs.CE 2405.08542
cs.CE 2405.09592
cs.CE 2405.09783
cs.CE 2405.09654
cs.CE 2405.09932
cs.CE 2405.09941
cs.CE 2405.10077
cs.CE 2405.10135
cs.CE 2405.10327
cs.CE 2405.10679
cs.CE 2405.11081
cs.CE 2405.11401
cs.CE 2405.11414
cs.CE 2405.11601
cs.CE 2405.11868
cs.CE 2405.11210
cs.CE 2405.11596
cs.CE 2405.11752
cs.CE 2405.11960
cs.CE 2405.12229
cs.CE 2405.12934
cs.CE 2405.12803
cs.DB 2405.08315
cs.DB 2405.09529
cs.DB 2405.08839
cs.DB 2405.09593
cs.DB 2405.10045
cs.DB 2405.10235
cs.DB 2405.11706
cs.DB 2405.11191
cs.DB 2405.11299
cs.DB 2405.11419
cs.DB 2405.11529
cs.DB 2405.11988
cs.DB 2405.12350
cs.DB 2405.12358
cs.DB 2405.12497
cs.DB 2405.12511
cs.DB 2405.12709
cs.DB 2405.12871
cs.DB 2405.12881
cs.CG 2405.06143
cs.CG 2405.06205
cs.CG 2405.07946
cs.CG 2405.09157
cs.CG 2405.09204
cs.CG 2405.10050
cs.CG 2405.12945
cs.CG 2405.12949
cs.CV 2405.08920
cs.CV 2405.08981
cs.CV 2405.09049
cs.CV 2405.09077
cs.CV 2405.09286
cs.CV 2405.09298
cs.CV 2405.09353
cs.CV 2405.09472
cs.CV 2405.09530
cs.CV 2405.09539
cs.CV 2405.08890
cs.CV 2405.08909
cs.CV 2405.08911
cs.CV 2405.08932
cs.CV 2405.08961
cs.CV 2405.08991
cs.CV 2405.08992
cs.CV 2405.08996
cs.CV 2405.09006
cs.CV 2405.09024
cs.CV 2405.09032
cs.CV 2405.09041
cs.CV 2405.09045
cs.CV 2405.09050
cs.CV 2405.09054
cs.CV 2405.09056
cs.CV 2405.09059
cs.CV 2405.09083
cs.CV 2405.09114
cs.CV 2405.09125
cs.CV 2405.09131
cs.CV 2405.09138
cs.CV 2405.09148
cs.CV 2405.09150
cs.CV 2405.09152
cs.CV 2405.09194
cs.CV 2405.09215
cs.CV 2405.09247
cs.CV 2405.09266
cs.CV 2405.09288
cs.CV 2405.09291
cs.CV 2405.09321
cs.CV 2405.09333
cs.CV 2405.09334
cs.CV 2405.09342
cs.CV 2405.09355
cs.CV 2405.09365
cs.CV 2405.09403
cs.CV 2405.09404
cs.CV 2405.09409
cs.CV 2405.09426
cs.CV 2405.09431
cs.CV 2405.09459
cs.CV 2405.09463
cs.CV 2405.09487
cs.CV 2405.09544
cs.CV 2405.09546
cs.CV 2405.09552
cs.CV 2405.09558
cs.CV 2405.09586
cs.CV 2405.09589
cs.CV 2405.09594
cs.CV 2405.09600
cs.CV 2405.09601
cs.CV 2405.09695
cs.CV 2405.09711
cs.CV 2405.09716
cs.CV 2405.09787
cs.CV 2405.09798
cs.CV 2405.09814
cs.CV 2405.09820
cs.CV 2405.09851
cs.CV 2405.09864
cs.CV 2405.09959
cs.CV 2405.09990
cs.CV 2405.10004
cs.CV 2405.10020
cs.CV 2405.10068
cs.CV 2405.10246
cs.CV 2405.10254
cs.CV 2405.10262
cs.CV 2405.10292
cs.CV 2405.09550
cs.CV 2405.09582
cs.CV 2405.09588
cs.CV 2405.09682
cs.CV 2405.09697
cs.CV 2405.09707
cs.CV 2405.09713
cs.CV 2405.09717
cs.CV 2405.09755
cs.CV 2405.09777
cs.CV 2405.09782
cs.CV 2405.09789
cs.CV 2405.09806
cs.CV 2405.09827
cs.CV 2405.09828
cs.CV 2405.09858
cs.CV 2405.09863
cs.CV 2405.09873
cs.CV 2405.09874
cs.CV 2405.09879
cs.CV 2405.09880
cs.CV 2405.09882
cs.CV 2405.09883
cs.CV 2405.09902
cs.CV 2405.09922
cs.CV 2405.09923
cs.CV 2405.09924
cs.CV 2405.09931
cs.CV 2405.09933
cs.CV 2405.09934
cs.CV 2405.09942
cs.CV 2405.09955
cs.CV 2405.09964
cs.CV 2405.09976
cs.CV 2405.09981
cs.CV 2405.09985
cs.CV 2405.09996
cs.CV 2405.10008
cs.CV 2405.10014
cs.CV 2405.10030
cs.CV 2405.10037
cs.CV 2405.10041
cs.CV 2405.10046
cs.CV 2405.10053
cs.CV 2405.10075
cs.CV 2405.10082
cs.CV 2405.10122
cs.CV 2405.10132
cs.CV 2405.10140
cs.CV 2405.10148
cs.CV 2405.10160
cs.CV 2405.10175
cs.CV 2405.10185
cs.CV 2405.10244
cs.CV 2405.10255
cs.CV 2405.10256
cs.CV 2405.10266
cs.CV 2405.10272
cs.CV 2405.10286
cs.CV 2405.10300
cs.CV 2405.10305
cs.CV 2405.10314
cs.CV 2405.10316
cs.CV 2405.10317
cs.CV 2405.10320
cs.CV 2405.10497
cs.CV 2405.10531
cs.CV 2405.10550
cs.CV 2405.10561
cs.CV 2405.10691
cs.CV 2405.10702
cs.CV 2405.10705
cs.CV 2405.10723
cs.CV 2405.10754
cs.CV 2405.10803
cs.CV 2405.10833
cs.CV 2405.10870
cs.CV 2405.10939
cs.CV 2405.10347
cs.CV 2405.10357
cs.CV 2405.10370
cs.CV 2405.10398
cs.CV 2405.10423
cs.CV 2405.10439
cs.CV 2405.10444
cs.CV 2405.10456
cs.CV 2405.10489
cs.CV 2405.10504
cs.CV 2405.10508
cs.CV 2405.10518
cs.CV 2405.10529
cs.CV 2405.10530
cs.CV 2405.10554
cs.CV 2405.10557
cs.CV 2405.10567
cs.CV 2405.10575
cs.CV 2405.10577
cs.CV 2405.10589
cs.CV 2405.10591
cs.CV 2405.10598
cs.CV 2405.10610
cs.CV 2405.10612
cs.CV 2405.10674
cs.CV 2405.10690
cs.CV 2405.10696
cs.CV 2405.10707
cs.CV 2405.10718
cs.CV 2405.10736
cs.CV 2405.10739
cs.CV 2405.10748
cs.CV 2405.10802
cs.CV 2405.10832
cs.CV 2405.10842
cs.CV 2405.10864
cs.CV 2405.10868
cs.CV 2405.10871
cs.CV 2405.10879
cs.CV 2405.10885
cs.CV 2405.10913
cs.CV 2405.10934
cs.CV 2405.10950
cs.CV 2405.11029
cs.CV 2405.11064
cs.CV 2405.11133
cs.CV 2405.11176
cs.CV 2405.11273
cs.CV 2405.11289
cs.CV 2405.11295
cs.CV 2405.11298
cs.CV 2405.11301
cs.CV 2405.11320
cs.CV 2405.11326
cs.CV 2405.11386
cs.CV 2405.11492
cs.CV 2405.11533
cs.CV 2405.11598
cs.CV 2405.11640
cs.CV 2405.11659
cs.CV 2405.11708
cs.CV 2405.11829
cs.CV 2405.11880
cs.CV 2405.12171
cs.CV 2405.10946
cs.CV 2405.10947
cs.CV 2405.10948
cs.CV 2405.10949
cs.CV 2405.10951
cs.CV 2405.10952
cs.CV 2405.10954
cs.CV 2405.11021
cs.CV 2405.11067
cs.CV 2405.11112
cs.CV 2405.11126
cs.CV 2405.11129
cs.CV 2405.11145
cs.CV 2405.11151
cs.CV 2405.11154
cs.CV 2405.11158
cs.CV 2405.11165
cs.CV 2405.11180
cs.CV 2405.11190
cs.CV 2405.11205
cs.CV 2405.11236
cs.CV 2405.11240
cs.CV 2405.11252
cs.CV 2405.11270
cs.CV 2405.11276
cs.CV 2405.11286
cs.CV 2405.11293
cs.CV 2405.11315
cs.CV 2405.11336
cs.CV 2405.11337
cs.CV 2405.11338
cs.CV 2405.11345
cs.CV 2405.11351
cs.CV 2405.11437
cs.CV 2405.11442
cs.CV 2405.11448
cs.CV 2405.11467
cs.CV 2405.11468
cs.CV 2405.11473
cs.CV 2405.11476
cs.CV 2405.11478
cs.CV 2405.11481
cs.CV 2405.11483
cs.CV 2405.11487
cs.CV 2405.11491
cs.CV 2405.11493
cs.CV 2405.11494
cs.CV 2405.11496
cs.CV 2405.11498
cs.CV 2405.11501
cs.CV 2405.11511
cs.CV 2405.11523
cs.CV 2405.11526
cs.CV 2405.11536
cs.CV 2405.11551
cs.CV 2405.11564
cs.CV 2405.11574
cs.CV 2405.11582
cs.CV 2405.11614
cs.CV 2405.11616
cs.CV 2405.11618
cs.CV 2405.11621
cs.CV 2405.11629
cs.CV 2405.11643
cs.CV 2405.11655
cs.CV 2405.11675
cs.CV 2405.11677
cs.CV 2405.11682
cs.CV 2405.11685
cs.CV 2405.11690
cs.CV 2405.11732
cs.CV 2405.11754
cs.CV 2405.11757
cs.CV 2405.11765
cs.CV 2405.11770
cs.CV 2405.11793
cs.CV 2405.11794
cs.CV 2405.11809
cs.CV 2405.11814
cs.CV 2405.11822
cs.CV 2405.11823
cs.CV 2405.11837
cs.CV 2405.11846
cs.CV 2405.11850
cs.CV 2405.11852
cs.CV 2405.11862
cs.CV 2405.11867
cs.CV 2405.11894
cs.CV 2405.11903
cs.CV 2405.11905
cs.CV 2405.11913
cs.CV 2405.11914
cs.CV 2405.11921
cs.CV 2405.11936
cs.CV 2405.11971
cs.CV 2405.11976
cs.CV 2405.11977
cs.CV 2405.11978
cs.CV 2405.11985
cs.CV 2405.11993
cs.CV 2405.12003
cs.CV 2405.12006
cs.CV 2405.12018
cs.CV 2405.12057
cs.CV 2405.12069
cs.CV 2405.12070
cs.CV 2405.12105
cs.CV 2405.12107
cs.CV 2405.12110
cs.CV 2405.12114
cs.CV 2405.12126
cs.CV 2405.12139
cs.CV 2405.12150
cs.CV 2405.12175
cs.CV 2405.12200
cs.CV 2405.12202
cs.CV 2405.12211
cs.CV 2405.12217
cs.CV 2405.12218
cs.CV 2405.12221
cs.CV 2405.12222
cs.CV 2405.12223
cs.CV 2405.12224
cs.CV 2405.12255
cs.CV 2405.12265
cs.CV 2405.12299
cs.CV 2405.12318
cs.CV 2405.12357
cs.CV 2405.12367
cs.CV 2405.12399
cs.CV 2405.12456
cs.CV 2405.12584
cs.CV 2405.12663
cs.CV 2405.12725
cs.CV 2405.12821
cs.CV 2405.12842
cs.CV 2405.12872
cs.CV 2405.12895
cs.CV 2405.12963
cs.CV 2405.12247
cs.CV 2405.12313
cs.CV 2405.12328
cs.CV 2405.12369
cs.CV 2405.12419
cs.CV 2405.12420
cs.CV 2405.12447
cs.CV 2405.12460
cs.CV 2405.12461
cs.CV 2405.12476
cs.CV 2405.12477
cs.CV 2405.12487
cs.CV 2405.12490
cs.CV 2405.12503
cs.CV 2405.12505
cs.CV 2405.12509
cs.CV 2405.12512
cs.CV 2405.12523
cs.CV 2405.12531
cs.CV 2405.12533
cs.CV 2405.12538
cs.CV 2405.12540
cs.CV 2405.12543
cs.CV 2405.12556
cs.CV 2405.12601
cs.CV 2405.12607
cs.CV 2405.12633
cs.CV 2405.12646
cs.CV 2405.12648
cs.CV 2405.12661
cs.CV 2405.12676
cs.CV 2405.12681
cs.CV 2405.12695
cs.CV 2405.12705
cs.CV 2405.12708
cs.CV 2405.12710
cs.CV 2405.12713
cs.CV 2405.12721
cs.CV 2405.12724
cs.CV 2405.12728
cs.CV 2405.12736
cs.CV 2405.12742
cs.CV 2405.12752
cs.CV 2405.12757
cs.CV 2405.12759
cs.CV 2405.12781
cs.CV 2405.12784
cs.CV 2405.12789
cs.CV 2405.12791
cs.CV 2405.12796
cs.CV 2405.12806
cs.CV 2405.12833
cs.CV 2405.12850
cs.CV 2405.12853
cs.CV 2405.12861
cs.CV 2405.12864
cs.CV 2405.12875
cs.CV 2405.12891
cs.CV 2405.12914
cs.CV 2405.12927
cs.CV 2405.12930
cs.CV 2405.12944
cs.CV 2405.12970
cs.CV 2405.12971
cs.CV 2405.12978
cs.CV 2405.12979
cs.GT 2405.08956
cs.GT 2405.09356
cs.GT 2405.09406
cs.GT 2405.09811
cs.GT 2405.10206
cs.GT 2405.10622
cs.GT 2405.11421
cs.GT 2405.11746
cs.GT 2405.10997
cs.GT 2405.11000
cs.GT 2405.11517
cs.GT 2405.11873
cs.GT 2405.11889
cs.GT 2405.12016
cs.GT 2405.12414
cs.AI 2405.08834
cs.AI 2405.08838
cs.AI 2405.08839
cs.AI 2405.08842
cs.AI 2405.08843
cs.AI 2405.08848
cs.AI 2405.08852
cs.AI 2405.08888
cs.AI 2405.08932
cs.AI 2405.08944
cs.AI 2405.08961
cs.AI 2405.08965
cs.AI 2405.09037
cs.AI 2405.09049
cs.AI 2405.09056
cs.AI 2405.09081
cs.AI 2405.09086
cs.AI 2405.09109
cs.AI 2405.09111
cs.AI 2405.09118
cs.AI 2405.09125
cs.AI 2405.09215
cs.AI 2405.09220
cs.AI 2405.09221
cs.AI 2405.09223
cs.AI 2405.09224
cs.AI 2405.09266
cs.AI 2405.09276
cs.AI 2405.09279
cs.AI 2405.09291
cs.AI 2405.09293
cs.AI 2405.09300
cs.AI 2405.09308
cs.AI 2405.09321
cs.AI 2405.09334
cs.AI 2405.09341
cs.AI 2405.09355
cs.AI 2405.09395
cs.AI 2405.09396
cs.AI 2405.09439
cs.AI 2405.09444
cs.AI 2405.09459
cs.AI 2405.09477
cs.AI 2405.09496
cs.AI 2405.09507
cs.AI 2405.09528
cs.AI 2405.09529
cs.AI 2405.09543
cs.AI 2405.09545
cs.AI 2405.08989
cs.AI 2405.09190
cs.AI 2405.09292
cs.AI 2405.09415
cs.AI 2405.09521
cs.AI 2404.05388
cs.AI 2405.07393
cs.AI 2405.09549
cs.AI 2405.09550
cs.AI 2405.09552
cs.AI 2405.09553
cs.AI 2405.09556
cs.AI 2405.09561
cs.AI 2405.09563
cs.AI 2405.09567
cs.AI 2405.09572
cs.AI 2405.09580
cs.AI 2405.09585
cs.AI 2405.09586
cs.AI 2405.09588
cs.AI 2405.09589
cs.AI 2405.09591
cs.AI 2405.09592
cs.AI 2405.09593
cs.AI 2405.09595
cs.AI 2405.09596
cs.AI 2405.09597
cs.AI 2405.09598
cs.AI 2405.09600
cs.AI 2405.09602
cs.AI 2405.09605
cs.AI 2405.09637
cs.AI 2405.09657
cs.AI 2405.09673
cs.AI 2405.09679
cs.AI 2405.09688
cs.AI 2405.09689
cs.AI 2405.09691
cs.AI 2405.09708
cs.AI 2405.09713
cs.AI 2405.09719
cs.AI 2405.09744
cs.AI 2405.09765
cs.AI 2405.09770
cs.AI 2405.09781
cs.AI 2405.09783
cs.AI 2405.09784
cs.AI 2405.09798
cs.AI 2405.09802
cs.AI 2405.09806
cs.AI 2405.09848
cs.AI 2405.09857
cs.AI 2405.09863
cs.AI 2405.09878
cs.AI 2405.09879
cs.AI 2405.09882
cs.AI 2405.09886
cs.AI 2405.09901
cs.AI 2405.09902
cs.AI 2405.09909
cs.AI 2405.09933
cs.AI 2405.09934
cs.AI 2405.09935
cs.AI 2405.09939
cs.AI 2405.09972
cs.AI 2405.09980
cs.AI 2405.09990
cs.AI 2405.09999
cs.AI 2405.10025
cs.AI 2405.10027
cs.AI 2405.10040
cs.AI 2405.10045
cs.AI 2405.10075
cs.AI 2405.10082
cs.AI 2405.10084
cs.AI 2405.10093
cs.AI 2405.10102
cs.AI 2405.10128
cs.AI 2405.10129
cs.AI 2405.10134
cs.AI 2405.10160
cs.AI 2405.10215
cs.AI 2405.10216
cs.AI 2405.10218
cs.AI 2405.10260
cs.AI 2405.10262
cs.AI 2405.10271
cs.AI 2405.10272
cs.AI 2405.10286
cs.AI 2405.10288
cs.AI 2405.10295
cs.AI 2405.10299
cs.AI 2405.10301
cs.AI 2405.10305
cs.AI 2405.10310
cs.AI 2405.10315
cs.AI 2405.09711
cs.AI 2405.09763
cs.AI 2405.09794
cs.AI 2405.09875
cs.AI 2405.09893
cs.AI 2405.10292
cs.AI 2405.10313
cs.AI 2405.10322
cs.AI 2405.10329
cs.AI 2405.10343
cs.AI 2405.10345
cs.AI 2405.10346
cs.AI 2405.10347
cs.AI 2405.10348
cs.AI 2405.10350
cs.AI 2405.10369
cs.AI 2405.10376
cs.AI 2405.10378
cs.AI 2405.10385
cs.AI 2405.10391
cs.AI 2405.10426
cs.AI 2405.10436
cs.AI 2405.10446
cs.AI 2405.10448
cs.AI 2405.10449
cs.AI 2405.10460
cs.AI 2405.10476
cs.AI 2405.10481
cs.AI 2405.10490
cs.AI 2405.10497
cs.AI 2405.10516
cs.AI 2405.10529
cs.AI 2405.10542
cs.AI 2405.10570
cs.AI 2405.10581
cs.AI 2405.10589
cs.AI 2405.10597
cs.AI 2405.10608
cs.AI 2405.10611
cs.AI 2405.10621
cs.AI 2405.10624
cs.AI 2405.10625
cs.AI 2405.10629
cs.AI 2405.10630
cs.AI 2405.10632
cs.AI 2405.10645
cs.AI 2405.10647
cs.AI 2405.10659
cs.AI 2405.10674
cs.AI 2405.10679
cs.AI 2405.10700
cs.AI 2405.10713
cs.AI 2405.10714
cs.AI 2405.10739
cs.AI 2405.10745
cs.AI 2405.10746
cs.AI 2405.10762
cs.AI 2405.10767
cs.AI 2405.10812
cs.AI 2405.10852
cs.AI 2405.10853
cs.AI 2405.10861
cs.AI 2405.10877
cs.AI 2405.10890
cs.AI 2405.10893
cs.AI 2405.10918
cs.AI 2405.10925
cs.AI 2405.10936
cs.AI 2405.10938
cs.AI 2405.10939
cs.AI 2405.10467
cs.AI 2405.10469
cs.AI 2405.10536
cs.AI 2405.10620
cs.AI 2405.10729
cs.AI 2405.10768
cs.AI 2405.10883
cs.AI 2405.10948
cs.AI 2405.10957
cs.AI 2405.10970
cs.AI 2405.10973
cs.AI 2405.10974
cs.AI 2405.10976
cs.AI 2405.10986
cs.AI 2405.10987
cs.AI 2405.10988
cs.AI 2405.10989
cs.AI 2405.10991
cs.AI 2405.10992
cs.AI 2405.10995
cs.AI 2405.10997
cs.AI 2405.11002
cs.AI 2405.11007
cs.AI 2405.11008
cs.AI 2405.11011
cs.AI 2405.11013
cs.AI 2405.11024
cs.AI 2405.11029
cs.AI 2405.11053
cs.AI 2405.11055
cs.AI 2405.11067
cs.AI 2405.11106
cs.AI 2405.11109
cs.AI 2405.11139
cs.AI 2405.11145
cs.AI 2405.11151
cs.AI 2405.11154
cs.AI 2405.11195
cs.AI 2405.11198
cs.AI 2405.11206
cs.AI 2405.11225
cs.AI 2405.11238
cs.AI 2405.11265
cs.AI 2405.11272
cs.AI 2405.11277
cs.AI 2405.11281
cs.AI 2405.11282
cs.AI 2405.11318
cs.AI 2405.11331
cs.AI 2405.11333
cs.AI 2405.11338
cs.AI 2405.11344
cs.AI 2405.11345
cs.AI 2405.11347
cs.AI 2405.11380
cs.AI 2405.11397
cs.AI 2405.11401
cs.AI 2405.11402
cs.AI 2405.11403
cs.AI 2405.11422
cs.AI 2405.11451
cs.AI 2405.11457
cs.AI 2405.11461
cs.AI 2405.11464
cs.AI 2405.11470
cs.AI 2405.11473
cs.AI 2405.11476
cs.AI 2405.11504
cs.AI 2405.11525
cs.AI 2405.11531
cs.AI 2405.11537
cs.AI 2405.11551
cs.AI 2405.11559
cs.AI 2405.11574
cs.AI 2405.11577
cs.AI 2405.11597
cs.AI 2405.11598
cs.AI 2405.11612
cs.AI 2405.11618
cs.AI 2405.11619
cs.AI 2405.11629
cs.AI 2405.11655
cs.AI 2405.11656
cs.AI 2405.11657
cs.AI 2405.11669
cs.AI 2405.11675
cs.AI 2405.11704
cs.AI 2405.11722
cs.AI 2405.11724
cs.AI 2405.11739
cs.AI 2405.11740
cs.AI 2405.11758
cs.AI 2405.11778
cs.AI 2405.11783
cs.AI 2405.11784
cs.AI 2405.11800
cs.AI 2405.11802
cs.AI 2405.11809
cs.AI 2405.11814
cs.AI 2405.11816
cs.AI 2405.11837
cs.AI 2405.11848
cs.AI 2405.11865
cs.AI 2405.11868
cs.AI 2405.11870
cs.AI 2405.11877
cs.AI 2405.11880
cs.AI 2405.11881
cs.AI 2405.11891
cs.AI 2405.11919
cs.AI 2405.11928
cs.AI 2405.11937
cs.AI 2405.11967
cs.AI 2405.11968
cs.AI 2405.11978
cs.AI 2405.11982
cs.AI 2405.11983
cs.AI 2405.12001
cs.AI 2405.12070
cs.AI 2405.12119
cs.AI 2405.12150
cs.AI 2405.12163
cs.AI 2405.12179
cs.AI 2405.12183
cs.AI 2405.12202
cs.AI 2405.12217
cs.AI 2405.11070
cs.AI 2405.11100
cs.AI 2405.11120
cs.AI 2405.11143
cs.AI 2405.11181
cs.AI 2405.11250
cs.AI 2405.11273
cs.AI 2405.11284
cs.AI 2405.11305
cs.AI 2405.11346
cs.AI 2405.11412
cs.AI 2405.11421
cs.AI 2405.11458
cs.AI 2405.11640
cs.AI 2405.11647
cs.AI 2405.11706
cs.AI 2405.11715
cs.AI 2405.11746
cs.AI 2405.11766
cs.AI 2405.11841
cs.AI 2405.11911
cs.AI 2405.12035
cs.AI 2405.12147
cs.AI 2405.12205
cs.AI 2405.12222
cs.AI 2405.12229
cs.AI 2405.12241
cs.AI 2405.12250
cs.AI 2405.12252
cs.AI 2405.12261
cs.AI 2405.12262
cs.AI 2405.12266
cs.AI 2405.12299
cs.AI 2405.12354
cs.AI 2405.12390
cs.AI 2405.12391
cs.AI 2405.12399
cs.AI 2405.12421
cs.AI 2405.12438
cs.AI 2405.12442
cs.AI 2405.12450
cs.AI 2405.12452
cs.AI 2405.12458
cs.AI 2405.12461
cs.AI 2405.12462
cs.AI 2405.12463
cs.AI 2405.12473
cs.AI 2405.12475
cs.AI 2405.12486
cs.AI 2405.12489
cs.AI 2405.12502
cs.AI 2405.12512
cs.AI 2405.12514
cs.AI 2405.12519
cs.AI 2405.12523
cs.AI 2405.12543
cs.AI 2405.12604
cs.AI 2405.12612
cs.AI 2405.12617
cs.AI 2405.12628
cs.AI 2405.12630
cs.AI 2405.12633
cs.AI 2405.12648
cs.AI 2405.12656
cs.AI 2405.12658
cs.AI 2405.12689
cs.AI 2405.12701
cs.AI 2405.12711
cs.AI 2405.12712
cs.AI 2405.12750
cs.AI 2405.12754
cs.AI 2405.12755
cs.AI 2405.12774
cs.AI 2405.12775
cs.AI 2405.12779
cs.AI 2405.12807
cs.AI 2405.12819
cs.AI 2405.12832
cs.AI 2405.12849
cs.AI 2405.12868
cs.AI 2405.12881
cs.AI 2405.12884
cs.AI 2405.12900
cs.AI 2405.12910
cs.AI 2405.12923
cs.AI 2405.12933
cs.AI 2405.12951
cs.AI 2405.12954
cs.AI 2405.12961
cs.AI 2405.12236
cs.AI 2405.12368
cs.AI 2405.12433
cs.AI 2405.12541
cs.AI 2405.12621
cs.AI 2405.12654
cs.AI 2405.12716
cs.AI 2405.12785
cs.AI 2405.12862
cs.DM 2405.09011
cs.DM 2405.09146
cs.DM 2405.09236
cs.DM 2405.09304
cs.DM 2405.09393
cs.DM 2405.09644
cs.DM 2405.09656
cs.DM 2405.09746
cs.DM 2405.10763
cs.DM 2405.10789
cs.DM 2405.11409
cs.DM 2405.12013
cs.DM 2405.11424
cs.DM 2405.12293
cs.DM 2405.12371
cs.DM 2405.12410
cs.DM 2405.12906
cs.DM 2405.12945
cs.FL 2405.08645
cs.FL 2405.08171
cs.FL 2405.08988
cs.FL 2405.09183
cs.FL 2405.09208
cs.FL 2405.09396
cs.FL 2405.10296
cs.FL 2405.11657
cs.FL 2405.11308
cs.FL 2405.11849
cs.FL 2405.12350
cs.FL 2405.12921
cs.CR 2405.08834
cs.CR 2405.08920
cs.CR 2405.08962
cs.CR 2405.09176
cs.CR 2405.09264
cs.CR 2405.09306
cs.CR 2405.09398
cs.CR 2405.09470
cs.CR 2405.09084
cs.CR 2405.09090
cs.CR 2405.09191
cs.CR 2405.09205
cs.CR 2405.09230
cs.CR 2405.09318
cs.CR 2405.09412
cs.CR 2405.09465
cs.CR 2405.09550
cs.CR 2405.09786
cs.CR 2405.09805
cs.CR 2405.09902
cs.CR 2405.10096
cs.CR 2405.10220
cs.CR 2405.10274
cs.CR 2405.09662
cs.CR 2405.09721
cs.CR 2405.09757
cs.CR 2405.09916
cs.CR 2405.10051
cs.CR 2405.10131
cs.CR 2405.10612
cs.CR 2405.10678
cs.CR 2405.10757
cs.CR 2405.10373
cs.CR 2405.10376
cs.CR 2405.10521
cs.CR 2405.10543
cs.CR 2405.10758
cs.CR 2405.10880
cs.CR 2405.10906
cs.CR 2405.10970
cs.CR 2405.10989
cs.CR 2405.11002
cs.CR 2405.11419
cs.CR 2405.11547
cs.CR 2405.11575
cs.CR 2405.11608
cs.CR 2405.11724
cs.CR 2405.11767
cs.CR 2405.11916
cs.CR 2405.12085
cs.CR 2405.12121
cs.CR 2405.10979
cs.CR 2405.10986
cs.CR 2405.10994
cs.CR 2405.11035
cs.CR 2405.11041
cs.CR 2405.11109
cs.CR 2405.11135
cs.CR 2405.11141
cs.CR 2405.11227
cs.CR 2405.11245
cs.CR 2405.11247
cs.CR 2405.11258
cs.CR 2405.11316
cs.CR 2405.11335
cs.CR 2405.11341
cs.CR 2405.11350
cs.CR 2405.11353
cs.CR 2405.11368
cs.CR 2405.11440
cs.CR 2405.11456
cs.CR 2405.11497
cs.CR 2405.11580
cs.CR 2405.11607
cs.CR 2405.11713
cs.CR 2405.11876
cs.CR 2405.11885
cs.CR 2405.11987
cs.CR 2405.12042
cs.CR 2405.12043
cs.CR 2405.12076
cs.CR 2405.12104
cs.CR 2405.12115
cs.CR 2405.12177
cs.CR 2405.12187
cs.CR 2405.12197
cs.CR 2405.12553
cs.CR 2405.12561
cs.CR 2405.12266
cs.CR 2405.12322
cs.CR 2405.12336
cs.CR 2405.12347
cs.CR 2405.12384
cs.CR 2405.12469
cs.CR 2405.12494
cs.CR 2405.12513
cs.CR 2405.12550
cs.CR 2405.12719
cs.CR 2405.12725
cs.CR 2405.12750
cs.CR 2405.12751
cs.CR 2405.12786
cs.CR 2405.12852
cs.CR 2405.12951
cs.CL 2405.08839
cs.CL 2405.08932
cs.CL 2405.08944
cs.CL 2405.08989
cs.CL 2405.09006
cs.CL 2405.09220
cs.CL 2405.09395
cs.CL 2405.08888
cs.CL 2405.08997
cs.CL 2405.09017
cs.CL 2405.09055
cs.CL 2405.09153
cs.CL 2405.09186
cs.CL 2405.09221
cs.CL 2405.09223
cs.CL 2405.09250
cs.CL 2405.09279
cs.CL 2405.09293
cs.CL 2405.09300
cs.CL 2405.09335
cs.CL 2405.09341
cs.CL 2405.09373
cs.CL 2405.09439
cs.CL 2405.09454
cs.CL 2405.09482
cs.CL 2405.09496
cs.CL 2405.09507
cs.CL 2405.09508
cs.CL 2405.09589
cs.CL 2405.09673
cs.CL 2405.09711
cs.CL 2405.09713
cs.CL 2405.09798
cs.CL 2405.09806
cs.CL 2405.09893
cs.CL 2405.09983
cs.CL 2405.10020
cs.CL 2405.10051
cs.CL 2405.10211
cs.CL 2405.10213
cs.CL 2405.10266
cs.CL 2405.10292
cs.CL 2405.10313
cs.CL 2405.09605
cs.CL 2405.09679
cs.CL 2405.09719
cs.CL 2405.09733
cs.CL 2405.09735
cs.CL 2405.09744
cs.CL 2405.09765
cs.CL 2405.09770
cs.CL 2405.09805
cs.CL 2405.09818
cs.CL 2405.09848
cs.CL 2405.09854
cs.CL 2405.09857
cs.CL 2405.09913
cs.CL 2405.09935
cs.CL 2405.09939
cs.CL 2405.09948
cs.CL 2405.09980
cs.CL 2405.10025
cs.CL 2405.10040
cs.CL 2405.10121
cs.CL 2405.10128
cs.CL 2405.10129
cs.CL 2405.10133
cs.CL 2405.10138
cs.CL 2405.10150
cs.CL 2405.10166
cs.CL 2405.10202
cs.CL 2405.10212
cs.CL 2405.10251
cs.CL 2405.10260
cs.CL 2405.10276
cs.CL 2405.10288
cs.CL 2405.10426
cs.CL 2405.10584
cs.CL 2405.10597
cs.CL 2405.10700
cs.CL 2405.10718
cs.CL 2405.10745
cs.CL 2405.10938
cs.CL 2405.10385
cs.CL 2405.10431
cs.CL 2405.10440
cs.CL 2405.10443
cs.CL 2405.10452
cs.CL 2405.10457
cs.CL 2405.10474
cs.CL 2405.10485
cs.CL 2405.10492
cs.CL 2405.10516
cs.CL 2405.10517
cs.CL 2405.10523
cs.CL 2405.10542
cs.CL 2405.10548
cs.CL 2405.10579
cs.CL 2405.10587
cs.CL 2405.10616
cs.CL 2405.10625
cs.CL 2405.10626
cs.CL 2405.10629
cs.CL 2405.10630
cs.CL 2405.10637
cs.CL 2405.10650
cs.CL 2405.10659
cs.CL 2405.10689
cs.CL 2405.10702
cs.CL 2405.10714
cs.CL 2405.10725
cs.CL 2405.10738
cs.CL 2405.10741
cs.CL 2405.10808
cs.CL 2405.10860
cs.CL 2405.10861
cs.CL 2405.10893
cs.CL 2405.10918
cs.CL 2405.10936
cs.CL 2405.10974
cs.CL 2405.10989
cs.CL 2405.10999
cs.CL 2405.11009
cs.CL 2405.11029
cs.CL 2405.11070
cs.CL 2405.11093
cs.CL 2405.11100
cs.CL 2405.11106
cs.CL 2405.11109
cs.CL 2405.11143
cs.CL 2405.11157
cs.CL 2405.11181
cs.CL 2405.11227
cs.CL 2405.11273
cs.CL 2405.11424
cs.CL 2405.11441
cs.CL 2405.11459
cs.CL 2405.11461
cs.CL 2405.11582
cs.CL 2405.11640
cs.CL 2405.11685
cs.CL 2405.11783
cs.CL 2405.11817
cs.CL 2405.11880
cs.CL 2405.11919
cs.CL 2405.12035
cs.CL 2405.12107
cs.CL 2405.12119
cs.CL 2405.12147
cs.CL 2405.11014
cs.CL 2405.11030
cs.CL 2405.11039
cs.CL 2405.11040
cs.CL 2405.11055
cs.CL 2405.11083
cs.CL 2405.11086
cs.CL 2405.11117
cs.CL 2405.11125
cs.CL 2405.11162
cs.CL 2405.11178
cs.CL 2405.11192
cs.CL 2405.11197
cs.CL 2405.11200
cs.CL 2405.11212
cs.CL 2405.11215
cs.CL 2405.11219
cs.CL 2405.11222
cs.CL 2405.11255
cs.CL 2405.11264
cs.CL 2405.11265
cs.CL 2405.11277
cs.CL 2405.11282
cs.CL 2405.11290
cs.CL 2405.11297
cs.CL 2405.11301
cs.CL 2405.11357
cs.CL 2405.11403
cs.CL 2405.11407
cs.CL 2405.11422
cs.CL 2405.11430
cs.CL 2405.11446
cs.CL 2405.11464
cs.CL 2405.11465
cs.CL 2405.11519
cs.CL 2405.11524
cs.CL 2405.11559
cs.CL 2405.11575
cs.CL 2405.11577
cs.CL 2405.11579
cs.CL 2405.11597
cs.CL 2405.11613
cs.CL 2405.11622
cs.CL 2405.11637
cs.CL 2405.11668
cs.CL 2405.11724
cs.CL 2405.11775
cs.CL 2405.11804
cs.CL 2405.11819
cs.CL 2405.11865
cs.CL 2405.11870
cs.CL 2405.11874
cs.CL 2405.11877
cs.CL 2405.11891
cs.CL 2405.11897
cs.CL 2405.11904
cs.CL 2405.11912
cs.CL 2405.11937
cs.CL 2405.11941
cs.CL 2405.11942
cs.CL 2405.11950
cs.CL 2405.11966
cs.CL 2405.11983
cs.CL 2405.12021
cs.CL 2405.12055
cs.CL 2405.12059
cs.CL 2405.12063
cs.CL 2405.12081
cs.CL 2405.12084
cs.CL 2405.12100
cs.CL 2405.12109
cs.CL 2405.12130
cs.CL 2405.12163
cs.CL 2405.12174
cs.CL 2405.12206
cs.CL 2405.12209
cs.CL 2405.12250
cs.CL 2405.12368
cs.CL 2405.12438
cs.CL 2405.12564
cs.CL 2405.12705
cs.CL 2405.12712
cs.CL 2405.12715
cs.CL 2405.12775
cs.CL 2405.12856
cs.CL 2405.12875
cs.CL 2405.12981
cs.CL 2405.12363
cs.CL 2405.12413
cs.CL 2405.12434
cs.CL 2405.12468
cs.CL 2405.12522
cs.CL 2405.12528
cs.CL 2405.12532
cs.CL 2405.12579
cs.CL 2405.12591
cs.CL 2405.12604
cs.CL 2405.12612
cs.CL 2405.12617
cs.CL 2405.12619
cs.CL 2405.12630
cs.CL 2405.12656
cs.CL 2405.12669
cs.CL 2405.12689
cs.CL 2405.12701
cs.CL 2405.12744
cs.CL 2405.12788
cs.CL 2405.12801
cs.CL 2405.12819
cs.CL 2405.12884
cs.CL 2405.12900
cs.CL 2405.12910
cs.CL 2405.12915
cs.CL 2405.12929
cs.CL 2405.12933
cs.CL 2405.12939
cs.DC 2405.08944
cs.DC 2405.09033
cs.DC 2405.09037
cs.DC 2405.09157
cs.DC 2405.09276
cs.DC 2405.09394
cs.DC 2405.09409
cs.DC 2405.08819
cs.DC 2405.08882
cs.DC 2405.09173
cs.DC 2405.09398
cs.DC 2405.09423
cs.DC 2405.09490
cs.DC 2405.09531
cs.DC 2405.09746
cs.DC 2405.09892
cs.DC 2405.09903
cs.DC 2405.09975
cs.DC 2405.10096
cs.DC 2405.10123
cs.DC 2405.10271
cs.DC 2405.10057
cs.DC 2405.10058
cs.DC 2405.10249
cs.DC 2405.10506
cs.DC 2405.10853
cs.DC 2405.10788
cs.DC 2405.11065
cs.DC 2405.11089
cs.DC 2405.11316
cs.DC 2405.11341
cs.DC 2405.11350
cs.DC 2405.11368
cs.DC 2405.11440
cs.DC 2405.11580
cs.DC 2405.11608
cs.DC 2405.11667
cs.DC 2405.11811
cs.DC 2405.11884
cs.DC 2405.12046
cs.DC 2405.12182
cs.DC 2405.10968
cs.DC 2405.11062
cs.DC 2405.11182
cs.DC 2405.11183
cs.DC 2405.11281
cs.DC 2405.11658
cs.DC 2405.11836
cs.DC 2405.12052
cs.DC 2405.12079
cs.DC 2405.12117
cs.DC 2405.12120
cs.DC 2405.12236
cs.DC 2405.12322
cs.DC 2405.12582
cs.DC 2405.12590
cs.DC 2405.12678
cs.DC 2405.12852
cs.DC 2405.12311
cs.DC 2405.12431
cs.DC 2405.12520
cs.DC 2405.12525
cs.DC 2405.12635
cs.DC 2405.12894
cs.DS 2405.09157
cs.DS 2405.09393
cs.DS 2405.09525
cs.DS 2405.08927
cs.DS 2405.08931
cs.DS 2405.08938
cs.DS 2405.09011
cs.DS 2405.09141
cs.DS 2405.09338
cs.DS 2405.09784
cs.DS 2405.09859
cs.DS 2405.09920
cs.DS 2405.09975
cs.DS 2405.10167
cs.DS 2405.10238
cs.DS 2405.10253
cs.DS 2405.10789
cs.DS 2405.10933
cs.DS 2405.10378
cs.DS 2405.10506
cs.DS 2405.10556
cs.DS 2405.10824
cs.DS 2405.11454
cs.DS 2405.11713
cs.DS 2405.11873
cs.DS 2405.11889
cs.DS 2405.11475
cs.DS 2405.11639
cs.DS 2405.11671
cs.DS 2405.11986
cs.DS 2405.12034
cs.DS 2405.12152
cs.DS 2405.12410
cs.DS 2405.12439
cs.DS 2405.12497
cs.DS 2405.12906
cs.DS 2405.12952
cs.DS 2405.12958
cs.DS 2405.12252
cs.DS 2405.12293
cs.DS 2405.12371
cs.DS 2405.12678
cs.DS 2405.12765
cs.DS 2405.12876
cs.GR 2405.09431
cs.GR 2405.09522
cs.GR 2405.09574
cs.GR 2405.10316
cs.GR 2405.10317
cs.GR 2405.09672
cs.GR 2405.09801
cs.GR 2405.09814
cs.GR 2405.10565
cs.GR 2405.10960
cs.GR 2405.11126
cs.GR 2405.10953
cs.GR 2405.11056
cs.GR 2405.11098
cs.GR 2405.11694
cs.GR 2405.12460
cs.GR 2405.12484
cs.GR 2405.12663
cs.GR 2405.12895
cs.GR 2405.12964
cs.IR 2405.08830
cs.IR 2405.08852
cs.IR 2405.09334
cs.IR 2405.09543
cs.IR 2405.09042
cs.IR 2405.09306
cs.IR 2405.09369
cs.IR 2405.10024
cs.IR 2405.10233
cs.IR 2405.10248
cs.IR 2405.09638
cs.IR 2405.10232
cs.IR 2405.10311
cs.IR 2405.10385
cs.IR 2405.10490
cs.IR 2405.10587
cs.IR 2405.10725
cs.IR 2405.10918
cs.IR 2405.10421
cs.IR 2405.10436
cs.IR 2405.10512
cs.IR 2405.10596
cs.IR 2405.10681
cs.IR 2405.10700
cs.IR 2405.10835
cs.IR 2405.11496
cs.IR 2405.11517
cs.IR 2405.11706
cs.IR 2405.11724
cs.IR 2405.11868
cs.IR 2405.12035
cs.IR 2405.12038
cs.IR 2405.12207
cs.IR 2405.10974
cs.IR 2405.11053
cs.IR 2405.11272
cs.IR 2405.11441
cs.IR 2405.11461
cs.IR 2405.11531
cs.IR 2405.11612
cs.IR 2405.11764
cs.IR 2405.11791
cs.IR 2405.11967
cs.IR 2405.12119
cs.IR 2405.12480
cs.IR 2405.12497
cs.IR 2405.12801
cs.IR 2405.12934
cs.IR 2405.12327
cs.IR 2405.12442
cs.IR 2405.12473
cs.IR 2405.12486
cs.IR 2405.12706
cs.IR 2405.12715
cs.IR 2405.12840
cs.IR 2405.12847
cs.IR 2405.12865
cs.IR 2405.12892
cs.IR 2405.12923
cs.CC 2405.09011
cs.CC 2405.09457
cs.CC 2405.10238
cs.CC 2405.10277
cs.CC 2405.10297
cs.CC 2405.10930
cs.CC 2405.10933
cs.CC 2405.10546
cs.CC 2405.10774
cs.CC 2405.11155
cs.CC 2405.12085
cs.CC 2405.11699
cs.CC 2405.12555
cs.CC 2405.12583
cs.AR 2405.08982
cs.AR 2405.10170
cs.AR 2405.10780
cs.AR 2405.10941
cs.AR 2405.10480
cs.AR 2405.11353
cs.AR 2405.11425
cs.AR 2405.11607
cs.AR 2405.11844
cs.AR 2405.12089
cs.AR 2405.12633
cs.AR 2405.12304
cs.AR 2405.12849
cs.NA 2405.08971
cs.NA 2405.09203
cs.NA 2405.09285
cs.NA 2405.08904
cs.NA 2405.09005
cs.NA 2405.09233
cs.NA 2405.09324
cs.NA 2405.09328
cs.NA 2405.09367
cs.NA 2405.09400
cs.NA 2405.09408
cs.NA 2405.09414
cs.NA 2405.09424
cs.NA 2405.09447
cs.NA 2405.09752
cs.NA 2405.09826
cs.NA 2405.09992
cs.NA 2405.10263
cs.NA 2405.09835
cs.NA 2405.09952
cs.NA 2405.10146
cs.NA 2405.10399
cs.NA 2405.10438
cs.NA 2405.10563
cs.NA 2405.10916
cs.NA 2405.10390
cs.NA 2405.10392
cs.NA 2405.10402
cs.NA 2405.10410
cs.NA 2405.10465
cs.NA 2405.10479
cs.NA 2405.10505
cs.NA 2405.10572
cs.NA 2405.10708
cs.NA 2405.10722
cs.NA 2405.10751
cs.NA 2405.10923
cs.NA 2311.11317
cs.NA 2405.11063
cs.NA 2405.11081
cs.NA 2405.11095
cs.NA 2405.11179
cs.NA 2405.11314
cs.NA 2405.12114
cs.NA 2405.12182
cs.NA 2405.11071
cs.NA 2405.11123
cs.NA 2405.11167
cs.NA 2405.11168
cs.NA 2405.11203
cs.NA 2405.11223
cs.NA 2405.11339
cs.NA 2405.11363
cs.NA 2405.11451
cs.NA 2405.11469
cs.NA 2405.11588
cs.NA 2405.11744
cs.NA 2405.11847
cs.NA 2405.11915
cs.NA 2405.11939
cs.NA 2405.11962
cs.NA 2405.11984
cs.NA 2405.12446
cs.NA 2405.12655
cs.NA 2405.12676
cs.NA 2405.12823
cs.NA 2405.12925
cs.NA 2405.12301
cs.NA 2405.12383
cs.NA 2405.12524
cs.NA 2405.12562
cs.NA 2405.12624
cs.NA 2405.12729
cs.NA 2405.12814
cs.NA 2405.12848
cs.IT 2405.09079
cs.IT 2405.09254
cs.IT 2405.09283
cs.IT 2405.09304
cs.IT 2405.09455
cs.IT 2405.09514
cs.IT 2405.09523
cs.IT 2405.09525
cs.IT 2405.09010
cs.IT 2405.09200
cs.IT 2405.09207
cs.IT 2405.09309
cs.IT 2405.09336
cs.IT 2405.09425
cs.IT 2405.09443
cs.IT 2405.09497
cs.IT 2405.09534
cs.IT 2405.07393
cs.IT 2405.09554
cs.IT 2405.09556
cs.IT 2405.09909
cs.IT 2405.09915
cs.IT 2405.09746
cs.IT 2405.09753
cs.IT 2405.09905
cs.IT 2405.09914
cs.IT 2405.09928
cs.IT 2405.09944
cs.IT 2405.09951
cs.IT 2405.10007
cs.IT 2405.10124
cs.IT 2405.10622
cs.IT 2405.10648
cs.IT 2405.10754
cs.IT 2405.10817
cs.IT 2405.10930
cs.IT 2405.10447
cs.IT 2405.10496
cs.IT 2405.10514
cs.IT 2405.10695
cs.IT 2405.10814
cs.IT 2405.11195
cs.IT 2405.11493
cs.IT 2405.11684
cs.IT 2405.12011
cs.IT 2405.12046
cs.IT 2405.12109
cs.IT 2405.11072
cs.IT 2405.11089
cs.IT 2405.11405
cs.IT 2405.11520
cs.IT 2405.11541
cs.IT 2405.11563
cs.IT 2405.11714
cs.IT 2405.11734
cs.IT 2405.11818
cs.IT 2405.11883
cs.IT 2405.11996
cs.IT 2405.12026
cs.IT 2405.12073
cs.IT 2405.12155
cs.IT 2405.12168
cs.IT 2405.12203
cs.IT 2405.12308
cs.IT 2405.12807
cs.IT 2405.12894
cs.IT 2405.12937
cs.IT 2405.12245
cs.IT 2405.12432
cs.IT 2405.12747
cs.PL 2405.09213
cs.PL 2405.09232
cs.PL 2405.08965
cs.PL 2405.09391
cs.PL 2405.10060
cs.PL 2405.10089
cs.PL 2405.10611
cs.PL 2405.10924
cs.PL 2405.10499
cs.PL 2405.10661
cs.PL 2405.10801
cs.PL 2405.11244
cs.PL 2405.11267
cs.PL 2405.11128
cs.PL 2405.11361
cs.PL 2405.11535
cs.PL 2405.12513
cs.PL 2405.12697
cs.PL 2405.12507
cs.PL 2405.12586
cs.PL 2405.12699
cs.PL 2405.12841
cs.PL 2405.12976
cs.OS 2405.03883
cs.OS 2405.04437
cs.OS 2405.04036
cs.OS 2405.06085
cs.OS 2405.08187
cs.OS 2405.09213
cs.OS 2405.12079
cs.LO 2405.08863
cs.LO 2405.09146
cs.LO 2405.09391
cs.LO 2405.09396
cs.LO 2405.09281
cs.LO 2405.09504
cs.LO 2405.10045
cs.LO 2405.10055
cs.LO 2405.10215
cs.LO 2405.09946
cs.LO 2405.10094
cs.LO 2405.10099
cs.LO 2405.10149
cs.LO 2405.10152
cs.LO 2405.10308
cs.LO 2309.07806
cs.LO 2405.10924
cs.LO 2405.10611
cs.LO 2405.10887
cs.LO 2405.10894
cs.LO 2405.10912
cs.LO 2405.11657
cs.LO 2405.11706
cs.LO 2405.12104
cs.LO 2405.11073
cs.LO 2405.11085
cs.LO 2405.11267
cs.LO 2405.11327
cs.LO 2405.11418
cs.LO 2405.11308
cs.LO 2405.12358
cs.LO 2405.12654
cs.LO 2405.12917
cs.LO 2405.12426
cs.LO 2405.12551
cs.LO 2405.12700
cs.LO 2405.12882
cs.LG 2405.04363
cs.LG 2405.08825
cs.LG 2405.08839
cs.LG 2405.08888
cs.LG 2405.08911
cs.LG 2405.08958
cs.LG 2405.08961
cs.LG 2405.08975
cs.LG 2405.08981
cs.LG 2405.08989
cs.LG 2405.08999
cs.LG 2405.09004
cs.LG 2405.09005
cs.LG 2405.09052
cs.LG 2405.09062
cs.LG 2405.09106
cs.LG 2405.09109
cs.LG 2405.09118
cs.LG 2405.09153
cs.LG 2405.09212
cs.LG 2405.09221
cs.LG 2405.09224
cs.LG 2405.09244
cs.LG 2405.09247
cs.LG 2405.09318
cs.LG 2405.09321
cs.LG 2405.09324
cs.LG 2405.09362
cs.LG 2405.09412
cs.LG 2405.09470
cs.LG 2405.09493
cs.LG 2405.09508
cs.LG 2405.09514
cs.LG 2405.09516
cs.LG 2405.09522
cs.LG 2405.09525
cs.LG 2405.09529
cs.LG 2405.09530
cs.LG 2405.09535
cs.LG 2405.09536
cs.LG 2405.09541
cs.LG 2405.09542
cs.LG 2405.09543
cs.LG 2405.09545
cs.LG 2405.08834
cs.LG 2405.08842
cs.LG 2405.08843
cs.LG 2405.08852
cs.LG 2405.08886
cs.LG 2405.08892
cs.LG 2405.08917
cs.LG 2405.08920
cs.LG 2405.08921
cs.LG 2405.08944
cs.LG 2405.08967
cs.LG 2405.08969
cs.LG 2405.08971
cs.LG 2405.08973
cs.LG 2405.08979
cs.LG 2405.09014
cs.LG 2405.09021
cs.LG 2405.09037
cs.LG 2405.09039
cs.LG 2405.09049
cs.LG 2405.09057
cs.LG 2405.09061
cs.LG 2405.09076
cs.LG 2405.09086
cs.LG 2405.09096
cs.LG 2405.09113
cs.LG 2405.09133
cs.LG 2405.09176
cs.LG 2405.09204
cs.LG 2405.09220
cs.LG 2405.09251
cs.LG 2405.09273
cs.LG 2405.09274
cs.LG 2405.09276
cs.LG 2405.09285
cs.LG 2405.09296
cs.LG 2405.09305
cs.LG 2405.09308
cs.LG 2405.09312
cs.LG 2405.09360
cs.LG 2405.09394
cs.LG 2405.09453
cs.LG 2405.09477
cs.LG 2405.09483
cs.LG 2405.09492
cs.LG 2404.05388
cs.LG 2405.09557
cs.LG 2405.09558
cs.LG 2405.09559
cs.LG 2405.09560
cs.LG 2405.09561
cs.LG 2405.09562
cs.LG 2405.09563
cs.LG 2405.09564
cs.LG 2405.09565
cs.LG 2405.09566
cs.LG 2405.09567
cs.LG 2405.09568
cs.LG 2405.09569
cs.LG 2405.09570
cs.LG 2405.09584
cs.LG 2405.09588
cs.LG 2405.09594
cs.LG 2405.09605
cs.LG 2405.09637
cs.LG 2405.09638
cs.LG 2405.09660
cs.LG 2405.09688
cs.LG 2405.09707
cs.LG 2405.09719
cs.LG 2405.09747
cs.LG 2405.09787
cs.LG 2405.09802
cs.LG 2405.09806
cs.LG 2405.09819
cs.LG 2405.09827
cs.LG 2405.09831
cs.LG 2405.09841
cs.LG 2405.09858
cs.LG 2405.09866
cs.LG 2405.09901
cs.LG 2405.09927
cs.LG 2405.09960
cs.LG 2405.09997
cs.LG 2405.10004
cs.LG 2405.10020
cs.LG 2405.10025
cs.LG 2405.10040
cs.LG 2405.10102
cs.LG 2405.10126
cs.LG 2405.10221
cs.LG 2405.10229
cs.LG 2405.10231
cs.LG 2405.10243
cs.LG 2405.10254
cs.LG 2405.10264
cs.LG 2405.10267
cs.LG 2405.10284
cs.LG 2405.10292
cs.LG 2405.10301
cs.LG 2405.10302
cs.LG 2405.10313
cs.LG 2405.10315
cs.LG 2405.09579
cs.LG 2405.09580
cs.LG 2405.09585
cs.LG 2405.09589
cs.LG 2405.09591
cs.LG 2405.09592
cs.LG 2405.09596
cs.LG 2405.09597
cs.LG 2405.09598
cs.LG 2405.09600
cs.LG 2405.09602
cs.LG 2405.09673
cs.LG 2405.09689
cs.LG 2405.09742
cs.LG 2405.09756
cs.LG 2405.09771
cs.LG 2405.09781
cs.LG 2405.09783
cs.LG 2405.09784
cs.LG 2405.09786
cs.LG 2405.09798
cs.LG 2405.09800
cs.LG 2405.09817
cs.LG 2405.09820
cs.LG 2405.09821
cs.LG 2405.09838
cs.LG 2405.09839
cs.LG 2405.09878
cs.LG 2405.09886
cs.LG 2405.09892
cs.LG 2405.09903
cs.LG 2405.09909
cs.LG 2405.09911
cs.LG 2405.09972
cs.LG 2405.09983
cs.LG 2405.09999
cs.LG 2405.10006
cs.LG 2405.10024
cs.LG 2405.10027
cs.LG 2405.10054
cs.LG 2405.10093
cs.LG 2405.10096
cs.LG 2405.10123
cs.LG 2405.10143
cs.LG 2405.10190
cs.LG 2405.10210
cs.LG 2405.10215
cs.LG 2405.10216
cs.LG 2405.10218
cs.LG 2405.10262
cs.LG 2405.10263
cs.LG 2405.10271
cs.LG 2405.10299
cs.LG 2405.10310
cs.LG 2405.09993
cs.LG 2405.10345
cs.LG 2405.10348
cs.LG 2405.10360
cs.LG 2405.10369
cs.LG 2405.10372
cs.LG 2405.10377
cs.LG 2405.10378
cs.LG 2405.10385
cs.LG 2405.10389
cs.LG 2405.10392
cs.LG 2405.10399
cs.LG 2405.10414
cs.LG 2405.10442
cs.LG 2405.10443
cs.LG 2405.10452
cs.LG 2405.10469
cs.LG 2405.10480
cs.LG 2405.10490
cs.LG 2405.10492
cs.LG 2405.10512
cs.LG 2405.10536
cs.LG 2405.10552
cs.LG 2405.10612
cs.LG 2405.10616
cs.LG 2405.10625
cs.LG 2405.10750
cs.LG 2405.10762
cs.LG 2405.10779
cs.LG 2405.10780
cs.LG 2405.10799
cs.LG 2405.10802
cs.LG 2405.10814
cs.LG 2405.10815
cs.LG 2405.10817
cs.LG 2405.10825
cs.LG 2405.10828
cs.LG 2405.10864
cs.LG 2405.10897
cs.LG 2405.10918
cs.LG 2405.10925
cs.LG 2405.10930
cs.LG 2405.10933
cs.LG 2405.10944
cs.LG 2405.10346
cs.LG 2405.10350
cs.LG 2405.10375
cs.LG 2405.10425
cs.LG 2405.10426
cs.LG 2405.10481
cs.LG 2405.10513
cs.LG 2405.10515
cs.LG 2405.10531
cs.LG 2405.10563
cs.LG 2405.10581
cs.LG 2405.10584
cs.LG 2405.10597
cs.LG 2405.10608
cs.LG 2405.10618
cs.LG 2405.10621
cs.LG 2405.10624
cs.LG 2405.10633
cs.LG 2405.10642
cs.LG 2405.10647
cs.LG 2405.10658
cs.LG 2405.10679
cs.LG 2405.10706
cs.LG 2405.10745
cs.LG 2405.10757
cs.LG 2405.10800
cs.LG 2405.10822
cs.LG 2405.10852
cs.LG 2405.10853
cs.LG 2405.10877
cs.LG 2405.10924
cs.LG 2405.10927
cs.LG 2405.10928
cs.LG 2405.10938
cs.LG 2405.10939
cs.LG 2405.10951
cs.LG 2405.10957
cs.LG 2405.10959
cs.LG 2405.10968
cs.LG 2405.10973
cs.LG 2405.10974
cs.LG 2405.10986
cs.LG 2405.11000
cs.LG 2405.11056
cs.LG 2405.11070
cs.LG 2405.11079
cs.LG 2405.11083
cs.LG 2405.11106
cs.LG 2405.11117
cs.LG 2405.11120
cs.LG 2405.11126
cs.LG 2405.11139
cs.LG 2405.11143
cs.LG 2405.11179
cs.LG 2405.11191
cs.LG 2405.11208
cs.LG 2405.11211
cs.LG 2405.11237
cs.LG 2405.11242
cs.LG 2405.11255
cs.LG 2405.11264
cs.LG 2405.11277
cs.LG 2405.11295
cs.LG 2405.11299
cs.LG 2405.11377
cs.LG 2405.11401
cs.LG 2405.11404
cs.LG 2405.11413
cs.LG 2405.11422
cs.LG 2405.11427
cs.LG 2405.11446
cs.LG 2405.11457
cs.LG 2405.11464
cs.LG 2405.11494
cs.LG 2405.11498
cs.LG 2405.11519
cs.LG 2405.11547
cs.LG 2405.11574
cs.LG 2405.11580
cs.LG 2405.11622
cs.LG 2405.11643
cs.LG 2405.11647
cs.LG 2405.11659
cs.LG 2405.11677
cs.LG 2405.11715
cs.LG 2405.11729
cs.LG 2405.11746
cs.LG 2405.11751
cs.LG 2405.11752
cs.LG 2405.11766
cs.LG 2405.11769
cs.LG 2405.11775
cs.LG 2405.11780
cs.LG 2405.11785
cs.LG 2405.11795
cs.LG 2405.11802
cs.LG 2405.11819
cs.LG 2405.11831
cs.LG 2405.11848
cs.LG 2405.11867
cs.LG 2405.11877
cs.LG 2405.11911
cs.LG 2405.11922
cs.LG 2405.11932
cs.LG 2405.11937
cs.LG 2405.11950
cs.LG 2405.11955
cs.LG 2405.12016
cs.LG 2405.12052
cs.LG 2405.12085
cs.LG 2405.12126
cs.LG 2405.12130
cs.LG 2405.12150
cs.LG 2405.12203
cs.LG 2405.12205
cs.LG 2405.12206
cs.LG 2405.12213
cs.LG 2405.12217
cs.LG 2405.12221
cs.LG 2405.10970
cs.LG 2405.10976
cs.LG 2405.10987
cs.LG 2405.10988
cs.LG 2405.10989
cs.LG 2405.10991
cs.LG 2405.10992
cs.LG 2405.10995
cs.LG 2405.10999
cs.LG 2405.11002
cs.LG 2405.11007
cs.LG 2405.11008
cs.LG 2405.11013
cs.LG 2405.11024
cs.LG 2405.11029
cs.LG 2405.11034
cs.LG 2405.11059
cs.LG 2405.11095
cs.LG 2405.11124
cs.LG 2405.11157
cs.LG 2405.11171
cs.LG 2405.11188
cs.LG 2405.11195
cs.LG 2405.11204
cs.LG 2405.11206
cs.LG 2405.11226
cs.LG 2405.11230
cs.LG 2405.11238
cs.LG 2405.11275
cs.LG 2405.11280
cs.LG 2405.11311
cs.LG 2405.11318
cs.LG 2405.11320
cs.LG 2405.11326
cs.LG 2405.11331
cs.LG 2405.11333
cs.LG 2405.11344
cs.LG 2405.11349
cs.LG 2405.11372
cs.LG 2405.11383
cs.LG 2405.11389
cs.LG 2405.11397
cs.LG 2405.11416
cs.LG 2405.11417
cs.LG 2405.11431
cs.LG 2405.11432
cs.LG 2405.11449
cs.LG 2405.11454
cs.LG 2405.11470
cs.LG 2405.11500
cs.LG 2405.11525
cs.LG 2405.11530
cs.LG 2405.11533
cs.LG 2405.11542
cs.LG 2405.11548
cs.LG 2405.11566
cs.LG 2405.11573
cs.LG 2405.11590
cs.LG 2405.11601
cs.LG 2405.11605
cs.LG 2405.11619
cs.LG 2405.11633
cs.LG 2405.11651
cs.LG 2405.11657
cs.LG 2405.11667
cs.LG 2405.11669
cs.LG 2405.11672
cs.LG 2405.11683
cs.LG 2405.11684
cs.LG 2405.11696
cs.LG 2405.11703
cs.LG 2405.11704
cs.LG 2405.11708
cs.LG 2405.11718
cs.LG 2405.11727
cs.LG 2405.11730
cs.LG 2405.11739
cs.LG 2405.11740
cs.LG 2405.11743
cs.LG 2405.11756
cs.LG 2405.11758
cs.LG 2405.11762
cs.LG 2405.11778
cs.LG 2405.11783
cs.LG 2405.11784
cs.LG 2405.11788
cs.LG 2405.11801
cs.LG 2405.11811
cs.LG 2405.11821
cs.LG 2405.11828
cs.LG 2405.11829
cs.LG 2405.11868
cs.LG 2405.11880
cs.LG 2405.11881
cs.LG 2405.11884
cs.LG 2405.11895
cs.LG 2405.11907
cs.LG 2405.11916
cs.LG 2405.11919
cs.LG 2405.11930
cs.LG 2405.11951
cs.LG 2405.11958
cs.LG 2405.11968
cs.LG 2405.11982
cs.LG 2405.12001
cs.LG 2405.12038
cs.LG 2405.12046
cs.LG 2405.12087
cs.LG 2405.12094
cs.LG 2405.12096
cs.LG 2405.12122
cs.LG 2405.12179
cs.LG 2405.12183
cs.LG 2405.12186
cs.LG 2405.12207
cs.LG 2405.12225
cs.LG 2405.12234
cs.LG 2405.12236
cs.LG 2405.12244
cs.LG 2405.12258
cs.LG 2405.12266
cs.LG 2405.12300
cs.LG 2405.12309
cs.LG 2405.12317
cs.LG 2405.12327
cs.LG 2405.12354
cs.LG 2405.12356
cs.LG 2405.12377
cs.LG 2405.12384
cs.LG 2405.12386
cs.LG 2405.12390
cs.LG 2405.12419
cs.LG 2405.12424
cs.LG 2405.12456
cs.LG 2405.12463
cs.LG 2405.12522
cs.LG 2405.12531
cs.LG 2405.12553
cs.LG 2405.12573
cs.LG 2405.12584
cs.LG 2405.12612
cs.LG 2405.12666
cs.LG 2405.12684
cs.LG 2405.12705
cs.LG 2405.12716
cs.LG 2405.12754
cs.LG 2405.12781
cs.LG 2405.12783
cs.LG 2405.12800
cs.LG 2405.12801
cs.LG 2405.12840
cs.LG 2405.12843
cs.LG 2405.12847
cs.LG 2405.12856
cs.LG 2405.12892
cs.LG 2405.12894
cs.LG 2405.12910
cs.LG 2405.12930
cs.LG 2405.12933
cs.LG 2405.12940
cs.LG 2405.12946
cs.LG 2405.12957
cs.LG 2405.12963
cs.LG 2405.12965
cs.LG 2405.12228
cs.LG 2405.12235
cs.LG 2405.12237
cs.LG 2405.12241
cs.LG 2405.12250
cs.LG 2405.12259
cs.LG 2405.12261
cs.LG 2405.12262
cs.LG 2405.12264
cs.LG 2405.12295
cs.LG 2405.12299
cs.LG 2405.12308
cs.LG 2405.12312
cs.LG 2405.12319
cs.LG 2405.12326
cs.LG 2405.12340
cs.LG 2405.12353
cs.LG 2405.12355
cs.LG 2405.12372
cs.LG 2405.12380
cs.LG 2405.12382
cs.LG 2405.12387
cs.LG 2405.12398
cs.LG 2405.12399
cs.LG 2405.12412
cs.LG 2405.12421
cs.LG 2405.12427
cs.LG 2405.12439
cs.LG 2405.12443
cs.LG 2405.12452
cs.LG 2405.12459
cs.LG 2405.12462
cs.LG 2405.12465
cs.LG 2405.12474
cs.LG 2405.12475
cs.LG 2405.12489
cs.LG 2405.12493
cs.LG 2405.12500
cs.LG 2405.12502
cs.LG 2405.12519
cs.LG 2405.12521
cs.LG 2405.12590
cs.LG 2405.12615
cs.LG 2405.12638
cs.LG 2405.12658
cs.LG 2405.12711
cs.LG 2405.12739
cs.LG 2405.12755
cs.LG 2405.12756
cs.LG 2405.12774
cs.LG 2405.12779
cs.LG 2405.12802
cs.LG 2405.12807
cs.LG 2405.12832
cs.LG 2405.12868
cs.LG 2405.12888
cs.LG 2405.12926
cs.LG 2405.12952
cs.LG 2405.12954
cs.LG 2405.12958
cs.LG 2405.12961
cs.LG 2405.12969
cs.LG 2405.12981
cs.PF 2405.08819
cs.PF 2405.09464
cs.PF 2405.10166
cs.PF 2405.10310
cs.PF 2405.10679
cs.PF 2405.11062
cs.PF 2405.12034
cs.PF 2405.11425
cs.PF 2405.11927
cs.PF 2405.12525
cs.SE 2405.09115
cs.SE 2405.09255
cs.SE 2405.09398
cs.SE 2405.08848
cs.SE 2405.09074
cs.SE 2405.09075
cs.SE 2405.09112
cs.SE 2405.09132
cs.SE 2405.09165
cs.SE 2405.09178
cs.SE 2405.09181
cs.SE 2405.09269
cs.SE 2405.09314
cs.SE 2405.09330
cs.SE 2405.10210
cs.SE 2405.09645
cs.SE 2405.09657
cs.SE 2405.09819
cs.SE 2405.09895
cs.SE 2405.09965
cs.SE 2405.10060
cs.SE 2405.10220
cs.SE 2405.10243
cs.SE 2405.10350
cs.SE 2405.10467
cs.SE 2405.10476
cs.SE 2405.10473
cs.SE 2405.10511
cs.SE 2405.10845
cs.SE 2405.10849
cs.SE 2405.10891
cs.SE 2405.10902
cs.SE 2405.11065
cs.SE 2405.11128
cs.SE 2405.11130
cs.SE 2405.11141
cs.SE 2405.11529
cs.SE 2405.10973
cs.SE 2405.11196
cs.SE 2405.11233
cs.SE 2405.11294
cs.SE 2405.11347
cs.SE 2405.11466
cs.SE 2405.11514
cs.SE 2405.11581
cs.SE 2405.11825
cs.SE 2405.11965
cs.SE 2405.12132
cs.SE 2405.12171
cs.SE 2405.12195
cs.SE 2405.12426
cs.SE 2405.12841
cs.SE 2405.12852
cs.SE 2405.12333
cs.SE 2405.12385
cs.SE 2405.12450
cs.SE 2405.12491
cs.SE 2405.12582
cs.SE 2405.12641
cs.SE 2405.12712
cs.SE 2405.12731
cs.SE 2405.12766
cs.SE 2405.12920
cs.MA 2405.09014
cs.MA 2405.09118
cs.MA 2405.08830
cs.MA 2405.09763
cs.MA 2405.09843
cs.MA 2405.10672
cs.MA 2405.11414
cs.MA 2405.11746
cs.MA 2405.11778
cs.MA 2405.11873
cs.MA 2405.11106
cs.MA 2405.11995
cs.MA 2405.11998
cs.MA 2405.12236
cs.MA 2405.12716
cs.MA 2405.12732
cs.NI 2405.08843
cs.NI 2405.09034
cs.NI 2405.09205
cs.NI 2405.09230
cs.NI 2405.09412
cs.NI 2405.09497
cs.NI 2405.08976
cs.NI 2405.09264
cs.NI 2405.09344
cs.NI 2405.09442
cs.NI 2405.09499
cs.NI 2405.09564
cs.NI 2405.09565
cs.NI 2405.09662
cs.NI 2405.09860
cs.NI 2405.09861
cs.NI 2405.09862
cs.NI 2405.09876
cs.NI 2405.09881
cs.NI 2405.09960
cs.NI 2405.10006
cs.NI 2405.09963
cs.NI 2405.10063
cs.NI 2405.10290
cs.NI 2405.10672
cs.NI 2405.10377
cs.NI 2405.10422
cs.NI 2405.10545
cs.NI 2405.10635
cs.NI 2405.10648
cs.NI 2405.10787
cs.NI 2405.10931
cs.NI 2405.11079
cs.NI 2405.11331
cs.NI 2405.11396
cs.NI 2405.11440
cs.NI 2405.11449
cs.NI 2405.12120
cs.NI 2405.11138
cs.NI 2405.11352
cs.NI 2405.11359
cs.NI 2405.11408
cs.NI 2405.11504
cs.NI 2405.11513
cs.NI 2405.11956
cs.NI 2405.12010
cs.NI 2405.12101
cs.NI 2405.12322
cs.NI 2405.12496
cs.NI 2405.12852
cs.NI 2405.12951
cs.NI 2405.12472
cs.NI 2405.12530
cs.NI 2405.12652
cs.NI 2405.12664
cs.NI 2405.12675
cs.SY 2405.08919
cs.SY 2405.08976
cs.SY 2405.09081
cs.SY 2405.09101
cs.SY 2405.09108
cs.SY 2405.09137
cs.SY 2405.09207
cs.SY 2405.09282
cs.SY 2405.09346
cs.SY 2405.09352
cs.SY 2405.09004
cs.SY 2405.09016
cs.SY 2405.09044
cs.SY 2405.09163
cs.SY 2405.09193
cs.SY 2405.09317
cs.SY 2405.09405
cs.SY 2405.09430
cs.SY 2405.09438
cs.SY 2405.09584
cs.SY 2405.09763
cs.SY 2405.09794
cs.SY 2405.09972
cs.SY 2405.10006
cs.SY 2405.10054
cs.SY 2405.09675
cs.SY 2405.09852
cs.SY 2405.09936
cs.SY 2405.10010
cs.SY 2405.10064
cs.SY 2405.10116
cs.SY 2405.10145
cs.SY 2405.10157
cs.SY 2405.10441
cs.SY 2405.10649
cs.SY 2405.10847
cs.SY 2405.10859
cs.SY 2405.10372
cs.SY 2405.10389
cs.SY 2405.10429
cs.SY 2405.10435
cs.SY 2405.10623
cs.SY 2405.10750
cs.SY 2405.10779
cs.SY 2405.10825
cs.SY 2405.10875
cs.SY 2405.10892
cs.SY 2405.11089
cs.SY 2405.11380
cs.SY 2405.11397
cs.SY 2405.11427
cs.SY 2405.11432
cs.SY 2405.11458
cs.SY 2405.11807
cs.SY 2405.11856
cs.SY 2405.11895
cs.SY 2405.11999
cs.SY 2405.10977
cs.SY 2405.10984
cs.SY 2405.11005
cs.SY 2405.11006
cs.SY 2405.11011
cs.SY 2405.11032
cs.SY 2405.11047
cs.SY 2405.11118
cs.SY 2405.11131
cs.SY 2405.11155
cs.SY 2405.11211
cs.SY 2405.11300
cs.SY 2405.11355
cs.SY 2405.11388
cs.SY 2405.11391
cs.SY 2405.11401
cs.SY 2405.11411
cs.SY 2405.11698
cs.SY 2405.11721
cs.SY 2405.11935
cs.SY 2405.11963
cs.SY 2405.11975
cs.SY 2405.12028
cs.SY 2405.12125
cs.SY 2405.12184
cs.SY 2405.12219
cs.SY 2405.12319
cs.SY 2405.12355
cs.SY 2405.12382
cs.SY 2405.12408
cs.SY 2405.12415
cs.SY 2405.12463
cs.SY 2405.12535
cs.SY 2405.12573
cs.SY 2405.12589
cs.SY 2405.12633
cs.SY 2405.12800
cs.SY 2405.12908
cs.SY 2405.12359
cs.SY 2405.12377
cs.SY 2405.12444
cs.SY 2405.12464
cs.SY 2405.12478
cs.SY 2405.12546
cs.SY 2405.12629
cs.SY 2405.12667
cs.SY 2405.12962
cs.RO 2405.08991
cs.RO 2405.09049
cs.RO 2405.09096
cs.RO 2405.08935
cs.RO 2405.08954
cs.RO 2405.09001
cs.RO 2405.09081
cs.RO 2405.09101
cs.RO 2405.09109
cs.RO 2405.09111
cs.RO 2405.09118
cs.RO 2405.09197
cs.RO 2405.09212
cs.RO 2405.09282
cs.RO 2405.09310
cs.RO 2405.09359
cs.RO 2405.09375
cs.RO 2405.09428
cs.RO 2405.09755
cs.RO 2405.10175
cs.RO 2405.10255
cs.RO 2405.10310
cs.RO 2405.09581
cs.RO 2405.09708
cs.RO 2405.09743
cs.RO 2405.09760
cs.RO 2405.09779
cs.RO 2405.09780
cs.RO 2405.09822
cs.RO 2405.09871
cs.RO 2405.09925
cs.RO 2405.10020
cs.RO 2405.10042
cs.RO 2405.10043
cs.RO 2405.10049
cs.RO 2405.10134
cs.RO 2405.10142
cs.RO 2405.10315
cs.RO 2405.10577
cs.RO 2405.10391
cs.RO 2405.10441
cs.RO 2405.10526
cs.RO 2405.10576
cs.RO 2405.10703
cs.RO 2405.10743
cs.RO 2405.10765
cs.RO 2405.10793
cs.RO 2405.10830
cs.RO 2405.10847
cs.RO 2405.10859
cs.RO 2405.10874
cs.RO 2405.10948
cs.RO 2405.10952
cs.RO 2405.10961
cs.RO 2405.11001
cs.RO 2405.11092
cs.RO 2405.11106
cs.RO 2405.11158
cs.RO 2405.11206
cs.RO 2405.11300
cs.RO 2405.11536
cs.RO 2405.11655
cs.RO 2405.11682
cs.RO 2405.11784
cs.RO 2405.11807
cs.RO 2405.11867
cs.RO 2405.12150
cs.RO 2405.11094
cs.RO 2405.11114
cs.RO 2405.11130
cs.RO 2405.11139
cs.RO 2405.11176
cs.RO 2405.11257
cs.RO 2405.11298
cs.RO 2405.11317
cs.RO 2405.11380
cs.RO 2405.11399
cs.RO 2405.11402
cs.RO 2405.11410
cs.RO 2405.11457
cs.RO 2405.11492
cs.RO 2405.11512
cs.RO 2405.11537
cs.RO 2405.11550
cs.RO 2405.11656
cs.RO 2405.11659
cs.RO 2405.11722
cs.RO 2405.11726
cs.RO 2405.11738
cs.RO 2405.11773
cs.RO 2405.11776
cs.RO 2405.11798
cs.RO 2405.11803
cs.RO 2405.11808
cs.RO 2405.11855
cs.RO 2405.11856
cs.RO 2405.11928
cs.RO 2405.12098
cs.RO 2405.12213
cs.RO 2405.12408
cs.RO 2405.12424
cs.RO 2405.12436
cs.RO 2405.12563
cs.RO 2405.12571
cs.RO 2405.12573
cs.RO 2405.12577
cs.RO 2405.12596
cs.RO 2405.12616
cs.RO 2405.12628
cs.RO 2405.12634
cs.RO 2405.12790
cs.RO 2405.12800
cs.RO 2405.12821
cs.RO 2405.12842
cs.RO 2405.12959
cs.SI 2405.08830
cs.SI 2405.09529
cs.SI 2405.09185
cs.SI 2405.09357
cs.SI 2405.09640
cs.SI 2405.10187
cs.SI 2405.10213
cs.SI 2405.10233
cs.SI 2405.10497
cs.SI 2405.10547
cs.SI 2405.10558
cs.SI 2405.10640
cs.SI 2405.10818
cs.SI 2405.11192
cs.SI 2405.11219
cs.SI 2405.11658
cs.SI 2405.11868
cs.SI 2405.11911
cs.SI 2405.11146
cs.SI 2405.11225
cs.SI 2405.11922
cs.SI 2405.12040
cs.SI 2405.12340
cs.SI 2405.12474
cs.SI 2405.12566
cs.SI 2405.12642
cs.SI 2405.12764
cs.SI 2405.12797
stat.AP 2405.09003
stat.AP 2405.09906
stat.AP 2405.09929
stat.AP 2405.09865
stat.AP 2405.09989
stat.AP 2405.10247
stat.AP 2405.09843
stat.AP 2405.10371
stat.AP 2405.10462
stat.AP 2405.10527
stat.AP 2405.10742
stat.AP 2405.10329
stat.AP 2405.10712
stat.AP 2405.11004
stat.AP 2405.11548
stat.AP 2405.11643
stat.AP 2405.11720
stat.AP 2405.11954
stat.AP 2405.11046
stat.AP 2405.11213
stat.AP 2405.11239
stat.AP 2405.12386
stat.AP 2405.12390
stat.AP 2405.12614
stat.AP 2405.12325
stat.AP 2405.12331
stat.AP 2405.12437
stat.AP 2405.12588
cs.SD 2405.09142
cs.SD 2405.09266
cs.SD 2405.08838
cs.SD 2405.09062
cs.SD 2405.09171
cs.SD 2405.09224
cs.SD 2405.09241
cs.SD 2405.09470
cs.SD 2405.09570
cs.SD 2405.09589
cs.SD 2405.09768
cs.SD 2405.09814
cs.SD 2405.09940
cs.SD 2405.10018
cs.SD 2405.10022
cs.SD 2405.10025
cs.SD 2405.10084
cs.SD 2405.10272
cs.SD 2405.09901
cs.SD 2405.10211
cs.SD 2405.10502
cs.SD 2405.11093
cs.SD 2405.11767
cs.SD 2405.12221
cs.SD 2405.11554
cs.SD 2405.12031
cs.SD 2405.12496
cs.SD 2405.12609
cs.SD 2405.12847
cs.SD 2405.12899
cs.SD 2405.12666
cs.SD 2405.12957
stat.ML 2405.08886
stat.ML 2405.08917
stat.ML 2405.08920
stat.ML 2405.08940
stat.ML 2405.08971
stat.ML 2405.08973
stat.ML 2405.09331
stat.ML 2405.09360
stat.ML 2405.09536
stat.ML 2405.08825
stat.ML 2405.08975
stat.ML 2405.08999
stat.ML 2405.09362
stat.ML 2405.09493
stat.ML 2405.09516
stat.ML 2405.09541
stat.ML 2405.09579
stat.ML 2405.09610
stat.ML 2405.09676
stat.ML 2405.09784
stat.ML 2405.09797
stat.ML 2405.09878
stat.ML 2405.09989
stat.ML 2405.10027
stat.ML 2405.10093
stat.ML 2405.10221
stat.ML 2405.10263
stat.ML 2405.10289
stat.ML 2405.10302
stat.ML 2405.10310
stat.ML 2405.09584
stat.ML 2405.09831
stat.ML 2405.09841
stat.ML 2405.10126
stat.ML 2405.10229
stat.ML 2405.10301
stat.ML 2405.10410
stat.ML 2405.10469
stat.ML 2405.10618
stat.ML 2405.10719
stat.ML 2405.10815
stat.ML 2405.10839
stat.ML 2405.10875
stat.ML 2405.10938
stat.ML 2405.10399
stat.ML 2405.10552
stat.ML 2405.10817
stat.ML 2405.10930
stat.ML 2405.11156
stat.ML 2405.11204
stat.ML 2405.11213
stat.ML 2405.11242
stat.ML 2405.11318
stat.ML 2405.11431
stat.ML 2405.11451
stat.ML 2405.11477
stat.ML 2405.11633
stat.ML 2405.11667
stat.ML 2405.11723
stat.ML 2405.11795
stat.ML 2405.11179
stat.ML 2405.11237
stat.ML 2405.11377
stat.ML 2405.11404
stat.ML 2405.11547
stat.ML 2405.11751
stat.ML 2405.11780
stat.ML 2405.11848
stat.ML 2405.11881
stat.ML 2405.12237
stat.ML 2405.12382
stat.ML 2405.12412
stat.ML 2405.12421
stat.ML 2405.12463
stat.ML 2405.12567
stat.ML 2405.12614
stat.ML 2405.12797
stat.ML 2405.12832
stat.ML 2405.12958
stat.ML 2405.12234
stat.ML 2405.12317
stat.ML 2405.12386
stat.ML 2405.12390
stat.ML 2405.12553
stat.ML 2405.12684
stat.ML 2405.12783
stat.ML 2405.12856
stat.ML 2405.12940
eess.IV 2405.09291
eess.IV 2405.09077
eess.IV 2405.09234
eess.IV 2405.09298
eess.IV 2405.09353
eess.IV 2405.09446
eess.IV 2405.09472
eess.IV 2405.09539
eess.IV 2405.09582
eess.IV 2405.09873
eess.IV 2405.09923
eess.IV 2405.10014
eess.IV 2405.10272
eess.IV 2405.09549
eess.IV 2405.09552
eess.IV 2405.09553
eess.IV 2405.09586
eess.IV 2405.09594
eess.IV 2405.09716
eess.IV 2405.09787
eess.IV 2405.09851
eess.IV 2405.09896
eess.IV 2405.09959
eess.IV 2405.09990
eess.IV 2405.10004
eess.IV 2405.10068
eess.IV 2405.10186
eess.IV 2405.10246
eess.IV 2405.10254
eess.IV 2405.10391
eess.IV 2405.10463
eess.IV 2405.10518
eess.IV 2405.10589
eess.IV 2405.10550
eess.IV 2405.10561
eess.IV 2405.10570
eess.IV 2405.10691
eess.IV 2405.10705
eess.IV 2405.10723
eess.IV 2405.10803
eess.IV 2405.10833
eess.IV 2405.10870
eess.IV 2311.11317
eess.IV 2405.05095
eess.IV 2405.10948
eess.IV 2405.11478
eess.IV 2405.11494
eess.IV 2405.11614
eess.IV 2405.11894
eess.IV 2405.10950
eess.IV 2405.11012
eess.IV 2405.11115
eess.IV 2405.11133
eess.IV 2405.11289
eess.IV 2405.11295
eess.IV 2405.11386
eess.IV 2405.11540
eess.IV 2405.11598
eess.IV 2405.12172
eess.IV 2405.12225
eess.IV 2405.12313
eess.IV 2405.12487
eess.IV 2405.12580
eess.IV 2405.12728
eess.IV 2405.12222
eess.IV 2405.12223
eess.IV 2405.12224
eess.IV 2405.12226
eess.IV 2405.12255
eess.IV 2405.12265
eess.IV 2405.12318
eess.IV 2405.12357
eess.IV 2405.12367
eess.IV 2405.12456
eess.IV 2405.12584
eess.IV 2405.12631
eess.IV 2405.12872
eess.IV 2405.12963
stat.CO 2405.09327
stat.CO 2405.09167
stat.CO 2405.09455
stat.CO 2405.09708
stat.CO 2405.09906
stat.CO 2405.10194
stat.CO 2405.10763
stat.CO 2405.11213
stat.CO 2405.11780
stat.CO 2405.11384
stat.CO 2405.11688
stat.CO 2405.12182
stat.CO 2405.12237
stat.CO 2405.12325
stat.CO 2405.12386
stat.CO 2405.12553
stat.CO 2405.12838
stat.CO 2405.12453
cs.SC 2405.08964
cs.SC 2405.09232
cs.SC 2405.09689
cs.SC 2405.10215
cs.SC 2405.10188
cs.SC 2405.10578
cs.SC 2405.11412
cs.SC 2405.11244
cs.SC 2405.12886
stat.TH 2405.08975
stat.TH 2405.09003
stat.TH 2405.08907
stat.TH 2405.09196
stat.TH 2405.09510
stat.TH 2405.09511
stat.TH 2405.09523
stat.TH 2405.10049
stat.TH 2405.10126
stat.TH 2405.10194
stat.TH 2405.10289
stat.TH 2405.10302
stat.TH 2405.09676
stat.TH 2405.09943
stat.TH 2405.10719
stat.TH 2405.10412
stat.TH 2405.10458
stat.TH 2405.10582
stat.TH 2405.10588
stat.TH 2405.10795
stat.TH 2405.11384
stat.TH 2405.11452
stat.TH 2405.11624
stat.TH 2405.11626
stat.TH 2405.11681
stat.TH 2405.11780
stat.TH 2405.11201
stat.TH 2405.11246
stat.TH 2405.11676
stat.TH 2405.11834
stat.TH 2405.11923
stat.TH 2405.12293
stat.TH 2405.12553
stat.TH 2405.12958
stat.TH 2405.12260
stat.TH 2405.12343
stat.TH 2405.12567
eess.SP 2405.09336
eess.SP 2405.09425
eess.SP 2405.09443
eess.SP 2405.09497
eess.SP 2405.08919
eess.SP 2405.08949
eess.SP 2405.09022
eess.SP 2405.09053
eess.SP 2405.09073
eess.SP 2405.09079
eess.SP 2405.09179
eess.SP 2405.09222
eess.SP 2405.09245
eess.SP 2405.09283
eess.SP 2405.09346
eess.SP 2405.09352
eess.SP 2405.09390
eess.SP 2405.09436
eess.SP 2405.09458
eess.SP 2405.09514
eess.SP 2405.09528
eess.SP 2405.09588
eess.SP 2405.09643
eess.SP 2405.09753
eess.SP 2405.09905
eess.SP 2405.09911
eess.SP 2405.09914
eess.SP 2405.09928
eess.SP 2405.09951
eess.SP 2405.09976
eess.SP 2405.10116
eess.SP 2405.10216
eess.SP 2405.10244
eess.SP 2405.09547
eess.SP 2405.09548
eess.SP 2405.09551
eess.SP 2405.09554
eess.SP 2405.09555
eess.SP 2405.09556
eess.SP 2405.09557
eess.SP 2405.09558
eess.SP 2405.09559
eess.SP 2405.09560
eess.SP 2405.09561
eess.SP 2405.09562
eess.SP 2405.09563
eess.SP 2405.09564
eess.SP 2405.09565
eess.SP 2405.09566
eess.SP 2405.09567
eess.SP 2405.09568
eess.SP 2405.09569
eess.SP 2405.09570
eess.SP 2405.09571
eess.SP 2405.09572
eess.SP 2405.09575
eess.SP 2405.09663
eess.SP 2405.09680
eess.SP 2405.09698
eess.SP 2405.09712
eess.SP 2405.09715
eess.SP 2405.09730
eess.SP 2405.09752
eess.SP 2405.09778
eess.SP 2405.09866
eess.SP 2405.09907
eess.SP 2405.09915
eess.SP 2405.09960
eess.SP 2405.09979
eess.SP 2405.09995
eess.SP 2405.10001
eess.SP 2405.10087
eess.SP 2405.10257
eess.SP 2405.10496
eess.SP 2405.10513
eess.SP 2405.10514
eess.SP 2405.10695
eess.SP 2405.10814
eess.SP 2405.10331
eess.SP 2405.10507
eess.SP 2405.10510
eess.SP 2405.10535
eess.SP 2405.10540
eess.SP 2405.10553
eess.SP 2405.10606
eess.SP 2405.10649
eess.SP 2405.10749
eess.SP 2405.10780
eess.SP 2405.10828
eess.SP 2311.11317
eess.SP 2405.05095
eess.SP 2405.11072
eess.SP 2405.11163
eess.SP 2405.11352
eess.SP 2405.11427
eess.SP 2405.11493
eess.SP 2405.11520
eess.SP 2405.11541
eess.SP 2405.11863
eess.SP 2405.11883
eess.SP 2405.12046
eess.SP 2405.12076
eess.SP 2405.11064
eess.SP 2405.11079
eess.SP 2405.11161
eess.SP 2405.11218
eess.SP 2405.11242
eess.SP 2405.11263
eess.SP 2405.11306
eess.SP 2405.11459
eess.SP 2405.11532
eess.SP 2405.11816
eess.SP 2405.11909
eess.SP 2405.12053
eess.SP 2405.12064
eess.SP 2405.12225
eess.SP 2405.12432
eess.SP 2405.12496
eess.SP 2405.12573
eess.SP 2405.12652
eess.SP 2405.12774
eess.SP 2405.12799
eess.SP 2405.12832
eess.SP 2405.12569
eess.SP 2405.12580
eess.SP 2405.12589
eess.SP 2405.12659
eess.SP 2405.12704
eess.SP 2405.12813
eess.SP 2405.12839
eess.SP 2405.12858
eess.SP 2405.12937
math.OC 2405.08824
math.OC 2405.09096
math.OC 2405.09169
math.OC 2405.09197
math.OC 2405.09206
math.OC 2405.09273
math.OC 2405.09296
math.OC 2405.09356
math.OC 2405.09405
math.OC 2405.08894
math.OC 2405.08933
math.OC 2405.08986
math.OC 2405.09106
math.OC 2405.09108
math.OC 2405.09137
math.OC 2405.09157
math.OC 2405.09189
math.OC 2405.09209
math.OC 2405.09419
math.OC 2405.09676
math.OC 2405.09677
math.OC 2405.09742
math.OC 2405.09752
math.OC 2405.09764
math.OC 2405.09809
math.OC 2405.09852
math.OC 2405.09982
math.OC 2405.10064
math.OC 2405.10110
math.OC 2405.10215
math.OC 2405.09660
math.OC 2405.09727
math.OC 2405.09832
math.OC 2405.09869
math.OC 2405.09927
math.OC 2405.09973
math.OC 2405.09986
math.OC 2405.10002
math.OC 2405.10074
math.OC 2405.10083
math.OC 2405.10221
math.OC 2405.10289
math.OC 2405.10372
math.OC 2405.10399
math.OC 2405.10490
math.OC 2405.10581
math.OC 2405.10618
math.OC 2405.10649
math.OC 2405.10763
math.OC 2405.10930
math.OC 2405.10381
math.OC 2405.10414
math.OC 2405.10438
math.OC 2405.10500
math.OC 2405.10704
math.OC 2405.10735
math.OC 2405.10754
math.OC 2405.10815
math.OC 2405.10857
math.OC 2405.10897
math.OC 2405.10922
math.OC 2405.11081
math.OC 2405.11095
math.OC 2405.11401
math.OC 2405.11427
math.OC 2405.11454
math.OC 2405.11590
math.OC 2405.11667
math.OC 2405.12073
math.OC 2405.10996
math.OC 2405.11068
math.OC 2405.11185
math.OC 2405.11198
math.OC 2405.11266
math.OC 2405.11365
math.OC 2405.11400
math.OC 2405.11406
math.OC 2405.11593
math.OC 2405.11961
math.OC 2405.11974
math.OC 2405.11999
math.OC 2405.12039
math.OC 2405.12153
math.OC 2405.12542
math.OC 2405.12577
math.OC 2405.12865
math.OC 2405.12888
math.OC 2405.12922
math.OC 2405.12952
math.OC 2405.12960
math.OC 2405.12256
math.OC 2405.12257
math.OC 2405.12401
math.OC 2405.12415
math.OC 2405.12463
math.OC 2405.12535
math.OC 2405.12583
math.OC 2405.12655
math.OC 2405.12762
math.OC 2405.12823
math.OC 2405.12836
math.OC 2405.12845
math.OC 2405.12908
math.OC 2405.12912
math.OC 2405.12948
eess.AS 2405.08838
eess.AS 2405.09062
eess.AS 2405.09171
eess.AS 2405.09224
eess.AS 2405.09241
eess.AS 2405.09266
eess.AS 2405.09470
eess.AS 2405.09142
eess.AS 2405.09570
eess.AS 2405.09589
eess.AS 2405.09814
eess.AS 2405.09901
eess.AS 2405.10025
eess.AS 2405.10102
eess.AS 2405.10211
eess.AS 2405.10272
eess.AS 2405.09768
eess.AS 2405.09940
eess.AS 2405.10018
eess.AS 2405.10022
eess.AS 2405.10084
eess.AS 2405.10510
eess.AS 2405.10786
eess.AS 2405.11554
eess.AS 2405.12031
eess.AS 2405.12221
eess.AS 2405.11078
eess.AS 2405.11093
eess.AS 2405.11413
eess.AS 2405.11592
eess.AS 2405.11767
eess.AS 2405.11792
eess.AS 2405.11831
eess.AS 2405.12666
eess.AS 2405.12774
eess.AS 2405.12847
eess.AS 2405.12899
eess.AS 2405.12957
eess.AS 2405.12496
eess.AS 2405.12609
math.DS 2405.08827
math.DS 2405.09070
math.DS 2405.09236
math.DS 2405.09405
math.DS 2405.08922
math.DS 2405.08940
math.DS 2405.09008
math.DS 2405.09351
math.DS 2405.09479
math.DS 2405.09684
math.DS 2405.10209
math.DS 2405.10236
math.DS 2405.10252
math.DS 2405.09917
math.DS 2405.09954
math.DS 2405.10076
math.DS 2405.10144
math.DS 2405.10179
math.DS 2405.10869
math.DS 2405.10395
math.DS 2405.10560
math.DS 2405.10915
math.DS 2405.10921
math.DS 2405.10998
math.DS 2405.11274
math.DS 2405.11680
math.DS 2405.12106
math.DS 2405.11137
math.DS 2405.11189
math.DS 2405.11217
math.DS 2405.11251
math.DS 2405.11366
math.DS 2405.11367
math.DS 2405.11434
math.DS 2405.11635
math.DS 2405.11797
math.DS 2405.11806
math.DS 2405.11866
math.DS 2405.11957
math.DS 2405.12033
math.DS 2405.12051
math.DS 2405.12165
math.DS 2405.12256
math.DS 2405.12626
math.DS 2405.12737
math.DS 2405.12919
math.DS 2405.12323
math.DS 2405.12342
math.DS 2405.12446
math.DS 2405.12517
math.DS 2405.12686
math.DS 2405.12782
math.DS 2405.12793
math.DS 2405.12938
math.PR 2405.08822
math.PR 2405.09009
math.PR 2405.09195
math.PR 2405.09203
math.PR 2405.09381
math.PR 2405.09391
math.PR 2405.09397
math.PR 2405.09541
math.PR 2405.09019
math.PR 2405.09102
math.PR 2405.09103
math.PR 2405.09156
math.PR 2405.09198
math.PR 2405.09260
math.PR 2405.09343
math.PR 2405.09501
math.PR 2405.09520
math.PR 2405.08374
math.PR 2405.10229
math.PR 2405.10236
math.PR 2405.09741
math.PR 2405.09950
math.PR 2405.09966
math.PR 2405.09982
math.PR 2405.09992
math.PR 2405.10178
math.PR 2405.10184
math.PR 2405.10193
math.PR 2405.10527
math.PR 2405.10581
math.PR 2405.10636
math.PR 2405.10756
math.PR 2405.10765
math.PR 2405.10795
math.PR 2405.10455
math.PR 2405.10580
math.PR 2405.10631
math.PR 2405.10638
math.PR 2405.10677
math.PR 2405.10732
math.PR 2405.10876
math.PR 2405.11097
math.PR 2405.11179
math.PR 2405.11384
math.PR 2405.11424
math.PR 2405.11728
math.PR 2405.11927
math.PR 2405.11033
math.PR 2405.11051
math.PR 2405.11241
math.PR 2405.11291
math.PR 2405.11314
math.PR 2405.11435
math.PR 2405.11452
math.PR 2405.11510
math.PR 2405.11609
math.PR 2405.11673
math.PR 2405.11845
math.PR 2405.11851
math.PR 2405.11969
math.PR 2405.12048
math.PR 2405.12161
math.PR 2405.12181
math.PR 2405.12199
math.PR 2405.12215
math.PR 2405.12257
math.PR 2405.12260
math.PR 2405.12371
math.PR 2405.12389
math.PR 2405.12572
math.PR 2405.12746
math.PR 2405.12787
math.PR 2405.12917
math.PR 2405.12940
math.PR 2405.12316
math.PR 2405.12332
math.PR 2405.12418
math.PR 2405.12495
math.PR 2405.12737
math.PR 2405.12960
