cs.CE 2406.01599
cs.CE 2406.02078
cs.CE 2406.01659
cs.CE 2406.01780
cs.CE 2406.02204
cs.CE 2406.02212
cs.CE 2406.02702
cs.CE 2406.03207
cs.CE 2406.03307
cs.CE 2406.03375
cs.CE 2406.03938
cs.CE 2406.04719
cs.CE 2406.04628
cs.CE 2406.05290
cs.CE 2406.05797
cs.CE 2406.05830
cs.CE 2406.06316
cs.CE 2406.05249
cs.CE 2406.05269
cs.CE 2406.05511
cs.CE 2406.06145
cs.CE 2406.06379
cs.DB 2406.00019
cs.DB 2406.00344
cs.DB 2406.00376
cs.DB 2406.00014
cs.DB 2406.00063
cs.DB 2406.00251
cs.DB 2406.00550
cs.DB 2406.00583
cs.DB 2406.00584
cs.DB 2406.00616
cs.DB 2406.00617
cs.DB 2406.01027
cs.DB 2406.01250
cs.DB 2406.01265
cs.DB 2406.01526
cs.DB 2406.01598
cs.DB 2406.01964
cs.DB 2406.02318
cs.DB 2406.01786
cs.DB 2406.01876
cs.DB 2406.03559
cs.DB 2406.04148
cs.DB 2406.03965
cs.DB 2406.04738
cs.DB 2406.04995
cs.DB 2406.05070
cs.DB 2406.05107
cs.DB 2406.05439
cs.DB 2406.05962
cs.DB 2406.05327
cs.DB 2406.05417
cs.DB 2406.05462
cs.DB 2406.05536
cs.DB 2406.05817
cs.CG 2406.00065
cs.CG 2406.01739
cs.CG 2406.02276
cs.CG 2406.02300
cs.CG 2406.03183
cs.CG 2406.04259
cs.CG 2406.03632
cs.CG 2406.03756
cs.CG 2406.04102
cs.CG 2406.05702
cs.CG 2406.05861
cs.DM 2406.01661
cs.DM 2406.01999
cs.DM 2406.01730
cs.DM 2406.02304
cs.DM 2406.02421
cs.DM 2406.02971
cs.DM 2406.03168
cs.DM 2406.03290
cs.DM 2406.03778
cs.DM 2406.03783
cs.DM 2406.04132
cs.DM 2406.04336
cs.DM 2406.04189
cs.DM 2406.04757
cs.DM 2406.06077
cs.DM 2406.06513
cs.DM 2406.05141
cs.DM 2406.05147
cs.CV 2406.01604
cs.CV 2406.01605
cs.CV 2406.01613
cs.CV 2406.01708
cs.CV 2406.01733
cs.CV 2406.01829
cs.CV 2406.01961
cs.CV 2406.01975
cs.CV 2406.01993
cs.CV 2406.01996
cs.CV 2406.02027
cs.CV 2406.02064
cs.CV 2406.02077
cs.CV 2406.02343
cs.CV 2406.02349
cs.CV 2406.02395
cs.CV 2406.02422
cs.CV 2406.02465
cs.CV 2406.02477
cs.CV 2406.02480
cs.CV 2406.02529
cs.CV 2406.02534
cs.CV 2406.02537
cs.CV 2406.01597
cs.CV 2406.01598
cs.CV 2406.01658
cs.CV 2406.01662
cs.CV 2406.01764
cs.CV 2406.01765
cs.CV 2406.01791
cs.CV 2406.01797
cs.CV 2406.01815
cs.CV 2406.01820
cs.CV 2406.01837
cs.CV 2406.01843
cs.CV 2406.01867
cs.CV 2406.01869
cs.CV 2406.01884
cs.CV 2406.01894
cs.CV 2406.01900
cs.CV 2406.01906
cs.CV 2406.01914
cs.CV 2406.01916
cs.CV 2406.01917
cs.CV 2406.01920
cs.CV 2406.01932
cs.CV 2406.01938
cs.CV 2406.01954
cs.CV 2406.01956
cs.CV 2406.01970
cs.CV 2406.01987
cs.CV 2406.01994
cs.CV 2406.02021
cs.CV 2406.02037
cs.CV 2406.02038
cs.CV 2406.02058
cs.CV 2406.02074
cs.CV 2406.02125
cs.CV 2406.02142
cs.CV 2406.02147
cs.CV 2406.02153
cs.CV 2406.02158
cs.CV 2406.02184
cs.CV 2406.02202
cs.CV 2406.02208
cs.CV 2406.02223
cs.CV 2406.02230
cs.CV 2406.02253
cs.CV 2406.02263
cs.CV 2406.02264
cs.CV 2406.02265
cs.CV 2406.02287
cs.CV 2406.02327
cs.CV 2406.02345
cs.CV 2406.02347
cs.CV 2406.02355
cs.CV 2406.02380
cs.CV 2406.02383
cs.CV 2406.02385
cs.CV 2406.02407
cs.CV 2406.02411
cs.CV 2406.02425
cs.CV 2406.02435
cs.CV 2406.02461
cs.CV 2406.02462
cs.CV 2406.02468
cs.CV 2406.02485
cs.CV 2406.02495
cs.CV 2406.02506
cs.CV 2406.02507
cs.CV 2406.02509
cs.CV 2406.02511
cs.CV 2406.02518
cs.CV 2406.02533
cs.CV 2406.02535
cs.CV 2406.02539
cs.CV 2406.02540
cs.CV 2406.02541
cs.CV 2406.02547
cs.CV 2406.02548
cs.CV 2406.02549
cs.CV 2406.02552
cs.CV 2406.02554
cs.CV 2406.02557
cs.CV 2406.02583
cs.CV 2406.02584
cs.CV 2406.02597
cs.CV 2406.02605
cs.CV 2406.02626
cs.CV 2406.02653
cs.CV 2406.02659
cs.CV 2406.02773
cs.CV 2406.02836
cs.CV 2406.02841
cs.CV 2406.02879
cs.CV 2406.02918
cs.CV 2406.02936
cs.CV 2406.02996
cs.CV 2406.03002
cs.CV 2406.03015
cs.CV 2406.03065
cs.CV 2406.03087
cs.CV 2406.03103
cs.CV 2406.03150
cs.CV 2406.03173
cs.CV 2406.03183
cs.CV 2406.03233
cs.CV 2406.03263
cs.CV 2406.03325
cs.CV 2406.03359
cs.CV 2406.03413
cs.CV 2406.03430
cs.CV 2406.02559
cs.CV 2406.02631
cs.CV 2406.02706
cs.CV 2406.02720
cs.CV 2406.02748
cs.CV 2406.02761
cs.CV 2406.02774
cs.CV 2406.02776
cs.CV 2406.02780
cs.CV 2406.02820
cs.CV 2406.02831
cs.CV 2406.02833
cs.CV 2406.02842
cs.CV 2406.02862
cs.CV 2406.02880
cs.CV 2406.02881
cs.CV 2406.02884
cs.CV 2406.02889
cs.CV 2406.02914
cs.CV 2406.02915
cs.CV 2406.02929
cs.CV 2406.02930
cs.CV 2406.02951
cs.CV 2406.02965
cs.CV 2406.02968
cs.CV 2406.02972
cs.CV 2406.02976
cs.CV 2406.02977
cs.CV 2406.02978
cs.CV 2406.02987
cs.CV 2406.02990
cs.CV 2406.02991
cs.CV 2406.03001
cs.CV 2406.03008
cs.CV 2406.03017
cs.CV 2406.03019
cs.CV 2406.03032
cs.CV 2406.03035
cs.CV 2406.03048
cs.CV 2406.03051
cs.CV 2406.03070
cs.CV 2406.03071
cs.CV 2406.03095
cs.CV 2406.03105
cs.CV 2406.03117
cs.CV 2406.03129
cs.CV 2406.03143
cs.CV 2406.03146
cs.CV 2406.03175
cs.CV 2406.03176
cs.CV 2406.03177
cs.CV 2406.03184
cs.CV 2406.03188
cs.CV 2406.03194
cs.CV 2406.03207
cs.CV 2406.03215
cs.CV 2406.03225
cs.CV 2406.03229
cs.CV 2406.03250
cs.CV 2406.03262
cs.CV 2406.03271
cs.CV 2406.03273
cs.CV 2406.03293
cs.CV 2406.03298
cs.CV 2406.03303
cs.CV 2406.03323
cs.CV 2406.03333
cs.CV 2406.03388
cs.CV 2406.03394
cs.CV 2406.03411
cs.CV 2406.03417
cs.CV 2406.03421
cs.CV 2406.03431
cs.CV 2406.03439
cs.CV 2406.03447
cs.CV 2406.03459
cs.CV 2406.03461
cs.CV 2406.03474
cs.CV 2406.03478
cs.CV 2405.03865
cs.CV 2406.03611
cs.CV 2406.03688
cs.CV 2406.03776
cs.CV 2406.03793
cs.CV 2406.03857
cs.CV 2406.03873
cs.CV 2406.03877
cs.CV 2406.03879
cs.CV 2406.03901
cs.CV 2406.03902
cs.CV 2406.03903
cs.CV 2406.03916
cs.CV 2406.03919
cs.CV 2406.03961
cs.CV 2406.03999
cs.CV 2406.04090
cs.CV 2406.04103
cs.CV 2406.04144
cs.CV 2406.04227
cs.CV 2406.04280
cs.CV 2406.04292
cs.CV 2406.04313
cs.CV 2406.04318
cs.CV 2406.04323
cs.CV 2406.04344
cs.CV 2406.03520
cs.CV 2406.03556
cs.CV 2406.03576
cs.CV 2406.03582
cs.CV 2406.03586
cs.CV 2406.03599
cs.CV 2406.03625
cs.CV 2406.03645
cs.CV 2406.03668
cs.CV 2406.03684
cs.CV 2406.03694
cs.CV 2406.03697
cs.CV 2406.03702
cs.CV 2406.03720
cs.CV 2406.03721
cs.CV 2406.03723
cs.CV 2406.03728
cs.CV 2406.03744
cs.CV 2406.03747
cs.CV 2406.03799
cs.CV 2406.03818
cs.CV 2406.03835
cs.CV 2406.03859
cs.CV 2406.03865
cs.CV 2406.03866
cs.CV 2406.03907
cs.CV 2406.03917
cs.CV 2406.03984
cs.CV 2406.04002
cs.CV 2406.04031
cs.CV 2406.04032
cs.CV 2406.04039
cs.CV 2406.04050
cs.CV 2406.04100
cs.CV 2406.04101
cs.CV 2406.04111
cs.CV 2406.04115
cs.CV 2406.04129
cs.CV 2406.04138
cs.CV 2406.04155
cs.CV 2406.04158
cs.CV 2406.04177
cs.CV 2406.04178
cs.CV 2406.04206
cs.CV 2406.04207
cs.CV 2406.04221
cs.CV 2406.04230
cs.CV 2406.04236
cs.CV 2406.04249
cs.CV 2406.04251
cs.CV 2406.04253
cs.CV 2406.04254
cs.CV 2406.04264
cs.CV 2406.04273
cs.CV 2406.04277
cs.CV 2406.04287
cs.CV 2406.04295
cs.CV 2406.04301
cs.CV 2406.04303
cs.CV 2406.04309
cs.CV 2406.04312
cs.CV 2406.04314
cs.CV 2406.04316
cs.CV 2406.04321
cs.CV 2406.04322
cs.CV 2406.04324
cs.CV 2406.04325
cs.CV 2406.04330
cs.CV 2406.04332
cs.CV 2406.04333
cs.CV 2406.04334
cs.CV 2406.04337
cs.CV 2406.04338
cs.CV 2406.04339
cs.CV 2406.04340
cs.CV 2406.04341
cs.CV 2406.04342
cs.CV 2406.04343
cs.CV 2406.04345
cs.CV 2406.04449
cs.CV 2406.04485
cs.CV 2406.04584
cs.CV 2406.04639
cs.CV 2406.04679
cs.CV 2406.04680
cs.CV 2406.04687
cs.CV 2406.04745
cs.CV 2406.04769
cs.CV 2406.04772
cs.CV 2406.04867
cs.CV 2406.04882
cs.CV 2406.04998
cs.CV 2406.05074
cs.CV 2406.05090
cs.CV 2406.05114
cs.CV 2406.05119
cs.CV 2406.05121
cs.CV 2406.04364
cs.CV 2406.04413
cs.CV 2406.04426
cs.CV 2406.04470
cs.CV 2406.04484
cs.CV 2406.04493
cs.CV 2406.04508
cs.CV 2406.04511
cs.CV 2406.04532
cs.CV 2406.04542
cs.CV 2406.04546
cs.CV 2406.04551
cs.CV 2406.04569
cs.CV 2406.04573
cs.CV 2406.04600
cs.CV 2406.04603
cs.CV 2406.04608
cs.CV 2406.04624
cs.CV 2406.04629
cs.CV 2406.04647
cs.CV 2406.04648
cs.CV 2406.04649
cs.CV 2406.04659
cs.CV 2406.04662
cs.CV 2406.04673
cs.CV 2406.04675
cs.CV 2406.04678
cs.CV 2406.04689
cs.CV 2406.04716
cs.CV 2406.04746
cs.CV 2406.04756
cs.CV 2406.04765
cs.CV 2406.04801
cs.CV 2406.04802
cs.CV 2406.04814
cs.CV 2406.04818
cs.CV 2406.04820
cs.CV 2406.04829
cs.CV 2406.04842
cs.CV 2406.04844
cs.CV 2406.04861
cs.CV 2406.04873
cs.CV 2406.04875
cs.CV 2406.04886
cs.CV 2406.04888
cs.CV 2406.04898
cs.CV 2406.04906
cs.CV 2406.04928
cs.CV 2406.04930
cs.CV 2406.04932
cs.CV 2406.04933
cs.CV 2406.04942
cs.CV 2406.04949
cs.CV 2406.04960
cs.CV 2406.04961
cs.CV 2406.04979
cs.CV 2406.04983
cs.CV 2406.04999
cs.CV 2406.05000
cs.CV 2406.05006
cs.CV 2406.05023
cs.CV 2406.05038
cs.CV 2406.05039
cs.CV 2406.05054
cs.CV 2406.05059
cs.CV 2406.05068
cs.CV 2406.05075
cs.CV 2406.05082
cs.CV 2406.05096
cs.CV 2406.05113
cs.CV 2406.05120
cs.CV 2406.05127
cs.CV 2406.05129
cs.CV 2406.05131
cs.CV 2406.05132
cs.CV 2406.05136
cs.CV 2406.05170
cs.CV 2406.05231
cs.CV 2406.05270
cs.CV 2406.05295
cs.CV 2406.05396
cs.CV 2406.05413
cs.CV 2406.05421
cs.CV 2406.05631
cs.CV 2406.05651
cs.CV 2406.05670
cs.CV 2406.05686
cs.CV 2406.05753
cs.CV 2406.05756
cs.CV 2406.05766
cs.CV 2406.05796
cs.CV 2406.05862
cs.CV 2406.05891
cs.CV 2406.05974
cs.CV 2406.05992
cs.CV 2406.06007
cs.CV 2406.06037
cs.CV 2406.06081
cs.CV 2406.06302
cs.CV 2406.06342
cs.CV 2406.06374
cs.CV 2406.06434
cs.CV 2406.06438
cs.CV 2406.06496
cs.CV 2406.06520
cs.CV 2406.05152
cs.CV 2406.05184
cs.CV 2406.05191
cs.CV 2406.05205
cs.CV 2406.05261
cs.CV 2406.05271
cs.CV 2406.05285
cs.CV 2406.05288
cs.CV 2406.05305
cs.CV 2406.05308
cs.CV 2406.05318
cs.CV 2406.05338
cs.CV 2406.05349
cs.CV 2406.05352
cs.CV 2406.05400
cs.CV 2406.05404
cs.CV 2406.05412
cs.CV 2406.05432
cs.CV 2406.05434
cs.CV 2406.05475
cs.CV 2406.05477
cs.CV 2406.05478
cs.CV 2406.05485
cs.CV 2406.05491
cs.CV 2406.05513
cs.CV 2406.05533
cs.CV 2406.05543
cs.CV 2406.05565
cs.CV 2406.05596
cs.CV 2406.05598
cs.CV 2406.05602
cs.CV 2406.05605
cs.CV 2406.05612
cs.CV 2406.05620
cs.CV 2406.05629
cs.CV 2406.05630
cs.CV 2406.05641
cs.CV 2406.05645
cs.CV 2406.05649
cs.CV 2406.05658
cs.CV 2406.05668
cs.CV 2406.05677
cs.CV 2406.05691
cs.CV 2406.05700
cs.CV 2406.05704
cs.CV 2406.05722
cs.CV 2406.05723
cs.CV 2406.05726
cs.CV 2406.05755
cs.CV 2406.05757
cs.CV 2406.05768
cs.CV 2406.05773
cs.CV 2406.05774
cs.CV 2406.05776
cs.CV 2406.05779
cs.CV 2406.05785
cs.CV 2406.05786
cs.CV 2406.05791
cs.CV 2406.05800
cs.CV 2406.05802
cs.CV 2406.05810
cs.CV 2406.05814
cs.CV 2406.05821
cs.CV 2406.05828
cs.CV 2406.05833
cs.CV 2406.05835
cs.CV 2406.05837
cs.CV 2406.05850
cs.CV 2406.05852
cs.CV 2406.05857
cs.CV 2406.05866
cs.CV 2406.05871
cs.CV 2406.05897
cs.CV 2406.05912
cs.CV 2406.05915
cs.CV 2406.05927
cs.CV 2406.05963
cs.CV 2406.05967
cs.CV 2406.05980
cs.CV 2406.06004
cs.CV 2406.06028
cs.CV 2406.06039
cs.CV 2406.06040
cs.CV 2406.06044
cs.CV 2406.06045
cs.CV 2406.06048
cs.CV 2406.06050
cs.CV 2406.06062
cs.CV 2406.06069
cs.CV 2406.06072
cs.CV 2406.06079
cs.CV 2406.06087
cs.CV 2406.06089
cs.CV 2406.06122
cs.CV 2406.06133
cs.CV 2406.06134
cs.CV 2406.06136
cs.CV 2406.06163
cs.CV 2406.06165
cs.CV 2406.06183
cs.CV 2406.06187
cs.CV 2406.06201
cs.CV 2406.06211
cs.CV 2406.06216
cs.CV 2406.06218
cs.CV 2406.06230
cs.CV 2406.06236
cs.CV 2406.06239
cs.CV 2406.06258
cs.CV 2406.06264
cs.CV 2406.06305
cs.CV 2406.06320
cs.CV 2406.06351
cs.CV 2406.06352
cs.CV 2406.06367
cs.CV 2406.06370
cs.CV 2406.06372
cs.CV 2406.06382
cs.CV 2406.06384
cs.CV 2406.06386
cs.CV 2406.06393
cs.CV 2406.06423
cs.CV 2406.06424
cs.CV 2406.06432
cs.CV 2406.06462
cs.CV 2406.06465
cs.CV 2406.06499
cs.CV 2406.06508
cs.CV 2406.06512
cs.CV 2406.06517
cs.CV 2406.06521
cs.CV 2406.06523
cs.CV 2406.06525
cs.CV 2406.06526
cs.CV 2406.06527
cs.AI 2401.02015
cs.AI 2401.11708
cs.AI 2402.12908
cs.AI 2405.14785
cs.AI 2406.01601
cs.AI 2406.01604
cs.AI 2406.01606
cs.AI 2406.01607
cs.AI 2406.01608
cs.AI 2406.01618
cs.AI 2406.01622
cs.AI 2406.01623
cs.AI 2406.01624
cs.AI 2406.01629
cs.AI 2406.01633
cs.AI 2406.01636
cs.AI 2406.01637
cs.AI 2406.01638
cs.AI 2406.01641
cs.AI 2406.01645
cs.AI 2406.01646
cs.AI 2406.01647
cs.AI 2406.01648
cs.AI 2406.01649
cs.AI 2406.01650
cs.AI 2406.01651
cs.AI 2406.01660
cs.AI 2406.01661
cs.AI 2406.01662
cs.AI 2406.01698
cs.AI 2406.01755
cs.AI 2406.01757
cs.AI 2406.01762
cs.AI 2406.01782
cs.AI 2406.01786
cs.AI 2406.01789
cs.AI 2406.01793
cs.AI 2406.01805
cs.AI 2406.01806
cs.AI 2406.01812
cs.AI 2406.01813
cs.AI 2406.01820
cs.AI 2406.01823
cs.AI 2406.01825
cs.AI 2406.01829
cs.AI 2406.01832
cs.AI 2406.01833
cs.AI 2406.01835
cs.AI 2406.01838
cs.AI 2406.01853
cs.AI 2406.01855
cs.AI 2406.01869
cs.AI 2406.01876
cs.AI 2406.01882
cs.AI 2406.01893
cs.AI 2406.01913
cs.AI 2406.01914
cs.AI 2406.01917
cs.AI 2406.01920
cs.AI 2406.01929
cs.AI 2406.01943
cs.AI 2406.01950
cs.AI 2406.01952
cs.AI 2406.01960
cs.AI 2406.01967
cs.AI 2406.01968
cs.AI 2406.01970
cs.AI 2406.01981
cs.AI 2406.01988
cs.AI 2406.01996
cs.AI 2406.02002
cs.AI 2406.02006
cs.AI 2406.02018
cs.AI 2406.02021
cs.AI 2406.02027
cs.AI 2406.02030
cs.AI 2406.02035
cs.AI 2406.02040
cs.AI 2406.02060
cs.AI 2406.02061
cs.AI 2406.02069
cs.AI 2406.02077
cs.AI 2406.02080
cs.AI 2406.02081
cs.AI 2406.02090
cs.AI 2406.02092
cs.AI 2406.02105
cs.AI 2406.02110
cs.AI 2406.02126
cs.AI 2406.02128
cs.AI 2406.02131
cs.AI 2406.02148
cs.AI 2406.02177
cs.AI 2406.02178
cs.AI 2406.02180
cs.AI 2406.02202
cs.AI 2406.02204
cs.AI 2406.02208
cs.AI 2406.02224
cs.AI 2406.02234
cs.AI 2406.02251
cs.AI 2406.02253
cs.AI 2406.02295
cs.AI 2406.02315
cs.AI 2406.02317
cs.AI 2406.02322
cs.AI 2406.02325
cs.AI 2406.02333
cs.AI 2406.02338
cs.AI 2406.02345
cs.AI 2406.02347
cs.AI 2406.02349
cs.AI 2406.02350
cs.AI 2406.02355
cs.AI 2406.02356
cs.AI 2406.02357
cs.AI 2406.02362
cs.AI 2406.02366
cs.AI 2406.02377
cs.AI 2406.02381
cs.AI 2406.02383
cs.AI 2406.02394
cs.AI 2406.02396
cs.AI 2406.02443
cs.AI 2406.02449
cs.AI 2406.02450
cs.AI 2406.02462
cs.AI 2406.02464
cs.AI 2406.02465
cs.AI 2406.02480
cs.AI 2406.02483
cs.AI 2406.02496
cs.AI 2406.02497
cs.AI 2406.02500
cs.AI 2406.02507
cs.AI 2406.02511
cs.AI 2406.02523
cs.AI 2406.02529
cs.AI 2406.02534
cs.AI 2406.02539
cs.AI 2406.02543
cs.AI 2406.01759
cs.AI 2406.01939
cs.AI 2406.02057
cs.AI 2406.02078
cs.AI 2406.02103
cs.AI 2406.02205
cs.AI 2406.02235
cs.AI 2406.01136
cs.AI 2406.02554
cs.AI 2406.02557
cs.AI 2406.02560
cs.AI 2406.02562
cs.AI 2406.02566
cs.AI 2406.02579
cs.AI 2406.02582
cs.AI 2406.02583
cs.AI 2406.02585
cs.AI 2406.02591
cs.AI 2406.02592
cs.AI 2406.02594
cs.AI 2406.02596
cs.AI 2406.02597
cs.AI 2406.02598
cs.AI 2406.02599
cs.AI 2406.02600
cs.AI 2406.02601
cs.AI 2406.02602
cs.AI 2406.02604
cs.AI 2406.02605
cs.AI 2406.02606
cs.AI 2406.02608
cs.AI 2406.02609
cs.AI 2406.02610
cs.AI 2406.02612
cs.AI 2406.02613
cs.AI 2406.02614
cs.AI 2406.02615
cs.AI 2406.02616
cs.AI 2406.02618
cs.AI 2406.02622
cs.AI 2406.02625
cs.AI 2406.02630
cs.AI 2406.02633
cs.AI 2406.02635
cs.AI 2406.02636
cs.AI 2406.02638
cs.AI 2406.02642
cs.AI 2406.02644
cs.AI 2406.02645
cs.AI 2406.02648
cs.AI 2406.02650
cs.AI 2406.02651
cs.AI 2406.02652
cs.AI 2406.02653
cs.AI 2406.02654
cs.AI 2406.02657
cs.AI 2406.02659
cs.AI 2406.02721
cs.AI 2406.02748
cs.AI 2406.02756
cs.AI 2406.02761
cs.AI 2406.02764
cs.AI 2406.02775
cs.AI 2406.02780
cs.AI 2406.02787
cs.AI 2406.02827
cs.AI 2406.02841
cs.AI 2406.02856
cs.AI 2406.02864
cs.AI 2406.02867
cs.AI 2406.02872
cs.AI 2406.02876
cs.AI 2406.02880
cs.AI 2406.02882
cs.AI 2406.02886
cs.AI 2406.02888
cs.AI 2406.02890
cs.AI 2406.02900
cs.AI 2406.02913
cs.AI 2406.02921
cs.AI 2406.02925
cs.AI 2406.02927
cs.AI 2406.02943
cs.AI 2406.02958
cs.AI 2406.02962
cs.AI 2406.02966
cs.AI 2406.02969
cs.AI 2406.02976
cs.AI 2406.02979
cs.AI 2406.02980
cs.AI 2406.02983
cs.AI 2406.02989
cs.AI 2406.03001
cs.AI 2406.03004
cs.AI 2406.03007
cs.AI 2406.03008
cs.AI 2406.03009
cs.AI 2406.03012
cs.AI 2406.03049
cs.AI 2406.03068
cs.AI 2406.03070
cs.AI 2406.03071
cs.AI 2406.03078
cs.AI 2406.03079
cs.AI 2406.03095
cs.AI 2406.03097
cs.AI 2406.03102
cs.AI 2406.03136
cs.AI 2406.03154
cs.AI 2406.03158
cs.AI 2406.03188
cs.AI 2406.03199
cs.AI 2406.03202
cs.AI 2406.03209
cs.AI 2406.03216
cs.AI 2406.03229
cs.AI 2406.03234
cs.AI 2406.03235
cs.AI 2406.03240
cs.AI 2406.03245
cs.AI 2406.03250
cs.AI 2406.03251
cs.AI 2406.03263
cs.AI 2406.03272
cs.AI 2406.03274
cs.AI 2406.03276
cs.AI 2406.03280
cs.AI 2406.03283
cs.AI 2406.03314
cs.AI 2406.03339
cs.AI 2406.03344
cs.AI 2406.03345
cs.AI 2406.03368
cs.AI 2406.03388
cs.AI 2406.03402
cs.AI 2406.03403
cs.AI 2406.03404
cs.AI 2406.03406
cs.AI 2406.03409
cs.AI 2406.03434
cs.AI 2406.03439
cs.AI 2406.03442
cs.AI 2406.03447
cs.AI 2406.03450
cs.AI 2406.03482
cs.AI 2406.03485
cs.AI 2406.03487
cs.AI 2406.03496
cs.AI 2406.02723
cs.AI 2406.02791
cs.AI 2406.02804
cs.AI 2406.02871
cs.AI 2406.03000
cs.AI 2406.03069
cs.AI 2406.03091
cs.AI 2406.03292
cs.AI 2406.03299
cs.AI 2406.03367
cs.AI 2406.03505
cs.AI 2406.03506
cs.AI 2406.03507
cs.AI 2406.03508
cs.AI 2406.03510
cs.AI 2406.03511
cs.AI 2406.03512
cs.AI 2406.03516
cs.AI 2406.03520
cs.AI 2406.03537
cs.AI 2406.03576
cs.AI 2406.03577
cs.AI 2406.03582
cs.AI 2406.03585
cs.AI 2406.03586
cs.AI 2406.03592
cs.AI 2406.03594
cs.AI 2406.03600
cs.AI 2406.03625
cs.AI 2406.03630
cs.AI 2406.03641
cs.AI 2406.03647
cs.AI 2406.03651
cs.AI 2406.03665
cs.AI 2406.03668
cs.AI 2406.03671
cs.AI 2406.03673
cs.AI 2406.03678
cs.AI 2406.03689
cs.AI 2406.03707
cs.AI 2406.03710
cs.AI 2406.03711
cs.AI 2406.03718
cs.AI 2406.03721
cs.AI 2406.03722
cs.AI 2406.03730
cs.AI 2406.03733
cs.AI 2406.03746
cs.AI 2406.03747
cs.AI 2406.03768
cs.AI 2406.03776
cs.AI 2406.03777
cs.AI 2406.03789
cs.AI 2406.03799
cs.AI 2406.03808
cs.AI 2406.03820
cs.AI 2406.03836
cs.AI 2406.03843
cs.AI 2406.03862
cs.AI 2406.03865
cs.AI 2406.03873
cs.AI 2406.03880
cs.AI 2406.03897
cs.AI 2406.03916
cs.AI 2406.03919
cs.AI 2406.03995
cs.AI 2406.04024
cs.AI 2406.04029
cs.AI 2406.04035
cs.AI 2406.04039
cs.AI 2406.04046
cs.AI 2406.04052
cs.AI 2406.04055
cs.AI 2406.04064
cs.AI 2406.04070
cs.AI 2406.04081
cs.AI 2406.04089
cs.AI 2406.04093
cs.AI 2406.04099
cs.AI 2406.04103
cs.AI 2406.04112
cs.AI 2406.04127
cs.AI 2406.04136
cs.AI 2406.04143
cs.AI 2406.04144
cs.AI 2406.04145
cs.AI 2406.04149
cs.AI 2406.04155
cs.AI 2406.04156
cs.AI 2406.04170
cs.AI 2406.04175
cs.AI 2406.04184
cs.AI 2406.04202
cs.AI 2406.04208
cs.AI 2406.04215
cs.AI 2406.04220
cs.AI 2406.04229
cs.AI 2406.04230
cs.AI 2406.04231
cs.AI 2406.04233
cs.AI 2406.04254
cs.AI 2406.04264
cs.AI 2406.04268
cs.AI 2406.04273
cs.AI 2406.04274
cs.AI 2406.04276
cs.AI 2406.04286
cs.AI 2406.04303
cs.AI 2406.04306
cs.AI 2406.04313
cs.AI 2406.04318
cs.AI 2406.04320
cs.AI 2406.04323
cs.AI 2406.04331
cs.AI 2406.04337
cs.AI 2406.04338
cs.AI 2406.03501
cs.AI 2406.03503
cs.AI 2406.03679
cs.AI 2406.03807
cs.AI 2406.03912
cs.AI 2406.03997
cs.AI 2406.04028
cs.AI 2406.04082
cs.AI 2406.04116
cs.AI 2406.04151
cs.AI 2406.03947
cs.AI 2406.04346
cs.AI 2406.04347
cs.AI 2406.04349
cs.AI 2406.04350
cs.AI 2406.04356
cs.AI 2406.04359
cs.AI 2406.04368
cs.AI 2406.04369
cs.AI 2406.04370
cs.AI 2406.04371
cs.AI 2406.04373
cs.AI 2406.04379
cs.AI 2406.04382
cs.AI 2406.04383
cs.AI 2406.04384
cs.AI 2406.04388
cs.AI 2406.04391
cs.AI 2406.04412
cs.AI 2406.04413
cs.AI 2406.04426
cs.AI 2406.04428
cs.AI 2406.04432
cs.AI 2406.04438
cs.AI 2406.04446
cs.AI 2406.04456
cs.AI 2406.04464
cs.AI 2406.04470
cs.AI 2406.04482
cs.AI 2406.04496
cs.AI 2406.04501
cs.AI 2406.04508
cs.AI 2406.04520
cs.AI 2406.04551
cs.AI 2406.04553
cs.AI 2406.04555
cs.AI 2406.04566
cs.AI 2406.04568
cs.AI 2406.04575
cs.AI 2406.04584
cs.AI 2406.04594
cs.AI 2406.04606
cs.AI 2406.04607
cs.AI 2406.04609
cs.AI 2406.04612
cs.AI 2406.04614
cs.AI 2406.04625
cs.AI 2406.04627
cs.AI 2406.04635
cs.AI 2406.04639
cs.AI 2406.04657
cs.AI 2406.04658
cs.AI 2406.04670
cs.AI 2406.04671
cs.AI 2406.04673
cs.AI 2406.04693
cs.AI 2406.04699
cs.AI 2406.04710
cs.AI 2406.04713
cs.AI 2406.04724
cs.AI 2406.04727
cs.AI 2406.04746
cs.AI 2406.04755
cs.AI 2406.04770
cs.AI 2406.04772
cs.AI 2406.04776
cs.AI 2406.04779
cs.AI 2406.04780
cs.AI 2406.04784
cs.AI 2406.04793
cs.AI 2406.04806
cs.AI 2406.04809
cs.AI 2406.04812
cs.AI 2406.04815
cs.AI 2406.04820
cs.AI 2406.04823
cs.AI 2406.04825
cs.AI 2406.04836
cs.AI 2406.04841
cs.AI 2406.04845
cs.AI 2406.04848
cs.AI 2406.04851
cs.AI 2406.04867
cs.AI 2406.04873
cs.AI 2406.04882
cs.AI 2406.04886
cs.AI 2406.04890
cs.AI 2406.04896
cs.AI 2406.04899
cs.AI 2406.04906
cs.AI 2406.04910
cs.AI 2406.04934
cs.AI 2406.04938
cs.AI 2406.04940
cs.AI 2406.04949
cs.AI 2406.04952
cs.AI 2406.04955
cs.AI 2406.04956
cs.AI 2406.04963
cs.AI 2406.04964
cs.AI 2406.04975
cs.AI 2406.04998
cs.AI 2406.05002
cs.AI 2406.05017
cs.AI 2406.05027
cs.AI 2406.05035
cs.AI 2406.05036
cs.AI 2406.05038
cs.AI 2406.05053
cs.AI 2406.05068
cs.AI 2406.05080
cs.AI 2406.05085
cs.AI 2406.05086
cs.AI 2406.05090
cs.AI 2406.05113
cs.AI 2406.05132
cs.AI 2406.04481
cs.AI 2406.04485
cs.AI 2406.04533
cs.AI 2406.04598
cs.AI 2406.04734
cs.AI 2406.04800
cs.AI 2406.04838
cs.AI 2406.04913
cs.AI 2406.04935
cs.AI 2406.05055
cs.AI 2406.05071
cs.AI 2402.04012
cs.AI 2406.03470
cs.AI 2406.05136
cs.AI 2406.05142
cs.AI 2406.05183
cs.AI 2406.05187
cs.AI 2406.05189
cs.AI 2406.05190
cs.AI 2406.05194
cs.AI 2406.05213
cs.AI 2406.05223
cs.AI 2406.05249
cs.AI 2406.05255
cs.AI 2406.05259
cs.AI 2406.05265
cs.AI 2406.05279
cs.AI 2406.05288
cs.AI 2406.05307
cs.AI 2406.05314
cs.AI 2406.05315
cs.AI 2406.05318
cs.AI 2406.05322
cs.AI 2406.05339
cs.AI 2406.05347
cs.AI 2406.05348
cs.AI 2406.05354
cs.AI 2406.05364
cs.AI 2406.05365
cs.AI 2406.05369
cs.AI 2406.05392
cs.AI 2406.05396
cs.AI 2406.05409
cs.AI 2406.05413
cs.AI 2406.05443
cs.AI 2406.05446
cs.AI 2406.05460
cs.AI 2406.05464
cs.AI 2406.05478
cs.AI 2406.05488
cs.AI 2406.05498
cs.AI 2406.05505
cs.AI 2406.05516
cs.AI 2406.05531
cs.AI 2406.05532
cs.AI 2406.05533
cs.AI 2406.05535
cs.AI 2406.05540
cs.AI 2406.05543
cs.AI 2406.05546
cs.AI 2406.05551
cs.AI 2406.05559
cs.AI 2406.05564
cs.AI 2406.05572
cs.AI 2406.05587
cs.AI 2406.05588
cs.AI 2406.05590
cs.AI 2406.05603
cs.AI 2406.05605
cs.AI 2406.05612
cs.AI 2406.05621
cs.AI 2406.05623
cs.AI 2406.05631
cs.AI 2406.05644
cs.AI 2406.05649
cs.AI 2406.05653
cs.AI 2406.05658
cs.AI 2406.05659
cs.AI 2406.05682
cs.AI 2406.05688
cs.AI 2406.05699
cs.AI 2406.05707
cs.AI 2406.05724
cs.AI 2406.05745
cs.AI 2406.05753
cs.AI 2406.05754
cs.AI 2406.05766
cs.AI 2406.05768
cs.AI 2406.05794
cs.AI 2406.05797
cs.AI 2406.05798
cs.AI 2406.05802
cs.AI 2406.05805
cs.AI 2406.05812
cs.AI 2406.05814
cs.AI 2406.05826
cs.AI 2406.05828
cs.AI 2406.05837
cs.AI 2406.05839
cs.AI 2406.05855
cs.AI 2406.05862
cs.AI 2406.05866
cs.AI 2406.05872
cs.AI 2406.05873
cs.AI 2406.05887
cs.AI 2406.05898
cs.AI 2406.05902
cs.AI 2406.05906
cs.AI 2406.05912
cs.AI 2406.05918
cs.AI 2406.05925
cs.AI 2406.05946
cs.AI 2406.05948
cs.AI 2406.05963
cs.AI 2406.05965
cs.AI 2406.05967
cs.AI 2406.05981
cs.AI 2406.05984
cs.AI 2406.05995
cs.AI 2406.05999
cs.AI 2406.06004
cs.AI 2406.06009
cs.AI 2406.06017
cs.AI 2406.06037
cs.AI 2406.06045
cs.AI 2406.06048
cs.AI 2406.06061
cs.AI 2406.06062
cs.AI 2406.06097
cs.AI 2406.06103
cs.AI 2406.06110
cs.AI 2406.06111
cs.AI 2406.06124
cs.AI 2406.06127
cs.AI 2406.06134
cs.AI 2406.06139
cs.AI 2406.06144
cs.AI 2406.06158
cs.AI 2406.06165
cs.AI 2406.06192
cs.AI 2406.06199
cs.AI 2406.06201
cs.AI 2406.06210
cs.AI 2406.06213
cs.AI 2406.06218
cs.AI 2406.06220
cs.AI 2406.06262
cs.AI 2406.06309
cs.AI 2406.06316
cs.AI 2406.06331
cs.AI 2406.06340
cs.AI 2406.06341
cs.AI 2406.06356
cs.AI 2406.06357
cs.AI 2406.06363
cs.AI 2406.06372
cs.AI 2406.06375
cs.AI 2406.06385
cs.AI 2406.06397
cs.AI 2406.06399
cs.AI 2406.06400
cs.AI 2406.06417
cs.AI 2406.06433
cs.AI 2406.06435
cs.AI 2406.06441
cs.AI 2406.06451
cs.AI 2406.06460
cs.AI 2406.06465
cs.AI 2406.06467
cs.AI 2406.06470
cs.AI 2406.06475
cs.AI 2406.06478
cs.AI 2406.06485
cs.AI 2406.06494
cs.AI 2406.06508
cs.AI 2406.06512
cs.AI 2406.06520
cs.AI 2406.06527
cs.AI 2406.05250
cs.AI 2406.05343
cs.AI 2406.05375
cs.AI 2406.05410
cs.AI 2406.05418
cs.AI 2406.05422
cs.AI 2406.05439
cs.AI 2406.05506
cs.AI 2406.05534
cs.AI 2406.05673
cs.AI 2406.05720
cs.AI 2406.05746
cs.AI 2406.05756
cs.AI 2406.05764
cs.AI 2406.05804
cs.AI 2406.05954
cs.AI 2406.05972
cs.AI 2406.06051
cs.AI 2406.06107
cs.AI 2406.06184
cs.AI 2406.06455
cs.AI 2406.06464
cs.AI 2406.06469
cs.AI 2406.06474
cs.AI 2406.06500
cs.GT 2008.12846
cs.GT 2406.01756
cs.GT 2406.01794
cs.GT 2406.02402
cs.GT 2406.02357
cs.GT 2406.02400
cs.GT 2406.03422
cs.GT 2405.08005
cs.GT 2406.03674
cs.GT 2406.04231
cs.GT 2406.03565
cs.GT 2406.03928
cs.GT 2406.04062
cs.GT 2406.04374
cs.GT 2406.05086
cs.GT 2406.05124
cs.GT 2406.05077
cs.GT 2406.05287
cs.GT 2406.06023
cs.GT 2406.06468
cs.GT 2406.05187
cs.GT 2406.05245
cs.GT 2406.05742
cs.GT 2406.05988
cs.GT 2406.06041
cs.GT 2406.06363
cs.DC 2406.01698
cs.DC 2406.01753
cs.DC 2406.01872
cs.DC 2406.01939
cs.DC 2406.02015
cs.DC 2406.02082
cs.DC 2406.02177
cs.DC 2406.02316
cs.DC 2406.02318
cs.DC 2406.02355
cs.DC 2406.02416
cs.DC 2406.01601
cs.DC 2406.01739
cs.DC 2406.01774
cs.DC 2406.02216
cs.DC 2406.02252
cs.DC 2406.02877
cs.DC 2406.02939
cs.DC 2406.02958
cs.DC 2406.03077
cs.DC 2406.03159
cs.DC 2406.03186
cs.DC 2406.02803
cs.DC 2406.03169
cs.DC 2406.03285
cs.DC 2406.03488
cs.DC 2406.03243
cs.DC 2406.03519
cs.DC 2406.03608
cs.DC 2406.03611
cs.DC 2406.03766
cs.DC 2406.03739
cs.DC 2406.03762
cs.DC 2406.03868
cs.DC 2406.04210
cs.DC 2406.04743
cs.DC 2406.04780
cs.DC 2406.04845
cs.DC 2406.04480
cs.DC 2406.04497
cs.DC 2406.04594
cs.DC 2406.04747
cs.DC 2406.04785
cs.DC 2406.05233
cs.DC 2406.05294
cs.DC 2406.05303
cs.DC 2406.05354
cs.DC 2406.05377
cs.DC 2406.06022
cs.DC 2406.06154
cs.DC 2406.06348
cs.DC 2406.05221
cs.DC 2406.05490
cs.DC 2406.05546
cs.DC 2406.05568
cs.DC 2406.05577
cs.DC 2406.05594
cs.DC 2406.05858
cs.DC 2406.05904
cs.DC 2406.05962
cs.DC 2406.06318
cs.FL 2405.20753
cs.FL 2406.00120
cs.FL 2406.01525
cs.FL 2406.00688
cs.FL 2406.01008
cs.FL 2406.02160
cs.FL 2406.02763
cs.FL 2406.05564
cs.FL 2406.05709
cs.FL 2406.06513
cs.FL 2406.06141
cs.CR 2406.01603
cs.CR 2406.01738
cs.CR 2406.01852
cs.CR 2406.01873
cs.CR 2406.02027
cs.CR 2406.02064
cs.CR 2406.02253
cs.CR 2406.02481
cs.CR 2406.01708
cs.CR 2406.01744
cs.CR 2406.01794
cs.CR 2406.01811
cs.CR 2406.01842
cs.CR 2406.01872
cs.CR 2406.01882
cs.CR 2406.01918
cs.CR 2406.01927
cs.CR 2406.01946
cs.CR 2406.01964
cs.CR 2406.02004
cs.CR 2406.02011
cs.CR 2406.02023
cs.CR 2406.02140
cs.CR 2406.02156
cs.CR 2406.02172
cs.CR 2406.02316
cs.CR 2406.02463
cs.CR 2406.02575
cs.CR 2406.02577
cs.CR 2406.02716
cs.CR 2406.02736
cs.CR 2406.02789
cs.CR 2406.02797
cs.CR 2406.02883
cs.CR 2406.02958
cs.CR 2406.03007
cs.CR 2406.03143
cs.CR 2406.03208
cs.CR 2406.03379
cs.CR 2406.03399
cs.CR 2406.03404
cs.CR 2406.03405
cs.CR 2406.02599
cs.CR 2406.02603
cs.CR 2406.02605
cs.CR 2406.02606
cs.CR 2406.02619
cs.CR 2406.02622
cs.CR 2406.02624
cs.CR 2406.02629
cs.CR 2406.02630
cs.CR 2406.02632
cs.CR 2406.02633
cs.CR 2406.02636
cs.CR 2406.02644
cs.CR 2406.02654
cs.CR 2406.02737
cs.CR 2406.02744
cs.CR 2406.02768
cs.CR 2406.02836
cs.CR 2406.03133
cs.CR 2406.03182
cs.CR 2406.03186
cs.CR 2406.03187
cs.CR 2406.03193
cs.CR 2406.03230
cs.CR 2406.03322
cs.CR 2406.03401
cs.CR 2406.03423
cs.CR 2406.03508
cs.CR 2406.03519
cs.CR 2406.03620
cs.CR 2406.03684
cs.CR 2406.03820
cs.CR 2406.03822
cs.CR 2406.04031
cs.CR 2406.04227
cs.CR 2406.03516
cs.CR 2406.03559
cs.CR 2406.03608
cs.CR 2406.03695
cs.CR 2406.03718
cs.CR 2406.03785
cs.CR 2406.03786
cs.CR 2406.03802
cs.CR 2406.03805
cs.CR 2406.03831
cs.CR 2406.03836
cs.CR 2406.03933
cs.CR 2406.04027
cs.CR 2406.04061
cs.CR 2406.04076
cs.CR 2406.04290
cs.CR 2406.04535
cs.CR 2406.04610
cs.CR 2406.04734
cs.CR 2406.04743
cs.CR 2406.04827
cs.CR 2406.04868
cs.CR 2406.04903
cs.CR 2406.04517
cs.CR 2406.04658
cs.CR 2406.04705
cs.CR 2406.04718
cs.CR 2406.04719
cs.CR 2406.04755
cs.CR 2406.04805
cs.CR 2406.04809
cs.CR 2406.05257
cs.CR 2406.05264
cs.CR 2406.05491
cs.CR 2406.05535
cs.CR 2406.05545
cs.CR 2406.05568
cs.CR 2406.05644
cs.CR 2406.05660
cs.CR 2406.05670
cs.CR 2406.05726
cs.CR 2406.05800
cs.CR 2406.05826
cs.CR 2406.05858
cs.CR 2406.05904
cs.CR 2406.05927
cs.CR 2406.05929
cs.CR 2406.06153
cs.CR 2406.06207
cs.CR 2406.06231
cs.CR 2406.06252
cs.CR 2406.06318
cs.CR 2406.06408
cs.CR 2406.06443
cs.CR 2406.06483
cs.CR 2406.05134
cs.CR 2406.05137
cs.CR 2406.05151
cs.CR 2406.05310
cs.CR 2406.05362
cs.CR 2406.05364
cs.CR 2406.05403
cs.CR 2406.05443
cs.CR 2406.05451
cs.CR 2406.05459
cs.CR 2406.05472
cs.CR 2406.05498
cs.CR 2406.05517
cs.CR 2406.05590
cs.CR 2406.05870
cs.CR 2406.05874
cs.CR 2406.05892
cs.CR 2406.05933
cs.CR 2406.05941
cs.CR 2406.05942
cs.CR 2406.05946
cs.CR 2406.05948
cs.CR 2406.06034
cs.CR 2406.06099
cs.CR 2406.06164
cs.CR 2406.06186
cs.CR 2406.06225
cs.CR 2406.06261
cs.CR 2406.06302
cs.CR 2406.06429
cs.CR 2406.06473
cs.CR 2406.06477
cs.IR 2406.01876
cs.IR 2406.01906
cs.IR 2406.02245
cs.IR 2406.01603
cs.IR 2406.01604
cs.IR 2406.01606
cs.IR 2406.01607
cs.IR 2406.01608
cs.IR 2406.01609
cs.IR 2406.01611
cs.IR 2406.01618
cs.IR 2406.01629
cs.IR 2406.01631
cs.IR 2406.01633
cs.IR 2406.01702
cs.IR 2406.02048
cs.IR 2406.02135
cs.IR 2406.02163
cs.IR 2406.02368
cs.IR 2406.02377
cs.IR 2406.02606
cs.IR 2406.02962
cs.IR 2406.03064
cs.IR 2406.03085
cs.IR 2406.03221
cs.IR 2406.02844
cs.IR 2406.02891
cs.IR 2406.02943
cs.IR 2406.03109
cs.IR 2406.03210
cs.IR 2406.03248
cs.IR 2406.03721
cs.IR 2406.03776
cs.IR 2406.03933
cs.IR 2406.03986
cs.IR 2406.04257
cs.IR 2406.04331
cs.IR 2406.03858
cs.IR 2406.03892
cs.IR 2406.04292
cs.IR 2406.04298
cs.IR 2406.04488
cs.IR 2406.04548
cs.IR 2406.04567
cs.IR 2406.05085
cs.IR 2406.04374
cs.IR 2406.04384
cs.IR 2406.04553
cs.IR 2406.04635
cs.IR 2406.04828
cs.IR 2406.05013
cs.IR 2406.05087
cs.IR 2406.05265
cs.IR 2406.05348
cs.IR 2406.05629
cs.IR 2406.05654
cs.IR 2406.05666
cs.IR 2406.05984
cs.IR 2406.06006
cs.IR 2406.06183
cs.IR 2406.06257
cs.IR 2406.06458
cs.IR 2406.05247
cs.IR 2406.05387
cs.IR 2406.05505
cs.IR 2406.05578
cs.IR 2406.05898
cs.IR 2406.05977
cs.IR 2406.06031
cs.IR 2406.06043
cs.IR 2406.06061
cs.IR 2406.06475
cs.IR 2406.06519
cs.CL 2406.01606
cs.CL 2406.01607
cs.CL 2406.01608
cs.CL 2406.01609
cs.CL 2406.01624
cs.CL 2406.01633
cs.CL 2406.01638
cs.CL 2406.01789
cs.CL 2406.01876
cs.CL 2406.01895
cs.CL 2406.01914
cs.CL 2406.01946
cs.CL 2406.02004
cs.CL 2406.02009
cs.CL 2406.02061
cs.CL 2406.02128
cs.CL 2406.02133
cs.CL 2406.02135
cs.CL 2406.02166
cs.CL 2406.02208
cs.CL 2406.02265
cs.CL 2406.02332
cs.CL 2406.02356
cs.CL 2406.02368
cs.CL 2406.02377
cs.CL 2406.02469
cs.CL 2406.02488
cs.CL 2406.02539
cs.CL 2406.02543
cs.CL 2406.01721
cs.CL 2406.01749
cs.CL 2406.01771
cs.CL 2406.01775
cs.CL 2406.01806
cs.CL 2406.01835
cs.CL 2406.01855
cs.CL 2406.01860
cs.CL 2406.01863
cs.CL 2406.01866
cs.CL 2406.01873
cs.CL 2406.01879
cs.CL 2406.01919
cs.CL 2406.01931
cs.CL 2406.01934
cs.CL 2406.01940
cs.CL 2406.01943
cs.CL 2406.01976
cs.CL 2406.01981
cs.CL 2406.01983
cs.CL 2406.01988
cs.CL 2406.02002
cs.CL 2406.02018
cs.CL 2406.02030
cs.CL 2406.02044
cs.CL 2406.02050
cs.CL 2406.02060
cs.CL 2406.02069
cs.CL 2406.02079
cs.CL 2406.02080
cs.CL 2406.02100
cs.CL 2406.02106
cs.CL 2406.02110
cs.CL 2406.02120
cs.CL 2406.02134
cs.CL 2406.02143
cs.CL 2406.02148
cs.CL 2406.02224
cs.CL 2406.02237
cs.CL 2406.02245
cs.CL 2406.02251
cs.CL 2406.02266
cs.CL 2406.02267
cs.CL 2406.02301
cs.CL 2406.02325
cs.CL 2406.02329
cs.CL 2406.02331
cs.CL 2406.02335
cs.CL 2406.02338
cs.CL 2406.02350
cs.CL 2406.02376
cs.CL 2406.02378
cs.CL 2406.02394
cs.CL 2406.02396
cs.CL 2406.02449
cs.CL 2406.02472
cs.CL 2406.02481
cs.CL 2406.02517
cs.CL 2406.02524
cs.CL 2406.02528
cs.CL 2406.02532
cs.CL 2406.02536
cs.CL 2406.02537
cs.CL 2406.02554
cs.CL 2406.02555
cs.CL 2406.02560
cs.CL 2406.02562
cs.CL 2406.02563
cs.CL 2406.02565
cs.CL 2406.02566
cs.CL 2406.02592
cs.CL 2406.02791
cs.CL 2406.02795
cs.CL 2406.02798
cs.CL 2406.02804
cs.CL 2406.02844
cs.CL 2406.02900
cs.CL 2406.02924
cs.CL 2406.02925
cs.CL 2406.02943
cs.CL 2406.02950
cs.CL 2406.02958
cs.CL 2406.02969
cs.CL 2406.03008
cs.CL 2406.03068
cs.CL 2406.03248
cs.CL 2406.03280
cs.CL 2406.03287
cs.CL 2406.03299
cs.CL 2406.03445
cs.CL 2406.03476
cs.CL 2406.03482
cs.CL 2406.02575
cs.CL 2406.02577
cs.CL 2406.02657
cs.CL 2406.02721
cs.CL 2406.02733
cs.CL 2406.02746
cs.CL 2406.02756
cs.CL 2406.02787
cs.CL 2406.02818
cs.CL 2406.02826
cs.CL 2406.02830
cs.CL 2406.02832
cs.CL 2406.02856
cs.CL 2406.02863
cs.CL 2406.02864
cs.CL 2406.02876
cs.CL 2406.02882
cs.CL 2406.02886
cs.CL 2406.02888
cs.CL 2406.02893
cs.CL 2406.02902
cs.CL 2406.02903
cs.CL 2406.02911
cs.CL 2406.02919
cs.CL 2406.02921
cs.CL 2406.02959
cs.CL 2406.02962
cs.CL 2406.02974
cs.CL 2406.03004
cs.CL 2406.03007
cs.CL 2406.03009
cs.CL 2406.03030
cs.CL 2406.03049
cs.CL 2406.03062
cs.CL 2406.03075
cs.CL 2406.03079
cs.CL 2406.03092
cs.CL 2406.03125
cs.CL 2406.03127
cs.CL 2406.03151
cs.CL 2406.03158
cs.CL 2406.03170
cs.CL 2406.03181
cs.CL 2406.03198
cs.CL 2406.03199
cs.CL 2406.03202
cs.CL 2406.03221
cs.CL 2406.03235
cs.CL 2406.03239
cs.CL 2406.03339
cs.CL 2406.03363
cs.CL 2406.03368
cs.CL 2406.03397
cs.CL 2406.03441
cs.CL 2406.03442
cs.CL 2406.03450
cs.CL 2406.03452
cs.CL 2406.03479
cs.CL 2406.03486
cs.CL 2406.03487
cs.CL 2406.03496
cs.CL 2406.03614
cs.CL 2406.03637
cs.CL 2406.03706
cs.CL 2406.03707
cs.CL 2406.03718
cs.CL 2406.03736
cs.CL 2406.03807
cs.CL 2406.03857
cs.CL 2406.04116
cs.CL 2406.04151
cs.CL 2406.04229
cs.CL 2406.04240
cs.CL 2406.04264
cs.CL 2406.04274
cs.CL 2406.04292
cs.CL 2406.04298
cs.CL 2406.04313
cs.CL 2406.04344
cs.CL 2406.03589
cs.CL 2406.03592
cs.CL 2406.03600
cs.CL 2406.03618
cs.CL 2406.03642
cs.CL 2406.03666
cs.CL 2406.03673
cs.CL 2406.03689
cs.CL 2406.03699
cs.CL 2406.03703
cs.CL 2406.03712
cs.CL 2406.03725
cs.CL 2406.03746
cs.CL 2406.03749
cs.CL 2406.03772
cs.CL 2406.03776
cs.CL 2406.03790
cs.CL 2406.03792
cs.CL 2406.03814
cs.CL 2406.03816
cs.CL 2406.03827
cs.CL 2406.03847
cs.CL 2406.03853
cs.CL 2406.03855
cs.CL 2406.03869
cs.CL 2406.03872
cs.CL 2406.03878
cs.CL 2406.03881
cs.CL 2406.03882
cs.CL 2406.03893
cs.CL 2406.03897
cs.CL 2406.03916
cs.CL 2406.03930
cs.CL 2406.03949
cs.CL 2406.03953
cs.CL 2406.03963
cs.CL 2406.03986
cs.CL 2406.03993
cs.CL 2406.04024
cs.CL 2406.04025
cs.CL 2406.04064
cs.CL 2406.04106
cs.CL 2406.04109
cs.CL 2406.04113
cs.CL 2406.04127
cs.CL 2406.04136
cs.CL 2406.04143
cs.CL 2406.04145
cs.CL 2406.04146
cs.CL 2406.04156
cs.CL 2406.04175
cs.CL 2406.04197
cs.CL 2406.04202
cs.CL 2406.04214
cs.CL 2406.04215
cs.CL 2406.04216
cs.CL 2406.04218
cs.CL 2406.04220
cs.CL 2406.04233
cs.CL 2406.04244
cs.CL 2406.04267
cs.CL 2406.04271
cs.CL 2406.04278
cs.CL 2406.04286
cs.CL 2406.04289
cs.CL 2406.04331
cs.CL 2406.04379
cs.CL 2406.04391
cs.CL 2406.04412
cs.CL 2406.04432
cs.CL 2406.04467
cs.CL 2406.04493
cs.CL 2406.04501
cs.CL 2406.04595
cs.CL 2406.04615
cs.CL 2406.04734
cs.CL 2406.04746
cs.CL 2406.04800
cs.CL 2406.04851
cs.CL 2406.04882
cs.CL 2406.04886
cs.CL 2406.04904
cs.CL 2406.04927
cs.CL 2406.05039
cs.CL 2406.05080
cs.CL 2406.05084
cs.CL 2406.05132
cs.CL 2406.04368
cs.CL 2406.04370
cs.CL 2406.04371
cs.CL 2406.04383
cs.CL 2406.04428
cs.CL 2406.04438
cs.CL 2406.04449
cs.CL 2406.04460
cs.CL 2406.04461
cs.CL 2406.04478
cs.CL 2406.04482
cs.CL 2406.04496
cs.CL 2406.04512
cs.CL 2406.04520
cs.CL 2406.04523
cs.CL 2406.04528
cs.CL 2406.04541
cs.CL 2406.04555
cs.CL 2406.04566
cs.CL 2406.04578
cs.CL 2406.04583
cs.CL 2406.04604
cs.CL 2406.04614
cs.CL 2406.04625
cs.CL 2406.04630
cs.CL 2406.04638
cs.CL 2406.04643
cs.CL 2406.04669
cs.CL 2406.04670
cs.CL 2406.04692
cs.CL 2406.04712
cs.CL 2406.04744
cs.CL 2406.04752
cs.CL 2406.04758
cs.CL 2406.04770
cs.CL 2406.04784
cs.CL 2406.04823
cs.CL 2406.04834
cs.CL 2406.04836
cs.CL 2406.04845
cs.CL 2406.04847
cs.CL 2406.04854
cs.CL 2406.04855
cs.CL 2406.04866
cs.CL 2406.04876
cs.CL 2406.04879
cs.CL 2406.04892
cs.CL 2406.04926
cs.CL 2406.04941
cs.CL 2406.04947
cs.CL 2406.04952
cs.CL 2406.04984
cs.CL 2406.04988
cs.CL 2406.04989
cs.CL 2406.05035
cs.CL 2406.05063
cs.CL 2406.05079
cs.CL 2406.05085
cs.CL 2406.05130
cs.CL 2406.05013
cs.CL 2406.05183
cs.CL 2406.05190
cs.CL 2406.05205
cs.CL 2406.05259
cs.CL 2406.05317
cs.CL 2406.05343
cs.CL 2406.05410
cs.CL 2406.05510
cs.CL 2406.05515
cs.CL 2406.05516
cs.CL 2406.05534
cs.CL 2406.05540
cs.CL 2406.05547
cs.CL 2406.05551
cs.CL 2406.05564
cs.CL 2406.05602
cs.CL 2406.05629
cs.CL 2406.05651
cs.CL 2406.05673
cs.CL 2406.05756
cs.CL 2406.05766
cs.CL 2406.05797
cs.CL 2406.05804
cs.CL 2406.05814
cs.CL 2406.05870
cs.CL 2406.05872
cs.CL 2406.05881
cs.CL 2406.05902
cs.CL 2406.05955
cs.CL 2406.05967
cs.CL 2406.05968
cs.CL 2406.05981
cs.CL 2406.06004
cs.CL 2406.06007
cs.CL 2406.06025
cs.CL 2406.06097
cs.CL 2406.06139
cs.CL 2406.06220
cs.CL 2406.06251
cs.CL 2406.06382
cs.CL 2406.06385
cs.CL 2406.06391
cs.CL 2406.06393
cs.CL 2406.06443
cs.CL 2406.06455
cs.CL 2406.06464
cs.CL 2406.06465
cs.CL 2406.06469
cs.CL 2406.06474
cs.CL 2406.06484
cs.CL 2406.06496
cs.CL 2406.05186
cs.CL 2406.05194
cs.CL 2406.05213
cs.CL 2406.05232
cs.CL 2406.05255
cs.CL 2406.05265
cs.CL 2406.05274
cs.CL 2406.05279
cs.CL 2406.05307
cs.CL 2406.05315
cs.CL 2406.05322
cs.CL 2406.05326
cs.CL 2406.05328
cs.CL 2406.05344
cs.CL 2406.05348
cs.CL 2406.05360
cs.CL 2406.05361
cs.CL 2406.05365
cs.CL 2406.05369
cs.CL 2406.05370
cs.CL 2406.05374
cs.CL 2406.05392
cs.CL 2406.05424
cs.CL 2406.05431
cs.CL 2406.05446
cs.CL 2406.05460
cs.CL 2406.05494
cs.CL 2406.05496
cs.CL 2406.05559
cs.CL 2406.05569
cs.CL 2406.05587
cs.CL 2406.05588
cs.CL 2406.05606
cs.CL 2406.05615
cs.CL 2406.05625
cs.CL 2406.05644
cs.CL 2406.05654
cs.CL 2406.05659
cs.CL 2406.05661
cs.CL 2406.05678
cs.CL 2406.05688
cs.CL 2406.05690
cs.CL 2406.05707
cs.CL 2406.05733
cs.CL 2406.05760
cs.CL 2406.05761
cs.CL 2406.05794
cs.CL 2406.05798
cs.CL 2406.05806
cs.CL 2406.05812
cs.CL 2406.05845
cs.CL 2406.05862
cs.CL 2406.05876
cs.CL 2406.05885
cs.CL 2406.05888
cs.CL 2406.05906
cs.CL 2406.05918
cs.CL 2406.05925
cs.CL 2406.05930
cs.CL 2406.05995
cs.CL 2406.06000
cs.CL 2406.06021
cs.CL 2406.06027
cs.CL 2406.06032
cs.CL 2406.06046
cs.CL 2406.06052
cs.CL 2406.06056
cs.CL 2406.06073
cs.CL 2406.06110
cs.CL 2406.06124
cs.CL 2406.06125
cs.CL 2406.06127
cs.CL 2406.06131
cs.CL 2406.06140
cs.CL 2406.06144
cs.CL 2406.06196
cs.CL 2406.06257
cs.CL 2406.06263
cs.CL 2406.06279
cs.CL 2406.06316
cs.CL 2406.06326
cs.CL 2406.06329
cs.CL 2406.06331
cs.CL 2406.06355
cs.CL 2406.06357
cs.CL 2406.06366
cs.CL 2406.06369
cs.CL 2406.06371
cs.CL 2406.06399
cs.CL 2406.06401
cs.CL 2406.06403
cs.CL 2406.06406
cs.CL 2406.06435
cs.CL 2406.06438
cs.CL 2406.06441
cs.CL 2406.06458
cs.CL 2406.06461
cs.CL 2406.06485
cs.GR 2406.01597
cs.GR 2406.01829
cs.GR 2406.01996
cs.GR 2406.02383
cs.GR 2406.01936
cs.GR 2406.01136
cs.GR 2406.02720
cs.GR 2406.03183
cs.GR 2406.03417
cs.GR 2406.03599
cs.GR 2406.03723
cs.GR 2406.03756
cs.GR 2406.03965
cs.GR 2406.04115
cs.GR 2406.04155
cs.GR 2406.04309
cs.GR 2406.04338
cs.GR 2406.03966
cs.GR 2406.04008
cs.GR 2406.04014
cs.GR 2406.04542
cs.GR 2406.04629
cs.GR 2406.04861
cs.GR 2406.04960
cs.GR 2406.05261
cs.GR 2406.05404
cs.GR 2406.05475
cs.GR 2406.05533
cs.GR 2406.05691
cs.GR 2406.05852
cs.GR 2406.06005
cs.GR 2406.06146
cs.GR 2406.06508
cs.GR 2406.06527
cs.GR 2406.05928
cs.DS 2406.01739
cs.DS 2406.01911
cs.DS 2406.02156
cs.DS 2406.02357
cs.DS 2406.02502
cs.DS 2406.01856
cs.DS 2406.01910
cs.DS 2406.01999
cs.DS 2406.02082
cs.DS 2406.02431
cs.DS 2406.02432
cs.DS 2406.02628
cs.DS 2406.02644
cs.DS 2406.02732
cs.DS 2406.02763
cs.DS 2406.02891
cs.DS 2406.03006
cs.DS 2406.03169
cs.DS 2406.02739
cs.DS 2406.02742
cs.DS 2406.02749
cs.DS 2406.02789
cs.DS 2406.02910
cs.DS 2406.03152
cs.DS 2406.03620
cs.DS 2406.03632
cs.DS 2406.03802
cs.DS 2406.03972
cs.DS 2406.04179
cs.DS 2406.04229
cs.DS 2406.04336
cs.DS 2406.03574
cs.DS 2406.03648
cs.DS 2406.03674
cs.DS 2406.03778
cs.DS 2406.03922
cs.DS 2406.04738
cs.DS 2406.04860
cs.DS 2406.04868
cs.DS 2406.04385
cs.DS 2406.04459
cs.DS 2406.04507
cs.DS 2406.04793
cs.DS 2406.04857
cs.DS 2406.05066
cs.DS 2406.05077
cs.DS 2406.05642
cs.DS 2406.05742
cs.DS 2406.05959
cs.DS 2406.06023
cs.DS 2406.06106
cs.DS 2406.06359
cs.DS 2406.05162
cs.DS 2406.05254
cs.DS 2406.06321
cs.DS 2406.06468
cs.IT 2406.01699
cs.IT 2406.01922
cs.IT 2406.02105
cs.IT 2406.01903
cs.IT 2406.01921
cs.IT 2406.01937
cs.IT 2406.02001
cs.IT 2406.02012
cs.IT 2406.02065
cs.IT 2406.02164
cs.IT 2406.02170
cs.IT 2406.02238
cs.IT 2406.03072
cs.IT 2406.03086
cs.IT 2406.03162
cs.IT 2406.03213
cs.IT 2406.02812
cs.IT 2406.02898
cs.IT 2406.02904
cs.IT 2406.03011
cs.IT 2406.03087
cs.IT 2406.03098
cs.IT 2406.03427
cs.IT 2406.03438
cs.IT 2406.01768
cs.IT 2406.03652
cs.IT 2406.03694
cs.IT 2406.03766
cs.IT 2406.03824
cs.IT 2406.04034
cs.IT 2406.04188
cs.IT 2406.04282
cs.IT 2406.03548
cs.IT 2406.03693
cs.IT 2406.03773
cs.IT 2406.03803
cs.IT 2406.03888
cs.IT 2406.03918
cs.IT 2406.04141
cs.IT 2406.04612
cs.IT 2406.04708
cs.IT 2406.05011
cs.IT 2406.04521
cs.IT 2406.04562
cs.IT 2406.04721
cs.IT 2406.04750
cs.IT 2406.04757
cs.IT 2406.04853
cs.IT 2406.04881
cs.IT 2406.05078
cs.IT 2406.05452
cs.IT 2406.05599
cs.IT 2406.05663
cs.IT 2406.05667
cs.IT 2406.05716
cs.IT 2406.05883
cs.IT 2406.06024
cs.IT 2406.06105
cs.IT 2406.06165
cs.IT 2406.06195
cs.IT 2406.06306
cs.IT 2406.05212
cs.IT 2406.05428
cs.IT 2406.05481
cs.IT 2406.05576
cs.IT 2406.05617
cs.IT 2406.05747
cs.IT 2406.05936
cs.IT 2406.06029
cs.IT 2406.06064
cs.IT 2406.06128
cs.IT 2406.06280
cs.IT 2406.06284
cs.IT 2406.06312
cs.IT 2406.06349
cs.IT 2406.06446
cs.CC 2406.01057
cs.CC 2406.01174
cs.CC 2406.01278
cs.CC 2406.01730
cs.CC 2406.02082
cs.CC 2406.01756
cs.CC 2406.02628
cs.CC 2406.02981
cs.CC 2406.03136
cs.CC 2406.03424
cs.CC 2406.04046
cs.CC 2406.05903
cs.CC 2406.06217
cs.AR 2406.01875
cs.AR 2406.01698
cs.AR 2406.02039
cs.AR 2406.02088
cs.AR 2406.02579
cs.AR 2406.03165
cs.AR 2406.03088
cs.AR 2406.03227
cs.AR 2406.03243
cs.AR 2406.04290
cs.AR 2406.04910
cs.AR 2406.04741
cs.AR 2406.04912
cs.AR 2406.05140
cs.AR 2406.05250
cs.AR 2406.05294
cs.AR 2406.05403
cs.AR 2406.05866
cs.AR 2406.05282
cs.AR 2406.05354
cs.AR 2406.05377
cs.AR 2406.05398
cs.AR 2406.05999
cs.AR 2406.06394
cs.LO 2406.01816
cs.LO 2406.01940
cs.LO 2406.02024
cs.LO 2406.02122
cs.LO 2406.02160
cs.LO 2406.02316
cs.LO 2406.02085
cs.LO 2406.02094
cs.LO 2406.02871
cs.LO 2406.02981
cs.LO 2406.03119
cs.LO 2406.03651
cs.LO 2406.03578
cs.LO 2406.04184
cs.LO 2406.04696
cs.LO 2406.04699
cs.LO 2406.04833
cs.LO 2406.05879
cs.LO 2406.06108
cs.LO 2406.06241
cs.PL 2406.01792
cs.PL 2406.02174
cs.PL 2406.03003
cs.PL 2406.03077
cs.PL 2406.03636
cs.PL 2406.04604
cs.PL 2406.04778
cs.PL 2406.05409
cs.PL 2406.06253
cs.PL 2406.05719
cs.PL 2406.06221
cs.NA 2406.01657
cs.NA 2406.01857
cs.NA 2406.01921
cs.NA 2406.02086
cs.NA 2406.02150
cs.NA 2406.02218
cs.NA 2406.02502
cs.NA 2406.01740
cs.NA 2406.02033
cs.NA 2406.02119
cs.NA 2406.02173
cs.NA 2406.02183
cs.NA 2406.02203
cs.NA 2406.02209
cs.NA 2406.02458
cs.NA 2406.02505
cs.NA 2406.02579
cs.NA 2406.02581
cs.NA 2406.02645
cs.NA 2406.02702
cs.NA 2406.02879
cs.NA 2406.03375
cs.NA 2406.03444
cs.NA 2406.03494
cs.NA 2406.02750
cs.NA 2406.02796
cs.NA 2406.02839
cs.NA 2406.02909
cs.NA 2406.02941
cs.NA 2406.03045
cs.NA 2406.03080
cs.NA 2406.03124
cs.NA 2406.03232
cs.NA 2406.03268
cs.NA 2406.03281
cs.NA 2406.03307
cs.NA 2406.03468
cs.NA 2404.10771
cs.NA 2406.03499
cs.NA 2406.03715
cs.NA 2406.03913
cs.NA 2406.03923
cs.NA 2406.03562
cs.NA 2406.03569
cs.NA 2406.03634
cs.NA 2406.03761
cs.NA 2406.03885
cs.NA 2406.03973
cs.NA 2406.03981
cs.NA 2406.03992
cs.NA 2406.04104
cs.NA 2406.04169
cs.NA 2406.04653
cs.NA 2406.04884
cs.NA 2406.04922
cs.NA 2406.05020
cs.NA 2406.04499
cs.NA 2406.04504
cs.NA 2406.04530
cs.NA 2406.04695
cs.NA 2406.04749
cs.NA 2406.04783
cs.NA 2406.05028
cs.NA 2406.05138
cs.NA 2406.05153
cs.NA 2406.05154
cs.NA 2406.05188
cs.NA 2406.05290
cs.NA 2406.05367
cs.NA 2406.05383
cs.NA 2406.05450
cs.NA 2406.05470
cs.NA 2406.05777
cs.NA 2406.05928
cs.NA 2406.06486
cs.NA 2406.05237
cs.NA 2406.05489
cs.NA 2406.05566
cs.NA 2406.05571
cs.NA 2406.05624
cs.NA 2406.05665
cs.NA 2406.05694
cs.NA 2406.05734
cs.NA 2406.05754
cs.NA 2406.05808
cs.NA 2406.05907
cs.NA 2406.05922
cs.NA 2406.06008
cs.NA 2406.06189
cs.NA 2406.06244
cs.NA 2406.06272
cs.NA 2406.06283
cs.NA 2406.06287
cs.NA 2406.06334
cs.NA 2406.06342
cs.NA 2406.06344
cs.NA 2406.06350
cs.SE 2406.01882
cs.SE 2406.01623
cs.SE 2406.01788
cs.SE 2406.01966
cs.SE 2406.02034
cs.SE 2406.02222
cs.SE 2406.02398
cs.SE 2406.02412
cs.SE 2406.02487
cs.SE 2406.02624
cs.SE 2406.02737
cs.SE 2406.03119
cs.SE 2406.03040
cs.SE 2406.03208
cs.SE 2406.03283
cs.SE 2406.03342
cs.SE 2406.03376
cs.SE 2406.04027
cs.SE 2406.03577
cs.SE 2406.03660
cs.SE 2406.03839
cs.SE 2406.03870
cs.SE 2406.04037
cs.SE 2406.04057
cs.SE 2406.04066
cs.SE 2406.04152
cs.SE 2406.04482
cs.SE 2406.04778
cs.SE 2406.04346
cs.SE 2406.04347
cs.SE 2406.04349
cs.SE 2406.04356
cs.SE 2406.04359
cs.SE 2406.04360
cs.SE 2406.04369
cs.SE 2406.04373
cs.SE 2406.04375
cs.SE 2406.04379
cs.SE 2406.04427
cs.SE 2406.04464
cs.SE 2406.04531
cs.SE 2406.04568
cs.SE 2406.04693
cs.SE 2406.04710
cs.SE 2406.04780
cs.SE 2406.04797
cs.SE 2406.04959
cs.SE 2406.05011
cs.SE 2406.05251
cs.SE 2406.05804
cs.SE 2406.05892
cs.SE 2406.06218
cs.SE 2406.05210
cs.SE 2406.05381
cs.SE 2406.05397
cs.SE 2406.05409
cs.SE 2406.05438
cs.SE 2406.05483
cs.SE 2406.05487
cs.SE 2406.05514
cs.SE 2406.05639
cs.SE 2406.05685
cs.SE 2406.05712
cs.SE 2406.05940
cs.SE 2406.06025
cs.SE 2406.06153
cs.SE 2406.06156
cs.SE 2406.06405
cs.OS 2405.09213
cs.OS 2405.12079
cs.OS 2405.17442
cs.OS 2406.01339
cs.OS 2406.01225
cs.OS 2406.01872
cs.LG 2105.13287
cs.LG 2401.11708
cs.LG 2402.12908
cs.LG 2405.14785
cs.LG 2406.00503
cs.LG 2406.01157
cs.LG 2406.01599
cs.LG 2406.01601
cs.LG 2406.01603
cs.LG 2406.01609
cs.LG 2406.01611
cs.LG 2406.01617
cs.LG 2406.01622
cs.LG 2406.01624
cs.LG 2406.01627
cs.LG 2406.01630
cs.LG 2406.01631
cs.LG 2406.01633
cs.LG 2406.01650
cs.LG 2406.01651
cs.LG 2406.01652
cs.LG 2406.01653
cs.LG 2406.01655
cs.LG 2406.01663
cs.LG 2406.01698
cs.LG 2406.01708
cs.LG 2406.01774
cs.LG 2406.01782
cs.LG 2406.01801
cs.LG 2406.01813
cs.LG 2406.01829
cs.LG 2406.01852
cs.LG 2406.01873
cs.LG 2406.01876
cs.LG 2406.01933
cs.LG 2406.01939
cs.LG 2406.01940
cs.LG 2406.01947
cs.LG 2406.01959
cs.LG 2406.01967
cs.LG 2406.02014
cs.LG 2406.02016
cs.LG 2406.02021
cs.LG 2406.02044
cs.LG 2406.02049
cs.LG 2406.02057
cs.LG 2406.02080
cs.LG 2406.02081
cs.LG 2406.02092
cs.LG 2406.02126
cs.LG 2406.02133
cs.LG 2406.02140
cs.LG 2406.02154
cs.LG 2406.02156
cs.LG 2406.02157
cs.LG 2406.02158
cs.LG 2406.02173
cs.LG 2406.02191
cs.LG 2406.02204
cs.LG 2406.02223
cs.LG 2406.02225
cs.LG 2406.02245
cs.LG 2406.02255
cs.LG 2406.02269
cs.LG 2406.02273
cs.LG 2406.02285
cs.LG 2406.02293
cs.LG 2406.02298
cs.LG 2406.02300
cs.LG 2406.02313
cs.LG 2406.02315
cs.LG 2406.02327
cs.LG 2406.02329
cs.LG 2406.02333
cs.LG 2406.02345
cs.LG 2406.02347
cs.LG 2406.02355
cs.LG 2406.02357
cs.LG 2406.02383
cs.LG 2406.02394
cs.LG 2406.02421
cs.LG 2406.02422
cs.LG 2406.02426
cs.LG 2406.02431
cs.LG 2406.02432
cs.LG 2406.02457
cs.LG 2406.02470
cs.LG 2406.02477
cs.LG 2406.02497
cs.LG 2406.02507
cs.LG 2406.02523
cs.LG 2406.02529
cs.LG 2406.02534
cs.LG 2406.02536
cs.LG 2406.02537
cs.LG 2406.02539
cs.LG 2406.01638
cs.LG 2406.01645
cs.LG 2406.01646
cs.LG 2406.01647
cs.LG 2406.01649
cs.LG 2406.01660
cs.LG 2406.01661
cs.LG 2406.01727
cs.LG 2406.01733
cs.LG 2406.01753
cs.LG 2406.01755
cs.LG 2406.01757
cs.LG 2406.01762
cs.LG 2406.01766
cs.LG 2406.01781
cs.LG 2406.01789
cs.LG 2406.01793
cs.LG 2406.01799
cs.LG 2406.01805
cs.LG 2406.01808
cs.LG 2406.01823
cs.LG 2406.01825
cs.LG 2406.01833
cs.LG 2406.01838
cs.LG 2406.01853
cs.LG 2406.01857
cs.LG 2406.01870
cs.LG 2406.01895
cs.LG 2406.01899
cs.LG 2406.01901
cs.LG 2406.01908
cs.LG 2406.01909
cs.LG 2406.01913
cs.LG 2406.01950
cs.LG 2406.01960
cs.LG 2406.01969
cs.LG 2406.01975
cs.LG 2406.01977
cs.LG 2406.01996
cs.LG 2406.02013
cs.LG 2406.02015
cs.LG 2406.02017
cs.LG 2406.02024
cs.LG 2406.02027
cs.LG 2406.02035
cs.LG 2406.02040
cs.LG 2406.02052
cs.LG 2406.02056
cs.LG 2406.02059
cs.LG 2406.02061
cs.LG 2406.02064
cs.LG 2406.02066
cs.LG 2406.02075
cs.LG 2406.02105
cs.LG 2406.02128
cs.LG 2406.02131
cs.LG 2406.02146
cs.LG 2406.02165
cs.LG 2406.02175
cs.LG 2406.02176
cs.LG 2406.02177
cs.LG 2406.02180
cs.LG 2406.02187
cs.LG 2406.02189
cs.LG 2406.02213
cs.LG 2406.02214
cs.LG 2406.02234
cs.LG 2406.02258
cs.LG 2406.02268
cs.LG 2406.02282
cs.LG 2406.02290
cs.LG 2406.02292
cs.LG 2406.02294
cs.LG 2406.02295
cs.LG 2406.02296
cs.LG 2406.02309
cs.LG 2406.02310
cs.LG 2406.02317
cs.LG 2406.02318
cs.LG 2406.02322
cs.LG 2406.02332
cs.LG 2406.02336
cs.LG 2406.02343
cs.LG 2406.02344
cs.LG 2406.02348
cs.LG 2406.02352
cs.LG 2406.02354
cs.LG 2406.02356
cs.LG 2406.02361
cs.LG 2406.02362
cs.LG 2406.02366
cs.LG 2406.02395
cs.LG 2406.02416
cs.LG 2406.02424
cs.LG 2406.02428
cs.LG 2406.02447
cs.LG 2406.02450
cs.LG 2406.02456
cs.LG 2406.02464
cs.LG 2406.02465
cs.LG 2406.02469
cs.LG 2406.02479
cs.LG 2406.02486
cs.LG 2406.02490
cs.LG 2406.02496
cs.LG 2406.02500
cs.LG 2406.02510
cs.LG 2406.02515
cs.LG 2406.02542
cs.LG 2406.02543
cs.LG 2406.02545
cs.LG 2406.02550
cs.LG 2406.01136
cs.LG 2406.02554
cs.LG 2406.02560
cs.LG 2406.02566
cs.LG 2406.02572
cs.LG 2406.02575
cs.LG 2406.02577
cs.LG 2406.02579
cs.LG 2406.02580
cs.LG 2406.02603
cs.LG 2406.02605
cs.LG 2406.02606
cs.LG 2406.02608
cs.LG 2406.02610
cs.LG 2406.02619
cs.LG 2406.02628
cs.LG 2406.02629
cs.LG 2406.02632
cs.LG 2406.02633
cs.LG 2406.02645
cs.LG 2406.02649
cs.LG 2406.02652
cs.LG 2406.02653
cs.LG 2406.02654
cs.LG 2406.02657
cs.LG 2406.02663
cs.LG 2406.02706
cs.LG 2406.02742
cs.LG 2406.02744
cs.LG 2406.02756
cs.LG 2406.02761
cs.LG 2406.02765
cs.LG 2406.02769
cs.LG 2406.02780
cs.LG 2406.02785
cs.LG 2406.02787
cs.LG 2406.02789
cs.LG 2406.02804
cs.LG 2406.02820
cs.LG 2406.02826
cs.LG 2406.02832
cs.LG 2406.02838
cs.LG 2406.02858
cs.LG 2406.02873
cs.LG 2406.02888
cs.LG 2406.02890
cs.LG 2406.02891
cs.LG 2406.02915
cs.LG 2406.02921
cs.LG 2406.02925
cs.LG 2406.02927
cs.LG 2406.02929
cs.LG 2406.02939
cs.LG 2406.02959
cs.LG 2406.02970
cs.LG 2406.03006
cs.LG 2406.03007
cs.LG 2406.03030
cs.LG 2406.03086
cs.LG 2406.03087
cs.LG 2406.03088
cs.LG 2406.03095
cs.LG 2406.03120
cs.LG 2406.03141
cs.LG 2406.03144
cs.LG 2406.03146
cs.LG 2406.03151
cs.LG 2406.03152
cs.LG 2406.03157
cs.LG 2406.03171
cs.LG 2406.03193
cs.LG 2406.03198
cs.LG 2406.03199
cs.LG 2406.03229
cs.LG 2406.03230
cs.LG 2406.03231
cs.LG 2406.03258
cs.LG 2406.03260
cs.LG 2406.03264
cs.LG 2406.03272
cs.LG 2406.03287
cs.LG 2406.03369
cs.LG 2406.03372
cs.LG 2406.03441
cs.LG 2406.03447
cs.LG 2406.03460
cs.LG 2406.03478
cs.LG 2406.03496
cs.LG 2406.02578
cs.LG 2406.02581
cs.LG 2406.02582
cs.LG 2406.02583
cs.LG 2406.02584
cs.LG 2406.02585
cs.LG 2406.02587
cs.LG 2406.02591
cs.LG 2406.02592
cs.LG 2406.02594
cs.LG 2406.02596
cs.LG 2406.02597
cs.LG 2406.02598
cs.LG 2406.02600
cs.LG 2406.02601
cs.LG 2406.02602
cs.LG 2406.02604
cs.LG 2406.02609
cs.LG 2406.02611
cs.LG 2406.02612
cs.LG 2406.02613
cs.LG 2406.02614
cs.LG 2406.02615
cs.LG 2406.02616
cs.LG 2406.02625
cs.LG 2406.02635
cs.LG 2406.02638
cs.LG 2406.02642
cs.LG 2406.02648
cs.LG 2406.02650
cs.LG 2406.02651
cs.LG 2406.02696
cs.LG 2406.02699
cs.LG 2406.02711
cs.LG 2406.02716
cs.LG 2406.02726
cs.LG 2406.02732
cs.LG 2406.02736
cs.LG 2406.02740
cs.LG 2406.02745
cs.LG 2406.02764
cs.LG 2406.02767
cs.LG 2406.02770
cs.LG 2406.02771
cs.LG 2406.02772
cs.LG 2406.02773
cs.LG 2406.02775
cs.LG 2406.02778
cs.LG 2406.02790
cs.LG 2406.02797
cs.LG 2406.02806
cs.LG 2406.02827
cs.LG 2406.02841
cs.LG 2406.02847
cs.LG 2406.02867
cs.LG 2406.02872
cs.LG 2406.02875
cs.LG 2406.02877
cs.LG 2406.02883
cs.LG 2406.02900
cs.LG 2406.02913
cs.LG 2406.02917
cs.LG 2406.02924
cs.LG 2406.02953
cs.LG 2406.02958
cs.LG 2406.02969
cs.LG 2406.02979
cs.LG 2406.02980
cs.LG 2406.02981
cs.LG 2406.02996
cs.LG 2406.02997
cs.LG 2406.03012
cs.LG 2406.03033
cs.LG 2406.03044
cs.LG 2406.03052
cs.LG 2406.03057
cs.LG 2406.03059
cs.LG 2406.03061
cs.LG 2406.03064
cs.LG 2406.03065
cs.LG 2406.03068
cs.LG 2406.03072
cs.LG 2406.03078
cs.LG 2406.03082
cs.LG 2406.03085
cs.LG 2406.03097
cs.LG 2406.03099
cs.LG 2406.03102
cs.LG 2406.03121
cs.LG 2406.03136
cs.LG 2406.03140
cs.LG 2406.03142
cs.LG 2406.03145
cs.LG 2406.03148
cs.LG 2406.03150
cs.LG 2406.03154
cs.LG 2406.03161
cs.LG 2406.03164
cs.LG 2406.03172
cs.LG 2406.03209
cs.LG 2406.03212
cs.LG 2406.03216
cs.LG 2406.03234
cs.LG 2406.03242
cs.LG 2406.03249
cs.LG 2406.03253
cs.LG 2406.03255
cs.LG 2406.03263
cs.LG 2406.03276
cs.LG 2406.03278
cs.LG 2406.03280
cs.LG 2406.03288
cs.LG 2406.03314
cs.LG 2406.03324
cs.LG 2406.03334
cs.LG 2406.03337
cs.LG 2406.03341
cs.LG 2406.03345
cs.LG 2406.03346
cs.LG 2406.03348
cs.LG 2406.03356
cs.LG 2406.03361
cs.LG 2406.03386
cs.LG 2406.03390
cs.LG 2406.03396
cs.LG 2406.03398
cs.LG 2406.03402
cs.LG 2406.03403
cs.LG 2406.03404
cs.LG 2406.03405
cs.LG 2406.03406
cs.LG 2406.03407
cs.LG 2406.03409
cs.LG 2406.03428
cs.LG 2406.03434
cs.LG 2406.03437
cs.LG 2406.03445
cs.LG 2406.03458
cs.LG 2406.03464
cs.LG 2406.03472
cs.LG 2406.03476
cs.LG 2406.03482
cs.LG 2406.03485
cs.LG 2406.03494
cs.LG 2406.03495
cs.LG 2405.03865
cs.LG 2405.08005
cs.LG 2406.03243
cs.LG 2406.03503
cs.LG 2406.03504
cs.LG 2406.03516
cs.LG 2406.03520
cs.LG 2406.03548
cs.LG 2406.03562
cs.LG 2406.03569
cs.LG 2406.03574
cs.LG 2406.03586
cs.LG 2406.03591
cs.LG 2406.03594
cs.LG 2406.03599
cs.LG 2406.03616
cs.LG 2406.03628
cs.LG 2406.03630
cs.LG 2406.03636
cs.LG 2406.03637
cs.LG 2406.03642
cs.LG 2406.03652
cs.LG 2406.03653
cs.LG 2406.03663
cs.LG 2406.03679
cs.LG 2406.03696
cs.LG 2406.03703
cs.LG 2406.03712
cs.LG 2406.03735
cs.LG 2406.03744
cs.LG 2406.03747
cs.LG 2406.03757
cs.LG 2406.03766
cs.LG 2406.03787
cs.LG 2406.03810
cs.LG 2406.03818
cs.LG 2406.03820
cs.LG 2406.03852
cs.LG 2406.03892
cs.LG 2406.03896
cs.LG 2406.03901
cs.LG 2406.03903
cs.LG 2406.03912
cs.LG 2406.03924
cs.LG 2406.03978
cs.LG 2406.03997
cs.LG 2406.04012
cs.LG 2406.04029
cs.LG 2406.04039
cs.LG 2406.04047
cs.LG 2406.04071
cs.LG 2406.04098
cs.LG 2406.04136
cs.LG 2406.04142
cs.LG 2406.04143
cs.LG 2406.04144
cs.LG 2406.04155
cs.LG 2406.04156
cs.LG 2406.04163
cs.LG 2406.04184
cs.LG 2406.04215
cs.LG 2406.04216
cs.LG 2406.04245
cs.LG 2406.04250
cs.LG 2406.04267
cs.LG 2406.04303
cs.LG 2406.04309
cs.LG 2406.04321
cs.LG 2406.04331
cs.LG 2406.04332
cs.LG 2406.03505
cs.LG 2406.03506
cs.LG 2406.03507
cs.LG 2406.03508
cs.LG 2406.03511
cs.LG 2406.03519
cs.LG 2406.03537
cs.LG 2406.03575
cs.LG 2406.03585
cs.LG 2406.03603
cs.LG 2406.03611
cs.LG 2406.03614
cs.LG 2406.03619
cs.LG 2406.03620
cs.LG 2406.03631
cs.LG 2406.03647
cs.LG 2406.03651
cs.LG 2406.03662
cs.LG 2406.03665
cs.LG 2406.03671
cs.LG 2406.03678
cs.LG 2406.03680
cs.LG 2406.03682
cs.LG 2406.03683
cs.LG 2406.03686
cs.LG 2406.03704
cs.LG 2406.03707
cs.LG 2406.03710
cs.LG 2406.03722
cs.LG 2406.03726
cs.LG 2406.03729
cs.LG 2406.03730
cs.LG 2406.03731
cs.LG 2406.03733
cs.LG 2406.03736
cs.LG 2406.03751
cs.LG 2406.03768
cs.LG 2406.03769
cs.LG 2406.03777
cs.LG 2406.03789
cs.LG 2406.03791
cs.LG 2406.03793
cs.LG 2406.03794
cs.LG 2406.03808
cs.LG 2406.03812
cs.LG 2406.03819
cs.LG 2406.03824
cs.LG 2406.03833
cs.LG 2406.03845
cs.LG 2406.03849
cs.LG 2406.03857
cs.LG 2406.03862
cs.LG 2406.03864
cs.LG 2406.03873
cs.LG 2406.03879
cs.LG 2406.03880
cs.LG 2406.03886
cs.LG 2406.03890
cs.LG 2406.03894
cs.LG 2406.03914
cs.LG 2406.03919
cs.LG 2406.03920
cs.LG 2406.03923
cs.LG 2406.03932
cs.LG 2406.03944
cs.LG 2406.03946
cs.LG 2406.03947
cs.LG 2406.03980
cs.LG 2406.03999
cs.LG 2406.04035
cs.LG 2406.04038
cs.LG 2406.04041
cs.LG 2406.04043
cs.LG 2406.04052
cs.LG 2406.04055
cs.LG 2406.04056
cs.LG 2406.04068
cs.LG 2406.04070
cs.LG 2406.04081
cs.LG 2406.04088
cs.LG 2406.04089
cs.LG 2406.04090
cs.LG 2406.04093
cs.LG 2406.04099
cs.LG 2406.04103
cs.LG 2406.04105
cs.LG 2406.04112
cs.LG 2406.04137
cs.LG 2406.04148
cs.LG 2406.04153
cs.LG 2406.04165
cs.LG 2406.04170
cs.LG 2406.04201
cs.LG 2406.04208
cs.LG 2406.04219
cs.LG 2406.04227
cs.LG 2406.04229
cs.LG 2406.04239
cs.LG 2406.04240
cs.LG 2406.04257
cs.LG 2406.04261
cs.LG 2406.04268
cs.LG 2406.04274
cs.LG 2406.04276
cs.LG 2406.04280
cs.LG 2406.04284
cs.LG 2406.04291
cs.LG 2406.04299
cs.LG 2406.04302
cs.LG 2406.04306
cs.LG 2406.04308
cs.LG 2406.04313
cs.LG 2406.04317
cs.LG 2406.04318
cs.LG 2406.04320
cs.LG 2406.04323
cs.LG 2406.04327
cs.LG 2406.04328
cs.LG 2406.04329
cs.LG 2406.04336
cs.LG 2406.04344
cs.LG 2406.04348
cs.LG 2406.04350
cs.LG 2406.04364
cs.LG 2406.04367
cs.LG 2406.04370
cs.LG 2406.04374
cs.LG 2406.04377
cs.LG 2406.04378
cs.LG 2406.04382
cs.LG 2406.04384
cs.LG 2406.04424
cs.LG 2406.04426
cs.LG 2406.04456
cs.LG 2406.04464
cs.LG 2406.04478
cs.LG 2406.04496
cs.LG 2406.04503
cs.LG 2406.04508
cs.LG 2406.04523
cs.LG 2406.04527
cs.LG 2406.04533
cs.LG 2406.04546
cs.LG 2406.04551
cs.LG 2406.04562
cs.LG 2406.04566
cs.LG 2406.04568
cs.LG 2406.04592
cs.LG 2406.04594
cs.LG 2406.04607
cs.LG 2406.04624
cs.LG 2406.04654
cs.LG 2406.04658
cs.LG 2406.04693
cs.LG 2406.04731
cs.LG 2406.04746
cs.LG 2406.04755
cs.LG 2406.04769
cs.LG 2406.04793
cs.LG 2406.04802
cs.LG 2406.04805
cs.LG 2406.04814
cs.LG 2406.04838
cs.LG 2406.04845
cs.LG 2406.04853
cs.LG 2406.04857
cs.LG 2406.04859
cs.LG 2406.04913
cs.LG 2406.04920
cs.LG 2406.04926
cs.LG 2406.04928
cs.LG 2406.04929
cs.LG 2406.04932
cs.LG 2406.04935
cs.LG 2406.04943
cs.LG 2406.04949
cs.LG 2406.04993
cs.LG 2406.04997
cs.LG 2406.05014
cs.LG 2406.05038
cs.LG 2406.05041
cs.LG 2406.05061
cs.LG 2406.05071
cs.LG 2406.05079
cs.LG 2406.05108
cs.LG 2406.05113
cs.LG 2406.05132
cs.LG 2406.04391
cs.LG 2406.04412
cs.LG 2406.04419
cs.LG 2406.04421
cs.LG 2406.04425
cs.LG 2406.04443
cs.LG 2406.04446
cs.LG 2406.04472
cs.LG 2406.04476
cs.LG 2406.04487
cs.LG 2406.04488
cs.LG 2406.04490
cs.LG 2406.04501
cs.LG 2406.04516
cs.LG 2406.04519
cs.LG 2406.04534
cs.LG 2406.04535
cs.LG 2406.04548
cs.LG 2406.04549
cs.LG 2406.04558
cs.LG 2406.04567
cs.LG 2406.04575
cs.LG 2406.04584
cs.LG 2406.04596
cs.LG 2406.04601
cs.LG 2406.04606
cs.LG 2406.04609
cs.LG 2406.04610
cs.LG 2406.04612
cs.LG 2406.04619
cs.LG 2406.04626
cs.LG 2406.04627
cs.LG 2406.04639
cs.LG 2406.04640
cs.LG 2406.04657
cs.LG 2406.04687
cs.LG 2406.04690
cs.LG 2406.04702
cs.LG 2406.04706
cs.LG 2406.04709
cs.LG 2406.04713
cs.LG 2406.04724
cs.LG 2406.04727
cs.LG 2406.04739
cs.LG 2406.04743
cs.LG 2406.04745
cs.LG 2406.04759
cs.LG 2406.04766
cs.LG 2406.04772
cs.LG 2406.04777
cs.LG 2406.04779
cs.LG 2406.04808
cs.LG 2406.04812
cs.LG 2406.04815
cs.LG 2406.04822
cs.LG 2406.04824
cs.LG 2406.04825
cs.LG 2406.04827
cs.LG 2406.04841
cs.LG 2406.04843
cs.LG 2406.04848
cs.LG 2406.04860
cs.LG 2406.04867
cs.LG 2406.04868
cs.LG 2406.04872
cs.LG 2406.04890
cs.LG 2406.04896
cs.LG 2406.04897
cs.LG 2406.04903
cs.LG 2406.04910
cs.LG 2406.04914
cs.LG 2406.04916
cs.LG 2406.04934
cs.LG 2406.04938
cs.LG 2406.04940
cs.LG 2406.04963
cs.LG 2406.04964
cs.LG 2406.04975
cs.LG 2406.04981
cs.LG 2406.04998
cs.LG 2406.05017
cs.LG 2406.05020
cs.LG 2406.05027
cs.LG 2406.05033
cs.LG 2406.05036
cs.LG 2406.05045
cs.LG 2406.05053
cs.LG 2406.05064
cs.LG 2406.05072
cs.LG 2406.05088
cs.LG 2406.05090
cs.LG 2406.05109
cs.LG 2406.05114
cs.LG 2406.05119
cs.LG 2305.01206
cs.LG 2406.05142
cs.LG 2406.05143
cs.LG 2406.05149
cs.LG 2406.05152
cs.LG 2406.05153
cs.LG 2406.05175
cs.LG 2406.05187
cs.LG 2406.05194
cs.LG 2406.05205
cs.LG 2406.05213
cs.LG 2406.05231
cs.LG 2406.05232
cs.LG 2406.05250
cs.LG 2406.05260
cs.LG 2406.05270
cs.LG 2406.05274
cs.LG 2406.05288
cs.LG 2406.05315
cs.LG 2406.05320
cs.LG 2406.05328
cs.LG 2406.05335
cs.LG 2406.05347
cs.LG 2406.05362
cs.LG 2406.05365
cs.LG 2406.05369
cs.LG 2406.05372
cs.LG 2406.05375
cs.LG 2406.05392
cs.LG 2406.05424
cs.LG 2406.05464
cs.LG 2406.05477
cs.LG 2406.05533
cs.LG 2406.05534
cs.LG 2406.05540
cs.LG 2406.05551
cs.LG 2406.05588
cs.LG 2406.05590
cs.LG 2406.05596
cs.LG 2406.05605
cs.LG 2406.05612
cs.LG 2406.05629
cs.LG 2406.05633
cs.LG 2406.05636
cs.LG 2406.05637
cs.LG 2406.05688
cs.LG 2406.05694
cs.LG 2406.05709
cs.LG 2406.05714
cs.LG 2406.05726
cs.LG 2406.05738
cs.LG 2406.05741
cs.LG 2406.05745
cs.LG 2406.05746
cs.LG 2406.05754
cs.LG 2406.05757
cs.LG 2406.05784
cs.LG 2406.05797
cs.LG 2406.05814
cs.LG 2406.05830
cs.LG 2406.05832
cs.LG 2406.05850
cs.LG 2406.05863
cs.LG 2406.05870
cs.LG 2406.05871
cs.LG 2406.05876
cs.LG 2406.05891
cs.LG 2406.05892
cs.LG 2406.05898
cs.LG 2406.05918
cs.LG 2406.05923
cs.LG 2406.05927
cs.LG 2406.05954
cs.LG 2406.05964
cs.LG 2406.05967
cs.LG 2406.05972
cs.LG 2406.05982
cs.LG 2406.05986
cs.LG 2406.05995
cs.LG 2406.05999
cs.LG 2406.06025
cs.LG 2406.06041
cs.LG 2406.06046
cs.LG 2406.06051
cs.LG 2406.06072
cs.LG 2406.06099
cs.LG 2406.06134
cs.LG 2406.06136
cs.LG 2406.06140
cs.LG 2406.06165
cs.LG 2406.06184
cs.LG 2406.06185
cs.LG 2406.06220
cs.LG 2406.06225
cs.LG 2406.06287
cs.LG 2406.06307
cs.LG 2406.06316
cs.LG 2406.06350
cs.LG 2406.06351
cs.LG 2406.06382
cs.LG 2406.06397
cs.LG 2406.06403
cs.LG 2406.06408
cs.LG 2406.06425
cs.LG 2406.06438
cs.LG 2406.06446
cs.LG 2406.06452
cs.LG 2406.06462
cs.LG 2406.06465
cs.LG 2406.06469
cs.LG 2406.06477
cs.LG 2406.06482
cs.LG 2406.06500
cs.LG 2406.06506
cs.LG 2406.06516
cs.LG 2406.05183
cs.LG 2406.05190
cs.LG 2406.05207
cs.LG 2406.05216
cs.LG 2406.05222
cs.LG 2406.05223
cs.LG 2406.05225
cs.LG 2406.05227
cs.LG 2406.05233
cs.LG 2406.05251
cs.LG 2406.05257
cs.LG 2406.05276
cs.LG 2406.05287
cs.LG 2406.05290
cs.LG 2406.05295
cs.LG 2406.05303
cs.LG 2406.05316
cs.LG 2406.05317
cs.LG 2406.05332
cs.LG 2406.05346
cs.LG 2406.05358
cs.LG 2406.05366
cs.LG 2406.05376
cs.LG 2406.05391
cs.LG 2406.05395
cs.LG 2406.05396
cs.LG 2406.05405
cs.LG 2406.05413
cs.LG 2406.05426
cs.LG 2406.05427
cs.LG 2406.05469
cs.LG 2406.05470
cs.LG 2406.05482
cs.LG 2406.05488
cs.LG 2406.05504
cs.LG 2406.05510
cs.LG 2406.05516
cs.LG 2406.05531
cs.LG 2406.05532
cs.LG 2406.05535
cs.LG 2406.05545
cs.LG 2406.05564
cs.LG 2406.05616
cs.LG 2406.05628
cs.LG 2406.05631
cs.LG 2406.05646
cs.LG 2406.05660
cs.LG 2406.05666
cs.LG 2406.05670
cs.LG 2406.05682
cs.LG 2406.05686
cs.LG 2406.05710
cs.LG 2406.05753
cs.LG 2406.05766
cs.LG 2406.05796
cs.LG 2406.05815
cs.LG 2406.05816
cs.LG 2406.05822
cs.LG 2406.05826
cs.LG 2406.05855
cs.LG 2406.05872
cs.LG 2406.05881
cs.LG 2406.05882
cs.LG 2406.05883
cs.LG 2406.05887
cs.LG 2406.05893
cs.LG 2406.05900
cs.LG 2406.05902
cs.LG 2406.05937
cs.LG 2406.05938
cs.LG 2406.05953
cs.LG 2406.05955
cs.LG 2406.05959
cs.LG 2406.05981
cs.LG 2406.05984
cs.LG 2406.05993
cs.LG 2406.06002
cs.LG 2406.06007
cs.LG 2406.06016
cs.LG 2406.06022
cs.LG 2406.06037
cs.LG 2406.06060
cs.LG 2406.06081
cs.LG 2406.06101
cs.LG 2406.06106
cs.LG 2406.06119
cs.LG 2406.06149
cs.LG 2406.06150
cs.LG 2406.06158
cs.LG 2406.06202
cs.LG 2406.06207
cs.LG 2406.06213
cs.LG 2406.06227
cs.LG 2406.06237
cs.LG 2406.06246
cs.LG 2406.06248
cs.LG 2406.06282
cs.LG 2406.06290
cs.LG 2406.06309
cs.LG 2406.06313
cs.LG 2406.06340
cs.LG 2406.06348
cs.LG 2406.06354
cs.LG 2406.06385
cs.LG 2406.06391
cs.LG 2406.06407
cs.LG 2406.06417
cs.LG 2406.06419
cs.LG 2406.06420
cs.LG 2406.06433
cs.LG 2406.06443
cs.LG 2406.06449
cs.LG 2406.06459
cs.LG 2406.06467
cs.LG 2406.06470
cs.LG 2406.06479
cs.LG 2406.06484
cs.LG 2406.06486
cs.LG 2406.06487
cs.LG 2406.06494
cs.LG 2406.06495
cs.LG 2406.06496
cs.LG 2406.06504
cs.LG 2406.06507
cs.LG 2406.06509
cs.LG 2406.06514
cs.LG 2406.06518
cs.LG 2406.06520
cs.RO 2406.01598
cs.RO 2406.01763
cs.RO 2406.01797
cs.RO 2406.01904
cs.RO 2406.01932
cs.RO 2406.02058
cs.RO 2406.02425
cs.RO 2406.02497
cs.RO 2406.01713
cs.RO 2406.01724
cs.RO 2406.01726
cs.RO 2406.01767
cs.RO 2406.01802
cs.RO 2406.01814
cs.RO 2406.01832
cs.RO 2406.01848
cs.RO 2406.01915
cs.RO 2406.01928
cs.RO 2406.01941
cs.RO 2406.01947
cs.RO 2406.01952
cs.RO 2406.01961
cs.RO 2406.01967
cs.RO 2406.01968
cs.RO 2406.02047
cs.RO 2406.02096
cs.RO 2406.02161
cs.RO 2406.02171
cs.RO 2406.02210
cs.RO 2406.02283
cs.RO 2406.02339
cs.RO 2406.02365
cs.RO 2406.02370
cs.RO 2406.02436
cs.RO 2406.02523
cs.RO 2406.02709
cs.RO 2406.02791
cs.RO 2406.02871
cs.RO 2406.02977
cs.RO 2406.03298
cs.RO 2406.02722
cs.RO 2406.02799
cs.RO 2406.02807
cs.RO 2406.02822
cs.RO 2406.02858
cs.RO 2406.02860
cs.RO 2406.02865
cs.RO 2406.02885
cs.RO 2406.02916
cs.RO 2406.02938
cs.RO 2406.02983
cs.RO 2406.02989
cs.RO 2406.03015
cs.RO 2406.03200
cs.RO 2406.03223
cs.RO 2406.03454
cs.RO 2406.03769
cs.RO 2406.03807
cs.RO 2406.03835
cs.RO 2406.03845
cs.RO 2406.03912
cs.RO 2406.04100
cs.RO 2406.04155
cs.RO 2406.04184
cs.RO 2406.04287
cs.RO 2406.03591
cs.RO 2406.03605
cs.RO 2406.03641
cs.RO 2406.03669
cs.RO 2406.03677
cs.RO 2406.03708
cs.RO 2406.03713
cs.RO 2406.03735
cs.RO 2406.03757
cs.RO 2406.03813
cs.RO 2406.03877
cs.RO 2406.04086
cs.RO 2406.04094
cs.RO 2406.04144
cs.RO 2406.04159
cs.RO 2406.04300
cs.RO 2406.04426
cs.RO 2406.04815
cs.RO 2406.04853
cs.RO 2406.05132
cs.RO 2406.04451
cs.RO 2406.04491
cs.RO 2406.04503
cs.RO 2406.04560
cs.RO 2406.04616
cs.RO 2406.04644
cs.RO 2406.04666
cs.RO 2406.04795
cs.RO 2406.04806
cs.RO 2406.04816
cs.RO 2406.04821
cs.RO 2406.04835
cs.RO 2406.04858
cs.RO 2406.04882
cs.RO 2406.04907
cs.RO 2406.04920
cs.RO 2406.04950
cs.RO 2406.04955
cs.RO 2406.05003
cs.RO 2406.05080
cs.RO 2406.05422
cs.RO 2406.05846
cs.RO 2406.05881
cs.RO 2406.06072
cs.RO 2406.06103
cs.RO 2406.06370
cs.RO 2406.06423
cs.RO 2406.05135
cs.RO 2406.05281
cs.RO 2406.05309
cs.RO 2406.05313
cs.RO 2406.05331
cs.RO 2406.05336
cs.RO 2406.05465
cs.RO 2406.05522
cs.RO 2406.05572
cs.RO 2406.05573
cs.RO 2406.05575
cs.RO 2406.05613
cs.RO 2406.05621
cs.RO 2406.05623
cs.RO 2406.05651
cs.RO 2406.05687
cs.RO 2406.05708
cs.RO 2406.05709
cs.RO 2406.05849
cs.RO 2406.05931
cs.RO 2406.05951
cs.RO 2406.05969
cs.RO 2406.05985
cs.RO 2406.06005
cs.RO 2406.06038
cs.RO 2406.06054
cs.RO 2406.06092
cs.RO 2406.06130
cs.RO 2406.06255
cs.RO 2406.06300
cs.RO 2406.06353
cs.RO 2406.06374
cs.RO 2406.06400
cs.RO 2406.06422
cs.RO 2406.06427
cs.RO 2406.06460
cs.RO 2406.06478
cs.RO 2406.06498
cs.SD 2406.01624
cs.SD 2406.02004
cs.SD 2406.02009
cs.SD 2406.02014
cs.SD 2406.02032
cs.SD 2406.02133
cs.SD 2406.02162
cs.SD 2406.02250
cs.SD 2406.02255
cs.SD 2406.02285
cs.SD 2406.02429
cs.SD 2406.02430
cs.SD 2406.02438
cs.SD 2406.02483
cs.SD 2406.02488
cs.SD 2406.01655
cs.SD 2406.02092
cs.SD 2406.02166
cs.SD 2406.02178
cs.SD 2406.02315
cs.SD 2406.02328
cs.SD 2406.02563
cs.SD 2406.02572
cs.SD 2406.02649
cs.SD 2406.02733
cs.SD 2406.02887
cs.SD 2406.02925
cs.SD 2406.02950
cs.SD 2406.02951
cs.SD 2406.03049
cs.SD 2406.03120
cs.SD 2406.03274
cs.SD 2406.03407
cs.SD 2406.03460
cs.SD 2406.02565
cs.SD 2406.02897
cs.SD 2406.02940
cs.SD 2406.02963
cs.SD 2406.03138
cs.SD 2406.03237
cs.SD 2406.03240
cs.SD 2406.03247
cs.SD 2406.03251
cs.SD 2406.03344
cs.SD 2405.19334
cs.SD 2406.03637
cs.SD 2406.03657
cs.SD 2406.03814
cs.SD 2406.03872
cs.SD 2406.03882
cs.SD 2406.04212
cs.SD 2406.04269
cs.SD 2406.04321
cs.SD 2406.03510
cs.SD 2406.03512
cs.SD 2406.03706
cs.SD 2406.03714
cs.SD 2406.03822
cs.SD 2406.04140
cs.SD 2406.04353
cs.SD 2406.04429
cs.SD 2406.04467
cs.SD 2406.04512
cs.SD 2406.04582
cs.SD 2406.04615
cs.SD 2406.04660
cs.SD 2406.04904
cs.SD 2406.04930
cs.SD 2406.05128
cs.SD 2406.04350
cs.SD 2406.04589
cs.SD 2406.04595
cs.SD 2406.04683
cs.SD 2406.04791
cs.SD 2406.04840
cs.SD 2406.05199
cs.SD 2406.05286
cs.SD 2406.05325
cs.SD 2406.05341
cs.SD 2406.05359
cs.SD 2406.05370
cs.SD 2406.05401
cs.SD 2406.05551
cs.SD 2406.05629
cs.SD 2406.05806
cs.SD 2406.05876
cs.SD 2406.05914
cs.SD 2406.06111
cs.SD 2406.06185
cs.SD 2406.06220
cs.SD 2406.06293
cs.SD 2406.06371
cs.SD 2406.06403
cs.SD 2406.06406
cs.SD 2406.06438
cs.SD 2406.05464
cs.SD 2406.05515
cs.SD 2406.05547
cs.SD 2406.05653
cs.SD 2406.05681
cs.SD 2406.05692
cs.SD 2406.05784
cs.SD 2406.05863
cs.SD 2406.05923
cs.SD 2406.06086
cs.SD 2406.06097
cs.SD 2406.06139
cs.SD 2406.06208
cs.SD 2406.06295
cs.SD 2406.06310
cs.SD 2406.06332
cs.SD 2406.06339
cs.SD 2406.06341
cs.SD 2406.06375
cs.PF 2406.01133
cs.PF 2406.01921
cs.PF 2406.03482
cs.PF 2406.04693
cs.PF 2406.05858
cs.MA 2406.01727
cs.MA 2406.01782
cs.MA 2406.01853
cs.MA 2406.02063
cs.MA 2406.02126
cs.MA 2406.01637
cs.MA 2406.01641
cs.MA 2406.01893
cs.MA 2406.02081
cs.MA 2406.02565
cs.MA 2406.02890
cs.MA 2406.03086
cs.MA 2406.03565
cs.MA 2406.03818
cs.MA 2406.04159
cs.MA 2406.04201
cs.MA 2406.03978
cs.MA 2406.04231
cs.MA 2406.04780
cs.MA 2406.04845
cs.MA 2406.05041
cs.MA 2406.05071
cs.MA 2406.05720
cs.MA 2406.06041
cs.MA 2406.06402
cs.MA 2406.06520
cs.MA 2406.05388
cs.MA 2406.05724
cs.SI 2406.01629
cs.SI 2406.01842
cs.SI 2406.01866
cs.SI 2406.01999
cs.SI 2406.02362
cs.SI 2406.01911
cs.SI 2406.02794
cs.SI 2406.03245
cs.SI 2406.03390
cs.SI 2406.02801
cs.SI 2406.03139
cs.SI 2406.03340
cs.SI 2406.03354
cs.SI 2406.03443
cs.SI 2406.03587
cs.SI 2406.04039
cs.SI 2406.04299
cs.SI 2406.03763
cs.SI 2406.03852
cs.SI 2406.03921
cs.SI 2406.04005
cs.SI 2406.04423
cs.SI 2406.04548
cs.SI 2406.04612
cs.SI 2406.04916
cs.SI 2406.05026
cs.SI 2406.04462
cs.SI 2406.04962
cs.SI 2406.05021
cs.SI 2406.05246
cs.SI 2406.05560
cs.SI 2406.05582
cs.SI 2406.06014
cs.SI 2406.06440
cs.SC 2406.00695
cs.SC 2406.00938
cs.SC 2406.01525
cs.SC 2406.02421
cs.SC 2406.02122
cs.SC 2406.03818
cs.SC 2406.04681
cs.SC 2406.04753
cs.SC 2305.01206
cs.NI 2406.01921
cs.NI 2406.01768
cs.NI 2406.01852
cs.NI 2406.01953
cs.NI 2406.02000
cs.NI 2406.02046
cs.NI 2406.02062
cs.NI 2406.02186
cs.NI 2406.02239
cs.NI 2406.02240
cs.NI 2406.02291
cs.NI 2406.02311
cs.NI 2406.02333
cs.NI 2406.02632
cs.NI 2406.02651
cs.NI 2406.02768
cs.NI 2406.02694
cs.NI 2406.02731
cs.NI 2406.02784
cs.NI 2406.02999
cs.NI 2406.03159
cs.NI 2406.03580
cs.NI 2406.03630
cs.NI 2406.03820
cs.NI 2406.04492
cs.NI 2406.04685
cs.NI 2406.04779
cs.NI 2406.05041
cs.NI 2406.05418
cs.NI 2406.05443
cs.NI 2406.05576
cs.NI 2406.06099
cs.NI 2406.06128
cs.NI 2406.06402
cs.NI 2406.05528
cs.NI 2406.05698
cs.NI 2406.05913
cs.NI 2406.06059
cs.NI 2406.06068
cs.NI 2406.06105
cs.NI 2406.06483
cs.SY 2406.01802
cs.SY 2406.01904
cs.SY 2406.01991
cs.SY 2406.02078
cs.SY 2406.02210
cs.SY 2406.02247
cs.SY 2406.02436
cs.SY 2406.02479
cs.SY 2406.01643
cs.SY 2406.01723
cs.SY 2406.01782
cs.SY 2406.01804
cs.SY 2406.01888
cs.SY 2406.01923
cs.SY 2406.01929
cs.SY 2406.01973
cs.SY 2406.02029
cs.SY 2406.02055
cs.SY 2406.02071
cs.SY 2406.02126
cs.SY 2406.02139
cs.SY 2406.02190
cs.SY 2406.02197
cs.SY 2406.02198
cs.SY 2406.02206
cs.SY 2406.02211
cs.SY 2406.02272
cs.SY 2406.02312
cs.SY 2406.02497
cs.SY 2406.02760
cs.SY 2406.02871
cs.SY 2406.03270
cs.SY 2406.03405
cs.SY 2406.03472
cs.SY 2406.02709
cs.SY 2406.02854
cs.SY 2406.02927
cs.SY 2406.02964
cs.SY 2406.03038
cs.SY 2406.03224
cs.SY 2406.03231
cs.SY 2406.03565
cs.SY 2406.03591
cs.SY 2406.03690
cs.SY 2406.03704
cs.SY 2406.03734
cs.SY 2406.03766
cs.SY 2406.03845
cs.SY 2406.03912
cs.SY 2406.04001
cs.SY 2406.04163
cs.SY 2406.04203
cs.SY 2406.04243
cs.SY 2406.03622
cs.SY 2406.03743
cs.SY 2406.03750
cs.SY 2406.03752
cs.SY 2406.03760
cs.SY 2406.03875
cs.SY 2406.03995
cs.SY 2406.04048
cs.SY 2406.04130
cs.SY 2406.04476
cs.SY 2406.04503
cs.SY 2406.04644
cs.SY 2406.04780
cs.SY 2406.04786
cs.SY 2406.04816
cs.SY 2406.04841
cs.SY 2406.04858
cs.SY 2406.04920
cs.SY 2406.04483
cs.SY 2406.04685
cs.SY 2406.04694
cs.SY 2406.04943
cs.SY 2406.05040
cs.SY 2406.05137
cs.SY 2406.05395
cs.SY 2406.05472
cs.SY 2406.05512
cs.SY 2406.05575
cs.SY 2406.05576
cs.SY 2406.05632
cs.SY 2406.05708
cs.SY 2406.05916
cs.SY 2406.05954
cs.SY 2406.06005
cs.SY 2406.06041
cs.SY 2406.06284
cs.SY 2406.06343
cs.SY 2406.06353
cs.SY 2406.06514
cs.SY 2406.05165
cs.SY 2406.05239
cs.SY 2406.05301
cs.SY 2406.05342
cs.SY 2406.05350
cs.SY 2406.05378
cs.SY 2406.05440
cs.SY 2406.05444
cs.SY 2406.05542
cs.SY 2406.05580
cs.SY 2406.05586
cs.SY 2406.05610
cs.SY 2406.05950
cs.SY 2406.05966
cs.SY 2406.05976
cs.SY 2406.06098
cs.SY 2406.06116
cs.SY 2406.06151
cs.SY 2406.06157
cs.SY 2406.06245
cs.SY 2406.06253
cs.SY 2406.06297
cs.SY 2406.06404
stat.ML 2406.01611
stat.ML 2406.01660
stat.ML 2406.01661
stat.ML 2406.01753
stat.ML 2406.01762
stat.ML 2406.01766
stat.ML 2406.01793
stat.ML 2406.01799
stat.ML 2406.01818
stat.ML 2406.01823
stat.ML 2406.01870
stat.ML 2406.01895
stat.ML 2406.01982
stat.ML 2406.02016
stat.ML 2406.02017
stat.ML 2406.02052
stat.ML 2406.02105
stat.ML 2406.02177
stat.ML 2406.02180
stat.ML 2406.02225
stat.ML 2406.02234
stat.ML 2406.02258
stat.ML 2406.02317
stat.ML 2406.02354
stat.ML 2406.02362
stat.ML 2406.02402
stat.ML 2406.02413
stat.ML 2406.02431
stat.ML 2406.02432
stat.ML 2406.02464
stat.ML 2406.02490
stat.ML 2406.02507
stat.ML 2406.02550
stat.ML 2406.01653
stat.ML 2406.01663
stat.ML 2406.01801
stat.ML 2406.01813
stat.ML 2406.01933
stat.ML 2406.02049
stat.ML 2406.02157
stat.ML 2406.02191
stat.ML 2406.02269
stat.ML 2406.02293
stat.ML 2406.02581
stat.ML 2406.02584
stat.ML 2406.02585
stat.ML 2406.02587
stat.ML 2406.02600
stat.ML 2406.02611
stat.ML 2406.02625
stat.ML 2406.02789
stat.ML 2406.02806
stat.ML 2406.02847
stat.ML 2406.03033
stat.ML 2406.03057
stat.ML 2406.03061
stat.ML 2406.03068
stat.ML 2406.03072
stat.ML 2406.03130
stat.ML 2406.03136
stat.ML 2406.03198
stat.ML 2406.03288
stat.ML 2406.03334
stat.ML 2406.03337
stat.ML 2406.03346
stat.ML 2406.03386
stat.ML 2406.03396
stat.ML 2406.03434
stat.ML 2406.03463
stat.ML 2406.03494
stat.ML 2406.03495
stat.ML 2406.02628
stat.ML 2406.02663
stat.ML 2406.02769
stat.ML 2406.02838
stat.ML 2406.02873
stat.ML 2406.03171
stat.ML 2406.03258
stat.ML 2406.03260
stat.ML 2406.03264
stat.ML 2406.03369
stat.ML 2405.08005
stat.ML 2406.03537
stat.ML 2406.03606
stat.ML 2406.03619
stat.ML 2406.03620
stat.ML 2406.03678
stat.ML 2406.03680
stat.ML 2406.03683
stat.ML 2406.03707
stat.ML 2406.03849
stat.ML 2406.03890
stat.ML 2406.04043
stat.ML 2406.04056
stat.ML 2406.04068
stat.ML 2406.04112
stat.ML 2406.04137
stat.ML 2406.04142
stat.ML 2406.04150
stat.ML 2406.04201
stat.ML 2406.04229
stat.ML 2406.04250
stat.ML 2406.04291
stat.ML 2406.04308
stat.ML 2406.04317
stat.ML 2406.04329
stat.ML 2406.03616
stat.ML 2406.03628
stat.ML 2406.03653
stat.ML 2406.03696
stat.ML 2406.03924
stat.ML 2406.04012
stat.ML 2406.04047
stat.ML 2406.04071
stat.ML 2406.04098
stat.ML 2406.04374
stat.ML 2406.04421
stat.ML 2406.04424
stat.ML 2406.04425
stat.ML 2406.04487
stat.ML 2406.04501
stat.ML 2406.04562
stat.ML 2406.04575
stat.ML 2406.04588
stat.ML 2406.04592
stat.ML 2406.04619
stat.ML 2406.04653
stat.ML 2406.04657
stat.ML 2406.04690
stat.ML 2406.04706
stat.ML 2406.04713
stat.ML 2406.04739
stat.ML 2406.04759
stat.ML 2406.04766
stat.ML 2406.04796
stat.ML 2406.04824
stat.ML 2406.04827
stat.ML 2406.04843
stat.ML 2406.04860
stat.ML 2406.04981
stat.ML 2406.05072
stat.ML 2406.04527
stat.ML 2406.05014
stat.ML 2406.05061
stat.ML 2406.05213
stat.ML 2406.05225
stat.ML 2406.05242
stat.ML 2406.05287
stat.ML 2406.05340
stat.ML 2406.05428
stat.ML 2406.05440
stat.ML 2406.05637
stat.ML 2406.05660
stat.ML 2406.05666
stat.ML 2406.05710
stat.ML 2406.05822
stat.ML 2406.05855
stat.ML 2406.05869
stat.ML 2406.05882
stat.ML 2406.05883
stat.ML 2406.05937
stat.ML 2406.05993
stat.ML 2406.06014
stat.ML 2406.06101
stat.ML 2406.06149
stat.ML 2406.06158
stat.ML 2406.06168
stat.ML 2406.06213
stat.ML 2406.06227
stat.ML 2406.06419
stat.ML 2406.06452
stat.ML 2406.06467
stat.ML 2406.06470
stat.ML 2406.06506
stat.ML 2406.06509
stat.ML 2406.06514
stat.ML 2406.06516
stat.ML 2406.05260
stat.ML 2406.05320
stat.ML 2406.05372
stat.ML 2406.05633
stat.ML 2406.05714
stat.ML 2406.05745
stat.ML 2406.05964
stat.ML 2406.05986
stat.ML 2406.06408
stat.ML 2406.06425
eess.IV 2406.01613
eess.IV 2406.02518
eess.IV 2406.01605
eess.IV 2406.01644
eess.IV 2406.01795
eess.IV 2406.01993
eess.IV 2406.02077
eess.IV 2406.02422
eess.IV 2406.02477
eess.IV 2406.02480
eess.IV 2406.02529
eess.IV 2406.02534
eess.IV 2406.02618
eess.IV 2406.02785
eess.IV 2406.02879
eess.IV 2406.02914
eess.IV 2406.03461
eess.IV 2406.02557
eess.IV 2406.02626
eess.IV 2406.02640
eess.IV 2406.02653
eess.IV 2406.02918
eess.IV 2406.02936
eess.IV 2406.03002
eess.IV 2406.03103
eess.IV 2406.03173
eess.IV 2406.03359
eess.IV 2406.03413
eess.IV 2406.03430
eess.IV 2406.03645
eess.IV 2406.04014
eess.IV 2406.04090
eess.IV 2406.04105
eess.IV 2406.04111
eess.IV 2406.04158
eess.IV 2406.04324
eess.IV 2406.03583
eess.IV 2406.03663
eess.IV 2406.03688
eess.IV 2406.03901
eess.IV 2406.03902
eess.IV 2406.03903
eess.IV 2406.03961
eess.IV 2406.04149
eess.IV 2406.04193
eess.IV 2406.04723
eess.IV 2406.04928
eess.IV 2406.05131
eess.IV 2406.04377
eess.IV 2406.04388
eess.IV 2406.04654
eess.IV 2406.04679
eess.IV 2406.04680
eess.IV 2406.04740
eess.IV 2406.04769
eess.IV 2406.05074
eess.IV 2406.05152
eess.IV 2406.05170
eess.IV 2406.05205
eess.IV 2406.05270
eess.IV 2406.05305
eess.IV 2406.05389
eess.IV 2406.05475
eess.IV 2406.05525
eess.IV 2406.05700
eess.IV 2406.05726
eess.IV 2406.05828
eess.IV 2406.05915
eess.IV 2406.06337
eess.IV 2406.05231
eess.IV 2406.05312
eess.IV 2406.05421
eess.IV 2406.05891
eess.IV 2406.05974
eess.IV 2406.05982
eess.IV 2406.05992
eess.IV 2406.06017
eess.IV 2406.06247
eess.IV 2406.06434
stat.AP 2406.01599
stat.AP 2406.01653
stat.AP 2406.01813
stat.AP 2406.01923
stat.AP 2406.02297
stat.AP 2406.02320
stat.AP 2406.02321
stat.AP 2406.01818
stat.AP 2406.01982
stat.AP 2406.02054
stat.AP 2406.02360
stat.AP 2406.02948
stat.AP 2406.03056
stat.AP 2406.03198
stat.AP 2406.03356
stat.AP 2406.03463
stat.AP 2406.02743
stat.AP 2406.02868
stat.AP 2406.02934
stat.AP 2406.03808
stat.AP 2406.03849
stat.AP 2406.03900
stat.AP 2406.04167
stat.AP 2406.03500
stat.AP 2406.03515
stat.AP 2406.03821
stat.AP 2406.04095
stat.AP 2406.04107
stat.AP 2406.04348
stat.AP 2406.04575
stat.AP 2406.04599
stat.AP 2406.04743
stat.AP 2406.04849
stat.AP 2406.04424
stat.AP 2406.04915
stat.AP 2406.00866
stat.AP 2406.05172
stat.AP 2406.05173
stat.AP 2406.05185
stat.AP 2406.05607
stat.AP 2406.05679
stat.AP 2406.05738
stat.AP 2406.05830
stat.AP 2406.05834
stat.AP 2406.06213
stat.AP 2406.05189
stat.AP 2406.05262
stat.AP 2406.05264
stat.AP 2406.06177
math.OC 2406.01723
math.OC 2406.01756
math.OC 2406.01799
math.OC 2406.01856
math.OC 2406.01887
math.OC 2406.01908
math.OC 2406.02203
math.OC 2406.02296
math.OC 2406.01703
math.OC 2406.01763
math.OC 2406.01885
math.OC 2406.01942
math.OC 2406.01949
math.OC 2406.01959
math.OC 2406.01965
math.OC 2406.01992
math.OC 2406.02003
math.OC 2406.02006
math.OC 2406.02016
math.OC 2406.02089
math.OC 2406.02225
math.OC 2406.02273
math.OC 2406.02308
math.OC 2406.02384
math.OC 2406.02402
math.OC 2406.02413
math.OC 2406.02426
math.OC 2406.02439
math.OC 2406.02626
math.OC 2406.02735
math.OC 2406.02806
math.OC 2406.02840
math.OC 2406.02970
math.OC 2406.03006
math.OC 2406.03099
math.OC 2406.02760
math.OC 2406.02939
math.OC 2406.03089
math.OC 2406.03090
math.OC 2406.03110
math.OC 2406.03134
math.OC 2406.03165
math.OC 2406.03217
math.OC 2406.03270
math.OC 2406.03286
math.OC 2406.03309
math.OC 2406.03319
math.OC 2406.03429
math.OC 2406.03574
math.OC 2406.03620
math.OC 2406.03644
math.OC 2406.03696
math.OC 2406.03760
math.OC 2406.04010
math.OC 2406.04056
math.OC 2406.04104
math.OC 2406.04130
math.OC 2406.04201
math.OC 2406.04203
math.OC 2406.03502
math.OC 2406.03504
math.OC 2406.03626
math.OC 2406.03654
math.OC 2406.03690
math.OC 2406.03698
math.OC 2406.03709
math.OC 2406.03734
math.OC 2406.03787
math.OC 2406.03913
math.OC 2406.03967
math.OC 2406.04001
math.OC 2406.04142
math.OC 2406.04163
math.OC 2406.04185
math.OC 2406.04205
math.OC 2406.04243
math.OC 2406.04425
math.OC 2406.04443
math.OC 2406.04530
math.OC 2406.04558
math.OC 2406.04766
math.OC 2406.04841
math.OC 2406.05033
math.OC 2406.05104
math.OC 2406.04506
math.OC 2406.04588
math.OC 2406.04592
math.OC 2406.04621
math.OC 2406.04646
math.OC 2406.04676
math.OC 2406.04681
math.OC 2406.04707
math.OC 2406.04731
math.OC 2406.04751
math.OC 2406.04889
math.OC 2406.05052
math.OC 2406.05086
math.OC 2406.05135
math.OC 2406.05142
math.OC 2406.05239
math.OC 2406.05358
math.OC 2406.05366
math.OC 2406.05576
math.OC 2406.05873
math.OC 2406.05938
math.OC 2406.06002
math.OC 2406.06057
math.OC 2406.06342
math.OC 2406.06361
math.OC 2406.06514
math.OC 2406.06520
math.OC 2406.05256
math.OC 2406.05455
math.OC 2406.05474
math.OC 2406.05526
math.OC 2406.05632
math.OC 2406.05637
math.OC 2406.05638
math.OC 2406.05648
math.OC 2406.05697
math.OC 2406.05740
math.OC 2406.05775
math.OC 2406.05803
math.OC 2406.05830
math.OC 2406.05846
math.OC 2406.05905
math.OC 2406.06018
math.OC 2406.06090
math.OC 2406.06100
math.OC 2406.06152
math.OC 2406.06260
math.OC 2406.06398
math.OC 2406.06409
math.OC 2406.06457
math.OC 2406.06506
stat.TH 2406.01933
stat.TH 2406.02152
stat.TH 2406.02424
stat.TH 2406.01849
stat.TH 2406.02031
stat.TH 2406.02502
stat.TH 2406.02794
stat.TH 2406.02840
stat.TH 2406.02869
stat.TH 2406.03260
stat.TH 2406.03302
stat.TH 2406.03358
stat.TH 2406.03369
stat.TH 2406.02646
stat.TH 2406.02800
stat.TH 2406.02894
stat.TH 2406.03360
stat.TH 2406.03424
stat.TH 2406.03653
stat.TH 2406.03681
stat.TH 2406.03719
stat.TH 2406.04068
stat.TH 2406.04071
stat.TH 2406.04085
stat.TH 2406.04137
stat.TH 2406.03954
stat.TH 2406.04191
stat.TH 2406.03971
stat.TH 2406.04425
stat.TH 2406.04657
stat.TH 2406.00866
stat.TH 2406.05428
stat.TH 2406.05440
stat.TH 2406.05548
stat.TH 2406.05714
stat.TH 2406.05869
stat.TH 2406.05944
stat.TH 2406.06306
stat.TH 2406.06408
stat.TH 2406.06425
stat.TH 2406.05394
stat.TH 2406.05811
stat.TH 2406.05834
stat.TH 2406.05843
stat.TH 2406.05911
stat.TH 2406.06014
stat.TH 2406.06113
stat.TH 2406.06137
stat.TH 2406.06168
stat.TH 2406.06231
stat.TH 2406.06481
eess.SP 2406.01646
eess.SP 2406.01663
eess.SP 2406.01727
eess.SP 2406.01937
eess.SP 2406.02000
eess.SP 2406.02076
eess.SP 2406.02092
eess.SP 2406.02161
eess.SP 2406.02164
eess.SP 2406.02167
eess.SP 2406.02170
eess.SP 2406.02291
eess.SP 2406.02339
eess.SP 2406.02479
eess.SP 2406.01600
eess.SP 2406.01834
eess.SP 2406.01846
eess.SP 2406.01850
eess.SP 2406.01904
eess.SP 2406.01922
eess.SP 2406.01945
eess.SP 2406.02232
eess.SP 2406.02254
eess.SP 2406.02262
eess.SP 2406.02289
eess.SP 2406.02410
eess.SP 2406.02711
eess.SP 2406.02768
eess.SP 2406.02775
eess.SP 2406.02812
eess.SP 2406.03011
eess.SP 2406.03098
eess.SP 2406.03111
eess.SP 2406.03438
eess.SP 2406.02975
eess.SP 2406.03144
eess.SP 2406.03157
eess.SP 2406.03162
eess.SP 2406.03316
eess.SP 2406.03391
eess.SP 2406.01768
eess.SP 2406.03886
eess.SP 2406.03888
eess.SP 2406.03899
eess.SP 2406.03918
eess.SP 2406.04090
eess.SP 2406.04112
eess.SP 2406.04193
eess.SP 2406.03737
eess.SP 2406.03766
eess.SP 2406.03779
eess.SP 2406.03898
eess.SP 2406.04009
eess.SP 2406.04188
eess.SP 2406.04262
eess.SP 2406.04282
eess.SP 2406.04546
eess.SP 2406.04676
eess.SP 2406.04706
eess.SP 2406.04721
eess.SP 2406.04750
eess.SP 2406.04881
eess.SP 2406.04357
eess.SP 2406.04456
eess.SP 2406.04586
eess.SP 2406.04708
eess.SP 2406.04723
eess.SP 2406.04737
eess.SP 2406.04762
eess.SP 2406.04776
eess.SP 2406.04786
eess.SP 2406.04985
eess.SP 2406.05042
eess.SP 2406.05152
eess.SP 2406.05314
eess.SP 2406.05441
eess.SP 2406.05576
eess.SP 2406.05699
eess.SP 2406.05747
eess.SP 2406.05900
eess.SP 2406.05913
eess.SP 2406.05914
eess.SP 2406.06002
eess.SP 2406.06064
eess.SP 2406.06111
eess.SP 2406.06245
eess.SP 2406.06280
eess.SP 2406.06293
eess.SP 2406.06341
eess.SP 2406.05300
eess.SP 2406.05389
eess.SP 2406.05437
eess.SP 2406.05452
eess.SP 2406.05499
eess.SP 2406.05529
eess.SP 2406.05549
eess.SP 2406.05552
eess.SP 2406.05555
eess.SP 2406.05557
eess.SP 2406.05647
eess.SP 2406.05652
eess.SP 2406.05663
eess.SP 2406.05667
eess.SP 2406.05671
eess.SP 2406.05696
eess.SP 2406.05716
eess.SP 2406.05780
eess.SP 2406.05790
eess.SP 2406.05799
eess.SP 2406.05844
eess.SP 2406.05924
eess.SP 2406.05945
eess.SP 2406.06024
eess.SP 2406.06252
eess.SP 2406.06306
eess.SP 2406.06343
eess.SP 2406.06381
eess.SP 2406.06392
eess.SP 2406.06402
stat.CO 2406.02360
stat.CO 2406.01750
stat.CO 2406.01864
stat.CO 2406.02838
stat.CO 2406.02879
stat.CO 2406.03242
stat.CO 2406.02701
stat.CO 2406.02741
stat.CO 2406.04187
stat.CO 2406.04655
stat.CO 2406.04859
stat.CO 2406.05012
stat.CO 2406.05193
stat.CO 2406.05738
stat.CO 2406.06231
stat.CO 2406.05242
stat.CO 2406.06488
math.PR 2406.01653
math.PR 2406.01718
math.PR 2406.01778
math.PR 2406.01790
math.PR 2406.01849
math.PR 2406.01910
math.PR 2406.02502
math.PR 2406.01725
math.PR 2406.01731
math.PR 2406.02099
math.PR 2406.02248
math.PR 2406.02397
math.PR 2406.02399
math.PR 2406.02800
math.PR 2406.03025
math.PR 2406.03089
math.PR 2406.03252
math.PR 2406.03335
math.PR 2406.03346
math.PR 2406.03424
math.PR 2406.02793
math.PR 2406.02814
math.PR 2406.02848
math.PR 2406.02879
math.PR 2406.02970
math.PR 2406.02988
math.PR 2406.03037
math.PR 2406.03058
math.PR 2406.03313
math.PR 2406.03852
math.PR 2406.04187
math.PR 2406.04191
math.PR 2406.04232
math.PR 2406.03517
math.PR 2406.03644
math.PR 2406.03715
math.PR 2406.03719
math.PR 2406.04016
math.PR 2406.04179
math.PR 2406.04200
math.PR 2406.04203
math.PR 2406.04222
math.PR 2406.04255
math.PR 2406.04706
math.PR 2406.04751
math.PR 2406.04964
math.PR 2406.05004
math.PR 2406.05110
math.PR 2406.04526
math.PR 2406.04651
math.PR 2406.04850
math.PR 2406.04911
math.PR 2406.04958
math.PR 2406.05043
math.PR 2406.05252
math.PR 2406.05268
math.PR 2406.05394
math.PR 2406.05429
math.PR 2406.05495
math.PR 2406.05501
math.PR 2406.05503
math.PR 2406.05637
math.PR 2406.05662
math.PR 2406.05759
math.PR 2406.05834
math.PR 2406.05894
math.PR 2406.05895
math.PR 2406.06249
math.PR 2406.06359
math.PR 2406.06522
math.PR 2406.05441
math.PR 2406.05523
math.PR 2406.05553
math.PR 2406.05807
math.PR 2406.05869
math.PR 2406.06188
math.PR 2406.06266
math.PR 2406.06380
math.PR 2406.06471
math.PR 2406.06502
eess.AS 2406.01655
eess.AS 2406.02004
eess.AS 2406.02014
eess.AS 2406.02092
eess.AS 2406.02166
eess.AS 2406.02178
eess.AS 2406.02315
eess.AS 2406.02328
eess.AS 2406.01624
eess.AS 2406.02009
eess.AS 2406.02032
eess.AS 2406.02133
eess.AS 2406.02162
eess.AS 2406.02167
eess.AS 2406.02233
eess.AS 2406.02250
eess.AS 2406.02255
eess.AS 2406.02285
eess.AS 2406.02429
eess.AS 2406.02430
eess.AS 2406.02438
eess.AS 2406.02443
eess.AS 2406.02483
eess.AS 2406.02488
eess.AS 2406.02565
eess.AS 2406.02699
eess.AS 2406.02733
eess.AS 2406.02897
eess.AS 2406.02921
eess.AS 2406.02938
eess.AS 2406.02940
eess.AS 2406.02951
eess.AS 2406.02963
eess.AS 2406.03049
eess.AS 2406.03138
eess.AS 2406.03237
eess.AS 2406.03240
eess.AS 2406.03247
eess.AS 2406.03251
eess.AS 2406.03344
eess.AS 2406.03407
eess.AS 2406.02554
eess.AS 2406.02555
eess.AS 2406.02560
eess.AS 2406.02561
eess.AS 2406.02562
eess.AS 2406.02563
eess.AS 2406.02566
eess.AS 2406.02569
eess.AS 2406.02572
eess.AS 2406.02608
eess.AS 2406.02649
eess.AS 2406.02652
eess.AS 2406.02887
eess.AS 2406.02925
eess.AS 2406.02950
eess.AS 2406.03111
eess.AS 2406.03120
eess.AS 2406.03155
eess.AS 2406.03205
eess.AS 2406.03228
eess.AS 2406.03272
eess.AS 2406.03274
eess.AS 2406.03460
eess.AS 2406.03510
eess.AS 2406.03512
eess.AS 2406.03706
eess.AS 2406.03714
eess.AS 2406.03814
eess.AS 2406.03822
eess.AS 2406.03872
eess.AS 2406.03882
eess.AS 2406.04140
eess.AS 2406.03514
eess.AS 2406.03637
eess.AS 2406.03657
eess.AS 2406.03899
eess.AS 2406.04123
eess.AS 2406.04212
eess.AS 2406.04269
eess.AS 2406.04281
eess.AS 2406.04350
eess.AS 2406.04512
eess.AS 2406.04541
eess.AS 2406.04589
eess.AS 2406.04595
eess.AS 2406.04673
eess.AS 2406.04683
eess.AS 2406.04791
eess.AS 2406.04840
eess.AS 2406.04930
eess.AS 2406.04353
eess.AS 2406.04354
eess.AS 2406.04429
eess.AS 2406.04432
eess.AS 2406.04467
eess.AS 2406.04494
eess.AS 2406.04552
eess.AS 2406.04582
eess.AS 2406.04615
eess.AS 2406.04633
eess.AS 2406.04660
eess.AS 2406.04904
eess.AS 2406.04927
eess.AS 2406.04951
eess.AS 2406.04997
eess.AS 2406.05065
eess.AS 2406.05128
eess.AS 2406.05370
eess.AS 2406.05464
eess.AS 2406.05515
eess.AS 2406.05547
eess.AS 2406.05629
eess.AS 2406.05653
eess.AS 2406.05681
eess.AS 2406.05692
eess.AS 2406.05784
eess.AS 2406.05806
eess.AS 2406.05863
eess.AS 2406.05876
eess.AS 2406.05923
eess.AS 2406.06086
eess.AS 2406.06097
eess.AS 2406.06139
eess.AS 2406.06208
eess.AS 2406.06295
eess.AS 2406.06310
eess.AS 2406.06329
eess.AS 2406.06332
eess.AS 2406.06339
eess.AS 2406.06341
eess.AS 2406.06371
eess.AS 2406.06375
eess.AS 2406.06403
eess.AS 2406.06406
eess.AS 2406.06438
eess.AS 2406.05199
eess.AS 2406.05259
eess.AS 2406.05286
eess.AS 2406.05298
eess.AS 2406.05314
eess.AS 2406.05325
eess.AS 2406.05339
eess.AS 2406.05341
eess.AS 2406.05359
eess.AS 2406.05401
eess.AS 2406.05551
eess.AS 2406.05672
eess.AS 2406.05699
eess.AS 2406.05763
eess.AS 2406.05839
eess.AS 2406.05914
eess.AS 2406.05947
eess.AS 2406.05961
eess.AS 2406.05965
eess.AS 2406.05968
eess.AS 2406.05983
eess.AS 2406.06111
eess.AS 2406.06160
eess.AS 2406.06185
eess.AS 2406.06220
eess.AS 2406.06251
eess.AS 2406.06293
math.DS 2406.02080
math.DS 2406.02234
math.DS 2406.01657
math.DS 2406.01712
math.DS 2406.01957
math.DS 2406.01991
math.DS 2406.02226
math.DS 2406.02401
math.DS 2304.08301
math.DS 2406.02875
math.DS 2406.03456
math.DS 2406.03473
math.DS 2406.03269
math.DS 2406.03420
math.DS 2406.03951
math.DS 2406.04001
math.DS 2406.04232
math.DS 2406.03732
math.DS 2406.04126
math.DS 2406.04132
math.DS 2406.04458
math.DS 2406.04672
math.DS 2406.04934
math.DS 2406.05004
math.DS 2406.04435
math.DS 2406.04587
math.DS 2406.04922
math.DS 2406.05057
math.DS 2406.05073
math.DS 2406.05429
math.DS 2406.05470
math.DS 2406.05523
math.DS 2406.05979
math.DS 2406.06082
math.DS 2406.06115
math.DS 2406.06155
math.DS 2406.06180
math.DS 2406.06250
math.DS 2406.06491
math.DS 2406.05495
math.DS 2406.05563
math.DS 2406.05730
math.DS 2406.06123
math.DS 2406.06195
