cs.IT 2312.04823
cs.IT 2312.05158
cs.IT 2312.04591
cs.IT 2312.04593
cs.IT 2312.04602
cs.IT 2312.04742
cs.IT 2312.04786
cs.IT 2312.04790
cs.IT 2312.04863
cs.IT 2312.04922
cs.IT 2312.04969
cs.IT 2312.05003
cs.IT 2312.05025
cs.IT 2312.05072
cs.IT 2312.05645
cs.IT 2312.05786
cs.IT 2312.05911
cs.IT 2312.06091
cs.IT 2312.06190
cs.DC 2312.04916
cs.IT 2312.06608
cs.DC 2312.04921
cs.IT 2312.06658
cs.DC 2312.04933
cs.IT 2312.05398
cs.DC 2312.04992
cs.IT 2312.05437
cs.DC 2312.05248
cs.IT 2312.05474
cs.DC 2312.04704
cs.IT 2312.05534
cs.IT 2312.05557
cs.IT 2312.05623
cs.DC 2312.04789
cs.IT 2312.05726
cs.DC 2312.04799
cs.IT 2312.05737
cs.DC 2312.04876
cs.IT 2312.05763
cs.DC 2312.04900
cs.IT 2312.05829
cs.DC 2312.05028
cs.IT 2312.05884
cs.IT 2312.06033
cs.DC 2312.05102
cs.IT 2312.06200
cs.DC 2312.05181
cs.IT 2312.06282
cs.DC 2312.05215
cs.IT 2312.06504
cs.IT 2312.06516
cs.IT 2312.06551
cs.DC 2312.05516
cs.IT 2312.06560
cs.DC 2312.05779
cs.IT 2312.06849
cs.IT 2312.06966
cs.IT 2312.06969
cs.DC 2312.06126
cs.IT 2312.07011
cs.IT 2312.07159
cs.IT 2312.07183
cs.IT 2312.07193
cs.IT 2312.07802
cs.IT 2312.07930
cs.IT 2312.08053
cs.IT 2312.08244
cs.IT 2312.08257
cs.IT 2312.07742
cs.IT 2312.07864
cs.IT 2312.07883
cs.IT 2312.07895
cs.IT 2312.07941
cs.IT 2312.08109
cs.DC 2312.06254
cs.IT 2312.08214
cs.DC 2312.06260
cs.IT 2312.08978
cs.IT 2312.09029
cs.IT 2312.09224
cs.DC 2312.06353
cs.DC 2312.05289
cs.DC 2312.05385
cs.IT 2312.08577
cs.DC 2312.05492
cs.DC 2312.05639
cs.DC 2312.05714
cs.DC 2312.05770
cs.DC 2312.05869
cs.DC 2312.05871
cs.DC 2312.06131
cs.DC 2312.06207
cs.DC 2312.06471
cs.DC 2312.06544
cs.DC 2312.06546
cs.DC 2312.06574
cs.DC 2312.06902
cs.DC 2312.06951
cs.DC 2312.06893
cs.DC 2312.07060
cs.DC 2312.07090
cs.DC 2312.07220
cs.DC 2312.07709
cs.DC 2312.07743
cs.DC 2312.08053
cs.DC 2312.08086
cs.DC 2312.08356
cs.DC 2312.08361
cs.DC 2312.07747
cs.DC 2312.07748
cs.DC 2312.07956
cs.DC 2312.08140
cs.DC 2312.08158
cs.DC 2312.08298
cs.DC 2312.08305
cs.DC 2312.08309
cs.DC 2312.08656
cs.DC 2312.08975
cs.DC 2312.09006
cs.DC 2312.09108
cs.DC 2312.09118
cs.DC 2312.08499
cs.DC 2312.08701
cs.DC 2312.08748
cs.DC 2312.09123
cs.IT 2312.08753
cs.IT 2312.08862
cs.IT 2312.08950
cs.IT 2312.09002
cs.IT 2312.09007
cs.AR 2312.04717
cs.AR 2312.04857
cs.AR 2312.05212
cs.AR 2312.06137
cs.AR 2312.06268
cs.AR 2312.06004
cs.AR 2312.06086
cs.AR 2312.06364
cs.AR 2312.06532
cs.AR 2312.06580
cs.AR 2312.07355
cs.AR 2312.08156
cs.AR 2312.08176
cs.AR 2312.07640
cs.AR 2312.08617
cs.AR 2312.08994
cs.AR 2312.09027
cs.MA 2312.04719
cs.MA 2312.04905
cs.MA 2312.04805
cs.MA 2312.04819
cs.MA 2312.05162
cs.MA 2312.05189
cs.MA 2111.04613
cs.MA 2312.05642
cs.MA 2312.06443
cs.MA 2312.05746
cs.MA 2312.06858
cs.MA 2312.06871
cs.MA 2312.06927
cs.MA 2312.07523
cs.MA 2312.07001
cs.MA 2312.07598
cs.MA 2312.07966
cs.MA 2312.08051
cs.MA 2312.08554
cs.MA 2312.08884
cs.MA 2312.08662
cs.AI 2312.04574
cs.AI 2312.04579
cs.AI 2312.04584
cs.AI 2312.04590
cs.AI 2312.04594
cs.AI 2312.04595
cs.AI 2312.04601
cs.AI 2312.04609
cs.AI 2312.04610
cs.AI 2312.04640
cs.AI 2312.04654
cs.AI 2312.04657
cs.AI 2312.04668
cs.AI 2312.04670
cs.AI 2312.04684
cs.AI 2312.04688
cs.AI 2312.04690
cs.AI 2312.04691
cs.AI 2312.04713
cs.AI 2312.04715
cs.AI 2312.04720
cs.AI 2312.04729
cs.AI 2312.04730
cs.AI 2312.04731
cs.AI 2312.04736
cs.AI 2312.04737
cs.AI 2312.04740
cs.AI 2312.04746
cs.AI 2312.04748
cs.AI 2312.04762
cs.AI 2312.04780
cs.AI 2312.04792
cs.AI 2312.04799
cs.AI 2312.04805
cs.AI 2312.04808
cs.AI 2312.04820
cs.AI 2312.04821
cs.AI 2312.04823
cs.AI 2312.04828
cs.AI 2312.04836
cs.AI 2312.04839
cs.AI 2312.04840
cs.AI 2312.04843
cs.AI 2312.04854
cs.AI 2312.04861
cs.AI 2312.04862
cs.AI 2312.04864
cs.AI 2312.04881
cs.AI 2312.04882
cs.AI 2312.04902
cs.AI 2312.04913
cs.AI 2312.04916
cs.AI 2312.04917
cs.AI 2312.04940
cs.AI 2312.04945
cs.AI 2312.04947
cs.AI 2312.04960
cs.AI 2312.04963
cs.AI 2312.04965
cs.AI 2312.04986
cs.AI 2312.05019
cs.AI 2312.05021
cs.AI 2312.05023
cs.AI 2312.05034
cs.AI 2312.05039
cs.AI 2312.05043
cs.AI 2312.05044
cs.AI 2312.05114
cs.AI 2312.05162
cs.AI 2312.05181
cs.AI 2312.05185
cs.AI 2312.05195
cs.AI 2312.05250
cs.AI 2312.05253
cs.AI 2312.04578
cs.AI 2312.04772
cs.AI 2312.04837
cs.AI 2312.04889
cs.AI 2312.04997
cs.AI 2312.05171
cs.AI 2312.05209
cs.AI 2312.05230
cs.AI 2302.09304
cs.AI 2308.09936
cs.AI 2312.05256
cs.AI 2312.05257
cs.AI 2312.05273
cs.AI 2312.05275
cs.AI 2312.05291
cs.AI 2312.05337
cs.AI 2312.05349
cs.AI 2312.05404
cs.AI 2312.05409
cs.AI 2312.05431
cs.AI 2312.05437
cs.AI 2312.05440
cs.AI 2312.05454
cs.AI 2312.05461
cs.AI 2312.05471
cs.AI 2312.05479
cs.AI 2312.05482
cs.AI 2312.05491
cs.AI 2312.05503
cs.AI 2312.05526
cs.AI 2312.05568
cs.AI 2312.05583
cs.AI 2312.05586
cs.AI 2312.05594
cs.AI 2312.05602
cs.AI 2312.05603
cs.AI 2312.05611
cs.AI 2312.05626
cs.AI 2312.05640
cs.AI 2312.05642
cs.AI 2312.05657
cs.AI 2312.05675
cs.AI 2312.05677
cs.AI 2312.05688
cs.AI 2312.05693
cs.AI 2312.05695
cs.AI 2312.05696
cs.AI 2312.05708
cs.AI 2312.05717
cs.AI 2312.05720
cs.AI 2312.05721
cs.AI 2312.05733
cs.AI 2312.05738
cs.AI 2312.05739
cs.AI 2312.05742
cs.AI 2312.05745
cs.AI 2312.05748
cs.AI 2312.05756
cs.AI 2312.05757
cs.AI 2312.05761
cs.AI 2312.05790
cs.AI 2312.05792
cs.AI 2312.05834
cs.AI 2312.05873
cs.AI 2312.05883
cs.AI 2312.05905
cs.AI 2312.05907
cs.AI 2312.05908
cs.AI 2312.05925
cs.AI 2312.05928
cs.AI 2312.05933
cs.AI 2312.05946
cs.AI 2312.05964
cs.AI 2312.05975
cs.AI 2312.05976
cs.AI 2312.05980
cs.AI 2312.05984
cs.AI 2312.05991
cs.AI 2312.06008
cs.AI 2312.06036
cs.AI 2312.06052
cs.AI 2312.06056
cs.AI 2312.06059
cs.AI 2312.06063
cs.AI 2312.06068
cs.AI 2312.06077
cs.AI 2312.06089
cs.AI 2312.06091
cs.AI 2312.06112
cs.AI 2312.06116
cs.AI 2312.06118
cs.AI 2312.06121
cs.AI 2312.06126
cs.AI 2312.06145
cs.AI 2312.06149
cs.AI 2312.06153
cs.AI 2312.06176
cs.AI 2312.06182
cs.AI 2312.06185
cs.AI 2312.06220
cs.AI 2312.06226
cs.AI 2312.06229
cs.AI 2312.06254
cs.AI 2312.06258
cs.AI 2312.06279
cs.AI 2312.06280
cs.AI 2312.06281
cs.AI 2312.06285
cs.AI 2312.06293
cs.AI 2312.06305
cs.AI 2312.06306
cs.AI 2312.06314
cs.AI 2312.06330
cs.AI 2312.06336
cs.AI 2312.06338
cs.AI 2312.06342
cs.AI 2312.06357
cs.AI 2312.06371
cs.AI 2312.06386
cs.AI 2312.06398
cs.AI 2312.06406
cs.AI 2312.06408
cs.AI 2312.06423
cs.AI 2312.06428
cs.AI 2312.06436
cs.AI 2312.06441
cs.AI 2312.06462
cs.AI 2312.06514
cs.AI 2312.06519
cs.AI 2312.06522
cs.AI 2312.06546
cs.AI 2312.06550
cs.AI 2312.06562
cs.AI 2312.06564
cs.AI 2312.06568
cs.AI 2312.06579
cs.AI 2312.06581
cs.AI 2312.06583
cs.AI 2312.06594
cs.AI 2312.06627
cs.AI 2312.06638
cs.AI 2312.06639
cs.AI 2312.06643
cs.AI 2312.06644
cs.AI 2312.06647
cs.AI 2312.06648
cs.AI 2312.06662
cs.AI 2312.05259
cs.AI 2312.05265
cs.AI 2312.05276
cs.AI 2312.05328
cs.AI 2312.05361
cs.AI 2312.05368
cs.AI 2312.05379
cs.AI 2312.05392
cs.AI 2312.05433
cs.AI 2312.05468
cs.AI 2312.05473
cs.AI 2312.05486
cs.AI 2312.05488
cs.AI 2312.05531
cs.AI 2312.05550
cs.AI 2312.05571
cs.AI 2312.05576
cs.AI 2312.05588
cs.AI 2312.05589
cs.AI 2312.05597
cs.AI 2312.05599
cs.AI 2312.05614
cs.AI 2312.05669
cs.AI 2312.05686
cs.AI 2312.05725
cs.AI 2312.05735
cs.AI 2312.05747
cs.AI 2312.05784
cs.AI 2312.05795
cs.AI 2312.05814
cs.AI 2312.05822
cs.AI 2312.05842
cs.AI 2312.05864
cs.AI 2312.05866
cs.AI 2312.05875
cs.AI 2312.05877
cs.AI 2312.05890
cs.AI 2312.05921
cs.AI 2312.05934
cs.AI 2312.06032
cs.AI 2312.06034
cs.AI 2312.06037
cs.AI 2312.06074
cs.AI 2312.06082
cs.AI 2312.06141
cs.AI 2312.06203
cs.AI 2312.06219
cs.AI 2312.06231
cs.AI 2312.06261
cs.AI 2312.06297
cs.AI 2312.06363
cs.AI 2312.06400
cs.AI 2312.06432
cs.AI 2312.06457
cs.AI 2312.06490
cs.AI 2312.06527
cs.AI 2312.06534
cs.AI 2312.06632
cs.AI 2312.06633
cs.AI 2312.06646
cs.AI 2312.06652
cs.AI 2312.04547
cs.AI 2312.06667
cs.AI 2312.06670
cs.AI 2312.06674
cs.AI 2312.06677
cs.AI 2312.06681
cs.AI 2312.06695
cs.AI 2312.06712
cs.AI 2312.06731
cs.AI 2312.06742
cs.AI 2312.06786
cs.AI 2312.06832
cs.AI 2312.06833
cs.AI 2312.06858
cs.AI 2312.06869
cs.AI 2312.06876
cs.AI 2312.06887
cs.AI 2312.06974
cs.AI 2312.07000
cs.AI 2312.07006
cs.AI 2312.07021
cs.AI 2312.07028
cs.AI 2312.07035
cs.AI 2312.07043
cs.AI 2312.07055
cs.AI 2312.07059
cs.AI 2312.07069
cs.AI 2312.07087
cs.AI 2312.07088
cs.AI 2312.07102
cs.AI 2312.07112
cs.AI 2312.07144
cs.AI 2312.07165
cs.AI 2312.07168
cs.AI 2312.07175
cs.AI 2312.07178
cs.AI 2312.07212
cs.AI 2312.07214
cs.AI 2312.07221
cs.AI 2312.07231
cs.AI 2312.07248
cs.AI 2312.07250
cs.AI 2312.07271
cs.AI 2312.07305
cs.AI 2312.07311
cs.AI 2312.07337
cs.AI 2312.07343
cs.AI 2312.07352
cs.AI 2312.07371
cs.AI 2312.07384
cs.AI 2312.07392
cs.AI 2312.07399
cs.AI 2312.07424
cs.AI 2312.07428
cs.AI 2312.07435
cs.AI 2312.07437
cs.AI 2312.07457
cs.AI 2312.07466
cs.AI 2312.07476
cs.AI 2312.07488
cs.AI 2312.07492
cs.AI 2312.07527
cs.AI 2312.07532
cs.AI 2312.06682
cs.AI 2312.06684
cs.AI 2312.06685
cs.AI 2312.06717
cs.AI 2312.06718
cs.AI 2312.06727
cs.AI 2312.06798
cs.AI 2312.06820
cs.AI 2312.06826
cs.AI 2312.06853
cs.AI 2312.06871
cs.AI 2312.06901
cs.AI 2312.06973
cs.AI 2312.06990
cs.AI 2312.07003
cs.AI 2312.07025
cs.AI 2312.07040
cs.AI 2312.07086
cs.AI 2312.07101
cs.AI 2312.07104
cs.AI 2312.07107
cs.AI 2312.07122
cs.AI 2312.07130
cs.AI 2312.07158
cs.AI 2312.07213
cs.AI 2312.07243
cs.AI 2312.07302
cs.AI 2312.07368
cs.AI 2312.07398
cs.AI 2312.07401
cs.AI 2312.07413
cs.AI 2312.07482
cs.AI 2312.07540
cs.AI 2307.16426
cs.AI 2312.07511
cs.AI 2312.07556
cs.AI 2312.07559
cs.AI 2312.07571
cs.AI 2312.07579
cs.AI 2312.07586
cs.AI 2312.07589
cs.AI 2312.07592
cs.AI 2312.07602
cs.AI 2312.07606
cs.AI 2312.07624
cs.AI 2312.07625
cs.AI 2312.07631
cs.AI 2312.07638
cs.AI 2312.07671
cs.AI 2312.07685
cs.AI 2312.07696
cs.AI 2312.07705
cs.AI 2312.07723
cs.AI 2312.07751
cs.AI 2312.07784
cs.AI 2312.07795
cs.AI 2312.07796
cs.AI 2312.07797
cs.AI 2312.07814
cs.AI 2312.07822
cs.AI 2312.07832
cs.AI 2312.07835
cs.AI 2312.07848
cs.AI 2312.07855
cs.AI 2312.07856
cs.AI 2312.07879
cs.AI 2312.07885
cs.AI 2312.07899
cs.AI 2312.07901
cs.AI 2312.07917
cs.AI 2312.07928
cs.AI 2312.07932
cs.AI 2312.07952
cs.AI 2312.07955
cs.AI 2312.07961
cs.AI 2312.07971
cs.AI 2312.07983
cs.AI 2312.08012
cs.AI 2312.08021
cs.AI 2312.08027
cs.AI 2312.08033
cs.AI 2312.08056
cs.AI 2312.08057
cs.AI 2312.08063
cs.AI 2312.08066
cs.AI 2312.08074
cs.AI 2312.08078
cs.AI 2312.08092
cs.AI 2312.08098
cs.AI 2312.08107
cs.AI 2312.08143
cs.AI 2312.08195
cs.AI 2312.08198
cs.AI 2312.08221
cs.AI 2312.08274
cs.AI 2312.08282
cs.AI 2312.08287
cs.AI 2312.08303
cs.AI 2312.08317
cs.AI 2312.08344
cs.AI 2312.08358
cs.AI 2312.08365
cs.AI 2312.08369
cs.AI 2312.07553
cs.AI 2312.07635
cs.AI 2312.07637
cs.AI 2312.07711
cs.AI 2312.07721
cs.AI 2312.07753
cs.AI 2312.07767
cs.AI 2312.07779
cs.AI 2312.07838
cs.AI 2312.07850
cs.AI 2312.07867
cs.AI 2312.07876
cs.AI 2312.07886
cs.AI 2312.07910
cs.AI 2312.07966
cs.AI 2312.07993
cs.AI 2312.08064
cs.AI 2312.08084
cs.AI 2312.08157
cs.AI 2312.08224
cs.AI 2312.08248
cs.AI 2312.08374
cs.AI 2312.08375
cs.AI 2312.08381
cs.AI 2312.08383
cs.AI 2312.08384
cs.AI 2312.08385
cs.AI 2312.08393
cs.AI 2312.08397
cs.AI 2312.08400
cs.AI 2312.08402
cs.AI 2312.08408
cs.AI 2312.08418
cs.AI 2312.08459
cs.AI 2312.08467
cs.AI 2312.08519
cs.AI 2312.08533
cs.AI 2312.08537
cs.AI 2312.08538
cs.AI 2312.08550
cs.AI 2312.08571
cs.AI 2312.08604
cs.AI 2312.08611
cs.AI 2312.08616
cs.AI 2312.08642
cs.AI 2312.08656
cs.AI 2312.08658
cs.AI 2312.08667
cs.AI 2312.08670
cs.AI 2312.08671
cs.AI 2312.08672
cs.AI 2312.08677
cs.AI 2312.08679
cs.AI 2312.08688
cs.AI 2312.08695
cs.AI 2312.08710
cs.AI 2312.08724
cs.AI 2312.08726
cs.AI 2312.08763
cs.AI 2312.08773
cs.AI 2312.08776
cs.AI 2312.08782
cs.AI 2312.08793
cs.AI 2312.08800
cs.AI 2312.08834
cs.AI 2312.08837
cs.AI 2312.08843
cs.AI 2312.08873
cs.AI 2312.08898
cs.AI 2312.08901
cs.AI 2312.08917
cs.AI 2312.08931
cs.AI 2312.08948
cs.AI 2312.08958
cs.AI 2312.08968
cs.AI 2312.08975
cs.AI 2312.08977
cs.AI 2312.08995
cs.AI 2312.08998
cs.AI 2312.09007
cs.AI 2312.09039
cs.AI 2312.09056
cs.AI 2312.09057
cs.AI 2312.09066
cs.AI 2312.09067
cs.AI 2312.09085
cs.AI 2312.09109
cs.AI 2312.09120
cs.AI 2312.09162
cs.AI 2312.09193
cs.AI 2312.09196
cs.AI 2312.09230
cs.AI 2312.08377
cs.AI 2312.08378
cs.AI 2312.08403
cs.AI 2312.08463
cs.AI 2312.08466
cs.AI 2312.08468
cs.AI 2312.08517
cs.AI 2312.08520
cs.AI 2312.08566
cs.AI 2312.08629
cs.AI 2312.08680
cs.AI 2312.08702
cs.AI 2312.08720
cs.AI 2312.08722
cs.AI 2312.08762
cs.AI 2312.08801
cs.AI 2312.08815
cs.AI 2312.08827
cs.AI 2312.08847
cs.AI 2312.08926
cs.AI 2312.08935
cs.AI 2312.08987
cs.AI 2312.08990
cs.AI 2312.09009
cs.AI 2312.09050
cs.AI 2312.09198
cs.AI 2312.09219
cs.AI 2312.09238
cs.NI 2312.04577
cs.NI 2312.04688
cs.NI 2312.04728
cs.NI 2312.04747
cs.NI 2312.04754
cs.NI 2312.04833
cs.NI 2312.04857
cs.NI 2312.04871
cs.NI 2312.05043
cs.NI 2312.05096
cs.NI 2312.05213
cs.NI 2312.05437
cs.NI 2312.05609
cs.NI 2312.05774
cs.NI 2312.05775
cs.NI 2312.06203
cs.NI 2312.06342
cs.NI 2312.06516
cs.NI 2312.05517
cs.NI 2312.05594
cs.NI 2312.05704
cs.NI 2312.06293
cs.NI 2312.06500
cs.NI 2312.06569
cs.NI 2312.06976
cs.NI 2312.06800
cs.NI 2312.06875
cs.NI 2312.07152
cs.NI 2312.07192
cs.NI 2312.07208
cs.NI 2312.07284
cs.NI 2312.07362
cs.NI 2312.07383
cs.NI 2312.07414
cs.NI 2312.08016
cs.NI 2312.08101
cs.NI 2312.07787
cs.NI 2312.07917
cs.NI 2312.07936
cs.NI 2312.07945
cs.NI 2312.07948
cs.NI 2312.08127
cs.NI 2312.08232
cs.NI 2312.08815
cs.NI 2312.08387
cs.NI 2312.08389
cs.NI 2312.08396
cs.NI 2312.08510
cs.NI 2312.08708
cs.NI 2312.08714
cs.NI 2312.08899
cs.NI 2312.08978
cs.NI 2312.09118
cs.CV 2312.04584
cs.CV 2312.04590
cs.CV 2312.04640
cs.CV 2312.04670
cs.CV 2312.04671
cs.CV 2312.04679
cs.CV 2312.04692
cs.CV 2312.04779
cs.CV 2312.04796
cs.CV 2312.04837
cs.CV 2312.04853
cs.CV 2312.04862
cs.CV 2312.05028
cs.CV 2312.05119
cs.CV 2312.05148
cs.CV 2312.05176
cs.CV 2312.05220
cs.CV 2312.05230
cs.CV 2312.04651
cs.CV 2312.04654
cs.CV 2312.04655
cs.CV 2312.04713
cs.CV 2312.04727
cs.CV 2312.04744
cs.CV 2312.04746
cs.CV 2312.04780
cs.CV 2312.04784
cs.CV 2312.04793
cs.CV 2312.04794
cs.CV 2312.04802
cs.CV 2312.04803
cs.CV 2312.04806
cs.CV 2312.04808
cs.CV 2312.04810
cs.CV 2312.04813
cs.CV 2312.04817
cs.CV 2312.04820
cs.CV 2312.04821
cs.CV 2312.04822
cs.CV 2312.04823
cs.CV 2312.04831
cs.CV 2312.04838
cs.CV 2312.04861
cs.CV 2312.04867
cs.CV 2312.04869
cs.CV 2312.04874
cs.CV 2312.04875
cs.CV 2312.04884
cs.CV 2312.04885
cs.CV 2312.04891
cs.CV 2312.04893
cs.CV 2312.04913
cs.CV 2312.04926
cs.CV 2312.04931
cs.CV 2312.04947
cs.CV 2312.04948
cs.CV 2312.04960
cs.CV 2312.04961
cs.CV 2312.04962
cs.CV 2312.04963
cs.CV 2312.04964
cs.CV 2312.04965
cs.CV 2312.04966
cs.CV 2312.05006
cs.CV 2312.05024
cs.CV 2312.05031
cs.CV 2312.05038
cs.CV 2312.05039
cs.CV 2312.05046
cs.CV 2312.05086
cs.CV 2312.05100
cs.CV 2312.05107
cs.CV 2312.05133
cs.CV 2312.05141
cs.CV 2312.05161
cs.CV 2312.05179
cs.CV 2312.05190
cs.CV 2312.05208
cs.CV 2312.05210
cs.CV 2312.05219
cs.CV 2312.05229
cs.CV 2312.05239
cs.CV 2312.05247
cs.CV 2312.05251
cs.CV 2312.05258
cs.CV 2312.05265
cs.CV 2312.05274
cs.CV 2312.05279
cs.CV 2312.05282
cs.CV 2312.05327
cs.CV 2312.05334
cs.CV 2312.05348
cs.CV 2312.05355
cs.CV 2312.05357
cs.CV 2312.05412
cs.CV 2312.05418
cs.CV 2312.05468
cs.CV 2312.05508
cs.CV 2312.05528
cs.CV 2312.05548
cs.CV 2312.05588
cs.CV 2312.05605
cs.CV 2312.05688
cs.CV 2312.05707
cs.CV 2312.05743
cs.CV 2312.05759
cs.CV 2312.05807
cs.CV 2312.05887
cs.CV 2312.05925
cs.CV 2312.05930
cs.CV 2312.05953
cs.CV 2312.05966
cs.CV 2312.05986
cs.CV 2312.06093
cs.CV 2312.06094
cs.CV 2312.06101
cs.CV 2312.06187
cs.CV 2312.06273
cs.CV 2312.06400
cs.CV 2312.06454
cs.CV 2312.06587
cs.CV 2312.06639
cs.CV 2312.06643
cs.CV 2312.05269
cs.CV 2312.05270
cs.CV 2312.05272
cs.CV 2312.05277
cs.CV 2312.05281
cs.CV 2312.05283
cs.CV 2312.05284
cs.CV 2312.05286
cs.CV 2312.05287
cs.CV 2312.05288
cs.CV 2312.05290
cs.CV 2312.05291
cs.CV 2312.05295
cs.CV 2312.05311
cs.CV 2312.05330
cs.CV 2312.05349
cs.CV 2312.05352
cs.CV 2312.05390
cs.CV 2312.05391
cs.CV 2312.05407
cs.CV 2312.05430
cs.CV 2312.05431
cs.CV 2312.05447
cs.CV 2312.05449
cs.CV 2312.05454
cs.CV 2312.05462
cs.CV 2312.05464
cs.CV 2312.05476
cs.CV 2312.05482
cs.CV 2312.05490
cs.CV 2312.05525
cs.CV 2312.05538
cs.CV 2312.05541
cs.CV 2312.05572
cs.CV 2312.05602
cs.CV 2312.05616
cs.CV 2312.05632
cs.CV 2312.05634
cs.CV 2312.05664
cs.CV 2312.05695
cs.CV 2312.05716
cs.CV 2312.05719
cs.CV 2312.05721
cs.CV 2312.05745
cs.CV 2312.05748
cs.CV 2312.05751
cs.CV 2312.05752
cs.CV 2312.05760
cs.CV 2312.05767
cs.CV 2312.05777
cs.CV 2312.05780
cs.CV 2312.05797
cs.CV 2312.05798
cs.CV 2312.05799
cs.CV 2312.05803
cs.CV 2312.05804
cs.CV 2312.05826
cs.CV 2312.05830
cs.CV 2312.05832
cs.CV 2312.05849
cs.CV 2312.05855
cs.CV 2312.05856
cs.CV 2312.05879
cs.CV 2312.05889
cs.CV 2312.05897
cs.CV 2312.05900
cs.CV 2312.05907
cs.CV 2312.05908
cs.CV 2312.05915
cs.CV 2312.05923
cs.CV 2312.05924
cs.CV 2312.05928
cs.CV 2312.05941
cs.CV 2312.05962
cs.CV 2312.05968
cs.CV 2312.05972
cs.CV 2312.05975
cs.CV 2312.05984
cs.CV 2312.05995
cs.CV 2312.06021
cs.CV 2312.06038
cs.CV 2312.06049
cs.CV 2312.06052
cs.CV 2312.06059
cs.CV 2312.06063
cs.CV 2312.06068
cs.CV 2312.06069
cs.CV 2312.06071
cs.CV 2312.06072
cs.CV 2312.06075
cs.CV 2312.06085
cs.CV 2312.06106
cs.CV 2312.06109
cs.CV 2312.06112
cs.CV 2312.06113
cs.CV 2312.06116
cs.CV 2312.06117
cs.CV 2312.06135
cs.CV 2312.06136
cs.CV 2312.06158
cs.CV 2312.06162
cs.CV 2312.06163
cs.CV 2312.06164
cs.CV 2312.06169
cs.CV 2312.06171
cs.CV 2312.06179
cs.CV 2312.06184
cs.CV 2312.06192
cs.CV 2312.06193
cs.CV 2312.06198
cs.CV 2312.06199
cs.CV 2312.06205
cs.CV 2312.06221
cs.CV 2312.06224
cs.CV 2312.06226
cs.CV 2312.06240
cs.CV 2312.06259
cs.CV 2312.06272
cs.CV 2312.06275
cs.CV 2312.06285
cs.CV 2312.06295
cs.CV 2312.06299
cs.CV 2312.06306
cs.CV 2312.06316
cs.CV 2312.06323
cs.CV 2312.06330
cs.CV 2312.06331
cs.CV 2312.06351
cs.CV 2312.06352
cs.CV 2312.06354
cs.CV 2312.06358
cs.CV 2312.06372
cs.CV 2312.06386
cs.CV 2312.06398
cs.CV 2312.06401
cs.CV 2312.06409
cs.CV 2312.06420
cs.CV 2312.06428
cs.CV 2312.06439
cs.CV 2312.06453
cs.CV 2312.06458
cs.CV 2312.06462
cs.CV 2312.06474
cs.CV 2312.06486
cs.CV 2312.06495
cs.CV 2312.06505
cs.CV 2312.06553
cs.CV 2312.06561
cs.CV 2312.06573
cs.CV 2312.06575
cs.CV 2312.06583
cs.CV 2312.06592
cs.CV 2312.06594
cs.CV 2312.06598
cs.CV 2312.06607
cs.CV 2312.06613
cs.CV 2312.06614
cs.CV 2312.06627
cs.CV 2312.06630
cs.CV 2312.06640
cs.CV 2312.06642
cs.CV 2312.06644
cs.CV 2312.06645
cs.CV 2312.06647
cs.CV 2312.06653
cs.CV 2312.06654
cs.CV 2312.06655
cs.CV 2312.06657
cs.CV 2312.06660
cs.CV 2312.06661
cs.CV 2312.06662
cs.CV 2312.06663
cs.CV 2312.06670
cs.CV 2312.06701
cs.CV 2312.06833
cs.CV 2312.06914
cs.CV 2312.06925
cs.CV 2312.06979
cs.CV 2312.07064
cs.CV 2312.07066
cs.CV 2312.07067
cs.CV 2312.07128
cs.CV 2312.07226
cs.CV 2312.07255
cs.CV 2312.07331
cs.CV 2312.07424
cs.CV 2312.07425
cs.CV 2312.07460
cs.CV 2312.07538
cs.CV 2312.06680
cs.CV 2312.06686
cs.CV 2312.06697
cs.CV 2312.06699
cs.CV 2312.06703
cs.CV 2312.06704
cs.CV 2312.06706
cs.CV 2312.06708
cs.CV 2312.06709
cs.CV 2312.06712
cs.CV 2312.06713
cs.CV 2312.06716
cs.CV 2312.06719
cs.CV 2312.06720
cs.CV 2312.06721
cs.CV 2312.06722
cs.CV 2312.06723
cs.CV 2312.06725
cs.CV 2312.06726
cs.CV 2312.06728
cs.CV 2312.06729
cs.CV 2312.06731
cs.CV 2312.06733
cs.CV 2312.06734
cs.CV 2312.06736
cs.CV 2312.06738
cs.CV 2312.06739
cs.CV 2312.06740
cs.CV 2312.06741
cs.CV 2312.06742
cs.CV 2312.06797
cs.CV 2312.06799
cs.CV 2312.06801
cs.CV 2312.06829
cs.CV 2312.06850
cs.CV 2312.06865
cs.CV 2312.06868
cs.CV 2312.06886
cs.CV 2312.06892
cs.CV 2312.06899
cs.CV 2312.06900
cs.CV 2312.06920
cs.CV 2312.06934
cs.CV 2312.06940
cs.CV 2312.06946
cs.CV 2312.06947
cs.CV 2312.06950
cs.CV 2312.06955
cs.CV 2312.06958
cs.CV 2312.06960
cs.CV 2312.06968
cs.CV 2312.06971
cs.CV 2312.06978
cs.CV 2312.06988
cs.CV 2312.06991
cs.CV 2312.06995
cs.CV 2312.06999
cs.CV 2312.07006
cs.CV 2312.07009
cs.CV 2312.07021
cs.CV 2312.07039
cs.CV 2312.07048
cs.CV 2312.07051
cs.CV 2312.07052
cs.CV 2312.07061
cs.CV 2312.07062
cs.CV 2312.07063
cs.CV 2312.07079
cs.CV 2312.07082
cs.CV 2312.07100
cs.CV 2312.07125
cs.CV 2312.07132
cs.CV 2312.07133
cs.CV 2312.07165
cs.CV 2312.07169
cs.CV 2312.07180
cs.CV 2312.07190
cs.CV 2312.07199
cs.CV 2312.07207
cs.CV 2312.07221
cs.CV 2312.07231
cs.CV 2312.07245
cs.CV 2312.07246
cs.CV 2312.07258
cs.CV 2312.07264
cs.CV 2312.07266
cs.CV 2312.07273
cs.CV 2312.07311
cs.CV 2312.07315
cs.CV 2312.07322
cs.CV 2312.07327
cs.CV 2312.07330
cs.CV 2312.07342
cs.CV 2312.07352
cs.CV 2312.07353
cs.CV 2312.07357
cs.CV 2312.07360
cs.CV 2312.07364
cs.CV 2312.07370
cs.CV 2312.07374
cs.CV 2312.07378
cs.CV 2312.07381
cs.CV 2312.07384
cs.CV 2312.07385
cs.CV 2312.07389
cs.CV 2312.07395
cs.CV 2312.07408
cs.CV 2312.07409
cs.CV 2312.07418
cs.CV 2312.07423
cs.CV 2312.07428
cs.CV 2312.07435
cs.CV 2312.07437
cs.CV 2312.07466
cs.CV 2312.07472
cs.CV 2312.07478
cs.CV 2312.07485
cs.CV 2312.07488
cs.CV 2312.07489
cs.CV 2312.07495
cs.CV 2312.07500
cs.CV 2312.07504
cs.CV 2312.07507
cs.CV 2312.07509
cs.CV 2312.07526
cs.CV 2312.07530
cs.CV 2312.07531
cs.CV 2312.07532
cs.CV 2312.07533
cs.CV 2312.07536
cs.CV 2312.07537
cs.CV 2312.07539
cs.CV 2312.07541
cs.CV 2312.07561
cs.CV 2312.07580
cs.CV 2312.07636
cs.CV 2312.07638
cs.CV 2312.07705
cs.CV 2312.07729
cs.CV 2312.07784
cs.CV 2312.07899
cs.CV 2312.07911
cs.CV 2312.07932
cs.CV 2312.07934
cs.CV 2312.07964
cs.CV 2312.07965
cs.CV 2312.08029
cs.CV 2312.08034
cs.CV 2312.08146
cs.CV 2312.08193
cs.CV 2312.08194
cs.CV 2312.08213
cs.CV 2312.08240
cs.CV 2312.08255
cs.CV 2312.08267
cs.CV 2312.08343
cs.CV 2312.07549
cs.CV 2312.07550
cs.CV 2312.07560
cs.CV 2312.07571
cs.CV 2312.07584
cs.CV 2312.07586
cs.CV 2312.07621
cs.CV 2312.07623
cs.CV 2312.07627
cs.CV 2312.07630
cs.CV 2312.07661
cs.CV 2312.07669
cs.CV 2312.07723
cs.CV 2312.07740
cs.CV 2312.07804
cs.CV 2312.07806
cs.CV 2312.07814
cs.CV 2312.07823
cs.CV 2312.07833
cs.CV 2312.07835
cs.CV 2312.07849
cs.CV 2312.07853
cs.CV 2312.07854
cs.CV 2312.07856
cs.CV 2312.07860
cs.CV 2312.07865
cs.CV 2312.07871
cs.CV 2312.07875
cs.CV 2312.07879
cs.CV 2312.07884
cs.CV 2312.07905
cs.CV 2312.07920
cs.CV 2312.07922
cs.CV 2312.07925
cs.CV 2312.07935
cs.CV 2312.07937
cs.CV 2312.07943
cs.CV 2312.07951
cs.CV 2312.07955
cs.CV 2312.07969
cs.CV 2312.07970
cs.CV 2312.07971
cs.CV 2312.07976
cs.CV 2312.08004
cs.CV 2312.08007
cs.CV 2312.08009
cs.CV 2312.08010
cs.CV 2312.08012
cs.CV 2312.08019
cs.CV 2312.08020
cs.CV 2312.08022
cs.CV 2312.08048
cs.CV 2312.08054
cs.CV 2312.08056
cs.CV 2312.08060
cs.CV 2312.08071
cs.CV 2312.08078
cs.CV 2312.08094
cs.CV 2312.08111
cs.CV 2312.08118
cs.CV 2312.08128
cs.CV 2312.08136
cs.CV 2312.08168
cs.CV 2312.08176
cs.CV 2312.08177
cs.CV 2312.08192
cs.CV 2312.08195
cs.CV 2312.08212
cs.CV 2312.08220
cs.CV 2312.08223
cs.CV 2312.08230
cs.CV 2312.08234
cs.CV 2312.08256
cs.CV 2312.08268
cs.CV 2312.08288
cs.CV 2312.08291
cs.CV 2312.08323
cs.CV 2312.08334
cs.CV 2312.08338
cs.CV 2312.08344
cs.CV 2312.08364
cs.CV 2312.08366
cs.CV 2312.08367
cs.CV 2312.08371
cs.CV 2312.08372
cs.CV 2312.08378
cs.CV 2312.08408
cs.CV 2312.08488
cs.CV 2312.08524
cs.CV 2312.08555
cs.CV 2312.08567
cs.CV 2312.08586
cs.CV 2312.08700
cs.CV 2312.08720
cs.CV 2312.08740
cs.CV 2312.08766
cs.CV 2312.08782
cs.CV 2312.08785
cs.CV 2312.08805
cs.CV 2312.08843
cs.CV 2312.08846
cs.CV 2312.08864
cs.CV 2312.08866
cs.CV 2312.08877
cs.CV 2312.08888
cs.CV 2312.08915
cs.CV 2312.08939
cs.CV 2312.08977
cs.CV 2312.09022
cs.CV 2312.09056
cs.CV 2312.09057
cs.CV 2312.09063
cs.CV 2312.09148
cs.CV 2312.09198
cs.CV 2312.09238
cs.CV 2312.08376
cs.CV 2312.08384
cs.CV 2312.08459
cs.CV 2312.08479
cs.CV 2312.08514
cs.CV 2312.08548
cs.CV 2312.08558
cs.CV 2312.08563
cs.CV 2312.08568
cs.CV 2312.08578
cs.CV 2312.08591
cs.CV 2312.08592
cs.CV 2312.08593
cs.CV 2312.08594
cs.CV 2312.08600
cs.CV 2312.08606
cs.CV 2312.08614
cs.CV 2312.08624
cs.CV 2312.08628
cs.CV 2312.08631
cs.CV 2312.08636
cs.CV 2312.08644
cs.CV 2312.08648
cs.CV 2312.08650
cs.CV 2312.08653
cs.CV 2312.08659
cs.CV 2312.08664
cs.CV 2312.08673
cs.CV 2312.08675
cs.CV 2312.08679
cs.CV 2312.08692
cs.CV 2312.08695
cs.CV 2312.08697
cs.CV 2312.08704
cs.CV 2312.08730
cs.CV 2312.08733
cs.CV 2312.08735
cs.CV 2312.08744
cs.CV 2312.08746
cs.CV 2312.08754
cs.CV 2312.08760
cs.CV 2312.08764
cs.CV 2312.08768
cs.CV 2312.08773
cs.CV 2312.08774
cs.CV 2312.08822
cs.CV 2312.08825
cs.CV 2312.08839
cs.CV 2312.08851
cs.CV 2312.08853
cs.CV 2312.08859
cs.CV 2312.08863
cs.CV 2312.08865
cs.CV 2312.08869
cs.CV 2312.08870
cs.CV 2312.08871
cs.CV 2312.08872
cs.CV 2312.08873
cs.CV 2312.08874
cs.CV 2312.08875
cs.CV 2312.08876
cs.CV 2312.08878
cs.CV 2312.08879
cs.CV 2312.08880
cs.CV 2312.08881
cs.CV 2312.08882
cs.CV 2312.08883
cs.CV 2312.08885
cs.CV 2312.08886
cs.CV 2312.08887
cs.CV 2312.08889
cs.CV 2312.08890
cs.CV 2312.08892
cs.CV 2312.08894
cs.CV 2312.08895
cs.CV 2312.08912
cs.CV 2312.08914
cs.CV 2312.08916
cs.CV 2312.08917
cs.CV 2312.08924
cs.CV 2312.08932
cs.CV 2312.08951
cs.CV 2312.08952
cs.CV 2312.08962
cs.CV 2312.08963
cs.CV 2312.08975
cs.CV 2312.08983
cs.CV 2312.08984
cs.CV 2312.08985
cs.CV 2312.09005
cs.CV 2312.09008
cs.CV 2312.09020
cs.CV 2312.09028
cs.CV 2312.09030
cs.CV 2312.09031
cs.CV 2312.09037
cs.CV 2312.09038
cs.CV 2312.09059
cs.CV 2312.09066
cs.CV 2312.09067
cs.CV 2312.09069
cs.CV 2312.09076
cs.CV 2312.09082
cs.CV 2312.09093
cs.CV 2312.09095
cs.CV 2312.09109
cs.CV 2312.09128
cs.CV 2312.09138
cs.CV 2312.09139
cs.CV 2312.09147
cs.CV 2312.09154
cs.CV 2312.09158
cs.CV 2312.09159
cs.CV 2312.09168
cs.CV 2312.09181
cs.CV 2312.09222
cs.CV 2312.09228
cs.CV 2312.09231
cs.CV 2312.09232
cs.CV 2312.09237
cs.CV 2312.09242
cs.CV 2312.09243
cs.CV 2312.09245
cs.CV 2312.09246
cs.CV 2312.09249
cs.CV 2312.09250
cs.CV 2312.09251
cs.CV 2312.09252
cs.CV 2312.09254
cs.CV 2312.09256
cs.RO 2312.04733
cs.RO 2312.04805
cs.RO 2312.04947
cs.RO 2312.05230
cs.RO 2312.04570
cs.RO 2312.04571
cs.RO 2312.04572
cs.RO 2312.04598
cs.RO 2312.04670
cs.RO 2312.04726
cs.RO 2312.04825
cs.RO 2312.04856
cs.RO 2312.04868
cs.RO 2312.04936
cs.RO 2312.04943
cs.RO 2312.04967
cs.RO 2312.04970
cs.RO 2312.05019
cs.RO 2312.05023
cs.RO 2312.05034
cs.RO 2312.05055
cs.RO 2312.05056
cs.RO 2312.05058
cs.RO 2312.05104
cs.RO 2312.05110
cs.RO 2312.05125
cs.RO 2312.05144
cs.RO 2312.05198
cs.RO 2312.05332
cs.RO 2312.05547
cs.RO 2312.05784
cs.RO 2312.05873
cs.RO 2312.06021
cs.RO 2312.06039
cs.RO 2312.06330
cs.RO 2312.06351
cs.RO 2312.06398
cs.RO 2312.06408
cs.RO 2312.06583
cs.RO 2312.05257
cs.RO 2312.05323
cs.RO 2312.05325
cs.RO 2312.05338
cs.RO 2312.05364
cs.RO 2312.05428
cs.RO 2312.05499
cs.RO 2312.05582
cs.RO 2312.05759
cs.RO 2312.05773
cs.RO 2312.05925
cs.RO 2312.05937
cs.RO 2312.05991
cs.RO 2312.06129
cs.RO 2312.06168
cs.RO 2312.06276
cs.RO 2312.06292
cs.RO 2312.06304
cs.RO 2312.06310
cs.RO 2312.06314
cs.RO 2312.06340
cs.RO 2312.06365
cs.RO 2312.06371
cs.RO 2312.06395
cs.RO 2312.06396
cs.RO 2312.06406
cs.RO 2312.06445
cs.RO 2312.06475
cs.RO 2312.06481
cs.RO 2312.06512
cs.RO 2312.06566
cs.RO 2312.06571
cs.RO 2312.06639
cs.RO 2312.06643
cs.RO 2312.06686
cs.RO 2312.06722
cs.RO 2312.06741
cs.RO 2312.06801
cs.RO 2312.06802
cs.RO 2312.06848
cs.RO 2312.06928
cs.RO 2312.06991
cs.RO 2312.07003
cs.RO 2312.07192
cs.RO 2312.07214
cs.RO 2312.07368
cs.RO 2312.07454
cs.RO 2312.07488
cs.RO 2312.06667
cs.RO 2312.06670
cs.RO 2312.06701
cs.RO 2312.06810
cs.RO 2312.06825
cs.RO 2312.06858
cs.RO 2312.06876
cs.RO 2312.06956
cs.RO 2312.07075
cs.RO 2312.07146
cs.RO 2312.07227
cs.RO 2312.07234
cs.RO 2312.07290
cs.RO 2312.07292
cs.RO 2312.07337
cs.RO 2312.07451
cs.RO 2312.07457
cs.RO 2312.07459
cs.RO 2312.07491
cs.RO 2312.07514
cs.RO 2312.07523
cs.RO 2312.07606
cs.RO 2312.07638
cs.RO 2312.08344
cs.RO 2312.07671
cs.RO 2312.07724
cs.RO 2312.07744
cs.RO 2312.07745
cs.RO 2312.07778
cs.RO 2312.07786
cs.RO 2312.07803
cs.RO 2312.07826
cs.RO 2312.07843
cs.RO 2312.07953
cs.RO 2312.07964
cs.RO 2312.08030
cs.RO 2312.08047
cs.RO 2312.08070
cs.RO 2312.08146
cs.RO 2312.08240
cs.RO 2312.08250
cs.RO 2312.08301
cs.RO 2312.08566
cs.RO 2312.08851
cs.RO 2312.08957
cs.RO 2312.08958
cs.RO 2312.09056
cs.RO 2312.09067
cs.RO 2312.09120
cs.RO 2312.09159
cs.RO 2312.08409
cs.RO 2312.08411
cs.RO 2312.08488
cs.RO 2312.08549
cs.RO 2312.08554
cs.RO 2312.08604
cs.RO 2312.08611
cs.RO 2312.08621
cs.RO 2312.08668
cs.RO 2312.08684
cs.RO 2312.08689
cs.RO 2312.08715
cs.RO 2312.08718
cs.RO 2312.08743
cs.RO 2312.08782
cs.RO 2312.08805
cs.RO 2312.08820
cs.RO 2312.08961
cs.RO 2312.08991
cs.RO 2312.09024
cs.RO 2312.09033
cs.RO 2312.09073
cs.RO 2312.09160
cs.RO 2312.09173
cs.RO 2312.09190
cs.CL 2312.04576
cs.CL 2312.04578
cs.CL 2312.04737
cs.CL 2312.04746
cs.CL 2312.04748
cs.CL 2312.04804
cs.CL 2312.04837
cs.CL 2312.04889
cs.CL 2312.04965
cs.CL 2312.05209
cs.CL 2312.05230
cs.CL 2312.04642
cs.CL 2312.04649
cs.CL 2312.04657
cs.CL 2312.04668
cs.CL 2312.04684
cs.CL 2312.04691
cs.CL 2312.04715
cs.CL 2312.04720
cs.CL 2312.04736
cs.CL 2312.04764
cs.CL 2312.04775
cs.CL 2312.04807
cs.CL 2312.04828
cs.CL 2312.04843
cs.CL 2312.04854
cs.CL 2312.04877
cs.CL 2312.04881
cs.CL 2312.04882
cs.CL 2312.04906
cs.CL 2312.04927
cs.CL 2312.04945
cs.CL 2312.04982
cs.CL 2312.05047
cs.CL 2312.05061
cs.CL 2312.05103
cs.CL 2312.05172
cs.CL 2312.05180
cs.CL 2312.05187
cs.CL 2312.05200
cs.CL 2312.05235
cs.CL 2308.09936
cs.CL 2312.05291
cs.CL 2312.05356
cs.CL 2312.05415
cs.CL 2312.05488
cs.CL 2312.05640
cs.CL 2312.05677
cs.CL 2312.05688
cs.CL 2312.05693
cs.CL 2312.05720
cs.CL 2312.05842
cs.CL 2312.05934
cs.CL 2312.05964
cs.CL 2312.06056
cs.CL 2312.06224
cs.CL 2312.06236
cs.CL 2312.06337
cs.CL 2312.06351
cs.CL 2312.06352
cs.CL 2312.06363
cs.CL 2312.06457
cs.CL 2312.06635
cs.CL 2312.06652
cs.CL 2312.05278
cs.CL 2312.05402
cs.CL 2312.05434
cs.CL 2312.05435
cs.CL 2312.05448
cs.CL 2312.05467
cs.CL 2312.05471
cs.CL 2312.05483
cs.CL 2312.05491
cs.CL 2312.05497
cs.CL 2312.05503
cs.CL 2312.05520
cs.CL 2312.05585
cs.CL 2312.05603
cs.CL 2312.05621
cs.CL 2312.05662
cs.CL 2312.05671
cs.CL 2312.05741
cs.CL 2312.05762
cs.CL 2312.05821
cs.CL 2312.05834
cs.CL 2312.05979
cs.CL 2312.05990
cs.CL 2312.06002
cs.CL 2312.06022
cs.CL 2312.06053
cs.CL 2312.06088
cs.CL 2312.06093
cs.CL 2312.06094
cs.CL 2312.06099
cs.CL 2312.06122
cs.CL 2312.06134
cs.CL 2312.06147
cs.CL 2312.06149
cs.CL 2312.06172
cs.CL 2312.06185
cs.CL 2312.06188
cs.CL 2312.06266
cs.CL 2312.06281
cs.CL 2312.06315
cs.CL 2312.06338
cs.CL 2312.06355
cs.CL 2312.06374
cs.CL 2312.06499
cs.CL 2312.06514
cs.CL 2312.06522
cs.CL 2312.06550
cs.CL 2312.06562
cs.CL 2312.06648
cs.CL 2312.06677
cs.CL 2312.06722
cs.CL 2312.06742
cs.CL 2312.06798
cs.CL 2312.06820
cs.CL 2312.06825
cs.CL 2312.06855
cs.CL 2312.06861
cs.CL 2312.06874
cs.CL 2312.06881
cs.CL 2312.06950
cs.CL 2312.07046
cs.CL 2312.07395
cs.CL 2312.07398
cs.CL 2312.07435
cs.CL 2312.07532
cs.CL 2312.07540
cs.CL 2312.06668
cs.CL 2312.06674
cs.CL 2312.06681
cs.CL 2312.06705
cs.CL 2312.06867
cs.CL 2312.06924
cs.CL 2312.06926
cs.CL 2312.06974
cs.CL 2312.07000
cs.CL 2312.07028
cs.CL 2312.07049
cs.CL 2312.07066
cs.CL 2312.07069
cs.CL 2312.07088
cs.CL 2312.07110
cs.CL 2312.07141
cs.CL 2312.07182
cs.CL 2312.07194
cs.CL 2312.07228
cs.CL 2312.07250
cs.CL 2312.07254
cs.CL 2312.07255
cs.CL 2312.07280
cs.CL 2312.07305
cs.CL 2312.07338
cs.CL 2312.07399
cs.CL 2312.07405
cs.CL 2312.07419
cs.CL 2312.07476
cs.CL 2312.07492
cs.CL 2312.07527
cs.CL 2312.07550
cs.CL 2312.07553
cs.CL 2312.07661
cs.CL 2312.07743
cs.CL 2312.07796
cs.CL 2312.07867
cs.CL 2312.07886
cs.CL 2312.07910
cs.CL 2312.07930
cs.CL 2312.07950
cs.CL 2312.07987
cs.CL 2312.08063
cs.CL 2312.08078
cs.CL 2312.07551
cs.CL 2312.07552
cs.CL 2312.07556
cs.CL 2312.07559
cs.CL 2312.07573
cs.CL 2312.07589
cs.CL 2312.07592
cs.CL 2312.07599
cs.CL 2312.07622
cs.CL 2312.07751
cs.CL 2312.07763
cs.CL 2312.07797
cs.CL 2312.07819
cs.CL 2312.07824
cs.CL 2312.07831
cs.CL 2312.07848
cs.CL 2312.07868
cs.CL 2312.07887
cs.CL 2312.07913
cs.CL 2312.07961
cs.CL 2312.07979
cs.CL 2312.08027
cs.CL 2312.08036
cs.CL 2312.08079
cs.CL 2312.08198
cs.CL 2312.08274
cs.CL 2312.08282
cs.CL 2312.08299
cs.CL 2312.08303
cs.CL 2312.08388
cs.CL 2312.08566
cs.CL 2312.08676
cs.CL 2312.08725
cs.CL 2312.08793
cs.CL 2312.08846
cs.CL 2312.08865
cs.CL 2312.08926
cs.CL 2312.08935
cs.CL 2312.08995
cs.CL 2312.09040
cs.CL 2312.09067
cs.CL 2312.09084
cs.CL 2312.09230
cs.CL 2312.09238
cs.CL 2312.09241
cs.CL 2312.08400
cs.CL 2312.08495
cs.CL 2312.08579
cs.CL 2312.08583
cs.CL 2312.08585
cs.CL 2312.08618
cs.CL 2312.08642
cs.CL 2312.08688
cs.CL 2312.08726
cs.CL 2312.08737
cs.CL 2312.08747
cs.CL 2312.08755
cs.CL 2312.08800
cs.CL 2312.08901
cs.CL 2312.08906
cs.CL 2312.08968
cs.CL 2312.09000
cs.CL 2312.09039
cs.CL 2312.09043
cs.CL 2312.09075
cs.CL 2312.09085
cs.CL 2312.09203
cs.CL 2312.09207
cs.CL 2312.09211
cs.LG 2312.04576
cs.LG 2312.04578
cs.LG 2312.04584
cs.LG 2312.04587
cs.LG 2312.04590
cs.LG 2312.04591
cs.LG 2312.04594
cs.LG 2312.04596
cs.LG 2312.04597
cs.LG 2312.04600
cs.LG 2312.04601
cs.LG 2312.04613
cs.LG 2312.04640
cs.LG 2312.04642
cs.LG 2312.04648
cs.LG 2312.04660
cs.LG 2312.04668
cs.LG 2312.04670
cs.LG 2312.04687
cs.LG 2312.04692
cs.LG 2312.04704
cs.LG 2312.04713
cs.LG 2312.04715
cs.LG 2312.04718
cs.LG 2312.04720
cs.LG 2312.04724
cs.LG 2312.04739
cs.LG 2312.04744
cs.LG 2312.04745
cs.LG 2312.04757
cs.LG 2312.04758
cs.LG 2312.04772
cs.LG 2312.04779
cs.LG 2312.04782
cs.LG 2312.04786
cs.LG 2312.04823
cs.LG 2312.04840
cs.LG 2312.04889
cs.LG 2312.04913
cs.LG 2312.04917
cs.LG 2312.04926
cs.LG 2312.04927
cs.LG 2312.04940
cs.LG 2312.04945
cs.LG 2312.04947
cs.LG 2312.04948
cs.LG 2312.04950
cs.LG 2312.04997
cs.LG 2312.05017
cs.LG 2312.05023
cs.LG 2312.05031
cs.LG 2312.05034
cs.LG 2312.05039
cs.LG 2312.05052
cs.LG 2312.05073
cs.LG 2312.05090
cs.LG 2312.05092
cs.LG 2312.05100
cs.LG 2312.05103
cs.LG 2312.05114
cs.LG 2312.05144
cs.LG 2312.05153
cs.LG 2312.05158
cs.LG 2312.05160
cs.LG 2312.05162
cs.LG 2312.05176
cs.LG 2312.05181
cs.LG 2312.05215
cs.LG 2312.05229
cs.LG 2312.05230
cs.LG 2312.05234
cs.LG 2312.05248
cs.LG 2312.05254
cs.LG 2312.04574
cs.LG 2312.04595
cs.LG 2312.04604
cs.LG 2312.04606
cs.LG 2312.04609
cs.LG 2312.04610
cs.LG 2312.04615
cs.LG 2312.04653
cs.LG 2312.04658
cs.LG 2312.04675
cs.LG 2312.04688
cs.LG 2312.04693
cs.LG 2312.04709
cs.LG 2312.04712
cs.LG 2312.04719
cs.LG 2312.04737
cs.LG 2312.04740
cs.LG 2312.04752
cs.LG 2312.04762
cs.LG 2312.04815
cs.LG 2312.04862
cs.LG 2312.04865
cs.LG 2312.04879
cs.LG 2312.04883
cs.LG 2312.04905
cs.LG 2312.04911
cs.LG 2312.04916
cs.LG 2312.04918
cs.LG 2312.04985
cs.LG 2312.04992
cs.LG 2312.05021
cs.LG 2312.05044
cs.LG 2312.05134
cs.LG 2312.05140
cs.LG 2312.05185
cs.LG 2312.05195
cs.LG 2312.05225
cs.LG 2312.05231
cs.LG 2312.05250
cs.LG 2312.05253
cs.LG 2312.05258
cs.LG 2312.05262
cs.LG 2312.05264
cs.LG 2312.05265
cs.LG 2312.05269
cs.LG 2312.05276
cs.LG 2312.05277
cs.LG 2312.05320
cs.LG 2312.05325
cs.LG 2312.05332
cs.LG 2312.05340
cs.LG 2312.05352
cs.LG 2312.05356
cs.LG 2312.05368
cs.LG 2312.05385
cs.LG 2312.05388
cs.LG 2312.05398
cs.LG 2312.05417
cs.LG 2312.05454
cs.LG 2312.05460
cs.LG 2312.05464
cs.LG 2312.05472
cs.LG 2312.05486
cs.LG 2312.05496
cs.LG 2312.05503
cs.LG 2312.05547
cs.LG 2312.05548
cs.LG 2312.05550
cs.LG 2312.05552
cs.LG 2312.05571
cs.LG 2312.05573
cs.LG 2312.05576
cs.LG 2312.05579
cs.LG 2312.05585
cs.LG 2312.05599
cs.LG 2312.05614
cs.LG 2312.05643
cs.LG 2312.05645
cs.LG 2312.05654
cs.LG 2312.05674
cs.LG 2312.05687
cs.LG 2312.05688
cs.LG 2312.05707
cs.LG 2312.05708
cs.LG 2312.05721
cs.LG 2312.05725
cs.LG 2312.05759
cs.LG 2312.05780
cs.LG 2312.05793
cs.LG 2312.05794
cs.LG 2312.05827
cs.LG 2312.05873
cs.LG 2312.05878
cs.LG 2312.05891
cs.LG 2312.05924
cs.LG 2312.05925
cs.LG 2312.05930
cs.LG 2312.05934
cs.LG 2312.05953
cs.LG 2312.05972
cs.LG 2312.05975
cs.LG 2312.05976
cs.LG 2312.05984
cs.LG 2312.05986
cs.LG 2312.06015
cs.LG 2312.06025
cs.LG 2312.06038
cs.LG 2312.06053
cs.LG 2312.06059
cs.LG 2312.06071
cs.LG 2312.06106
cs.LG 2312.06116
cs.LG 2312.06122
cs.LG 2312.06134
cs.LG 2312.06152
cs.LG 2312.06199
cs.LG 2312.06205
cs.LG 2312.06211
cs.LG 2312.06221
cs.LG 2312.06244
cs.LG 2312.06266
cs.LG 2312.06275
cs.LG 2312.06315
cs.LG 2312.06363
cs.LG 2312.06386
cs.LG 2312.06398
cs.LG 2312.06400
cs.LG 2312.06403
cs.LG 2312.06423
cs.LG 2312.06428
cs.LG 2312.06446
cs.LG 2312.06454
cs.LG 2312.06461
cs.LG 2312.06508
cs.LG 2312.06522
cs.LG 2312.06531
cs.LG 2312.06532
cs.LG 2312.06547
cs.LG 2312.06550
cs.LG 2312.06560
cs.LG 2312.06562
cs.LG 2312.06583
cs.LG 2312.06591
cs.LG 2312.06594
cs.LG 2312.06608
cs.LG 2312.06625
cs.LG 2312.06627
cs.LG 2312.06639
cs.LG 2312.06647
cs.LG 2312.06654
cs.LG 2312.06655
cs.LG 2312.06662
cs.LG 2312.05274
cs.LG 2312.05282
cs.LG 2312.05296
cs.LG 2312.05299
cs.LG 2312.05327
cs.LG 2312.05333
cs.LG 2312.05337
cs.LG 2312.05355
cs.LG 2312.05359
cs.LG 2312.05386
cs.LG 2312.05387
cs.LG 2312.05397
cs.LG 2312.05404
cs.LG 2312.05405
cs.LG 2312.05409
cs.LG 2312.05410
cs.LG 2312.05412
cs.LG 2312.05429
cs.LG 2312.05432
cs.LG 2312.05440
cs.LG 2312.05456
cs.LG 2312.05461
cs.LG 2312.05465
cs.LG 2312.05479
cs.LG 2312.05502
cs.LG 2312.05508
cs.LG 2312.05516
cs.LG 2312.05519
cs.LG 2312.05526
cs.LG 2312.05540
cs.LG 2312.05549
cs.LG 2312.05551
cs.LG 2312.05560
cs.LG 2312.05568
cs.LG 2312.05583
cs.LG 2312.05586
cs.LG 2312.05596
cs.LG 2312.05598
cs.LG 2312.05605
cs.LG 2312.05611
cs.LG 2312.05642
cs.LG 2312.05657
cs.LG 2312.05659
cs.LG 2312.05677
cs.LG 2312.05693
cs.LG 2312.05698
cs.LG 2312.05705
cs.LG 2312.05715
cs.LG 2312.05717
cs.LG 2312.05720
cs.LG 2312.05736
cs.LG 2312.05742
cs.LG 2312.05743
cs.LG 2312.05757
cs.LG 2312.05758
cs.LG 2312.05761
cs.LG 2312.05771
cs.LG 2312.05783
cs.LG 2312.05787
cs.LG 2312.05790
cs.LG 2312.05792
cs.LG 2312.05807
cs.LG 2312.05818
cs.LG 2312.05828
cs.LG 2312.05831
cs.LG 2312.05840
cs.LG 2312.05854
cs.LG 2312.05885
cs.LG 2312.05905
cs.LG 2312.05910
cs.LG 2312.05933
cs.LG 2312.05946
cs.LG 2312.05955
cs.LG 2312.05959
cs.LG 2312.05961
cs.LG 2312.05964
cs.LG 2312.05966
cs.LG 2312.05974
cs.LG 2312.05978
cs.LG 2312.05989
cs.LG 2312.06029
cs.LG 2312.06036
cs.LG 2312.06050
cs.LG 2312.06077
cs.LG 2312.06087
cs.LG 2312.06089
cs.LG 2312.06091
cs.LG 2312.06126
cs.LG 2312.06137
cs.LG 2312.06153
cs.LG 2312.06173
cs.LG 2312.06177
cs.LG 2312.06182
cs.LG 2312.06220
cs.LG 2312.06236
cs.LG 2312.06254
cs.LG 2312.06255
cs.LG 2312.06256
cs.LG 2312.06258
cs.LG 2312.06273
cs.LG 2312.06279
cs.LG 2312.06280
cs.LG 2312.06283
cs.LG 2312.06290
cs.LG 2312.06305
cs.LG 2312.06309
cs.LG 2312.06328
cs.LG 2312.06336
cs.LG 2312.06342
cs.LG 2312.06343
cs.LG 2312.06348
cs.LG 2312.06353
cs.LG 2312.06408
cs.LG 2312.06436
cs.LG 2312.06440
cs.LG 2312.06441
cs.LG 2312.06467
cs.LG 2312.06518
cs.LG 2312.06519
cs.LG 2312.06528
cs.LG 2312.06557
cs.LG 2312.06564
cs.LG 2312.06568
cs.LG 2312.06576
cs.LG 2312.06578
cs.LG 2312.06581
cs.LG 2312.06585
cs.LG 2312.06616
cs.LG 2312.06635
cs.LG 2312.06638
cs.LG 2312.06641
cs.LG 2312.06540
cs.LG 2312.06669
cs.LG 2312.06681
cs.LG 2312.06682
cs.LG 2312.06699
cs.LG 2312.06701
cs.LG 2312.06705
cs.LG 2312.06711
cs.LG 2312.06742
cs.LG 2312.06791
cs.LG 2312.06798
cs.LG 2312.06799
cs.LG 2312.06810
cs.LG 2312.06820
cs.LG 2312.06828
cs.LG 2312.06845
cs.LG 2312.06850
cs.LG 2312.06854
cs.LG 2312.06868
cs.LG 2312.06871
cs.LG 2312.06899
cs.LG 2312.06925
cs.LG 2312.06940
cs.LG 2312.06958
cs.LG 2312.06960
cs.LG 2312.06973
cs.LG 2312.06979
cs.LG 2312.07003
cs.LG 2312.07022
cs.LG 2312.07044
cs.LG 2312.07069
cs.LG 2312.07110
cs.LG 2312.07133
cs.LG 2312.07161
cs.LG 2312.07165
cs.LG 2312.07182
cs.LG 2312.07186
cs.LG 2312.07208
cs.LG 2312.07231
cs.LG 2312.07282
cs.LG 2312.07311
cs.LG 2312.07358
cs.LG 2312.07405
cs.LG 2312.07413
cs.LG 2312.07414
cs.LG 2312.07435
cs.LG 2312.07457
cs.LG 2312.07466
cs.LG 2312.07492
cs.LG 2312.07509
cs.LG 2312.07516
cs.LG 2312.07534
cs.LG 2312.07535
cs.LG 2312.07540
cs.LG 2312.06677
cs.LG 2312.06695
cs.LG 2312.06710
cs.LG 2312.06786
cs.LG 2312.06795
cs.LG 2312.06832
cs.LG 2312.06833
cs.LG 2312.06837
cs.LG 2312.06855
cs.LG 2312.06869
cs.LG 2312.06872
cs.LG 2312.06874
cs.LG 2312.06877
cs.LG 2312.06881
cs.LG 2312.06887
cs.LG 2312.06902
cs.LG 2312.06914
cs.LG 2312.06932
cs.LG 2312.06937
cs.LG 2312.06941
cs.LG 2312.06942
cs.LG 2312.06951
cs.LG 2312.06957
cs.LG 2312.06993
cs.LG 2312.07032
cs.LG 2312.07035
cs.LG 2312.07046
cs.LG 2312.07064
cs.LG 2312.07067
cs.LG 2312.07087
cs.LG 2312.07103
cs.LG 2312.07112
cs.LG 2312.07142
cs.LG 2312.07145
cs.LG 2312.07168
cs.LG 2312.07174
cs.LG 2312.07175
cs.LG 2312.07178
cs.LG 2312.07206
cs.LG 2312.07248
cs.LG 2312.07252
cs.LG 2312.07271
cs.LG 2312.07281
cs.LG 2312.07285
cs.LG 2312.07296
cs.LG 2312.07316
cs.LG 2312.07331
cs.LG 2312.07335
cs.LG 2312.07371
cs.LG 2312.07392
cs.LG 2312.07420
cs.LG 2312.07424
cs.LG 2312.07425
cs.LG 2312.07434
cs.LG 2312.07439
cs.LG 2312.07511
cs.LG 2312.07529
cs.LG 2312.07546
cs.LG 2312.07547
cs.LG 2312.07550
cs.LG 2312.07552
cs.LG 2312.07559
cs.LG 2312.07560
cs.LG 2312.07561
cs.LG 2312.07571
cs.LG 2312.07580
cs.LG 2312.07586
cs.LG 2312.07599
cs.LG 2312.07601
cs.LG 2312.07609
cs.LG 2312.07627
cs.LG 2312.07661
cs.LG 2312.07671
cs.LG 2312.07705
cs.LG 2312.07729
cs.LG 2312.07751
cs.LG 2312.07784
cs.LG 2312.07792
cs.LG 2312.07813
cs.LG 2312.07821
cs.LG 2312.07831
cs.LG 2312.07833
cs.LG 2312.07835
cs.LG 2312.07839
cs.LG 2312.07854
cs.LG 2312.07855
cs.LG 2312.07887
cs.LG 2312.07899
cs.LG 2312.07910
cs.LG 2312.07929
cs.LG 2312.07945
cs.LG 2312.07952
cs.LG 2312.07953
cs.LG 2312.07955
cs.LG 2312.07965
cs.LG 2312.07977
cs.LG 2312.07979
cs.LG 2312.08008
cs.LG 2312.08010
cs.LG 2312.08021
cs.LG 2312.08034
cs.LG 2312.08055
cs.LG 2312.08083
cs.LG 2312.08132
cs.LG 2312.08135
cs.LG 2312.08153
cs.LG 2312.08174
cs.LG 2312.08193
cs.LG 2312.08224
cs.LG 2312.08227
cs.LG 2312.08230
cs.LG 2312.08255
cs.LG 2312.08257
cs.LG 2312.08264
cs.LG 2312.08288
cs.LG 2312.08290
cs.LG 2312.08295
cs.LG 2312.08298
cs.LG 2312.08307
cs.LG 2312.08369
cs.LG 2312.07577
cs.LG 2312.07583
cs.LG 2312.07615
cs.LG 2312.07624
cs.LG 2312.07633
cs.LG 2312.07636
cs.LG 2312.07679
cs.LG 2312.07680
cs.LG 2312.07682
cs.LG 2312.07685
cs.LG 2312.07694
cs.LG 2312.07698
cs.LG 2312.07718
cs.LG 2312.07730
cs.LG 2312.07743
cs.LG 2312.07759
cs.LG 2312.07762
cs.LG 2312.07769
cs.LG 2312.07781
cs.LG 2312.07790
cs.LG 2312.07795
cs.LG 2312.07802
cs.LG 2312.07822
cs.LG 2312.07837
cs.LG 2312.07841
cs.LG 2312.07851
cs.LG 2312.07859
cs.LG 2312.07861
cs.LG 2312.07930
cs.LG 2312.07931
cs.LG 2312.07950
cs.LG 2312.07981
cs.LG 2312.07983
cs.LG 2312.07987
cs.LG 2312.07991
cs.LG 2312.08016
cs.LG 2312.08029
cs.LG 2312.08033
cs.LG 2312.08052
cs.LG 2312.08053
cs.LG 2312.08057
cs.LG 2312.08063
cs.LG 2312.08066
cs.LG 2312.08075
cs.LG 2312.08096
cs.LG 2312.08103
cs.LG 2312.08107
cs.LG 2312.08143
cs.LG 2312.08150
cs.LG 2312.08194
cs.LG 2312.08200
cs.LG 2312.08221
cs.LG 2312.08287
cs.LG 2312.08358
cs.LG 2312.08361
cs.LG 2312.08365
cs.LG 2312.08377
cs.LG 2312.08384
cs.LG 2312.08388
cs.LG 2312.08417
cs.LG 2312.08470
cs.LG 2312.08472
cs.LG 2312.08489
cs.LG 2312.08493
cs.LG 2312.08494
cs.LG 2312.08495
cs.LG 2312.08511
cs.LG 2312.08555
cs.LG 2312.08567
cs.LG 2312.08579
cs.LG 2312.08585
cs.LG 2312.08602
cs.LG 2312.08604
cs.LG 2312.08622
cs.LG 2312.08625
cs.LG 2312.08658
cs.LG 2312.08670
cs.LG 2312.08697
cs.LG 2312.08723
cs.LG 2312.08766
cs.LG 2312.08773
cs.LG 2312.08782
cs.LG 2312.08800
cs.LG 2312.08809
cs.LG 2312.08820
cs.LG 2312.08821
cs.LG 2312.08823
cs.LG 2312.08847
cs.LG 2312.08878
cs.LG 2312.08887
cs.LG 2312.08890
cs.LG 2312.08891
cs.LG 2312.08893
cs.LG 2312.08894
cs.LG 2312.08935
cs.LG 2312.08976
cs.LG 2312.09002
cs.LG 2312.09004
cs.LG 2312.09038
cs.LG 2312.09061
cs.LG 2312.09073
cs.LG 2312.09084
cs.LG 2312.09121
cs.LG 2312.09126
cs.LG 2312.09131
cs.LG 2312.09168
cs.LG 2312.09174
cs.LG 2312.09176
cs.LG 2312.09207
cs.LG 2312.09215
cs.LG 2312.09231
cs.LG 2312.09238
cs.LG 2312.09250
cs.LG 2312.08381
cs.LG 2312.08383
cs.LG 2312.08397
cs.LG 2312.08398
cs.LG 2312.08399
cs.LG 2312.08401
cs.LG 2312.08402
cs.LG 2312.08408
cs.LG 2312.08410
cs.LG 2312.08413
cs.LG 2312.08418
cs.LG 2312.08461
cs.LG 2312.08515
cs.LG 2312.08528
cs.LG 2312.08531
cs.LG 2312.08532
cs.LG 2312.08533
cs.LG 2312.08535
cs.LG 2312.08536
cs.LG 2312.08538
cs.LG 2312.08550
cs.LG 2312.08559
cs.LG 2312.08586
cs.LG 2312.08589
cs.LG 2312.08598
cs.LG 2312.08651
cs.LG 2312.08654
cs.LG 2312.08656
cs.LG 2312.08671
cs.LG 2312.08672
cs.LG 2312.08677
cs.LG 2312.08678
cs.LG 2312.08685
cs.LG 2312.08700
cs.LG 2312.08710
cs.LG 2312.08724
cs.LG 2312.08725
cs.LG 2312.08740
cs.LG 2312.08749
cs.LG 2312.08751
cs.LG 2312.08763
cs.LG 2312.08785
cs.LG 2312.08793
cs.LG 2312.08810
cs.LG 2312.08818
cs.LG 2312.08837
cs.LG 2312.08843
cs.LG 2312.08846
cs.LG 2312.08852
cs.LG 2312.08877
cs.LG 2312.08884
cs.LG 2312.08888
cs.LG 2312.08898
cs.LG 2312.08900
cs.LG 2312.08933
cs.LG 2312.08937
cs.LG 2312.08939
cs.LG 2312.08944
cs.LG 2312.08948
cs.LG 2312.08958
cs.LG 2312.08977
cs.LG 2312.08994
cs.LG 2312.08999
cs.LG 2312.09006
cs.LG 2312.09015
cs.LG 2312.09016
cs.LG 2312.09023
cs.LG 2312.09041
cs.LG 2312.09048
cs.LG 2312.09056
cs.LG 2312.09078
cs.LG 2312.09086
cs.LG 2312.09108
cs.LG 2312.09120
cs.LG 2312.09148
cs.LG 2312.09187
cs.LG 2312.09193
cs.LG 2312.09196
cs.LG 2312.09230
cs.LG 2312.09234
cs.LG 2312.09236
cs.LG 2312.09241
cs.LG 2312.09244
cs.CR 2312.04729
cs.CR 2312.04758
cs.CR 2312.04913
cs.CR 2312.04941
cs.CR 2312.05140
cs.CR 2312.05213
cs.CR 2312.04577
cs.CR 2312.04579
cs.CR 2312.04584
cs.CR 2312.04586
cs.CR 2312.04587
cs.CR 2312.04590
cs.CR 2312.04594
cs.CR 2312.04596
cs.CR 2312.04597
cs.CR 2312.04692
cs.CR 2312.04724
cs.CR 2312.04730
cs.CR 2312.04738
cs.CR 2312.04743
cs.CR 2312.04748
cs.CR 2312.04749
cs.CR 2312.04782
cs.CR 2312.04818
cs.CR 2312.04864
cs.CR 2312.04902
cs.CR 2312.04920
cs.CR 2312.04937
cs.CR 2312.04940
cs.CR 2312.04956
cs.CR 2312.05114
cs.CR 2312.05248
cs.CR 2210.04688
cs.CR 2312.05265
cs.CR 2312.05386
cs.CR 2312.05530
cs.CR 2312.05609
cs.CR 2312.05645
cs.CR 2312.05659
cs.CR 2312.05714
cs.CR 2312.05720
cs.CR 2312.05774
cs.CR 2312.05869
cs.CR 2312.05924
cs.CR 2312.06199
cs.CR 2312.06555
cs.CR 2312.06568
cs.CR 2312.06658
cs.CR 2312.05262
cs.CR 2312.05264
cs.CR 2312.05275
cs.CR 2312.05459
cs.CR 2312.05496
cs.CR 2312.05506
cs.CR 2312.05665
cs.CR 2312.05666
cs.CR 2312.05738
cs.CR 2312.05976
cs.CR 2312.06008
cs.CR 2312.06010
cs.CR 2312.06140
cs.CR 2312.06195
cs.CR 2312.06227
cs.CR 2312.06229
cs.CR 2312.06230
cs.CR 2312.06235
cs.CR 2312.06268
cs.CR 2312.06423
cs.CR 2312.06425
cs.CR 2312.06488
cs.CR 2312.06510
cs.CR 2312.06515
cs.CR 2312.07040
cs.CR 2312.07067
cs.CR 2312.07110
cs.CR 2312.07371
cs.CR 2312.06689
cs.CR 2312.06802
cs.CR 2312.06928
cs.CR 2312.06987
cs.CR 2312.06989
cs.CR 2312.07022
cs.CR 2312.07055
cs.CR 2312.07139
cs.CR 2312.07157
cs.CR 2312.07550
cs.CR 2312.07583
cs.CR 2312.07706
cs.CR 2312.07792
cs.CR 2312.07861
cs.CR 2312.07930
cs.CR 2312.07948
cs.CR 2312.07955
cs.CR 2312.08020
cs.CR 2312.08034
cs.CR 2312.08227
cs.CR 2312.07575
cs.CR 2312.07594
cs.CR 2312.07641
cs.CR 2312.07696
cs.CR 2312.07731
cs.CR 2312.07783
cs.CR 2312.07870
cs.CR 2312.07877
cs.CR 2312.07885
cs.CR 2312.07898
cs.CR 2312.07921
cs.CR 2312.07947
cs.CR 2312.07992
cs.CR 2312.08000
cs.CR 2312.08028
cs.CR 2312.08086
cs.CR 2312.08101
cs.CR 2312.08156
cs.CR 2312.08160
cs.CR 2312.08207
cs.CR 2312.08317
cs.CR 2312.08363
cs.CR 2312.08413
cs.CR 2312.08495
cs.CR 2312.08646
cs.CR 2312.08675
cs.CR 2312.08685
cs.CR 2312.08793
cs.CR 2312.08810
cs.CR 2312.08818
cs.CR 2312.08820
cs.CR 2312.08877
cs.CR 2312.08890
cs.CR 2312.08898
cs.CR 2312.09085
cs.CR 2312.09118
cs.CR 2312.09123
cs.CR 2312.09206
cs.CR 2312.08394
cs.CR 2312.08417
cs.CR 2312.08667
cs.CR 2312.08806
cs.CR 2312.08903
cs.CR 2312.09057
cs.CR 2312.09087
cs.CR 2312.09125
stat.TH 2312.04661
stat.TH 2312.04898
stat.TH 2312.04924
stat.TH 2312.04950
stat.TH 2312.04951
stat.TH 2312.04903
stat.TH 2312.05319
stat.TH 2312.05793
stat.TH 2312.05885
stat.TH 2312.05985
stat.TH 2312.06098
stat.TH 2312.05794
stat.TH 2312.05880
stat.TH 2312.05911
stat.TH 2312.05932
stat.TH 2312.06190
stat.TH 2312.06212
stat.TH 2312.06605
stat.TH 2312.07101
stat.TH 2312.07223
stat.TH 2312.07520
stat.TH 2312.07320
stat.TH 2312.07350
stat.TH 2312.07397
stat.TH 2312.07502
stat.TH 2312.07616
stat.TH 2312.07727
stat.TH 2312.07741
stat.TH 2312.07683
stat.TH 2312.07704
stat.TH 2312.07792
stat.TH 2312.07839
stat.TH 2312.08040
stat.TH 2312.08072
stat.TH 2312.08135
stat.TH 2312.08823
stat.TH 2312.09225
stat.TH 2312.08485
stat.TH 2312.08501
stat.TH 2312.09194
cs.SY 2312.04733
cs.SY 2312.05143
cs.SY 2312.04758
cs.SY 2312.04767
cs.SY 2312.04845
cs.SY 2312.05011
cs.SY 2312.05026
cs.SY 2312.05090
cs.SY 2312.05108
cs.SY 2312.05166
cs.SY 2312.05183
cs.SY 2312.05243
cs.SY 2312.05428
cs.SY 2312.05465
cs.SY 2312.05746
cs.SY 2312.05773
cs.SY 2312.05794
cs.SY 2312.05871
cs.SY 2312.05916
cs.SY 2312.06087
cs.SY 2312.06256
cs.SY 2312.06276
cs.SY 2312.06365
cs.SY 2312.06498
cs.SY 2312.06551
cs.SY 2312.06555
cs.SY 2312.06623
cs.SY 2312.06641
cs.SY 2312.05332
cs.SY 2312.05382
cs.SY 2312.05419
cs.SY 2312.05451
cs.SY 2312.05547
cs.SY 2312.05607
cs.SY 2312.05674
cs.SY 2312.05679
cs.SY 2312.05724
cs.SY 2312.05727
cs.SY 2312.05764
cs.SY 2312.05833
cs.SY 2312.05852
cs.SY 2312.05873
cs.SY 2312.05947
cs.SY 2312.05952
cs.SY 2312.06039
cs.SY 2312.06144
cs.SY 2312.06154
cs.SY 2312.06178
cs.SY 2312.06180
cs.SY 2312.06211
cs.SY 2312.06217
cs.SY 2312.06250
cs.SY 2312.06287
cs.SY 2312.06344
cs.SY 2312.06346
cs.SY 2312.06384
cs.SY 2312.06422
cs.SY 2312.06472
cs.SY 2312.06521
cs.SY 2312.06543
cs.SY 2312.06582
cs.SY 2312.06634
cs.SY 2312.06810
cs.SY 2312.06858
cs.SY 2312.06976
cs.SY 2312.07261
cs.SY 2312.07281
cs.SY 2312.07324
cs.SY 2312.07387
cs.SY 2312.07434
cs.SY 2312.07457
cs.SY 2312.06848
cs.SY 2312.06885
cs.SY 2312.06904
cs.SY 2312.07019
cs.SY 2312.07044
cs.SY 2312.07298
cs.SY 2312.07345
cs.SY 2312.07359
cs.SY 2312.07382
cs.SY 2312.07421
cs.SY 2312.07290
cs.SY 2312.07598
cs.SY 2312.07602
cs.SY 2312.07737
cs.SY 2312.07788
cs.SY 2312.07826
cs.SY 2312.07851
cs.SY 2312.08160
cs.SY 2312.08286
cs.SY 2312.07707
cs.SY 2312.07739
cs.SY 2312.07818
cs.SY 2312.07828
cs.SY 2312.07857
cs.SY 2312.07858
cs.SY 2312.07894
cs.SY 2312.07896
cs.SY 2312.08058
cs.SY 2312.08076
cs.SY 2312.08162
cs.SY 2312.08182
cs.SY 2312.08238
cs.SY 2312.08409
cs.SY 2312.08512
cs.SY 2312.08535
cs.SY 2312.08536
cs.SY 2312.08573
cs.SY 2312.08604
cs.SY 2312.08621
cs.SY 2312.08743
cs.SY 2312.08829
cs.SY 2312.08831
cs.SY 2312.08884
cs.SY 2312.08991
cs.SY 2312.09072
cs.SY 2312.09083
cs.SY 2312.09131
cs.SY 2312.08646
cs.SY 2312.09018
cs.SY 2312.09197
eess.IV 2312.04605
eess.IV 2312.04671
eess.IV 2312.04679
eess.IV 2312.04779
eess.IV 2312.04796
eess.IV 2312.04853
eess.IV 2312.05062
eess.IV 2312.05119
eess.IV 2312.05148
eess.IV 2312.05176
eess.IV 2312.05220
eess.IV 2312.05352
eess.IV 2312.05832
eess.IV 2312.05972
eess.IV 2312.06050
eess.IV 2312.06330
eess.IV 2312.06453
eess.IV 2312.06467
eess.IV 2312.05256
eess.IV 2312.05258
eess.IV 2312.05261
eess.IV 2312.05279
eess.IV 2312.05334
eess.IV 2312.05357
eess.IV 2312.05528
eess.IV 2312.05548
eess.IV 2312.05707
eess.IV 2312.05930
eess.IV 2312.05953
eess.IV 2312.05986
eess.IV 2312.06101
eess.IV 2312.06187
eess.IV 2312.06454
eess.IV 2312.06587
eess.IV 2312.06940
eess.IV 2312.06995
eess.IV 2312.07258
eess.IV 2312.07381
eess.IV 2312.07425
eess.IV 2312.06665
eess.IV 2312.06864
eess.IV 2312.06979
eess.IV 2312.06983
eess.IV 2312.07016
eess.IV 2312.07126
eess.IV 2312.07128
eess.IV 2312.07137
eess.IV 2312.07226
eess.IV 2312.07460
eess.IV 2312.07631
eess.IV 2312.07671
eess.IV 2312.08071
eess.IV 2312.08136
eess.IV 2312.08176
eess.IV 2312.07580
eess.IV 2312.07729
eess.IV 2312.07777
eess.IV 2312.07780
eess.IV 2312.07784
eess.IV 2312.07846
eess.IV 2312.07911
eess.IV 2312.07934
eess.IV 2312.07965
eess.IV 2312.08034
eess.IV 2312.08193
eess.IV 2312.08255
eess.IV 2312.08267
eess.IV 2312.08290
eess.IV 2312.08343
eess.IV 2312.08773
eess.IV 2312.08991
eess.IV 2312.09034
eess.IV 2312.08507
eess.IV 2312.08524
eess.IV 2312.08555
eess.IV 2312.08567
eess.IV 2312.08766
eess.IV 2312.08864
eess.IV 2312.08866
eess.IV 2312.08915
eess.IV 2312.08946
eess.IV 2312.08949
eess.IV 2312.09022
eess.IV 2312.09063
math.DS 2312.04611
math.DS 2312.05041
math.DS 2312.05094
math.DS 2312.04689
math.DS 2312.04734
math.DS 2312.04999
math.DS 2312.05007
math.DS 2312.05115
math.DS 2312.05322
math.DS 2312.05606
math.DS 2312.05618
math.DS 2312.05715
math.DS 2312.05722
math.DS 2312.05785
math.DS 2312.05899
math.DS 2312.06180
math.DS 2312.06366
math.DS 2312.06395
math.DS 2312.06422
math.DS 2312.06634
math.DS 2312.06636
math.DS 2312.06649
math.DS 2312.06651
math.DS 2312.05367
math.DS 2312.05414
math.DS 2312.05446
math.DS 2312.05485
math.DS 2312.05514
math.DS 2312.05542
math.DS 2312.05650
math.DS 2312.05709
math.DS 2312.05847
math.DS 2312.05982
math.DS 2312.06064
math.DS 2312.06249
math.DS 2312.06362
math.DS 2312.06772
math.DS 2312.06860
math.DS 2312.07096
math.DS 2312.07291
math.DS 2312.07363
math.DS 2312.07375
math.DS 2312.06687
math.DS 2312.06688
math.DS 2312.07045
math.DS 2312.07094
math.DS 2312.07119
math.DS 2312.07120
math.DS 2312.07187
math.DS 2312.07249
math.DS 2312.07260
math.DS 2312.07598
math.DS 2312.07707
math.DS 2312.08190
math.DS 2312.08345
math.DS 2312.07574
math.DS 2312.07585
math.DS 2312.07719
math.DS 2312.07737
math.DS 2312.07793
math.DS 2312.07968
math.DS 2312.08002
math.DS 2312.08013
math.DS 2312.08059
math.DS 2312.08125
math.DS 2312.08173
math.DS 2312.08278
math.DS 2312.08286
math.DS 2312.08911
math.DS 2312.08922
math.DS 2312.08969
math.DS 2312.09101
math.DS 2312.09234
math.DS 2312.08974
math.DS 2312.09032
math.DS 2312.09146
math.DS 2312.09155
eess.AS 2312.04690
eess.AS 2312.04846
eess.AS 2312.04919
eess.AS 2312.05187
eess.AS 2312.05173
eess.AS 2312.05265
eess.AS 2312.05412
eess.AS 2312.05415
eess.AS 2312.05640
eess.AS 2312.05814
eess.AS 2312.05815
eess.AS 2312.05994
eess.AS 2312.06010
eess.AS 2312.06055
eess.AS 2312.06197
eess.AS 2312.06253
eess.AS 2312.06266
eess.AS 2312.06337
eess.AS 2312.06462
eess.AS 2312.06466
eess.AS 2312.06558
eess.AS 2312.06613
eess.AS 2312.06065
eess.AS 2312.06270
eess.AS 2312.06668
eess.AS 2312.07059
eess.AS 2312.07136
eess.AS 2312.07212
eess.AS 2312.07338
eess.AS 2312.06907
eess.AS 2312.07513
eess.AS 2312.07671
eess.AS 2312.08069
eess.AS 2312.08079
eess.AS 2312.08089
eess.AS 2312.08132
eess.AS 2312.08417
eess.AS 2312.08459
eess.AS 2312.08494
eess.AS 2312.08571
eess.AS 2312.08660
eess.AS 2312.08673
eess.AS 2312.08676
eess.AS 2312.08723
eess.AS 2312.08732
eess.AS 2312.08850
eess.AS 2312.08931
eess.AS 2312.08979
eess.AS 2312.09040
eess.AS 2312.09143
eess.AS 2312.09207
eess.AS 2312.08496
eess.AS 2312.08553
eess.AS 2312.08603
eess.AS 2312.08610
eess.AS 2312.08622
eess.AS 2312.08641
eess.AS 2312.08821
eess.AS 2312.08856
eess.AS 2312.08908
eess.AS 2312.08998
eess.AS 2312.09034
eess.AS 2312.09100
math.PR 2312.04581
math.PR 2312.04614
math.PR 2312.04863
math.PR 2312.05150
math.PR 2312.04611
math.PR 2312.04612
math.PR 2312.04647
math.PR 2312.04951
math.PR 2312.05182
math.PR 2312.05222
math.PR 2312.05268
math.PR 2312.05486
math.PR 2312.05679
math.PR 2312.05794
math.PR 2312.05911
math.PR 2312.05977
math.PR 2312.06190
math.PR 2312.06232
math.PR 2312.06288
math.PR 2312.06294
math.PR 2312.06413
math.PR 2312.05420
math.PR 2312.05450
math.PR 2312.05569
math.PR 2312.05570
math.PR 2312.05575
math.PR 2312.05651
math.PR 2312.05789
math.PR 2312.05872
math.PR 2312.05882
math.PR 2312.06186
math.PR 2312.06222
math.PR 2312.06251
math.PR 2312.06442
math.PR 2312.06473
math.PR 2312.06485
math.PR 2312.06541
math.PR 2312.06606
math.PR 2312.06910
math.PR 2312.06923
math.PR 2312.07042
math.PR 2312.06690
math.PR 2312.06784
math.PR 2312.06821
math.PR 2312.06831
math.PR 2312.06935
math.PR 2312.07072
math.PR 2312.07084
math.PR 2312.07096
math.PR 2312.07230
math.PR 2312.07270
math.PR 2312.07297
math.PR 2312.07313
math.PR 2312.07344
math.PR 2312.07373
math.PR 2312.07481
math.PR 2312.07543
math.PR 2312.07598
math.PR 2312.07703
math.PR 2312.07770
math.PR 2312.07839
math.PR 2312.07926
math.PR 2312.07995
math.PR 2312.08244
math.PR 2312.08257
math.PR 2312.08340
math.PR 2312.07726
math.PR 2312.07771
math.PR 2312.07811
math.PR 2312.07812
math.PR 2312.07817
math.PR 2312.08121
math.PR 2312.08165
math.PR 2312.08325
math.PR 2312.08331
math.PR 2312.08410
math.PR 2312.08752
math.PR 2312.08756
math.PR 2312.08784
math.PR 2312.08896
math.PR 2312.08980
math.PR 2312.09194
math.PR 2312.08546
math.PR 2312.08607
math.PR 2312.08637
math.PR 2312.08781
math.PR 2312.08816
math.PR 2312.08925
math.PR 2312.09137
eess.SP 2312.04591
eess.SP 2312.04602
eess.SP 2312.04610
eess.SP 2312.04688
eess.SP 2312.04713
eess.SP 2312.04742
eess.SP 2312.04786
eess.SP 2312.04969
eess.SP 2312.05025
eess.SP 2312.05059
eess.SP 2312.04718
eess.SP 2312.04788
eess.SP 2312.04795
eess.SP 2312.04988
eess.SP 2312.05015
eess.SP 2312.05048
eess.SP 2312.05158
eess.SP 2312.05188
eess.SP 2312.05409
eess.SP 2312.05418
eess.SP 2312.05557
eess.SP 2312.05623
eess.SP 2312.05704
eess.SP 2312.05707
eess.SP 2312.05736
eess.SP 2312.05763
eess.SP 2312.05790
eess.SP 2312.05828
eess.SP 2312.05829
eess.SP 2312.05884
eess.SP 2312.05910
eess.SP 2312.05959
eess.SP 2312.06033
eess.SP 2312.06458
eess.SP 2312.06551
eess.SP 2312.06557
eess.SP 2312.06560
eess.SP 2312.06569
eess.SP 2312.05423
eess.SP 2312.05622
eess.SP 2312.05710
eess.SP 2312.05768
eess.SP 2312.05786
eess.SP 2312.05796
eess.SP 2312.06025
eess.SP 2312.06084
eess.SP 2312.06092
eess.SP 2312.06225
eess.SP 2312.06349
eess.SP 2312.06491
eess.SP 2312.06555
eess.SP 2312.06637
eess.SP 2312.06849
eess.SP 2312.06966
eess.SP 2312.06969
eess.SP 2312.07011
eess.SP 2312.07425
eess.SP 2312.06888
eess.SP 2312.06985
eess.SP 2312.07076
eess.SP 2312.07129
eess.SP 2312.07222
eess.SP 2312.07288
eess.SP 2312.07356
eess.SP 2312.07379
eess.SP 2312.07742
eess.SP 2312.07777
eess.SP 2312.07784
eess.SP 2312.07818
eess.SP 2312.07864
eess.SP 2312.07895
eess.SP 2312.07936
eess.SP 2312.07941
eess.SP 2312.07981
eess.SP 2312.08070
eess.SP 2312.08132
eess.SP 2312.08214
eess.SP 2312.08232
eess.SP 2312.07546
eess.SP 2312.07561
eess.SP 2312.07601
eess.SP 2312.07602
eess.SP 2312.07609
eess.SP 2312.07928
eess.SP 2312.07975
eess.SP 2312.08097
eess.SP 2312.08124
eess.SP 2312.08144
eess.SP 2312.08181
eess.SP 2312.08264
eess.SP 2312.08304
eess.SP 2312.08535
eess.SP 2312.08550
eess.SP 2312.08650
eess.SP 2312.08714
eess.SP 2312.08821
eess.SP 2312.08862
eess.SP 2312.08894
eess.SP 2312.08950
eess.SP 2312.08960
eess.SP 2312.08998
eess.SP 2312.09002
eess.SP 2312.08500
eess.SP 2312.08551
eess.SP 2312.08599
eess.SP 2312.08765
eess.SP 2312.08833
eess.SP 2312.09012
math.OC 2312.04520
math.OC 2312.04719
math.OC 2312.04845
math.OC 2312.04932
math.OC 2312.05021
math.OC 2312.05250
math.OC 2312.04581
math.OC 2312.04733
math.OC 2312.04812
math.OC 2312.04890
math.OC 2312.04928
math.OC 2312.04990
math.OC 2312.05073
math.OC 2312.05143
math.OC 2312.05156
math.OC 2312.05159
math.OC 2312.05165
math.OC 2312.05332
math.OC 2312.05338
math.OC 2312.05382
math.OC 2312.05419
math.OC 2312.05432
math.OC 2312.05592
math.OC 2312.05679
math.OC 2312.05724
math.OC 2312.05831
math.OC 2312.05833
math.OC 2312.05852
math.OC 2312.05871
math.OC 2312.05880
math.OC 2312.05935
math.OC 2312.05952
math.OC 2312.06161
math.OC 2312.06311
math.OC 2312.06373
math.OC 2312.06395
math.OC 2312.05554
math.OC 2312.05590
math.OC 2312.05644
math.OC 2312.05843
math.OC 2312.05916
math.OC 2312.05977
math.OC 2312.05980
math.OC 2312.05993
math.OC 2312.05996
math.OC 2312.06014
math.OC 2312.06139
math.OC 2312.06366
math.OC 2312.06378
math.OC 2312.06508
math.OC 2312.06540
math.OC 2312.06579
math.OC 2312.06623
math.OC 2312.06659
math.OC 2312.06810
math.OC 2312.06957
math.OC 2312.07174
math.OC 2312.07361
math.OC 2312.07373
math.OC 2312.07387
math.OC 2312.07438
math.OC 2312.06714
math.OC 2312.06791
math.OC 2312.06811
math.OC 2312.06814
math.OC 2312.06884
math.OC 2312.06913
math.OC 2312.06915
math.OC 2312.06976
math.OC 2312.07023
math.OC 2312.07034
math.OC 2312.07041
math.OC 2312.07050
math.OC 2312.07276
math.OC 2312.07324
math.OC 2312.07394
math.OC 2312.07465
math.OC 2312.07718
math.OC 2312.07788
math.OC 2312.07803
math.OC 2312.07851
math.OC 2312.08049
math.OC 2312.08057
math.OC 2312.08135
math.OC 2312.08278
math.OC 2312.08286
math.OC 2312.08331
math.OC 2312.07673
math.OC 2312.07703
math.OC 2312.07714
math.OC 2312.07770
math.OC 2312.07862
math.OC 2312.07889
math.OC 2312.07908
math.OC 2312.07990
math.OC 2312.07998
math.OC 2312.08032
math.OC 2312.08074
math.OC 2312.08190
math.OC 2312.08191
math.OC 2312.08293
math.OC 2312.08335
math.OC 2312.08341
math.OC 2312.08531
math.OC 2312.08685
math.OC 2312.08893
math.OC 2312.09073
math.OC 2312.09077
math.OC 2312.08512
math.OC 2312.08556
math.OC 2312.08573
math.OC 2312.08713
math.OC 2312.08734
math.OC 2312.08829
math.OC 2312.08831
math.OC 2312.08940
math.OC 2312.09064
math.OC 2312.09083
math.OC 2312.09088
math.OC 2312.09131
