cs.CG 2408.11180
cs.CG 2408.12657
cs.CG 2408.13193
cs.CG 2408.14299
cs.CG 2408.13797
cs.CG 2408.14617
cs.CG 2408.16575
cs.CG 2408.16716
cs.CG 2408.16112
cs.FL 2408.13070
cs.FL 2408.12931
cs.FL 2408.13369
cs.FL 2408.14048
cs.FL 2408.14443
cs.FL 2408.15031
cs.FL 2408.15390
cs.FL 2211.06818
cs.FL 2408.16335
cs.DS 2408.12931
cs.DS 2408.12997
cs.DS 2408.12998
cs.DS 2408.12967
cs.DS 2408.13045
cs.DS 2408.13178
cs.DS 2408.13540
cs.DS 2408.13688
cs.DS 2408.14381
cs.DS 2408.14385
cs.DS 2408.13362
cs.DS 2408.13543
cs.DS 2408.13756
cs.DS 2408.13819
cs.DS 2408.14018
cs.DS 2408.14022
cs.DS 2408.14216
cs.DS 2408.14310
cs.DS 2408.14406
cs.DS 2408.14652
cs.DS 2408.14617
cs.DS 2408.14633
cs.DS 2408.14638
cs.DS 2408.15068
cs.DS 2408.15132
cs.DS 2408.15181
cs.DS 2408.15776
cs.DS 2408.15434
cs.DS 2408.16655
cs.DS 2408.16092
cs.DS 2408.16108
cs.DS 2408.16298
cs.DS 2408.16566
cs.DS 2408.16692
cs.GT 2408.12661
cs.GT 2408.13057
cs.GT 2408.13223
cs.GT 2408.13430
cs.GT 2408.13369
cs.GR 2408.12662
cs.GT 2408.13637
cs.GR 2408.12665
cs.GT 2408.13675
cs.GR 2408.13117
cs.GT 2408.13822
cs.GR 2408.13370
cs.GT 2408.13834
cs.GR 2408.13934
cs.GT 2408.14086
cs.GR 2408.13972
cs.GT 2408.14640
cs.GR 2408.14247
cs.GT 2408.15068
cs.GR 2408.13611
cs.GT 2408.14778
cs.GR 2408.14732
cs.GT 2408.14980
cs.GT 2408.15173
cs.GR 2408.14899
cs.GT 2408.15742
cs.GR 2408.15114
cs.GR 2408.15097
cs.GT 2408.16081
cs.GT 2408.16260
cs.GR 2408.15270
cs.GR 2408.15695
cs.GR 2408.15762
cs.GR 2408.16005
cs.GR 2408.16659
cs.GR 2408.16762
cs.GR 2408.16767
cs.GR 2408.16110
cs.GR 2408.16258
cs.GT 2408.16271
cs.DB 1101.0350
cs.DB 2408.12733
cs.DB 2408.14216
cs.DB 2408.13265
cs.DB 2408.13480
cs.DB 2408.13540
cs.DB 2408.13609
cs.DB 2408.13888
cs.DB 2408.13899
cs.DB 2408.14048
cs.DB 2408.14611
cs.DB 2408.14658
cs.DB 2408.14507
cs.DB 2408.14627
cs.DB 2408.14706
cs.DB 2408.14717
cs.DB 2408.14974
cs.DB 2408.15563
cs.DB 2408.15776
cs.DB 2408.16288
cs.DB 2408.16430
cs.DB 2408.16036
cs.DB 2408.16170
cs.DB 2408.16173
cs.DB 2408.16237
cs.DB 2408.16422
cs.DM 2408.12681
cs.DM 2408.12951
cs.DM 2408.12967
cs.DM 2408.12869
cs.DM 2408.13543
cs.DM 2408.13885
cs.DM 2408.13973
cs.DM 2408.14059
cs.DM 2408.14147
cs.DM 2408.13688
cs.DM 2408.14299
cs.DM 2408.14633
cs.DM 2408.15184
cs.DM 2408.15390
cs.DM 2408.15611
cs.DM 2408.16085
cs.DM 2408.16121
cs.DM 2408.16344
cs.DM 2408.16457
cs.DM 2408.16566
cs.DM 2408.16733
cs.AR 2408.12742
cs.AR 2408.12767
cs.AR 2408.12775
cs.AR 2408.12676
cs.AR 2408.12836
cs.AR 2408.12999
cs.AR 2408.13195
cs.AR 2408.14090
cs.AR 2408.13270
cs.AR 2408.13617
cs.AR 2408.14055
cs.AR 2408.14379
cs.AR 2408.14437
cs.AR 2408.15044
cs.AR 2408.15089
cs.AR 2408.15429
cs.AR 2408.15302
cs.AR 2408.15489
cs.AR 2408.15561
cs.AR 2408.15568
cs.AR 2408.15578
cs.AR 2408.15878
cs.AR 2408.16096
cs.AR 2408.16246
cs.AI 2408.12602
cs.AI 2408.12603
cs.AI 2408.12604
cs.AI 2408.12605
cs.AI 2408.12606
cs.AI 2408.12608
cs.AI 2408.12609
cs.AI 2408.12613
cs.AI 2408.12614
cs.AI 2408.12616
cs.AI 2408.12619
cs.AI 2408.12629
cs.AI 2408.12632
cs.AI 2408.12634
cs.AI 2408.12637
cs.AI 2408.12638
cs.AI 2408.12658
cs.AI 2408.12659
cs.AI 2408.12665
cs.AI 2408.12666
cs.AI 2408.12669
cs.AI 2408.12670
cs.AI 2408.12682
cs.AI 2408.12720
cs.AI 2408.12727
cs.AI 2408.12748
cs.AI 2408.12762
cs.AI 2408.12763
cs.AI 2408.12767
cs.AI 2408.12772
cs.AI 2408.12777
cs.AI 2408.12778
cs.AI 2408.12779
cs.AI 2408.12781
cs.AI 2408.12787
cs.AI 2408.12789
cs.AI 2408.12799
cs.AI 2408.12803
cs.AI 2408.12806
cs.AI 2408.12808
cs.AI 2408.12815
cs.AI 2408.12821
cs.AI 2408.12834
cs.AI 2408.12837
cs.AI 2408.12841
cs.AI 2408.12844
cs.AI 2408.12845
cs.AI 2408.12857
cs.AI 2408.12866
cs.AI 2408.12879
cs.AI 2408.12909
cs.AI 2408.12936
cs.AI 2408.12942
cs.AI 2408.12950
cs.AI 2408.12959
cs.AI 2408.12963
cs.AI 2408.12984
cs.AI 2408.12989
cs.AI 2408.13003
cs.AI 2408.13031
cs.AI 2408.13040
cs.AI 2408.13054
cs.AI 2408.13074
cs.AI 2408.13078
cs.AI 2408.13082
cs.AI 2408.13084
cs.AI 2408.13085
cs.AI 2408.13112
cs.AI 2408.13122
cs.AI 2408.13131
cs.AI 2408.13135
cs.AI 2408.13140
cs.AI 2408.13147
cs.AI 2408.13155
cs.AI 2408.13189
cs.AI 2408.13202
cs.AI 2408.13211
cs.AI 2408.13214
cs.AI 2408.13217
cs.AI 2408.13233
cs.AI 2408.13237
cs.AI 2408.13247
cs.AI 2408.13248
cs.AI 2408.13255
cs.AI 2408.12622
cs.AI 2408.12664
cs.AI 2408.12673
cs.AI 2408.12680
cs.AI 2408.12692
cs.AI 2408.12695
cs.AI 2408.12733
cs.AI 2408.12734
cs.AI 2408.12742
cs.AI 2408.12775
cs.AI 2408.12792
cs.AI 2408.12796
cs.AI 2408.12798
cs.AI 2408.12805
cs.AI 2408.12809
cs.AI 2408.12838
cs.AI 2408.12870
cs.AI 2408.12871
cs.AI 2408.12880
cs.AI 2408.12882
cs.AI 2408.12890
cs.AI 2408.12902
cs.AI 2408.12910
cs.AI 2408.12927
cs.AI 2408.12935
cs.AI 2408.12941
cs.AI 2408.12981
cs.AI 2408.12996
cs.AI 2408.13001
cs.AI 2408.13161
cs.AI 2408.13204
cs.AI 2408.13208
cs.AI 2408.13227
cs.AI 2408.13256
cs.AI 2406.10265
cs.AI 2408.13265
cs.AI 2408.13270
cs.AI 2408.13273
cs.AI 2408.13284
cs.AI 2408.13285
cs.AI 2408.13287
cs.AI 2408.13293
cs.AI 2408.13297
cs.AI 2408.13328
cs.AI 2408.13333
cs.AI 2408.13338
cs.AI 2408.13341
cs.AI 2408.13355
cs.AI 2408.13359
cs.AI 2408.13364
cs.AI 2408.13366
cs.AI 2408.13372
cs.AI 2408.13379
cs.AI 2408.13399
cs.AI 2408.13442
cs.AI 2408.13457
cs.AI 2408.13461
cs.AI 2408.13467
cs.AI 2408.13471
cs.AI 2408.13482
cs.AI 2408.13493
cs.AI 2408.13516
cs.AI 2408.13518
cs.AI 2408.13546
cs.AI 2408.13586
cs.AI 2408.13621
cs.AI 2408.13622
cs.AI 2408.13624
cs.AI 2408.13626
cs.AI 2408.13628
cs.AI 2408.13630
cs.AI 2408.13637
cs.AI 2408.13644
cs.AI 2408.13659
cs.AI 2408.13661
cs.AI 2408.13683
cs.AI 2408.13704
cs.AI 2408.13727
cs.AI 2408.13745
cs.AI 2408.13754
cs.AI 2408.13767
cs.AI 2408.13773
cs.AI 2408.13784
cs.AI 2408.13786
cs.AI 2408.13825
cs.AI 2408.13831
cs.AI 2408.13836
cs.AI 2408.13850
cs.AI 2408.13854
cs.AI 2408.13863
cs.AI 2408.13871
cs.AI 2408.13888
cs.AI 2408.13906
cs.AI 2408.13915
cs.AI 2408.13926
cs.AI 2408.13934
cs.AI 2408.13950
cs.AI 2408.13960
cs.AI 2408.13979
cs.AI 2408.13986
cs.AI 2408.13987
cs.AI 2408.13988
cs.AI 2408.13991
cs.AI 2408.14008
cs.AI 2408.14009
cs.AI 2408.14016
cs.AI 2408.14023
cs.AI 2408.14028
cs.AI 2408.14042
cs.AI 2408.14045
cs.AI 2408.14055
cs.AI 2408.14080
cs.AI 2408.14090
cs.AI 2408.14119
cs.AI 2408.14134
cs.AI 2408.14153
cs.AI 2408.14158
cs.AI 2408.14169
cs.AI 2408.14176
cs.AI 2408.14180
cs.AI 2408.14183
cs.AI 2408.14195
cs.AI 2408.14211
cs.AI 2408.14229
cs.AI 2408.14236
cs.AI 2408.14240
cs.AI 2408.14249
cs.AI 2408.14253
cs.AI 2408.14281
cs.AI 2408.14284
cs.AI 2408.14307
cs.AI 2408.14314
cs.AI 2408.14317
cs.AI 2408.14326
cs.AI 2408.14329
cs.AI 2408.14336
cs.AI 2408.14340
cs.AI 2408.14352
cs.AI 2408.14354
cs.AI 2408.14368
cs.AI 2408.14371
cs.AI 2408.14380
cs.AI 2408.14387
cs.AI 2408.14398
cs.AI 2408.14418
cs.AI 2408.14432
cs.AI 2408.14435
cs.AI 2408.14437
cs.AI 2408.14441
cs.AI 2408.14443
cs.AI 2408.14472
cs.AI 2408.13376
cs.AI 2408.13378
cs.AI 2408.13406
cs.AI 2408.13464
cs.AI 2408.13684
cs.AI 2408.13718
cs.AI 2408.13719
cs.AI 2408.13750
cs.AI 2408.13918
cs.AI 2408.14033
cs.AI 2408.14069
cs.AI 2408.14101
cs.AI 2408.14185
cs.AI 2408.14224
cs.AI 2408.14338
cs.AI 2408.14397
cs.AI 2408.14419
cs.AI 2408.14468
cs.AI 2408.14478
cs.AI 2408.14480
cs.AI 2408.14494
cs.AI 2408.14496
cs.AI 2408.14499
cs.AI 2408.14501
cs.AI 2408.14504
cs.AI 2408.14505
cs.AI 2408.14507
cs.AI 2408.14512
cs.AI 2408.14513
cs.AI 2408.14515
cs.AI 2408.14520
cs.AI 2408.14523
cs.AI 2408.14525
cs.AI 2408.14527
cs.AI 2408.14547
cs.AI 2408.14562
cs.AI 2408.14568
cs.AI 2408.14572
cs.AI 2408.14584
cs.AI 2408.14593
cs.AI 2408.14626
cs.AI 2408.14644
cs.AI 2408.14678
cs.AI 2408.14690
cs.AI 2408.14698
cs.AI 2408.14713
cs.AI 2408.14717
cs.AI 2408.14718
cs.AI 2408.14721
cs.AI 2408.14728
cs.AI 2408.14744
cs.AI 2408.14747
cs.AI 2408.14753
cs.AI 2408.14754
cs.AI 2408.14772
cs.AI 2408.14776
cs.AI 2408.14780
cs.AI 2408.14806
cs.AI 2408.14817
cs.AI 2408.14834
cs.AI 2408.14837
cs.AI 2408.14841
cs.AI 2408.14849
cs.AI 2408.14853
cs.AI 2408.14875
cs.AI 2408.14886
cs.AI 2408.14925
cs.AI 2408.14935
cs.AI 2408.14950
cs.AI 2408.14960
cs.AI 2408.14961
cs.AI 2408.14976
cs.AI 2408.15018
cs.AI 2408.15026
cs.AI 2408.15032
cs.AI 2408.15037
cs.AI 2408.15055
cs.AI 2408.15076
cs.AI 2408.15077
cs.AI 2408.15079
cs.AI 2408.15096
cs.AI 2408.15099
cs.AI 2408.15101
cs.AI 2408.15114
cs.AI 2408.15119
cs.AI 2408.15128
cs.AI 2408.15185
cs.AI 2408.15198
cs.AI 2408.15204
cs.AI 2408.15217
cs.AI 2408.15232
cs.AI 2408.15237
cs.AI 2408.14484
cs.AI 2408.14487
cs.AI 2408.14508
cs.AI 2408.14511
cs.AI 2408.14575
cs.AI 2408.14597
cs.AI 2408.14640
cs.AI 2408.14649
cs.AI 2408.14658
cs.AI 2408.14700
cs.AI 2408.14791
cs.AI 2408.14811
cs.AI 2408.14825
cs.AI 2408.14840
cs.AI 2408.14855
cs.AI 2408.14871
cs.AI 2408.14895
cs.AI 2408.15012
cs.AI 2408.15041
cs.AI 2408.15073
cs.AI 2408.15116
cs.AI 2408.15121
cs.AI 2408.15244
cs.AI 2408.15245
cs.AI 2408.15246
cs.AI 2408.15247
cs.AI 2408.15248
cs.AI 2408.15252
cs.AI 2408.15256
cs.AI 2408.15257
cs.AI 2408.15258
cs.AI 2408.15261
cs.AI 2408.15263
cs.AI 2408.15266
cs.AI 2408.15268
cs.AI 2408.15276
cs.AI 2408.15293
cs.AI 2408.15294
cs.AI 2408.15297
cs.AI 2408.15299
cs.AI 2408.15300
cs.AI 2408.15301
cs.AI 2408.15305
cs.AI 2408.15332
cs.AI 2408.15373
cs.AI 2408.15395
cs.AI 2408.15399
cs.AI 2408.15406
cs.AI 2408.15421
cs.AI 2408.15425
cs.AI 2408.15436
cs.AI 2408.15462
cs.AI 2408.15495
cs.AI 2408.15498
cs.AI 2408.15501
cs.AI 2408.15503
cs.AI 2408.15508
cs.AI 2408.15510
cs.AI 2408.15511
cs.AI 2408.15513
cs.AI 2408.15533
cs.AI 2408.15535
cs.AI 2408.15542
cs.AI 2408.15543
cs.AI 2408.15561
cs.AI 2408.15625
cs.AI 2408.15630
cs.AI 2408.15632
cs.AI 2408.15640
cs.AI 2408.15650
cs.AI 2408.15658
cs.AI 2408.15695
cs.AI 2408.15702
cs.AI 2408.15722
cs.AI 2408.15737
cs.AI 2408.15769
cs.AI 2408.15775
cs.AI 2408.15796
cs.AI 2408.15800
cs.AI 2408.15803
cs.AI 2408.15809
cs.AI 2408.15836
cs.AI 2408.15865
cs.AI 2408.15866
cs.AI 2408.15868
cs.AI 2408.15874
cs.AI 2408.15886
cs.AI 2408.15896
cs.AI 2408.15898
cs.AI 2408.15901
cs.AI 2408.15915
cs.AI 2408.15924
cs.AI 2408.15966
cs.AI 2408.15969
cs.AI 2408.15980
cs.AI 2408.15992
cs.AI 2408.15996
cs.AI 2408.15997
cs.AI 2408.15998
cs.AI 2408.15313
cs.AI 2408.15354
cs.AI 2408.15381
cs.AI 2408.15443
cs.AI 2408.15507
cs.AI 2408.15512
cs.AI 2408.15538
cs.AI 2408.15550
cs.AI 2408.15649
cs.AI 2408.15751
cs.AI 2408.15778
cs.AI 2408.15879
cs.AI 2408.15950
cs.AI 2408.15978
cs.AI 2408.16003
cs.AI 2408.16008
cs.AI 2408.16011
cs.AI 2408.16017
cs.AI 2408.16018
cs.AI 2408.16021
cs.AI 2408.16027
cs.AI 2408.16029
cs.AI 2408.16030
cs.AI 2408.16031
cs.AI 2408.16032
cs.AI 2408.16036
cs.AI 2408.16068
cs.AI 2408.16073
cs.AI 2408.16074
cs.AI 2408.16088
cs.AI 2408.16119
cs.AI 2408.16123
cs.AI 2408.16126
cs.AI 2408.16163
cs.AI 2408.16169
cs.AI 2408.16173
cs.AI 2408.16187
cs.AI 2408.16189
cs.AI 2408.16200
cs.AI 2408.16202
cs.AI 2408.16213
cs.AI 2408.16221
cs.AI 2408.16224
cs.AI 2408.16231
cs.AI 2408.16232
cs.AI 2408.16256
cs.AI 2408.16261
cs.AI 2408.16264
cs.AI 2408.16272
cs.AI 2408.16288
cs.AI 2408.16293
cs.AI 2408.16307
cs.AI 2408.16313
cs.AI 2408.16333
cs.AI 2408.16343
cs.AI 2408.16353
cs.AI 2408.16414
cs.AI 2408.16426
cs.AI 2408.16429
cs.AI 2408.16442
cs.AI 2408.16495
cs.AI 2408.16517
cs.AI 2408.16537
cs.AI 2408.16577
cs.AI 2408.16586
cs.AI 2408.16601
cs.AI 2408.16620
cs.AI 2408.16621
cs.AI 2408.16629
cs.AI 2408.16632
cs.AI 2408.16633
cs.AI 2408.16634
cs.AI 2408.16647
cs.AI 2408.16667
cs.AI 2408.16672
cs.AI 2408.16673
cs.AI 2408.16717
cs.AI 2408.16737
cs.AI 2408.16749
cs.AI 2408.16757
cs.AI 2408.16765
cs.AI 2408.16767
cs.AI 2408.16768
cs.AI 2408.16081
cs.AI 2408.16331
cs.AI 2408.16725
cs.DC 2408.12676
cs.DC 2408.12999
cs.DC 2408.12672
cs.DC 2408.12757
cs.DC 2408.12853
cs.DC 2408.12855
cs.DC 2408.12862
cs.DC 2408.12998
cs.DC 2408.13362
cs.DC 2408.13779
cs.DC 2408.14001
cs.DC 2408.14057
cs.DC 2408.14116
cs.DC 2408.14144
cs.DC 2408.14218
cs.DC 2408.14240
cs.DC 2408.14416
cs.DC 2408.13356
cs.DC 2408.13386
cs.DC 2408.13510
cs.DC 2408.13512
cs.DC 2408.13748
cs.DC 2408.14090
cs.DC 2408.14099
cs.DC 2408.14158
cs.DC 2408.14169
cs.DC 2408.14247
cs.DC 2408.14298
cs.DC 2408.14434
cs.DC 2408.14528
cs.DC 2408.14735
cs.DC 2408.14753
cs.DC 2408.14831
cs.DC 2408.15132
cs.DC 2408.14558
cs.DC 2408.14611
cs.DC 2408.14736
cs.DC 2408.14814
cs.DC 2408.15013
cs.DC 2408.15016
cs.DC 2408.15203
cs.DC 2408.15600
cs.DC 2408.15348
cs.DC 2408.15384
cs.DC 2408.15439
cs.DC 2408.15445
cs.DC 2408.15838
cs.DC 2408.15907
cs.DC 2408.16100
cs.DC 2408.16159
cs.DC 2408.16424
cs.DC 2408.16592
cs.DC 2408.16084
cs.DC 2408.16094
cs.HC 2408.11877
cs.HC 2408.12655
cs.HC 2408.12736
cs.HC 2408.12823
cs.HC 2408.12837
cs.HC 2408.12941
cs.HC 2408.12990
cs.HC 2408.13019
cs.HC 2408.12607
cs.HC 2408.12610
cs.HC 2408.12619
cs.HC 2408.12687
cs.HC 2408.12689
cs.HC 2408.12710
cs.HC 2408.12762
cs.HC 2408.12781
cs.HC 2408.12844
cs.HC 2408.13084
cs.HC 2408.13166
cs.HC 2408.13173
cs.HC 2408.13520
cs.HC 2408.13522
cs.HC 2408.13684
cs.HC 2408.13718
cs.HC 2408.13739
cs.HC 2408.13775
cs.HC 2408.13904
cs.HC 2408.13338
cs.HC 2408.13391
cs.HC 2408.13418
cs.HC 2408.13450
cs.HC 2408.13505
cs.HC 2408.13929
cs.HC 2408.13930
cs.HC 2408.13962
cs.HC 2408.13970
cs.HC 2408.13977
cs.HC 2408.14088
cs.HC 2408.14159
cs.HC 2408.14305
cs.HC 2408.14322
cs.HC 2408.14477
cs.HC 2408.14552
cs.HC 2408.14576
cs.HC 2408.14636
cs.HC 2408.14640
cs.HC 2408.15073
cs.HC 2408.15204
cs.HC 2408.14550
cs.HC 2408.14578
cs.HC 2408.14589
cs.HC 2408.14593
cs.HC 2408.14623
cs.HC 2408.14644
cs.HC 2408.15001
cs.HC 2408.15018
cs.HC 2408.15066
cs.HC 2408.15177
cs.HC 2408.15199
cs.HC 2408.15247
cs.HC 2408.15354
cs.HC 2408.15367
cs.HC 2408.15543
cs.HC 2408.15682
cs.HC 2408.15248
cs.HC 2408.15256
cs.HC 2408.15260
cs.HC 2408.15261
cs.HC 2408.15264
cs.HC 2408.15266
cs.HC 2408.15618
cs.HC 2408.15906
cs.HC 2408.16099
cs.HC 2408.16331
cs.HC 2408.16430
cs.HC 2408.16725
cs.HC 2408.16755
cs.HC 2408.16007
cs.HC 2408.16072
cs.HC 2408.16077
cs.HC 2408.16078
cs.HC 2408.16079
cs.HC 2408.16080
cs.HC 2408.16119
cs.HC 2408.16145
cs.HC 2408.16315
cs.HC 2408.16346
cs.HC 2408.16465
cs.HC 2408.16479
cs.HC 2408.16702
cs.CV 2408.12605
cs.CV 2408.12615
cs.CV 2408.12662
cs.CV 2408.12671
cs.CV 2408.12672
cs.CV 2408.12674
cs.CV 2408.12682
cs.CV 2408.12691
cs.CV 2408.12760
cs.CV 2408.12774
cs.CV 2408.12778
cs.CV 2408.12796
cs.CV 2408.12804
cs.CV 2408.12870
cs.CV 2408.12897
cs.CV 2408.13065
cs.CV 2408.13102
cs.CV 2408.13117
cs.CV 2408.13140
cs.CV 2408.13180
cs.CV 2408.13256
cs.CV 2408.12606
cs.CV 2408.12614
cs.CV 2408.12616
cs.CV 2408.12617
cs.CV 2408.12629
cs.CV 2408.12637
cs.CV 2408.12677
cs.CV 2408.12708
cs.CV 2408.12727
cs.CV 2408.12732
cs.CV 2408.12747
cs.CV 2408.12769
cs.CV 2408.12772
cs.CV 2408.12789
cs.CV 2408.12791
cs.CV 2408.12793
cs.CV 2408.12808
cs.CV 2408.12814
cs.CV 2408.12815
cs.CV 2408.12816
cs.CV 2408.12821
cs.CV 2408.12825
cs.CV 2408.12833
cs.CV 2408.12837
cs.CV 2408.12867
cs.CV 2408.12879
cs.CV 2408.12885
cs.CV 2408.12889
cs.CV 2408.12894
cs.CV 2408.12928
cs.CV 2408.12930
cs.CV 2408.12934
cs.CV 2408.12945
cs.CV 2408.12953
cs.CV 2408.12957
cs.CV 2408.12974
cs.CV 2408.12976
cs.CV 2408.12990
cs.CV 2408.13003
cs.CV 2408.13005
cs.CV 2408.13024
cs.CV 2408.13029
cs.CV 2408.13031
cs.CV 2408.13036
cs.CV 2408.13038
cs.CV 2408.13049
cs.CV 2408.13055
cs.CV 2408.13085
cs.CV 2408.13123
cs.CV 2408.13126
cs.CV 2408.13135
cs.CV 2408.13147
cs.CV 2408.13149
cs.CV 2408.13152
cs.CV 2408.13154
cs.CV 2408.13160
cs.CV 2408.13175
cs.CV 2408.13226
cs.CV 2408.13239
cs.CV 2408.13243
cs.CV 2408.13248
cs.CV 2408.13251
cs.CV 2408.13252
cs.CV 2408.13255
cs.CV 2408.13257
cs.CV 2408.13274
cs.CV 2408.13290
cs.CV 2408.13315
cs.CV 2408.13389
cs.CV 2408.13426
cs.CV 2408.13495
cs.CV 2408.13585
cs.CV 2408.13656
cs.CV 2408.13716
cs.CV 2408.13720
cs.CV 2408.13733
cs.CV 2408.13782
cs.CV 2408.13800
cs.CV 2408.13818
cs.CV 2408.13832
cs.CV 2408.13860
cs.CV 2408.13945
cs.CV 2408.13978
cs.CV 2408.14035
cs.CV 2408.14039
cs.CV 2408.14080
cs.CV 2408.14267
cs.CV 2408.14270
cs.CV 2408.14281
cs.CV 2408.14284
cs.CV 2408.14336
cs.CV 2408.14381
cs.CV 2408.14397
cs.CV 2408.14419
cs.CV 2408.13284
cs.CV 2408.13285
cs.CV 2408.13287
cs.CV 2408.13291
cs.CV 2408.13320
cs.CV 2408.13335
cs.CV 2408.13351
cs.CV 2408.13358
cs.CV 2408.13370
cs.CV 2408.13373
cs.CV 2408.13379
cs.CV 2408.13385
cs.CV 2408.13395
cs.CV 2408.13397
cs.CV 2408.13413
cs.CV 2408.13423
cs.CV 2408.13431
cs.CV 2408.13438
cs.CV 2408.13454
cs.CV 2408.13459
cs.CV 2408.13461
cs.CV 2408.13463
cs.CV 2408.13491
cs.CV 2408.13492
cs.CV 2408.13496
cs.CV 2408.13499
cs.CV 2408.13508
cs.CV 2408.13509
cs.CV 2408.13516
cs.CV 2408.13520
cs.CV 2408.13542
cs.CV 2408.13561
cs.CV 2408.13574
cs.CV 2408.13575
cs.CV 2408.13582
cs.CV 2408.13587
cs.CV 2408.13621
cs.CV 2408.13623
cs.CV 2408.13627
cs.CV 2408.13629
cs.CV 2408.13631
cs.CV 2408.13632
cs.CV 2408.13639
cs.CV 2408.13643
cs.CV 2408.13646
cs.CV 2408.13661
cs.CV 2408.13674
cs.CV 2408.13679
cs.CV 2408.13697
cs.CV 2408.13698
cs.CV 2408.13708
cs.CV 2408.13711
cs.CV 2408.13712
cs.CV 2408.13714
cs.CV 2408.13723
cs.CV 2408.13724
cs.CV 2408.13728
cs.CV 2408.13735
cs.CV 2408.13744
cs.CV 2408.13752
cs.CV 2408.13754
cs.CV 2408.13762
cs.CV 2408.13765
cs.CV 2408.13766
cs.CV 2408.13770
cs.CV 2408.13771
cs.CV 2408.13774
cs.CV 2408.13777
cs.CV 2408.13786
cs.CV 2408.13788
cs.CV 2408.13790
cs.CV 2408.13798
cs.CV 2408.13802
cs.CV 2408.13809
cs.CV 2408.13816
cs.CV 2408.13830
cs.CV 2408.13836
cs.CV 2408.13838
cs.CV 2408.13845
cs.CV 2408.13852
cs.CV 2408.13854
cs.CV 2408.13858
cs.CV 2408.13868
cs.CV 2408.13877
cs.CV 2408.13890
cs.CV 2408.13896
cs.CV 2408.13898
cs.CV 2408.13902
cs.CV 2408.13906
cs.CV 2408.13909
cs.CV 2408.13912
cs.CV 2408.13922
cs.CV 2408.13925
cs.CV 2408.13928
cs.CV 2408.13936
cs.CV 2408.13953
cs.CV 2408.13963
cs.CV 2408.13972
cs.CV 2408.13979
cs.CV 2408.13980
cs.CV 2408.13981
cs.CV 2408.13983
cs.CV 2408.13988
cs.CV 2408.13995
cs.CV 2408.14008
cs.CV 2408.14013
cs.CV 2408.14016
cs.CV 2408.14023
cs.CV 2408.14028
cs.CV 2408.14032
cs.CV 2408.14047
cs.CV 2408.14051
cs.CV 2408.14060
cs.CV 2408.14084
cs.CV 2408.14087
cs.CV 2408.14111
cs.CV 2408.14114
cs.CV 2408.14131
cs.CV 2408.14135
cs.CV 2408.14143
cs.CV 2408.14152
cs.CV 2408.14153
cs.CV 2408.14173
cs.CV 2408.14176
cs.CV 2408.14177
cs.CV 2408.14180
cs.CV 2408.14186
cs.CV 2408.14187
cs.CV 2408.14189
cs.CV 2408.14192
cs.CV 2408.14197
cs.CV 2408.14211
cs.CV 2408.14227
cs.CV 2408.14229
cs.CV 2408.14244
cs.CV 2408.14249
cs.CV 2408.14253
cs.CV 2408.14279
cs.CV 2408.14326
cs.CV 2408.14329
cs.CV 2408.14339
cs.CV 2408.14342
cs.CV 2408.14343
cs.CV 2408.14348
cs.CV 2408.14358
cs.CV 2408.14371
cs.CV 2408.14400
cs.CV 2408.14415
cs.CV 2408.14421
cs.CV 2408.14427
cs.CV 2408.14435
cs.CV 2408.14441
cs.CV 2408.14442
cs.CV 2408.14456
cs.CV 2408.14457
cs.CV 2408.14469
cs.CV 2408.14471
cs.CV 2408.14514
cs.CV 2408.14606
cs.CV 2408.14681
cs.CV 2408.14698
cs.CV 2408.14738
cs.CV 2408.14754
cs.CV 2408.14810
cs.CV 2408.14825
cs.CV 2408.14837
cs.CV 2408.14847
cs.CV 2408.14895
cs.CV 2408.14927
cs.CV 2408.14947
cs.CV 2408.14976
cs.CV 2408.14977
cs.CV 2408.14997
cs.CV 2408.15002
cs.CV 2408.15015
cs.CV 2408.15094
cs.CV 2408.15118
cs.CV 2408.15172
cs.CV 2408.15217
cs.CV 2408.15218
cs.CV 2408.15224
cs.CV 2408.15231
cs.CV 2408.14547
cs.CV 2408.14559
cs.CV 2408.14562
cs.CV 2408.14584
cs.CV 2408.14585
cs.CV 2408.14594
cs.CV 2408.14600
cs.CV 2408.14601
cs.CV 2408.14659
cs.CV 2408.14672
cs.CV 2408.14674
cs.CV 2408.14723
cs.CV 2408.14724
cs.CV 2408.14732
cs.CV 2408.14743
cs.CV 2408.14744
cs.CV 2408.14757
cs.CV 2408.14764
cs.CV 2408.14765
cs.CV 2408.14770
cs.CV 2408.14776
cs.CV 2408.14789
cs.CV 2408.14802
cs.CV 2408.14805
cs.CV 2408.14812
cs.CV 2408.14819
cs.CV 2408.14823
cs.CV 2408.14826
cs.CV 2408.14829
cs.CV 2408.14841
cs.CV 2408.14842
cs.CV 2408.14846
cs.CV 2408.14860
cs.CV 2408.14868
cs.CV 2408.14879
cs.CV 2408.14899
cs.CV 2408.14916
cs.CV 2408.14930
cs.CV 2408.14941
cs.CV 2408.14950
cs.CV 2408.14957
cs.CV 2408.14961
cs.CV 2408.14962
cs.CV 2408.14975
cs.CV 2408.14998
cs.CV 2408.15011
cs.CV 2408.15020
cs.CV 2408.15026
cs.CV 2408.15032
cs.CV 2408.15038
cs.CV 2408.15045
cs.CV 2408.15063
cs.CV 2408.15069
cs.CV 2408.15077
cs.CV 2408.15098
cs.CV 2408.15101
cs.CV 2408.15103
cs.CV 2408.15113
cs.CV 2408.15114
cs.CV 2408.15119
cs.CV 2408.15122
cs.CV 2408.15127
cs.CV 2408.15143
cs.CV 2408.15159
cs.CV 2408.15178
cs.CV 2408.15185
cs.CV 2408.15201
cs.CV 2408.15205
cs.CV 2408.15235
cs.CV 2408.15239
cs.CV 2408.15241
cs.CV 2408.15242
cs.CV 2408.15255
cs.CV 2408.15261
cs.CV 2408.15275
cs.CV 2408.15281
cs.CV 2408.15305
cs.CV 2408.15355
cs.CV 2408.15388
cs.CV 2408.15398
cs.CV 2408.15450
cs.CV 2408.15555
cs.CV 2408.15602
cs.CV 2408.15605
cs.CV 2408.15682
cs.CV 2408.15695
cs.CV 2408.15761
cs.CV 2408.15823
cs.CV 2408.15887
cs.CV 2408.15899
cs.CV 2408.15946
cs.CV 2408.15947
cs.CV 2408.15956
cs.CV 2408.15992
cs.CV 2408.15245
cs.CV 2408.15246
cs.CV 2408.15250
cs.CV 2408.15251
cs.CV 2408.15254
cs.CV 2408.15258
cs.CV 2408.15263
cs.CV 2408.15270
cs.CV 2408.15276
cs.CV 2408.15283
cs.CV 2408.15373
cs.CV 2408.15374
cs.CV 2408.15386
cs.CV 2408.15428
cs.CV 2408.15447
cs.CV 2408.15461
cs.CV 2408.15465
cs.CV 2408.15484
cs.CV 2408.15503
cs.CV 2408.15513
cs.CV 2408.15519
cs.CV 2408.15521
cs.CV 2408.15524
cs.CV 2408.15542
cs.CV 2408.15548
cs.CV 2408.15556
cs.CV 2408.15557
cs.CV 2408.15566
cs.CV 2408.15569
cs.CV 2408.15580
cs.CV 2408.15608
cs.CV 2408.15626
cs.CV 2408.15628
cs.CV 2408.15637
cs.CV 2408.15641
cs.CV 2408.15642
cs.CV 2408.15643
cs.CV 2408.15646
cs.CV 2408.15647
cs.CV 2408.15651
cs.CV 2408.15656
cs.CV 2408.15657
cs.CV 2408.15660
cs.CV 2408.15667
cs.CV 2408.15678
cs.CV 2408.15679
cs.CV 2408.15693
cs.CV 2408.15708
cs.CV 2408.15714
cs.CV 2408.15721
cs.CV 2408.15740
cs.CV 2408.15741
cs.CV 2408.15750
cs.CV 2408.15769
cs.CV 2408.15777
cs.CV 2408.15802
cs.CV 2408.15809
cs.CV 2408.15810
cs.CV 2408.15813
cs.CV 2408.15816
cs.CV 2408.15829
cs.CV 2408.15833
cs.CV 2408.15844
cs.CV 2408.15857
cs.CV 2408.15865
cs.CV 2408.15868
cs.CV 2408.15876
cs.CV 2408.15881
cs.CV 2408.15890
cs.CV 2408.15914
cs.CV 2408.15915
cs.CV 2408.15922
cs.CV 2408.15924
cs.CV 2408.15954
cs.CV 2408.15955
cs.CV 2408.15958
cs.CV 2408.15966
cs.CV 2408.15991
cs.CV 2408.15993
cs.CV 2408.15994
cs.CV 2408.15995
cs.CV 2408.15996
cs.CV 2408.15998
cs.CV 2408.16113
cs.CV 2408.16117
cs.CV 2408.16150
cs.CV 2408.16258
cs.CV 2408.16277
cs.CV 2408.16303
cs.CV 2408.16340
cs.CV 2408.16355
cs.CV 2408.16467
cs.CV 2408.16471
cs.CV 2408.16481
cs.CV 2408.16622
cs.CV 2408.16003
cs.CV 2408.16005
cs.CV 2408.16061
cs.CV 2408.16123
cs.CV 2408.16130
cs.CV 2408.16154
cs.CV 2408.16176
cs.CV 2408.16190
cs.CV 2408.16195
cs.CV 2408.16200
cs.CV 2408.16201
cs.CV 2408.16213
cs.CV 2408.16219
cs.CV 2408.16224
cs.CV 2408.16227
cs.CV 2408.16232
cs.CV 2408.16233
cs.CV 2408.16235
cs.CV 2408.16236
cs.CV 2408.16247
cs.CV 2408.16254
cs.CV 2408.16265
cs.CV 2408.16266
cs.CV 2408.16268
cs.CV 2408.16272
cs.CV 2408.16273
cs.CV 2408.16289
cs.CV 2408.16296
cs.CV 2408.16305
cs.CV 2408.16310
cs.CV 2408.16313
cs.CV 2408.16314
cs.CV 2408.16322
cs.CV 2408.16325
cs.CV 2408.16343
cs.CV 2408.16357
cs.CV 2408.16380
cs.CV 2408.16395
cs.CV 2408.16412
cs.CV 2408.16426
cs.CV 2408.16431
cs.CV 2408.16442
cs.CV 2408.16445
cs.CV 2408.16448
cs.CV 2408.16450
cs.CV 2408.16451
cs.CV 2408.16469
cs.CV 2408.16472
cs.CV 2408.16478
cs.CV 2408.16486
cs.CV 2408.16500
cs.CV 2408.16501
cs.CV 2408.16503
cs.CV 2408.16504
cs.CV 2408.16506
cs.CV 2408.16520
cs.CV 2408.16530
cs.CV 2408.16536
cs.CV 2408.16540
cs.CV 2408.16544
cs.CV 2408.16547
cs.CV 2408.16563
cs.CV 2408.16582
cs.CV 2408.16621
cs.CV 2408.16623
cs.CV 2408.16638
cs.CV 2408.16645
cs.CV 2408.16647
cs.CV 2408.16661
cs.CV 2408.16662
cs.CV 2408.16684
cs.CV 2408.16690
cs.CV 2408.16700
cs.CV 2408.16704
cs.CV 2408.16719
cs.CV 2408.16729
cs.CV 2408.16730
cs.CV 2408.16757
cs.CV 2408.16760
cs.CV 2408.16762
cs.CV 2408.16766
cs.CV 2408.16767
cs.CV 2408.16768
cs.CV 2408.16769
cs.CV 2408.16770
cs.IR 2408.12610
cs.IR 2408.12778
cs.IR 2408.12803
cs.IR 2408.12941
cs.IR 2408.13201
cs.IR 2408.12852
cs.IR 2305.04928
cs.IR 2408.13378
cs.IR 2408.13501
cs.IR 2408.13521
cs.IR 2408.13986
cs.IR 2408.14118
cs.IR 2408.14432
cs.IR 2408.13357
cs.IR 2408.13399
cs.IR 2408.13672
cs.IR 2408.14238
cs.IR 2408.14393
cs.IR 2408.14623
cs.IR 2408.14658
cs.IR 2408.14723
cs.IR 2408.14743
cs.IR 2408.14906
cs.IR 2408.15232
cs.IR 2408.14636
cs.IR 2408.14678
cs.IR 2408.14689
cs.IR 2408.14698
cs.IR 2408.14851
cs.IR 2408.14908
cs.IR 2408.14968
cs.IR 2408.15002
cs.IR 2408.15004
cs.IR 2408.15172
cs.IR 2408.15261
cs.IR 2408.15620
cs.IR 2408.15787
cs.IR 2408.15371
cs.IR 2408.15575
cs.IR 2408.15688
cs.IR 2408.15796
cs.IR 2408.15836
cs.IR 2408.15953
cs.IR 2408.16032
cs.IR 2408.16036
cs.IR 2408.16296
cs.IR 2408.16446
cs.IR 2408.16009
cs.IR 2408.16238
cs.IR 2408.16312
cs.IR 2408.16430
cs.IR 2408.16578
cs.IR 2408.16672
cs.MA 2408.12795
cs.MA 2408.13406
cs.MA 2408.13567
cs.MA 2408.13750
cs.MA 2408.13828
cs.MA 2408.14199
cs.MA 2408.13615
cs.MA 2408.13630
cs.MA 2408.14527
cs.MA 2408.14948
cs.MA 2408.15538
cs.MA 2408.15449
cs.MA 2408.15725
cs.MA 2408.16147
cs.MA 2408.16424
cs.MA 2408.16462
cs.MA 2408.16667
cs.MA 2408.16417
cs.CL 2408.12611
cs.CL 2408.12682
cs.CL 2408.12733
cs.CL 2408.12763
cs.CL 2408.12808
cs.CL 2408.12857
cs.CL 2408.12902
cs.CL 2408.13040
cs.CL 2408.13214
cs.CL 2408.13227
cs.CL 2408.13233
cs.CL 2408.13247
cs.CL 2408.12694
cs.CL 2408.12726
cs.CL 2408.12748
cs.CL 2408.12779
cs.CL 2408.12780
cs.CL 2408.12799
cs.CL 2408.12812
cs.CL 2408.12832
cs.CL 2408.12834
cs.CL 2408.12850
cs.CL 2408.12942
cs.CL 2408.12959
cs.CL 2408.12963
cs.CL 2408.12979
cs.CL 2408.12980
cs.CL 2408.13006
cs.CL 2408.13028
cs.CL 2408.13091
cs.CL 2408.13119
cs.CL 2408.13171
cs.CL 2408.13184
cs.CL 2408.13202
cs.CL 2408.13240
cs.CL 2408.13253
cs.CL 2408.13295
cs.CL 2408.13296
cs.CL 2408.13338
cs.CL 2408.13378
cs.CL 2408.13442
cs.CL 2408.13631
cs.CL 2408.13718
cs.CL 2408.13739
cs.CL 2408.13909
cs.CL 2408.13958
cs.CL 2408.13986
cs.CL 2408.14028
cs.CL 2408.14153
cs.CL 2408.14277
cs.CL 2408.14340
cs.CL 2408.14354
cs.CL 2408.14397
cs.CL 2408.14419
cs.CL 2408.14471
cs.CL 2408.13273
cs.CL 2408.13282
cs.CL 2408.13359
cs.CL 2408.13366
cs.CL 2408.13432
cs.CL 2408.13440
cs.CL 2408.13457
cs.CL 2408.13473
cs.CL 2408.13501
cs.CL 2408.13518
cs.CL 2408.13521
cs.CL 2408.13533
cs.CL 2408.13534
cs.CL 2408.13545
cs.CL 2408.13585
cs.CL 2408.13586
cs.CL 2408.13624
cs.CL 2408.13651
cs.CL 2408.13654
cs.CL 2408.13678
cs.CL 2408.13704
cs.CL 2408.13705
cs.CL 2408.13738
cs.CL 2408.13745
cs.CL 2408.13808
cs.CL 2408.13810
cs.CL 2408.13831
cs.CL 2408.13833
cs.CL 2408.13860
cs.CL 2408.13863
cs.CL 2408.13889
cs.CL 2408.13891
cs.CL 2408.13915
cs.CL 2408.13933
cs.CL 2408.13940
cs.CL 2408.13959
cs.CL 2408.13966
cs.CL 2408.13985
cs.CL 2408.13987
cs.CL 2408.14026
cs.CL 2408.14053
cs.CL 2408.14119
cs.CL 2408.14137
cs.CL 2408.14141
cs.CL 2408.14154
cs.CL 2408.14236
cs.CL 2408.14262
cs.CL 2408.14283
cs.CL 2408.14307
cs.CL 2408.14317
cs.CL 2408.14352
cs.CL 2408.14380
cs.CL 2408.14398
cs.CL 2408.14418
cs.CL 2408.14438
cs.CL 2408.14467
cs.CL 2408.14470
cs.CL 2408.14484
cs.CL 2408.14496
cs.CL 2408.14505
cs.CL 2408.14511
cs.CL 2408.14512
cs.CL 2408.14547
cs.CL 2408.14572
cs.CL 2408.14623
cs.CL 2408.14636
cs.CL 2408.14698
cs.CL 2408.14721
cs.CL 2408.14774
cs.CL 2408.14825
cs.CL 2408.14830
cs.CL 2408.14840
cs.CL 2408.14895
cs.CL 2408.14908
cs.CL 2408.14968
cs.CL 2408.15138
cs.CL 2408.15172
cs.CL 2408.15176
cs.CL 2408.15188
cs.CL 2408.15221
cs.CL 2408.14568
cs.CL 2408.14595
cs.CL 2408.14622
cs.CL 2408.14690
cs.CL 2408.14750
cs.CL 2408.14772
cs.CL 2408.14809
cs.CL 2408.14845
cs.CL 2408.14849
cs.CL 2408.14853
cs.CL 2408.14866
cs.CL 2408.14874
cs.CL 2408.14892
cs.CL 2408.14906
cs.CL 2408.14909
cs.CL 2408.14960
cs.CL 2408.14972
cs.CL 2408.14991
cs.CL 2408.15037
cs.CL 2408.15040
cs.CL 2408.15050
cs.CL 2408.15079
cs.CL 2408.15091
cs.CL 2408.15171
cs.CL 2408.15204
cs.CL 2408.15213
cs.CL 2408.15232
cs.CL 2408.13893
cs.CL 2408.15247
cs.CL 2408.15293
cs.CL 2408.15297
cs.CL 2408.15313
cs.CL 2408.15339
cs.CL 2408.15399
cs.CL 2408.15406
cs.CL 2408.15510
cs.CL 2408.15512
cs.CL 2408.15545
cs.CL 2408.15625
cs.CL 2408.15664
cs.CL 2408.15766
cs.CL 2408.15769
cs.CL 2408.15778
cs.CL 2408.15827
cs.CL 2408.15836
cs.CL 2408.15879
cs.CL 2408.15915
cs.CL 2408.15966
cs.CL 2408.15257
cs.CL 2408.15265
cs.CL 2408.15366
cs.CL 2408.15379
cs.CL 2408.15409
cs.CL 2408.15417
cs.CL 2408.15488
cs.CL 2408.15491
cs.CL 2408.15496
cs.CL 2408.15518
cs.CL 2408.15533
cs.CL 2408.15543
cs.CL 2408.15549
cs.CL 2408.15562
cs.CL 2408.15565
cs.CL 2408.15616
cs.CL 2408.15650
cs.CL 2408.15666
cs.CL 2408.15689
cs.CL 2408.15710
cs.CL 2408.15720
cs.CL 2408.15729
cs.CL 2408.15747
cs.CL 2408.15787
cs.CL 2408.15793
cs.CL 2408.15801
cs.CL 2408.15895
cs.CL 2408.15896
cs.CL 2408.15901
cs.CL 2408.15903
cs.CL 2408.15971
cs.CL 2408.15992
cs.CL 2408.16081
cs.CL 2408.16180
cs.CL 2408.16208
cs.CL 2408.16213
cs.CL 2408.16221
cs.CL 2408.16667
cs.CL 2408.16672
cs.CL 2408.16725
cs.CL 2408.16768
cs.CL 2408.16012
cs.CL 2408.16073
cs.CL 2408.16089
cs.CL 2408.16098
cs.CL 2408.16131
cs.CL 2408.16163
cs.CL 2408.16209
cs.CL 2408.16241
cs.CL 2408.16264
cs.CL 2408.16276
cs.CL 2408.16287
cs.CL 2408.16293
cs.CL 2408.16326
cs.CL 2408.16345
cs.CL 2408.16390
cs.CL 2408.16440
cs.CL 2408.16444
cs.CL 2408.16446
cs.CL 2408.16482
cs.CL 2408.16493
cs.CL 2408.16502
cs.CL 2408.16518
cs.CL 2408.16542
cs.CL 2408.16570
cs.CL 2408.16586
cs.CL 2408.16737
cs.CL 2408.16740
cs.CL 2408.16749
cs.CL 2408.16751
cs.CL 2408.16753
cs.CL 2408.16756
cs.CR 2408.12622
cs.CR 2408.12958
cs.CR 2408.13124
cs.CR 2408.12690
cs.CR 2408.12743
cs.CR 2408.12787
cs.CR 2408.12806
cs.CR 2408.12842
cs.CR 2408.12866
cs.CR 2408.12904
cs.CR 2408.12986
cs.CR 2408.13138
cs.CR 2408.13172
cs.CR 2408.13247
cs.CR 2408.13602
cs.CR 2408.13613
cs.CR 2408.13635
cs.CR 2408.13809
cs.CR 2408.13896
cs.CR 2408.14066
cs.CR 2408.14147
cs.CR 2408.14155
cs.CR 2408.14355
cs.CR 2408.13274
cs.CR 2408.13277
cs.CR 2408.13278
cs.CR 2408.13281
cs.CR 2408.13347
cs.CR 2408.13367
cs.CR 2408.13424
cs.CR 2408.13507
cs.CR 2408.13597
cs.CR 2408.13741
cs.CR 2408.13773
cs.CR 2408.13849
cs.CR 2408.14040
cs.CR 2408.14045
cs.CR 2408.14113
cs.CR 2408.14122
cs.CR 2408.14217
cs.CR 2408.14240
cs.CR 2408.14273
cs.CR 2408.14293
cs.CR 2408.14621
cs.CR 2408.14728
cs.CR 2408.14735
cs.CR 2408.14738
cs.CR 2408.14853
cs.CR 2408.14866
cs.CR 2408.14875
cs.CR 2408.15016
cs.CR 2408.15200
cs.CR 2408.15221
cs.CR 2408.14554
cs.CR 2408.14609
cs.CR 2408.14613
cs.CR 2408.14646
cs.CR 2408.14667
cs.CR 2408.14830
cs.CR 2408.14884
cs.CR 2408.14937
cs.CR 2408.15044
cs.CR 2408.15107
cs.CR 2408.15219
cs.CR 2408.15231
cs.CR 2408.15451
cs.CR 2408.15621
cs.CR 2408.15281
cs.CR 2408.15292
cs.CR 2408.15372
cs.CR 2408.15420
cs.CR 2408.15645
cs.CR 2408.15694
cs.CR 2408.15768
cs.CR 2408.15843
cs.CR 2408.15861
cs.CR 2408.15886
cs.CR 2408.15970
cs.CR 2408.16003
cs.CR 2408.16108
cs.CR 2408.16353
cs.CR 2408.16458
cs.CR 2408.16508
cs.CR 2408.16582
cs.CR 2408.16634
cs.CR 2408.16769
cs.CR 2408.16017
cs.CR 2408.16018
cs.CR 2408.16021
cs.CR 2408.16025
cs.CR 2408.16028
cs.CR 2408.16033
cs.CR 2408.16034
cs.CR 2408.16100
cs.CR 2408.16124
cs.CR 2408.16137
cs.CR 2408.16140
cs.CR 2408.16220
cs.CR 2408.16304
cs.CR 2408.16387
cs.CR 2408.16400
cs.CR 2408.16515
cs.CR 2408.16529
cs.CR 2408.16555
cs.CR 2408.16714
cs.CC 2408.12995
cs.CC 2408.12909
cs.CC 2408.13027
cs.CC 2408.13613
cs.CC 2408.13880
cs.CC 2408.14048
cs.CC 2408.14633
cs.CC 2408.15108
cs.CC 2408.15181
cs.CC 2408.14670
cs.CC 2408.15377
cs.CC 2408.15570
cs.CC 2408.15728
cs.CC 2408.16378
cs.CC 2408.16406
cs.CC 2408.16655
cs.CC 2408.16687
cs.NI 2408.12602
cs.NI 2408.12769
cs.NI 2408.12702
cs.NI 2408.12860
cs.NI 2408.12958
cs.NI 2408.13124
cs.NI 2408.13196
cs.NI 2408.14090
cs.NI 2408.14116
cs.NI 2408.14378
cs.NI 2408.13298
cs.NI 2408.13781
cs.IT 2408.12635
cs.NI 2408.14218
cs.IT 2408.12659
cs.NI 2408.14831
cs.IT 2408.12683
cs.NI 2408.14980
cs.NI 2408.15013
cs.IT 2408.12752
cs.NI 2408.15016
cs.IT 2408.12950
cs.NI 2408.15027
cs.IT 2408.13122
cs.NI 2408.14599
cs.IT 2408.12730
cs.NI 2408.14718
cs.IT 2408.12811
cs.NI 2408.14827
cs.IT 2408.12926
cs.NI 2408.14923
cs.IT 2408.12946
cs.NI 2408.14944
cs.IT 2408.12961
cs.NI 2408.14954
cs.IT 2408.12962
cs.NI 2408.15838
cs.IT 2408.13165
cs.NI 2408.15337
cs.IT 2408.13168
cs.NI 2408.15342
cs.IT 2408.13182
cs.NI 2408.15516
cs.IT 2408.13205
cs.NI 2408.15581
cs.IT 2408.13276
cs.NI 2408.15609
cs.IT 2408.13483
cs.NI 2408.15639
cs.IT 2408.13489
cs.NI 2408.15665
cs.NI 2408.16027
cs.NI 2408.16120
cs.NI 2408.16280
cs.IT 2408.13521
cs.IT 2408.13613
cs.IT 2408.13329
cs.IT 2408.13605
cs.IT 2408.13635
cs.IT 2408.13645
cs.IT 2408.13957
cs.IT 2408.14072
cs.IT 2408.14089
cs.IT 2408.14366
cs.IT 2408.14378
cs.IT 2408.14436
cs.IT 2408.14478
cs.IT 2408.14949
cs.IT 2408.15004
cs.IT 2408.15203
cs.IT 2408.15226
cs.IT 2408.14565
cs.IT 2408.14598
cs.IT 2408.14652
cs.IT 2408.14820
cs.IT 2408.14969
cs.IT 2408.15015
cs.IT 2408.15108
cs.IT 2408.15273
cs.IT 2408.15581
cs.IT 2408.15844
cs.IT 2408.15854
cs.IT 2408.15375
cs.IT 2408.15558
cs.IT 2408.15592
cs.IT 2408.15652
cs.IT 2408.15668
cs.IT 2408.15767
cs.IT 2408.15772
cs.IT 2408.15925
cs.IT 2408.16655
cs.IT 2408.16166
cs.IT 2408.16251
cs.IT 2408.16365
cs.IT 2408.16377
cs.IT 2408.16455
cs.IT 2408.16584
cs.PF 2408.11880
cs.PF 2408.11950
cs.PF 2408.12173
cs.PF 2408.12463
cs.PF 2408.12676
cs.PF 2408.14090
cs.PF 2408.14234
cs.PF 2408.14875
cs.PF 2408.16036
cs.PF 2408.16215
cs.PF 2408.16551
cs.PF 2408.16607
cs.CE 2408.13214
cs.CE 2408.12991
cs.CE 2408.13113
cs.CE 2408.13406
cs.CE 2408.13619
cs.CE 2408.13659
cs.CE 2408.14068
cs.CE 2408.13532
cs.CE 2408.13681
cs.CE 2408.14203
cs.CE 2408.14277
cs.CE 2408.14450
cs.CE 2408.14627
cs.CE 2408.14905
cs.CE 2408.14908
cs.CE 2408.14615
cs.CE 2408.15310
cs.CE 2408.15267
cs.CE 2408.15408
cs.CE 2408.15414
cs.CE 2408.15583
cs.CE 2408.15756
cs.CE 2408.16417
cs.CE 2408.16626
cs.CE 2408.16709
cs.LO 2408.12623
cs.LO 2408.12668
cs.LO 2408.13369
cs.LO 2408.14338
cs.LO 2408.14473
cs.LO 2408.13297
cs.LO 2408.13487
cs.LO 2408.13840
cs.LO 2408.14314
cs.LO 2408.14443
cs.LO 2408.14855
cs.LO 2408.14563
cs.LO 2408.14621
cs.LO 2408.14701
cs.LO 2408.14999
cs.LO 2408.15087
cs.LO 2408.15180
cs.LO 2408.15475
cs.LO 2408.15977
cs.LO 2408.15817
cs.LO 2408.16081
cs.LO 2408.16102
cs.NA 2408.13125
cs.NA 2408.12876
cs.NA 2408.13043
cs.NA 2408.13134
cs.NA 2408.13206
cs.NA 2408.13222
cs.NA 2408.13420
cs.NA 2408.13843
cs.NA 2408.14068
cs.NA 2408.14115
cs.NA 2408.14385
cs.NA 2408.14395
cs.NA 2408.14442
cs.NA 2408.14445
cs.NA 2408.14449
cs.NA 2408.13324
cs.NA 2408.13400
cs.NA 2408.13434
cs.NA 2408.13443
cs.NA 2408.13506
cs.NA 2408.13511
cs.NA 2408.13547
cs.NA 2408.13553
cs.NA 2408.13601
cs.NA 2408.13717
cs.NA 2408.13903
cs.NA 2408.13944
cs.NA 2408.14019
cs.NA 2408.14057
cs.NA 2408.14092
cs.NA 2408.14096
cs.NA 2408.14193
cs.NA 2408.14212
cs.NA 2408.14392
cs.NA 2408.14734
cs.NA 2408.14816
cs.NA 2408.14821
cs.NA 2408.14873
cs.NA 2408.15157
cs.NA 2408.14745
cs.NA 2408.14803
cs.NA 2408.14833
cs.NA 2408.14926
cs.NA 2408.14931
cs.NA 2408.14984
cs.NA 2408.15003
cs.NA 2408.15183
cs.NA 2408.15225
cs.NA 2408.15234
cs.NA 2408.15414
cs.NA 2408.15680
cs.NA 2408.15858
cs.NA 2408.15286
cs.NA 2408.15298
cs.NA 2408.15393
cs.NA 2408.15472
cs.NA 2408.15731
cs.NA 2408.15847
cs.NA 2408.15863
cs.NA 2408.15900
cs.NA 2408.15913
cs.NA 2408.15981
cs.NA 2408.16166
cs.NA 2408.16252
cs.NA 2408.16414
cs.NA 2408.16496
cs.NA 2408.16556
cs.NA 2408.16086
cs.NA 2408.16105
cs.NA 2408.16243
cs.NA 2408.16282
cs.NA 2408.16416
cs.NA 2408.16483
cs.NA 2408.16511
cs.NA 2408.16569
cs.NA 2408.16572
cs.NA 2408.16580
cs.NA 2408.16591
cs.NA 2408.16624
cs.NA 2408.16631
cs.NA 2408.16652
cs.NA 2408.16701
cs.NA 2408.16723
cs.PL 2408.12947
cs.PL 2408.13745
cs.PL 2408.13779
cs.PL 2408.14017
cs.PL 2408.14031
cs.PL 2408.14175
cs.PL 2408.14345
cs.PL 2408.14706
cs.PL 2408.14561
cs.PL 2408.14668
cs.PL 2408.15429
cs.PL 2408.15475
cs.PL 2408.15631
cs.PL 2408.15822
cs.PL 2408.16234
cs.PL 2408.16257
cs.PL 2408.16259
cs.PL 2408.16699
cs.PL 2408.16706
cs.SE 2408.12604
cs.SE 2408.12904
cs.SE 2408.13204
cs.SE 2408.12728
cs.SE 2408.12736
cs.SE 2408.12807
cs.SE 2408.12948
cs.SE 2408.12960
cs.SE 2408.13597
cs.SE 2408.13888
cs.SE 2408.14088
cs.SE 2408.13372
cs.SE 2408.13517
cs.SE 2408.13653
cs.SE 2408.13666
cs.SE 2408.13686
cs.SE 2408.13727
cs.SE 2408.13729
cs.SE 2408.13855
cs.SE 2408.13866
cs.SE 2408.13950
cs.SE 2408.13976
cs.SE 2408.14007
cs.SE 2408.14074
cs.SE 2408.14085
cs.SE 2408.14190
cs.SE 2408.14259
cs.SE 2408.14354
cs.SE 2408.14357
cs.SE 2408.14431
cs.SE 2408.14561
cs.SE 2408.15049
cs.SE 2408.15152
cs.SE 2408.15224
cs.SE 2408.14504
cs.SE 2408.14515
cs.SE 2408.14566
cs.SE 2408.14834
cs.SE 2408.15031
cs.SE 2408.15042
cs.SE 2408.15109
cs.SE 2408.15150
cs.SE 2408.15207
cs.SE 2408.15292
cs.SE 2408.15425
cs.SE 2408.15247
cs.SE 2408.15411
cs.SE 2408.15630
cs.SE 2408.15658
cs.SE 2408.15815
cs.SE 2408.15853
cs.SE 2408.15866
cs.SE 2408.15989
cs.SE 2408.16025
cs.SE 2408.16028
cs.SE 2408.16417
cs.SE 2408.16706
cs.SE 2408.16151
cs.SE 2408.16198
cs.SE 2408.16353
cs.SE 2408.16452
cs.SE 2408.16470
cs.SE 2408.16498
cs.SE 2408.16559
cs.SE 2408.16601
cs.SE 2408.16683
cs.OS 2408.06822
cs.OS 2408.07378
cs.OS 2408.08440
cs.OS 2408.11173
cs.OS 2408.11325
cs.OS 2408.13772
cs.RO 2408.12657
cs.RO 2408.13147
cs.RO 2408.12609
cs.RO 2408.12674
cs.RO 2408.12777
cs.RO 2408.12822
cs.RO 2408.12823
cs.RO 2408.12831
cs.RO 2408.12950
cs.RO 2408.13018
cs.RO 2408.13044
cs.RO 2408.13054
cs.RO 2408.13100
cs.RO 2408.13153
cs.RO 2408.13229
cs.RO 2408.13369
cs.RO 2408.13724
cs.RO 2408.13802
cs.RO 2408.13902
cs.RO 2408.14185
cs.RO 2408.13377
cs.RO 2408.13394
cs.RO 2408.13468
cs.RO 2408.13529
cs.RO 2408.13699
cs.RO 2408.13740
cs.RO 2408.13742
cs.RO 2408.13759
cs.RO 2408.13823
cs.RO 2408.13881
cs.RO 2408.14000
cs.RO 2408.14009
cs.RO 2408.14035
cs.RO 2408.14037
cs.RO 2408.14039
cs.RO 2408.14063
cs.RO 2408.14081
cs.RO 2408.14125
cs.RO 2408.14183
cs.RO 2408.14199
cs.RO 2408.14219
cs.RO 2408.14336
cs.RO 2408.14361
cs.RO 2408.14362
cs.RO 2408.14368
cs.RO 2408.14472
cs.RO 2408.14475
cs.RO 2408.14791
cs.RO 2408.14951
cs.RO 2408.15099
cs.RO 2408.14480
cs.RO 2408.14481
cs.RO 2408.14518
cs.RO 2408.14527
cs.RO 2408.14726
cs.RO 2408.14747
cs.RO 2408.14769
cs.RO 2408.14873
cs.RO 2408.14885
cs.RO 2408.14997
cs.RO 2408.15008
cs.RO 2408.15046
cs.RO 2408.15049
cs.RO 2408.15152
cs.RO 2408.15200
cs.RO 2408.15248
cs.RO 2408.15250
cs.RO 2408.15270
cs.RO 2408.15443
cs.RO 2408.15657
cs.RO 2408.15682
cs.RO 2408.15810
cs.RO 2408.15998
cs.RO 2408.15349
cs.RO 2408.15367
cs.RO 2408.15388
cs.RO 2408.15425
cs.RO 2408.15467
cs.RO 2408.15473
cs.RO 2408.15480
cs.RO 2408.15511
cs.RO 2408.15602
cs.RO 2408.15605
cs.RO 2408.15610
cs.RO 2408.15663
cs.RO 2408.15717
cs.RO 2408.15726
cs.RO 2408.15761
cs.RO 2408.15765
cs.RO 2408.15831
cs.RO 2408.15864
cs.RO 2408.15870
cs.RO 2408.15899
cs.RO 2408.15919
cs.RO 2408.15948
cs.RO 2408.15980
cs.RO 2408.16322
cs.RO 2408.16442
cs.RO 2408.16501
cs.RO 2408.16559
cs.RO 2408.16755
cs.RO 2408.16770
cs.RO 2408.16069
cs.RO 2408.16076
cs.RO 2408.16125
cs.RO 2408.16206
cs.RO 2408.16228
cs.RO 2408.16307
cs.RO 2408.16354
cs.RO 2408.16370
cs.RO 2408.16375
cs.RO 2408.16420
cs.RO 2408.16567
cs.RO 2408.16633
cs.RO 2408.16703
cs.RO 2408.16726
cs.RO 2408.16754
stat.AP 2408.12669
stat.AP 2408.12839
stat.AP 2408.12863
stat.AP 2408.13010
stat.AP 2408.13062
stat.AP 2408.13162
stat.AP 2408.13220
stat.AP 2408.13250
stat.AP 2408.12618
stat.AP 2408.12722
stat.AP 2408.12932
stat.AP 2408.12933
stat.AP 2408.13022
stat.AP 2408.13474
stat.AP 2408.13606
stat.AP 2408.13628
stat.AP 2408.13901
stat.AP 2408.14466
stat.AP 2408.13392
stat.AP 2408.13430
stat.AP 2408.13642
stat.AP 2408.13685
stat.AP 2408.13702
stat.AP 2408.13872
stat.AP 2408.14012
stat.AP 2408.14108
stat.AP 2408.14604
stat.AP 2408.14625
stat.AP 2408.14669
stat.AP 2408.15117
stat.AP 2408.14832
stat.AP 2408.14940
stat.AP 2408.15149
stat.AP 2408.15353
stat.AP 2408.15396
stat.AP 2408.15612
stat.AP 2408.15623
stat.AP 2408.15314
stat.AP 2408.15387
stat.AP 2408.15419
stat.AP 2408.15805
stat.AP 2408.16129
stat.AP 2408.16594
stat.AP 2408.16004
stat.AP 2408.16011
cs.SD 2408.12734
cs.SD 2408.12829
cs.SD 2408.13119
cs.SD 2408.13240
cs.SD 2408.12633
cs.SD 2408.12635
cs.SD 2408.12658
cs.SD 2408.13068
cs.SD 2408.13106
cs.SD 2408.13201
cs.SD 2408.13705
cs.SD 2408.13739
cs.SD 2408.14026
cs.SD 2408.14198
cs.SD 2408.14262
cs.SD 2408.14423
cs.SD 2408.13341
cs.SD 2408.13355
cs.SD 2408.13522
cs.SD 2408.13644
cs.SD 2408.13784
cs.SD 2408.13893
cs.SD 2408.13904
cs.SD 2408.13920
cs.SD 2408.14066
cs.SD 2408.14080
cs.SD 2408.14213
cs.SD 2408.14340
cs.SD 2408.14582
cs.SD 2408.14585
cs.SD 2408.14890
cs.SD 2408.14892
cs.SD 2408.14991
cs.SD 2408.15002
cs.SD 2408.15188
cs.SD 2408.14713
cs.SD 2408.14731
cs.SD 2408.14739
cs.SD 2408.14753
cs.SD 2408.14862
cs.SD 2408.14886
cs.SD 2408.14910
cs.SD 2408.14953
cs.SD 2408.15176
cs.SD 2408.15296
cs.SD 2408.15391
cs.SD 2408.15474
cs.SD 2408.15553
cs.SD 2408.15582
cs.SD 2408.15616
cs.SD 2408.15667
cs.SD 2408.15746
cs.SD 2408.15771
cs.SD 2408.15775
cs.SD 2408.15803
cs.SD 2408.15877
cs.SD 2408.15916
cs.SD 2408.15508
cs.SD 2408.15585
cs.SD 2408.15676
cs.SD 2408.16132
cs.SD 2408.16180
cs.SD 2408.16204
cs.SD 2408.16221
cs.SD 2408.16287
cs.SD 2408.16410
cs.SD 2408.16423
cs.SD 2408.16532
cs.SD 2408.16542
cs.SD 2408.16564
cs.SD 2408.16725
cs.SD 2408.16732
cs.SD 2408.16030
cs.SD 2408.16126
cs.SD 2408.16373
cs.SD 2408.16546
cs.SD 2408.16568
cs.SD 2408.16650
cs.LG 2408.12607
cs.LG 2408.12608
cs.LG 2408.12615
cs.LG 2408.12621
cs.LG 2408.12622
cs.LG 2408.12625
cs.LG 2408.12636
cs.LG 2408.12658
cs.LG 2408.12662
cs.LG 2408.12683
cs.LG 2408.12720
cs.LG 2408.12727
cs.LG 2408.12732
cs.LG 2408.12733
cs.LG 2408.12739
cs.LG 2408.12748
cs.LG 2408.12767
cs.LG 2408.12781
cs.LG 2408.12792
cs.LG 2408.12808
cs.LG 2408.12837
cs.LG 2408.12850
cs.LG 2408.12902
cs.LG 2408.12961
cs.LG 2408.12963
cs.LG 2408.12976
cs.LG 2408.12980
cs.LG 2408.12986
cs.LG 2408.12996
cs.LG 2408.13012
cs.LG 2408.13040
cs.LG 2408.13054
cs.LG 2408.13068
cs.LG 2408.13089
cs.LG 2408.13114
cs.LG 2408.13115
cs.LG 2408.13146
cs.LG 2408.13150
cs.LG 2408.13154
cs.LG 2408.13167
cs.LG 2408.13179
cs.LG 2408.13195
cs.LG 2408.13201
cs.LG 2408.13230
cs.LG 2408.13231
cs.LG 2408.13235
cs.LG 2408.13247
cs.LG 2408.13248
cs.LG 2408.13256
cs.LG 2408.12634
cs.LG 2408.12638
cs.LG 2408.12655
cs.LG 2408.12659
cs.LG 2408.12665
cs.LG 2408.12666
cs.LG 2408.12669
cs.LG 2408.12670
cs.LG 2408.12682
cs.LG 2408.12751
cs.LG 2408.12753
cs.LG 2408.12763
cs.LG 2408.12774
cs.LG 2408.12778
cs.LG 2408.12801
cs.LG 2408.12803
cs.LG 2408.12817
cs.LG 2408.12829
cs.LG 2408.12830
cs.LG 2408.12840
cs.LG 2408.12841
cs.LG 2408.12845
cs.LG 2408.12857
cs.LG 2408.12875
cs.LG 2408.12888
cs.LG 2408.12925
cs.LG 2408.12936
cs.LG 2408.12970
cs.LG 2408.12978
cs.LG 2408.12989
cs.LG 2408.13002
cs.LG 2408.13008
cs.LG 2408.13010
cs.LG 2408.13041
cs.LG 2408.13073
cs.LG 2408.13074
cs.LG 2408.13078
cs.LG 2408.13082
cs.LG 2408.13092
cs.LG 2408.13101
cs.LG 2408.13102
cs.LG 2408.13122
cs.LG 2408.13131
cs.LG 2408.13139
cs.LG 2408.13140
cs.LG 2408.13155
cs.LG 2408.13189
cs.LG 2408.13194
cs.LG 2408.13217
cs.LG 2408.13221
cs.LG 2408.13233
cs.LG 2408.13237
cs.LG 2408.13242
cs.LG 2408.13270
cs.LG 2408.13273
cs.LG 2408.13275
cs.LG 2408.13276
cs.LG 2408.13278
cs.LG 2408.13282
cs.LG 2408.13284
cs.LG 2408.13287
cs.LG 2408.13294
cs.LG 2408.13320
cs.LG 2408.13323
cs.LG 2408.13351
cs.LG 2408.13352
cs.LG 2408.13359
cs.LG 2408.13366
cs.LG 2408.13376
cs.LG 2408.13378
cs.LG 2408.13397
cs.LG 2408.13430
cs.LG 2408.13438
cs.LG 2408.13440
cs.LG 2408.13479
cs.LG 2408.13518
cs.LG 2408.13526
cs.LG 2408.13532
cs.LG 2408.13591
cs.LG 2408.13609
cs.LG 2408.13621
cs.LG 2408.13628
cs.LG 2408.13630
cs.LG 2408.13649
cs.LG 2408.13657
cs.LG 2408.13661
cs.LG 2408.13666
cs.LG 2408.13708
cs.LG 2408.13713
cs.LG 2408.13739
cs.LG 2408.13746
cs.LG 2408.13751
cs.LG 2408.13766
cs.LG 2408.13843
cs.LG 2408.13858
cs.LG 2408.13881
cs.LG 2408.13902
cs.LG 2408.13906
cs.LG 2408.13912
cs.LG 2408.13979
cs.LG 2408.14028
cs.LG 2408.14037
cs.LG 2408.14063
cs.LG 2408.14080
cs.LG 2408.14086
cs.LG 2408.14143
cs.LG 2408.14152
cs.LG 2408.14183
cs.LG 2408.14229
cs.LG 2408.14236
cs.LG 2408.14254
cs.LG 2408.14266
cs.LG 2408.14307
cs.LG 2408.14326
cs.LG 2408.14338
cs.LG 2408.14340
cs.LG 2408.14352
cs.LG 2408.14358
cs.LG 2408.14371
cs.LG 2408.14393
cs.LG 2408.14398
cs.LG 2408.14404
cs.LG 2408.14407
cs.LG 2408.14415
cs.LG 2408.14421
cs.LG 2408.14434
cs.LG 2408.14435
cs.LG 2408.14442
cs.LG 2408.14471
cs.LG 2408.13293
cs.LG 2408.13295
cs.LG 2408.13296
cs.LG 2408.13328
cs.LG 2408.13333
cs.LG 2408.13361
cs.LG 2408.13402
cs.LG 2408.13426
cs.LG 2408.13442
cs.LG 2408.13448
cs.LG 2408.13452
cs.LG 2408.13460
cs.LG 2408.13467
cs.LG 2408.13471
cs.LG 2408.13482
cs.LG 2408.13484
cs.LG 2408.13493
cs.LG 2408.13498
cs.LG 2408.13556
cs.LG 2408.13567
cs.LG 2408.13619
cs.LG 2408.13622
cs.LG 2408.13626
cs.LG 2408.13648
cs.LG 2408.13656
cs.LG 2408.13659
cs.LG 2408.13667
cs.LG 2408.13683
cs.LG 2408.13689
cs.LG 2408.13690
cs.LG 2408.13696
cs.LG 2408.13720
cs.LG 2408.13767
cs.LG 2408.13787
cs.LG 2408.13805
cs.LG 2408.13825
cs.LG 2408.13850
cs.LG 2408.13871
cs.LG 2408.13878
cs.LG 2408.13885
cs.LG 2408.13926
cs.LG 2408.13934
cs.LG 2408.13958
cs.LG 2408.13960
cs.LG 2408.13961
cs.LG 2408.13986
cs.LG 2408.13991
cs.LG 2408.14001
cs.LG 2408.14010
cs.LG 2408.14014
cs.LG 2408.14025
cs.LG 2408.14042
cs.LG 2408.14073
cs.LG 2408.14116
cs.LG 2408.14118
cs.LG 2408.14126
cs.LG 2408.14130
cs.LG 2408.14134
cs.LG 2408.14144
cs.LG 2408.14146
cs.LG 2408.14195
cs.LG 2408.14206
cs.LG 2408.14225
cs.LG 2408.14234
cs.LG 2408.14252
cs.LG 2408.14267
cs.LG 2408.14281
cs.LG 2408.14284
cs.LG 2408.14319
cs.LG 2408.14325
cs.LG 2408.14331
cs.LG 2408.14332
cs.LG 2408.14369
cs.LG 2408.14381
cs.LG 2408.14387
cs.LG 2408.14416
cs.LG 2408.14432
cs.LG 2408.14445
cs.LG 2408.14453
cs.LG 2408.14461
cs.LG 2408.14400
cs.LG 2408.14477
cs.LG 2408.14484
cs.LG 2408.14487
cs.LG 2408.14498
cs.LG 2408.14508
cs.LG 2408.14511
cs.LG 2408.14515
cs.LG 2408.14518
cs.LG 2408.14559
cs.LG 2408.14620
cs.LG 2408.14636
cs.LG 2408.14658
cs.LG 2408.14678
cs.LG 2408.14680
cs.LG 2408.14685
cs.LG 2408.14736
cs.LG 2408.14747
cs.LG 2408.14757
cs.LG 2408.14777
cs.LG 2408.14778
cs.LG 2408.14797
cs.LG 2408.14825
cs.LG 2408.14840
cs.LG 2408.14842
cs.LG 2408.14847
cs.LG 2408.14865
cs.LG 2408.14866
cs.LG 2408.14871
cs.LG 2408.14887
cs.LG 2408.14889
cs.LG 2408.14890
cs.LG 2408.14909
cs.LG 2408.14928
cs.LG 2408.14951
cs.LG 2408.15041
cs.LG 2408.15065
cs.LG 2408.15073
cs.LG 2408.15077
cs.LG 2408.15089
cs.LG 2408.15097
cs.LG 2408.15114
cs.LG 2408.15126
cs.LG 2408.15136
cs.LG 2408.15173
cs.LG 2408.15183
cs.LG 2408.15198
cs.LG 2408.15231
cs.LG 2408.14483
cs.LG 2408.14488
cs.LG 2408.14491
cs.LG 2408.14492
cs.LG 2408.14493
cs.LG 2408.14494
cs.LG 2408.14496
cs.LG 2408.14499
cs.LG 2408.14501
cs.LG 2408.14502
cs.LG 2408.14505
cs.LG 2408.14506
cs.LG 2408.14512
cs.LG 2408.14513
cs.LG 2408.14514
cs.LG 2408.14519
cs.LG 2408.14520
cs.LG 2408.14523
cs.LG 2408.14525
cs.LG 2408.14528
cs.LG 2408.14552
cs.LG 2408.14572
cs.LG 2408.14587
cs.LG 2408.14603
cs.LG 2408.14608
cs.LG 2408.14626
cs.LG 2408.14677
cs.LG 2408.14681
cs.LG 2408.14682
cs.LG 2408.14687
cs.LG 2408.14721
cs.LG 2408.14728
cs.LG 2408.14734
cs.LG 2408.14738
cs.LG 2408.14756
cs.LG 2408.14762
cs.LG 2408.14763
cs.LG 2408.14774
cs.LG 2408.14780
cs.LG 2408.14785
cs.LG 2408.14788
cs.LG 2408.14806
cs.LG 2408.14817
cs.LG 2408.14821
cs.LG 2408.14831
cs.LG 2408.14837
cs.LG 2408.14843
cs.LG 2408.14864
cs.LG 2408.14875
cs.LG 2408.14915
cs.LG 2408.14935
cs.LG 2408.14964
cs.LG 2408.14976
cs.LG 2408.15034
cs.LG 2408.15055
cs.LG 2408.15057
cs.LG 2408.15076
cs.LG 2408.15094
cs.LG 2408.15096
cs.LG 2408.15099
cs.LG 2408.15128
cs.LG 2408.15133
cs.LG 2408.15138
cs.LG 2408.15158
cs.LG 2408.15165
cs.LG 2408.15221
cs.LG 2408.15237
cs.LG 2408.15240
cs.LG 2408.15244
cs.LG 2408.15246
cs.LG 2408.15247
cs.LG 2408.15251
cs.LG 2408.15253
cs.LG 2408.15254
cs.LG 2408.15255
cs.LG 2408.15267
cs.LG 2408.15268
cs.LG 2408.15270
cs.LG 2408.15272
cs.LG 2408.15276
cs.LG 2408.15287
cs.LG 2408.15289
cs.LG 2408.15296
cs.LG 2408.15299
cs.LG 2408.15310
cs.LG 2408.15313
cs.LG 2408.15328
cs.LG 2408.15355
cs.LG 2408.15356
cs.LG 2408.15371
cs.LG 2408.15373
cs.LG 2408.15374
cs.LG 2408.15388
cs.LG 2408.15393
cs.LG 2408.15400
cs.LG 2408.15404
cs.LG 2408.15408
cs.LG 2408.15417
cs.LG 2408.15449
cs.LG 2408.15462
cs.LG 2408.15555
cs.LG 2408.15562
cs.LG 2408.15590
cs.LG 2408.15601
cs.LG 2408.15609
cs.LG 2408.15633
cs.LG 2408.15667
cs.LG 2408.15714
cs.LG 2408.15722
cs.LG 2408.15771
cs.LG 2408.15793
cs.LG 2408.15819
cs.LG 2408.15852
cs.LG 2408.15861
cs.LG 2408.15865
cs.LG 2408.15866
cs.LG 2408.15895
cs.LG 2408.15896
cs.LG 2408.15901
cs.LG 2408.15916
cs.LG 2408.15923
cs.LG 2408.15946
cs.LG 2408.15953
cs.LG 2408.15956
cs.LG 2408.15958
cs.LG 2408.15969
cs.LG 2408.15992
cs.LG 2408.15993
cs.LG 2408.15998
cs.LG 2408.15999
cs.LG 2408.15284
cs.LG 2408.15293
cs.LG 2408.15294
cs.LG 2408.15300
cs.LG 2408.15301
cs.LG 2408.15305
cs.LG 2408.15332
cs.LG 2408.15339
cs.LG 2408.15344
cs.LG 2408.15357
cs.LG 2408.15368
cs.LG 2408.15395
cs.LG 2408.15398
cs.LG 2408.15399
cs.LG 2408.15418
cs.LG 2408.15421
cs.LG 2408.15450
cs.LG 2408.15451
cs.LG 2408.15458
cs.LG 2408.15495
cs.LG 2408.15498
cs.LG 2408.15501
cs.LG 2408.15510
cs.LG 2408.15535
cs.LG 2408.15545
cs.LG 2408.15554
cs.LG 2408.15591
cs.LG 2408.15593
cs.LG 2408.15600
cs.LG 2408.15619
cs.LG 2408.15620
cs.LG 2408.15621
cs.LG 2408.15640
cs.LG 2408.15664
cs.LG 2408.15702
cs.LG 2408.15715
cs.LG 2408.15737
cs.LG 2408.15753
cs.LG 2408.15766
cs.LG 2408.15784
cs.LG 2408.15792
cs.LG 2408.15827
cs.LG 2408.15874
cs.LG 2408.15894
cs.LG 2408.15898
cs.LG 2408.15905
cs.LG 2408.15997
cs.LG 2408.16017
cs.LG 2408.16018
cs.LG 2408.16021
cs.LG 2408.16022
cs.LG 2408.16025
cs.LG 2408.16028
cs.LG 2408.16030
cs.LG 2408.16034
cs.LG 2408.16035
cs.LG 2408.16087
cs.LG 2408.16109
cs.LG 2408.16123
cs.LG 2408.16126
cs.LG 2408.16130
cs.LG 2408.16154
cs.LG 2408.16170
cs.LG 2408.16181
cs.LG 2408.16186
cs.LG 2408.16189
cs.LG 2408.16201
cs.LG 2408.16212
cs.LG 2408.16215
cs.LG 2408.16228
cs.LG 2408.16232
cs.LG 2408.16246
cs.LG 2408.16293
cs.LG 2408.16315
cs.LG 2408.16349
cs.LG 2408.16430
cs.LG 2408.16532
cs.LG 2408.16542
cs.LG 2408.16543
cs.LG 2408.16553
cs.LG 2408.16555
cs.LG 2408.16567
cs.LG 2408.16578
cs.LG 2408.16605
cs.LG 2408.16621
cs.LG 2408.16623
cs.LG 2408.16638
cs.LG 2408.16650
cs.LG 2408.16683
cs.LG 2408.16725
cs.LG 2408.16751
cs.LG 2408.16753
cs.LG 2408.16762
cs.LG 2408.16002
cs.LG 2408.16027
cs.LG 2408.16029
cs.LG 2408.16031
cs.LG 2408.16032
cs.LG 2408.16040
cs.LG 2408.16046
cs.LG 2408.16088
cs.LG 2408.16090
cs.LG 2408.16113
cs.LG 2408.16115
cs.LG 2408.16118
cs.LG 2408.16122
cs.LG 2408.16138
cs.LG 2408.16147
cs.LG 2408.16160
cs.LG 2408.16167
cs.LG 2408.16168
cs.LG 2408.16169
cs.LG 2408.16187
cs.LG 2408.16191
cs.LG 2408.16202
cs.LG 2408.16204
cs.LG 2408.16208
cs.LG 2408.16218
cs.LG 2408.16245
cs.LG 2408.16249
cs.LG 2408.16256
cs.LG 2408.16261
cs.LG 2408.16262
cs.LG 2408.16278
cs.LG 2408.16284
cs.LG 2408.16285
cs.LG 2408.16286
cs.LG 2408.16288
cs.LG 2408.16291
cs.LG 2408.16321
cs.LG 2408.16333
cs.LG 2408.16336
cs.LG 2408.16337
cs.LG 2408.16379
cs.LG 2408.16389
cs.LG 2408.16391
cs.LG 2408.16393
cs.LG 2408.16403
cs.LG 2408.16414
cs.LG 2408.16425
cs.LG 2408.16429
cs.LG 2408.16457
cs.LG 2408.16463
cs.LG 2408.16495
cs.LG 2408.16517
cs.LG 2408.16527
cs.LG 2408.16535
cs.LG 2408.16537
cs.LG 2408.16573
cs.LG 2408.16577
cs.LG 2408.16589
cs.LG 2408.16592
cs.LG 2408.16599
cs.LG 2408.16612
cs.LG 2408.16613
cs.LG 2408.16620
cs.LG 2408.16653
cs.LG 2408.16667
cs.LG 2408.16673
cs.LG 2408.16686
cs.LG 2408.16698
cs.LG 2408.16707
cs.LG 2408.16717
cs.LG 2408.16765
cs.SI 2408.12617
cs.SI 2408.12875
cs.SI 2408.13034
cs.SI 2408.13075
cs.SI 2408.12795
cs.SI 2408.13236
cs.SI 2408.10373
cs.SI 2408.13336
cs.SI 2408.13521
cs.SI 2408.13681
cs.SI 2408.13688
cs.SI 2408.13961
cs.SI 2408.13538
cs.SI 2408.13647
cs.SI 2408.14147
cs.SI 2205.03639
cs.SI 2408.14520
cs.SI 2408.14762
cs.SI 2408.15003
cs.SI 2408.15004
cs.SI 2408.15162
cs.SI 2408.15186
cs.SI 2408.15308
cs.SI 2408.15311
cs.SI 2408.15406
cs.SI 2408.15873
cs.SI 2408.16288
cs.SI 2408.16508
cs.SI 2408.16629
cs.SI 2408.16022
cs.SI 2408.16295
cs.SI 2408.16308
stat.CO 2408.13000
stat.CO 2408.13115
stat.CO 2408.13230
stat.CO 2408.13220
stat.CO 2408.13411
stat.CO 2408.13596
stat.CO 2408.14903
stat.CO 2408.15052
stat.CO 2408.14625
stat.CO 2408.15314
stat.CO 2408.15701
stat.CO 2408.15739
stat.CO 2408.15805
stat.CO 2408.15875
stat.CO 2408.15392
stat.CO 2408.15396
stat.CO 2408.15505
stat.CO 2408.15612
stat.CO 2408.15655
stat.CO 2408.16763
stat.CO 2408.16101
stat.CO 2408.16594
cs.SC 2408.07815
cs.SC 2408.07840
cs.SC 2408.09176
cs.SC 2408.10369
cs.SC 2408.14487
cs.SC 2408.15611
cs.SC 2408.15917
eess.AS 2408.12633
eess.AS 2408.12635
eess.AS 2408.12658
eess.AS 2408.12734
eess.AS 2408.12829
eess.AS 2408.13068
eess.AS 2408.13106
eess.AS 2408.13119
eess.AS 2408.13201
eess.AS 2408.13240
eess.AS 2408.12982
eess.AS 2408.13040
eess.AS 2408.13341
eess.AS 2408.13355
eess.AS 2408.13522
eess.AS 2408.13644
eess.AS 2408.13705
eess.AS 2408.13784
eess.AS 2408.13891
eess.AS 2408.13904
eess.AS 2408.13920
eess.AS 2408.14026
eess.AS 2408.14066
eess.AS 2408.14080
eess.AS 2408.14213
eess.AS 2408.14262
eess.AS 2408.14340
eess.AS 2408.13614
eess.AS 2408.13734
eess.AS 2408.13739
eess.AS 2408.13746
eess.AS 2408.14198
eess.AS 2408.14302
eess.AS 2408.14390
eess.AS 2408.14423
eess.AS 2408.14585
eess.AS 2408.14713
eess.AS 2408.14731
eess.AS 2408.14739
eess.AS 2408.14753
eess.AS 2408.14862
eess.AS 2408.14886
eess.AS 2408.14892
eess.AS 2408.14910
eess.AS 2408.14953
eess.AS 2408.14991
eess.AS 2408.15176
eess.AS 2408.14582
eess.AS 2408.14712
eess.AS 2408.14771
eess.AS 2408.14777
eess.AS 2408.14797
eess.AS 2408.14836
eess.AS 2408.14887
eess.AS 2408.14890
eess.AS 2408.14939
eess.AS 2408.15188
eess.AS 2408.13893
eess.AS 2408.15508
eess.AS 2408.15585
eess.AS 2408.15616
eess.AS 2408.15667
eess.AS 2408.15676
eess.AS 2408.15296
eess.AS 2408.15297
eess.AS 2408.15391
eess.AS 2408.15474
eess.AS 2408.15553
eess.AS 2408.15582
eess.AS 2408.15746
eess.AS 2408.15771
eess.AS 2408.15775
eess.AS 2408.15803
eess.AS 2408.15877
eess.AS 2408.15916
eess.AS 2408.16030
eess.AS 2408.16126
eess.AS 2408.16204
eess.AS 2408.16287
eess.AS 2408.16373
eess.AS 2408.16542
eess.AS 2408.16546
eess.AS 2408.16564
eess.AS 2408.16568
eess.AS 2408.16650
eess.AS 2408.16725
eess.AS 2408.16732
eess.AS 2408.16132
eess.AS 2408.16180
eess.AS 2408.16221
eess.AS 2408.16410
eess.AS 2408.16423
eess.AS 2408.16532
stat.ML 2408.12659
stat.ML 2408.12666
stat.ML 2408.12734
stat.ML 2408.12739
stat.ML 2408.12792
stat.ML 2408.12801
stat.ML 2408.12830
stat.ML 2408.12845
stat.ML 2408.12888
stat.ML 2408.13194
stat.ML 2408.13222
stat.ML 2408.13237
stat.ML 2408.13089
stat.ML 2408.13114
stat.ML 2408.13115
stat.ML 2408.13146
stat.ML 2408.13167
stat.ML 2408.13179
stat.ML 2408.13230
stat.ML 2408.13231
stat.ML 2408.13235
stat.ML 2408.13430
stat.ML 2408.13442
stat.ML 2408.13448
stat.ML 2408.13460
stat.ML 2408.13588
stat.ML 2408.13649
stat.ML 2408.13767
stat.ML 2408.13799
stat.ML 2408.13825
stat.ML 2408.13885
stat.ML 2408.13895
stat.ML 2408.14073
stat.ML 2408.14195
stat.ML 2408.14325
stat.ML 2408.14332
stat.ML 2408.14402
stat.ML 2408.14445
stat.ML 2408.13275
stat.ML 2408.13276
stat.ML 2408.13591
stat.ML 2408.13628
stat.ML 2408.13751
stat.ML 2408.14266
stat.ML 2408.14511
stat.ML 2408.14603
stat.ML 2408.14608
stat.ML 2408.14821
stat.ML 2408.15173
stat.ML 2408.14498
stat.ML 2408.14620
stat.ML 2408.15065
stat.ML 2408.15136
stat.ML 2408.15458
stat.ML 2408.15495
stat.ML 2408.15784
stat.ML 2408.15356
stat.ML 2408.15923
stat.ML 2408.16068
stat.ML 2408.16101
stat.ML 2408.16115
stat.ML 2408.16138
stat.ML 2408.16218
stat.ML 2408.16249
stat.ML 2408.16429
stat.ML 2408.16751
stat.ML 2408.16765
stat.ML 2408.16035
stat.ML 2408.16189
stat.ML 2408.16543
math.OC 2408.12691
math.OC 2408.12924
math.OC 2408.13206
math.OC 2408.12761
math.OC 2408.12818
math.OC 2408.12849
math.OC 2408.13046
math.OC 2408.13053
math.OC 2408.13058
math.OC 2408.13150
math.OC 2408.13183
math.OC 2408.13276
math.OC 2408.13487
math.OC 2408.13497
math.OC 2408.13547
math.OC 2408.13565
math.OC 2408.13751
math.OC 2408.14296
math.OC 2408.14445
math.OC 2408.13323
math.OC 2408.13344
math.OC 2408.13421
math.OC 2408.13500
math.OC 2408.13778
math.OC 2408.13780
math.OC 2408.13795
math.OC 2408.13814
math.OC 2408.13828
math.OC 2408.14115
math.OC 2408.14150
math.OC 2408.14226
math.OC 2408.14308
math.OC 2408.14395
math.OC 2408.14412
math.OC 2408.14433
math.OC 2408.14440
math.OC 2408.14452
math.OC 2408.14759
math.OC 2408.14873
math.OC 2408.14926
math.OC 2408.14953
math.OC 2408.15094
math.OC 2408.15167
math.OC 2408.15173
math.OC 2408.14707
math.OC 2408.14746
math.OC 2408.14748
math.OC 2408.14913
math.OC 2408.15047
math.OC 2408.15147
math.OC 2408.15164
math.OC 2408.15193
math.OC 2408.15675
math.OC 2408.15703
math.OC 2408.15900
math.OC 2408.15365
math.OC 2408.15534
math.OC 2408.15690
math.OC 2408.15743
math.OC 2408.15943
math.OC 2408.15969
math.OC 2408.15983
math.OC 2408.16076
math.OC 2408.16113
math.OC 2408.16117
math.OC 2408.16167
math.OC 2408.16262
math.OC 2408.16286
math.OC 2408.16300
math.OC 2408.16385
math.OC 2408.16480
math.OC 2408.16543
math.OC 2408.16622
math.OC 2408.16624
math.OC 2408.16626
math.OC 2408.16087
math.OC 2408.16181
math.OC 2408.16186
math.OC 2408.16215
math.OC 2408.16424
math.OC 2408.16462
math.OC 2408.16656
math.OC 2408.16680
cs.SY 2408.12622
cs.SY 2408.12690
cs.SY 2408.12822
cs.SY 2408.12831
cs.SY 2408.13054
cs.SY 2408.12709
cs.SY 2408.12790
cs.SY 2408.12813
cs.SY 2408.12964
cs.SY 2408.13021
cs.SY 2408.13185
cs.SY 2408.13224
cs.SY 2408.13319
cs.SY 2408.13323
cs.SY 2408.13376
cs.SY 2408.13487
cs.SY 2408.13510
cs.SY 2408.13562
cs.SY 2408.13683
cs.SY 2408.13822
cs.SY 2408.13829
cs.SY 2408.14057
cs.SY 2408.14081
cs.SY 2408.14125
cs.SY 2408.14292
cs.SY 2408.14472
cs.SY 2408.13269
cs.SY 2408.13271
cs.SY 2408.13289
cs.SY 2408.13294
cs.SY 2408.13497
cs.SY 2408.13502
cs.SY 2408.13526
cs.SY 2408.13566
cs.SY 2408.13595
cs.SY 2408.13821
cs.SY 2408.13847
cs.SY 2408.13914
cs.SY 2408.13939
cs.SY 2408.13968
cs.SY 2408.14067
cs.SY 2408.14220
cs.SY 2408.14223
cs.SY 2408.14291
cs.SY 2408.14473
cs.SY 2408.14493
cs.SY 2408.14707
cs.SY 2408.15041
cs.SY 2408.15046
cs.SY 2408.15193
cs.SY 2408.15200
cs.SY 2408.14676
cs.SY 2408.14703
cs.SY 2408.14749
cs.SY 2408.14758
cs.SY 2408.14759
cs.SY 2408.14870
cs.SY 2408.14951
cs.SY 2408.15019
cs.SY 2408.15082
cs.SY 2408.15083
cs.SY 2408.15170
cs.SY 2408.15210
cs.SY 2408.15250
cs.SY 2408.15349
cs.SY 2408.15368
cs.SY 2408.15831
cs.SY 2408.15969
cs.SY 2408.15249
cs.SY 2408.15271
cs.SY 2408.15401
cs.SY 2408.15415
cs.SY 2408.15436
cs.SY 2408.15456
cs.SY 2408.15486
cs.SY 2408.15492
cs.SY 2408.15497
cs.SY 2408.15572
cs.SY 2408.15625
cs.SY 2408.15632
cs.SY 2408.15633
cs.SY 2408.15682
cs.SY 2408.15703
cs.SY 2408.15722
cs.SY 2408.15774
cs.SY 2408.15789
cs.SY 2408.15867
cs.SY 2408.15990
cs.SY 2408.16215
cs.SY 2408.16370
cs.SY 2408.16703
cs.SY 2408.16144
cs.SY 2408.16193
cs.SY 2408.16197
cs.SY 2408.16338
cs.SY 2408.16494
cs.SY 2408.16507
cs.SY 2408.16724
stat.TH 2408.13179
stat.TH 2408.13235
stat.TH 2408.12741
stat.TH 2408.12905
stat.TH 2408.13030
stat.TH 2408.13062
stat.TH 2408.13075
stat.TH 2408.13176
stat.TH 2408.13276
stat.TH 2408.13428
stat.TH 2408.13453
stat.TH 2408.13547
stat.TH 2408.13642
stat.TH 2408.13949
stat.TH 2408.14038
stat.TH 2408.13348
stat.TH 2408.13799
stat.TH 2408.13848
stat.TH 2408.13901
stat.TH 2408.14327
stat.TH 2408.14511
stat.TH 2408.15030
stat.TH 2408.15065
stat.TH 2408.14618
stat.TH 2408.15356
stat.TH 2408.15784
stat.TH 2408.15854
stat.TH 2408.15352
stat.TH 2408.15624
stat.TH 2408.15904
stat.TH 2408.15920
stat.TH 2408.16011
stat.TH 2408.16023
stat.TH 2408.16189
stat.TH 2408.16381
stat.TH 2408.16384
stat.TH 2408.16765
eess.IV 2408.12706
eess.IV 2408.12921
eess.IV 2408.13066
eess.IV 2408.12605
eess.IV 2408.12615
eess.IV 2408.12671
eess.IV 2408.12691
eess.IV 2408.12720
eess.IV 2408.12760
eess.IV 2408.12766
eess.IV 2408.12897
eess.IV 2408.12943
eess.IV 2408.13061
eess.IV 2408.13065
eess.IV 2408.13180
eess.IV 2408.13225
eess.IV 2408.13561
eess.IV 2408.13593
eess.IV 2408.13975
eess.IV 2408.14143
eess.IV 2408.14358
eess.IV 2408.14453
eess.IV 2408.13290
eess.IV 2408.13315
eess.IV 2408.13495
eess.IV 2408.13716
eess.IV 2408.13733
eess.IV 2408.13782
eess.IV 2408.13800
eess.IV 2408.13818
eess.IV 2408.13832
eess.IV 2408.13945
eess.IV 2408.13978
eess.IV 2408.14050
eess.IV 2408.14127
eess.IV 2408.14170
eess.IV 2408.14255
eess.IV 2408.14270
eess.IV 2408.14496
eess.IV 2408.15069
eess.IV 2408.14521
eess.IV 2408.14606
eess.IV 2408.14810
eess.IV 2408.14847
eess.IV 2408.14927
eess.IV 2408.14947
eess.IV 2408.14977
eess.IV 2408.15118
eess.IV 2408.15198
eess.IV 2408.15217
eess.IV 2408.15218
eess.IV 2408.15224
eess.IV 2408.15458
eess.IV 2408.15602
eess.IV 2408.15678
eess.IV 2408.15275
eess.IV 2408.15355
eess.IV 2408.15555
eess.IV 2408.15823
eess.IV 2408.15887
eess.IV 2408.15911
eess.IV 2408.15947
eess.IV 2408.16113
eess.IV 2408.16623
eess.IV 2408.16117
eess.IV 2408.16150
eess.IV 2408.16277
eess.IV 2408.16303
eess.IV 2408.16340
eess.IV 2408.16355
eess.IV 2408.16471
eess.IV 2408.16481
eess.IV 2408.16550
eess.IV 2408.16553
eess.IV 2408.16562
eess.IV 2408.16622
math.PR 2408.12679
math.PR 2408.12716
math.PR 2408.12849
math.PR 2408.12952
math.PR 2408.13115
math.PR 2408.13133
math.PR 2408.13134
math.PR 2408.12886
math.PR 2408.12924
math.PR 2408.12995
math.PR 2408.13037
math.PR 2408.13276
math.PR 2408.13348
math.PR 2408.13428
math.PR 2408.13528
math.PR 2408.13600
math.PR 2408.13649
math.PR 2408.13791
math.PR 2408.13799
math.PR 2408.13887
math.PR 2408.13957
math.PR 2408.14041
math.PR 2408.14195
math.PR 2408.13382
math.PR 2408.13490
math.PR 2408.13571
math.PR 2408.13701
math.PR 2408.13758
math.PR 2408.13764
math.PR 2408.13796
math.PR 2408.14163
math.PR 2408.14174
math.PR 2408.14290
math.PR 2408.14383
math.PR 2408.14389
math.PR 2408.14446
math.PR 2408.14476
math.PR 2408.15030
math.PR 2408.15035
math.PR 2408.14630
math.PR 2408.14702
math.PR 2408.14742
math.PR 2408.14903
math.PR 2408.14993
math.PR 2408.15033
math.PR 2408.15081
math.PR 2408.15131
math.PR 2408.15589
math.PR 2408.15854
math.PR 2408.15904
math.PR 2408.15920
math.PR 2408.15977
math.PR 2408.15369
math.PR 2408.15437
math.PR 2408.15613
math.PR 2408.15687
math.PR 2408.15697
math.PR 2408.15785
math.PR 2408.15858
math.PR 2408.16011
math.PR 2408.16035
math.PR 2408.16574
math.PR 2408.16594
math.PR 2408.16618
math.PR 2408.16765
math.PR 2408.16133
math.PR 2408.16252
math.PR 2408.16385
math.PR 2408.16480
math.PR 2408.16585
math.PR 2408.16636
math.PR 2408.16649
nlin.AO 2408.10278
nlin.AO 2408.12137
nlin.AO 2408.12235
nlin.AO 2408.12972
nlin.AO 2408.13360
nlin.AO 2408.16015
nlin.AO 2408.16155
physics.comp-ph 2408.12627
physics.comp-ph 2408.12738
physics.comp-ph 2408.12851
physics.comp-ph 2408.13416
physics.comp-ph 2408.13570
physics.comp-ph 2408.13601
physics.comp-ph 2408.14006
physics.comp-ph 2408.14070
physics.comp-ph 2408.14140
physics.comp-ph 2408.14451
physics.comp-ph 2408.14490
physics.comp-ph 2408.14673
physics.comp-ph 2408.14784
physics.comp-ph 2408.14804
physics.comp-ph 2408.15126
physics.comp-ph 2408.15165
physics.comp-ph 2408.15230
physics.comp-ph 2408.14530
physics.comp-ph 2408.15115
physics.comp-ph 2408.15346
physics.comp-ph 2408.15453
physics.comp-ph 2408.15505
physics.comp-ph 2408.15529
physics.comp-ph 2408.15779
physics.comp-ph 2408.15852
physics.comp-ph 2408.15681
physics.comp-ph 2408.15797
physics.comp-ph 2408.16230
physics.comp-ph 2408.16329
physics.comp-ph 2408.16414
physics.comp-ph 2408.16483
physics.comp-ph 2408.16484
physics.comp-ph 2408.16588
physics.comp-ph 2408.16611
physics.comp-ph 2408.16650
physics.comp-ph 2408.16693
physics.comp-ph 2408.16698
physics.comp-ph 2408.16746
physics.comp-ph 2408.16142
physics.comp-ph 2408.16157
physics.comp-ph 2408.16175
physics.comp-ph 2408.16509
physics.comp-ph 2408.16722
astro-ph.IM 2408.12764
astro-ph.IM 2408.12983
astro-ph.IM 2408.13072
astro-ph.IM 2408.13170
astro-ph.IM 2408.12631
astro-ph.IM 2408.12770
astro-ph.IM 2408.12826
astro-ph.IM 2408.12891
astro-ph.IM 2408.12929
astro-ph.IM 2408.12975
astro-ph.IM 2408.13318
astro-ph.IM 2408.13598
astro-ph.IM 2408.13876
astro-ph.IM 2408.13999
astro-ph.IM 2408.14231
astro-ph.IM 2408.14265
astro-ph.IM 2408.14268
astro-ph.IM 2408.14300
astro-ph.IM 2408.14425
astro-ph.IM 2408.14447
astro-ph.IM 2408.13634
astro-ph.IM 2408.13807
astro-ph.IM 2408.14286
astro-ph.IM 2408.14466
astro-ph.IM 2408.14934
astro-ph.IM 2408.14965
astro-ph.IM 2408.14497
astro-ph.IM 2408.14588
astro-ph.IM 2408.14865
astro-ph.IM 2408.14867
astro-ph.IM 2408.14902
astro-ph.IM 2408.15222
astro-ph.IM 2408.15223
astro-ph.IM 2408.15236
astro-ph.IM 2408.15243
astro-ph.IM 2408.15808
astro-ph.IM 2408.15952
astro-ph.IM 2408.15324
astro-ph.IM 2408.15541
astro-ph.IM 2408.15677
astro-ph.IM 2408.15929
astro-ph.IM 2408.15940
astro-ph.IM 2408.16084
astro-ph.IM 2408.16642
astro-ph.IM 2408.16026
astro-ph.IM 2408.16135
astro-ph.IM 2408.16179
astro-ph.IM 2408.16396
astro-ph.IM 2408.16596
astro-ph.IM 2408.16735
nlin.CD 2408.12972
nlin.CD 2408.12988
nlin.CD 2408.13120
nlin.CD 2408.13732
nlin.CD 2408.13969
nlin.CD 2408.14057
nlin.CD 2408.14296
nlin.CD 2408.14333
nlin.CD 2408.13761
nlin.CD 2408.15163
nlin.CD 2408.14495
nlin.CD 2408.14987
nlin.CD 2408.15054
nlin.CD 2408.15834
nlin.CD 2408.16352
eess.SP 2408.12860
eess.SP 2408.12926
eess.SP 2408.13182
eess.SP 2408.13196
eess.SP 2408.13205
eess.SP 2408.13224
eess.SP 2408.12602
eess.SP 2408.12914
eess.SP 2408.12966
eess.SP 2408.13017
eess.SP 2408.13035
eess.SP 2408.13056
eess.SP 2408.13103
eess.SP 2408.13128
eess.SP 2408.13190
eess.SP 2408.13683
eess.SP 2408.13689
eess.SP 2408.13734
eess.SP 2408.13878
eess.SP 2408.14089
eess.SP 2408.14116
eess.SP 2408.14302
eess.SP 2408.14366
eess.SP 2408.14453
eess.SP 2408.13403
eess.SP 2408.13435
eess.SP 2408.13444
eess.SP 2408.13447
eess.SP 2408.13470
eess.SP 2408.13483
eess.SP 2408.13531
eess.SP 2408.13546
eess.SP 2408.13549
eess.SP 2408.13552
eess.SP 2408.13593
eess.SP 2408.13829
eess.SP 2408.13948
eess.SP 2408.14027
eess.SP 2408.14097
eess.SP 2408.14107
eess.SP 2408.14109
eess.SP 2408.14156
eess.SP 2408.14248
eess.SP 2408.14261
eess.SP 2408.14292
eess.SP 2408.14303
eess.SP 2408.14312
eess.SP 2408.14448
eess.SP 2408.14460
eess.SP 2408.14465
eess.SP 2408.14477
eess.SP 2408.14598
eess.SP 2408.14712
eess.SP 2408.14777
eess.SP 2408.14827
eess.SP 2408.14843
eess.SP 2408.14910
eess.SP 2408.14954
eess.SP 2408.14969
eess.SP 2408.15015
eess.SP 2408.15084
eess.SP 2408.15140
eess.SP 2408.14729
eess.SP 2408.14861
eess.SP 2408.14982
eess.SP 2408.14986
eess.SP 2408.15009
eess.SP 2408.15283
eess.SP 2408.15605
eess.SP 2408.15652
eess.SP 2408.15668
eess.SP 2408.15678
eess.SP 2408.15767
eess.SP 2408.15252
eess.SP 2408.15253
eess.SP 2408.15255
eess.SP 2408.15268
eess.SP 2408.15272
eess.SP 2408.15273
eess.SP 2408.15394
eess.SP 2408.15435
eess.SP 2408.15481
eess.SP 2408.15485
eess.SP 2408.15490
eess.SP 2408.16113
eess.SP 2408.16122
eess.SP 2408.16251
eess.SP 2408.16280
eess.SP 2408.16291
eess.SP 2408.16315
eess.SP 2408.16377
eess.SP 2408.16455
eess.SP 2408.16532
eess.SP 2408.16573
eess.SP 2408.16622
eess.SP 2408.16703
eess.SP 2408.16707
eess.SP 2408.16194
eess.SP 2408.16239
eess.SP 2408.16347
eess.SP 2408.16399
eess.SP 2408.16401
eess.SP 2408.16415
eess.SP 2408.16464
eess.SP 2408.16605
eess.SP 2408.16606
eess.SP 2408.16710
eess.SP 2408.16728
physics.data-an 2408.11870
physics.data-an 2408.11872
physics.data-an 2408.12083
physics.data-an 2408.12271
physics.data-an 2408.12296
physics.data-an 2408.12072
physics.data-an 2408.12824
physics.data-an 2408.12839
physics.data-an 2408.13555
physics.data-an 2408.14296
physics.data-an 2408.15505
physics.data-an 2408.15755
physics.data-an 2408.15845
physics.data-an 2408.16010
nlin.SI 2408.11533
nlin.SI 2408.13700
nlin.SI 2408.13913
nlin.SI 2408.13973
nlin.SI 2408.14720
nlin.SI 2408.14924
nlin.SI 2408.15659
nlin.SI 2408.15897
nlin.SI 2408.15662
nlin.SI 2408.16554
nlin.SI 2408.16720
cond-mat.dis-nn 2408.12648
cond-mat.dis-nn 2408.12705
cond-mat.dis-nn 2408.12988
cond-mat.dis-nn 2408.13013
cond-mat.dis-nn 2408.13033
cond-mat.dis-nn 2408.13086
cond-mat.dis-nn 2408.12653
cond-mat.dis-nn 2408.12685
cond-mat.dis-nn 2408.12939
cond-mat.dis-nn 2408.14070
cond-mat.dis-nn 2408.14221
cond-mat.dis-nn 2408.13322
cond-mat.dis-nn 2408.13856
cond-mat.dis-nn 2408.14184
cond-mat.dis-nn 2408.14372
cond-mat.dis-nn 2408.15105
cond-mat.dis-nn 2408.15138
cond-mat.dis-nn 2408.14921
cond-mat.dis-nn 2408.15072
cond-mat.dis-nn 2408.15125
cond-mat.dis-nn 2408.15325
cond-mat.dis-nn 2408.15681
cond-mat.dis-nn 2408.15715
cond-mat.dis-nn 2408.15826
cond-mat.dis-nn 2408.16054
cond-mat.dis-nn 2408.16267
cond-mat.dis-nn 2408.16476
cond-mat.dis-nn 2408.16499
math.DS 2408.12988
math.DS 2408.12679
math.DS 2408.12688
math.DS 2408.12750
math.DS 2408.12771
math.DS 2408.12785
math.DS 2408.13228
math.DS 2408.13262
math.DS 2408.13336
math.DS 2408.13401
math.DS 2408.13477
math.DS 2408.13973
math.DS 2408.14147
math.DS 2408.14258
math.DS 2408.14440
math.DS 2408.13428
math.DS 2408.13804
math.DS 2408.13861
math.DS 2408.13921
math.DS 2408.13965
math.DS 2408.14079
math.DS 2408.14124
math.DS 2408.14191
math.DS 2408.14209
math.DS 2408.14296
math.DS 2408.14657
math.DS 2408.14720
math.DS 2408.15054
math.DS 2408.15208
math.DS 2408.14936
math.DS 2408.14981
math.DS 2408.15238
math.DS 2408.15344
math.DS 2408.15393
math.DS 2408.15456
math.DS 2408.15648
math.DS 2408.15683
math.DS 2408.15739
math.DS 2408.15804
math.DS 2408.15962
math.DS 2408.15981
math.DS 2408.15362
math.DS 2408.15400
math.DS 2408.15457
math.DS 2408.15946
math.DS 2408.16139
math.DS 2408.16172
math.DS 2408.16000
math.DS 2408.16001
math.DS 2408.16019
math.DS 2408.16114
math.DS 2408.16409
math.DS 2408.16618
physics.ins-det 2408.12735
physics.ins-det 2408.12891
physics.ins-det 2408.12725
physics.ins-det 2408.12744
physics.ins-det 2408.13652
physics.ins-det 2408.13343
physics.ins-det 2408.13380
physics.ins-det 2408.13433
physics.ins-det 2408.14071
physics.ins-det 2408.14688
physics.ins-det 2408.14754
physics.ins-det 2408.15069
physics.ins-det 2408.15142
physics.ins-det 2408.15755
physics.ins-det 2408.15851
physics.ins-det 2408.15959
physics.ins-det 2408.15290
physics.ins-det 2408.15385
physics.ins-det 2408.15430
physics.ins-det 2408.16178
physics.ins-det 2408.16184
physics.ins-det 2408.16678
physics.ins-det 2408.16037
physics.ins-det 2408.16093
physics.ins-det 2408.16165
physics.ins-det 2408.16405
physics.app-ph 2408.12704
physics.app-ph 2408.12738
physics.app-ph 2408.12972
physics.app-ph 2408.13095
physics.app-ph 2408.13116
physics.app-ph 2408.13129
physics.app-ph 2408.13151
physics.app-ph 2408.13249
physics.app-ph 2408.13590
physics.app-ph 2408.14054
physics.app-ph 2408.14239
physics.app-ph 2408.14318
physics.app-ph 2408.14451
physics.app-ph 2408.13429
physics.app-ph 2408.13485
physics.app-ph 2408.13916
physics.app-ph 2408.14168
physics.app-ph 2408.14363
physics.app-ph 2408.14489
physics.app-ph 2408.14571
physics.app-ph 2408.14655
physics.app-ph 2408.14679
physics.app-ph 2408.14902
physics.app-ph 2408.14905
physics.app-ph 2408.14953
physics.app-ph 2408.15139
physics.app-ph 2408.14482
physics.app-ph 2408.14486
physics.app-ph 2408.14580
physics.app-ph 2408.14894
physics.app-ph 2408.14912
physics.app-ph 2408.15140
physics.app-ph 2408.15323
physics.app-ph 2408.15594
physics.app-ph 2408.15791
physics.app-ph 2408.15795
physics.app-ph 2408.15818
physics.app-ph 2408.16059
physics.app-ph 2408.16165
physics.app-ph 2408.16194
physics.app-ph 2408.16231
physics.app-ph 2408.16323
physics.app-ph 2408.16405
physics.app-ph 2408.16492
physics.app-ph 2408.16611
physics.app-ph 2408.16663
physics.app-ph 2408.16697
physics.app-ph 2408.16366
physics.app-ph 2408.16408
physics.optics 2408.12627
physics.optics 2408.12700
physics.optics 2408.12972
physics.optics 2408.13061
physics.optics 2408.13079
physics.optics 2408.12768
physics.optics 2408.12773
physics.optics 2408.12824
physics.optics 2408.13011
physics.optics 2408.13066
physics.optics 2408.13129
physics.optics 2408.13151
physics.optics 2408.13218
physics.optics 2408.13354
physics.optics 2408.13570
physics.optics 2408.13590
physics.optics 2408.13660
physics.optics 2408.13671
physics.optics 2408.13782
physics.optics 2408.13793
physics.optics 2408.13882
physics.optics 2408.13894
physics.optics 2408.14162
physics.optics 2408.14451
physics.optics 2408.13445
physics.optics 2408.13476
physics.optics 2408.13513
physics.optics 2408.13583
physics.optics 2408.13640
physics.optics 2408.13677
physics.optics 2408.13789
physics.optics 2408.13865
physics.optics 2408.13927
physics.optics 2408.13993
physics.optics 2408.14054
physics.optics 2408.14138
physics.optics 2408.14376
physics.optics 2408.14486
physics.optics 2408.14782
physics.optics 2408.14798
physics.optics 2408.14902
physics.optics 2408.15142
physics.optics 2408.14634
physics.optics 2408.14651
physics.optics 2408.14679
physics.optics 2408.14852
physics.optics 2408.14859
physics.optics 2408.15051
physics.optics 2408.15139
physics.optics 2408.15169
physics.optics 2408.15134
physics.optics 2408.15464
physics.optics 2408.15691
physics.optics 2408.15791
physics.optics 2408.15446
physics.optics 2408.15483
physics.optics 2408.15522
physics.optics 2408.15727
physics.optics 2408.15738
physics.optics 2408.16171
physics.optics 2408.16329
physics.optics 2408.16413
physics.optics 2408.16476
physics.optics 2408.16226
physics.optics 2408.16231
physics.optics 2408.16290
physics.optics 2408.16302
physics.optics 2408.16342
physics.optics 2408.16678
physics.optics 2408.16688
physics.optics 2408.16746
physics.med-ph 2408.12706
physics.med-ph 2408.12921
physics.med-ph 2408.13789
physics.med-ph 2408.13945
physics.med-ph 2408.14342
physics.med-ph 2408.13408
physics.med-ph 2408.13975
physics.med-ph 2408.14522
physics.med-ph 2408.14607
physics.med-ph 2408.14645
physics.med-ph 2408.14754
physics.med-ph 2408.15522
physics.med-ph 2408.15426
physics.med-ph 2408.15673
physics.med-ph 2408.15736
physics.med-ph 2408.16317
physics.med-ph 2408.16413
physics.med-ph 2408.16496
physics.med-ph 2408.16659
q-fin.MF 2408.11257
q-fin.MF 2408.12553
q-fin.MF 2408.13048
q-fin.MF 2408.13266
q-fin.MF 2408.15416
econ.TH 2408.11146
econ.TH 2408.11224
econ.TH 2408.11445
econ.TH 2408.11504
econ.TH 2408.11199
econ.TH 2408.12553
econ.TH 2408.12001
econ.TH 2408.12225
econ.TH 2408.13822
econ.TH 2408.14263
econ.TH 2408.13580
econ.TH 2408.15033
econ.TH 2408.14949
econ.TH 2408.15196
econ.TH 2408.16015
