cs.CG 2407.09356
cs.CG 2407.09442
cs.CG 2407.09362
cs.CG 2407.10174
cs.CG 2407.10323
cs.CG 2407.11533
cs.CG 2407.12399
cs.CG 2407.13125
cs.CG 2407.13479
cs.FL 2407.08103
cs.FL 2407.08068
cs.FL 2407.08088
cs.FL 2407.08135
cs.FL 2407.08218
cs.FL 2407.08452
cs.FL 2407.08620
cs.FL 2407.09441
cs.FL 2407.10564
cs.FL 2407.09775
cs.FL 2407.09891
cs.FL 2407.10355
cs.FL 2407.11856
cs.FL 2407.13406
cs.DS 2407.08917
cs.DS 2407.08927
cs.DS 2407.08930
cs.DS 2407.09362
cs.DS 2407.09477
cs.DS 2407.08826
cs.DS 2407.08845
cs.DS 2407.09356
cs.DS 2407.09368
cs.DS 2407.09433
cs.DS 2407.09442
cs.DS 2407.09463
cs.DS 2407.09671
cs.DS 2407.10635
cs.DS 2407.09651
cs.DS 2407.09676
cs.DS 2407.09776
cs.DS 2407.10003
cs.DS 2407.10034
cs.DS 2407.10138
cs.DS 2407.10146
cs.DS 2407.10170
cs.DS 2407.10249
cs.DS 2407.10316
cs.DS 2407.10401
cs.DS 2407.10526
cs.DS 2407.10571
cs.DS 2407.10699
cs.DS 2407.10830
cs.DS 2407.10852
cs.DS 2407.10925
cs.DS 2407.11388
cs.DS 2407.11101
cs.DS 2407.11177
cs.DS 2407.11217
cs.DS 2407.11357
cs.DS 2407.11364
cs.DS 2407.11670
cs.DS 2407.11752
cs.DS 2407.11768
cs.DS 2407.11819
cs.DS 2407.11959
cs.DS 2407.12300
cs.DS 2407.12604
cs.DS 2407.12147
cs.DS 2407.12230
cs.DS 2407.12595
cs.DS 2407.12654
cs.DS 2407.13052
cs.DS 2407.12967
cs.DS 2407.13438
cs.GT 2407.08755
cs.GT 2407.08756
cs.GT 2407.09559
cs.GT 2407.09581
cs.GT 2407.10279
cs.GT 2407.10316
cs.GT 2407.10401
cs.GT 2407.09798
cs.GT 2407.10187
cs.GT 2407.10504
cs.GT 2407.11619
cs.GT 2407.11710
cs.GT 2407.11889
cs.GT 2407.11250
cs.GT 2407.11715
cs.GT 2407.11856
cs.GT 2407.11869
cs.GT 2407.11872
cs.GT 2406.03938
cs.GT 2407.12693
cs.GT 2407.12300
cs.GT 2407.12318
cs.GT 2407.12461
cs.GT 2407.12699
cs.GT 2407.13171
cs.GT 2407.13634
cs.GT 2407.13661
cs.GR 2310.04189
cs.GR 2407.08906
cs.GR 2407.09466
cs.GR 2312.02700
cs.GR 2407.09483
cs.GR 2407.09497
cs.GR 2407.09505
cs.GR 2407.09511
cs.GR 2407.09543
cs.GR 2407.09552
cs.GR 2407.09679
cs.GR 2407.10296
cs.GR 2407.10481
cs.GR 2407.10687
cs.GR 2407.10954
cs.GR 2407.10993
cs.GR 2407.11020
cs.GR 2407.11287
cs.GR 2407.11294
cs.GR 2407.11309
cs.GR 2407.11385
cs.GR 2407.11394
cs.GR 2407.11497
cs.GR 2407.11625
cs.GR 2407.11748
cs.GR 2407.11793
cs.GR 2407.11989
cs.GR 2407.11992
cs.GR 2407.11996
cs.GR 2407.12267
cs.GR 2407.12399
cs.GR 2407.12486
cs.GR 2407.12501
cs.GR 2407.12777
cs.GR 2407.12783
cs.GR 2407.12479
cs.GR 2407.12786
cs.GR 2407.12800
cs.GR 2407.12884
cs.GR 2407.13677
cs.GR 2407.13759
cs.DB 2407.08082
cs.DB 2407.09212
cs.DB 2407.09237
cs.DB 2407.08874
cs.DB 2407.09023
cs.DB 2407.09409
cs.DB 2407.09491
cs.DB 2407.09771
cs.DB 2407.10599
cs.DB 2407.10883
cs.DB 2407.09522
cs.DB 2407.09566
cs.DB 2407.09885
cs.DB 2407.10440
cs.DB 2407.10539
cs.DB 2407.10720
cs.DB 2407.11280
cs.DB 2407.11819
cs.DB 2407.11418
cs.DB 2407.11425
cs.DB 2407.11556
cs.DB 2407.11616
cs.DB 2407.11852
cs.DB 2407.13158
cs.DB 2407.13244
cs.DB 2407.13280
cs.DB 2407.13532
cs.DB 2407.12793
cs.DB 2407.12794
cs.DB 2407.12802
cs.DB 2407.13294
cs.AI 2407.08741
cs.AI 2407.08744
cs.AI 2407.08745
cs.AI 2407.08752
cs.AI 2407.08803
cs.AI 2407.08813
cs.AI 2407.08822
cs.AI 2407.08824
cs.AI 2407.08831
cs.AI 2407.08836
cs.AI 2407.08839
cs.AI 2407.08850
cs.AI 2407.08861
cs.AI 2407.08878
cs.AI 2407.08890
cs.AI 2407.08903
cs.AI 2407.08906
cs.AI 2407.08908
cs.AI 2407.08910
cs.AI 2407.08937
cs.AI 2407.08942
cs.AI 2407.08952
cs.AI 2407.08963
cs.AI 2407.08966
cs.AI 2407.08967
cs.AI 2407.08970
cs.AI 2407.08983
cs.AI 2407.08989
cs.AI 2407.08990
cs.AI 2407.08991
cs.AI 2407.09005
cs.AI 2407.09011
cs.AI 2407.09012
cs.AI 2407.09015
cs.AI 2407.09019
cs.AI 2407.09039
cs.AI 2407.09045
cs.AI 2407.09050
cs.AI 2407.09088
cs.AI 2407.09093
cs.AI 2407.09096
cs.AI 2407.09099
cs.AI 2407.09105
cs.AI 2407.09121
cs.AI 2407.09136
cs.AI 2407.09157
cs.AI 2407.09162
cs.AI 2407.09164
cs.AI 2407.09165
cs.AI 2407.09174
cs.AI 2407.09187
cs.AI 2407.09191
cs.AI 2407.09249
cs.AI 2407.09251
cs.AI 2407.09274
cs.AI 2407.09324
cs.AI 2407.09336
cs.AI 2407.09337
cs.AI 2407.09348
cs.AI 2407.09355
cs.AI 2407.09364
cs.AI 2407.09378
cs.AI 2407.09395
cs.AI 2407.09413
cs.AI 2407.09424
cs.AI 2407.09434
cs.AI 2407.09437
cs.AI 2407.09441
cs.AI 2407.09475
cs.AI 2407.08770
cs.AI 2407.08867
cs.AI 2407.08898
cs.AI 2407.08902
cs.AI 2407.08918
cs.AI 2407.08932
cs.AI 2407.08992
cs.AI 2407.09003
cs.AI 2407.09013
cs.AI 2407.09025
cs.AI 2407.09043
cs.AI 2407.09048
cs.AI 2407.09052
cs.AI 2407.09103
cs.AI 2407.09111
cs.AI 2407.09152
cs.AI 2407.09167
cs.AI 2407.09172
cs.AI 2407.09186
cs.AI 2407.09197
cs.AI 2407.09212
cs.AI 2407.09221
cs.AI 2407.09239
cs.AI 2407.09247
cs.AI 2407.09281
cs.AI 2407.09287
cs.AI 2407.09327
cs.AI 2407.09373
cs.AI 2407.09388
cs.AI 2407.09415
cs.AI 2407.09435
cs.AI 2407.09450
cs.AI 2407.09467
cs.AI 2312.02700
cs.AI 2406.08877
cs.AI 2407.07719
cs.AI 2407.09480
cs.AI 2407.09486
cs.AI 2407.09493
cs.AI 2407.09499
cs.AI 2407.09501
cs.AI 2407.09502
cs.AI 2407.09505
cs.AI 2407.09512
cs.AI 2407.09522
cs.AI 2407.09523
cs.AI 2407.09525
cs.AI 2407.09527
cs.AI 2407.09529
cs.AI 2407.09530
cs.AI 2407.09531
cs.AI 2407.09533
cs.AI 2407.09537
cs.AI 2407.09538
cs.AI 2407.09539
cs.AI 2407.09540
cs.AI 2407.09541
cs.AI 2407.09544
cs.AI 2407.09547
cs.AI 2407.09548
cs.AI 2407.09550
cs.AI 2407.09551
cs.AI 2407.09553
cs.AI 2407.09556
cs.AI 2407.09557
cs.AI 2407.09563
cs.AI 2407.09580
cs.AI 2407.09585
cs.AI 2407.09685
cs.AI 2407.09693
cs.AI 2407.09702
cs.AI 2407.09705
cs.AI 2407.09726
cs.AI 2407.09739
cs.AI 2407.09760
cs.AI 2407.09774
cs.AI 2407.09777
cs.AI 2407.09779
cs.AI 2407.09788
cs.AI 2407.09801
cs.AI 2407.09823
cs.AI 2407.09828
cs.AI 2407.09855
cs.AI 2407.09861
cs.AI 2407.09873
cs.AI 2407.09874
cs.AI 2407.09888
cs.AI 2407.09894
cs.AI 2407.09926
cs.AI 2407.09930
cs.AI 2407.09936
cs.AI 2407.09941
cs.AI 2407.09965
cs.AI 2407.09974
cs.AI 2407.09975
cs.AI 2407.09977
cs.AI 2407.09982
cs.AI 2407.09986
cs.AI 2407.09999
cs.AI 2407.10005
cs.AI 2407.10016
cs.AI 2407.10020
cs.AI 2407.10021
cs.AI 2407.10049
cs.AI 2407.10058
cs.AI 2407.10078
cs.AI 2407.10086
cs.AI 2407.10090
cs.AI 2407.10104
cs.AI 2407.10105
cs.AI 2407.10115
cs.AI 2407.10153
cs.AI 2407.10167
cs.AI 2407.10194
cs.AI 2407.10196
cs.AI 2407.10200
cs.AI 2407.10206
cs.AI 2407.10207
cs.AI 2407.10233
cs.AI 2407.10237
cs.AI 2407.10239
cs.AI 2407.10240
cs.AI 2407.10244
cs.AI 2407.10246
cs.AI 2407.10247
cs.AI 2407.10254
cs.AI 2407.10275
cs.AI 2407.10277
cs.AI 2407.10296
cs.AI 2407.10312
cs.AI 2407.10327
cs.AI 2407.10328
cs.AI 2407.10329
cs.AI 2407.10340
cs.AI 2407.10341
cs.AI 2407.10359
cs.AI 2407.10366
cs.AI 2407.10369
cs.AI 2407.10371
cs.AI 2407.10373
cs.AI 2407.10374
cs.AI 2407.10377
cs.AI 2407.10380
cs.AI 2407.10382
cs.AI 2407.10385
cs.AI 2407.10387
cs.AI 2407.10413
cs.AI 2407.10420
cs.AI 2407.10424
cs.AI 2407.10430
cs.AI 2407.10433
cs.AI 2407.10445
cs.AI 2407.10446
cs.AI 2407.10452
cs.AI 2407.10457
cs.AI 2407.10462
cs.AI 2407.10468
cs.AI 2407.10471
cs.AI 2407.10476
cs.AI 2407.10481
cs.AI 2407.10488
cs.AI 2407.10490
cs.AI 2407.10510
cs.AI 2407.10536
cs.AI 2407.10542
cs.AI 2407.10543
cs.AI 2407.10545
cs.AI 2407.10547
cs.AI 2407.10582
cs.AI 2407.10596
cs.AI 2407.10627
cs.AI 2407.10632
cs.AI 2407.10639
cs.AI 2407.10645
cs.AI 2407.10657
cs.AI 2407.10663
cs.AI 2407.10670
cs.AI 2407.10671
cs.AI 2407.10683
cs.AI 2407.10689
cs.AI 2407.10714
cs.AI 2407.10725
cs.AI 2407.10734
cs.AI 2407.10736
cs.AI 2407.10737
cs.AI 2407.10743
cs.AI 2407.10758
cs.AI 2407.10768
cs.AI 2407.10784
cs.AI 2407.10793
cs.AI 2407.10794
cs.AI 2407.10796
cs.AI 2407.10805
cs.AI 2407.10810
cs.AI 2407.10811
cs.AI 2407.10817
cs.AI 2407.10828
cs.AI 2407.10829
cs.AI 2407.10834
cs.AI 2407.10839
cs.AI 2407.10853
cs.AI 2407.10855
cs.AI 2407.10870
cs.AI 2407.10873
cs.AI 2407.10878
cs.AI 2407.10887
cs.AI 2407.10888
cs.AI 2407.10899
cs.AI 2407.10920
cs.AI 2407.10930
cs.AI 2407.10957
cs.AI 2407.10972
cs.AI 2407.09517
cs.AI 2407.09519
cs.AI 2407.09573
cs.AI 2407.09809
cs.AI 2407.09811
cs.AI 2407.09985
cs.AI 2407.10022
cs.AI 2407.10040
cs.AI 2407.10162
cs.AI 2407.10279
cs.AI 2407.10311
cs.AI 2407.10335
cs.AI 2407.10362
cs.AI 2407.10403
cs.AI 2407.10441
cs.AI 2407.10486
cs.AI 2407.10580
cs.AI 2407.10583
cs.AI 2407.10662
cs.AI 2407.10718
cs.AI 2407.10735
cs.AI 2407.10820
cs.AI 2407.10956
cs.AI 2407.10973
cs.AI 2407.10975
cs.AI 2407.10977
cs.AI 2407.10984
cs.AI 2407.10987
cs.AI 2407.10989
cs.AI 2407.10990
cs.AI 2407.10994
cs.AI 2407.10995
cs.AI 2407.10996
cs.AI 2407.10999
cs.AI 2407.11000
cs.AI 2407.11002
cs.AI 2407.11003
cs.AI 2407.11004
cs.AI 2407.11005
cs.AI 2407.11006
cs.AI 2407.11007
cs.AI 2407.11008
cs.AI 2407.11013
cs.AI 2407.11014
cs.AI 2407.11015
cs.AI 2407.11017
cs.AI 2407.11019
cs.AI 2407.11021
cs.AI 2407.11025
cs.AI 2407.11026
cs.AI 2407.11027
cs.AI 2407.11030
cs.AI 2407.11032
cs.AI 2407.11038
cs.AI 2407.11039
cs.AI 2407.11040
cs.AI 2407.11041
cs.AI 2407.11042
cs.AI 2407.11044
cs.AI 2407.11046
cs.AI 2407.11048
cs.AI 2407.11052
cs.AI 2407.11054
cs.AI 2407.11056
cs.AI 2407.11057
cs.AI 2407.11059
cs.AI 2407.11062
cs.AI 2407.11070
cs.AI 2407.11071
cs.AI 2407.11072
cs.AI 2407.11074
cs.AI 2407.11075
cs.AI 2407.11077
cs.AI 2407.11078
cs.AI 2407.11081
cs.AI 2407.11082
cs.AI 2407.11085
cs.AI 2407.11086
cs.AI 2407.11095
cs.AI 2407.11096
cs.AI 2407.11098
cs.AI 2407.11100
cs.AI 2407.11104
cs.AI 2407.11105
cs.AI 2407.11106
cs.AI 2407.11121
cs.AI 2407.11174
cs.AI 2407.11186
cs.AI 2407.11190
cs.AI 2407.11194
cs.AI 2407.11204
cs.AI 2407.11205
cs.AI 2407.11211
cs.AI 2407.11212
cs.AI 2407.11215
cs.AI 2407.11217
cs.AI 2407.11229
cs.AI 2407.11245
cs.AI 2407.11249
cs.AI 2407.11254
cs.AI 2407.11260
cs.AI 2407.11286
cs.AI 2407.11288
cs.AI 2407.11300
cs.AI 2407.11358
cs.AI 2407.11359
cs.AI 2407.11373
cs.AI 2407.11382
cs.AI 2407.11383
cs.AI 2407.11393
cs.AI 2407.11394
cs.AI 2407.11418
cs.AI 2407.11426
cs.AI 2407.11439
cs.AI 2407.11449
cs.AI 2407.11456
cs.AI 2407.11463
cs.AI 2407.11470
cs.AI 2407.11472
cs.AI 2407.11477
cs.AI 2407.11480
cs.AI 2407.11481
cs.AI 2407.11489
cs.AI 2407.11500
cs.AI 2407.11501
cs.AI 2407.11529
cs.AI 2407.11534
cs.AI 2407.11536
cs.AI 2407.11537
cs.AI 2407.11549
cs.AI 2407.11550
cs.AI 2407.11553
cs.AI 2407.11555
cs.AI 2407.11562
cs.AI 2407.11566
cs.AI 2407.11573
cs.AI 2407.11585
cs.AI 2407.11594
cs.AI 2407.11599
cs.AI 2407.11606
cs.AI 2407.11609
cs.AI 2407.11612
cs.AI 2407.11613
cs.AI 2407.11615
cs.AI 2407.11624
cs.AI 2407.11652
cs.AI 2407.11654
cs.AI 2407.11676
cs.AI 2407.11698
cs.AI 2407.11745
cs.AI 2407.11753
cs.AI 2407.11766
cs.AI 2407.11771
cs.AI 2407.11774
cs.AI 2407.11780
cs.AI 2407.11789
cs.AI 2407.11790
cs.AI 2407.11793
cs.AI 2407.11802
cs.AI 2407.11820
cs.AI 2407.11824
cs.AI 2407.11827
cs.AI 2407.11830
cs.AI 2407.11843
cs.AI 2407.11844
cs.AI 2407.11852
cs.AI 2407.11854
cs.AI 2407.11877
cs.AI 2407.11915
cs.AI 2407.11919
cs.AI 2407.11928
cs.AI 2407.11948
cs.AI 2407.11962
cs.AI 2407.11966
cs.AI 2407.11969
cs.AI 2407.10978
cs.AI 2407.11024
cs.AI 2407.11036
cs.AI 2407.11043
cs.AI 2407.11068
cs.AI 2407.11214
cs.AI 2407.11240
cs.AI 2407.11280
cs.AI 2407.11315
cs.AI 2407.11360
cs.AI 2407.11442
cs.AI 2407.11484
cs.AI 2407.11511
cs.AI 2407.11784
cs.AI 2407.11821
cs.AI 2407.11972
cs.AI 2407.11973
cs.AI 2407.11974
cs.AI 2407.11977
cs.AI 2407.11978
cs.AI 2407.11984
cs.AI 2407.11985
cs.AI 2407.11987
cs.AI 2407.11990
cs.AI 2407.11991
cs.AI 2407.11994
cs.AI 2407.12004
cs.AI 2407.12007
cs.AI 2407.12009
cs.AI 2407.12011
cs.AI 2407.12013
cs.AI 2407.12015
cs.AI 2407.12016
cs.AI 2407.12017
cs.AI 2407.12018
cs.AI 2407.12019
cs.AI 2407.12020
cs.AI 2407.12021
cs.AI 2407.12022
cs.AI 2407.12023
cs.AI 2407.12024
cs.AI 2407.12025
cs.AI 2407.12026
cs.AI 2407.12027
cs.AI 2407.12031
cs.AI 2407.12032
cs.AI 2407.12034
cs.AI 2407.12035
cs.AI 2407.12038
cs.AI 2407.12040
cs.AI 2407.12043
cs.AI 2407.12051
cs.AI 2407.12053
cs.AI 2407.12057
cs.AI 2407.12061
cs.AI 2407.12062
cs.AI 2407.12065
cs.AI 2407.12068
cs.AI 2407.12070
cs.AI 2407.12073
cs.AI 2407.12074
cs.AI 2407.12075
cs.AI 2407.12077
cs.AI 2407.12101
cs.AI 2407.12113
cs.AI 2407.12126
cs.AI 2407.12131
cs.AI 2407.12135
cs.AI 2407.12141
cs.AI 2407.12143
cs.AI 2407.12145
cs.AI 2407.12153
cs.AI 2407.12164
cs.AI 2407.12165
cs.AI 2407.12173
cs.AI 2407.12176
cs.AI 2407.12178
cs.AI 2407.12185
cs.AI 2407.12197
cs.AI 2407.12200
cs.AI 2407.12223
cs.AI 2407.12229
cs.AI 2407.12277
cs.AI 2407.12281
cs.AI 2407.12282
cs.AI 2407.12288
cs.AI 2407.12292
cs.AI 2407.12315
cs.AI 2407.12327
cs.AI 2407.12330
cs.AI 2407.12331
cs.AI 2407.12338
cs.AI 2407.12352
cs.AI 2407.12366
cs.AI 2407.12371
cs.AI 2407.12374
cs.AI 2407.12378
cs.AI 2407.12391
cs.AI 2407.12393
cs.AI 2407.12397
cs.AI 2407.12410
cs.AI 2407.12417
cs.AI 2407.12421
cs.AI 2407.12423
cs.AI 2407.12426
cs.AI 2407.12437
cs.AI 2407.12449
cs.AI 2407.12468
cs.AI 2407.12492
cs.AI 2407.12505
cs.AI 2407.12508
cs.AI 2407.12516
cs.AI 2407.12522
cs.AI 2407.12532
cs.AI 2407.12543
cs.AI 2407.12576
cs.AI 2407.12579
cs.AI 2407.12581
cs.AI 2407.12582
cs.AI 2407.12588
cs.AI 2407.12599
cs.AI 2407.12605
cs.AI 2407.12609
cs.AI 2407.12616
cs.AI 2407.12620
cs.AI 2407.12629
cs.AI 2407.12642
cs.AI 2407.12647
cs.AI 2407.12663
cs.AI 2407.12665
cs.AI 2407.12669
cs.AI 2407.12671
cs.AI 2407.12687
cs.AI 2407.12690
cs.AI 2407.12702
cs.AI 2407.12710
cs.AI 2407.12724
cs.AI 2407.12730
cs.AI 2407.12736
cs.AI 2407.12753
cs.AI 2407.12773
cs.AI 2407.12161
cs.AI 2407.12357
cs.AI 2407.12528
cs.AI 2305.00769
cs.AI 2407.12787
cs.AI 2407.12788
cs.AI 2407.12789
cs.AI 2407.12791
cs.AI 2407.12793
cs.AI 2407.12802
cs.AI 2407.12803
cs.AI 2407.12804
cs.AI 2407.12807
cs.AI 2407.12808
cs.AI 2407.12812
cs.AI 2407.12813
cs.AI 2407.12814
cs.AI 2407.12816
cs.AI 2407.12818
cs.AI 2407.12820
cs.AI 2407.12821
cs.AI 2407.12822
cs.AI 2407.12823
cs.AI 2407.12824
cs.AI 2407.12825
cs.AI 2407.12826
cs.AI 2407.12828
cs.AI 2407.12830
cs.AI 2407.12831
cs.AI 2407.12835
cs.AI 2407.12836
cs.AI 2407.12841
cs.AI 2407.12842
cs.AI 2407.12843
cs.AI 2407.12847
cs.AI 2407.12848
cs.AI 2407.12852
cs.AI 2407.12853
cs.AI 2407.12854
cs.AI 2407.12855
cs.AI 2407.12856
cs.AI 2407.12858
cs.AI 2407.12859
cs.AI 2407.12860
cs.AI 2407.12861
cs.AI 2407.12862
cs.AI 2407.12863
cs.AI 2407.12865
cs.AI 2407.12866
cs.AI 2407.12869
cs.AI 2407.12871
cs.AI 2407.12874
cs.AI 2407.12875
cs.AI 2407.12876
cs.AI 2407.12877
cs.AI 2407.12878
cs.AI 2407.12879
cs.AI 2407.12880
cs.AI 2407.12881
cs.AI 2407.12882
cs.AI 2407.12883
cs.AI 2407.12884
cs.AI 2407.12886
cs.AI 2407.12888
cs.AI 2407.12893
cs.AI 2407.12894
cs.AI 2407.12899
cs.AI 2407.12929
cs.AI 2407.12943
cs.AI 2407.12964
cs.AI 2407.12973
cs.AI 2407.12980
cs.AI 2407.12994
cs.AI 2407.12999
cs.AI 2407.13000
cs.AI 2407.13006
cs.AI 2407.13013
cs.AI 2407.13025
cs.AI 2407.13036
cs.AI 2407.13044
cs.AI 2407.13053
cs.AI 2407.13059
cs.AI 2407.13067
cs.AI 2407.13070
cs.AI 2407.13078
cs.AI 2407.13101
cs.AI 2407.13105
cs.AI 2407.13112
cs.AI 2407.13122
cs.AI 2407.13146
cs.AI 2407.13157
cs.AI 2407.13163
cs.AI 2407.13164
cs.AI 2407.13170
cs.AI 2407.13182
cs.AI 2407.13194
cs.AI 2407.13195
cs.AI 2407.13218
cs.AI 2407.13241
cs.AI 2407.13264
cs.AI 2407.13285
cs.AI 2407.13301
cs.AI 2407.13320
cs.AI 2407.13377
cs.AI 2407.13408
cs.AI 2407.13419
cs.AI 2407.13427
cs.AI 2407.13429
cs.AI 2407.13431
cs.AI 2407.13439
cs.AI 2407.13463
cs.AI 2407.13480
cs.AI 2407.13490
cs.AI 2407.13492
cs.AI 2407.13493
cs.AI 2407.13505
cs.AI 2407.13524
cs.AI 2407.13535
cs.AI 2407.13559
cs.AI 2407.13578
cs.AI 2407.13597
cs.AI 2407.13609
cs.AI 2407.13621
cs.AI 2407.13622
cs.AI 2407.13623
cs.AI 2407.13638
cs.AI 2407.13647
cs.AI 2407.13677
cs.AI 2407.13680
cs.AI 2407.13685
cs.AI 2407.13689
cs.AI 2407.13690
cs.AI 2407.13699
cs.AI 2407.13700
cs.AI 2407.13710
cs.AI 2407.13711
cs.AI 2407.13717
cs.AI 2407.13734
cs.AI 2407.13742
cs.AI 2407.13744
cs.AI 2407.13751
cs.AI 2407.13757
cs.AI 2407.13760
cs.AI 2407.13765
cs.AI 2407.12950
cs.AI 2407.13023
cs.AI 2407.13032
cs.AI 2407.13054
cs.AI 2407.13089
cs.AI 2407.13091
cs.AI 2407.13113
cs.AI 2407.13168
cs.AI 2407.13237
cs.AI 2407.13268
cs.AI 2407.13313
cs.AI 2407.13399
cs.AI 2407.13739
cs.AR 2407.08903
cs.AR 2407.09453
cs.AR 2407.08797
cs.AR 2407.08975
cs.AR 2407.08990
cs.AR 2407.09180
cs.AR 2407.09980
cs.AR 2407.09995
cs.AR 2407.10098
cs.AR 2407.10237
cs.AR 2407.10810
cs.AR 2407.10290
cs.AR 2407.10312
cs.AR 2407.10317
cs.AR 2407.10416
cs.AR 2407.10466
cs.AR 2407.11071
cs.AR 2407.11790
cs.AR 2407.11324
cs.AR 2407.12282
cs.AR 2407.12352
cs.AR 2407.12541
cs.AR 2407.12695
cs.AR 2407.12736
cs.AR 2407.11999
cs.AR 2407.12027
cs.AR 2407.12029
cs.AR 2407.12037
cs.AR 2407.12232
cs.AR 2407.12378
cs.AR 2407.12565
cs.AR 2407.12575
cs.AR 2407.12576
cs.AR 2407.12638
cs.AR 2407.13143
cs.AR 2407.13572
cs.AR 2407.12829
cs.DM 2407.08927
cs.DM 2407.09000
cs.DM 2407.09477
cs.DM 2407.09676
cs.DM 2407.09796
cs.DM 2407.09954
cs.DM 2407.10034
cs.DM 2407.10174
cs.DM 2407.10556
cs.DM 2407.10564
cs.DM 2407.10595
cs.DM 2407.10635
cs.DM 2407.10640
cs.DM 2407.10569
cs.DM 2407.10790
cs.DM 2407.11357
cs.DM 2407.11752
cs.DM 2407.12045
cs.DM 2407.12230
cs.DM 2407.12300
cs.DM 2407.12961
cs.DM 2407.13114
cs.DM 2407.13208
cs.DM 2407.13570
cs.DC 2407.09142
cs.DC 2407.08980
cs.DC 2407.09077
cs.DC 2407.09536
cs.DC 2407.09994
cs.DC 2407.10098
cs.DC 2407.09486
cs.DC 2407.09491
cs.DC 2407.09714
cs.DC 2407.10169
cs.DC 2407.10173
cs.DC 2407.10397
cs.DC 2407.10640
cs.DC 2407.10985
cs.DC 2407.11061
cs.DC 2407.11091
cs.DC 2407.11308
cs.DC 2407.11454
cs.DC 2407.11483
cs.DC 2407.11531
cs.DC 2407.11742
cs.DC 2407.11762
cs.DC 2407.11763
cs.DC 2407.11798
cs.DC 2407.11807
cs.DC 2407.11260
cs.DC 2407.11302
cs.DC 2407.11388
cs.DC 2407.11432
cs.DC 2407.11488
cs.DC 2407.11582
cs.DC 2407.11830
cs.DC 2407.11967
cs.DC 2407.12117
cs.DC 2407.12134
cs.DC 2407.12150
cs.DC 2407.12165
cs.DC 2407.12172
cs.DC 2407.12008
cs.DC 2407.12011
cs.DC 2407.12248
cs.DC 2407.12391
cs.DC 2407.12558
cs.DC 2407.12605
cs.DC 2407.12623
cs.DC 2407.12729
cs.DC 2407.12980
cs.DC 2407.13123
cs.DC 2407.13143
cs.DC 2407.12819
cs.DC 2407.13001
cs.DC 2407.13018
cs.DC 2407.13088
cs.DC 2407.13126
cs.DC 2407.13618
cs.DC 2407.13658
cs.DC 2407.13712
cs.HC 2407.08867
cs.HC 2407.08877
cs.HC 2407.09231
cs.HC 2407.09364
cs.HC 2407.09365
cs.HC 2407.08740
cs.HC 2407.08741
cs.HC 2407.08850
cs.HC 2407.08853
cs.HC 2407.08882
cs.HC 2407.08897
cs.HC 2407.09110
cs.HC 2407.09147
cs.HC 2407.09322
cs.HC 2407.09481
cs.HC 2407.09494
cs.HC 2407.09503
cs.HC 2407.09509
cs.HC 2407.09538
cs.HC 2407.09673
cs.HC 2407.09811
cs.HC 2407.09974
cs.HC 2407.10246
cs.HC 2407.10340
cs.HC 2407.10368
cs.HC 2407.10546
cs.HC 2407.10652
cs.HC 2407.10662
cs.HC 2407.10870
cs.HC 2407.10883
cs.HC 2407.09484
cs.HC 2407.09485
cs.HC 2407.09492
cs.HC 2407.09493
cs.HC 2407.09500
cs.HC 2407.09508
cs.HC 2407.09512
cs.HC 2407.09516
cs.HC 2407.09528
cs.HC 2407.09559
cs.HC 2407.09661
cs.HC 2407.09721
cs.HC 2407.09736
cs.HC 2407.09911
cs.HC 2407.10053
cs.HC 2407.10094
cs.HC 2407.10334
cs.HC 2407.10412
cs.HC 2407.10791
cs.HC 2407.10874
cs.HC 2407.10989
cs.HC 2407.10994
cs.HC 2407.10996
cs.HC 2407.11000
cs.HC 2407.11013
cs.HC 2407.11204
cs.HC 2407.11229
cs.HC 2407.11442
cs.HC 2407.11625
cs.HC 2407.11671
cs.HC 2407.11823
cs.HC 2407.11198
cs.HC 2407.11205
cs.HC 2407.11218
cs.HC 2407.11225
cs.HC 2407.11387
cs.HC 2407.11396
cs.HC 2407.11467
cs.HC 2407.11497
cs.HC 2407.11612
cs.HC 2407.11748
cs.HC 2407.11837
cs.HC 2407.12004
cs.HC 2407.12015
cs.HC 2407.12043
cs.HC 2407.12105
cs.HC 2407.12315
cs.HC 2407.12355
cs.HC 2407.12357
cs.HC 2407.12543
cs.HC 2407.12739
cs.HC 2407.11972
cs.HC 2407.11973
cs.HC 2407.11974
cs.HC 2407.11975
cs.HC 2407.11977
cs.HC 2407.11978
cs.HC 2407.11979
cs.HC 2407.11980
cs.HC 2407.11981
cs.HC 2407.11983
cs.HC 2407.11984
cs.HC 2407.11985
cs.HC 2407.11987
cs.HC 2407.11989
cs.HC 2407.11990
cs.HC 2407.11991
cs.HC 2407.11992
cs.HC 2407.11994
cs.HC 2407.11995
cs.HC 2407.11996
cs.HC 2407.11997
cs.HC 2407.11998
cs.HC 2407.12003
cs.HC 2407.12007
cs.HC 2407.12014
cs.HC 2407.12024
cs.HC 2407.12025
cs.HC 2407.12032
cs.HC 2407.12035
cs.HC 2407.12050
cs.HC 2407.12061
cs.HC 2407.12192
cs.HC 2407.12260
cs.HC 2407.12272
cs.HC 2407.12388
cs.HC 2407.12407
cs.HC 2407.12423
cs.HC 2407.12454
cs.HC 2407.12486
cs.HC 2407.12487
cs.HC 2407.12613
cs.HC 2407.12723
cs.HC 2407.12801
cs.HC 2407.12847
cs.HC 2407.12861
cs.HC 2407.12884
cs.HC 2407.12896
cs.HC 2407.13195
cs.HC 2407.13240
cs.HC 2407.13266
cs.HC 2407.13415
cs.HC 2407.12786
cs.HC 2407.12787
cs.HC 2407.12795
cs.HC 2407.12800
cs.HC 2407.12804
cs.HC 2407.12807
cs.HC 2407.12809
cs.HC 2407.13067
cs.HC 2407.13107
cs.HC 2407.13131
cs.HC 2407.13166
cs.HC 2407.13408
cs.HC 2407.13515
cs.HC 2407.13598
cs.HC 2407.13701
cs.CV 2407.08811
cs.CV 2407.08813
cs.CV 2407.08822
cs.CV 2407.08839
cs.CV 2407.08855
cs.CV 2407.08878
cs.CV 2407.08947
cs.CV 2407.08948
cs.CV 2407.08961
cs.CV 2407.09029
cs.CV 2407.09030
cs.CV 2407.09035
cs.CV 2407.09050
cs.CV 2407.09087
cs.CV 2407.09088
cs.CV 2407.09094
cs.CV 2407.09120
cs.CV 2407.09172
cs.CV 2407.09189
cs.CV 2407.09268
cs.CV 2407.09413
cs.CV 2407.09437
cs.CV 2407.09475
cs.CV 2407.08787
cs.CV 2407.08795
cs.CV 2407.08800
cs.CV 2407.08801
cs.CV 2407.08852
cs.CV 2407.08865
cs.CV 2407.08872
cs.CV 2407.08876
cs.CV 2407.08883
cs.CV 2407.08885
cs.CV 2407.08906
cs.CV 2407.08908
cs.CV 2407.08909
cs.CV 2407.08931
cs.CV 2407.08939
cs.CV 2407.08944
cs.CV 2407.08949
cs.CV 2407.08950
cs.CV 2407.08965
cs.CV 2407.08966
cs.CV 2407.08968
cs.CV 2407.08971
cs.CV 2407.08972
cs.CV 2407.08993
cs.CV 2407.08994
cs.CV 2407.09005
cs.CV 2407.09012
cs.CV 2407.09026
cs.CV 2407.09033
cs.CV 2407.09047
cs.CV 2407.09051
cs.CV 2407.09057
cs.CV 2407.09059
cs.CV 2407.09073
cs.CV 2407.09115
cs.CV 2407.09150
cs.CV 2407.09159
cs.CV 2407.09174
cs.CV 2407.09191
cs.CV 2407.09192
cs.CV 2407.09215
cs.CV 2407.09216
cs.CV 2407.09230
cs.CV 2407.09236
cs.CV 2407.09248
cs.CV 2407.09271
cs.CV 2407.09285
cs.CV 2407.09288
cs.CV 2407.09294
cs.CV 2407.09299
cs.CV 2407.09303
cs.CV 2407.09344
cs.CV 2407.09352
cs.CV 2407.09359
cs.CV 2407.09367
cs.CV 2407.09372
cs.CV 2407.09379
cs.CV 2407.09386
cs.CV 2407.09392
cs.CV 2407.09431
cs.CV 2407.09473
cs.CV 2407.09490
cs.CV 2407.09495
cs.CV 2407.09540
cs.CV 2407.09541
cs.CV 2407.09544
cs.CV 2407.09561
cs.CV 2407.09717
cs.CV 2407.09801
cs.CV 2407.09828
cs.CV 2407.09911
cs.CV 2407.09918
cs.CV 2407.09999
cs.CV 2407.10157
cs.CV 2407.10251
cs.CV 2407.10311
cs.CV 2407.10325
cs.CV 2407.10327
cs.CV 2407.10336
cs.CV 2407.10373
cs.CV 2407.10377
cs.CV 2407.10385
cs.CV 2407.10387
cs.CV 2407.10427
cs.CV 2407.10494
cs.CV 2407.10495
cs.CV 2407.10537
cs.CV 2407.10545
cs.CV 2407.10630
cs.CV 2407.10632
cs.CV 2407.10639
cs.CV 2407.10681
cs.CV 2407.10785
cs.CV 2407.10796
cs.CV 2407.10825
cs.CV 2407.10833
cs.CV 2407.10856
cs.CV 2407.10874
cs.CV 2407.10888
cs.CV 2407.10921
cs.CV 2407.10926
cs.CV 2407.10943
cs.CV 2407.09494
cs.CV 2407.09497
cs.CV 2407.09498
cs.CV 2407.09499
cs.CV 2407.09503
cs.CV 2407.09504
cs.CV 2407.09505
cs.CV 2407.09510
cs.CV 2407.09511
cs.CV 2407.09518
cs.CV 2407.09520
cs.CV 2407.09521
cs.CV 2407.09523
cs.CV 2407.09524
cs.CV 2407.09525
cs.CV 2407.09527
cs.CV 2407.09529
cs.CV 2407.09530
cs.CV 2407.09533
cs.CV 2407.09535
cs.CV 2407.09537
cs.CV 2407.09539
cs.CV 2407.09547
cs.CV 2407.09548
cs.CV 2407.09549
cs.CV 2407.09550
cs.CV 2407.09551
cs.CV 2407.09552
cs.CV 2407.09553
cs.CV 2407.09556
cs.CV 2407.09562
cs.CV 2407.09578
cs.CV 2407.09580
cs.CV 2407.09646
cs.CV 2407.09648
cs.CV 2407.09672
cs.CV 2407.09679
cs.CV 2407.09686
cs.CV 2407.09687
cs.CV 2407.09694
cs.CV 2407.09697
cs.CV 2407.09705
cs.CV 2407.09718
cs.CV 2407.09733
cs.CV 2407.09751
cs.CV 2407.09760
cs.CV 2407.09768
cs.CV 2407.09774
cs.CV 2407.09779
cs.CV 2407.09781
cs.CV 2407.09786
cs.CV 2407.09787
cs.CV 2407.09788
cs.CV 2407.09797
cs.CV 2407.09806
cs.CV 2407.09822
cs.CV 2407.09826
cs.CV 2407.09833
cs.CV 2407.09838
cs.CV 2407.09842
cs.CV 2407.09853
cs.CV 2407.09857
cs.CV 2407.09862
cs.CV 2407.09874
cs.CV 2407.09892
cs.CV 2407.09896
cs.CV 2407.09913
cs.CV 2407.09919
cs.CV 2407.09920
cs.CV 2407.09924
cs.CV 2407.09935
cs.CV 2407.09946
cs.CV 2407.09965
cs.CV 2407.09966
cs.CV 2407.09979
cs.CV 2407.10011
cs.CV 2407.10016
cs.CV 2407.10029
cs.CV 2407.10044
cs.CV 2407.10047
cs.CV 2407.10052
cs.CV 2407.10061
cs.CV 2407.10062
cs.CV 2407.10077
cs.CV 2407.10083
cs.CV 2407.10084
cs.CV 2407.10099
cs.CV 2407.10102
cs.CV 2407.10104
cs.CV 2407.10105
cs.CV 2407.10121
cs.CV 2407.10125
cs.CV 2407.10131
cs.CV 2407.10135
cs.CV 2407.10137
cs.CV 2407.10142
cs.CV 2407.10151
cs.CV 2407.10159
cs.CV 2407.10164
cs.CV 2407.10172
cs.CV 2407.10179
cs.CV 2407.10180
cs.CV 2407.10181
cs.CV 2407.10193
cs.CV 2407.10195
cs.CV 2407.10197
cs.CV 2407.10200
cs.CV 2407.10209
cs.CV 2407.10220
cs.CV 2407.10226
cs.CV 2407.10228
cs.CV 2407.10233
cs.CV 2407.10267
cs.CV 2407.10274
cs.CV 2407.10277
cs.CV 2407.10281
cs.CV 2407.10285
cs.CV 2407.10299
cs.CV 2407.10318
cs.CV 2407.10330
cs.CV 2407.10348
cs.CV 2407.10366
cs.CV 2407.10374
cs.CV 2407.10380
cs.CV 2407.10389
cs.CV 2407.10399
cs.CV 2407.10406
cs.CV 2407.10413
cs.CV 2407.10414
cs.CV 2407.10419
cs.CV 2407.10433
cs.CV 2407.10439
cs.CV 2407.10445
cs.CV 2407.10459
cs.CV 2407.10476
cs.CV 2407.10482
cs.CV 2407.10484
cs.CV 2407.10485
cs.CV 2407.10487
cs.CV 2407.10528
cs.CV 2407.10534
cs.CV 2407.10536
cs.CV 2407.10542
cs.CV 2407.10543
cs.CV 2407.10550
cs.CV 2407.10558
cs.CV 2407.10559
cs.CV 2407.10563
cs.CV 2407.10567
cs.CV 2407.10574
cs.CV 2407.10575
cs.CV 2407.10586
cs.CV 2407.10590
cs.CV 2407.10592
cs.CV 2407.10596
cs.CV 2407.10625
cs.CV 2407.10636
cs.CV 2407.10641
cs.CV 2407.10649
cs.CV 2407.10655
cs.CV 2407.10663
cs.CV 2407.10683
cs.CV 2407.10687
cs.CV 2407.10694
cs.CV 2407.10695
cs.CV 2407.10696
cs.CV 2407.10703
cs.CV 2407.10704
cs.CV 2407.10707
cs.CV 2407.10709
cs.CV 2407.10723
cs.CV 2407.10730
cs.CV 2407.10733
cs.CV 2407.10736
cs.CV 2407.10737
cs.CV 2407.10738
cs.CV 2407.10749
cs.CV 2407.10753
cs.CV 2407.10754
cs.CV 2407.10756
cs.CV 2407.10762
cs.CV 2407.10802
cs.CV 2407.10803
cs.CV 2407.10806
cs.CV 2407.10810
cs.CV 2407.10814
cs.CV 2407.10831
cs.CV 2407.10860
cs.CV 2407.10862
cs.CV 2407.10870
cs.CV 2407.10876
cs.CV 2407.10902
cs.CV 2407.10910
cs.CV 2407.10918
cs.CV 2407.10920
cs.CV 2407.10923
cs.CV 2407.10935
cs.CV 2407.10937
cs.CV 2407.10947
cs.CV 2407.10957
cs.CV 2407.10958
cs.CV 2407.10964
cs.CV 2407.10972
cs.CV 2407.11008
cs.CV 2407.11011
cs.CV 2407.11013
cs.CV 2407.11037
cs.CV 2407.11073
cs.CV 2407.11078
cs.CV 2407.11084
cs.CV 2407.11087
cs.CV 2407.11224
cs.CV 2407.11229
cs.CV 2407.11288
cs.CV 2407.11299
cs.CV 2407.11316
cs.CV 2407.11372
cs.CV 2407.11405
cs.CV 2407.11451
cs.CV 2407.11496
cs.CV 2407.11500
cs.CV 2407.11529
cs.CV 2407.11541
cs.CV 2407.11590
cs.CV 2407.11666
cs.CV 2407.11685
cs.CV 2407.11698
cs.CV 2407.11735
cs.CV 2407.11736
cs.CV 2407.11748
cs.CV 2407.11763
cs.CV 2407.11784
cs.CV 2407.11855
cs.CV 2407.11865
cs.CV 2407.11121
cs.CV 2407.11141
cs.CV 2407.11162
cs.CV 2407.11168
cs.CV 2407.11174
cs.CV 2407.11181
cs.CV 2407.11188
cs.CV 2407.11204
cs.CV 2407.11211
cs.CV 2407.11213
cs.CV 2407.11216
cs.CV 2407.11219
cs.CV 2407.11238
cs.CV 2407.11243
cs.CV 2407.11266
cs.CV 2407.11272
cs.CV 2407.11275
cs.CV 2407.11292
cs.CV 2407.11294
cs.CV 2407.11300
cs.CV 2407.11306
cs.CV 2407.11309
cs.CV 2407.11321
cs.CV 2407.11325
cs.CV 2407.11335
cs.CV 2407.11337
cs.CV 2407.11343
cs.CV 2407.11344
cs.CV 2407.11347
cs.CV 2407.11348
cs.CV 2407.11351
cs.CV 2407.11356
cs.CV 2407.11375
cs.CV 2407.11379
cs.CV 2407.11380
cs.CV 2407.11381
cs.CV 2407.11382
cs.CV 2407.11383
cs.CV 2407.11393
cs.CV 2407.11394
cs.CV 2407.11398
cs.CV 2407.11401
cs.CV 2407.11414
cs.CV 2407.11419
cs.CV 2407.11422
cs.CV 2407.11424
cs.CV 2407.11431
cs.CV 2407.11433
cs.CV 2407.11448
cs.CV 2407.11449
cs.CV 2407.11464
cs.CV 2407.11468
cs.CV 2407.11486
cs.CV 2407.11487
cs.CV 2407.11494
cs.CV 2407.11499
cs.CV 2407.11502
cs.CV 2407.11503
cs.CV 2407.11505
cs.CV 2407.11514
cs.CV 2407.11522
cs.CV 2407.11532
cs.CV 2407.11537
cs.CV 2407.11546
cs.CV 2407.11555
cs.CV 2407.11564
cs.CV 2407.11566
cs.CV 2407.11569
cs.CV 2407.11573
cs.CV 2407.11578
cs.CV 2407.11585
cs.CV 2407.11588
cs.CV 2407.11594
cs.CV 2407.11610
cs.CV 2407.11625
cs.CV 2407.11633
cs.CV 2407.11637
cs.CV 2407.11644
cs.CV 2407.11650
cs.CV 2407.11652
cs.CV 2407.11663
cs.CV 2407.11664
cs.CV 2407.11668
cs.CV 2407.11677
cs.CV 2407.11682
cs.CV 2407.11683
cs.CV 2407.11691
cs.CV 2407.11699
cs.CV 2407.11700
cs.CV 2407.11701
cs.CV 2407.11714
cs.CV 2407.11717
cs.CV 2407.11730
cs.CV 2407.11743
cs.CV 2407.11750
cs.CV 2407.11753
cs.CV 2407.11771
cs.CV 2407.11781
cs.CV 2407.11793
cs.CV 2407.11802
cs.CV 2407.11814
cs.CV 2407.11820
cs.CV 2407.11840
cs.CV 2407.11850
cs.CV 2407.11859
cs.CV 2407.11890
cs.CV 2407.11895
cs.CV 2407.11902
cs.CV 2407.11906
cs.CV 2407.11910
cs.CV 2407.11913
cs.CV 2407.11921
cs.CV 2407.11935
cs.CV 2407.11936
cs.CV 2407.11941
cs.CV 2407.11946
cs.CV 2407.11950
cs.CV 2407.11954
cs.CV 2407.11962
cs.CV 2407.11965
cs.CV 2407.11966
cs.CV 2407.12000
cs.CV 2407.12002
cs.CV 2407.12005
cs.CV 2407.12013
cs.CV 2407.12036
cs.CV 2407.12064
cs.CV 2407.12128
cs.CV 2407.12184
cs.CV 2407.12240
cs.CV 2407.12279
cs.CV 2407.12287
cs.CV 2407.12399
cs.CV 2407.12401
cs.CV 2407.12405
cs.CV 2407.12408
cs.CV 2407.12443
cs.CV 2407.12474
cs.CV 2407.12479
cs.CV 2407.12492
cs.CV 2407.12498
cs.CV 2407.12508
cs.CV 2407.12538
cs.CV 2407.12553
cs.CV 2407.12580
cs.CV 2407.12581
cs.CV 2407.12599
cs.CV 2407.12772
cs.CV 2407.12782
cs.CV 2407.12009
cs.CV 2407.12040
cs.CV 2407.12055
cs.CV 2407.12066
cs.CV 2407.12067
cs.CV 2407.12069
cs.CV 2407.12073
cs.CV 2407.12121
cs.CV 2407.12138
cs.CV 2407.12164
cs.CV 2407.12173
cs.CV 2407.12188
cs.CV 2407.12207
cs.CV 2407.12210
cs.CV 2407.12214
cs.CV 2407.12217
cs.CV 2407.12239
cs.CV 2407.12255
cs.CV 2407.12256
cs.CV 2407.12257
cs.CV 2407.12258
cs.CV 2407.12267
cs.CV 2407.12271
cs.CV 2407.12273
cs.CV 2407.12274
cs.CV 2407.12276
cs.CV 2407.12291
cs.CV 2407.12292
cs.CV 2407.12294
cs.CV 2407.12295
cs.CV 2407.12306
cs.CV 2407.12307
cs.CV 2407.12312
cs.CV 2407.12315
cs.CV 2407.12317
cs.CV 2407.12319
cs.CV 2407.12322
cs.CV 2407.12329
cs.CV 2407.12331
cs.CV 2407.12339
cs.CV 2407.12345
cs.CV 2407.12346
cs.CV 2407.12354
cs.CV 2407.12356
cs.CV 2407.12358
cs.CV 2407.12366
cs.CV 2407.12371
cs.CV 2407.12375
cs.CV 2407.12383
cs.CV 2407.12387
cs.CV 2407.12390
cs.CV 2407.12395
cs.CV 2407.12427
cs.CV 2407.12431
cs.CV 2407.12435
cs.CV 2407.12442
cs.CV 2407.12446
cs.CV 2407.12449
cs.CV 2407.12463
cs.CV 2407.12483
cs.CV 2407.12489
cs.CV 2407.12491
cs.CV 2407.12501
cs.CV 2407.12511
cs.CV 2407.12519
cs.CV 2407.12568
cs.CV 2407.12579
cs.CV 2407.12582
cs.CV 2407.12588
cs.CV 2407.12589
cs.CV 2407.12592
cs.CV 2407.12593
cs.CV 2407.12594
cs.CV 2407.12597
cs.CV 2407.12609
cs.CV 2407.12611
cs.CV 2407.12614
cs.CV 2407.12616
cs.CV 2407.12622
cs.CV 2407.12630
cs.CV 2407.12632
cs.CV 2407.12637
cs.CV 2407.12642
cs.CV 2407.12647
cs.CV 2407.12661
cs.CV 2407.12667
cs.CV 2407.12669
cs.CV 2407.12676
cs.CV 2407.12679
cs.CV 2407.12682
cs.CV 2407.12684
cs.CV 2407.12697
cs.CV 2407.12702
cs.CV 2407.12705
cs.CV 2407.12709
cs.CV 2407.12718
cs.CV 2407.12724
cs.CV 2407.12727
cs.CV 2407.12730
cs.CV 2407.12735
cs.CV 2407.12736
cs.CV 2407.12739
cs.CV 2407.12753
cs.CV 2407.12758
cs.CV 2407.12773
cs.CV 2407.12777
cs.CV 2407.12781
cs.CV 2407.12783
cs.CV 2407.12792
cs.CV 2407.12858
cs.CV 2407.12884
cs.CV 2407.12940
cs.CV 2407.12950
cs.CV 2407.13083
cs.CV 2407.13090
cs.CV 2407.13092
cs.CV 2407.13111
cs.CV 2407.13132
cs.CV 2407.13151
cs.CV 2407.13162
cs.CV 2407.13179
cs.CV 2407.13183
cs.CV 2407.13210
cs.CV 2407.13277
cs.CV 2407.13307
cs.CV 2407.13545
cs.CV 2407.13567
cs.CV 2407.13676
cs.CV 2407.13689
cs.CV 2407.13706
cs.CV 2407.12788
cs.CV 2407.12798
cs.CV 2407.12803
cs.CV 2407.12805
cs.CV 2407.12808
cs.CV 2407.12875
cs.CV 2407.12889
cs.CV 2407.12891
cs.CV 2407.12899
cs.CV 2407.12927
cs.CV 2407.12939
cs.CV 2407.12951
cs.CV 2407.12952
cs.CV 2407.12973
cs.CV 2407.12987
cs.CV 2407.13027
cs.CV 2407.13036
cs.CV 2407.13038
cs.CV 2407.13078
cs.CV 2407.13094
cs.CV 2407.13095
cs.CV 2407.13102
cs.CV 2407.13108
cs.CV 2407.13120
cs.CV 2407.13133
cs.CV 2407.13137
cs.CV 2407.13139
cs.CV 2407.13147
cs.CV 2407.13155
cs.CV 2407.13157
cs.CV 2407.13159
cs.CV 2407.13170
cs.CV 2407.13178
cs.CV 2407.13181
cs.CV 2407.13184
cs.CV 2407.13185
cs.CV 2407.13188
cs.CV 2407.13200
cs.CV 2407.13211
cs.CV 2407.13214
cs.CV 2407.13216
cs.CV 2407.13217
cs.CV 2407.13219
cs.CV 2407.13221
cs.CV 2407.13241
cs.CV 2407.13246
cs.CV 2407.13252
cs.CV 2407.13254
cs.CV 2407.13285
cs.CV 2407.13304
cs.CV 2407.13309
cs.CV 2407.13311
cs.CV 2407.13322
cs.CV 2407.13328
cs.CV 2407.13335
cs.CV 2407.13337
cs.CV 2407.13338
cs.CV 2407.13341
cs.CV 2407.13342
cs.CV 2407.13362
cs.CV 2407.13363
cs.CV 2407.13368
cs.CV 2407.13372
cs.CV 2407.13379
cs.CV 2407.13390
cs.CV 2407.13392
cs.CV 2407.13394
cs.CV 2407.13417
cs.CV 2407.13421
cs.CV 2407.13426
cs.CV 2407.13437
cs.CV 2407.13442
cs.CV 2407.13460
cs.CV 2407.13483
cs.CV 2407.13488
cs.CV 2407.13500
cs.CV 2407.13517
cs.CV 2407.13519
cs.CV 2407.13520
cs.CV 2407.13524
cs.CV 2407.13537
cs.CV 2407.13541
cs.CV 2407.13553
cs.CV 2407.13555
cs.CV 2407.13559
cs.CV 2407.13571
cs.CV 2407.13584
cs.CV 2407.13588
cs.CV 2407.13592
cs.CV 2407.13596
cs.CV 2407.13609
cs.CV 2407.13632
cs.CV 2407.13640
cs.CV 2407.13642
cs.CV 2407.13646
cs.CV 2407.13675
cs.CV 2407.13677
cs.CV 2407.13679
cs.CV 2407.13680
cs.CV 2407.13700
cs.CV 2407.13708
cs.CV 2407.13715
cs.CV 2407.13719
cs.CV 2407.13745
cs.CV 2407.13748
cs.CV 2407.13750
cs.CV 2407.13752
cs.CV 2407.13753
cs.CV 2407.13759
cs.CV 2407.13761
cs.CV 2407.13764
cs.CV 2407.13766
cs.CV 2407.13768
cs.CV 2407.13771
cs.CV 2407.13772
cs.IR 2407.08908
cs.IR 2407.08916
cs.IR 2407.09017
cs.IR 2407.09138
cs.IR 2407.09147
cs.IR 2407.09252
cs.IR 2407.09417
cs.IR 2407.08926
cs.IR 2407.08942
cs.IR 2407.09045
cs.IR 2407.09064
cs.IR 2407.09137
cs.IR 2407.09157
cs.IR 2407.09394
cs.IR 2407.09395
cs.IR 2403.18405
cs.IR 2407.09500
cs.IR 2407.09653
cs.IR 2407.09691
cs.IR 2407.10020
cs.IR 2407.10042
cs.IR 2407.10245
cs.IR 2407.10380
cs.IR 2407.10829
cs.IR 2407.09747
cs.IR 2407.09939
cs.IR 2407.09962
cs.IR 2407.10078
cs.IR 2407.10081
cs.IR 2407.10112
cs.IR 2407.10184
cs.IR 2407.10283
cs.IR 2407.10599
cs.IR 2407.10691
cs.IR 2407.10714
cs.IR 2407.11401
cs.IR 2407.11638
cs.IR 2407.11245
cs.IR 2407.11504
cs.IR 2407.11548
cs.IR 2407.11605
cs.IR 2407.11712
cs.IR 2407.12000
cs.IR 2407.12315
cs.IR 2407.12346
cs.IR 2407.12580
cs.IR 2407.12784
cs.IR 2407.12170
cs.IR 2407.12193
cs.IR 2407.12216
cs.IR 2407.12325
cs.IR 2407.12338
cs.IR 2407.12374
cs.IR 2407.12385
cs.IR 2407.12468
cs.IR 2407.12853
cs.IR 2407.12854
cs.IR 2407.12857
cs.IR 2407.12873
cs.IR 2407.12883
cs.IR 2407.12982
cs.IR 2407.13069
cs.IR 2407.13071
cs.IR 2407.13091
cs.IR 2407.13166
cs.IR 2407.13174
cs.IR 2407.13742
cs.IR 2407.12849
cs.IR 2407.13135
cs.IR 2407.13163
cs.IR 2407.13274
cs.IR 2407.13284
cs.IR 2407.13349
cs.IR 2407.13416
cs.IR 2407.13699
cs.CL 2403.01359
cs.CL 2407.08853
cs.CL 2407.08898
cs.CL 2407.09120
cs.CL 2407.09137
cs.CL 2407.09152
cs.CL 2407.09197
cs.CL 2407.09327
cs.CL 2407.09395
cs.CL 2407.09450
cs.CL 2407.09453
cs.CL 2407.08790
cs.CL 2407.08818
cs.CL 2407.08819
cs.CL 2407.08824
cs.CL 2407.08836
cs.CL 2407.08842
cs.CL 2407.08887
cs.CL 2407.08892
cs.CL 2407.08937
cs.CL 2407.08940
cs.CL 2407.08952
cs.CL 2407.08959
cs.CL 2407.08967
cs.CL 2407.08978
cs.CL 2407.08989
cs.CL 2407.08995
cs.CL 2407.09007
cs.CL 2407.09011
cs.CL 2407.09014
cs.CL 2407.09020
cs.CL 2407.09072
cs.CL 2407.09121
cs.CL 2407.09136
cs.CL 2407.09181
cs.CL 2407.09184
cs.CL 2407.09187
cs.CL 2407.09209
cs.CL 2407.09241
cs.CL 2407.09252
cs.CL 2407.09276
cs.CL 2407.09283
cs.CL 2407.09298
cs.CL 2407.09311
cs.CL 2407.09364
cs.CL 2407.09413
cs.CL 2407.09417
cs.CL 2407.09429
cs.CL 2407.09447
cs.CL 2406.12016
cs.CL 2407.09480
cs.CL 2407.09519
cs.CL 2407.09527
cs.CL 2407.09661
cs.CL 2407.09709
cs.CL 2407.09801
cs.CL 2407.09817
cs.CL 2407.09886
cs.CL 2407.09894
cs.CL 2407.09974
cs.CL 2407.09975
cs.CL 2407.09977
cs.CL 2407.10005
cs.CL 2407.10296
cs.CL 2407.10303
cs.CL 2407.10311
cs.CL 2407.10371
cs.CL 2407.10376
cs.CL 2407.10380
cs.CL 2407.10481
cs.CL 2407.10486
cs.CL 2407.10490
cs.CL 2407.10603
cs.CL 2407.10629
cs.CL 2407.10691
cs.CL 2407.10718
cs.CL 2407.10735
cs.CL 2407.10759
cs.CL 2407.10827
cs.CL 2407.10899
cs.CL 2407.10920
cs.CL 2407.10956
cs.CL 2407.09495
cs.CL 2407.09506
cs.CL 2407.09541
cs.CL 2407.09544
cs.CL 2407.09590
cs.CL 2407.09652
cs.CL 2407.09653
cs.CL 2407.09688
cs.CL 2407.09704
cs.CL 2407.09722
cs.CL 2407.09756
cs.CL 2407.09816
cs.CL 2407.09818
cs.CL 2407.09823
cs.CL 2407.09835
cs.CL 2407.09849
cs.CL 2407.09855
cs.CL 2407.09861
cs.CL 2407.09879
cs.CL 2407.09888
cs.CL 2407.09893
cs.CL 2407.09897
cs.CL 2407.09936
cs.CL 2407.09943
cs.CL 2407.10020
cs.CL 2407.10021
cs.CL 2407.10049
cs.CL 2407.10058
cs.CL 2407.10068
cs.CL 2407.10086
cs.CL 2407.10091
cs.CL 2407.10114
cs.CL 2407.10118
cs.CL 2407.10152
cs.CL 2407.10153
cs.CL 2407.10167
cs.CL 2407.10241
cs.CL 2407.10245
cs.CL 2407.10252
cs.CL 2407.10266
cs.CL 2407.10275
cs.CL 2407.10301
cs.CL 2407.10347
cs.CL 2407.10351
cs.CL 2407.10385
cs.CL 2407.10430
cs.CL 2407.10453
cs.CL 2407.10456
cs.CL 2407.10457
cs.CL 2407.10488
cs.CL 2407.10499
cs.CL 2407.10510
cs.CL 2407.10554
cs.CL 2407.10582
cs.CL 2407.10626
cs.CL 2407.10627
cs.CL 2407.10645
cs.CL 2407.10657
cs.CL 2407.10670
cs.CL 2407.10671
cs.CL 2407.10701
cs.CL 2407.10725
cs.CL 2407.10745
cs.CL 2407.10747
cs.CL 2407.10793
cs.CL 2407.10794
cs.CL 2407.10795
cs.CL 2407.10804
cs.CL 2407.10805
cs.CL 2407.10807
cs.CL 2407.10817
cs.CL 2407.10829
cs.CL 2407.10853
cs.CL 2407.10855
cs.CL 2407.10930
cs.CL 2407.10944
cs.CL 2407.10949
cs.CL 2407.10953
cs.CL 2407.10969
cs.CL 2407.10975
cs.CL 2407.11019
cs.CL 2407.11030
cs.CL 2407.11033
cs.CL 2407.11046
cs.CL 2407.11059
cs.CL 2407.11062
cs.CL 2407.11068
cs.CL 2407.11100
cs.CL 2407.11190
cs.CL 2407.11194
cs.CL 2407.11203
cs.CL 2407.11211
cs.CL 2407.11214
cs.CL 2407.11215
cs.CL 2407.11240
cs.CL 2407.11242
cs.CL 2407.11370
cs.CL 2407.11393
cs.CL 2407.11418
cs.CL 2407.11470
cs.CL 2407.11484
cs.CL 2407.11492
cs.CL 2407.11511
cs.CL 2407.10989
cs.CL 2407.10990
cs.CL 2407.10991
cs.CL 2407.10992
cs.CL 2407.10993
cs.CL 2407.10994
cs.CL 2407.10995
cs.CL 2407.10996
cs.CL 2407.10998
cs.CL 2407.10999
cs.CL 2407.11000
cs.CL 2407.11001
cs.CL 2407.11002
cs.CL 2407.11003
cs.CL 2407.11004
cs.CL 2407.11005
cs.CL 2407.11006
cs.CL 2407.11007
cs.CL 2407.11008
cs.CL 2407.11009
cs.CL 2407.11010
cs.CL 2407.11012
cs.CL 2407.11014
cs.CL 2407.11015
cs.CL 2407.11016
cs.CL 2407.11017
cs.CL 2407.11144
cs.CL 2407.11186
cs.CL 2407.11202
cs.CL 2407.11212
cs.CL 2407.11229
cs.CL 2407.11277
cs.CL 2407.11282
cs.CL 2407.11345
cs.CL 2407.11368
cs.CL 2407.11371
cs.CL 2407.11373
cs.CL 2407.11384
cs.CL 2407.11406
cs.CL 2407.11409
cs.CL 2407.11417
cs.CL 2407.11421
cs.CL 2407.11438
cs.CL 2407.11485
cs.CL 2407.11536
cs.CL 2407.11549
cs.CL 2407.11550
cs.CL 2407.11591
cs.CL 2407.11606
cs.CL 2407.11638
cs.CL 2407.11660
cs.CL 2407.11681
cs.CL 2407.11733
cs.CL 2407.11766
cs.CL 2407.11770
cs.CL 2407.11773
cs.CL 2407.11774
cs.CL 2407.11780
cs.CL 2407.11789
cs.CL 2407.11798
cs.CL 2407.11827
cs.CL 2407.11833
cs.CL 2407.11843
cs.CL 2407.11854
cs.CL 2407.11855
cs.CL 2407.11857
cs.CL 2407.11862
cs.CL 2407.11919
cs.CL 2407.11930
cs.CL 2407.11948
cs.CL 2407.11963
cs.CL 2407.11969
cs.CL 2407.11984
cs.CL 2407.12000
cs.CL 2407.12007
cs.CL 2407.12013
cs.CL 2407.12064
cs.CL 2407.12108
cs.CL 2407.12176
cs.CL 2407.12220
cs.CL 2407.12358
cs.CL 2407.12366
cs.CL 2407.12451
cs.CL 2407.12471
cs.CL 2407.12543
cs.CL 2407.12613
cs.CL 2407.12680
cs.CL 2407.12707
cs.CL 2407.12771
cs.CL 2407.11982
cs.CL 2407.11988
cs.CL 2407.12012
cs.CL 2407.12015
cs.CL 2407.12016
cs.CL 2407.12017
cs.CL 2407.12018
cs.CL 2407.12019
cs.CL 2407.12020
cs.CL 2407.12021
cs.CL 2407.12022
cs.CL 2407.12023
cs.CL 2407.12026
cs.CL 2407.12028
cs.CL 2407.12034
cs.CL 2407.12036
cs.CL 2407.12043
cs.CL 2407.12057
cs.CL 2407.12077
cs.CL 2407.12094
cs.CL 2407.12101
cs.CL 2407.12126
cs.CL 2407.12141
cs.CL 2407.12196
cs.CL 2407.12206
cs.CL 2407.12247
cs.CL 2407.12259
cs.CL 2407.12277
cs.CL 2407.12309
cs.CL 2407.12336
cs.CL 2407.12342
cs.CL 2407.12344
cs.CL 2407.12363
cs.CL 2407.12376
cs.CL 2407.12389
cs.CL 2407.12393
cs.CL 2407.12402
cs.CL 2407.12425
cs.CL 2407.12426
cs.CL 2407.12470
cs.CL 2407.12473
cs.CL 2407.12481
cs.CL 2407.12498
cs.CL 2407.12500
cs.CL 2407.12504
cs.CL 2407.12508
cs.CL 2407.12512
cs.CL 2407.12514
cs.CL 2407.12522
cs.CL 2407.12529
cs.CL 2407.12532
cs.CL 2407.12580
cs.CL 2407.12620
cs.CL 2407.12626
cs.CL 2407.12665
cs.CL 2407.12703
cs.CL 2407.12725
cs.CL 2407.12734
cs.CL 2407.12749
cs.CL 2407.12772
cs.CL 2407.12327
cs.CL 2407.12819
cs.CL 2407.12849
cs.CL 2407.12876
cs.CL 2407.12880
cs.CL 2407.12982
cs.CL 2407.13035
cs.CL 2407.13053
cs.CL 2407.13071
cs.CL 2407.13089
cs.CL 2407.13115
cs.CL 2407.13168
cs.CL 2407.13292
cs.CL 2407.13399
cs.CL 2407.13442
cs.CL 2407.13509
cs.CL 2407.13559
cs.CL 2407.13571
cs.CL 2407.13739
cs.CL 2407.12790
cs.CL 2407.12791
cs.CL 2407.12812
cs.CL 2407.12813
cs.CL 2407.12814
cs.CL 2407.12815
cs.CL 2407.12817
cs.CL 2407.12818
cs.CL 2407.12820
cs.CL 2407.12821
cs.CL 2407.12822
cs.CL 2407.12823
cs.CL 2407.12824
cs.CL 2407.12825
cs.CL 2407.12826
cs.CL 2407.12827
cs.CL 2407.12828
cs.CL 2407.12830
cs.CL 2407.12831
cs.CL 2407.12832
cs.CL 2407.12833
cs.CL 2407.12835
cs.CL 2407.12836
cs.CL 2407.12838
cs.CL 2407.12841
cs.CL 2407.12842
cs.CL 2407.12843
cs.CL 2407.12844
cs.CL 2407.12846
cs.CL 2407.12847
cs.CL 2407.12848
cs.CL 2407.12850
cs.CL 2407.12851
cs.CL 2407.12852
cs.CL 2407.12853
cs.CL 2407.12854
cs.CL 2407.12855
cs.CL 2407.12856
cs.CL 2407.12857
cs.CL 2407.12858
cs.CL 2407.12859
cs.CL 2407.12860
cs.CL 2407.12861
cs.CL 2407.12862
cs.CL 2407.12863
cs.CL 2407.12865
cs.CL 2407.12866
cs.CL 2407.12869
cs.CL 2407.12871
cs.CL 2407.12872
cs.CL 2407.12873
cs.CL 2407.12874
cs.CL 2407.12877
cs.CL 2407.12878
cs.CL 2407.12879
cs.CL 2407.12881
cs.CL 2407.12882
cs.CL 2407.12883
cs.CL 2407.12886
cs.CL 2407.12888
cs.CL 2407.12943
cs.CL 2407.12994
cs.CL 2407.13040
cs.CL 2407.13048
cs.CL 2407.13069
cs.CL 2407.13097
cs.CL 2407.13101
cs.CL 2407.13142
cs.CL 2407.13153
cs.CL 2407.13164
cs.CL 2407.13193
cs.CL 2407.13205
cs.CL 2407.13228
cs.CL 2407.13244
cs.CL 2407.13248
cs.CL 2407.13297
cs.CL 2407.13300
cs.CL 2407.13301
cs.CL 2407.13329
cs.CL 2407.13343
cs.CL 2407.13358
cs.CL 2407.13377
cs.CL 2407.13419
cs.CL 2407.13435
cs.CL 2407.13463
cs.CL 2407.13469
cs.CL 2407.13481
cs.CL 2407.13490
cs.CL 2407.13492
cs.CL 2407.13511
cs.CL 2407.13561
cs.CL 2407.13565
cs.CL 2407.13578
cs.CL 2407.13579
cs.CL 2407.13597
cs.CL 2407.13603
cs.CL 2407.13608
cs.CL 2407.13623
cs.CL 2407.13638
cs.CL 2407.13647
cs.CL 2407.13657
cs.CL 2407.13690
cs.CL 2407.13692
cs.CL 2407.13696
cs.CL 2407.13702
cs.CL 2407.13709
cs.CL 2407.13729
cs.CL 2407.13744
cs.CL 2407.13757
cs.CL 2407.13765
cs.MA 2407.09124
cs.MA 2407.09249
cs.MA 2407.09513
cs.MA 2407.10022
cs.MA 2407.10031
cs.MA 2407.10207
cs.MA 2407.10279
cs.MA 2407.10382
cs.MA 2407.10064
cs.MA 2407.10811
cs.MA 2407.11014
cs.MA 2407.11170
cs.MA 2407.11250
cs.MA 2407.11330
cs.MA 2407.11592
cs.MA 2407.11889
cs.MA 2407.12113
cs.MA 2407.12131
cs.MA 2407.12318
cs.MA 2407.13076
cs.CC 2407.08991
cs.CC 2407.09301
cs.CC 2407.08917
cs.CC 2407.09097
cs.CC 2407.09154
cs.CC 2407.09651
cs.CC 2407.09676
cs.CC 2407.10571
cs.CC 2407.10595
cs.CC 2407.09683
cs.CC 2407.10143
cs.CC 2407.10323
cs.CC 2407.11545
cs.CC 2407.11607
cs.CC 2407.12528
cs.CC 2407.12768
cs.CC 2407.12110
cs.CC 2407.12372
cs.CC 2407.12762
cs.CC 2407.13671
cs.IT 2407.09006
cs.IT 2407.09324
cs.IT 2407.08923
cs.IT 2407.08941
cs.IT 2407.09134
cs.IT 2407.09398
cs.IT 2407.09567
cs.IT 2407.09687
cs.IT 2407.09803
cs.IT 2407.09939
cs.IT 2407.10147
cs.IT 2407.10297
cs.IT 2407.10340
cs.IT 2407.10697
cs.IT 2407.09783
cs.IT 2407.09873
cs.IT 2407.09900
cs.IT 2407.10026
cs.IT 2407.10051
cs.IT 2407.10074
cs.IT 2407.10080
cs.IT 2407.10250
cs.IT 2407.10386
cs.IT 2407.10408
cs.IT 2407.10461
cs.IT 2407.10548
cs.IT 2407.10612
cs.IT 2407.10848
cs.IT 2407.11079
cs.IT 2407.11118
cs.IT 2407.11123
cs.IT 2407.11762
cs.IT 2407.11931
cs.IT 2407.11932
cs.IT 2407.11265
cs.IT 2407.11554
cs.IT 2407.11604
cs.IT 2407.11651
cs.IT 2407.11807
cs.IT 2407.11810
cs.IT 2407.11896
cs.IT 2407.12403
cs.IT 2407.12472
cs.IT 2407.12617
cs.IT 2407.12737
cs.IT 2407.12768
cs.IT 2407.12000
cs.IT 2407.12215
cs.IT 2407.12237
cs.IT 2407.12246
cs.IT 2407.12249
cs.IT 2407.12251
cs.IT 2407.12264
cs.IT 2407.12478
cs.IT 2407.12497
cs.IT 2407.12604
cs.IT 2407.12648
cs.IT 2407.12653
cs.IT 2407.12706
cs.IT 2407.12921
cs.IT 2407.13195
cs.IT 2407.13416
cs.IT 2407.13575
cs.IT 2407.13666
cs.IT 2407.13683
cs.IT 2407.13728
cs.IT 2407.12970
cs.IT 2407.13255
cs.IT 2407.13306
cs.IT 2407.13436
cs.IT 2407.13703
cs.NI 2407.08817
cs.NI 2407.08838
cs.NI 2407.08923
cs.NI 2407.09242
cs.NI 2407.09244
cs.NI 2407.08894
cs.NI 2407.08914
cs.NI 2407.08919
cs.NI 2407.09117
cs.NI 2407.09219
cs.NI 2407.09250
cs.NI 2407.09766
cs.NI 2407.10098
cs.NI 2407.10680
cs.NI 2407.09531
cs.NI 2407.09619
cs.NI 2407.09753
cs.NI 2407.09808
cs.NI 2407.09925
cs.NI 2407.10177
cs.NI 2407.10186
cs.NI 2407.10292
cs.NI 2407.10407
cs.NI 2407.10986
cs.NI 2407.11036
cs.NI 2407.11047
cs.NI 2407.11310
cs.NI 2407.11376
cs.NI 2407.10976
cs.NI 2407.10979
cs.NI 2407.10980
cs.NI 2407.10981
cs.NI 2407.10982
cs.NI 2407.10984
cs.NI 2407.10985
cs.NI 2407.10987
cs.NI 2407.10997
cs.NI 2407.11018
cs.NI 2407.11020
cs.NI 2407.11021
cs.NI 2407.11051
cs.NI 2407.11155
cs.NI 2407.11389
cs.NI 2407.11483
cs.NI 2407.11747
cs.NI 2407.11905
cs.NI 2407.12011
cs.NI 2407.12180
cs.NI 2407.12286
cs.NI 2407.12433
cs.NI 2407.12523
cs.NI 2407.12819
cs.NI 2407.12980
cs.NI 2407.13076
cs.NI 2407.13123
cs.NI 2407.13494
cs.NI 2407.12799
cs.NI 2407.12806
cs.NI 2407.12810
cs.NI 2407.13340
cs.CR 2407.08838
cs.CR 2407.09017
cs.CR 2407.08792
cs.CR 2407.08831
cs.CR 2407.08839
cs.CR 2407.08903
cs.CR 2407.08924
cs.CR 2407.08935
cs.CR 2407.08954
cs.CR 2407.08956
cs.CR 2407.08969
cs.CR 2407.08970
cs.CR 2407.08977
cs.CR 2407.09004
cs.CR 2407.09050
cs.CR 2407.09095
cs.CR 2407.09104
cs.CR 2407.09142
cs.CR 2407.09164
cs.CR 2407.09198
cs.CR 2407.09203
cs.CR 2407.09292
cs.CR 2407.09295
cs.CR 2407.09333
cs.CR 2407.09353
cs.CR 2407.09655
cs.CR 2407.09658
cs.CR 2407.09690
cs.CR 2407.09972
cs.CR 2407.10039
cs.CR 2407.10187
cs.CR 2407.10223
cs.CR 2407.10722
cs.CR 2407.10825
cs.CR 2407.10867
cs.CR 2407.09490
cs.CR 2407.09717
cs.CR 2407.09771
cs.CR 2407.09955
cs.CR 2407.09958
cs.CR 2407.09995
cs.CR 2407.10276
cs.CR 2407.10302
cs.CR 2407.10471
cs.CR 2407.10589
cs.CR 2407.10644
cs.CR 2407.10684
cs.CR 2407.10740
cs.CR 2407.10812
cs.CR 2407.10864
cs.CR 2407.10886
cs.CR 2407.10887
cs.CR 2407.10981
cs.CR 2407.11025
cs.CR 2407.11029
cs.CR 2407.11070
cs.CR 2407.11091
cs.CR 2407.11274
cs.CR 2407.11359
cs.CR 2407.11454
cs.CR 2407.11463
cs.CR 2407.11566
cs.CR 2407.11607
cs.CR 2407.11844
cs.CR 2407.11921
cs.CR 2407.11931
cs.CR 2407.11011
cs.CR 2407.11059
cs.CR 2407.11072
cs.CR 2407.11073
cs.CR 2407.11100
cs.CR 2407.11105
cs.CR 2407.11278
cs.CR 2407.11279
cs.CR 2407.11320
cs.CR 2407.11372
cs.CR 2407.11405
cs.CR 2407.11599
cs.CR 2407.11806
cs.CR 2407.11882
cs.CR 2407.11888
cs.CR 2407.12108
cs.CR 2407.12569
cs.CR 2407.12784
cs.CR 2407.12001
cs.CR 2407.12159
cs.CR 2407.12172
cs.CR 2407.12187
cs.CR 2407.12281
cs.CR 2407.12297
cs.CR 2407.12334
cs.CR 2407.12352
cs.CR 2407.12536
cs.CR 2407.12541
cs.CR 2407.12581
cs.CR 2407.12617
cs.CR 2407.12695
cs.CR 2407.12701
cs.CR 2407.12999
cs.CR 2407.13001
cs.CR 2407.13068
cs.CR 2407.13153
cs.CR 2407.13621
cs.CR 2407.13757
cs.CR 2407.13043
cs.CR 2407.13055
cs.CR 2407.13093
cs.CR 2407.13156
cs.CR 2407.13240
cs.CR 2407.13318
cs.CR 2407.13355
cs.CR 2407.13383
cs.CR 2407.13386
cs.CR 2407.13415
cs.CR 2407.13499
cs.CR 2407.13523
cs.CR 2407.13532
cs.CR 2407.13572
cs.CR 2407.13725
cs.CR 2407.13742
cs.CE 2407.09434
cs.CE 2407.09116
cs.CE 2407.09270
cs.CE 2407.09536
cs.CE 2407.09540
cs.CE 2407.10510
cs.CE 2407.10206
cs.CE 2407.10732
cs.CE 2407.10890
cs.CE 2407.10903
cs.CE 2407.11215
cs.CE 2407.11253
cs.CE 2407.11268
cs.CE 2407.11280
cs.CE 2407.11716
cs.CE 2407.11146
cs.CE 2407.11346
cs.CE 2407.12062
cs.CE 2407.12150
cs.CE 2407.12234
cs.CE 2407.12515
cs.CE 2407.12618
cs.CE 2407.11993
cs.CE 2407.12006
cs.CE 2407.12894
cs.CE 2407.13010
cs.CE 2407.13062
cs.CE 2407.13698
cs.CE 2407.13276
cs.CE 2407.13427
cs.CE 2407.13669
cs.LO 2407.09212
cs.LO 2407.09337
cs.LO 2407.08936
cs.LO 2407.09015
cs.LO 2407.09146
cs.LO 2407.09348
cs.LO 2407.10838
cs.LO 2407.09744
cs.LO 2407.09959
cs.LO 2407.10465
cs.LO 2407.10473
cs.LO 2407.10520
cs.LO 2407.11214
cs.LO 2407.11877
cs.LO 2407.12605
cs.LO 2407.12691
cs.LO 2407.12298
cs.LO 2407.12552
cs.LO 2407.12677
cs.LO 2407.12840
cs.LO 2407.13406
cs.LO 2407.13339
cs.NA 2407.08840
cs.NA 2407.08871
cs.NA 2407.08901
cs.NA 2407.09284
cs.NA 2407.08988
cs.NA 2407.09032
cs.NA 2407.09034
cs.NA 2407.09393
cs.NA 2407.09416
cs.NA 2407.09418
cs.NA 2407.09436
cs.NA 2407.09609
cs.NA 2407.09621
cs.NA 2407.10350
cs.NA 2407.10411
cs.NA 2407.10429
cs.NA 2407.10533
cs.NA 2407.10559
cs.NA 2407.10836
cs.NA 2407.10936
cs.NA 2407.09659
cs.NA 2407.09660
cs.NA 2407.09711
cs.NA 2407.09720
cs.NA 2407.09749
cs.NA 2407.09848
cs.NA 2407.09933
cs.NA 2407.09994
cs.NA 2407.10012
cs.NA 2407.10050
cs.NA 2407.10163
cs.NA 2407.10202
cs.NA 2407.10221
cs.NA 2407.10313
cs.NA 2407.10472
cs.NA 2407.10579
cs.NA 2407.10600
cs.NA 2407.10611
cs.NA 2407.10651
cs.NA 2407.10654
cs.NA 2407.10682
cs.NA 2407.10842
cs.NA 2407.10907
cs.NA 2407.10912
cs.NA 2407.10931
cs.NA 2407.11158
cs.NA 2407.11215
cs.NA 2407.11543
cs.NA 2407.11628
cs.NA 2407.11703
cs.NA 2407.11894
cs.NA 2407.11159
cs.NA 2407.11290
cs.NA 2407.11460
cs.NA 2407.11482
cs.NA 2407.11512
cs.NA 2407.11600
cs.NA 2407.11631
cs.NA 2407.11685
cs.NA 2407.11792
cs.NA 2407.11904
cs.NA 2407.11993
cs.NA 2407.12527
cs.NA 2407.12635
cs.NA 2407.12708
cs.NA 2407.12712
cs.NA 2407.12149
cs.NA 2407.12208
cs.NA 2407.12293
cs.NA 2407.12311
cs.NA 2407.12349
cs.NA 2407.12515
cs.NA 2407.12540
cs.NA 2407.12542
cs.NA 2407.12625
cs.NA 2407.12627
cs.NA 2407.12656
cs.NA 2407.12670
cs.NA 2407.12984
cs.NA 2407.13178
cs.NA 2407.13234
cs.NA 2407.13573
cs.NA 2407.13066
cs.NA 2407.13073
cs.NA 2407.13116
cs.NA 2407.13190
cs.NA 2407.13253
cs.NA 2407.13263
cs.NA 2407.13353
cs.NA 2407.13356
cs.NA 2407.13360
cs.NA 2407.13380
cs.NA 2407.13389
cs.NA 2407.13414
cs.NA 2407.13418
cs.NA 2407.13453
cs.NA 2407.13459
cs.NA 2407.13482
cs.NA 2407.13563
cs.NA 2407.13650
cs.NA 2407.13665
cs.NA 2407.13684
cs.PF 2407.08700
cs.PF 2407.08828
cs.PF 2407.09621
cs.PF 2407.10098
cs.PF 2407.10730
cs.PF 2407.10423
cs.PF 2407.11006
cs.PF 2407.11376
cs.PF 2407.11488
cs.PF 2407.11582
cs.PF 2407.11611
cs.PF 2407.11790
cs.PF 2407.13055
cs.PF 2407.12797
cs.PF 2407.13096
cs.SE 2407.08956
cs.SE 2407.09142
cs.SE 2407.09348
cs.SE 2407.08823
cs.SE 2407.08890
cs.SE 2407.08895
cs.SE 2407.08958
cs.SE 2407.08983
cs.SE 2407.09018
cs.SE 2407.09107
cs.SE 2407.09337
cs.SE 2407.10322
cs.SE 2407.10397
cs.SE 2407.09513
cs.SE 2407.09592
cs.SE 2407.09644
cs.SE 2407.09726
cs.SE 2407.09793
cs.SE 2407.09844
cs.SE 2407.09872
cs.SE 2407.09895
cs.SE 2407.10023
cs.SE 2407.10039
cs.SE 2407.10106
cs.SE 2407.10227
cs.SE 2407.10345
cs.SE 2407.10402
cs.SE 2407.10500
cs.SE 2407.10722
cs.SE 2407.10906
cs.SE 2407.11661
cs.SE 2407.11967
cs.SE 2407.11019
cs.SE 2407.11259
cs.SE 2407.11440
cs.SE 2407.11470
cs.SE 2407.11575
cs.SE 2407.11611
cs.SE 2407.11934
cs.SE 2407.11955
cs.SE 2407.12037
cs.SE 2407.12135
cs.SE 2407.12355
cs.SE 2407.12499
cs.SE 2407.12605
cs.SE 2407.12726
cs.SE 2407.12165
cs.SE 2407.12241
cs.SE 2407.12428
cs.SE 2407.12802
cs.SE 2407.13016
cs.SE 2407.13330
cs.SE 2407.13415
cs.SE 2407.13739
cs.SE 2407.12839
cs.SE 2407.13201
cs.SE 2407.13231
cs.SE 2407.13258
cs.SE 2407.13271
cs.SE 2407.13280
cs.SE 2407.13291
cs.SE 2407.13494
cs.SE 2407.13633
cs.SE 2407.13648
cs.SE 2407.13717
cs.OS 2406.16250
cs.OS 2406.15776
cs.OS 2406.19120
cs.OS 2406.18980
cs.OS 2407.00313
cs.OS 2407.00832
cs.OS 2407.00839
cs.OS 2407.02764
cs.OS 2407.09555
cs.OS 2407.10098
cs.PL 2407.09106
cs.PL 2407.09143
cs.PL 2407.09320
cs.PL 2407.09710
cs.PL 2407.09895
cs.PL 2407.10039
cs.PL 2407.10194
cs.PL 2407.10424
cs.PL 2407.10838
cs.PL 2407.11214
cs.PL 2407.11616
cs.PL 2407.11661
cs.PL 2407.11816
cs.PL 2407.11831
cs.PL 2407.12499
cs.PL 2407.12726
cs.PL 2407.13046
cs.PL 2407.13585
cs.PL 2407.13726
cs.SD 2407.08752
cs.SD 2407.08889
cs.SD 2407.09029
cs.SD 2407.09259
cs.SD 2407.08951
cs.SD 2407.09099
cs.SD 2407.09346
cs.SD 2407.09732
cs.SD 2407.09886
cs.SD 2407.10108
cs.SD 2407.10471
cs.SD 2407.10603
cs.SD 2407.10689
cs.SD 2407.09489
cs.SD 2407.09817
cs.SD 2407.10048
cs.SD 2407.10182
cs.SD 2407.10255
cs.SD 2407.10328
cs.SD 2407.10373
cs.SD 2407.10387
cs.SD 2407.10446
cs.SD 2407.10462
cs.SD 2407.10468
cs.SD 2407.10646
cs.SD 2407.10828
cs.SD 2407.11012
cs.SD 2407.11055
cs.SD 2407.11333
cs.SD 2407.11345
cs.SD 2407.11650
cs.SD 2407.11745
cs.SD 2407.11370
cs.SD 2407.11492
cs.SD 2407.11641
cs.SD 2407.11992
cs.SD 2407.12000
cs.SD 2407.12206
cs.SD 2407.12380
cs.SD 2407.12707
cs.SD 2407.12563
cs.SD 2407.12671
cs.SD 2407.12817
cs.SD 2407.13095
cs.SD 2407.13142
cs.SD 2407.13153
cs.SD 2407.13220
cs.SD 2407.13242
cs.SD 2407.13435
cs.SD 2407.13660
cs.SD 2407.13676
cs.SD 2407.13035
cs.SD 2407.13083
cs.SD 2407.13198
cs.SD 2407.13264
cs.SD 2407.13266
cs.SD 2407.13292
cs.SD 2407.13333
cs.SD 2407.13439
cs.SD 2407.13509
stat.AP 2407.06557
stat.AP 2407.08750
stat.AP 2407.08827
stat.AP 2407.08911
stat.AP 2407.09338
stat.AP 2407.09772
stat.AP 2407.09975
stat.AP 2407.10013
stat.AP 2407.10089
stat.AP 2407.10253
stat.AP 2407.10771
stat.AP 2407.10773
stat.AP 2407.09909
stat.AP 2407.09983
stat.AP 2407.10175
stat.AP 2407.10869
stat.AP 2407.10976
stat.AP 2407.11173
stat.AP 2407.11349
stat.AP 2407.11729
stat.AP 2407.11762
stat.AP 2407.11887
stat.AP 2407.11927
stat.AP 2407.11045
stat.AP 2407.11233
stat.AP 2407.11336
stat.AP 2407.11597
stat.AP 2407.11893
stat.AP 2407.12012
stat.AP 2407.12100
stat.AP 2407.12348
stat.AP 2407.12607
stat.AP 2407.13283
stat.AP 2407.13314
stat.AP 2407.13374
stat.AP 2407.13575
stat.AP 2407.13666
stat.AP 2407.13267
stat.AP 2407.13296
stat.AP 2407.13384
stat.AP 2407.13659
cs.LG 2407.08742
cs.LG 2407.08744
cs.LG 2407.08746
cs.LG 2407.08750
cs.LG 2407.08751
cs.LG 2407.08762
cs.LG 2407.08797
cs.LG 2407.08800
cs.LG 2407.08824
cs.LG 2407.08839
cs.LG 2407.08840
cs.LG 2407.08887
cs.LG 2407.08890
cs.LG 2407.08892
cs.LG 2407.08898
cs.LG 2407.08953
cs.LG 2407.08965
cs.LG 2407.08966
cs.LG 2407.08970
cs.LG 2407.08974
cs.LG 2407.08976
cs.LG 2407.08978
cs.LG 2407.08983
cs.LG 2407.08987
cs.LG 2407.09011
cs.LG 2407.09013
cs.LG 2407.09026
cs.LG 2407.09032
cs.LG 2407.09050
cs.LG 2407.09055
cs.LG 2407.09064
cs.LG 2407.09104
cs.LG 2407.09111
cs.LG 2407.09136
cs.LG 2407.09150
cs.LG 2407.09157
cs.LG 2407.09167
cs.LG 2407.09186
cs.LG 2407.09212
cs.LG 2407.09216
cs.LG 2407.09250
cs.LG 2407.09271
cs.LG 2407.09276
cs.LG 2407.09373
cs.LG 2407.09387
cs.LG 2407.09415
cs.LG 2407.09427
cs.LG 2407.09441
cs.LG 2407.09450
cs.LG 2407.09475
cs.LG 2407.08758
cs.LG 2407.08765
cs.LG 2407.08803
cs.LG 2407.08806
cs.LG 2407.08838
cs.LG 2407.08843
cs.LG 2407.08868
cs.LG 2407.08886
cs.LG 2407.08888
cs.LG 2407.08910
cs.LG 2407.08916
cs.LG 2407.08922
cs.LG 2407.08933
cs.LG 2407.08934
cs.LG 2407.08946
cs.LG 2407.08947
cs.LG 2407.08964
cs.LG 2407.08973
cs.LG 2407.09017
cs.LG 2407.09024
cs.LG 2407.09039
cs.LG 2407.09061
cs.LG 2407.09087
cs.LG 2407.09093
cs.LG 2407.09096
cs.LG 2407.09105
cs.LG 2407.09120
cs.LG 2407.09124
cs.LG 2407.09127
cs.LG 2407.09141
cs.LG 2407.09162
cs.LG 2407.09165
cs.LG 2407.09173
cs.LG 2407.09251
cs.LG 2407.09274
cs.LG 2407.09297
cs.LG 2407.09324
cs.LG 2407.09336
cs.LG 2407.09357
cs.LG 2407.09360
cs.LG 2407.09370
cs.LG 2407.09375
cs.LG 2407.09378
cs.LG 2407.09381
cs.LG 2407.09434
cs.LG 2407.09453
cs.LG 2407.09468
cs.LG 2407.09488
cs.LG 2407.09497
cs.LG 2407.09498
cs.LG 2407.09499
cs.LG 2407.09504
cs.LG 2407.09508
cs.LG 2407.09514
cs.LG 2407.09515
cs.LG 2407.09522
cs.LG 2407.09523
cs.LG 2407.09524
cs.LG 2407.09525
cs.LG 2407.09527
cs.LG 2407.09537
cs.LG 2407.09539
cs.LG 2407.09540
cs.LG 2407.09545
cs.LG 2407.09550
cs.LG 2407.09551
cs.LG 2407.09557
cs.LG 2407.09573
cs.LG 2407.09578
cs.LG 2407.09590
cs.LG 2407.09602
cs.LG 2407.09628
cs.LG 2407.09632
cs.LG 2407.09645
cs.LG 2407.09679
cs.LG 2407.09691
cs.LG 2407.09717
cs.LG 2407.09722
cs.LG 2407.09726
cs.LG 2407.09728
cs.LG 2407.09732
cs.LG 2407.09747
cs.LG 2407.09753
cs.LG 2407.09775
cs.LG 2407.09788
cs.LG 2407.09845
cs.LG 2407.09849
cs.LG 2407.09877
cs.LG 2407.09911
cs.LG 2407.09985
cs.LG 2407.09986
cs.LG 2407.09994
cs.LG 2407.10003
cs.LG 2407.10011
cs.LG 2407.10090
cs.LG 2407.10104
cs.LG 2407.10159
cs.LG 2407.10230
cs.LG 2407.10238
cs.LG 2407.10239
cs.LG 2407.10247
cs.LG 2407.10251
cs.LG 2407.10256
cs.LG 2407.10266
cs.LG 2407.10274
cs.LG 2407.10277
cs.LG 2407.10283
cs.LG 2407.10309
cs.LG 2407.10331
cs.LG 2407.10332
cs.LG 2407.10336
cs.LG 2407.10341
cs.LG 2407.10366
cs.LG 2407.10383
cs.LG 2407.10385
cs.LG 2407.10414
cs.LG 2407.10417
cs.LG 2407.10418
cs.LG 2407.10419
cs.LG 2407.10441
cs.LG 2407.10477
cs.LG 2407.10484
cs.LG 2407.10504
cs.LG 2407.10547
cs.LG 2407.10558
cs.LG 2407.10583
cs.LG 2407.10627
cs.LG 2407.10630
cs.LG 2407.10641
cs.LG 2407.10666
cs.LG 2407.10722
cs.LG 2407.10735
cs.LG 2407.10759
cs.LG 2407.10793
cs.LG 2407.10802
cs.LG 2407.10803
cs.LG 2407.10807
cs.LG 2407.10810
cs.LG 2407.10811
cs.LG 2407.10817
cs.LG 2407.10854
cs.LG 2407.10870
cs.LG 2407.10874
cs.LG 2407.10886
cs.LG 2407.10897
cs.LG 2407.10910
cs.LG 2407.10921
cs.LG 2407.10930
cs.LG 2407.10949
cs.LG 2407.10954
cs.LG 2407.10955
cs.LG 2407.10964
cs.LG 2407.10969
cs.LG 2407.10972
cs.LG 2407.09571
cs.LG 2407.09577
cs.LG 2407.09618
cs.LG 2407.09642
cs.LG 2407.09658
cs.LG 2407.09685
cs.LG 2407.09690
cs.LG 2407.09693
cs.LG 2407.09698
cs.LG 2407.09702
cs.LG 2407.09709
cs.LG 2407.09719
cs.LG 2407.09739
cs.LG 2407.09777
cs.LG 2407.09789
cs.LG 2407.09790
cs.LG 2407.09801
cs.LG 2407.09852
cs.LG 2407.09887
cs.LG 2407.09904
cs.LG 2407.09905
cs.LG 2407.09926
cs.LG 2407.09930
cs.LG 2407.09941
cs.LG 2407.09950
cs.LG 2407.09972
cs.LG 2407.10000
cs.LG 2407.10005
cs.LG 2407.10032
cs.LG 2407.10042
cs.LG 2407.10055
cs.LG 2407.10070
cs.LG 2407.10115
cs.LG 2407.10132
cs.LG 2407.10165
cs.LG 2407.10188
cs.LG 2407.10194
cs.LG 2407.10196
cs.LG 2407.10204
cs.LG 2407.10207
cs.LG 2407.10223
cs.LG 2407.10240
cs.LG 2407.10259
cs.LG 2407.10264
cs.LG 2407.10315
cs.LG 2407.10327
cs.LG 2407.10333
cs.LG 2407.10448
cs.LG 2407.10449
cs.LG 2407.10452
cs.LG 2407.10454
cs.LG 2407.10481
cs.LG 2407.10483
cs.LG 2407.10490
cs.LG 2407.10494
cs.LG 2407.10495
cs.LG 2407.10545
cs.LG 2407.10629
cs.LG 2407.10633
cs.LG 2407.10652
cs.LG 2407.10681
cs.LG 2407.10688
cs.LG 2407.10702
cs.LG 2407.10734
cs.LG 2407.10758
cs.LG 2407.10761
cs.LG 2407.10768
cs.LG 2407.10775
cs.LG 2407.10779
cs.LG 2407.10780
cs.LG 2407.10784
cs.LG 2407.10825
cs.LG 2407.10827
cs.LG 2407.10834
cs.LG 2407.10835
cs.LG 2407.10836
cs.LG 2407.10839
cs.LG 2407.10844
cs.LG 2407.10867
cs.LG 2407.10878
cs.LG 2407.10916
cs.LG 2407.10960
cs.LG 2407.10967
cs.LG 2407.10971
cs.LG 2311.12047
cs.LG 2407.09547
cs.LG 2407.10976
cs.LG 2407.10991
cs.LG 2407.10992
cs.LG 2407.10994
cs.LG 2407.10998
cs.LG 2407.11001
cs.LG 2407.11002
cs.LG 2407.11003
cs.LG 2407.11004
cs.LG 2407.11006
cs.LG 2407.11009
cs.LG 2407.11010
cs.LG 2407.11011
cs.LG 2407.11012
cs.LG 2407.11016
cs.LG 2407.11017
cs.LG 2407.11021
cs.LG 2407.11043
cs.LG 2407.11045
cs.LG 2407.11059
cs.LG 2407.11065
cs.LG 2407.11073
cs.LG 2407.11091
cs.LG 2407.11102
cs.LG 2407.11103
cs.LG 2407.11105
cs.LG 2407.11107
cs.LG 2407.11108
cs.LG 2407.11121
cs.LG 2407.11204
cs.LG 2407.11214
cs.LG 2407.11229
cs.LG 2407.11268
cs.LG 2407.11280
cs.LG 2407.11288
cs.LG 2407.11330
cs.LG 2407.11353
cs.LG 2407.11364
cs.LG 2407.11380
cs.LG 2407.11393
cs.LG 2407.11394
cs.LG 2407.11429
cs.LG 2407.11435
cs.LG 2407.11459
cs.LG 2407.11511
cs.LG 2407.11518
cs.LG 2407.11555
cs.LG 2407.11562
cs.LG 2407.11594
cs.LG 2407.11606
cs.LG 2407.11652
cs.LG 2407.11658
cs.LG 2407.11659
cs.LG 2407.11734
cs.LG 2407.11743
cs.LG 2407.11753
cs.LG 2407.11771
cs.LG 2407.11784
cs.LG 2407.11798
cs.LG 2407.11807
cs.LG 2407.11828
cs.LG 2407.11833
cs.LG 2407.11855
cs.LG 2407.11873
cs.LG 2407.11901
cs.LG 2407.11910
cs.LG 2407.11913
cs.LG 2407.11915
cs.LG 2407.11922
cs.LG 2407.11927
cs.LG 2407.11942
cs.LG 2407.11962
cs.LG 2407.11966
cs.LG 2407.11969
cs.LG 2407.10977
cs.LG 2407.10988
cs.LG 2407.11013
cs.LG 2407.11025
cs.LG 2407.11026
cs.LG 2407.11027
cs.LG 2407.11029
cs.LG 2407.11030
cs.LG 2407.11031
cs.LG 2407.11032
cs.LG 2407.11033
cs.LG 2407.11034
cs.LG 2407.11037
cs.LG 2407.11038
cs.LG 2407.11039
cs.LG 2407.11040
cs.LG 2407.11041
cs.LG 2407.11042
cs.LG 2407.11044
cs.LG 2407.11046
cs.LG 2407.11047
cs.LG 2407.11048
cs.LG 2407.11049
cs.LG 2407.11050
cs.LG 2407.11052
cs.LG 2407.11053
cs.LG 2407.11054
cs.LG 2407.11055
cs.LG 2407.11056
cs.LG 2407.11057
cs.LG 2407.11060
cs.LG 2407.11061
cs.LG 2407.11062
cs.LG 2407.11069
cs.LG 2407.11070
cs.LG 2407.11071
cs.LG 2407.11074
cs.LG 2407.11075
cs.LG 2407.11077
cs.LG 2407.11078
cs.LG 2407.11081
cs.LG 2407.11082
cs.LG 2407.11083
cs.LG 2407.11085
cs.LG 2407.11086
cs.LG 2407.11089
cs.LG 2407.11090
cs.LG 2407.11095
cs.LG 2407.11096
cs.LG 2407.11098
cs.LG 2407.11104
cs.LG 2407.11106
cs.LG 2407.11138
cs.LG 2407.11158
cs.LG 2407.11180
cs.LG 2407.11183
cs.LG 2407.11215
cs.LG 2407.11239
cs.LG 2407.11244
cs.LG 2407.11249
cs.LG 2407.11253
cs.LG 2407.11267
cs.LG 2407.11274
cs.LG 2407.11283
cs.LG 2407.11286
cs.LG 2407.11308
cs.LG 2407.11310
cs.LG 2407.11358
cs.LG 2407.11359
cs.LG 2407.11361
cs.LG 2407.11404
cs.LG 2407.11407
cs.LG 2407.11426
cs.LG 2407.11427
cs.LG 2407.11439
cs.LG 2407.11451
cs.LG 2407.11456
cs.LG 2407.11463
cs.LG 2407.11471
cs.LG 2407.11473
cs.LG 2407.11477
cs.LG 2407.11480
cs.LG 2407.11481
cs.LG 2407.11489
cs.LG 2407.11500
cs.LG 2407.11501
cs.LG 2407.11534
cs.LG 2407.11540
cs.LG 2407.11542
cs.LG 2407.11543
cs.LG 2407.11571
cs.LG 2407.11579
cs.LG 2407.11596
cs.LG 2407.11615
cs.LG 2407.11619
cs.LG 2407.11624
cs.LG 2407.11626
cs.LG 2407.11647
cs.LG 2407.11654
cs.LG 2407.11666
cs.LG 2407.11676
cs.LG 2407.11678
cs.LG 2407.11696
cs.LG 2407.11698
cs.LG 2407.11722
cs.LG 2407.11735
cs.LG 2407.11751
cs.LG 2407.11756
cs.LG 2407.11762
cs.LG 2407.11763
cs.LG 2407.11764
cs.LG 2407.11767
cs.LG 2407.11778
cs.LG 2407.11785
cs.LG 2407.11786
cs.LG 2407.11790
cs.LG 2407.11812
cs.LG 2407.11823
cs.LG 2407.11832
cs.LG 2407.11844
cs.LG 2407.11861
cs.LG 2407.11867
cs.LG 2407.11876
cs.LG 2407.11878
cs.LG 2407.11894
cs.LG 2407.11907
cs.LG 2407.11917
cs.LG 2407.11928
cs.LG 2407.11933
cs.LG 2407.11979
cs.LG 2407.12006
cs.LG 2407.12012
cs.LG 2407.12013
cs.LG 2407.12020
cs.LG 2407.12034
cs.LG 2407.12051
cs.LG 2407.12056
cs.LG 2407.12064
cs.LG 2407.12067
cs.LG 2407.12131
cs.LG 2407.12137
cs.LG 2407.12138
cs.LG 2407.12152
cs.LG 2407.12153
cs.LG 2407.12164
cs.LG 2407.12261
cs.LG 2407.12288
cs.LG 2407.12293
cs.LG 2407.12337
cs.LG 2407.12346
cs.LG 2407.12375
cs.LG 2407.12376
cs.LG 2407.12473
cs.LG 2407.12474
cs.LG 2407.12516
cs.LG 2407.12539
cs.LG 2407.12638
cs.LG 2407.12640
cs.LG 2407.12665
cs.LG 2407.12669
cs.LG 2407.12687
cs.LG 2407.12707
cs.LG 2407.12724
cs.LG 2407.12751
cs.LG 2407.12753
cs.LG 2407.12053
cs.LG 2407.12062
cs.LG 2407.12065
cs.LG 2407.12068
cs.LG 2407.12070
cs.LG 2407.12074
cs.LG 2407.12075
cs.LG 2407.12108
cs.LG 2407.12112
cs.LG 2407.12113
cs.LG 2407.12117
cs.LG 2407.12128
cs.LG 2407.12136
cs.LG 2407.12163
cs.LG 2407.12168
cs.LG 2407.12177
cs.LG 2407.12178
cs.LG 2407.12185
cs.LG 2407.12200
cs.LG 2407.12211
cs.LG 2407.12212
cs.LG 2407.12220
cs.LG 2407.12223
cs.LG 2407.12226
cs.LG 2407.12234
cs.LG 2407.12238
cs.LG 2407.12240
cs.LG 2407.12243
cs.LG 2407.12254
cs.LG 2407.12269
cs.LG 2407.12275
cs.LG 2407.12279
cs.LG 2407.12282
cs.LG 2407.12287
cs.LG 2407.12327
cs.LG 2407.12330
cs.LG 2407.12332
cs.LG 2407.12370
cs.LG 2407.12396
cs.LG 2407.12397
cs.LG 2407.12399
cs.LG 2407.12401
cs.LG 2407.12404
cs.LG 2407.12410
cs.LG 2407.12415
cs.LG 2407.12417
cs.LG 2407.12419
cs.LG 2407.12421
cs.LG 2407.12437
cs.LG 2407.12438
cs.LG 2407.12440
cs.LG 2407.12443
cs.LG 2407.12445
cs.LG 2407.12448
cs.LG 2407.12453
cs.LG 2407.12492
cs.LG 2407.12505
cs.LG 2407.12517
cs.LG 2407.12543
cs.LG 2407.12550
cs.LG 2407.12553
cs.LG 2407.12569
cs.LG 2407.12598
cs.LG 2407.12599
cs.LG 2407.12629
cs.LG 2407.12710
cs.LG 2407.12741
cs.LG 2407.12759
cs.LG 2407.12764
cs.LG 2407.12782
cs.LG 2407.12784
cs.LG 2407.12789
cs.LG 2407.12793
cs.LG 2407.12794
cs.LG 2407.12797
cs.LG 2407.12802
cs.LG 2407.12804
cs.LG 2407.12815
cs.LG 2407.12819
cs.LG 2407.12820
cs.LG 2407.12821
cs.LG 2407.12825
cs.LG 2407.12827
cs.LG 2407.12830
cs.LG 2407.12833
cs.LG 2407.12836
cs.LG 2407.12844
cs.LG 2407.12846
cs.LG 2407.12850
cs.LG 2407.12853
cs.LG 2407.12854
cs.LG 2407.12855
cs.LG 2407.12856
cs.LG 2407.12858
cs.LG 2407.12864
cs.LG 2407.12866
cs.LG 2407.12870
cs.LG 2407.12871
cs.LG 2407.12872
cs.LG 2407.12873
cs.LG 2407.12879
cs.LG 2407.12882
cs.LG 2407.12886
cs.LG 2407.12950
cs.LG 2407.12957
cs.LG 2407.12967
cs.LG 2407.12996
cs.LG 2407.13009
cs.LG 2407.13018
cs.LG 2407.13035
cs.LG 2407.13036
cs.LG 2407.13038
cs.LG 2407.13052
cs.LG 2407.13053
cs.LG 2407.13061
cs.LG 2407.13070
cs.LG 2407.13071
cs.LG 2407.13095
cs.LG 2407.13105
cs.LG 2407.13109
cs.LG 2407.13112
cs.LG 2407.13142
cs.LG 2407.13153
cs.LG 2407.13189
cs.LG 2407.13228
cs.LG 2407.13268
cs.LG 2407.13291
cs.LG 2407.13301
cs.LG 2407.13310
cs.LG 2407.13316
cs.LG 2407.13358
cs.LG 2407.13399
cs.LG 2407.13419
cs.LG 2407.13420
cs.LG 2407.13432
cs.LG 2407.13435
cs.LG 2407.13460
cs.LG 2407.13466
cs.LG 2407.13493
cs.LG 2407.13509
cs.LG 2407.13575
cs.LG 2407.13592
cs.LG 2407.13625
cs.LG 2407.13632
cs.LG 2407.13677
cs.LG 2407.13685
cs.LG 2407.13687
cs.LG 2407.13698
cs.LG 2407.13703
cs.LG 2407.13704
cs.LG 2407.13708
cs.LG 2407.13709
cs.LG 2407.13710
cs.LG 2407.13715
cs.LG 2407.13726
cs.LG 2407.13731
cs.LG 2407.12792
cs.LG 2407.12880
cs.LG 2407.12884
cs.LG 2407.12893
cs.LG 2407.12894
cs.LG 2407.12895
cs.LG 2407.12929
cs.LG 2407.12979
cs.LG 2407.12980
cs.LG 2407.12982
cs.LG 2407.12993
cs.LG 2407.13000
cs.LG 2407.13006
cs.LG 2407.13010
cs.LG 2407.13016
cs.LG 2407.13044
cs.LG 2407.13047
cs.LG 2407.13068
cs.LG 2407.13115
cs.LG 2407.13122
cs.LG 2407.13123
cs.LG 2407.13141
cs.LG 2407.13143
cs.LG 2407.13146
cs.LG 2407.13158
cs.LG 2407.13174
cs.LG 2407.13182
cs.LG 2407.13194
cs.LG 2407.13195
cs.LG 2407.13218
cs.LG 2407.13222
cs.LG 2407.13238
cs.LG 2407.13251
cs.LG 2407.13278
cs.LG 2407.13279
cs.LG 2407.13281
cs.LG 2407.13288
cs.LG 2407.13303
cs.LG 2407.13326
cs.LG 2407.13331
cs.LG 2407.13364
cs.LG 2407.13382
cs.LG 2407.13429
cs.LG 2407.13431
cs.LG 2407.13449
cs.LG 2407.13513
cs.LG 2407.13518
cs.LG 2407.13522
cs.LG 2407.13526
cs.LG 2407.13531
cs.LG 2407.13538
cs.LG 2407.13594
cs.LG 2407.13605
cs.LG 2407.13621
cs.LG 2407.13622
cs.LG 2407.13660
cs.LG 2407.13664
cs.LG 2407.13666
cs.LG 2407.13711
cs.LG 2407.13722
cs.LG 2407.13732
cs.LG 2407.13734
cs.LG 2407.13743
cs.LG 2407.13746
cs.LG 2407.13755
cs.RO 2407.08767
cs.RO 2407.08876
cs.RO 2407.08909
cs.RO 2407.08932
cs.RO 2407.08964
cs.RO 2407.09372
cs.RO 2407.08840
cs.RO 2407.08848
cs.RO 2407.08907
cs.RO 2407.09016
cs.RO 2407.09044
cs.RO 2407.09053
cs.RO 2407.09068
cs.RO 2407.09091
cs.RO 2407.09206
cs.RO 2407.09242
cs.RO 2407.09342
cs.RO 2407.09451
cs.RO 2407.09459
cs.RO 2407.09466
cs.RO 2407.09469
cs.RO 2407.09475
cs.RO 2407.09530
cs.RO 2407.09645
cs.RO 2407.09718
cs.RO 2407.10159
cs.RO 2407.10403
cs.RO 2407.10802
cs.RO 2407.10837
cs.RO 2407.09625
cs.RO 2407.09649
cs.RO 2407.09673
cs.RO 2407.09792
cs.RO 2407.09812
cs.RO 2407.09829
cs.RO 2407.09841
cs.RO 2407.09890
cs.RO 2407.09899
cs.RO 2407.09902
cs.RO 2407.09984
cs.RO 2407.09986
cs.RO 2407.10031
cs.RO 2407.10101
cs.RO 2407.10124
cs.RO 2407.10127
cs.RO 2407.10133
cs.RO 2407.10300
cs.RO 2407.10331
cs.RO 2407.10341
cs.RO 2407.10344
cs.RO 2407.10353
cs.RO 2407.10382
cs.RO 2407.10383
cs.RO 2407.10420
cs.RO 2407.10547
cs.RO 2407.10570
cs.RO 2407.10606
cs.RO 2407.10639
cs.RO 2407.10648
cs.RO 2407.10660
cs.RO 2407.10661
cs.RO 2407.10743
cs.RO 2407.10782
cs.RO 2407.10789
cs.RO 2407.10865
cs.RO 2407.10901
cs.RO 2407.10943
cs.RO 2407.10959
cs.RO 2407.11170
cs.RO 2407.11218
cs.RO 2407.11238
cs.RO 2407.11382
cs.RO 2407.11644
cs.RO 2407.11692
cs.RO 2407.11906
cs.RO 2407.11107
cs.RO 2407.11236
cs.RO 2407.11251
cs.RO 2407.11298
cs.RO 2407.11299
cs.RO 2407.11326
cs.RO 2407.11333
cs.RO 2407.11377
cs.RO 2407.11385
cs.RO 2407.11392
cs.RO 2407.11399
cs.RO 2407.11420
cs.RO 2407.11436
cs.RO 2407.11472
cs.RO 2407.11478
cs.RO 2407.11551
cs.RO 2407.11560
cs.RO 2407.11562
cs.RO 2407.11592
cs.RO 2407.11609
cs.RO 2407.11658
cs.RO 2407.11671
cs.RO 2407.11673
cs.RO 2407.11705
cs.RO 2407.11736
cs.RO 2407.11741
cs.RO 2407.11788
cs.RO 2407.11834
cs.RO 2407.11870
cs.RO 2407.11915
cs.RO 2407.11922
cs.RO 2407.12061
cs.RO 2407.12138
cs.RO 2407.12163
cs.RO 2407.12180
cs.RO 2407.12207
cs.RO 2407.12286
cs.RO 2407.12366
cs.RO 2407.12405
cs.RO 2407.12505
cs.RO 2407.12582
cs.RO 2407.12105
cs.RO 2407.12120
cs.RO 2407.12189
cs.RO 2407.12197
cs.RO 2407.12201
cs.RO 2407.12202
cs.RO 2407.12283
cs.RO 2407.12304
cs.RO 2407.12381
cs.RO 2407.12408
cs.RO 2407.12537
cs.RO 2407.12539
cs.RO 2407.12624
cs.RO 2407.12655
cs.RO 2407.12663
cs.RO 2407.12711
cs.RO 2407.12795
cs.RO 2407.13304
cs.RO 2407.13477
cs.RO 2407.12887
cs.RO 2407.12940
cs.RO 2407.12941
cs.RO 2407.12957
cs.RO 2407.12962
cs.RO 2407.12964
cs.RO 2407.12978
cs.RO 2407.12998
cs.RO 2407.13003
cs.RO 2407.13030
cs.RO 2407.13162
cs.RO 2407.13175
cs.RO 2407.13186
cs.RO 2407.13229
cs.RO 2407.13330
cs.RO 2407.13346
cs.RO 2407.13376
cs.RO 2407.13423
cs.RO 2407.13425
cs.RO 2407.13432
cs.RO 2407.13466
cs.RO 2407.13480
cs.RO 2407.13505
cs.RO 2407.13530
cs.RO 2407.13567
cs.RO 2407.13693
cs.RO 2407.13694
cs.RO 2407.13706
cs.SC 2407.08419
cs.SC 2407.10927
cs.SC 2407.11857
cs.SC 2407.12660
cs.SC 2407.13419
stat.CO 2407.08750
stat.CO 2407.09371
stat.CO 2407.08830
stat.CO 2407.09915
stat.CO 2407.10089
stat.CO 2407.11035
stat.CO 2407.11045
stat.CO 2407.11901
stat.CO 2407.11349
stat.CO 2407.12348
stat.CO 2407.12751
stat.CO 2407.12608
stat.CO 2407.13118
stat.CO 2407.12945
stat.CO 2407.13451
stat.CO 2407.13474
stat.CO 2407.13663
eess.AS 2407.08951
eess.AS 2407.09029
eess.AS 2407.09099
eess.AS 2407.09209
eess.AS 2407.09259
eess.AS 2407.09346
eess.AS 2407.08752
eess.AS 2407.08889
eess.AS 2407.08991
eess.AS 2407.09021
eess.AS 2407.09489
eess.AS 2407.09817
eess.AS 2407.10182
eess.AS 2407.10255
eess.AS 2407.10689
eess.AS 2407.09732
eess.AS 2407.09807
eess.AS 2407.09886
eess.AS 2407.10054
eess.AS 2407.10108
eess.AS 2407.10303
eess.AS 2407.10603
eess.AS 2407.10759
eess.AS 2407.11010
eess.AS 2407.11012
eess.AS 2407.11055
eess.AS 2407.11277
eess.AS 2407.11333
eess.AS 2407.11345
eess.AS 2407.11370
eess.AS 2407.11492
eess.AS 2407.11641
eess.AS 2407.11650
eess.AS 2407.11365
eess.AS 2407.11510
eess.AS 2407.11516
eess.AS 2407.11629
eess.AS 2407.11745
eess.AS 2407.11828
eess.AS 2407.11992
eess.AS 2407.12000
eess.AS 2407.12206
eess.AS 2407.12563
eess.AS 2407.12671
eess.AS 2407.12038
eess.AS 2407.12203
eess.AS 2407.12229
eess.AS 2407.12380
eess.AS 2407.12467
eess.AS 2407.12707
eess.AS 2407.12743
eess.AS 2407.12817
eess.AS 2407.13035
eess.AS 2407.13083
eess.AS 2407.13095
eess.AS 2407.13142
eess.AS 2407.13153
eess.AS 2407.13198
eess.AS 2407.13264
eess.AS 2407.13266
eess.AS 2407.13292
eess.AS 2407.13300
eess.AS 2407.13333
eess.AS 2407.13377
eess.AS 2407.13435
eess.AS 2407.13439
eess.AS 2407.13509
eess.AS 2407.13534
eess.AS 2407.13660
eess.AS 2407.13676
eess.AS 2407.12997
eess.AS 2407.13220
eess.AS 2407.13242
cs.SI 2407.09202
cs.SI 2407.08762
cs.SI 2407.09019
cs.SI 2407.09365
cs.SI 2407.09546
cs.SI 2407.09747
cs.SI 2407.10206
cs.SI 2407.10304
cs.SI 2407.10321
cs.SI 2407.10340
cs.SI 2407.10640
cs.SI 2407.10755
cs.SI 2407.10816
cs.SI 2407.09657
cs.SI 2407.09691
cs.SI 2407.09894
cs.SI 2407.10100
cs.SI 2407.10614
cs.SI 2407.10680
cs.SI 2407.06479
cs.SI 2407.11254
cs.SI 2407.11261
cs.SI 2407.11361
cs.SI 2407.11907
cs.SI 2407.11909
cs.SI 2407.11932
cs.SI 2407.11163
cs.SI 2407.11521
cs.SI 2407.11690
cs.SI 2407.11697
cs.SI 2407.11772
cs.SI 2407.11794
cs.SI 2407.12063
cs.SI 2407.12112
cs.SI 2407.12269
cs.SI 2407.12451
cs.SI 2407.12545
cs.SI 2407.12604
cs.SI 2407.12612
cs.SI 2407.12690
cs.SI 2407.12728
cs.SI 2407.12146
cs.SI 2407.12771
cs.SI 2407.13071
cs.SI 2407.13251
cs.SI 2407.13566
cs.SI 2407.12864
cs.SI 2407.12876
cs.SI 2407.12968
cs.SI 2407.13549
stat.ML 2407.08803
stat.ML 2407.08814
stat.ML 2407.08843
stat.ML 2407.08987
stat.ML 2407.09186
stat.ML 2407.09297
stat.ML 2407.09375
stat.ML 2407.09378
stat.ML 2407.08750
stat.ML 2407.08976
stat.ML 2407.09055
stat.ML 2407.09387
stat.ML 2407.09499
stat.ML 2407.09522
stat.ML 2407.09735
stat.ML 2407.09738
stat.ML 2407.09739
stat.ML 2407.09964
stat.ML 2407.10000
cs.SY 2407.08803
stat.ML 2407.10014
cs.SY 2407.08868
stat.ML 2407.10070
cs.SY 2407.08886
stat.ML 2407.10207
cs.SY 2407.09171
stat.ML 2407.10214
cs.SY 2407.09404
stat.ML 2407.10333
cs.SY 2407.09434
stat.ML 2407.10418
cs.SY 2407.08981
stat.ML 2407.10442
cs.SY 2407.09074
stat.ML 2407.10448
cs.SY 2407.09078
stat.ML 2407.10449
cs.SY 2407.09084
stat.ML 2407.10784
cs.SY 2407.09223
stat.ML 2407.10886
cs.SY 2407.09261
stat.ML 2407.10959
cs.SY 2407.09305
stat.ML 2407.09632
cs.SY 2407.09385
stat.ML 2407.09845
cs.SY 2407.09428
stat.ML 2407.10230
cs.SY 2407.09513
stat.ML 2407.10238
cs.SY 2407.09619
stat.ML 2407.10309
cs.SY 2407.09837
stat.ML 2407.10417
cs.SY 2407.09877
stat.ML 2407.10666
cs.SY 2407.10080
stat.ML 2407.10854
cs.SY 2407.10107
stat.ML 2407.10955
cs.SY 2407.10127
stat.ML 2407.11029
cs.SY 2407.10306
stat.ML 2407.11035
cs.SY 2407.10310
stat.ML 2407.11069
cs.SY 2407.10331
stat.ML 2407.11094
cs.SY 2407.10382
stat.ML 2407.11249
cs.SY 2407.10624
stat.ML 2407.11274
cs.SY 2407.09526
stat.ML 2407.11284
cs.SY 2407.09645
stat.ML 2407.11386
cs.SY 2407.09706
stat.ML 2407.11427
cs.SY 2407.09727
stat.ML 2407.11435
cs.SY 2407.09780
stat.ML 2407.11676
cs.SY 2407.09782
stat.ML 2407.11678
cs.SY 2407.10075
stat.ML 2407.11735
cs.SY 2407.10113
stat.ML 2407.11800
cs.SY 2407.10224
stat.ML 2407.11823
cs.SY 2407.10270
stat.ML 2407.11844
cs.SY 2407.10278
stat.ML 2407.11894
cs.SY 2407.10307
stat.ML 2407.11917
cs.SY 2407.10400
stat.ML 2407.11932
cs.SY 2407.10773
stat.ML 2407.11942
cs.SY 2407.10837
stat.ML 2407.11268
cs.SY 2407.10847
stat.ML 2407.11353
cs.SY 2407.11051
stat.ML 2407.11518
cs.SY 2407.11069
stat.ML 2407.11873
cs.SY 2407.11091
stat.ML 2407.11901
cs.SY 2407.11209
stat.ML 2407.11927
cs.SY 2407.11392
stat.ML 2407.12012
cs.SY 2407.11413
stat.ML 2407.12100
cs.SY 2407.11571
stat.ML 2407.12177
cs.SY 2407.11609
stat.ML 2407.12234
cs.SY 2407.11170
stat.ML 2407.12332
cs.SY 2407.11172
stat.ML 2407.12492
cs.SY 2407.11256
stat.ML 2407.12629
cs.SY 2407.11397
cs.SY 2407.11402
stat.ML 2407.12288
cs.SY 2407.11408
stat.ML 2407.12751
stat.ML 2407.12835
cs.SY 2407.11531
stat.ML 2407.12844
cs.SY 2407.11561
stat.ML 2407.12864
cs.SY 2407.11692
stat.ML 2407.12897
cs.SY 2407.11719
stat.ML 2407.12967
cs.SY 2407.12125
stat.ML 2407.12993
cs.SY 2407.12318
stat.ML 2407.13010
cs.SY 2407.12472
stat.ML 2407.13195
cs.SY 2407.12655
stat.ML 2407.13666
cs.SY 2407.12675
stat.ML 2407.13722
cs.SY 2407.12195
stat.ML 2407.13732
stat.ML 2407.13734
stat.ML 2407.13743
cs.SY 2407.12225
stat.ML 2407.13746
stat.ML 2407.12996
stat.ML 2407.13009
cs.SY 2407.12373
stat.ML 2407.13189
stat.ML 2407.13310
cs.SY 2407.12476
stat.ML 2407.13704
cs.SY 2407.12485
stat.ML 2407.13731
cs.SY 2407.12564
cs.SY 2407.12715
cs.SY 2407.12839
cs.SY 2407.12895
cs.SY 2407.13162
cs.SY 2407.13229
cs.SY 2407.13316
cs.SY 2407.13330
cs.SY 2407.13538
cs.SY 2407.13564
cs.SY 2407.13566
cs.SY 2407.13644
cs.SY 2407.13693
cs.SY 2407.12989
cs.SY 2407.13176
cs.SY 2407.13227
cs.SY 2407.13257
cs.SY 2407.13308
cs.SY 2407.13320
cs.SY 2407.13477
cs.SY 2407.13543
cs.SY 2407.13626
cs.SY 2407.13760
math.OC 2407.08803
math.OC 2407.09052
math.OC 2407.09305
math.OC 2407.09360
math.OC 2407.09477
math.OC 2407.08904
math.OC 2407.09190
math.OC 2407.09213
math.OC 2407.09257
math.OC 2407.09404
math.OC 2407.09471
math.OC 2407.09690
math.OC 2407.10005
math.OC 2407.10070
math.OC 2407.10382
math.OC 2407.10454
math.OC 2407.10504
math.OC 2407.10509
math.OC 2407.10521
math.OC 2407.10635
math.OC 2407.10700
math.OC 2407.10942
math.OC 2407.09639
math.OC 2407.09882
math.OC 2407.09927
math.OC 2407.09948
math.OC 2407.10065
math.OC 2407.10073
math.OC 2407.10107
math.OC 2407.10144
math.OC 2407.10158
math.OC 2407.10306
math.OC 2407.10350
math.OC 2407.10513
math.OC 2407.10516
math.OC 2407.10544
math.OC 2407.10597
math.OC 2407.10669
math.OC 2407.10764
math.OC 2407.10770
math.OC 2407.11035
math.OC 2407.11471
math.OC 2407.11533
math.OC 2407.11571
math.OC 2407.11649
math.OC 2407.11752
math.OC 2407.11800
math.OC 2407.11823
math.OC 2407.11951
math.OC 2407.11088
math.OC 2407.11099
math.OC 2407.11209
math.OC 2407.11413
math.OC 2407.11457
math.OC 2407.11530
math.OC 2407.11618
math.OC 2407.11628
math.OC 2407.11703
math.OC 2407.11713
math.OC 2407.11739
math.OC 2407.11760
math.OC 2407.11817
math.OC 2407.11825
math.OC 2407.12225
math.OC 2407.12234
math.OC 2407.12318
math.OC 2407.12333
math.OC 2407.12372
math.OC 2407.12542
math.OC 2407.12629
math.OC 2407.12125
math.OC 2407.12179
math.OC 2407.12509
math.OC 2407.12518
math.OC 2407.12561
math.OC 2407.12839
math.OC 2407.13120
math.OC 2407.13257
math.OC 2407.13320
math.OC 2407.13716
math.OC 2407.12936
math.OC 2407.12984
math.OC 2407.13045
math.OC 2407.13125
math.OC 2407.13234
math.OC 2407.13245
math.OC 2407.13316
math.OC 2407.13367
math.OC 2407.13391
math.OC 2407.13407
math.OC 2407.13445
math.OC 2407.13496
math.OC 2407.13564
math.OC 2407.13576
math.OC 2407.13582
math.OC 2407.13625
eess.IV 2407.08944
eess.IV 2407.08950
eess.IV 2407.09005
eess.IV 2407.09026
eess.IV 2407.09352
eess.IV 2407.09386
eess.IV 2407.09392
eess.IV 2407.08811
eess.IV 2407.08813
eess.IV 2407.08822
eess.IV 2407.08855
eess.IV 2407.08878
eess.IV 2407.08948
eess.IV 2407.08961
eess.IV 2407.09030
eess.IV 2407.09035
eess.IV 2407.09038
eess.IV 2407.09088
eess.IV 2407.09094
eess.IV 2407.09189
eess.IV 2407.09268
eess.IV 2407.09437
eess.IV 2407.09520
eess.IV 2407.09539
eess.IV 2407.09544
eess.IV 2407.09562
eess.IV 2407.09788
eess.IV 2407.09896
eess.IV 2407.09935
eess.IV 2407.09966
eess.IV 2407.10348
eess.IV 2407.10512
eess.IV 2407.10559
eess.IV 2407.10567
eess.IV 2407.10628
eess.IV 2407.10762
eess.IV 2407.09507
eess.IV 2407.09515
eess.IV 2407.09534
eess.IV 2407.09540
eess.IV 2407.09543
eess.IV 2407.09561
eess.IV 2407.09828
eess.IV 2407.09918
eess.IV 2407.09999
eess.IV 2407.10157
eess.IV 2407.10251
eess.IV 2407.10325
eess.IV 2407.10336
eess.IV 2407.10377
eess.IV 2407.10427
eess.IV 2407.10537
eess.IV 2407.10630
eess.IV 2407.10632
eess.IV 2407.10667
eess.IV 2407.10785
eess.IV 2407.10796
eess.IV 2407.10833
eess.IV 2407.10856
eess.IV 2407.10888
eess.IV 2407.10921
eess.IV 2407.10926
eess.IV 2407.11023
eess.IV 2407.11219
eess.IV 2407.11578
eess.IV 2407.11687
eess.IV 2407.11700
eess.IV 2407.11084
eess.IV 2407.11087
eess.IV 2407.11223
eess.IV 2407.11224
eess.IV 2407.11287
eess.IV 2407.11288
eess.IV 2407.11316
eess.IV 2407.11334
eess.IV 2407.11496
eess.IV 2407.11529
eess.IV 2407.11541
eess.IV 2407.11590
eess.IV 2407.11724
eess.IV 2407.11865
eess.IV 2407.12058
eess.IV 2407.12271
eess.IV 2407.12295
eess.IV 2407.12337
eess.IV 2407.12676
eess.IV 2407.12780
eess.IV 2407.12056
eess.IV 2407.12064
eess.IV 2407.12184
eess.IV 2407.12405
eess.IV 2407.12474
eess.IV 2407.12538
eess.IV 2407.12658
eess.IV 2407.12675
eess.IV 2407.12678
eess.IV 2407.12870
eess.IV 2407.13036
eess.IV 2407.13211
eess.IV 2407.13379
eess.IV 2407.13575
eess.IV 2407.13632
eess.IV 2407.13666
eess.IV 2407.13680
eess.IV 2407.12956
eess.IV 2407.12963
eess.IV 2407.13090
eess.IV 2407.13092
eess.IV 2407.13132
eess.IV 2407.13151
eess.IV 2407.13179
eess.IV 2407.13183
eess.IV 2407.13210
eess.IV 2407.13277
eess.IV 2407.13307
eess.IV 2407.13545
nlin.AO 2407.08451
nlin.AO 2407.08641
nlin.AO 2407.09438
nlin.AO 2407.09587
nlin.AO 2407.10213
nlin.AO 2407.11261
nlin.AO 2407.11330
nlin.AO 2407.11728
nlin.AO 2407.11758
nlin.AO 2407.11868
nlin.AO 2407.11939
nlin.AO 2407.12524
stat.TH 2407.08814
stat.TH 2407.08976
stat.TH 2407.08915
stat.TH 2407.09040
stat.TH 2407.09130
stat.TH 2407.09286
stat.TH 2407.09583
stat.TH 2407.09632
stat.TH 2407.09759
stat.TH 2407.09582
stat.TH 2407.09640
stat.TH 2407.09664
stat.TH 2407.09678
stat.TH 2407.09703
stat.TH 2407.09964
stat.TH 2407.10214
stat.TH 2407.10260
stat.TH 2407.10659
stat.TH 2407.10673
stat.TH 2407.10763
stat.TH 2407.11035
stat.TH 2407.11353
stat.TH 2407.11386
stat.TH 2407.11634
stat.TH 2407.11678
stat.TH 2407.11076
stat.TH 2407.11264
stat.TH 2407.11423
stat.TH 2407.11455
stat.TH 2407.11465
stat.TH 2407.11725
stat.TH 2407.11887
stat.TH 2407.11932
stat.TH 2407.12149
stat.TH 2407.12318
stat.TH 2407.12221
stat.TH 2407.12278
stat.TH 2407.12308
stat.TH 2407.12316
stat.TH 2407.12444
stat.TH 2407.12948
stat.TH 2407.12967
stat.TH 2407.13263
stat.TH 2407.13384
stat.TH 2407.13389
stat.TH 2407.13407
stat.TH 2407.13582
stat.TH 2407.13461
stat.TH 2407.13641
nlin.CD 2407.08780
nlin.CD 2407.08987
nlin.CD 2407.09124
nlin.CD 2407.09169
nlin.CD 2407.09449
nlin.CD 2407.09545
nlin.CD 2407.10638
nlin.CD 2407.11114
nlin.CD 2407.11124
nlin.CD 2407.11311
nlin.CD 2407.11583
nlin.CD 2407.12524
nlin.CD 2407.12681
nlin.CD 2407.13393
nlin.CD 2407.13145
nlin.CD 2407.13452
eess.SP 2407.08914
eess.SP 2407.08919
eess.SP 2407.09066
eess.SP 2407.09134
eess.SP 2407.09251
eess.SP 2407.09385
eess.SP 2407.08817
eess.SP 2407.08985
eess.SP 2407.09006
eess.SP 2407.09022
eess.SP 2407.09041
eess.SP 2407.09166
eess.SP 2407.09232
eess.SP 2407.09254
eess.SP 2407.09259
eess.SP 2407.09260
eess.SP 2407.09424
eess.SP 2407.09667
eess.SP 2407.09753
eess.SP 2407.09911
eess.SP 2407.10408
eess.SP 2407.10612
eess.SP 2407.10848
eess.SP 2407.09837
eess.SP 2407.09944
eess.SP 2407.10066
eess.SP 2407.10109
eess.SP 2407.10147
eess.SP 2407.10149
eess.SP 2407.10242
eess.SP 2407.10297
eess.SP 2407.10393
eess.SP 2407.10532
eess.SP 2407.10689
eess.SP 2407.10976
eess.SP 2407.10987
eess.SP 2407.11018
eess.SP 2407.11031
eess.SP 2407.11047
eess.SP 2407.11094
eess.SP 2407.11265
eess.SP 2407.11389
eess.SP 2407.11481
eess.SP 2407.11604
eess.SP 2407.11609
eess.SP 2407.11651
eess.SP 2407.11654
eess.SP 2407.11705
eess.SP 2407.11837
eess.SP 2407.11896
eess.SP 2407.10986
eess.SP 2407.11023
eess.SP 2407.11063
eess.SP 2407.11064
eess.SP 2407.11065
eess.SP 2407.11079
eess.SP 2407.11080
eess.SP 2407.11091
eess.SP 2407.11093
eess.SP 2407.11102
eess.SP 2407.11108
eess.SP 2407.11161
eess.SP 2407.11307
eess.SP 2407.11322
eess.SP 2407.11329
eess.SP 2407.11350
eess.SP 2407.11354
eess.SP 2407.11429
eess.SP 2407.11459
eess.SP 2407.11553
eess.SP 2407.11558
eess.SP 2407.11563
eess.SP 2407.11595
eess.SP 2407.11620
eess.SP 2407.11643
eess.SP 2407.11726
eess.SP 2407.11805
eess.SP 2407.11875
eess.SP 2407.11997
eess.SP 2407.12229
eess.SP 2407.12264
eess.SP 2407.12497
eess.SP 2407.12537
eess.SP 2407.12648
eess.SP 2407.12350
eess.SP 2407.12472
eess.SP 2407.12534
eess.SP 2407.12628
eess.SP 2407.12708
eess.SP 2407.12806
eess.SP 2407.13076
eess.SP 2407.13123
eess.SP 2407.13255
eess.SP 2407.13306
eess.SP 2407.13341
eess.SP 2407.13659
eess.SP 2407.13703
eess.SP 2407.13706
eess.SP 2407.12937
eess.SP 2407.13140
eess.SP 2407.13289
eess.SP 2407.13332
eess.SP 2407.13361
eess.SP 2407.13401
eess.SP 2407.13478
eess.SP 2407.13491
eess.SP 2407.13510
eess.SP 2407.13575
eess.SP 2407.13591
eess.SP 2407.13629
eess.SP 2407.13683
eess.SP 2407.13691
eess.SP 2407.13749
math.PR 2407.08755
math.PR 2407.08756
math.PR 2407.08765
math.PR 2407.08915
math.PR 2407.09034
math.PR 2407.09229
math.PR 2407.09300
math.PR 2407.09406
math.PR 2407.09471
math.PR 2407.09046
math.PR 2407.09065
math.PR 2407.09070
math.PR 2407.09080
math.PR 2407.09102
math.PR 2407.09205
math.PR 2407.09222
math.PR 2407.09267
math.PR 2407.09301
math.PR 2407.09321
math.PR 2407.09426
math.PR 2407.09465
math.PR 2407.09582
math.PR 2407.09583
math.PR 2407.09824
math.PR 2407.10577
math.PR 2407.09878
math.PR 2407.09961
math.PR 2407.10111
math.PR 2407.10211
math.PR 2407.10243
math.PR 2407.10557
math.PR 2407.10594
math.PR 2407.10685
math.PR 2407.10708
math.PR 2407.10715
math.PR 2407.10772
math.PR 2407.10895
math.PR 2407.10983
math.PR 2407.11035
math.PR 2407.11066
math.PR 2407.11076
math.PR 2407.11163
math.PR 2407.11453
math.PR 2407.11465
math.PR 2407.11495
math.PR 2407.11622
math.PR 2407.11752
math.PR 2407.11817
math.PR 2407.11825
math.PR 2407.11873
math.PR 2407.11951
math.PR 2407.11142
math.PR 2407.11386
math.PR 2407.11667
math.PR 2407.11874
math.PR 2407.11898
math.PR 2407.11914
math.PR 2407.12183
math.PR 2407.12444
math.PR 2407.12672
math.PR 2407.12713
math.PR 2407.12166
math.PR 2407.12182
math.PR 2407.12484
math.PR 2407.12610
math.PR 2407.12716
math.PR 2407.12959
math.PR 2407.12961
math.PR 2407.13150
math.PR 2407.13389
math.PR 2407.13582
math.PR 2407.13688
math.PR 2407.12921
math.PR 2407.12948
math.PR 2407.13002
math.PR 2407.13086
math.PR 2407.13215
math.PR 2407.13457
math.PR 2407.13502
math.PR 2407.13544
math.PR 2407.13652
math.PR 2407.13730
math.PR 2407.13762
physics.comp-ph 2407.08808
physics.comp-ph 2407.08857
physics.comp-ph 2407.08982
physics.comp-ph 2407.09079
physics.comp-ph 2407.09092
physics.comp-ph 2407.09169
physics.comp-ph 2407.09436
physics.comp-ph 2407.09438
physics.comp-ph 2407.08901
physics.comp-ph 2407.09315
physics.comp-ph 2407.09628
physics.comp-ph 2407.09778
physics.comp-ph 2407.09834
physics.comp-ph 2407.10273
physics.comp-ph 2407.10458
physics.comp-ph 2407.10654
physics.comp-ph 2407.10757
physics.comp-ph 2407.10936
physics.comp-ph 2407.09626
physics.comp-ph 2407.09700
physics.comp-ph 2407.09757
physics.comp-ph 2407.10030
physics.comp-ph 2407.11208
physics.comp-ph 2407.11262
physics.comp-ph 2407.11390
physics.comp-ph 2407.11437
physics.comp-ph 2407.11493
physics.comp-ph 2407.11746
physics.comp-ph 2407.11754
physics.comp-ph 2407.11792
physics.comp-ph 2407.11900
physics.comp-ph 2407.12293
physics.comp-ph 2407.12361
physics.comp-ph 2407.12430
physics.comp-ph 2407.12432
physics.comp-ph 2407.12441
physics.comp-ph 2407.12453
physics.comp-ph 2407.12527
physics.comp-ph 2407.12631
physics.comp-ph 2407.12651
physics.comp-ph 2407.12525
physics.comp-ph 2407.12530
physics.comp-ph 2407.12942
physics.comp-ph 2407.13010
physics.comp-ph 2407.13224
physics.comp-ph 2407.13256
physics.comp-ph 2407.13410
physics.comp-ph 2407.13643
physics.comp-ph 2407.13682
physics.comp-ph 2407.13737
physics.comp-ph 2407.13420
nlin.SI 2407.07900
nlin.SI 2407.08656
nlin.SI 2407.09155
nlin.SI 2407.09821
nlin.SI 2407.10731
nlin.SI 2407.09813
nlin.SI 2407.09875
nlin.SI 2407.10395
nlin.SI 2407.10326
nlin.SI 2407.11191
nlin.SI 2407.11636
nlin.SI 2407.11175
nlin.SI 2407.11515
nlin.SI 2407.12424
physics.data-an 2407.08962
physics.data-an 2407.09092
physics.data-an 2407.08987
physics.data-an 2407.10771
physics.data-an 2407.09583
physics.data-an 2407.10724
physics.data-an 2407.11022
physics.data-an 2407.11284
physics.data-an 2407.11909
physics.data-an 2407.11917
physics.data-an 2407.12119
physics.data-an 2407.12974
physics.data-an 2407.13197
physics.data-an 2407.13452
physics.data-an 2407.13542
physics.data-an 2407.13714
math.DS 2407.08866
math.DS 2407.09278
math.DS 2407.09305
math.DS 2407.08753
math.DS 2407.08844
math.DS 2407.09058
math.DS 2407.09314
math.DS 2407.09354
math.DS 2407.09406
math.DS 2407.09545
math.DS 2407.09742
math.DS 2407.10202
math.DS 2407.10513
math.DS 2407.10837
math.DS 2407.10854
math.DS 2407.10905
math.DS 2407.09800
math.DS 2407.09843
math.DS 2407.09901
math.DS 2407.10338
math.DS 2407.10728
math.DS 2407.10894
math.DS 2403.12022
math.DS 2407.11248
math.DS 2407.11261
math.DS 2407.11799
math.DS 2407.11314
math.DS 2407.11416
math.DS 2407.11601
math.DS 2407.11684
math.DS 2407.11688
math.DS 2407.11777
math.DS 2407.11961
math.DS 2407.12168
math.DS 2407.12233
math.DS 2407.12293
math.DS 2407.12509
math.DS 2407.12540
math.DS 2407.12598
math.DS 2407.12660
math.DS 2407.12033
math.DS 2407.12039
math.DS 2407.12398
math.DS 2407.12524
math.DS 2407.12527
math.DS 2407.12760
math.DS 2407.12839
math.DS 2407.12864
math.DS 2407.13073
math.DS 2407.13614
math.DS 2407.13202
math.DS 2407.13275
math.DS 2407.13369
math.DS 2407.13465
math.DS 2407.13489
math.DS 2407.13741
astro-ph.IM 2407.08832
astro-ph.IM 2407.08834
astro-ph.IM 2407.08852
astro-ph.IM 2407.09296
astro-ph.IM 2407.09397
astro-ph.IM 2407.08802
astro-ph.IM 2407.08912
astro-ph.IM 2407.09132
astro-ph.IM 2407.09135
astro-ph.IM 2407.09140
astro-ph.IM 2407.09185
astro-ph.IM 2407.09201
astro-ph.IM 2407.09432
astro-ph.IM 2407.08718
astro-ph.IM 2407.09602
astro-ph.IM 2407.09832
astro-ph.IM 2407.10263
astro-ph.IM 2407.10339
astro-ph.IM 2407.10431
astro-ph.IM 2407.10436
astro-ph.IM 2407.10621
astro-ph.IM 2407.10686
astro-ph.IM 2407.10712
astro-ph.IM 2407.10799
astro-ph.IM 2407.09588
astro-ph.IM 2407.09669
astro-ph.IM 2407.09915
astro-ph.IM 2407.09956
astro-ph.IM 2407.10103
astro-ph.IM 2407.10176
astro-ph.IM 2407.10201
astro-ph.IM 2407.10358
astro-ph.IM 2407.10588
astro-ph.IM 2407.10741
astro-ph.IM 2407.10797
astro-ph.IM 2407.10821
astro-ph.IM 2407.10871
astro-ph.IM 2407.11026
astro-ph.IM 2407.11153
astro-ph.IM 2407.11171
astro-ph.IM 2407.11296
astro-ph.IM 2407.11352
astro-ph.IM 2407.11557
astro-ph.IM 2407.11648
astro-ph.IM 2407.11659
astro-ph.IM 2407.11968
astro-ph.IM 2407.11135
astro-ph.IM 2407.11187
astro-ph.IM 2407.11194
astro-ph.IM 2407.11289
astro-ph.IM 2407.11462
astro-ph.IM 2407.11970
astro-ph.IM 2407.12151
astro-ph.IM 2407.12227
astro-ph.IM 2407.12132
astro-ph.IM 2407.12666
astro-ph.IM 2407.12776
astro-ph.IM 1510.02170
astro-ph.IM 1703.09883
astro-ph.IM 2407.12920
astro-ph.IM 2407.13005
astro-ph.IM 2407.13087
astro-ph.IM 2407.13134
astro-ph.IM 2407.13298
astro-ph.IM 2407.13590
astro-ph.IM 2407.13695
astro-ph.IM 2407.13735
astro-ph.IM 2407.13756
astro-ph.IM 2407.13007
astro-ph.IM 2407.13008
astro-ph.IM 2407.13014
astro-ph.IM 2407.13019
astro-ph.IM 2407.13021
astro-ph.IM 2407.13022
astro-ph.IM 2407.13199
astro-ph.IM 2407.13239
astro-ph.IM 2407.13247
astro-ph.IM 2407.13315
astro-ph.IM 2407.13323
astro-ph.IM 2407.13324
astro-ph.IM 2407.13430
astro-ph.IM 2407.13470
astro-ph.IM 2407.13747
physics.app-ph 2407.09208
physics.app-ph 2407.09350
physics.app-ph 2407.09464
physics.app-ph 2407.09175
physics.app-ph 2407.09461
physics.app-ph 2407.09514
physics.app-ph 2407.09916
physics.app-ph 2407.10315
physics.app-ph 2407.10623
physics.app-ph 2407.10919
physics.app-ph 2407.10934
physics.app-ph 2407.09723
physics.app-ph 2407.10208
physics.app-ph 2407.10282
physics.app-ph 2407.10342
physics.app-ph 2407.10354
physics.app-ph 2407.10410
physics.app-ph 2407.10460
physics.app-ph 2407.10676
physics.app-ph 2407.11311
physics.app-ph 2407.11754
physics.app-ph 2407.11276
physics.app-ph 2407.11338
physics.app-ph 2407.12042
physics.app-ph 2407.12204
physics.app-ph 2407.12244
physics.app-ph 2407.12261
physics.app-ph 2407.12496
physics.app-ph 2407.12574
physics.app-ph 2407.12757
physics.app-ph 2407.12245
physics.app-ph 2407.12577
physics.app-ph 2407.12600
physics.app-ph 1609.05249
physics.app-ph 2011.08844
physics.app-ph 2407.13475
physics.app-ph 2407.13607
physics.app-ph 2407.13643
physics.app-ph 2407.13152
physics.app-ph 2407.13370
physics.app-ph 2407.13528
physics.app-ph 2407.13644
physics.ins-det 2407.08834
physics.ins-det 2407.10339
physics.ins-det 2407.09575
physics.ins-det 2407.09928
physics.ins-det 2407.09952
physics.ins-det 2407.09953
physics.ins-det 2407.10261
physics.ins-det 2407.10379
physics.ins-det 2407.10621
physics.ins-det 2407.10716
physics.ins-det 2407.10726
physics.ins-det 2407.10915
physics.ins-det 2407.11276
physics.ins-det 2407.11925
physics.ins-det 2407.11220
physics.ins-det 2407.11776
physics.ins-det 2407.12496
physics.ins-det 2407.12562
physics.ins-det 2407.12119
physics.ins-det 2407.12227
physics.ins-det 2407.12418
physics.ins-det 2407.12991
physics.ins-det 2407.12949
physics.ins-det 2407.12969
physics.ins-det 2407.13705
physics.ins-det 2407.13721
physics.optics 2407.08880
physics.optics 2407.09114
physics.optics 2407.09124
physics.optics 2407.08764
physics.optics 2407.09037
physics.optics 2407.09066
physics.optics 2407.09161
physics.optics 2407.09200
physics.optics 2407.09208
physics.optics 2407.09243
physics.optics 2407.09266
physics.optics 2407.09318
physics.optics 2407.09328
physics.optics 2407.09350
physics.optics 2407.09454
physics.optics 2407.09456
physics.optics 2407.09464
physics.optics 2407.09755
physics.optics 2407.09791
physics.optics 2407.10036
physics.optics 2407.10087
physics.optics 2407.10191
physics.optics 2407.10231
physics.optics 2407.10379
physics.optics 2407.10746
physics.optics 2407.10963
physics.optics 2407.09675
physics.optics 2407.09805
physics.optics 2407.09847
physics.optics 2407.09973
physics.optics 2407.10273
physics.optics 2407.10643
physics.optics 2407.10809
physics.optics 2407.10858
physics.optics 2407.10897
physics.optics 2407.10919
physics.optics 2407.11028
physics.optics 2407.11093
physics.optics 2407.11172
physics.optics 2407.11252
physics.optics 2407.11323
physics.optics 2407.11642
physics.optics 2407.11811
physics.optics 2407.11171
physics.optics 2407.11255
physics.optics 2407.11339
physics.optics 2407.11441
physics.optics 2407.11662
physics.optics 2407.11754
physics.optics 2407.11796
physics.optics 2407.11842
physics.optics 2407.11871
physics.optics 2407.11899
physics.optics 2407.11953
physics.optics 2407.12337
physics.optics 2407.12429
physics.optics 2407.12441
physics.optics 2407.12506
physics.optics 2407.12578
physics.optics 2407.12634
physics.optics 2407.12666
physics.optics 2407.12351
physics.optics 2407.12364
physics.optics 2407.12496
physics.optics 2407.12520
physics.optics 2407.12531
physics.optics 2407.12547
physics.optics 2407.12668
physics.optics 2407.13021
physics.optics 2407.13145
physics.optics 2407.13199
physics.optics 2407.13655
physics.optics 2407.12811
physics.optics 2407.12966
physics.optics 2407.13049
physics.optics 2407.13173
physics.optics 2407.13295
physics.optics 2407.13305
physics.optics 2407.13371
physics.optics 2407.13475
physics.optics 2407.13512
cond-mat.dis-nn 2407.07957
cond-mat.dis-nn 2407.08453
cond-mat.dis-nn 2407.09092
cond-mat.dis-nn 2407.00868
cond-mat.dis-nn 2407.09161
cond-mat.dis-nn 2407.10284
cond-mat.dis-nn 2407.10519
cond-mat.dis-nn 2407.10043
cond-mat.dis-nn 2407.10746
cond-mat.dis-nn 2407.11133
cond-mat.dis-nn 2407.11227
cond-mat.dis-nn 2407.11493
cond-mat.dis-nn 2407.12909
cond-mat.dis-nn 2407.13444
cond-mat.dis-nn 2407.13767
cond-mat.dis-nn 2407.13039
cond-mat.dis-nn 2407.13456
cond-mat.dis-nn 2407.13655
physics.med-ph 2407.08871
physics.med-ph 2407.10336
physics.med-ph 2407.10856
physics.med-ph 2407.09629
physics.med-ph 2407.09656
physics.med-ph 2407.09667
physics.med-ph 2407.09851
physics.med-ph 2407.09868
physics.med-ph 2407.11196
physics.med-ph 2407.11742
physics.med-ph 2407.12337
physics.med-ph 2407.12664
physics.med-ph 2407.12780
physics.med-ph 2407.12956
physics.med-ph 2407.12991
physics.med-ph 2407.13259
q-fin.MF 2407.08748
q-fin.MF 2407.08756
q-fin.MF 2407.10659
q-fin.MF 2407.11465
q-fin.MF 2407.11761
q-fin.MF 2407.12754
q-fin.MF 2407.13547
econ.TH 2407.04366
econ.TH 2407.05132
econ.TH 2407.05460
econ.TH 2407.04857
econ.TH 2407.05196
econ.TH 2407.05804
econ.TH 2407.07293
econ.TH 2407.07386
econ.TH 2407.10525
econ.TH 2407.11273
econ.TH 2407.11710
