cs.FL 2501.14360
cs.FL 2501.14725
cs.FL 2501.16291
cs.FL 2501.14899
cs.FL 2501.15192
cs.FL 2501.16088
cs.FL 2501.16274
cs.FL 2501.16977
cs.FL 2501.17576
cs.FL 2501.18155
cs.CC 1803.04660
cs.CC 2501.14298
cs.CC 2501.14447
cs.CC 2501.14337
cs.CC 2501.14569
cs.CC 2501.15295
cs.CC 2501.15312
cs.CC 2501.16039
cs.CC 2501.16517
cs.CC 2501.17445
cs.CC 2501.18176
cs.CC 2501.18183
cs.CG 2501.10876
cs.CG 2501.11156
cs.CG 2501.12044
cs.CG 2501.10728
cs.CG 2501.12261
cs.CG 2501.12306
cs.CG 2501.12814
cs.CG 2501.12821
cs.CG 2501.13873
cs.CG 2501.13201
cs.CG 2501.13737
cs.CG 2501.15258
cs.CG 2501.15642
cs.CG 2501.17794
cs.DM 2501.13202
cs.DM 2501.13481
cs.DM 2501.13520
cs.DM 2501.13617
cs.DM 2501.13760
cs.DM 2501.13842
cs.DM 2501.13903
cs.DM 2501.13907
cs.DM 2501.13463
cs.DM 2501.13935
cs.DM 2501.14363
cs.DM 2501.14440
cs.DM 2501.14554
cs.DM 2501.14658
cs.DM 2501.14662
cs.DM 2501.15126
cs.DM 2501.15515
cs.DM 2501.16802
cs.DM 2501.16826
cs.DM 2501.17293
cs.DM 2501.17638
cs.DM 2501.17657
cs.DM 2501.17725
cs.DM 2501.17794
cs.DS 2501.14658
cs.DS 2501.14010
cs.DS 2501.14336
cs.DS 2501.14450
cs.DS 2501.14461
cs.DS 2501.14537
cs.DS 2501.15782
cs.DS 2501.15952
cs.DS 2501.16039
cs.DS 2501.16419
cs.DS 2501.16680
cs.DS 2501.16535
cs.DS 2501.17205
cs.DS 2501.17638
cs.DS 2501.17277
cs.DS 2501.17379
cs.DS 2501.17563
cs.DS 2501.17682
cs.DS 2501.17701
cs.DS 2501.17708
cs.DS 2501.17836
cs.DS 2501.18522
cs.DS 2501.18010
cs.DS 2501.18105
cs.DS 2501.18496
cs.AR 2501.14007
cs.AR 2501.14220
cs.AR 2501.14328
cs.AR 2501.14495
cs.AR 2501.14525
cs.AR 2501.14042
cs.AR 2501.14370
cs.AR 2501.14631
cs.AR 2501.14740
cs.AR 2501.14812
cs.AR 2501.15275
cs.AR 2501.15448
cs.AR 2501.16205
cs.AR 2501.16217
cs.AR 2501.15582
cs.AR 2501.16053
cs.AR 2501.16337
cs.AR 2501.17434
cs.AR 2501.17466
cs.AR 2501.17567
cs.AR 2501.17605
cs.AR 2501.18113
cs.AR 2501.18253
cs.AR 2501.18371
cs.GR 2501.13812
cs.GR 2501.13918
cs.GR 2501.13928
cs.GR 2501.13969
cs.GR 2501.13971
cs.GR 2501.13975
cs.GR 2501.14726
cs.GR 2501.14068
cs.GR 2501.14807
cs.GR 2501.14853
cs.GR 2501.15555
cs.GR 2501.15981
cs.GR 2501.16177
cs.GR 2501.15258
cs.GR 2501.15279
cs.GR 2501.16778
cs.GR 2501.17099
cs.GR 2501.16550
cs.GR 2501.17872
cs.GR 2501.17978
cs.GR 2501.18590
cs.GR 2501.17895
cs.GR 2501.18152
cs.CE 2501.14216
cs.CE 2501.14186
cs.CE 2501.15007
cs.CE 2501.15871
cs.CE 2501.15957
cs.CE 2501.16099
cs.CE 2501.14910
cs.CE 2501.14948
cs.CE 2501.15337
cs.CE 2501.15357
cs.CE 2501.15406
cs.CE 2501.15484
cs.CE 2501.15921
cs.CE 2501.16373
cs.CE 2501.17081
cs.CE 2501.17335
cs.CE 2501.17653
cs.CE 2501.17834
cs.CE 2501.18189
cs.CE 2501.18397
cs.CE 2501.18078
cs.CE 2501.18200
cs.DB 2501.14224
cs.DB 2501.14399
cs.DB 2501.14345
cs.DB 2501.14432
cs.DB 2501.14473
cs.DB 2501.15077
cs.DB 2501.15120
cs.DB 2501.15738
cs.DB 2501.16256
cs.DB 2501.16722
cs.DB 2501.16544
cs.DB 2501.16574
cs.DB 2501.16605
cs.DB 2501.16607
cs.DB 2501.16759
cs.DB 2501.17074
cs.DB 2501.17270
cs.DB 2501.17379
cs.DB 2501.17836
cs.DB 2501.17174
cs.DB 2501.17414
cs.DB 2501.18377
cs.GT 2501.14418
cs.GT 2501.14159
cs.GT 2501.14474
cs.GT 2501.14609
cs.GT 2501.14625
cs.GT 2501.14922
cs.GT 2501.15280
cs.GT 2501.15422
cs.GT 2501.16018
cs.GT 2501.16173
cs.GT 2501.14847
cs.GT 2501.14916
cs.GT 2501.15006
cs.GT 2501.15295
cs.GT 2501.15324
cs.GT 2501.15338
cs.GT 2501.15782
cs.GT 2501.15834
cs.GT 2501.15916
cs.GT 2501.16090
cs.GT 2501.16138
cs.GT 2501.16291
cs.GT 2501.16307
cs.GT 2501.16996
cs.GT 2501.17079
cs.GT 2501.16600
cs.GT 2501.17282
cs.GT 2501.17559
cs.GT 2501.17582
cs.GT 2501.17614
cs.GT 2501.17685
cs.GT 2501.17255
cs.GT 2501.17385
cs.GT 2501.18455
cs.GT 2501.18022
cs.GT 2501.18304
cs.GT 2501.18343
cs.GT 2501.18442
cs.CV 2501.12880
cs.CV 2501.13960
cs.CV 2501.13970
cs.CV 2501.13972
cs.CV 2501.13985
cs.CV 2501.13988
cs.CV 2501.14013
cs.CV 2501.14048
cs.CV 2501.14066
cs.CV 2501.14122
cs.CV 2501.14171
cs.CV 2501.14172
cs.CV 2501.14198
cs.CV 2501.14208
cs.CV 2501.14264
cs.CV 2501.14279
cs.CV 2501.14287
cs.CV 2501.14323
cs.CV 2501.14379
cs.CV 2501.14483
cs.CV 2501.14496
cs.CV 2501.14502
cs.CV 2501.14520
cs.CV 2501.14592
cs.CV 2501.14685
cs.CV 2501.14704
cs.CV 2501.14709
cs.CV 2501.14728
cs.CV 2501.13950
cs.CV 2501.13961
cs.CV 2501.13963
cs.CV 2501.13964
cs.CV 2501.13967
cs.CV 2501.13968
cs.CV 2501.13969
cs.CV 2501.13971
cs.CV 2501.13973
cs.CV 2501.13975
cs.CV 2501.13981
cs.CV 2501.13982
cs.CV 2501.13991
cs.CV 2501.13994
cs.CV 2501.13996
cs.CV 2501.14001
cs.CV 2501.14004
cs.CV 2501.14005
cs.CV 2501.14014
cs.CV 2501.14038
cs.CV 2501.14046
cs.CV 2501.14051
cs.CV 2501.14056
cs.CV 2501.14070
cs.CV 2501.14101
cs.CV 2501.14148
cs.CV 2501.14149
cs.CV 2501.14158
cs.CV 2501.14166
cs.CV 2501.14174
cs.CV 2501.14182
cs.CV 2501.14190
cs.CV 2501.14194
cs.CV 2501.14195
cs.CV 2501.14204
cs.CV 2501.14210
cs.CV 2501.14228
cs.CV 2501.14230
cs.CV 2501.14231
cs.CV 2501.14238
cs.CV 2501.14265
cs.CV 2501.14276
cs.CV 2501.14277
cs.CV 2501.14302
cs.CV 2501.14306
cs.CV 2501.14308
cs.CV 2501.14309
cs.CV 2501.14316
cs.CV 2501.14317
cs.CV 2501.14319
cs.CV 2501.14338
cs.CV 2501.14356
cs.CV 2501.14369
cs.CV 2501.14401
cs.CV 2501.14404
cs.CV 2501.14413
cs.CV 2501.14439
cs.CV 2501.14455
cs.CV 2501.14495
cs.CV 2501.14510
cs.CV 2501.14514
cs.CV 2501.14524
cs.CV 2501.14533
cs.CV 2501.14534
cs.CV 2501.14535
cs.CV 2501.14546
cs.CV 2501.14548
cs.CV 2501.14587
cs.CV 2501.14593
cs.CV 2501.14605
cs.CV 2501.14607
cs.CV 2501.14646
cs.CV 2501.14659
cs.CV 2501.14677
cs.CV 2501.14679
cs.CV 2501.14689
cs.CV 2501.14726
cs.CV 2501.14729
cs.CV 2501.14744
cs.CV 2501.14877
cs.CV 2501.15001
cs.CV 2501.15128
cs.CV 2501.15235
cs.CV 2501.15269
cs.CV 2501.15309
cs.CV 2501.15343
cs.CV 2501.15363
cs.CV 2501.15379
cs.CV 2501.15396
cs.CV 2501.15423
cs.CV 2501.15435
cs.CV 2501.15450
cs.CV 2501.15485
cs.CV 2501.15486
cs.CV 2501.15505
cs.CV 2501.15572
cs.CV 2501.15573
cs.CV 2501.15588
cs.CV 2501.15598
cs.CV 2501.15610
cs.CV 2501.15659
cs.CV 2501.15712
cs.CV 2501.15733
cs.CV 2501.15743
cs.CV 2501.15831
cs.CV 2501.15953
cs.CV 2501.15955
cs.CV 2501.15963
cs.CV 2501.15994
cs.CV 2501.16101
cs.CV 2501.16249
cs.CV 2501.16273
cs.CV 2501.16282
cs.CV 2501.16295
cs.CV 2501.14818
cs.CV 2501.14828
cs.CV 2501.14885
cs.CV 2501.14894
cs.CV 2501.14896
cs.CV 2501.14905
cs.CV 2501.14914
cs.CV 2501.14918
cs.CV 2501.14929
cs.CV 2501.14945
cs.CV 2501.14999
cs.CV 2501.15008
cs.CV 2501.15040
cs.CV 2501.15043
cs.CV 2501.15045
cs.CV 2501.15046
cs.CV 2501.15052
cs.CV 2501.15058
cs.CV 2501.15061
cs.CV 2501.15073
cs.CV 2501.15074
cs.CV 2501.15096
cs.CV 2501.15099
cs.CV 2501.15111
cs.CV 2501.15119
cs.CV 2501.15122
cs.CV 2501.15138
cs.CV 2501.15140
cs.CV 2501.15144
cs.CV 2501.15151
cs.CV 2501.15167
cs.CV 2501.15187
cs.CV 2501.15201
cs.CV 2501.15211
cs.CV 2501.15248
cs.CV 2501.15253
cs.CV 2501.15257
cs.CV 2501.15262
cs.CV 2501.15263
cs.CV 2501.15286
cs.CV 2501.15326
cs.CV 2501.15369
cs.CV 2501.15370
cs.CV 2501.15371
cs.CV 2501.15377
cs.CV 2501.15384
cs.CV 2501.15385
cs.CV 2501.15389
cs.CV 2501.15394
cs.CV 2501.15407
cs.CV 2501.15409
cs.CV 2501.15415
cs.CV 2501.15420
cs.CV 2501.15431
cs.CV 2501.15434
cs.CV 2501.15438
cs.CV 2501.15440
cs.CV 2501.15443
cs.CV 2501.15445
cs.CV 2501.15448
cs.CV 2501.15449
cs.CV 2501.15452
cs.CV 2501.15454
cs.CV 2501.15455
cs.CV 2501.15464
cs.CV 2501.15469
cs.CV 2501.15492
cs.CV 2501.15503
cs.CV 2501.15510
cs.CV 2501.15513
cs.CV 2501.15519
cs.CV 2501.15520
cs.CV 2501.15547
cs.CV 2501.15558
cs.CV 2501.15562
cs.CV 2501.15579
cs.CV 2501.15595
cs.CV 2501.15603
cs.CV 2501.15616
cs.CV 2501.15619
cs.CV 2501.15641
cs.CV 2501.15648
cs.CV 2501.15653
cs.CV 2501.15656
cs.CV 2501.15660
cs.CV 2501.15666
cs.CV 2501.15724
cs.CV 2501.15757
cs.CV 2501.15763
cs.CV 2501.15774
cs.CV 2501.15775
cs.CV 2501.15795
cs.CV 2501.15798
cs.CV 2501.15808
cs.CV 2501.15839
cs.CV 2501.15847
cs.CV 2501.15852
cs.CV 2501.15860
cs.CV 2501.15870
cs.CV 2501.15878
cs.CV 2501.15890
cs.CV 2501.15891
cs.CV 2501.15981
cs.CV 2501.15998
cs.CV 2501.16003
cs.CV 2501.16022
cs.CV 2501.16037
cs.CV 2501.16065
cs.CV 2501.16085
cs.CV 2501.16100
cs.CV 2501.16146
cs.CV 2501.16147
cs.CV 2501.16177
cs.CV 2501.16182
cs.CV 2501.16211
cs.CV 2501.16221
cs.CV 2501.16222
cs.CV 2501.16227
cs.CV 2501.16239
cs.CV 2501.16246
cs.CV 2501.16289
cs.CV 2501.16297
cs.CV 2501.16300
cs.CV 2501.16312
cs.CV 2501.16319
cs.CV 2501.16330
cs.CV 2501.16378
cs.CV 2501.16389
cs.CV 2501.16458
cs.CV 2501.16550
cs.CV 2501.16629
cs.CV 2501.16664
cs.CV 2501.16698
cs.CV 2501.16733
cs.CV 2501.16740
cs.CV 2501.16803
cs.CV 2501.16879
cs.CV 2501.17062
cs.CV 2501.17099
cs.CV 2501.17160
cs.CV 2501.17161
cs.CV 2501.16410
cs.CV 2501.16411
cs.CV 2501.16467
cs.CV 2501.16469
cs.CV 2501.16481
cs.CV 2501.16525
cs.CV 2501.16551
cs.CV 2501.16559
cs.CV 2501.16571
cs.CV 2501.16583
cs.CV 2501.16608
cs.CV 2501.16612
cs.CV 2501.16617
cs.CV 2501.16652
cs.CV 2501.16662
cs.CV 2501.16665
cs.CV 2501.16677
cs.CV 2501.16679
cs.CV 2501.16684
cs.CV 2501.16700
cs.CV 2501.16704
cs.CV 2501.16714
cs.CV 2501.16716
cs.CV 2501.16720
cs.CV 2501.16724
cs.CV 2501.16737
cs.CV 2501.16751
cs.CV 2501.16753
cs.CV 2501.16757
cs.CV 2501.16760
cs.CV 2501.16764
cs.CV 2501.16767
cs.CV 2501.16769
cs.CV 2501.16778
cs.CV 2501.16786
cs.CV 2501.16787
cs.CV 2501.16811
cs.CV 2501.16870
cs.CV 2501.16889
cs.CV 2501.16896
cs.CV 2501.16904
cs.CV 2501.16917
cs.CV 2501.16947
cs.CV 2501.16969
cs.CV 2501.16971
cs.CV 2501.16981
cs.CV 2501.16992
cs.CV 2501.16997
cs.CV 2501.17044
cs.CV 2501.17053
cs.CV 2501.17076
cs.CV 2501.17085
cs.CV 2501.17131
cs.CV 2501.17159
cs.CV 2501.17162
cs.CV 2501.17266
cs.CV 2501.17322
cs.CV 2501.17570
cs.CV 2501.17594
cs.CV 2501.17628
cs.CV 2501.17634
cs.CV 2501.17635
cs.CV 2501.17699
cs.CV 2501.17758
cs.CV 2501.17811
cs.CV 2501.17822
cs.CV 2501.17171
cs.CV 2501.17260
cs.CV 2501.17289
cs.CV 2501.17328
cs.CV 2501.17343
cs.CV 2501.17356
cs.CV 2501.17387
cs.CV 2501.17391
cs.CV 2501.17403
cs.CV 2501.17422
cs.CV 2501.17441
cs.CV 2501.17468
cs.CV 2501.17534
cs.CV 2501.17547
cs.CV 2501.17550
cs.CV 2501.17555
cs.CV 2501.17586
cs.CV 2501.17595
cs.CV 2501.17636
cs.CV 2501.17642
cs.CV 2501.17655
cs.CV 2501.17688
cs.CV 2501.17690
cs.CV 2501.17718
cs.CV 2501.17726
cs.CV 2501.17792
cs.CV 2501.17813
cs.CV 2501.17821
cs.CV 2501.17823
cs.CV 2501.17887
cs.CV 2501.17897
cs.CV 2501.18109
cs.CV 2501.18110
cs.CV 2501.18157
cs.CV 2501.18161
cs.CV 2501.18167
cs.CV 2501.18219
cs.CV 2501.18270
cs.CV 2501.18314
cs.CV 2501.18362
cs.CV 2501.18412
cs.CV 2501.18418
cs.CV 2501.18588
cs.CV 2501.17890
cs.CV 2501.17906
cs.CV 2501.17977
cs.CV 2501.17978
cs.CV 2501.17983
cs.CV 2501.17987
cs.CV 2501.18011
cs.CV 2501.18033
cs.CV 2501.18096
cs.CV 2501.18098
cs.CV 2501.18116
cs.CV 2501.18124
cs.CV 2501.18162
cs.CV 2501.18192
cs.CV 2501.18232
cs.CV 2501.18237
cs.CV 2501.18246
cs.CV 2501.18269
cs.CV 2501.18294
cs.CV 2501.18313
cs.CV 2501.18315
cs.CV 2501.18324
cs.CV 2501.18328
cs.CV 2501.18361
cs.CV 2501.18376
cs.CV 2501.18401
cs.CV 2501.18403
cs.CV 2501.18427
cs.CV 2501.18444
cs.CV 2501.18453
cs.CV 2501.18463
cs.CV 2501.18474
cs.CV 2501.18478
cs.CV 2501.18487
cs.CV 2501.18494
cs.CV 2501.18500
cs.CV 2501.18504
cs.CV 2501.18509
cs.CV 2501.18517
cs.CV 2501.18533
cs.CV 2501.18538
cs.CV 2501.18543
cs.CV 2501.18545
cs.CV 2501.18590
cs.CV 2501.18592
cs.CV 2501.18593
cs.CV 2501.18594
cs.CV 2501.18595
cs.DC 2501.13954
cs.DC 2501.14170
cs.DC 2501.14370
cs.DC 2501.14418
cs.DC 2501.14438
cs.DC 2501.14458
cs.DC 2501.14556
cs.DC 2501.14644
cs.DC 2501.14653
cs.DC 2501.14312
cs.DC 2501.14406
cs.DC 2501.14417
cs.DC 2501.14456
cs.DC 2501.14336
cs.DC 2501.15104
cs.DC 2501.15305
cs.DC 2501.15348
cs.DC 2501.15486
cs.DC 2501.15939
cs.DC 2501.15995
cs.DC 2501.16007
cs.DC 2501.16168
cs.DC 2501.16174
cs.DC 2501.16298
cs.DC 2501.14732
cs.DC 2501.14733
cs.DC 2501.14734
cs.DC 2501.14739
cs.DC 2501.14740
cs.DC 2501.14743
cs.DC 2501.14745
cs.DC 2501.14753
cs.DC 2501.14755
cs.DC 2501.14757
cs.DC 2501.14763
cs.DC 2501.14765
cs.DC 2501.14781
cs.DC 2501.14783
cs.DC 2501.14784
cs.DC 2501.14786
cs.DC 2501.14794
cs.DC 2501.14795
cs.DC 2501.14802
cs.DC 2501.14807
cs.DC 2501.14808
cs.DC 2501.14812
cs.DC 2501.14815
cs.DC 2501.14823
cs.DC 2501.14832
cs.DC 2501.14931
cs.DC 2501.15126
cs.DC 2501.15289
cs.DC 2501.15504
cs.DC 2501.15802
cs.DC 2501.15829
cs.DC 2501.15904
cs.DC 2501.15962
cs.DC 2501.16103
cs.DC 2501.16205
cs.DC 2501.16245
cs.DC 2501.16519
cs.DC 2501.16758
cs.DC 2501.16943
cs.DC 2501.16634
cs.DC 2501.16892
cs.DC 2501.16909
cs.DC 2501.17275
cs.DC 2501.17381
cs.DC 2501.17396
cs.DC 2501.17416
cs.DC 2501.17466
cs.DC 2501.17610
cs.DC 2501.17732
cs.DC 2501.17752
cs.DC 2501.17796
cs.DC 2501.18298
cs.DC 2501.18309
cs.DC 2501.17944
cs.DC 2501.17998
cs.DC 2501.18191
cs.DC 2501.18447
cs.AI 2501.13941
cs.AI 2501.13943
cs.AI 2501.13944
cs.AI 2501.13945
cs.AI 2501.13946
cs.AI 2501.13947
cs.AI 2501.13948
cs.AI 2501.13949
cs.AI 2501.13951
cs.AI 2501.13952
cs.AI 2501.13953
cs.AI 2501.13954
cs.AI 2501.13955
cs.AI 2501.13956
cs.AI 2501.13957
cs.AI 2501.13958
cs.AI 2501.13959
cs.AI 2501.13962
cs.AI 2501.13964
cs.AI 2501.13965
cs.AI 2501.13967
cs.AI 2501.13973
cs.AI 2501.13976
cs.AI 2501.13977
cs.AI 2501.13978
cs.AI 2501.13983
cs.AI 2501.13984
cs.AI 2501.13985
cs.AI 2501.13986
cs.AI 2501.13987
cs.AI 2501.13988
cs.AI 2501.13989
cs.AI 2501.13991
cs.AI 2501.13992
cs.AI 2501.13993
cs.AI 2501.13994
cs.AI 2501.13997
cs.AI 2501.13999
cs.AI 2501.14000
cs.AI 2501.14001
cs.AI 2501.14002
cs.AI 2501.14003
cs.AI 2501.14004
cs.AI 2501.14005
cs.AI 2501.14006
cs.AI 2501.14007
cs.AI 2501.14009
cs.AI 2501.14012
cs.AI 2501.14013
cs.AI 2501.14048
cs.AI 2501.14050
cs.AI 2501.14051
cs.AI 2501.14070
cs.AI 2501.14082
cs.AI 2501.14084
cs.AI 2501.14105
cs.AI 2501.14119
cs.AI 2501.14120
cs.AI 2501.14122
cs.AI 2501.14158
cs.AI 2501.14165
cs.AI 2501.14166
cs.AI 2501.14172
cs.AI 2501.14174
cs.AI 2501.14176
cs.AI 2501.14183
cs.AI 2501.14194
cs.AI 2501.14199
cs.AI 2501.14204
cs.AI 2501.14210
cs.AI 2501.14216
cs.AI 2501.14225
cs.AI 2501.14228
cs.AI 2501.14238
cs.AI 2501.14249
cs.AI 2501.14250
cs.AI 2501.14268
cs.AI 2501.14269
cs.AI 2501.14275
cs.AI 2501.14276
cs.AI 2501.14278
cs.AI 2501.14288
cs.AI 2501.14294
cs.AI 2501.14305
cs.AI 2501.14308
cs.AI 2501.14310
cs.AI 2501.14322
cs.AI 2501.14346
cs.AI 2501.14371
cs.AI 2501.14379
cs.AI 2501.14399
cs.AI 2501.14400
cs.AI 2501.14406
cs.AI 2501.14443
cs.AI 2501.14459
cs.AI 2501.14469
cs.AI 2501.14474
cs.AI 2501.14483
cs.AI 2501.14492
cs.AI 2501.14513
cs.AI 2501.14544
cs.AI 2501.14546
cs.AI 2501.14577
cs.AI 2501.14603
cs.AI 2501.14610
cs.AI 2501.14622
cs.AI 2501.14644
cs.AI 2501.14653
cs.AI 2501.14654
cs.AI 2501.14661
cs.AI 2501.14673
cs.AI 2501.14678
cs.AI 2501.14679
cs.AI 2501.14685
cs.AI 2501.14687
cs.AI 2501.14689
cs.AI 2501.14693
cs.AI 2501.14694
cs.AI 2501.14700
cs.AI 2501.14719
cs.AI 2501.13936
cs.AI 2501.13942
cs.AI 2501.14035
cs.AI 2501.14189
cs.AI 2501.14224
cs.AI 2501.14300
cs.AI 2501.14304
cs.AI 2501.14334
cs.AI 2501.14360
cs.AI 2501.14540
cs.AI 2501.14568
cs.AI 2501.14630
cs.AI 2501.14634
cs.AI 2501.12121
cs.AI 2501.12829
cs.AI 2501.14731
cs.AI 2501.14733
cs.AI 2501.14734
cs.AI 2501.14735
cs.AI 2501.14737
cs.AI 2501.14747
cs.AI 2501.14753
cs.AI 2501.14755
cs.AI 2501.14756
cs.AI 2501.14766
cs.AI 2501.14767
cs.AI 2501.14768
cs.AI 2501.14769
cs.AI 2501.14772
cs.AI 2501.14775
cs.AI 2501.14776
cs.AI 2501.14777
cs.AI 2501.14778
cs.AI 2501.14779
cs.AI 2501.14780
cs.AI 2501.14784
cs.AI 2501.14785
cs.AI 2501.14790
cs.AI 2501.14794
cs.AI 2501.14809
cs.AI 2501.14815
cs.AI 2501.14818
cs.AI 2501.14822
cs.AI 2501.14823
cs.AI 2501.14826
cs.AI 2501.14828
cs.AI 2501.14844
cs.AI 2501.14846
cs.AI 2501.14850
cs.AI 2501.14851
cs.AI 2501.14856
cs.AI 2501.14912
cs.AI 2501.14928
cs.AI 2501.14929
cs.AI 2501.14932
cs.AI 2501.14934
cs.AI 2501.14936
cs.AI 2501.14940
cs.AI 2501.14942
cs.AI 2501.14956
cs.AI 2501.14959
cs.AI 2501.14960
cs.AI 2501.14970
cs.AI 2501.14980
cs.AI 2501.14994
cs.AI 2501.15014
cs.AI 2501.15022
cs.AI 2501.15030
cs.AI 2501.15034
cs.AI 2501.15038
cs.AI 2501.15045
cs.AI 2501.15046
cs.AI 2501.15052
cs.AI 2501.15053
cs.AI 2501.15054
cs.AI 2501.15055
cs.AI 2501.15061
cs.AI 2501.15065
cs.AI 2501.15074
cs.AI 2501.15081
cs.AI 2501.15084
cs.AI 2501.15098
cs.AI 2501.15103
cs.AI 2501.15109
cs.AI 2501.15122
cs.AI 2501.15140
cs.AI 2501.15142
cs.AI 2501.15149
cs.AI 2501.15175
cs.AI 2501.15198
cs.AI 2501.15223
cs.AI 2501.15225
cs.AI 2501.15240
cs.AI 2501.15247
cs.AI 2501.15255
cs.AI 2501.15276
cs.AI 2501.15281
cs.AI 2501.15290
cs.AI 2501.15304
cs.AI 2501.15305
cs.AI 2501.15318
cs.AI 2501.15322
cs.AI 2501.15343
cs.AI 2501.15355
cs.AI 2501.15369
cs.AI 2501.15370
cs.AI 2501.15373
cs.AI 2501.15374
cs.AI 2501.15379
cs.AI 2501.15384
cs.AI 2501.15405
cs.AI 2501.15407
cs.AI 2501.15409
cs.AI 2501.15417
cs.AI 2501.15418
cs.AI 2501.15420
cs.AI 2501.15431
cs.AI 2501.15442
cs.AI 2501.15445
cs.AI 2501.15446
cs.AI 2501.15448
cs.AI 2501.15452
cs.AI 2501.15463
cs.AI 2501.15464
cs.AI 2501.15486
cs.AI 2501.15492
cs.AI 2501.15509
cs.AI 2501.15529
cs.AI 2501.15544
cs.AI 2501.15547
cs.AI 2501.15555
cs.AI 2501.15562
cs.AI 2501.15564
cs.AI 2501.15572
cs.AI 2501.15585
cs.AI 2501.15587
cs.AI 2501.15598
cs.AI 2501.15618
cs.AI 2501.15619
cs.AI 2501.15638
cs.AI 2501.15648
cs.AI 2501.15654
cs.AI 2501.15660
cs.AI 2501.15661
cs.AI 2501.15665
cs.AI 2501.15678
cs.AI 2501.15688
cs.AI 2501.15693
cs.AI 2501.15695
cs.AI 2501.15708
cs.AI 2501.15724
cs.AI 2501.15727
cs.AI 2501.15731
cs.AI 2501.15733
cs.AI 2501.15747
cs.AI 2501.15757
cs.AI 2501.15767
cs.AI 2501.15781
cs.AI 2501.15802
cs.AI 2501.15816
cs.AI 2501.15817
cs.AI 2501.15820
cs.AI 2501.15830
cs.AI 2501.15836
cs.AI 2501.15838
cs.AI 2501.15842
cs.AI 2501.15865
cs.AI 2501.15870
cs.AI 2501.15876
cs.AI 2501.15877
cs.AI 2501.15889
cs.AI 2501.15890
cs.AI 2501.15908
cs.AI 2501.15916
cs.AI 2501.15928
cs.AI 2501.15963
cs.AI 2501.15968
cs.AI 2501.15969
cs.AI 2501.15987
cs.AI 2501.15998
cs.AI 2501.16029
cs.AI 2501.16033
cs.AI 2501.16050
cs.AI 2501.16061
cs.AI 2501.16075
cs.AI 2501.16093
cs.AI 2501.16100
cs.AI 2501.16142
cs.AI 2501.16146
cs.AI 2501.16154
cs.AI 2501.16164
cs.AI 2501.16174
cs.AI 2501.16177
cs.AI 2501.16182
cs.AI 2501.16191
cs.AI 2501.16211
cs.AI 2501.16224
cs.AI 2501.16243
cs.AI 2501.16249
cs.AI 2501.16271
cs.AI 2501.16273
cs.AI 2501.16274
cs.AI 2501.16282
cs.AI 2501.16288
cs.AI 2501.16295
cs.AI 2501.16300
cs.AI 2501.16309
cs.AI 2501.16329
cs.AI 2501.16330
cs.AI 2501.14836
cs.AI 2501.14892
cs.AI 2501.14954
cs.AI 2501.15001
cs.AI 2501.15007
cs.AI 2501.15056
cs.AI 2501.15085
cs.AI 2501.15105
cs.AI 2501.15147
cs.AI 2501.15249
cs.AI 2501.15280
cs.AI 2501.15378
cs.AI 2501.15393
cs.AI 2501.15404
cs.AI 2501.15489
cs.AI 2501.15495
cs.AI 2501.15602
cs.AI 2501.15740
cs.AI 2501.15749
cs.AI 2501.15791
cs.AI 2501.15857
cs.AI 2501.15972
cs.AI 2501.16150
cs.AI 2501.16207
cs.AI 2501.16215
cs.AI 2501.16331
cs.AI 2501.16336
cs.AI 2501.16337
cs.AI 2501.16344
cs.AI 2501.16345
cs.AI 2501.16346
cs.AI 2501.16347
cs.AI 2501.16348
cs.AI 2501.16349
cs.AI 2501.16352
cs.AI 2501.16353
cs.AI 2501.16354
cs.AI 2501.16355
cs.AI 2501.16356
cs.AI 2501.16357
cs.AI 2501.16360
cs.AI 2501.16361
cs.AI 2501.16364
cs.AI 2501.16365
cs.AI 2501.16368
cs.AI 2501.16369
cs.AI 2501.16370
cs.AI 2501.16371
cs.AI 2501.16372
cs.AI 2501.16373
cs.AI 2501.16374
cs.AI 2501.16375
cs.AI 2501.16376
cs.AI 2501.16377
cs.AI 2501.16378
cs.AI 2501.16379
cs.AI 2501.16380
cs.AI 2501.16382
cs.AI 2501.16383
cs.AI 2501.16391
cs.AI 2501.16403
cs.AI 2501.16404
cs.AI 2501.16409
cs.AI 2501.16411
cs.AI 2501.16450
cs.AI 2501.16453
cs.AI 2501.16466
cs.AI 2501.16471
cs.AI 2501.16490
cs.AI 2501.16497
cs.AI 2501.16504
cs.AI 2501.16507
cs.AI 2501.16509
cs.AI 2501.16510
cs.AI 2501.16516
cs.AI 2501.16525
cs.AI 2501.16534
cs.AI 2501.16539
cs.AI 2501.16551
cs.AI 2501.16571
cs.AI 2501.16577
cs.AI 2501.16591
cs.AI 2501.16605
cs.AI 2501.16606
cs.AI 2501.16607
cs.AI 2501.16613
cs.AI 2501.16621
cs.AI 2501.16627
cs.AI 2501.16634
cs.AI 2501.16635
cs.AI 2501.16643
cs.AI 2501.16650
cs.AI 2501.16652
cs.AI 2501.16655
cs.AI 2501.16658
cs.AI 2501.16662
cs.AI 2501.16663
cs.AI 2501.16666
cs.AI 2501.16671
cs.AI 2501.16677
cs.AI 2501.16692
cs.AI 2501.16700
cs.AI 2501.16714
cs.AI 2501.16720
cs.AI 2501.16722
cs.AI 2501.16726
cs.AI 2501.16729
cs.AI 2501.16734
cs.AI 2501.16740
cs.AI 2501.16744
cs.AI 2501.16751
cs.AI 2501.16753
cs.AI 2501.16778
cs.AI 2501.16783
cs.AI 2501.16800
cs.AI 2501.16836
cs.AI 2501.16884
cs.AI 2501.16889
cs.AI 2501.16899
cs.AI 2501.16937
cs.AI 2501.16944
cs.AI 2501.16945
cs.AI 2501.16952
cs.AI 2501.16966
cs.AI 2501.16986
cs.AI 2501.17030
cs.AI 2501.17037
cs.AI 2501.17041
cs.AI 2501.17044
cs.AI 2501.17062
cs.AI 2501.17077
cs.AI 2501.17079
cs.AI 2501.17081
cs.AI 2501.17088
cs.AI 2501.17096
cs.AI 2501.17104
cs.AI 2501.17117
cs.AI 2501.17144
cs.AI 2501.17148
cs.AI 2501.17152
cs.AI 2501.17160
cs.AI 2501.16350
cs.AI 2501.16448
cs.AI 2501.16546
cs.AI 2501.16609
cs.AI 2501.16672
cs.AI 2501.16689
cs.AI 2501.16922
cs.AI 2501.16961
cs.AI 2501.17015
cs.AI 2501.17161
cs.AI 2501.17164
cs.AI 2501.17167
cs.AI 2501.17168
cs.AI 2501.17170
cs.AI 2501.17171
cs.AI 2501.17174
cs.AI 2501.17175
cs.AI 2501.17176
cs.AI 2501.17178
cs.AI 2501.17182
cs.AI 2501.17183
cs.AI 2501.17187
cs.AI 2501.17195
cs.AI 2501.17200
cs.AI 2501.17207
cs.AI 2501.17260
cs.AI 2501.17286
cs.AI 2501.17295
cs.AI 2501.17296
cs.AI 2501.17325
cs.AI 2501.17326
cs.AI 2501.17329
cs.AI 2501.17338
cs.AI 2501.17343
cs.AI 2501.17347
cs.AI 2501.17356
cs.AI 2501.17361
cs.AI 2501.17366
cs.AI 2501.17374
cs.AI 2501.17377
cs.AI 2501.17384
cs.AI 2501.17386
cs.AI 2501.17391
cs.AI 2501.17399
cs.AI 2501.17403
cs.AI 2501.17411
cs.AI 2501.17414
cs.AI 2501.17420
cs.AI 2501.17429
cs.AI 2501.17433
cs.AI 2501.17441
cs.AI 2501.17479
cs.AI 2501.17486
cs.AI 2501.17489
cs.AI 2501.17510
cs.AI 2501.17518
cs.AI 2501.17546
cs.AI 2501.17555
cs.AI 2501.17567
cs.AI 2501.17578
cs.AI 2501.17581
cs.AI 2501.17612
cs.AI 2501.17629
cs.AI 2501.17635
cs.AI 2501.17643
cs.AI 2501.17654
cs.AI 2501.17665
cs.AI 2501.17688
cs.AI 2501.17690
cs.AI 2501.17699
cs.AI 2501.17731
cs.AI 2501.17749
cs.AI 2501.17755
cs.AI 2501.17759
cs.AI 2501.17767
cs.AI 2501.17771
cs.AI 2501.17790
cs.AI 2501.17805
cs.AI 2501.17813
cs.AI 2501.17822
cs.AI 2501.17823
cs.AI 2501.17842
cs.AI 2501.17855
cs.AI 2501.17858
cs.AI 2501.17860
cs.AI 2501.17181
cs.AI 2501.17186
cs.AI 2501.17188
cs.AI 2501.17201
cs.AI 2501.17206
cs.AI 2501.17282
cs.AI 2501.17310
cs.AI 2501.17315
cs.AI 2501.17393
cs.AI 2501.17459
cs.AI 2501.17493
cs.AI 2501.17496
cs.AI 2501.17507
cs.AI 2501.17559
cs.AI 2501.17704
cs.AI 2501.17725
cs.AI 2501.17811
cs.AI 2501.17879
cs.AI 2501.17880
cs.AI 2501.17881
cs.AI 2501.17883
cs.AI 2501.17888
cs.AI 2501.17889
cs.AI 2501.17894
cs.AI 2501.17899
cs.AI 2501.17903
cs.AI 2501.17905
cs.AI 2501.17917
cs.AI 2501.17980
cs.AI 2501.17982
cs.AI 2501.18006
cs.AI 2501.18011
cs.AI 2501.18016
cs.AI 2501.18045
cs.AI 2501.18052
cs.AI 2501.18055
cs.AI 2501.18059
cs.AI 2501.18064
cs.AI 2501.18071
cs.AI 2501.18086
cs.AI 2501.18096
cs.AI 2501.18100
cs.AI 2501.18107
cs.AI 2501.18108
cs.AI 2501.18119
cs.AI 2501.18122
cs.AI 2501.18124
cs.AI 2501.18128
cs.AI 2501.18129
cs.AI 2501.18131
cs.AI 2501.18137
cs.AI 2501.18187
cs.AI 2501.18199
cs.AI 2501.18223
cs.AI 2501.18237
cs.AI 2501.18258
cs.AI 2501.18269
cs.AI 2501.18270
cs.AI 2501.18271
cs.AI 2501.18280
cs.AI 2501.18287
cs.AI 2501.18294
cs.AI 2501.18310
cs.AI 2501.18328
cs.AI 2501.18337
cs.AI 2501.18344
cs.AI 2501.18356
cs.AI 2501.18367
cs.AI 2501.18403
cs.AI 2501.18426
cs.AI 2501.18432
cs.AI 2501.18438
cs.AI 2501.18448
cs.AI 2501.18452
cs.AI 2501.18468
cs.AI 2501.18475
cs.AI 2501.18490
cs.AI 2501.18492
cs.AI 2501.18501
cs.AI 2501.18504
cs.AI 2501.18535
cs.AI 2501.18539
cs.AI 2501.18565
cs.AI 2501.18577
cs.AI 2501.18578
cs.AI 2501.18588
cs.AI 2501.18592
cs.AI 2501.18593
cs.AI 2501.18596
cs.AI 2501.17974
cs.AI 2501.17991
cs.AI 2501.18009
cs.AI 2501.18081
cs.AI 2501.18099
cs.AI 2501.18190
cs.AI 2501.18201
cs.HC 2501.13964
cs.AI 2501.18202
cs.AI 2501.18291
cs.HC 2501.14084
cs.AI 2501.18296
cs.HC 2501.14098
cs.AI 2501.18299
cs.HC 2501.14163
cs.AI 2501.18320
cs.HC 2501.14225
cs.AI 2501.18362
cs.HC 2501.14530
cs.AI 2501.18411
cs.HC 2501.14719
cs.AI 2501.18413
cs.HC 2501.14092
cs.AI 2501.18455
cs.HC 2501.14110
cs.AI 2501.18542
cs.HC 2501.14133
cs.HC 2501.14179
cs.HC 2501.14327
cs.HC 2501.14648
cs.HC 2501.14778
cs.HC 2501.14779
cs.HC 2501.14917
cs.HC 2501.15056
cs.HC 2501.15147
cs.HC 2501.15273
cs.HC 2501.15304
cs.HC 2501.15678
cs.HC 2501.16150
cs.HC 2501.14903
cs.HC 2501.15028
cs.HC 2501.15047
cs.HC 2501.15276
cs.HC 2501.15332
cs.HC 2501.15346
cs.HC 2501.15347
cs.HC 2501.15408
cs.HC 2501.15413
cs.HC 2501.15456
cs.HC 2501.15463
cs.HC 2501.15583
cs.HC 2501.15599
cs.HC 2501.15608
cs.HC 2501.15628
cs.HC 2501.15711
cs.HC 2501.15721
cs.HC 2501.15727
cs.HC 2501.15770
cs.HC 2501.15819
cs.HC 2501.15864
cs.HC 2501.15877
cs.HC 2501.15885
cs.HC 2501.15931
cs.HC 2501.16010
cs.HC 2501.16033
cs.HC 2501.16061
cs.HC 2501.16084
cs.HC 2501.16164
cs.HC 2501.16230
cs.HC 2501.16240
cs.HC 2501.16305
cs.HC 2501.16601
cs.HC 2501.16609
cs.HC 2501.16641
cs.HC 2501.16668
cs.HC 2501.16780
cs.HC 2501.16929
cs.HC 2501.17037
cs.HC 2501.16505
cs.HC 2501.16507
cs.HC 2501.16515
cs.HC 2501.16518
cs.HC 2501.16557
cs.HC 2501.16566
cs.HC 2501.16577
cs.HC 2501.16627
cs.HC 2501.16661
cs.HC 2501.16674
cs.HC 2501.16693
cs.HC 2501.16864
cs.HC 2501.16885
cs.HC 2501.17099
cs.HC 2501.17182
cs.HC 2501.17310
cs.HC 2501.17348
cs.HC 2501.17420
cs.HC 2501.17747
cs.HC 2501.17855
cs.HC 2501.17247
cs.HC 2501.17258
cs.HC 2501.17299
cs.HC 2501.17322
cs.HC 2501.17375
cs.HC 2501.17430
cs.HC 2501.17475
cs.HC 2501.17489
cs.HC 2501.17546
cs.HC 2501.17585
cs.HC 2501.17629
cs.HC 2501.17768
cs.HC 2501.17799
cs.HC 2501.17819
cs.HC 2501.17899
cs.HC 2501.17942
cs.HC 2501.18045
cs.HC 2501.18148
cs.HC 2501.18265
cs.HC 2501.18291
cs.HC 2501.18565
cs.HC 2501.18002
cs.HC 2501.18103
cs.HC 2501.18108
cs.HC 2501.18210
cs.HC 2501.18462
cs.HC 2501.18468
cs.HC 2501.18493
cs.HC 2501.18506
cs.HC 2501.18588
cs.MA 2501.13946
cs.MA 2501.14170
cs.MA 2501.14189
cs.MA 2501.14653
cs.MA 2501.14654
cs.MA 2501.14111
cs.MA 2501.14488
cs.MA 2501.12829
cs.MA 2501.14844
cs.MA 2501.15324
cs.MA 2501.15470
cs.MA 2501.15495
cs.MA 2501.15749
cs.MA 2501.15791
cs.MA 2501.16080
cs.MA 2501.16138
cs.MA 2501.14819
cs.MA 2501.15695
cs.MA 2501.16098
cs.MA 2501.16173
cs.MA 2501.16519
cs.MA 2501.16539
cs.MA 2501.16600
cs.MA 2501.16847
cs.MA 2501.16935
cs.MA 2501.17015
cs.MA 2501.16606
cs.MA 2501.17079
cs.MA 2501.17282
cs.MA 2501.17561
cs.MA 2501.17329
cs.MA 2501.18177
cs.MA 2501.17903
cs.LO 2310.04118
cs.LO 2501.14421
cs.LO 2501.14550
cs.LO 2501.14363
cs.LO 2501.14542
cs.LO 2501.14585
cs.LO 2501.14836
cs.LO 2501.14851
cs.LO 2501.14899
cs.LO 2501.15002
cs.LO 2501.15104
cs.LO 2501.15639
cs.LO 2501.16088
cs.LO 2501.16274
cs.LO 2501.16307
cs.LO 2501.15156
cs.LO 2501.15238
cs.LO 2501.15303
cs.LO 2501.15325
cs.LO 2501.15439
cs.LO 2501.15507
cs.LO 2501.15637
cs.LO 2501.15913
cs.LO 2501.15938
cs.LO 2501.16208
cs.LO 2501.16465
cs.LO 2501.16672
cs.LO 2501.16543
cs.LO 2501.16576
cs.LO 2501.17060
cs.LO 2501.17250
cs.LO 2501.17444
cs.LO 2501.17556
cs.LO 2501.17576
cs.LO 2501.18331
cs.LO 2501.18404
cs.LO 2501.18231
cs.LO 2501.18275
cs.LO 2501.18309
cs.LO 2501.18326
cs.LO 2501.18445
cs.LO 2501.18499
cs.PF 2501.12469
cs.PF 2501.13131
cs.PF 2501.13240
cs.PF 2501.13382
cs.PF 2501.13553
cs.PF 2501.14732
cs.PF 2501.14743
cs.PF 2501.14763
cs.PF 2501.15030
cs.PF 2501.15856
cs.PF 2501.16245
cs.PF 2501.16319
cs.PF 2501.14925
cs.PF 2501.16277
cs.PF 2102.06117
cs.PF 2501.17127
cs.PF 2501.17428
cs.PF 2501.17752
cs.PF 2501.17452
cs.IR 2501.13954
cs.IR 2501.13956
cs.IR 2501.13958
cs.IR 2501.13959
cs.IR 2501.13993
cs.IR 2501.14105
cs.IR 2501.14256
cs.IR 2501.14432
cs.IR 2501.14719
cs.IR 2501.14268
cs.IR 2501.14269
cs.IR 2501.14296
cs.IR 2501.14342
cs.IR 2501.14399
cs.IR 2501.14434
cs.IR 2501.14459
cs.IR 2501.14466
cs.IR 2501.14579
cs.NA 2501.14108
cs.IR 2501.14767
cs.NA 2501.14440
cs.IR 2501.14956
cs.NA 2501.14527
cs.IR 2501.15000
cs.IR 2501.15228
cs.NA 2501.14550
cs.IR 2501.15587
cs.IR 2501.15797
cs.NA 2501.14598
cs.NA 2501.14636
cs.IR 2501.15915
cs.IR 2501.16075
cs.NA 2501.14699
cs.NA 2501.14704
cs.IR 2501.16171
cs.NA 2501.14425
cs.IR 2501.14826
cs.NA 2501.14475
cs.NA 2501.14521
cs.IR 2501.14922
cs.NA 2501.14536
cs.IR 2501.15067
cs.NA 2501.14591
cs.IR 2501.15087
cs.IR 2501.15118
cs.NA 2501.14599
cs.NA 2501.14608
cs.IR 2501.15120
cs.IR 2501.15183
cs.NA 2501.14715
cs.NA 2501.14787
cs.IR 2501.15379
cs.NA 2501.14840
cs.IR 2501.15425
cs.NA 2501.14870
cs.IR 2501.15429
cs.IR 2501.15470
cs.NA 2501.15126
cs.IR 2501.15816
cs.NA 2501.15314
cs.IR 2501.15817
cs.NA 2501.15527
cs.IR 2501.15953
cs.NA 2501.15646
cs.IR 2501.16111
cs.NA 2501.15959
cs.IR 2501.16112
cs.NA 2501.14857
cs.IR 2501.16125
cs.NA 2501.14874
cs.NA 2501.14895
cs.IR 2501.16276
cs.NA 2501.14911
cs.IR 2501.16303
cs.IR 2501.16375
cs.NA 2501.15036
cs.NA 2501.15066
cs.IR 2501.16672
cs.IR 2501.16450
cs.NA 2501.15152
cs.NA 2501.15168
cs.IR 2501.16722
cs.NA 2501.15186
cs.NA 2501.15292
cs.IR 2501.16888
cs.NA 2501.15331
cs.IR 2501.16902
cs.IR 2501.17039
cs.NA 2501.15333
cs.IR 2501.17175
cs.NA 2501.15335
cs.IR 2501.17181
cs.NA 2501.15887
cs.IR 2501.17191
cs.NA 2501.15943
cs.IR 2501.17449
cs.NA 2501.15954
cs.IR 2501.17799
cs.NA 2501.15967
cs.IR 2501.17822
cs.NA 2501.15976
cs.IR 2501.17409
cs.NA 2501.15987
cs.IR 2501.17630
cs.NA 2501.16055
cs.NA 2501.16096
cs.IR 2501.17670
cs.NA 2501.16099
cs.NA 2501.16115
cs.IR 2501.17788
cs.NA 2501.16116
cs.IR 2501.16214
cs.NA 2501.16194
cs.IR 2501.18210
cs.NA 2501.16248
cs.IR 2501.18365
cs.IR 2501.18539
cs.NA 2501.16370
cs.IR 2501.17969
cs.NA 2501.16578
cs.IR 2501.17981
cs.NA 2501.16913
cs.IR 2501.18056
cs.NA 2501.17019
cs.NA 2501.17122
cs.IR 2501.18117
cs.NA 2501.16529
cs.IR 2501.18126
cs.IR 2501.18177
cs.NA 2501.16594
cs.IR 2501.18216
cs.NA 2501.16660
cs.IR 2501.18265
cs.NA 2501.16696
cs.IR 2501.18292
cs.NA 2501.16850
cs.IR 2501.18536
cs.NA 2501.16876
cs.NA 2501.16882
cs.NA 2501.16895
cs.NA 2501.16968
cs.NA 2501.16991
cs.NA 2501.17103
cs.NA 2501.17106
cs.NA 2501.17108
cs.NA 2501.17110
cs.NA 2501.17143
cs.NA 2501.17301
cs.NA 2501.17390
cs.NA 2501.17438
cs.NA 2501.17478
cs.NA 2501.17590
cs.NA 2501.17656
cs.NA 2501.17696
cs.NA 2501.17754
cs.NA 2501.17853
cs.NA 2501.17880
cs.NA 2501.18471
cs.NA 2501.18503
cs.NA 2501.18575
cs.NA 2501.17956
cs.NA 2501.17967
cs.NA 2501.18013
cs.NA 2501.18035
cs.NA 2501.18065
cs.NA 2501.18228
cs.NA 2501.18240
cs.NA 2501.18305
cs.NA 2501.18307
cs.NA 2501.18395
cs.NA 2501.18428
cs.CR 2501.14050
cs.CR 2501.14122
cs.CR 2501.14175
cs.CR 2501.14184
cs.CR 2501.14230
cs.CR 2501.14250
cs.CR 2501.14337
cs.CR 2501.14414
cs.CR 2501.14644
cs.CR 2501.14700
cs.CR 2501.13941
cs.CR 2501.13962
cs.CR 2501.13965
cs.CR 2501.13974
cs.CR 2501.14008
cs.CR 2501.14328
cs.CR 2501.14330
cs.CR 2501.14397
cs.CR 2501.14418
cs.CR 2501.14496
cs.CR 2501.14500
cs.CR 2501.14512
cs.CR 2501.14555
cs.CR 2501.14556
cs.CR 2501.14651
cs.CR 2501.04479
cs.CR 2501.14974
cs.CR 2501.15032
cs.CR 2501.15529
cs.CR 2501.15563
cs.CR 2501.15718
cs.CR 2501.15002
cs.CR 2501.15031
cs.CR 2501.15076
cs.CR 2501.15077
cs.CR 2501.15084
cs.CR 2501.15101
cs.CR 2501.15145
cs.CR 2501.15288
cs.CR 2501.15290
cs.CR 2501.15313
cs.CR 2501.15363
cs.CR 2501.15391
cs.CR 2501.15395
cs.CR 2501.15459
cs.CR 2501.15468
cs.CR 2501.15478
cs.CR 2501.15509
cs.CR 2501.15553
cs.CR 2501.15578
cs.CR 2501.15751
cs.CR 2501.15760
cs.CR 2501.15836
cs.CR 2501.15911
cs.CR 2501.15975
cs.CR 2501.16007
cs.CR 2501.16029
cs.CR 2501.16165
cs.CR 2501.16184
cs.CR 2501.16217
cs.CR 2501.16497
cs.CR 2501.16638
cs.CR 2501.16704
cs.CR 2501.16888
cs.CR 2501.16964
cs.CR 2501.17021
cs.CR 2501.17030
cs.CR 2501.17124
cs.CR 2501.16451
cs.CR 2501.16466
cs.CR 2501.16490
cs.CR 2501.16534
cs.CR 2501.16558
cs.CR 2501.16619
cs.CR 2501.16663
cs.CR 2501.16671
cs.CR 2501.16680
cs.CR 2501.16681
cs.CR 2501.16750
cs.CR 2501.16763
cs.CR 2501.16784
cs.CR 2501.16843
cs.CR 2501.16948
cs.CR 2501.16962
cs.CR 2501.17070
cs.CR 2501.17089
cs.CR 2501.17123
cs.CR 2501.17315
cs.CR 2501.17634
cs.CR 2501.17667
cs.CR 2501.17845
cs.CR 2501.17858
cs.CR 2501.17292
cs.CR 2501.17335
cs.CR 2501.17381
cs.CR 2501.17392
cs.CR 2501.17396
cs.CR 2501.17402
cs.CR 2501.17405
cs.CR 2501.17413
cs.CR 2501.17429
cs.CR 2501.17433
cs.CR 2501.17501
cs.CR 2501.17539
cs.CR 2501.17548
cs.CR 2501.17733
cs.CR 2501.17740
cs.CR 2501.17748
cs.CR 2501.17750
cs.CR 2501.17760
cs.CR 2501.17762
cs.CR 2501.17786
cs.CR 2501.17824
cs.CR 2501.17866
cs.CR 2501.18006
cs.CR 2501.18121
cs.CR 2501.18176
cs.CR 2501.18371
cs.CR 2501.18394
cs.CR 2501.18407
cs.CR 2501.18533
cs.CR 2501.18102
cs.CR 2501.18131
cs.CR 2501.18158
cs.CR 2501.18279
cs.CR 2501.18387
cs.CR 2501.18492
cs.CR 2501.18549
cs.CR 2501.18565
cs.RO 2501.13960
cs.RO 2501.13973
cs.RO 2501.13994
cs.RO 2501.13996
cs.RO 2501.14238
cs.RO 2501.14319
cs.RO 2501.14451
cs.RO 2501.14503
cs.RO 2501.14587
cs.RO 2501.14616
cs.RO 2501.14672
cs.RO 2501.13988
cs.RO 2501.14099
cs.RO 2501.14147
cs.RO 2501.14151
cs.RO 2501.14208
cs.RO 2501.14280
cs.RO 2501.14377
cs.RO 2501.14400
cs.RO 2501.14443
cs.RO 2501.14486
cs.RO 2501.14502
cs.RO 2501.14513
cs.RO 2501.14526
cs.RO 2501.14557
cs.RO 2501.14678
cs.RO 2501.14819
cs.RO 2501.14824
cs.RO 2501.14992
cs.RO 2501.15189
cs.RO 2501.15850
cs.RO 2501.14816
cs.RO 2501.14856
cs.RO 2501.14934
cs.RO 2501.14942
cs.RO 2501.15068
cs.RO 2501.15071
cs.RO 2501.15078
cs.RO 2501.15198
cs.RO 2501.15214
cs.RO 2501.15272
cs.RO 2501.15426
cs.RO 2501.15505
cs.RO 2501.15564
cs.RO 2501.15618
cs.RO 2501.15659
cs.RO 2501.15768
cs.RO 2501.15806
cs.RO 2501.15830
cs.RO 2501.15901
cs.RO 2501.16006
cs.RO 2501.16101
cs.RO 2501.16212
cs.RO 2501.16411
cs.RO 2501.16698
cs.RO 2501.16947
cs.RO 2501.16997
cs.RO 2501.17015
cs.RO 2501.16389
cs.RO 2501.16458
cs.RO 2501.16480
cs.RO 2501.16485
cs.RO 2501.16539
cs.RO 2501.16590
cs.RO 2501.16664
cs.RO 2501.16717
cs.RO 2501.16719
cs.RO 2501.16728
cs.RO 2501.16733
cs.RO 2501.16743
cs.RO 2501.16754
cs.RO 2501.16800
cs.RO 2501.16803
cs.RO 2501.16868
cs.RO 2501.16899
cs.RO 2501.16929
cs.RO 2501.16973
cs.RO 2501.17018
cs.RO 2501.17022
cs.RO 2501.17172
cs.RO 2501.17173
cs.RO 2501.17206
cs.RO 2501.17431
cs.RO 2501.17704
cs.RO 2501.17754
cs.RO 2501.17789
cs.RO 2501.17842
cs.RO 2501.17311
cs.RO 2501.17313
cs.RO 2501.17349
cs.RO 2501.17351
cs.RO 2501.17424
cs.RO 2501.17437
cs.RO 2501.17594
cs.RO 2501.17658
cs.RO 2501.17661
cs.RO 2501.17664
cs.RO 2501.17665
cs.RO 2501.17666
cs.RO 2501.17773
cs.RO 2501.17851
cs.RO 2501.17855
cs.RO 2501.17884
cs.RO 2501.17962
cs.RO 2501.18086
cs.RO 2501.18093
cs.RO 2501.18162
cs.RO 2501.18309
cs.RO 2501.18315
cs.RO 2501.18543
cs.RO 2501.18592
cs.RO 2501.17963
cs.RO 2501.17968
cs.RO 2501.17982
cs.RO 2501.18016
cs.RO 2501.18075
cs.RO 2501.18110
cs.RO 2501.18220
cs.RO 2501.18229
cs.RO 2501.18351
cs.RO 2501.18448
cs.RO 2501.18490
cs.RO 2501.18505
cs.RO 2501.18516
cs.RO 2501.18564
cs.OS 2501.08484
cs.OS 2501.10002
cs.OS 2501.10138
cs.OS 2501.11366
cs.OS 2501.11179
cs.OS 2501.16165
cs.OS 2501.17707
cs.PL 2501.14555
cs.PL 2501.14421
cs.PL 2501.14438
cs.PL 2501.14550
cs.PL 2501.14598
cs.PL 2501.14702
cs.PL 2501.14776
cs.PL 2501.15002
cs.PL 2501.15156
cs.PL 2501.15104
cs.PL 2501.16310
cs.PL 2501.16607
cs.PL 2501.16977
cs.PL 2501.17278
cs.PL 2501.17707
cs.PL 2501.17824
cs.PL 2501.17741
cs.PL 2501.17778
cs.PL 2501.18160
cs.PL 2501.18046
cs.PL 2501.18087
cs.NI 2501.14406
cs.NI 2501.14700
cs.NI 2501.14117
cs.NI 2501.14205
cs.NI 2501.14367
cs.NI 2501.14387
cs.NI 2501.14389
cs.NI 2501.14411
cs.NI 2501.14552
cs.NI 2501.14619
cs.NI 2501.14753
cs.NI 2501.14815
cs.NI 2501.15376
cs.NI 2501.15395
cs.NI 2501.15563
cs.NI 2501.15995
cs.NI 2501.16296
cs.NI 2501.16306
cs.NI 2501.14878
cs.NI 2501.14967
cs.NI 2501.15064
cs.NI 2501.15100
cs.NI 2501.15164
cs.NI 2501.15182
cs.NI 2501.15687
cs.NI 2501.15734
cs.NI 2501.15853
cs.NI 2501.15855
cs.NI 2501.15928
cs.NI 2501.16143
cs.NI 2501.16236
cs.NI 2005.04617
cs.NI 2501.16332
cs.NI 2501.16610
cs.NI 2501.16726
cs.NI 2501.16803
cs.NI 2501.17124
cs.NI 2501.16502
cs.NI 2501.16734
cs.NI 2501.16752
cs.NI 2501.16805
cs.NI 2501.16842
cs.NI 2501.16890
cs.NI 2501.16907
cs.NI 2501.17014
cs.NI 2501.17126
cs.NI 2501.17127
cs.NI 2501.17184
cs.NI 2501.17845
cs.NI 2501.17271
cs.NI 2501.17331
cs.NI 2501.17532
cs.NI 2501.17684
cs.NI 2501.17881
cs.NI 2501.18394
cs.NI 2501.17964
cs.NI 2501.18136
cs.NI 2501.18169
cs.NI 2501.18332
cs.NI 2501.18339
cs.IT 2501.13974
cs.IT 2501.14102
cs.IT 2501.14164
cs.IT 2501.14184
cs.IT 2501.14234
cs.IT 2501.14340
cs.IT 2501.14358
cs.IT 2501.14432
cs.IT 2501.14053
cs.IT 2501.14064
cs.IT 2501.14081
cs.IT 2501.14270
cs.IT 2501.14313
cs.IT 2501.14452
cs.IT 2501.14522
cs.IT 2501.14620
cs.IT 2501.14633
cs.IT 2501.14928
cs.IT 2501.14984
cs.IT 2501.15076
cs.IT 2501.15465
cs.IT 2501.15592
cs.IT 2501.15675
cs.IT 2501.16184
cs.IT 2501.16218
cs.IT 2501.14738
cs.IT 2501.14861
cs.IT 2501.14921
cs.IT 2501.14941
cs.IT 2501.15013
cs.IT 2501.15091
cs.IT 2501.15165
cs.IT 2501.15172
cs.IT 2501.15207
cs.IT 2501.15221
cs.IT 2501.15227
cs.IT 2501.15301
cs.IT 2501.15488
cs.IT 2501.15536
cs.IT 2501.15576
cs.IT 2501.15645
cs.IT 2501.15652
cs.IT 2501.15717
cs.IT 2501.15726
cs.IT 2501.15729
cs.IT 2501.15851
cs.IT 2501.15880
cs.IT 2501.16081
cs.IT 2501.16145
cs.IT 2501.16287
cs.IT 2501.16296
cs.IT 2501.16298
cs.IT 2501.16333
cs.IT 2501.16558
cs.IT 2501.16690
cs.IT 2501.16343
cs.IT 2501.16610
cs.IT 2501.16726
cs.IT 2501.16762
cs.IT 2501.16823
cs.IT 2501.16838
cs.IT 2501.17002
cs.IT 2501.17010
cs.IT 2501.17021
cs.IT 2501.17059
cs.IT 2501.17124
cs.IT 2501.17303
cs.IT 2501.17393
cs.IT 2501.17736
cs.IT 2501.17746
cs.IT 2501.17184
cs.IT 2501.17275
cs.IT 2501.17412
cs.IT 2501.17473
cs.IT 2501.17476
cs.IT 2501.17554
cs.IT 2501.17644
cs.IT 2501.17706
cs.IT 2501.17777
cs.IT 2501.17845
cs.IT 2501.17876
cs.IT 2501.18382
cs.IT 2501.18394
cs.IT 2501.18530
cs.IT 2501.18587
cs.IT 2501.17879
cs.IT 2501.18058
cs.IT 2501.18080
cs.IT 2501.18236
cs.IT 2501.18250
cs.IT 2501.18308
cs.IT 2501.18374
cs.IT 2501.18502
cs.IT 2501.18572
cs.CL 2501.13936
cs.CL 2501.13941
cs.CL 2501.14011
cs.CL 2501.14249
cs.CL 2501.14300
cs.CL 2501.14342
cs.CL 2501.14705
cs.CL 2501.14728
cs.CL 2501.13943
cs.CL 2501.13944
cs.CL 2501.13945
cs.CL 2501.13946
cs.CL 2501.13947
cs.CL 2501.13948
cs.CL 2501.13949
cs.CL 2501.13951
cs.CL 2501.13952
cs.CL 2501.13953
cs.CL 2501.13954
cs.CL 2501.13955
cs.CL 2501.13956
cs.CL 2501.13957
cs.CL 2501.13958
cs.CL 2501.13959
cs.CL 2501.13976
cs.CL 2501.13977
cs.CL 2501.13978
cs.CL 2501.13983
cs.CL 2501.13984
cs.CL 2501.13993
cs.CL 2501.13999
cs.CL 2501.14002
cs.CL 2501.14037
cs.CL 2501.14073
cs.CL 2501.14079
cs.CL 2501.14082
cs.CL 2501.14105
cs.CL 2501.14112
cs.CL 2501.14113
cs.CL 2501.14114
cs.CL 2501.14119
cs.CL 2501.14144
cs.CL 2501.14225
cs.CL 2501.14250
cs.CL 2501.14275
cs.CL 2501.14288
cs.CL 2501.14294
cs.CL 2501.14315
cs.CL 2501.14371
cs.CL 2501.14431
cs.CL 2501.14457
cs.CL 2501.14491
cs.CL 2501.14492
cs.CL 2501.14497
cs.CL 2501.14506
cs.CL 2501.14528
cs.CL 2501.14617
cs.CL 2501.14649
cs.CL 2501.14673
cs.CL 2501.14693
cs.CL 2501.14701
cs.CL 2501.14713
cs.CL 2501.14717
cs.CL 2501.14719
cs.CL 2501.14721
cs.CL 2501.14731
cs.CL 2501.14767
cs.CL 2501.14846
cs.CL 2501.14951
cs.CL 2501.14960
cs.CL 2501.15030
cs.CL 2501.15056
cs.CL 2501.15140
cs.CL 2501.15316
cs.CL 2501.15393
cs.CL 2501.15411
cs.CL 2501.15463
cs.CL 2501.15556
cs.CL 2501.15579
cs.CL 2501.15602
cs.CL 2501.15613
cs.CL 2501.15678
cs.CL 2501.15693
cs.CL 2501.15758
cs.CL 2501.15797
cs.CL 2501.15857
cs.CL 2501.15907
cs.CL 2501.16073
cs.CL 2501.16201
cs.CL 2501.16241
cs.CL 2501.16247
cs.CL 2501.16295
cs.CL 2501.14844
cs.CL 2501.14850
cs.CL 2501.14851
cs.CL 2501.14859
cs.CL 2501.14877
cs.CL 2501.14883
cs.CL 2501.14917
cs.CL 2501.14936
cs.CL 2501.14940
cs.CL 2501.14956
cs.CL 2501.14976
cs.CL 2501.14981
cs.CL 2501.14998
cs.CL 2501.15000
cs.CL 2501.15021
cs.CL 2501.15022
cs.CL 2501.15042
cs.CL 2501.15051
cs.CL 2501.15054
cs.CL 2501.15063
cs.CL 2501.15089
cs.CL 2501.15090
cs.CL 2501.15108
cs.CL 2501.15113
cs.CL 2501.15175
cs.CL 2501.15188
cs.CL 2501.15219
cs.CL 2501.15225
cs.CL 2501.15228
cs.CL 2501.15245
cs.CL 2501.15247
cs.CL 2501.15260
cs.CL 2501.15268
cs.CL 2501.15281
cs.CL 2501.15283
cs.CL 2501.15296
cs.CL 2501.15310
cs.CL 2501.15321
cs.CL 2501.15355
cs.CL 2501.15368
cs.CL 2501.15374
cs.CL 2501.15383
cs.CL 2501.15398
cs.CL 2501.15405
cs.CL 2501.15427
cs.CL 2501.15430
cs.CL 2501.15446
cs.CL 2501.15451
cs.CL 2501.15453
cs.CL 2501.15481
cs.CL 2501.15487
cs.CL 2501.15570
cs.CL 2501.15571
cs.CL 2501.15574
cs.CL 2501.15581
cs.CL 2501.15587
cs.CL 2501.15624
cs.CL 2501.15630
cs.CL 2501.15654
cs.CL 2501.15674
cs.CL 2501.15688
cs.CL 2501.15700
cs.CL 2501.15708
cs.CL 2501.15720
cs.CL 2501.15747
cs.CL 2501.15754
cs.CL 2501.15773
cs.CL 2501.15777
cs.CL 2501.15781
cs.CL 2501.15826
cs.CL 2501.15858
cs.CL 2501.15875
cs.CL 2501.15876
cs.CL 2501.15915
cs.CL 2501.15968
cs.CL 2501.15990
cs.CL 2501.16011
cs.CL 2501.16075
cs.CL 2501.16077
cs.CL 2501.16078
cs.CL 2501.16093
cs.CL 2501.16106
cs.CL 2501.16123
cs.CL 2501.16135
cs.CL 2501.16154
cs.CL 2501.16181
cs.CL 2501.16214
cs.CL 2501.16220
cs.CL 2501.16235
cs.CL 2501.16255
cs.CL 2501.16273
cs.CL 2501.16276
cs.CL 2501.16302
cs.CL 2501.16303
cs.CL 2501.16327
cs.CL 2501.16341
cs.CL 2501.16344
cs.CL 2501.16350
cs.CL 2501.16372
cs.CL 2501.16378
cs.CL 2501.16403
cs.CL 2501.16411
cs.CL 2501.16497
cs.CL 2501.16607
cs.CL 2501.16609
cs.CL 2501.16672
cs.CL 2501.16786
cs.CL 2501.16937
cs.CL 2501.16945
cs.CL 2501.17030
cs.CL 2501.17070
cs.CL 2501.17088
cs.CL 2501.17116
cs.CL 2501.17132
cs.CL 2501.16513
cs.CL 2501.16516
cs.CL 2501.16524
cs.CL 2501.16533
cs.CL 2501.16581
cs.CL 2501.16616
cs.CL 2501.16629
cs.CL 2501.16635
cs.CL 2501.16643
cs.CL 2501.16650
cs.CL 2501.16655
cs.CL 2501.16658
cs.CL 2501.16673
cs.CL 2501.16688
cs.CL 2501.16698
cs.CL 2501.16727
cs.CL 2501.16748
cs.CL 2501.16783
cs.CL 2501.16794
cs.CL 2501.16813
cs.CL 2501.16836
cs.CL 2501.16865
cs.CL 2501.16884
cs.CL 2501.16925
cs.CL 2501.16952
cs.CL 2501.16975
cs.CL 2501.17047
cs.CL 2501.17104
cs.CL 2501.17117
cs.CL 2501.17144
cs.CL 2501.17148
cs.CL 2501.17170
cs.CL 2501.17174
cs.CL 2501.17176
cs.CL 2501.17181
cs.CL 2501.17186
cs.CL 2501.17202
cs.CL 2501.17282
cs.CL 2501.17286
cs.CL 2501.17299
cs.CL 2501.17330
cs.CL 2501.17391
cs.CL 2501.17403
cs.CL 2501.17433
cs.CL 2501.17441
cs.CL 2501.17456
cs.CL 2501.17459
cs.CL 2501.17479
cs.CL 2501.17510
cs.CL 2501.17584
cs.CL 2501.17630
cs.CL 2501.17725
cs.CL 2501.17726
cs.CL 2501.17762
cs.CL 2501.17811
cs.CL 2501.17175
cs.CL 2501.17178
cs.CL 2501.17182
cs.CL 2501.17183
cs.CL 2501.17187
cs.CL 2501.17190
cs.CL 2501.17191
cs.CL 2501.17194
cs.CL 2501.17195
cs.CL 2501.17200
cs.CL 2501.17261
cs.CL 2501.17265
cs.CL 2501.17270
cs.CL 2501.17273
cs.CL 2501.17295
cs.CL 2501.17326
cs.CL 2501.17338
cs.CL 2501.17348
cs.CL 2501.17386
cs.CL 2501.17397
cs.CL 2501.17399
cs.CL 2501.17420
cs.CL 2501.17449
cs.CL 2501.17486
cs.CL 2501.17549
cs.CL 2501.17569
cs.CL 2501.17581
cs.CL 2501.17598
cs.CL 2501.17615
cs.CL 2501.17617
cs.CL 2501.17635
cs.CL 2501.17643
cs.CL 2501.17654
cs.CL 2501.17703
cs.CL 2501.17715
cs.CL 2501.17767
cs.CL 2501.17771
cs.CL 2501.17785
cs.CL 2501.17790
cs.CL 2501.17830
cs.CL 2501.17840
cs.CL 2501.17858
cs.CL 2501.17860
cs.CL 2501.17905
cs.CL 2501.18045
cs.CL 2501.18062
cs.CL 2501.18096
cs.CL 2501.18099
cs.CL 2501.18103
cs.CL 2501.18107
cs.CL 2501.18243
cs.CL 2501.18265
cs.CL 2501.18292
cs.CL 2501.18324
cs.CL 2501.18356
cs.CL 2501.18362
cs.CL 2501.18511
cs.CL 2501.18533
cs.CL 2501.17887
cs.CL 2501.17994
cs.CL 2501.18100
cs.CL 2501.18101
cs.CL 2501.18119
cs.CL 2501.18128
cs.CL 2501.18154
cs.CL 2501.18205
cs.CL 2501.18251
cs.CL 2501.18280
cs.CL 2501.18287
cs.CL 2501.18365
cs.CL 2501.18435
cs.CL 2501.18457
cs.CL 2501.18512
cs.CL 2501.18532
cs.CL 2501.18539
cs.CL 2501.18578
cs.CL 2501.18585
cs.SE 2501.13978
cs.SE 2501.14500
cs.SE 2501.14084
cs.SE 2501.14131
cs.SE 2501.14165
cs.SE 2501.14257
cs.SE 2501.14326
cs.SE 2501.14402
cs.SE 2501.14451
cs.SE 2501.14465
cs.SE 2501.14582
cs.SE 2501.14683
cs.SE 2501.14753
cs.SE 2501.15775
cs.SE 2501.15895
cs.SE 2501.14731
cs.SE 2501.14735
cs.SE 2501.14737
cs.SE 2501.14841
cs.SE 2501.14848
cs.SE 2501.14890
cs.SE 2501.14973
cs.SE 2501.14983
cs.SE 2501.15114
cs.SE 2501.15134
cs.SE 2501.15181
cs.SE 2501.15387
cs.SE 2501.15392
cs.SE 2501.15475
cs.SE 2501.15480
cs.SE 2501.15662
cs.SE 2501.15691
cs.SE 2501.15804
cs.SE 2501.15854
cs.SE 2501.15919
cs.SE 2501.15922
cs.SE 2501.15934
cs.SE 2501.16044
cs.SE 2501.16050
cs.SE 2501.16149
cs.SE 2501.16155
cs.SE 2501.16191
cs.SE 2112.07091
cs.SE 2501.16456
cs.SE 2501.16655
cs.SE 2501.16945
cs.SE 2501.16403
cs.SE 2501.16454
cs.SE 2501.16495
cs.SE 2501.16601
cs.SE 2501.16646
cs.SE 2501.16692
cs.SE 2501.16712
cs.SE 2501.16857
cs.SE 2501.16875
cs.SE 2501.16998
cs.SE 2501.17004
cs.SE 2501.17024
cs.SE 2501.17026
cs.SE 2501.17028
cs.SE 2501.17132
cs.SE 2501.17315
cs.SE 2501.17441
cs.SE 2501.17748
cs.SE 2501.17834
cs.SE 2501.17851
cs.SE 2501.17167
cs.SE 2501.17461
cs.SE 2501.17522
cs.SE 2501.17584
cs.SE 2501.17678
cs.SE 2501.17739
cs.SE 2501.17747
cs.SE 2501.17749
cs.SE 2501.17766
cs.SE 2501.17887
cs.SE 2501.18071
cs.SE 2501.18331
cs.SE 2501.18506
cs.SE 2501.18514
cs.SE 2501.18005
cs.SE 2501.18145
cs.SE 2501.18148
cs.SE 2501.18160
cs.SE 2501.18225
cs.SE 2501.18230
cs.SE 2501.18245
cs.SE 2501.18257
cs.SE 2501.18327
cs.SE 2501.18438
cs.SE 2501.18460
cs.SE 2501.18482
cs.SE 2501.18555
cs.SI 2501.13976
cs.SI 2501.13977
cs.SI 2501.14196
cs.SI 2501.14197
cs.SI 2501.14300
cs.SI 2501.14399
cs.SI 2501.14440
cs.SI 2501.14476
cs.SI 2501.14637
cs.SI 2501.14011
cs.SI 2501.14163
cs.SI 2501.14600
cs.SI 2501.14762
cs.SI 2501.14767
cs.SI 2501.14785
cs.SI 2501.15188
cs.SI 2501.15321
cs.SI 2501.15552
cs.SI 2501.15920
cs.SI 2501.16070
cs.SI 2501.14830
cs.SI 2501.14939
cs.SI 2501.15048
cs.SI 2501.15130
cs.SI 2501.15539
cs.SI 2501.15713
cs.SI 2501.16004
cs.SI 2501.16076
cs.SI 2501.16193
cs.SI 2501.16210
cs.SI 2501.16507
cs.SI 2501.16722
cs.SI 2501.16624
cs.SI 2501.16668
cs.SI 2501.16830
cs.SI 2501.17300
cs.SI 2501.17557
cs.SI 2501.17581
cs.SI 2501.17774
cs.SI 2501.17720
cs.SI 2501.17817
cs.SI 2501.17831
cs.SI 2501.17042
cs.SI 2501.17951
cs.SI 2501.18129
cs.SI 2501.18210
cs.SI 2501.18462
cs.SI 2501.18555
cs.SI 2501.18531
cs.SC 2501.08561
cs.SC 2501.09201
cs.SC 2501.09729
cs.SC 2501.13680
cs.SC 2501.14951
cs.SC 2501.17759
stat.AP 2501.13932
stat.AP 2501.14097
stat.AP 2501.14118
stat.AP 2501.14351
stat.AP 2501.14430
stat.AP 2501.14466
stat.AP 2501.14698
stat.AP 2501.14139
stat.AP 2501.14329
stat.AP 2501.14437
stat.AP 2501.14616
stat.AP 2501.14797
stat.AP 2501.14805
stat.AP 2501.14837
stat.AP 2501.15079
stat.AP 2501.15396
stat.AP 2501.15980
stat.AP 2501.16049
stat.AP 2501.16120
stat.AP 2501.14791
stat.AP 2501.14820
stat.AP 2501.14822
stat.AP 2501.14829
stat.AP 2501.16399
stat.AP 2501.16526
stat.AP 2501.16931
stat.AP 2501.16933
stat.AP 2501.17005
stat.AP 2501.16538
stat.AP 2501.16958
stat.AP 2501.17200
stat.AP 2501.17300
stat.AP 2501.17401
stat.AP 2501.17422
stat.AP 2501.17604
stat.AP 2501.17705
stat.AP 2501.17835
stat.AP 2501.17264
stat.AP 2501.17464
stat.AP 2501.17865
stat.AP 2501.18074
stat.AP 2501.18106
stat.AP 2501.18134
stat.AP 2501.18376
stat.AP 2501.18383
stat.AP 2501.18037
stat.AP 2501.18243
stat.AP 2501.18393
eess.AS 2501.14610
eess.AS 2501.14240
eess.AS 2501.14273
eess.AS 2501.14350
eess.AS 2501.14477
eess.AS 2501.14680
eess.AS 2501.14788
eess.AS 2501.14790
eess.AS 2501.14994
eess.AS 2501.15032
eess.AS 2501.15177
eess.AS 2501.15302
eess.AS 2501.15304
eess.AS 2501.15310
eess.AS 2501.15368
eess.AS 2501.15417
eess.AS 2501.15442
eess.AS 2501.15613
eess.AS 2501.15858
eess.AS 2501.15907
eess.AS 2501.16327
eess.AS 2501.15466
eess.AS 2501.15496
eess.AS 2501.15744
eess.AS 2501.15764
eess.AS 2501.15965
eess.AS 2501.16171
eess.AS 2501.16201
eess.AS 2501.16471
eess.AS 2501.16643
eess.AS 2501.16780
eess.AS 2501.16813
eess.AS 2501.17011
eess.AS 2501.17048
eess.AS 2501.16341
eess.AS 2501.16344
eess.AS 2501.16367
eess.AS 2501.16542
eess.AS 2501.16641
eess.AS 2501.16761
eess.AS 2501.17198
eess.AS 2501.17202
eess.AS 2501.17304
eess.AS 2501.17332
eess.AS 2501.17578
eess.AS 2501.17612
eess.AS 2501.17615
eess.AS 2501.17640
eess.AS 2501.17841
eess.AS 2501.17772
eess.AS 2501.17879
eess.AS 2501.18157
eess.AS 2501.18314
eess.AS 2501.17893
eess.AS 2501.18224
eess.AS 2501.18227
eess.AS 2501.18355
eess.AS 2501.18470
stat.ML 2501.14080
stat.ML 2501.14090
stat.ML 2501.14118
stat.ML 2501.14152
stat.ML 2501.14197
stat.ML 2501.14291
stat.ML 2501.14544
stat.ML 2501.14698
stat.ML 2501.14724
stat.ML 2501.14107
stat.ML 2501.14253
stat.ML 2501.14430
stat.ML 2501.14570
stat.ML 2501.14635
stat.ML 2501.14710
stat.ML 2501.14787
stat.ML 2501.14813
stat.ML 2501.14837
stat.ML 2501.14926
stat.ML 2501.14928
stat.ML 2501.14939
stat.ML 2501.14974
stat.ML 2501.14993
stat.ML 2501.14997
stat.ML 2501.15034
stat.ML 2501.15079
stat.ML 2501.15163
stat.ML 2501.15189
stat.ML 2501.15194
stat.ML 2501.15259
stat.ML 2501.15301
stat.ML 2501.15338
stat.ML 2501.15554
stat.ML 2501.15598
stat.ML 2501.15690
stat.ML 2501.15705
stat.ML 2501.15790
stat.ML 2501.15842
stat.ML 2501.15910
stat.ML 2501.15955
stat.ML 2501.15977
stat.ML 2501.16008
stat.ML 2501.16046
stat.ML 2501.16055
stat.ML 2501.16168
stat.ML 2501.16178
stat.ML 2501.16223
stat.ML 2501.16243
stat.ML 2501.16287
stat.ML 2501.16322
stat.ML 2501.14785
stat.ML 2501.14932
stat.ML 2501.14933
stat.ML 2501.15157
stat.ML 2501.15196
stat.ML 2501.15522
stat.ML 2501.15559
stat.ML 2501.15617
stat.ML 2501.15753
stat.ML 2501.15941
stat.ML 2501.16086
stat.ML 2501.16174
stat.ML 2501.16226
stat.ML 2501.16120
stat.ML 2501.16393
stat.ML 2501.16476
stat.ML 2501.16497
stat.ML 2501.16521
stat.ML 2501.16526
stat.ML 2501.16659
stat.ML 2501.16703
stat.ML 2501.16730
stat.ML 2501.16956
stat.ML 2501.17049
stat.ML 2501.16489
stat.ML 2501.16675
stat.ML 2501.16768
stat.ML 2501.16790
stat.ML 2501.16988
stat.ML 2501.17323
stat.ML 2501.17324
stat.ML 2501.17325
stat.ML 2501.17354
stat.ML 2501.17415
stat.ML 2501.17553
stat.ML 2501.17205
stat.ML 2501.17345
stat.ML 2501.17512
stat.ML 2501.17513
stat.ML 2501.17731
stat.ML 2501.17917
stat.ML 2501.17965
stat.ML 2501.18049
stat.ML 2501.18060
stat.ML 2501.18074
stat.ML 2501.18115
stat.ML 2501.18116
stat.ML 2501.18178
stat.ML 2501.18183
stat.ML 2501.18258
stat.ML 2501.18374
stat.ML 2501.18528
stat.ML 2501.18537
stat.ML 2501.18577
stat.ML 2501.17882
stat.ML 2501.17889
stat.ML 2501.18084
stat.ML 2501.18121
stat.ML 2501.18283
stat.ML 2501.18337
stat.ML 2501.18359
stat.ML 2501.18501
stat.ML 2501.18530
cs.LG 2501.13935
cs.LG 2501.13936
cs.LG 2501.13941
cs.LG 2501.13943
cs.LG 2501.13961
cs.LG 2501.13962
cs.LG 2501.13963
cs.LG 2501.13965
cs.LG 2501.13968
cs.LG 2501.13969
cs.LG 2501.13970
cs.LG 2501.13973
cs.LG 2501.13982
cs.LG 2501.13984
cs.LG 2501.14001
cs.LG 2501.14051
cs.LG 2501.14070
cs.LG 2501.14082
cs.LG 2501.14095
cs.LG 2501.14105
cs.LG 2501.14107
cs.LG 2501.14149
cs.LG 2501.14155
cs.LG 2501.14174
cs.LG 2501.14189
cs.LG 2501.14210
cs.LG 2501.14224
cs.LG 2501.14230
cs.LG 2501.14238
cs.LG 2501.14246
cs.LG 2501.14253
cs.LG 2501.14275
cs.LG 2501.14287
cs.LG 2501.14300
cs.LG 2501.14312
cs.LG 2501.14323
cs.LG 2501.14334
cs.LG 2501.14371
cs.LG 2501.14399
cs.LG 2501.14406
cs.LG 2501.14430
cs.LG 2501.14431
cs.LG 2501.14434
cs.LG 2501.14438
cs.LG 2501.14474
cs.LG 2501.14492
cs.LG 2501.14496
cs.LG 2501.14510
cs.LG 2501.14513
cs.LG 2501.14514
cs.LG 2501.14535
cs.LG 2501.14539
cs.LG 2501.14570
cs.LG 2501.14592
cs.LG 2501.14615
cs.LG 2501.14625
cs.LG 2501.14635
cs.LG 2501.14660
cs.LG 2501.14663
cs.LG 2501.14685
cs.LG 2501.14701
cs.LG 2501.14708
cs.LG 2501.14710
cs.LG 2501.14713
cs.LG 2501.13985
cs.LG 2501.13986
cs.LG 2501.13987
cs.LG 2501.13989
cs.LG 2501.13992
cs.LG 2501.13997
cs.LG 2501.14000
cs.LG 2501.14006
cs.LG 2501.14009
cs.LG 2501.14012
cs.LG 2501.14036
cs.LG 2501.14048
cs.LG 2501.14050
cs.LG 2501.14090
cs.LG 2501.14094
cs.LG 2501.14102
cs.LG 2501.14103
cs.LG 2501.14118
cs.LG 2501.14122
cs.LG 2501.14136
cs.LG 2501.14143
cs.LG 2501.14152
cs.LG 2501.14170
cs.LG 2501.14172
cs.LG 2501.14175
cs.LG 2501.14176
cs.LG 2501.14183
cs.LG 2501.14197
cs.LG 2501.14199
cs.LG 2501.14211
cs.LG 2501.14216
cs.LG 2501.14233
cs.LG 2501.14249
cs.LG 2501.14256
cs.LG 2501.14266
cs.LG 2501.14271
cs.LG 2501.14278
cs.LG 2501.14291
cs.LG 2501.14310
cs.LG 2501.14311
cs.LG 2501.14314
cs.LG 2501.14321
cs.LG 2501.14322
cs.LG 2501.14346
cs.LG 2501.14349
cs.LG 2501.14351
cs.LG 2501.14373
cs.LG 2501.14390
cs.LG 2501.14394
cs.LG 2501.14414
cs.LG 2501.14426
cs.LG 2501.14427
cs.LG 2501.14440
cs.LG 2501.14441
cs.LG 2501.14453
cs.LG 2501.14458
cs.LG 2501.14460
cs.LG 2501.14469
cs.LG 2501.14499
cs.LG 2501.14531
cs.LG 2501.14543
cs.LG 2501.14544
cs.LG 2501.14551
cs.LG 2501.14577
cs.LG 2501.14588
cs.LG 2501.14603
cs.LG 2501.14604
cs.LG 2501.14622
cs.LG 2501.14636
cs.LG 2501.14641
cs.LG 2501.14644
cs.LG 2501.14652
cs.LG 2501.14653
cs.LG 2501.14654
cs.LG 2501.14661
cs.LG 2501.14687
cs.LG 2501.14694
cs.LG 2501.14700
cs.LG 2501.14705
cs.LG 2501.14723
cs.LG 2501.14724
cs.LG 2501.12829
cs.LG 2501.14736
cs.LG 2501.14739
cs.LG 2501.14741
cs.LG 2501.14743
cs.LG 2501.14744
cs.LG 2501.14745
cs.LG 2501.14746
cs.LG 2501.14750
cs.LG 2501.14768
cs.LG 2501.14785
cs.LG 2501.14786
cs.LG 2501.14787
cs.LG 2501.14794
cs.LG 2501.14802
cs.LG 2501.14808
cs.LG 2501.14813
cs.LG 2501.14818
cs.LG 2501.14822
cs.LG 2501.14824
cs.LG 2501.14826
cs.LG 2501.14836
cs.LG 2501.14837
cs.LG 2501.14851
cs.LG 2501.14859
cs.LG 2501.14883
cs.LG 2501.14914
cs.LG 2501.14917
cs.LG 2501.14932
cs.LG 2501.14933
cs.LG 2501.14970
cs.LG 2501.14994
cs.LG 2501.15046
cs.LG 2501.15054
cs.LG 2501.15056
cs.LG 2501.15067
cs.LG 2501.15076
cs.LG 2501.15079
cs.LG 2501.15099
cs.LG 2501.15106
cs.LG 2501.15120
cs.LG 2501.15140
cs.LG 2501.15157
cs.LG 2501.15175
cs.LG 2501.15186
cs.LG 2501.15196
cs.LG 2501.15225
cs.LG 2501.15263
cs.LG 2501.15281
cs.LG 2501.15288
cs.LG 2501.15301
cs.LG 2501.15304
cs.LG 2501.15309
cs.LG 2501.15322
cs.LG 2501.15328
cs.LG 2501.15338
cs.LG 2501.15351
cs.LG 2501.15373
cs.LG 2501.15396
cs.LG 2501.15404
cs.LG 2501.15407
cs.LG 2501.15420
cs.LG 2501.15431
cs.LG 2501.15448
cs.LG 2501.15478
cs.LG 2501.15495
cs.LG 2501.15509
cs.LG 2501.15519
cs.LG 2501.15522
cs.LG 2501.15547
cs.LG 2501.15559
cs.LG 2501.15564
cs.LG 2501.15598
cs.LG 2501.15617
cs.LG 2501.15618
cs.LG 2501.15631
cs.LG 2501.15634
cs.LG 2501.15648
cs.LG 2501.15659
cs.LG 2501.15674
cs.LG 2501.15688
cs.LG 2501.15690
cs.LG 2501.15694
cs.LG 2501.15737
cs.LG 2501.15739
cs.LG 2501.15751
cs.LG 2501.15753
cs.LG 2501.15760
cs.LG 2501.15781
cs.LG 2501.15799
cs.LG 2501.15828
cs.LG 2501.15831
cs.LG 2501.15849
cs.LG 2501.15857
cs.LG 2501.15878
cs.LG 2501.15893
cs.LG 2501.15922
cs.LG 2501.15928
cs.LG 2501.15941
cs.LG 2501.15972
cs.LG 2501.15981
cs.LG 2501.15998
cs.LG 2501.16008
cs.LG 2501.16086
cs.LG 2501.16100
cs.LG 2501.16103
cs.LG 2501.16110
cs.LG 2501.16120
cs.LG 2501.16171
cs.LG 2501.16174
cs.LG 2501.16209
cs.LG 2501.16212
cs.LG 2501.16215
cs.LG 2501.16226
cs.LG 2501.16256
cs.LG 2501.16306
cs.LG 2501.16319
cs.LG 2501.14809
cs.LG 2501.14817
cs.LG 2501.14846
cs.LG 2501.14889
cs.LG 2501.14912
cs.LG 2501.14926
cs.LG 2501.14928
cs.LG 2501.14951
cs.LG 2501.14959
cs.LG 2501.14960
cs.LG 2501.14964
cs.LG 2501.14980
cs.LG 2501.14985
cs.LG 2501.14991
cs.LG 2501.14992
cs.LG 2501.14995
cs.LG 2501.14997
cs.LG 2501.15005
cs.LG 2501.15014
cs.LG 2501.15019
cs.LG 2501.15030
cs.LG 2501.15034
cs.LG 2501.15035
cs.LG 2501.15038
cs.LG 2501.15053
cs.LG 2501.15057
cs.LG 2501.15062
cs.LG 2501.15065
cs.LG 2501.15070
cs.LG 2501.15098
cs.LG 2501.15103
cs.LG 2501.15109
cs.LG 2501.15125
cs.LG 2501.15142
cs.LG 2501.15163
cs.LG 2501.15189
cs.LG 2501.15190
cs.LG 2501.15194
cs.LG 2501.15203
cs.LG 2501.15217
cs.LG 2501.15223
cs.LG 2501.15235
cs.LG 2501.15240
cs.LG 2501.15255
cs.LG 2501.15259
cs.LG 2501.15265
cs.LG 2501.15266
cs.LG 2501.15269
cs.LG 2501.15270
cs.LG 2501.15271
cs.LG 2501.15273
cs.LG 2501.15278
cs.LG 2501.15282
cs.LG 2501.15293
cs.LG 2501.15316
cs.LG 2501.15318
cs.LG 2501.15343
cs.LG 2501.15348
cs.LG 2501.15356
cs.LG 2501.15361
cs.LG 2501.15365
cs.LG 2501.15388
cs.LG 2501.15403
cs.LG 2501.15418
cs.LG 2501.15435
cs.LG 2501.15458
cs.LG 2501.15461
cs.LG 2501.15486
cs.LG 2501.15493
cs.LG 2501.15499
cs.LG 2501.15529
cs.LG 2501.15542
cs.LG 2501.15544
cs.LG 2501.15549
cs.LG 2501.15554
cs.LG 2501.15555
cs.LG 2501.15556
cs.LG 2501.15563
cs.LG 2501.15573
cs.LG 2501.15590
cs.LG 2501.15592
cs.LG 2501.15615
cs.LG 2501.15627
cs.LG 2501.15638
cs.LG 2501.15646
cs.LG 2501.15655
cs.LG 2501.15665
cs.LG 2501.15677
cs.LG 2501.15693
cs.LG 2501.15696
cs.LG 2501.15705
cs.LG 2501.15718
cs.LG 2501.15722
cs.LG 2501.15728
cs.LG 2501.15731
cs.LG 2501.15735
cs.LG 2501.15755
cs.LG 2501.15758
cs.LG 2501.15767
cs.LG 2501.15785
cs.LG 2501.15790
cs.LG 2501.15797
cs.LG 2501.15842
cs.LG 2501.15850
cs.LG 2501.15881
cs.LG 2501.15889
cs.LG 2501.15900
cs.LG 2501.15908
cs.LG 2501.15910
cs.LG 2501.15925
cs.LG 2501.15942
cs.LG 2501.15949
cs.LG 2501.15955
cs.LG 2501.15957
cs.LG 2501.15963
cs.LG 2501.15969
cs.LG 2501.15971
cs.LG 2501.15973
cs.LG 2501.15977
cs.LG 2501.15995
cs.LG 2501.16002
cs.LG 2501.16018
cs.LG 2501.16046
cs.LG 2501.16073
cs.LG 2501.16080
cs.LG 2501.16113
cs.LG 2501.16117
cs.LG 2501.16130
cs.LG 2501.16142
cs.LG 2501.16153
cs.LG 2501.16168
cs.LG 2501.16178
cs.LG 2501.16186
cs.LG 2501.16224
cs.LG 2501.16237
cs.LG 2501.16241
cs.LG 2501.16247
cs.LG 2501.16254
cs.LG 2501.16265
cs.LG 2501.16271
cs.LG 2501.16288
cs.LG 2501.16295
cs.LG 2501.16322
cs.LG 2501.16325
cs.LG 2501.16329
cs.LG 2501.16334
cs.LG 2501.16337
cs.LG 2501.16353
cs.LG 2501.16382
cs.LG 2501.16384
cs.LG 2501.16386
cs.LG 2501.16405
cs.LG 2501.16411
cs.LG 2501.16448
cs.LG 2501.16469
cs.LG 2501.16489
cs.LG 2501.16490
cs.LG 2501.16520
cs.LG 2501.16533
cs.LG 2501.16542
cs.LG 2501.16549
cs.LG 2501.16551
cs.LG 2501.16558
cs.LG 2501.16600
cs.LG 2501.16625
cs.LG 2501.16626
cs.LG 2501.16642
cs.LG 2501.16664
cs.LG 2501.16675
cs.LG 2501.16704
cs.LG 2501.16722
cs.LG 2501.16733
cs.LG 2501.16750
cs.LG 2501.16760
cs.LG 2501.16768
cs.LG 2501.16778
cs.LG 2501.16790
cs.LG 2501.16817
cs.LG 2501.16830
cs.LG 2501.16847
cs.LG 2501.16867
cs.LG 2501.16875
cs.LG 2501.16922
cs.LG 2501.16952
cs.LG 2501.16971
cs.LG 2501.16974
cs.LG 2501.16975
cs.LG 2501.16986
cs.LG 2501.16988
cs.LG 2501.16997
cs.LG 2501.17011
cs.LG 2501.17044
cs.LG 2501.17049
cs.LG 2501.17054
cs.LG 2501.17070
cs.LG 2501.17079
cs.LG 2501.17099
cs.LG 2501.17110
cs.LG 2501.17122
cs.LG 2501.17148
cs.LG 2501.17161
cs.LG 2501.17162
cs.LG 2501.16345
cs.LG 2501.16346
cs.LG 2501.16347
cs.LG 2501.16348
cs.LG 2501.16349
cs.LG 2501.16352
cs.LG 2501.16354
cs.LG 2501.16355
cs.LG 2501.16356
cs.LG 2501.16357
cs.LG 2501.16358
cs.LG 2501.16360
cs.LG 2501.16361
cs.LG 2501.16362
cs.LG 2501.16364
cs.LG 2501.16365
cs.LG 2501.16368
cs.LG 2501.16369
cs.LG 2501.16370
cs.LG 2501.16371
cs.LG 2501.16372
cs.LG 2501.16373
cs.LG 2501.16374
cs.LG 2501.16375
cs.LG 2501.16376
cs.LG 2501.16377
cs.LG 2501.16378
cs.LG 2501.16379
cs.LG 2501.16380
cs.LG 2501.16381
cs.LG 2501.16383
cs.LG 2501.16385
cs.LG 2501.16388
cs.LG 2501.16391
cs.LG 2501.16392
cs.LG 2501.16393
cs.LG 2501.16394
cs.LG 2501.16396
cs.LG 2501.16397
cs.LG 2501.16398
cs.LG 2501.16399
cs.LG 2501.16404
cs.LG 2501.16443
cs.LG 2501.16453
cs.LG 2501.16456
cs.LG 2501.16471
cs.LG 2501.16476
cs.LG 2501.16496
cs.LG 2501.16497
cs.LG 2501.16519
cs.LG 2501.16562
cs.LG 2501.16573
cs.LG 2501.16587
cs.LG 2501.16588
cs.LG 2501.16591
cs.LG 2501.16599
cs.LG 2501.16613
cs.LG 2501.16614
cs.LG 2501.16615
cs.LG 2501.16621
cs.LG 2501.16638
cs.LG 2501.16656
cs.LG 2501.16666
cs.LG 2501.16718
cs.LG 2501.16729
cs.LG 2501.16730
cs.LG 2501.16744
cs.LG 2501.16756
cs.LG 2501.16758
cs.LG 2501.16825
cs.LG 2501.16828
cs.LG 2501.16831
cs.LG 2501.16839
cs.LG 2501.16848
cs.LG 2501.16863
cs.LG 2501.16894
cs.LG 2501.16900
cs.LG 2501.16912
cs.LG 2501.16918
cs.LG 2501.16919
cs.LG 2501.16931
cs.LG 2501.16932
cs.LG 2501.16937
cs.LG 2501.16944
cs.LG 2501.16945
cs.LG 2501.16964
cs.LG 2501.16966
cs.LG 2501.17030
cs.LG 2501.17062
cs.LG 2501.17077
cs.LG 2501.17081
cs.LG 2501.17084
cs.LG 2501.17086
cs.LG 2501.17088
cs.LG 2501.17112
cs.LG 2501.17115
cs.LG 2501.17116
cs.LG 2501.17125
cs.LG 2501.17151
cs.LG 2501.17170
cs.LG 2501.17171
cs.LG 2501.17178
cs.LG 2501.17184
cs.LG 2501.17186
cs.LG 2501.17187
cs.LG 2501.17205
cs.LG 2501.17207
cs.LG 2501.17211
cs.LG 2501.17260
cs.LG 2501.17295
cs.LG 2501.17304
cs.LG 2501.17311
cs.LG 2501.17326
cs.LG 2501.17328
cs.LG 2501.17329
cs.LG 2501.17332
cs.LG 2501.17333
cs.LG 2501.17338
cs.LG 2501.17345
cs.LG 2501.17354
cs.LG 2501.17381
cs.LG 2501.17392
cs.LG 2501.17396
cs.LG 2501.17411
cs.LG 2501.17414
cs.LG 2501.17424
cs.LG 2501.17433
cs.LG 2501.17486
cs.LG 2501.17512
cs.LG 2501.17513
cs.LG 2501.17578
cs.LG 2501.17584
cs.LG 2501.17586
cs.LG 2501.17589
cs.LG 2501.17598
cs.LG 2501.17689
cs.LG 2501.17690
cs.LG 2501.17701
cs.LG 2501.17731
cs.LG 2501.17762
cs.LG 2501.17771
cs.LG 2501.17772
cs.LG 2501.17781
cs.LG 2501.17785
cs.LG 2501.17805
cs.LG 2501.17823
cs.LG 2501.17836
cs.LG 2501.17840
cs.LG 2501.17841
cs.LG 2501.17858
cs.LG 2501.17164
cs.LG 2501.17216
cs.LG 2501.17256
cs.LG 2501.17269
cs.LG 2501.17281
cs.LG 2501.17284
cs.LG 2501.17296
cs.LG 2501.17319
cs.LG 2501.17323
cs.LG 2501.17324
cs.LG 2501.17325
cs.LG 2501.17330
cs.LG 2501.17347
cs.LG 2501.17361
cs.LG 2501.17366
cs.LG 2501.17370
cs.LG 2501.17372
cs.LG 2501.17374
cs.LG 2501.17377
cs.LG 2501.17384
cs.LG 2501.17415
cs.LG 2501.17428
cs.LG 2501.17431
cs.LG 2501.17443
cs.LG 2501.17450
cs.LG 2501.17479
cs.LG 2501.17510
cs.LG 2501.17518
cs.LG 2501.17553
cs.LG 2501.17557
cs.LG 2501.17568
cs.LG 2501.17599
cs.LG 2501.17604
cs.LG 2501.17634
cs.LG 2501.17653
cs.LG 2501.17663
cs.LG 2501.17667
cs.LG 2501.17676
cs.LG 2501.17683
cs.LG 2501.17711
cs.LG 2501.17727
cs.LG 2501.17737
cs.LG 2501.17745
cs.LG 2501.17770
cs.LG 2501.17782
cs.LG 2501.17784
cs.LG 2501.17787
cs.LG 2501.17802
cs.LG 2501.17827
cs.LG 2501.17834
cs.LG 2501.17842
cs.LG 2501.17848
cs.LG 2501.17859
cs.LG 2501.17871
cs.LG 2501.17878
cs.LG 2501.17880
cs.LG 2501.17881
cs.LG 2501.17882
cs.LG 2501.17888
cs.LG 2501.17889
cs.LG 2501.17893
cs.LG 2501.17894
cs.LG 2501.17898
cs.LG 2501.17901
cs.LG 2501.17904
cs.LG 2501.17978
cs.LG 2501.17992
cs.LG 2501.17994
cs.LG 2501.18005
cs.LG 2501.18016
cs.LG 2501.18018
cs.LG 2501.18060
cs.LG 2501.18084
cs.LG 2501.18089
cs.LG 2501.18096
cs.LG 2501.18098
cs.LG 2501.18108
cs.LG 2501.18114
cs.LG 2501.18115
cs.LG 2501.18116
cs.LG 2501.18121
cs.LG 2501.18126
cs.LG 2501.18158
cs.LG 2501.18178
cs.LG 2501.18183
cs.LG 2501.18192
cs.LG 2501.18219
cs.LG 2501.18243
cs.LG 2501.18280
cs.LG 2501.18283
cs.LG 2501.18337
cs.LG 2501.18359
cs.LG 2501.18362
cs.LG 2501.18381
cs.LG 2501.18413
cs.LG 2501.18415
cs.LG 2501.18423
cs.LG 2501.18456
cs.LG 2501.18470
cs.LG 2501.18492
cs.LG 2501.18494
cs.LG 2501.18501
cs.LG 2501.18530
cs.LG 2501.18531
cs.LG 2501.18532
cs.LG 2501.18577
cs.LG 2501.18578
cs.LG 2501.18592
cs.LG 2501.18593
cs.LG 2501.17896
cs.LG 2501.17900
cs.LG 2501.17905
cs.LG 2501.17917
cs.LG 2501.17965
cs.LG 2501.17976
cs.LG 2501.18006
cs.LG 2501.18012
cs.LG 2501.18015
cs.LG 2501.18028
cs.LG 2501.18049
cs.LG 2501.18052
cs.LG 2501.18055
cs.LG 2501.18059
cs.LG 2501.18062
cs.LG 2501.18071
cs.LG 2501.18086
cs.LG 2501.18092
cs.LG 2501.18093
cs.LG 2501.18094
cs.LG 2501.18107
cs.LG 2501.18112
cs.LG 2501.18122
cs.LG 2501.18123
cs.LG 2501.18137
cs.LG 2501.18138
cs.LG 2501.18143
cs.LG 2501.18164
cs.LG 2501.18170
cs.LG 2501.18174
cs.LG 2501.18184
cs.LG 2501.18187
cs.LG 2501.18189
cs.LG 2501.18196
cs.LG 2501.18197
cs.LG 2501.18199
cs.LG 2501.18223
cs.LG 2501.18258
cs.LG 2501.18268
cs.LG 2501.18271
cs.LG 2501.18277
cs.LG 2501.18278
cs.LG 2501.18282
cs.LG 2501.18298
cs.LG 2501.18310
cs.LG 2501.18322
cs.LG 2501.18331
cs.LG 2501.18344
cs.LG 2501.18356
cs.LG 2501.18357
cs.LG 2501.18363
cs.LG 2501.18367
cs.LG 2501.18369
cs.LG 2501.18373
cs.LG 2501.18388
cs.LG 2501.18405
cs.LG 2501.18416
cs.LG 2501.18417
cs.LG 2501.18426
cs.LG 2501.18439
cs.LG 2501.18452
cs.LG 2501.18475
cs.LG 2501.18511
cs.LG 2501.18527
cs.LG 2501.18528
cs.LG 2501.18535
cs.LG 2501.18537
cs.LG 2501.18560
cs.LG 2501.18563
cs.LG 2501.18576
cs.LG 2501.18580
cs.LG 2501.18581
cs.LG 2501.18582
cs.LG 2501.18596
cs.SD 2501.14240
cs.SD 2501.14273
cs.SD 2501.14350
cs.SD 2501.14477
cs.SD 2501.14680
cs.SD 2501.14610
cs.SD 2501.14790
cs.SD 2501.15310
cs.SD 2501.15368
cs.SD 2501.15466
cs.SD 2501.15496
cs.SD 2501.15744
cs.SD 2501.15764
cs.SD 2501.15858
cs.SD 2501.15965
cs.SD 2501.16171
cs.SD 2501.16201
cs.SD 2501.16327
cs.SD 2501.14788
cs.SD 2501.14994
cs.SD 2501.15032
cs.SD 2501.15177
cs.SD 2501.15302
cs.SD 2501.15304
cs.SD 2501.15417
cs.SD 2501.15442
cs.SD 2501.15613
cs.SD 2501.15907
cs.SD 2501.16131
cs.SD 2501.16341
cs.SD 2501.16344
cs.SD 2501.16367
cs.SD 2501.16542
cs.SD 2501.16641
cs.SD 2501.16643
cs.SD 2501.16761
cs.SD 2501.16813
cs.SD 2501.16780
cs.SD 2501.17011
cs.SD 2501.17615
cs.SD 2501.17772
cs.SD 2501.17198
cs.SD 2501.17202
cs.SD 2501.17304
cs.SD 2501.17332
cs.SD 2501.17578
cs.SD 2501.17612
cs.SD 2501.17759
cs.SD 2501.17841
cs.SD 2501.17879
cs.SD 2501.17893
cs.SD 2501.18224
cs.SD 2501.18227
cs.SD 2501.18314
cs.SD 2501.18355
cs.SD 2501.18470
cs.SD 2501.18157
eess.SP 2501.14117
eess.SP 2501.14358
eess.SP 2501.14367
eess.SP 2501.14452
eess.SP 2501.14552
eess.SP 2501.14633
eess.SP 2501.14047
eess.SP 2501.14116
eess.SP 2501.14121
eess.SP 2501.14164
eess.SP 2501.14234
eess.SP 2501.14246
eess.SP 2501.14423
eess.SP 2501.14520
eess.SP 2501.14549
eess.SP 2501.14566
eess.SP 2501.14574
eess.SP 2501.14621
eess.SP 2501.14626
eess.SP 2501.14675
eess.SP 2501.14861
eess.SP 2501.15091
eess.SP 2501.15164
eess.SP 2501.15172
eess.SP 2501.15207
eess.SP 2501.15227
eess.SP 2501.15286
eess.SP 2501.15347
eess.SP 2501.15468
eess.SP 2501.15536
eess.SP 2501.15689
eess.SP 2501.15726
eess.SP 2501.15735
eess.SP 2501.15764
eess.SP 2501.15880
eess.SP 2501.15995
eess.SP 2501.16081
eess.SP 2501.16215
eess.SP 2501.16296
eess.SP 2501.14792
eess.SP 2501.14970
eess.SP 2501.14987
eess.SP 2501.15020
eess.SP 2501.15044
eess.SP 2501.15094
eess.SP 2501.15116
eess.SP 2501.15123
eess.SP 2501.15136
eess.SP 2501.15166
eess.SP 2501.15184
eess.SP 2501.15193
eess.SP 2501.15195
eess.SP 2501.15197
eess.SP 2501.15252
eess.SP 2501.15264
eess.SP 2501.15311
eess.SP 2501.15330
eess.SP 2501.15382
eess.SP 2501.15410
eess.SP 2501.15412
eess.SP 2501.15437
eess.SP 2501.15577
eess.SP 2501.15868
eess.SP 2501.15935
eess.SP 2501.16015
eess.SP 2501.16023
eess.SP 2501.16204
eess.SP 2501.16306
eess.SP 2501.16480
eess.SP 2501.16704
eess.SP 2501.16758
eess.SP 2501.17019
eess.SP 2501.17059
eess.SP 2501.17124
eess.SP 2501.16332
eess.SP 2501.16333
eess.SP 2501.16334
eess.SP 2501.16384
eess.SP 2501.16504
eess.SP 2501.16597
eess.SP 2501.16626
eess.SP 2501.16642
eess.SP 2501.16644
eess.SP 2501.16649
eess.SP 2501.16651
eess.SP 2501.16854
eess.SP 2501.16951
eess.SP 2501.17083
eess.SP 2501.17476
eess.SP 2501.17612
eess.SP 2501.17644
eess.SP 2501.17653
eess.SP 2501.17845
eess.SP 2501.17303
eess.SP 2501.17309
eess.SP 2501.17519
eess.SP 2501.17627
eess.SP 2501.17746
eess.SP 2501.17776
eess.SP 2501.17879
eess.SP 2501.17890
eess.SP 2501.18058
eess.SP 2501.18123
eess.SP 2501.18174
eess.SP 2501.18192
eess.SP 2501.18236
eess.SP 2501.18250
eess.SP 2501.18320
eess.SP 2501.18355
eess.SP 2501.18470
eess.SP 2501.17865
eess.SP 2501.17866
eess.SP 2501.17868
eess.SP 2501.17871
eess.SP 2501.17872
eess.SP 2501.17873
eess.SP 2501.17874
eess.SP 2501.17875
eess.SP 2501.17876
eess.SP 2501.17878
eess.SP 2501.17880
eess.SP 2501.17881
eess.SP 2501.17883
eess.SP 2501.17884
eess.SP 2501.17885
eess.SP 2501.17886
eess.SP 2501.17888
eess.SP 2501.17891
eess.SP 2501.18000
eess.SP 2501.18178
eess.SP 2501.18264
eess.SP 2501.18286
eess.SP 2501.18378
eess.SP 2501.18382
eess.SP 2501.18409
eess.SP 2501.18579
math.OC 2501.14071
math.OC 2501.14135
math.OC 2501.14211
math.OC 2501.14259
math.OC 2501.14284
math.OC 2501.14325
math.OC 2501.14458
math.OC 2501.14503
math.OC 2501.14123
math.OC 2501.14155
math.OC 2501.14173
math.OC 2501.14180
math.OC 2501.14191
math.OC 2501.14281
math.OC 2501.14485
math.OC 2501.14565
math.OC 2501.14576
math.OC 2501.14613
math.OC 2501.14662
math.OC 2501.14670
math.OC 2501.14696
math.OC 2501.14742
math.OC 2501.14759
math.OC 2501.14789
math.OC 2501.14910
math.OC 2501.15106
math.OC 2501.15174
math.OC 2501.15259
math.OC 2501.15312
math.OC 2501.15319
math.OC 2501.15337
math.OC 2501.15357
math.OC 2501.15373
math.OC 2501.15554
math.OC 2501.15758
math.OC 2501.15767
math.OC 2501.15785
math.OC 2501.15806
math.OC 2501.15910
math.OC 2501.15957
math.OC 2501.16168
math.OC 2501.16316
math.OC 2501.16322
math.OC 2501.14821
math.OC 2501.14840
math.OC 2501.14930
math.OC 2501.14989
math.OC 2501.14993
math.OC 2501.15131
math.OC 2501.15285
math.OC 2501.15300
math.OC 2501.15340
math.OC 2501.15345
math.OC 2501.15399
math.OC 2501.15419
math.OC 2501.15540
math.OC 2501.15906
math.OC 2501.15964
math.OC 2501.15991
math.OC 2501.16108
math.OC 2501.16371
math.OC 2501.16419
math.OC 2501.16840
math.OC 2501.16850
math.OC 2501.16911
math.OC 2501.17049
math.OC 2501.17105
math.OC 2501.16520
math.OC 2501.16521
math.OC 2501.16690
math.OC 2501.16725
math.OC 2501.16731
math.OC 2501.16732
math.OC 2501.16749
math.OC 2501.16777
math.OC 2501.16815
math.OC 2501.16826
math.OC 2501.16844
math.OC 2501.16846
math.OC 2501.16847
math.OC 2501.16936
math.OC 2501.16993
math.OC 2501.17122
math.OC 2501.17302
math.OC 2501.17349
math.OC 2501.17561
math.OC 2501.17582
math.OC 2501.17614
math.OC 2501.17214
math.OC 2501.17333
math.OC 2501.17350
math.OC 2501.17363
math.OC 2501.17400
math.OC 2501.17488
math.OC 2501.17495
math.OC 2501.17500
math.OC 2501.17542
math.OC 2501.17577
math.OC 2501.17638
math.OC 2501.17645
math.OC 2501.17652
math.OC 2501.17674
math.OC 2501.17743
math.OC 2501.17757
math.OC 2501.17801
math.OC 2501.17854
math.OC 2501.17867
math.OC 2501.17991
math.OC 2501.18049
math.OC 2501.18057
math.OC 2501.18074
math.OC 2501.18092
math.OC 2501.18164
math.OC 2501.17996
math.OC 2501.18017
math.OC 2501.18039
math.OC 2501.18050
math.OC 2501.18051
math.OC 2501.18114
math.OC 2501.18183
math.OC 2501.18198
math.OC 2501.18203
math.OC 2501.18211
math.OC 2501.18219
math.OC 2501.18312
math.OC 2501.18330
math.OC 2501.18381
math.OC 2501.18385
math.OC 2501.18420
math.OC 2501.18454
math.OC 2501.18471
math.OC 2501.18503
math.OC 2501.18583
stat.CO 2501.14248
stat.CO 2501.14570
stat.CO 2501.13932
stat.CO 2501.14797
stat.CO 2501.14837
stat.CO 2501.15194
stat.CO 2501.15856
stat.CO 2501.14946
stat.CO 2501.15155
stat.CO 2501.15896
stat.CO 2501.16538
stat.CO 2501.17100
stat.CO 2501.17107
stat.CO 2501.17401
stat.CO 2501.17463
stat.CO 2501.17604
stat.CO 2501.17302
stat.CO 2501.18074
stat.CO 2501.18184
cs.SY 2501.13962
cs.SY 2501.14009
cs.SY 2501.14133
cs.SY 2501.14173
cs.SY 2501.14442
cs.SY 2501.14526
cs.SY 2501.14576
cs.SY 2501.14696
cs.SY 2501.14115
cs.SY 2501.14193
cs.SY 2501.14232
cs.SY 2501.14259
cs.SY 2501.14289
cs.SY 2501.14325
cs.SY 2501.14358
cs.SY 2501.14573
cs.SY 2501.14586
cs.SY 2501.14664
cs.SY 2501.14672
cs.SY 2501.14708
cs.SY 2501.14720
cs.SY 2501.14765
cs.SY 2501.15164
cs.SY 2501.15189
cs.SY 2501.15206
cs.SY 2501.15217
cs.SY 2501.15426
cs.SY 2501.15499
cs.SY 2501.15728
cs.SY 2501.15910
cs.SY 2501.15991
cs.SY 2501.16150
cs.SY 2501.16218
cs.SY 2501.16245
cs.SY 2501.14824
cs.SY 2501.14906
cs.SY 2501.14971
cs.SY 2501.15174
cs.SY 2501.15339
cs.SY 2501.15373
cs.SY 2501.15471
cs.SY 2501.15611
cs.SY 2501.15742
cs.SY 2501.15820
cs.SY 2501.15833
cs.SY 2501.15849
cs.SY 2501.15897
cs.SY 2501.15899
cs.SY 2501.15924
cs.SY 2501.15946
cs.SY 2501.16128
cs.SY 2501.16167
cs.SY 2501.16368
cs.SY 2501.16485
cs.SY 2501.16489
cs.SY 2501.16520
cs.SY 2501.16588
cs.SY 2501.16590
cs.SY 2501.16619
cs.SY 2501.16690
cs.SY 2501.16828
cs.SY 2501.16847
cs.SY 2501.16928
cs.SY 2501.16473
cs.SY 2501.16487
cs.SY 2501.16625
cs.SY 2501.16639
cs.SY 2501.16683
cs.SY 2501.16817
cs.SY 2501.16841
cs.SY 2501.16915
cs.SY 2501.16921
cs.SY 2501.16923
cs.SY 2501.17105
cs.SY 2501.17400
cs.SY 2501.17473
cs.SY 2501.17496
cs.SY 2501.17704
cs.SY 2501.17754
cs.SY 2501.17773
cs.SY 2501.17318
cs.SY 2501.17484
cs.SY 2501.17499
cs.SY 2501.17529
cs.SY 2501.17544
cs.SY 2501.17552
cs.SY 2501.17561
cs.SY 2501.17582
cs.SY 2501.17597
cs.SY 2501.17614
cs.SY 2501.17621
cs.SY 2501.17648
cs.SY 2501.17789
cs.SY 2501.17804
cs.SY 2501.17808
cs.SY 2501.17867
cs.SY 2501.17962
cs.SY 2501.17977
cs.SY 2501.18016
cs.SY 2501.18039
cs.SY 2501.18086
cs.SY 2501.18201
cs.SY 2501.18203
cs.SY 2501.18355
cs.SY 2501.18385
cs.SY 2501.18572
cs.SY 2501.18583
cs.SY 2501.18063
cs.SY 2501.18130
cs.SY 2501.18179
cs.SY 2501.18318
cs.SY 2501.18350
cs.SY 2501.18412
cs.SY 2501.18514
stat.TH 2501.14430
stat.TH 2501.14485
stat.TH 2501.14594
stat.TH 2501.14075
stat.TH 2501.14845
stat.TH 2501.14928
stat.TH 2501.15680
stat.TH 2501.16287
stat.TH 2501.16315
stat.TH 2501.14797
stat.TH 2501.14860
stat.TH 2501.14974
stat.TH 2501.15725
stat.TH 2501.15926
stat.TH 2501.15933
stat.TH 2501.16223
stat.TH 2501.15765
stat.TH 2501.16333
stat.TH 2501.16578
stat.TH 2501.16933
stat.TH 2501.16506
stat.TH 2501.16517
stat.TH 2501.16526
stat.TH 2501.16703
stat.TH 2501.16956
stat.TH 2501.17100
stat.TH 2501.17515
stat.TH 2501.17532
stat.TH 2501.17354
stat.TH 2501.17520
stat.TH 2501.17622
stat.TH 2501.17722
stat.TH 2501.17973
stat.TH 2501.18121
stat.TH 2501.18374
stat.TH 2501.18502
stat.TH 2501.18095
stat.TH 2501.18204
stat.TH 2501.18548
eess.IV 2501.13968
eess.IV 2501.13971
eess.IV 2501.13981
eess.IV 2501.14014
eess.IV 2501.14338
eess.IV 2501.14709
eess.IV 2501.13960
eess.IV 2501.13970
eess.IV 2501.13972
eess.IV 2501.14013
eess.IV 2501.14066
eess.IV 2501.14171
eess.IV 2501.14198
eess.IV 2501.14264
eess.IV 2501.14279
eess.IV 2501.14323
eess.IV 2501.14379
eess.IV 2501.14483
eess.IV 2501.14592
eess.IV 2501.14685
eess.IV 2501.14718
eess.IV 2501.14727
eess.IV 2501.15119
eess.IV 2501.15385
eess.IV 2501.15396
eess.IV 2501.15489
eess.IV 2501.15660
eess.IV 2501.16211
eess.IV 2501.14853
eess.IV 2501.15128
eess.IV 2501.15246
eess.IV 2501.15309
eess.IV 2501.15322
eess.IV 2501.15414
eess.IV 2501.15423
eess.IV 2501.15450
eess.IV 2501.15485
eess.IV 2501.15572
eess.IV 2501.15588
eess.IV 2501.15610
eess.IV 2501.15712
eess.IV 2501.15733
eess.IV 2501.15737
eess.IV 2501.15743
eess.IV 2501.15831
eess.IV 2501.15937
eess.IV 2501.15994
eess.IV 2501.16014
eess.IV 2501.16249
eess.IV 2501.16282
eess.IV 2501.16471
eess.IV 2501.16642
eess.IV 2501.16662
eess.IV 2501.16704
eess.IV 2501.16803
eess.IV 2501.16828
eess.IV 2501.17158
eess.IV 2501.16400
eess.IV 2501.16409
eess.IV 2501.16713
eess.IV 2501.16738
eess.IV 2501.16740
eess.IV 2501.16879
eess.IV 2501.16976
eess.IV 2501.17152
eess.IV 2501.17160
eess.IV 2501.17171
eess.IV 2501.17210
eess.IV 2501.17211
eess.IV 2501.17570
eess.IV 2501.17628
eess.IV 2501.17699
eess.IV 2501.17758
eess.IV 2501.17822
eess.IV 2501.17895
eess.IV 2501.17906
eess.IV 2501.18375
eess.IV 2501.18376
eess.IV 2501.18453
eess.IV 2501.18500
eess.IV 2501.17897
eess.IV 2501.17898
eess.IV 2501.18109
eess.IV 2501.18161
eess.IV 2501.18270
eess.IV 2501.18418
astro-ph.IM 2501.14054
astro-ph.IM 2501.14292
astro-ph.IM 2501.14355
astro-ph.IM 2501.14618
astro-ph.IM 2501.14711
astro-ph.IM 2501.14478
astro-ph.IM 2501.14824
astro-ph.IM 2501.14858
astro-ph.IM 2501.14923
astro-ph.IM 2501.15017
astro-ph.IM 2501.15222
astro-ph.IM 2501.15498
astro-ph.IM 2501.15739
astro-ph.IM 2501.15958
astro-ph.IM 2501.16122
astro-ph.IM 2501.16127
astro-ph.IM 2501.16133
astro-ph.IM 2501.16294
astro-ph.IM 2501.15018
astro-ph.IM 2501.15149
astro-ph.IM 2501.15586
astro-ph.IM 2501.16047
astro-ph.IM 2501.16151
astro-ph.IM 2501.16421
astro-ph.IM 2501.16818
astro-ph.IM 2501.17119
astro-ph.IM 2501.16431
astro-ph.IM 2501.16434
astro-ph.IM 2501.16452
astro-ph.IM 2501.16511
astro-ph.IM 2501.17157
astro-ph.IM 2501.17163
astro-ph.IM 2501.17233
astro-ph.IM 2501.17506
astro-ph.IM 2501.17507
astro-ph.IM 2501.17698
astro-ph.IM 2501.17717
astro-ph.IM 2501.17173
astro-ph.IM 2501.17199
astro-ph.IM 2501.17472
astro-ph.IM 2501.17932
astro-ph.IM 2501.17939
astro-ph.IM 2501.18146
astro-ph.IM 2501.18316
astro-ph.IM 2501.18423
astro-ph.IM 2501.17867
astro-ph.IM 2501.17997
astro-ph.IM 2501.18032
astro-ph.IM 2501.18142
astro-ph.IM 2501.18431
astro-ph.IM 2501.18434
nlin.AO 2501.09546
nlin.AO 2501.09340
nlin.AO 2501.11432
nlin.AO 2501.11769
nlin.AO 2501.11835
nlin.AO 2501.12301
nlin.AO 2501.12807
nlin.AO 2501.13078
nlin.AO 2501.15373
nlin.AO 2501.13188
nlin.AO 2501.16676
nlin.AO 2501.16783
nlin.AO 2501.16914
math.DS 2501.14161
math.DS 2501.14251
math.DS 2501.14489
math.DS 2501.14611
math.DS 2501.14657
math.DS 2501.14067
math.DS 2501.14096
math.DS 2501.14209
math.DS 2501.14416
math.DS 2501.14463
math.DS 2501.14581
math.DS 2501.15066
math.DS 2501.15133
math.DS 2501.15605
math.DS 2501.15621
math.DS 2501.15625
math.DS 2501.15650
math.DS 2501.15710
math.DS 2501.15991
math.DS 2501.16026
math.DS 2501.14963
math.DS 2501.15323
math.DS 2501.15416
math.DS 2501.15622
math.DS 2501.15657
math.DS 2501.15879
math.DS 2501.15894
math.DS 2501.15905
math.DS 2501.15940
math.DS 2501.16041
math.DS 2501.16102
math.DS 2501.16195
math.DS 2501.16263
math.DS 2501.16284
math.DS 2501.15785
math.DS 2501.16479
math.DS 2501.16522
math.DS 2501.16851
math.DS 2501.17098
math.DS 2501.16824
math.DS 2501.16860
math.DS 2501.16913
math.DS 2501.16924
math.DS 2501.17196
math.DS 2501.17305
math.DS 2501.17389
math.DS 2501.17551
math.DS 2501.17803
math.DS 2501.17854
math.DS 2501.17263
math.DS 2501.17378
math.DS 2501.17523
math.DS 2501.17795
math.DS 2501.17820
math.DS 2501.17961
math.DS 2501.18013
math.DS 2501.18318
math.DS 2501.18485
math.DS 2501.17946
math.DS 2501.18042
math.PR 2501.14010
math.PR 2501.14361
math.PR 2501.14430
math.PR 2501.14527
math.PR 2501.14660
math.PR 2501.14091
math.PR 2501.14135
math.PR 2501.14219
math.PR 2501.14255
math.PR 2501.14263
math.PR 2501.14393
math.PR 2501.14422
math.PR 2501.14428
math.PR 2501.14445
math.PR 2501.14594
math.PR 2501.14676
math.PR 2501.14707
math.PR 2501.13724
math.PR 2501.14830
math.PR 2501.14879
math.PR 2501.14941
math.PR 2501.14974
math.PR 2501.15155
math.PR 2501.15174
math.PR 2501.15869
math.PR 2501.15956
math.PR 2501.16055
math.PR 2501.16082
math.PR 2501.16102
math.PR 2501.14843
math.PR 2501.14962
math.PR 2501.15039
math.PR 2501.15210
math.PR 2501.15312
math.PR 2501.15483
math.PR 2501.15517
math.PR 2501.15527
math.PR 2501.15568
math.PR 2501.15600
math.PR 2501.15633
math.PR 2501.15680
math.PR 2501.15765
math.PR 2501.15862
math.PR 2501.15936
math.PR 2501.16092
math.PR 2501.16166
math.PR 2501.16202
math.PR 2501.16261
math.PR 2501.16316
math.PR 2501.16333
math.PR 2501.16449
math.PR 2501.16488
math.PR 2501.16499
math.PR 2501.16517
math.PR 2501.16526
math.PR 2501.16598
math.PR 2501.16746
math.PR 2501.16839
math.PR 2501.16846
math.PR 2501.16853
math.PR 2501.16444
math.PR 2501.16578
math.PR 2501.16589
math.PR 2501.16739
math.PR 2501.16837
math.PR 2501.16858
math.PR 2501.16963
math.PR 2501.17007
math.PR 2501.17054
math.PR 2501.17180
math.PR 2501.17268
math.PR 2501.17445
math.PR 2501.17517
math.PR 2501.17532
math.PR 2501.17535
math.PR 2501.17554
math.PR 2501.17577
math.PR 2501.17622
math.PR 2501.17712
math.PR 2501.17795
math.PR 2501.17806
math.PR 2501.17816
math.PR 2501.17245
math.PR 2501.17440
math.PR 2501.17608
math.PR 2501.17669
math.PR 2501.18004
math.PR 2501.18050
math.PR 2501.18238
math.PR 2501.18240
math.PR 2501.18526
math.PR 2501.18548
math.PR 2501.18570
math.PR 2501.17938
math.PR 2501.17953
math.PR 2501.17979
math.PR 2501.18208
math.PR 2501.18329
math.PR 2501.18349
math.PR 2501.18430
math.PR 2501.18466
math.PR 2501.18561
math.PR 2501.18566
nlin.SI 2501.13539
nlin.SI 2501.14251
nlin.SI 2501.15143
nlin.SI 2501.15344
nlin.SI 2501.15621
nlin.SI 2501.15625
nlin.SI 2501.16746
nlin.SI 2501.17327
nlin.SI 2501.18222
nlin.SI 2501.18485
physics.comp-ph 2501.14030
physics.comp-ph 2501.14134
physics.comp-ph 2501.14244
physics.comp-ph 2501.14384
physics.comp-ph 2501.14507
physics.comp-ph 2501.14578
physics.comp-ph 2501.14699
physics.comp-ph 2501.14332
physics.comp-ph 2501.14870
physics.comp-ph 2501.15518
physics.comp-ph 2501.15532
physics.comp-ph 2501.15626
physics.comp-ph 2501.15698
physics.comp-ph 2501.15871
physics.comp-ph 2501.15908
physics.comp-ph 2501.15923
physics.comp-ph 2501.15961
physics.comp-ph 2501.16001
physics.comp-ph 2501.16030
physics.comp-ph 2501.16072
physics.comp-ph 2501.16283
physics.comp-ph 2501.16325
physics.comp-ph 2501.14730
physics.comp-ph 2501.15160
physics.comp-ph 2501.15222
physics.comp-ph 2501.15314
physics.comp-ph 2501.15349
physics.comp-ph 2501.15823
physics.comp-ph 2501.16000
physics.comp-ph 2501.16027
physics.comp-ph 2501.16390
physics.comp-ph 2501.16431
physics.comp-ph 2501.16468
physics.comp-ph 2501.16475
physics.comp-ph 2501.16894
physics.comp-ph 2501.16930
physics.comp-ph 2501.16991
physics.comp-ph 2501.17095
physics.comp-ph 2501.17143
physics.comp-ph 2501.17158
physics.comp-ph 2501.16553
physics.comp-ph 2501.16572
physics.comp-ph 2501.16580
physics.comp-ph 2501.17087
physics.comp-ph 2501.17166
physics.comp-ph 2501.17279
physics.comp-ph 2501.17319
physics.comp-ph 2501.17537
physics.comp-ph 2501.17572
physics.comp-ph 2501.17596
physics.comp-ph 2501.17815
physics.comp-ph 2501.17515
physics.comp-ph 2501.17781
physics.comp-ph 2501.18065
physics.comp-ph 2501.18163
physics.comp-ph 2501.18186
physics.comp-ph 2501.18189
physics.comp-ph 2501.18247
physics.comp-ph 2501.18263
physics.comp-ph 2501.18372
physics.comp-ph 2501.18484
physics.comp-ph 2501.18522
physics.comp-ph 2501.18568
physics.comp-ph 2501.18054
physics.ins-det 2501.14667
physics.ins-det 2501.14690
physics.ins-det 2501.13995
physics.ins-det 2501.13998
physics.ins-det 2501.14083
physics.ins-det 2501.14559
physics.ins-det 2501.14692
physics.ins-det 2501.14811
physics.ins-det 2501.14827
physics.ins-det 2501.14835
physics.ins-det 2501.14965
physics.ins-det 2501.15664
physics.ins-det 2501.16237
physics.ins-det 2501.14833
physics.ins-det 2501.14838
physics.ins-det 2501.15329
physics.ins-det 2501.16434
physics.ins-det 2501.17119
physics.ins-det 2501.16584
physics.ins-det 2501.16887
physics.ins-det 2501.16928
physics.ins-det 2501.17303
physics.ins-det 2501.17309
physics.ins-det 2501.17404
physics.ins-det 2501.17639
physics.ins-det 2501.17659
physics.ins-det 2501.18044
physics.ins-det 2501.18423
physics.ins-det 2501.17892
physics.ins-det 2501.18214
physics.ins-det 2501.18235
cond-mat.dis-nn 2501.13933
cond-mat.dis-nn 2501.14384
cond-mat.dis-nn 2501.14343
cond-mat.dis-nn 2501.14481
cond-mat.dis-nn 2501.15206
cond-mat.dis-nn 2501.16226
cond-mat.dis-nn 2501.16030
cond-mat.dis-nn 2501.16278
cond-mat.dis-nn 2501.16514
cond-mat.dis-nn 2501.16822
cond-mat.dis-nn 2501.16886
cond-mat.dis-nn 2501.16955
cond-mat.dis-nn 2501.17042
cond-mat.dis-nn 2501.16413
cond-mat.dis-nn 2501.16789
cond-mat.dis-nn 2501.17572
cond-mat.dis-nn 2501.17242
cond-mat.dis-nn 2501.17267
cond-mat.dis-nn 2501.17649
cond-mat.dis-nn 2501.17952
cond-mat.dis-nn 2501.18012
cond-mat.dis-nn 2501.18530
nlin.CD 2501.13900
nlin.CD 2501.14245
nlin.CD 2501.13933
nlin.CD 2501.14124
nlin.CD 2501.16026
nlin.CD 2501.16325
nlin.CD 2501.15199
nlin.CD 2501.16260
nlin.CD 2501.16914
nlin.CD 2501.17023
nlin.CD 2501.17588
nlin.CD 2501.17603
nlin.CD 2501.17990
nlin.CD 2501.18027
econ.TH 2501.13324
econ.TH 2501.13346
econ.TH 2501.13410
econ.TH 2501.13721
econ.TH 2501.14159
econ.TH 2501.14196
econ.TH 2501.14474
econ.TH 2501.14623
econ.TH 2501.14686
econ.TH 2501.14847
econ.TH 2501.14810
econ.TH 2501.15317
econ.TH 2501.15422
econ.TH 2501.15545
econ.TH 2501.15548
econ.TH 2501.16560
econ.TH 2501.16935
econ.TH 2501.16996
econ.TH 2501.17189
econ.TH 2501.17685
physics.optics 2501.14104
physics.optics 2501.14252
physics.optics 2501.14655
physics.optics 2501.14727
physics.optics 2501.14049
physics.optics 2501.14129
physics.optics 2501.14212
physics.optics 2501.14223
physics.optics 2501.14261
physics.optics 2501.14287
physics.optics 2501.14290
physics.optics 2501.14357
physics.optics 2501.14446
physics.optics 2501.14547
physics.optics 2501.14564
physics.optics 2501.14572
physics.optics 2501.14907
physics.optics 2501.14961
physics.optics 2501.14965
physics.optics 2501.15141
physics.optics 2501.15216
physics.optics 2501.15479
physics.optics 2501.15612
physics.optics 2501.15663
physics.optics 2501.16001
physics.optics 2501.16148
physics.optics 2501.16266
physics.optics 2501.14875
physics.optics 2501.14888
physics.optics 2501.15010
physics.optics 2501.15011
physics.optics 2501.15012
physics.optics 2501.15069
physics.optics 2501.15107
physics.optics 2501.15244
physics.optics 2501.15299
physics.optics 2501.15353
physics.optics 2501.15381
physics.optics 2501.15561
physics.optics 2501.15813
physics.optics 2501.15840
physics.optics 2501.15914
physics.optics 2501.15997
physics.optics 2501.16038
physics.optics 2501.16428
physics.optics 2501.16771
physics.optics 2501.16801
physics.optics 2501.16871
physics.optics 2501.16874
physics.optics 2501.16939
physics.optics 2501.16486
physics.optics 2501.16501
physics.optics 2501.16556
physics.optics 2501.16579
physics.optics 2501.16604
physics.optics 2501.16630
physics.optics 2501.16645
physics.optics 2501.16687
physics.optics 2501.16861
physics.optics 2501.16914
physics.optics 2501.16950
physics.optics 2501.17050
physics.optics 2501.17095
physics.optics 2501.17113
physics.optics 2501.17133
physics.optics 2501.17339
physics.optics 2501.17435
physics.optics 2501.17531
physics.optics 2501.17558
physics.optics 2501.17562
physics.optics 2501.17565
physics.optics 2501.17240
physics.optics 2501.17252
physics.optics 2501.17290
physics.optics 2501.17352
physics.optics 2501.17480
physics.optics 2501.17591
physics.optics 2501.17673
physics.optics 2501.17680
physics.optics 2501.17723
physics.optics 2501.17791
physics.optics 2501.18083
physics.optics 2501.18193
physics.optics 2501.18316
physics.optics 2501.18522
physics.optics 2501.18534
physics.optics 2501.18023
physics.optics 2501.18047
physics.optics 2501.18186
physics.optics 2501.18194
physics.optics 2501.18290
physics.optics 2501.18334
physics.optics 2501.18341
physics.optics 2501.18354
physics.optics 2501.18473
physics.optics 2501.18495
physics.app-ph 2501.13995
physics.app-ph 2501.14129
physics.app-ph 2501.14261
physics.app-ph 2501.14287
physics.app-ph 2501.14301
physics.app-ph 2501.14306
physics.app-ph 2501.14318
physics.app-ph 2501.14347
physics.app-ph 2501.14359
physics.app-ph 2501.14468
physics.app-ph 2501.14572
physics.app-ph 2501.14167
physics.app-ph 2501.14213
physics.app-ph 2501.04339
physics.app-ph 2501.14833
physics.app-ph 2501.15012
physics.app-ph 2501.15059
physics.app-ph 2501.15299
physics.app-ph 2501.15532
physics.app-ph 2501.15713
physics.app-ph 2501.15992
physics.app-ph 2501.16001
physics.app-ph 2501.16027
physics.app-ph 2501.16204
physics.app-ph 2501.16213
physics.app-ph 2501.14804
physics.app-ph 2501.14978
physics.app-ph 2501.15102
physics.app-ph 2501.15206
physics.app-ph 2501.15231
physics.app-ph 2501.15275
physics.app-ph 2501.15917
physics.app-ph 2501.16016
physics.app-ph 2501.16053
physics.app-ph 2501.16359
physics.app-ph 2501.16556
physics.app-ph 2501.16579
physics.app-ph 2501.17051
physics.app-ph 2501.17087
physics.app-ph 2501.16705
physics.app-ph 2501.16867
physics.app-ph 2501.16871
physics.app-ph 2501.17058
physics.app-ph 2501.17290
physics.app-ph 2501.17480
physics.app-ph 2501.17626
physics.app-ph 2501.17723
physics.app-ph 2501.17367
physics.app-ph 2501.18023
physics.app-ph 2501.18025
physics.app-ph 2501.18054
physics.app-ph 2501.18104
physics.app-ph 2501.18166
physics.app-ph 2501.18194
physics.app-ph 2501.18290
physics.app-ph 2501.18321
physics.app-ph 2501.18334
physics.app-ph 2501.18341
physics.app-ph 2501.18422
physics.app-ph 2501.18473
physics.app-ph 2501.18484
physics.app-ph 2501.18451
physics.data-an 2501.13933
physics.data-an 2501.14130
physics.data-an 2501.14185
physics.data-an 2501.14813
physics.data-an 2501.15920
physics.data-an 2501.16030
physics.data-an 2501.16241
physics.data-an 2501.16283
physics.data-an 2501.17061
physics.data-an 2501.17143
physics.data-an 2501.16814
physics.data-an 2501.17198
physics.data-an 2501.17219
physics.data-an 2501.17720
physics.data-an 2501.17892
physics.data-an 2501.17936
physics.data-an 2501.18423
physics.med-ph 2501.14158
physics.med-ph 2501.14483
physics.med-ph 2501.14307
physics.med-ph 2501.15660
physics.med-ph 2501.15979
physics.med-ph 2501.15684
physics.med-ph 2501.15689
physics.med-ph 2501.16309
physics.med-ph 2501.16651
physics.med-ph 2501.16713
physics.med-ph 2501.17152
physics.med-ph 2501.17158
physics.med-ph 2501.16570
physics.med-ph 2501.16840
physics.med-ph 2501.16906
physics.med-ph 2501.16910
physics.med-ph 2501.16959
physics.med-ph 2501.17570
physics.med-ph 2501.17286
physics.med-ph 2501.17404
physics.med-ph 2501.17761
physics.med-ph 2501.17897
physics.med-ph 2501.17954
physics.med-ph 2501.18153
physics.med-ph 2501.18167
physics.med-ph 2501.18375
physics.med-ph 2501.18433
physics.med-ph 2501.18567
q-fin.MF 2501.12195
q-fin.MF 2501.12676
q-fin.MF 2501.14259
q-fin.MF 2501.16488
q-fin.MF 2501.16659
q-fin.MF 2501.16772
q-fin.MF 2501.17577
q-fin.MF 2501.17193
