cs.CE 2405.09592
cs.CE 2405.09783
cs.CE 2405.09654
cs.CE 2405.09932
cs.CE 2405.09941
cs.CE 2405.10077
cs.CE 2405.10135
cs.CE 2405.10327
cs.CE 2405.10679
cs.CE 2405.11081
cs.CE 2405.11401
cs.CE 2405.11414
cs.CE 2405.11601
cs.CE 2405.11868
cs.CE 2405.11210
cs.CE 2405.11596
cs.CE 2405.11752
cs.CE 2405.11960
cs.CE 2405.12229
cs.CE 2405.12934
cs.CE 2405.12803
cs.CE 2405.12995
cs.CE 2405.13759
cs.CE 2405.13964
cs.CE 2405.13993
cs.CE 2405.14403
cs.CE 2405.14406
cs.CE 2405.14505
cs.CE 2405.13377
cs.CE 2405.13384
cs.CE 2405.13559
cs.CE 2405.13643
cs.CE 2405.13648
cs.CE 2405.13831
cs.CE 2405.13905
cs.CE 2405.13931
cs.CE 2405.14284
cs.CE 2405.14548
cs.CE 2405.14754
cs.CG 2405.07946
cs.CG 2405.09157
cs.CG 2405.09204
cs.CG 2405.10050
cs.CG 2405.12945
cs.CG 2405.12949
cs.CG 2405.14633
cs.CG 2405.13877
cs.CG 2405.14493
cs.CV 2405.09552
cs.CV 2405.09558
cs.CV 2405.09586
cs.CV 2405.09589
cs.CV 2405.09594
cs.CV 2405.09600
cs.CV 2405.09601
cs.CV 2405.09695
cs.CV 2405.09711
cs.CV 2405.09716
cs.CV 2405.09787
cs.CV 2405.09798
cs.CV 2405.09814
cs.CV 2405.09820
cs.CV 2405.09851
cs.CV 2405.09864
cs.CV 2405.09959
cs.CV 2405.09990
cs.CV 2405.10004
cs.CV 2405.10020
cs.CV 2405.10068
cs.CV 2405.10246
cs.CV 2405.10254
cs.CV 2405.10262
cs.CV 2405.10292
cs.CV 2405.09550
cs.CV 2405.09582
cs.CV 2405.09588
cs.CV 2405.09682
cs.CV 2405.09697
cs.CV 2405.09707
cs.CV 2405.09713
cs.CV 2405.09717
cs.CV 2405.09755
cs.CV 2405.09777
cs.CV 2405.09782
cs.CV 2405.09789
cs.CV 2405.09806
cs.CV 2405.09827
cs.CV 2405.09828
cs.CV 2405.09858
cs.CV 2405.09863
cs.CV 2405.09873
cs.CV 2405.09874
cs.CV 2405.09879
cs.CV 2405.09880
cs.CV 2405.09882
cs.CV 2405.09883
cs.CV 2405.09902
cs.CV 2405.09922
cs.CV 2405.09923
cs.CV 2405.09924
cs.CV 2405.09931
cs.CV 2405.09933
cs.CV 2405.09934
cs.CV 2405.09942
cs.CV 2405.09955
cs.CV 2405.09964
cs.CV 2405.09976
cs.CV 2405.09981
cs.CV 2405.09985
cs.CV 2405.09996
cs.CV 2405.10008
cs.CV 2405.10014
cs.CV 2405.10030
cs.CV 2405.10037
cs.CV 2405.10041
cs.CV 2405.10046
cs.CV 2405.10053
cs.CV 2405.10075
cs.CV 2405.10082
cs.CV 2405.10122
cs.CV 2405.10132
cs.CV 2405.10140
cs.CV 2405.10148
cs.CV 2405.10160
cs.CV 2405.10175
cs.CV 2405.10185
cs.CV 2405.10244
cs.CV 2405.10255
cs.CV 2405.10256
cs.CV 2405.10266
cs.CV 2405.10272
cs.CV 2405.10286
cs.CV 2405.10300
cs.CV 2405.10305
cs.CV 2405.10314
cs.CV 2405.10316
cs.CV 2405.10317
cs.CV 2405.10320
cs.CV 2405.10497
cs.CV 2405.10531
cs.CV 2405.10550
cs.CV 2405.10561
cs.CV 2405.10691
cs.CV 2405.10702
cs.CV 2405.10705
cs.CV 2405.10723
cs.CV 2405.10754
cs.CV 2405.10803
cs.CV 2405.10833
cs.CV 2405.10870
cs.CV 2405.10939
cs.CV 2405.10347
cs.CV 2405.10357
cs.CV 2405.10370
cs.CV 2405.10398
cs.CV 2405.10423
cs.CV 2405.10439
cs.CV 2405.10444
cs.CV 2405.10456
cs.CV 2405.10489
cs.CV 2405.10504
cs.CV 2405.10508
cs.CV 2405.10518
cs.CV 2405.10529
cs.CV 2405.10530
cs.CV 2405.10554
cs.CV 2405.10557
cs.CV 2405.10567
cs.CV 2405.10575
cs.CV 2405.10577
cs.CV 2405.10589
cs.CV 2405.10591
cs.CV 2405.10598
cs.CV 2405.10610
cs.CV 2405.10612
cs.CV 2405.10674
cs.CV 2405.10690
cs.CV 2405.10696
cs.CV 2405.10707
cs.CV 2405.10718
cs.CV 2405.10736
cs.CV 2405.10739
cs.CV 2405.10748
cs.CV 2405.10802
cs.CV 2405.10832
cs.CV 2405.10842
cs.CV 2405.10864
cs.CV 2405.10868
cs.CV 2405.10871
cs.CV 2405.10879
cs.CV 2405.10885
cs.CV 2405.10913
cs.CV 2405.10934
cs.CV 2405.10950
cs.CV 2405.11029
cs.CV 2405.11064
cs.CV 2405.11133
cs.CV 2405.11176
cs.CV 2405.11273
cs.CV 2405.11289
cs.CV 2405.11295
cs.CV 2405.11298
cs.CV 2405.11301
cs.CV 2405.11320
cs.CV 2405.11326
cs.CV 2405.11386
cs.CV 2405.11492
cs.CV 2405.11533
cs.CV 2405.11598
cs.CV 2405.11640
cs.CV 2405.11659
cs.CV 2405.11708
cs.CV 2405.11829
cs.CV 2405.11880
cs.CV 2405.12171
cs.CV 2405.10946
cs.CV 2405.10947
cs.CV 2405.10948
cs.CV 2405.10949
cs.CV 2405.10951
cs.CV 2405.10952
cs.CV 2405.10954
cs.CV 2405.11021
cs.CV 2405.11067
cs.CV 2405.11112
cs.CV 2405.11126
cs.CV 2405.11129
cs.CV 2405.11145
cs.CV 2405.11151
cs.CV 2405.11154
cs.CV 2405.11158
cs.CV 2405.11165
cs.CV 2405.11180
cs.CV 2405.11190
cs.CV 2405.11205
cs.CV 2405.11236
cs.CV 2405.11240
cs.CV 2405.11252
cs.CV 2405.11270
cs.CV 2405.11276
cs.CV 2405.11286
cs.CV 2405.11293
cs.CV 2405.11315
cs.CV 2405.11336
cs.CV 2405.11337
cs.CV 2405.11338
cs.CV 2405.11345
cs.CV 2405.11351
cs.CV 2405.11437
cs.CV 2405.11442
cs.CV 2405.11448
cs.CV 2405.11467
cs.CV 2405.11468
cs.CV 2405.11473
cs.CV 2405.11476
cs.CV 2405.11478
cs.CV 2405.11481
cs.CV 2405.11483
cs.CV 2405.11487
cs.CV 2405.11491
cs.CV 2405.11493
cs.CV 2405.11494
cs.CV 2405.11496
cs.CV 2405.11498
cs.CV 2405.11501
cs.CV 2405.11511
cs.CV 2405.11523
cs.CV 2405.11526
cs.CV 2405.11536
cs.CV 2405.11551
cs.CV 2405.11564
cs.CV 2405.11574
cs.CV 2405.11582
cs.CV 2405.11614
cs.CV 2405.11616
cs.CV 2405.11618
cs.CV 2405.11621
cs.CV 2405.11629
cs.CV 2405.11643
cs.CV 2405.11655
cs.CV 2405.11675
cs.CV 2405.11677
cs.CV 2405.11682
cs.CV 2405.11685
cs.CV 2405.11690
cs.CV 2405.11732
cs.CV 2405.11754
cs.CV 2405.11757
cs.CV 2405.11765
cs.CV 2405.11770
cs.CV 2405.11793
cs.CV 2405.11794
cs.CV 2405.11809
cs.CV 2405.11814
cs.CV 2405.11822
cs.CV 2405.11823
cs.CV 2405.11837
cs.CV 2405.11846
cs.CV 2405.11850
cs.CV 2405.11852
cs.CV 2405.11862
cs.CV 2405.11867
cs.CV 2405.11894
cs.CV 2405.11903
cs.CV 2405.11905
cs.CV 2405.11913
cs.CV 2405.11914
cs.CV 2405.11921
cs.CV 2405.11936
cs.CV 2405.11971
cs.CV 2405.11976
cs.CV 2405.11977
cs.CV 2405.11978
cs.CV 2405.11985
cs.CV 2405.11993
cs.CV 2405.12003
cs.CV 2405.12006
cs.CV 2405.12018
cs.CV 2405.12057
cs.CV 2405.12069
cs.CV 2405.12070
cs.CV 2405.12105
cs.CV 2405.12107
cs.CV 2405.12110
cs.CV 2405.12114
cs.CV 2405.12126
cs.CV 2405.12139
cs.CV 2405.12150
cs.CV 2405.12175
cs.CV 2405.12200
cs.CV 2405.12202
cs.CV 2405.12211
cs.CV 2405.12217
cs.CV 2405.12218
cs.CV 2405.12221
cs.CV 2405.12222
cs.CV 2405.12223
cs.CV 2405.12224
cs.CV 2405.12255
cs.CV 2405.12265
cs.CV 2405.12299
cs.CV 2405.12318
cs.CV 2405.12357
cs.CV 2405.12367
cs.CV 2405.12399
cs.CV 2405.12456
cs.CV 2405.12584
cs.CV 2405.12663
cs.CV 2405.12725
cs.CV 2405.12821
cs.CV 2405.12842
cs.CV 2405.12872
cs.CV 2405.12895
cs.CV 2405.12963
cs.CV 2405.12247
cs.CV 2405.12313
cs.CV 2405.12328
cs.CV 2405.12369
cs.CV 2405.12419
cs.CV 2405.12420
cs.CV 2405.12447
cs.CV 2405.12460
cs.CV 2405.12461
cs.CV 2405.12476
cs.CV 2405.12477
cs.CV 2405.12487
cs.CV 2405.12490
cs.CV 2405.12503
cs.CV 2405.12505
cs.CV 2405.12509
cs.CV 2405.12512
cs.CV 2405.12523
cs.CV 2405.12531
cs.CV 2405.12533
cs.CV 2405.12538
cs.CV 2405.12540
cs.CV 2405.12543
cs.CV 2405.12556
cs.CV 2405.12601
cs.CV 2405.12607
cs.CV 2405.12633
cs.CV 2405.12646
cs.CV 2405.12648
cs.CV 2405.12661
cs.CV 2405.12676
cs.CV 2405.12681
cs.CV 2405.12695
cs.CV 2405.12705
cs.CV 2405.12708
cs.CV 2405.12710
cs.CV 2405.12713
cs.CV 2405.12721
cs.CV 2405.12724
cs.CV 2405.12728
cs.CV 2405.12736
cs.CV 2405.12742
cs.CV 2405.12752
cs.CV 2405.12757
cs.CV 2405.12759
cs.CV 2405.12781
cs.CV 2405.12784
cs.CV 2405.12789
cs.CV 2405.12791
cs.CV 2405.12796
cs.CV 2405.12806
cs.CV 2405.12833
cs.CV 2405.12850
cs.CV 2405.12853
cs.CV 2405.12861
cs.CV 2405.12864
cs.CV 2405.12875
cs.CV 2405.12891
cs.CV 2405.12914
cs.CV 2405.12927
cs.CV 2405.12930
cs.CV 2405.12944
cs.CV 2405.12970
cs.CV 2405.12971
cs.CV 2405.12978
cs.CV 2405.12979
cs.CV 2405.12983
cs.CV 2405.12985
cs.CV 2405.12986
cs.CV 2405.13032
cs.CV 2405.13082
cs.CV 2405.13199
cs.CV 2405.13235
cs.CV 2405.13237
cs.CV 2405.13264
cs.CV 2405.13289
cs.CV 2405.13304
cs.CV 2405.13331
cs.CV 2405.13370
cs.CV 2405.13557
cs.CV 2405.13710
cs.CV 2405.13729
cs.CV 2405.13757
cs.CV 2405.13771
cs.CV 2405.13805
cs.CV 2405.13843
cs.CV 2405.13866
cs.CV 2405.13872
cs.CV 2405.13900
cs.CV 2405.13910
cs.CV 2405.13978
cs.CV 2405.14022
cs.CV 2405.14045
cs.CV 2405.14093
cs.CV 2405.14094
cs.CV 2405.14113
cs.CV 2405.14126
cs.CV 2405.14128
cs.CV 2405.14129
cs.CV 2405.14147
cs.CV 2405.14189
cs.CV 2405.14205
cs.CV 2405.14221
cs.CV 2405.14222
cs.CV 2405.14239
cs.CV 2405.14242
cs.CV 2405.14300
cs.CV 2405.14304
cs.CV 2405.14313
cs.CV 2405.14327
cs.CV 2405.14453
cs.CV 2405.14477
cs.CV 2405.14522
cs.CV 2405.14590
cs.CV 2405.14622
cs.CV 2405.14720
cs.CV 2405.14731
cs.CV 2405.14768
cs.CV 2405.14791
cs.CV 2405.14800
cs.CV 2405.14802
cs.CV 2405.13097
cs.CV 2405.13127
cs.CV 2405.13152
cs.CV 2405.13194
cs.CV 2405.13195
cs.CV 2405.13197
cs.CV 2405.13202
cs.CV 2405.13206
cs.CV 2405.13218
cs.CV 2405.13229
cs.CV 2405.13256
cs.CV 2405.13267
cs.CV 2405.13278
cs.CV 2405.13285
cs.CV 2405.13335
cs.CV 2405.13337
cs.CV 2405.13360
cs.CV 2405.13374
cs.CV 2405.13376
cs.CV 2405.13382
cs.CV 2405.13388
cs.CV 2405.13389
cs.CV 2405.13397
cs.CV 2405.13438
cs.CV 2405.13451
cs.CV 2405.13459
cs.CV 2405.13467
cs.CV 2405.13473
cs.CV 2405.13482
cs.CV 2405.13518
cs.CV 2405.13532
cs.CV 2405.13538
cs.CV 2405.13540
cs.CV 2405.13555
cs.CV 2405.13570
cs.CV 2405.13571
cs.CV 2405.13580
cs.CV 2405.13581
cs.CV 2405.13637
cs.CV 2405.13659
cs.CV 2405.13672
cs.CV 2405.13675
cs.CV 2405.13685
cs.CV 2405.13686
cs.CV 2405.13694
cs.CV 2405.13722
cs.CV 2405.13745
cs.CV 2405.13748
cs.CV 2405.13758
cs.CV 2405.13762
cs.CV 2405.13777
cs.CV 2405.13779
cs.CV 2405.13781
cs.CV 2405.13800
cs.CV 2405.13824
cs.CV 2405.13859
cs.CV 2405.13860
cs.CV 2405.13864
cs.CV 2405.13865
cs.CV 2405.13870
cs.CV 2405.13874
cs.CV 2405.13896
cs.CV 2405.13901
cs.CV 2405.13903
cs.CV 2405.13911
cs.CV 2405.13943
cs.CV 2405.13949
cs.CV 2405.13951
cs.CV 2405.13979
cs.CV 2405.13985
cs.CV 2405.13989
cs.CV 2405.13993
cs.CV 2405.13999
cs.CV 2405.14010
cs.CV 2405.14014
cs.CV 2405.14017
cs.CV 2405.14019
cs.CV 2405.14024
cs.CV 2405.14030
cs.CV 2405.14077
cs.CV 2405.14101
cs.CV 2405.14115
cs.CV 2405.14119
cs.CV 2405.14136
cs.CV 2405.14137
cs.CV 2405.14142
cs.CV 2405.14146
cs.CV 2405.14148
cs.CV 2405.14156
cs.CV 2405.14162
cs.CV 2405.14169
cs.CV 2405.14171
cs.CV 2405.14174
cs.CV 2405.14192
cs.CV 2405.14195
cs.CV 2405.14200
cs.CV 2405.14201
cs.CV 2405.14206
cs.CV 2405.14210
cs.CV 2405.14213
cs.CV 2405.14224
cs.CV 2405.14230
cs.CV 2405.14241
cs.CV 2405.14271
cs.CV 2405.14276
cs.CV 2405.14278
cs.CV 2405.14292
cs.CV 2405.14294
cs.CV 2405.14295
cs.CV 2405.14301
cs.CV 2405.14312
cs.CV 2405.14318
cs.CV 2405.14325
cs.CV 2405.14331
cs.CV 2405.14334
cs.CV 2405.14338
cs.CV 2405.14342
cs.CV 2405.14343
cs.CV 2405.14386
cs.CV 2405.14405
cs.CV 2405.14409
cs.CV 2405.14419
cs.CV 2405.14430
cs.CV 2405.14444
cs.CV 2405.14452
cs.CV 2405.14455
cs.CV 2405.14458
cs.CV 2405.14467
cs.CV 2405.14475
cs.CV 2405.14480
cs.CV 2405.14497
cs.CV 2405.14504
cs.CV 2405.14506
cs.CV 2405.14516
cs.CV 2405.14520
cs.CV 2405.14529
cs.CV 2405.14530
cs.CV 2405.14554
cs.CV 2405.14556
cs.CV 2405.14563
cs.CV 2405.14582
cs.CV 2405.14584
cs.CV 2405.14598
cs.CV 2405.14599
cs.CV 2405.14612
cs.CV 2405.14626
cs.CV 2405.14633
cs.CV 2405.14672
cs.CV 2405.14674
cs.CV 2405.14677
cs.CV 2405.14700
cs.CV 2405.14701
cs.CV 2405.14702
cs.CV 2405.14705
cs.CV 2405.14709
cs.CV 2405.14715
cs.CV 2405.14718
cs.CV 2405.14726
cs.CV 2405.14730
cs.CV 2405.14736
cs.CV 2405.14737
cs.CV 2405.14739
cs.CV 2405.14747
cs.CV 2405.14785
cs.CV 2405.14788
cs.CV 2405.14793
cs.CV 2405.14796
cs.CV 2405.14815
cs.CV 2405.14822
cs.CV 2405.14824
cs.CV 2405.14828
cs.CV 2405.14832
cs.CV 2405.14839
cs.CV 2405.14841
cs.CV 2405.14847
cs.CV 2405.14854
cs.CV 2405.14855
cs.CV 2405.14857
cs.CV 2405.14858
cs.CV 2405.14864
cs.CV 2405.14866
cs.CV 2405.14867
cs.CV 2405.14868
cs.CV 2405.14869
cs.CV 2405.14870
cs.CV 2405.14871
cs.CV 2405.14873
cs.AI 2404.05388
cs.AI 2405.07393
cs.AI 2405.09549
cs.AI 2405.09550
cs.AI 2405.09552
cs.AI 2405.09553
cs.AI 2405.09556
cs.AI 2405.09561
cs.AI 2405.09563
cs.AI 2405.09567
cs.AI 2405.09572
cs.AI 2405.09580
cs.AI 2405.09585
cs.AI 2405.09586
cs.AI 2405.09588
cs.AI 2405.09589
cs.AI 2405.09591
cs.AI 2405.09592
cs.AI 2405.09593
cs.AI 2405.09595
cs.AI 2405.09596
cs.AI 2405.09597
cs.AI 2405.09598
cs.AI 2405.09600
cs.AI 2405.09602
cs.AI 2405.09605
cs.AI 2405.09637
cs.AI 2405.09657
cs.AI 2405.09673
cs.AI 2405.09679
cs.AI 2405.09688
cs.AI 2405.09689
cs.AI 2405.09691
cs.AI 2405.09708
cs.AI 2405.09713
cs.AI 2405.09719
cs.AI 2405.09744
cs.AI 2405.09765
cs.AI 2405.09770
cs.AI 2405.09781
cs.AI 2405.09783
cs.AI 2405.09784
cs.AI 2405.09798
cs.AI 2405.09802
cs.AI 2405.09806
cs.AI 2405.09848
cs.AI 2405.09857
cs.AI 2405.09863
cs.AI 2405.09878
cs.AI 2405.09879
cs.AI 2405.09882
cs.AI 2405.09886
cs.AI 2405.09901
cs.AI 2405.09902
cs.AI 2405.09909
cs.AI 2405.09933
cs.AI 2405.09934
cs.AI 2405.09935
cs.AI 2405.09939
cs.AI 2405.09972
cs.AI 2405.09980
cs.AI 2405.09990
cs.AI 2405.09999
cs.AI 2405.10025
cs.AI 2405.10027
cs.AI 2405.10040
cs.AI 2405.10045
cs.AI 2405.10075
cs.AI 2405.10082
cs.AI 2405.10084
cs.AI 2405.10093
cs.AI 2405.10102
cs.AI 2405.10128
cs.AI 2405.10129
cs.AI 2405.10134
cs.AI 2405.10160
cs.AI 2405.10215
cs.AI 2405.10216
cs.AI 2405.10218
cs.AI 2405.10260
cs.AI 2405.10262
cs.AI 2405.10271
cs.AI 2405.10272
cs.AI 2405.10286
cs.AI 2405.10288
cs.AI 2405.10295
cs.AI 2405.10299
cs.AI 2405.10301
cs.AI 2405.10305
cs.AI 2405.10310
cs.AI 2405.10315
cs.AI 2405.09711
cs.AI 2405.09763
cs.AI 2405.09794
cs.AI 2405.09875
cs.AI 2405.09893
cs.AI 2405.10292
cs.AI 2405.10313
cs.AI 2405.10322
cs.AI 2405.10329
cs.AI 2405.10343
cs.AI 2405.10345
cs.AI 2405.10346
cs.AI 2405.10347
cs.AI 2405.10348
cs.AI 2405.10350
cs.AI 2405.10369
cs.AI 2405.10376
cs.AI 2405.10378
cs.AI 2405.10385
cs.AI 2405.10391
cs.AI 2405.10426
cs.AI 2405.10436
cs.AI 2405.10446
cs.AI 2405.10448
cs.AI 2405.10449
cs.AI 2405.10460
cs.AI 2405.10476
cs.AI 2405.10481
cs.AI 2405.10490
cs.AI 2405.10497
cs.AI 2405.10516
cs.AI 2405.10529
cs.AI 2405.10542
cs.AI 2405.10570
cs.AI 2405.10581
cs.AI 2405.10589
cs.AI 2405.10597
cs.AI 2405.10608
cs.AI 2405.10611
cs.AI 2405.10621
cs.AI 2405.10624
cs.AI 2405.10625
cs.AI 2405.10629
cs.AI 2405.10630
cs.AI 2405.10632
cs.AI 2405.10645
cs.AI 2405.10647
cs.AI 2405.10659
cs.AI 2405.10674
cs.AI 2405.10679
cs.AI 2405.10700
cs.AI 2405.10713
cs.AI 2405.10714
cs.AI 2405.10739
cs.AI 2405.10745
cs.AI 2405.10746
cs.AI 2405.10762
cs.AI 2405.10767
cs.AI 2405.10812
cs.AI 2405.10852
cs.AI 2405.10853
cs.AI 2405.10861
cs.AI 2405.10877
cs.AI 2405.10890
cs.AI 2405.10893
cs.AI 2405.10918
cs.AI 2405.10925
cs.AI 2405.10936
cs.AI 2405.10938
cs.AI 2405.10939
cs.AI 2405.10467
cs.AI 2405.10469
cs.AI 2405.10536
cs.AI 2405.10620
cs.AI 2405.10729
cs.AI 2405.10768
cs.AI 2405.10883
cs.AI 2405.10948
cs.AI 2405.10957
cs.AI 2405.10970
cs.AI 2405.10973
cs.AI 2405.10974
cs.AI 2405.10976
cs.AI 2405.10986
cs.AI 2405.10987
cs.AI 2405.10988
cs.AI 2405.10989
cs.AI 2405.10991
cs.AI 2405.10992
cs.AI 2405.10995
cs.AI 2405.10997
cs.AI 2405.11002
cs.AI 2405.11007
cs.AI 2405.11008
cs.AI 2405.11011
cs.AI 2405.11013
cs.AI 2405.11024
cs.AI 2405.11029
cs.AI 2405.11053
cs.AI 2405.11055
cs.AI 2405.11067
cs.AI 2405.11106
cs.AI 2405.11109
cs.AI 2405.11139
cs.AI 2405.11145
cs.AI 2405.11151
cs.AI 2405.11154
cs.AI 2405.11195
cs.AI 2405.11198
cs.AI 2405.11206
cs.AI 2405.11225
cs.AI 2405.11238
cs.AI 2405.11265
cs.AI 2405.11272
cs.AI 2405.11277
cs.AI 2405.11281
cs.AI 2405.11282
cs.AI 2405.11318
cs.AI 2405.11331
cs.AI 2405.11333
cs.AI 2405.11338
cs.AI 2405.11344
cs.AI 2405.11345
cs.AI 2405.11347
cs.AI 2405.11380
cs.AI 2405.11397
cs.AI 2405.11401
cs.AI 2405.11402
cs.AI 2405.11403
cs.AI 2405.11422
cs.AI 2405.11451
cs.AI 2405.11457
cs.AI 2405.11461
cs.AI 2405.11464
cs.AI 2405.11470
cs.AI 2405.11473
cs.AI 2405.11476
cs.AI 2405.11504
cs.AI 2405.11525
cs.AI 2405.11531
cs.AI 2405.11537
cs.AI 2405.11551
cs.AI 2405.11559
cs.AI 2405.11574
cs.AI 2405.11577
cs.AI 2405.11597
cs.AI 2405.11598
cs.AI 2405.11612
cs.AI 2405.11618
cs.AI 2405.11619
cs.AI 2405.11629
cs.AI 2405.11655
cs.AI 2405.11656
cs.AI 2405.11657
cs.AI 2405.11669
cs.AI 2405.11675
cs.AI 2405.11704
cs.AI 2405.11722
cs.AI 2405.11724
cs.AI 2405.11739
cs.AI 2405.11740
cs.AI 2405.11758
cs.AI 2405.11778
cs.AI 2405.11783
cs.AI 2405.11784
cs.AI 2405.11800
cs.AI 2405.11802
cs.AI 2405.11809
cs.AI 2405.11814
cs.AI 2405.11816
cs.AI 2405.11837
cs.AI 2405.11848
cs.AI 2405.11865
cs.AI 2405.11868
cs.AI 2405.11870
cs.AI 2405.11877
cs.AI 2405.11880
cs.AI 2405.11881
cs.AI 2405.11891
cs.AI 2405.11919
cs.AI 2405.11928
cs.AI 2405.11937
cs.AI 2405.11967
cs.AI 2405.11968
cs.AI 2405.11978
cs.AI 2405.11982
cs.AI 2405.11983
cs.AI 2405.12001
cs.AI 2405.12070
cs.AI 2405.12119
cs.AI 2405.12150
cs.AI 2405.12163
cs.AI 2405.12179
cs.AI 2405.12183
cs.AI 2405.12202
cs.AI 2405.12217
cs.AI 2405.11070
cs.AI 2405.11100
cs.AI 2405.11120
cs.AI 2405.11143
cs.AI 2405.11181
cs.AI 2405.11250
cs.AI 2405.11273
cs.AI 2405.11284
cs.AI 2405.11305
cs.AI 2405.11346
cs.AI 2405.11412
cs.AI 2405.11421
cs.AI 2405.11458
cs.AI 2405.11640
cs.AI 2405.11647
cs.AI 2405.11706
cs.AI 2405.11715
cs.AI 2405.11746
cs.AI 2405.11766
cs.AI 2405.11841
cs.AI 2405.11911
cs.AI 2405.12035
cs.AI 2405.12147
cs.AI 2405.12205
cs.AI 2405.12222
cs.AI 2405.12229
cs.AI 2405.12241
cs.AI 2405.12250
cs.AI 2405.12252
cs.AI 2405.12261
cs.AI 2405.12262
cs.AI 2405.12266
cs.AI 2405.12299
cs.AI 2405.12354
cs.AI 2405.12390
cs.AI 2405.12391
cs.AI 2405.12399
cs.AI 2405.12421
cs.AI 2405.12438
cs.AI 2405.12442
cs.AI 2405.12450
cs.AI 2405.12452
cs.AI 2405.12458
cs.AI 2405.12461
cs.AI 2405.12463
cs.AI 2405.12473
cs.AI 2405.12475
cs.AI 2405.12486
cs.AI 2405.12489
cs.AI 2405.12502
cs.AI 2405.12512
cs.AI 2405.12514
cs.AI 2405.12519
cs.AI 2405.12523
cs.AI 2405.12543
cs.AI 2405.12604
cs.AI 2405.12612
cs.AI 2405.12617
cs.AI 2405.12628
cs.AI 2405.12630
cs.AI 2405.12633
cs.AI 2405.12648
cs.AI 2405.12656
cs.AI 2405.12658
cs.AI 2405.12689
cs.AI 2405.12701
cs.AI 2405.12711
cs.AI 2405.12712
cs.AI 2405.12750
cs.AI 2405.12754
cs.AI 2405.12755
cs.AI 2405.12774
cs.AI 2405.12775
cs.AI 2405.12779
cs.AI 2405.12807
cs.AI 2405.12819
cs.AI 2405.12832
cs.AI 2405.12849
cs.AI 2405.12868
cs.AI 2405.12881
cs.AI 2405.12884
cs.AI 2405.12900
cs.AI 2405.12910
cs.AI 2405.12923
cs.AI 2405.12933
cs.AI 2405.12951
cs.AI 2405.12954
cs.AI 2405.12961
cs.AI 2405.12236
cs.AI 2405.12368
cs.AI 2405.12433
cs.AI 2405.12541
cs.AI 2405.12621
cs.AI 2405.12654
cs.AI 2405.12716
cs.AI 2405.12785
cs.AI 2405.12862
cs.AI 2405.11821
cs.AI 2405.12983
cs.AI 2405.12985
cs.AI 2405.12986
cs.AI 2405.12990
cs.AI 2405.12997
cs.AI 2405.12999
cs.AI 2405.13000
cs.AI 2405.13001
cs.AI 2405.13002
cs.AI 2405.13003
cs.AI 2405.13004
cs.AI 2405.13005
cs.AI 2405.13006
cs.AI 2405.13007
cs.AI 2405.13008
cs.AI 2405.13009
cs.AI 2405.13010
cs.AI 2405.13011
cs.AI 2405.13012
cs.AI 2405.13013
cs.AI 2405.13014
cs.AI 2405.13015
cs.AI 2405.13018
cs.AI 2405.13019
cs.AI 2405.13020
cs.AI 2405.13021
cs.AI 2405.13024
cs.AI 2405.13025
cs.AI 2405.13026
cs.AI 2405.13028
cs.AI 2405.13030
cs.AI 2405.13032
cs.AI 2405.13034
cs.AI 2405.13035
cs.AI 2405.13036
cs.AI 2405.13037
cs.AI 2405.13038
cs.AI 2405.13039
cs.AI 2405.13041
cs.AI 2405.13042
cs.AI 2405.13044
cs.AI 2405.13045
cs.AI 2405.13048
cs.AI 2405.13049
cs.AI 2405.13050
cs.AI 2405.13051
cs.AI 2405.13052
cs.AI 2405.13053
cs.AI 2405.13055
cs.AI 2405.13057
cs.AI 2405.13058
cs.AI 2405.13059
cs.AI 2405.13062
cs.AI 2405.13063
cs.AI 2405.13064
cs.AI 2405.13065
cs.AI 2405.13068
cs.AI 2405.13071
cs.AI 2405.13077
cs.AI 2405.13081
cs.AI 2405.13082
cs.AI 2405.13084
cs.AI 2405.13085
cs.AI 2405.13090
cs.AI 2405.13093
cs.AI 2405.13094
cs.AI 2405.13095
cs.AI 2405.13100
cs.AI 2405.13101
cs.AI 2405.13127
cs.AI 2405.13152
cs.AI 2405.13162
cs.AI 2405.13166
cs.AI 2405.13190
cs.AI 2405.13195
cs.AI 2405.13196
cs.AI 2405.13202
cs.AI 2405.13220
cs.AI 2405.13229
cs.AI 2405.13245
cs.AI 2405.13256
cs.AI 2405.13264
cs.AI 2405.13290
cs.AI 2405.13300
cs.AI 2405.13324
cs.AI 2405.13325
cs.AI 2405.13347
cs.AI 2405.13360
cs.AI 2405.13374
cs.AI 2405.13386
cs.AI 2405.13393
cs.AI 2405.13394
cs.AI 2405.13407
cs.AI 2405.13426
cs.AI 2405.13432
cs.AI 2405.13445
cs.AI 2405.13449
cs.AI 2405.13461
cs.AI 2405.13473
cs.AI 2405.13474
cs.AI 2405.13487
cs.AI 2405.13488
cs.AI 2405.13515
cs.AI 2405.13522
cs.AI 2405.13527
cs.AI 2405.13536
cs.AI 2405.13541
cs.AI 2405.13547
cs.AI 2405.13551
cs.AI 2405.13554
cs.AI 2405.13557
cs.AI 2405.13560
cs.AI 2405.13565
cs.AI 2405.13568
cs.AI 2405.13575
cs.AI 2405.13581
cs.AI 2405.13586
cs.AI 2405.13606
cs.AI 2405.13636
cs.AI 2405.13637
cs.AI 2405.13640
cs.AI 2405.13698
cs.AI 2405.13699
cs.AI 2405.13707
cs.AI 2405.13711
cs.AI 2405.13715
cs.AI 2405.13729
cs.AI 2405.13735
cs.AI 2405.13746
cs.AI 2405.13751
cs.AI 2405.13753
cs.AI 2405.13758
cs.AI 2405.13777
cs.AI 2405.13779
cs.AI 2405.13785
cs.AI 2405.13786
cs.AI 2405.13792
cs.AI 2405.13796
cs.AI 2405.13798
cs.AI 2405.13800
cs.AI 2405.13805
cs.AI 2405.13810
cs.AI 2405.13828
cs.AI 2405.13832
cs.AI 2405.13845
cs.AI 2405.13864
cs.AI 2405.13867
cs.AI 2405.13891
cs.AI 2405.13902
cs.AI 2405.13907
cs.AI 2405.13911
cs.AI 2405.13929
cs.AI 2405.13932
cs.AI 2405.13938
cs.AI 2405.13952
cs.AI 2405.13954
cs.AI 2405.13969
cs.AI 2405.13974
cs.AI 2405.13978
cs.AI 2405.13983
cs.AI 2405.13987
cs.AI 2405.14006
cs.AI 2405.14014
cs.AI 2405.14016
cs.AI 2405.14020
cs.AI 2405.14024
cs.AI 2405.14039
cs.AI 2405.14055
cs.AI 2405.14057
cs.AI 2405.14075
cs.AI 2405.14077
cs.AI 2405.14082
cs.AI 2405.14088
cs.AI 2405.14094
cs.AI 2405.14105
cs.AI 2405.14108
cs.AI 2405.14114
cs.AI 2405.14115
cs.AI 2405.14117
cs.AI 2405.14126
cs.AI 2405.14129
cs.AI 2405.14133
cs.AI 2405.14135
cs.AI 2405.14142
cs.AI 2405.14147
cs.AI 2405.14148
cs.AI 2405.14159
cs.AI 2405.14161
cs.AI 2405.14176
cs.AI 2405.14194
cs.AI 2405.14195
cs.AI 2405.14200
cs.AI 2405.14203
cs.AI 2405.14205
cs.AI 2405.14214
cs.AI 2405.14219
cs.AI 2405.14226
cs.AI 2405.14230
cs.AI 2405.14256
cs.AI 2405.14259
cs.AI 2405.14260
cs.AI 2405.14264
cs.AI 2405.14267
cs.AI 2405.14268
cs.AI 2405.14270
cs.AI 2405.14273
cs.AI 2405.14286
cs.AI 2405.14291
cs.AI 2405.14297
cs.AI 2405.14307
cs.AI 2405.14327
cs.AI 2405.14331
cs.AI 2405.14347
cs.AI 2405.14365
cs.AI 2405.14366
cs.AI 2405.14374
cs.AI 2405.14377
cs.AI 2405.14379
cs.AI 2405.14383
cs.AI 2405.14384
cs.AI 2405.14385
cs.AI 2405.14394
cs.AI 2405.14398
cs.AI 2405.14419
cs.AI 2405.14422
cs.AI 2405.14430
cs.AI 2405.14431
cs.AI 2405.14445
cs.AI 2405.14446
cs.AI 2405.14452
cs.AI 2405.14467
cs.AI 2405.14473
cs.AI 2405.14475
cs.AI 2405.14478
cs.AI 2405.14489
cs.AI 2405.14504
cs.AI 2405.14505
cs.AI 2405.14506
cs.AI 2405.14516
cs.AI 2405.14522
cs.AI 2405.14527
cs.AI 2405.14535
cs.AI 2405.14536
cs.AI 2405.14547
cs.AI 2405.14554
cs.AI 2405.14555
cs.AI 2405.14563
cs.AI 2405.14569
cs.AI 2405.14582
cs.AI 2405.14597
cs.AI 2405.14601
cs.AI 2405.14606
cs.AI 2405.14608
cs.AI 2405.14612
cs.AI 2405.14616
cs.AI 2405.14629
cs.AI 2405.14632
cs.AI 2405.14654
cs.AI 2405.14660
cs.AI 2405.14664
cs.AI 2405.14669
cs.AI 2405.14696
cs.AI 2405.14701
cs.AI 2405.14702
cs.AI 2405.14712
cs.AI 2405.14713
cs.AI 2405.14715
cs.AI 2405.14718
cs.AI 2405.14719
cs.AI 2405.14742
cs.AI 2405.14743
cs.AI 2405.14747
cs.AI 2405.14748
cs.AI 2405.14749
cs.AI 2405.14750
cs.AI 2405.14753
cs.AI 2405.14758
cs.AI 2405.14768
cs.AI 2405.14781
cs.AI 2405.14796
cs.AI 2405.14808
cs.AI 2405.14822
cs.AI 2405.14831
cs.AI 2405.14838
cs.AI 2405.14853
cs.AI 2405.14855
cs.AI 2405.14857
cs.AI 2405.14861
cs.AI 2405.14863
cs.AI 2405.14868
cs.AI 2405.14869
cs.AI 2405.13092
cs.AI 2405.13099
cs.AI 2405.13144
cs.AI 2405.13219
cs.AI 2405.13231
cs.AI 2405.13242
cs.AI 2405.13352
cs.AI 2405.13356
cs.AI 2405.13462
cs.AI 2405.13602
cs.AI 2405.13651
cs.AI 2405.13863
cs.AI 2405.13872
cs.AI 2405.13873
cs.AI 2405.13960
cs.AI 2405.13966
cs.AI 2405.14001
cs.AI 2405.14012
cs.AI 2405.14058
cs.AI 2405.14061
cs.AI 2405.14062
cs.AI 2405.14078
cs.AI 2405.14125
cs.AI 2405.14170
cs.AI 2405.14173
cs.AI 2405.14244
cs.AI 2405.14265
cs.AI 2405.14314
cs.AI 2405.14333
cs.AI 2405.14346
cs.AI 2405.14389
cs.AI 2405.14391
cs.AI 2405.14411
cs.AI 2405.14414
cs.AI 2405.14436
cs.AI 2405.14573
cs.AI 2405.14600
cs.AI 2405.14691
cs.AI 2405.14707
cs.AI 2405.14716
cs.AI 2405.14728
cs.DB 2405.09529
cs.DB 2405.08839
cs.DB 2405.09593
cs.DB 2405.10045
cs.DB 2405.10235
cs.DB 2405.11706
cs.DB 2405.11191
cs.DB 2405.11299
cs.DB 2405.11419
cs.DB 2405.11529
cs.DB 2405.11988
cs.DB 2405.12350
cs.DB 2405.12358
cs.DB 2405.12497
cs.DB 2405.12511
cs.DB 2405.12709
cs.DB 2405.12871
cs.DB 2405.12881
cs.DB 2405.13795
cs.DB 2405.14696
cs.DB 2405.14435
cs.DB 2405.14502
cs.GT 2405.09811
cs.GT 2405.10206
cs.GT 2405.10622
cs.GT 2405.11421
cs.GT 2405.11746
cs.GT 2405.10997
cs.GT 2405.11000
cs.GT 2405.11517
cs.GT 2405.11873
cs.GT 2405.11889
cs.GT 2405.12016
cs.GT 2405.12414
cs.GT 2405.13788
cs.GT 2405.14346
cs.GT 2405.13102
cs.GT 2405.13879
cs.GT 2405.13919
cs.GT 2405.14068
cs.GT 2405.14122
cs.GT 2405.14223
cs.GT 2405.14279
cs.GT 2405.14293
cs.GT 2405.14316
cs.GT 2405.14463
cs.GT 2405.14546
cs.GT 2405.14575
cs.GT 2405.14758
cs.DM 2405.09644
cs.DM 2405.09656
cs.DM 2405.09746
cs.DM 2405.10763
cs.DM 2405.10789
cs.DM 2405.11409
cs.DM 2405.12013
cs.DM 2405.11424
cs.DM 2405.12293
cs.DM 2405.12371
cs.DM 2405.12410
cs.DM 2405.12906
cs.DM 2405.12945
cs.DM 2405.13176
cs.DM 2405.13302
cs.DM 2405.13461
cs.DM 2405.13773
cs.DM 2405.13797
cs.DM 2405.13987
cs.DM 2405.13994
cs.DM 2405.14275
cs.DM 2405.14836
cs.DM 2405.13928
cs.CR 2405.09550
cs.CR 2405.09786
cs.CR 2405.09805
cs.CR 2405.09902
cs.CR 2405.10096
cs.CR 2405.10220
cs.CR 2405.10274
cs.CR 2405.09662
cs.CR 2405.09721
cs.CR 2405.09757
cs.CR 2405.09916
cs.CR 2405.10051
cs.CR 2405.10131
cs.CR 2405.10612
cs.CR 2405.10678
cs.CR 2405.10757
cs.CR 2405.10373
cs.CR 2405.10376
cs.CR 2405.10521
cs.CR 2405.10543
cs.CR 2405.10758
cs.CR 2405.10880
cs.CR 2405.10906
cs.CR 2405.10970
cs.CR 2405.10989
cs.CR 2405.11002
cs.CR 2405.11419
cs.CR 2405.11547
cs.CR 2405.11575
cs.CR 2405.11608
cs.CR 2405.11724
cs.CR 2405.11767
cs.CR 2405.11916
cs.CR 2405.12085
cs.CR 2405.12121
cs.CR 2405.10979
cs.CR 2405.10986
cs.CR 2405.10994
cs.CR 2405.11035
cs.CR 2405.11041
cs.CR 2405.11109
cs.CR 2405.11135
cs.CR 2405.11141
cs.CR 2405.11227
cs.CR 2405.11245
cs.CR 2405.11247
cs.CR 2405.11258
cs.CR 2405.11316
cs.CR 2405.11335
cs.CR 2405.11341
cs.CR 2405.11350
cs.CR 2405.11353
cs.CR 2405.11368
cs.CR 2405.11440
cs.CR 2405.11456
cs.CR 2405.11497
cs.CR 2405.11580
cs.CR 2405.11607
cs.CR 2405.11713
cs.CR 2405.11876
cs.CR 2405.11885
cs.CR 2405.11987
cs.CR 2405.12042
cs.CR 2405.12043
cs.CR 2405.12076
cs.CR 2405.12104
cs.CR 2405.12115
cs.CR 2405.12177
cs.CR 2405.12187
cs.CR 2405.12197
cs.CR 2405.12553
cs.CR 2405.12561
cs.CR 2405.12266
cs.CR 2405.12322
cs.CR 2405.12336
cs.CR 2405.12347
cs.CR 2405.12384
cs.CR 2405.12469
cs.CR 2405.12494
cs.CR 2405.12513
cs.CR 2405.12550
cs.CR 2405.12719
cs.CR 2405.12725
cs.CR 2405.12750
cs.CR 2405.12751
cs.CR 2405.12786
cs.CR 2405.12852
cs.CR 2405.12951
cs.CR 2405.13217
cs.CR 2405.13453
cs.CR 2405.13481
cs.CR 2405.13670
cs.CR 2405.13677
cs.CR 2405.13763
cs.CR 2405.13801
cs.CR 2405.14388
cs.CR 2405.14457
cs.CR 2405.14517
cs.CR 2405.14725
cs.CR 2405.13062
cs.CR 2405.13066
cs.CR 2405.13068
cs.CR 2405.13077
cs.CR 2405.13080
cs.CR 2405.13146
cs.CR 2405.13147
cs.CR 2405.13156
cs.CR 2405.13175
cs.CR 2405.13295
cs.CR 2405.13310
cs.CR 2405.13380
cs.CR 2405.13401
cs.CR 2405.13517
cs.CR 2405.13568
cs.CR 2405.13744
cs.CR 2405.13804
cs.CR 2405.13832
cs.CR 2405.13847
cs.CR 2405.13857
cs.CR 2405.13891
cs.CR 2405.13927
cs.CR 2405.13933
cs.CR 2405.14018
cs.CR 2405.14036
cs.CR 2405.14052
cs.CR 2405.14074
cs.CR 2405.14106
cs.CR 2405.14191
cs.CR 2405.14212
cs.CR 2405.14311
cs.CR 2405.14381
cs.CR 2405.14478
cs.CR 2405.14487
cs.CR 2405.14569
cs.CR 2405.14781
cs.CR 2405.14800
cs.CR 2405.14821
cs.FL 2405.08988
cs.FL 2405.09183
cs.FL 2405.09208
cs.FL 2405.09396
cs.FL 2405.10296
cs.FL 2405.11657
cs.FL 2405.11308
cs.FL 2405.11849
cs.FL 2405.12350
cs.FL 2405.12921
cs.FL 2405.13488
cs.FL 2405.14275
cs.FL 2405.14703
cs.FL 2405.14272
cs.CL 2405.09589
cs.CL 2405.09673
cs.CL 2405.09711
cs.CL 2405.09713
cs.CL 2405.09798
cs.CL 2405.09806
cs.CL 2405.09893
cs.CL 2405.09983
cs.CL 2405.10020
cs.CL 2405.10051
cs.CL 2405.10211
cs.CL 2405.10213
cs.CL 2405.10266
cs.CL 2405.10292
cs.CL 2405.10313
cs.CL 2405.09605
cs.CL 2405.09679
cs.CL 2405.09719
cs.CL 2405.09733
cs.CL 2405.09735
cs.CL 2405.09744
cs.CL 2405.09765
cs.CL 2405.09770
cs.CL 2405.09805
cs.CL 2405.09818
cs.CL 2405.09848
cs.CL 2405.09854
cs.CL 2405.09857
cs.CL 2405.09913
cs.CL 2405.09935
cs.CL 2405.09939
cs.CL 2405.09948
cs.CL 2405.09980
cs.CL 2405.10025
cs.CL 2405.10040
cs.CL 2405.10121
cs.CL 2405.10128
cs.CL 2405.10129
cs.CL 2405.10133
cs.CL 2405.10138
cs.CL 2405.10150
cs.CL 2405.10166
cs.CL 2405.10202
cs.CL 2405.10212
cs.CL 2405.10251
cs.CL 2405.10260
cs.CL 2405.10276
cs.CL 2405.10288
cs.CL 2405.10426
cs.CL 2405.10584
cs.CL 2405.10597
cs.CL 2405.10700
cs.CL 2405.10718
cs.CL 2405.10745
cs.CL 2405.10938
cs.CL 2405.10385
cs.CL 2405.10431
cs.CL 2405.10440
cs.CL 2405.10443
cs.CL 2405.10452
cs.CL 2405.10457
cs.CL 2405.10474
cs.CL 2405.10485
cs.CL 2405.10492
cs.CL 2405.10516
cs.CL 2405.10517
cs.CL 2405.10523
cs.CL 2405.10542
cs.CL 2405.10548
cs.CL 2405.10579
cs.CL 2405.10587
cs.CL 2405.10616
cs.CL 2405.10625
cs.CL 2405.10626
cs.CL 2405.10629
cs.CL 2405.10630
cs.CL 2405.10637
cs.CL 2405.10650
cs.CL 2405.10659
cs.CL 2405.10689
cs.CL 2405.10702
cs.CL 2405.10714
cs.CL 2405.10725
cs.CL 2405.10738
cs.CL 2405.10741
cs.CL 2405.10808
cs.CL 2405.10860
cs.CL 2405.10861
cs.CL 2405.10893
cs.CL 2405.10918
cs.CL 2405.10936
cs.CL 2405.10974
cs.CL 2405.10989
cs.CL 2405.10999
cs.CL 2405.11009
cs.CL 2405.11029
cs.CL 2405.11070
cs.CL 2405.11093
cs.CL 2405.11100
cs.CL 2405.11106
cs.CL 2405.11109
cs.CL 2405.11143
cs.CL 2405.11157
cs.CL 2405.11181
cs.CL 2405.11227
cs.CL 2405.11273
cs.CL 2405.11424
cs.CL 2405.11441
cs.CL 2405.11459
cs.CL 2405.11461
cs.CL 2405.11582
cs.CL 2405.11640
cs.CL 2405.11685
cs.CL 2405.11783
cs.CL 2405.11817
cs.CL 2405.11880
cs.CL 2405.11919
cs.CL 2405.12035
cs.CL 2405.12107
cs.CL 2405.12119
cs.CL 2405.12147
cs.CL 2405.11014
cs.CL 2405.11030
cs.CL 2405.11039
cs.CL 2405.11040
cs.CL 2405.11055
cs.CL 2405.11083
cs.CL 2405.11086
cs.CL 2405.11117
cs.CL 2405.11125
cs.CL 2405.11162
cs.CL 2405.11178
cs.CL 2405.11192
cs.CL 2405.11197
cs.CL 2405.11200
cs.CL 2405.11212
cs.CL 2405.11215
cs.CL 2405.11219
cs.CL 2405.11222
cs.CL 2405.11255
cs.CL 2405.11264
cs.CL 2405.11265
cs.CL 2405.11277
cs.CL 2405.11282
cs.CL 2405.11290
cs.CL 2405.11297
cs.CL 2405.11301
cs.CL 2405.11357
cs.CL 2405.11403
cs.CL 2405.11407
cs.CL 2405.11422
cs.CL 2405.11430
cs.CL 2405.11446
cs.CL 2405.11464
cs.CL 2405.11465
cs.CL 2405.11519
cs.CL 2405.11524
cs.CL 2405.11559
cs.CL 2405.11575
cs.CL 2405.11577
cs.CL 2405.11579
cs.CL 2405.11597
cs.CL 2405.11613
cs.CL 2405.11622
cs.CL 2405.11637
cs.CL 2405.11668
cs.CL 2405.11724
cs.CL 2405.11775
cs.CL 2405.11804
cs.CL 2405.11819
cs.CL 2405.11865
cs.CL 2405.11870
cs.CL 2405.11874
cs.CL 2405.11877
cs.CL 2405.11891
cs.CL 2405.11897
cs.CL 2405.11904
cs.CL 2405.11912
cs.CL 2405.11937
cs.CL 2405.11941
cs.CL 2405.11942
cs.CL 2405.11950
cs.CL 2405.11966
cs.CL 2405.11983
cs.CL 2405.12021
cs.CL 2405.12055
cs.CL 2405.12059
cs.CL 2405.12063
cs.CL 2405.12081
cs.CL 2405.12084
cs.CL 2405.12100
cs.CL 2405.12109
cs.CL 2405.12130
cs.CL 2405.12163
cs.CL 2405.12174
cs.CL 2405.12206
cs.CL 2405.12209
cs.CL 2405.12250
cs.CL 2405.12368
cs.CL 2405.12438
cs.CL 2405.12564
cs.CL 2405.12705
cs.CL 2405.12712
cs.CL 2405.12715
cs.CL 2405.12775
cs.CL 2405.12856
cs.CL 2405.12875
cs.CL 2405.12981
cs.CL 2405.12363
cs.CL 2405.12413
cs.CL 2405.12434
cs.CL 2405.12468
cs.CL 2405.12522
cs.CL 2405.12528
cs.CL 2405.12532
cs.CL 2405.12579
cs.CL 2405.12591
cs.CL 2405.12604
cs.CL 2405.12612
cs.CL 2405.12617
cs.CL 2405.12619
cs.CL 2405.12630
cs.CL 2405.12656
cs.CL 2405.12669
cs.CL 2405.12689
cs.CL 2405.12701
cs.CL 2405.12744
cs.CL 2405.12788
cs.CL 2405.12801
cs.CL 2405.12819
cs.CL 2405.12884
cs.CL 2405.12900
cs.CL 2405.12910
cs.CL 2405.12915
cs.CL 2405.12929
cs.CL 2405.12933
cs.CL 2405.12939
cs.CL 2405.12990
cs.CL 2405.13052
cs.CL 2405.13077
cs.CL 2405.13127
cs.CL 2405.13144
cs.CL 2405.13203
cs.CL 2405.13219
cs.CL 2405.13245
cs.CL 2405.13344
cs.CL 2405.13401
cs.CL 2405.13514
cs.CL 2405.13517
cs.CL 2405.13522
cs.CL 2405.13536
cs.CL 2405.13548
cs.CL 2405.13568
cs.CL 2405.13602
cs.CL 2405.13803
cs.CL 2405.13868
cs.CL 2405.13872
cs.CL 2405.13873
cs.CL 2405.13911
cs.CL 2405.13954
cs.CL 2405.14012
cs.CL 2405.14030
cs.CL 2405.14061
cs.CL 2405.14093
cs.CL 2405.14105
cs.CL 2405.14125
cs.CL 2405.14170
cs.CL 2405.14212
cs.CL 2405.14213
cs.CL 2405.14225
cs.CL 2405.14230
cs.CL 2405.14312
cs.CL 2405.14314
cs.CL 2405.14388
cs.CL 2405.14391
cs.CL 2405.14446
cs.CL 2405.14521
cs.CL 2405.14522
cs.CL 2405.14622
cs.CL 2405.14660
cs.CL 2405.14767
cs.CL 2405.14769
cs.CL 2405.14839
cs.CL 2405.12999
cs.CL 2405.13000
cs.CL 2405.13001
cs.CL 2405.13002
cs.CL 2405.13003
cs.CL 2405.13004
cs.CL 2405.13005
cs.CL 2405.13006
cs.CL 2405.13007
cs.CL 2405.13008
cs.CL 2405.13009
cs.CL 2405.13010
cs.CL 2405.13011
cs.CL 2405.13012
cs.CL 2405.13013
cs.CL 2405.13014
cs.CL 2405.13015
cs.CL 2405.13016
cs.CL 2405.13017
cs.DC 2405.09746
cs.CL 2405.13018
cs.CL 2405.13019
cs.CL 2405.13020
cs.CL 2405.13021
cs.CL 2405.13022
cs.CL 2405.13024
cs.DC 2405.09892
cs.CL 2405.13025
cs.DC 2405.09903
cs.CL 2405.13026
cs.DC 2405.09975
cs.CL 2405.13028
cs.DC 2405.10096
cs.CL 2405.13030
cs.DC 2405.10123
cs.CL 2405.13031
cs.DC 2405.10271
cs.CL 2405.13032
cs.DC 2405.10057
cs.CL 2405.13034
cs.DC 2405.10058
cs.CL 2405.13036
cs.DC 2405.10249
cs.CL 2405.13037
cs.DC 2405.10506
cs.CL 2405.13039
cs.DC 2405.10853
cs.CL 2405.13041
cs.DC 2405.10788
cs.CL 2405.13044
cs.DC 2405.11065
cs.DC 2405.11089
cs.DC 2405.11316
cs.DC 2405.11341
cs.DC 2405.11350
cs.DC 2405.11368
cs.DC 2405.11440
cs.DC 2405.11580
cs.DC 2405.11608
cs.DC 2405.11667
cs.DC 2405.11811
cs.CL 2405.13046
cs.DC 2405.11884
cs.CL 2405.13049
cs.DC 2405.12046
cs.CL 2405.13053
cs.DC 2405.12182
cs.CL 2405.13055
cs.DC 2405.10968
cs.CL 2405.13056
cs.DC 2405.11062
cs.CL 2405.13059
cs.CL 2405.13071
cs.DC 2405.11182
cs.CL 2405.13084
cs.CL 2405.13085
cs.CL 2405.13095
cs.DC 2405.11183
cs.CL 2405.13131
cs.DC 2405.11281
cs.CL 2405.13135
cs.DC 2405.11658
cs.CL 2405.13179
cs.DC 2405.11836
cs.DC 2405.12052
cs.CL 2405.13181
cs.CL 2405.13209
cs.DC 2405.12079
cs.CL 2405.13216
cs.DC 2405.12117
cs.CL 2405.13226
cs.CL 2405.13233
cs.DC 2405.12120
cs.CL 2405.13272
cs.CL 2405.13274
cs.CL 2405.13292
cs.CL 2405.13319
cs.DC 2405.12236
cs.CL 2405.13325
cs.DC 2405.12322
cs.CL 2405.13326
cs.CL 2405.13329
cs.CL 2405.13350
cs.CL 2405.13358
cs.CL 2405.13379
cs.CL 2405.13386
cs.CL 2405.13432
cs.CL 2405.13448
cs.CL 2405.13516
cs.CL 2405.13529
cs.CL 2405.13541
cs.CL 2405.13546
cs.CL 2405.13576
cs.CL 2405.13578
cs.CL 2405.13622
cs.CL 2405.13640
cs.CL 2405.13684
cs.CL 2405.13754
cs.CL 2405.13769
cs.CL 2405.13792
cs.CL 2405.13798
cs.CL 2405.13816
cs.DC 2405.12582
cs.DC 2405.12590
cs.DC 2405.12678
cs.CL 2405.13820
cs.DC 2405.12852
cs.CL 2405.13828
cs.DC 2405.12311
cs.CL 2405.13845
cs.DC 2405.12431
cs.DC 2405.12520
cs.DC 2405.12525
cs.CL 2405.13907
cs.DC 2405.12635
cs.CL 2405.13923
cs.DC 2405.12894
cs.DC 2405.13043
cs.CL 2405.13929
cs.DC 2405.13090
cs.CL 2405.13967
cs.DC 2405.13584
cs.CL 2405.13974
cs.DC 2405.13746
cs.CL 2405.13984
cs.DC 2405.13879
cs.CL 2405.14006
cs.DC 2405.13961
cs.CL 2405.14039
cs.DC 2405.14291
cs.CL 2405.14055
cs.DC 2405.14446
cs.CL 2405.14057
cs.DC 2405.14502
cs.CL 2405.14075
cs.DC 2405.14791
cs.CL 2405.14092
cs.DC 2405.13349
cs.CL 2405.14117
cs.DC 2405.13528
cs.CL 2405.14129
cs.DC 2405.13594
cs.CL 2405.14141
cs.DC 2405.13615
cs.CL 2405.14150
cs.DC 2405.13695
cs.CL 2405.14159
cs.DC 2405.13807
cs.CL 2405.14161
cs.DC 2405.13858
cs.CL 2405.14179
cs.DC 2405.14009
cs.CL 2405.14189
cs.DC 2405.14105
cs.CL 2405.14205
cs.CL 2405.14211
cs.CL 2405.14231
cs.DC 2405.14371
cs.CL 2405.14233
cs.DC 2405.14413
cs.CL 2405.14247
cs.DC 2405.14631
cs.DC 2405.14636
cs.DC 2405.14639
cs.CL 2405.14259
cs.DC 2405.14642
cs.CL 2405.14277
cs.DC 2405.14644
cs.CL 2405.14365
cs.DC 2405.14647
cs.CL 2405.14366
cs.CL 2405.14379
cs.CL 2405.14383
cs.CL 2405.14385
cs.CL 2405.14394
cs.CL 2405.14428
cs.CL 2405.14431
cs.CL 2405.14437
cs.CL 2405.14445
cs.CL 2405.14470
cs.CL 2405.14486
cs.CL 2405.14488
cs.CL 2405.14490
cs.CL 2405.14505
cs.CL 2405.14507
cs.CL 2405.14535
cs.CL 2405.14555
cs.CL 2405.14577
cs.CL 2405.14591
cs.CL 2405.14594
cs.CL 2405.14601
cs.CL 2405.14604
cs.CL 2405.14646
cs.CL 2405.14654
cs.CL 2405.14696
cs.CL 2405.14722
cs.CL 2405.14734
cs.CL 2405.14766
cs.CL 2405.14768
cs.CL 2405.14779
cs.CL 2405.14782
cs.CL 2405.14804
cs.CL 2405.14808
cs.CL 2405.14831
cs.CL 2405.14838
cs.CL 2405.14862
cs.CL 2405.14863
cs.DS 2405.09784
cs.DS 2405.09859
cs.DS 2405.09920
cs.DS 2405.09975
cs.DS 2405.10167
cs.DS 2405.10238
cs.DS 2405.10253
cs.DS 2405.10789
cs.DS 2405.10933
cs.DS 2405.10378
cs.DS 2405.10506
cs.DS 2405.10556
cs.DS 2405.10824
cs.DS 2405.11454
cs.DS 2405.11713
cs.DS 2405.11873
cs.DS 2405.11889
cs.DS 2405.11475
cs.DS 2405.11639
cs.DS 2405.11671
cs.DS 2405.11986
cs.DS 2405.12034
cs.DS 2405.12152
cs.DS 2405.12410
cs.DS 2405.12439
cs.DS 2405.12497
cs.DS 2405.12906
cs.DS 2405.12952
cs.DS 2405.12958
cs.DS 2405.12252
cs.DS 2405.12293
cs.DS 2405.12371
cs.DS 2405.12678
cs.DS 2405.12765
cs.DS 2405.12876
cs.DS 2405.13273
cs.DS 2405.13351
cs.DS 2405.13420
cs.DS 2405.13797
cs.DS 2405.13875
cs.DS 2405.13877
cs.DS 2405.13994
cs.DS 2405.14066
cs.DS 2405.14183
cs.DS 2405.14194
cs.DS 2405.14765
cs.DS 2405.13343
cs.DS 2405.13371
cs.DS 2405.13450
cs.DS 2405.13613
cs.DS 2405.14254
cs.DS 2405.14835
cs.GR 2405.09574
cs.GR 2405.10316
cs.GR 2405.10317
cs.GR 2405.09672
cs.GR 2405.09801
cs.GR 2405.09814
cs.GR 2405.10565
cs.GR 2405.10960
cs.GR 2405.11126
cs.GR 2405.10953
cs.GR 2405.11056
cs.GR 2405.11098
cs.GR 2405.11694
cs.GR 2405.12460
cs.GR 2405.12484
cs.GR 2405.12663
cs.GR 2405.12895
cs.GR 2405.12964
cs.GR 2405.13729
cs.GR 2405.14101
cs.GR 2405.14869
cs.GR 2405.14871
cs.GR 2405.13364
cs.GR 2405.13409
cs.GR 2405.13730
cs.GR 2405.13839
cs.GR 2405.14025
cs.GR 2405.14304
cs.GR 2405.14580
cs.GR 2405.14595
cs.CC 2405.10238
cs.CC 2405.10277
cs.CC 2405.10297
cs.CC 2405.10930
cs.CC 2405.10933
cs.CC 2405.10546
cs.CC 2405.10774
cs.CC 2405.11155
cs.CC 2405.12085
cs.CC 2405.11699
cs.CC 2405.12555
cs.CC 2405.12583
cs.CC 2405.13273
cs.CC 2405.13877
cs.CC 2405.14835
cs.CC 2405.13143
cs.CC 2405.13875
cs.IR 2405.10024
cs.IR 2405.10233
cs.IR 2405.10248
cs.IR 2405.09638
cs.IR 2405.10232
cs.IR 2405.10311
cs.IR 2405.10385
cs.IR 2405.10490
cs.IR 2405.10587
cs.IR 2405.10725
cs.IR 2405.10918
cs.IR 2405.10421
cs.IR 2405.10436
cs.IR 2405.10512
cs.IR 2405.10596
cs.IR 2405.10681
cs.IR 2405.10700
cs.IR 2405.10835
cs.IR 2405.11496
cs.IR 2405.11517
cs.IR 2405.11706
cs.IR 2405.11724
cs.IR 2405.11868
cs.IR 2405.12035
cs.IR 2405.12038
cs.IR 2405.12207
cs.IR 2405.10974
cs.IR 2405.11053
cs.IR 2405.11272
cs.IR 2405.11441
cs.IR 2405.11461
cs.IR 2405.11531
cs.IR 2405.11612
cs.IR 2405.11764
cs.IR 2405.11791
cs.IR 2405.11967
cs.IR 2405.12119
cs.IR 2405.12480
cs.IR 2405.12497
cs.IR 2405.12801
cs.IR 2405.12934
cs.IR 2405.12327
cs.IR 2405.12442
cs.IR 2405.12473
cs.IR 2405.12486
cs.IR 2405.12706
cs.IR 2405.12715
cs.IR 2405.12840
cs.IR 2405.12847
cs.IR 2405.12865
cs.IR 2405.12892
cs.IR 2405.12923
cs.IR 2405.13000
cs.IR 2405.13003
cs.IR 2405.13021
cs.IR 2405.13044
cs.IR 2405.13325
cs.IR 2405.13546
cs.IR 2405.13576
cs.IR 2405.13606
cs.IR 2405.13622
cs.IR 2405.13792
cs.IR 2405.13993
cs.IR 2405.14431
cs.IR 2405.14594
cs.IR 2405.14614
cs.IR 2405.14768
cs.IR 2405.13177
cs.IR 2405.13238
cs.IR 2405.13362
cs.IR 2405.13795
cs.IR 2405.13811
cs.IR 2405.14034
cs.IR 2405.14249
cs.IR 2405.14280
cs.IR 2405.14359
cs.IR 2405.14589
cs.AR 2405.10170
cs.AR 2405.10780
cs.AR 2405.10941
cs.AR 2405.10480
cs.AR 2405.11353
cs.AR 2405.11425
cs.AR 2405.11607
cs.AR 2405.11844
cs.AR 2405.12089
cs.AR 2405.12633
cs.AR 2405.12304
cs.AR 2405.12849
cs.AR 2405.13043
cs.AR 2405.13858
cs.AR 2405.13927
cs.AR 2405.14209
cs.AR 2405.13170
cs.NA 2405.09752
cs.NA 2405.09826
cs.NA 2405.09992
cs.NA 2405.10263
cs.NA 2405.09835
cs.NA 2405.09952
cs.NA 2405.10146
cs.NA 2405.10399
cs.NA 2405.10438
cs.NA 2405.10563
cs.NA 2405.10916
cs.NA 2405.10390
cs.NA 2405.10392
cs.NA 2405.10402
cs.NA 2405.10410
cs.NA 2405.10465
cs.NA 2405.10479
cs.NA 2405.10505
cs.NA 2405.10572
cs.NA 2405.10708
cs.NA 2405.10722
cs.NA 2405.10751
cs.NA 2405.10923
cs.NA 2311.11317
cs.NA 2405.11063
cs.NA 2405.11081
cs.NA 2405.11095
cs.NA 2405.11179
cs.NA 2405.11314
cs.NA 2405.12114
cs.NA 2405.12182
cs.NA 2405.11071
cs.NA 2405.11123
cs.NA 2405.11167
cs.NA 2405.11168
cs.NA 2405.11203
cs.NA 2405.11223
cs.NA 2405.11339
cs.NA 2405.11363
cs.NA 2405.11451
cs.NA 2405.11469
cs.NA 2405.11588
cs.NA 2405.11744
cs.NA 2405.11847
cs.NA 2405.11915
cs.NA 2405.11939
cs.NA 2405.11962
cs.NA 2405.11984
cs.NA 2405.12446
cs.NA 2405.12655
cs.NA 2405.12676
cs.NA 2405.12823
cs.NA 2405.12925
cs.NA 2405.12301
cs.NA 2405.12383
cs.NA 2405.12524
cs.NA 2405.12562
cs.NA 2405.12624
cs.NA 2405.12729
cs.NA 2405.12814
cs.NA 2405.12848
cs.NA 2405.13149
cs.NA 2405.13165
cs.NA 2405.13220
cs.NA 2405.13390
cs.NA 2405.13436
cs.NA 2405.13458
cs.NA 2405.13691
cs.NA 2405.13821
cs.NA 2405.13938
cs.NA 2405.14096
cs.NA 2405.14098
cs.NA 2405.14099
cs.NA 2405.14270
cs.NA 2405.14321
cs.NA 2405.14373
cs.NA 2405.14827
cs.NA 2405.13269
cs.NA 2405.13340
cs.NA 2405.13423
cs.NA 2405.13430
cs.NA 2405.13441
cs.NA 2405.13520
cs.NA 2405.13566
cs.NA 2405.13649
cs.NA 2405.13657
cs.NA 2405.13921
cs.NA 2405.13936
cs.NA 2405.13986
cs.NA 2405.14110
cs.NA 2405.14229
cs.NA 2405.14408
cs.NA 2405.14484
cs.NA 2405.14572
cs.NA 2405.14605
cs.NA 2405.14763
cs.NA 2405.14772
cs.NA 2405.14849
cs.IT 2405.07393
cs.IT 2405.09554
cs.IT 2405.09556
cs.IT 2405.09909
cs.IT 2405.09915
cs.IT 2405.09746
cs.IT 2405.09753
cs.IT 2405.09905
cs.IT 2405.09914
cs.IT 2405.09928
cs.IT 2405.09944
cs.IT 2405.09951
cs.IT 2405.10007
cs.IT 2405.10124
cs.IT 2405.10622
cs.IT 2405.10648
cs.IT 2405.10754
cs.IT 2405.10817
cs.IT 2405.10930
cs.IT 2405.10447
cs.IT 2405.10496
cs.IT 2405.10514
cs.IT 2405.10695
cs.IT 2405.10814
cs.IT 2405.11195
cs.IT 2405.11493
cs.IT 2405.11684
cs.IT 2405.12011
cs.IT 2405.12046
cs.IT 2405.12109
cs.IT 2405.11072
cs.IT 2405.11089
cs.IT 2405.11405
cs.IT 2405.11520
cs.IT 2405.11541
cs.IT 2405.11563
cs.IT 2405.11714
cs.IT 2405.11734
cs.IT 2405.11818
cs.IT 2405.11883
cs.IT 2405.11996
cs.IT 2405.12026
cs.IT 2405.12073
cs.IT 2405.12155
cs.IT 2405.12168
cs.IT 2405.12203
cs.IT 2405.12308
cs.IT 2405.12807
cs.IT 2405.12894
cs.IT 2405.12937
cs.IT 2405.12245
cs.IT 2405.12432
cs.IT 2405.12747
cs.IT 2405.13027
cs.IT 2405.13549
cs.IT 2405.13798
cs.IT 2405.13912
cs.IT 2405.13939
cs.IT 2405.14228
cs.IT 2405.14482
cs.IT 2405.14724
cs.IT 2405.13255
cs.IT 2405.13312
cs.IT 2405.13320
cs.IT 2405.13368
cs.IT 2405.13413
cs.IT 2405.13483
cs.IT 2405.13678
cs.IT 2405.13946
cs.IT 2405.14029
cs.IT 2405.14046
cs.IT 2405.14123
cs.IT 2405.14570
cs.PL 2405.10060
cs.PL 2405.10089
cs.PL 2405.10611
cs.PL 2405.10924
cs.PL 2405.10499
cs.PL 2405.10661
cs.PL 2405.10801
cs.PL 2405.11244
cs.PL 2405.11267
cs.PL 2405.11128
cs.PL 2405.11361
cs.PL 2405.11535
cs.PL 2405.12513
cs.PL 2405.12697
cs.PL 2405.12507
cs.PL 2405.12586
cs.PL 2405.12699
cs.PL 2405.12841
cs.PL 2405.12976
cs.PL 2405.12994
cs.PL 2405.14068
cs.PL 2405.14642
cs.PL 2405.13271
cs.OS 2405.03883
cs.OS 2405.04437
cs.OS 2405.04036
cs.OS 2405.06085
cs.OS 2405.08187
cs.OS 2405.09213
cs.OS 2405.12079
cs.LG 2404.05388
cs.LG 2405.09557
cs.LG 2405.09558
cs.LG 2405.09559
cs.LG 2405.09560
cs.LG 2405.09561
cs.LG 2405.09562
cs.LG 2405.09563
cs.LG 2405.09564
cs.LG 2405.09565
cs.LG 2405.09566
cs.LG 2405.09567
cs.LG 2405.09568
cs.LG 2405.09569
cs.LG 2405.09570
cs.LG 2405.09584
cs.LG 2405.09588
cs.LG 2405.09594
cs.LG 2405.09605
cs.LG 2405.09637
cs.LG 2405.09638
cs.LG 2405.09660
cs.LG 2405.09688
cs.LG 2405.09707
cs.LG 2405.09719
cs.LG 2405.09747
cs.LG 2405.09787
cs.LG 2405.09802
cs.LG 2405.09806
cs.LG 2405.09819
cs.LG 2405.09827
cs.LG 2405.09831
cs.LG 2405.09841
cs.LG 2405.09858
cs.LG 2405.09866
cs.LG 2405.09901
cs.LG 2405.09927
cs.LG 2405.09960
cs.LG 2405.09997
cs.LG 2405.10004
cs.LG 2405.10020
cs.LG 2405.10025
cs.LG 2405.10040
cs.LG 2405.10102
cs.LG 2405.10126
cs.LG 2405.10221
cs.LG 2405.10229
cs.LG 2405.10231
cs.LG 2405.10243
cs.LG 2405.10254
cs.LG 2405.10264
cs.LG 2405.10267
cs.LG 2405.10284
cs.LG 2405.10292
cs.LG 2405.10301
cs.LG 2405.10302
cs.LG 2405.10313
cs.LG 2405.10315
cs.LG 2405.09579
cs.LG 2405.09580
cs.LG 2405.09585
cs.LG 2405.09589
cs.LG 2405.09591
cs.LG 2405.09592
cs.LG 2405.09596
cs.LG 2405.09597
cs.LG 2405.09598
cs.LG 2405.09600
cs.LG 2405.09602
cs.LG 2405.09673
cs.LG 2405.09689
cs.LG 2405.09742
cs.LG 2405.09756
cs.LG 2405.09771
cs.LG 2405.09781
cs.LG 2405.09783
cs.LG 2405.09784
cs.LG 2405.09786
cs.LG 2405.09798
cs.LG 2405.09800
cs.LG 2405.09817
cs.LG 2405.09820
cs.LG 2405.09821
cs.LG 2405.09838
cs.LG 2405.09839
cs.LG 2405.09878
cs.LG 2405.09886
cs.LG 2405.09892
cs.LG 2405.09903
cs.LG 2405.09909
cs.LG 2405.09911
cs.LG 2405.09972
cs.LG 2405.09983
cs.LG 2405.09999
cs.LG 2405.10006
cs.LG 2405.10024
cs.LG 2405.10027
cs.LG 2405.10054
cs.LG 2405.10093
cs.LG 2405.10096
cs.LG 2405.10123
cs.LG 2405.10143
cs.LG 2405.10190
cs.LG 2405.10210
cs.LG 2405.10215
cs.LG 2405.10216
cs.LG 2405.10218
cs.LG 2405.10262
cs.LG 2405.10263
cs.LG 2405.10271
cs.LG 2405.10299
cs.LG 2405.10310
cs.LG 2405.09993
cs.LG 2405.10345
cs.LG 2405.10348
cs.LG 2405.10360
cs.LG 2405.10369
cs.LG 2405.10372
cs.LG 2405.10377
cs.LG 2405.10378
cs.LG 2405.10385
cs.LG 2405.10389
cs.LG 2405.10392
cs.LG 2405.10399
cs.LG 2405.10414
cs.LG 2405.10442
cs.LG 2405.10443
cs.LG 2405.10452
cs.LG 2405.10469
cs.LG 2405.10480
cs.LG 2405.10490
cs.LG 2405.10492
cs.LG 2405.10512
cs.LG 2405.10536
cs.LG 2405.10552
cs.LG 2405.10612
cs.LG 2405.10616
cs.LG 2405.10625
cs.LG 2405.10750
cs.LG 2405.10762
cs.LG 2405.10779
cs.LG 2405.10780
cs.LG 2405.10799
cs.LG 2405.10802
cs.LG 2405.10814
cs.LG 2405.10815
cs.LG 2405.10817
cs.LG 2405.10825
cs.LG 2405.10828
cs.LG 2405.10864
cs.LG 2405.10897
cs.LG 2405.10918
cs.LG 2405.10925
cs.LG 2405.10930
cs.LG 2405.10933
cs.LG 2405.10944
cs.LG 2405.10346
cs.LG 2405.10350
cs.LG 2405.10375
cs.LG 2405.10425
cs.LG 2405.10426
cs.LG 2405.10481
cs.LG 2405.10513
cs.LG 2405.10515
cs.LG 2405.10531
cs.LG 2405.10563
cs.LG 2405.10581
cs.LG 2405.10584
cs.LG 2405.10597
cs.LG 2405.10608
cs.LG 2405.10618
cs.LG 2405.10621
cs.LG 2405.10624
cs.LG 2405.10633
cs.LG 2405.10642
cs.LG 2405.10647
cs.LG 2405.10658
cs.LG 2405.10679
cs.LG 2405.10706
cs.LG 2405.10745
cs.LG 2405.10757
cs.LG 2405.10800
cs.LG 2405.10822
cs.LG 2405.10852
cs.LG 2405.10853
cs.LG 2405.10877
cs.LG 2405.10924
cs.LG 2405.10927
cs.LG 2405.10928
cs.LG 2405.10938
cs.LG 2405.10939
cs.LG 2405.10951
cs.LG 2405.10957
cs.LG 2405.10959
cs.LG 2405.10968
cs.LG 2405.10973
cs.LG 2405.10974
cs.LG 2405.10986
cs.LG 2405.11000
cs.LG 2405.11056
cs.LG 2405.11070
cs.LG 2405.11079
cs.LG 2405.11083
cs.LG 2405.11106
cs.LG 2405.11117
cs.LG 2405.11120
cs.LG 2405.11126
cs.LG 2405.11139
cs.LG 2405.11143
cs.LG 2405.11179
cs.LG 2405.11191
cs.LG 2405.11208
cs.LG 2405.11211
cs.LG 2405.11237
cs.LG 2405.11242
cs.LG 2405.11255
cs.LG 2405.11264
cs.LG 2405.11277
cs.LG 2405.11295
cs.LG 2405.11299
cs.LG 2405.11377
cs.LG 2405.11401
cs.LG 2405.11404
cs.LG 2405.11413
cs.LG 2405.11422
cs.LG 2405.11427
cs.LG 2405.11446
cs.LG 2405.11457
cs.LG 2405.11464
cs.LG 2405.11494
cs.LG 2405.11498
cs.LG 2405.11519
cs.LG 2405.11547
cs.LG 2405.11574
cs.LG 2405.11580
cs.LG 2405.11622
cs.LG 2405.11643
cs.LG 2405.11647
cs.LG 2405.11659
cs.LG 2405.11677
cs.LG 2405.11715
cs.LG 2405.11729
cs.LG 2405.11746
cs.LG 2405.11751
cs.LG 2405.11752
cs.LG 2405.11766
cs.LG 2405.11769
cs.LG 2405.11775
cs.LG 2405.11780
cs.LG 2405.11785
cs.LG 2405.11795
cs.LG 2405.11802
cs.LG 2405.11819
cs.LG 2405.11831
cs.LG 2405.11848
cs.LG 2405.11867
cs.LG 2405.11877
cs.LG 2405.11911
cs.LG 2405.11922
cs.LG 2405.11932
cs.LG 2405.11937
cs.LG 2405.11950
cs.LG 2405.11955
cs.LG 2405.12016
cs.LG 2405.12052
cs.LG 2405.12085
cs.LG 2405.12126
cs.LG 2405.12130
cs.LG 2405.12150
cs.LG 2405.12203
cs.LG 2405.12205
cs.LG 2405.12206
cs.LG 2405.12213
cs.LG 2405.12217
cs.LG 2405.12221
cs.LG 2405.10970
cs.LG 2405.10976
cs.LG 2405.10987
cs.LG 2405.10988
cs.LG 2405.10989
cs.LG 2405.10991
cs.LG 2405.10992
cs.LG 2405.10995
cs.LG 2405.10999
cs.LG 2405.11002
cs.LG 2405.11007
cs.LG 2405.11008
cs.LG 2405.11013
cs.LG 2405.11024
cs.LG 2405.11029
cs.LG 2405.11034
cs.LG 2405.11059
cs.LG 2405.11095
cs.LG 2405.11124
cs.LG 2405.11157
cs.LG 2405.11171
cs.LG 2405.11188
cs.LG 2405.11195
cs.LG 2405.11204
cs.LG 2405.11206
cs.LG 2405.11226
cs.LG 2405.11230
cs.LG 2405.11238
cs.LG 2405.11275
cs.LG 2405.11280
cs.LG 2405.11311
cs.LG 2405.11318
cs.LG 2405.11320
cs.LG 2405.11326
cs.LG 2405.11331
cs.LG 2405.11333
cs.LG 2405.11344
cs.LG 2405.11349
cs.LG 2405.11372
cs.LG 2405.11383
cs.LG 2405.11389
cs.LG 2405.11397
cs.LG 2405.11416
cs.LG 2405.11417
cs.LG 2405.11431
cs.LG 2405.11432
cs.LG 2405.11449
cs.LG 2405.11454
cs.LG 2405.11470
cs.LG 2405.11500
cs.LG 2405.11525
cs.LG 2405.11530
cs.LG 2405.11533
cs.LG 2405.11542
cs.LG 2405.11548
cs.LG 2405.11566
cs.LG 2405.11573
cs.LG 2405.11590
cs.LG 2405.11601
cs.LG 2405.11605
cs.LG 2405.11619
cs.LG 2405.11633
cs.LG 2405.11651
cs.LG 2405.11657
cs.LG 2405.11667
cs.LG 2405.11669
cs.LG 2405.11672
cs.LG 2405.11683
cs.LG 2405.11684
cs.LG 2405.11696
cs.LG 2405.11703
cs.LG 2405.11704
cs.LG 2405.11708
cs.LG 2405.11718
cs.LG 2405.11727
cs.LG 2405.11730
cs.LG 2405.11739
cs.LG 2405.11740
cs.LG 2405.11743
cs.LG 2405.11756
cs.LG 2405.11758
cs.LG 2405.11762
cs.LG 2405.11778
cs.LG 2405.11783
cs.LG 2405.11784
cs.LG 2405.11788
cs.LG 2405.11801
cs.LG 2405.11811
cs.LG 2405.11821
cs.LG 2405.11828
cs.LG 2405.11829
cs.LG 2405.11868
cs.LG 2405.11880
cs.LG 2405.11881
cs.LG 2405.11884
cs.LG 2405.11895
cs.LG 2405.11907
cs.LG 2405.11916
cs.LG 2405.11919
cs.LG 2405.11930
cs.LG 2405.11951
cs.LG 2405.11958
cs.LG 2405.11968
cs.LG 2405.11982
cs.LG 2405.12001
cs.LG 2405.12038
cs.LG 2405.12046
cs.LG 2405.12087
cs.LG 2405.12094
cs.LG 2405.12096
cs.LG 2405.12122
cs.LG 2405.12179
cs.LG 2405.12183
cs.LG 2405.12186
cs.LG 2405.12207
cs.LG 2405.12225
cs.LG 2405.12234
cs.LG 2405.12236
cs.LG 2405.12244
cs.LG 2405.12258
cs.LG 2405.12266
cs.LG 2405.12300
cs.LG 2405.12309
cs.LG 2405.12317
cs.LG 2405.12327
cs.LG 2405.12354
cs.LG 2405.12356
cs.LG 2405.12377
cs.LG 2405.12384
cs.LG 2405.12386
cs.LG 2405.12390
cs.LG 2405.12419
cs.LG 2405.12424
cs.LG 2405.12456
cs.LG 2405.12463
cs.LG 2405.12522
cs.LG 2405.12531
cs.LG 2405.12553
cs.LG 2405.12573
cs.LG 2405.12584
cs.LG 2405.12612
cs.LG 2405.12666
cs.LG 2405.12684
cs.LG 2405.12705
cs.LG 2405.12716
cs.LG 2405.12754
cs.LG 2405.12781
cs.LG 2405.12783
cs.LG 2405.12800
cs.LG 2405.12801
cs.LG 2405.12840
cs.LG 2405.12843
cs.LG 2405.12847
cs.LG 2405.12856
cs.LG 2405.12892
cs.LG 2405.12894
cs.LG 2405.12910
cs.LG 2405.12930
cs.LG 2405.12933
cs.LG 2405.12940
cs.LG 2405.12946
cs.LG 2405.12957
cs.LG 2405.12963
cs.LG 2405.12965
cs.LG 2405.12228
cs.LG 2405.12235
cs.LG 2405.12237
cs.LG 2405.12241
cs.LG 2405.12250
cs.LG 2405.12259
cs.LG 2405.12261
cs.LG 2405.12262
cs.LG 2405.12264
cs.LG 2405.12295
cs.LG 2405.12299
cs.LG 2405.12308
cs.LG 2405.12312
cs.LG 2405.12319
cs.LG 2405.12326
cs.LG 2405.12340
cs.LG 2405.12353
cs.LG 2405.12355
cs.LG 2405.12372
cs.LG 2405.12380
cs.LG 2405.12382
cs.LG 2405.12387
cs.LG 2405.12398
cs.LG 2405.12399
cs.LG 2405.12412
cs.LG 2405.12421
cs.LG 2405.12427
cs.LG 2405.12439
cs.LG 2405.12443
cs.LG 2405.12452
cs.LG 2405.12459
cs.LG 2405.12465
cs.LG 2405.12474
cs.LG 2405.12475
cs.LG 2405.12489
cs.LG 2405.12493
cs.LG 2405.12500
cs.LG 2405.12502
cs.LG 2405.12519
cs.LO 2405.10045
cs.LG 2405.12521
cs.LO 2405.10055
cs.LG 2405.12590
cs.LO 2405.10215
cs.LG 2405.12615
cs.LO 2405.09946
cs.LG 2405.12638
cs.LO 2405.10094
cs.LG 2405.12658
cs.LO 2405.10099
cs.LG 2405.12711
cs.LO 2405.10149
cs.LG 2405.12739
cs.LO 2405.10152
cs.LG 2405.12755
cs.LO 2405.10308
cs.LG 2405.12756
cs.LO 2309.07806
cs.LG 2405.12774
cs.LO 2405.10924
cs.LO 2405.10611
cs.LG 2405.12779
cs.LO 2405.10887
cs.LG 2405.12802
cs.LO 2405.10894
cs.LG 2405.12807
cs.LO 2405.10912
cs.LG 2405.12832
cs.LG 2405.12868
cs.LG 2405.12888
cs.LO 2405.11657
cs.LG 2405.12926
cs.LO 2405.11706
cs.LG 2405.12952
cs.LO 2405.12104
cs.LG 2405.12954
cs.LO 2405.11073
cs.LG 2405.12958
cs.LG 2405.12961
cs.LO 2405.11085
cs.LG 2405.12969
cs.LO 2405.11267
cs.LG 2405.12981
cs.LO 2405.11327
cs.LG 2405.13007
cs.LO 2405.11418
cs.LG 2405.13017
cs.LO 2405.11308
cs.LG 2405.13022
cs.LO 2405.12358
cs.LG 2405.13031
cs.LO 2405.12654
cs.LG 2405.13044
cs.LO 2405.12917
cs.LG 2405.13046
cs.LG 2405.13052
cs.LO 2405.12426
cs.LG 2405.13058
cs.LO 2405.12551
cs.LG 2405.13062
cs.LO 2405.12700
cs.LG 2405.13068
cs.LO 2405.12882
cs.LG 2405.13073
cs.LG 2405.13076
cs.LO 2405.13271
cs.LG 2405.13080
cs.LO 2405.13704
cs.LG 2405.13092
cs.LO 2405.14233
cs.LO 2405.14678
cs.LG 2405.13094
cs.LO 2405.14703
cs.LG 2405.13102
cs.LO 2405.12992
cs.LG 2405.13130
cs.LG 2405.13135
cs.LO 2405.12994
cs.LG 2405.13140
cs.LG 2405.13147
cs.LO 2405.13416
cs.LG 2405.13149
cs.LO 2405.13435
cs.LG 2405.13160
cs.LO 2405.13461
cs.LG 2405.13180
cs.LO 2405.13488
cs.LG 2405.13181
cs.LO 2405.13583
cs.LG 2405.13202
cs.LO 2405.13697
cs.LG 2405.13209
cs.LO 2405.13715
cs.LO 2405.13736
cs.LG 2405.13226
cs.LO 2405.14400
cs.LG 2405.13235
cs.LO 2405.14481
cs.LG 2405.13238
cs.LO 2405.14606
cs.LG 2405.13247
cs.LG 2405.13285
cs.LG 2405.13302
cs.LG 2405.13304
cs.LG 2405.13319
cs.LG 2405.13345
cs.LG 2405.13350
cs.LG 2405.13360
cs.LG 2405.13362
cs.LG 2405.13370
cs.LG 2405.13413
cs.LG 2405.13456
cs.LG 2405.13468
cs.LG 2405.13469
cs.LG 2405.13481
cs.LG 2405.13512
cs.LG 2405.13515
cs.LG 2405.13516
cs.LG 2405.13541
cs.LG 2405.13568
cs.LG 2405.13574
cs.LG 2405.13587
cs.LG 2405.13602
cs.LG 2405.13637
cs.LG 2405.13640
cs.LG 2405.13670
cs.LG 2405.13710
cs.LG 2405.13731
cs.LG 2405.13735
cs.LG 2405.13740
cs.LG 2405.13757
cs.LG 2405.13758
cs.LG 2405.13762
cs.LG 2405.13771
cs.LG 2405.13779
cs.LG 2405.13794
cs.LG 2405.13805
cs.LG 2405.13818
cs.LG 2405.13832
cs.LG 2405.13846
cs.LG 2405.13850
cs.LG 2405.13854
cs.LG 2405.13858
cs.LG 2405.13863
cs.LG 2405.13879
cs.LG 2405.13899
cs.LG 2405.13901
cs.LG 2405.13912
cs.LG 2405.13919
cs.LG 2405.13931
cs.LG 2405.13939
cs.LG 2405.13944
cs.LG 2405.13950
cs.LG 2405.13960
cs.LG 2405.13962
cs.LG 2405.13969
cs.LG 2405.13976
cs.LG 2405.13992
cs.LG 2405.13993
cs.LG 2405.13997
cs.LG 2405.14009
cs.LG 2405.14014
cs.LG 2405.14038
cs.LG 2405.14039
cs.LG 2405.14058
cs.LG 2405.14061
cs.LG 2405.14062
cs.LG 2405.14064
cs.LG 2405.14075
cs.LG 2405.14078
cs.LG 2405.14101
cs.LG 2405.14105
cs.LG 2405.14106
cs.LG 2405.14115
cs.LG 2405.14116
cs.LG 2405.14128
cs.LG 2405.14131
cs.LG 2405.14139
cs.LG 2405.14161
cs.LG 2405.14194
cs.LG 2405.14199
cs.LG 2405.14205
cs.LG 2405.14233
cs.LG 2405.14244
cs.LG 2405.14285
cs.LG 2405.14302
cs.LG 2405.14314
cs.LG 2405.14318
cs.LG 2405.14331
cs.LG 2405.14335
cs.LG 2405.14366
cs.LG 2405.14374
cs.LG 2405.14392
cs.LG 2405.14428
cs.LG 2405.14436
cs.LG 2405.14453
cs.LG 2405.14467
cs.LG 2405.14472
cs.LG 2405.14492
cs.LG 2405.14494
cs.LG 2405.14505
cs.LG 2405.14507
cs.LG 2405.14528
cs.LG 2405.14532
cs.LG 2405.14536
cs.LG 2405.14540
cs.LG 2405.14545
cs.LG 2405.14555
cs.LG 2405.14573
cs.LG 2405.14574
cs.LG 2405.14577
cs.LG 2405.14598
cs.LG 2405.14599
cs.LG 2405.14600
cs.LG 2405.14630
cs.LG 2405.14677
cs.LG 2405.14719
cs.LG 2405.14728
cs.LG 2405.14730
cs.LG 2405.14734
cs.LG 2405.14736
cs.LG 2405.14741
cs.LG 2405.14750
cs.LG 2405.14753
cs.LG 2405.14754
cs.LG 2405.14758
cs.LG 2405.14766
cs.LG 2405.14767
cs.LG 2405.14768
cs.LG 2405.14776
cs.LG 2405.14778
cs.LG 2405.14779
cs.LG 2405.14806
cs.LG 2405.14808
cs.LG 2405.14822
cs.LG 2405.14830
cs.LG 2405.14838
cs.LG 2405.14840
cs.LG 2405.14848
cs.LG 2405.14854
cs.LG 2405.14857
cs.LG 2405.14863
cs.LG 2405.14868
cs.LG 2405.13075
cs.LG 2405.13078
cs.LG 2405.13082
cs.LG 2405.13088
cs.LG 2405.13089
cs.LG 2405.13090
cs.LG 2405.13093
cs.LG 2405.13136
cs.LG 2405.13155
cs.LG 2405.13173
cs.LG 2405.13187
cs.LG 2405.13190
cs.LG 2405.13191
cs.LG 2405.13193
cs.LG 2405.13203
cs.LG 2405.13205
cs.LG 2405.13217
cs.LG 2405.13220
cs.LG 2405.13227
cs.LG 2405.13254
cs.LG 2405.13264
cs.LG 2405.13268
cs.LG 2405.13288
cs.LG 2405.13290
cs.LG 2405.13300
cs.LG 2405.13324
cs.LG 2405.13347
cs.LG 2405.13348
cs.LG 2405.13365
cs.LG 2405.13372
cs.LG 2405.13375
cs.LG 2405.13378
cs.LG 2405.13381
cs.LG 2405.13383
cs.LG 2405.13390
cs.LG 2405.13392
cs.LG 2405.13393
cs.LG 2405.13396
cs.LG 2405.13407
cs.LG 2405.13427
cs.LG 2405.13445
cs.LG 2405.13449
cs.LG 2405.13453
cs.LG 2405.13474
cs.LG 2405.13511
cs.LG 2405.13522
cs.LG 2405.13526
cs.LG 2405.13535
cs.LG 2405.13536
cs.LG 2405.13551
cs.LG 2405.13557
cs.LG 2405.13575
cs.LG 2405.13584
cs.LG 2405.13586
cs.LG 2405.13592
cs.LG 2405.13599
cs.LG 2405.13609
cs.LG 2405.13629
cs.LG 2405.13632
cs.LG 2405.13639
cs.LG 2405.13646
cs.LG 2405.13666
cs.LG 2405.13677
cs.LG 2405.13682
cs.LG 2405.13692
cs.LG 2405.13693
cs.LG 2405.13698
cs.LG 2405.13699
cs.LG 2405.13707
cs.LG 2405.13711
cs.LG 2405.13712
cs.LG 2405.13718
cs.LG 2405.13721
cs.LG 2405.13726
cs.LG 2405.13729
cs.LG 2405.13738
cs.LG 2405.13746
cs.LG 2405.13753
cs.LG 2405.13755
cs.LG 2405.13759
cs.LG 2405.13763
cs.LG 2405.13765
cs.LG 2405.13785
cs.LG 2405.13787
cs.LG 2405.13791
cs.LG 2405.13796
cs.LG 2405.13806
cs.LG 2405.13810
cs.LG 2405.13812
cs.LG 2405.13817
cs.LG 2405.13848
cs.LG 2405.13861
cs.LG 2405.13866
cs.LG 2405.13867
cs.LG 2405.13868
cs.LG 2405.13888
cs.LG 2405.13900
cs.LG 2405.13902
cs.LG 2405.13910
cs.LG 2405.13915
cs.LG 2405.13922
cs.LG 2405.13934
cs.LG 2405.13937
cs.LG 2405.13938
cs.LG 2405.13947
cs.LG 2405.13952
cs.LG 2405.13954
cs.LG 2405.13956
cs.LG 2405.13957
cs.LG 2405.13961
cs.LG 2405.13964
cs.LG 2405.13965
cs.LG 2405.13972
cs.LG 2405.13975
cs.LG 2405.13977
cs.LG 2405.13978
cs.LG 2405.13980
cs.LG 2405.13983
cs.LG 2405.13987
cs.LG 2405.13994
cs.LG 2405.13995
cs.LG 2405.13998
cs.LG 2405.14002
cs.LG 2405.14007
cs.LG 2405.14008
cs.LG 2405.14016
cs.LG 2405.14020
cs.LG 2405.14021
cs.LG 2405.14023
cs.LG 2405.14033
cs.LG 2405.14045
cs.LG 2405.14049
cs.LG 2405.14051
cs.LG 2405.14060
cs.LG 2405.14066
cs.LG 2405.14073
cs.LG 2405.14079
cs.LG 2405.14082
cs.LG 2405.14088
cs.LG 2405.14089
cs.LG 2405.14090
cs.LG 2405.14094
cs.LG 2405.14096
cs.LG 2405.14099
cs.LG 2405.14103
cs.LG 2405.14108
cs.LG 2405.14111
cs.LG 2405.14114
cs.LG 2405.14121
cs.LG 2405.14124
cs.LG 2405.14126
cs.LG 2405.14132
cs.LG 2405.14133
cs.LG 2405.14135
cs.LG 2405.14147
cs.LG 2405.14153
cs.LG 2405.14176
cs.LG 2405.14183
cs.LG 2405.14185
cs.LG 2405.14186
cs.LG 2405.14203
cs.LG 2405.14214
cs.LG 2405.14219
cs.LG 2405.14222
cs.LG 2405.14226
cs.LG 2405.14232
cs.LG 2405.14239
cs.LG 2405.14246
cs.LG 2405.14250
cs.LG 2405.14252
cs.LG 2405.14253
cs.LG 2405.14256
cs.LG 2405.14257
cs.LG 2405.14260
cs.LG 2405.14264
cs.LG 2405.14267
cs.LG 2405.14270
cs.LG 2405.14273
cs.LG 2405.14286
cs.LG 2405.14291
cs.LG 2405.14297
cs.LG 2405.14303
cs.LG 2405.14307
cs.LG 2405.14313
cs.LG 2405.14352
cs.LG 2405.14355
cs.LG 2405.14369
cs.LG 2405.14372
cs.LG 2405.14377
cs.LG 2405.14384
cs.LG 2405.14399
cs.LG 2405.14402
cs.LG 2405.14407
cs.LG 2405.14422
cs.LG 2405.14425
cs.LG 2405.14432
cs.LG 2405.14438
cs.LG 2405.14440
cs.LG 2405.14446
cs.LG 2405.14449
cs.LG 2405.14457
cs.LG 2405.14468
cs.LG 2405.14469
cs.LG 2405.14473
cs.LG 2405.14477
cs.LG 2405.14496
cs.LG 2405.14517
cs.LG 2405.14519
cs.LG 2405.14521
cs.LG 2405.14522
cs.LG 2405.14527
cs.LG 2405.14544
cs.LG 2405.14547
cs.LG 2405.14558
cs.LG 2405.14567
cs.LG 2405.14578
cs.LG 2405.14596
cs.LG 2405.14597
cs.LG 2405.14602
cs.LG 2405.14608
cs.LG 2405.14616
cs.LG 2405.14620
cs.LG 2405.14622
cs.LG 2405.14623
cs.LG 2405.14629
cs.LG 2405.14632
cs.LG 2405.14645
cs.LG 2405.14650
cs.LG 2405.14655
cs.LG 2405.14657
cs.LG 2405.14660
cs.LG 2405.14664
cs.LG 2405.14669
cs.LG 2405.14670
cs.LG 2405.14681
cs.LG 2405.14689
cs.LG 2405.14714
cs.LG 2405.14725
cs.LG 2405.14742
cs.LG 2405.14743
cs.LG 2405.14745
cs.LG 2405.14748
cs.LG 2405.14749
cs.LG 2405.14751
cs.LG 2405.14755
cs.LG 2405.14759
cs.LG 2405.14762
cs.LG 2405.14769
cs.LG 2405.14780
cs.LG 2405.14790
cs.LG 2405.14791
cs.LG 2405.14813
cs.LG 2405.14837
cs.LG 2405.14852
cs.LG 2405.14853
cs.LG 2405.14860
cs.LG 2405.14861
cs.PF 2405.10166
cs.PF 2405.10310
cs.PF 2405.10679
cs.PF 2405.11062
cs.PF 2405.12034
cs.PF 2405.11425
cs.PF 2405.11927
cs.PF 2405.12525
cs.PF 2405.14185
cs.PF 2405.14430
cs.PF 2405.14209
cs.SE 2405.10210
cs.SE 2405.09645
cs.SE 2405.09657
cs.SE 2405.09819
cs.SE 2405.09895
cs.SE 2405.09965
cs.SE 2405.10060
cs.SE 2405.10220
cs.SE 2405.10243
cs.SE 2405.10350
cs.SE 2405.10467
cs.SE 2405.10476
cs.SE 2405.10473
cs.SE 2405.10511
cs.SE 2405.10845
cs.SE 2405.10849
cs.SE 2405.10891
cs.SE 2405.10902
cs.SE 2405.11065
cs.SE 2405.11128
cs.SE 2405.11130
cs.SE 2405.11141
cs.SE 2405.11529
cs.SE 2405.10973
cs.SE 2405.11196
cs.SE 2405.11233
cs.SE 2405.11294
cs.SE 2405.11347
cs.SE 2405.11466
cs.SE 2405.11514
cs.SE 2405.11581
cs.SE 2405.11825
cs.SE 2405.11965
cs.SE 2405.12132
cs.SE 2405.12171
cs.SE 2405.12195
cs.SE 2405.12426
cs.SE 2405.12841
cs.SE 2405.12852
cs.SE 2405.12333
cs.SE 2405.12385
cs.SE 2405.12450
cs.SE 2405.12491
cs.SE 2405.12582
cs.SE 2405.12641
cs.SE 2405.12712
cs.SE 2405.12731
cs.SE 2405.12766
cs.SE 2405.12920
cs.SE 2405.13156
cs.SE 2405.13254
cs.SE 2405.13930
cs.SE 2405.13057
cs.SE 2405.13058
cs.SE 2405.13101
cs.SE 2405.13185
cs.SE 2405.13548
cs.SE 2405.13565
cs.SE 2405.13604
cs.SE 2405.13620
cs.SE 2405.13708
cs.SE 2405.13740
cs.SE 2405.13786
cs.SE 2405.13852
cs.SE 2405.13932
cs.SE 2405.14388
cs.SE 2405.14393
cs.SE 2405.14619
cs.SE 2405.14753
cs.MA 2405.09763
cs.MA 2405.09843
cs.MA 2405.10672
cs.MA 2405.11414
cs.MA 2405.11746
cs.MA 2405.11778
cs.MA 2405.11873
cs.MA 2405.11106
cs.MA 2405.11995
cs.MA 2405.11998
cs.MA 2405.12236
cs.MA 2405.12716
cs.MA 2405.12732
cs.MA 2405.13341
cs.MA 2405.13365
cs.MA 2405.13961
cs.MA 2405.14078
cs.MA 2405.14205
cs.MA 2405.14314
cs.MA 2405.14546
cs.MA 2405.14691
cs.MA 2405.13543
cs.MA 2405.13941
cs.MA 2405.14198
cs.MA 2405.14358
cs.RO 2405.09755
cs.RO 2405.10175
cs.RO 2405.10255
cs.RO 2405.10310
cs.RO 2405.09581
cs.RO 2405.09708
cs.RO 2405.09743
cs.RO 2405.09760
cs.RO 2405.09779
cs.RO 2405.09780
cs.RO 2405.09822
cs.RO 2405.09871
cs.RO 2405.09925
cs.RO 2405.10020
cs.RO 2405.10042
cs.RO 2405.10043
cs.RO 2405.10049
cs.RO 2405.10134
cs.RO 2405.10142
cs.RO 2405.10315
cs.RO 2405.10577
cs.RO 2405.10391
cs.RO 2405.10441
cs.RO 2405.10526
cs.RO 2405.10576
cs.RO 2405.10703
cs.RO 2405.10743
cs.RO 2405.10765
cs.RO 2405.10793
cs.RO 2405.10830
cs.RO 2405.10847
cs.RO 2405.10859
cs.RO 2405.10874
cs.RO 2405.10948
cs.RO 2405.10952
cs.RO 2405.10961
cs.RO 2405.11001
cs.RO 2405.11092
cs.RO 2405.11106
cs.RO 2405.11158
cs.RO 2405.11206
cs.RO 2405.11300
cs.RO 2405.11536
cs.RO 2405.11655
cs.RO 2405.11682
cs.RO 2405.11784
cs.RO 2405.11807
cs.RO 2405.11867
cs.RO 2405.12150
cs.RO 2405.11094
cs.RO 2405.11114
cs.RO 2405.11130
cs.RO 2405.11139
cs.RO 2405.11176
cs.RO 2405.11257
cs.RO 2405.11298
cs.RO 2405.11317
cs.RO 2405.11380
cs.RO 2405.11399
cs.RO 2405.11402
cs.RO 2405.11410
cs.RO 2405.11457
cs.RO 2405.11492
cs.RO 2405.11512
cs.RO 2405.11537
cs.RO 2405.11550
cs.RO 2405.11656
cs.RO 2405.11659
cs.RO 2405.11722
cs.RO 2405.11726
cs.RO 2405.11738
cs.RO 2405.11773
cs.RO 2405.11776
cs.RO 2405.11798
cs.RO 2405.11803
cs.RO 2405.11808
cs.RO 2405.11855
cs.RO 2405.11856
cs.RO 2405.11928
cs.RO 2405.12098
cs.RO 2405.12213
cs.RO 2405.12408
cs.RO 2405.12424
cs.RO 2405.12436
cs.RO 2405.12563
cs.RO 2405.12571
cs.RO 2405.12573
cs.RO 2405.12577
cs.RO 2405.12596
cs.RO 2405.12616
cs.RO 2405.12628
cs.RO 2405.12634
cs.RO 2405.12790
cs.RO 2405.12800
cs.RO 2405.12821
cs.RO 2405.12842
cs.RO 2405.12959
cs.RO 2405.13389
cs.RO 2405.13930
cs.RO 2405.14014
cs.RO 2405.14292
cs.RO 2405.14314
cs.RO 2405.14824
cs.RO 2405.14853
cs.RO 2405.14868
cs.RO 2405.14870
cs.RO 2405.13130
cs.RO 2405.13141
cs.RO 2405.13178
cs.RO 2405.13204
cs.RO 2405.13245
cs.RO 2405.13307
cs.RO 2405.13318
cs.RO 2405.13345
cs.RO 2405.13542
cs.RO 2405.13547
cs.RO 2405.13573
cs.RO 2405.13617
cs.RO 2405.13704
cs.RO 2405.13705
cs.RO 2405.13751
cs.RO 2405.13770
cs.RO 2405.13841
cs.RO 2405.13948
cs.RO 2405.13969
cs.RO 2405.14005
cs.RO 2405.14093
cs.RO 2405.14116
cs.RO 2405.14128
cs.RO 2405.14144
cs.RO 2405.14154
cs.RO 2405.14199
cs.RO 2405.14251
cs.RO 2405.14363
cs.RO 2405.14382
cs.RO 2405.14406
cs.RO 2405.14441
cs.RO 2405.14515
cs.RO 2405.14528
cs.RO 2405.14539
cs.RO 2405.14566
cs.RO 2405.14688
cs.RO 2405.14712
cs.RO 2405.14731
cs.SD 2405.09570
cs.SD 2405.09589
cs.SD 2405.09768
cs.SD 2405.09814
cs.SD 2405.09940
cs.SD 2405.10018
cs.SD 2405.10022
cs.SD 2405.10025
cs.SD 2405.10084
cs.SD 2405.10272
cs.SD 2405.09901
cs.SD 2405.10211
cs.SD 2405.10502
cs.SD 2405.11093
cs.SD 2405.11767
cs.SD 2405.12221
cs.SD 2405.11554
cs.SD 2405.12031
cs.SD 2405.12496
cs.SD 2405.12609
cs.SD 2405.12847
cs.SD 2405.12899
cs.SD 2405.12666
cs.SD 2405.12957
cs.SD 2405.12983
cs.SD 2405.13344
cs.SD 2405.13379
cs.SD 2405.13477
cs.SD 2405.13514
cs.SD 2405.13762
cs.SD 2405.14161
cs.SD 2405.14598
cs.SD 2405.13162
cs.SD 2405.13428
cs.SD 2405.13527
cs.SD 2405.13636
cs.SD 2405.13661
cs.SD 2405.14290
cs.SD 2405.14489
cs.SD 2405.14679
cs.NI 2405.09564
cs.NI 2405.09565
cs.NI 2405.09662
cs.NI 2405.09860
cs.NI 2405.09861
cs.NI 2405.09862
cs.NI 2405.09876
cs.NI 2405.09881
cs.NI 2405.09960
cs.NI 2405.10006
cs.NI 2405.09963
cs.NI 2405.10063
cs.NI 2405.10290
cs.NI 2405.10672
cs.NI 2405.10377
cs.NI 2405.10422
cs.NI 2405.10545
cs.NI 2405.10635
cs.NI 2405.10648
cs.NI 2405.10787
cs.NI 2405.10931
cs.NI 2405.11079
cs.NI 2405.11331
cs.NI 2405.11396
cs.NI 2405.11440
cs.NI 2405.11449
cs.NI 2405.12120
cs.NI 2405.11138
cs.NI 2405.11352
cs.NI 2405.11359
cs.NI 2405.11408
cs.NI 2405.11504
cs.NI 2405.11513
cs.NI 2405.11956
cs.NI 2405.12010
cs.NI 2405.12101
cs.NI 2405.12322
cs.NI 2405.12496
cs.NI 2405.12852
cs.NI 2405.12951
cs.NI 2405.12472
cs.NI 2405.12530
cs.NI 2405.12652
cs.NI 2405.12664
cs.NI 2405.12675
cs.NI 2405.13744
cs.NI 2405.13827
cs.NI 2405.14074
cs.NI 2405.14636
cs.NI 2405.13172
cs.NI 2405.13333
cs.NI 2405.14053
cs.NI 2405.14524
cs.NI 2405.14740
cs.SI 2405.09640
cs.SI 2405.10187
cs.SI 2405.10213
cs.SI 2405.10233
cs.SI 2405.10497
cs.SI 2405.10547
cs.SI 2405.10558
cs.SI 2405.10640
cs.SI 2405.10818
cs.SI 2405.11192
cs.SI 2405.11219
cs.SI 2405.11658
cs.SI 2405.11868
cs.SI 2405.11911
cs.SI 2405.11146
cs.SI 2405.11225
cs.SI 2405.11922
cs.SI 2405.12040
cs.SI 2405.12340
cs.SI 2405.12474
cs.SI 2405.12566
cs.SI 2405.12642
cs.SI 2405.12764
cs.SI 2405.12797
cs.SI 2405.13005
cs.SI 2405.13071
cs.SI 2405.13099
cs.SI 2405.13224
cs.SI 2405.13744
cs.SI 2405.14043
cs.SI 2405.13094
cs.SI 2405.13670
cs.SI 2405.14168
cs.SI 2405.14194
cs.SY 2405.09584
cs.SY 2405.09763
cs.SY 2405.09794
cs.SY 2405.09972
cs.SY 2405.10006
cs.SY 2405.10054
cs.SY 2405.09675
cs.SY 2405.09852
cs.SY 2405.09936
cs.SY 2405.10010
cs.SY 2405.10064
cs.SY 2405.10116
cs.SY 2405.10145
cs.SY 2405.10157
cs.SY 2405.10441
cs.SY 2405.10649
cs.SY 2405.10847
cs.SY 2405.10859
cs.SY 2405.10372
cs.SY 2405.10389
cs.SY 2405.10429
cs.SY 2405.10435
cs.SY 2405.10623
cs.SY 2405.10750
cs.SY 2405.10779
cs.SY 2405.10825
cs.SY 2405.10875
cs.SY 2405.10892
cs.SY 2405.11089
cs.SY 2405.11380
cs.SY 2405.11397
cs.SY 2405.11427
cs.SY 2405.11432
cs.SY 2405.11458
cs.SY 2405.11807
cs.SY 2405.11856
cs.SY 2405.11895
cs.SY 2405.11999
cs.SY 2405.10977
cs.SY 2405.10984
cs.SY 2405.11005
cs.SY 2405.11006
cs.SY 2405.11011
cs.SY 2405.11032
cs.SY 2405.11047
cs.SY 2405.11118
cs.SY 2405.11131
cs.SY 2405.11155
cs.SY 2405.11211
cs.SY 2405.11300
cs.SY 2405.11355
cs.SY 2405.11388
cs.SY 2405.11391
cs.SY 2405.11401
cs.SY 2405.11411
cs.SY 2405.11698
cs.SY 2405.11721
cs.SY 2405.11935
cs.SY 2405.11963
cs.SY 2405.11975
cs.SY 2405.12028
cs.SY 2405.12125
cs.SY 2405.12184
cs.SY 2405.12219
cs.SY 2405.12319
cs.SY 2405.12355
cs.SY 2405.12382
cs.SY 2405.12408
cs.SY 2405.12415
cs.SY 2405.12463
cs.SY 2405.12535
cs.SY 2405.12573
cs.SY 2405.12589
cs.SY 2405.12633
cs.SY 2405.12800
cs.SY 2405.12908
cs.SY 2405.12359
cs.SY 2405.12377
cs.SY 2405.12444
cs.SY 2405.12464
cs.SY 2405.12478
cs.SY 2405.12546
cs.SY 2405.12629
cs.SY 2405.12667
cs.SY 2405.12962
cs.SY 2405.13329
cs.SY 2405.13604
cs.SY 2405.13969
cs.SY 2405.14058
cs.SY 2405.14144
cs.SY 2405.14251
cs.SY 2405.14361
cs.SY 2405.14397
cs.SY 2405.14411
cs.SY 2405.13243
cs.SY 2405.13366
cs.SY 2405.13476
cs.SY 2405.13512
cs.SY 2405.13563
cs.SY 2405.13564
cs.SY 2405.13735
cs.SY 2405.13750
cs.SY 2405.13818
cs.SY 2405.14031
cs.SY 2405.14047
cs.SY 2405.14426
cs.SY 2405.14427
cs.SY 2405.14552
cs.SY 2405.14640
cs.SY 2405.14651
cs.SC 2405.09689
cs.SC 2405.10215
cs.SC 2405.10188
cs.SC 2405.10578
cs.SC 2405.11412
cs.SC 2405.11244
cs.SC 2405.12886
cs.SC 2405.13625
cs.SC 2405.14133
stat.AP 2405.09906
stat.AP 2405.09929
stat.AP 2405.09865
stat.AP 2405.09989
stat.AP 2405.10247
stat.AP 2405.09843
stat.AP 2405.10371
stat.AP 2405.10462
stat.AP 2405.10527
stat.AP 2405.10742
stat.AP 2405.10329
stat.AP 2405.10712
stat.AP 2405.11004
stat.AP 2405.11548
stat.AP 2405.11643
stat.AP 2405.11720
stat.AP 2405.11954
stat.AP 2405.11046
stat.AP 2405.11213
stat.AP 2405.11239
stat.AP 2405.12386
stat.AP 2405.12390
stat.AP 2405.12614
stat.AP 2405.12325
stat.AP 2405.12331
stat.AP 2405.12437
stat.AP 2405.12588
stat.AP 2405.12230
stat.AP 2405.13180
stat.AP 2405.13251
stat.AP 2405.13400
stat.AP 2405.13469
stat.AP 2405.13537
stat.AP 2405.13553
stat.AP 2405.13655
stat.AP 2405.13821
stat.AP 2405.14018
stat.AP 2405.14149
stat.AP 2405.14690
stat.AP 2405.14711
stat.AP 2405.13399
stat.AP 2405.14403
stat.AP 2405.14789
stat.ML 2405.09579
stat.ML 2405.09610
stat.ML 2405.09676
stat.ML 2405.09784
stat.ML 2405.09797
eess.IV 2405.09582
stat.ML 2405.09878
eess.IV 2405.09873
eess.IV 2405.09923
stat.ML 2405.09989
eess.IV 2405.10014
stat.ML 2405.10027
eess.IV 2405.10272
stat.ML 2405.10093
eess.IV 2405.09549
stat.ML 2405.10221
eess.IV 2405.09552
eess.IV 2405.09553
eess.IV 2405.09586
eess.IV 2405.09594
stat.ML 2405.10263
eess.IV 2405.09716
eess.IV 2405.09787
stat.ML 2405.10289
eess.IV 2405.09851
eess.IV 2405.09896
stat.ML 2405.10302
eess.IV 2405.09959
stat.ML 2405.10310
eess.IV 2405.09990
stat.ML 2405.09584
eess.IV 2405.10004
stat.ML 2405.09831
eess.IV 2405.10068
stat.ML 2405.09841
eess.IV 2405.10186
stat.ML 2405.10126
eess.IV 2405.10246
stat.ML 2405.10229
eess.IV 2405.10254
stat.ML 2405.10301
eess.IV 2405.10391
stat.ML 2405.10410
eess.IV 2405.10463
eess.IV 2405.10518
stat.ML 2405.10469
eess.IV 2405.10589
stat.ML 2405.10618
eess.IV 2405.10550
stat.ML 2405.10719
eess.IV 2405.10561
stat.ML 2405.10815
eess.IV 2405.10570
stat.ML 2405.10839
eess.IV 2405.10691
stat.ML 2405.10875
eess.IV 2405.10705
stat.ML 2405.10938
eess.IV 2405.10723
stat.ML 2405.10399
eess.IV 2405.10803
eess.IV 2405.10833
eess.IV 2405.10870
eess.IV 2311.11317
eess.IV 2405.05095
eess.IV 2405.10948
stat.ML 2405.10552
stat.ML 2405.10817
stat.ML 2405.10930
stat.ML 2405.11156
stat.ML 2405.11204
stat.ML 2405.11213
stat.ML 2405.11242
eess.IV 2405.11478
stat.ML 2405.11318
eess.IV 2405.11494
stat.ML 2405.11431
eess.IV 2405.11614
stat.ML 2405.11451
eess.IV 2405.11894
eess.IV 2405.10950
eess.IV 2405.11012
stat.ML 2405.11477
eess.IV 2405.11115
stat.ML 2405.11633
stat.ML 2405.11667
eess.IV 2405.11133
stat.ML 2405.11723
eess.IV 2405.11289
stat.ML 2405.11795
eess.IV 2405.11295
stat.ML 2405.11179
eess.IV 2405.11386
stat.ML 2405.11237
eess.IV 2405.11540
stat.ML 2405.11377
eess.IV 2405.11598
stat.ML 2405.11404
eess.IV 2405.12172
eess.IV 2405.12225
eess.IV 2405.12313
eess.IV 2405.12487
eess.IV 2405.12580
eess.IV 2405.12728
eess.IV 2405.12222
eess.IV 2405.12223
eess.IV 2405.12224
eess.IV 2405.12226
eess.IV 2405.12255
eess.IV 2405.12265
eess.IV 2405.12318
eess.IV 2405.12357
eess.IV 2405.12367
eess.IV 2405.12456
eess.IV 2405.12584
eess.IV 2405.12631
eess.IV 2405.12872
eess.IV 2405.12963
eess.IV 2405.13168
eess.IV 2405.13866
eess.IV 2405.14210
stat.ML 2405.11547
eess.IV 2405.14222
stat.ML 2405.11751
eess.IV 2405.14250
stat.ML 2405.11780
eess.IV 2405.14304
stat.ML 2405.11848
eess.IV 2405.14405
stat.ML 2405.11881
eess.IV 2405.12986
stat.ML 2405.12237
eess.IV 2405.12996
stat.ML 2405.12382
eess.IV 2405.13199
stat.ML 2405.12412
eess.IV 2405.13235
stat.ML 2405.12421
eess.IV 2405.13237
stat.ML 2405.12463
eess.IV 2405.13304
stat.ML 2405.12567
eess.IV 2405.13331
stat.ML 2405.12614
eess.IV 2405.13370
stat.ML 2405.12797
eess.IV 2405.13403
stat.ML 2405.12832
eess.IV 2405.13655
stat.ML 2405.12958
eess.IV 2405.13710
stat.ML 2405.12234
eess.IV 2405.13757
stat.ML 2405.12317
eess.IV 2405.13771
eess.IV 2405.13805
eess.IV 2405.13843
stat.ML 2405.12386
stat.ML 2405.12390
stat.ML 2405.12553
stat.ML 2405.12684
stat.ML 2405.12783
stat.ML 2405.12856
eess.IV 2405.14022
stat.ML 2405.12940
eess.IV 2405.14113
stat.ML 2405.13153
eess.IV 2405.14221
stat.ML 2405.13346
eess.IV 2405.14242
stat.ML 2405.13353
eess.IV 2405.14300
stat.ML 2405.13375
stat.ML 2405.13392
eess.IV 2405.14327
eess.IV 2405.14336
stat.ML 2405.13396
eess.IV 2405.14453
stat.ML 2405.13535
eess.IV 2405.14559
eess.IV 2405.14590
stat.ML 2405.13682
eess.IV 2405.14720
stat.ML 2405.13691
eess.IV 2405.14770
stat.ML 2405.13712
eess.IV 2405.14802
stat.ML 2405.13785
stat.ML 2405.13844
stat.ML 2405.13888
stat.ML 2405.13910
stat.ML 2405.13912
stat.ML 2405.13922
stat.ML 2405.13975
stat.ML 2405.13977
stat.ML 2405.13987
stat.ML 2405.13998
stat.ML 2405.14066
stat.ML 2405.14088
stat.ML 2405.14094
stat.ML 2405.14392
stat.ML 2405.14402
stat.ML 2405.14425
stat.ML 2405.14440
stat.ML 2405.14468
stat.ML 2405.14492
stat.ML 2405.14508
stat.ML 2405.14522
stat.ML 2405.14544
stat.ML 2405.14547
stat.ML 2405.14657
stat.ML 2405.14681
stat.ML 2405.14711
stat.ML 2405.14780
stat.ML 2405.14806
stat.ML 2405.14822
stat.ML 2405.14861
stat.ML 2405.13073
stat.ML 2405.13149
stat.ML 2405.13160
stat.ML 2405.13302
stat.ML 2405.13456
stat.ML 2405.13481
stat.ML 2405.13587
stat.ML 2405.13731
stat.ML 2405.13794
stat.ML 2405.13846
stat.ML 2405.13899
stat.ML 2405.13950
stat.ML 2405.13962
stat.ML 2405.13997
stat.ML 2405.14038
stat.ML 2405.14064
stat.ML 2405.14131
stat.ML 2405.14285
stat.ML 2405.14335
stat.ML 2405.14374
stat.ML 2405.14459
stat.ML 2405.14532
stat.ML 2405.14540
stat.ML 2405.14574
stat.ML 2405.14630
stat.ML 2405.14778
stat.ML 2405.14840
stat.ML 2405.14848
stat.CO 2405.09708
stat.CO 2405.09906
stat.CO 2405.10194
stat.CO 2405.10763
stat.CO 2405.11213
stat.CO 2405.11780
stat.CO 2405.11384
stat.CO 2405.11688
stat.CO 2405.12182
stat.CO 2405.12237
stat.CO 2405.12325
stat.CO 2405.12386
stat.CO 2405.12553
stat.CO 2405.12838
stat.CO 2405.12453
stat.CO 2405.13149
stat.CO 2405.13537
stat.CO 2405.13655
stat.CO 2405.13731
stat.CO 2405.13794
stat.CO 2405.14048
stat.CO 2405.14149
stat.CO 2405.14373
stat.CO 2405.14408
stat.CO 2405.14628
stat.CO 2405.13574
stat.CO 2405.13821
math.OC 2405.09676
math.OC 2405.09677
math.OC 2405.09742
math.OC 2405.09752
math.OC 2405.09764
math.OC 2405.09809
math.OC 2405.09852
math.OC 2405.09982
math.OC 2405.10064
math.OC 2405.10110
math.OC 2405.10215
math.OC 2405.09660
math.OC 2405.09727
math.OC 2405.09832
math.OC 2405.09869
math.OC 2405.09927
math.OC 2405.09973
math.OC 2405.09986
math.OC 2405.10002
math.OC 2405.10074
math.OC 2405.10083
math.OC 2405.10221
math.OC 2405.10289
math.OC 2405.10372
math.OC 2405.10399
math.OC 2405.10490
math.OC 2405.10581
math.OC 2405.10618
math.OC 2405.10649
math.OC 2405.10763
math.OC 2405.10930
math.OC 2405.10381
math.OC 2405.10414
math.OC 2405.10438
math.OC 2405.10500
math.OC 2405.10704
math.OC 2405.10735
math.OC 2405.10754
math.OC 2405.10815
math.OC 2405.10857
math.OC 2405.10897
math.OC 2405.10922
math.OC 2405.11081
math.OC 2405.11095
math.OC 2405.11401
math.OC 2405.11427
math.OC 2405.11454
math.OC 2405.11590
math.OC 2405.11667
math.OC 2405.12073
math.OC 2405.10996
math.OC 2405.11068
math.OC 2405.11185
math.OC 2405.11198
math.OC 2405.11266
math.OC 2405.11365
math.OC 2405.11400
math.OC 2405.11406
math.OC 2405.11593
math.OC 2405.11961
math.OC 2405.11974
math.OC 2405.11999
math.OC 2405.12039
math.OC 2405.12153
math.OC 2405.12542
math.OC 2405.12577
math.OC 2405.12865
math.OC 2405.12888
math.OC 2405.12922
math.OC 2405.12952
math.OC 2405.12960
math.OC 2405.12256
math.OC 2405.12257
math.OC 2405.12401
math.OC 2405.12415
math.OC 2405.12463
math.OC 2405.12535
math.OC 2405.12583
math.OC 2405.12655
math.OC 2405.12762
math.OC 2405.12823
math.OC 2405.12836
math.OC 2405.12845
math.OC 2405.12908
math.OC 2405.12912
math.OC 2405.12948
math.OC 2405.13302
math.OC 2405.13340
math.OC 2405.13387
math.OC 2405.13392
math.OC 2405.13431
math.OC 2405.13450
math.OC 2405.13520
math.OC 2405.13592
math.OC 2405.13718
math.OC 2405.13738
math.OC 2405.13765
math.OC 2405.13818
math.OC 2405.13921
math.OC 2405.14033
math.OC 2405.14090
math.OC 2405.14273
math.OC 2405.14285
math.OC 2405.14321
math.OC 2405.14468
math.OC 2405.14546
math.OC 2405.14749
math.OC 2405.13346
math.OC 2405.13440
math.OC 2405.13447
math.OC 2405.13506
math.OC 2405.13509
math.OC 2405.13625
math.OC 2405.13703
math.OC 2405.13766
math.OC 2405.13773
math.OC 2405.13944
math.OC 2405.13992
math.OC 2405.14032
math.OC 2405.14098
math.OC 2405.14130
math.OC 2405.14143
math.OC 2405.14207
math.OC 2405.14236
math.OC 2405.14255
math.OC 2405.14361
math.OC 2405.14499
math.OC 2405.14613
math.OC 2405.14637
math.OC 2405.14719
math.OC 2405.14741
math.OC 2405.14775
math.OC 2405.14827
stat.TH 2405.10049
stat.TH 2405.10126
stat.TH 2405.10194
stat.TH 2405.10289
stat.TH 2405.10302
stat.TH 2405.09676
stat.TH 2405.09943
stat.TH 2405.10719
stat.TH 2405.10412
stat.TH 2405.10458
stat.TH 2405.10582
stat.TH 2405.10588
stat.TH 2405.10795
stat.TH 2405.11384
stat.TH 2405.11452
stat.TH 2405.11624
stat.TH 2405.11626
stat.TH 2405.11681
stat.TH 2405.11780
stat.TH 2405.11201
stat.TH 2405.11246
stat.TH 2405.11676
stat.TH 2405.11834
stat.TH 2405.11923
stat.TH 2405.12293
stat.TH 2405.12553
stat.TH 2405.12958
stat.TH 2405.12260
stat.TH 2405.12343
stat.TH 2405.12567
stat.TH 2405.13342
stat.TH 2405.13783
stat.TH 2405.13799
stat.TH 2405.13844
stat.TH 2405.13897
stat.TH 2405.13987
stat.TH 2405.14038
stat.TH 2405.14051
stat.TH 2405.14064
stat.TH 2405.14085
stat.TH 2405.14145
stat.TH 2405.14456
stat.TH 2405.14532
stat.TH 2405.14686
stat.TH 2405.14861
stat.TH 2405.12984
stat.TH 2405.13140
stat.TH 2405.13153
stat.TH 2405.13266
stat.TH 2405.13531
stat.TH 2405.13690
stat.TH 2405.13912
stat.TH 2405.13940
stat.TH 2405.14482
stat.TH 2405.14494
eess.SP 2405.09588
eess.SP 2405.09643
eess.SP 2405.09753
eess.SP 2405.09905
eess.SP 2405.09911
eess.SP 2405.09914
eess.SP 2405.09928
eess.SP 2405.09951
eess.SP 2405.09976
eess.SP 2405.10116
eess.SP 2405.10216
eess.SP 2405.10244
eess.SP 2405.09547
eess.SP 2405.09548
eess.SP 2405.09551
eess.SP 2405.09554
eess.SP 2405.09555
eess.SP 2405.09556
eess.SP 2405.09557
eess.SP 2405.09558
eess.SP 2405.09559
eess.SP 2405.09560
eess.SP 2405.09561
eess.SP 2405.09562
eess.SP 2405.09563
eess.SP 2405.09564
eess.SP 2405.09565
eess.SP 2405.09566
eess.SP 2405.09567
eess.SP 2405.09568
eess.SP 2405.09569
eess.SP 2405.09570
eess.SP 2405.09571
eess.SP 2405.09572
eess.SP 2405.09575
eess.SP 2405.09663
eess.SP 2405.09680
eess.SP 2405.09698
eess.SP 2405.09712
eess.SP 2405.09715
eess.SP 2405.09730
eess.SP 2405.09752
eess.SP 2405.09778
eess.SP 2405.09866
eess.SP 2405.09907
eess.SP 2405.09915
eess.SP 2405.09960
eess.SP 2405.09979
eess.SP 2405.09995
eess.SP 2405.10001
eess.SP 2405.10087
eess.SP 2405.10257
eess.SP 2405.10496
eess.SP 2405.10513
eess.SP 2405.10514
eess.SP 2405.10695
eess.SP 2405.10814
eess.SP 2405.10331
eess.SP 2405.10507
eess.SP 2405.10510
eess.SP 2405.10535
eess.SP 2405.10540
eess.SP 2405.10553
eess.SP 2405.10606
eess.SP 2405.10649
eess.SP 2405.10749
eess.SP 2405.10780
eess.SP 2405.10828
eess.SP 2311.11317
eess.SP 2405.05095
eess.SP 2405.11072
eess.SP 2405.11163
eess.SP 2405.11352
eess.SP 2405.11427
eess.SP 2405.11493
eess.SP 2405.11520
eess.SP 2405.11541
eess.SP 2405.11863
eess.SP 2405.11883
eess.SP 2405.12046
eess.SP 2405.12076
eess.SP 2405.11064
eess.SP 2405.11079
eess.SP 2405.11161
eess.SP 2405.11218
eess.SP 2405.11242
eess.SP 2405.11263
eess.SP 2405.11306
eess.SP 2405.11459
eess.SP 2405.11532
eess.SP 2405.11816
eess.SP 2405.11909
eess.SP 2405.12053
eess.SP 2405.12064
eess.SP 2405.12225
eess.SP 2405.12432
eess.SP 2405.12496
eess.SP 2405.12573
eess.SP 2405.12652
eess.SP 2405.12774
eess.SP 2405.12799
eess.SP 2405.12832
eess.SP 2405.12569
eess.SP 2405.12580
eess.SP 2405.12589
eess.SP 2405.12659
eess.SP 2405.12704
eess.SP 2405.12813
eess.SP 2405.12839
eess.SP 2405.12858
eess.SP 2405.12937
eess.SP 2405.13312
eess.SP 2405.13329
eess.SP 2405.13365
eess.SP 2405.13413
eess.SP 2405.13678
eess.SP 2405.13901
eess.SP 2405.14029
eess.SP 2405.14046
eess.SP 2405.14204
eess.SP 2405.14398
eess.SP 2405.13180
eess.SP 2405.13339
eess.SP 2405.13367
eess.SP 2405.13549
eess.SP 2405.13634
eess.SP 2405.13653
eess.SP 2405.13904
eess.SP 2405.13996
eess.SP 2405.14044
eess.SP 2405.14158
eess.SP 2405.14220
eess.SP 2405.14319
eess.SP 2405.14347
eess.SP 2405.14472
eess.SP 2405.14667
eess.SP 2405.14724
math.PR 2405.08374
math.PR 2405.10229
math.PR 2405.10236
math.PR 2405.09741
math.PR 2405.09950
math.PR 2405.09966
math.PR 2405.09982
math.PR 2405.09992
math.PR 2405.10178
math.PR 2405.10184
math.PR 2405.10193
math.PR 2405.10527
math.PR 2405.10581
math.PR 2405.10636
math.PR 2405.10756
math.PR 2405.10765
math.PR 2405.10795
math.PR 2405.10455
math.PR 2405.10580
math.PR 2405.10631
math.PR 2405.10638
math.PR 2405.10677
math.PR 2405.10732
math.PR 2405.10876
math.PR 2405.11097
math.PR 2405.11179
math.PR 2405.11384
math.PR 2405.11424
math.PR 2405.11728
math.PR 2405.11927
math.PR 2405.11033
math.PR 2405.11051
math.PR 2405.11241
math.PR 2405.11291
math.PR 2405.11314
math.PR 2405.11435
math.PR 2405.11452
math.PR 2405.11510
math.PR 2405.11609
math.PR 2405.11673
math.PR 2405.11845
math.PR 2405.11851
math.PR 2405.11969
math.PR 2405.12048
math.PR 2405.12161
math.PR 2405.12181
math.PR 2405.12199
math.PR 2405.12215
math.PR 2405.12257
math.PR 2405.12260
math.PR 2405.12371
math.PR 2405.12389
math.PR 2405.12572
math.PR 2405.12746
math.PR 2405.12787
math.PR 2405.12917
math.PR 2405.12940
math.PR 2405.12316
math.PR 2405.12332
math.PR 2405.12418
math.PR 2405.12495
math.PR 2405.12737
math.PR 2405.12960
math.PR 2405.12988
math.PR 2405.13140
math.PR 2405.13149
math.PR 2405.13269
math.PR 2405.13439
math.PR 2405.13561
math.PR 2405.13566
math.PR 2405.13587
math.PR 2405.13691
math.PR 2405.13785
math.PR 2405.13912
math.PR 2405.13914
math.PR 2405.14250
math.PR 2405.14447
math.PR 2405.14482
math.PR 2405.14834
math.PR 2405.14836
math.PR 2405.13387
math.PR 2405.13454
math.PR 2405.13550
math.PR 2405.13556
math.PR 2405.13656
math.PR 2405.13780
math.PR 2405.13813
math.PR 2405.13990
math.PR 2405.14112
math.PR 2405.14329
math.PR 2405.14373
math.PR 2405.14429
math.PR 2405.14721
math.PR 2405.14723
math.PR 2405.14819
math.DS 2405.09684
math.DS 2405.10209
math.DS 2405.10236
math.DS 2405.10252
math.DS 2405.09917
math.DS 2405.09954
math.DS 2405.10076
math.DS 2405.10144
math.DS 2405.10179
math.DS 2405.10869
math.DS 2405.10395
math.DS 2405.10560
math.DS 2405.10915
math.DS 2405.10921
math.DS 2405.10998
math.DS 2405.11274
math.DS 2405.11680
math.DS 2405.12106
math.DS 2405.11137
math.DS 2405.11189
math.DS 2405.11217
math.DS 2405.11251
math.DS 2405.11366
math.DS 2405.11367
math.DS 2405.11434
math.DS 2405.11635
math.DS 2405.11797
math.DS 2405.11806
math.DS 2405.11866
math.DS 2405.11957
math.DS 2405.12033
math.DS 2405.12051
math.DS 2405.12165
math.DS 2405.12256
math.DS 2405.12626
math.DS 2405.12737
math.DS 2405.12919
math.DS 2405.12323
math.DS 2405.12342
math.DS 2405.12446
math.DS 2405.12517
math.DS 2405.12686
math.DS 2405.12782
math.DS 2405.12793
math.DS 2405.12938
math.DS 2405.13239
math.DS 2405.13262
math.DS 2405.13683
math.DS 2405.13711
math.DS 2405.13818
math.DS 2405.13840
math.DS 2405.13958
math.DS 2405.14429
math.DS 2405.14583
math.DS 2405.14593
math.DS 2405.14682
math.DS 2405.14721
math.DS 2405.14846
math.DS 2405.13258
math.DS 2405.13838
math.DS 2405.14196
math.DS 2405.14447
math.DS 2405.14461
math.DS 2405.14464
math.DS 2405.14576
eess.AS 2405.09570
eess.AS 2405.09589
eess.AS 2405.09814
eess.AS 2405.09901
eess.AS 2405.10025
eess.AS 2405.10102
eess.AS 2405.10211
eess.AS 2405.10272
eess.AS 2405.09768
eess.AS 2405.09940
eess.AS 2405.10018
eess.AS 2405.10022
eess.AS 2405.10084
eess.AS 2405.10510
eess.AS 2405.10786
eess.AS 2405.11554
eess.AS 2405.12031
eess.AS 2405.12221
eess.AS 2405.11078
eess.AS 2405.11093
eess.AS 2405.11413
eess.AS 2405.11592
eess.AS 2405.11767
eess.AS 2405.11792
eess.AS 2405.11831
eess.AS 2405.12666
eess.AS 2405.12774
eess.AS 2405.12847
eess.AS 2405.12899
eess.AS 2405.12957
eess.AS 2405.12496
eess.AS 2405.12609
eess.AS 2405.13018
eess.AS 2405.13162
eess.AS 2405.13379
eess.AS 2405.13428
eess.AS 2405.13477
eess.AS 2405.13527
eess.AS 2405.13636
eess.AS 2405.13661
eess.AS 2405.13762
eess.AS 2405.14161
eess.AS 2405.14290
eess.AS 2405.14489
eess.AS 2405.14598
eess.AS 2405.14679
eess.AS 2405.12983
eess.AS 2405.13166
eess.AS 2405.13344
eess.AS 2405.13514
