cs.DC 2312.09401
cs.DC 2312.09877
cs.DC 2312.09547
cs.DC 2312.09888
cs.DC 2312.10127
cs.DC 2312.10237
cs.DC 2312.10244
cs.DC 2312.10411
cs.DC 2312.10561
cs.DC 2312.10815
cs.DC 2312.11026
cs.DC 2312.10172
cs.DC 2312.10351
cs.DC 2312.10360
cs.DC 2312.10365
cs.DC 2312.10636
cs.DC 2312.10663
cs.DC 2312.10935
cs.DC 2312.11029
cs.DC 2312.11236
cs.DC 2312.11750
cs.DC 2312.11871
cs.DC 2312.11918
cs.DC 2312.12190
cs.DC 2312.11485
cs.DC 2312.11488
cs.DC 2312.11489
cs.DC 2312.11739
cs.DC 2312.11742
cs.DC 2312.12091
cs.DC 2312.12105
cs.DC 2312.12107
cs.DC 2312.12243
cs.DC 2312.12278
cs.DC 2312.12484
cs.DC 2312.12587
cs.DC 2312.12670
cs.DC 2312.12835
cs.DC 2312.12977
cs.DC 2312.13170
cs.DC 2312.13178
cs.DC 2312.12621
cs.DC 2312.12677
cs.DC 2312.12698
cs.DC 2312.12705
cs.DC 2312.12774
cs.DC 2312.12863
cs.DC 2312.12910
cs.DC 2312.12973
cs.DC 2312.13094
cs.DC 2312.13107
cs.DC 2312.13508
cs.DC 2312.13602
cs.DC 2312.13632
cs.DC 2312.13795
cs.DC 2312.13923
cs.DC 2312.13967
cs.DC 2312.13433
cs.DC 2312.13461
cs.DC 2312.13702
cs.DC 2312.13777
cs.DC 2312.13936
cs.DC 2312.13938
cs.IT 2312.09264
cs.IT 2312.09420
cs.IT 2312.09431
cs.IT 2312.09444
cs.IT 2312.09452
cs.IT 2312.09571
cs.IT 2312.09482
cs.IT 2312.09659
cs.IT 2312.09944
cs.IT 2312.10019
cs.IT 2311.18003
cs.IT 2312.10204
cs.IT 2312.10360
cs.IT 2312.10399
cs.IT 2312.10438
cs.IT 2312.10344
cs.IT 2312.10394
cs.IT 2312.10412
cs.IT 2312.10421
cs.IT 2312.10475
cs.IT 2312.10490
cs.IT 2312.10547
cs.IT 2312.10641
cs.IT 2312.10950
cs.IT 2312.11017
cs.IT 2312.11115
cs.IT 2312.11127
cs.IT 2312.11245
cs.IT 2312.11302
cs.IT 2312.11341
cs.IT 2312.11404
cs.IT 2312.11723
cs.IT 2312.11769
cs.IT 2312.11888
cs.IT 2312.12236
cs.IT 2312.12245
cs.IT 2312.11682
cs.IT 2312.11688
cs.IT 2312.11854
cs.IT 2312.11995
cs.IT 2312.12116
cs.IT 2312.12118
cs.IT 2312.12244
cs.IT 2312.12288
cs.IT 2312.12358
cs.IT 2312.13013
cs.IT 2312.12565
cs.IT 2312.12717
cs.IT 2312.12803
cs.IT 2312.12849
cs.IT 2312.12874
cs.IT 2312.12962
cs.IT 2312.12964
cs.IT 2312.13004
cs.IT 2312.13048
cs.IT 2312.13203
cs.IT 2312.13379
cs.IT 2312.13622
cs.IT 2312.13640
cs.IT 2312.13683
cs.IT 2312.13835
cs.IT 2312.13931
cs.IT 2312.13415
cs.IT 2312.13424
cs.IT 2312.13538
cs.IT 2312.13563
cs.IT 2312.13654
cs.IT 2312.13701
cs.IT 2312.13794
cs.IT 2312.13797
cs.IT 2312.13919
cs.IT 2312.13921
cs.IT 2312.13975
cs.AR 2312.09262
cs.AR 2312.09326
cs.AR 2312.09386
cs.AR 2312.09580
cs.AR 2312.09401
cs.AR 2312.10343
cs.AR 2312.10716
cs.AR 2312.10865
cs.AR 2312.10244
cs.AR 2312.10426
cs.AR 2312.10561
cs.AR 2312.11279
cs.AR 2312.11742
cs.AR 2312.12391
cs.AR 2312.11750
cs.AR 2312.11820
cs.AR 2312.11836
cs.AR 2312.12766
cs.AR 2312.13000
cs.AR 2312.13428
cs.AR 2312.13754
cs.CV 2312.09299
cs.CV 2312.09361
cs.CV 2312.09398
cs.CV 2312.09411
cs.CV 2312.09445
cs.CV 2312.09446
cs.CV 2312.09455
cs.CV 2312.09529
cs.CV 2312.09533
cs.CV 2312.09551
cs.CV 2312.09576
cs.CV 2312.09681
cs.CV 2312.09719
cs.CV 2312.09754
cs.CV 2312.09783
cs.CV 2312.09799
cs.CV 2312.09821
cs.CV 2312.09854
cs.CV 2312.09899
cs.CV 2312.09968
cs.CV 2312.09988
cs.CV 2312.09997
cs.CV 2312.09305
cs.CV 2312.09313
cs.CV 2312.09337
cs.CV 2312.09360
cs.CV 2312.09365
cs.CV 2312.09367
cs.CV 2312.09387
cs.CV 2312.09480
cs.CV 2312.09481
cs.CV 2312.09486
cs.CV 2312.09496
cs.CV 2312.09501
cs.CV 2312.09507
cs.CV 2312.09510
cs.CV 2312.09514
cs.CV 2312.09520
cs.CV 2312.09523
cs.CV 2312.09525
cs.CV 2312.09527
cs.CV 2312.09534
cs.CV 2312.09538
cs.CV 2312.09553
cs.CV 2312.09554
cs.CV 2312.09558
cs.CV 2312.09570
cs.CV 2312.09579
cs.CV 2312.09584
cs.CV 2312.09589
cs.CV 2312.09595
cs.CV 2312.09598
cs.CV 2312.09608
cs.CV 2312.09609
cs.CV 2312.09612
cs.CV 2312.09625
cs.CV 2312.09627
cs.CV 2312.09630
cs.CV 2312.09641
cs.CV 2312.09673
cs.CV 2312.09676
cs.CV 2312.09682
cs.CV 2312.09709
cs.CV 2312.09716
cs.CV 2312.09723
cs.CV 2312.09727
cs.CV 2312.09743
cs.CV 2312.09750
cs.CV 2312.09767
cs.CV 2312.09780
cs.CV 2312.09788
cs.CV 2312.09792
cs.CV 2312.09797
cs.CV 2312.09800
cs.CV 2312.09812
cs.CV 2312.09866
cs.CV 2312.09876
cs.CV 2312.09880
cs.CV 2312.09894
cs.CV 2312.09909
cs.CV 2312.09913
cs.CV 2312.09922
cs.CV 2312.09925
cs.CV 2312.09935
cs.CV 2312.09955
cs.CV 2312.10032
cs.CV 2312.10034
cs.CV 2312.10035
cs.CV 2202.01402
cs.CV 2302.07317
cs.CV 2306.09910
cs.CV 2312.09196
cs.CV 2312.10069
cs.CV 2312.10083
cs.CV 2312.10088
cs.CV 2312.10116
cs.CV 2312.10144
cs.CV 2312.10237
cs.CV 2312.10271
cs.CV 2312.10324
cs.CV 2312.10464
cs.CV 2312.10483
cs.CV 2312.10534
cs.CV 2312.10568
cs.CV 2312.10571
cs.CV 2312.10578
cs.CV 2312.10585
cs.CV 2312.10602
cs.CV 2312.10696
cs.CV 2312.10725
cs.CV 2312.10892
cs.CV 2312.10905
cs.CV 2312.10911
cs.CV 2312.10949
cs.CV 2312.10978
cs.CV 2312.11057
cs.CV 2312.11206
cs.CV 2312.11213
cs.CV 2312.11232
cs.CV 2312.11420
cs.CV 2312.11436
cs.CV 2312.11460
cs.CV 2312.10046
cs.CV 2312.10070
cs.CV 2312.10089
cs.CV 2312.10099
cs.CV 2312.10103
cs.CV 2312.10104
cs.CV 2312.10105
cs.CV 2312.10108
cs.CV 2312.10109
cs.CV 2312.10111
cs.CV 2312.10112
cs.CV 2312.10113
cs.CV 2312.10114
cs.CV 2312.10115
cs.CV 2312.10118
cs.CV 2312.10120
cs.CV 2312.10132
cs.CV 2312.10136
cs.CV 2312.10163
cs.CV 2312.10165
cs.CV 2312.10175
cs.CV 2312.10191
cs.CV 2312.10195
cs.CV 2312.10200
cs.CV 2312.10208
cs.CV 2312.10217
cs.CV 2312.10240
cs.CV 2312.10246
cs.CV 2312.10251
cs.CV 2312.10263
cs.CV 2312.10264
cs.CV 2312.10282
cs.CV 2312.10299
cs.CV 2312.10300
cs.CV 2312.10306
cs.CV 2312.10314
cs.CV 2312.10320
cs.CV 2312.10342
cs.CV 2312.10346
cs.CV 2312.10361
cs.CV 2312.10366
cs.CV 2312.10376
cs.CV 2312.10389
cs.CV 2312.10390
cs.CV 2312.10407
cs.CV 2312.10422
cs.CV 2312.10437
cs.CV 2312.10439
cs.CV 2312.10447
cs.CV 2312.10457
cs.CV 2312.10461
cs.CV 2312.10462
cs.CV 2312.10470
cs.CV 2312.10482
cs.CV 2312.10515
cs.CV 2312.10529
cs.CV 2312.10531
cs.CV 2312.10539
cs.CV 2312.10540
cs.CV 2312.10586
cs.CV 2312.10588
cs.CV 2312.10600
cs.CV 2312.10604
cs.CV 2312.10608
cs.CV 2312.10611
cs.CV 2312.10613
cs.CV 2312.10616
cs.CV 2312.10628
cs.CV 2312.10634
cs.CV 2312.10637
cs.CV 2312.10639
cs.CV 2312.10649
cs.CV 2312.10656
cs.CV 2312.10665
cs.CV 2312.10671
cs.CV 2312.10674
cs.CV 2312.10680
cs.CV 2312.10686
cs.CV 2312.10692
cs.CV 2312.10701
cs.CV 2312.10713
cs.CV 2312.10714
cs.CV 2312.10718
cs.CV 2312.10726
cs.CV 2312.10737
cs.CV 2312.10740
cs.CV 2312.10747
cs.CV 2312.10758
cs.CV 2312.10763
cs.CV 2312.10798
cs.CV 2312.10806
cs.CV 2312.10813
cs.CV 2312.10818
cs.CV 2312.10825
cs.CV 2312.10835
cs.CV 2312.10843
cs.CV 2312.10854
cs.CV 2312.10872
cs.CV 2312.10877
cs.CV 2312.10890
cs.CV 2312.10899
cs.CV 2312.10908
cs.CV 2312.10921
cs.CV 2312.10922
cs.CV 2312.10930
cs.CV 2312.10933
cs.CV 2312.10944
cs.CV 2312.10945
cs.CV 2312.10948
cs.CV 2312.10960
cs.CV 2312.10980
cs.CV 2312.10983
cs.CV 2312.10986
cs.CV 2312.10993
cs.CV 2312.10998
cs.CV 2312.11008
cs.CV 2312.11015
cs.CV 2312.11024
cs.CV 2312.11035
cs.CV 2312.11037
cs.CV 2312.11038
cs.CV 2312.11051
cs.CV 2312.11078
cs.CV 2312.11112
cs.CV 2312.11119
cs.CV 2312.11128
cs.CV 2312.11146
cs.CV 2312.11153
cs.CV 2312.11171
cs.CV 2312.11184
cs.CV 2312.11195
cs.CV 2312.11218
cs.CV 2312.11231
cs.CV 2312.11250
cs.CV 2312.11260
cs.CV 2312.11269
cs.CV 2312.11285
cs.CV 2312.11290
cs.CV 2312.11309
cs.CV 2312.11315
cs.CV 2312.11334
cs.CV 2312.11340
cs.CV 2312.11360
cs.CV 2312.11375
cs.CV 2312.11376
cs.CV 2312.11380
cs.CV 2312.11392
cs.CV 2312.11396
cs.CV 2312.11417
cs.CV 2312.11422
cs.CV 2312.11451
cs.CV 2312.11458
cs.CV 2312.11459
cs.CV 2312.11461
cs.CV 2312.11463
cs.CV 2312.11467
cs.CV 2312.11468
cs.CV 2312.11480
cs.CV 2312.11524
cs.CV 2312.11538
cs.CV 2312.11562
cs.CV 2312.11576
cs.CV 2312.11580
cs.CV 2312.11598
cs.CV 2312.11707
cs.CV 2312.11748
cs.CV 2312.11775
cs.CV 2312.11805
cs.CV 2312.11816
cs.CV 2312.11862
cs.CV 2312.12023
cs.CV 2312.12102
cs.CV 2312.12135
cs.CV 2312.12151
cs.CV 2312.12189
cs.CV 2312.12383
cs.CV 2312.11470
cs.CV 2312.11473
cs.CV 2312.11479
cs.CV 2312.11535
cs.CV 2312.11537
cs.CV 2312.11542
cs.CV 2312.11548
cs.CV 2312.11555
cs.CV 2312.11556
cs.CV 2312.11557
cs.CV 2312.11568
cs.CV 2312.11570
cs.CV 2312.11577
cs.CV 2312.11578
cs.CV 2312.11587
cs.CV 2312.11593
cs.CV 2312.11595
cs.CV 2312.11666
cs.CV 2312.11716
cs.CV 2312.11763
cs.CV 2312.11770
cs.CV 2312.11772
cs.CV 2312.11774
cs.CV 2312.11782
cs.CV 2312.11793
cs.CV 2312.11812
cs.CV 2312.11826
cs.CV 2312.11829
cs.CV 2312.11837
cs.CV 2312.11841
cs.CV 2312.11849
cs.CV 2312.11850
cs.CV 2312.11856
cs.CV 2312.11867
cs.CV 2312.11872
cs.CV 2312.11880
cs.CV 2312.11894
cs.CV 2312.11897
cs.CV 2312.11911
cs.CV 2312.11923
cs.CV 2312.11929
cs.CV 2312.11938
cs.CV 2312.11954
cs.CV 2312.11967
cs.CV 2312.11972
cs.CV 2312.11973
cs.CV 2312.11994
cs.CV 2312.12000
cs.CV 2312.12028
cs.CV 2312.12030
cs.CV 2312.12042
cs.CV 2312.12064
cs.CV 2312.12068
cs.CV 2312.12080
cs.CV 2312.12090
cs.CV 2312.12096
cs.CV 2312.12098
cs.CV 2312.12122
cs.CV 2312.12133
cs.CV 2312.12142
cs.CV 2312.12143
cs.CV 2312.12144
cs.CV 2312.12155
cs.CV 2312.12176
cs.CV 2312.12198
cs.CV 2312.12222
cs.CV 2312.12223
cs.CV 2312.12227
cs.CV 2312.12232
cs.CV 2312.12241
cs.CV 2312.12246
cs.CV 2312.12250
cs.CV 2312.12263
cs.CV 2312.12273
cs.CV 2312.12274
cs.CV 2312.12314
cs.CV 2312.12337
cs.CV 2312.12340
cs.CV 2312.12347
cs.CV 2312.12359
cs.CV 2312.12379
cs.CV 2312.12385
cs.CV 2312.12416
cs.CV 2312.12418
cs.CV 2312.12419
cs.CV 2312.12423
cs.CV 2312.12425
cs.CV 2312.12429
cs.CV 2312.12431
cs.CV 2312.12433
cs.CV 2312.12436
cs.CV 2312.12437
cs.CV 2312.12483
cs.CV 2312.12488
cs.CV 2312.12599
cs.CV 2312.12606
cs.CV 2312.12644
cs.CV 2312.12648
cs.CV 2312.12649
cs.CV 2312.12653
cs.CV 2312.12668
cs.CV 2312.12691
cs.CV 2312.12789
cs.CV 2312.12824
cs.CV 2312.12833
cs.CV 2312.12838
cs.CV 2312.12848
cs.CV 2312.12876
cs.CV 2312.12880
cs.CV 2312.12990
cs.CV 2312.13027
cs.CV 2312.13103
cs.CV 2312.13127
cs.CV 2312.13139
cs.CV 2312.13162
cs.CV 2312.13219
cs.CV 2312.13220
cs.CV 2312.13236
cs.CV 2312.13250
cs.CV 2312.12439
cs.CV 2312.12441
cs.CV 2312.12442
cs.CV 2312.12444
cs.CV 2312.12463
cs.CV 2312.12468
cs.CV 2312.12470
cs.CV 2312.12471
cs.CV 2312.12478
cs.CV 2312.12479
cs.CV 2312.12480
cs.CV 2312.12481
cs.CV 2312.12486
cs.CV 2312.12490
cs.CV 2312.12491
cs.CV 2312.12494
cs.CV 2312.12540
cs.CV 2312.12619
cs.CV 2312.12634
cs.CV 2312.12635
cs.CV 2312.12659
cs.CV 2312.12661
cs.CV 2312.12664
cs.CV 2312.12680
cs.CV 2312.12716
cs.CV 2312.12720
cs.CV 2312.12721
cs.CV 2312.12722
cs.CV 2312.12723
cs.CV 2312.12726
cs.CV 2312.12729
cs.CV 2312.12730
cs.CV 2312.12735
cs.CV 2312.12742
cs.CV 2312.12743
cs.CV 2312.12754
cs.CV 2312.12763
cs.CV 2312.12768
cs.CV 2312.12773
cs.CV 2312.12804
cs.CV 2312.12807
cs.CV 2312.12815
cs.CV 2312.12816
cs.CV 2312.12826
cs.CV 2312.12828
cs.CV 2312.12856
cs.CV 2312.12865
cs.CV 2312.12870
cs.CV 2312.12872
cs.CV 2312.12877
cs.CV 2312.12908
cs.CV 2312.12913
cs.CV 2312.12917
cs.CV 2312.12954
cs.CV 2312.12961
cs.CV 2312.12970
cs.CV 2312.12995
cs.CV 2312.13008
cs.CV 2312.13016
cs.CV 2312.13053
cs.CV 2312.13066
cs.CV 2312.13071
cs.CV 2312.13081
cs.CV 2312.13090
cs.CV 2312.13091
cs.CV 2312.13100
cs.CV 2312.13102
cs.CV 2312.13104
cs.CV 2312.13108
cs.CV 2312.13114
cs.CV 2312.13116
cs.CV 2312.13150
cs.CV 2312.13216
cs.CV 2312.13223
cs.CV 2312.13240
cs.CV 2312.13252
cs.CV 2312.13253
cs.CV 2312.13265
cs.CV 2312.13271
cs.CV 2312.13277
cs.CV 2312.13285
cs.CV 2312.13286
cs.CV 2312.13304
cs.CV 2312.13307
cs.CV 2312.13310
cs.CV 2312.13313
cs.CV 2312.13319
cs.CV 2312.13422
cs.CV 2312.13469
cs.CV 2312.13534
cs.CV 2312.13555
cs.CV 2312.13558
cs.CV 2312.13594
cs.CV 2312.13632
cs.CV 2312.13655
cs.CV 2312.13752
cs.CV 2312.13820
cs.CV 2312.13841
cs.CV 2312.13906
cs.CV 2312.14115
cs.CV 2312.14134
cs.CV 2312.13299
cs.CV 2312.13305
cs.CV 2312.13308
cs.CV 2312.13309
cs.CV 2312.13314
cs.CV 2312.13316
cs.CV 2312.13317
cs.CV 2312.13324
cs.CV 2312.13328
cs.CV 2312.13330
cs.CV 2312.13332
cs.CV 2312.13377
cs.CV 2312.13396
cs.CV 2312.13440
cs.CV 2312.13449
cs.CV 2312.13471
cs.CV 2312.13489
cs.CV 2312.13494
cs.CV 2312.13500
cs.CV 2312.13503
cs.CV 2312.13506
cs.CV 2312.13509
cs.CV 2312.13514
cs.CV 2312.13528
cs.CV 2312.13537
cs.CV 2312.13575
cs.CV 2312.13578
cs.CV 2312.13604
cs.CV 2312.13620
cs.CV 2312.13630
cs.CV 2312.13631
cs.CV 2312.13633
cs.CV 2312.13641
cs.CV 2312.13646
cs.CV 2312.13663
cs.CV 2312.13691
cs.CV 2312.13714
cs.CV 2312.13729
cs.CV 2312.13735
cs.CV 2312.13746
cs.CV 2312.13763
cs.CV 2312.13764
cs.CV 2312.13770
cs.CV 2312.13771
cs.CV 2312.13776
cs.CV 2312.13778
cs.CV 2312.13783
cs.CV 2312.13789
cs.CV 2312.13792
cs.CV 2312.13822
cs.CV 2312.13832
cs.CV 2312.13834
cs.CV 2312.13839
cs.CV 2312.13845
cs.CV 2312.13848
cs.CV 2312.13913
cs.CV 2312.13941
cs.CV 2312.13964
cs.CV 2312.13977
cs.CV 2312.13980
cs.CV 2312.13993
cs.CV 2312.14001
cs.CV 2312.14024
cs.CV 2312.14053
cs.CV 2312.14055
cs.CV 2312.14074
cs.CV 2312.14091
cs.CV 2312.14124
cs.CV 2312.14125
cs.CV 2312.14126
cs.CV 2312.14132
cs.CV 2312.14135
cs.CV 2312.14138
cs.CV 2312.14140
cs.CV 2312.14149
cs.CV 2312.14150
cs.CV 2312.14154
cs.CV 2312.14157
cs.AI 2312.09269
cs.AI 2312.09300
cs.AI 2312.09310
cs.AI 2312.09313
cs.AI 2312.09337
cs.AI 2312.09366
cs.AI 2312.09369
cs.AI 2312.09387
cs.AI 2312.09401
cs.AI 2312.09402
cs.AI 2312.09410
cs.AI 2312.09411
cs.AI 2312.09420
cs.AI 2312.09423
cs.AI 2312.09424
cs.AI 2312.09426
cs.AI 2312.09434
cs.AI 2312.09436
cs.AI 2312.09442
cs.AI 2312.09446
cs.AI 2312.09456
cs.AI 2312.09460
cs.AI 2312.09462
cs.AI 2312.09466
cs.AI 2312.09467
cs.AI 2312.09468
cs.AI 2312.09469
cs.AI 2312.09478
cs.AI 2312.09498
cs.AI 2312.09501
cs.AI 2312.09507
cs.AI 2312.09510
cs.AI 2312.09511
cs.AI 2312.09545
cs.AI 2312.09548
cs.AI 2312.09579
cs.AI 2312.09584
cs.AI 2312.09585
cs.AI 2312.09588
cs.AI 2312.09613
cs.AI 2312.09630
cs.AI 2312.09639
cs.AI 2312.09645
cs.AI 2312.09646
cs.AI 2312.09665
cs.AI 2312.09672
cs.AI 2312.09676
cs.AI 2312.09691
cs.AI 2312.09703
cs.AI 2312.09708
cs.AI 2312.09723
cs.AI 2312.09758
cs.AI 2312.09773
cs.AI 2312.09781
cs.AI 2312.09788
cs.AI 2312.09792
cs.AI 2312.09799
cs.AI 2312.09802
cs.AI 2312.09806
cs.AI 2312.09812
cs.AI 2312.09818
cs.AI 2312.09844
cs.AI 2312.09857
cs.AI 2312.09877
cs.AI 2312.09881
cs.AI 2312.09885
cs.AI 2312.09894
cs.AI 2312.09906
cs.AI 2312.09907
cs.AI 2312.09917
cs.AI 2312.09922
cs.AI 2312.09926
cs.AI 2312.09932
cs.AI 2312.09938
cs.AI 2312.09950
cs.AI 2312.09953
cs.AI 2312.09966
cs.AI 2312.09971
cs.AI 2312.09982
cs.AI 2312.09983
cs.AI 2312.10008
cs.AI 2312.10029
cs.AI 2312.09316
cs.AI 2312.09323
cs.AI 2312.09334
cs.AI 2312.09397
cs.AI 2312.09513
cs.AI 2312.09532
cs.AI 2312.09539
cs.AI 2312.09546
cs.AI 2312.09561
cs.AI 2312.09658
cs.AI 2312.09693
cs.AI 2312.09695
cs.AI 2312.09699
cs.AI 2312.09738
cs.AI 2312.09897
cs.AI 2312.09928
cs.AI 2312.09958
cs.AI 2312.09963
cs.AI 2312.09995
cs.AI 2312.09997
cs.AI 2202.01402
cs.AI 2302.07317
cs.AI 2304.08870
cs.AI 2306.09910
cs.AI 2312.03154
cs.AI 2312.10045
cs.AI 2312.10046
cs.AI 2312.10047
cs.AI 2312.10053
cs.AI 2312.10055
cs.AI 2312.10064
cs.AI 2312.10065
cs.AI 2312.10067
cs.AI 2312.10068
cs.AI 2312.10072
cs.AI 2312.10073
cs.AI 2312.10075
cs.AI 2312.10078
cs.AI 2312.10079
cs.AI 2312.10080
cs.AI 2312.10083
cs.AI 2312.10089
cs.AI 2312.10094
cs.AI 2312.10095
cs.AI 2312.10107
cs.AI 2312.10108
cs.AI 2312.10109
cs.AI 2312.10128
cs.AI 2312.10144
cs.AI 2312.10153
cs.AI 2312.10170
cs.AI 2312.10181
cs.AI 2312.10195
cs.AI 2312.10201
cs.AI 2312.10219
cs.AI 2312.10237
cs.AI 2312.10251
cs.AI 2312.10256
cs.AI 2312.10265
cs.AI 2312.10269
cs.AI 2312.10274
cs.AI 2312.10279
cs.AI 2312.10289
cs.AI 2312.10299
cs.AI 2312.10302
cs.AI 2312.10305
cs.AI 2312.10307
cs.AI 2312.10310
cs.AI 2312.10317
cs.AI 2312.10325
cs.AI 2312.10332
cs.AI 2312.10349
cs.AI 2312.10351
cs.AI 2312.10365
cs.AI 2312.10369
cs.AI 2312.10375
cs.AI 2312.10385
cs.AI 2312.10388
cs.AI 2312.10393
cs.AI 2312.10396
cs.AI 2312.10401
cs.AI 2312.10402
cs.AI 2312.10407
cs.AI 2312.10411
cs.AI 2312.10423
cs.AI 2312.10429
cs.AI 2312.10432
cs.AI 2312.10435
cs.AI 2312.10440
cs.AI 2312.10448
cs.AI 2312.10462
cs.AI 2312.10464
cs.AI 2312.10466
cs.AI 2312.10470
cs.AI 2312.10472
cs.AI 2312.10518
cs.AI 2312.10523
cs.AI 2312.10529
cs.AI 2312.10549
cs.AI 2312.10560
cs.AI 2312.10561
cs.AI 2312.10567
cs.AI 2312.10571
cs.AI 2312.10578
cs.AI 2312.10579
cs.AI 2312.10580
cs.AI 2312.10588
cs.AI 2312.10602
cs.AI 2312.10603
cs.AI 2312.10611
cs.AI 2312.10622
cs.AI 2312.10631
cs.AI 2312.10637
cs.AI 2312.10639
cs.AI 2312.10648
cs.AI 2312.10661
cs.AI 2312.10663
cs.AI 2312.10669
cs.AI 2312.10692
cs.AI 2312.10694
cs.AI 2312.10695
cs.AI 2312.10700
cs.AI 2312.10702
cs.AI 2312.10705
cs.AI 2312.10707
cs.AI 2312.10713
cs.AI 2312.10725
cs.AI 2312.10730
cs.AI 2312.10740
cs.AI 2312.10742
cs.AI 2312.10746
cs.AI 2312.10770
cs.AI 2312.10793
cs.AI 2312.10797
cs.AI 2312.10798
cs.AI 2312.10802
cs.AI 2312.10808
cs.AI 2312.10812
cs.AI 2312.10826
cs.AI 2312.10841
cs.AI 2312.10861
cs.AI 2312.10879
cs.AI 2312.10884
cs.AI 2312.10887
cs.AI 2312.10897
cs.AI 2312.10900
cs.AI 2312.10903
cs.AI 2312.10913
cs.AI 2312.10918
cs.AI 2312.10933
cs.AI 2312.10935
cs.AI 2312.10937
cs.AI 2312.10948
cs.AI 2312.10952
cs.AI 2312.10961
cs.AI 2312.10967
cs.AI 2312.10968
cs.AI 2312.10975
cs.AI 2312.10977
cs.AI 2312.10996
cs.AI 2312.10997
cs.AI 2312.11018
cs.AI 2312.11023
cs.AI 2312.11024
cs.AI 2312.11036
cs.AI 2312.11043
cs.AI 2312.11057
cs.AI 2312.11063
cs.AI 2312.11076
cs.AI 2312.11119
cs.AI 2312.11123
cs.AI 2312.11128
cs.AI 2312.11152
cs.AI 2312.11171
cs.AI 2312.11193
cs.AI 2312.11198
cs.AI 2312.11207
cs.AI 2312.11214
cs.AI 2312.11227
cs.AI 2312.11231
cs.AI 2312.11234
cs.AI 2312.11260
cs.AI 2312.11282
cs.AI 2312.11285
cs.AI 2312.11296
cs.AI 2312.11297
cs.AI 2312.11311
cs.AI 2312.11323
cs.AI 2312.11336
cs.AI 2312.11344
cs.AI 2312.11345
cs.AI 2312.11356
cs.AI 2312.11357
cs.AI 2312.11360
cs.AI 2312.11375
cs.AI 2312.11380
cs.AI 2312.11395
cs.AI 2312.11396
cs.AI 2312.11405
cs.AI 2312.11413
cs.AI 2312.11420
cs.AI 2312.11442
cs.AI 2312.11444
cs.AI 2312.11456
cs.AI 2312.11460
cs.AI 2312.10230
cs.AI 2312.10370
cs.AI 2312.10372
cs.AI 2312.10417
cs.AI 2312.10436
cs.AI 2312.10572
cs.AI 2312.10589
cs.AI 2312.10728
cs.AI 2312.10795
cs.AI 2312.10801
cs.AI 2312.10809
cs.AI 2312.10857
cs.AI 2312.10868
cs.AI 2312.10904
cs.AI 2312.10942
cs.AI 2312.11027
cs.AI 2312.11053
cs.AI 2312.11111
cs.AI 2312.11118
cs.AI 2312.11138
cs.AI 2312.11143
cs.AI 2312.11186
cs.AI 2312.11226
cs.AI 2312.11280
cs.AI 2312.11348
cs.AI 2312.11364
cs.AI 2312.11391
cs.AI 2312.11414
cs.AI 2312.11434
cs.AI 2306.00760
cs.AI 2312.11473
cs.AI 2312.11475
cs.AI 2312.11488
cs.AI 2312.11500
cs.AI 2312.11502
cs.AI 2312.11503
cs.AI 2312.11504
cs.AI 2312.11508
cs.AI 2312.11511
cs.AI 2312.11512
cs.AI 2312.11513
cs.AI 2312.11514
cs.AI 2312.11518
cs.AI 2312.11521
cs.AI 2312.11523
cs.AI 2312.11524
cs.AI 2312.11525
cs.AI 2312.11526
cs.AI 2312.11532
cs.AI 2312.11535
cs.AI 2312.11545
cs.AI 2312.11551
cs.AI 2312.11553
cs.AI 2312.11554
cs.AI 2312.11556
cs.AI 2312.11560
cs.AI 2312.11561
cs.AI 2312.11567
cs.AI 2312.11571
cs.AI 2312.11573
cs.AI 2312.11581
cs.AI 2312.11582
cs.AI 2312.11583
cs.AI 2312.11584
cs.AI 2312.11658
cs.AI 2312.11669
cs.AI 2312.11671
cs.AI 2312.11681
cs.AI 2312.11713
cs.AI 2312.11714
cs.AI 2312.11720
cs.AI 2312.11747
cs.AI 2312.11752
cs.AI 2312.11779
cs.AI 2312.11805
cs.AI 2312.11812
cs.AI 2312.11819
cs.AI 2312.11831
cs.AI 2312.11834
cs.AI 2312.11836
cs.AI 2312.11846
cs.AI 2312.11862
cs.AI 2312.11863
cs.AI 2312.11875
cs.AI 2312.11881
cs.AI 2312.11882
cs.AI 2312.11889
cs.AI 2312.11894
cs.AI 2312.11895
cs.AI 2312.11922
cs.AI 2312.11929
cs.AI 2312.11933
cs.AI 2312.11934
cs.AI 2312.11936
cs.AI 2312.11939
cs.AI 2312.11942
cs.AI 2312.11943
cs.AI 2312.11952
cs.AI 2312.11973
cs.AI 2312.11976
cs.AI 2312.11983
cs.AI 2312.11988
cs.AI 2312.12000
cs.AI 2312.12009
cs.AI 2312.12021
cs.AI 2312.12030
cs.AI 2312.12036
cs.AI 2312.12037
cs.AI 2312.12050
cs.AI 2312.12063
cs.AI 2312.12065
cs.AI 2312.12068
cs.AI 2312.12100
cs.AI 2312.12108
cs.AI 2312.12112
cs.AI 2312.12115
cs.AI 2312.12142
cs.AI 2312.12161
cs.AI 2312.12181
cs.AI 2312.12191
cs.AI 2312.12206
cs.AI 2312.12227
cs.AI 2312.12274
cs.AI 2312.12299
cs.AI 2312.12321
cs.AI 2312.12343
cs.AI 2312.12362
cs.AI 2312.12369
cs.AI 2312.12391
cs.AI 2312.12404
cs.AI 2312.12414
cs.AI 2312.12423
cs.AI 2312.12430
cs.AI 2312.12433
cs.AI 2312.12436
cs.AI 2312.11492
cs.AI 2312.11522
cs.AI 2312.11527
cs.AI 2312.11539
cs.AI 2312.11541
cs.AI 2312.11547
cs.AI 2312.11562
cs.AI 2312.11589
cs.AI 2312.11651
cs.AI 2312.11675
cs.AI 2312.11690
cs.AI 2312.11718
cs.AI 2312.11753
cs.AI 2312.11761
cs.AI 2312.11768
cs.AI 2312.11813
cs.AI 2312.11816
cs.AI 2312.11818
cs.AI 2312.11865
cs.AI 2312.11935
cs.AI 2312.11955
cs.AI 2312.11970
cs.AI 2312.12010
cs.AI 2312.12102
cs.AI 2312.12119
cs.AI 2312.12290
cs.AI 2312.12341
cs.AI 2312.12383
cs.AI 2312.12403
cs.AI 2312.12442
cs.AI 2312.12444
cs.AI 2312.12450
cs.AI 2312.12455
cs.AI 2312.12457
cs.AI 2312.12458
cs.AI 2312.12462
cs.AI 2312.12464
cs.AI 2312.12467
cs.AI 2312.12469
cs.AI 2312.12472
cs.AI 2312.12473
cs.AI 2312.12475
cs.AI 2312.12477
cs.AI 2312.12483
cs.AI 2312.12485
cs.AI 2312.12486
cs.AI 2312.12487
cs.AI 2312.12489
cs.AI 2312.12490
cs.AI 2312.12560
cs.AI 2312.12585
cs.AI 2312.12598
cs.AI 2312.12599
cs.AI 2312.12619
cs.AI 2312.12634
cs.AI 2312.12655
cs.AI 2312.12657
cs.AI 2312.12667
cs.AI 2312.12668
cs.AI 2312.12670
cs.AI 2312.12676
cs.AI 2312.12678
cs.AI 2312.12679
cs.AI 2312.12681
cs.AI 2312.12682
cs.AI 2312.12705
cs.AI 2312.12713
cs.AI 2312.12724
cs.AI 2312.12728
cs.AI 2312.12731
cs.AI 2312.12747
cs.AI 2312.12750
cs.AI 2312.12751
cs.AI 2312.12772
cs.AI 2312.12778
cs.AI 2312.12781
cs.AI 2312.12783
cs.AI 2312.12791
cs.AI 2312.12806
cs.AI 2312.12807
cs.AI 2312.12815
cs.AI 2312.12828
cs.AI 2312.12832
cs.AI 2312.12844
cs.AI 2312.12852
cs.AI 2312.12856
cs.AI 2312.12865
cs.AI 2312.12869
cs.AI 2312.12872
cs.AI 2312.12882
cs.AI 2312.12904
cs.AI 2312.12917
cs.AI 2312.13000
cs.AI 2312.13008
cs.AI 2312.13026
cs.AI 2312.13032
cs.AI 2312.13033
cs.AI 2312.13068
cs.AI 2312.13116
cs.AI 2312.13131
cs.AI 2312.13156
cs.AI 2312.13193
cs.AI 2312.13212
cs.AI 2312.13218
cs.AI 2312.13220
cs.AI 2312.13253
cs.AI 2312.13264
cs.AI 2312.12554
cs.AI 2312.12568
cs.AI 2312.12868
cs.AI 2312.12891
cs.AI 2312.12936
cs.AI 2310.19459
cs.AI 2312.13301
cs.AI 2312.13303
cs.AI 2312.13306
cs.AI 2312.13307
cs.AI 2312.13309
cs.AI 2312.13314
cs.AI 2312.13322
cs.AI 2312.13327
cs.AI 2312.13334
cs.AI 2312.13382
cs.AI 2312.13476
cs.AI 2312.13495
cs.AI 2312.13503
cs.AI 2312.13506
cs.AI 2312.13508
cs.AI 2312.13521
cs.AI 2312.13530
cs.AI 2312.13536
cs.AI 2312.13557
cs.AI 2312.13558
cs.AI 2312.13565
cs.AI 2312.13583
cs.AI 2312.13594
cs.AI 2312.13596
cs.AI 2312.13616
cs.AI 2312.13632
cs.AI 2312.13655
cs.AI 2312.13716
cs.AI 2312.13752
cs.AI 2312.13754
cs.AI 2312.13765
cs.AI 2312.13772
cs.AI 2312.13783
cs.AI 2312.13795
cs.AI 2312.13816
cs.AI 2312.13845
cs.AI 2312.13905
cs.AI 2312.13906
cs.AI 2312.13923
cs.AI 2312.13925
cs.AI 2312.13927
cs.AI 2312.13931
cs.AI 2312.13944
cs.AI 2312.13951
cs.AI 2312.13964
cs.AI 2312.13970
cs.AI 2312.13976
cs.AI 2312.13987
cs.AI 2312.14001
cs.AI 2312.14005
cs.AI 2312.14037
cs.AI 2312.14095
cs.AI 2312.14115
cs.AI 2312.14125
cs.AI 2312.14129
cs.AI 2312.14149
cs.AI 2312.13434
cs.AI 2312.13435
cs.AI 2312.13487
cs.AI 2312.13680
cs.AI 2312.13682
cs.AI 2312.13866
cs.AI 2312.13912
cs.AI 2312.14106
cs.AI 2312.14121
cs.MA 2312.09674
cs.MA 2312.09938
cs.MA 2312.09950
cs.MA 2312.10572
cs.MA 2312.10695
cs.MA 2312.10787
cs.MA 2312.10797
cs.MA 2312.10887
cs.MA 2312.11084
cs.MA 2312.11207
cs.MA 2312.11434
cs.MA 2312.10123
cs.MA 2312.10256
cs.MA 2312.11158
cs.MA 2312.11357
cs.MA 2312.11718
cs.MA 2312.11768
cs.MA 2312.11802
cs.MA 2312.11828
cs.MA 2312.11943
cs.MA 2312.11970
cs.MA 2312.12186
cs.MA 2312.12255
cs.MA 2312.12403
cs.MA 2312.11545
cs.MA 2312.11834
cs.MA 2312.12095
cs.MA 2312.12325
cs.MA 2312.12564
cs.MA 2312.12700
cs.MA 2312.12977
cs.MA 2312.13910
cs.MA 2312.13485
cs.LG 2312.09257
cs.LG 2312.09259
cs.LG 2312.09265
cs.LG 2312.09269
cs.LG 2312.09300
cs.LG 2312.09323
cs.LG 2312.09355
cs.LG 2312.09403
cs.LG 2312.09417
cs.LG 2312.09418
cs.LG 2312.09422
cs.LG 2312.09423
cs.LG 2312.09426
cs.LG 2312.09429
cs.LG 2312.09430
cs.LG 2312.09433
cs.LG 2312.09436
cs.LG 2312.09437
cs.LG 2312.09442
cs.LG 2312.09445
cs.LG 2312.09449
cs.LG 2312.09454
cs.LG 2312.09456
cs.LG 2312.09460
cs.LG 2312.09461
cs.LG 2312.09462
cs.LG 2312.09466
cs.LG 2312.09468
cs.LG 2312.09469
cs.LG 2312.09481
cs.LG 2312.09486
cs.LG 2312.09488
cs.LG 2312.09578
cs.LG 2312.09585
cs.LG 2312.09597
cs.LG 2312.09601
cs.LG 2312.09603
cs.LG 2312.09610
cs.LG 2312.09623
cs.LG 2312.09627
cs.LG 2312.09634
cs.LG 2312.09636
cs.LG 2312.09651
cs.LG 2312.09663
cs.LG 2312.09673
cs.LG 2312.09734
cs.LG 2312.09788
cs.LG 2312.09789
cs.LG 2312.09792
cs.LG 2312.09797
cs.LG 2312.09806
cs.LG 2312.09820
cs.LG 2312.09845
cs.LG 2312.09869
cs.LG 2312.09887
cs.LG 2312.09899
cs.LG 2312.09926
cs.LG 2312.09939
cs.LG 2312.09969
cs.LG 2312.09982
cs.LG 2312.09997
cs.LG 2312.10007
cs.LG 2312.10008
cs.LG 2312.10019
cs.LG 2312.09262
cs.LG 2312.09299
cs.LG 2312.09304
cs.LG 2312.09332
cs.LG 2312.09352
cs.LG 2312.09357
cs.LG 2312.09361
cs.LG 2312.09391
cs.LG 2312.09404
cs.LG 2312.09410
cs.LG 2312.09411
cs.LG 2312.09478
cs.LG 2312.09489
cs.LG 2312.09498
cs.LG 2312.09504
cs.LG 2312.09505
cs.LG 2312.09533
cs.LG 2312.09540
cs.LG 2312.09559
cs.LG 2312.09606
cs.LG 2312.09613
cs.LG 2312.09639
cs.LG 2312.09674
cs.LG 2312.09681
cs.LG 2312.09691
cs.LG 2312.09708
cs.LG 2312.09741
cs.LG 2312.09744
cs.LG 2312.09748
cs.LG 2312.09758
cs.LG 2312.09766
cs.LG 2312.09775
cs.LG 2312.09778
cs.LG 2312.09783
cs.LG 2312.09787
cs.LG 2312.09790
cs.LG 2312.09793
cs.LG 2312.09802
cs.LG 2312.09817
cs.LG 2312.09821
cs.LG 2312.09830
cs.LG 2312.09832
cs.LG 2312.09844
cs.LG 2312.09852
cs.LG 2312.09857
cs.LG 2312.09860
cs.LG 2312.09865
cs.LG 2312.09871
cs.LG 2312.09877
cs.LG 2312.09881
cs.LG 2312.09885
cs.LG 2312.09912
cs.LG 2312.09938
cs.LG 2312.09940
cs.LG 2312.09950
cs.LG 2312.09961
cs.LG 2312.09971
cs.LG 2312.09978
cs.LG 2312.09983
cs.LG 2312.10001
cs.LG 2312.10004
cs.LG 2312.10023
cs.LG 2312.10024
cs.LG 2312.10029
cs.LG 2203.14673
cs.LG 2312.10040
cs.LG 2312.10045
cs.LG 2312.10046
cs.LG 2312.10052
cs.LG 2312.10056
cs.LG 2312.10068
cs.LG 2312.10069
cs.LG 2312.10072
cs.LG 2312.10078
cs.LG 2312.10080
cs.LG 2312.10082
cs.LG 2312.10083
cs.LG 2312.10087
cs.LG 2312.10088
cs.LG 2312.10089
cs.LG 2312.10091
cs.LG 2312.10102
cs.LG 2312.10104
cs.LG 2312.10108
cs.LG 2312.10110
cs.LG 2312.10112
cs.LG 2312.10127
cs.LG 2312.10128
cs.LG 2312.10130
cs.LG 2312.10132
cs.LG 2312.10163
cs.LG 2312.10187
cs.LG 2312.10199
cs.LG 2312.10209
cs.LG 2312.10230
cs.LG 2312.10242
cs.LG 2312.10246
cs.LG 2312.10256
cs.LG 2312.10270
cs.LG 2312.10271
cs.LG 2312.10279
cs.LG 2312.10299
cs.LG 2312.10305
cs.LG 2312.10328
cs.LG 2312.10332
cs.LG 2312.10339
cs.LG 2312.10342
cs.LG 2312.10343
cs.LG 2312.10370
cs.LG 2312.10407
cs.LG 2312.10490
cs.LG 2312.10512
cs.LG 2312.10523
cs.LG 2312.10528
cs.LG 2312.10545
cs.LG 2312.10547
cs.LG 2312.10557
cs.LG 2312.10561
cs.LG 2312.10567
cs.LG 2312.10568
cs.LG 2312.10571
cs.LG 2312.10573
cs.LG 2312.10578
cs.LG 2312.10580
cs.LG 2312.10585
cs.LG 2312.10589
cs.LG 2312.10617
cs.LG 2312.10618
cs.LG 2312.10626
cs.LG 2312.10634
cs.LG 2312.10666
cs.LG 2312.10700
cs.LG 2312.10707
cs.LG 2312.10746
cs.LG 2312.10747
cs.LG 2312.10756
cs.LG 2312.10787
cs.LG 2312.10795
cs.LG 2312.10801
cs.LG 2312.10809
cs.LG 2312.10813
cs.LG 2312.10825
cs.LG 2312.10842
cs.LG 2312.10854
cs.LG 2312.10884
cs.LG 2312.10894
cs.LG 2312.10897
cs.LG 2312.10933
cs.LG 2312.10935
cs.LG 2312.10937
cs.LG 2312.10942
cs.LG 2312.10945
cs.LG 2312.10949
cs.LG 2312.10996
cs.LG 2312.11038
cs.LG 2312.11050
cs.LG 2312.11063
cs.LG 2312.11118
cs.LG 2312.11123
cs.LG 2312.11126
cs.LG 2312.11138
cs.LG 2312.11158
cs.LG 2312.11166
cs.LG 2312.11169
cs.LG 2312.11230
cs.LG 2312.11269
cs.LG 2312.11315
cs.LG 2312.11337
cs.LG 2312.11348
cs.LG 2312.11356
cs.LG 2312.11391
cs.LG 2312.11405
cs.LG 2312.11410
cs.LG 2312.11425
cs.LG 2312.11436
cs.LG 2312.11460
cs.LG 2312.11461
cs.LG 2312.10042
cs.LG 2312.10100
cs.LG 2312.10107
cs.LG 2312.10116
cs.LG 2312.10144
cs.LG 2312.10153
cs.LG 2312.10179
cs.LG 2312.10181
cs.LG 2312.10185
cs.LG 2312.10188
cs.LG 2312.10193
cs.LG 2312.10194
cs.LG 2312.10212
cs.LG 2312.10235
cs.LG 2312.10237
cs.LG 2312.10238
cs.LG 2312.10257
cs.LG 2312.10259
cs.LG 2312.10266
cs.LG 2312.10274
cs.LG 2312.10276
cs.LG 2312.10289
cs.LG 2312.10293
cs.LG 2312.10303
cs.LG 2312.10308
cs.LG 2312.10310
cs.LG 2312.10312
cs.LG 2312.10317
cs.LG 2312.10324
cs.LG 2312.10325
cs.LG 2312.10336
cs.LG 2312.10359
cs.LG 2312.10374
cs.LG 2312.10375
cs.LG 2312.10380
cs.LG 2312.10385
cs.LG 2312.10386
cs.LG 2312.10393
cs.LG 2312.10396
cs.LG 2312.10401
cs.LG 2312.10411
cs.LG 2312.10418
cs.LG 2312.10423
cs.LG 2312.10424
cs.LG 2312.10425
cs.LG 2312.10431
cs.LG 2312.10440
cs.LG 2312.10458
cs.LG 2312.10464
cs.LG 2312.10467
cs.LG 2312.10469
cs.LG 2312.10472
cs.LG 2312.10494
cs.LG 2312.10508
cs.LG 2312.10527
cs.LG 2312.10534
cs.LG 2312.10549
cs.LG 2312.10550
cs.LG 2312.10553
cs.LG 2312.10556
cs.LG 2312.10560
cs.LG 2312.10569
cs.LG 2312.10570
cs.LG 2312.10584
cs.LG 2312.10587
cs.LG 2312.10602
cs.LG 2312.10603
cs.LG 2312.10642
cs.LG 2312.10648
cs.LG 2312.10672
cs.LG 2312.10693
cs.LG 2312.10694
cs.LG 2312.10702
cs.LG 2312.10705
cs.LG 2312.10708
cs.LG 2312.10725
cs.LG 2312.10770
cs.LG 2312.10794
cs.LG 2312.10802
cs.LG 2312.10808
cs.LG 2312.10812
cs.LG 2312.10815
cs.LG 2312.10817
cs.LG 2312.10841
cs.LG 2312.10858
cs.LG 2312.10879
cs.LG 2312.10900
cs.LG 2312.10903
cs.LG 2312.10905
cs.LG 2312.10911
cs.LG 2312.10913
cs.LG 2312.10917
cs.LG 2312.10920
cs.LG 2312.10943
cs.LG 2312.10968
cs.LG 2312.10975
cs.LG 2312.10977
cs.LG 2312.10984
cs.LG 2312.10988
cs.LG 2312.11001
cs.LG 2312.11026
cs.LG 2312.11034
cs.LG 2312.11091
cs.LG 2312.11097
cs.LG 2312.11109
cs.LG 2312.11157
cs.LG 2312.11176
cs.LG 2312.11198
cs.LG 2312.11214
cs.LG 2312.11220
cs.LG 2312.11227
cs.LG 2312.11299
cs.LG 2312.11314
cs.LG 2312.11318
cs.LG 2312.11323
cs.LG 2312.11324
cs.LG 2312.11331
cs.LG 2312.11355
cs.LG 2312.11363
cs.LG 2312.11385
cs.LG 2312.11413
cs.LG 2312.11441
cs.LG 2312.11456
cs.LG 2312.11462
cs.LG 2312.11467
cs.LG 2312.11473
cs.LG 2312.11476
cs.LG 2312.11480
cs.LG 2312.11486
cs.LG 2312.11487
cs.LG 2312.11489
cs.LG 2312.11502
cs.LG 2312.11504
cs.LG 2312.11507
cs.LG 2312.11509
cs.LG 2312.11510
cs.LG 2312.11511
cs.LG 2312.11513
cs.LG 2312.11514
cs.LG 2312.11517
cs.LG 2312.11522
cs.LG 2312.11529
cs.LG 2312.11530
cs.LG 2312.11531
cs.LG 2312.11532
cs.LG 2312.11534
cs.LG 2312.11539
cs.LG 2312.11545
cs.LG 2312.11547
cs.LG 2312.11550
cs.LG 2312.11553
cs.LG 2312.11559
cs.LG 2312.11562
cs.LG 2312.11563
cs.LG 2312.11571
cs.LG 2312.11572
cs.LG 2312.11581
cs.LG 2312.11584
cs.LG 2312.11598
cs.LG 2312.11629
cs.LG 2312.11671
cs.LG 2312.11703
cs.LG 2312.11708
cs.LG 2312.11712
cs.LG 2312.11718
cs.LG 2312.11742
cs.LG 2312.11754
cs.LG 2312.11768
cs.LG 2312.11779
cs.LG 2312.11797
cs.LG 2312.11801
cs.LG 2312.11818
cs.LG 2312.11822
cs.LG 2312.11834
cs.LG 2312.11861
cs.LG 2312.11880
cs.LG 2312.11882
cs.LG 2312.11891
cs.LG 2312.11894
cs.LG 2312.11903
cs.LG 2312.11905
cs.LG 2312.11929
cs.LG 2312.11973
cs.LG 2312.12003
cs.LG 2312.12009
cs.LG 2312.12022
cs.LG 2312.12028
cs.LG 2312.12049
cs.LG 2312.12067
cs.LG 2312.12068
cs.LG 2312.12102
cs.LG 2312.12113
cs.LG 2312.12133
cs.LG 2312.12135
cs.LG 2312.12141
cs.LG 2312.12223
cs.LG 2312.12230
cs.LG 2312.12246
cs.LG 2312.12315
cs.LG 2312.12321
cs.LG 2312.12337
cs.LG 2312.12345
cs.LG 2312.12357
cs.LG 2312.12385
cs.LG 2312.12414
cs.LG 2312.12416
cs.LG 2312.12430
cs.LG 2312.12433
cs.LG 2312.11466
cs.LG 2312.11475
cs.LG 2312.11536
cs.LG 2312.11540
cs.LG 2312.11549
cs.LG 2312.11551
cs.LG 2312.11560
cs.LG 2312.11561
cs.LG 2312.11566
cs.LG 2312.11573
cs.LG 2312.11582
cs.LG 2312.11583
cs.LG 2312.11663
cs.LG 2312.11669
cs.LG 2312.11707
cs.LG 2312.11714
cs.LG 2312.11730
cs.LG 2312.11735
cs.LG 2312.11747
cs.LG 2312.11752
cs.LG 2312.11769
cs.LG 2312.11788
cs.LG 2312.11819
cs.LG 2312.11831
cs.LG 2312.11832
cs.LG 2312.11835
cs.LG 2312.11846
cs.LG 2312.11858
cs.LG 2312.11862
cs.LG 2312.11863
cs.LG 2312.11875
cs.LG 2312.11898
cs.LG 2312.11918
cs.LG 2312.11926
cs.LG 2312.11927
cs.LG 2312.11933
cs.LG 2312.11934
cs.LG 2312.11939
cs.LG 2312.11952
cs.LG 2312.11969
cs.LG 2312.11976
cs.LG 2312.12044
cs.LG 2312.12050
cs.LG 2312.12065
cs.LG 2312.12112
cs.LG 2312.12115
cs.LG 2312.12123
cs.LG 2312.12137
cs.LG 2312.12145
cs.LG 2312.12183
cs.LG 2312.12190
cs.LG 2312.12191
cs.LG 2312.12193
cs.LG 2312.12206
cs.LG 2312.12216
cs.LG 2312.12226
cs.LG 2312.12236
cs.LG 2312.12237
cs.LG 2312.12255
cs.LG 2312.12258
cs.LG 2312.12275
cs.LG 2312.12276
cs.LG 2312.12318
cs.LG 2312.12339
cs.LG 2312.12369
cs.LG 2312.12391
cs.LG 2312.12400
cs.LG 2312.12411
cs.LG 2312.12417
cs.LG 1012.5754
cs.LG 1210.1161
cs.LG 2312.12441
cs.LG 2312.12443
cs.LG 2312.12450
cs.LG 2312.12453
cs.LG 2312.12455
cs.LG 2312.12457
cs.LG 2312.12460
cs.LG 2312.12462
cs.LG 2312.12476
cs.LG 2312.12482
cs.LG 2312.12484
cs.LG 2312.12485
cs.LG 2312.12490
cs.LG 2312.12491
cs.LG 2312.12492
cs.LG 2312.12583
cs.LG 2312.12599
cs.LG 2312.12604
cs.LG 2312.12610
cs.LG 2312.12616
cs.LG 2312.12625
cs.LG 2312.12630
cs.LG 2312.12641
cs.LG 2312.12667
cs.LG 2312.12678
cs.LG 2312.12715
cs.LG 2312.12716
cs.LG 2312.12717
cs.LG 2312.12724
cs.LG 2312.12728
cs.LG 2312.12736
cs.LG 2312.12744
cs.LG 2312.12773
cs.LG 2312.12789
cs.LG 2312.12791
cs.LG 2312.12849
cs.LG 2312.12856
cs.LG 2312.12863
cs.LG 2312.12880
cs.LG 2312.12903
cs.LG 2312.12909
cs.LG 2312.12973
cs.LG 2312.12977
cs.LG 2312.13008
cs.LG 2312.13033
cs.LG 2312.13035
cs.LG 2312.13091
cs.LG 2312.13119
cs.LG 2312.13130
cs.LG 2312.13136
cs.LG 2312.13143
cs.LG 2312.13185
cs.LG 2312.13212
cs.LG 2312.13250
cs.LG 2312.13253
cs.LG 2312.13259
cs.LG 2312.13264
cs.LG 2312.12456
cs.LG 2312.12459
cs.LG 2312.12461
cs.LG 2312.12464
cs.LG 2312.12467
cs.LG 2312.12469
cs.LG 2312.12472
cs.LG 2312.12474
cs.LG 2312.12475
cs.LG 2312.12477
cs.LG 2312.12483
cs.LG 2312.12487
cs.LG 2312.12488
cs.LG 2312.12489
cs.LG 2312.12541
cs.LG 2312.12558
cs.LG 2312.12560
cs.LG 2312.12564
cs.LG 2312.12574
cs.LG 2312.12578
cs.LG 2312.12585
cs.LG 2312.12597
cs.LG 2312.12606
cs.LG 2312.12608
cs.LG 2312.12633
cs.LG 2312.12648
cs.LG 2312.12655
cs.LG 2312.12657
cs.LG 2312.12666
cs.LG 2312.12668
cs.LG 2312.12670
cs.LG 2312.12676
cs.LG 2312.12679
cs.LG 2312.12691
cs.LG 2312.12697
cs.LG 2312.12703
cs.LG 2312.12731
cs.LG 2312.12737
cs.LG 2312.12741
cs.LG 2312.12747
cs.LG 2312.12781
cs.LG 2312.12784
cs.LG 2312.12794
cs.LG 2312.12835
cs.LG 2312.12838
cs.LG 2312.12839
cs.LG 2312.12844
cs.LG 2312.12869
cs.LG 2312.12871
cs.LG 2312.12878
cs.LG 2312.12882
cs.LG 2312.12904
cs.LG 2312.12934
cs.LG 2312.12937
cs.LG 2312.12945
cs.LG 2312.12946
cs.LG 2312.12972
cs.LG 2312.12989
cs.LG 2312.13027
cs.LG 2312.13031
cs.LG 2312.13032
cs.LG 2312.13038
cs.LG 2312.13068
cs.LG 2312.13084
cs.LG 2312.13110
cs.LG 2312.13118
cs.LG 2312.13131
cs.LG 2312.13141
cs.LG 2312.13152
cs.LG 2312.13155
cs.LG 2312.13173
cs.LG 2312.13218
cs.LG 2312.13234
cs.LG 2312.13236
cs.LG 2312.13247
cs.LG 2312.13289
cs.LG 2312.13302
cs.LG 2312.13314
cs.LG 2312.13318
cs.LG 2312.13322
cs.LG 2312.13385
cs.LG 2312.13389
cs.LG 2312.13397
cs.LG 2312.13422
cs.LG 2312.13426
cs.LG 2312.13438
cs.LG 2312.13451
cs.LG 2312.13469
cs.LG 2312.13473
cs.LG 2312.13484
cs.LG 2312.13519
cs.LG 2312.13530
cs.LG 2312.13575
cs.LG 2312.13630
cs.LG 2312.13650
cs.LG 2312.13671
cs.LG 2312.13677
cs.LG 2312.13704
cs.LG 2312.13754
cs.LG 2312.13763
cs.LG 2312.13764
cs.LG 2312.13772
cs.LG 2312.13783
cs.LG 2312.13807
cs.LG 2312.13839
cs.LG 2312.13868
cs.LG 2312.13875
cs.LG 2312.13905
cs.LG 2312.13906
cs.LG 2312.13910
cs.LG 2312.13931
cs.LG 2312.13933
cs.LG 2312.13944
cs.LG 2312.13947
cs.LG 2312.13985
cs.LG 2312.13987
cs.LG 2312.14020
cs.LG 2312.14021
cs.LG 2312.14027
cs.LG 2312.14037
cs.LG 2312.14050
cs.LG 2312.14057
cs.LG 2312.14078
cs.LG 2312.14095
cs.LG 2312.14106
cs.LG 2312.14136
cs.LG 2312.14141
cs.LG 2312.13301
cs.LG 2312.13303
cs.LG 2312.13306
cs.LG 2312.13307
cs.LG 2312.13311
cs.LG 2312.13312
cs.LG 2312.13327
cs.LG 2312.13334
cs.LG 2312.13379
cs.LG 2312.13380
cs.LG 2312.13403
cs.LG 2312.13437
cs.LG 2312.13454
cs.LG 2312.13455
cs.LG 2312.13480
cs.LG 2312.13486
cs.LG 2312.13508
cs.LG 2312.13511
cs.LG 2312.13536
cs.LG 2312.13555
cs.LG 2312.13558
cs.LG 2312.13565
cs.LG 2312.13583
cs.LG 2312.13584
cs.LG 2312.13596
cs.LG 2312.13602
cs.LG 2312.13611
cs.LG 2312.13614
cs.LG 2312.13616
cs.LG 2312.13628
cs.LG 2312.13632
cs.LG 2312.13699
cs.LG 2312.13711
cs.LG 2312.13716
cs.LG 2312.13795
cs.LG 2312.13842
cs.LG 2312.13863
cs.LG 2312.13876
cs.LG 2312.13896
cs.LG 2312.13923
cs.LG 2312.13927
cs.LG 2312.13970
cs.LG 2312.13978
cs.LG 2312.14000
cs.LG 2312.14066
cs.LG 2312.14129
cs.LG 2312.14134
cs.CR 2312.09481
cs.CR 2312.09520
cs.CR 2312.09533
cs.CR 2312.09651
cs.CR 2312.09935
cs.CR 2312.09321
cs.CR 2312.09336
cs.CR 2312.09383
cs.CR 2312.09494
cs.CR 2312.09535
cs.CR 2312.09601
cs.CR 2312.09636
cs.CR 2312.09650
cs.CR 2312.09660
cs.CR 2312.09665
cs.CR 2312.09669
cs.CR 2312.09770
cs.CR 2312.09816
cs.CR 2312.09870
cs.CR 2312.09956
cs.CR 2312.10132
cs.CR 2312.10156
cs.CR 2312.10196
cs.CR 2312.10411
cs.CR 2312.10534
cs.CR 2312.10943
cs.CR 2312.11013
cs.CR 2312.11026
cs.CR 2312.11029
cs.CR 2312.11126
cs.CR 2312.11220
cs.CR 2312.11283
cs.CR 2312.10128
cs.CR 2312.10214
cs.CR 2312.10247
cs.CR 2312.10273
cs.CR 2312.10430
cs.CR 2312.10441
cs.CR 2312.10445
cs.CR 2312.10578
cs.CR 2312.10593
cs.CR 2312.10657
cs.CR 2312.10669
cs.CR 2312.10698
cs.CR 2312.10766
cs.CR 2312.10789
cs.CR 2312.10863
cs.CR 2312.10982
cs.CR 2312.11057
cs.CR 2312.11080
cs.CR 2312.11094
cs.CR 2312.11213
cs.CR 2312.11225
cs.CR 2312.11292
cs.CR 2312.11301
cs.CR 2312.11564
cs.CR 2312.11572
cs.CR 2312.12183
cs.CR 2312.12190
cs.CR 2312.12216
cs.CR 2312.12268
cs.CR 2312.11500
cs.CR 2312.11501
cs.CR 2312.11510
cs.CR 2312.11513
cs.CR 2312.11533
cs.CR 2312.11534
cs.CR 2312.11550
cs.CR 2312.11559
cs.CR 2312.11571
cs.CR 2312.11575
cs.CR 2312.11581
cs.CR 2312.11658
cs.CR 2312.11712
cs.CR 2312.11796
cs.CR 2312.11845
cs.CR 2312.12049
cs.CR 2312.12075
cs.CR 2312.12131
cs.CR 2312.12161
cs.CR 2312.12321
cs.CR 2312.12381
cs.CR 2312.12422
cs.CR 2312.12488
cs.CR 2312.12585
cs.CR 2312.12608
cs.CR 2312.13031
cs.CR 2312.13053
cs.CR 2312.13118
cs.CR 2312.13131
cs.CR 2312.13132
cs.CR 2312.13274
cs.CR 2312.12484
cs.CR 2312.12544
cs.CR 2312.12573
cs.CR 2312.12575
cs.CR 2312.12654
cs.CR 2312.12667
cs.CR 2312.12724
cs.CR 2312.12879
cs.CR 2312.12925
cs.CR 2312.12938
cs.CR 2312.12958
cs.CR 2312.13041
cs.CR 2312.13119
cs.CR 2312.13189
cs.CR 2312.13190
cs.CR 2312.13306
cs.CR 2312.13312
cs.CR 2312.13334
cs.CR 2312.13435
cs.CR 2312.13561
cs.CR 2312.13711
cs.CR 2312.13863
cs.CR 2312.13884
cs.CR 2312.13993
cs.CR 2312.14001
cs.CR 2312.13476
cs.CR 2312.13519
cs.CR 2312.13530
cs.CR 2312.13697
cs.CR 2312.13704
cs.CR 2312.13705
cs.CR 2312.13712
cs.CR 2312.13737
cs.CR 2312.13967
cs.CR 2312.13985
cs.CR 2312.14028
cs.CR 2312.14038
cs.CL 2312.09265
cs.CL 2312.09299
cs.CL 2312.09304
cs.CL 2312.09411
cs.CL 2312.09430
cs.CL 2312.09494
cs.CL 2312.09508
cs.CL 2312.09572
cs.CL 2312.09601
cs.CL 2312.09625
cs.CL 2312.09300
cs.CL 2312.09366
cs.CL 2312.09390
cs.CL 2312.09424
cs.CL 2312.09451
cs.CL 2312.09457
cs.CL 2312.09463
cs.CL 2312.09469
cs.CL 2312.09536
cs.CL 2312.09541
cs.CL 2312.09542
cs.CL 2312.09545
cs.CL 2312.09571
cs.CL 2312.09582
cs.CL 2312.09583
cs.CL 2312.09670
cs.CL 2312.09718
cs.CL 2312.09736
cs.CL 2312.09781
cs.CL 2312.09785
cs.CL 2312.09801
cs.CL 2312.09806
cs.CL 2312.09818
cs.CL 2312.09890
cs.CL 2312.09895
cs.CL 2312.09907
cs.CL 2312.09917
cs.CL 2312.09932
cs.CL 2312.09966
cs.CL 2312.09979
cs.CL 2312.09993
cs.CL 2312.10003
cs.CL 2312.10007
cs.CL 2311.06330
cs.CL 2312.10078
cs.CL 2312.10091
cs.CL 2312.10101
cs.CL 2312.10104
cs.CL 2312.10185
cs.CL 2312.10259
cs.CL 2312.10321
cs.CL 2312.10329
cs.CL 2312.10375
cs.CL 2312.10448
cs.CL 2312.10580
cs.CL 2312.10626
cs.CL 2312.10665
cs.CL 2312.10741
cs.CL 2312.10770
cs.CL 2312.10813
cs.CL 2312.10905
cs.CL 2312.10945
cs.CL 2312.10959
cs.CL 2312.11036
cs.CL 2312.11111
cs.CL 2312.11441
cs.CL 2312.11462
cs.CL 2312.10048
cs.CL 2312.10075
cs.CL 2312.10097
cs.CL 2312.10126
cs.CL 2312.10160
cs.CL 2312.10169
cs.CL 2312.10171
cs.CL 2312.10202
cs.CL 2312.10210
cs.CL 2312.10253
cs.CL 2312.10302
cs.CL 2312.10323
cs.CL 2312.10355
cs.CL 2312.10358
cs.CL 2312.10371
cs.CL 2312.10432
cs.CL 2312.10466
cs.CL 2312.10479
cs.CL 2312.10493
cs.CL 2312.10523
cs.CL 2312.10528
cs.CL 2312.10536
cs.CL 2312.10579
cs.CL 2312.10610
cs.CL 2312.10617
cs.CL 2312.10638
cs.CL 2312.10645
cs.CL 2312.10652
cs.CL 2312.10679
cs.CL 2312.10700
cs.CL 2312.10730
cs.CL 2312.10746
cs.CL 2312.10748
cs.CL 2312.10750
cs.CL 2312.10771
cs.CL 2312.10793
cs.CL 2312.10897
cs.CL 2312.10952
cs.CL 2312.10961
cs.CL 2312.10964
cs.CL 2312.10967
cs.CL 2312.10987
cs.CL 2312.10997
cs.CL 2312.11011
cs.CL 2312.11020
cs.CL 2312.11043
cs.CL 2312.11062
cs.CL 2312.11069
cs.CL 2312.11075
cs.CL 2312.11135
cs.CL 2312.11142
cs.CL 2312.11152
cs.CL 2312.11193
cs.CL 2312.11242
cs.CL 2312.11272
cs.CL 2312.11276
cs.CL 2312.11282
cs.CL 2312.11296
cs.CL 2312.11312
cs.NI 2312.09467
cs.CL 2312.11344
cs.NI 2312.09650
cs.CL 2312.11345
cs.NI 2312.09660
cs.CL 2312.11356
cs.NI 2312.09953
cs.CL 2312.11361
cs.NI 2312.09295
cs.CL 2312.11370
cs.NI 2312.09355
cs.CL 2312.11395
cs.NI 2312.09544
cs.CL 2312.11399
cs.NI 2312.09711
cs.CL 2312.11420
cs.NI 2312.09921
cs.CL 2312.11444
cs.NI 2312.09957
cs.CL 2312.11539
cs.NI 2312.10027
cs.CL 2312.11541
cs.NI 2312.10418
cs.CL 2312.11553
cs.NI 2312.10547
cs.CL 2312.11556
cs.NI 2312.11029
cs.CL 2312.11562
cs.NI 2312.11363
cs.CL 2312.11563
cs.NI 2312.10294
cs.CL 2312.11681
cs.NI 2312.10356
cs.CL 2312.11701
cs.NI 2312.10512
cs.CL 2312.11819
cs.CL 2312.11875
cs.NI 2312.10631
cs.CL 2312.11895
cs.NI 2312.10888
cs.CL 2312.11970
cs.NI 2312.11005
cs.CL 2312.12241
cs.NI 2312.11110
cs.CL 2312.12321
cs.NI 2312.11160
cs.CL 2312.12383
cs.NI 2312.11187
cs.CL 2312.12430
cs.NI 2312.11519
cs.CL 2312.12436
cs.NI 2312.11520
cs.CL 2312.11502
cs.NI 2312.11742
cs.CL 2312.11503
cs.NI 2312.11725
cs.CL 2312.11504
cs.NI 2312.11790
cs.CL 2312.11508
cs.NI 2312.11871
cs.CL 2312.11509
cs.NI 2312.11905
cs.CL 2312.11511
cs.NI 2312.11958
cs.CL 2312.11514
cs.NI 2312.12063
cs.CL 2312.11517
cs.NI 2312.12973
cs.CL 2312.11518
cs.NI 2312.12589
cs.CL 2312.11521
cs.NI 2312.12642
cs.CL 2312.11523
cs.NI 2312.12809
cs.CL 2312.11524
cs.NI 2312.12940
cs.CL 2312.11532
cs.NI 2310.19459
cs.CL 2312.11554
cs.NI 2310.19461
cs.CL 2312.11572
cs.NI 2311.14349
cs.CL 2312.11671
cs.NI 2312.13470
cs.CL 2312.11703
cs.NI 2312.13611
cs.CL 2312.11720
cs.NI 2312.13884
cs.CL 2312.11779
cs.NI 2312.13592
cs.CL 2312.11785
cs.NI 2312.13649
cs.CL 2312.11792
cs.NI 2312.13662
cs.CL 2312.11795
cs.NI 2312.13768
cs.CL 2312.11803
cs.NI 2312.13931
cs.CL 2312.11805
cs.NI 2312.13969
cs.CL 2312.11828
cs.NI 2312.13981
cs.CL 2312.11852
cs.NI 2312.14059
cs.CL 2312.11870
cs.NI 2312.14072
cs.CL 2312.11881
cs.CL 2312.11882
cs.CL 2312.11890
cs.CL 2312.11920
cs.CL 2312.11922
cs.CL 2312.11945
cs.CL 2312.11947
cs.CL 2312.11983
cs.CL 2312.11985
cs.CL 2312.11997
cs.CL 2312.12006
cs.CL 2312.12009
cs.CL 2312.12021
cs.CL 2312.12037
cs.CL 2312.12108
cs.CL 2312.12141
cs.CL 2312.12148
cs.CL 2312.12253
cs.CL 2312.12269
cs.CL 2312.12299
cs.CL 2312.12334
cs.CL 2312.12343
cs.CL 2312.12364
cs.CL 2312.12464
cs.CL 2312.12466
cs.CL 2312.12634
cs.CL 2312.12655
cs.CL 2312.12716
cs.CL 2312.12747
cs.CL 2312.12754
cs.CL 2312.12764
cs.CL 2312.12773
cs.CL 2312.12783
cs.CL 2312.12815
cs.CL 2312.12881
cs.CL 2312.12989
cs.CL 2312.13026
cs.CL 2312.13119
cs.CL 2312.13219
cs.CL 2312.12458
cs.CL 2312.12588
cs.CL 2312.12624
cs.CL 2312.12660
cs.CL 2312.12681
cs.CL 2312.12682
cs.CL 2312.12683
cs.CL 2312.12713
cs.CL 2312.12736
cs.CL 2312.12740
cs.CL 2312.12746
cs.CL 2312.12806
cs.CL 2312.12808
cs.CL 2312.12832
cs.CL 2312.12850
cs.CL 2312.12852
cs.CL 2312.12853
cs.CL 2312.12918
cs.CL 2312.12999
cs.CL 2312.13010
cs.CL 2312.13040
cs.CL 2312.13096
cs.CL 2312.13103
cs.CL 2312.13179
cs.CL 2312.13193
cs.CL 2312.13208
cs.CL 2312.13211
cs.CL 2312.13264
cs.CL 2310.11010
cs.CL 2312.13423
cs.CL 2312.13437
cs.CL 2312.13558
cs.CL 2312.13614
cs.CL 2312.13655
cs.CL 2312.13764
cs.CL 2312.13866
cs.CL 2312.13876
cs.CL 2312.13905
cs.CL 2312.13382
cs.CL 2312.13401
cs.CL 2312.13495
cs.CL 2312.13533
cs.CL 2312.13545
cs.CL 2312.13547
cs.CL 2312.13585
cs.CL 2312.13594
cs.CL 2312.13608
cs.CL 2312.13671
cs.CL 2312.13694
cs.CL 2312.13766
cs.CL 2312.13772
cs.CL 2312.13816
cs.CL 2312.13871
cs.CL 2312.13881
cs.CL 2312.13933
cs.CL 2312.13951
cs.CL 2312.13961
cs.CL 2312.14033
cs.CL 2312.14069
stat.TH 2312.09796
stat.TH 2312.09344
stat.TH 2312.09356
stat.TH 2312.09586
stat.TH 2312.09862
stat.TH 2312.09930
stat.TH 2312.10010
stat.TH 2312.10143
stat.TH 2312.10383
stat.TH 2312.10433
stat.TH 2312.10563
stat.TH 2312.10607
stat.TH 2312.10796
stat.TH 2312.10875
stat.TH 2312.11137
stat.TH 2312.10499
stat.TH 2312.10598
stat.TH 2312.10710
stat.TH 2312.10870
stat.TH 2312.11108
stat.TH 2312.11378
stat.TH 2312.11437
stat.TH 2312.11769
stat.TH 2312.12236
stat.TH 2312.12323
stat.TH 2312.12407
stat.TH 2312.11737
stat.TH 2312.12149
stat.TH 2312.12641
stat.TH 2312.12741
stat.TH 2312.12708
stat.TH 2312.12782
stat.TH 2312.13254
stat.TH 2312.13257
stat.TH 2312.13643
stat.TH 2312.13842
stat.TH 2312.14057
stat.TH 2312.14086
stat.TH 2312.13387
stat.TH 2312.13619
stat.TH 2312.14073
stat.TH 2312.14130
cs.RO 2312.09337
cs.RO 2312.09439
cs.RO 2312.09538
cs.RO 2312.09565
cs.RO 2312.09676
cs.RO 2312.09688
cs.RO 2312.09750
cs.RO 2312.09800
cs.RO 2312.09302
cs.RO 2312.09348
cs.RO 2312.09394
cs.RO 2312.09434
cs.RO 2312.09436
cs.RO 2312.09455
cs.RO 2312.09466
cs.RO 2312.09468
cs.RO 2312.09517
cs.RO 2312.09588
cs.RO 2312.09628
cs.RO 2312.09730
cs.RO 2312.09734
cs.RO 2312.09740
cs.RO 2312.09757
cs.RO 2312.09786
cs.RO 2312.09822
cs.RO 2312.09846
cs.RO 2312.09863
cs.RO 2312.09906
cs.RO 2312.10008
cs.RO 2312.10042
cs.RO 2312.10070
cs.RO 2312.10655
cs.RO 2312.10737
cs.RO 2312.10986
cs.RO 2312.11051
cs.RO 2312.11306
cs.RO 2312.11357
cs.RO 2312.11451
cs.RO 2312.10041
cs.RO 2312.10069
cs.RO 2312.10155
cs.RO 2312.10309
cs.RO 2312.10328
cs.RO 2312.10339
cs.RO 2312.10395
cs.RO 2312.10419
cs.RO 2312.10525
cs.RO 2312.10557
cs.RO 2312.10571
cs.RO 2312.10647
cs.RO 2312.10666
cs.RO 2312.10788
cs.RO 2312.10797
cs.RO 2312.10807
cs.RO 2312.10880
cs.RO 2312.10887
cs.RO 2312.10918
cs.RO 2312.10932
cs.RO 2312.10941
cs.RO 2312.10946
cs.RO 2312.11019
cs.RO 2312.11025
cs.RO 2312.11032
cs.RO 2312.11084
cs.RO 2312.11099
cs.RO 2312.11163
cs.RO 2312.11194
cs.RO 2312.11207
cs.RO 2312.11243
cs.RO 2312.11311
cs.RO 2312.11374
cs.RO 2312.11383
cs.RO 2312.11384
cs.RO 2312.11401
cs.RO 2312.11424
cs.RO 2312.11460
cs.RO 2312.11492
cs.RO 2312.11600
cs.RO 2312.11911
cs.RO 2312.12064
cs.RO 2312.12262
cs.RO 2312.12339
cs.RO 2312.11598
cs.RO 2312.11713
cs.RO 2312.11791
cs.RO 2312.11802
cs.RO 2312.11804
cs.RO 2312.11843
cs.RO 2312.11866
cs.RO 2312.11868
cs.RO 2312.11930
cs.RO 2312.12036
cs.RO 2312.12121
cs.RO 2312.12204
cs.RO 2312.12295
cs.RO 2312.12312
cs.RO 2312.12333
cs.RO 2312.12345
cs.RO 2312.12444
cs.RO 2312.12634
cs.RO 2312.12680
cs.RO 2312.12566
cs.RO 2312.12583
cs.RO 2312.12586
cs.RO 2312.12637
cs.RO 2312.12639
cs.RO 2312.12675
cs.RO 2312.12772
cs.RO 2312.12791
cs.RO 2312.12861
cs.RO 2312.13009
cs.RO 2312.13015
cs.RO 2312.13076
cs.RO 2312.13086
cs.RO 2312.13139
cs.RO 2312.13162
cs.RO 2312.13182
cs.RO 2312.13219
cs.RO 2312.13228
cs.RO 2312.13279
cs.RO 2312.13472
cs.RO 2312.13816
cs.RO 2312.13863
cs.RO 2312.13925
cs.RO 2312.14134
cs.RO 2312.13385
cs.RO 2312.13410
cs.RO 2312.13469
cs.RO 2312.13623
cs.RO 2312.13655
cs.RO 2312.13715
cs.RO 2312.13765
cs.RO 2312.13788
cs.RO 2312.13802
cs.RO 2312.13891
cs.RO 2312.13905
cs.RO 2312.13906
cs.RO 2312.13910
cs.RO 2312.13987
cs.RO 2312.14035
cs.RO 2312.14115
math.DS 2312.09706
math.DS 2312.09941
math.DS 2312.10203
math.DS 2312.10255
math.DS 2312.10268
math.DS 2312.10511
math.DS 2312.10772
math.DS 2312.10794
math.DS 2312.10929
math.DS 2312.11061
math.DS 2312.11179
math.DS 2312.11317
math.DS 2312.11445
math.DS 2312.10243
math.DS 2312.10460
math.DS 2312.10533
math.DS 2312.10720
math.DS 2312.10761
math.DS 2312.10906
math.DS 2312.11000
math.DS 2312.11052
math.DS 2312.11164
math.DS 2312.11308
math.DS 2312.11656
math.DS 2312.11830
math.DS 2312.11839
math.DS 2312.11943
math.DS 2312.12113
math.DS 2312.12152
math.DS 2312.12308
math.DS 2312.11483
math.DS 2312.11726
math.DS 2312.11783
math.DS 2312.11869
math.DS 2312.12083
math.DS 2312.12126
math.DS 2312.12166
math.DS 2312.12171
math.DS 2312.12277
math.DS 2312.12331
math.DS 2312.12406
math.DS 2312.12611
math.DS 2312.12903
math.DS 2312.13215
math.DS 2312.13247
math.DS 2312.12562
math.DS 2312.12630
math.DS 2312.12761
math.DS 2312.12897
math.DS 2312.13054
math.DS 2312.13138
math.DS 2312.13153
math.DS 2312.13165
math.DS 2312.13177
math.DS 2312.13292
math.DS 2312.13426
math.DS 2312.13477
math.DS 2312.13496
math.DS 2312.13971
math.DS 2312.13819
math.DS 2312.13840
math.DS 2312.13988
math.DS 2312.14100
eess.IV 2312.09259
eess.IV 2312.09496
eess.IV 2312.09955
eess.IV 2312.10018
eess.IV 2312.09266
eess.IV 2312.09488
eess.IV 2312.09506
eess.IV 2312.09509
eess.IV 2312.09529
eess.IV 2312.09551
eess.IV 2312.09576
eess.IV 2312.09719
eess.IV 2312.09754
eess.IV 2312.09799
eess.IV 2312.09854
eess.IV 2312.09899
eess.IV 2312.09988
eess.IV 2312.10112
eess.IV 2312.10191
eess.IV 2312.10798
eess.IV 2312.10922
eess.IV 2312.10271
eess.IV 2312.10483
eess.IV 2312.10567
eess.IV 2312.10585
eess.IV 2312.10696
eess.IV 2312.10716
eess.IV 2312.10892
eess.IV 2312.10978
eess.IV 2312.11209
eess.IV 2312.11232
eess.IV 2312.11470
eess.IV 2312.11480
eess.IV 2312.11536
eess.IV 2312.11770
eess.IV 2312.12143
eess.IV 2312.11467
eess.IV 2312.11580
eess.IV 2312.11748
eess.IV 2312.11775
eess.IV 2312.12023
eess.IV 2312.12066
eess.IV 2312.12135
eess.IV 2312.12150
eess.IV 2312.12151
eess.IV 2312.12189
eess.IV 2312.12317
eess.IV 2312.12581
eess.IV 2312.12652
eess.IV 2312.12961
eess.IV 2312.12599
eess.IV 2312.12644
eess.IV 2312.12649
eess.IV 2312.12653
eess.IV 2312.12789
eess.IV 2312.12824
eess.IV 2312.12833
eess.IV 2312.12876
eess.IV 2312.12880
eess.IV 2312.12990
eess.IV 2312.13127
eess.IV 2312.13220
eess.IV 2312.13311
eess.IV 2312.13523
eess.IV 2312.13620
eess.IV 2312.13976
eess.IV 2312.14021
eess.IV 2312.13304
eess.IV 2312.13310
eess.IV 2312.13313
eess.IV 2312.13319
eess.IV 2312.13333
eess.IV 2312.13422
eess.IV 2312.13534
eess.IV 2312.13752
eess.IV 2312.13947
eess.AS 2312.09259
eess.AS 2312.09265
eess.AS 2312.09269
eess.AS 2312.09369
eess.AS 2312.09580
eess.AS 2312.09582
eess.AS 2312.09583
eess.AS 2312.09603
eess.AS 2312.09651
eess.AS 2312.09727
eess.AS 2312.09736
eess.AS 2312.09746
eess.AS 2312.09842
eess.AS 2312.09895
eess.AS 2312.09911
eess.AS 2312.10019
eess.AS 2312.09572
eess.AS 2312.09578
eess.AS 2312.09620
eess.AS 2312.09645
eess.AS 2312.09663
eess.AS 2312.09747
eess.AS 2312.09760
eess.AS 2312.09768
eess.AS 2312.09952
eess.AS 2312.10265
eess.AS 2312.10305
eess.AS 2312.10307
eess.AS 2312.10381
eess.AS 2312.10402
eess.AS 2312.10518
eess.AS 2312.10605
eess.AS 2312.10742
eess.AS 2312.10921
eess.AS 2312.10937
eess.AS 2312.10949
eess.AS 2312.10952
eess.AS 2312.10959
eess.AS 2312.10964
eess.AS 2312.10979
eess.AS 2312.11123
eess.AS 2312.11234
eess.AS 2312.11240
eess.AS 2312.10087
eess.AS 2312.10088
eess.AS 2312.10687
eess.AS 2312.10741
eess.AS 2312.10756
eess.AS 2312.11201
eess.AS 2312.11509
eess.AS 2312.11563
eess.AS 2312.11825
eess.AS 2312.11947
eess.AS 2312.11974
eess.AS 2312.12153
eess.AS 2312.12181
eess.AS 2312.12269
eess.AS 2312.12364
eess.AS 2312.12262
eess.AS 2312.12415
eess.AS 2312.13143
eess.AS 2312.12764
eess.AS 2312.12783
eess.AS 2312.12810
eess.AS 2312.12821
eess.AS 2312.13026
eess.AS 2312.13556
eess.AS 2312.13560
eess.AS 2312.13567
eess.AS 2312.13585
eess.AS 2312.13722
eess.AS 2312.13873
eess.AS 2312.14005
eess.AS 2312.14020
eess.AS 2312.14036
eess.AS 2312.14069
eess.AS 2312.13600
eess.AS 2312.13603
eess.AS 2312.13615
eess.AS 2312.13707
eess.AS 2312.14021
cs.SY 2312.09384
cs.SY 2312.09416
cs.SY 2312.09428
cs.SY 2312.09436
cs.SY 2312.09439
cs.SY 2312.09475
cs.SY 2312.09479
cs.SY 2312.09730
cs.SY 2312.09734
cs.SY 2312.10027
cs.SY 2312.09351
cs.SY 2312.09377
cs.SY 2312.09521
cs.SY 2312.09562
cs.SY 2312.09565
cs.SY 2312.09585
cs.SY 2312.09621
cs.SY 2312.09629
cs.SY 2312.09773
cs.SY 2312.09819
cs.SY 2312.09996
cs.SY 2312.10011
cs.SY 2312.10155
cs.SY 2312.10197
cs.SY 2312.10224
cs.SY 2312.10289
cs.SY 2312.10344
cs.SY 2312.10374
cs.SY 2312.10424
cs.SY 2312.10472
cs.SY 2312.10495
cs.SY 2312.10647
cs.SY 2312.10672
cs.SY 2312.10764
cs.SY 2312.10842
cs.SY 2312.10880
cs.SY 2312.11220
cs.SY 2312.11314
cs.SY 2312.11329
cs.SY 2312.11381
cs.SY 2312.11383
cs.SY 2312.11384
cs.SY 2312.11401
cs.SY 2312.11424
cs.SY 2312.11460
cs.SY 2312.10106
cs.SY 2312.10199
cs.SY 2312.10373
cs.SY 2312.10555
cs.SY 2312.10594
cs.SY 2312.10684
cs.SY 2312.10823
cs.SY 2312.10884
cs.SY 2312.10919
cs.SY 2312.10953
cs.SY 2312.10989
cs.SY 2312.10992
cs.SY 2312.11061
cs.SY 2312.11251
cs.SY 2312.11255
cs.SY 2312.11264
cs.SY 2312.11306
cs.SY 2312.11352
cs.SY 2312.11387
cs.SY 2312.11389
cs.SY 2312.11405
cs.SY 2312.11409
cs.SY 2312.11410
cs.SY 2312.11868
cs.SY 2312.11930
cs.SY 2312.12173
cs.SY 2312.12312
cs.SY 2312.12333
cs.SY 2312.11564
cs.SY 2312.11600
cs.SY 2312.11701
cs.SY 2312.11823
cs.SY 2312.11839
cs.SY 2312.11851
cs.SY 2312.11888
cs.SY 2312.11896
cs.SY 2312.11913
cs.SY 2312.12267
cs.SY 2312.12561
cs.SY 2312.12566
cs.SY 2312.12612
cs.SY 2312.12973
cs.SY 2312.12977
cs.SY 2312.13076
cs.SY 2312.13086
cs.SY 2312.13182
cs.SY 2312.12611
cs.SY 2312.12759
cs.SY 2312.12795
cs.SY 2312.12867
cs.SY 2312.12903
cs.SY 2312.13045
cs.SY 2312.13175
cs.SY 2312.13380
cs.SY 2312.13476
cs.SY 2312.13697
cs.SY 2312.13705
cs.SY 2312.13737
cs.SY 2312.13884
cs.SY 2312.14000
cs.SY 2312.14030
cs.SY 2312.13318
cs.SY 2312.13492
cs.SY 2312.13501
cs.SY 2312.13658
cs.SY 2312.13744
cs.SY 2312.13859
cs.SY 2312.14049
math.OC 2312.09350
math.OC 2312.09444
math.OC 2312.09475
math.OC 2312.09540
math.OC 2312.09310
math.OC 2312.09414
math.OC 2312.09472
math.OC 2312.09616
math.OC 2312.09683
math.OC 2312.09697
math.OC 2312.09789
math.OC 2312.09834
math.OC 2312.09858
math.OC 2312.10199
math.OC 2312.10526
math.OC 2312.10666
math.OC 2312.10672
math.OC 2312.10787
math.OC 2312.10815
math.OC 2312.10884
math.OC 2312.10895
math.OC 2312.10906
math.OC 2312.11264
math.OC 2312.10086
math.OC 2312.10189
math.OC 2312.10197
math.OC 2312.10203
math.OC 2312.10224
math.OC 2312.10283
math.OC 2312.10295
math.OC 2312.10322
math.OC 2312.10330
math.OC 2312.10495
math.OC 2312.10500
math.OC 2312.10503
math.OC 2312.10506
math.OC 2312.10513
math.OC 2312.10581
math.OC 2312.10633
math.OC 2312.10635
math.OC 2312.10670
math.OC 2312.10717
math.OC 2312.10848
math.OC 2312.11022
math.OC 2312.11168
math.OC 2312.11200
math.OC 2312.11221
math.OC 2312.11253
math.OC 2312.11267
math.OC 2312.11317
math.OC 2312.11329
math.OC 2312.11373
math.OC 2312.11381
math.OC 2312.11425
math.OC 2312.11429
math.OC 2312.11788
math.OC 2312.11823
math.OC 2312.11835
math.OC 2312.11839
math.OC 2312.12166
math.OC 2312.12213
math.OC 2312.12267
math.OC 2312.12325
math.OC 2312.11494
math.OC 2312.11745
math.OC 2312.11801
math.OC 2312.11861
math.OC 2312.11893
math.OC 2312.11981
math.OC 2312.12032
math.OC 2312.12156
math.OC 2312.12173
math.OC 2312.12175
math.OC 2312.12192
math.OC 2312.12205
math.OC 2312.12230
math.OC 2312.12305
math.OC 2312.12328
math.OC 2312.12388
math.OC 2312.12558
math.OC 2312.12561
math.OC 2312.12582
math.OC 2312.12657
math.OC 2312.13173
math.OC 2312.12485
math.OC 2312.12663
math.OC 2312.12769
math.OC 2312.13085
math.OC 2312.13128
math.OC 2312.13180
math.OC 2312.13318
math.OC 2312.13527
math.OC 2312.13554
math.OC 2312.13636
math.OC 2312.13654
math.OC 2312.13970
math.OC 2312.14131
math.OC 2312.14141
math.OC 2312.13388
math.OC 2312.13409
math.OC 2312.13472
math.OC 2312.13516
math.OC 2312.13551
math.OC 2312.13607
math.OC 2312.13669
math.OC 2312.13773
math.OC 2312.13807
math.OC 2312.13810
math.OC 2312.13879
math.OC 2312.14111
eess.SP 2312.09383
eess.SP 2312.09455
eess.SP 2312.09489
eess.SP 2312.09659
eess.SP 2312.09747
eess.SP 2312.09778
eess.SP 2312.09790
eess.SP 2312.09887
eess.SP 2312.09944
eess.SP 2312.09961
eess.SP 2312.09259
eess.SP 2312.09379
eess.SP 2312.09405
eess.SP 2312.09416
eess.SP 2312.09417
eess.SP 2312.09418
eess.SP 2312.09420
eess.SP 2312.09422
eess.SP 2312.09423
eess.SP 2312.09426
eess.SP 2312.09428
eess.SP 2312.09429
eess.SP 2312.09430
eess.SP 2312.09431
eess.SP 2312.09433
eess.SP 2312.09437
eess.SP 2312.09439
eess.SP 2312.09442
eess.SP 2312.09444
eess.SP 2312.09445
eess.SP 2312.09446
eess.SP 2312.09449
eess.SP 2312.09450
eess.SP 2312.09452
eess.SP 2312.09454
eess.SP 2312.09456
eess.SP 2312.09459
eess.SP 2312.09460
eess.SP 2312.09461
eess.SP 2312.09462
eess.SP 2312.09464
eess.SP 2312.09467
eess.SP 2312.09503
eess.SP 2312.09599
eess.SP 2312.09623
eess.SP 2312.09720
eess.SP 2312.09902
eess.SP 2312.09953
eess.SP 2312.10013
eess.SP 2312.10342
eess.SP 2312.10394
eess.SP 2312.10418
eess.SP 2312.10475
eess.SP 2312.10543
eess.SP 2312.10547
eess.SP 2312.10555
eess.SP 2312.10569
eess.SP 2312.10593
eess.SP 2312.10641
eess.SP 2312.10756
eess.SP 2312.11005
eess.SP 2312.11080
eess.SP 2312.11127
eess.SP 2312.11160
eess.SP 2312.11201
eess.SP 2312.11302
eess.SP 2312.11363
eess.SP 2312.11418
eess.SP 2312.10051
eess.SP 2312.10052
eess.SP 2312.10056
eess.SP 2312.10068
eess.SP 2312.10187
eess.SP 2312.10287
eess.SP 2312.10343
eess.SP 2312.10345
eess.SP 2312.10438
eess.SP 2312.10545
eess.SP 2312.10966
eess.SP 2312.10995
eess.SP 2312.11050
eess.SP 2312.11102
eess.SP 2312.11125
eess.SP 2312.11148
eess.SP 2312.11151
eess.SP 2312.11175
eess.SP 2312.11354
eess.SP 2312.11367
eess.SP 2312.11421
eess.SP 2312.11550
eess.SP 2312.11682
eess.SP 2312.11688
eess.SP 2312.11763
eess.SP 2312.11898
eess.SP 2312.11958
eess.SP 2312.12121
eess.SP 2312.12186
eess.SP 2312.12244
eess.SP 2312.12318
eess.SP 2312.12358
eess.SP 2312.11903
eess.SP 2312.11921
eess.SP 2312.12025
eess.SP 2312.12211
eess.SP 2312.12298
eess.SP 2312.12342
eess.SP 2312.12565
eess.SP 2312.12744
eess.SP 2312.12874
eess.SP 2312.12940
eess.SP 2312.12964
eess.SP 2312.13004
eess.SP 2312.13048
eess.SP 2312.13203
eess.SP 2312.12443
eess.SP 2312.12534
eess.SP 2312.12587
eess.SP 2312.12625
eess.SP 2312.12692
eess.SP 2312.12909
eess.SP 2312.13013
eess.SP 2312.13023
eess.SP 2312.13035
eess.SP 2312.13154
eess.SP 2312.13424
eess.SP 2312.13455
eess.SP 2312.13538
eess.SP 2312.13563
eess.SP 2312.13592
eess.SP 2312.13611
eess.SP 2312.13615
eess.SP 2312.13654
eess.SP 2312.13794
eess.SP 2312.13797
eess.SP 2312.13835
eess.SP 2312.13919
eess.SP 2312.13931
eess.SP 2312.13981
eess.SP 2312.14021
eess.SP 2312.14072
eess.SP 2312.13404
eess.SP 2312.13622
eess.SP 2312.13640
eess.SP 2312.13672
eess.SP 2312.13683
eess.SP 2312.13741
eess.SP 2312.13780
eess.SP 2312.14018
eess.SP 2312.14064
math.PR 2312.09427
math.PR 2312.09769
math.PR 2312.09795
math.PR 2312.10026
math.PR 2312.09350
math.PR 2312.09368
math.PR 2312.09389
math.PR 2312.09499
math.PR 2312.09522
math.PR 2312.09652
math.PR 2312.09779
math.PR 2312.09962
math.PR 2312.10030
math.PR 2312.10322
math.PR 2312.10682
math.PR 2312.11047
math.PR 2312.11073
math.PR 2312.11137
math.PR 2312.11273
math.PR 2312.11373
math.PR 2312.11404
math.PR 2312.11412
math.PR 2312.11428
math.PR 2312.11438
math.PR 2312.10331
math.PR 2312.10446
math.PR 2312.10497
math.PR 2312.10517
math.PR 2312.10831
math.PR 2312.10875
math.PR 2312.10883
math.PR 2312.11145
math.PR 2312.11180
math.PR 2312.11183
math.PR 2312.11284
math.PR 2312.11398
math.PR 2312.11439
math.PR 2312.11737
math.PR 2312.11869
math.PR 2312.11893
math.PR 2312.12229
math.PR 2312.11689
math.PR 2312.11702
math.PR 2312.12088
math.PR 2312.12089
math.PR 2312.12134
math.PR 2312.12139
math.PR 2312.12146
math.PR 2312.12179
math.PR 2312.12281
math.PR 2312.12323
math.PR 2312.12326
math.PR 2312.12348
math.PR 2312.12407
math.PR 2312.12428
math.PR 2312.12572
math.PR 2312.12673
math.PR 2312.12690
math.PR 2312.12782
math.PR 2312.12895
math.PR 2312.12905
math.PR 2312.13144
math.PR 2312.13200
math.PR 2312.13266
math.PR 2312.12453
math.PR 2312.12745
math.PR 2312.12847
math.PR 2312.12982
math.PR 2312.13106
math.PR 2312.13166
math.PR 2312.13167
math.PR 2312.13215
math.PR 2312.13300
math.PR 2312.13409
math.PR 2312.13554
math.PR 2312.13805
math.PR 2312.13826
math.PR 2312.14100
math.PR 2312.13335
math.PR 2312.13468
math.PR 2312.13529
math.PR 2312.13595
math.PR 2312.13647
math.PR 2312.13731
math.PR 2312.13800
math.PR 2312.13811
math.PR 2312.13817
math.PR 2312.13823
math.PR 2312.13900
math.PR 2312.13904
math.PR 2312.14085
math.PR 2312.14143
math.PR 2312.14147
