cs.DC 2401.10361
cs.DC 2401.10367
cs.DC 2401.10375
cs.DC 2401.10541
cs.DC 2401.10652
cs.DC 2401.10241
cs.DC 2401.10354
cs.DC 2401.10369
cs.DC 2401.10834
cs.DC 2401.10839
cs.DC 2401.10846
cs.DC 2401.10852
cs.DC 2401.11018
cs.DC 2401.11089
cs.DC 2401.11202
cs.DC 2401.11415
cs.DC 2401.11592
cs.DC 2401.12012
cs.DC 2401.12120
cs.DC 2401.12151
cs.DC 2401.11181
cs.DC 2401.11212
cs.DC 2401.11240
cs.DC 2401.11324
cs.DC 2401.11347
cs.DC 2401.11469
cs.DC 2401.11471
cs.DC 2401.11759
cs.DC 2401.11868
cs.DC 2401.11932
cs.DC 2401.11991
cs.DC 2401.12174
cs.DC 2401.12356
cs.DC 2401.12438
cs.DC 2401.12815
cs.DC 2401.12230
cs.DC 2401.12405
cs.DC 2401.12554
cs.DC 2401.12597
cs.DC 2401.13004
cs.DC 2401.13216
cs.DC 2401.13236
cs.DC 2401.13421
cs.DC 2401.13569
cs.DC 2401.13044
cs.DC 2401.13150
cs.DC 2401.13310
cs.DC 2401.13320
cs.DC 2401.13420
cs.DC 2401.13630
cs.DC 2401.13779
cs.DC 2401.14132
cs.DC 2401.14211
cs.DC 2401.14351
cs.DC 2401.14117
cs.DC 2401.14278
cs.IT 2401.10347
cs.IT 2401.10396
cs.IT 2401.10400
cs.IT 2401.10428
cs.IT 2401.10251
cs.IT 2401.10265
cs.IT 2401.10269
cs.IT 2401.10315
cs.IT 2401.10376
cs.IT 2401.10470
cs.IT 2401.10527
cs.IT 2401.10614
cs.IT 2401.10688
cs.IT 2401.10766
cs.IT 2401.10773
cs.IT 2401.11383
cs.IT 2401.11391
cs.IT 2401.11512
cs.IT 2401.11810
cs.IT 2401.11058
cs.IT 2401.11084
cs.IT 2401.11141
cs.IT 2401.11155
cs.IT 2401.11160
cs.IT 2401.11195
cs.IT 2401.11205
cs.IT 2401.11219
cs.IT 2401.11231
cs.IT 2401.11236
cs.IT 2401.11390
cs.IT 2401.11409
cs.IT 2401.11429
cs.IT 2401.11433
cs.IT 2401.11496
cs.IT 2401.11580
cs.IT 2401.11622
cs.IT 2401.11730
cs.IT 2401.11761
cs.IT 2401.11805
cs.IT 2401.11820
cs.IT 2401.11872
cs.IT 2401.11901
cs.IT 2401.11921
cs.IT 2401.12025
cs.IT 2401.12029
cs.IT 2401.12036
cs.IT 2401.12107
cs.IT 2401.12149
cs.IT 2401.12151
cs.IT 2401.12207
cs.IT 2401.12624
cs.IT 2401.12861
cs.IT 2401.12351
cs.IT 2401.12391
cs.IT 2401.12481
cs.IT 2401.12486
cs.IT 2401.12499
cs.IT 2401.12538
cs.IT 2401.12627
cs.IT 2401.12645
cs.IT 2401.12763
cs.IT 2401.12803
cs.IT 2401.12818
cs.IT 2401.12901
cs.IT 2401.12914
cs.IT 2401.12962
cs.IT 2401.13237
cs.IT 2401.13066
cs.IT 2401.13202
cs.IT 2401.13232
cs.IT 2401.13387
cs.IT 2401.13394
cs.IT 2401.13400
cs.IT 2401.13429
cs.IT 2401.13442
cs.IT 2401.13564
cs.IT 2401.13573
cs.IT 2401.13587
cs.IT 2401.13653
cs.IT 2401.13712
cs.IT 2401.13775
cs.IT 2401.14012
cs.IT 2401.14203
cs.IT 2401.14341
cs.IT 2401.14385
cs.IT 2401.13743
cs.IT 2401.13748
cs.IT 2401.13779
cs.IT 2401.13790
cs.IT 2401.13882
cs.IT 2401.13922
cs.IT 2401.13980
cs.IT 2401.14008
cs.IT 2401.14129
cs.IT 2401.14160
cs.IT 2401.14184
cs.IT 2401.14214
cs.IT 2401.14241
cs.IT 2401.14265
cs.IT 2401.14277
cs.IT 2401.14323
cs.IT 2401.14347
cs.AI 2401.10241
cs.AI 2401.10262
cs.AI 2401.10264
cs.AI 2401.10266
cs.AI 2401.10267
cs.AI 2401.10268
cs.AI 2401.10271
cs.AI 2401.10272
cs.AI 2401.10273
cs.AI 2401.10274
cs.AI 2401.10278
cs.AI 2401.10279
cs.AI 2401.10280
cs.AI 2401.10282
cs.AI 2401.10284
cs.AI 2401.10286
cs.AI 2401.10289
cs.AI 2401.10299
cs.AI 2401.10300
cs.AI 2401.10304
cs.AI 2401.10310
cs.AI 2401.10314
cs.AI 2401.10316
cs.AI 2401.10334
cs.AI 2401.10337
cs.AI 2401.10341
cs.AI 2401.10348
cs.AI 2401.10359
cs.AI 2401.10361
cs.AI 2401.10372
cs.AI 2401.10379
cs.AI 2401.10393
cs.AI 2401.10394
cs.AI 2401.10415
cs.AI 2401.10446
cs.AI 2401.10447
cs.AI 2401.10463
cs.AI 2401.10471
cs.AI 2401.10474
cs.AI 2401.10480
cs.AI 2401.10484
cs.AI 2401.10495
cs.AI 2401.10506
cs.AI 2401.10510
cs.AI 2401.10516
cs.AI 2401.10521
cs.AI 2401.10529
cs.AI 2401.10544
cs.AI 2401.10559
cs.AI 2401.10586
cs.AI 2401.10603
cs.AI 2401.10640
cs.AI 2401.10641
cs.AI 2401.10642
cs.AI 2401.10643
cs.AI 2401.10660
cs.AI 2401.10685
cs.AI 2401.10690
cs.AI 2401.10700
cs.AI 2401.10711
cs.AI 2401.10712
cs.AI 2401.10725
cs.AI 2401.10733
cs.AI 2401.10745
cs.AI 2401.10746
cs.AI 2401.10747
cs.AI 2401.10753
cs.AI 2401.10759
cs.AI 2401.10805
cs.AI 2401.10816
cs.AI 2401.10831
cs.AI 2401.10839
cs.AI 2401.10840
cs.AI 2401.10841
cs.AI 2401.10848
cs.AI 2401.10850
cs.AI 2401.10862
cs.AI 2401.10882
cs.AI 2401.10886
cs.AI 2401.10889
cs.AI 2401.10420
cs.AI 2401.10428
cs.AI 2401.10431
cs.AI 2401.10444
cs.AI 2401.10467
cs.AI 2401.10568
cs.AI 2401.10589
cs.AI 2401.10744
cs.AI 2401.10751
cs.AI 2401.10781
cs.AI 2401.10819
cs.AI 2401.10899
cs.AI 2401.10910
cs.AI 2401.10917
cs.AI 2401.10934
cs.AI 2401.10935
cs.AI 2401.10937
cs.AI 2401.10942
cs.AI 2401.10946
cs.AI 2401.10956
cs.AI 2401.10965
cs.AI 2401.11002
cs.AI 2401.11021
cs.AI 2401.11044
cs.AI 2401.11061
cs.AI 2401.11081
cs.AI 2401.11085
cs.AI 2401.11089
cs.AI 2401.11113
cs.AI 2401.11120
cs.AI 2401.11140
cs.AI 2401.11143
cs.AI 2401.11156
cs.AI 2401.11174
cs.AI 2401.11188
cs.AI 2401.11201
cs.AI 2401.11212
cs.AI 2401.11217
cs.AI 2401.11235
cs.AI 2401.11249
cs.AI 2401.11252
cs.AI 2401.11257
cs.AI 2401.11284
cs.AI 2401.11314
cs.AI 2401.11316
cs.AI 2401.11325
cs.AI 2401.11337
cs.AI 2401.11351
cs.AI 2401.11360
cs.AI 2401.11361
cs.AI 2401.11370
cs.AI 2401.11374
cs.AI 2401.11382
cs.AI 2401.11389
cs.AI 2401.11408
cs.AI 2401.11410
cs.AI 2401.11414
cs.AI 2401.11418
cs.AI 2401.11439
cs.AI 2401.11459
cs.AI 2401.11471
cs.AI 2401.11489
cs.AI 2401.11500
cs.AI 2401.11504
cs.AI 2401.11512
cs.AI 2401.11596
cs.AI 2401.11605
cs.AI 2401.11609
cs.AI 2401.11618
cs.AI 2401.11624
cs.AI 2401.11627
cs.AI 2401.11633
cs.AI 2401.11647
cs.AI 2401.11648
cs.AI 2401.11660
cs.AI 2401.11664
cs.AI 2401.11665
cs.AI 2401.11666
cs.AI 2401.11669
cs.AI 2401.11674
cs.AI 2401.11698
cs.AI 2401.11699
cs.AI 2401.11705
cs.AI 2401.11713
cs.AI 2401.11719
cs.AI 2401.11720
cs.AI 2401.11723
cs.AI 2401.11724
cs.AI 2401.11731
cs.AI 2401.11736
cs.AI 2401.11748
cs.AI 2401.11750
cs.AI 2401.11755
cs.AI 2401.11772
cs.AI 2401.11792
cs.AI 2401.11798
cs.AI 2401.11810
cs.AI 2401.11814
cs.AI 2401.11817
cs.AI 2401.11819
cs.AI 2401.11840
cs.AI 2401.11844
cs.CV 2401.10299
cs.AI 2401.11849
cs.CV 2401.10373
cs.AI 2401.11851
cs.CV 2401.10419
cs.AI 2401.11852
cs.CV 2401.10474
cs.AI 2401.11860
cs.CV 2401.10541
cs.AI 2401.11864
cs.CV 2401.10561
cs.AI 2401.11880
cs.CV 2401.10620
cs.AI 2401.11900
cs.CV 2401.10637
cs.AI 2401.11906
cs.CV 2401.10709
cs.AI 2401.11911
cs.CV 2401.10732
cs.AI 2401.11913
cs.CV 2401.10761
cs.AI 2401.11944
cs.CV 2401.10877
cs.AI 2401.11963
cs.CV 2401.10247
cs.AI 2401.12007
cs.CV 2401.10252
cs.AI 2401.12014
cs.CV 2401.10254
cs.AI 2401.12024
cs.CV 2401.10256
cs.AI 2401.12032
cs.CV 2401.10262
cs.AI 2401.12051
cs.CV 2401.10272
cs.AI 2401.12070
cs.CV 2401.10341
cs.AI 2401.12086
cs.AI 2401.12113
cs.CV 2401.10379
cs.AI 2401.12132
cs.CV 2401.10397
cs.AI 2401.12164
cs.CV 2401.10402
cs.AI 2401.12167
cs.CV 2401.10404
cs.AI 2401.12170
cs.CV 2401.10416
cs.AI 2401.12176
cs.CV 2401.10442
cs.AI 2401.12178
cs.AI 2401.12179
cs.CV 2401.10461
cs.AI 2401.12181
cs.CV 2401.10475
cs.AI 2401.12187
cs.CV 2401.10501
cs.AI 2401.12192
cs.CV 2401.10511
cs.AI 2401.12202
cs.CV 2401.10512
cs.AI 2401.12203
cs.CV 2401.10525
cs.AI 2401.12205
cs.CV 2401.10526
cs.AI 2401.10904
cs.CV 2401.10529
cs.AI 2401.10938
cs.CV 2401.10530
cs.AI 2401.10969
cs.CV 2401.10537
cs.AI 2401.11094
cs.CV 2401.10556
cs.AI 2401.11472
cs.CV 2401.10560
cs.AI 2401.11553
cs.CV 2401.10564
cs.AI 2401.11753
cs.CV 2401.10578
cs.AI 2401.11848
cs.CV 2401.10588
cs.AI 2401.11865
cs.CV 2401.10608
cs.AI 2401.11898
cs.CV 2401.10640
cs.AI 2401.11903
cs.CV 2401.10643
cs.AI 2401.11905
cs.CV 2401.10659
cs.AI 2401.12108
cs.CV 2401.10666
cs.AI 2401.12223
cs.CV 2401.10711
cs.AI 2401.12224
cs.CV 2401.10712
cs.AI 2401.12244
cs.CV 2401.10727
cs.AI 2401.12255
cs.CV 2401.10731
cs.AI 2401.12258
cs.CV 2401.10741
cs.AI 2401.12259
cs.CV 2401.10752
cs.AI 2401.12261
cs.CV 2401.10777
cs.AI 2401.12273
cs.CV 2401.10786
cs.AI 2401.12275
cs.CV 2401.10790
cs.AI 2401.12292
cs.CV 2401.10805
cs.AI 2401.12326
cs.AI 2401.12329
cs.CV 2401.10815
cs.AI 2401.12340
cs.CV 2401.10822
cs.AI 2401.12344
cs.CV 2401.10831
cs.AI 2401.12375
cs.AI 2401.12392
cs.CV 2401.10848
cs.AI 2401.12393
cs.CV 2401.10857
cs.AI 2401.12406
cs.CV 2401.10886
cs.AI 2401.12421
cs.CV 2401.10889
cs.AI 2401.12451
cs.CV 2401.10890
cs.AI 2401.12455
cs.AI 2401.12456
cs.CV 2401.10891
cs.AI 2401.12470
cs.CV 2401.10586
cs.AI 2401.12478
cs.CV 2401.10926
cs.AI 2401.12485
cs.CV 2401.10967
cs.AI 2401.12489
cs.CV 2401.11143
cs.AI 2401.12491
cs.CV 2401.11224
cs.AI 2401.12492
cs.CV 2401.11256
cs.AI 2401.12513
cs.CV 2401.11261
cs.AI 2401.12522
cs.CV 2401.11396
cs.AI 2401.12532
cs.CV 2401.11439
cs.AI 2401.12533
cs.CV 2401.11464
cs.AI 2401.12554
cs.CV 2401.11543
cs.AI 2401.12570
cs.CV 2401.11671
cs.AI 2401.12576
cs.CV 2401.11687
cs.AI 2401.12593
cs.CV 2401.11726
cs.AI 2401.12631
cs.CV 2401.11856
cs.AI 2401.12632
cs.CV 2401.11859
cs.AI 2401.12646
cs.CV 2401.11902
cs.AI 2401.12662
cs.CV 2401.11943
cs.AI 2401.12665
cs.CV 2401.11944
cs.AI 2401.12681
cs.CV 2401.11985
cs.AI 2401.12686
cs.CV 2401.12014
cs.AI 2401.12689
cs.CV 2401.12033
cs.AI 2401.12708
cs.CV 2401.12048
cs.AI 2401.12714
cs.CV 2401.12074
cs.AI 2401.12756
cs.CV 2401.12133
cs.AI 2401.12771
cs.CV 2401.12202
cs.AI 2401.12803
cs.CV 2401.10962
cs.AI 2401.12806
cs.CV 2401.11002
cs.AI 2401.12819
cs.CV 2401.11008
cs.AI 2401.12822
cs.CV 2401.11035
cs.AI 2401.12830
cs.CV 2401.11061
cs.AI 2401.12835
cs.CV 2401.11062
cs.AI 2401.12850
cs.CV 2401.11067
cs.AI 2401.12851
cs.CV 2401.11078
cs.AI 2401.12862
cs.CV 2401.11085
cs.AI 2401.12863
cs.CV 2401.11110
cs.AI 2401.12873
cs.CV 2401.11114
cs.AI 2401.12874
cs.CV 2401.11115
cs.AI 2401.12914
cs.CV 2401.11122
cs.AI 2401.12947
cs.CV 2401.11123
cs.AI 2401.12954
cs.CV 2401.11124
cs.AI 2401.12963
cs.CV 2401.11140
cs.AI 2401.12972
cs.CV 2401.11144
cs.AI 2401.12975
cs.CV 2401.11150
cs.AI 2401.12247
cs.CV 2401.11170
cs.AI 2401.12322
cs.CV 2401.11174
cs.AI 2401.12324
cs.CV 2401.11204
cs.AI 2401.12379
cs.CV 2401.11228
cs.AI 2401.12435
cs.CV 2401.11239
cs.AI 2401.12459
cs.CV 2401.11243
cs.AI 2401.12467
cs.CV 2401.11284
cs.AI 2401.12497
cs.CV 2401.11311
cs.AI 2401.12550
cs.CV 2401.11313
cs.AI 2401.12557
cs.CV 2401.11337
cs.AI 2401.12599
cs.CV 2401.11358
cs.AI 2401.12624
cs.CV 2401.11395
cs.AI 2401.12666
cs.CV 2401.11401
cs.AI 2401.12672
cs.CV 2401.11406
cs.AI 2401.12700
cs.CV 2401.11414
cs.AI 2401.12731
cs.AI 2401.12783
cs.CV 2401.11420
cs.AI 2401.12846
cs.AI 2401.12866
cs.CV 2401.11421
cs.AI 2401.12869
cs.CV 2401.11425
cs.AI 2401.12915
cs.CV 2401.11430
cs.AI 2401.12917
cs.AI 2401.12920
cs.CV 2401.11436
cs.AI 2401.12983
cs.CV 2401.11448
cs.AI 2401.12986
cs.CV 2401.11453
cs.AI 2401.12988
cs.CV 2401.11470
cs.AI 2401.12996
cs.CV 2401.11485
cs.AI 2401.12998
cs.CV 2401.11489
cs.AI 2401.12999
cs.CV 2401.11492
cs.AI 2401.13001
cs.CV 2401.11499
cs.AI 2401.13002
cs.CV 2401.11511
cs.AI 2401.13034
cs.CV 2401.11519
cs.AI 2401.13049
cs.CV 2401.11535
cs.AI 2401.13060
cs.CV 2401.11541
cs.AI 2401.13068
cs.CV 2401.11544
cs.AI 2401.13081
cs.CV 2401.11582
cs.AI 2401.13085
cs.CV 2401.11598
cs.AI 2401.13086
cs.CV 2401.11605
cs.AI 2401.13097
cs.CV 2401.11617
cs.AI 2401.13098
cs.CV 2401.11631
cs.AI 2401.13099
cs.CV 2401.11633
cs.AI 2401.13136
cs.CV 2401.11644
cs.AI 2401.13138
cs.CV 2401.11649
cs.AI 2401.13157
cs.CV 2401.11650
cs.AI 2401.13171
cs.CV 2401.11652
cs.AI 2401.13178
cs.CV 2401.11654
cs.AI 2401.13193
cs.CV 2401.11673
cs.AI 2401.13201
cs.CV 2401.11674
cs.AI 2401.13205
cs.CV 2401.11704
cs.AI 2401.13212
cs.CV 2401.11708
cs.AI 2401.13214
cs.CV 2401.11711
cs.AI 2401.13219
cs.CV 2401.11713
cs.AI 2401.13223
cs.CV 2401.11718
cs.AI 2401.13227
cs.CV 2401.11719
cs.CV 2401.11724
cs.AI 2401.13229
cs.CV 2401.11734
cs.AI 2401.13256
cs.CV 2401.11738
cs.AI 2401.13262
cs.CV 2401.11739
cs.AI 2401.13270
cs.CV 2401.11740
cs.AI 2401.13275
cs.CV 2401.11751
cs.AI 2401.13282
cs.CV 2401.11767
cs.AI 2401.13298
cs.CV 2401.11775
cs.AI 2401.13311
cs.CV 2401.11783
cs.AI 2401.13315
cs.CV 2401.11790
cs.AI 2401.13324
cs.CV 2401.11791
cs.AI 2401.13334
cs.CV 2401.11796
cs.AI 2401.13335
cs.CV 2401.11814
cs.AI 2401.13346
cs.CV 2401.11824
cs.AI 2401.13432
cs.CV 2401.11831
cs.AI 2401.13444
cs.CV 2401.11835
cs.AI 2401.13460
cs.CV 2401.11844
cs.AI 2401.13462
cs.CV 2401.11847
cs.CV 2401.11874
cs.AI 2401.13481
cs.CV 2401.11877
cs.AI 2401.13486
cs.CV 2401.11913
cs.AI 2401.13498
cs.CV 2401.11914
cs.AI 2401.13555
cs.CV 2401.11949
cs.AI 2401.13586
cs.CV 2401.11960
cs.AI 2401.13588
cs.CV 2401.12001
cs.AI 2401.13594
cs.CV 2401.12019
cs.AI 2401.13611
cs.CV 2401.12039
cs.AI 2401.13613
cs.CV 2401.12051
cs.AI 2401.13641
cs.CV 2401.12129
cs.AI 2401.13652
cs.CV 2401.12161
cs.AI 2401.13657
cs.CV 2401.12164
cs.AI 2401.13662
cs.CV 2401.12168
cs.CV 2401.12175
cs.AI 2401.13006
cs.CV 2401.12176
cs.AI 2401.13110
cs.CV 2401.12198
cs.AI 2401.13112
cs.CV 2401.12208
cs.AI 2401.13192
cs.CV 2401.12210
cs.AI 2401.13408
cs.CV 2401.12215
cs.AI 2401.13604
cs.CV 2401.12217
cs.AI 2401.13672
cs.CV 2304.09994
cs.AI 2401.13677
cs.CV 2401.12220
cs.AI 2401.13693
cs.CV 2401.12275
cs.AI 2401.13697
cs.CV 2401.12438
cs.AI 2401.13699
cs.CV 2401.12488
cs.AI 2401.13700
cs.CV 2401.12587
cs.AI 2401.13703
cs.CV 2401.12648
cs.AI 2401.13704
cs.CV 2401.12689
cs.AI 2401.13708
cs.CV 2401.12725
cs.AI 2401.13713
cs.CV 2401.12888
cs.AI 2401.13716
cs.CV 2401.12900
cs.AI 2401.13722
cs.CV 2401.12915
cs.AI 2401.13751
cs.CV 2401.12932
cs.AI 2401.13758
cs.CV 2401.12938
cs.AI 2401.13782
cs.CV 2401.12963
cs.AI 2401.13796
cs.AI 2401.13800
cs.CV 2401.12974
cs.AI 2401.13802
cs.CV 2401.12225
cs.AI 2401.13822
cs.CV 2401.12244
cs.AI 2401.13827
cs.CV 2401.12340
cs.AI 2401.13835
cs.CV 2401.12344
cs.AI 2401.13848
cs.CV 2401.12350
cs.AI 2401.13849
cs.AI 2401.13904
cs.CV 2401.12414
cs.AI 2401.13913
cs.CV 2401.12419
cs.AI 2401.13919
cs.CV 2401.12421
cs.AI 2401.13920
cs.CV 2401.12422
cs.AI 2401.13945
cs.CV 2401.12425
cs.AI 2401.13968
cs.CV 2401.12433
cs.AI 2401.13974
cs.CV 2401.12439
cs.AI 2401.13976
cs.CV 2401.12447
cs.AI 2401.13979
cs.CV 2401.12451
cs.AI 2401.13986
cs.CV 2401.12452
cs.AI 2401.13987
cs.CV 2401.12456
cs.AI 2401.13996
cs.CV 2401.12471
cs.AI 2401.14003
cs.CV 2401.12479
cs.AI 2401.14011
cs.CV 2401.12480
cs.AI 2401.14019
cs.CV 2401.12503
cs.AI 2401.14032
cs.CV 2401.12507
cs.AI 2401.14043
cs.CV 2401.12511
cs.AI 2401.14057
cs.CV 2401.12513
cs.AI 2401.14066
cs.CV 2401.12535
cs.AI 2401.14067
cs.CV 2401.12561
cs.AI 2401.14079
cs.CV 2401.12568
cs.AI 2401.14089
cs.CV 2401.12592
cs.AI 2401.14109
cs.CV 2401.12596
cs.AI 2401.14110
cs.CV 2401.12609
cs.AI 2401.14112
cs.CV 2401.12665
cs.AI 2401.14142
cs.AI 2401.14151
cs.CV 2401.12694
cs.AI 2401.14155
cs.CV 2401.12729
cs.AI 2401.14166
cs.CV 2401.12736
cs.AI 2401.14171
cs.CV 2401.12743
cs.AI 2401.14174
cs.CV 2401.12751
cs.AI 2401.14176
cs.CV 2401.12761
cs.AI 2401.14185
cs.CV 2401.12820
cs.AI 2401.14206
cs.CV 2401.12835
cs.AI 2401.14215
cs.CV 2401.12851
cs.AI 2401.14228
cs.CV 2401.12862
cs.AI 2401.14232
cs.CV 2401.12870
cs.AI 2401.14257
cs.CV 2401.12902
cs.AI 2401.14267
cs.CV 2401.12945
cs.AI 2401.14280
cs.CV 2401.12946
cs.AI 2401.14285
cs.CV 2401.12972
cs.AI 2401.14292
cs.CV 2401.12975
cs.AI 2401.14295
cs.CV 2401.12977
cs.AI 2401.14336
cs.CV 2401.12978
cs.AI 2401.14362
cs.AI 2401.14367
cs.CV 2401.12979
cs.AI 2401.14371
cs.CV 2401.13049
cs.AI 2401.14373
cs.CV 2401.13076
cs.AI 2401.14403
cs.CV 2401.13140
cs.AI 2401.14405
cs.CV 2401.13147
cs.AI 2401.13752
cs.CV 2401.13197
cs.AI 2401.13770
cs.CV 2401.13220
cs.AI 2401.13883
cs.CV 2401.13315
cs.AI 2401.13935
cs.CV 2401.13330
cs.AI 2401.14086
cs.CV 2401.13403
cs.AI 2401.14153
cs.CV 2401.13472
cs.AI 2401.14183
cs.CV 2401.13478
cs.CV 2401.13511
cs.CV 2401.13596
cs.CV 2401.13616
cs.CV 2401.13649
cs.CV 2401.13650
cs.CV 2401.13011
cs.CV 2401.13051
cs.CV 2401.13068
cs.CV 2401.13081
cs.CV 2401.13082
cs.CV 2401.13087
cs.CV 2401.13097
cs.CV 2401.13161
cs.CV 2401.13172
cs.CV 2401.13174
cs.CV 2401.13191
cs.CV 2401.13193
cs.CV 2401.13201
cs.CV 2401.13203
cs.CV 2401.13205
cs.CV 2401.13212
cs.CV 2401.13213
cs.CV 2401.13214
cs.CV 2401.13221
cs.CV 2401.13264
cs.CV 2401.13267
cs.CV 2401.13270
cs.CV 2401.13280
cs.CV 2401.13285
cs.CV 2401.13296
cs.CV 2401.13307
cs.CV 2401.13311
cs.CV 2401.13313
cs.CV 2401.13325
cs.CV 2401.13329
cs.CV 2401.13352
cs.CV 2401.13357
cs.CV 2401.13363
cs.CV 2401.13386
cs.CV 2401.13388
cs.CV 2401.13405
cs.CV 2401.13414
cs.CV 2401.13418
cs.CV 2401.13432
cs.CV 2401.13499
cs.CV 2401.13503
cs.CV 2401.13504
cs.CV 2401.13505
cs.CV 2401.13516
cs.CV 2401.13531
cs.CV 2401.13551
cs.CV 2401.13554
cs.CV 2401.13555
cs.CV 2401.13560
cs.CV 2401.13581
cs.CV 2401.13613
cs.CV 2401.13627
cs.CV 2401.13641
cs.CV 2401.13666
cs.CV 2401.13751
cs.CV 2401.13782
cs.CV 2401.13853
cs.CV 2401.13959
cs.CV 2401.13990
cs.CV 2401.13998
cs.CV 2401.14007
cs.CV 2401.14031
cs.CV 2401.14051
cs.CV 2401.14130
cs.CV 2401.14193
cs.CV 2401.14248
cs.CV 2401.14349
cs.CV 2401.14403
cs.CV 2401.13697
cs.CV 2401.13714
cs.CV 2401.13719
cs.CV 2401.13721
cs.CV 2401.13785
cs.CV 2401.13786
cs.CV 2401.13795
cs.CV 2401.13837
cs.CV 2401.13856
cs.CV 2401.13865
cs.CV 2401.13877
cs.CV 2401.13888
cs.CV 2401.13934
cs.CV 2401.13937
cs.CV 2401.13942
cs.CV 2401.13950
cs.CV 2401.13956
cs.CV 2401.13961
cs.CV 2401.13964
cs.CV 2401.13965
cs.CV 2401.13974
cs.CV 2401.13976
cs.CV 2401.13992
cs.CV 2401.14024
cs.CV 2401.14032
cs.CV 2401.14034
cs.CV 2401.14036
cs.CV 2401.14038
cs.CV 2401.14066
cs.CV 2401.14074
cs.CV 2401.14088
cs.CV 2401.14111
cs.CV 2401.14115
cs.CV 2401.14121
cs.CV 2401.14132
cs.CV 2401.14136
cs.CV 2401.14142
cs.CV 2401.14148
cs.CV 2401.14159
cs.CV 2401.14168
cs.CV 2401.14232
cs.CV 2401.14236
cs.CV 2401.14250
cs.CV 2401.14256
cs.CV 2401.14257
cs.CV 2401.14285
cs.CV 2401.14322
cs.CV 2401.14325
cs.CV 2401.14336
cs.CV 2401.14354
cs.CV 2401.14379
cs.CV 2401.14387
cs.CV 2401.14391
cs.CV 2401.14398
cs.CV 2401.14401
cs.CV 2401.14404
cs.CV 2401.14405
cs.AR 2401.10236
cs.AR 2401.10364
cs.AR 2401.10432
cs.AR 2401.10484
cs.AR 2401.10688
cs.AR 2401.10249
cs.AR 2401.10267
cs.AR 2401.10417
cs.AR 2401.10522
cs.AR 2401.10753
cs.AR 2401.11030
cs.AR 2401.11064
cs.AR 2401.11664
cs.AR 2401.12205
cs.AR 2401.11455
cs.AR 2401.11459
cs.AR 2401.11685
cs.AR 2401.11851
cs.AR 2401.12071
cs.AR 2401.12240
cs.AR 2401.12416
cs.AR 2401.12224
cs.AR 2401.12234
cs.AR 2401.12377
cs.AR 2401.12428
cs.AR 2401.12630
cs.AR 2401.13254
cs.AR 2401.13266
cs.AR 2401.14110
cs.AR 2401.14112
cs.AR 2401.14117
cs.AR 2401.14216
cs.CR 2307.02573
cs.CR 2401.10262
cs.CR 2401.10337
cs.CR 2401.10458
cs.CR 2401.10590
cs.CR 2401.10657
cs.CR 2401.10765
cs.CR 2401.10862
cs.CR 2401.10294
cs.CR 2401.10313
cs.CR 2401.10360
cs.CR 2401.10375
cs.CR 2401.10387
cs.CR 2401.10582
cs.CR 2401.10586
cs.CR 2401.10664
cs.CR 2401.10674
cs.CR 2401.10689
cs.CR 2401.10691
cs.CR 2401.10724
cs.CR 2401.10736
cs.CR 2401.10787
cs.CR 2401.10859
cs.CR 2401.10902
cs.CR 2401.10931
cs.CR 2401.11105
cs.CR 2401.11170
cs.CR 2401.11592
cs.CR 2401.11618
cs.CR 2401.11642
cs.CR 2401.11836
cs.CR 2401.11880
cs.CR 2401.11943
cs.CR 2401.11983
cs.CR 2401.12093
cs.CR 2401.12120
cs.CR 2401.12192
cs.CR 2401.11030
cs.CR 2401.11064
cs.CR 2401.11076
cs.CR 2401.11089
cs.CR 2401.11108
cs.CR 2401.11126
cs.CR 2401.11156
cs.CR 2401.11225
cs.CR 2401.11238
cs.CR 2401.11305
cs.CR 2401.11326
cs.CR 2401.11364
cs.CR 2401.11531
cs.CR 2401.11547
cs.CR 2401.11599
cs.CR 2401.11723
cs.CR 2401.11735
cs.CR 2401.11748
cs.CR 2401.11915
cs.CR 2401.11946
cs.CR 2401.11968
cs.CR 2401.12055
cs.CR 2401.12060
cs.CR 2401.12184
cs.CR 2401.12193
cs.CR 2401.12234
cs.CR 2401.12236
cs.CR 2401.12391
cs.CR 2401.12436
cs.CR 2401.12582
cs.CR 2401.12633
cs.CR 2401.12221
cs.MA 2401.10383
cs.CR 2401.12223
cs.CR 2401.12240
cs.MA 2401.10839
cs.CR 2401.12242
cs.MA 2401.10300
cs.CR 2401.12255
cs.MA 2401.10921
cs.CR 2401.12261
cs.MA 2401.11016
cs.CR 2401.12262
cs.MA 2401.11212
cs.CR 2401.12273
cs.MA 2401.11344
cs.CR 2401.12346
cs.MA 2401.11563
cs.CR 2401.12358
cs.MA 2401.11880
cs.CR 2401.12383
cs.MA 2401.11881
cs.CR 2401.12443
cs.MA 2401.12108
cs.CR 2401.12542
cs.MA 2401.10949
cs.CR 2401.12578
cs.MA 2401.10965
cs.CR 2401.12594
cs.MA 2401.10973
cs.CR 2401.13262
cs.MA 2401.11257
cs.CR 2401.13327
cs.MA 2401.11524
cs.CR 2401.13399
cs.MA 2401.11656
cs.CR 2401.13516
cs.MA 2401.11823
cs.CR 2401.13653
cs.MA 2401.11841
cs.CR 2401.13169
cs.MA 2401.12079
cs.CR 2401.13199
cs.MA 2401.12159
cs.CR 2401.13255
cs.MA 2401.12275
cs.CR 2401.13306
cs.MA 2401.12866
cs.CR 2401.13410
cs.MA 2401.12914
cs.CR 2401.13575
cs.MA 2401.12258
cs.CR 2401.13578
cs.MA 2401.12259
cs.CR 2401.13584
cs.MA 2401.12455
cs.CR 2401.13815
cs.MA 2401.12574
cs.CR 2401.13848
cs.MA 2401.12646
cs.CR 2401.13854
cs.MA 2401.12686
cs.CR 2401.14031
cs.MA 2401.13127
cs.CR 2401.14232
cs.CR 2401.14350
cs.MA 2401.13460
cs.CR 2401.13691
cs.MA 2401.13604
cs.MA 2401.13945
cs.MA 2401.13947
cs.CR 2401.13692
cs.MA 2401.14183
cs.CR 2401.13715
cs.CR 2401.13952
cs.CR 2401.14005
cs.CR 2401.14076
cs.CR 2401.14090
cs.CR 2401.14098
cs.CR 2401.14296
cs.CR 2401.14319
cs.CR 2401.14332
cs.LG 2401.10238
cs.LG 2401.10241
cs.LG 2401.10247
cs.LG 2401.10253
cs.LG 2401.10254
cs.LG 2401.10255
cs.LG 2401.10257
cs.LG 2401.10262
cs.LG 2401.10265
cs.LG 2401.10270
cs.LG 2401.10278
cs.LG 2401.10282
cs.LG 2401.10283
cs.LG 2401.10284
cs.LG 2401.10285
cs.LG 2401.10289
cs.LG 2401.10293
cs.LG 2401.10294
cs.LG 2401.10297
cs.LG 2401.10298
cs.LG 2401.10300
cs.LG 2401.10305
cs.LG 2401.10306
cs.LG 2401.10313
cs.LG 2401.10314
cs.LG 2401.10316
cs.LG 2401.10334
cs.LG 2401.10354
cs.LG 2401.10355
cs.LG 2401.10360
cs.LG 2401.10370
cs.LG 2401.10373
cs.LG 2401.10375
cs.LG 2401.10385
cs.LG 2401.10396
cs.LG 2401.10419
cs.LG 2401.10442
cs.LG 2401.10446
cs.LG 2401.10447
cs.LG 2401.10451
cs.LG 2401.10460
cs.LG 2401.10463
cs.LG 2401.10467
cs.LG 2401.10510
cs.LG 2401.10522
cs.LG 2401.10529
cs.LG 2401.10535
cs.LG 2401.10586
cs.LG 2401.10603
cs.LG 2401.10637
cs.LG 2401.10643
cs.LG 2401.10646
cs.LG 2401.10652
cs.LG 2401.10653
cs.LG 2401.10674
cs.LG 2401.10689
cs.LG 2401.10721
cs.LG 2401.10724
cs.LG 2401.10726
cs.LG 2401.10745
cs.LG 2401.10746
cs.LG 2401.10747
cs.LG 2401.10748
cs.LG 2401.10749
cs.LG 2401.10753
cs.LG 2401.10790
cs.LG 2401.10800
cs.LG 2401.10805
cs.LG 2401.10811
cs.LG 2401.10816
cs.LG 2401.10819
cs.LG 2401.10825
cs.LG 2401.10831
cs.LG 2401.10839
cs.LG 2401.10840
cs.LG 2401.10841
cs.LG 2401.10843
cs.LG 2401.10844
cs.LG 2401.10859
cs.LG 2401.10874
cs.LG 2401.10886
cs.LG 2401.10266
cs.LG 2401.10287
cs.LG 2401.10288
cs.LG 2401.10290
cs.LG 2401.10299
cs.LG 2401.10304
cs.LG 2401.10310
cs.LG 2401.10337
cs.LG 2401.10338
cs.LG 2401.10361
cs.LG 2401.10364
cs.LG 2401.10371
cs.LG 2401.10383
cs.LG 2401.10386
cs.LG 2401.10393
cs.LG 2401.10394
cs.LG 2401.10405
cs.LG 2401.10432
cs.LG 2401.10458
cs.LG 2401.10474
cs.LG 2401.10478
cs.LG 2401.10490
cs.LG 2401.10495
cs.LG 2401.10516
cs.LG 2401.10518
cs.LG 2401.10541
cs.LG 2401.10547
cs.LG 2401.10549
cs.LG 2401.10559
cs.LG 2401.10566
cs.LG 2401.10590
cs.LG 2401.10620
cs.LG 2401.10632
cs.LG 2401.10648
cs.LG 2401.10657
cs.LG 2401.10685
cs.LG 2401.10686
cs.LG 2401.10690
cs.LG 2401.10700
cs.LG 2401.10710
cs.LG 2401.10754
cs.LG 2401.10765
cs.LG 2401.10774
cs.LG 2401.10791
cs.LG 2401.10794
cs.LG 2401.10799
cs.LG 2401.10809
cs.LG 2401.10862
cs.LG 2401.02015
cs.LG 2401.06344
cs.LG 2401.10903
cs.LG 2401.10921
cs.LG 2401.10927
cs.LG 2401.10931
cs.LG 2401.10938
cs.LG 2401.10940
cs.LG 2401.10941
cs.LG 2401.10942
cs.LG 2401.10945
cs.LG 2401.10949
cs.LG 2401.10962
cs.LG 2401.10967
cs.LG 2401.10972
cs.LG 2401.10973
cs.LG 2401.10989
cs.LG 2401.11017
cs.LG 2401.11030
cs.LG 2401.11098
cs.LG 2401.11103
cs.LG 2401.11105
cs.LG 2401.11110
cs.LG 2401.11124
cs.LG 2401.11126
cs.LG 2401.11174
cs.LG 2401.11176
cs.LG 2401.11196
cs.LG 2401.11313
cs.LG 2401.11349
cs.LG 2401.11351
cs.LG 2401.11354
cs.LG 2401.11365
cs.LG 2401.11372
cs.LG 2401.11374
cs.LG 2401.11378
cs.LG 2401.11389
cs.LG 2401.11404
cs.LG 2401.11425
cs.LG 2401.11459
cs.LG 2401.11464
cs.LG 2401.11488
cs.LG 2401.11506
cs.LG 2401.11513
cs.LG 2401.11519
cs.LG 2401.11531
cs.LG 2401.11555
cs.LG 2401.11562
cs.LG 2401.11576
cs.LG 2401.11582
cs.LG 2401.11596
cs.LG 2401.11605
cs.LG 2401.11608
cs.LG 2401.11621
cs.LG 2401.11631
cs.LG 2401.11632
cs.LG 2401.11646
cs.LG 2401.11652
cs.LG 2401.11665
cs.LG 2401.11671
cs.LG 2401.11679
cs.LG 2401.11687
cs.LG 2401.11731
cs.LG 2401.11739
cs.LG 2401.11740
cs.LG 2401.11748
cs.LG 2401.11791
cs.LG 2401.11792
cs.LG 2401.11817
cs.LG 2401.11825
cs.LG 2401.11844
cs.LG 2401.11888
cs.LG 2401.11963
cs.LG 2401.12004
cs.LG 2401.12024
cs.LG 2401.12046
cs.LG 2401.12055
cs.LG 2401.12068
cs.LG 2401.12070
cs.LG 2401.12079
cs.LG 2401.12086
cs.LG 2401.12103
cs.LG 2401.12108
cs.LG 2401.12129
cs.LG 2401.12131
cs.LG 2401.12133
cs.LG 2401.12149
cs.LG 2401.12167
cs.LG 2401.12168
cs.LG 2401.12179
cs.LG 2401.12200
cs.LG 2401.12202
cs.LG 2401.12207
cs.LG 2401.12216
cs.LG 2401.12217
cs.LG 2401.10895
cs.LG 2401.11016
cs.LG 2401.11018
cs.LG 2401.11037
cs.LG 2401.11044
cs.LG 2401.11074
cs.LG 2401.11081
cs.LG 2401.11113
cs.LG 2401.11118
cs.LG 2401.11130
cs.LG 2401.11143
cs.LG 2401.11145
cs.LG 2401.11188
cs.LG 2401.11199
cs.LG 2401.11202
cs.LG 2401.11215
cs.LG 2401.11217
cs.LG 2401.11235
cs.LG 2401.11237
cs.LG 2401.11250
cs.LG 2401.11252
cs.LG 2401.11261
cs.LG 2401.11271
cs.LG 2401.11288
cs.LG 2401.11325
cs.LG 2401.11353
cs.LG 2401.11360
cs.LG 2401.11380
cs.LG 2401.11394
cs.LG 2401.11396
cs.LG 2401.11402
cs.LG 2401.11403
cs.LG 2401.11410
cs.LG 2401.11418
cs.LG 2401.11437
cs.LG 2401.11447
cs.LG 2401.11462
cs.LG 2401.11512
cs.LG 2401.11543
cs.LG 2401.11563
cs.LG 2401.11565
cs.LG 2401.11592
cs.LG 2401.11600
cs.LG 2401.11609
cs.LG 2401.11611
cs.LG 2401.11618
cs.LG 2401.11626
cs.LG 2401.11627
cs.LG 2401.11630
cs.LG 2401.11647
cs.LG 2401.11648
cs.LG 2401.11660
cs.LG 2401.11664
cs.LG 2401.11666
cs.LG 2401.11667
cs.LG 2401.11669
cs.LG 2401.11694
cs.LG 2401.11698
cs.LG 2401.11720
cs.LG 2401.11726
cs.LG 2401.11736
cs.LG 2401.11750
cs.LG 2401.11755
cs.LG 2401.11760
cs.LG 2401.11768
cs.LG 2401.11772
cs.LG 2401.11798
cs.LG 2401.11810
cs.LG 2401.11836
cs.LG 2401.11840
cs.LG 2401.11849
cs.LG 2401.11860
cs.LG 2401.11929
cs.LG 2401.11940
cs.LG 2401.11943
cs.LG 2401.11954
cs.LG 2401.11974
cs.LG 2401.11985
cs.LG 2401.11993
cs.LG 2401.12000
cs.LG 2401.12002
cs.LG 2401.12007
cs.LG 2401.12012
cs.LG 2401.12014
cs.LG 2401.12033
cs.LG 2401.12058
cs.LG 2401.12069
cs.LG 2401.12113
cs.LG 2401.12132
cs.LG 2401.12181
cs.LG 2401.12187
cs.LG 2401.12205
cs.LG 2103.12890
cs.LG 2401.06980
cs.LG 2401.12196
cs.LG 2401.12225
cs.LG 2401.12230
cs.LG 2401.12231
cs.LG 2401.12232
cs.LG 2401.12234
cs.LG 2401.12237
cs.LG 2401.12238
cs.LG 2401.12240
cs.LG 2401.12242
cs.LG 2401.12243
cs.LG 2401.12244
cs.LG 2401.12246
cs.LG 2401.12253
cs.LG 2401.12258
cs.LG 2401.12262
cs.LG 2401.12272
cs.LG 2401.12275
cs.LG 2401.12340
cs.LG 2401.12344
cs.LG 2401.12350
cs.LG 2401.12362
cs.LG 2401.12382
cs.LG 2401.12406
cs.LG 2401.12413
cs.LG 2401.12424
cs.LG 2401.12425
cs.LG 2401.12435
cs.LG 2401.12438
cs.LG 2401.12440
cs.LG 2401.12455
cs.LG 2401.12474
cs.LG 2401.12476
cs.LG 2401.12492
cs.LG 2401.12496
cs.LG 2401.12497
cs.LG 2401.12509
cs.LG 2401.12520
cs.LG 2401.12522
cs.LG 2401.12550
cs.LG 2401.12576
cs.LG 2401.12609
cs.LG 2401.12624
cs.LG 2401.12627
cs.LG 2401.12630
cs.LG 2401.12645
cs.LG 2401.12662
cs.LG 2401.12667
cs.LG 2401.12686
cs.LG 2401.12687
cs.LG 2401.12717
cs.LG 2401.12729
cs.LG 2401.12731
cs.LG 2401.12733
cs.LG 2401.12764
cs.LG 2401.12783
cs.LG 2401.12800
cs.LG 2401.12801
cs.LG 2401.12803
cs.LG 2401.12820
cs.LG 2401.12822
cs.LG 2401.12843
cs.LG 2401.12851
cs.LG 2401.12866
cs.LG 2401.12923
cs.LG 2401.12924
cs.LG 2401.12934
cs.LG 2401.12961
cs.LG 2401.12963
cs.LG 2401.12972
cs.LG 2401.12973
cs.LG 2401.12233
cs.LG 2401.12235
cs.LG 2401.12236
cs.LG 2401.12251
cs.LG 2401.12254
cs.LG 2401.12332
cs.LG 2401.12356
cs.LG 2401.12369
cs.LG 2401.12416
cs.LG 2401.12418
cs.LG 2401.12436
cs.LG 2401.12470
cs.LG 2401.12478
cs.LG 2401.12485
cs.LG 2401.12489
cs.LG 2401.12508
cs.LG 2401.12517
cs.LG 2401.12532
cs.LG 2401.12533
cs.LG 2401.12546
cs.LG 2401.12564
cs.LG 2401.12588
cs.LG 2401.12610
cs.LG 2401.12611
cs.LG 2401.12617
cs.LG 2401.12631
cs.LG 2401.12644
cs.LG 2401.12648
cs.LG 2401.12681
cs.LG 2401.12683
cs.LG 2401.12689
cs.LG 2401.12708
cs.LG 2401.12711
cs.LG 2401.12722
cs.LG 2401.12745
cs.LG 2401.12780
cs.LG 2401.12790
cs.LG 2401.12806
cs.LG 2401.12819
cs.LG 2401.12824
cs.LG 2401.12830
cs.LG 2401.12842
cs.LG 2401.12849
cs.LG 2401.12882
cs.LG 2401.12926
cs.LG 2401.12930
cs.LG 2401.12950
cs.LG 2401.12987
cs.LG 2401.12990
cs.LG 2401.12996
cs.LG 2401.12999
cs.LG 2401.13001
cs.LG 2401.13006
cs.LG 2401.13020
cs.LG 2401.13045
cs.LG 2401.13049
cs.LG 2401.13054
cs.LG 2401.13085
cs.LG 2401.13086
cs.LG 2401.13177
cs.LG 2401.13178
cs.LG 2401.13192
cs.LG 2401.13212
cs.LG 2401.13214
cs.LG 2401.13219
cs.LG 2401.13227
cs.LG 2401.13229
cs.LG 2401.13311
cs.LG 2401.13335
cs.LG 2401.13343
cs.LG 2401.13398
cs.LG 2401.13410
cs.LG 2401.13421
cs.LG 2401.13429
cs.LG 2401.13486
cs.LG 2401.13498
cs.LG 2401.13511
cs.LG 2401.13536
cs.LG 2401.13537
cs.LG 2401.13555
cs.LG 2401.13570
cs.LG 2401.13575
cs.LG 2401.13624
cs.LG 2401.13641
cs.LG 2401.13660
cs.LG 2401.13009
cs.LG 2401.13034
cs.LG 2401.13096
cs.LG 2401.13098
cs.LG 2401.13099
cs.LG 2401.13115
cs.LG 2401.13148
cs.LG 2401.13157
cs.LG 2401.13160
cs.LG 2401.13171
cs.LG 2401.13185
cs.LG 2401.13200
cs.LG 2401.13206
cs.LG 2401.13210
cs.LG 2401.13216
cs.LG 2401.13236
cs.LG 2401.13239
cs.LG 2401.13282
cs.LG 2401.13301
cs.LG 2401.13327
cs.LG 2401.13330
cs.LG 2401.13334
cs.LG 2401.13360
cs.LG 2401.13366
cs.LG 2401.13391
cs.LG 2401.13447
cs.LG 2401.13460
cs.LG 2401.13530
cs.LG 2401.13544
cs.LG 2401.13558
cs.LG 2401.13586
cs.LG 2401.13649
cs.LG 2401.13652
cs.LG 2401.13657
cs.LG 2401.13662
cs.LG 2401.12255
cs.LG 2401.13231
cs.LG 2401.13671
cs.LG 2401.13677
cs.LG 2401.13695
cs.LG 2401.13699
cs.LG 2401.13708
cs.LG 2401.13714
cs.LG 2401.13719
cs.LG 2401.13721
cs.LG 2401.13726
cs.LG 2401.13769
cs.LG 2401.13779
cs.LG 2401.13782
cs.LG 2401.13802
cs.LG 2401.13836
cs.LG 2401.13851
cs.LG 2401.13875
cs.LG 2401.13884
cs.LG 2401.13887
cs.LG 2401.13947
cs.LG 2401.13971
cs.LG 2401.13979
cs.LG 2401.13986
cs.LG 2401.14025
cs.LG 2401.14029
cs.LG 2401.14057
cs.LG 2401.14074
cs.LG 2401.14086
cs.LG 2401.14090
cs.LG 2401.14093
cs.LG 2401.14109
cs.LG 2401.14130
cs.LG 2401.14135
cs.LG 2401.14142
cs.LG 2401.14184
cs.LG 2401.14196
cs.LG 2401.14228
cs.LG 2401.14232
cs.LG 2401.14240
cs.LG 2401.14256
cs.LG 2401.14283
cs.LG 2401.14289
cs.LG 2401.14295
cs.LG 2401.14296
cs.LG 2401.14332
cs.LG 2401.14340
cs.LG 2401.14367
cs.LG 2401.14373
cs.LG 2401.14379
cs.LG 2401.14382
cs.LG 2401.14398
cs.LG 2401.14403
cs.LG 2401.14404
cs.LG 2401.14405
cs.LG 2401.13713
cs.LG 2401.13716
cs.LG 2401.13744
cs.LG 2401.13751
cs.LG 2401.13756
cs.LG 2401.13794
cs.LG 2401.13796
cs.LG 2401.13822
cs.LG 2401.13827
cs.LG 2401.13835
cs.LG 2401.13843
cs.LG 2401.13848
cs.LG 2401.13854
cs.LG 2401.13858
cs.LG 2401.13872
cs.LG 2401.13898
cs.LG 2401.13904
cs.LG 2401.13912
cs.LG 2401.13913
cs.LG 2401.13920
cs.LG 2401.13923
cs.LG 2401.13929
cs.LG 2401.13968
cs.LG 2401.13977
cs.LG 2401.13987
cs.LG 2401.14021
cs.LG 2401.14027
cs.LG 2401.14031
cs.LG 2401.14033
cs.LG 2401.14065
cs.LG 2401.14069
cs.LG 2401.14081
cs.LG 2401.14107
cs.LG 2401.14110
cs.LG 2401.14112
cs.LG 2401.14131
cs.LG 2401.14151
cs.LG 2401.14155
cs.LG 2401.14192
cs.LG 2401.14199
cs.LG 2401.14210
cs.LG 2401.14211
cs.LG 2401.14226
cs.LG 2401.14255
cs.LG 2401.14343
cs.LG 2401.14351
cs.LG 2401.14361
cs.LG 2401.14381
cs.LG 2401.14388
cs.CL 2401.10244
cs.CL 2401.10279
cs.CL 2401.10334
cs.CL 2401.10337
cs.CL 2401.10449
cs.CL 2401.10487
cs.CL 2401.10510
cs.CL 2401.10529
cs.CL 2401.10543
cs.CL 2401.10559
cs.CL 2401.10711
cs.CL 2401.10712
cs.CL 2401.10747
cs.CL 2401.10774
cs.CL 2401.10862
cs.CL 2401.10286
cs.CL 2401.10352
cs.CL 2401.10353
cs.CL 2401.10407
cs.CL 2401.10415
cs.CL 2401.10440
cs.CL 2401.10446
cs.CL 2401.10447
cs.CL 2401.10463
cs.CL 2401.10465
cs.CL 2401.10471
cs.CL 2401.10472
cs.CL 2401.10480
cs.CL 2401.10491
cs.CL 2401.10506
cs.CL 2401.10521
cs.CL 2401.10535
cs.CL 2401.10536
cs.CL 2401.10567
cs.CL 2401.10580
cs.CL 2401.10647
cs.CL 2401.10653
cs.CL 2401.10660
cs.CL 2401.10695
cs.CL 2401.10716
cs.CL 2401.10768
cs.CL 2401.10825
cs.CL 2401.10841
cs.CL 2401.10850
cs.CL 2401.10882
cs.CL 2401.10893
cs.CL 2401.10900
cs.CL 2401.10940
cs.CL 2401.11143
cs.CL 2401.11248
cs.CL 2401.11305
cs.CL 2401.11361
cs.CL 2401.11403
cs.CL 2401.11452
cs.CL 2401.11463
cs.CL 2401.11626
cs.CL 2401.11631
cs.CL 2401.11645
cs.CL 2401.11791
cs.CL 2401.11943
cs.CL 2401.12168
cs.CL 2401.12181
cs.CL 2401.12187
cs.CL 2401.12208
cs.CL 2401.10995
cs.CL 2401.11021
cs.CL 2401.11033
cs.CL 2401.11048
cs.CL 2401.11052
cs.CL 2401.11107
cs.CL 2401.11120
cs.CL 2401.11185
cs.CL 2401.11206
cs.CL 2401.11207
cs.CL 2401.11218
cs.CL 2401.11246
cs.CL 2401.11268
cs.CL 2401.11316
cs.CL 2401.11323
cs.CL 2401.11356
cs.CL 2401.11365
cs.CL 2401.11373
cs.CL 2401.11374
cs.CL 2401.11382
cs.CL 2401.11389
cs.CL 2401.11408
cs.CL 2401.11431
cs.CL 2401.11458
cs.CL 2401.11467
cs.CL 2401.11487
cs.CL 2401.11504
cs.CL 2401.11505
cs.CL 2401.11601
cs.CL 2401.11624
cs.CL 2401.11641
cs.CL 2401.11700
cs.CL 2401.11725
cs.CL 2401.11817
cs.CL 2401.11819
cs.CL 2401.11839
cs.CL 2401.11852
cs.CL 2401.11864
cs.CL 2401.11880
cs.CL 2401.11911
cs.CL 2401.11944
cs.CL 2401.11969
cs.CL 2401.11972
cs.CL 2401.12005
cs.CL 2401.12070
cs.CL 2401.12072
cs.CL 2401.12078
cs.CL 2401.12086
cs.CL 2401.12087
cs.CL 2401.12088
cs.CL 2401.12097
cs.CL 2401.12117
cs.CL 2401.12143
cs.CL 2401.12178
cs.CL 2401.12192
cs.CL 2401.12200
cs.CL 2401.12273
cs.CL 2401.12425
cs.CL 2401.12428
cs.CL 2401.12540
cs.CL 2401.12631
cs.CL 2401.12689
cs.CL 2401.12798
cs.CL 2401.12915
cs.CL 2401.12963
cs.CL 2401.12975
cs.CL 2401.12246
cs.CL 2401.12292
cs.CL 2401.12295
cs.CL 2401.12326
cs.CL 2401.12343
cs.CL 2401.12375
cs.CL 2401.12382
cs.CL 2401.12406
cs.CL 2401.12413
cs.CL 2401.12461
cs.CL 2401.12472
cs.CL 2401.12474
cs.CL 2401.12491
cs.CL 2401.12492
cs.CL 2401.12520
cs.CL 2401.12522
cs.CL 2401.12566
cs.CL 2401.12576
cs.CL 2401.12585
cs.CL 2401.12671
cs.CL 2401.12713
cs.CL 2401.12720
cs.CL 2401.12756
cs.CL 2401.12789
cs.CL 2401.12794
cs.CL 2401.12863
cs.CL 2401.12873
cs.CL 2401.12874
cs.CL 2401.12941
cs.CL 2401.12947
cs.CL 2401.12954
cs.CL 2401.12970
cs.CL 2401.12973
cs.CL 2401.13146
cs.CL 2401.13160
cs.CL 2401.13201
cs.CL 2401.13313
cs.CL 2401.13478
cs.CL 2401.13481
cs.CL 2401.13586
cs.CL 2401.13649
cs.CL 2401.12980
cs.CL 2401.12981
cs.CL 2401.12982
cs.CL 2401.12983
cs.CL 2401.12985
cs.CL 2401.12986
cs.CL 2401.12987
cs.CL 2401.12988
cs.CL 2401.12989
cs.CL 2401.12990
cs.CL 2401.12992
cs.CL 2401.12993
cs.CL 2401.12994
cs.CL 2401.12995
cs.CL 2401.12996
cs.CL 2401.12997
cs.CL 2401.12998
cs.CL 2401.13060
cs.CL 2401.13085
cs.CL 2401.13086
cs.CL 2401.13129
cs.CL 2401.13133
cs.CL 2401.13136
cs.CL 2401.13165
cs.CL 2401.13170
cs.CL 2401.13178
cs.CL 2401.13218
cs.CL 2401.13223
cs.CL 2401.13227
cs.CL 2401.13229
cs.CL 2401.13246
cs.CL 2401.13256
cs.CL 2401.13260
cs.CL 2401.13275
cs.CL 2401.13298
cs.CL 2401.13303
cs.CL 2401.13398
cs.CL 2401.13444
cs.CL 2401.13463
cs.CL 2401.13512
cs.CL 2401.13527
cs.CL 2401.13565
cs.CL 2401.13588
cs.CL 2401.13594
cs.CL 2401.13598
cs.CL 2401.13601
cs.CL 2401.13621
cs.CL 2401.13660
cs.CL 2401.12255
cs.CL 2401.13697
cs.CL 2401.13782
cs.CL 2401.13802
cs.CL 2401.13835
cs.CL 2401.13920
cs.CL 2401.14021
cs.CL 2401.14151
cs.CL 2401.14192
cs.CL 2401.14196
cs.CL 2401.13789
cs.CL 2401.13810
cs.CL 2401.13849
cs.CL 2401.13867
cs.CL 2401.13887
cs.CL 2401.13905
cs.CL 2401.13907
cs.CL 2401.13919
cs.CL 2401.13927
cs.CL 2401.13979
cs.CL 2401.13986
cs.CL 2401.13996
cs.CL 2401.14003
cs.CL 2401.14011
cs.CL 2401.14016
cs.CL 2401.14019
cs.CL 2401.14040
cs.CL 2401.14043
cs.CL 2401.14067
cs.CL 2401.14109
cs.CL 2401.14113
cs.CL 2401.14135
cs.CL 2401.14166
cs.CL 2401.14194
cs.CL 2401.14212
cs.CL 2401.14215
cs.CL 2401.14228
cs.CL 2401.14240
cs.CL 2401.14242
cs.CL 2401.14267
cs.CL 2401.14280
cs.CL 2401.14295
cs.CL 2401.14360
cs.CL 2401.14367
cs.CL 2401.14373
cs.CL 2401.14400
cs.NI 2401.10265
cs.NI 2401.10297
cs.NI 2401.10361
cs.NI 2401.10387
cs.NI 2401.10614
cs.NI 2401.10664
cs.NI 2401.10754
cs.NI 2401.10250
cs.NI 2401.10253
cs.NI 2401.10368
cs.NI 2401.10382
cs.NI 2401.10390
cs.NI 2401.10646
cs.NI 2401.10670
cs.NI 2401.10681
cs.NI 2401.10708
cs.NI 2401.10823
cs.NI 2401.10898
cs.NI 2401.11449
cs.NI 2401.11761
cs.NI 2401.11391
cs.NI 2401.11419
cs.NI 2401.11490
cs.NI 2401.11520
cs.NI 2401.11731
cs.NI 2401.12221
cs.NI 2401.12624
cs.NI 2401.12962
cs.NI 2401.12582
cs.NI 2401.12690
cs.NI 2401.12698
cs.NI 2401.12699
cs.NI 2401.12800
cs.NI 2401.12801
cs.NI 2401.12815
cs.NI 2401.12826
cs.NI 2401.12961
cs.NI 2401.13354
cs.NI 2401.13359
cs.NI 2401.13653
cs.NI 2401.13346
cs.NI 2401.13488
cs.NI 2401.13569
cs.NI 2401.13631
cs.NI 2401.13691
cs.NI 2401.13827
cs.NI 2401.14173
cs.NI 2401.13792
cs.NI 2401.14056
cs.NI 2401.14350
stat.TH 2401.10869
stat.TH 2401.10349
stat.TH 2401.11081
stat.TH 2401.11229
stat.TH 2401.11253
stat.TH 2401.11265
stat.TH 2401.11359
stat.TH 2401.11380
stat.TH 2401.11422
stat.TH 2401.11495
stat.TH 2401.11540
stat.TH 2401.11096
stat.TH 2401.11272
stat.TH 2401.11548
stat.TH 2401.11554
stat.TH 2401.11672
stat.TH 2401.12190
stat.TH 2401.12610
stat.TH 2401.12270
stat.TH 2401.12331
stat.TH 2401.12409
stat.TH 2401.12482
stat.TH 2401.12598
stat.TH 2401.12753
stat.TH 2401.12967
stat.TH 2401.13379
stat.TH 2401.13429
stat.TH 2401.13543
stat.TH 2401.13007
stat.TH 2401.13065
stat.TH 2401.13532
stat.TH 2401.13665
stat.TH 2401.13760
stat.TH 2401.14094
stat.TH 2401.14277
stat.TH 2401.13758
stat.TH 2401.13948
cs.RO 2401.10313
cs.RO 2401.10314
cs.RO 2401.10379
cs.RO 2401.10519
cs.RO 2401.10700
cs.RO 2401.10709
cs.RO 2401.10805
cs.RO 2401.10831
cs.RO 2401.10857
cs.RO 2401.10886
cs.RO 2401.10702
cs.RO 2401.10804
cs.RO 2401.10837
cs.RO 2401.11061
cs.RO 2401.11118
cs.RO 2401.11414
cs.RO 2401.11437
cs.RO 2401.11535
cs.RO 2401.11644
cs.RO 2401.11876
cs.RO 2401.11915
cs.RO 2401.11985
cs.RO 2401.12168
cs.RO 2401.10997
cs.RO 2401.11203
cs.RO 2401.11371
cs.RO 2401.11372
cs.RO 2401.11378
cs.RO 2401.11432
cs.RO 2401.11439
cs.RO 2401.11445
cs.RO 2401.11491
cs.RO 2401.11500
cs.RO 2401.11542
cs.RO 2401.11634
cs.RO 2401.11681
cs.RO 2401.11709
cs.RO 2401.11715
cs.RO 2401.11721
cs.RO 2401.11776
cs.RO 2401.11792
cs.RO 2401.11834
cs.RO 2401.11838
cs.RO 2401.11908
cs.RO 2401.11945
cs.RO 2401.11977
cs.RO 2401.12024
cs.RO 2401.12046
cs.RO 2401.12048
cs.RO 2401.12076
cs.RO 2401.12202
cs.RO 2401.12243
cs.RO 2401.12414
cs.RO 2401.12422
cs.RO 2401.12464
cs.RO 2401.12497
cs.RO 2401.12632
cs.RO 2401.12275
cs.RO 2401.12317
cs.RO 2401.12380
cs.RO 2401.12389
cs.RO 2401.12392
cs.RO 2401.12496
cs.RO 2401.12662
cs.RO 2401.12687
cs.RO 2401.12852
cs.RO 2401.12888
cs.RO 2401.12963
cs.RO 2401.12965
cs.RO 2401.13082
cs.RO 2401.13148
cs.RO 2401.13405
cs.RO 2401.13585
cs.RO 2401.13643
cs.RO 2401.13062
cs.RO 2401.13076
cs.RO 2401.13078
cs.RO 2401.13103
cs.RO 2401.13127
cs.RO 2401.13190
cs.RO 2401.13231
cs.RO 2401.13302
cs.RO 2401.13362
cs.RO 2401.13416
cs.RO 2401.13439
cs.RO 2401.13441
cs.RO 2401.13462
cs.RO 2401.13493
cs.RO 2401.13540
cs.RO 2401.13568
cs.RO 2401.13610
cs.RO 2401.13612
cs.RO 2401.13614
cs.RO 2401.13622
cs.RO 2401.13877
cs.RO 2401.14078
cs.RO 2401.14276
cs.RO 2401.13800
cs.RO 2401.13853
cs.RO 2401.13903
cs.RO 2401.13931
cs.RO 2401.13941
cs.RO 2401.13957
cs.RO 2401.14013
cs.RO 2401.14057
cs.RO 2401.14147
cs.RO 2401.14292
cs.RO 2401.14349
cs.RO 2401.14403
eess.IV 2401.10256
eess.IV 2401.10598
eess.IV 2401.10643
eess.IV 2401.10345
eess.IV 2401.10373
eess.IV 2401.10389
eess.IV 2401.10419
eess.IV 2401.10561
eess.IV 2401.10637
eess.IV 2401.10709
eess.IV 2401.10732
eess.IV 2401.10761
eess.IV 2401.10793
eess.IV 2401.11313
eess.IV 2401.11485
eess.IV 2401.11519
eess.IV 2401.11582
eess.IV 2401.11960
eess.IV 2401.12132
eess.IV 2401.10958
eess.IV 2401.10966
eess.IV 2401.11224
eess.IV 2401.11270
eess.IV 2401.11413
eess.IV 2401.11464
eess.IV 2401.11615
eess.IV 2401.11671
eess.IV 2401.11675
eess.IV 2401.11856
eess.IV 2401.11859
eess.IV 2401.11902
eess.IV 2401.12004
eess.IV 2401.12074
eess.IV 2401.12167
eess.IV 2401.12251
eess.IV 2401.12264
eess.IV 2401.12340
eess.IV 2401.12609
eess.IV 2401.12826
eess.IV 2401.12913
eess.IV 2401.12972
eess.IV 2401.12438
eess.IV 2401.12488
eess.IV 2401.12587
eess.IV 2401.12725
eess.IV 2401.12771
eess.IV 2401.12932
eess.IV 2401.12938
eess.IV 2401.12974
eess.IV 2401.13006
eess.IV 2401.13051
eess.IV 2401.13049
eess.IV 2401.13114
eess.IV 2401.13140
eess.IV 2401.13147
eess.IV 2401.13197
eess.IV 2401.13220
eess.IV 2401.13315
eess.IV 2401.13403
eess.IV 2401.13472
eess.IV 2401.13511
eess.IV 2401.13616
eess.IV 2401.13650
eess.IV 2401.13980
eess.IV 2401.14285
eess.IV 2401.13959
eess.IV 2401.13990
eess.IV 2401.13998
eess.IV 2401.14007
eess.IV 2401.14130
eess.IV 2401.14171
eess.IV 2401.14193
eess.IV 2401.14206
eess.IV 2401.14220
eess.IV 2401.14248
math.DS 2401.10239
math.DS 2401.10594
math.DS 2401.10620
math.DS 2401.10649
math.DS 2401.10335
math.DS 2401.10347
math.DS 2401.10378
math.DS 2401.10482
math.DS 2401.10764
math.DS 2401.10767
math.DS 2401.10776
math.DS 2401.11217
math.DS 2401.11260
math.DS 2401.11309
math.DS 2401.11310
math.DS 2401.11481
math.DS 2401.11744
math.DS 2401.11277
math.DS 2401.11639
math.DS 2401.11747
math.DS 2401.11866
math.DS 2401.12081
math.DS 2401.12182
math.DS 2401.12299
math.DS 2401.12398
math.DS 2401.12462
math.DS 2401.12476
math.DS 2401.12660
math.DS 2401.12718
math.DS 2401.12767
math.DS 2401.12899
math.DS 2401.12316
math.DS 2401.12327
math.DS 2401.12361
math.DS 2401.12374
math.DS 2401.12386
math.DS 2401.12465
math.DS 2401.12781
math.DS 2401.12837
math.DS 2401.13367
math.DS 2401.13091
math.DS 2401.13259
math.DS 2401.13300
math.DS 2401.13492
math.DS 2401.13559
math.DS 2401.13626
math.DS 2401.14131
math.DS 2401.14145
math.DS 2401.14235
math.DS 2401.14275
math.DS 2401.14347
math.DS 2401.13878
math.DS 2401.14164
math.DS 2401.14175
eess.AS 2401.10242
eess.AS 2401.10291
eess.AS 2401.10446
eess.AS 2401.10447
eess.AS 2401.10460
eess.AS 2401.10465
eess.AS 2401.10544
eess.AS 2401.10653
eess.AS 2401.10747
eess.AS 2401.10411
eess.AS 2401.10449
eess.AS 2401.10453
eess.AS 2401.10494
eess.AS 2401.10543
eess.AS 2401.11095
eess.AS 2401.11102
eess.AS 2401.11143
eess.AS 2401.11156
eess.AS 2401.11199
eess.AS 2401.11268
eess.AS 2401.11700
eess.AS 2401.11983
eess.AS 2401.12039
eess.AS 2401.12055
eess.AS 2401.12068
eess.AS 2401.12179
eess.AS 2401.11017
eess.AS 2401.11053
eess.AS 2401.11645
eess.AS 2401.11771
eess.AS 2401.11829
eess.AS 2401.11832
eess.AS 2401.11857
eess.AS 2401.12085
eess.AS 2401.12160
eess.AS 2401.12266
eess.AS 2401.12600
eess.AS 2401.12656
eess.AS 2401.12789
eess.AS 2401.12925
eess.AS 2401.12238
eess.AS 2401.12264
eess.AS 2401.12440
eess.AS 2401.12473
eess.AS 2401.12570
eess.AS 2401.12850
eess.AS 2401.12987
eess.AS 2401.12992
eess.AS 2401.13260
eess.AS 2401.13463
eess.AS 2401.13498
eess.AS 2401.13527
eess.AS 2401.13548
eess.AS 2401.13611
eess.AS 2401.13146
eess.AS 2401.13249
eess.AS 2401.13276
eess.AS 2401.13401
eess.AS 2401.13851
eess.AS 2401.14185
eess.AS 2401.14289
eess.AS 2401.13766
eess.AS 2401.13921
eess.AS 2401.14269
eess.AS 2401.14271
eess.AS 2401.14321
cs.SY 2401.10250
cs.SY 2401.10266
cs.SY 2401.10280
cs.SY 2401.10313
cs.SY 2401.10361
cs.SY 2401.10412
cs.SY 2401.10623
cs.SY 2401.10689
cs.SY 2401.10696
cs.SY 2401.10724
cs.SY 2401.10239
cs.SY 2401.10418
cs.SY 2401.10451
cs.SY 2401.10498
cs.SY 2401.10519
cs.SY 2401.10619
cs.SY 2401.10726
cs.SY 2401.10785
cs.SY 2401.10949
cs.SY 2401.11030
cs.SY 2401.11090
cs.SY 2401.11214
cs.SY 2401.11333
cs.SY 2401.11344
cs.SY 2401.11349
cs.SY 2401.11370
cs.SY 2401.11371
cs.SY 2401.11445
cs.SY 2401.11500
cs.SY 2401.11542
cs.SY 2401.11567
cs.SY 2401.11630
cs.SY 2401.11709
cs.SY 2401.11715
cs.SY 2401.11721
cs.SY 2401.11836
cs.SY 2401.11860
cs.SY 2401.10921
cs.SY 2401.10945
cs.SY 2401.10959
cs.SY 2401.10990
cs.SY 2401.11077
cs.SY 2401.11148
cs.SY 2401.11183
cs.SY 2401.11189
cs.SY 2401.11191
cs.SY 2401.11196
cs.SY 2401.11200
cs.SY 2401.11328
cs.SY 2401.11398
cs.SY 2401.11483
cs.SY 2401.11488
cs.SY 2401.11533
cs.SY 2401.11536
cs.SY 2401.11538
cs.SY 2401.11539
cs.SY 2401.11608
cs.SY 2401.11620
cs.SY 2401.11677
cs.SY 2401.11779
cs.SY 2401.11961
cs.SY 2401.12172
cs.SY 2401.12214
cs.SY 2401.12234
cs.SY 2401.12235
cs.SY 2401.12240
cs.SY 2401.12243
cs.SY 2401.12455
cs.SY 2401.12546
cs.SY 2401.12556
cs.SY 2401.12848
cs.SY 2401.12849
cs.SY 2401.12923
cs.SY 2401.12962
cs.SY 2401.12241
cs.SY 2401.12263
cs.SY 2401.12265
cs.SY 2401.12468
cs.SY 2401.12562
cs.SY 2401.12707
cs.SY 2401.12747
cs.SY 2401.12822
cs.SY 2401.12919
cs.SY 2401.12943
cs.SY 2311.14591
cs.SY 2401.13062
cs.SY 2401.13148
cs.SY 2401.13190
cs.SY 2401.13439
cs.SY 2401.13441
cs.SY 2401.13493
cs.SY 2401.13610
cs.SY 2401.13612
cs.SY 2401.13622
cs.SY 2401.13014
cs.SY 2401.13020
cs.SY 2401.13105
cs.SY 2401.13128
cs.SY 2401.13182
cs.SY 2401.13268
cs.SY 2401.13312
cs.SY 2401.13345
cs.SY 2401.13438
cs.SY 2401.13451
cs.SY 2401.13464
cs.SY 2401.13546
cs.SY 2401.13552
cs.SY 2401.13556
cs.SY 2401.13561
cs.SY 2401.13585
cs.SY 2401.13596
cs.SY 2401.13602
cs.SY 2401.13606
cs.SY 2401.13762
cs.SY 2401.13926
cs.SY 2401.13957
cs.SY 2401.14029
cs.SY 2401.14065
cs.SY 2401.14183
cs.SY 2401.14403
cs.SY 2401.13761
cs.SY 2401.13784
cs.SY 2401.13801
cs.SY 2401.13836
cs.SY 2401.13936
cs.SY 2401.13947
cs.SY 2401.14085
cs.SY 2401.14263
cs.SY 2401.14276
cs.SY 2401.14297
cs.SY 2401.14304
eess.SP 2401.10266
eess.SP 2401.10269
eess.SP 2401.10288
eess.SP 2401.10315
eess.SP 2401.10386
eess.SP 2401.10390
eess.SP 2401.10392
eess.SP 2401.10581
eess.SP 2401.10653
eess.SP 2401.10685
eess.SP 2401.10705
eess.SP 2401.10793
eess.SP 2401.10278
eess.SP 2401.10280
eess.SP 2401.10281
eess.SP 2401.10282
eess.SP 2401.10283
eess.SP 2401.10284
eess.SP 2401.10285
eess.SP 2401.10291
eess.SP 2401.10297
eess.SP 2401.10305
eess.SP 2401.10355
eess.SP 2401.10396
eess.SP 2401.10513
eess.SP 2401.10591
eess.SP 2401.10606
eess.SP 2401.10694
eess.SP 2401.10698
eess.SP 2401.10704
eess.SP 2401.10746
eess.SP 2401.11058
eess.SP 2401.11113
eess.SP 2401.11141
eess.SP 2401.11143
eess.SP 2401.11195
eess.SP 2401.11205
eess.SP 2401.11236
eess.SP 2401.11250
eess.SP 2401.11344
eess.SP 2401.11409
eess.SP 2401.11413
eess.SP 2401.11419
eess.SP 2401.11429
eess.SP 2401.11730
eess.SP 2401.11820
eess.SP 2401.11921
eess.SP 2401.12004
eess.SP 2401.12025
eess.SP 2401.12107
eess.SP 2401.12193
eess.SP 2401.11006
eess.SP 2401.11039
eess.SP 2401.11117
eess.SP 2401.11137
eess.SP 2401.11176
eess.SP 2401.11333
eess.SP 2401.11369
eess.SP 2401.11376
eess.SP 2401.11377
eess.SP 2401.11435
eess.SP 2401.11449
eess.SP 2401.11479
eess.SP 2401.11640
eess.SP 2401.11882
eess.SP 2401.12141
eess.SP 2401.12173
eess.SP 2401.12351
eess.SP 2401.12499
eess.SP 2401.12627
eess.SP 2401.12645
eess.SP 2401.12783
eess.SP 2401.12801
eess.SP 2401.12803
eess.SP 2401.12857
eess.SP 2401.12901
eess.SP 2401.12345
eess.SP 2401.12469
eess.SP 2401.12622
eess.SP 2401.12868
eess.SP 2401.12890
eess.SP 2401.13114
eess.SP 2401.13161
eess.SP 2401.13401
eess.SP 2401.13442
eess.SP 2401.13498
eess.SP 2401.13564
eess.SP 2401.13587
eess.SP 2401.13653
eess.SP 2401.13059
eess.SP 2401.13067
eess.SP 2401.13194
eess.SP 2401.13368
eess.SP 2401.13743
eess.SP 2401.13779
eess.SP 2401.13790
eess.SP 2401.13882
eess.SP 2401.14008
eess.SP 2401.14085
eess.SP 2401.14107
eess.SP 2401.14129
eess.SP 2401.13769
eess.SP 2401.13791
eess.SP 2401.13893
eess.SP 2401.13897
eess.SP 2401.13914
eess.SP 2401.13995
eess.SP 2401.14203
eess.SP 2401.14216
eess.SP 2401.14219
eess.SP 2401.14281
eess.SP 2401.14287
eess.SP 2401.14308
math.PR 2401.10349
math.PR 2401.10638
math.PR 2401.10486
math.PR 2401.10507
math.PR 2401.10734
math.PR 2401.10818
math.PR 2401.10868
math.PR 2401.10952
math.PR 2401.11125
math.PR 2401.11213
math.PR 2401.11272
math.PR 2401.11532
math.PR 2401.11538
math.PR 2401.11658
math.PR 2401.11866
math.PR 2401.10955
math.PR 2401.10987
math.PR 2401.11045
math.PR 2401.11354
math.PR 2401.11381
math.PR 2401.11383
math.PR 2401.11384
math.PR 2401.11385
math.PR 2401.11457
math.PR 2401.11495
math.PR 2401.11568
math.PR 2401.11863
math.PR 2401.11925
math.PR 2401.11958
math.PR 2401.12197
math.PR 2401.12263
math.PR 2401.12265
math.PR 2401.12267
math.PR 2401.12268
math.PR 2401.12270
math.PR 2401.12352
math.PR 2401.12361
math.PR 2401.12610
math.PR 2401.12655
math.PR 2401.12742
math.PR 2401.12781
math.PR 2401.12844
math.PR 2401.12397
math.PR 2401.12431
math.PR 2401.12512
math.PR 2401.12605
math.PR 2401.12676
math.PR 2401.12715
math.PR 2401.12721
math.PR 2401.12748
math.PR 2401.12767
math.PR 2401.12811
math.PR 2401.12935
math.PR 2401.13007
math.PR 2401.13300
math.PR 2401.13390
math.PR 2401.13428
math.PR 2401.13435
math.PR 2401.13455
math.PR 2401.13507
math.PR 2401.13532
math.PR 2401.13646
math.PR 2401.13648
math.PR 2401.13139
math.PR 2401.13183
math.PR 2401.13238
math.PR 2401.13271
math.PR 2401.13299
math.PR 2401.13326
math.PR 2401.13380
math.PR 2401.13412
math.PR 2401.13543
math.PR 2401.13599
math.PR 2401.13620
math.PR 2401.13812
math.PR 2401.14012
math.PR 2401.14277
math.PR 2401.14318
math.PR 2401.14383
math.PR 2401.14385
math.PR 2401.13771
math.PR 2401.13844
math.PR 2401.13873
math.PR 2401.14045
math.PR 2401.14235
math.OC 2401.10385
math.OC 2401.10467
math.OC 2401.10473
math.OC 2401.10619
math.OC 2401.10240
math.OC 2401.10308
math.OC 2401.10346
math.OC 2401.10356
math.OC 2401.10400
math.OC 2401.10412
math.OC 2401.10429
math.OC 2401.10551
math.OC 2401.10572
math.OC 2401.10583
math.OC 2401.10616
math.OC 2401.10624
math.OC 2401.10728
math.OC 2401.10757
math.OC 2401.10866
math.OC 2401.11090
math.OC 2401.11183
math.OC 2401.11413
math.OC 2401.11418
math.OC 2401.11608
math.OC 2401.11854
math.OC 2401.11940
math.OC 2401.11958
math.OC 2401.12010
math.OC 2401.12025
math.OC 2401.12151
math.OC 2401.12172
math.OC 2401.12216
math.OC 2401.10923
math.OC 2401.10952
math.OC 2401.11112
math.OC 2401.11264
math.OC 2401.11302
math.OC 2401.11319
math.OC 2401.11344
math.OC 2401.11460
math.OC 2401.11567
math.OC 2401.11569
math.OC 2401.11573
math.OC 2401.11593
math.OC 2401.11655
math.OC 2401.11744
math.OC 2401.11774
math.OC 2401.12124
math.OC 2401.12135
math.OC 2401.12332
math.OC 2401.12508
math.OC 2401.12546
math.OC 2401.12562
math.OC 2401.12746
math.OC 2401.12748
math.OC 2401.12934
math.OC 2401.12243
math.OC 2401.12253
math.OC 2401.12267
math.OC 2401.12348
math.OC 2401.12359
math.OC 2401.12365
math.OC 2401.12388
math.OC 2401.12417
math.OC 2401.12463
math.OC 2401.12490
math.OC 2401.12556
math.OC 2401.12613
math.OC 2401.12623
math.OC 2401.12625
math.OC 2401.12673
math.OC 2401.12675
math.OC 2401.12759
math.OC 2401.12764
math.OC 2401.12907
math.OC 2401.13216
math.OC 2401.13349
math.OC 2401.13552
math.OC 2401.13585
math.OC 2401.13596
math.OC 2401.13602
math.OC 2401.13610
math.OC 2401.13004
math.OC 2401.13092
math.OC 2401.13121
math.OC 2401.13125
math.OC 2401.13163
math.OC 2401.13316
math.OC 2401.13454
math.OC 2401.13455
math.OC 2401.13844
math.OC 2401.13884
math.OC 2401.14086
math.OC 2401.14183
math.OC 2401.14383
math.OC 2401.13762
math.OC 2401.13773
math.OC 2401.13813
math.OC 2401.13831
math.OC 2401.13840
math.OC 2401.13944
math.OC 2401.13971
math.OC 2401.14029
math.OC 2401.14137
math.OC 2401.14158
math.OC 2401.14189
math.OC 2401.14202
