cs.DB 2405.00960
cs.DB 2405.01510
cs.DB 2405.00764
cs.DB 2405.01312
cs.DB 2405.01418
cs.DB 2405.01448
cs.DB 2405.03267
cs.DB 2405.03579
cs.DB 2405.02506
cs.DB 2405.03345
cs.DB 2405.03426
cs.DB 2405.03511
cs.DB 2405.03708
cs.DB 2405.03870
cs.DB 2405.03883
cs.DB 2405.03851
cs.DB 2405.03924
cs.DB 2405.03989
cs.DB 2405.04674
cs.DB 2405.04814
cs.DB 2405.04936
cs.DB 2405.04984
cs.DB 2405.05413
cs.DB 2405.05536
cs.DB 2405.05601
cs.CE 2405.01770
cs.CE 2405.02161
cs.CE 2405.01689
cs.CE 2405.01754
cs.CE 2405.01975
cs.CE 2405.03513
cs.CE 2405.02298
cs.CE 2405.02299
cs.CE 2405.02303
cs.CE 2405.02310
cs.CE 2405.02611
cs.CE 2405.02760
cs.CE 2405.02903
cs.CE 2405.03029
cs.CE 2405.03151
cs.CE 2405.03437
cs.CE 2405.03658
cs.CE 2405.04380
cs.CE 2405.03992
cs.CE 2405.04396
cs.CE 2405.04539
cs.CE 2405.05213
cs.CE 2405.04603
cs.CE 2405.04985
cs.CE 2405.05033
cs.CE 2405.05086
cs.CE 2405.05155
cs.CE 2405.05516
cs.CE 2405.05626
cs.CE 2405.05556
cs.CE 2405.05790
cs.DM 2405.01879
cs.DM 2405.02621
cs.DM 2405.02727
cs.DM 2405.03270
cs.DM 2405.03278
cs.DM 2405.03517
cs.DM 2405.03587
cs.DM 2405.03687
cs.DM 2405.02342
cs.DM 2405.03302
cs.DM 2405.03309
cs.DM 2405.03856
cs.DM 2405.04119
cs.DM 2405.04385
cs.DM 2405.04526
cs.DM 2405.04648
cs.DM 2405.05082
cs.DM 2405.05195
cs.DM 2405.05202
cs.DM 2405.05270
cs.DM 2405.05296
cs.DM 2405.05513
cs.DM 2405.05535
cs.DM 2405.05571
cs.DM 2405.05831
cs.DM 2405.05939
cs.DM 2405.05950
cs.DM 2405.05544
cs.CV 2405.01583
cs.CV 2405.01587
cs.CV 2405.01600
cs.CV 2405.01607
cs.CV 2405.01644
cs.CV 2405.01658
cs.CV 2405.01661
cs.CV 2405.01673
cs.CV 2405.01725
cs.CV 2405.01726
cs.CV 2405.01750
cs.CV 2405.01776
cs.CV 2405.01820
cs.CV 2405.01822
cs.CV 2405.01857
cs.CV 2405.01963
cs.CV 2405.01971
cs.CV 2405.01995
cs.CV 2405.02109
cs.CV 2405.02179
cs.CV 2405.02208
cs.CV 2405.02287
cs.CV 2405.01558
cs.CV 2405.01636
cs.CV 2405.01646
cs.CV 2405.01654
cs.CV 2405.01656
cs.CV 2405.01662
cs.CV 2405.01688
cs.CV 2405.01691
cs.CV 2405.01699
cs.CV 2405.01701
cs.CV 2405.01705
cs.CV 2405.01723
cs.CV 2405.01734
cs.CV 2405.01825
cs.CV 2405.01828
cs.CV 2405.01872
cs.CV 2405.01885
cs.CV 2405.01920
cs.CV 2405.01926
cs.CV 2405.01934
cs.CV 2405.01937
cs.CV 2405.01992
cs.CV 2405.02004
cs.CV 2405.02005
cs.CV 2405.02008
cs.CV 2405.02023
cs.CV 2405.02061
cs.CV 2405.02066
cs.CV 2405.02068
cs.CV 2405.02077
cs.CV 2405.02114
cs.CV 2405.02155
cs.CV 2405.02162
cs.CV 2405.02171
cs.CV 2405.02191
cs.CV 2405.02218
cs.CV 2405.02220
cs.CV 2405.02246
cs.CV 2405.02266
cs.CV 2405.02280
cs.CV 2405.02367
cs.CV 2405.02383
cs.CV 2405.02497
cs.CV 2405.02504
cs.CV 2405.02648
cs.CV 2405.02678
cs.CV 2405.02698
cs.CV 2405.02700
cs.CV 2405.02766
cs.CV 2405.02784
cs.CV 2405.02807
cs.CV 2405.02852
cs.CV 2405.02857
cs.CV 2405.02942
cs.CV 2405.02984
cs.CV 2405.03008
cs.CV 2405.03103
cs.CV 2405.03141
cs.CV 2405.03164
cs.CV 2405.03301
cs.CV 2405.03355
cs.CV 2405.03376
cs.CV 2405.03408
cs.CV 2405.03486
cs.CV 2405.03500
cs.CV 2405.03501
cs.CV 2405.03649
cs.CV 2405.02288
cs.CV 2405.02295
cs.CV 2405.02296
cs.CV 2405.02297
cs.CV 2405.02301
cs.CV 2405.02305
cs.CV 2405.02312
cs.CV 2405.02317
cs.CV 2405.02332
cs.CV 2405.02334
cs.CV 2405.02363
cs.CV 2405.02386
cs.CV 2405.02508
cs.CV 2405.02509
cs.CV 2405.02512
cs.CV 2405.02515
cs.CV 2405.02538
cs.CV 2405.02556
cs.CV 2405.02564
cs.CV 2405.02568
cs.CV 2405.02571
cs.CV 2405.02581
cs.CV 2405.02586
cs.CV 2405.02591
cs.CV 2405.02595
cs.CV 2405.02608
cs.CV 2405.02652
cs.CV 2405.02676
cs.CV 2405.02686
cs.CV 2405.02692
cs.CV 2405.02717
cs.CV 2405.02730
cs.CV 2405.02751
cs.CV 2405.02762
cs.CV 2405.02771
cs.CV 2405.02781
cs.CV 2405.02782
cs.CV 2405.02785
cs.CV 2405.02787
cs.CV 2405.02791
cs.CV 2405.02792
cs.CV 2405.02793
cs.CV 2405.02797
cs.CV 2405.02811
cs.CV 2405.02815
cs.CV 2405.02824
cs.CV 2405.02830
cs.CV 2405.02832
cs.CV 2405.02834
cs.CV 2405.02843
cs.CV 2405.02844
cs.CV 2405.02859
cs.CV 2405.02880
cs.CV 2405.02882
cs.CV 2405.02906
cs.CV 2405.02911
cs.CV 2405.02913
cs.CV 2405.02917
cs.CV 2405.02918
cs.CV 2405.02929
cs.CV 2405.02941
cs.CV 2405.02944
cs.CV 2405.02945
cs.CV 2405.02951
cs.CV 2405.02954
cs.CV 2405.02958
cs.CV 2405.02961
cs.CV 2405.02962
cs.CV 2405.02977
cs.CV 2405.02982
cs.CV 2405.03011
cs.CV 2405.03025
cs.CV 2405.03039
cs.CV 2405.03055
cs.CV 2405.03091
cs.CV 2405.03099
cs.CV 2405.03104
cs.CV 2405.03109
cs.CV 2405.03121
cs.CV 2405.03144
cs.CV 2405.03150
cs.CV 2405.03159
cs.CV 2405.03162
cs.CV 2405.03177
cs.CV 2405.03190
cs.CV 2405.03193
cs.CV 2405.03194
cs.CV 2405.03197
cs.CV 2405.03202
cs.CV 2405.03218
cs.CV 2405.03221
cs.CV 2405.03235
cs.CV 2405.03243
cs.CV 2405.03272
cs.CV 2405.03280
cs.CV 2405.03311
cs.CV 2405.03314
cs.CV 2405.03318
cs.CV 2405.03328
cs.CV 2405.03333
cs.CV 2405.03349
cs.CV 2405.03351
cs.CV 2405.03352
cs.CV 2405.03373
cs.CV 2405.03381
cs.CV 2405.03388
cs.CV 2405.03417
cs.CV 2405.03420
cs.CV 2405.03436
cs.CV 2405.03458
cs.CV 2405.03462
cs.CV 2405.03485
cs.CV 2405.03519
cs.CV 2405.03520
cs.CV 2405.03541
cs.CV 2405.03545
cs.CV 2405.03546
cs.CV 2405.03565
cs.CV 2405.03613
cs.CV 2405.03633
cs.CV 2405.03642
cs.CV 2405.03643
cs.CV 2405.03650
cs.CV 2405.03652
cs.CV 2405.03659
cs.CV 2405.03660
cs.CV 2405.03662
cs.CV 2405.03673
cs.CV 2405.03682
cs.CV 2405.03685
cs.CV 2405.03689
cs.CV 2405.03690
cs.CV 2405.03713
cs.CV 2405.03730
cs.CV 2405.03732
cs.CV 2405.03762
cs.CV 2405.03827
cs.CV 2405.03905
cs.CV 2405.04023
cs.CV 2405.04041
cs.CV 2405.04071
cs.CV 2405.04169
cs.CV 2405.04191
cs.CV 2405.04274
cs.CV 2405.04288
cs.CV 2405.04295
cs.CV 2405.04378
cs.CV 2405.04392
cs.CV 2405.04459
cs.CV 2405.03702
cs.CV 2405.03715
cs.CV 2405.03722
cs.CV 2405.03770
cs.CV 2405.03803
cs.CV 2405.03846
cs.CV 2405.03852
cs.CV 2405.03882
cs.CV 2405.03884
cs.CV 2405.03894
cs.CV 2405.03945
cs.CV 2405.03955
cs.CV 2405.03958
cs.CV 2405.03959
cs.CV 2405.03971
cs.CV 2405.03978
cs.CV 2405.03981
cs.CV 2405.03995
cs.CV 2405.04007
cs.CV 2405.04009
cs.CV 2405.04042
cs.CV 2405.04044
cs.CV 2405.04093
cs.CV 2405.04097
cs.CV 2405.04100
cs.CV 2405.04103
cs.CV 2405.04121
cs.CV 2405.04133
cs.CV 2405.04164
cs.CV 2405.04167
cs.CV 2405.04175
cs.CV 2405.04189
cs.CV 2405.04211
cs.CV 2405.04233
cs.CV 2405.04251
cs.CV 2405.04299
cs.CV 2405.04305
cs.CV 2405.04309
cs.CV 2405.04311
cs.CV 2405.04312
cs.CV 2405.04327
cs.CV 2405.04345
cs.CV 2405.04356
cs.CV 2405.04370
cs.CV 2405.04377
cs.CV 2405.04390
cs.CV 2405.04403
cs.CV 2405.04404
cs.CV 2405.04408
cs.CV 2405.04416
cs.CV 2405.04442
cs.CV 2405.04457
cs.CV 2405.04489
cs.CV 2405.04496
cs.CV 2405.04533
cs.CV 2405.04534
cs.CV 2405.04507
cs.CV 2405.04595
cs.CV 2405.04610
cs.CV 2405.04778
cs.CV 2405.04812
cs.CV 2405.04867
cs.CV 2405.04890
cs.CV 2405.04902
cs.CV 2405.04966
cs.CV 2405.05007
cs.CV 2405.05095
cs.CV 2405.05160
cs.CV 2405.05170
cs.CV 2405.04535
cs.CV 2405.04536
cs.CV 2405.04537
cs.CV 2405.04538
cs.CV 2405.04549
cs.CV 2405.04589
cs.CV 2405.04605
cs.CV 2405.04634
cs.CV 2405.04650
cs.CV 2405.04662
cs.CV 2405.04675
cs.CV 2405.04682
cs.CV 2405.04717
cs.CV 2405.04722
cs.CV 2405.04741
cs.CV 2405.04759
cs.CV 2405.04771
cs.CV 2405.04782
cs.CV 2405.04788
cs.CV 2405.04800
cs.CV 2405.04807
cs.CV 2405.04815
cs.CV 2405.04834
cs.CV 2405.04858
cs.CV 2405.04883
cs.CV 2405.04889
cs.CV 2405.04900
cs.CV 2405.04909
cs.CV 2405.04913
cs.CV 2405.04918
cs.CV 2405.04940
cs.CV 2405.04943
cs.CV 2405.04950
cs.CV 2405.04953
cs.CV 2405.04964
cs.CV 2405.04969
cs.CV 2405.04971
cs.CV 2405.04974
cs.CV 2405.04997
cs.CV 2405.05001
cs.CV 2405.05004
cs.CV 2405.05010
cs.CV 2405.05012
cs.CV 2405.05016
cs.CV 2405.05027
cs.CV 2405.05031
cs.CV 2405.05039
cs.CV 2405.05057
cs.CV 2405.05079
cs.CV 2405.05130
cs.CV 2405.05133
cs.CV 2405.05143
cs.CV 2405.05145
cs.CV 2405.05164
cs.CV 2405.05173
cs.CV 2405.05216
cs.CV 2405.05224
cs.CV 2405.05237
cs.CV 2405.05241
cs.CV 2405.05252
cs.CV 2405.05256
cs.CV 2405.05258
cs.CV 2405.05259
cs.CV 2405.05336
cs.CV 2405.05386
cs.CV 2405.05520
cs.CV 2405.05564
cs.CV 2405.05588
cs.CV 2405.05619
cs.CV 2405.05648
cs.CV 2405.05658
cs.CV 2405.05667
cs.CV 2405.05695
cs.CV 2405.05787
cs.CV 2405.05792
cs.CV 2405.05800
cs.CV 2405.05814
cs.CV 2405.05828
cs.CV 2405.05836
cs.CV 2405.05846
cs.CV 2405.05847
cs.CV 2405.05876
cs.CV 2405.05886
cs.CV 2405.05934
cs.CV 2405.05941
cs.CV 2405.05944
cs.CV 2405.05956
cs.CV 2405.05260
cs.CV 2405.05261
cs.CV 2405.05295
cs.CV 2405.05297
cs.CV 2405.05354
cs.CV 2405.05355
cs.CV 2405.05363
cs.CV 2405.05422
cs.CV 2405.05428
cs.CV 2405.05446
cs.CV 2405.05477
cs.CV 2405.05488
cs.CV 2405.05497
cs.CV 2405.05502
cs.CV 2405.05518
cs.CV 2405.05523
cs.CV 2405.05524
cs.CV 2405.05530
cs.CV 2405.05538
cs.CV 2405.05551
cs.CV 2405.05552
cs.CV 2405.05553
cs.CV 2405.05573
cs.CV 2405.05574
cs.CV 2405.05584
cs.CV 2405.05587
cs.CV 2405.05605
cs.CV 2405.05613
cs.CV 2405.05614
cs.CV 2405.05615
cs.CV 2405.05636
cs.CV 2405.05647
cs.CV 2405.05663
cs.CV 2405.05672
cs.CV 2405.05674
cs.CV 2405.05691
cs.CV 2405.05707
cs.CV 2405.05714
cs.CV 2405.05742
cs.CV 2405.05745
cs.CV 2405.05749
cs.CV 2405.05755
cs.CV 2405.05760
cs.CV 2405.05763
cs.CV 2405.05766
cs.CV 2405.05768
cs.CV 2405.05769
cs.CV 2405.05791
cs.CV 2405.05803
cs.CV 2405.05806
cs.CV 2405.05808
cs.CV 2405.05811
cs.CV 2405.05830
cs.CV 2405.05841
cs.CV 2405.05852
cs.CV 2405.05853
cs.CV 2405.05858
cs.CV 2405.05900
cs.CV 2405.05945
cs.CV 2405.05949
cs.CV 2405.05953
cs.CV 2405.05967
cs.AI 2405.01553
cs.AI 2405.01554
cs.AI 2405.01555
cs.AI 2405.01556
cs.AI 2405.01561
cs.AI 2405.01563
cs.AI 2405.01567
cs.AI 2405.01572
cs.AI 2405.01573
cs.AI 2405.01574
cs.AI 2405.01575
cs.AI 2405.01576
cs.AI 2405.01580
cs.AI 2405.01581
cs.AI 2405.01582
cs.AI 2405.01583
cs.AI 2405.01587
cs.AI 2405.01588
cs.AI 2405.01589
cs.AI 2405.01591
cs.AI 2405.01592
cs.AI 2405.01593
cs.AI 2405.01611
cs.AI 2405.01614
cs.AI 2405.01616
cs.AI 2405.01660
cs.AI 2405.01663
cs.AI 2405.01677
cs.AI 2405.01682
cs.AI 2405.01684
cs.AI 2405.01686
cs.AI 2405.01699
cs.AI 2405.01705
cs.AI 2405.01711
cs.AI 2405.01714
cs.AI 2405.01723
cs.AI 2405.01724
cs.AI 2405.01734
cs.AI 2405.01741
cs.AI 2405.01744
cs.AI 2405.01756
cs.AI 2405.01760
cs.AI 2405.01768
cs.AI 2405.01776
cs.AI 2405.01787
cs.AI 2405.01790
cs.AI 2405.01799
cs.AI 2405.01807
cs.AI 2405.01815
cs.AI 2405.01820
cs.AI 2405.01824
cs.AI 2405.01843
cs.AI 2405.01847
cs.AI 2405.01851
cs.AI 2405.01859
cs.AI 2405.01882
cs.AI 2405.01886
cs.AI 2405.01924
cs.AI 2405.01934
cs.AI 2405.01943
cs.AI 2405.01952
cs.AI 2405.01963
cs.AI 2405.01974
cs.AI 2405.01984
cs.AI 2405.01988
cs.AI 2405.01997
cs.AI 2405.02016
cs.AI 2405.02024
cs.AI 2405.02044
cs.AI 2405.02048
cs.AI 2405.02079
cs.AI 2405.02082
cs.AI 2405.02095
cs.AI 2405.02124
cs.AI 2405.02131
cs.AI 2405.02151
cs.AI 2405.02161
cs.AI 2405.02162
cs.AI 2405.02165
cs.AI 2405.02175
cs.AI 2405.02178
cs.AI 2405.02188
cs.AI 2405.02213
cs.AI 2405.02225
cs.AI 2405.02228
cs.AI 2405.02246
cs.AI 2405.02287
cs.AI 2405.01540
cs.AI 2405.01585
cs.AI 2405.01745
cs.AI 2405.01797
cs.AI 2405.01810
cs.AI 2405.01839
cs.AI 2405.01840
cs.AI 2405.01906
cs.AI 2405.01983
cs.AI 2405.02083
cs.AI 2405.02105
cs.AI 2405.02148
cs.AI 2210.02249
cs.AI 2405.02288
cs.AI 2405.02305
cs.AI 2405.02316
cs.AI 2405.02318
cs.AI 2405.02320
cs.AI 2405.02326
cs.AI 2405.02329
cs.AI 2405.02330
cs.AI 2405.02332
cs.AI 2405.02334
cs.AI 2405.02342
cs.AI 2405.02344
cs.AI 2405.02345
cs.AI 2405.02347
cs.AI 2405.02350
cs.AI 2405.02351
cs.AI 2405.02354
cs.AI 2405.02355
cs.AI 2405.02356
cs.AI 2405.02358
cs.AI 2405.02359
cs.AI 2405.02369
cs.AI 2405.02371
cs.AI 2405.02372
cs.AI 2405.02374
cs.AI 2405.02375
cs.AI 2405.02383
cs.AI 2405.02384
cs.AI 2405.02413
cs.AI 2405.02425
cs.AI 2405.02429
cs.AI 2405.02454
cs.AI 2405.02475
cs.AI 2405.02480
cs.AI 2405.02481
cs.AI 2405.02485
cs.AI 2405.02501
cs.AI 2405.02509
cs.AI 2405.02512
cs.AI 2405.02522
cs.AI 2405.02545
cs.AI 2405.02548
cs.AI 2405.02559
cs.AI 2405.02564
cs.AI 2405.02568
cs.AI 2405.02569
cs.AI 2405.02572
cs.AI 2405.02576
cs.AI 2405.02580
cs.AI 2405.02596
cs.AI 2405.02602
cs.AI 2405.02605
cs.AI 2405.02608
cs.AI 2405.02612
cs.AI 2405.02628
cs.AI 2405.02634
cs.AI 2405.02637
cs.AI 2405.02648
cs.AI 2405.02649
cs.AI 2405.02650
cs.AI 2405.02652
cs.AI 2405.02654
cs.AI 2405.02675
cs.AI 2405.02678
cs.AI 2405.02685
cs.AI 2405.02686
cs.AI 2405.02698
cs.AI 2405.02711
cs.AI 2405.02738
cs.AI 2405.02750
cs.AI 2405.02754
cs.AI 2405.02765
cs.AI 2405.02766
cs.AI 2405.02771
cs.AI 2405.02774
cs.AI 2405.02791
cs.AI 2405.02801
cs.AI 2405.02807
cs.AI 2405.02815
cs.AI 2405.02821
cs.AI 2405.02849
cs.AI 2405.02850
cs.AI 2405.02861
cs.AI 2405.02881
cs.AI 2405.02887
cs.AI 2405.02929
cs.AI 2405.02936
cs.AI 2405.02968
cs.AI 2405.02972
cs.AI 2405.02985
cs.AI 2405.02996
cs.AI 2405.03000
cs.AI 2405.03003
cs.AI 2405.03005
cs.AI 2405.03007
cs.AI 2405.03009
cs.AI 2405.03011
cs.AI 2405.03064
cs.AI 2405.03069
cs.AI 2405.03097
cs.AI 2405.03113
cs.AI 2405.03121
cs.AI 2405.03131
cs.AI 2405.03141
cs.AI 2405.03146
cs.AI 2405.03151
cs.AI 2405.03162
cs.AI 2405.03164
cs.AI 2405.03192
cs.AI 2405.03205
cs.AI 2405.03206
cs.AI 2405.03239
cs.AI 2405.03248
cs.AI 2405.03251
cs.AI 2405.03262
cs.AI 2405.03280
cs.AI 2405.03296
cs.AI 2405.03320
cs.AI 2405.03328
cs.AI 2405.03341
cs.AI 2405.03359
cs.AI 2405.03372
cs.AI 2405.03379
cs.AI 2405.03389
cs.AI 2405.03401
cs.AI 2405.03429
cs.AI 2405.03435
cs.AI 2405.03440
cs.AI 2405.03452
cs.AI 2405.03462
cs.AI 2405.03500
cs.AI 2405.03501
cs.AI 2405.03521
cs.AI 2405.03534
cs.AI 2405.03537
cs.AI 2405.03541
cs.AI 2405.03547
cs.AI 2405.03553
cs.AI 2405.03567
cs.AI 2405.03594
cs.AI 2405.03595
cs.AI 2405.03616
cs.AI 2405.03620
cs.AI 2405.03644
cs.AI 2405.03654
cs.AI 2405.03666
cs.AI 2405.03671
cs.AI 2405.03673
cs.AI 2405.03685
cs.AI 2405.02321
cs.AI 2405.02324
cs.AI 2405.02325
cs.AI 2405.02327
cs.AI 2405.02336
cs.AI 2405.02370
cs.AI 2405.02458
cs.AI 2405.02463
cs.AI 2405.02583
cs.AI 2405.02653
cs.AI 2405.02664
cs.AI 2405.02846
cs.AI 2405.02957
cs.AI 2405.02965
cs.AI 2405.03010
cs.AI 2405.03305
cs.AI 2405.03340
cs.AI 2405.03406
cs.AI 2405.03524
cs.AI 2405.03699
cs.AI 2405.03701
cs.AI 2405.03709
cs.AI 2405.03710
cs.AI 2405.03711
cs.AI 2405.03712
cs.AI 2405.03714
cs.AI 2405.03716
cs.AI 2405.03718
cs.AI 2405.03725
cs.AI 2405.03727
cs.AI 2405.03728
cs.AI 2405.03732
cs.AI 2405.03734
cs.AI 2405.03735
cs.AI 2405.03777
cs.AI 2405.03789
cs.AI 2405.03799
cs.AI 2405.03820
cs.AI 2405.03821
cs.AI 2405.03832
cs.AI 2405.03842
cs.AI 2405.03845
cs.AI 2405.03852
cs.AI 2405.03864
cs.AI 2405.03865
cs.AI 2405.03869
cs.AI 2405.03882
cs.AI 2405.03891
cs.AI 2405.03892
cs.AI 2405.03901
cs.AI 2405.03911
cs.AI 2405.03920
cs.AI 2405.03924
cs.AI 2405.03943
cs.AI 2405.03950
cs.AI 2405.03958
cs.AI 2405.03974
cs.AI 2405.03977
cs.AI 2405.03988
cs.AI 2405.03990
cs.AI 2405.04009
cs.AI 2405.04032
cs.AI 2405.04039
cs.AI 2405.04042
cs.AI 2405.04050
cs.AI 2405.04053
cs.AI 2405.04061
cs.AI 2405.04074
cs.AI 2405.04078
cs.AI 2405.04093
cs.AI 2405.04095
cs.AI 2405.04097
cs.AI 2405.04101
cs.AI 2405.04108
cs.AI 2405.04114
cs.AI 2405.04118
cs.AI 2405.04124
cs.AI 2405.04138
cs.AI 2405.04161
cs.AI 2405.04171
cs.AI 2405.04206
cs.AI 2405.04219
cs.AI 2405.04230
cs.AI 2405.04241
cs.AI 2405.04245
cs.AI 2405.04249
cs.AI 2405.04252
cs.AI 2405.04260
cs.AI 2405.04292
cs.AI 2405.04305
cs.AI 2405.04307
cs.AI 2405.04311
cs.AI 2405.04345
cs.AI 2405.04346
cs.AI 2405.04357
cs.AI 2405.04371
cs.AI 2405.04372
cs.AI 2405.04373
cs.AI 2405.04404
cs.AI 2405.04407
cs.AI 2405.04434
cs.AI 2405.04442
cs.AI 2405.04480
cs.AI 2405.04495
cs.AI 2405.04513
cs.AI 2405.04517
cs.AI 2405.04532
cs.AI 2405.03809
cs.AI 2405.03825
cs.AI 2405.03862
cs.AI 2405.03870
cs.AI 2405.03873
cs.AI 2405.03903
cs.AI 2405.03929
cs.AI 2405.03932
cs.AI 2405.03942
cs.AI 2405.03963
cs.AI 2405.03986
cs.AI 2405.04015
cs.AI 2405.04041
cs.AI 2405.04064
cs.AI 2405.04081
cs.AI 2405.04135
cs.AI 2405.04136
cs.AI 2405.04212
cs.AI 2405.04215
cs.AI 2405.04285
cs.AI 2405.04294
cs.AI 2405.04300
cs.AI 2405.04323
cs.AI 2405.04324
cs.AI 2405.04333
cs.AI 2405.04336
cs.AI 2405.04344
cs.AI 2405.04386
cs.AI 2405.04443
cs.AI 2405.04453
cs.AI 2405.04459
cs.AI 2405.04491
cs.AI 2405.02696
cs.AI 2405.03885
cs.AI 2405.04536
cs.AI 2405.04537
cs.AI 2405.04538
cs.AI 2405.04540
cs.AI 2405.04549
cs.AI 2405.04550
cs.AI 2405.04561
cs.AI 2405.04585
cs.AI 2405.04605
cs.AI 2405.04620
cs.AI 2405.04629
cs.AI 2405.04650
cs.AI 2405.04657
cs.AI 2405.04664
cs.AI 2405.04677
cs.AI 2405.04682
cs.AI 2405.04685
cs.AI 2405.04687
cs.AI 2405.04700
cs.AI 2405.04714
cs.AI 2405.04716
cs.AI 2405.04718
cs.AI 2405.04732
cs.AI 2405.04746
cs.AI 2405.04753
cs.AI 2405.04758
cs.AI 2405.04760
cs.AI 2405.04765
cs.AI 2405.04773
cs.AI 2405.04793
cs.AI 2405.04798
cs.AI 2405.04814
cs.AI 2405.04819
cs.AI 2405.04820
cs.AI 2405.04825
cs.AI 2405.04841
cs.AI 2405.04872
cs.AI 2405.04875
cs.AI 2405.04880
cs.AI 2405.04883
cs.AI 2405.04890
cs.AI 2405.04897
cs.AI 2405.04909
cs.AI 2405.04918
cs.AI 2405.04923
cs.AI 2405.04950
cs.AI 2405.04955
cs.AI 2405.04969
cs.AI 2405.04972
cs.AI 2405.04974
cs.AI 2405.04990
cs.AI 2405.05027
cs.AI 2405.05072
cs.AI 2405.05080
cs.AI 2405.05109
cs.AI 2405.05126
cs.AI 2405.05134
cs.AI 2405.05136
cs.AI 2405.05140
cs.AI 2405.05142
cs.AI 2405.05154
cs.AI 2405.05160
cs.AI 2405.05173
cs.AI 2405.05189
cs.AI 2405.05219
cs.AI 2405.05244
cs.AI 2405.05248
cs.AI 2405.05252
cs.AI 2405.05253
cs.AI 2405.05256
cs.AI 2405.04776
cs.AI 2405.04868
cs.AI 2405.04937
cs.AI 2405.04941
cs.AI 2405.05066
cs.AI 2405.05146
cs.AI 2405.05275
cs.AI 2405.05285
cs.AI 2405.05286
cs.AI 2405.05292
cs.AI 2405.05295
cs.AI 2405.05299
cs.AI 2405.05329
cs.AI 2405.05336
cs.AI 2405.05347
cs.AI 2405.05348
cs.AI 2405.05349
cs.AI 2405.05374
cs.AI 2405.05378
cs.AI 2405.05429
cs.AI 2405.05435
cs.AI 2405.05439
cs.AI 2405.05444
cs.AI 2405.05446
cs.AI 2405.05466
cs.AI 2405.05467
cs.AI 2405.05480
cs.AI 2405.05492
cs.AI 2405.05493
cs.AI 2405.05499
cs.AI 2405.05508
cs.AI 2405.05512
cs.AI 2405.05523
cs.AI 2405.05553
cs.AI 2405.05572
cs.AI 2405.05581
cs.AI 2405.05584
cs.AI 2405.05616
cs.AI 2405.05636
cs.AI 2405.05695
cs.AI 2405.05723
cs.AI 2405.05741
cs.AI 2405.05751
cs.AI 2405.05755
cs.AI 2405.05763
cs.AI 2405.05766
cs.AI 2405.05777
cs.AI 2405.05790
cs.AI 2405.05792
cs.AI 2405.05802
cs.AI 2405.05803
cs.AI 2405.05809
cs.AI 2405.05852
cs.AI 2405.05858
cs.AI 2405.05861
cs.AI 2405.05870
cs.AI 2405.05876
cs.AI 2405.05890
cs.AI 2405.05905
cs.AI 2405.05908
cs.AI 2405.05925
cs.AI 2405.05930
cs.AI 2405.05950
cs.AI 2405.05959
cs.AI 2405.05966
cs.AI 2405.05594
cs.AI 2405.05662
cs.CG 2405.00362
cs.CG 2405.00246
cs.CG 2405.01160
cs.CG 2405.01214
cs.CG 2405.01180
cs.CG 2405.01290
cs.CG 2405.01944
cs.CG 2405.02256
cs.CG 2405.04392
cs.CG 2405.04796
cs.DC 2405.01599
cs.DC 2405.01704
cs.DC 2405.01713
cs.DC 2405.01814
cs.DC 2405.01819
cs.DC 2405.01834
cs.DC 2405.01844
cs.DC 2405.02070
cs.DC 2405.01813
cs.DC 2405.01852
cs.DC 2405.02002
cs.DC 2405.02351
cs.DC 2405.02360
cs.DC 2405.02364
cs.DC 2405.02476
cs.DC 2405.02603
cs.DC 2405.02630
cs.DC 2405.02695
cs.DC 2405.02745
cs.DC 2405.02803
cs.DC 2405.02969
cs.DC 2405.03299
cs.DC 2405.03426
cs.DC 2405.03605
cs.DC 2405.03646
cs.DC 2405.02431
cs.DC 2405.02520
cs.DC 2405.02606
cs.DC 2405.02682
cs.DC 2405.03017
cs.DC 2405.03181
cs.DC 2405.03183
cs.DC 2405.03215
cs.DC 2405.03267
cs.DC 2405.03360
cs.DC 2405.03456
cs.DC 2405.03568
cs.DC 2405.03573
cs.DC 2405.04122
cs.DC 2405.04249
cs.DC 2405.04514
cs.DC 2405.04526
cs.DC 2405.03708
cs.DC 2405.03831
cs.DC 2405.03838
cs.DC 2405.03847
cs.DC 2405.03908
cs.DC 2405.04237
cs.DC 2405.04266
cs.DC 2405.04387
cs.DC 2405.04490
cs.DC 2405.04519
cs.DC 2306.16169
cs.DC 2405.04146
cs.DC 2405.04566
cs.DC 2405.04648
cs.DC 2405.04743
cs.DC 2405.04606
cs.DC 2405.04762
cs.DC 2405.04775
cs.DC 2405.04988
cs.DC 2405.05132
cs.DC 2405.05137
cs.DC 2405.05245
cs.DC 2405.05855
cs.DC 2405.05329
cs.DC 2405.05633
cs.DC 2405.05639
cs.DC 2405.05640
cs.DC 2405.05645
cs.DC 2405.05802
cs.CR 2405.01795
cs.CR 2405.01844
cs.CR 2405.01852
cs.CR 2405.01934
cs.CR 2405.01668
cs.CR 2405.01674
cs.CR 2405.01693
cs.CR 2405.01716
cs.CR 2405.01728
cs.CR 2405.01741
cs.CR 2405.01809
cs.CR 2405.01819
cs.CR 2405.01867
cs.CR 2405.01888
cs.CR 2405.01963
cs.CR 2405.02043
cs.CR 2405.02070
cs.CR 2405.02106
cs.CR 2405.02147
cs.CR 2405.02238
cs.CR 2405.02431
cs.CR 2405.02476
cs.CR 2405.03064
cs.CR 2405.03183
cs.CR 2405.03316
cs.CR 2405.02302
cs.CR 2405.02341
cs.CR 2405.02344
cs.CR 2405.02346
cs.CR 2405.02365
cs.CR 2405.02435
cs.CR 2405.02437
cs.CR 2405.02466
cs.CR 2405.02499
cs.CR 2405.02544
cs.CR 2405.02548
cs.CR 2405.02615
cs.CR 2405.02629
cs.CR 2405.02646
cs.CR 2405.02665
cs.CR 2405.02696
cs.CR 2405.02790
cs.CR 2405.02826
cs.CR 2405.02875
cs.CR 2405.02963
cs.CR 2405.02973
cs.CR 2405.02989
cs.CR 2405.03009
cs.CR 2405.03038
cs.CR 2405.03045
cs.CR 2405.03065
cs.CR 2405.03136
cs.CR 2405.03166
cs.CR 2405.03217
cs.CR 2405.03298
cs.CR 2405.03299
cs.CR 2405.03446
cs.CR 2405.03478
cs.CR 2405.03486
cs.CR 2405.03513
cs.CR 2405.03544
cs.CR 2405.03620
cs.CR 2405.03632
cs.CR 2405.03636
cs.CR 2405.03644
cs.CR 2405.03654
cs.CR 2405.03672
cs.CR 2312.12105
cs.CR 2405.04034
cs.CR 2405.04072
cs.CR 2405.04344
cs.CR 2405.03775
cs.CR 2405.03828
cs.CR 2405.03830
cs.CR 2405.03891
cs.CR 2405.03974
cs.CR 2405.03991
cs.CR 2405.04010
cs.CR 2405.04021
cs.CR 2405.04029
cs.CR 2405.04032
cs.CR 2405.04046
cs.CR 2405.04049
cs.CR 2405.04068
cs.CR 2405.04095
cs.CR 2405.04108
cs.CR 2405.04109
cs.CR 2405.04115
cs.CR 2405.04138
cs.CR 2405.04152
cs.CR 2405.04168
cs.CR 2405.04198
cs.CR 2405.04332
cs.CR 2405.04355
cs.CR 2405.04373
cs.CR 2405.04420
cs.CR 2405.04463
cs.CR 2405.04526
cs.CR 2405.04528
cs.CR 2405.04762
cs.CR 2405.04551
cs.CR 2405.04554
cs.CR 2405.04561
cs.CR 2405.04691
cs.CR 2405.04735
cs.CR 2405.04753
cs.CR 2405.04758
cs.CR 2405.04760
cs.CR 2405.04803
cs.CR 2405.04824
cs.CR 2405.04825
cs.CR 2405.04837
cs.CR 2405.04866
cs.CR 2405.04874
cs.CR 2405.04878
cs.CR 2405.04885
cs.CR 2405.04892
cs.CR 2405.05022
cs.CR 2405.05023
cs.CR 2405.05040
cs.CR 2405.05117
cs.CR 2405.05175
cs.CR 2405.05193
cs.CR 2405.05196
cs.CR 2405.05206
cs.CR 2405.05369
cs.CR 2405.05428
cs.CR 2405.05502
cs.CR 2405.05573
cs.CR 2405.05588
cs.CR 2405.05610
cs.CR 2405.05611
cs.CR 2405.05724
cs.CR 2405.05435
cs.CR 2405.05469
cs.CR 2405.05525
cs.CR 2405.05590
cs.CR 2405.05784
cs.CR 2405.05789
cs.CR 2405.05846
cs.CR 2405.05906
cs.CR 2405.05930
cs.CL 2405.01556
cs.CL 2405.01563
cs.CL 2405.01575
cs.CL 2405.01585
cs.CL 2405.01744
cs.CL 2405.01988
cs.CL 2405.02105
cs.CL 2405.02124
cs.CL 2405.02132
cs.CL 2405.02267
cs.CL 2405.01576
cs.CL 2405.01577
cs.CL 2405.01581
cs.CL 2405.01582
cs.CL 2405.01583
cs.CL 2405.01584
cs.CL 2405.01586
cs.CL 2405.01587
cs.CL 2405.01588
cs.CL 2405.01589
cs.CL 2405.01590
cs.CL 2405.01591
cs.CL 2405.01592
cs.CL 2405.01593
cs.CL 2405.01597
cs.CL 2405.01601
cs.CL 2405.01610
cs.CL 2405.01649
cs.CL 2405.01660
cs.CL 2405.01678
cs.CL 2405.01682
cs.CL 2405.01686
cs.CL 2405.01724
cs.CL 2405.01738
cs.CL 2405.01740
cs.CL 2405.01768
cs.CL 2405.01769
cs.CL 2405.01783
cs.CL 2405.01790
cs.CL 2405.01796
cs.CL 2405.01799
cs.CL 2405.01827
cs.CL 2405.01842
cs.CL 2405.01858
cs.CL 2405.01868
cs.CL 2405.01873
cs.CL 2405.01883
cs.CL 2405.01884
cs.CL 2405.01886
cs.CL 2405.01924
cs.CL 2405.01930
cs.CL 2405.01942
cs.CL 2405.01943
cs.CL 2405.01972
cs.CL 2405.01976
cs.CL 2405.01997
cs.CL 2405.02010
cs.CL 2405.02024
cs.CL 2405.02040
cs.CL 2405.02079
cs.CL 2405.02128
cs.CL 2405.02134
cs.CL 2405.02144
cs.CL 2405.02165
cs.CL 2405.02175
cs.CL 2405.02178
cs.CL 2405.02195
cs.CL 2405.02228
cs.CL 2405.02287
cs.CL 2405.02305
cs.CL 2405.02314
cs.CL 2405.02326
cs.CL 2405.02329
cs.CL 2405.02333
cs.CL 2405.02347
cs.CL 2405.02363
cs.CL 2405.02429
cs.CL 2405.02596
cs.CL 2405.02637
cs.CL 2405.02714
cs.CL 2405.02774
cs.CL 2405.02793
cs.CL 2405.02858
cs.CL 2405.02917
cs.CL 2405.03003
cs.CL 2405.03007
cs.CL 2405.03097
cs.CL 2405.03146
cs.CL 2405.03162
cs.CL 2405.03452
cs.CL 2405.03685
cs.CL 2405.03689
cs.CL 2405.02318
cs.CL 2405.02353
cs.CL 2405.02411
cs.CL 2405.02421
cs.CL 2405.02454
cs.CL 2405.02472
cs.CL 2405.02501
cs.CL 2405.02517
cs.CL 2405.02559
cs.CL 2405.02573
cs.CL 2405.02578
cs.CL 2405.02602
cs.CL 2405.02650
cs.CL 2405.02659
cs.CL 2405.02673
cs.CL 2405.02677
cs.CL 2405.02710
cs.CL 2405.02712
cs.CL 2405.02732
cs.CL 2405.02738
cs.CL 2405.02743
cs.CL 2405.02750
cs.CL 2405.02764
cs.CL 2405.02765
cs.CL 2405.02814
cs.CL 2405.02816
cs.CL 2405.02817
cs.CL 2405.02861
cs.CL 2405.02887
cs.CL 2405.02925
cs.CL 2405.02933
cs.CL 2405.02935
cs.CL 2405.02937
cs.CL 2405.02984
cs.CL 2405.02985
cs.CL 2405.03000
cs.CL 2405.03004
cs.CL 2405.03084
cs.CL 2405.03085
cs.CL 2405.03098
cs.CL 2405.03111
cs.CL 2405.03133
cs.CL 2405.03138
cs.CL 2405.03153
cs.CL 2405.03170
cs.CL 2405.03205
cs.CL 2405.03206
cs.CL 2405.03207
cs.CL 2405.03279
cs.CL 2405.03359
cs.CL 2405.03371
cs.CL 2405.03387
cs.CL 2405.03425
cs.CL 2405.03548
cs.CL 2405.03553
cs.CL 2405.03594
cs.CL 2405.03595
cs.CL 2405.03677
cs.CL 2405.03688
cs.CL 2405.03862
cs.CL 2405.03932
cs.CL 2405.03952
cs.CL 2405.03998
cs.CL 2405.04118
cs.CL 2405.04136
cs.CL 2405.04324
cs.CL 2405.04346
cs.CL 2405.04404
cs.CL 2405.03695
cs.CL 2405.03764
cs.CL 2405.03794
cs.CL 2405.03832
cs.CL 2405.03845
cs.CL 2405.03920
cs.CL 2405.03939
cs.CL 2405.03960
cs.CL 2405.04039
cs.CL 2405.04048
cs.CL 2405.04053
cs.CL 2405.04065
cs.CL 2405.04086
cs.CL 2405.04128
cs.CL 2405.04160
cs.CL 2405.04163
cs.CL 2405.04165
cs.CL 2405.04170
cs.CL 2405.04219
cs.CL 2405.04271
cs.CL 2405.04286
cs.CL 2405.04292
cs.CL 2405.04296
cs.CL 2405.04304
cs.CL 2405.04325
cs.CL 2405.04434
cs.CL 2405.04435
cs.CL 2405.04495
cs.CL 2405.04513
cs.CL 2405.04515
cs.CL 2405.04520
cs.CL 2405.04532
cs.CL 2405.04620
cs.CL 2405.04758
cs.CL 2405.04950
cs.CL 2405.05135
cs.CL 2405.05136
cs.CL 2405.05175
cs.CL 2405.04585
cs.CL 2405.04590
cs.CL 2405.04655
cs.CL 2405.04685
cs.CL 2405.04726
cs.CL 2405.04756
cs.CL 2405.04777
cs.CL 2405.04781
cs.CL 2405.04793
cs.CL 2405.04818
cs.CL 2405.04819
cs.CL 2405.04820
cs.CL 2405.04828
cs.CL 2405.04829
cs.CL 2405.04872
cs.CL 2405.04897
cs.CL 2405.04955
cs.CL 2405.04960
cs.CL 2405.05008
cs.CL 2405.05049
cs.CL 2405.05060
cs.CL 2405.05109
cs.CL 2405.05116
cs.CL 2405.05161
cs.CL 2405.05176
cs.CL 2405.05189
cs.CL 2405.05204
cs.CL 2405.05248
cs.CL 2405.05253
cs.CL 2405.05254
cs.CL 2405.05294
cs.CL 2405.05329
cs.CL 2405.05347
cs.CL 2405.05386
cs.CL 2405.05435
cs.CL 2405.05581
cs.CL 2405.05600
cs.CL 2405.05615
cs.CL 2405.05678
cs.CL 2405.05758
cs.CL 2405.05760
cs.CL 2405.05860
cs.CL 2405.05345
cs.CL 2405.05348
cs.CL 2405.05374
cs.CL 2405.05376
cs.CL 2405.05378
cs.CL 2405.05417
cs.CL 2405.05418
cs.CL 2405.05444
cs.CL 2405.05466
cs.CL 2405.05478
cs.CL 2405.05493
cs.CL 2405.05496
cs.CL 2405.05506
cs.CL 2405.05513
cs.CL 2405.05572
cs.CL 2405.05583
cs.CL 2405.05610
cs.CL 2405.05616
cs.CL 2405.05688
cs.CL 2405.05705
cs.CL 2405.05723
cs.CL 2405.05741
cs.CL 2405.05776
cs.CL 2405.05777
cs.CL 2405.05894
cs.CL 2405.05904
cs.CL 2405.05938
cs.CL 2405.05955
cs.CL 2405.05957
cs.CL 2405.05966
cs.GT 2405.01870
cs.GT 2405.02044
cs.GT 2405.01807
cs.GT 2405.02654
cs.GT 2405.02724
cs.GT 2405.03106
cs.GT 2405.03472
cs.GT 2405.02479
cs.GT 2405.02486
cs.GT 2405.02699
cs.GT 2405.02835
cs.GT 2405.02865
cs.GT 2405.03031
cs.GT 2405.03070
cs.GT 2405.03357
cs.GT 2405.03467
cs.GT 2405.03518
cs.GT 2405.03687
cs.GT 2405.04125
cs.GT 2405.04518
cs.GT 2405.04020
cs.GT 2405.04525
cs.GT 2405.03885
cs.GT 2405.04941
cs.GT 2405.05062
cs.GT 2405.05083
cs.GT 2405.04696
cs.GT 2405.05197
cs.GT 2405.05870
cs.GT 2405.05905
cs.FL 2405.01183
cs.FL 2405.00826
cs.FL 2405.01178
cs.FL 2405.01717
cs.FL 2405.01953
cs.FL 2405.02375
cs.FL 2405.02727
cs.FL 2405.03035
cs.FL 2405.04881
cs.FL 2405.05279
cs.FL 2405.05939
cs.FL 2405.05408
cs.DS 2405.01735
cs.DS 2405.03488
cs.DS 2405.03687
cs.DS 2405.02378
cs.DS 2405.02695
cs.DS 2405.02829
cs.DS 2405.03018
cs.DS 2405.03278
cs.DS 2405.03321
cs.DS 2405.03474
cs.DS 2405.03646
cs.DS 2405.03661
cs.DS 2405.03851
cs.DS 2405.04020
cs.DS 2405.04237
cs.DS 2405.04261
cs.DS 2405.04435
cs.DS 2405.03792
cs.DS 2405.03801
cs.DS 2405.03856
cs.DS 2405.04052
cs.DS 2405.04428
cs.DS 2405.04467
cs.DS 2405.03908
cs.DS 2405.04735
cs.DS 2405.04762
cs.DS 2405.04816
cs.DS 2405.04919
cs.DS 2405.04984
cs.DS 2405.05132
cs.DS 2405.05190
cs.DS 2405.05222
cs.DS 2405.04648
cs.DS 2405.04823
cs.DS 2405.04847
cs.DS 2405.05202
cs.DS 2405.05214
cs.DS 2405.05544
cs.DS 2405.05343
cs.DS 2405.05373
cs.DS 2405.05535
cs.DS 2405.05818
cs.DS 2405.05865
cs.DS 2405.05942
cs.DS 2405.05952
cs.IR 2405.01585
cs.IR 2405.01593
cs.IR 2405.01610
cs.IR 2405.01796
cs.IR 2405.01924
cs.IR 2405.01972
cs.IR 2405.02228
cs.IR 2405.01847
cs.IR 2405.01848
cs.IR 2405.01849
cs.IR 2405.01855
cs.IR 2405.02026
cs.IR 2405.02048
cs.IR 2405.02050
cs.IR 2405.02141
cs.IR 2405.02156
cs.IR 2405.02219
cs.IR 2405.02261
cs.IR 2405.02321
cs.IR 2405.02664
cs.IR 2405.02677
cs.IR 2405.02732
cs.IR 2405.02816
cs.IR 2405.02951
cs.IR 2405.03267
cs.IR 2405.03359
cs.IR 2405.02429
cs.IR 2405.02503
cs.IR 2405.02525
cs.IR 2405.02637
cs.IR 2405.02714
cs.IR 2405.02716
cs.IR 2405.02778
cs.IR 2405.03110
cs.IR 2405.03167
cs.IR 2405.03303
cs.IR 2405.03382
cs.IR 2405.03480
cs.IR 2405.03562
cs.IR 2405.03651
cs.IR 2405.03764
cs.IR 2405.04428
cs.IR 2405.03948
cs.IR 2405.03972
cs.IR 2405.03988
cs.IR 2405.04028
cs.IR 2405.04246
cs.IR 2405.04590
cs.IR 2405.04614
cs.IR 2405.04700
cs.IR 2405.04735
cs.IR 2405.04773
cs.IR 2405.05061
cs.IR 2405.04713
cs.IR 2405.04727
cs.IR 2405.04746
cs.IR 2405.04840
cs.IR 2405.04844
cs.IR 2405.04929
cs.IR 2405.04942
cs.IR 2405.05200
cs.IR 2405.05229
cs.IR 2405.05374
cs.IR 2405.05576
cs.IR 2405.05723
cs.IR 2405.05736
cs.IR 2405.05438
cs.IR 2405.05508
cs.IR 2405.05562
cs.IR 2405.05600
cs.IR 2405.05606
cs.GR 2405.01558
cs.GR 2405.02386
cs.GR 2405.02508
cs.GR 2405.02672
cs.GR 2405.02676
cs.GR 2405.03221
cs.GR 2405.03417
cs.GR 2405.03485
cs.GR 2405.03659
cs.GR 2405.02759
cs.GR 2405.03853
cs.GR 2405.04280
cs.GR 2405.04537
cs.GR 2405.04675
cs.GR 2405.04957
cs.GR 2405.05284
cs.GR 2405.05446
cs.GR 2405.05858
cs.GR 2405.05967
cs.GR 2405.05800
cs.AR 2405.01572
cs.AR 2405.01741
cs.AR 2405.02019
cs.AR 2405.01736
cs.AR 2405.01775
cs.AR 2405.01909
cs.AR 2405.02047
cs.AR 2405.02169
cs.AR 2405.02196
cs.AR 2405.02371
cs.AR 2405.02499
cs.AR 2405.03217
cs.AR 2405.03358
cs.AR 2405.02323
cs.AR 2405.02326
cs.AR 2405.02329
cs.AR 2405.02756
cs.AR 2405.03523
cs.AR 2405.03967
cs.AR 2405.03905
cs.AR 2405.04206
cs.AR 2405.04257
cs.AR 2405.04988
cs.AR 2405.05107
cs.AR 2405.05540
cs.AR 2405.05590
cs.AR 2405.05480
cs.IT 2405.01704
cs.IT 2405.01715
cs.IT 2405.01952
cs.IT 2405.01995
cs.IT 2405.02105
cs.IT 2405.02140
cs.IT 2405.01652
cs.IT 2405.01707
cs.IT 2405.01774
cs.IT 2405.01785
cs.IT 2405.01798
cs.IT 2405.01808
cs.IT 2405.01919
cs.IT 2405.01948
cs.IT 2405.01979
cs.IT 2405.02042
cs.IT 2405.02080
cs.IT 2405.02107
cs.IT 2405.02285
cs.IT 2405.02336
cs.IT 2405.02602
cs.IT 2405.02718
cs.IT 2405.03063
cs.IT 2405.03129
cs.IT 2405.03347
cs.IT 2405.03500
cs.IT 2405.03542
cs.IT 2405.03667
cs.IT 2405.02293
cs.IT 2405.02314
cs.IT 2405.02320
cs.IT 2405.02330
cs.IT 2405.02335
cs.IT 2405.02585
cs.IT 2405.02590
cs.IT 2405.02604
cs.IT 2405.02655
cs.IT 2405.02660
cs.IT 2405.02681
cs.IT 2405.02683
cs.IT 2405.02687
cs.IT 2405.02705
cs.IT 2405.02713
cs.IT 2405.02818
cs.IT 2405.02823
cs.IT 2405.02841
cs.IT 2405.02904
cs.IT 2405.02923
cs.IT 2405.02924
cs.IT 2405.02931
cs.IT 2405.02981
cs.IT 2405.03101
cs.IT 2405.03119
cs.IT 2405.03125
cs.IT 2405.03131
cs.IT 2405.03191
cs.IT 2405.03196
cs.IT 2405.03232
cs.IT 2405.03252
cs.IT 2405.03288
cs.IT 2405.03300
cs.IT 2405.03348
cs.IT 2405.03361
cs.IT 2405.03614
cs.IT 2405.03628
cs.IT 2405.03638
cs.IT 2405.03693
cs.IT 2405.04526
cs.IT 2405.03798
cs.IT 2405.03816
cs.IT 2405.04050
cs.IT 2405.04051
cs.IT 2405.04120
cs.IT 2405.04144
cs.IT 2405.04261
cs.IT 2405.04283
cs.IT 2405.04354
cs.IT 2405.04357
cs.IT 2405.04363
cs.IT 2405.04400
cs.IT 2405.04406
cs.IT 2405.04431
cs.IT 2405.04554
cs.IT 2405.04622
cs.IT 2405.04733
cs.IT 2405.04966
cs.IT 2405.04976
cs.IT 2405.04993
cs.IT 2405.05100
cs.IT 2405.05211
cs.IT 2405.05641
cs.IT 2405.05724
cs.IT 2405.05934
cs.IT 2405.05962
cs.IT 2405.05387
cs.IT 2405.05549
cs.IT 2405.05555
cs.IT 2405.05566
cs.IT 2405.05567
cs.IT 2405.05708
cs.IT 2405.05709
cs.IT 2405.05734
cs.IT 2405.05738
cs.IT 2405.05752
cs.IT 2405.05823
cs.IT 2405.05827
cs.IT 2405.05831
cs.IT 2405.05845
cs.CC 2405.01704
cs.CC 2405.02232
cs.CC 2405.03018
cs.CC 2405.03069
cs.CC 2405.03353
cs.CC 2405.03609
cs.CC 2405.04428
cs.CC 2405.04697
cs.CC 2405.05062
cs.CC 2405.05083
cs.CC 2405.05373
cs.LG 2405.01540
cs.LG 2405.01558
cs.LG 2405.01559
cs.LG 2405.01576
cs.LG 2405.01577
cs.LG 2405.01579
cs.LG 2405.01582
cs.LG 2405.01583
cs.LG 2405.01584
cs.LG 2405.01587
cs.LG 2405.01600
cs.LG 2405.01601
cs.LG 2405.01604
cs.LG 2405.01606
cs.LG 2405.01615
cs.LG 2405.01616
cs.LG 2405.01656
cs.LG 2405.01691
cs.LG 2405.01725
cs.LG 2405.01726
cs.LG 2405.01737
cs.LG 2405.01741
cs.LG 2405.01745
cs.LG 2405.01758
cs.LG 2405.01761
cs.LG 2405.01775
cs.LG 2405.01776
cs.LG 2405.01792
cs.LG 2405.01810
cs.LG 2405.01848
cs.LG 2405.01849
cs.LG 2405.01855
cs.LG 2405.01859
cs.LG 2405.01873
cs.LG 2405.01881
cs.LG 2405.01883
cs.LG 2405.01906
cs.LG 2405.01934
cs.LG 2405.01943
cs.LG 2405.01952
cs.LG 2405.01963
cs.LG 2405.01964
cs.LG 2405.01975
cs.LG 2405.01976
cs.LG 2405.01988
cs.LG 2405.01994
cs.LG 2405.02082
cs.LG 2405.02101
cs.LG 2405.02119
cs.LG 2405.02124
cs.LG 2405.02141
cs.LG 2405.02148
cs.LG 2405.02175
cs.LG 2405.02188
cs.LG 2405.02191
cs.LG 2405.02195
cs.LG 2405.02201
cs.LG 2405.02213
cs.LG 2405.02220
cs.LG 2405.02221
cs.LG 2405.02225
cs.LG 2405.01554
cs.LG 2405.01557
cs.LG 2405.01563
cs.LG 2405.01603
cs.LG 2405.01607
cs.LG 2405.01611
cs.LG 2405.01614
cs.LG 2405.01617
cs.LG 2405.01661
cs.LG 2405.01663
cs.LG 2405.01677
cs.LG 2405.01680
cs.LG 2405.01684
cs.LG 2405.01702
cs.LG 2405.01704
cs.LG 2405.01708
cs.LG 2405.01711
cs.LG 2405.01714
cs.LG 2405.01718
cs.LG 2405.01719
cs.LG 2405.01731
cs.LG 2405.01739
cs.LG 2405.01744
cs.LG 2405.01760
cs.LG 2405.01762
cs.LG 2405.01778
cs.LG 2405.01814
cs.LG 2405.01817
cs.LG 2405.01838
cs.LG 2405.01843
cs.LG 2405.01851
cs.LG 2405.01927
cs.LG 2405.01974
cs.LG 2405.01978
cs.LG 2405.01990
cs.LG 2405.01995
cs.LG 2405.02041
cs.LG 2405.02044
cs.LG 2405.02060
cs.LG 2405.02062
cs.LG 2405.02063
cs.LG 2405.02067
cs.LG 2405.02074
cs.LG 2405.02081
cs.LG 2405.02086
cs.LG 2405.02098
cs.LG 2405.02140
cs.LG 2405.02154
cs.LG 2405.02161
cs.LG 2405.02180
cs.LG 2405.02181
cs.LG 2405.02183
cs.LG 2405.02200
cs.LG 2405.02235
cs.LG 2405.02240
cs.LG 2405.02267
cs.LG 2405.02292
cs.LG 2405.02295
cs.LG 2405.02299
cs.LG 2405.02316
cs.LG 2405.02318
cs.LG 2405.02323
cs.LG 2405.02326
cs.LG 2405.02330
cs.LG 2405.02334
cs.LG 2405.02335
cs.LG 2405.02336
cs.LG 2405.02340
cs.LG 2405.02341
cs.LG 2405.02344
cs.LG 2405.02346
cs.LG 2405.02353
cs.LG 2405.02366
cs.LG 2405.02369
cs.LG 2405.02371
cs.LG 2405.02372
cs.LG 2405.02373
cs.LG 2405.02374
cs.LG 2405.02383
cs.LG 2405.02384
cs.LG 2405.02429
cs.LG 2405.02437
cs.LG 2405.02449
cs.LG 2405.02456
cs.LG 2405.02466
cs.LG 2405.02488
cs.LG 2405.02545
cs.LG 2405.02548
cs.LG 2405.02563
cs.LG 2405.02679
cs.LG 2405.02754
cs.LG 2405.02762
cs.LG 2405.02764
cs.LG 2405.02771
cs.LG 2405.02783
cs.LG 2405.02790
cs.LG 2405.02797
cs.LG 2405.02816
cs.LG 2405.02821
cs.LG 2405.02828
cs.LG 2405.02861
cs.LG 2405.02876
cs.LG 2405.02903
cs.LG 2405.02917
cs.LG 2405.02953
cs.LG 2405.02954
cs.LG 2405.02968
cs.LG 2405.02977
cs.LG 2405.02984
cs.LG 2405.03004
cs.LG 2405.03008
cs.LG 2405.03063
cs.LG 2405.03083
cs.LG 2405.03084
cs.LG 2405.03091
cs.LG 2405.03092
cs.LG 2405.03130
cs.LG 2405.03131
cs.LG 2405.03133
cs.LG 2405.03144
cs.LG 2405.03150
cs.LG 2405.03153
cs.LG 2405.03162
cs.LG 2405.03180
cs.LG 2405.03198
cs.LG 2405.03205
cs.LG 2405.03221
cs.LG 2405.03234
cs.LG 2405.03235
cs.LG 2405.03293
cs.LG 2405.03298
cs.LG 2405.03311
cs.LG 2405.03314
cs.LG 2405.03363
cs.LG 2405.03381
cs.LG 2405.03419
cs.LG 2405.03435
cs.LG 2405.03440
cs.LG 2405.03462
cs.LG 2405.03468
cs.LG 2405.03472
cs.LG 2405.03484
cs.LG 2405.03526
cs.LG 2405.03534
cs.LG 2405.03541
cs.LG 2405.03542
cs.LG 2405.03546
cs.LG 2405.03549
cs.LG 2405.03636
cs.LG 2405.03642
cs.LG 2405.03650
cs.LG 2405.03651
cs.LG 2405.03658
cs.LG 2405.03661
cs.LG 2405.03667
cs.LG 2405.03672
cs.LG 2405.03685
cs.LG 2405.03688
cs.LG 2405.02347
cs.LG 2405.02349
cs.LG 2405.02350
cs.LG 2405.02351
cs.LG 2405.02354
cs.LG 2405.02356
cs.LG 2405.02357
cs.LG 2405.02358
cs.LG 2405.02359
cs.LG 2405.02360
cs.LG 2405.02364
cs.LG 2405.02367
cs.LG 2405.02375
cs.LG 2405.02377
cs.LG 2405.02385
cs.LG 2405.02412
cs.LG 2405.02413
cs.LG 2405.02441
cs.LG 2405.02475
cs.LG 2405.02478
cs.LG 2405.02481
cs.LG 2405.02485
cs.LG 2405.02534
cs.LG 2405.02561
cs.LG 2405.02569
cs.LG 2405.02572
cs.LG 2405.02574
cs.LG 2405.02576
cs.LG 2405.02594
cs.LG 2405.02596
cs.LG 2405.02598
cs.LG 2405.02609
cs.LG 2405.02612
cs.LG 2405.02628
cs.LG 2405.02631
cs.LG 2405.02634
cs.LG 2405.02638
cs.LG 2405.02642
cs.LG 2405.02644
cs.LG 2405.02648
cs.LG 2405.02649
cs.LG 2405.02661
cs.LG 2405.02670
cs.LG 2405.02678
cs.LG 2405.02685
cs.LG 2405.02688
cs.LG 2405.02698
cs.LG 2405.02700
cs.LG 2405.02724
cs.LG 2405.02726
cs.LG 2405.02731
cs.LG 2405.02745
cs.LG 2405.02749
cs.LG 2405.02766
cs.LG 2405.02769
cs.LG 2405.02770
cs.LG 2405.02774
cs.LG 2405.02795
cs.LG 2405.02803
cs.LG 2405.02805
cs.LG 2405.02807
cs.LG 2405.02842
cs.LG 2405.02845
cs.LG 2405.02881
cs.LG 2405.02936
cs.LG 2405.02952
cs.LG 2405.02969
cs.LG 2405.03003
cs.LG 2405.03005
cs.LG 2405.03052
cs.LG 2405.03056
cs.LG 2405.03059
cs.LG 2405.03060
cs.LG 2405.03064
cs.LG 2405.03075
cs.LG 2405.03082
cs.LG 2405.03089
cs.LG 2405.03095
cs.LG 2405.03097
cs.LG 2405.03103
cs.LG 2405.03140
cs.LG 2405.03146
cs.LG 2405.03158
cs.LG 2405.03185
cs.LG 2405.03188
cs.LG 2405.03192
cs.LG 2405.03199
cs.LG 2405.03228
cs.LG 2405.03236
cs.LG 2405.03239
cs.LG 2405.03244
cs.LG 2405.03248
cs.LG 2405.03251
cs.LG 2405.03255
cs.LG 2405.03262
cs.LG 2405.03296
cs.LG 2405.03301
cs.LG 2405.03316
cs.LG 2405.03320
cs.LG 2405.03327
cs.LG 2405.03329
cs.LG 2405.03341
cs.LG 2405.03342
cs.LG 2405.03355
cs.LG 2405.03376
cs.LG 2405.03379
cs.LG 2405.03384
cs.LG 2405.03386
cs.LG 2405.03389
cs.LG 2405.03401
cs.LG 2405.03409
cs.LG 2405.03427
cs.LG 2405.03429
cs.LG 2405.03432
cs.LG 2405.03449
cs.LG 2405.03481
cs.LG 2405.03501
cs.LG 2405.03516
cs.LG 2405.03537
cs.LG 2405.03547
cs.LG 2405.03574
cs.LG 2405.03582
cs.LG 2405.03590
cs.LG 2405.03615
cs.LG 2405.03624
cs.LG 2405.03637
cs.LG 2405.03649
cs.LG 2405.03664
cs.LG 2405.03676
cs.LG 2405.01780
cs.LG 2405.03701
cs.LG 2405.03702
cs.LG 2405.03708
cs.LG 2405.03709
cs.LG 2405.03710
cs.LG 2405.03713
cs.LG 2405.03725
cs.LG 2405.03726
cs.LG 2405.03727
cs.LG 2405.03732
cs.LG 2405.03807
cs.LG 2405.03879
cs.LG 2405.03880
cs.LG 2405.03894
cs.LG 2405.03913
cs.LG 2405.03942
cs.LG 2405.03955
cs.LG 2405.03958
cs.LG 2405.03963
cs.LG 2405.03974
cs.LG 2405.03977
cs.LG 2405.03981
cs.LG 2405.03991
cs.LG 2405.04003
cs.LG 2405.04026
cs.LG 2405.04039
cs.LG 2405.04043
cs.LG 2405.04049
cs.LG 2405.04053
cs.LG 2405.04056
cs.LG 2405.04074
cs.LG 2405.04097
cs.LG 2405.04100
cs.LG 2405.04147
cs.LG 2405.04181
cs.LG 2405.04206
cs.LG 2405.04212
cs.LG 2405.04230
cs.LG 2405.04233
cs.LG 2405.04235
cs.LG 2405.04251
cs.LG 2405.04272
cs.LG 2405.04288
cs.LG 2405.04296
cs.LG 2405.04307
cs.LG 2405.04321
cs.LG 2405.04386
cs.LG 2405.04393
cs.LG 2405.04396
cs.LG 2405.04404
cs.LG 2405.04459
cs.LG 2405.04491
cs.LG 2405.04495
cs.LG 2405.04513
cs.LG 2405.04520
cs.LG 2405.04532
cs.LG 2405.04533
cs.LG 2405.03706
cs.LG 2405.03711
cs.LG 2405.03712
cs.LG 2405.03714
cs.LG 2405.03718
cs.LG 2405.03720
cs.LG 2405.03723
cs.LG 2405.03724
cs.LG 2405.03730
cs.LG 2405.03735
cs.LG 2405.03777
cs.LG 2405.03782
cs.LG 2405.03789
cs.LG 2405.03799
cs.LG 2405.03840
cs.LG 2405.03848
cs.LG 2405.03869
cs.LG 2405.03875
cs.LG 2405.03878
cs.LG 2405.03892
cs.LG 2405.03904
cs.LG 2405.03911
cs.LG 2405.03917
cs.LG 2405.03918
cs.LG 2405.03943
cs.LG 2405.03949
cs.LG 2405.03950
cs.LG 2405.03961
cs.LG 2405.03962
cs.LG 2405.03967
cs.LG 2405.03987
cs.LG 2405.04017
cs.LG 2405.04025
cs.LG 2405.04034
cs.LG 2405.04061
cs.LG 2405.04078
cs.LG 2405.04098
cs.LG 2405.04101
cs.LG 2405.04111
cs.LG 2405.04114
cs.LG 2405.04118
cs.LG 2405.04122
cs.LG 2405.04126
cs.LG 2405.04134
cs.LG 2405.04151
cs.LG 2405.04156
cs.LG 2405.04161
cs.LG 2405.04171
cs.LG 2405.04180
cs.LG 2405.04191
cs.LG 2405.04245
cs.LG 2405.04249
cs.LG 2405.04252
cs.LG 2405.04260
cs.LG 2405.04278
cs.LG 2405.04342
cs.LG 2405.04346
cs.LG 2405.04372
cs.LG 2405.04376
cs.LG 2405.04405
cs.LG 2405.04407
cs.LG 2405.04437
cs.LG 2405.04484
cs.LG 2405.04485
cs.LG 2405.04494
cs.LG 2405.04517
cs.LG 2405.04507
cs.LG 2405.04536
cs.LG 2405.04538
cs.LG 2405.04539
cs.LG 2405.04551
cs.LG 2405.04554
cs.LG 2405.04561
cs.LG 2405.04585
cs.LG 2405.04605
cs.LG 2405.04620
cs.LG 2405.04634
cs.LG 2405.04682
cs.LG 2405.04685
cs.LG 2405.04691
cs.LG 2405.04714
cs.LG 2405.04715
cs.LG 2405.04716
cs.LG 2405.04746
cs.LG 2405.04756
cs.LG 2405.04759
cs.LG 2405.04793
cs.LG 2405.04800
cs.LG 2405.04815
cs.LG 2405.04825
cs.LG 2405.04881
cs.LG 2405.04883
cs.LG 2405.04912
cs.LG 2405.04919
cs.LG 2405.04944
cs.LG 2405.04953
cs.LG 2405.04972
cs.LG 2405.04984
cs.LG 2405.05025
cs.LG 2405.05033
cs.LG 2405.05066
cs.LG 2405.05081
cs.LG 2405.05134
cs.LG 2405.05135
cs.LG 2405.05136
cs.LG 2405.05140
cs.LG 2405.05141
cs.LG 2405.05142
cs.LG 2405.05143
cs.LG 2405.05144
cs.LG 2405.05145
cs.LG 2405.05167
cs.LG 2405.05175
cs.LG 2405.05185
cs.LG 2405.05187
cs.LG 2405.05190
cs.LG 2405.05192
cs.LG 2405.05196
cs.LG 2405.05202
cs.LG 2405.05205
cs.LG 2405.05206
cs.LG 2405.05235
cs.LG 2405.05236
cs.LG 2405.05239
cs.LG 2405.05240
cs.LG 2405.05241
cs.LG 2405.05243
cs.LG 2405.05252
cs.LG 2405.05255
cs.LG 2405.05256
cs.LG 2405.05258
cs.LG 2405.04545
cs.LG 2405.04566
cs.LG 2405.04579
cs.LG 2405.04592
cs.LG 2405.04614
cs.LG 2405.04636
cs.LG 2405.04657
cs.LG 2405.04664
cs.LG 2405.04669
cs.LG 2405.04671
cs.LG 2405.04700
cs.LG 2405.04710
cs.LG 2405.04755
cs.LG 2405.04765
cs.LG 2405.04767
cs.LG 2405.04773
cs.LG 2405.04795
cs.LG 2405.04841
cs.LG 2405.04854
cs.LG 2405.04865
cs.LG 2405.04875
cs.LG 2405.04903
cs.LG 2405.04910
cs.LG 2405.04923
cs.LG 2405.04938
cs.LG 2405.04990
cs.LG 2405.05015
cs.LG 2405.05072
cs.LG 2405.05075
cs.LG 2405.05097
cs.LG 2405.05160
cs.LG 2405.05171
cs.LG 2405.05219
cs.LG 2405.05231
cs.LG 2201.00722
cs.LG 2405.03924
cs.LG 2405.05272
cs.LG 2405.05282
cs.LG 2405.05288
cs.LG 2405.05293
cs.LG 2405.05294
cs.LG 2405.05295
cs.LG 2405.05334
cs.LG 2405.05343
cs.LG 2405.05348
cs.LG 2405.05378
cs.LG 2405.05428
cs.LG 2405.05439
cs.LG 2405.05446
cs.LG 2405.05449
cs.LG 2405.05455
cs.LG 2405.05462
cs.LG 2405.05467
cs.LG 2405.05480
cs.LG 2405.05492
cs.LG 2405.05502
cs.LG 2405.05520
cs.LG 2405.05525
cs.LG 2405.05564
cs.LG 2405.05587
cs.LG 2405.05590
cs.LG 2405.05596
cs.LG 2405.05606
cs.LG 2405.05610
cs.LG 2405.05615
cs.LG 2405.05638
cs.LG 2405.05646
cs.LG 2405.05714
cs.LG 2405.05733
cs.LG 2405.05748
cs.LG 2405.05755
cs.LG 2405.05766
cs.LG 2405.05784
cs.LG 2405.05792
cs.LG 2405.05818
cs.LG 2405.05852
cs.LG 2405.05861
cs.LG 2405.05865
cs.LG 2405.05876
cs.LG 2405.05906
cs.LG 2405.05941
cs.LG 2405.05967
cs.LG 2405.05277
cs.LG 2405.05286
cs.LG 2405.05349
cs.LG 2405.05369
cs.LG 2405.05386
cs.LG 2405.05398
cs.LG 2405.05409
cs.LG 2405.05424
cs.LG 2405.05429
cs.LG 2405.05430
cs.LG 2405.05431
cs.LG 2405.05445
cs.LG 2405.05461
cs.LG 2405.05465
cs.LG 2405.05468
cs.LG 2405.05485
cs.LG 2405.05499
cs.LG 2405.05512
cs.LG 2405.05521
cs.LG 2405.05545
cs.LG 2405.05588
cs.LG 2405.05611
cs.LG 2405.05618
cs.LG 2405.05619
cs.LG 2405.05630
cs.LG 2405.05665
cs.LG 2405.05673
cs.LG 2405.05695
cs.LG 2405.05722
cs.LG 2405.05736
cs.LG 2405.05751
cs.LG 2405.05780
cs.LG 2405.05786
cs.LG 2405.05795
cs.LG 2405.05809
cs.LG 2405.05836
cs.LG 2405.05847
cs.LG 2405.05855
cs.LG 2405.05860
cs.LG 2405.05886
cs.LG 2405.05890
cs.LG 2405.05925
cs.LG 2405.05934
cs.LG 2405.05950
cs.LG 2405.05959
cs.LG 2405.05962
cs.LG 2405.05968
cs.LO 2405.01809
cs.LO 2405.02083
cs.LO 2405.01675
cs.LO 2405.01733
cs.LO 2405.01793
cs.LO 2405.01935
cs.LO 2405.01940
cs.LO 2405.01178
cs.LO 2405.02318
cs.LO 2405.02342
cs.LO 2405.02606
cs.LO 2405.03511
cs.LO 2405.02420
cs.LO 2405.03057
cs.LO 2405.03264
cs.LO 2405.03367
cs.LO 2405.03536
cs.LO 2405.03669
cs.LO 2405.04015
cs.LO 2405.04157
cs.LO 2405.04697
cs.LO 2405.04872
cs.LO 2405.04998
cs.LO 2405.05774
cs.LO 2405.05962
cs.LO 2405.05546
cs.LO 2405.05670
cs.LO 2405.05690
cs.NA 2405.01735
cs.NA 2405.02231
cs.NA 2405.02268
cs.NA 2405.01619
cs.NA 2405.01713
cs.NA 2405.01905
cs.NA 2405.01929
cs.NA 2405.01938
cs.NA 2405.02073
cs.NA 2405.02094
cs.NA 2405.02139
cs.NA 2405.02182
cs.NA 2405.02203
cs.NA 2405.02221
cs.NA 2405.02237
cs.NA 2003.05708
cs.NA 2405.02310
cs.NA 2405.02462
cs.NA 2405.02561
cs.NA 2405.02570
cs.NA 2405.02588
cs.NA 2405.02903
cs.NA 2405.02952
cs.NA 2405.03180
cs.NA 2405.03183
cs.NA 2405.03437
cs.NA 2405.03472
cs.NA 2405.03474
cs.NA 2405.02447
cs.NA 2405.02616
cs.NA 2405.02810
cs.NA 2405.02872
cs.NA 2405.02995
cs.NA 2405.03016
cs.NA 2405.03081
cs.NA 2405.03090
cs.NA 2405.03143
cs.NA 2405.03145
cs.NA 2405.03169
cs.NA 2405.03224
cs.NA 2405.03249
cs.NA 2405.03285
cs.NA 2405.03343
cs.NA 2405.03403
cs.NA 2405.03415
cs.NA 2405.03421
cs.NA 2405.03433
cs.NA 2405.03483
cs.NA 2405.03529
cs.NA 2405.03535
cs.NA 2405.03588
cs.NA 2405.04147
cs.NA 2405.04380
cs.NA 2405.04091
cs.NA 2405.04116
cs.NA 2405.04195
cs.NA 2405.04214
cs.NA 2405.04330
cs.NA 2405.04347
cs.NA 2405.04399
cs.NA 2405.04433
cs.NA 2405.04612
cs.NA 2405.04842
cs.NA 2405.04615
cs.NA 2405.04668
cs.NA 2405.04811
cs.NA 2405.04958
cs.NA 2405.04961
cs.NA 2405.04970
cs.NA 2405.05047
cs.NA 2405.05095
cs.NA 2405.05098
cs.NA 2405.05158
cs.NA 2405.05179
cs.NA 2405.05181
cs.NA 2405.05187
cs.NA 2405.05192
cs.NA 2405.05213
cs.NA 2405.05334
cs.NA 2405.05343
cs.NA 2405.05512
cs.NA 2405.05638
cs.NA 2405.05789
cs.NA 2405.05818
cs.NA 2405.05865
cs.NA 2405.05328
cs.NA 2405.05371
cs.NA 2405.05434
cs.NA 2405.05436
cs.NA 2405.05448
cs.NA 2405.05532
cs.NA 2405.05626
cs.NA 2405.05685
cs.NA 2405.05837
cs.NA 2405.05844
cs.NA 2405.05897
cs.NA 2405.05898
cs.NA 2405.05951
cs.PL 2405.01687
cs.PL 2405.01787
cs.PL 2405.02326
cs.PL 2405.03536
cs.PL 2405.03709
cs.PL 2405.03727
cs.PL 2405.04612
cs.PL 2405.05118
cs.PL 2405.05431
cs.PL 2405.05751
cs.MA 2405.01562
cs.MA 2405.01772
cs.MA 2405.01839
cs.MA 2405.02161
cs.MA 2405.02198
cs.MA 2405.02229
cs.MA 2405.01870
cs.MA 2405.02133
cs.MA 2405.02438
cs.MA 2405.02480
cs.MA 2405.02579
cs.MA 2405.02606
cs.MA 2405.02769
cs.MA 2405.02835
cs.MA 2405.02849
cs.MA 2405.02980
cs.MA 2405.03250
cs.MA 2405.02654
cs.MA 2405.03076
cs.MA 2405.03132
cs.MA 2405.03718
cs.MA 2405.03735
cs.MA 2405.03971
cs.MA 2405.04219
cs.MA 2405.04491
cs.MA 2405.03994
cs.MA 2405.04678
cs.MA 2405.04966
cs.MA 2405.05248
cs.MA 2405.04702
cs.MA 2405.05085
cs.MA 2405.05365
cs.MA 2405.05542
cs.MA 2405.05870
cs.MA 2405.05950
cs.MA 2405.05433
cs.SE 2405.01668
cs.SE 2405.01787
cs.SE 2405.01543
cs.SE 2405.01544
cs.SE 2405.01545
cs.SE 2405.01546
cs.SE 2405.01549
cs.SE 2405.01553
cs.SE 2405.01556
cs.SE 2405.01559
cs.SE 2405.01560
cs.SE 2405.01561
cs.SE 2405.01564
cs.SE 2405.01565
cs.SE 2405.01566
cs.SE 2405.01567
cs.SE 2405.01568
cs.SE 2405.01569
cs.SE 2405.01572
cs.SE 2405.01573
cs.SE 2405.01574
cs.SE 2405.01575
cs.SE 2405.01578
cs.SE 2405.01579
cs.SE 2405.01580
cs.SE 2405.01608
cs.SE 2405.01612
cs.SE 2405.01695
cs.SE 2405.01757
cs.SE 2405.01803
cs.SE 2405.01874
cs.SE 2405.02095
cs.SE 2405.02213
cs.SE 2405.02435
cs.SE 2405.02630
cs.SE 2405.02355
cs.SE 2405.02490
cs.SE 2405.02580
cs.SE 2405.02734
cs.SE 2405.02828
cs.SE 2405.02867
cs.SE 2405.02922
cs.SE 2405.03058
cs.SE 2405.03067
cs.SE 2405.03223
cs.SE 2405.03256
cs.SE 2405.03326
cs.SE 2405.03489
cs.SE 2405.03509
cs.SE 2405.03616
cs.SE 2405.03619
cs.SE 2405.03821
cs.SE 2405.04126
cs.SE 2405.04219
cs.SE 2405.04324
cs.SE 2405.04520
cs.SE 2405.03709
cs.SE 2405.03710
cs.SE 2405.03727
cs.SE 2405.03786
cs.SE 2405.03824
cs.SE 2405.03883
cs.SE 2405.03927
cs.SE 2405.04063
cs.SE 2405.04192
cs.SE 2405.04236
cs.SE 2405.04282
cs.SE 2405.04477
cs.SE 2405.04558
cs.SE 2405.04600
cs.SE 2405.04602
cs.SE 2405.04787
cs.SE 2405.04860
cs.SE 2405.04861
cs.SE 2405.04975
cs.SE 2405.04994
cs.SE 2405.05017
cs.SE 2405.05021
cs.SE 2405.05135
cs.SE 2405.05209
cs.SE 2405.05365
cs.SE 2405.05546
cs.SE 2405.05347
cs.SE 2405.05455
cs.SE 2405.05541
cs.SE 2405.05813
cs.OS 2404.16393
cs.OS 2404.16856
cs.OS 2405.00038
cs.OS 2405.00078
cs.OS 2405.01263
cs.OS 2405.03883
cs.OS 2405.04437
cs.OS 2405.04036
cs.RO 2405.01691
cs.RO 2405.01745
cs.RO 2405.01859
cs.RO 2405.02133
cs.RO 2405.02162
cs.RO 2405.01673
cs.RO 2405.01758
cs.RO 2405.01771
cs.RO 2405.01772
cs.RO 2405.01776
cs.RO 2405.01792
cs.RO 2405.01794
cs.RO 2405.01824
cs.RO 2405.01882
cs.RO 2405.01918
cs.RO 2405.01923
cs.RO 2405.01925
cs.RO 2405.01971
cs.RO 2405.01999
cs.RO 2405.02011
cs.RO 2405.02053
cs.RO 2405.02121
cs.RO 2405.02145
cs.RO 2405.02177
cs.RO 2405.02187
cs.RO 2405.02198
cs.RO 2405.02241
cs.RO 2405.02243
cs.RO 2405.02250
cs.RO 2405.02288
cs.RO 2405.02556
cs.RO 2405.02608
cs.RO 2405.02762
cs.RO 2405.02821
cs.RO 2405.02880
cs.RO 2405.02942
cs.RO 2405.02965
cs.RO 2405.03305
cs.RO 2405.03379
cs.RO 2405.03388
cs.RO 2405.03633
cs.RO 2405.02289
cs.RO 2405.02290
cs.RO 2405.02291
cs.RO 2405.02292
cs.RO 2405.02417
cs.RO 2405.02425
cs.RO 2405.02438
cs.RO 2405.02484
cs.RO 2405.02492
cs.RO 2405.02495
cs.RO 2405.02560
cs.RO 2405.02579
cs.RO 2405.02605
cs.RO 2405.02620
cs.RO 2405.02639
cs.RO 2405.02719
cs.RO 2405.02754
cs.RO 2405.02772
cs.RO 2405.02794
cs.RO 2405.02868
cs.RO 2405.02897
cs.RO 2405.02914
cs.RO 2405.02968
cs.RO 2405.02979
cs.RO 2405.02980
cs.RO 2405.03026
cs.RO 2405.03034
cs.RO 2405.03113
cs.RO 2405.03155
cs.RO 2405.03164
cs.RO 2405.03273
cs.RO 2405.03281
cs.RO 2405.03307
cs.RO 2405.03393
cs.RO 2405.03411
cs.RO 2405.03413
cs.RO 2405.03440
cs.RO 2405.03470
cs.RO 2405.03473
cs.RO 2405.03476
cs.RO 2405.03491
cs.RO 2405.03514
cs.RO 2405.03530
cs.RO 2405.03534
cs.RO 2405.03561
cs.RO 2405.03572
cs.RO 2405.03666
cs.RO 2405.03671
cs.RO 2405.04278
cs.RO 2405.04308
cs.RO 2405.04345
cs.RO 2405.04491
cs.RO 2405.03807
cs.RO 2405.03827
cs.RO 2405.03864
cs.RO 2405.03865
cs.RO 2405.03890
cs.RO 2405.03969
cs.RO 2405.04000
cs.RO 2405.04030
cs.RO 2405.04071
cs.RO 2405.04079
cs.RO 2405.04082
cs.RO 2405.04146
cs.RO 2405.04188
cs.RO 2405.04235
cs.RO 2405.04241
cs.RO 2405.04290
cs.RO 2405.04307
cs.RO 2405.04359
cs.RO 2405.04378
cs.RO 2405.04392
cs.RO 2405.04498
cs.RO 2405.04503
cs.RO 2405.04549
cs.RO 2405.04589
cs.RO 2405.04678
cs.RO 2405.04702
cs.RO 2405.04889
cs.RO 2405.05173
cs.RO 2405.05258
cs.RO 2405.05259
cs.RO 2405.04609
cs.RO 2405.04707
cs.RO 2405.04714
cs.RO 2405.04732
cs.RO 2405.04743
cs.RO 2405.04783
cs.RO 2405.04798
cs.RO 2405.04812
cs.RO 2405.04821
cs.RO 2405.04826
cs.RO 2405.04859
cs.RO 2405.04890
cs.RO 2405.04899
cs.RO 2405.04952
cs.RO 2405.04979
cs.RO 2405.05059
cs.RO 2405.05096
cs.RO 2405.05131
cs.RO 2405.05162
cs.RO 2405.05210
cs.RO 2405.05226
cs.RO 2405.05292
cs.RO 2405.05355
cs.RO 2405.05363
cs.RO 2405.05518
cs.RO 2405.05852
cs.RO 2405.05858
cs.RO 2405.05372
cs.RO 2405.05439
cs.RO 2405.05447
cs.RO 2405.05479
cs.RO 2405.05490
cs.RO 2405.05500
cs.RO 2405.05514
cs.RO 2405.05526
cs.RO 2405.05542
cs.RO 2405.05589
cs.RO 2405.05648
cs.RO 2405.05668
cs.RO 2405.05669
cs.RO 2405.05702
cs.RO 2405.05787
cs.RO 2405.05792
cs.RO 2405.05807
cs.RO 2405.05817
cs.RO 2405.05824
cs.RO 2405.05828
cs.RO 2405.05861
cs.RO 2405.05872
cs.RO 2405.05876
cs.RO 2405.05885
cs.RO 2405.05941
cs.RO 2405.05956
cs.NI 2405.01578
cs.NI 2405.01808
cs.NI 2405.01555
cs.NI 2405.01609
cs.NI 2405.01618
cs.NI 2405.01690
cs.NI 2405.01742
cs.NI 2405.01844
cs.NI 2405.02022
cs.NI 2405.02029
cs.NI 2405.02406
cs.NI 2405.02682
cs.NI 2405.03045
cs.NI 2405.03628
cs.NI 2405.02647
cs.NI 2405.02693
cs.NI 2405.02694
cs.NI 2405.02972
cs.NI 2405.03122
cs.NI 2405.03290
cs.NI 2405.03356
cs.NI 2405.03372
cs.NI 2405.03526
cs.NI 2405.03555
cs.NI 2405.03692
cs.NI 2405.04036
cs.NI 2405.04431
cs.NI 2405.03842
cs.NI 2405.03990
cs.NI 2405.04099
cs.NI 2405.04263
cs.NI 2405.04319
cs.NI 2405.04395
cs.NI 2405.04402
cs.NI 2405.04432
cs.NI 2405.04441
cs.NI 2405.04803
cs.NI 2405.04678
cs.NI 2405.04804
cs.NI 2405.04907
cs.NI 2405.04926
cs.NI 2405.04932
cs.NI 2405.05019
cs.NI 2405.05140
cs.NI 2405.05576
cs.NI 2405.05614
cs.NI 2405.05911
cs.NI 2405.05930
cs.NI 2405.05529
cs.NI 2405.05531
cs.NI 2405.05540
cs.NI 2405.05849
cs.SD 2405.01730
cs.SD 2405.01967
cs.SD 2405.01815
cs.SD 2405.01988
cs.SD 2405.02119
cs.SD 2405.02132
cs.SD 2405.02151
cs.SD 2405.02179
cs.SD 2405.03134
cs.SD 2405.02333
cs.SD 2405.02675
cs.SD 2405.02801
cs.SD 2405.02821
cs.SD 2405.02991
cs.SD 2405.02996
cs.SD 2405.03118
cs.SD 2405.03178
cs.SD 2405.03322
cs.SD 2405.03385
cs.SD 2405.03484
cs.SD 2405.03567
cs.SD 2405.02995
cs.SD 2405.03152
cs.SD 2405.03905
cs.SD 2405.04096
cs.SD 2405.04128
cs.SD 2405.04272
cs.SD 2405.04476
cs.SD 2405.04485
cs.SD 2405.03952
cs.SD 2405.03953
cs.SD 2405.03956
cs.SD 2405.04124
cs.SD 2405.04181
cs.SD 2405.04471
cs.SD 2405.05244
cs.SD 2405.04880
cs.SD 2405.05126
cs.SD 2405.05240
cs.SD 2405.05467
cs.SD 2405.05498
cs.PF 2405.00314
cs.PF 2405.00326
cs.PF 2405.00790
cs.PF 2405.00839
cs.PF 2405.01157
cs.PF 2405.01378
cs.PF 2405.01420
cs.PF 2405.01599
cs.PF 2405.02019
cs.PF 2405.03488
cs.PF 2405.04237
cs.PF 2405.04532
cs.PF 2405.04102
cs.SI 2405.01596
cs.SI 2405.01904
cs.SI 2405.02016
cs.SI 2405.02522
cs.SI 2405.02760
cs.SI 2405.03486
cs.SI 2405.02798
cs.SI 2405.02858
cs.SI 2405.03080
cs.SI 2405.03266
cs.SI 2405.04428
cs.SI 2405.03813
cs.SI 2405.03946
cs.SI 2405.04066
cs.SI 2405.04371
cs.SI 2405.04773
cs.SI 2405.04911
cs.SI 2405.05022
cs.SI 2405.05119
cs.SI 2405.05177
cs.SI 2405.05225
cs.SI 2405.04559
cs.SI 2405.04711
cs.SI 2405.04896
cs.SI 2405.05125
cs.SI 2405.05129
cs.SI 2405.05433
cs.SI 2405.05275
cs.SI 2405.05288
cs.SI 2405.05393
cs.SI 2405.05576
cs.SI 2405.05724
cs.SY 2405.01690
cs.SY 2405.01758
cs.SY 2405.01792
cs.SY 2405.01794
cs.SY 2405.02034
cs.SY 2405.02044
cs.SY 2405.02131
cs.SY 2405.02180
cs.SY 2405.02198
cs.SY 2405.01681
cs.SY 2405.01753
cs.SY 2405.01889
cs.SY 2405.01916
cs.SY 2405.02030
cs.SY 2405.02184
cs.SY 2405.02303
cs.SY 2405.02339
cs.SY 2405.02346
cs.SY 2405.02631
cs.SY 2405.02693
cs.SY 2405.02726
cs.SY 2405.02753
cs.SY 2405.02963
cs.SY 2405.02979
cs.SY 2405.02989
cs.SY 2405.03039
cs.SY 2405.03054
cs.SY 2405.03123
cs.SY 2405.03230
cs.SY 2405.03393
cs.SY 2405.03470
cs.SY 2405.03561
cs.SY 2405.02316
cs.SY 2405.02487
cs.SY 2405.02510
cs.SY 2405.02511
cs.SY 2405.02537
cs.SY 2405.02633
cs.SY 2405.02809
cs.SY 2405.02813
cs.SY 2405.02827
cs.SY 2405.02953
cs.SY 2405.02986
cs.SY 2405.02994
cs.SY 2405.03106
cs.SY 2405.03201
cs.SY 2405.03245
cs.SY 2405.03334
cs.SY 2405.03482
cs.SY 2405.03502
cs.SY 2405.03575
cs.SY 2405.03629
cs.SY 2405.03692
cs.SY 2405.03711
cs.SY 2405.03848
cs.SY 2405.04000
cs.SY 2405.04066
cs.SY 2405.03783
cs.SY 2405.03863
cs.SY 2405.03885
cs.SY 2405.03923
cs.SY 2405.03935
cs.SY 2405.04012
cs.SY 2405.04080
cs.SY 2405.04125
cs.SY 2405.04177
cs.SY 2405.04225
cs.SY 2405.04250
cs.SY 2405.04258
cs.SY 2405.04275
cs.SY 2405.04287
cs.SY 2405.04821
cs.SY 2405.04837
cs.SY 2405.05107
cs.SY 2405.05162
cs.SY 2405.04591
cs.SY 2405.04757
cs.SY 2405.04806
cs.SY 2405.05028
cs.SY 2405.05030
cs.SY 2405.05036
cs.SY 2405.05235
cs.SY 2405.05236
cs.SY 2405.05239
cs.SY 2405.05447
cs.SY 2405.05473
cs.SY 2405.05490
cs.SY 2405.05500
cs.SY 2405.05558
cs.SY 2405.05579
cs.SY 2405.05668
cs.SY 2405.05669
cs.SY 2405.05757
cs.SY 2405.05782
cs.SY 2405.05787
cs.SY 2405.05866
cs.SY 2405.05937
cs.SY 2405.05951
cs.SY 2405.05353
cs.SY 2405.05365
cs.SY 2405.05399
cs.SY 2405.05426
cs.SY 2405.05547
cs.SY 2405.05754
cs.SY 2405.05815
cs.SY 2405.05848
cs.SY 2405.05911
cs.SC 2405.01733
cs.SC 2405.03588
cs.SC 2405.02430
cs.SC 2405.04022
cs.SC 2405.04297
cs.SC 2405.04842
cs.SC 2405.05294
stat.ML 2405.01611
stat.ML 2405.01702
stat.ML 2405.01709
stat.ML 2405.01718
stat.ML 2405.01778
stat.ML 2405.01908
stat.ML 2405.01978
stat.ML 2405.02140
stat.ML 2405.02183
stat.ML 2405.02200
stat.ML 2405.01737
stat.ML 2405.01761
stat.ML 2405.01952
stat.ML 2405.01964
stat.ML 2405.01994
stat.ML 2405.02082
stat.ML 2405.02188
stat.ML 2405.02225
stat.ML 2405.02373
stat.ML 2405.02441
stat.ML 2405.02594
stat.ML 2405.02612
stat.ML 2405.02810
stat.ML 2405.02881
stat.ML 2405.02905
stat.ML 2405.03059
stat.ML 2405.03063
stat.ML 2405.03073
stat.ML 2405.03083
stat.ML 2405.03236
stat.ML 2405.03293
stat.ML 2405.03329
stat.ML 2405.03449
stat.ML 2405.03624
stat.ML 2405.03664
stat.ML 2405.02372
stat.ML 2405.02383
stat.ML 2405.02449
stat.ML 2405.02488
stat.ML 2405.02783
stat.ML 2405.03130
stat.ML 2405.03180
stat.ML 2405.03198
stat.ML 2405.03468
stat.ML 2405.03549
stat.ML 2209.02685
stat.ML 2405.03720
stat.ML 2405.03723
stat.ML 2405.03875
stat.ML 2405.03913
stat.ML 2405.04011
stat.ML 2405.04043
stat.ML 2405.04346
stat.ML 2405.04517
stat.ML 2405.03879
stat.ML 2405.04026
stat.ML 2405.04147
stat.ML 2405.04393
stat.ML 2405.04554
stat.ML 2405.04566
stat.ML 2405.04636
stat.ML 2405.04715
stat.ML 2405.04811
stat.ML 2405.04910
stat.ML 2405.04917
stat.ML 2405.05033
stat.ML 2405.05097
stat.ML 2405.05110
stat.ML 2405.04539
stat.ML 2405.04919
stat.ML 2405.05025
stat.ML 2405.05081
stat.ML 2405.05190
stat.ML 2405.04579
stat.ML 2405.05294
stat.ML 2405.05369
stat.ML 2405.05386
stat.ML 2405.05398
stat.ML 2405.05429
stat.ML 2405.05468
stat.ML 2405.05485
stat.ML 2405.05545
stat.ML 2405.05673
stat.ML 2405.05679
stat.ML 2405.05695
stat.ML 2405.05852
stat.ML 2405.05934
stat.ML 2405.05950
stat.ML 2405.05968
stat.ML 2405.05646
stat.ML 2405.05733
stat.AP 2405.01598
stat.AP 2405.01715
stat.AP 2405.01747
stat.AP 2405.01748
stat.AP 2405.01694
stat.AP 2405.01746
stat.AP 2405.01789
stat.AP 2405.01986
stat.AP 2405.02343
stat.AP 2405.02551
stat.AP 2405.02983
stat.AP 2405.03042
stat.AP 2405.03381
stat.AP 2405.03402
stat.AP 2405.03603
stat.AP 2405.02315
stat.AP 2405.02319
stat.AP 2405.02322
stat.AP 2405.02340
stat.AP 2405.03538
stat.AP 2405.03579
stat.AP 2405.03734
stat.AP 2405.03879
stat.AP 2405.04352
stat.AP 2405.04487
stat.AP 2405.03814
stat.AP 2405.03874
stat.AP 2405.04269
stat.AP 2405.04507
stat.AP 2405.04769
stat.AP 2405.04816
stat.AP 2405.04904
stat.AP 2405.05218
stat.AP 2405.05227
stat.AP 2405.04579
stat.AP 2405.05439
stat.AP 2405.05773
stat.AP 2405.05643
stat.AP 2405.05909
stat.TH 2405.01685
stat.TH 2405.01709
stat.TH 2405.01902
stat.TH 2405.01958
stat.TH 2405.01994
stat.TH 2405.02082
stat.TH 2405.01908
stat.TH 2405.02319
stat.TH 2405.02551
stat.TH 2405.02715
stat.TH 2405.02753
stat.TH 2405.02833
stat.TH 2405.02928
stat.TH 2405.03021
stat.TH 2405.03043
stat.TH 2405.03606
stat.TH 2405.02462
stat.TH 2405.02498
stat.TH 2405.03063
stat.TH 2405.03487
stat.TH 2405.03815
stat.TH 2405.04147
stat.TH 2405.04554
stat.TH 2405.04628
stat.TH 2405.04796
stat.TH 2405.05081
stat.TH 2405.05190
stat.TH 2405.04715
stat.TH 2405.05110
stat.TH 2405.05403
stat.TH 2405.05459
stat.TH 2405.05512
stat.TH 2405.05344
stat.TH 2405.05419
stat.TH 2405.05597
stat.TH 2405.05644
stat.TH 2405.05656
stat.TH 2405.05679
math.OC 2405.01698
math.OC 2405.01702
math.OC 2405.01718
math.OC 2405.01731
math.OC 2405.01735
math.OC 2405.01753
math.OC 2405.01765
math.OC 2405.01916
math.OC 2405.02020
math.OC 2405.02044
math.OC 2405.01770
math.OC 2405.01788
math.OC 2405.01812
math.OC 2405.01915
math.OC 2405.01968
math.OC 2405.01984
math.OC 2405.01989
math.OC 2405.02001
math.OC 2405.02034
math.OC 2405.02089
math.OC 2405.02100
math.OC 2405.02201
math.OC 2405.02253
math.OC 2405.02769
math.OC 2405.02813
math.OC 2405.02850
math.OC 2405.02934
math.OC 2405.03092
math.OC 2405.03198
math.OC 2405.03330
math.OC 2405.03624
math.OC 2405.03629
math.OC 2405.02373
math.OC 2405.02439
math.OC 2405.02456
math.OC 2405.02497
math.OC 2405.02533
math.OC 2405.02553
math.OC 2405.02588
math.OC 2405.02753
math.OC 2405.03051
math.OC 2405.03073
math.OC 2405.03102
math.OC 2405.03123
math.OC 2405.03219
math.OC 2405.03233
math.OC 2405.03257
math.OC 2405.03414
math.OC 2405.03472
math.OC 2405.03560
math.OC 2405.03584
math.OC 2405.03854
math.OC 2405.04017
math.OC 2405.03888
math.OC 2405.03926
math.OC 2405.04150
math.OC 2405.04172
math.OC 2405.04204
math.OC 2405.04313
math.OC 2405.04331
math.OC 2405.04350
math.OC 2405.04380
math.OC 2405.04409
math.OC 2405.04710
math.OC 2405.05098
math.OC 2405.05158
math.OC 2405.05236
math.OC 2405.04618
math.OC 2405.04628
math.OC 2405.04688
math.OC 2405.04785
math.OC 2405.04805
math.OC 2405.04808
math.OC 2405.04930
math.OC 2405.04987
math.OC 2405.05124
math.OC 2405.05334
math.OC 2405.05473
math.OC 2405.05532
math.OC 2405.05626
math.OC 2405.05638
math.OC 2405.05818
math.OC 2405.05834
math.OC 2405.05865
math.OC 2405.05951
math.OC 2405.05358
math.OC 2405.05415
math.OC 2405.05487
math.OC 2405.05558
math.OC 2405.05561
math.OC 2405.05620
math.OC 2405.05713
math.OC 2405.05725
math.OC 2405.05782
math.OC 2405.05866
math.OC 2405.05887
eess.IV 2405.01558
eess.IV 2405.01591
eess.IV 2405.02066
eess.IV 2405.02191
eess.IV 2405.01552
eess.IV 2405.01600
eess.IV 2405.01644
eess.IV 2405.01658
eess.IV 2405.01725
eess.IV 2405.01726
eess.IV 2405.01750
eess.IV 2405.01822
eess.IV 2405.02109
eess.IV 2405.02208
eess.IV 2405.02305
eess.IV 2405.02312
eess.IV 2405.02317
eess.IV 2405.02478
eess.IV 2405.02942
eess.IV 2405.02961
eess.IV 2405.02361
eess.IV 2405.02362
eess.IV 2405.02504
eess.IV 2405.02784
eess.IV 2405.02852
eess.IV 2405.02857
eess.IV 2405.03008
eess.IV 2405.03040
eess.IV 2405.03126
eess.IV 2405.03141
eess.IV 2405.03684
eess.IV 2405.04167
eess.IV 2405.04225
eess.IV 2405.04311
eess.IV 2405.03692
eess.IV 2405.03713
eess.IV 2405.03729
eess.IV 2405.03732
eess.IV 2405.03762
eess.IV 2405.03854
eess.IV 2405.04023
eess.IV 2405.04169
eess.IV 2405.04274
eess.IV 2405.04288
eess.IV 2405.04295
eess.IV 2405.04535
eess.IV 2405.04722
eess.IV 2405.04997
eess.IV 2405.05016
eess.IV 2405.05133
eess.IV 2405.05170
eess.IV 2405.05252
eess.IV 2405.04595
eess.IV 2405.04610
eess.IV 2405.04629
eess.IV 2405.04778
eess.IV 2405.04867
eess.IV 2405.04902
eess.IV 2405.05007
eess.IV 2405.05446
eess.IV 2405.05462
eess.IV 2405.05518
eess.IV 2405.05336
eess.IV 2405.05520
eess.IV 2405.05564
eess.IV 2405.05565
eess.IV 2405.05658
eess.IV 2405.05667
eess.IV 2405.05814
eess.IV 2405.05944
stat.CO 2405.01737
stat.CO 2405.01958
stat.CO 2405.02475
stat.CO 2405.02488
stat.CO 2405.02753
stat.CO 2405.02983
stat.CO 2405.03042
stat.CO 2405.02802
stat.CO 2405.03985
stat.CO 2405.04531
stat.CO 2405.04043
stat.CO 2405.04487
stat.CO 2405.04845
stat.CO 2405.04919
stat.CO 2405.05073
stat.CO 2405.05238
stat.CO 2405.05403
stat.CO 2405.05429
stat.CO 2405.05679
eess.AS 2405.01815
eess.AS 2405.01988
eess.AS 2405.02119
eess.AS 2405.02132
eess.AS 2405.02151
eess.AS 2405.02179
eess.AS 2405.01730
eess.AS 2405.01967
eess.AS 2405.02124
eess.AS 2405.02333
eess.AS 2405.02675
eess.AS 2405.02801
eess.AS 2405.02821
eess.AS 2405.02991
eess.AS 2405.02996
eess.AS 2405.03118
eess.AS 2405.03134
eess.AS 2405.03178
eess.AS 2405.03322
eess.AS 2405.03385
eess.AS 2405.03484
eess.AS 2405.03567
eess.AS 2405.03152
eess.AS 2405.03254
eess.AS 2405.03905
eess.AS 2405.03952
eess.AS 2405.03953
eess.AS 2405.03956
eess.AS 2405.04128
eess.AS 2405.04181
eess.AS 2405.04471
eess.AS 2405.04485
eess.AS 2405.04096
eess.AS 2405.04272
eess.AS 2405.04476
eess.AS 1005.2465
eess.AS 2405.04880
eess.AS 2405.05126
eess.AS 2405.05240
eess.AS 2405.04627
eess.AS 2405.04752
eess.AS 2405.05244
eess.AS 2405.05467
eess.AS 2405.05498
math.PR 2405.01735
math.PR 2405.01877
math.PR 2405.01898
math.PR 2405.02107
math.PR 2405.01665
math.PR 2405.01685
math.PR 2405.01871
math.PR 2405.01902
math.PR 2405.01980
math.PR 2405.02090
math.PR 2405.02244
math.PR 2405.02379
math.PR 2405.02462
math.PR 2405.02577
math.PR 2405.02871
math.PR 2405.02987
math.PR 2405.03061
math.PR 2405.03257
math.PR 2405.03302
math.PR 2405.03410
math.PR 2405.03479
math.PR 2405.03525
math.PR 2405.03549
math.PR 2405.02424
math.PR 2405.02502
math.PR 2405.02625
math.PR 2405.02720
math.PR 2405.02789
math.PR 2405.02833
math.PR 2405.02928
math.PR 2405.03014
math.PR 2405.03460
math.PR 2405.03580
math.PR 2405.03815
math.PR 2405.04004
math.PR 2405.04094
math.PR 2405.04102
math.PR 2405.04168
math.PR 2405.04358
math.PR 2405.04391
math.PR 2405.04439
math.PR 2405.04451
math.PR 2405.04482
math.PR 2405.03859
math.PR 2405.03937
math.PR 2405.04047
math.PR 2405.04073
math.PR 2405.04076
math.PR 2405.04199
math.PR 2405.04242
math.PR 2405.04284
math.PR 2405.04335
math.PR 2405.04375
math.PR 2405.04385
math.PR 2405.04417
math.PR 2405.04501
math.PR 2405.04510
math.PR 2405.04670
math.PR 2405.05082
math.PR 2405.05192
math.PR 2405.05223
math.PR 2405.04835
math.PR 2405.04951
math.PR 2405.04999
math.PR 2405.05045
math.PR 2405.05102
math.PR 2405.05203
math.PR 2405.05246
math.PR 2405.05492
math.PR 2405.05679
math.PR 2405.05902
math.PR 2405.05366
math.PR 2405.05595
math.PR 2405.05677
math.PR 2405.05778
math.PR 2405.05793
math.PR 2405.05879
eess.SP 2405.01584
eess.SP 2405.01785
eess.SP 2405.01882
eess.SP 2405.01919
eess.SP 2405.01979
eess.SP 2405.01692
eess.SP 2405.01816
eess.SP 2405.01928
eess.SP 2405.01931
eess.SP 2405.01961
eess.SP 2405.01965
eess.SP 2405.02007
eess.SP 2405.02085
eess.SP 2405.02101
eess.SP 2405.02126
eess.SP 2405.02131
eess.SP 2405.02146
eess.SP 2405.02323
eess.SP 2405.02370
eess.SP 2405.02604
eess.SP 2405.02660
eess.SP 2405.02681
eess.SP 2405.02823
eess.SP 2405.02931
eess.SP 2405.02981
eess.SP 2405.03119
eess.SP 2405.03126
eess.SP 2405.03300
eess.SP 2405.03320
eess.SP 2405.03356
eess.SP 2405.03385
eess.SP 2405.02422
eess.SP 2405.02563
eess.SP 2405.02567
eess.SP 2405.02643
eess.SP 2405.02718
eess.SP 2405.02741
eess.SP 2405.02788
eess.SP 2405.02825
eess.SP 2405.02873
eess.SP 2405.02885
eess.SP 2405.02891
eess.SP 2405.03022
eess.SP 2405.03047
eess.SP 2405.03129
eess.SP 2405.03222
eess.SP 2405.03230
eess.SP 2405.03277
eess.SP 2405.03542
eess.SP 2405.03597
eess.SP 2405.03608
eess.SP 2405.03665
eess.SP 2405.03667
eess.SP 2405.03949
eess.SP 2405.04098
eess.SP 2405.04099
eess.SP 2405.04111
eess.SP 2405.04225
eess.SP 2405.04285
eess.SP 2405.04290
eess.SP 2405.04354
eess.SP 2405.04400
eess.SP 2405.03819
eess.SP 2405.03833
eess.SP 2405.03957
eess.SP 2405.04027
eess.SP 2405.04107
eess.SP 2405.04218
eess.SP 2405.04253
eess.SP 2405.04326
eess.SP 2405.04445
eess.SP 2405.04539
eess.SP 2405.04865
eess.SP 2405.04976
eess.SP 2405.05252
eess.SP 2405.04704
eess.SP 2405.04962
eess.SP 2405.05157
eess.SP 2405.05234
eess.SP 2405.05549
eess.SP 2405.05565
eess.SP 2405.05709
eess.SP 2405.05770
eess.SP 2405.05503
eess.SP 2405.05522
eess.SP 2405.05641
eess.SP 2405.05659
eess.SP 2405.05676
eess.SP 2405.05715
eess.SP 2405.05748
eess.SP 2405.05801
eess.SP 2405.05883
eess.SP 2405.05937
math.DS 2405.01669
math.DS 2405.01894
math.DS 2405.02154
math.DS 2405.02184
math.DS 2405.02253
math.DS 2405.01806
math.DS 2405.01864
math.DS 2405.01898
math.DS 2405.01939
math.DS 2405.02166
math.DS 2405.02176
math.DS 2405.02204
math.DS 2405.02720
math.DS 2405.03472
math.DS 2405.03549
math.DS 2405.03612
math.DS 2405.03621
math.DS 2405.03631
math.DS 2405.02536
math.DS 2405.02582
math.DS 2405.02729
math.DS 2405.02866
math.DS 2405.02878
math.DS 2405.02987
math.DS 2405.03124
math.DS 2405.03154
math.DS 2405.03179
math.DS 2405.03200
math.DS 2405.03208
math.DS 2405.03213
math.DS 2405.03227
math.DS 2405.03404
math.DS 2405.03641
math.DS 2405.03668
math.DS 2405.03772
math.DS 2405.03861
math.DS 2405.04221
math.DS 2405.04343
math.DS 2405.04449
math.DS 2405.03931
math.DS 2405.04281
math.DS 2405.04452
math.DS 2405.04505
math.DS 2405.04905
math.DS 2405.04667
math.DS 2405.04676
math.DS 2405.05103
math.DS 2405.05172
math.DS 2405.05186
math.DS 2405.05407
math.DS 2405.05866
math.DS 2405.05897
math.DS 2405.05951
math.DS 2405.05334
math.DS 2405.05450
math.DS 2405.05464
math.DS 2405.05473
math.DS 2405.05593
math.DS 2405.05661
math.DS 2405.05834
math.DS 2405.05948
