cs.CG 2411.13887
cs.CG 2411.13985
cs.CG 2411.14038
cs.CG 2411.14924
cs.CG 2411.15391
cs.CG 2411.15864
cs.CG 2411.15833
cs.CG 2411.15986
cs.CG 2411.17129
cs.CG 2411.17920
cs.CG 2411.18605
cs.FL 2411.12386
cs.FL 2411.12537
cs.FL 2411.13400
cs.FL 2411.13318
cs.FL 2411.13412
cs.FL 2411.14538
cs.FL 2411.14580
cs.FL 2411.15338
cs.FL 2411.17421
cs.DS 2411.13601
cs.DS 2411.13682
cs.DS 2411.14336
cs.DS 2411.14349
cs.DS 2411.14431
cs.DS 2411.13708
cs.DS 2411.13728
cs.DS 2411.13817
cs.DS 2411.14006
cs.DS 2411.14305
cs.DS 2411.14344
cs.DS 2411.14387
cs.DS 2411.14664
cs.DS 2411.14850
cs.DS 2411.14655
cs.DS 2411.14745
cs.DS 2411.14825
cs.DS 2411.14994
cs.DS 2411.15306
cs.DS 2411.15363
cs.DS 2411.15727
cs.DS 2411.16030
cs.DS 2411.16195
cs.DS 2411.16255
cs.DS 2411.16548
cs.DS 2411.16624
cs.DS 2411.16667
cs.DS 2411.15282
cs.DS 2411.15291
cs.DS 2411.15364
cs.DS 2411.15669
cs.DS 2411.16149
cs.DS 2411.16281
cs.DS 2411.16578
cs.DS 2411.16600
cs.DS 2411.16990
cs.DS 2411.17250
cs.DS 2411.16696
cs.DS 2411.16918
cs.DS 2411.16947
cs.DS 2411.17245
cs.DS 2411.17271
cs.DS 2411.17596
cs.DS 2411.17887
cs.DS 2411.17948
cs.DS 2411.18028
cs.DS 2411.18292
cs.DS 2411.18312
cs.DS 2411.18581
cs.DS 2411.18614
cs.DS 2411.18617
cs.GT 2411.13162
cs.GT 2411.13296
cs.GT 2411.13513
cs.GT 2411.13720
cs.GT 2411.13993
cs.GT 2411.14007
cs.GT 2411.14496
cs.GT 2411.14845
cs.GT 2411.14821
cs.GT 2411.15229
cs.GT 2411.15294
cs.GT 2411.16574
cs.GT 2411.15727
cs.GT 2411.16624
cs.GT 2411.17749
cs.GT 2411.17758
cs.DB 2411.13704
cs.DB 2411.14277
cs.DB 2411.14330
cs.DB 2411.14331
cs.DB 2411.14480
cs.DB 2411.14754
cs.DB 2411.14788
cs.DB 2411.14968
cs.DB 2411.15031
cs.DB 2411.15152
cs.DB 2411.15494
cs.DB 2411.16387
cs.DB 2411.16478
cs.DB 2411.15827
cs.DB 2411.15835
cs.DB 2411.16254
cs.DB 2411.17009
cs.DB 2411.16742
cs.DB 2411.17080
cs.DB 2411.17110
cs.DB 2411.17229
cs.DB 2411.17483
cs.DB 2411.17603
cs.DB 2411.17913
cs.DB 2411.17915
cs.DB 2411.18183
cs.GR 2411.14384
cs.GR 2411.14430
cs.GR 2411.14740
cs.GR 2411.15138
cs.GR 2411.15205
cs.GR 2411.15279
cs.GR 2411.15457
cs.GR 2411.15468
cs.GR 2411.15472
cs.GR 2411.15833
cs.GR 2411.15880
cs.GR 2411.15925
cs.GR 2411.16076
cs.GR 2411.16080
cs.GR 2411.16331
cs.GR 2411.16446
cs.GR 2411.16498
cs.GR 2411.16602
cs.GR 2411.16680
cs.GR 2411.15732
cs.GR 2411.16729
cs.GR 2411.16802
cs.GR 2411.16816
cs.GR 2411.16946
cs.GR 2411.16964
cs.GR 2411.17044
cs.GR 2411.17067
cs.GR 2411.17489
cs.GR 2411.17513
cs.GR 2411.16874
cs.GR 2411.17945
cs.GR 2411.17994
cs.GR 2411.18616
cs.GR 2411.18197
cs.DM 2411.14057
cs.DM 2411.14238
cs.DM 2411.13888
cs.DM 2411.14533
cs.DM 2411.14553
cs.DM 2411.14924
cs.DM 2411.15282
cs.DM 2411.15363
cs.DM 2411.15365
cs.DM 2411.15639
cs.DM 2411.16062
cs.DM 2411.16085
cs.DM 2411.16288
cs.DM 2411.16548
cs.DM 2411.16559
cs.DM 2411.16676
cs.DM 2411.15391
cs.DM 2411.15463
cs.DM 2411.15687
cs.DM 2411.15750
cs.DM 2411.16017
cs.DM 2411.16990
cs.DM 2411.17127
cs.DM 2411.17273
cs.DM 2411.17351
cs.DM 2411.17885
cs.DM 2411.18292
cs.DM 2411.18381
cs.DM 2411.18581
cs.DM 2411.18590
cs.DM 2411.18364
cs.AR 2411.13571
cs.AR 2411.13715
cs.AR 2411.14006
cs.AR 2411.13717
cs.AR 2411.13900
cs.AR 2411.14082
cs.AR 2411.14299
cs.AR 2411.14436
cs.AR 2411.14554
cs.AR 2411.14810
cs.AR 2411.14954
cs.AR 2411.13899
cs.AR 2411.16158
cs.AR 2411.16245
cs.AR 2411.16341
cs.AR 2411.16342
cs.AR 2411.16667
cs.AR 2411.15409
cs.AR 2411.15442
cs.AR 2411.15521
cs.AR 2411.15574
cs.AR 2411.15982
cs.AR 2411.16007
cs.AR 2411.16238
cs.AR 2411.16712
cs.AR 2411.17198
cs.AR 2411.17519
cs.AR 2411.17543
cs.AR 2411.17569
cs.AR 2411.16806
cs.AR 2411.17309
cs.AR 2411.17367
cs.AR 2411.17741
cs.AR 2411.18354
cs.AR 2411.17847
cs.AR 2411.17960
cs.AR 2411.17966
cs.AR 2411.18065
cs.AR 2411.18090
cs.AR 2411.18114
cs.AR 2411.18148
cs.AR 2411.18271
cs.AR 2411.18308
cs.AR 2411.18330
cs.AI 2210.08868
cs.AI 2410.03182
cs.AI 2411.12174
cs.AI 2411.13559
cs.AI 2411.13562
cs.AI 2411.13578
cs.AI 2411.13583
cs.AI 2411.13584
cs.AI 2411.13585
cs.AI 2411.13586
cs.AI 2411.13587
cs.AI 2411.13588
cs.AI 2411.13590
cs.AI 2411.13591
cs.AI 2411.13592
cs.AI 2411.13597
cs.AI 2411.13599
cs.AI 2411.13602
cs.AI 2411.13603
cs.AI 2411.13608
cs.AI 2411.13611
cs.AI 2411.13613
cs.AI 2411.13614
cs.AI 2411.13619
cs.AI 2411.13627
cs.AI 2411.13674
cs.AI 2411.13676
cs.AI 2411.13677
cs.AI 2411.13715
cs.AI 2411.13724
cs.AI 2411.13740
cs.AI 2411.13757
cs.AI 2411.13766
cs.AI 2411.13768
cs.AI 2411.13773
cs.AI 2411.13775
cs.AI 2411.13778
cs.AI 2411.13779
cs.AI 2411.13814
cs.AI 2411.13821
cs.AI 2411.13846
cs.AI 2411.13865
cs.AI 2411.13874
cs.AI 2411.13883
cs.AI 2411.13902
cs.AI 2411.13903
cs.AI 2411.13907
cs.AI 2411.13934
cs.AI 2411.13941
cs.AI 2411.13949
cs.AI 2411.13951
cs.AI 2411.13979
cs.AI 2411.13981
cs.AI 2411.13982
cs.AI 2411.13997
cs.AI 2411.14034
cs.AI 2411.14039
cs.AI 2411.14042
cs.AI 2411.14054
cs.AI 2411.14062
cs.AI 2411.14064
cs.AI 2411.14092
cs.AI 2411.14117
cs.AI 2411.14133
cs.AI 2411.14141
cs.AI 2411.14157
cs.AI 2411.14164
cs.AI 2411.14193
cs.AI 2411.14199
cs.AI 2411.14205
cs.AI 2411.14207
cs.AI 2411.14215
cs.AI 2411.14219
cs.AI 2411.14243
cs.AI 2411.14251
cs.AI 2411.14252
cs.AI 2411.14254
cs.AI 2411.14257
cs.AI 2411.14258
cs.AI 2411.14263
cs.AI 2411.14277
cs.AI 2411.14303
cs.AI 2411.14343
cs.AI 2411.14354
cs.AI 2411.14367
cs.AI 2411.14371
cs.AI 2411.14374
cs.AI 2411.14403
cs.AI 2411.14425
cs.AI 2411.14429
cs.AI 2411.13560
cs.AI 2411.13566
cs.AI 2411.13653
cs.AI 2411.13749
cs.AI 2411.13867
cs.AI 2411.13932
cs.AI 2411.14012
cs.AI 2411.14033
cs.AI 2411.14214
cs.AI 2411.14368
cs.AI 2411.14404
cs.AI 2411.14433
cs.AI 2411.14441
cs.AI 2411.14449
cs.AI 2411.14456
cs.AI 2411.14458
cs.AI 2411.14459
cs.AI 2411.14460
cs.AI 2411.14461
cs.AI 2411.14463
cs.AI 2411.14464
cs.AI 2411.14466
cs.AI 2411.14468
cs.AI 2411.14469
cs.AI 2411.14471
cs.AI 2411.14473
cs.AI 2411.14476
cs.AI 2411.14479
cs.AI 2411.14483
cs.AI 2411.14484
cs.AI 2411.14485
cs.AI 2411.14486
cs.AI 2411.14487
cs.AI 2411.14489
cs.AI 2411.14491
cs.AI 2411.14497
cs.AI 2411.14499
cs.AI 2411.14500
cs.AI 2411.14502
cs.AI 2411.14503
cs.AI 2411.14507
cs.AI 2411.14511
cs.AI 2411.14515
cs.AI 2411.14520
cs.AI 2411.14550
cs.AI 2411.14571
cs.AI 2411.14592
cs.AI 2411.14593
cs.AI 2411.14612
cs.AI 2411.14625
cs.AI 2411.14626
cs.AI 2411.14627
cs.AI 2411.14633
cs.AI 2411.14652
cs.AI 2411.14654
cs.AI 2411.14672
cs.AI 2411.14684
cs.AI 2411.14696
cs.AI 2411.14698
cs.AI 2411.14708
cs.AI 2411.14713
cs.AI 2411.14738
cs.AI 2411.14740
cs.AI 2411.14743
cs.AI 2411.14744
cs.AI 2411.14751
cs.AI 2411.14759
cs.AI 2411.14762
cs.AI 2411.14768
cs.AI 2411.14773
cs.AI 2411.14774
cs.AI 2411.14790
cs.AI 2411.14794
cs.AI 2411.14797
cs.AI 2411.14808
cs.AI 2411.14827
cs.AI 2411.14832
cs.AI 2411.14842
cs.AI 2411.14847
cs.AI 2411.14863
cs.AI 2411.14869
cs.AI 2411.14870
cs.AI 2411.14871
cs.AI 2411.14883
cs.AI 2411.14907
cs.AI 2411.14922
cs.AI 2411.14925
cs.AI 2411.14927
cs.AI 2411.14937
cs.AI 2411.14942
cs.AI 2411.14946
cs.AI 2411.14953
cs.AI 2411.14959
cs.AI 2411.14962
cs.AI 2411.14967
cs.AI 2411.14972
cs.AI 2411.14975
cs.AI 2411.15004
cs.AI 2411.15007
cs.AI 2411.15027
cs.AI 2411.15033
cs.AI 2411.15042
cs.AI 2411.15056
cs.AI 2411.15082
cs.AI 2411.15096
cs.AI 2411.15098
cs.AI 2411.15100
cs.AI 2411.15106
cs.AI 2411.15113
cs.AI 2411.15114
cs.AI 2411.15115
cs.AI 2411.15122
cs.AI 2411.15128
cs.AI 2411.15129
cs.AI 2411.14480
cs.AI 2411.14574
cs.AI 2411.14858
cs.AI 2411.14991
cs.AI 2411.14995
cs.AI 2411.15041
cs.AI 2411.15061
cs.AI 2411.15143
cs.AI 2411.15147
cs.AI 2411.15149
cs.AI 2411.15151
cs.AI 2411.15159
cs.AI 2411.15173
cs.AI 2411.15175
cs.AI 2411.15178
cs.AI 2411.15180
cs.AI 2411.15182
cs.AI 2411.15183
cs.AI 2411.15185
cs.AI 2411.15189
cs.AI 2411.15191
cs.AI 2411.15193
cs.AI 2411.15194
cs.AI 2411.15195
cs.AI 2411.15197
cs.AI 2411.15199
cs.AI 2411.15200
cs.AI 2411.15201
cs.AI 2411.15203
cs.AI 2411.15204
cs.AI 2411.15206
cs.AI 2411.15207
cs.AI 2411.15208
cs.AI 2411.15210
cs.AI 2411.15211
cs.AI 2411.15212
cs.AI 2411.15214
cs.AI 2411.15215
cs.AI 2411.15216
cs.AI 2411.15217
cs.AI 2411.15218
cs.AI 2411.15222
cs.AI 2411.15224
cs.AI 2411.15231
cs.AI 2411.15234
cs.AI 2411.15235
cs.AI 2411.15237
cs.AI 2411.15240
cs.AI 2411.15242
cs.AI 2411.15243
cs.AI 2411.15244
cs.AI 2411.15250
cs.AI 2411.15251
cs.AI 2411.15252
cs.AI 2411.15254
cs.AI 2411.15257
cs.AI 2411.15260
cs.AI 2411.15263
cs.AI 2411.15271
cs.AI 2411.15272
cs.AI 2411.15274
cs.AI 2411.15276
cs.AI 2411.15281
cs.AI 2411.15285
cs.AI 2411.15287
cs.AI 2411.15292
cs.AI 2411.15296
cs.AI 2411.15320
cs.AI 2411.15331
cs.AI 2411.15355
cs.AI 2411.15364
cs.AI 2411.15367
cs.AI 2411.15370
cs.AI 2411.15372
cs.AI 2411.15375
cs.AI 2411.15380
cs.AI 2411.15393
cs.AI 2411.15395
cs.AI 2411.15396
cs.AI 2411.15408
cs.AI 2411.15413
cs.AI 2411.15422
cs.AI 2411.15428
cs.AI 2411.15442
cs.AI 2411.15446
cs.AI 2411.15453
cs.AI 2411.15455
cs.AI 2411.15457
cs.AI 2411.15458
cs.AI 2411.15470
cs.AI 2411.15472
cs.AI 2411.15477
cs.AI 2411.15488
cs.AI 2411.15501
cs.AI 2411.15509
cs.AI 2411.15523
cs.AI 2411.15539
cs.AI 2411.15540
cs.AI 2411.15548
cs.AI 2411.15550
cs.AI 2411.15556
cs.AI 2411.15557
cs.AI 2411.15589
cs.AI 2411.15594
cs.AI 2411.15595
cs.AI 2411.15600
cs.AI 2411.15634
cs.AI 2411.15666
cs.AI 2411.15672
cs.AI 2411.15674
cs.AI 2411.15685
cs.AI 2411.15700
cs.AI 2411.15707
cs.AI 2411.15710
cs.AI 2411.15731
cs.AI 2411.15740
cs.AI 2411.15742
cs.AI 2411.15743
cs.AI 2411.15778
cs.AI 2411.15796
cs.AI 2411.15801
cs.AI 2411.15802
cs.AI 2411.15804
cs.AI 2411.15805
cs.AI 2411.15806
cs.AI 2411.15811
cs.AI 2411.15821
cs.AI 2411.15831
cs.AI 2411.15844
cs.AI 2411.15862
cs.AI 2411.15893
cs.AI 2411.15894
cs.AI 2411.15895
cs.AI 2411.15903
cs.AI 2411.15913
cs.AI 2411.15923
cs.AI 2411.15925
cs.AI 2411.15927
cs.AI 2411.15951
cs.AI 2411.15971
cs.AI 2411.15976
cs.AI 2411.15982
cs.AI 2411.15997
cs.AI 2411.16003
cs.AI 2411.16007
cs.AI 2411.16027
cs.AI 2411.16053
cs.AI 2411.16073
cs.AI 2411.16075
cs.AI 2411.16079
cs.AI 2411.16080
cs.AI 2411.16084
cs.AI 2411.16085
cs.AI 2411.16086
cs.AI 2411.16096
cs.AI 2411.16099
cs.AI 2411.16105
cs.AI 2411.16111
cs.AI 2411.16116
cs.AI 2411.16123
cs.AI 2411.16128
cs.AI 2411.16147
cs.AI 2411.16155
cs.AI 2411.16158
cs.AI 2411.16169
cs.AI 2411.16173
cs.AI 2411.16206
cs.AI 2411.16250
cs.AI 2411.16276
cs.AI 2411.16300
cs.AI 2411.16305
cs.AI 2411.16318
cs.AI 2411.16326
cs.AI 2411.16337
cs.AI 2411.16353
cs.AI 2411.16354
cs.AI 2411.16370
cs.AI 2411.16380
cs.AI 2411.16391
cs.AI 2411.16403
cs.AI 2411.16405
cs.AI 2411.16407
cs.AI 2411.16408
cs.AI 2411.16422
cs.AI 2411.16425
cs.AI 2411.16427
cs.AI 2411.16442
cs.AI 2411.16457
cs.AI 2411.16487
cs.AI 2411.16489
cs.AI 2411.16502
cs.AI 2411.16525
cs.AI 2411.16537
cs.AI 2411.16550
cs.AI 2411.16574
cs.AI 2411.16579
cs.AI 2411.16622
cs.AI 2411.16627
cs.AI 2411.16638
cs.AI 2411.16645
cs.AI 2411.16646
cs.AI 2411.16657
cs.AI 2411.16666
cs.AI 2411.16667
cs.AI 2411.15230
cs.AI 2411.15356
cs.AI 2411.15361
cs.AI 2411.15386
cs.AI 2411.15560
cs.AI 2411.15626
cs.AI 2411.15737
cs.AI 2411.15758
cs.AI 2411.15832
cs.AI 2411.15998
cs.AI 2411.16120
cs.AI 2411.16131
cs.AI 2411.16189
cs.AI 2411.16262
cs.AI 2411.16313
cs.AI 2411.16594
cs.AI 2411.16609
cs.AI 2411.15144
cs.AI 2411.16690
cs.AI 2411.16694
cs.AI 2411.16707
cs.AI 2411.16718
cs.AI 2411.16721
cs.AI 2411.16723
cs.AI 2411.16726
cs.AI 2411.16728
cs.AI 2411.16729
cs.AI 2411.16730
cs.AI 2411.16736
cs.AI 2411.16738
cs.AI 2411.16739
cs.AI 2411.16740
cs.AI 2411.16742
cs.AI 2411.16746
cs.AI 2411.16747
cs.AI 2411.16751
cs.AI 2411.16754
cs.AI 2411.16760
cs.AI 2411.16761
cs.AI 2411.16763
cs.AI 2411.16767
cs.AI 2411.16775
cs.AI 2411.16778
cs.AI 2411.16781
cs.AI 2411.16785
cs.AI 2411.16791
cs.AI 2411.16797
cs.AI 2411.16802
cs.AI 2411.16807
cs.AI 2411.16809
cs.AI 2411.16813
cs.AI 2411.16818
cs.AI 2411.16819
cs.AI 2411.16824
cs.AI 2411.16832
cs.AI 2411.16863
cs.AI 2411.16872
cs.AI 2411.16896
cs.AI 2411.16917
cs.AI 2411.16927
cs.AI 2411.16936
cs.AI 2411.16954
cs.AI 2411.16956
cs.AI 2411.16959
cs.AI 2411.16972
cs.AI 2411.16975
cs.AI 2411.16985
cs.AI 2411.17000
cs.AI 2411.17003
cs.AI 2411.17030
cs.AI 2411.17041
cs.AI 2411.17058
cs.AI 2411.17062
cs.AI 2411.17065
cs.AI 2411.17073
cs.AI 2411.17077
cs.AI 2411.17116
cs.AI 2411.17123
cs.AI 2411.17125
cs.AI 2411.17137
cs.AI 2411.17170
cs.AI 2411.17176
cs.AI 2411.17201
cs.AI 2411.17204
cs.AI 2411.17218
cs.AI 2411.17236
cs.AI 2411.17249
cs.AI 2411.17254
cs.AI 2411.17255
cs.AI 2411.17260
cs.AI 2411.17261
cs.AI 2411.17282
cs.AI 2411.17296
cs.AI 2411.17301
cs.AI 2411.17304
cs.AI 2411.17309
cs.AI 2411.17338
cs.AI 2411.17339
cs.AI 2411.17374
cs.AI 2411.17388
cs.AI 2411.17426
cs.AI 2411.17429
cs.AI 2411.17433
cs.AI 2411.17458
cs.AI 2411.17459
cs.AI 2411.17461
cs.AI 2411.17465
cs.AI 2411.17470
cs.AI 2411.17489
cs.AI 2411.17491
cs.AI 2411.17501
cs.AI 2411.17522
cs.AI 2411.17530
cs.AI 2411.17539
cs.AI 2411.17543
cs.AI 2411.17557
cs.AI 2411.17570
cs.AI 2411.17593
cs.AI 2411.17598
cs.AI 2411.17600
cs.AI 2411.17608
cs.AI 2411.17614
cs.AI 2411.17624
cs.AI 2411.17629
cs.AI 2411.17636
cs.AI 2411.17645
cs.AI 2411.17684
cs.AI 2411.17697
cs.AI 2411.16709
cs.AI 2411.16805
cs.AI 2411.16905
cs.AI 2411.17135
cs.AI 2411.17326
cs.AI 2411.17404
cs.AI 2411.17411
cs.AI 2411.17438
cs.AI 2411.17705
cs.AI 2411.17707
cs.AI 2411.17711
cs.AI 2411.17712
cs.AI 2411.17713
cs.AI 2411.17715
cs.AI 2411.17719
cs.AI 2411.17720
cs.AI 2411.17722
cs.AI 2411.17729
cs.AI 2411.17731
cs.AI 2411.17746
cs.AI 2411.17749
cs.AI 2411.17760
cs.AI 2411.17764
cs.AI 2411.17772
cs.AI 2411.17774
cs.AI 2411.17782
cs.AI 2411.17786
cs.AI 2411.17788
cs.AI 2411.17790
cs.AI 2411.17792
cs.AI 2411.17793
cs.AI 2411.17795
cs.AI 2411.17798
cs.AI 2411.17800
cs.AI 2411.17832
cs.AI 2411.17835
cs.AI 2411.17840
cs.AI 2411.17847
cs.AI 2411.17855
cs.AI 2411.17861
cs.AI 2411.17863
cs.AI 2411.17891
cs.AI 2411.17897
cs.AI 2411.17924
cs.AI 2411.17931
cs.AI 2411.17932
cs.AI 2411.17937
cs.AI 2411.17943
cs.AI 2411.17945
cs.AI 2411.17971
cs.AI 2411.17973
cs.AI 2411.17976
cs.AI 2411.17983
cs.AI 2411.17989
cs.AI 2411.18002
cs.AI 2411.18003
cs.AI 2411.18008
cs.AI 2411.18015
cs.AI 2411.18038
cs.AI 2411.18043
cs.AI 2411.18050
cs.AI 2411.18068
cs.AI 2411.18084
cs.AI 2411.18095
cs.AI 2411.18104
cs.AI 2411.18138
cs.AI 2411.18141
cs.AI 2411.18157
cs.AI 2411.18169
cs.AI 2411.18179
cs.AI 2411.18201
cs.AI 2411.18207
cs.AI 2411.18211
cs.AI 2411.18212
cs.AI 2411.18220
cs.AI 2411.18225
cs.AI 2411.18226
cs.AI 2411.18234
cs.AI 2411.18235
cs.AI 2411.18241
cs.AI 2411.18242
cs.AI 2411.18250
cs.AI 2411.18253
cs.AI 2411.18266
cs.AI 2411.18276
cs.AI 2411.18286
cs.AI 2411.18294
cs.AI 2411.18305
cs.AI 2411.18309
cs.AI 2411.18320
cs.AI 2411.18321
cs.AI 2411.18324
cs.AI 2411.18335
cs.AI 2411.18343
cs.AI 2411.18350
cs.AI 2411.18365
cs.AI 2411.18368
cs.AI 2411.18369
cs.AI 2411.18382
cs.AI 2411.18384
cs.AI 2411.18428
cs.AI 2411.18442
cs.AI 2411.18444
cs.AI 2411.18447
cs.AI 2411.18456
cs.AI 2411.18462
cs.AI 2411.18463
cs.AI 2411.18475
cs.AI 2411.18479
cs.AI 2411.18502
cs.AI 2411.18506
cs.AI 2411.18575
cs.AI 2411.18583
cs.AI 2411.18612
cs.AI 2411.18615
cs.AI 2411.18616
cs.AI 2411.17708
cs.AI 2411.17912
cs.AI 2411.17999
cs.AI 2411.18071
cs.AI 2411.18073
cs.AI 2411.18085
cs.AI 2411.18158
cs.AI 2411.18230
cs.AI 2411.18279
cs.AI 2411.18526
cs.AI 2411.18564
cs.AI 2411.18620
cs.DC 2411.12694
cs.DC 2411.13583
cs.DC 2411.13740
cs.DC 2411.13820
cs.DC 2411.14006
cs.DC 2411.13809
cs.DC 2411.13861
cs.DC 2411.13979
cs.DC 2411.14070
cs.DC 2411.14420
cs.DC 2411.14520
cs.DC 2411.14458
cs.DC 2411.14590
cs.DC 2411.14887
cs.DC 2411.15399
cs.DC 2411.15630
cs.DC 2411.15687
cs.DC 2411.15827
cs.DC 2411.15835
cs.DC 2411.15997
cs.DC 2411.16007
cs.DC 2411.16083
cs.DC 2411.16462
cs.DC 2411.15381
cs.DC 2411.15419
cs.DC 2411.15448
cs.DC 2411.15481
cs.DC 2411.15573
cs.DC 2411.15664
cs.DC 2411.15871
cs.DC 2411.15989
cs.DC 2411.16025
cs.DC 2411.16086
cs.DC 2411.16204
cs.DC 2411.16255
cs.DC 2411.16355
cs.DC 2411.16451
cs.DC 2411.16456
cs.DC 2411.16639
cs.DC 2411.16667
cs.DC 2411.16737
cs.DC 2411.17309
cs.DC 2411.16697
cs.DC 2411.16786
cs.DC 2411.16954
cs.DC 2411.17103
cs.DC 2411.17413
cs.DC 2411.17651
cs.DC 2411.17824
cs.DC 2411.17831
cs.DC 2411.17833
cs.DC 2411.17867
cs.DC 2411.18327
cs.DC 2411.18424
cs.DC 2411.17710
cs.DC 2411.17712
cs.DC 2411.17713
cs.DC 2411.17720
cs.DC 2411.17722
cs.DC 2411.17732
cs.DC 2411.17741
cs.DC 2411.17753
cs.DC 2411.17782
cs.DC 2411.17887
cs.DC 2411.18593
cs.HC 2411.13693
cs.HC 2411.13699
cs.HC 2411.13760
cs.HC 2411.13851
cs.HC 2411.14009
cs.HC 2411.14368
cs.HC 2411.13616
cs.HC 2411.13694
cs.HC 2411.13846
cs.HC 2411.13946
cs.HC 2411.14131
cs.HC 2411.14233
cs.HC 2411.14298
cs.HC 2411.14433
cs.HC 2411.14435
cs.HC 2411.14485
cs.HC 2411.14571
cs.HC 2411.14652
cs.HC 2411.14788
cs.HC 2411.14959
cs.HC 2411.14967
cs.HC 2411.15027
cs.HC 2411.15033
cs.HC 2411.15129
cs.HC 2411.14666
cs.HC 2411.14925
cs.HC 2411.14945
cs.HC 2411.15091
cs.HC 2408.10064
cs.HC 2411.15230
cs.HC 2411.15240
cs.HC 2411.15396
cs.HC 2411.15501
cs.HC 2411.15530
cs.HC 2411.15533
cs.HC 2411.15535
cs.HC 2411.15590
cs.HC 2411.15875
cs.HC 2411.16337
cs.HC 2411.16627
cs.HC 2411.15395
cs.HC 2411.15445
cs.HC 2411.15538
cs.HC 2411.15583
cs.HC 2411.15593
cs.HC 2411.15597
cs.HC 2411.15598
cs.HC 2411.15783
cs.HC 2411.15948
cs.HC 2411.16097
cs.HC 2411.16124
cs.HC 2411.16729
cs.HC 2411.17465
cs.HC 2411.16688
cs.HC 2411.16916
cs.HC 2411.17015
cs.HC 2411.17157
cs.HC 2411.17194
cs.HC 2411.17541
cs.HC 2411.17589
cs.HC 2411.17855
cs.HC 2411.18084
cs.HC 2411.18151
cs.HC 2411.18279
cs.HC 2411.17849
cs.HC 2411.17924
cs.HC 2411.17935
cs.HC 2411.18047
cs.HC 2411.18049
cs.HC 2411.18265
cs.HC 2411.18380
cs.HC 2411.18429
cs.HC 2411.18438
cs.HC 2411.18500
cs.HC 2411.18587
cs.MA 2411.13934
cs.MA 2411.14009
cs.MA 2411.14369
cs.MA 2411.13983
cs.MA 2411.14168
cs.MA 2411.14371
cs.MA 2411.14496
cs.MA 2411.14593
cs.MA 2411.14438
cs.MA 2411.14637
cs.MA 2411.15356
cs.MA 2411.15813
cs.MA 2411.15997
cs.MA 2411.15998
cs.MA 2411.16031
cs.MA 2411.16077
cs.MA 2411.16144
cs.MA 2411.16189
cs.MA 2411.16574
cs.MA 2411.16624
cs.MA 2411.16506
cs.MA 2411.16707
cs.MA 2411.16908
cs.MA 2411.17432
cs.MA 2411.16723
cs.MA 2411.17065
cs.MA 2411.17749
cs.MA 2411.18226
cs.MA 2411.18519
cs.MA 2411.17724
cs.MA 2411.18037
cs.MA 2411.18241
cs.MA 2411.18498
cs.IR 2411.14100
cs.IR 2411.14199
cs.IR 2411.13700
cs.IR 2411.13789
cs.IR 2411.13865
cs.IR 2411.13892
cs.IR 2411.14456
cs.IR 2411.14459
cs.IR 2411.14466
cs.IR 2411.14551
cs.IR 2411.14704
cs.IR 2411.14569
cs.IR 2411.14592
cs.IR 2411.14713
cs.IR 2411.14739
cs.IR 2411.14760
cs.IR 2411.14914
cs.IR 2411.14922
cs.IR 2411.15005
cs.IR 2411.15716
cs.IR 2411.15741
cs.IR 2411.16133
cs.IR 2411.15146
cs.IR 2411.15186
cs.IR 2411.15396
cs.IR 2411.15430
cs.IR 2411.15451
cs.IR 2411.15530
cs.IR 2411.15550
cs.IR 2411.15731
cs.IR 2411.15766
cs.IR 2411.16122
cs.IR 2411.16160
cs.IR 2411.16408
cs.IR 2411.16645
cs.IR 2411.17229
cs.IR 2411.17374
cs.IR 2411.17598
cs.IR 2411.17600
cs.IR 2411.17614
cs.IR 2411.16872
cs.IR 2411.17102
cs.IR 2411.17299
cs.IR 2411.17361
cs.IR 2411.17447
cs.IR 2411.17719
cs.IR 2411.17863
cs.IR 2411.18073
cs.IR 2411.18161
cs.IR 2411.18306
cs.IR 2411.18502
cs.IR 2411.18583
cs.IR 2411.18069
cs.IR 2411.18262
cs.CL 2402.11842
cs.CL 2405.19581
cs.CL 2411.13577
cs.CL 2411.13591
cs.CL 2411.13604
cs.CL 2411.13691
cs.CL 2411.13699
cs.CL 2411.13760
cs.CL 2411.13865
cs.CL 2411.13868
cs.CL 2411.13958
cs.CL 2411.14012
cs.CL 2411.14062
cs.CL 2411.14100
cs.CL 2411.14137
cs.CL 2411.14251
cs.CL 2411.14279
cs.CL 2411.13584
cs.CL 2411.13676
cs.CL 2411.13687
cs.CL 2411.13738
cs.CL 2411.13775
cs.CL 2411.13779
cs.CL 2411.13800
cs.CL 2411.13802
cs.CL 2411.13820
cs.CL 2411.13826
cs.CL 2411.13902
cs.CL 2411.13904
cs.CL 2411.14042
cs.CL 2411.14054
cs.CL 2411.14055
cs.CL 2411.14072
cs.CL 2411.14073
cs.CL 2411.14103
cs.CL 2411.14121
cs.CL 2411.14198
cs.CL 2411.14199
cs.CL 2411.14215
cs.CL 2411.14252
cs.CL 2411.14257
cs.CL 2411.14258
cs.CL 2411.14272
cs.CL 2411.14318
cs.CL 2411.14343
cs.CL 2411.14393
cs.CL 2411.14398
cs.CL 2411.14405
cs.CL 2411.14442
cs.CL 2411.14507
cs.CL 2411.14513
cs.CL 2411.14553
cs.CL 2411.14571
cs.CL 2411.14572
cs.CL 2411.14688
cs.CL 2411.14708
cs.CL 2411.14717
cs.CL 2411.14725
cs.CL 2411.14739
cs.CL 2411.14794
cs.CL 2411.14797
cs.CL 2411.14807
cs.CL 2411.14811
cs.CL 2411.14832
cs.CL 2411.14871
cs.CL 2411.14901
cs.CL 2411.14982
cs.CL 2411.15008
cs.CL 2411.15041
cs.CL 2411.15087
cs.CL 2411.15099
cs.CL 2411.15113
cs.CL 2411.15115
cs.CL 2411.15122
cs.CL 2411.14453
cs.CL 2411.14456
cs.CL 2411.14459
cs.CL 2411.14460
cs.CL 2411.14461
cs.CL 2411.14463
cs.CL 2411.14465
cs.CL 2411.14466
cs.CL 2411.14469
cs.CL 2411.14472
cs.CL 2411.14473
cs.CL 2411.14476
cs.CL 2411.14479
cs.CL 2411.14483
cs.CL 2411.14484
cs.CL 2411.14485
cs.CL 2411.14486
cs.CL 2411.14487
cs.CL 2411.14489
cs.CL 2411.14491
cs.CL 2411.14493
cs.CL 2411.14497
cs.CL 2411.14499
cs.CL 2411.14500
cs.CL 2411.14551
cs.CL 2411.14647
cs.CL 2411.14654
cs.CL 2411.14672
cs.CL 2411.14698
cs.CL 2411.14720
cs.CL 2411.14721
cs.CL 2411.14738
cs.CL 2411.14790
cs.CL 2411.14795
cs.CL 2411.14877
cs.CL 2411.14880
cs.CL 2411.14896
cs.CL 2411.14957
cs.CL 2411.14962
cs.CL 2411.14967
cs.CL 2411.15004
cs.CL 2411.15051
cs.CL 2411.15068
cs.CL 2411.15100
cs.CL 2411.15124
cs.CL 2411.15129
cs.CL 2411.15194
cs.CL 2411.15203
cs.CL 2411.15207
cs.CL 2411.15232
cs.CL 2411.15242
cs.CL 2411.15243
cs.CL 2411.15250
cs.CL 2411.15268
cs.CL 2411.15296
cs.CL 2411.15364
cs.CL 2411.15395
cs.CL 2411.15404
cs.CL 2411.15486
cs.CL 2411.15500
cs.CL 2411.15530
cs.CL 2411.15560
cs.CL 2411.15737
cs.CL 2411.15979
cs.CL 2411.16035
cs.CL 2411.16085
cs.CL 2411.16105
cs.CL 2411.16189
cs.CL 2411.16201
cs.CL 2411.16260
cs.CL 2411.16508
cs.CL 2411.16523
cs.CL 2411.16525
cs.CL 2411.16537
cs.CL 2411.16561
cs.CL 2411.16594
cs.CL 2411.16642
cs.CL 2411.16657
cs.CL 2411.15175
cs.CL 2411.15195
cs.CL 2411.15270
cs.CL 2411.15287
cs.CL 2411.15320
cs.CL 2411.15372
cs.CL 2411.15382
cs.CL 2411.15387
cs.CL 2411.15405
cs.CL 2411.15408
cs.CL 2411.15432
cs.CL 2411.15438
cs.CL 2411.15462
cs.CL 2411.15477
cs.CL 2411.15484
cs.CL 2411.15488
cs.CL 2411.15491
cs.CL 2411.15523
cs.CL 2411.15577
cs.CL 2411.15586
cs.CL 2411.15594
cs.CL 2411.15623
cs.CL 2411.15634
cs.CL 2411.15640
cs.CL 2411.15661
cs.CL 2411.15666
cs.CL 2411.15694
cs.CL 2411.15700
cs.CL 2411.15708
cs.CL 2411.15734
cs.CL 2411.15768
cs.CL 2411.15785
cs.CL 2411.15804
cs.CL 2411.15821
cs.CL 2411.15862
cs.CL 2411.15888
cs.CL 2411.15927
cs.CL 2411.15993
cs.CL 2411.15999
cs.CL 2411.16002
cs.CL 2411.16020
cs.CL 2411.16077
cs.CL 2411.16116
cs.CL 2411.16205
cs.CL 2411.16236
cs.CL 2411.16251
cs.CL 2411.16252
cs.CL 2411.16300
cs.CL 2411.16305
cs.CL 2411.16337
cs.CL 2411.16345
cs.CL 2411.16353
cs.CL 2411.16365
cs.CL 2411.16387
cs.CL 2411.16391
cs.CL 2411.16403
cs.CL 2411.16433
cs.CL 2411.16454
cs.CL 2411.16487
cs.CL 2411.16489
cs.CL 2411.16495
cs.CL 2411.16527
cs.CL 2411.16579
cs.CL 2411.16613
cs.CL 2411.16618
cs.CL 2411.16638
cs.CL 2411.16646
cs.CL 2411.16679
cs.CL 2411.16709
cs.CL 2411.16730
cs.CL 2411.16750
cs.CL 2411.16769
cs.CL 2411.16789
cs.CL 2411.16863
cs.CL 2411.16905
cs.CL 2411.17066
cs.CL 2411.17188
cs.CL 2411.17299
cs.CL 2411.17451
cs.CL 2411.17454
cs.CL 2411.17465
cs.CL 2411.17685
cs.CL 2411.17691
cs.CL 2411.16707
cs.CL 2411.16732
cs.CL 2411.16736
cs.CL 2411.16765
cs.CL 2411.16775
cs.CL 2411.16787
cs.CL 2411.16791
cs.CL 2411.16797
cs.CL 2411.16813
cs.CL 2411.16818
cs.CL 2411.16821
cs.CL 2411.16936
cs.CL 2411.16985
cs.CL 2411.16991
cs.CL 2411.16993
cs.CL 2411.17075
cs.CL 2411.17116
cs.CL 2411.17170
cs.CL 2411.17181
cs.CL 2411.17204
cs.CL 2411.17265
cs.CL 2411.17270
cs.CL 2411.17301
cs.CL 2411.17304
cs.CL 2411.17338
cs.CL 2411.17374
cs.CL 2411.17375
cs.CL 2411.17388
cs.CL 2411.17401
cs.CL 2411.17437
cs.CL 2411.17538
cs.CL 2411.17558
cs.CL 2411.17593
cs.CL 2411.17607
cs.CL 2411.17637
cs.CL 2411.17661
cs.CL 2411.17666
cs.CL 2411.17669
cs.CL 2411.17674
cs.CL 2411.17679
cs.CL 2411.17693
cs.CL 2411.17708
cs.CL 2411.17799
cs.CL 2411.17991
cs.CL 2411.18010
cs.CL 2411.18138
cs.CL 2411.18203
cs.CL 2411.18217
cs.CL 2411.18279
cs.CL 2411.18564
cs.CL 2411.18620
cs.CL 2411.17719
cs.CL 2411.17760
cs.CL 2411.17792
cs.CL 2411.17835
cs.CL 2411.17863
cs.CL 2411.17876
cs.CL 2411.17891
cs.CL 2411.17943
cs.CL 2411.17967
cs.CL 2411.17992
cs.CL 2411.17993
cs.CL 2411.18021
cs.CL 2411.18077
cs.CL 2411.18099
cs.CL 2411.18104
cs.CL 2411.18126
cs.CL 2411.18152
cs.CL 2411.18157
cs.CL 2411.18162
cs.CL 2411.18242
cs.CL 2411.18247
cs.CL 2411.18260
cs.CL 2411.18269
cs.CL 2411.18280
cs.CL 2411.18294
cs.CL 2411.18320
cs.CL 2411.18337
cs.CL 2411.18365
cs.CL 2411.18368
cs.CL 2411.18382
cs.CL 2411.18383
cs.CL 2411.18403
cs.CL 2411.18444
cs.CL 2411.18462
cs.CL 2411.18468
cs.CL 2411.18472
cs.CL 2411.18478
cs.CL 2411.18530
cs.CL 2411.18553
cs.CL 2411.18571
cs.CL 2411.18577
cs.CL 2411.18583
cs.CV 2411.13602
cs.CV 2411.13615
cs.CV 2411.13677
cs.CV 2411.13754
cs.CV 2411.13855
cs.CV 2411.13862
cs.CV 2411.14006
cs.CV 2411.14017
cs.CV 2411.14049
cs.CV 2411.14078
cs.CV 2411.14092
cs.CV 2411.14133
cs.CV 2411.14141
cs.CV 2411.14163
cs.CV 2411.14184
cs.CV 2411.14202
cs.CV 2411.14243
cs.CV 2411.14250
cs.CV 2411.14269
cs.CV 2411.14322
cs.CV 2411.14345
cs.CV 2411.14353
cs.CV 2411.14354
cs.CV 2411.14358
cs.CV 2411.14374
cs.CV 2411.14385
cs.CV 2411.14412
cs.CV 2411.14418
cs.CV 2411.13572
cs.CV 2411.13578
cs.CV 2411.13582
cs.CV 2411.13588
cs.CV 2411.13590
cs.CV 2411.13591
cs.CV 2411.13595
cs.CV 2411.13597
cs.CV 2411.13604
cs.CV 2411.13607
cs.CV 2411.13609
cs.CV 2411.13610
cs.CV 2411.13619
cs.CV 2411.13620
cs.CV 2411.13623
cs.CV 2411.13626
cs.CV 2411.13628
cs.CV 2411.13631
cs.CV 2411.13632
cs.CV 2411.13674
cs.CV 2411.13683
cs.CV 2411.13697
cs.CV 2411.13716
cs.CV 2411.13731
cs.CV 2411.13753
cs.CV 2411.13774
cs.CV 2411.13787
cs.CV 2411.13794
cs.CV 2411.13797
cs.CV 2411.13807
cs.CV 2411.13836
cs.CV 2411.13840
cs.CV 2411.13842
cs.CV 2411.13847
cs.CV 2411.13852
cs.CV 2411.13860
cs.CV 2411.13873
cs.CV 2411.13886
cs.CV 2411.13901
cs.CV 2411.13909
cs.CV 2411.13918
cs.CV 2411.13927
cs.CV 2411.13929
cs.CV 2411.13949
cs.CV 2411.13961
cs.CV 2411.13975
cs.CV 2411.13981
cs.CV 2411.13982
cs.CV 2411.13997
cs.CV 2411.14001
cs.CV 2411.14002
cs.CV 2411.14039
cs.CV 2411.14053
cs.CV 2411.14062
cs.CV 2411.14064
cs.CV 2411.14095
cs.CV 2411.14119
cs.CV 2411.14120
cs.CV 2411.14125
cs.CV 2411.14137
cs.CV 2411.14158
cs.CV 2411.14164
cs.CV 2411.14169
cs.CV 2411.14179
cs.CV 2411.14193
cs.CV 2411.14201
cs.CV 2411.14205
cs.CV 2411.14208
cs.CV 2411.14213
cs.CV 2411.14219
cs.CV 2411.14228
cs.CV 2411.14279
cs.CV 2411.14280
cs.CV 2411.14295
cs.CV 2411.14347
cs.CV 2411.14384
cs.CV 2411.14401
cs.CV 2411.14402
cs.CV 2411.14423
cs.CV 2411.14429
cs.CV 2411.14430
cs.CV 2411.14432
cs.CV 2411.14467
cs.CV 2411.14474
cs.CV 2411.14476
cs.CV 2411.14496
cs.CV 2411.14515
cs.CV 2411.14516
cs.CV 2411.14525
cs.CV 2411.14626
cs.CV 2411.14633
cs.CV 2411.14663
cs.CV 2411.14684
cs.CV 2411.14717
cs.CV 2411.14752
cs.CV 2411.14775
cs.CV 2411.14786
cs.CV 2411.14789
cs.CV 2411.14797
cs.CV 2411.14833
cs.CV 2411.14865
cs.CV 2411.14873
cs.CV 2411.14961
cs.CV 2411.14967
cs.CV 2411.14975
cs.CV 2411.15051
cs.CV 2411.15060
cs.CV 2411.15076
cs.CV 2411.15084
cs.CV 2411.15086
cs.CV 2411.15095
cs.CV 2411.15128
cs.CV 2411.15131
cs.CV 2411.14494
cs.CV 2411.14495
cs.CV 2411.14498
cs.CV 2411.14501
cs.CV 2411.14504
cs.CV 2411.14505
cs.CV 2411.14517
cs.CV 2411.14521
cs.CV 2411.14522
cs.CV 2411.14560
cs.CV 2411.14565
cs.CV 2411.14594
cs.CV 2411.14628
cs.CV 2411.14639
cs.CV 2411.14688
cs.CV 2411.14695
cs.CV 2411.14704
cs.CV 2411.14715
cs.CV 2411.14716
cs.CV 2411.14723
cs.CV 2411.14725
cs.CV 2411.14737
cs.CV 2411.14740
cs.CV 2411.14743
cs.CV 2411.14744
cs.CV 2411.14750
cs.CV 2411.14751
cs.CV 2411.14755
cs.CV 2411.14762
cs.CV 2411.14774
cs.CV 2411.14781
cs.CV 2411.14793
cs.CV 2411.14794
cs.CV 2411.14796
cs.CV 2411.14798
cs.CV 2411.14807
cs.CV 2411.14808
cs.CV 2411.14811
cs.CV 2411.14816
cs.CV 2411.14823
cs.CV 2411.14827
cs.CV 2411.14832
cs.CV 2411.14847
cs.CV 2411.14863
cs.CV 2411.14868
cs.CV 2411.14869
cs.CV 2411.14871
cs.CV 2411.14883
cs.CV 2411.14901
cs.CV 2411.14927
cs.CV 2411.14946
cs.CV 2411.14951
cs.CV 2411.14953
cs.CV 2411.14959
cs.CV 2411.14974
cs.CV 2411.14982
cs.CV 2411.14992
cs.CV 2411.15016
cs.CV 2411.15018
cs.CV 2411.15024
cs.CV 2411.15028
cs.CV 2411.15034
cs.CV 2411.15043
cs.CV 2411.15066
cs.CV 2411.15074
cs.CV 2411.15087
cs.CV 2411.15098
cs.CV 2411.15099
cs.CV 2411.15106
cs.CV 2411.15110
cs.CV 2411.15113
cs.CV 2411.15115
cs.CV 2411.15122
cs.CV 2411.15138
cs.CV 2411.15139
cs.CV 2411.15204
cs.CV 2411.15210
cs.CV 2411.15211
cs.CV 2411.15217
cs.CV 2411.15233
cs.CV 2411.15235
cs.CV 2411.15243
cs.CV 2411.15248
cs.CV 2411.15251
cs.CV 2411.15253
cs.CV 2411.15255
cs.CV 2411.15269
cs.CV 2411.15274
cs.CV 2411.15283
cs.CV 2411.15295
cs.CV 2411.15322
cs.CV 2411.15366
cs.CV 2411.15378
cs.CV 2411.15432
cs.CV 2411.15447
cs.CV 2411.15488
cs.CV 2411.15513
cs.CV 2411.15526
cs.CV 2411.15558
cs.CV 2411.15576
cs.CV 2411.15592
cs.CV 2411.15596
cs.CV 2411.15655
cs.CV 2411.15656
cs.CV 2411.15702
cs.CV 2411.15719
cs.CV 2411.15732
cs.CV 2411.15759
cs.CV 2411.15778
cs.CV 2411.15798
cs.CV 2411.15800
cs.CV 2411.15802
cs.CV 2411.15809
cs.CV 2411.15824
cs.CV 2411.15844
cs.CV 2411.15872
cs.CV 2411.15903
cs.CV 2411.15922
cs.CV 2411.15931
cs.CV 2411.15942
cs.CV 2411.16008
cs.CV 2411.16073
cs.CV 2411.16085
cs.CV 2411.16094
cs.CV 2411.16098
cs.CV 2411.16110
cs.CV 2411.16119
cs.CV 2411.16175
cs.CV 2411.16201
cs.CV 2411.16222
cs.CV 2411.16227
cs.CV 2411.16236
cs.CV 2411.16314
cs.CV 2411.16336
cs.CV 2411.16380
cs.CV 2411.16408
cs.CV 2411.16417
cs.CV 2411.16512
cs.CV 2411.16515
cs.CV 2411.16554
cs.CV 2411.16598
cs.CV 2411.16629
cs.CV 2411.15193
cs.CV 2411.15199
cs.CV 2411.15200
cs.CV 2411.15201
cs.CV 2411.15205
cs.CV 2411.15207
cs.CV 2411.15213
cs.CV 2411.15232
cs.CV 2411.15236
cs.CV 2411.15237
cs.CV 2411.15239
cs.CV 2411.15241
cs.CV 2411.15244
cs.CV 2411.15245
cs.CV 2411.15252
cs.CV 2411.15260
cs.CV 2411.15262
cs.CV 2411.15263
cs.CV 2411.15265
cs.CV 2411.15268
cs.CV 2411.15271
cs.CV 2411.15276
cs.CV 2411.15277
cs.CV 2411.15284
cs.CV 2411.15288
cs.CV 2411.15296
cs.CV 2411.15349
cs.CV 2411.15355
cs.CV 2411.15367
cs.CV 2411.15388
cs.CV 2411.15390
cs.CV 2411.15393
cs.CV 2411.15397
cs.CV 2411.15411
cs.CV 2411.15413
cs.CV 2411.15420
cs.CV 2411.15421
cs.CV 2411.15426
cs.CV 2411.15435
cs.CV 2411.15436
cs.CV 2411.15439
cs.CV 2411.15446
cs.CV 2411.15453
cs.CV 2411.15459
cs.CV 2411.15466
cs.CV 2411.15468
cs.CV 2411.15469
cs.CV 2411.15472
cs.CV 2411.15482
cs.CV 2411.15490
cs.CV 2411.15497
cs.CV 2411.15509
cs.CV 2411.15514
cs.CV 2411.15537
cs.CV 2411.15539
cs.CV 2411.15540
cs.CV 2411.15542
cs.CV 2411.15551
cs.CV 2411.15553
cs.CV 2411.15555
cs.CV 2411.15556
cs.CV 2411.15557
cs.CV 2411.15580
cs.CV 2411.15582
cs.CV 2411.15584
cs.CV 2411.15585
cs.CV 2411.15595
cs.CV 2411.15600
cs.CV 2411.15602
cs.CV 2411.15604
cs.CV 2411.15605
cs.CV 2411.15611
cs.CV 2411.15620
cs.CV 2411.15621
cs.CV 2411.15628
cs.CV 2411.15633
cs.CV 2411.15648
cs.CV 2411.15653
cs.CV 2411.15657
cs.CV 2411.15659
cs.CV 2411.15673
cs.CV 2411.15678
cs.CV 2411.15706
cs.CV 2411.15714
cs.CV 2411.15720
cs.CV 2411.15723
cs.CV 2411.15729
cs.CV 2411.15735
cs.CV 2411.15736
cs.CV 2411.15738
cs.CV 2411.15740
cs.CV 2411.15741
cs.CV 2411.15742
cs.CV 2411.15746
cs.CV 2411.15761
cs.CV 2411.15763
cs.CV 2411.15770
cs.CV 2411.15772
cs.CV 2411.15773
cs.CV 2411.15779
cs.CV 2411.15787
cs.CV 2411.15799
cs.CV 2411.15808
cs.CV 2411.15811
cs.CV 2411.15837
cs.CV 2411.15839
cs.CV 2411.15843
cs.CV 2411.15851
cs.CV 2411.15858
cs.CV 2411.15860
cs.CV 2411.15867
cs.CV 2411.15869
cs.CV 2411.15882
cs.CV 2411.15895
cs.CV 2411.15921
cs.CV 2411.15923
cs.CV 2411.15925
cs.CV 2411.15933
cs.CV 2411.15941
cs.CV 2411.15966
cs.CV 2411.15967
cs.CV 2411.15976
cs.CV 2411.16018
cs.CV 2411.16027
cs.CV 2411.16034
cs.CV 2411.16044
cs.CV 2411.16049
cs.CV 2411.16053
cs.CV 2411.16061
cs.CV 2411.16064
cs.CV 2411.16072
cs.CV 2411.16076
cs.CV 2411.16079
cs.CV 2411.16080
cs.CV 2411.16082
cs.CV 2411.16087
cs.CV 2411.16096
cs.CV 2411.16106
cs.CV 2411.16123
cs.CV 2411.16128
cs.CV 2411.16129
cs.CV 2411.16132
cs.CV 2411.16148
cs.CV 2411.16156
cs.CV 2411.16157
cs.CV 2411.16162
cs.CV 2411.16164
cs.CV 2411.16169
cs.CV 2411.16170
cs.CV 2411.16171
cs.CV 2411.16172
cs.CV 2411.16173
cs.CV 2411.16180
cs.CV 2411.16183
cs.CV 2411.16185
cs.CV 2411.16196
cs.CV 2411.16198
cs.CV 2411.16199
cs.CV 2411.16213
cs.CV 2411.16216
cs.CV 2411.16217
cs.CV 2411.16219
cs.CV 2411.16250
cs.CV 2411.16253
cs.CV 2411.16289
cs.CV 2411.16295
cs.CV 2411.16301
cs.CV 2411.16308
cs.CV 2411.16310
cs.CV 2411.16312
cs.CV 2411.16316
cs.CV 2411.16318
cs.CV 2411.16319
cs.CV 2411.16325
cs.CV 2411.16326
cs.CV 2411.16327
cs.CV 2411.16332
cs.CV 2411.16370
cs.CV 2411.16375
cs.CV 2411.16392
cs.CV 2411.16405
cs.CV 2411.16407
cs.CV 2411.16421
cs.CV 2411.16425
cs.CV 2411.16437
cs.CV 2411.16438
cs.CV 2411.16440
cs.CV 2411.16443
cs.CV 2411.16446
cs.CV 2411.16466
cs.CV 2411.16468
cs.CV 2411.16481
cs.CV 2411.16498
cs.CV 2411.16503
cs.CV 2411.16508
cs.CV 2411.16523
cs.CV 2411.16537
cs.CV 2411.16568
cs.CV 2411.16575
cs.CV 2411.16602
cs.CV 2411.16616
cs.CV 2411.16619
cs.CV 2411.16622
cs.CV 2411.16657
cs.CV 2411.16665
cs.CV 2411.16668
cs.CV 2411.16680
cs.CV 2411.16681
cs.CV 2411.16683
cs.CV 2411.16331
cs.CV 2411.16755
cs.CV 2411.16765
cs.CV 2411.16769
cs.CV 2411.16782
cs.CV 2411.16802
cs.CV 2411.16890
cs.CV 2411.16956
cs.CV 2411.16959
cs.CV 2411.16961
cs.CV 2411.16992
cs.CV 2411.17059
cs.CV 2411.17077
cs.CV 2411.17139
cs.CV 2411.17152
cs.CV 2411.17160
cs.CV 2411.17203
cs.CV 2411.17253
cs.CV 2411.17260
cs.CV 2411.17265
cs.CV 2411.17291
cs.CV 2411.17340
cs.CV 2411.17342
cs.CV 2411.17386
cs.CV 2411.17390
cs.CV 2411.17438
cs.CV 2411.17471
cs.CV 2411.17488
cs.CV 2411.17522
cs.CV 2411.17556
cs.CV 2411.17558
cs.CV 2411.17571
cs.CV 2411.17617
cs.CV 2411.17662
cs.CV 2411.17690
cs.CV 2411.16713
cs.CV 2411.16714
cs.CV 2411.16715
cs.CV 2411.16718
cs.CV 2411.16719
cs.CV 2411.16720
cs.CV 2411.16721
cs.CV 2411.16722
cs.CV 2411.16724
cs.CV 2411.16725
cs.CV 2411.16726
cs.CV 2411.16727
cs.CV 2411.16733
cs.CV 2411.16738
cs.CV 2411.16739
cs.CV 2411.16740
cs.CV 2411.16747
cs.CV 2411.16748
cs.CV 2411.16749
cs.CV 2411.16750
cs.CV 2411.16752
cs.CV 2411.16754
cs.CV 2411.16758
cs.CV 2411.16760
cs.CV 2411.16761
cs.CV 2411.16767
cs.CV 2411.16768
cs.CV 2411.16771
cs.CV 2411.16772
cs.CV 2411.16773
cs.CV 2411.16776
cs.CV 2411.16778
cs.CV 2411.16779
cs.CV 2411.16781
cs.CV 2411.16783
cs.CV 2411.16785
cs.CV 2411.16788
cs.CV 2411.16789
cs.CV 2411.16792
cs.CV 2411.16793
cs.CV 2411.16794
cs.CV 2411.16799
cs.CV 2411.16800
cs.CV 2411.16801
cs.CV 2411.16803
cs.CV 2411.16804
cs.CV 2411.16810
cs.CV 2411.16815
cs.CV 2411.16816
cs.CV 2411.16819
cs.CV 2411.16824
cs.CV 2411.16828
cs.CV 2411.16832
cs.CV 2411.16833
cs.CV 2411.16856
cs.CV 2411.16863
cs.CV 2411.16870
cs.CV 2411.16877
cs.CV 2411.16898
cs.CV 2411.16901
cs.CV 2411.16926
cs.CV 2411.16932
cs.CV 2411.16934
cs.CV 2411.16946
cs.CV 2411.16949
cs.CV 2411.16964
cs.CV 2411.16969
cs.CV 2411.16973
cs.CV 2411.16989
cs.CV 2411.16995
cs.CV 2411.17000
cs.CV 2411.17002
cs.CV 2411.17006
cs.CV 2411.17017
cs.CV 2411.17026
cs.CV 2411.17027
cs.CV 2411.17030
cs.CV 2411.17040
cs.CV 2411.17041
cs.CV 2411.17044
cs.CV 2411.17046
cs.CV 2411.17048
cs.CV 2411.17061
cs.CV 2411.17066
cs.CV 2411.17067
cs.CV 2411.17073
cs.CV 2411.17088
cs.CV 2411.17106
cs.CV 2411.17123
cs.CV 2411.17125
cs.CV 2411.17130
cs.CV 2411.17140
cs.CV 2411.17141
cs.CV 2411.17150
cs.CV 2411.17161
cs.CV 2411.17163
cs.CV 2411.17167
cs.CV 2411.17174
cs.CV 2411.17176
cs.CV 2411.17178
cs.CV 2411.17188
cs.CV 2411.17189
cs.CV 2411.17190
cs.CV 2411.17209
cs.CV 2411.17213
cs.CV 2411.17214
cs.CV 2411.17217
cs.CV 2411.17221
cs.CV 2411.17223
cs.CV 2411.17226
cs.CV 2411.17235
cs.CV 2411.17237
cs.CV 2411.17240
cs.CV 2411.17248
cs.CV 2411.17249
cs.CV 2411.17251
cs.CV 2411.17254
cs.CV 2411.17261
cs.CV 2411.17283
cs.CV 2411.17292
cs.CV 2411.17305
cs.CV 2411.17310
cs.CV 2411.17313
cs.CV 2411.17323
cs.CV 2411.17335
cs.CV 2411.17347
cs.CV 2411.17354
cs.CV 2411.17363
cs.CV 2411.17376
cs.CV 2411.17383
cs.CV 2411.17385
cs.CV 2411.17392
cs.CV 2411.17406
cs.CV 2411.17418
cs.CV 2411.17423
cs.CV 2411.17425
cs.CV 2411.17440
cs.CV 2411.17451
cs.CV 2411.17454
cs.CV 2411.17458
cs.CV 2411.17459
cs.CV 2411.17465
cs.CV 2411.17467
cs.CV 2411.17468
cs.CV 2411.17470
cs.CV 2411.17472
cs.CV 2411.17473
cs.CV 2411.17474
cs.CV 2411.17475
cs.CV 2411.17481
cs.CV 2411.17489
cs.CV 2411.17490
cs.CV 2411.17491
cs.CV 2411.17513
cs.CV 2411.17515
cs.CV 2411.17530
cs.CV 2411.17532
cs.CV 2411.17535
cs.CV 2411.17536
cs.CV 2411.17543
cs.CV 2411.17557
cs.CV 2411.17576
cs.CV 2411.17580
cs.CV 2411.17584
cs.CV 2411.17592
cs.CV 2411.17605
cs.CV 2411.17606
cs.CV 2411.17610
cs.CV 2411.17616
cs.CV 2411.17646
cs.CV 2411.17660
cs.CV 2411.17673
cs.CV 2411.17686
cs.CV 2411.17687
cs.CV 2411.17696
cs.CV 2411.17697
cs.CV 2411.17698
cs.CV 2411.17760
cs.CV 2411.17777
cs.CV 2411.17807
cs.CV 2411.17831
cs.CV 2411.17835
cs.CV 2411.17845
cs.CV 2411.17850
cs.CV 2411.17870
cs.CV 2411.17891
cs.CV 2411.17936
cs.CV 2411.17959
cs.CV 2411.17982
cs.CV 2411.18003
cs.CV 2411.18009
cs.CV 2411.18013
cs.CV 2411.18018
cs.CV 2411.18063
cs.CV 2411.18070
cs.CV 2411.18133
cs.CV 2411.18147
cs.CV 2411.18189
cs.CV 2411.18197
cs.CV 2411.18249
cs.CV 2411.18289
cs.CV 2411.18290
cs.CV 2411.18369
cs.CV 2411.18385
cs.CV 2411.18440
cs.CV 2411.18476
cs.CV 2411.18562
cs.CV 2411.18594
cs.CV 2411.18602
cs.CV 2411.18615
cs.CV 2411.18620
cs.CV 2411.17735
cs.CV 2411.17746
cs.CV 2411.17761
cs.CV 2411.17762
cs.CV 2411.17763
cs.CV 2411.17765
cs.CV 2411.17767
cs.CV 2411.17769
cs.CV 2411.17771
cs.CV 2411.17772
cs.CV 2411.17773
cs.CV 2411.17776
cs.CV 2411.17784
cs.CV 2411.17786
cs.CV 2411.17787
cs.CV 2411.17788
cs.CV 2411.17790
cs.CV 2411.17794
cs.CV 2411.17799
cs.CV 2411.17814
cs.CV 2411.17820
cs.CV 2411.17832
cs.CV 2411.17837
cs.CV 2411.17864
cs.CV 2411.17869
cs.CV 2411.17886
cs.CV 2411.17897
cs.CV 2411.17911
cs.CV 2411.17917
cs.CV 2411.17922
cs.CV 2411.17945
cs.CV 2411.17949
cs.CV 2411.17957
cs.CV 2411.17973
cs.CV 2411.17980
cs.CV 2411.17984
cs.CV 2411.17991
cs.CV 2411.17994
cs.CV 2411.17995
cs.CV 2411.18000
cs.CV 2411.18002
cs.CV 2411.18007
cs.CV 2411.18011
cs.CV 2411.18025
cs.CV 2411.18038
cs.CV 2411.18042
cs.CV 2411.18061
cs.CV 2411.18064
cs.CV 2411.18066
cs.CV 2411.18068
cs.CV 2411.18072
cs.CV 2411.18078
cs.CV 2411.18082
cs.CV 2411.18092
cs.CV 2411.18101
cs.CV 2411.18109
cs.CV 2411.18111
cs.CV 2411.18115
cs.CV 2411.18135
cs.CV 2411.18142
cs.CV 2411.18145
cs.CV 2411.18159
cs.CV 2411.18164
cs.CV 2411.18165
cs.CV 2411.18169
cs.CV 2411.18172
cs.CV 2411.18180
cs.CV 2411.18203
cs.CV 2411.18207
cs.CV 2411.18211
cs.CV 2411.18224
cs.CV 2411.18225
cs.CV 2411.18229
cs.CV 2411.18263
cs.CV 2411.18267
cs.CV 2411.18270
cs.CV 2411.18275
cs.CV 2411.18281
cs.CV 2411.18288
cs.CV 2411.18293
cs.CV 2411.18296
cs.CV 2411.18301
cs.CV 2411.18303
cs.CV 2411.18309
cs.CV 2411.18311
cs.CV 2411.18314
cs.CV 2411.18322
cs.CV 2411.18328
cs.CV 2411.18335
cs.CV 2411.18350
cs.CV 2411.18363
cs.CV 2411.18375
cs.CV 2411.18377
cs.CV 2411.18388
cs.CV 2411.18391
cs.CV 2411.18409
cs.CV 2411.18412
cs.CV 2411.18415
cs.CV 2411.18466
cs.CV 2411.18473
cs.CV 2411.18475
cs.CV 2411.18499
cs.CV 2411.18513
cs.CV 2411.18533
cs.CV 2411.18539
cs.CV 2411.18548
cs.CV 2411.18552
cs.CV 2411.18572
cs.CV 2411.18588
cs.CV 2411.18597
cs.CV 2411.18613
cs.CV 2411.18616
cs.CV 2411.18622
cs.CV 2411.18623
cs.CV 2411.18624
cs.CV 2411.18625
cs.NI 2411.13583
cs.NI 2411.13693
cs.NI 2411.13694
cs.NI 2411.13740
cs.NI 2411.13668
cs.NI 2411.13773
cs.NI 2411.13799
cs.NI 2411.13989
cs.NI 2411.14000
cs.NI 2411.14222
cs.NI 2411.14264
cs.NI 2411.14281
cs.NI 2411.14283
cs.NI 2411.14441
cs.NI 2411.14623
cs.NI 2411.14539
cs.NI 2411.15214
cs.NI 2411.15702
cs.NI 2411.15989
cs.NI 2411.16083
cs.NI 2411.15150
cs.NI 2411.15433
cs.NI 2411.15505
cs.NI 2411.15629
cs.NI 2411.15690
cs.NI 2411.15781
cs.NI 2411.15845
cs.NI 2411.15936
cs.NI 2411.16159
cs.NI 2411.16232
cs.NI 2411.16971
cs.NI 2411.16990
cs.NI 2411.17539
cs.NI 2411.17424
cs.NI 2411.17712
cs.NI 2411.17722
cs.NI 2411.17781
cs.NI 2411.17931
cs.NI 2411.18199
cs.NI 2411.17958
cs.NI 2411.17987
cs.NI 2411.18129
cs.NI 2411.18319
cs.NI 2411.18384
cs.NI 2411.18598
cs.IT 2411.13765
cs.IT 2411.13922
cs.IT 2411.14276
cs.IT 2411.14292
cs.IT 2411.14424
cs.IT 2411.13785
cs.IT 2411.13876
cs.IT 2411.13878
cs.IT 2411.14030
cs.IT 2411.14087
cs.IT 2411.14088
cs.IT 2411.14123
cs.IT 2411.14699
cs.IT 2411.14771
cs.IT 2411.14779
cs.IT 2411.14879
cs.IT 2411.14919
cs.IT 2411.14980
cs.IT 2411.15144
cs.IT 2411.15660
cs.IT 2411.15931
cs.IT 2411.16263
cs.IT 2411.16282
cs.IT 2411.15529
cs.IT 2411.15570
cs.IT 2411.15696
cs.IT 2411.15702
cs.IT 2411.15762
cs.IT 2411.15817
cs.IT 2411.15955
cs.IT 2411.16203
cs.IT 2411.16420
cs.IT 2411.16441
cs.IT 2411.16557
cs.IT 2411.16596
cs.IT 2411.16913
cs.IT 2411.17050
cs.IT 2411.17434
cs.IT 2411.17692
cs.IT 2411.16971
cs.IT 2411.16990
cs.IT 2411.17056
cs.IT 2411.17241
cs.IT 2411.17559
cs.IT 2411.17726
cs.IT 2411.18268
cs.IT 2411.18298
cs.IT 2411.18329
cs.IT 2411.17830
cs.IT 2411.17986
cs.IT 2411.17990
cs.IT 2411.18005
cs.IT 2411.18123
cs.IT 2411.18252
cs.IT 2411.18316
cs.IT 2411.18435
cs.IT 2411.18480
cs.IT 2411.18531
cs.IT 2411.18579
cs.CC 2411.14416
cs.CC 2411.14267
cs.CC 2411.14268
cs.CC 2411.14276
cs.CC 2411.14314
cs.CC 2411.14361
cs.CC 2411.14431
cs.CC 2411.14664
cs.CC 2411.14821
cs.CC 2411.15137
cs.CC 2411.14553
cs.CC 2411.14676
cs.CC 2411.15133
cs.CC 2411.15136
cs.CC 2411.15148
cs.CC 2411.15639
cs.CC 2411.15687
cs.CC 2411.15979
cs.CC 2411.16578
cs.CC 2411.15515
cs.CC 2411.15789
cs.CC 2411.15864
cs.CC 2411.17602
cs.CC 2411.16963
cs.CC 2411.17282
cs.CC 2411.17330
cs.CC 2411.17565
cs.CC 2411.18137
cs.CC 2411.18367
cs.CC 2411.18590
cs.LO 2411.14267
cs.LO 2411.13672
cs.LO 2411.14067
cs.LO 2411.14163
cs.LO 2411.14374
cs.LO 2303.05327
cs.LO 2411.14559
cs.LO 2411.14579
cs.LO 2411.15109
cs.LO 2411.14581
cs.LO 2411.14583
cs.LO 2411.14584
cs.LO 2411.14856
cs.LO 2411.14870
cs.LO 2411.15103
cs.LO 2411.15194
cs.LO 2411.15515
cs.LO 2411.15978
cs.LO 2411.16348
cs.LO 2411.15365
cs.LO 2411.16397
cs.LO 2411.16564
cs.LO 2411.16921
cs.LO 2411.17250
cs.LO 2411.17486
cs.LO 2411.17777
cs.LO 2411.18172
cs.LO 2411.18176
cs.CR 2411.13567
cs.CR 2411.13682
cs.CR 2411.13694
cs.CR 2411.13778
cs.CR 2411.14133
cs.CR 2411.14174
cs.CR 2411.14412
cs.CR 2411.14424
cs.CR 2411.13580
cs.CR 2411.13581
cs.CR 2411.13583
cs.CR 2411.13585
cs.CR 2411.13598
cs.CR 2411.13612
cs.CR 2411.13627
cs.CR 2411.13693
cs.CR 2411.13699
cs.CR 2411.13757
cs.CR 2411.13784
cs.CR 2411.13819
cs.CR 2411.13827
cs.CR 2411.13874
cs.CR 2411.14025
cs.CR 2411.14029
cs.CR 2411.14110
cs.CR 2411.14243
cs.CR 2411.14245
cs.CR 2411.14278
cs.CR 2411.14394
cs.CR 2411.14433
cs.CR 2411.14434
cs.CR 2411.14565
cs.CR 2411.14639
cs.CR 2411.14697
cs.CR 2411.14738
cs.CR 2411.14741
cs.CR 2411.14798
cs.CR 2411.14823
cs.CR 2411.14937
cs.CR 2411.14962
cs.CR 2411.15007
cs.CR 2411.15031
cs.CR 2411.14441
cs.CR 2411.14444
cs.CR 2411.14449
cs.CR 2411.14450
cs.CR 2411.14451
cs.CR 2411.14502
cs.CR 2411.14512
cs.CR 2411.14516
cs.CR 2411.14550
cs.CR 2411.14557
cs.CR 2411.14563
cs.CR 2411.14571
cs.CR 2411.14623
cs.CR 2411.14681
cs.CR 2411.14718
cs.CR 2411.14729
cs.CR 2411.14829
cs.CR 2411.14878
cs.CR 2411.14905
cs.CR 2411.15020
cs.CR 2411.14834
cs.CR 2411.15210
cs.CR 2411.15229
cs.CR 2411.15425
cs.CR 2411.15457
cs.CR 2411.15716
cs.CR 2411.16099
cs.CR 2411.16154
cs.CR 2411.16632
cs.CR 2411.16639
cs.CR 2411.15190
cs.CR 2411.15246
cs.CR 2411.15414
cs.CR 2411.15416
cs.CR 2411.15450
cs.CR 2411.15494
cs.CR 2411.15672
cs.CR 2411.15707
cs.CR 2411.15796
cs.CR 2411.16111
cs.CR 2411.16207
cs.CR 2411.16239
cs.CR 2411.16291
cs.CR 2411.16404
cs.CR 2411.16512
cs.CR 2411.16516
cs.CR 2411.16518
cs.CR 2411.16598
cs.CR 2411.16642
cs.CR 2411.16277
cs.CR 2411.16769
cs.CR 2411.17035
cs.CR 2411.17274
cs.CR 2411.17461
cs.CR 2411.17471
cs.CR 2411.17547
cs.CR 2411.16712
cs.CR 2411.16730
cs.CR 2411.16744
cs.CR 2411.16746
cs.CR 2411.16751
cs.CR 2411.16763
cs.CR 2411.16809
cs.CR 2411.16817
cs.CR 2411.16976
cs.CR 2411.16987
cs.CR 2411.17009
cs.CR 2411.17058
cs.CR 2411.17091
cs.CR 2411.17184
cs.CR 2411.17321
cs.CR 2411.17343
cs.CR 2411.17446
cs.CR 2411.17453
cs.CR 2411.17539
cs.CR 2411.17569
cs.CR 2411.17585
cs.CR 2411.17643
cs.CR 2411.17684
cs.CR 2411.17758
cs.CR 2411.17911
cs.CR 2411.17959
cs.CR 2411.17965
cs.CR 2411.18216
cs.CR 2411.18269
cs.CR 2411.18401
cs.CR 2411.17926
cs.CR 2411.17931
cs.CR 2411.17936
cs.CR 2411.18023
cs.CR 2411.18027
cs.CR 2411.18094
cs.CR 2411.18143
cs.CR 2411.18191
cs.CR 2411.18324
cs.CR 2411.18327
cs.CR 2411.18479
cs.CR 2411.18516
cs.NA 2411.13567
cs.NA 2411.13848
cs.NA 2411.14031
cs.NA 2411.14093
cs.NA 2411.14143
cs.NA 2411.13561
cs.NA 2411.13569
cs.NA 2411.13571
cs.NA 2411.13573
cs.NA 2411.13617
cs.NA 2411.13772
cs.NA 2411.13906
cs.NA 2411.13913
cs.NA 2411.13957
cs.NA 2411.14084
cs.NA 2411.14141
cs.NA 2411.14151
cs.NA 2411.14226
cs.NA 2411.14262
cs.NA 2411.14315
cs.NA 2411.14332
cs.NA 2411.14333
cs.NA 2411.14399
cs.NA 2411.14409
cs.NA 2411.14555
cs.NA 2411.14561
cs.NA 2411.14578
cs.NA 2411.14617
cs.NA 2411.14650
cs.NA 2411.14819
cs.NA 2411.14933
cs.NA 2411.14977
cs.NA 2411.15001
cs.NA 2411.15220
cs.NA 2411.15343
cs.NA 2411.15454
cs.NA 2411.16063
cs.NA 2411.16223
cs.NA 2411.16435
cs.NA 2411.16450
cs.NA 2411.16573
cs.NA 2411.16621
cs.NA 2411.16663
cs.NA 2411.15565
cs.NA 2411.15572
cs.NA 2411.15693
cs.NA 2411.15698
cs.NA 2411.15722
cs.NA 2411.15828
cs.NA 2411.15846
cs.NA 2411.15897
cs.NA 2411.15930
cs.NA 2411.15990
cs.NA 2411.16067
cs.NA 2411.16078
cs.NA 2411.16165
cs.NA 2411.16195
cs.NA 2411.16271
cs.NA 2411.16282
cs.NA 2411.16324
cs.NA 2411.16385
cs.NA 2411.16388
cs.NA 2411.16430
cs.NA 2411.16584
cs.NA 2411.16593
cs.NA 2411.16641
cs.NA 2411.17129
cs.NA 2411.17511
cs.NA 2411.16925
cs.NA 2411.16933
cs.NA 2411.16952
cs.NA 2411.17039
cs.NA 2411.17122
cs.NA 2411.17252
cs.NA 2411.17294
cs.NA 2411.17403
cs.NA 2411.17564
cs.NA 2411.17671
cs.NA 2411.18218
cs.NA 2411.18339
cs.NA 2411.18459
cs.NA 2411.18565
cs.NA 2411.18574
cs.NA 2411.17729
cs.NA 2411.17740
cs.NA 2411.17858
cs.NA 2411.17879
cs.NA 2411.17903
cs.NA 2411.17963
cs.NA 2411.18026
cs.NA 2411.18089
cs.NA 2411.18127
cs.NA 2411.18128
cs.NA 2411.18210
cs.NA 2411.18361
cs.NA 2411.18445
cs.CE 2411.13571
cs.CE 2411.13573
cs.CE 2411.13951
cs.CE 2411.13958
cs.CE 2411.14242
cs.CE 2411.14508
cs.CE 2411.15700
cs.CE 2411.15813
cs.CE 2411.15155
cs.CE 2411.15483
cs.CE 2411.15715
cs.CE 2411.16445
cs.CE 2411.16447
cs.CE 2411.16573
cs.CE 2411.16595
cs.CE 2411.16623
cs.CE 2411.16277
cs.CE 2411.17138
cs.CE 2411.17420
cs.CE 2411.17626
cs.CE 2411.17971
cs.CE 2411.18124
cs.CE 2411.17824
cs.CE 2411.18448
cs.PF 2411.13490
cs.PF 2411.13668
cs.PF 2411.14006
cs.PF 2411.13854
cs.PF 2411.16007
cs.PF 2411.16025
cs.PF 2411.16127
cs.PF 2411.16667
cs.PF 2411.15399
cs.PF 2411.16152
cs.PF 2411.16954
cs.PF 2411.17089
cs.PF 2411.17548
cs.PF 2411.17712
cs.PF 2411.17720
cs.PF 2411.17741
cs.PF 2411.18308
cs.OS 2411.08300
cs.OS 2411.10612
cs.OS 2411.12893
cs.OS 2411.15150
cs.OS 2411.16254
cs.OS 2411.17710
cs.OS 2411.17741
cs.SE 2411.14368
cs.SE 2411.14369
cs.SE 2411.13611
cs.SE 2411.13614
cs.SE 2411.13722
cs.SE 2411.13768
cs.SE 2411.13777
cs.SE 2411.13941
cs.SE 2411.13950
cs.SE 2411.13990
cs.SE 2411.14174
cs.SE 2411.14303
cs.SE 2411.14367
cs.SE 2411.14372
cs.SE 2411.14590
cs.SE 2411.14971
cs.SE 2411.14503
cs.SE 2411.14513
cs.SE 2411.14520
cs.SE 2411.14611
cs.SE 2411.14894
cs.SE 2411.15153
cs.SE 2411.15257
cs.SE 2411.16530
cs.SE 2411.15143
cs.SE 2411.15354
cs.SE 2411.15368
cs.SE 2411.15470
cs.SE 2411.15501
cs.SE 2411.15502
cs.SE 2411.15587
cs.SE 2411.15631
cs.SE 2411.15898
cs.SE 2411.15963
cs.SE 2411.15978
cs.SE 2411.16099
cs.SE 2411.16100
cs.SE 2411.16340
cs.SE 2411.16561
cs.SE 2411.16690
cs.SE 2411.17343
cs.SE 2411.17413
cs.SE 2411.16795
cs.SE 2411.16884
cs.SE 2411.16927
cs.SE 2411.17045
cs.SE 2411.17101
cs.SE 2411.17183
cs.SE 2411.17230
cs.SE 2411.17274
cs.SE 2411.17548
cs.SE 2411.17621
cs.SE 2411.17926
cs.SE 2411.18143
cs.SE 2411.17768
cs.SE 2411.17793
cs.SE 2411.17894
cs.SE 2411.17927
cs.SE 2411.17933
cs.SE 2411.17976
cs.SE 2411.17981
cs.SE 2411.18015
cs.SE 2411.18019
cs.SE 2411.18084
cs.SE 2411.18088
cs.SE 2411.18216
cs.SE 2411.18226
cs.SE 2411.18347
cs.SE 2411.18401
cs.PL 2411.12822
cs.PL 2411.12857
cs.PL 2411.13220
cs.PL 2411.14072
cs.PL 2411.14174
cs.PL 2411.14330
cs.PL 2411.14365
cs.PL 2411.13732
cs.PL 2411.14284
cs.PL 2411.14563
cs.PL 2411.14580
cs.PL 2411.14887
cs.PL 2411.15100
cs.PL 2411.14579
cs.PL 2411.14735
cs.PL 2411.14802
cs.PL 2411.15143
cs.PL 2411.15368
cs.PL 2411.15470
cs.PL 2411.15979
cs.PL 2411.16564
cs.PL 2411.16341
cs.PL 2411.16544
cs.PL 2411.16571
cs.PL 2411.16612
cs.PL 2411.17498
stat.AP 2411.14196
stat.AP 2411.14351
stat.AP 2411.13568
stat.AP 2411.13608
stat.AP 2411.13663
stat.AP 2411.13696
stat.AP 2411.13995
stat.AP 2411.14472
stat.AP 2411.14542
stat.AP 2411.14632
stat.AP 2411.14635
stat.AP 2411.14656
stat.AP 2411.14665
stat.AP 2411.14674
stat.AP 2411.14690
stat.AP 2411.14747
stat.AP 2411.15105
stat.AP 2411.14706
stat.AP 2411.14839
stat.AP 2411.14849
stat.AP 2411.15075
stat.AP 2411.15398
stat.AP 2411.15511
stat.AP 2411.15634
stat.AP 2411.15931
stat.AP 2411.16441
stat.AP 2411.16582
stat.AP 2411.15249
stat.AP 2411.15567
stat.AP 2411.16237
stat.AP 2411.16552
stat.AP 2411.16938
stat.AP 2411.17394
stat.AP 2411.17570
stat.AP 2411.17595
stat.AP 2411.16929
stat.AP 2411.17495
stat.AP 2411.17688
stat.AP 2411.17841
stat.AP 2411.17910
stat.AP 2411.17914
stat.AP 2411.18339
stat.AP 2411.18481
stat.AP 2411.18575
stat.AP 2411.17880
cs.LG 2411.13512
cs.LG 2411.13559
cs.LG 2411.13564
cs.LG 2411.13577
cs.LG 2411.13578
cs.LG 2411.13581
cs.LG 2411.13590
cs.LG 2411.13594
cs.LG 2411.13595
cs.LG 2411.13598
cs.LG 2411.13604
cs.LG 2411.13612
cs.LG 2411.13615
cs.LG 2411.13619
cs.LG 2411.13670
cs.LG 2411.13674
cs.LG 2411.13676
cs.LG 2411.13677
cs.LG 2411.13700
cs.LG 2411.13715
cs.LG 2411.13731
cs.LG 2411.13738
cs.LG 2411.13742
cs.LG 2411.13757
cs.LG 2411.13779
cs.LG 2411.13787
cs.LG 2411.13815
cs.LG 2411.13826
cs.LG 2411.13852
cs.LG 2411.13855
cs.LG 2411.13865
cs.LG 2411.13869
cs.LG 2411.13903
cs.LG 2411.13922
cs.LG 2411.13945
cs.LG 2411.13970
cs.LG 2411.13993
cs.LG 2411.13999
cs.LG 2411.14013
cs.LG 2411.14017
cs.LG 2411.14062
cs.LG 2411.14092
cs.LG 2411.14106
cs.LG 2411.14163
cs.LG 2411.14166
cs.LG 2411.14192
cs.LG 2411.14193
cs.LG 2411.14199
cs.LG 2411.14215
cs.LG 2411.14246
cs.LG 2411.14257
cs.LG 2411.14305
cs.LG 2411.14317
cs.LG 2411.14341
cs.LG 2411.14344
cs.LG 2411.14351
cs.LG 2411.14353
cs.LG 2411.14378
cs.LG 2411.14390
cs.LG 2411.14401
cs.LG 2411.14402
cs.LG 2411.14430
cs.LG 2411.13682
cs.LG 2411.13688
cs.LG 2411.13690
cs.LG 2411.13691
cs.LG 2411.13711
cs.LG 2411.13724
cs.LG 2411.13730
cs.LG 2411.13733
cs.LG 2411.13740
cs.LG 2411.13754
cs.LG 2411.13760
cs.LG 2411.13778
cs.LG 2411.13786
cs.LG 2411.13814
cs.LG 2411.13821
cs.LG 2411.13848
cs.LG 2411.13868
cs.LG 2411.13881
cs.LG 2411.13883
cs.LG 2411.13890
cs.LG 2411.13899
cs.LG 2411.13907
cs.LG 2411.13914
cs.LG 2411.13919
cs.LG 2411.13921
cs.LG 2411.13934
cs.LG 2411.13951
cs.LG 2411.13953
cs.LG 2411.14003
cs.LG 2411.14014
cs.LG 2411.14019
cs.LG 2411.14035
cs.LG 2411.14046
cs.LG 2411.14049
cs.LG 2411.14085
cs.LG 2411.14094
cs.LG 2411.14117
cs.LG 2411.14133
cs.LG 2411.14202
cs.LG 2411.14251
cs.LG 2411.14254
cs.LG 2411.14263
cs.LG 2411.14288
cs.LG 2411.14296
cs.LG 2411.14345
cs.LG 2411.14349
cs.LG 2411.14354
cs.LG 2411.14375
cs.LG 2411.14411
cs.LG 2411.14421
cs.LG 2411.14424
cs.LG 2411.14443
cs.LG 2411.14446
cs.LG 2411.14449
cs.LG 2411.14452
cs.LG 2411.14458
cs.LG 2411.14460
cs.LG 2411.14464
cs.LG 2411.14465
cs.LG 2411.14467
cs.LG 2411.14474
cs.LG 2411.14499
cs.LG 2411.14500
cs.LG 2411.14512
cs.LG 2411.14516
cs.LG 2411.14551
cs.LG 2411.14555
cs.LG 2411.14560
cs.LG 2411.14565
cs.LG 2411.14569
cs.LG 2411.14593
cs.LG 2411.14601
cs.LG 2411.14611
cs.LG 2411.14627
cs.LG 2411.14628
cs.LG 2411.14630
cs.LG 2411.14639
cs.LG 2411.14664
cs.LG 2411.14665
cs.LG 2411.14666
cs.LG 2411.14677
cs.LG 2411.14688
cs.LG 2411.14694
cs.LG 2411.14695
cs.LG 2411.14696
cs.LG 2411.14711
cs.LG 2411.14716
cs.LG 2411.14721
cs.LG 2411.14725
cs.LG 2411.14737
cs.LG 2411.14744
cs.LG 2411.14748
cs.LG 2411.14750
cs.LG 2411.14751
cs.LG 2411.14752
cs.LG 2411.14762
cs.LG 2411.14796
cs.LG 2411.14798
cs.LG 2411.14807
cs.LG 2411.14808
cs.LG 2411.14811
cs.LG 2411.14823
cs.LG 2411.14827
cs.LG 2411.14832
cs.LG 2411.14839
cs.LG 2411.14863
cs.LG 2411.14869
cs.LG 2411.14870
cs.LG 2411.14871
cs.LG 2411.14875
cs.LG 2411.14883
cs.LG 2411.14886
cs.LG 2411.14927
cs.LG 2411.14942
cs.LG 2411.14946
cs.LG 2411.14953
cs.LG 2411.14972
cs.LG 2411.14991
cs.LG 2411.15002
cs.LG 2411.15007
cs.LG 2411.15024
cs.LG 2411.15034
cs.LG 2411.15051
cs.LG 2411.15060
cs.LG 2411.15066
cs.LG 2411.15067
cs.LG 2411.15074
cs.LG 2411.15082
cs.LG 2411.15084
cs.LG 2411.15087
cs.LG 2411.15095
cs.LG 2411.15098
cs.LG 2411.15099
cs.LG 2411.15106
cs.LG 2411.15111
cs.LG 2411.15113
cs.LG 2411.15131
cs.LG 2411.14457
cs.LG 2411.14462
cs.LG 2411.14468
cs.LG 2411.14478
cs.LG 2411.14496
cs.LG 2411.14507
cs.LG 2411.14509
cs.LG 2411.14511
cs.LG 2411.14515
cs.LG 2411.14572
cs.LG 2411.14585
cs.LG 2411.14612
cs.LG 2411.14618
cs.LG 2411.14625
cs.LG 2411.14642
cs.LG 2411.14662
cs.LG 2411.14679
cs.LG 2411.14680
cs.LG 2411.14691
cs.LG 2411.14708
cs.LG 2411.14717
cs.LG 2411.14726
cs.LG 2411.14727
cs.LG 2411.14728
cs.LG 2411.14733
cs.LG 2411.14759
cs.LG 2411.14765
cs.LG 2411.14768
cs.LG 2411.14783
cs.LG 2411.14789
cs.LG 2411.14797
cs.LG 2411.14834
cs.LG 2411.14855
cs.LG 2411.14860
cs.LG 2411.14904
cs.LG 2411.14923
cs.LG 2411.14937
cs.LG 2411.14939
cs.LG 2411.14961
cs.LG 2411.14971
cs.LG 2411.14984
cs.LG 2411.15014
cs.LG 2411.15036
cs.LG 2411.15046
cs.LG 2411.15096
cs.LG 2411.15101
cs.LG 2411.15102
cs.LG 2411.15109
cs.LG 2411.15114
cs.LG 2411.15127
cs.LG 2411.15128
cs.LG 2411.15142
cs.LG 2411.15144
cs.LG 2411.15145
cs.LG 2411.15190
cs.LG 2411.15195
cs.LG 2411.15199
cs.LG 2411.15200
cs.LG 2411.15202
cs.LG 2411.15207
cs.LG 2411.15230
cs.LG 2411.15236
cs.LG 2411.15237
cs.LG 2411.15253
cs.LG 2411.15255
cs.LG 2411.15265
cs.LG 2411.15267
cs.LG 2411.15269
cs.LG 2411.15270
cs.LG 2411.15284
cs.LG 2411.15306
cs.LG 2411.15315
cs.LG 2411.15350
cs.LG 2411.15351
cs.LG 2411.15364
cs.LG 2411.15368
cs.LG 2411.15372
cs.LG 2411.15378
cs.LG 2411.15386
cs.LG 2411.15388
cs.LG 2411.15399
cs.LG 2411.15405
cs.LG 2411.15418
cs.LG 2411.15477
cs.LG 2411.15490
cs.LG 2411.15519
cs.LG 2411.15540
cs.LG 2411.15557
cs.LG 2411.15584
cs.LG 2411.15602
cs.LG 2411.15618
cs.LG 2411.15624
cs.LG 2411.15643
cs.LG 2411.15647
cs.LG 2411.15656
cs.LG 2411.15661
cs.LG 2411.15664
cs.LG 2411.15669
cs.LG 2411.15672
cs.LG 2411.15684
cs.LG 2411.15706
cs.LG 2411.15734
cs.LG 2411.15737
cs.LG 2411.15741
cs.LG 2411.15763
cs.LG 2411.15769
cs.LG 2411.15801
cs.LG 2411.15804
cs.LG 2411.15813
cs.LG 2411.15821
cs.LG 2411.15843
cs.LG 2411.15913
cs.LG 2411.15925
cs.LG 2411.15982
cs.LG 2411.15998
cs.LG 2411.16033
cs.LG 2411.16043
cs.LG 2411.16052
cs.LG 2411.16080
cs.LG 2411.16086
cs.LG 2411.16098
cs.LG 2411.16120
cs.LG 2411.16121
cs.LG 2411.16156
cs.LG 2411.16162
cs.LG 2411.16195
cs.LG 2411.16196
cs.LG 2411.16227
cs.LG 2411.16229
cs.LG 2411.16234
cs.LG 2411.16246
cs.LG 2411.16251
cs.LG 2411.16267
cs.LG 2411.16273
cs.LG 2411.16301
cs.LG 2411.16305
cs.LG 2411.16313
cs.LG 2411.16339
cs.LG 2411.16370
cs.LG 2411.16396
cs.LG 2411.16421
cs.LG 2411.16437
cs.LG 2411.16466
cs.LG 2411.16475
cs.LG 2411.16483
cs.LG 2411.16498
cs.LG 2411.16509
cs.LG 2411.16556
cs.LG 2411.16560
cs.LG 2411.16579
cs.LG 2411.16586
cs.LG 2411.16598
cs.LG 2411.16600
cs.LG 2411.16627
cs.LG 2411.16645
cs.LG 2411.16646
cs.LG 2411.16658
cs.LG 2411.16663
cs.LG 2411.16666
cs.LG 2411.16680
cs.LG 2411.15173
cs.LG 2411.15178
cs.LG 2411.15179
cs.LG 2411.15180
cs.LG 2411.15182
cs.LG 2411.15185
cs.LG 2411.15189
cs.LG 2411.15191
cs.LG 2411.15194
cs.LG 2411.15197
cs.LG 2411.15203
cs.LG 2411.15204
cs.LG 2411.15206
cs.LG 2411.15208
cs.LG 2411.15209
cs.LG 2411.15210
cs.LG 2411.15211
cs.LG 2411.15212
cs.LG 2411.15214
cs.LG 2411.15215
cs.LG 2411.15216
cs.LG 2411.15217
cs.LG 2411.15220
cs.LG 2411.15221
cs.LG 2411.15222
cs.LG 2411.15223
cs.LG 2411.15224
cs.LG 2411.15231
cs.LG 2411.15235
cs.LG 2411.15240
cs.LG 2411.15242
cs.LG 2411.15247
cs.LG 2411.15250
cs.LG 2411.15254
cs.LG 2411.15257
cs.LG 2411.15272
cs.LG 2411.15279
cs.LG 2411.15281
cs.LG 2411.15285
cs.LG 2411.15290
cs.LG 2411.15292
cs.LG 2411.15328
cs.LG 2411.15331
cs.LG 2411.15370
cs.LG 2411.15375
cs.LG 2411.15380
cs.LG 2411.15385
cs.LG 2411.15403
cs.LG 2411.15404
cs.LG 2411.15422
cs.LG 2411.15458
cs.LG 2411.15527
cs.LG 2411.15558
cs.LG 2411.15590
cs.LG 2411.15616
cs.LG 2411.15638
cs.LG 2411.15645
cs.LG 2411.15655
cs.LG 2411.15671
cs.LG 2411.15674
cs.LG 2411.15675
cs.LG 2411.15692
cs.LG 2411.15716
cs.LG 2411.15717
cs.LG 2411.15721
cs.LG 2411.15743
cs.LG 2411.15764
cs.LG 2411.15795
cs.LG 2411.15805
cs.LG 2411.15806
cs.LG 2411.15831
cs.LG 2411.15844
cs.LG 2411.15847
cs.LG 2411.15866
cs.LG 2411.15876
cs.LG 2411.15878
cs.LG 2411.15891
cs.LG 2411.15893
cs.LG 2411.15894
cs.LG 2411.15919
cs.LG 2411.15920
cs.LG 2411.15931
cs.LG 2411.15944
cs.LG 2411.15945
cs.LG 2411.15951
cs.LG 2411.15958
cs.LG 2411.15972
cs.LG 2411.15997
cs.LG 2411.16003
cs.LG 2411.16019
cs.LG 2411.16030
cs.LG 2411.16035
cs.LG 2411.16063
cs.LG 2411.16073
cs.LG 2411.16081
cs.LG 2411.16085
cs.LG 2411.16094
cs.LG 2411.16095
cs.LG 2411.16102
cs.LG 2411.16105
cs.LG 2411.16110
cs.LG 2411.16127
cs.LG 2411.16133
cs.LG 2411.16139
cs.LG 2411.16142
cs.LG 2411.16145
cs.LG 2411.16154
cs.LG 2411.16155
cs.LG 2411.16158
cs.LG 2411.16167
cs.LG 2411.16200
cs.LG 2411.16201
cs.LG 2411.16206
cs.LG 2411.16260
cs.LG 2411.16278
cs.LG 2411.16285
cs.LG 2411.16298
cs.LG 2411.16303
cs.LG 2411.16315
cs.LG 2411.16342
cs.LG 2411.16346
cs.LG 2411.16349
cs.LG 2411.16422
cs.LG 2411.16427
cs.LG 2411.16442
cs.LG 2411.16458
cs.LG 2411.16462
cs.LG 2411.16477
cs.LG 2411.16478
cs.LG 2411.16502
cs.LG 2411.16525
cs.LG 2411.16532
cs.LG 2411.16549
cs.LG 2411.16550
cs.LG 2411.16554
cs.LG 2411.16567
cs.LG 2411.16591
cs.LG 2411.16615
cs.LG 2411.16644
cs.LG 2411.15295
cs.LG 2411.16686
cs.LG 2411.16693
cs.LG 2411.16695
cs.LG 2411.16698
cs.LG 2411.16701
cs.LG 2411.16702
cs.LG 2411.16712
cs.LG 2411.16715
cs.LG 2411.16719
cs.LG 2411.16738
cs.LG 2411.16746
cs.LG 2411.16750
cs.LG 2411.16751
cs.LG 2411.16760
cs.LG 2411.16775
cs.LG 2411.16817
cs.LG 2411.16818
cs.LG 2411.16819
cs.LG 2411.16821
cs.LG 2411.16824
cs.LG 2411.16832
cs.LG 2411.16870
cs.LG 2411.16896
cs.LG 2411.16930
cs.LG 2411.16959
cs.LG 2411.16989
cs.LG 2411.17000
cs.LG 2411.17041
cs.LG 2411.17042
cs.LG 2411.17071
cs.LG 2411.17080
cs.LG 2411.17099
cs.LG 2411.17110
cs.LG 2411.17116
cs.LG 2411.17136
cs.LG 2411.17154
cs.LG 2411.17180
cs.LG 2411.17196
cs.LG 2411.17251
cs.LG 2411.17292
cs.LG 2411.17310
cs.LG 2411.17339
cs.LG 2411.17342
cs.LG 2411.17354
cs.LG 2411.17367
cs.LG 2411.17400
cs.LG 2411.17470
cs.LG 2411.17472
cs.LG 2411.17485
cs.LG 2411.17489
cs.LG 2411.17495
cs.LG 2411.17513
cs.LG 2411.17522
cs.LG 2411.17530
cs.LG 2411.17537
cs.LG 2411.17543
cs.LG 2411.17567
cs.LG 2411.17571
cs.LG 2411.17593
cs.LG 2411.17608
cs.LG 2411.17614
cs.LG 2411.17637
cs.LG 2411.17661
cs.LG 2411.16692
cs.LG 2411.16728
cs.LG 2411.16737
cs.LG 2411.16769
cs.LG 2411.16782
cs.LG 2411.16790
cs.LG 2411.16796
cs.LG 2411.16829
cs.LG 2411.16895
cs.LG 2411.16914
cs.LG 2411.16955
cs.LG 2411.16972
cs.LG 2411.16975
cs.LG 2411.16996
cs.LG 2411.17003
cs.LG 2411.17059
cs.LG 2411.17062
cs.LG 2411.17063
cs.LG 2411.17077
cs.LG 2411.17089
cs.LG 2411.17113
cs.LG 2411.17126
cs.LG 2411.17128
cs.LG 2411.17132
cs.LG 2411.17164
cs.LG 2411.17182
cs.LG 2411.17201
cs.LG 2411.17207
cs.LG 2411.17218
cs.LG 2411.17236
cs.LG 2411.17255
cs.LG 2411.17257
cs.LG 2411.17278
cs.LG 2411.17284
cs.LG 2411.17287
cs.LG 2411.17291
cs.LG 2411.17296
cs.LG 2411.17332
cs.LG 2411.17337
cs.LG 2411.17350
cs.LG 2411.17353
cs.LG 2411.17372
cs.LG 2411.17382
cs.LG 2411.17387
cs.LG 2411.17426
cs.LG 2411.17429
cs.LG 2411.17444
cs.LG 2411.17450
cs.LG 2411.17461
cs.LG 2411.17471
cs.LG 2411.17499
cs.LG 2411.17501
cs.LG 2411.17502
cs.LG 2411.17506
cs.LG 2411.17511
cs.LG 2411.17525
cs.LG 2411.17528
cs.LG 2411.17554
cs.LG 2411.17555
cs.LG 2411.17570
cs.LG 2411.17582
cs.LG 2411.17595
cs.LG 2411.17624
cs.LG 2411.17625
cs.LG 2411.17629
cs.LG 2411.17645
cs.LG 2411.17668
cs.LG 2411.17672
cs.LG 2411.17676
cs.LG 2411.17685
cs.LG 2411.17691
cs.LG 2411.16552
cs.LG 2411.17702
cs.LG 2411.17703
cs.LG 2411.17705
cs.LG 2411.17708
cs.LG 2411.17709
cs.LG 2411.17711
cs.LG 2411.17715
cs.LG 2411.17717
cs.LG 2411.17719
cs.LG 2411.17721
cs.LG 2411.17726
cs.LG 2411.17728
cs.LG 2411.17731
cs.LG 2411.17733
cs.LG 2411.17748
cs.LG 2411.17752
cs.LG 2411.17755
cs.LG 2411.17760
cs.LG 2411.17767
cs.LG 2411.17781
cs.LG 2411.17783
cs.LG 2411.17785
cs.LG 2411.17786
cs.LG 2411.17788
cs.LG 2411.17792
cs.LG 2411.17795
cs.LG 2411.17798
cs.LG 2411.17826
cs.LG 2411.17863
cs.LG 2411.17869
cs.LG 2411.17876
cs.LG 2411.17886
cs.LG 2411.17897
cs.LG 2411.17898
cs.LG 2411.17924
cs.LG 2411.17945
cs.LG 2411.17971
cs.LG 2411.17973
cs.LG 2411.17983
cs.LG 2411.17992
cs.LG 2411.18005
cs.LG 2411.18054
cs.LG 2411.18063
cs.LG 2411.18077
cs.LG 2411.18101
cs.LG 2411.18104
cs.LG 2411.18121
cs.LG 2411.18141
cs.LG 2411.18147
cs.LG 2411.18148
cs.LG 2411.18164
cs.LG 2411.18216
cs.LG 2411.18220
cs.LG 2411.18226
cs.LG 2411.18231
cs.LG 2411.18247
cs.LG 2411.18262
cs.LG 2411.18294
cs.LG 2411.18305
cs.LG 2411.18321
cs.LG 2411.18322
cs.LG 2411.18324
cs.LG 2411.18368
cs.LG 2411.18377
cs.LG 2411.18463
cs.LG 2411.18472
cs.LG 2411.18479
cs.LG 2411.18497
cs.LG 2411.18502
cs.LG 2411.18516
cs.LG 2411.18526
cs.LG 2411.18562
cs.LG 2411.18571
cs.LG 2411.18575
cs.LG 2411.18577
cs.LG 2411.18579
cs.LG 2411.18583
cs.LG 2411.18616
cs.LG 2411.18622
cs.LG 2411.17766
cs.LG 2411.17770
cs.LG 2411.17774
cs.LG 2411.17777
cs.LG 2411.17796
cs.LG 2411.17800
cs.LG 2411.17807
cs.LG 2411.17831
cs.LG 2411.17833
cs.LG 2411.17838
cs.LG 2411.17856
cs.LG 2411.17861
cs.LG 2411.17866
cs.LG 2411.17867
cs.LG 2411.17914
cs.LG 2411.17932
cs.LG 2411.17937
cs.LG 2411.17941
cs.LG 2411.17959
cs.LG 2411.17961
cs.LG 2411.17965
cs.LG 2411.17989
cs.LG 2411.18008
cs.LG 2411.18014
cs.LG 2411.18043
cs.LG 2411.18050
cs.LG 2411.18055
cs.LG 2411.18060
cs.LG 2411.18070
cs.LG 2411.18095
cs.LG 2411.18122
cs.LG 2411.18177
cs.LG 2411.18195
cs.LG 2411.18199
cs.LG 2411.18201
cs.LG 2411.18212
cs.LG 2411.18234
cs.LG 2411.18235
cs.LG 2411.18250
cs.LG 2411.18253
cs.LG 2411.18254
cs.LG 2411.18259
cs.LG 2411.18261
cs.LG 2411.18277
cs.LG 2411.18286
cs.LG 2411.18343
cs.LG 2411.18376
cs.LG 2411.18385
cs.LG 2411.18406
cs.LG 2411.18424
cs.LG 2411.18425
cs.LG 2411.18428
cs.LG 2411.18432
cs.LG 2411.18442
cs.LG 2411.18447
cs.LG 2411.18451
cs.LG 2411.18456
cs.LG 2411.18459
cs.LG 2411.18484
cs.LG 2411.18506
cs.LG 2411.18520
cs.LG 2411.18551
cs.LG 2411.18578
cs.LG 2411.18594
cs.LG 2411.18607
cs.LG 2411.18612
cs.LG 2411.18615
cs.SD 2411.13577
cs.SD 2411.13674
cs.SD 2411.13592
cs.SD 2411.13766
cs.SD 2411.13811
cs.SD 2411.14207
cs.SD 2411.14453
cs.SD 2411.14489
cs.SD 2411.14493
cs.SD 2411.14972
cs.SD 2411.14474
cs.SD 2411.14586
cs.SD 2411.14627
cs.SD 2411.14773
cs.SD 2411.14842
cs.SD 2411.14907
cs.SD 2411.15082
cs.SD 2411.15447
cs.SD 2411.16331
cs.SD 2411.15457
cs.SD 2411.15913
cs.SD 2411.16147
cs.SD 2411.16276
cs.SD 2411.17607
cs.SD 2411.17690
cs.SD 2411.17698
cs.SD 2411.16729
cs.SD 2411.17349
cs.SD 2411.18010
cs.SD 2411.18138
cs.SD 2411.18152
cs.SD 2411.18222
cs.SD 2411.18266
cs.SD 2411.18447
cs.SD 2411.18075
cs.SD 2411.18107
cs.SD 2411.18217
cs.SD 2411.18497
stat.CO 2411.12753
stat.CO 2411.13396
stat.CO 2411.12938
stat.CO 2411.13601
stat.CO 2411.14005
stat.CO 2411.14570
stat.CO 2411.14665
stat.CO 2411.14674
stat.CO 2411.14983
stat.CO 2411.15220
stat.CO 2411.15566
stat.CO 2411.15638
stat.CO 2411.15637
stat.CO 2411.16056
stat.CO 2411.17859
stat.CO 2411.18218
stat.CO 2411.18351
stat.CO 2411.18416
stat.CO 2411.18481
stat.CO 2411.17808
cs.SC 2411.13300
cs.SC 2411.13218
cs.SC 2411.13627
cs.SC 2411.14559
cs.SC 2411.15243
cs.SC 2411.15525
cs.SC 2411.16348
cs.SC 2411.17066
cs.RO 2411.13834
cs.RO 2411.13862
cs.RO 2411.13983
cs.RO 2411.14367
cs.RO 2411.14371
cs.RO 2411.14404
cs.RO 2411.13587
cs.RO 2411.13613
cs.RO 2411.13677
cs.RO 2411.13755
cs.RO 2411.13770
cs.RO 2411.13851
cs.RO 2411.13856
cs.RO 2411.13859
cs.RO 2411.13885
cs.RO 2411.13908
cs.RO 2411.13916
cs.RO 2411.13942
cs.RO 2411.13945
cs.RO 2411.13952
cs.RO 2411.13962
cs.RO 2411.13978
cs.RO 2411.13988
cs.RO 2411.13994
cs.RO 2411.13996
cs.RO 2411.14008
cs.RO 2411.14009
cs.RO 2411.14086
cs.RO 2411.14092
cs.RO 2411.14155
cs.RO 2411.14162
cs.RO 2411.14165
cs.RO 2411.14246
cs.RO 2411.14249
cs.RO 2411.14256
cs.RO 2411.14290
cs.RO 2411.14321
cs.RO 2411.14322
cs.RO 2411.14356
cs.RO 2411.14358
cs.RO 2411.14369
cs.RO 2411.14373
cs.RO 2411.14381
cs.RO 2411.14386
cs.RO 2411.14400
cs.RO 2411.14403
cs.RO 2411.14427
cs.RO 2411.14520
cs.RO 2411.14716
cs.RO 2411.14751
cs.RO 2411.14816
cs.RO 2411.14865
cs.RO 2411.14927
cs.RO 2411.15016
cs.RO 2411.15043
cs.RO 2411.15139
cs.RO 2411.14519
cs.RO 2411.14568
cs.RO 2411.14576
cs.RO 2411.14593
cs.RO 2411.14596
cs.RO 2411.14622
cs.RO 2411.14701
cs.RO 2411.14770
cs.RO 2411.14775
cs.RO 2411.14786
cs.RO 2411.14873
cs.RO 2411.14908
cs.RO 2411.14913
cs.RO 2411.14917
cs.RO 2411.14950
cs.RO 2411.15003
cs.RO 2411.15027
cs.RO 2411.15033
cs.RO 2411.15042
cs.RO 2411.15130
cs.RO 2411.15131
cs.RO 2411.15159
cs.RO 2411.15222
cs.RO 2411.15266
cs.RO 2411.15370
cs.RO 2411.15468
cs.RO 2411.15504
cs.RO 2411.15643
cs.RO 2411.15742
cs.RO 2411.16131
cs.RO 2411.16144
cs.RO 2411.16425
cs.RO 2411.16479
cs.RO 2411.16537
cs.RO 2411.15318
cs.RO 2411.15350
cs.RO 2411.15366
cs.RO 2411.15371
cs.RO 2411.15476
cs.RO 2411.15533
cs.RO 2411.15535
cs.RO 2411.15651
cs.RO 2411.15711
cs.RO 2411.15753
cs.RO 2411.15800
cs.RO 2411.15903
cs.RO 2411.15915
cs.RO 2411.15953
cs.RO 2411.16016
cs.RO 2411.16055
cs.RO 2411.16107
cs.RO 2411.16134
cs.RO 2411.16457
cs.RO 2411.16511
cs.RO 2411.16587
cs.RO 2411.16608
cs.RO 2411.16627
cs.RO 2411.16723
cs.RO 2411.16739
cs.RO 2411.16785
cs.RO 2411.16964
cs.RO 2411.16996
cs.RO 2411.17030
cs.RO 2411.17079
cs.RO 2411.17326
cs.RO 2411.17347
cs.RO 2411.17458
cs.RO 2411.16755
cs.RO 2411.16802
cs.RO 2411.16891
cs.RO 2411.16917
cs.RO 2411.16930
cs.RO 2411.16931
cs.RO 2411.16940
cs.RO 2411.16959
cs.RO 2411.17034
cs.RO 2411.17052
cs.RO 2411.17060
cs.RO 2411.17083
cs.RO 2411.17124
cs.RO 2411.17134
cs.RO 2411.17137
cs.RO 2411.17152
cs.RO 2411.17155
cs.RO 2411.17195
cs.RO 2411.17215
cs.RO 2411.17253
cs.RO 2411.17289
cs.RO 2411.17293
cs.RO 2411.17430
cs.RO 2411.17432
cs.RO 2411.17505
cs.RO 2411.17508
cs.RO 2411.17521
cs.RO 2411.17534
cs.RO 2411.17636
cs.RO 2411.17662
cs.RO 2411.17735
cs.RO 2411.17745
cs.RO 2411.17820
cs.RO 2411.17912
cs.RO 2411.17917
cs.RO 2411.18212
cs.RO 2411.18230
cs.RO 2411.18235
cs.RO 2411.18335
cs.RO 2411.18539
cs.RO 2411.18594
cs.RO 2411.18612
cs.RO 2411.17727
cs.RO 2411.17764
cs.RO 2411.17826
cs.RO 2411.17902
cs.RO 2411.17928
cs.RO 2411.17982
cs.RO 2411.18001
cs.RO 2411.18009
cs.RO 2411.18013
cs.RO 2411.18086
cs.RO 2411.18133
cs.RO 2411.18147
cs.RO 2411.18150
cs.RO 2411.18174
cs.RO 2411.18179
cs.RO 2411.18276
cs.RO 2411.18289
cs.RO 2411.18295
cs.RO 2411.18302
cs.RO 2411.18369
cs.RO 2411.18387
cs.RO 2411.18413
cs.RO 2411.18423
cs.RO 2411.18443
cs.RO 2411.18476
cs.RO 2411.18507
cs.RO 2411.18519
cs.RO 2411.18521
cs.RO 2411.18562
eess.AS 2411.13766
eess.AS 2411.13811
eess.AS 2411.14207
eess.AS 2411.13577
eess.AS 2411.13849
eess.AS 2411.14013
eess.AS 2411.14100
eess.AS 2411.14153
eess.AS 2411.14453
eess.AS 2411.14474
eess.AS 2411.14489
eess.AS 2411.14493
eess.AS 2411.14586
eess.AS 2411.14627
eess.AS 2411.14642
eess.AS 2411.14773
eess.AS 2411.14842
eess.AS 2411.14907
eess.AS 2411.15082
eess.AS 2411.14972
eess.AS 2411.15447
eess.AS 2411.15457
eess.AS 2411.15913
eess.AS 2411.16147
eess.AS 2411.16276
eess.AS 2411.16331
eess.AS 2411.15685
eess.AS 2411.07772
eess.AS 2411.17607
eess.AS 2411.17690
eess.AS 2411.17698
eess.AS 2411.17100
eess.AS 2411.17149
eess.AS 2411.17537
eess.AS 2411.17733
eess.AS 2411.18075
eess.AS 2411.18107
eess.AS 2411.18152
eess.AS 2411.18217
eess.AS 2411.18320
eess.AS 2411.18368
eess.AS 2411.18447
eess.AS 2411.18497
eess.AS 2411.17846
eess.AS 2411.17998
eess.AS 2411.18010
eess.AS 2411.18138
eess.AS 2411.18222
eess.AS 2411.18266
eess.AS 2411.18611
stat.ML 2411.13653
stat.ML 2411.13688
stat.ML 2411.13711
stat.ML 2411.13733
stat.ML 2411.13763
stat.ML 2411.13821
stat.ML 2411.13868
stat.ML 2411.13887
stat.ML 2411.14003
stat.ML 2411.14166
stat.ML 2411.14288
stat.ML 2411.14305
stat.ML 2411.13922
stat.ML 2411.14341
stat.ML 2411.14351
stat.ML 2411.14349
stat.ML 2411.14570
stat.ML 2411.14674
stat.ML 2411.14679
stat.ML 2411.14991
stat.ML 2411.15014
stat.ML 2411.14446
stat.ML 2411.14664
stat.ML 2411.14665
stat.ML 2411.14875
stat.ML 2411.15095
stat.ML 2411.15179
stat.ML 2411.15185
stat.ML 2411.15189
stat.ML 2411.15197
stat.ML 2411.15202
stat.ML 2411.15209
stat.ML 2411.15220
stat.ML 2411.15292
stat.ML 2411.15306
stat.ML 2411.15328
stat.ML 2411.15375
stat.ML 2411.15385
stat.ML 2411.15519
stat.ML 2411.15527
stat.ML 2411.15638
stat.ML 2411.15660
stat.ML 2411.15669
stat.ML 2411.15769
stat.ML 2411.15826
stat.ML 2411.15908
stat.ML 2411.15931
stat.ML 2411.16081
stat.ML 2411.16094
stat.ML 2411.16142
stat.ML 2411.16195
stat.ML 2411.16278
stat.ML 2411.16298
stat.ML 2411.16303
stat.ML 2411.16315
stat.ML 2411.16346
stat.ML 2411.16366
stat.ML 2411.16370
stat.ML 2411.16396
stat.ML 2411.16438
stat.ML 2411.16525
stat.ML 2411.16591
stat.ML 2411.15267
stat.ML 2411.15624
stat.ML 2411.16121
stat.ML 2411.16229
stat.ML 2411.16246
stat.ML 2411.16586
stat.ML 2411.16658
stat.ML 2411.16663
stat.ML 2411.16666
stat.ML 2411.15295
stat.ML 2411.16277
stat.ML 2411.16715
stat.ML 2411.16914
stat.ML 2411.17003
stat.ML 2411.17054
stat.ML 2411.17154
stat.ML 2411.17201
stat.ML 2411.17260
stat.ML 2411.17284
stat.ML 2411.17472
stat.ML 2411.17570
stat.ML 2411.17668
stat.ML 2411.17042
stat.ML 2411.17071
stat.ML 2411.17099
stat.ML 2411.17180
stat.ML 2411.17400
stat.ML 2411.17522
stat.ML 2408.08887
stat.ML 2411.16552
stat.ML 2411.17728
stat.ML 2411.17748
stat.ML 2411.17766
stat.ML 2411.17826
stat.ML 2411.17932
stat.ML 2411.17983
stat.ML 2411.18008
stat.ML 2411.18070
stat.ML 2411.18095
stat.ML 2411.18339
stat.ML 2411.18385
stat.ML 2411.18416
stat.ML 2411.18497
stat.ML 2411.18551
stat.ML 2411.18612
stat.ML 2411.17898
stat.ML 2411.18502
stat.ML 2411.18569
stat.ML 2411.18575
cs.SI 2411.13771
cs.SI 2411.13888
cs.SI 2411.14230
cs.SI 2411.14336
cs.SI 2411.13681
cs.SI 2411.14652
cs.SI 2411.14894
cs.SI 2411.14896
cs.SI 2411.14711
cs.SI 2411.14986
cs.SI 2411.15404
cs.SI 2411.15527
cs.SI 2411.15671
cs.SI 2411.15758
cs.SI 2411.16285
cs.SI 2411.16464
cs.SI 2411.15428
cs.SI 2411.15486
cs.SI 2411.15677
cs.SI 2411.16031
cs.SI 2411.16826
cs.SI 2411.17350
cs.SI 2411.17450
cs.SI 2411.17582
cs.SI 2411.18085
cs.SI 2411.18383
cs.SI 2411.18614
cs.SY 2411.13916
cs.SY 2411.13951
cs.SY 2411.13983
cs.SY 2411.14246
cs.SY 2411.13710
cs.SY 2411.13751
cs.SY 2411.13806
cs.SY 2411.13834
cs.SY 2411.13924
cs.SY 2411.13935
cs.SY 2411.14052
cs.SY 2411.14077
cs.SY 2411.14319
cs.SY 2411.14346
cs.SY 2411.14365
cs.SY 2411.14557
cs.SY 2411.14593
cs.SY 2411.14618
cs.SY 2411.14679
cs.SY 2411.14733
cs.SY 2411.14950
cs.SY 2411.15036
cs.SY 2411.15130
cs.SY 2411.14567
cs.SY 2411.14619
cs.SY 2411.14678
cs.SY 2411.14694
cs.SY 2411.14700
cs.SY 2411.14707
cs.SY 2411.14756
cs.SY 2411.15007
cs.SY 2411.10832
cs.SY 2411.15212
cs.SY 2411.15350
cs.SY 2411.15370
cs.SY 2411.15395
cs.SY 2411.15422
cs.SY 2411.15617
cs.SY 2411.15651
cs.SY 2411.15900
cs.SY 2411.15972
cs.SY 2411.16074
cs.SY 2411.16496
cs.SY 2411.16587
cs.SY 2411.16608
cs.SY 2411.15229
cs.SY 2411.15238
cs.SY 2411.15319
cs.SY 2411.15452
cs.SY 2411.15622
cs.SY 2411.15643
cs.SY 2411.15703
cs.SY 2411.15823
cs.SY 2411.15929
cs.SY 2411.16024
cs.SY 2411.16117
cs.SY 2411.16118
cs.SY 2411.16187
cs.SY 2411.16267
cs.SY 2411.16273
cs.SY 2411.16475
cs.SY 2411.16479
cs.SY 2411.16566
cs.SY 2411.16605
cs.SY 2411.16650
cs.SY 2411.16692
cs.SY 2411.16707
cs.SY 2411.16887
cs.SY 2411.17534
cs.SY 2411.17668
cs.SY 2411.16908
cs.SY 2411.16909
cs.SY 2411.16911
cs.SY 2411.16937
cs.SY 2411.16962
cs.SY 2411.16999
cs.SY 2411.17014
cs.SY 2411.17051
cs.SY 2411.17079
cs.SY 2411.17277
cs.SY 2411.17290
cs.SY 2411.17334
cs.SY 2411.17384
cs.SY 2411.17552
cs.SY 2411.17707
cs.SY 2411.17716
cs.SY 2411.17830
cs.SY 2411.17925
cs.SY 2411.18050
cs.SY 2411.18086
cs.SY 2411.18148
cs.SY 2411.18150
cs.SY 2411.18212
cs.SY 2411.18235
cs.SY 2411.18266
cs.SY 2411.18369
cs.SY 2411.18523
cs.SY 2411.18551
cs.SY 2411.17706
cs.SY 2411.17745
cs.SY 2411.17759
cs.SY 2411.18166
cs.SY 2411.18305
cs.SY 2411.18317
cs.SY 2411.18318
cs.SY 2411.18454
cs.SY 2411.18503
eess.IV 2411.13860
eess.IV 2411.13557
eess.IV 2411.13602
eess.IV 2411.13855
eess.IV 2411.13862
eess.IV 2411.14017
eess.IV 2411.14109
eess.IV 2411.14135
eess.IV 2411.14147
eess.IV 2411.14172
eess.IV 2411.14184
eess.IV 2411.14250
eess.IV 2411.14269
eess.IV 2411.14353
eess.IV 2411.14385
eess.IV 2411.14418
eess.IV 2411.14467
eess.IV 2411.14501
eess.IV 2411.14630
eess.IV 2411.14733
eess.IV 2411.14798
eess.IV 2411.14816
eess.IV 2411.14827
eess.IV 2411.15128
eess.IV 2411.14525
eess.IV 2411.14626
eess.IV 2411.14663
eess.IV 2411.14684
eess.IV 2411.14752
eess.IV 2411.14833
eess.IV 2411.14865
eess.IV 2411.14975
eess.IV 2411.15060
eess.IV 2411.15076
eess.IV 2411.15084
eess.IV 2411.15086
eess.IV 2411.15200
eess.IV 2411.15331
eess.IV 2411.15388
eess.IV 2411.15490
eess.IV 2411.15540
eess.IV 2411.15584
eess.IV 2411.15921
eess.IV 2411.16325
eess.IV 2411.16370
eess.IV 2411.16405
eess.IV 2411.15156
eess.IV 2411.15170
eess.IV 2411.15233
eess.IV 2411.15248
eess.IV 2411.15251
eess.IV 2411.15253
eess.IV 2411.15255
eess.IV 2411.15269
eess.IV 2411.15274
eess.IV 2411.15283
eess.IV 2411.15295
eess.IV 2411.15378
eess.IV 2411.15513
eess.IV 2411.15526
eess.IV 2411.15576
eess.IV 2411.15592
eess.IV 2411.15596
eess.IV 2411.15656
eess.IV 2411.15719
eess.IV 2411.15778
eess.IV 2411.15798
eess.IV 2411.15802
eess.IV 2411.15809
eess.IV 2411.15824
eess.IV 2411.15872
eess.IV 2411.15922
eess.IV 2411.15942
eess.IV 2411.16008
eess.IV 2411.16119
eess.IV 2411.16175
eess.IV 2411.16222
eess.IV 2411.16227
eess.IV 2411.16336
eess.IV 2411.16380
eess.IV 2411.16515
eess.IV 2411.16535
eess.IV 2411.16551
eess.IV 2411.16629
eess.IV 2411.16637
eess.IV 2411.16973
eess.IV 2411.17420
eess.IV 2411.17530
eess.IV 2411.17543
eess.IV 2411.17643
eess.IV 2411.16823
eess.IV 2411.16890
eess.IV 2411.16896
eess.IV 2411.16956
eess.IV 2411.16961
eess.IV 2411.17139
eess.IV 2411.17160
eess.IV 2411.17203
eess.IV 2411.17260
eess.IV 2411.17342
eess.IV 2411.17386
eess.IV 2411.17390
eess.IV 2411.17428
eess.IV 2411.17488
eess.IV 2411.17556
eess.IV 2411.17571
eess.IV 2411.17617
eess.IV 2411.17716
eess.IV 2411.18375
eess.IV 2411.17845
eess.IV 2411.17850
eess.IV 2411.17870
eess.IV 2411.17971
eess.IV 2411.18003
eess.IV 2411.18018
eess.IV 2411.18063
eess.IV 2411.18189
eess.IV 2411.18249
eess.IV 2411.18290
eess.IV 2411.18441
eess.IV 2411.18494
eess.IV 2411.18602
stat.TH 2411.13606
stat.TH 2411.13764
stat.TH 2411.13868
stat.TH 2411.14185
stat.TH 2411.14285
stat.TH 2411.14288
stat.TH 2411.13567
stat.TH 2411.13763
stat.TH 2411.13939
stat.TH 2411.13974
stat.TH 2411.14080
stat.TH 2411.14875
stat.TH 2411.15095
stat.TH 2411.14899
stat.TH 2411.15292
stat.TH 2411.15385
stat.TH 2411.15625
stat.TH 2411.15635
stat.TH 2411.15669
stat.TH 2411.15691
stat.TH 2411.15881
stat.TH 2411.15908
stat.TH 2411.15945
stat.TH 2411.16220
stat.TH 2411.16315
stat.TH 2411.15306
stat.TH 2411.15454
stat.TH 2411.15627
stat.TH 2411.15660
stat.TH 2411.15861
stat.TH 2411.15899
stat.TH 2411.16177
stat.TH 2411.16831
stat.TH 2411.16864
stat.TH 2411.17013
stat.TH 2411.17109
stat.TH 2411.17201
stat.TH 2411.17618
stat.TH 2411.16871
stat.TH 2411.17054
stat.TH 2411.17084
stat.TH 2411.17087
stat.TH 2411.17224
stat.TH 2411.17395
stat.TH 2411.17567
stat.TH 2411.17667
stat.TH 2411.18569
stat.TH 2411.18614
stat.TH 2411.18033
nlin.AO 2411.13606
nlin.AO 2411.14602
nlin.AO 2411.15065
nlin.AO 2411.14851
nlin.AO 2411.15534
nlin.AO 2411.16373
nlin.AO 2411.17336
nlin.AO 2411.18103
math.OC 2411.13579
math.OC 2411.13711
math.OC 2411.13765
math.OC 2411.13783
math.OC 2411.14224
math.OC 2411.14239
math.OC 2411.13758
math.OC 2411.13805
math.OC 2411.13843
math.OC 2411.13869
math.OC 2411.13884
math.OC 2411.13999
math.OC 2411.14021
math.OC 2411.14031
math.OC 2411.14093
math.OC 2411.14166
math.OC 2411.14320
math.OC 2411.14339
math.OC 2411.14342
math.OC 2411.14370
math.OC 2411.14382
math.OC 2411.14604
math.OC 2411.14678
math.OC 2411.14908
math.OC 2411.15014
math.OC 2411.15121
math.OC 2411.14470
math.OC 2411.14477
math.OC 2411.14481
math.OC 2411.14533
math.OC 2411.14601
math.OC 2411.14651
math.OC 2411.14671
math.OC 2411.14828
math.OC 2411.14884
math.OC 2411.15067
math.OC 2411.15090
math.OC 2411.15282
math.OC 2411.15318
math.OC 2411.15375
math.OC 2411.15422
math.OC 2411.15427
math.OC 2411.15452
math.OC 2411.15717
math.OC 2411.15727
math.OC 2411.15795
math.OC 2411.15972
math.OC 2411.16024
math.OC 2411.16230
math.OC 2411.16566
math.OC 2411.15159
math.OC 2411.15181
math.OC 2411.15225
math.OC 2411.15280
math.OC 2411.15479
math.OC 2411.15769
math.OC 2411.15776
math.OC 2411.15877
math.OC 2411.15889
math.OC 2411.15912
math.OC 2411.15926
math.OC 2411.16015
math.OC 2411.16074
math.OC 2411.16209
math.OC 2411.16297
math.OC 2411.16491
math.OC 2411.16519
math.OC 2411.16640
math.OC 2411.16829
math.OC 2411.17278
math.OC 2411.17290
math.OC 2411.17587
math.OC 2411.17668
math.OC 2411.16743
math.OC 2411.16745
math.OC 2411.16887
math.OC 2411.17329
math.OC 2411.17419
math.OC 2411.17463
math.OC 2411.17484
math.OC 2411.17510
math.OC 2411.17544
math.OC 2411.17583
math.OC 2411.17656
math.OC 2411.17796
math.OC 2411.18317
math.OC 2411.18318
math.OC 2411.18384
math.OC 2411.18432
math.OC 2411.18590
math.OC 2411.17738
math.OC 2411.17942
math.OC 2411.18004
math.OC 2411.18100
math.OC 2411.18118
math.OC 2411.18178
math.OC 2411.18219
math.OC 2411.18321
math.OC 2411.18381
math.OC 2411.18422
math.OC 2411.18501
math.OC 2411.18565
math.OC 2411.18574
physics.comp-ph 2411.13739
physics.comp-ph 2411.13772
physics.comp-ph 2411.13915
physics.comp-ph 2411.14220
physics.comp-ph 2411.14262
physics.comp-ph 2411.13725
physics.comp-ph 2411.13850
physics.comp-ph 2411.14159
physics.comp-ph 2411.14891
physics.comp-ph 2411.15101
physics.comp-ph 2411.15118
physics.comp-ph 2411.14867
physics.comp-ph 2411.15374
physics.comp-ph 2411.15410
physics.comp-ph 2411.15688
physics.comp-ph 2411.15722
physics.comp-ph 2411.15780
physics.comp-ph 2411.15855
physics.comp-ph 2411.15918
physics.comp-ph 2411.15990
physics.comp-ph 2411.16234
physics.comp-ph 2411.16290
physics.comp-ph 2411.16416
physics.comp-ph 2411.16474
physics.comp-ph 2411.16493
physics.comp-ph 2411.15699
physics.comp-ph 2411.16369
physics.comp-ph 2411.16412
physics.comp-ph 2411.17011
physics.comp-ph 2411.17164
physics.comp-ph 2411.17191
physics.comp-ph 2411.17208
physics.comp-ph 2411.17324
physics.comp-ph 2411.17403
physics.comp-ph 2411.17482
physics.comp-ph 2411.17497
physics.comp-ph 2411.16693
physics.comp-ph 2411.17348
physics.comp-ph 2411.17728
physics.comp-ph 2411.17821
physics.comp-ph 2411.17839
physics.comp-ph 2411.17844
physics.comp-ph 2411.17970
physics.comp-ph 2411.18024
physics.comp-ph 2411.18048
physics.comp-ph 2411.18259
physics.comp-ph 2411.18493
physics.comp-ph 2411.18586
physics.comp-ph 2411.18591
physics.comp-ph 2411.18608
physics.comp-ph 2411.18087
physics.comp-ph 2411.18218
physics.comp-ph 2411.18240
physics.comp-ph 2411.18341
eess.SP 2411.13557
eess.SP 2411.13560
eess.SP 2411.13785
eess.SP 2411.13922
eess.SP 2411.14030
eess.SP 2411.14088
eess.SP 2411.14269
eess.SP 2411.13769
eess.SP 2411.13903
eess.SP 2411.13931
eess.SP 2411.13944
eess.SP 2411.13970
eess.SP 2411.13987
eess.SP 2411.14360
eess.SP 2411.14539
eess.SP 2411.14699
eess.SP 2411.14810
eess.SP 2411.14879
eess.SP 2411.14919
eess.SP 2411.14443
eess.SP 2411.14452
eess.SP 2411.14656
eess.SP 2411.14837
eess.SP 2411.14886
eess.SP 2411.15057
eess.SP 2411.15104
eess.SP 2411.15191
eess.SP 2411.15209
eess.SP 2411.15211
eess.SP 2411.15395
eess.SP 2411.15529
eess.SP 2411.15570
eess.SP 2411.15629
eess.SP 2411.15762
eess.SP 2411.15764
eess.SP 2411.15934
eess.SP 2411.16024
eess.SP 2411.16094
eess.SP 2411.16155
eess.SP 2411.16187
eess.SP 2411.16420
eess.SP 2411.16422
eess.SP 2411.16557
eess.SP 2411.15144
eess.SP 2411.15154
eess.SP 2411.15305
eess.SP 2411.15532
eess.SP 2411.15589
eess.SP 2411.15617
eess.SP 2411.15901
eess.SP 2411.15965
eess.SP 2411.15995
eess.SP 2411.16043
eess.SP 2411.16083
eess.SP 2411.16112
eess.SP 2411.16168
eess.SP 2411.16360
eess.SP 2411.16496
eess.SP 2411.16501
eess.SP 2411.16588
eess.SP 2411.16972
eess.SP 2411.17056
eess.SP 2411.17060
eess.SP 2411.17387
eess.SP 2411.17430
eess.SP 2411.17641
eess.SP 2411.16701
eess.SP 2411.16997
eess.SP 2411.17449
eess.SP 2411.17479
eess.SP 2411.17728
eess.SP 2411.17986
eess.SP 2411.17990
eess.SP 2411.18123
eess.SP 2411.18129
eess.SP 2411.18199
eess.SP 2411.18222
eess.SP 2411.18480
eess.SP 2411.18587
eess.SP 2411.17702
eess.SP 2411.17705
eess.SP 2411.17707
eess.SP 2411.17709
eess.SP 2411.17711
eess.SP 2411.17715
eess.SP 2411.17716
eess.SP 2411.17717
eess.SP 2411.17721
eess.SP 2411.17725
eess.SP 2411.17731
eess.SP 2411.17733
eess.SP 2411.17734
eess.SP 2411.17747
eess.SP 2411.17748
eess.SP 2411.17752
eess.SP 2411.17755
eess.SP 2411.17779
eess.SP 2411.17781
eess.SP 2411.17785
eess.SP 2411.17939
eess.SP 2411.18153
eess.SP 2411.18220
eess.SP 2411.18298
eess.SP 2411.18307
eess.SP 2411.18329
eess.SP 2411.18392
eess.SP 2411.18523
nlin.CD 2411.13629
nlin.CD 2411.13792
nlin.CD 2411.14132
nlin.CD 2411.14297
nlin.CD 2411.14996
nlin.CD 2411.14769
nlin.CD 2411.14809
nlin.CD 2411.16373
nlin.CD 2411.16400
nlin.CD 2411.16484
nlin.CD 2411.16593
nlin.CD 2411.17279
nlin.CD 2411.17355
nlin.CD 2411.16699
nlin.CD 2411.16945
nlin.CD 2411.17336
nlin.CD 2411.17706
nlin.CD 2411.18059
math.PR 2411.13558
math.PR 2411.13804
math.PR 2411.13939
math.PR 2411.14138
math.PR 2411.14181
math.PR 2411.14266
math.PR 2411.14317
math.PR 2411.14334
math.PR 2411.13589
math.PR 2411.13707
math.PR 2411.13765
math.PR 2411.13788
math.PR 2411.13875
math.PR 2411.13923
math.PR 2411.13926
math.PR 2411.13964
math.PR 2411.13972
math.PR 2411.14090
math.PR 2411.14105
math.PR 2411.14111
math.PR 2411.14177
math.PR 2411.14236
math.PR 2411.14336
math.PR 2411.14350
math.PR 2411.14447
math.PR 2411.14481
math.PR 2411.14664
math.PR 2411.14777
math.PR 2411.14899
math.PR 2411.15067
math.PR 2411.14556
math.PR 2411.14766
math.PR 2411.14818
math.PR 2411.14876
math.PR 2411.14921
math.PR 2411.14926
math.PR 2411.14936
math.PR 2411.15188
math.PR 2411.15249
math.PR 2411.15267
math.PR 2411.15406
math.PR 2411.15454
math.PR 2411.15625
math.PR 2411.15817
math.PR 2411.16013
math.PR 2411.16177
math.PR 2411.16536
math.PR 2411.15401
math.PR 2411.15485
math.PR 2411.15681
math.PR 2411.15724
math.PR 2411.15830
math.PR 2411.15881
math.PR 2411.15954
math.PR 2411.16051
math.PR 2411.16058
math.PR 2411.16101
math.PR 2411.16103
math.PR 2411.16366
math.PR 2411.16376
math.PR 2411.16398
math.PR 2411.16452
math.PR 2411.16464
math.PR 2411.16541
math.PR 2411.16572
math.PR 2411.16647
math.PR 2411.16651
math.PR 2411.17036
math.PR 2411.17166
math.PR 2411.17239
math.PR 2411.17577
math.PR 2411.17587
math.PR 2411.17613
math.PR 2411.16913
math.PR 2411.17023
math.PR 2411.17104
math.PR 2411.17109
math.PR 2411.17216
math.PR 2411.17524
math.PR 2411.17653
math.PR 2411.18184
math.PR 2411.18596
math.PR 2411.18614
math.PR 2411.17827
math.PR 2411.18155
math.PR 2411.18236
math.PR 2411.18359
math.PR 2411.18374
math.PR 2411.18465
math.PR 2411.18483
math.PR 2411.18555
math.PR 2411.18563
physics.data-an 2411.12897
physics.data-an 2411.12938
physics.data-an 2411.13402
physics.data-an 2411.13561
physics.data-an 2411.13596
physics.data-an 2411.13881
physics.data-an 2411.13915
physics.data-an 2411.16234
physics.data-an 2411.16952
physics.data-an 2411.17427
physics.data-an 2411.09864
physics.data-an 2411.18326
physics.data-an 2411.18370
physics.data-an 2411.18579
math.DS 2411.13561
math.DS 2411.13569
math.DS 2411.13680
math.DS 2411.13923
math.DS 2411.13939
math.DS 2411.14350
math.DS 2411.13624
math.DS 2411.13679
math.DS 2411.13858
math.DS 2411.14132
math.DS 2411.14203
math.DS 2411.14240
math.DS 2411.14297
math.DS 2411.14312
math.DS 2411.14603
math.DS 2411.14609
math.DS 2411.14801
math.DS 2411.14839
math.DS 2411.14882
math.DS 2411.14906
math.DS 2411.14908
math.DS 2411.14629
math.DS 2411.14791
math.DS 2411.14844
math.DS 2411.14861
math.DS 2411.15050
math.DS 2411.15142
math.DS 2411.15293
math.DS 2411.15489
math.DS 2411.15610
math.DS 2411.15852
math.DS 2411.15972
math.DS 2411.16071
math.DS 2411.16362
math.DS 2411.16593
math.DS 2411.16601
math.DS 2411.16605
math.DS 2411.16671
math.DS 2411.15429
math.DS 2411.15503
math.DS 2411.15549
math.DS 2411.16045
math.DS 2411.16178
math.DS 2411.16383
math.DS 2411.16400
math.DS 2411.16449
math.DS 2411.16628
math.DS 2411.16631
math.DS 2411.16699
math.DS 2411.16962
math.DS 2411.17329
math.DS 2411.17509
math.DS 2411.16939
math.DS 2411.17227
math.DS 2411.17298
math.DS 2411.17615
math.DS 2411.18264
math.DS 2411.18504
math.DS 2411.17836
math.DS 2411.17925
math.DS 2411.18059
math.DS 2411.18297
math.DS 2411.18344
math.DS 2411.18360
math.DS 2411.18418
nlin.SI 2411.13928
nlin.SI 2411.14015
nlin.SI 2411.14204
nlin.SI 2411.13713
nlin.SI 2411.15132
nlin.SI 2411.15188
nlin.SI 2411.15496
nlin.SI 2411.16401
nlin.SI 2411.16601
nlin.SI 2411.15599
nlin.SI 2411.16670
nlin.SI 2411.17036
nlin.SI 2411.17509
nlin.SI 2411.17364
nlin.SI 2411.18550
nlin.SI 2411.18140
nlin.SI 2411.18264
nlin.SI 2411.18504
physics.ins-det 2411.13776
physics.ins-det 2411.14313
physics.ins-det 2411.13596
physics.ins-det 2411.13734
physics.ins-det 2411.13889
physics.ins-det 2411.14607
physics.ins-det 2411.15058
physics.ins-det 2411.15329
physics.ins-det 2411.15360
physics.ins-det 2411.16092
physics.ins-det 2411.16256
physics.ins-det 2411.16259
physics.ins-det 2411.16321
physics.ins-det 2411.16581
physics.ins-det 2411.15196
physics.ins-det 2411.15460
physics.ins-det 2411.15461
physics.ins-det 2411.15601
physics.ins-det 2411.15910
physics.ins-det 2411.16093
physics.ins-det 2411.16258
physics.ins-det 2411.16974
physics.ins-det 2411.17083
physics.ins-det 2411.17644
physics.ins-det 2411.16710
physics.ins-det 2411.16759
physics.ins-det 2411.17198
physics.ins-det 2411.17202
physics.ins-det 2411.17507
physics.ins-det 2411.18006
physics.ins-det 2411.18239
physics.ins-det 2411.18346
physics.ins-det 2411.18386
physics.ins-det 2411.17934
physics.ins-det 2411.18474
physics.ins-det 2411.18566
astro-ph.IM 2401.02413
astro-ph.IM 2411.13759
astro-ph.IM 2411.13915
astro-ph.IM 2411.13978
astro-ph.IM 2411.14056
astro-ph.IM 2411.14399
astro-ph.IM 2411.13709
astro-ph.IM 2411.13746
astro-ph.IM 2411.13891
astro-ph.IM 2411.14078
astro-ph.IM 2411.14191
astro-ph.IM 2411.14392
astro-ph.IM 2411.14040
astro-ph.IM 2411.14607
astro-ph.IM 2411.14615
astro-ph.IM 2411.14690
astro-ph.IM 2411.14747
astro-ph.IM 2411.14748
astro-ph.IM 2411.14846
astro-ph.IM 2411.14893
astro-ph.IM 2411.15089
astro-ph.IM 2411.14510
astro-ph.IM 2411.14631
astro-ph.IM 2411.14705
astro-ph.IM 2411.14714
astro-ph.IM 2411.14736
astro-ph.IM 2411.14852
astro-ph.IM 2411.14956
astro-ph.IM 2411.15072
astro-ph.IM 2411.15329
astro-ph.IM 2411.15374
astro-ph.IM 2411.15506
astro-ph.IM 2411.15728
astro-ph.IM 2411.15733
astro-ph.IM 2411.16012
astro-ph.IM 2411.16339
astro-ph.IM 2411.15266
astro-ph.IM 2411.15342
astro-ph.IM 2411.15630
astro-ph.IM 2411.15904
astro-ph.IM 2411.16023
astro-ph.IM 2411.16104
astro-ph.IM 2411.16434
astro-ph.IM 2411.16470
astro-ph.IM 2411.16471
astro-ph.IM 2411.16556
astro-ph.IM 2411.16565
astro-ph.IM 2411.16710
astro-ph.IM 2411.16899
astro-ph.IM 2411.16951
astro-ph.IM 2411.16958
astro-ph.IM 2411.17032
astro-ph.IM 2411.17500
astro-ph.IM 2411.17516
astro-ph.IM 2411.16808
astro-ph.IM 2411.17118
astro-ph.IM 2411.17146
astro-ph.IM 2411.17288
astro-ph.IM 2411.17341
astro-ph.IM 2411.17566
astro-ph.IM 2411.17609
astro-ph.IM 2411.17663
astro-ph.IM 2405.12090
astro-ph.IM 2411.17801
astro-ph.IM 2411.17813
astro-ph.IM 2411.17934
astro-ph.IM 2411.18006
astro-ph.IM 2411.18326
astro-ph.IM 2411.18346
astro-ph.IM 2411.18370
astro-ph.IM 2411.18486
astro-ph.IM 2411.17804
astro-ph.IM 2411.17868
astro-ph.IM 2411.17878
astro-ph.IM 2411.18030
astro-ph.IM 2411.18054
astro-ph.IM 2411.18206
astro-ph.IM 2411.18231
astro-ph.IM 2411.18522
physics.optics 2411.13661
physics.optics 2411.13695
physics.optics 2411.13832
physics.optics 2411.13936
physics.optics 2411.13943
physics.optics 2411.14060
physics.optics 2411.14075
physics.optics 2411.14229
physics.optics 2411.13703
physics.optics 2411.13715
physics.optics 2411.13803
physics.optics 2411.14048
physics.optics 2411.14069
physics.optics 2411.14101
physics.optics 2411.14104
physics.optics 2411.14309
physics.optics 2411.14324
physics.optics 2411.14410
physics.optics 2411.14445
physics.optics 2411.14518
physics.optics 2411.14607
physics.optics 2411.14659
physics.optics 2411.14890
physics.optics 2411.14920
physics.optics 2411.14440
physics.optics 2411.14606
physics.optics 2411.14658
physics.optics 2411.14741
physics.optics 2411.14772
physics.optics 2411.14780
physics.optics 2411.14785
physics.optics 2411.14805
physics.optics 2411.14862
physics.optics 2411.14874
physics.optics 2411.15025
physics.optics 2411.15029
physics.optics 2411.15037
physics.optics 2411.15373
physics.optics 2411.15437
physics.optics 2411.15679
physics.optics 2411.15820
physics.optics 2411.16104
physics.optics 2411.16290
physics.optics 2411.16410
physics.optics 2411.16434
physics.optics 2411.15313
physics.optics 2411.15339
physics.optics 2411.15512
physics.optics 2411.15607
physics.optics 2411.15701
physics.optics 2411.15733
physics.optics 2411.15749
physics.optics 2411.15855
physics.optics 2411.15911
physics.optics 2411.15928
physics.optics 2411.15984
physics.optics 2411.15991
physics.optics 2411.16009
physics.optics 2411.16059
physics.optics 2411.16140
physics.optics 2411.16186
physics.optics 2411.16191
physics.optics 2411.16210
physics.optics 2411.16221
physics.optics 2411.16256
physics.optics 2411.16265
physics.optics 2411.16390
physics.optics 2411.16394
physics.optics 2411.16439
physics.optics 2411.16490
physics.optics 2411.16635
physics.optics 2411.16896
physics.optics 2411.17256
physics.optics 2411.17266
physics.optics 2411.17341
physics.optics 2411.17369
physics.optics 2411.17631
physics.optics 2411.16687
physics.optics 2411.16698
physics.optics 2411.16830
physics.optics 2411.16923
physics.optics 2411.17069
physics.optics 2411.17070
physics.optics 2411.17259
physics.optics 2411.17272
physics.optics 2411.17297
physics.optics 2411.17314
physics.optics 2411.17324
physics.optics 2411.17422
physics.optics 2411.17443
physics.optics 2411.17480
physics.optics 2411.17907
physics.optics 2411.18112
physics.optics 2411.18304
physics.optics 2411.18482
physics.optics 2411.18573
physics.optics 2411.17872
physics.optics 2411.18017
physics.optics 2411.18093
physics.optics 2411.18098
physics.optics 2411.18110
physics.optics 2411.18132
physics.optics 2411.18139
physics.optics 2411.18232
physics.optics 2411.18477
physics.optics 2411.18557
physics.optics 2411.18570
physics.optics 2411.18591
physics.app-ph 2411.13803
physics.app-ph 2411.13943
physics.app-ph 2411.13956
physics.app-ph 2411.14101
physics.app-ph 2411.14060
physics.app-ph 2411.14180
physics.app-ph 2411.14518
physics.app-ph 2411.14805
physics.app-ph 2411.14872
physics.app-ph 2411.15025
physics.app-ph 2411.15029
physics.app-ph 2411.15037
physics.app-ph 2411.15065
physics.app-ph 2411.14915
physics.app-ph 2411.14970
physics.app-ph 2411.15013
physics.app-ph 2411.15058
physics.app-ph 2411.15286
physics.app-ph 2411.15313
physics.app-ph 2411.15344
physics.app-ph 2411.15460
physics.app-ph 2411.15607
physics.app-ph 2411.15679
physics.app-ph 2411.15701
physics.app-ph 2411.15855
physics.app-ph 2411.15911
physics.app-ph 2411.15991
physics.app-ph 2411.16092
physics.app-ph 2411.16093
physics.app-ph 2411.16210
physics.app-ph 2411.16221
physics.app-ph 2411.16247
physics.app-ph 2411.15820
physics.app-ph 2411.16317
physics.app-ph 2411.16581
physics.app-ph 2411.16626
physics.app-ph 2411.16708
physics.app-ph 2411.16759
physics.app-ph 2411.16970
physics.app-ph 2411.17070
physics.app-ph 2411.17297
physics.app-ph 2411.17302
physics.app-ph 2411.17324
physics.app-ph 2411.17368
physics.app-ph 2411.17427
physics.app-ph 2411.17466
physics.app-ph 2411.17480
physics.app-ph 2411.17085
physics.app-ph 2411.17172
physics.app-ph 2411.17360
physics.app-ph 2411.17416
physics.app-ph 2411.17919
physics.app-ph 2411.18093
physics.app-ph 2411.18132
physics.app-ph 2411.18139
physics.app-ph 2411.18474
physics.app-ph 2411.18048
physics.app-ph 2411.18175
physics.app-ph 2411.18228
physics.app-ph 2411.18386
physics.app-ph 2411.18482
physics.app-ph 2411.18556
physics.med-ph 2411.13832
physics.med-ph 2411.14407
physics.med-ph 2411.14475
physics.med-ph 2411.14589
physics.med-ph 2411.14630
physics.med-ph 2411.14669
physics.med-ph 2411.15187
physics.med-ph 2411.16247
physics.med-ph 2411.16535
physics.med-ph 2411.16551
physics.med-ph 2411.16637
physics.med-ph 2411.15316
physics.med-ph 2411.15322
physics.med-ph 2411.15504
physics.med-ph 2411.15934
physics.med-ph 2411.16039
physics.med-ph 2411.16230
physics.med-ph 2411.16314
physics.med-ph 2411.16450
physics.med-ph 2411.16735
physics.med-ph 2411.16992
physics.med-ph 2411.17578
physics.med-ph 2411.18249
physics.med-ph 2411.18441
physics.med-ph 2411.18074
physics.med-ph 2411.18239
physics.med-ph 2411.18585
cond-mat.dis-nn 2411.13644
cond-mat.dis-nn 2411.13667
cond-mat.dis-nn 2411.14105
cond-mat.dis-nn 2411.14144
cond-mat.dis-nn 2411.14259
cond-mat.dis-nn 2411.14357
cond-mat.dis-nn 2411.13853
cond-mat.dis-nn 2411.14390
cond-mat.dis-nn 2411.14969
cond-mat.dis-nn 2411.14527
cond-mat.dis-nn 2411.14692
cond-mat.dis-nn 2411.15266
cond-mat.dis-nn 2411.15267
cond-mat.dis-nn 2411.15654
cond-mat.dis-nn 2411.16374
cond-mat.dis-nn 2411.16526
cond-mat.dis-nn 2411.16533
cond-mat.dis-nn 2411.15377
cond-mat.dis-nn 2411.15813
cond-mat.dis-nn 2411.16431
cond-mat.dis-nn 2411.16659
cond-mat.dis-nn 2411.16825
cond-mat.dis-nn 2411.17148
cond-mat.dis-nn 2411.17540
cond-mat.dis-nn 2411.16851
cond-mat.dis-nn 2411.16979
cond-mat.dis-nn 2411.18041
cond-mat.dis-nn 2411.18417
cond-mat.dis-nn 2411.18576
q-fin.MF 2411.11408
q-fin.MF 2411.11522
q-fin.MF 2411.10726
q-fin.MF 2411.12375
q-fin.MF 2411.12013
q-fin.MF 2411.13558
q-fin.MF 2411.13792
q-fin.MF 2411.13579
q-fin.MF 2411.13937
q-fin.MF 2411.16617
q-fin.MF 2411.18397
q-fin.MF 2411.18154
econ.TH 2411.12860
econ.TH 2411.13293
econ.TH 2411.13684
econ.TH 2411.13823
econ.TH 2411.15401
econ.TH 2411.15317
econ.TH 2411.17072
econ.TH 2411.17587
econ.TH 2411.17883
econ.TH 2411.17899
econ.TH 2411.18144
