cs.DC 2402.01096
cs.DC 2402.01140
cs.DC 2402.01160
cs.DC 2402.01302
cs.DC 2402.01350
cs.DC 2402.01546
cs.DC 2402.01001
cs.DC 2402.01326
cs.DC 2402.01664
cs.DC 2402.01739
cs.DC 2402.01771
cs.DC 2402.01816
cs.DC 2402.01869
cs.DC 2402.02230
cs.DC 2402.02521
cs.DC 2402.02543
cs.DC 2402.02795
cs.DC 2402.02885
cs.DC 2402.03253
cs.DC 2402.01843
cs.DC 2402.02506
cs.DC 2402.02576
cs.DC 2402.02668
cs.DC 2402.02938
cs.DC 2402.03239
cs.DC 2402.03408
cs.DC 2402.03448
cs.DC 2402.03480
cs.DC 2402.03548
cs.DC 2402.03564
cs.DC 2402.03550
cs.DC 2402.03653
cs.DC 2402.03671
cs.DC 2402.03791
cs.DC 2402.03812
cs.DC 2402.03849
cs.DC 2402.04377
cs.DC 2402.04409
cs.DC 2402.04506
cs.DC 2402.04403
cs.DC 2402.04491
cs.DC 2402.04522
cs.DC 2402.04746
cs.DC 2402.04880
cs.DC 2402.04891
cs.DC 2402.04925
cs.DC 2402.05312
cs.DC 2402.05353
cs.DC 2402.05407
cs.DC 2402.05541
cs.DC 2402.05558
cs.DC 2402.05114
cs.DC 2402.05244
cs.DC 2402.05302
cs.DC 2402.05535
cs.IT 2402.00978
cs.IT 2402.01238
cs.IT 2402.01341
cs.IT 2402.00948
cs.IT 2402.01024
cs.IT 2402.01033
cs.IT 2402.01037
cs.IT 2402.01064
cs.IT 2402.01144
cs.IT 2402.01198
cs.IT 2402.01244
cs.IT 2402.01255
cs.IT 2402.01279
cs.IT 2402.01403
cs.IT 2402.01426
cs.IT 2402.01525
cs.IT 2402.01748
cs.IT 2402.02001
cs.IT 2402.02059
cs.IT 2402.02193
cs.IT 2402.02636
cs.IT 2402.02861
cs.IT 2402.02895
cs.IT 2402.03158
cs.IT 2402.03254
cs.IT 2402.01895
cs.IT 2402.02189
cs.IT 2402.02265
cs.IT 2402.02307
cs.IT 2402.02344
cs.IT 2402.02358
cs.IT 2402.02390
cs.IT 2402.02473
cs.IT 2402.02501
cs.IT 2402.02621
cs.IT 2402.02688
cs.IT 2402.02729
cs.IT 2402.02731
cs.IT 2402.02768
cs.IT 2402.02853
cs.IT 2402.02871
cs.IT 2402.02893
cs.IT 2402.02982
cs.IT 2402.02983
cs.IT 2402.03030
cs.IT 2402.03037
cs.IT 2402.03084
cs.IT 2402.03202
cs.IT 2402.03204
cs.IT 2305.12423
cs.IT 2402.03471
cs.IT 2402.03633
cs.IT 2402.03683
cs.IT 2402.04161
cs.IT 2402.03517
cs.IT 2402.03554
cs.IT 2402.03702
cs.IT 2402.03772
cs.IT 2402.03886
cs.IT 2402.03901
cs.IT 2402.03919
cs.IT 2402.03938
cs.IT 2402.03949
cs.IT 2402.03965
cs.IT 2402.03987
cs.IT 2402.04111
cs.IT 2402.04187
cs.IT 2402.04255
cs.IT 2402.04377
cs.IT 2402.04602
cs.IT 2402.04834
cs.IT 2402.05013
cs.IT 2402.04295
cs.IT 2402.04424
cs.IT 2402.04486
cs.IT 2402.04570
cs.IT 2402.04728
cs.IT 2402.04888
cs.IT 2402.04890
cs.IT 2402.04913
cs.IT 2402.04942
cs.IT 2402.04959
cs.IT 2402.05004
cs.IT 2402.05012
cs.IT 2402.05132
cs.IT 2402.05474
cs.IT 2402.05596
cs.IT 2402.05667
cs.IT 2402.05677
cs.IT 2402.05696
cs.IT 2402.05719
cs.IT 2402.05793
cs.IT 2402.05818
cs.IT 2402.05387
cs.IT 2402.05583
cs.IT 2402.05620
cs.IT 2402.05625
cs.IT 2402.05641
cs.IT 2402.05687
cs.IT 2402.05722
cs.IT 2402.05881
cs.CV 2402.00870
cs.CV 2402.00912
cs.CV 2402.00965
cs.CV 2402.00993
cs.CV 2402.01031
cs.CV 2402.01034
cs.CV 2402.01052
cs.CV 2402.01054
cs.CV 2402.01067
cs.CV 2402.01095
cs.CV 2402.01103
cs.CV 2402.01105
cs.CV 2402.01171
cs.CV 2402.01186
cs.CV 2402.01203
cs.CV 2402.01262
cs.CV 2402.01296
cs.CV 2402.01303
cs.CV 2402.01352
cs.CV 2402.01369
cs.CV 2402.01444
cs.CV 2402.01476
cs.CV 2402.01509
cs.CV 2402.01596
cs.CV 2402.00909
cs.CV 2402.00918
cs.CV 2402.00971
cs.CV 2402.00977
cs.CV 2402.00989
cs.CV 2402.00994
cs.CV 2402.00996
cs.CV 2402.01002
cs.CV 2402.01049
cs.CV 2402.01123
cs.CV 2402.01126
cs.CV 2402.01134
cs.CV 2402.01149
cs.CV 2402.01157
cs.CV 2402.01162
cs.CV 2402.01163
cs.CV 2402.01166
cs.CV 2402.01169
cs.CV 2402.01187
cs.CV 2402.01188
cs.CV 2402.01191
cs.CV 2402.01212
cs.CV 2402.01217
cs.CV 2402.01220
cs.CV 2402.01239
cs.CV 2402.01241
cs.CV 2402.01269
cs.CV 2402.01287
cs.CV 2402.01289
cs.CV 2402.01304
cs.CV 2402.01311
cs.CV 2402.01313
cs.CV 2402.01331
cs.CV 2402.01335
cs.CV 2402.01345
cs.CV 2402.01355
cs.CV 2402.01368
cs.CV 2402.01380
cs.CV 2402.01389
cs.CV 2402.01393
cs.CV 2402.01410
cs.CV 2402.01422
cs.CV 2402.01456
cs.CV 2402.01459
cs.CV 2402.01461
cs.CV 2402.01462
cs.CV 2402.01466
cs.CV 2402.01472
cs.CV 2402.01516
cs.CV 2402.01524
cs.CV 2402.01537
cs.CV 2402.01555
cs.CV 2402.01557
cs.CV 2402.01566
cs.CV 2402.01590
cs.CV 2304.05057
cs.CV 2402.01668
cs.CV 2402.01779
cs.CV 2402.01782
cs.CV 2402.01858
cs.CV 2402.01879
cs.CV 2402.02021
cs.CV 2402.02192
cs.CV 2402.02263
cs.CV 2402.02316
cs.CV 2402.02345
cs.CV 2402.02397
cs.CV 2402.02405
cs.CV 2402.02498
cs.CV 2402.02500
cs.CV 2402.02519
cs.CV 2402.02541
cs.CV 2402.02653
cs.CV 2402.02705
cs.CV 2402.02729
cs.CV 2402.02739
cs.CV 2402.02836
cs.CV 2402.02886
cs.CV 2402.02889
cs.CV 2402.02936
cs.CV 2402.02963
cs.CV 2402.02986
cs.CV 2402.02996
cs.CV 2402.03124
cs.CV 2402.03135
cs.CV 2402.03173
cs.CV 2402.03283
cs.CV 2402.03292
cs.CV 2402.03299
cs.CV 2402.03305
cs.CV 2402.03310
cs.CV 2402.01832
cs.CV 2402.01915
cs.CV 2402.01950
cs.CV 2402.01970
cs.CV 2402.01974
cs.CV 2402.02003
cs.CV 2402.02012
cs.CV 2402.02020
cs.CV 2402.02026
cs.CV 2402.02029
cs.CV 2402.02045
cs.CV 2402.02046
cs.CV 2402.02060
cs.CV 2402.02067
cs.CV 2402.02074
cs.CV 2402.02085
cs.CV 2402.02088
cs.CV 2402.02090
cs.CV 2402.02094
cs.CV 2402.02096
cs.CV 2402.02103
cs.CV 2402.02105
cs.CV 2402.02108
cs.CV 2402.02112
cs.CV 2402.02121
cs.CV 2402.02140
cs.CV 2402.02141
cs.CV 2402.02149
cs.CV 2402.02150
cs.CV 2402.02154
cs.CV 2402.02183
cs.CV 2402.02188
cs.CV 2402.02205
cs.CV 2402.02208
cs.CV 2402.02209
cs.CV 2402.02210
cs.CV 2402.02217
cs.CV 2402.02224
cs.CV 2402.02235
cs.CV 2402.02242
cs.CV 2402.02245
cs.CV 2402.02246
cs.CV 2402.02274
cs.CV 2402.02286
cs.CV 2402.02288
cs.CV 2402.02298
cs.CV 2402.02313
cs.CV 2402.02327
cs.CV 2402.02335
cs.CV 2402.02339
cs.CV 2402.02340
cs.CV 2402.02346
cs.CV 2402.02349
cs.CV 2402.02352
cs.CV 2402.02367
cs.CV 2402.02369
cs.CV 2402.02374
cs.CV 2402.02377
cs.CV 2402.02382
cs.CV 2402.02401
cs.CV 2402.02411
cs.CV 2402.02430
cs.CV 2402.02431
cs.CV 2402.02433
cs.CV 2402.02444
cs.CV 2402.02453
cs.CV 2402.02474
cs.CV 2402.02491
cs.CV 2402.02503
cs.CV 2402.02514
cs.CV 2402.02540
cs.CV 2402.02544
cs.CV 2402.02545
cs.CV 2402.02554
cs.CV 2402.02555
cs.CV 2402.02574
cs.CV 2402.02583
cs.CV 2402.02634
cs.CV 2402.02649
cs.CV 2402.02662
cs.CV 2402.02724
cs.CV 2402.02733
cs.CV 2402.02734
cs.CV 2402.02736
cs.CV 2402.02738
cs.CV 2402.02761
cs.CV 2402.02797
cs.CV 2402.02800
cs.CV 2402.02811
cs.CV 2402.02826
cs.CV 2402.02851
cs.CV 2402.02887
cs.CV 2402.02892
cs.CV 2402.02906
cs.CV 2402.02922
cs.CV 2402.02928
cs.CV 2402.02941
cs.CV 2402.02946
cs.CV 2402.02956
cs.CV 2402.02968
cs.CV 2402.02972
cs.CV 2402.02985
cs.CV 2402.03003
cs.CV 2402.03019
cs.CV 2402.03040
cs.CV 2402.03047
cs.CV 2402.03082
cs.CV 2402.03093
cs.CV 2402.03094
cs.CV 2402.03095
cs.CV 2402.03119
cs.CV 2402.03161
cs.CV 2402.03162
cs.CV 2402.03166
cs.CV 2402.03188
cs.CV 2402.03214
cs.CV 2402.03227
cs.CV 2402.03230
cs.CV 2402.03235
cs.CV 2402.03241
cs.CV 2402.03246
cs.CV 2402.03251
cs.CV 2402.03286
cs.CV 2402.03290
cs.CV 2402.03302
cs.CV 2402.03307
cs.CV 2402.03309
cs.CV 2402.03311
cs.CV 2402.03312
cs.CV 2402.03383
cs.CV 2402.03390
cs.CV 2402.03398
cs.CV 2402.03399
cs.CV 2402.03412
cs.CV 2402.03413
cs.CV 2402.03414
cs.CV 2402.03473
cs.CV 2402.03478
cs.CV 2402.03492
cs.CV 2402.03547
cs.CV 2402.03607
cs.CV 2402.03695
cs.CV 2402.03699
cs.CV 2402.03706
cs.CV 2402.03840
cs.CV 2402.04050
cs.CV 2402.04129
cs.CV 2402.04168
cs.CV 2402.04171
cs.CV 2402.04249
cs.CV 2402.03315
cs.CV 2402.03317
cs.CV 2402.03325
cs.CV 2402.03326
cs.CV 2402.03327
cs.CV 2402.03328
cs.CV 2402.03329
cs.CV 2402.03347
cs.CV 2402.03348
cs.CV 2402.03384
cs.CV 2402.03417
cs.CV 2402.03445
cs.CV 2402.03456
cs.CV 2402.03466
cs.CV 2402.03501
cs.CV 2402.03526
cs.CV 2402.03549
cs.CV 2402.03553
cs.CV 2402.03557
cs.CV 2402.03561
cs.CV 2402.03585
cs.CV 2402.03592
cs.CV 2402.03631
cs.CV 2402.03634
cs.CV 2402.03654
cs.CV 2402.03666
cs.CV 2402.03690
cs.CV 2402.03697
cs.CV 2402.03705
cs.CV 2402.03708
cs.CV 2402.03716
cs.CV 2402.03723
cs.CV 2402.03738
cs.CV 2402.03746
cs.CV 2402.03749
cs.CV 2402.03752
cs.CV 2402.03754
cs.CV 2402.03757
cs.CV 2402.03758
cs.CV 2402.03762
cs.CV 2402.03766
cs.CV 2402.03769
cs.CV 2402.03783
cs.CV 2402.03795
cs.CV 2402.03796
cs.CV 2402.03830
cs.CV 2402.03833
cs.CV 2402.03843
cs.CV 2402.03896
cs.CV 2402.03904
cs.CV 2402.03908
cs.CV 2402.03917
cs.CV 2402.03944
cs.CV 2402.03951
cs.CV 2402.03973
cs.CV 2402.03981
cs.CV 2402.03989
cs.CV 2402.04009
cs.CV 2402.04013
cs.CV 2402.04031
cs.CV 2402.04064
cs.CV 2402.04087
cs.CV 2402.04097
cs.CV 2402.04101
cs.CV 2402.04139
cs.CV 2402.04178
cs.CV 2402.04195
cs.CV 2402.04236
cs.CV 2402.04252
cs.CV 2402.04267
cs.CV 2402.04275
cs.CV 2402.04301
cs.CV 2402.04354
cs.CV 2402.04356
cs.CV 2402.04426
cs.CV 2402.04446
cs.CV 2402.04480
cs.CV 2402.04566
cs.CV 2402.04584
cs.CV 2402.04596
cs.CV 2402.04653
cs.CV 2402.04660
cs.CV 2402.04676
cs.CV 2402.04750
cs.CV 2402.04753
cs.CV 2402.04768
cs.CV 2402.04788
cs.CV 2402.04796
cs.CV 2402.04921
cs.CV 2402.04967
cs.CV 2402.05079
cs.CV 2402.05090
cs.CV 2402.04273
cs.CV 2402.04297
cs.CV 2402.04324
cs.CV 2402.04408
cs.CV 2402.04416
cs.CV 2402.04465
cs.CV 2402.04476
cs.CV 2402.04482
cs.CV 2402.04492
cs.CV 2402.04504
cs.CV 2402.04507
cs.CV 2402.04519
cs.CV 2402.04541
cs.CV 2402.04554
cs.CV 2402.04555
cs.CV 2402.04558
cs.CV 2402.04563
cs.CV 2402.04573
cs.CV 2402.04583
cs.CV 2402.04587
cs.CV 2402.04599
cs.CV 2402.04615
cs.CV 2402.04618
cs.CV 2402.04625
cs.CV 2402.04630
cs.CV 2402.04632
cs.CV 2402.04648
cs.CV 2402.04671
cs.CV 2402.04672
cs.CV 2402.04686
cs.CV 2402.04699
cs.CV 2402.04717
cs.CV 2402.04754
cs.CV 2402.04756
cs.CV 2402.04762
cs.CV 2402.04798
cs.CV 2402.04829
cs.CV 2402.04835
cs.CV 2402.04841
cs.CV 2402.04855
cs.CV 2402.04857
cs.CV 2402.04878
cs.CV 2402.04883
cs.CV 2402.04929
cs.CV 2402.04930
cs.CV 2402.04953
cs.CV 2402.04958
cs.CV 2402.04964
cs.CV 2402.04979
cs.CV 2402.05008
cs.CV 2402.05035
cs.CV 2402.05045
cs.CV 2402.05054
cs.CV 2402.05106
cs.CV 2402.05210
cs.CV 2402.05218
cs.CV 2402.05294
cs.CV 2402.05373
cs.CV 2402.05391
cs.CV 2402.05400
cs.CV 2402.05422
cs.CV 2402.05443
cs.CV 2402.05554
cs.CV 2402.05558
cs.CV 2402.05568
cs.CV 2402.05582
cs.CV 2402.05602
cs.CV 2402.05627
cs.CV 2402.05642
cs.CV 2402.05644
cs.CV 2402.05713
cs.CV 2402.05741
cs.CV 2402.05779
cs.CV 2402.05817
cs.CV 2402.05823
cs.CV 2402.05930
cs.CV 2402.05158
cs.CV 2402.05195
cs.CV 2402.05235
cs.CV 2402.05248
cs.CV 2402.05281
cs.CV 2402.05301
cs.CV 2402.05305
cs.CV 2402.05310
cs.CV 2402.05349
cs.CV 2402.05350
cs.CV 2402.05374
cs.CV 2402.05375
cs.CV 2402.05382
cs.CV 2402.05394
cs.CV 2402.05398
cs.CV 2402.05408
cs.CV 2402.05410
cs.CV 2402.05417
cs.CV 2402.05423
cs.CV 2402.05441
cs.CV 2402.05448
cs.CV 2402.05472
cs.CV 2402.05532
cs.CV 2402.05548
cs.CV 2402.05557
cs.CV 2402.05589
cs.CV 2402.05593
cs.CV 2402.05608
cs.CV 2402.05610
cs.CV 2402.05615
cs.CV 2402.05637
cs.CV 2402.05655
cs.CV 2402.05685
cs.CV 2402.05712
cs.CV 2402.05728
cs.CV 2402.05746
cs.CV 2402.05747
cs.CV 2402.05773
cs.CV 2402.05797
cs.CV 2402.05803
cs.CV 2402.05804
cs.CV 2402.05809
cs.CV 2402.05860
cs.CV 2402.05861
cs.CV 2402.05869
cs.CV 2402.05889
cs.CV 2402.05892
cs.CV 2402.05902
cs.CV 2402.05917
cs.CV 2402.05919
cs.CV 2402.05935
cs.CV 2402.05937
cs.AR 2402.00069
cs.AR 2402.00386
cs.AR 2402.00395
cs.AR 2402.00496
cs.AR 2402.00533
cs.AR 2402.00629
cs.AR 2402.00649
cs.AR 2402.01047
cs.AR 2402.01226
cs.AR 2402.02301
cs.AR 2402.02384
cs.AR 2402.02576
cs.AR 2402.03109
cs.AR 2402.03289
cs.AR 2402.02930
cs.AR 2402.03149
cs.AR 2402.03247
cs.AR 2402.03534
cs.AR 2402.04079
cs.AR 2402.03533
cs.AR 2402.04032
cs.AR 2402.04744
cs.AR 2402.04431
cs.AI 2402.00874
cs.AI 2402.00876
cs.AI 2402.00881
cs.AI 2402.00888
cs.AI 2402.00891
cs.AI 2402.00892
cs.AI 2402.00893
cs.AI 2402.00896
cs.AI 2402.00899
cs.AI 2402.00904
cs.AI 2402.00910
cs.AI 2402.00912
cs.AI 2402.00913
cs.AI 2402.00918
cs.AI 2402.00944
cs.AI 2402.00957
cs.AI 2402.00969
cs.AI 2402.00976
cs.AI 2402.00978
cs.AI 2402.01002
cs.AI 2402.01018
cs.AI 2402.01020
cs.AI 2402.01030
cs.AI 2402.01032
cs.AI 2402.01053
cs.AI 2402.01065
cs.AI 2402.01077
cs.AI 2402.01095
cs.AI 2402.01096
cs.AI 2402.01103
cs.AI 2402.01107
cs.AI 2402.01111
cs.AI 2402.01114
cs.AI 2402.01134
cs.AI 2402.01140
cs.AI 2402.01143
cs.AI 2402.01145
cs.AI 2402.01162
cs.AI 2402.01166
cs.AI 2402.01169
cs.AI 2402.01195
cs.AI 2402.01201
cs.AI 2402.01204
cs.AI 2402.01207
cs.AI 2402.01208
cs.AI 2402.01219
cs.AI 2402.01227
cs.AI 2402.01238
cs.AI 2402.01239
cs.AI 2402.01240
cs.AI 2402.01241
cs.AI 2402.01259
cs.AI 2402.01261
cs.AI 2402.01267
cs.AI 2402.01295
cs.AI 2402.01298
cs.AI 2402.01306
cs.AI 2402.01327
cs.AI 2402.01335
cs.AI 2402.01345
cs.AI 2402.01348
cs.AI 2402.01349
cs.AI 2402.01352
cs.AI 2402.01353
cs.AI 2402.01355
cs.AI 2402.01376
cs.AI 2402.01399
cs.AI 2402.01401
cs.AI 2402.01408
cs.AI 2402.01410
cs.AI 2402.01415
cs.AI 2402.01416
cs.AI 2402.01439
cs.AI 2402.01440
cs.AI 2402.01444
cs.AI 2402.01446
cs.AI 2402.01454
cs.AI 2402.01467
cs.AI 2402.01476
cs.AI 2402.01481
cs.AI 2402.01515
cs.AI 2402.01521
cs.AI 2402.01535
cs.AI 2402.01536
cs.AI 2402.01537
cs.AI 2402.01546
cs.AI 2402.01566
cs.AI 2402.01580
cs.AI 2402.01586
cs.AI 2402.01591
cs.AI 2402.01613
cs.AI 2402.01614
cs.AI 2402.00901
cs.AI 2402.01118
cs.AI 2402.01276
cs.AI 2402.01292
cs.AI 2402.01499
cs.AI 2402.01602
cs.AI 2402.01607
cs.AI 2304.05057
cs.AI 2401.15018
cs.AI 2402.01643
cs.AI 2402.01647
cs.AI 2402.01651
cs.AI 2402.01652
cs.AI 2402.01654
cs.AI 2402.01655
cs.AI 2402.01656
cs.AI 2402.01659
cs.AI 2402.01662
cs.AI 2402.01668
cs.AI 2402.01669
cs.AI 2402.01672
cs.AI 2402.01673
cs.AI 2402.01676
cs.AI 2402.01679
cs.AI 2402.01680
cs.AI 2402.01681
cs.AI 2402.01684
cs.AI 2402.01685
cs.AI 2402.01686
cs.AI 2402.01688
cs.AI 2402.01691
cs.AI 2402.01693
cs.AI 2402.01694
cs.AI 2402.01695
cs.AI 2402.01698
cs.AI 2402.01700
cs.AI 2402.01702
cs.AI 2402.01703
cs.AI 2402.01704
cs.AI 2402.01705
cs.AI 2402.01708
cs.AI 2402.01711
cs.AI 2402.01712
cs.AI 2402.01713
cs.AI 2402.01714
cs.AI 2402.01715
cs.AI 2402.01717
cs.AI 2402.01720
cs.AI 2402.01721
cs.AI 2402.01722
cs.AI 2402.01723
cs.AI 2402.01725
cs.AI 2402.01726
cs.AI 2402.01727
cs.AI 2402.01728
cs.AI 2402.01729
cs.AI 2402.01730
cs.AI 2402.01732
cs.AI 2402.01733
cs.AI 2402.01735
cs.AI 2402.01736
cs.AI 2402.01737
cs.AI 2402.01739
cs.AI 2402.01740
cs.AI 2402.01741
cs.AI 2402.01742
cs.AI 2402.01743
cs.AI 2402.01744
cs.AI 2402.01746
cs.AI 2402.01748
cs.AI 2402.01749
cs.AI 2402.01750
cs.AI 2402.01751
cs.AI 2402.01752
cs.AI 2402.01758
cs.AI 2402.01759
cs.AI 2402.01760
cs.AI 2402.01761
cs.AI 2402.01762
cs.AI 2402.01763
cs.AI 2402.01765
cs.AI 2402.01766
cs.AI 2402.01767
cs.AI 2402.01769
cs.AI 2402.01770
cs.AI 2402.01771
cs.AI 2402.01772
cs.AI 2402.01777
cs.AI 2402.01781
cs.AI 2402.01782
cs.AI 2402.01783
cs.AI 2402.01785
cs.AI 2402.01787
cs.AI 2402.01788
cs.AI 2402.01789
cs.AI 2402.01790
cs.AI 2402.01791
cs.AI 2402.01799
cs.AI 2402.01801
cs.AI 2402.01802
cs.AI 2402.01804
cs.AI 2402.01805
cs.AI 2402.01806
cs.AI 2402.01812
cs.AI 2402.01821
cs.AI 2402.01822
cs.AI 2402.01825
cs.AI 2402.01826
cs.AI 2402.01828
cs.AI 2402.01830
cs.AI 2402.01832
cs.AI 2402.01841
cs.AI 2402.01858
cs.AI 2402.01862
cs.AI 2402.01863
cs.AI 2402.01864
cs.AI 2402.01874
cs.AI 2402.01877
cs.AI 2402.01881
cs.AI 2402.01886
cs.AI 2402.01909
cs.AI 2402.01920
cs.AI 2402.01922
cs.AI 2402.01928
cs.AI 2402.01955
cs.AI 2402.01968
cs.AI 2402.01981
cs.AI 2402.01987
cs.AI 2402.01994
cs.AI 2402.01999
cs.AI 2402.02008
cs.AI 2402.02023
cs.AI 2402.02025
cs.AI 2402.02026
cs.AI 2402.02029
cs.AI 2402.02042
cs.AI 2402.02043
cs.AI 2402.02054
cs.AI 2402.02055
cs.AI 2402.02056
cs.AI 2402.02066
cs.AI 2402.02079
cs.AI 2402.02085
cs.AI 2402.02094
cs.AI 2402.02097
cs.AI 2402.02099
cs.AI 2402.02101
cs.AI 2402.02110
cs.AI 2402.02135
cs.AI 2402.02150
cs.AI 2402.02167
cs.AI 2402.02168
cs.AI 2402.02181
cs.AI 2402.02184
cs.AI 2402.02186
cs.AI 2402.02188
cs.AI 2402.02218
cs.AI 2402.02230
cs.AI 2402.02246
cs.AI 2402.02258
cs.AI 2402.02262
cs.AI 2402.02263
cs.AI 2402.02268
cs.AI 2402.02274
cs.AI 2402.02285
cs.AI 2402.02286
cs.AI 2402.02287
cs.AI 2402.02314
cs.AI 2402.02334
cs.AI 2402.02339
cs.AI 2402.02342
cs.AI 2402.02345
cs.AI 2402.02362
cs.AI 2402.02364
cs.AI 2402.02367
cs.AI 2402.02380
cs.AI 2402.02381
cs.AI 2402.02388
cs.AI 2402.02399
cs.AI 2402.02416
cs.AI 2402.02423
cs.AI 2402.02439
cs.AI 2402.02441
cs.AI 2402.02464
cs.AI 2402.02478
cs.AI 2402.02479
cs.AI 2402.02498
cs.AI 2402.02500
cs.AI 2402.02513
cs.AI 2402.02515
cs.AI 2402.02516
cs.AI 2402.02519
cs.AI 2402.02522
cs.AI 2402.02544
cs.AI 2402.02548
cs.AI 2402.02552
cs.AI 2402.02563
cs.AI 2402.02592
cs.AI 2402.02600
cs.AI 2402.02623
cs.AI 2402.02624
cs.AI 2402.02625
cs.AI 2402.02643
cs.AI 2402.02648
cs.AI 2402.02651
cs.AI 2402.02675
cs.AI 2402.02680
cs.AI 2402.02681
cs.AI 2402.02687
cs.AI 2402.02695
cs.AI 2402.02696
cs.AI 2402.02698
cs.AI 2402.02701
cs.AI 2402.02705
cs.AI 2402.02713
cs.AI 2402.02718
cs.AI 2402.02732
cs.AI 2402.02733
cs.AI 2402.02764
cs.AI 2402.02768
cs.AI 2402.02769
cs.AI 2402.02781
cs.AI 2402.02791
cs.AI 2402.02801
cs.AI 2402.02803
cs.AI 2402.02823
cs.AI 2402.02826
cs.AI 2402.02844
cs.AI 2402.02896
cs.AI 2402.02904
cs.AI 2402.02910
cs.AI 2402.02921
cs.AI 2402.02977
cs.AI 2402.02992
cs.AI 2402.03009
cs.AI 2402.03014
cs.AI 2402.03017
cs.AI 2402.03038
cs.AI 2402.03040
cs.AI 2402.03049
cs.AI 2402.03067
cs.AI 2402.03072
cs.AI 2402.03081
cs.AI 2402.03099
cs.AI 2402.03110
cs.AI 2402.03112
cs.AI 2402.03119
cs.AI 2402.03130
cs.AI 2402.03138
cs.AI 2402.03141
cs.AI 2402.03172
cs.AI 2402.03173
cs.AI 2402.03175
cs.AI 2402.03176
cs.AI 2402.03183
cs.AI 2402.03190
cs.AI 2402.03204
cs.AI 2402.03214
cs.AI 2402.03216
cs.AI 2402.03227
cs.AI 2402.03246
cs.AI 2402.03247
cs.AI 2402.03251
cs.AI 2402.03268
cs.AI 2402.03271
cs.AI 2402.03282
cs.AI 2402.03284
cs.AI 2402.03286
cs.AI 2402.03289
cs.AI 2402.03290
cs.AI 2402.03293
cs.AI 2402.03295
cs.AI 2402.03300
cs.AI 2402.03303
cs.AI 2402.03305
cs.AI 2402.03311
cs.AI 2402.01677
cs.AI 2402.01786
cs.AI 2402.01817
cs.AI 2402.01889
cs.AI 2402.02033
cs.AI 2402.02053
cs.AI 2402.02146
cs.AI 2402.02164
cs.AI 2402.02330
cs.AI 2402.02392
cs.AI 2402.02468
cs.AI 2402.02547
cs.AI 2402.02611
cs.AI 2402.02658
cs.AI 2402.02716
cs.AI 2402.02805
cs.AI 2402.02885
cs.AI 2402.02978
cs.AI 2402.03136
cs.AI 2402.03164
cs.AI 2402.03181
cs.AI 2402.03310
cs.AI 2305.18593
cs.AI 2402.03316
cs.AI 2402.03319
cs.AI 2402.03327
cs.AI 2402.03328
cs.AI 2402.03329
cs.AI 2402.03337
cs.AI 2402.03347
cs.AI 2402.03348
cs.AI 2402.03349
cs.AI 2402.03355
cs.AI 2402.03357
cs.AI 2402.03358
cs.AI 2402.03362
cs.AI 2402.03366
cs.AI 2402.03368
cs.AI 2402.03370
cs.AI 2402.03379
cs.AI 2402.03384
cs.AI 2402.03386
cs.AI 2402.03390
cs.AI 2402.03396
cs.AI 2402.03435
cs.AI 2402.03469
cs.AI 2402.03471
cs.AI 2402.03479
cs.AI 2402.03480
cs.AI 2402.03483
cs.AI 2402.03486
cs.AI 2402.03500
cs.AI 2402.03501
cs.AI 2402.03509
cs.AI 2402.03519
cs.AI 2402.03525
cs.AI 2402.03535
cs.AI 2402.03559
cs.AI 2402.03561
cs.AI 2402.03563
cs.AI 2402.03570
cs.AI 2402.03578
cs.AI 2402.03583
cs.AI 2402.03588
cs.AI 2402.03590
cs.AI 2402.03610
cs.AI 2402.03616
cs.AI 2402.03621
cs.AI 2402.03627
cs.AI 2402.03630
cs.AI 2402.03647
cs.AI 2402.03660
cs.AI 2402.03661
cs.AI 2402.03663
cs.AI 2402.03667
cs.AI 2402.03675
cs.AI 2402.03681
cs.AI 2402.03686
cs.AI 2402.03688
cs.AI 2402.03694
cs.AI 2402.03700
cs.AI 2402.03706
cs.AI 2402.03715
cs.AI 2402.03719
cs.AI 2402.03720
cs.AI 2402.03741
cs.AI 2402.03750
cs.AI 2402.03766
cs.AI 2402.03774
cs.AI 2402.03776
cs.AI 2402.03780
cs.AI 2402.03781
cs.AI 2402.03782
cs.AI 2402.03784
cs.AI 2402.03792
cs.AI 2402.03796
cs.AI 2402.03804
cs.AI 2402.03807
cs.AI 2402.03843
cs.AI 2402.03848
cs.AI 2402.03855
cs.AI 2402.03877
cs.AI 2402.03885
cs.AI 2402.03898
cs.AI 2402.03907
cs.AI 2402.03921
cs.AI 2402.03927
cs.AI 2402.03941
cs.AI 2402.03948
cs.AI 2402.03951
cs.AI 2402.03970
cs.AI 2402.03972
cs.AI 2402.04009
cs.AI 2402.04028
cs.AI 2402.04032
cs.AI 2402.04046
cs.AI 2402.04049
cs.AI 2402.04050
cs.AI 2402.04059
cs.AI 2402.04062
cs.AI 2402.04064
cs.AI 2402.04081
cs.AI 2402.04082
cs.AI 2402.04087
cs.AI 2402.04088
cs.AI 2402.04102
cs.AI 2402.04103
cs.AI 2402.04108
cs.AI 2402.04141
cs.AI 2402.04173
cs.AI 2402.04209
cs.AI 2402.04228
cs.AI 2402.04247
cs.AI 2402.04249
cs.AI 2402.03375
cs.AI 2402.03388
cs.AI 2402.03494
cs.AI 2402.03507
cs.AI 2402.03539
cs.AI 2402.03575
cs.AI 2402.03607
cs.AI 2402.03618
cs.AI 2402.03620
cs.AI 2402.03640
cs.AI 2402.03678
cs.AI 2402.03728
cs.AI 2402.03732
cs.AI 2402.03755
cs.AI 2402.03822
cs.AI 2402.03824
cs.AI 2402.03962
cs.AI 2402.04140
cs.AI 2402.04154
cs.AI 2402.04203
cs.AI 2402.04210
cs.AI 2402.04232
cs.AI 2310.02505
cs.AI 2402.02452
cs.AI 2402.04267
cs.AI 2402.04268
cs.AI 2402.04275
cs.AI 2402.04286
cs.AI 2402.04290
cs.AI 2402.04291
cs.AI 2402.04292
cs.AI 2402.04325
cs.AI 2402.04333
cs.AI 2402.04335
cs.AI 2402.04355
cs.AI 2402.04376
cs.AI 2402.04390
cs.AI 2402.04396
cs.AI 2402.04398
cs.AI 2402.04400
cs.AI 2402.04409
cs.AI 2402.04412
cs.AI 2402.04420
cs.AI 2402.04421
cs.AI 2402.04435
cs.AI 2402.04466
cs.AI 2402.04476
cs.AI 2402.04477
cs.AI 2402.04494
cs.AI 2402.04515
cs.AI 2402.04520
cs.AI 2402.04527
cs.AI 2402.04536
cs.AI 2402.04539
cs.AI 2402.04563
cs.AI 2402.04567
cs.AI 2402.04580
cs.AI 2402.04596
cs.AI 2402.04599
cs.AI 2402.04601
cs.AI 2402.04615
cs.AI 2402.04616
cs.AI 2402.04617
cs.AI 2402.04644
cs.AI 2402.04660
cs.AI 2402.04676
cs.AI 2402.04678
cs.AI 2402.04699
cs.AI 2402.04763
cs.AI 2402.04779
cs.AI 2402.04788
cs.AI 2402.04836
cs.AI 2402.04838
cs.AI 2402.04869
cs.AI 2402.04880
cs.AI 2402.04882
cs.AI 2402.04885
cs.AI 2402.04888
cs.AI 2402.04918
cs.AI 2402.04929
cs.AI 2402.04955
cs.AI 2402.04967
cs.AI 2402.04975
cs.AI 2402.04978
cs.AI 2402.04979
cs.AI 2402.05007
cs.AI 2402.05008
cs.AI 2402.05027
cs.AI 2402.05044
cs.AI 2402.05106
cs.AI 2402.05111
cs.AI 2402.04338
cs.AI 2402.04370
cs.AI 2402.04382
cs.AI 2402.04464
cs.AI 2402.04559
cs.AI 2402.04578
cs.AI 2402.04597
cs.AI 2402.04627
cs.AI 2402.04792
cs.AI 2402.04832
cs.AI 2402.04856
cs.AI 2402.04858
cs.AI 2402.04870
cs.AI 2402.04874
cs.AI 2402.04892
cs.AI 2402.04898
cs.AI 2402.04938
cs.AI 2402.04971
cs.AI 2402.05048
cs.AI 2402.05070
cs.AI 2402.02987
cs.AI 2402.05115
cs.AI 2402.05119
cs.AI 2402.05120
cs.AI 2402.05125
cs.AI 2402.05127
cs.AI 2402.05128
cs.AI 2402.05130
cs.AI 2402.05133
cs.AI 2402.05140
cs.AI 2402.05142
cs.AI 2402.05144
cs.AI 2402.05146
cs.AI 2402.05148
cs.AI 2402.05149
cs.AI 2402.05151
cs.AI 2402.05154
cs.AI 2402.05156
cs.AI 2402.05158
cs.AI 2402.05160
cs.AI 2402.05162
cs.AI 2402.05164
cs.AI 2402.05188
cs.AI 2402.05200
cs.AI 2402.05201
cs.AI 2402.05224
cs.AI 2402.05232
cs.AI 2402.05252
cs.AI 2402.05271
cs.AI 2402.05290
cs.AI 2402.05293
cs.AI 2402.05294
cs.AI 2402.05295
cs.AI 2402.05296
cs.AI 2402.05301
cs.AI 2402.05306
cs.AI 2402.05322
cs.AI 2402.05355
cs.AI 2402.05370
cs.AI 2402.05374
cs.AI 2402.05378
cs.AI 2402.05396
cs.AI 2402.05399
cs.AI 2402.05403
cs.AI 2402.05421
cs.AI 2402.05428
cs.AI 2402.05435
cs.AI 2402.05448
cs.AI 2402.05457
cs.AI 2402.05484
cs.AI 2402.05493
cs.AI 2402.05512
cs.AI 2402.05515
cs.AI 2402.05519
cs.AI 2402.05521
cs.AI 2402.05525
cs.AI 2402.05541
cs.AI 2402.05546
cs.AI 2402.05547
cs.AI 2402.05558
cs.AI 2402.05563
cs.AI 2402.05569
cs.AI 2402.05575
cs.AI 2402.05584
cs.AI 2402.05591
cs.AI 2402.05593
cs.AI 2402.05602
cs.AI 2402.05610
cs.AI 2402.05616
cs.AI 2402.05624
cs.AI 2402.05627
cs.AI 2402.05636
cs.AI 2402.05643
cs.AI 2402.05650
cs.AI 2402.05660
cs.AI 2402.05663
cs.AI 2402.05668
cs.AI 2402.05680
cs.AI 2402.05699
cs.AI 2402.05703
cs.AI 2402.05712
cs.AI 2402.05713
cs.AI 2402.05724
cs.AI 2402.05741
cs.AI 2402.05747
cs.AI 2402.05749
cs.AI 2402.05774
cs.AI 2402.05782
cs.AI 2402.05785
cs.AI 2402.05794
cs.AI 2402.05804
cs.AI 2402.05809
cs.AI 2402.05813
cs.AI 2402.05823
cs.AI 2402.05828
cs.AI 2402.05830
cs.AI 2402.05862
cs.AI 2402.05868
cs.AI 2402.05880
cs.AI 2402.05889
cs.AI 2402.05902
cs.AI 2402.05906
cs.AI 2402.05932
cs.AI 2402.05933
cs.AI 2402.05935
cs.AI 2402.05121
cs.AI 2402.05135
cs.AI 2402.05138
cs.AI 2402.05307
cs.AI 2402.05346
cs.AI 2402.05359
cs.AI 2402.05391
cs.AI 2402.05467
cs.AI 2402.05605
cs.AI 2402.05786
cs.AI 2402.05808
cs.AI 2402.05829
cs.AI 2402.05863
cs.AI 2402.05894
cs.AI 2402.05929
cs.CR 2402.00888
cs.CR 2402.01019
cs.CR 2402.01096
cs.CR 2402.01114
cs.CR 2402.01144
cs.CR 2402.01220
cs.CR 2402.01296
cs.CR 2402.01340
cs.CR 2402.01359
cs.CR 2402.01369
cs.CR 2402.01445
cs.CR 2402.01546
cs.CR 2402.00890
cs.CR 2402.00891
cs.CR 2402.00896
cs.CR 2402.00898
cs.CR 2402.00906
cs.CR 2402.00913
cs.CR 2402.00920
cs.CR 2402.00922
cs.CR 2402.00954
cs.CR 2402.01007
cs.CR 2402.01012
cs.CR 2402.01082
cs.CR 2402.01154
cs.CR 2402.01219
cs.CR 2402.01223
cs.CR 2402.01240
cs.CR 2402.01363
cs.CR 2402.01552
cs.CR 2402.01649
cs.CR 2402.01663
cs.CR 2402.01857
cs.CR 2402.01923
cs.CR 2402.01994
cs.CR 2402.02540
cs.CR 2402.02675
cs.CR 2402.02871
cs.CR 2402.02885
cs.CR 2402.03095
cs.CR 2402.03171
cs.CR 2402.03202
cs.CR 2402.03270
cs.CR 2402.01807
cs.CR 2402.01852
cs.CR 2402.01894
cs.CR 2402.01944
cs.CR 2402.02034
cs.CR 2402.02089
cs.CR 2402.02093
cs.CR 2402.02160
cs.CR 2402.02227
cs.CR 2402.02240
cs.CR 2402.02299
cs.CR 2402.02320
cs.CR 2402.02333
cs.CR 2402.02452
cs.CR 2402.02455
cs.CR 2402.02600
cs.CR 2402.02607
cs.CR 2402.02630
cs.CR 2402.02635
cs.CR 2402.02739
cs.CR 2402.02877
cs.CR 2402.02886
cs.CR 2402.02950
cs.CR 2402.02953
cs.CR 2402.02987
cs.CR 2402.03060
cs.CR 2402.03114
cs.CR 2402.03124
cs.CR 2402.03147
cs.CR 2402.03196
cs.CR 2402.03199
cs.CR 2402.03396
cs.CR 2402.03576
cs.CR 2402.03582
cs.CR 2402.03591
cs.CR 2402.03599
cs.CR 2402.03629
cs.CR 2402.03705
cs.CR 2402.03737
cs.CR 2402.03741
cs.CR 2402.03769
cs.CR 2402.03990
cs.CR 2402.03373
cs.CR 2402.03449
cs.CR 2402.03555
cs.CR 2402.03562
cs.CR 2402.03569
cs.CR 2402.03612
cs.CR 2402.03633
cs.CR 2402.03688
cs.CR 2402.03704
cs.CR 2402.03834
cs.CR 2402.04102
cs.CR 2402.04166
cs.CR 2402.04173
cs.CR 2402.04235
cs.CR 2402.04325
cs.CR 2402.04375
cs.CR 2402.04409
cs.CR 2402.04469
cs.CR 2402.04489
cs.CR 2402.04770
cs.CR 2402.04897
cs.CR 2402.05012
cs.CR 2402.05044
cs.CR 2402.05059
cs.CR 2402.04367
cs.CR 2402.04594
cs.CR 2402.04660
cs.CR 2402.04881
cs.CR 2402.04912
cs.CR 2402.04943
cs.CR 2402.05042
cs.CR 2402.05212
cs.CR 2402.05378
cs.CR 2402.05417
cs.CR 2402.05453
cs.CR 2402.05467
cs.CR 2402.05493
cs.CR 2402.05521
cs.CR 2402.05525
cs.CR 2402.05723
cs.CR 2402.05864
cs.CR 2402.05868
cs.CR 2402.05159
cs.CR 2402.05332
cs.CR 2402.05498
cs.CR 2402.05526
cs.CR 2402.05668
cs.CR 2402.05737
cs.MA 2402.00972
cs.MA 2402.01088
cs.MA 2402.01111
cs.MA 2402.01294
cs.MA 2402.01302
cs.MA 2402.01546
cs.MA 2402.01586
cs.MA 2402.01446
cs.MA 2402.01680
cs.MA 2402.01905
cs.MA 2402.02468
cs.MA 2402.02896
cs.MA 2402.01961
cs.MA 2402.01968
cs.MA 2402.02097
cs.MA 2402.03048
cs.MA 2402.03342
cs.MA 2402.03590
cs.MA 2402.03653
cs.MA 2402.03669
cs.MA 2402.03928
cs.MA 2402.03578
cs.MA 2402.03972
cs.MA 2402.04417
cs.MA 2402.04451
cs.MA 2402.04578
cs.MA 2402.05027
cs.MA 2402.05029
cs.MA 2402.05529
cs.MA 2402.05575
cs.MA 2402.05705
cs.MA 2402.05739
cs.MA 2402.05757
cs.MA 2402.05782
cs.MA 2402.05876
cs.MA 2402.05884
cs.MA 2402.05906
cs.MA 2402.05918
cs.MA 2402.05619
cs.MA 2402.05703
cs.NI 2402.00890
cs.NI 2402.00920
cs.NI 2402.00870
cs.NI 2402.00871
cs.NI 2402.00872
cs.NI 2402.00874
cs.NI 2402.00875
cs.NI 2402.00876
cs.NI 2402.00877
cs.NI 2402.00878
cs.NI 2402.00879
cs.NI 2402.00881
cs.NI 2402.01180
cs.NI 2402.01259
cs.NI 2402.01330
cs.NI 2402.02093
cs.NI 2402.02146
cs.NI 2402.02234
cs.NI 2402.02254
cs.NI 2402.02668
cs.NI 2402.02721
cs.NI 2402.03158
cs.NI 2402.01664
cs.NI 2402.01665
cs.NI 2402.01675
cs.NI 2402.01748
cs.NI 2402.02252
cs.NI 2402.02338
cs.NI 2402.02350
cs.NI 2402.02381
cs.NI 2402.02795
cs.NI 2402.03041
cs.NI 2402.03390
cs.NI 2402.03517
cs.NI 2402.03646
cs.NI 2402.03702
cs.NI 2402.03465
cs.NI 2402.03694
cs.NI 2402.03760
cs.NI 2402.03881
cs.NI 2402.03922
cs.NI 2402.04216
cs.NI 2402.04469
cs.NI 2402.04386
cs.NI 2402.04447
cs.NI 2402.04454
cs.NI 2402.04515
cs.NI 2402.04818
cs.NI 2402.04896
cs.NI 2402.04901
cs.NI 2402.05332
cs.NI 2402.05226
cs.NI 2402.05255
cs.NI 2402.05259
cs.NI 2402.05270
cs.NI 2402.05312
cs.NI 2402.05319
cs.NI 2402.05390
cs.NI 2402.05402
cs.NI 2402.05587
cs.NI 2402.05611
cs.CL 2308.10974
cs.CL 2402.00891
cs.CL 2402.00898
cs.CL 2402.00913
cs.CL 2402.01032
cs.CL 2402.01093
cs.CL 2402.01109
cs.CL 2402.01118
cs.CL 2402.01135
cs.CL 2402.01293
cs.CL 2402.01345
cs.CL 2402.01391
cs.CL 2402.01528
cs.CL 2402.01577
cs.CL 2402.01579
cs.CL 2402.01591
cs.CL 2402.00888
cs.CL 2402.00956
cs.CL 2402.00969
cs.CL 2402.00978
cs.CL 2402.01018
cs.CL 2402.01019
cs.CL 2402.01025
cs.CL 2402.01030
cs.CL 2402.01035
cs.CL 2402.01051
cs.CL 2402.01053
cs.CL 2402.01065
cs.CL 2402.01091
cs.CL 2402.01097
cs.CL 2402.01108
cs.CL 2402.01115
cs.CL 2402.01117
cs.CL 2402.01152
cs.CL 2402.01155
cs.CL 2402.01158
cs.CL 2402.01172
cs.CL 2402.01173
cs.CL 2402.01176
cs.CL 2402.01182
cs.CL 2402.01267
cs.CL 2402.01300
cs.CL 2402.01349
cs.CL 2402.01352
cs.CL 2402.01360
cs.CL 2402.01364
cs.CL 2402.01375
cs.CL 2402.01376
cs.CL 2402.01383
cs.CL 2402.01404
cs.CL 2402.01416
cs.CL 2402.01423
cs.CL 2402.01427
cs.CL 2402.01453
cs.CL 2402.01469
cs.CL 2402.01495
cs.CL 2402.01505
cs.CL 2402.01510
cs.CL 2402.01512
cs.CL 2402.01513
cs.CL 2402.01521
cs.CL 2402.01535
cs.CL 2402.01582
cs.CL 2402.01586
cs.CL 2402.01592
cs.CL 2402.01613
cs.CL 2402.01618
cs.CL 2402.01619
cs.CL 2402.01620
cs.CL 2402.01622
cs.CL 2402.01629
cs.CL 2402.01677
cs.CL 2402.01682
cs.CL 2402.01683
cs.CL 2402.01705
cs.CL 2402.01716
cs.CL 2402.01720
cs.CL 2402.01748
cs.CL 2402.01752
cs.CL 2402.01758
cs.CL 2402.01763
cs.CL 2402.01775
cs.CL 2402.01786
cs.CL 2402.01789
cs.CL 2402.01796
cs.CL 2402.01799
cs.CL 2402.01801
cs.CL 2402.01829
cs.CL 2402.01841
cs.CL 2402.01858
cs.CL 2402.01865
cs.CL 2402.01867
cs.CL 2402.01912
cs.CL 2402.01916
cs.CL 2402.01920
cs.CL 2402.01931
cs.CL 2402.01963
cs.CL 2402.02037
cs.CL 2402.02057
cs.CL 2402.02302
cs.CL 2402.02314
cs.CL 2402.02369
cs.CL 2402.02392
cs.CL 2402.02447
cs.CL 2402.02513
cs.CL 2402.02611
cs.CL 2402.02625
cs.CL 2402.02632
cs.CL 2402.02643
cs.CL 2402.02658
cs.CL 2402.02764
cs.CL 2402.02781
cs.CL 2402.02805
cs.CL 2402.02987
cs.CL 2402.02992
cs.CL 2402.03038
cs.CL 2402.03050
cs.CL 2402.03161
cs.CL 2402.03191
cs.CL 2402.03244
cs.CL 2402.03268
cs.CL 2402.03269
cs.CL 2402.03299
cs.CL 2402.01641
cs.CL 2402.01642
cs.CL 2402.01643
cs.CL 2402.01661
cs.CL 2402.01676
cs.CL 2402.01679
cs.CL 2402.01680
cs.CL 2402.01681
cs.CL 2402.01684
cs.CL 2402.01685
cs.CL 2402.01690
cs.CL 2402.01692
cs.CL 2402.01693
cs.CL 2402.01694
cs.CL 2402.01695
cs.CL 2402.01696
cs.CL 2402.01697
cs.CL 2402.01698
cs.CL 2402.01700
cs.CL 2402.01702
cs.CL 2402.01704
cs.CL 2402.01706
cs.CL 2402.01708
cs.CL 2402.01712
cs.CL 2402.01713
cs.CL 2402.01714
cs.CL 2402.01715
cs.CL 2402.01717
cs.CL 2402.01719
cs.CL 2402.01722
cs.CL 2402.01723
cs.CL 2402.01724
cs.CL 2402.01725
cs.CL 2402.01726
cs.CL 2402.01728
cs.CL 2402.01729
cs.CL 2402.01730
cs.CL 2402.01733
cs.CL 2402.01734
cs.CL 2402.01735
cs.CL 2402.01736
cs.CL 2402.01737
cs.CL 2402.01738
cs.CL 2402.01739
cs.CL 2402.01740
cs.CL 2402.01741
cs.CL 2402.01742
cs.CL 2402.01750
cs.CL 2402.01751
cs.CL 2402.01759
cs.CL 2402.01761
cs.CL 2402.01765
cs.CL 2402.01766
cs.CL 2402.01767
cs.CL 2402.01769
cs.CL 2402.01771
cs.CL 2402.01772
cs.CL 2402.01777
cs.CL 2402.01781
cs.CL 2402.01783
cs.CL 2402.01788
cs.CL 2402.01805
cs.CL 2402.01806
cs.CL 2402.01812
cs.CL 2402.01822
cs.CL 2402.01825
cs.CL 2402.01826
cs.CL 2402.01828
cs.CL 2402.01830
cs.CL 2402.01874
cs.CL 2402.01878
cs.CL 2402.01917
cs.CL 2402.01935
cs.CL 2402.01939
cs.CL 2402.01945
cs.CL 2402.01967
cs.CL 2402.01976
cs.CL 2402.01980
cs.CL 2402.01981
cs.CL 2402.02008
cs.CL 2402.02030
cs.CL 2402.02056
cs.CL 2402.02077
cs.CL 2402.02078
cs.CL 2402.02080
cs.CL 2402.02082
cs.CL 2402.02084
cs.CL 2402.02099
cs.CL 2402.02101
cs.CL 2402.02113
cs.CL 2402.02130
cs.CL 2402.02135
cs.CL 2402.02144
cs.CL 2402.02145
cs.CL 2402.02175
cs.CL 2402.02212
cs.CL 2402.02243
cs.CL 2402.02244
cs.CL 2402.02255
cs.CL 2402.02262
cs.CL 2402.02285
cs.CL 2402.02289
cs.CL 2402.02315
cs.CL 2402.02379
cs.CL 2402.02380
cs.CL 2402.02388
cs.CL 2402.02389
cs.CL 2402.02408
cs.CL 2402.02416
cs.CL 2402.02420
cs.CL 2402.02449
cs.CL 2402.02515
cs.CL 2402.02516
cs.CL 2402.02522
cs.CL 2402.02541
cs.CL 2402.02548
cs.CL 2402.02549
cs.CL 2402.02558
cs.CL 2402.02559
cs.CL 2402.02563
cs.CL 2402.02564
cs.CL 2402.02572
cs.CL 2402.02591
cs.CL 2402.02617
cs.CL 2402.02622
cs.CL 2402.02633
cs.CL 2402.02636
cs.CL 2402.02639
cs.CL 2402.02648
cs.CL 2402.02655
cs.CL 2402.02656
cs.CL 2402.02680
cs.CL 2402.02695
cs.CL 2402.02750
cs.CL 2402.02782
cs.CL 2402.02791
cs.CL 2402.02801
cs.CL 2402.02807
cs.CL 2402.02837
cs.CL 2402.02844
cs.CL 2402.02864
cs.CL 2402.02872
cs.CL 2402.02883
cs.CL 2402.02896
cs.CL 2402.02915
cs.CL 2402.02926
cs.CL 2402.02975
cs.CL 2402.03009
cs.CL 2402.03043
cs.CL 2402.03049
cs.CL 2402.03053
cs.CL 2402.03067
cs.CL 2402.03099
cs.CL 2402.03131
cs.CL 2402.03137
cs.CL 2402.03163
cs.CL 2402.03171
cs.CL 2402.03172
cs.CL 2402.03173
cs.CL 2402.03177
cs.CL 2402.03190
cs.CL 2402.03216
cs.CL 2402.03221
cs.CL 2402.03223
cs.CL 2402.03242
cs.CL 2402.03271
cs.CL 2402.03284
cs.CL 2402.03300
cs.CL 2402.03303
cs.CL 2402.03327
cs.CL 2402.03362
cs.CL 2402.03366
cs.CL 2402.03369
cs.CL 2402.03370
cs.CL 2402.03396
cs.CL 2402.03407
cs.CL 2402.03469
cs.CL 2402.03471
cs.CL 2402.03484
cs.CL 2402.03485
cs.CL 2402.03501
cs.CL 2402.03507
cs.CL 2402.03561
cs.CL 2402.03563
cs.CL 2402.03607
cs.CL 2402.03610
cs.CL 2402.03618
cs.CL 2402.03620
cs.CL 2402.03659
cs.CL 2402.03710
cs.CL 2402.03715
cs.CL 2402.03720
cs.CL 2402.03728
cs.CL 2402.03732
cs.CL 2402.03757
cs.CL 2402.03774
cs.CL 2402.03822
cs.CL 2402.03916
cs.CL 2402.03962
cs.CL 2402.03988
cs.CL 2402.04068
cs.CL 2402.04105
cs.CL 2402.04161
cs.CL 2402.04232
cs.CL 2402.04236
cs.CL 2402.04247
cs.CL 2402.04249
cs.CL 2402.03339
cs.CL 2402.03435
cs.CL 2402.03477
cs.CL 2402.03483
cs.CL 2402.03509
cs.CL 2402.03519
cs.CL 2402.03597
cs.CL 2402.03616
cs.CL 2402.03627
cs.CL 2402.03628
cs.CL 2402.03642
cs.CL 2402.03658
cs.CL 2402.03667
cs.CL 2402.03686
cs.CL 2402.03719
cs.CL 2402.03744
cs.CL 2402.03776
cs.CL 2402.03780
cs.CL 2402.03782
cs.CL 2402.03832
cs.CL 2402.03848
cs.CL 2402.03870
cs.CL 2402.03877
cs.CL 2402.03887
cs.CL 2402.03898
cs.CL 2402.03900
cs.CL 2402.03927
cs.CL 2402.03957
cs.CL 2402.04023
cs.CL 2402.04028
cs.CL 2402.04049
cs.CL 2402.04075
cs.CL 2402.04088
cs.CL 2402.04110
cs.CL 2402.04160
cs.CL 2402.04177
cs.CL 2402.04222
cs.CL 2402.04251
cs.CL 2402.04253
cs.CL 2402.02619
cs.CL 2402.04268
cs.CL 2402.04291
cs.CL 2402.04347
cs.CL 2402.04373
cs.CL 2402.04396
cs.CL 2402.04476
cs.CL 2402.04492
cs.CL 2402.04497
cs.CL 2402.04513
cs.CL 2402.04523
cs.CL 2402.04559
cs.CL 2402.04627
cs.CL 2402.04792
cs.CL 2402.04854
cs.CL 2402.04858
cs.CL 2402.04875
cs.CL 2402.04889
cs.CL 2402.04902
cs.CL 2402.05070
cs.CL 2402.05106
cs.CL 2402.04315
cs.CL 2402.04333
cs.CL 2402.04335
cs.CL 2402.04401
cs.CL 2402.04411
cs.CL 2402.04437
cs.CL 2402.04442
cs.CL 2402.04477
cs.CL 2402.04505
cs.CL 2402.04542
cs.CL 2402.04588
cs.CL 2402.04601
cs.CL 2402.04609
cs.CL 2402.04614
cs.CL 2402.04616
cs.CL 2402.04617
cs.CL 2402.04624
cs.CL 2402.04631
cs.CL 2402.04636
cs.CL 2402.04677
cs.CL 2402.04678
cs.CL 2402.04779
cs.CL 2402.04787
cs.CL 2402.04788
cs.CL 2402.04812
cs.CL 2402.04824
cs.CL 2402.04833
cs.CL 2402.04838
cs.CL 2402.04914
cs.CL 2402.04918
cs.CL 2402.04957
cs.CL 2402.04967
cs.CL 2402.04978
cs.CL 2402.05000
cs.CL 2402.05034
cs.CL 2402.05044
cs.CL 2402.05111
cs.CL 2402.05121
cs.CL 2402.05122
cs.CL 2402.05135
cs.CL 2402.05138
cs.CL 2402.05140
cs.CL 2402.05147
cs.CL 2402.05162
cs.CL 2402.05188
cs.CL 2402.05195
cs.CL 2402.05200
cs.CL 2402.05294
cs.CL 2402.05318
cs.CL 2402.05359
cs.CL 2402.05369
cs.CL 2402.05374
cs.CL 2402.05406
cs.CL 2402.05445
cs.CL 2402.05467
cs.CL 2402.05536
cs.CL 2402.05668
cs.CL 2402.05779
cs.CL 2402.05785
cs.CL 2402.05808
cs.CL 2402.05819
cs.CL 2402.05863
cs.CL 2402.05889
cs.CL 2402.05926
cs.CL 2402.05932
cs.CL 2402.05935
cs.CL 2402.05116
cs.CL 2402.05119
cs.CL 2402.05120
cs.CL 2402.05123
cs.CL 2402.05125
cs.CL 2402.05126
cs.CL 2402.05127
cs.CL 2402.05128
cs.CL 2402.05129
cs.CL 2402.05130
cs.CL 2402.05131
cs.CL 2402.05132
cs.CL 2402.05133
cs.CL 2402.05136
cs.CL 2402.05201
cs.CL 2402.05224
cs.CL 2402.05282
cs.CL 2402.05376
cs.CL 2402.05403
cs.CL 2402.05435
cs.CL 2402.05440
cs.CL 2402.05455
cs.CL 2402.05457
cs.CL 2402.05512
cs.CL 2402.05515
cs.CL 2402.05545
cs.CL 2402.05547
cs.CL 2402.05571
cs.CL 2402.05581
cs.CL 2402.05584
cs.CL 2402.05591
cs.CL 2402.05602
cs.CL 2402.05616
cs.CL 2402.05617
cs.CL 2402.05624
cs.CL 2402.05629
cs.CL 2402.05672
cs.CL 2402.05699
cs.CL 2402.05706
cs.CL 2402.05733
cs.CL 2402.05755
cs.CL 2402.05783
cs.CL 2402.05794
cs.CL 2402.05812
cs.CL 2402.05813
cs.CL 2402.05827
cs.CL 2402.05864
cs.CL 2402.05868
cs.CL 2402.05880
cs.CL 2402.05904
cs.CL 2402.05913
cs.CL 2402.05930
cs.RO 2402.01074
cs.RO 2402.01103
cs.RO 2402.01105
cs.RO 2402.01446
cs.RO 2402.01062
cs.RO 2402.01086
cs.RO 2402.01106
cs.RO 2402.01116
cs.RO 2402.01122
cs.RO 2402.01181
cs.RO 2402.01183
cs.RO 2402.01246
cs.RO 2402.01254
cs.RO 2402.01303
cs.RO 2402.01366
cs.RO 2402.01370
cs.RO 2402.01397
cs.RO 2402.01443
cs.RO 2402.01465
cs.RO 2402.01477
cs.RO 2402.01485
cs.RO 2402.01488
cs.RO 2402.01494
cs.RO 2402.01507
cs.RO 2402.01575
cs.RO 2402.01576
cs.RO 2402.01617
cs.RO 2402.01647
cs.RO 2402.01874
cs.RO 2402.02020
cs.RO 2402.02297
cs.RO 2402.02423
cs.RO 2402.03246
cs.RO 2402.01913
cs.RO 2402.01918
cs.RO 2402.01959
cs.RO 2402.02092
cs.RO 2402.02192
cs.RO 2402.02200
cs.RO 2402.02219
cs.RO 2402.02232
cs.RO 2402.02308
cs.RO 2402.02319
cs.RO 2402.02337
cs.RO 2402.02385
cs.RO 2402.02387
cs.RO 2402.02405
cs.RO 2402.02426
cs.RO 2402.02457
cs.RO 2402.02499
cs.RO 2402.02500
cs.RO 2402.02511
cs.RO 2402.02519
cs.RO 2402.02533
cs.RO 2402.02551
cs.RO 2402.02566
cs.RO 2402.02570
cs.RO 2402.02598
cs.RO 2402.02603
cs.RO 2402.02612
cs.RO 2402.02624
cs.RO 2402.02708
cs.RO 2402.02758
cs.RO 2402.02833
cs.RO 2402.02904
cs.RO 2402.02980
cs.RO 2402.02989
cs.RO 2402.03081
cs.RO 2402.03125
cs.RO 2402.03135
cs.RO 2402.03156
cs.RO 2402.03466
cs.RO 2402.03494
cs.RO 2402.03678
cs.RO 2402.03762
cs.RO 2402.04168
cs.RO 2402.04182
cs.RO 2402.04210
cs.RO 2402.03337
cs.RO 2402.03342
cs.RO 2402.03376
cs.RO 2402.03602
cs.RO 2402.03617
cs.RO 2402.03636
cs.RO 2402.03681
cs.RO 2402.03691
cs.RO 2402.03699
cs.RO 2402.03703
cs.RO 2402.03706
cs.RO 2402.03721
cs.RO 2402.03803
cs.RO 2402.03840
cs.RO 2402.03860
cs.RO 2402.03893
cs.RO 2402.03947
cs.RO 2402.04045
cs.RO 2402.04061
cs.RO 2402.04070
cs.RO 2402.04180
cs.RO 2402.04206
cs.RO 2402.04228
cs.RO 2402.04555
cs.RO 2402.04820
cs.RO 2402.04953
cs.RO 2402.04318
cs.RO 2402.04354
cs.RO 2402.04374
cs.RO 2402.04418
cs.RO 2402.04451
cs.RO 2402.04517
cs.RO 2402.04518
cs.RO 2402.04535
cs.RO 2402.04536
cs.RO 2402.04546
cs.RO 2402.04580
cs.RO 2402.04581
cs.RO 2402.04720
cs.RO 2402.04730
cs.RO 2402.04750
cs.RO 2402.04763
cs.RO 2402.04768
cs.RO 2402.04769
cs.RO 2402.04797
cs.RO 2402.04862
cs.RO 2402.04894
cs.RO 2402.04909
cs.RO 2402.05003
cs.RO 2402.05037
cs.RO 2402.05066
cs.RO 2402.05090
cs.RO 2402.05146
cs.RO 2402.05206
cs.RO 2402.05346
cs.RO 2402.05421
cs.RO 2402.05546
cs.RO 2402.05619
cs.RO 2402.05655
cs.RO 2402.05662
cs.RO 2402.05663
cs.RO 2402.05703
cs.RO 2402.05929
cs.RO 2402.05115
cs.RO 2402.05188
cs.RO 2402.05197
cs.RO 2402.05236
cs.RO 2402.05254
cs.RO 2402.05371
cs.RO 2402.05399
cs.RO 2402.05502
cs.RO 2402.05540
cs.RO 2402.05551
cs.RO 2402.05644
cs.RO 2402.05725
cs.RO 2402.05741
cs.RO 2402.05840
cs.RO 2402.05853
cs.RO 2402.05872
cs.RO 2402.05932
cs.LG 2402.00878
cs.LG 2402.00879
cs.LG 2402.00891
cs.LG 2402.00892
cs.LG 2402.00896
cs.LG 2402.00897
cs.LG 2402.00898
cs.LG 2402.00906
cs.LG 2402.00920
cs.LG 2402.00926
cs.LG 2402.00943
cs.LG 2402.00949
cs.LG 2402.00994
cs.LG 2402.01000
cs.LG 2402.01036
cs.LG 2402.01050
cs.LG 2402.01052
cs.LG 2402.01054
cs.LG 2402.01062
cs.LG 2402.01067
cs.LG 2402.01082
cs.LG 2402.01089
cs.LG 2402.01090
cs.LG 2402.01092
cs.LG 2402.01108
cs.LG 2402.01116
cs.LG 2402.01138
cs.LG 2402.01139
cs.LG 2402.01148
cs.LG 2402.01173
cs.LG 2402.01240
cs.LG 2402.01258
cs.LG 2402.01259
cs.LG 2402.01274
cs.LG 2402.01275
cs.LG 2402.01282
cs.LG 2402.01287
cs.LG 2402.01338
cs.LG 2402.01345
cs.LG 2402.01353
cs.LG 2402.01364
cs.LG 2402.01376
cs.LG 2402.01382
cs.LG 2402.01393
cs.LG 2402.01400
cs.LG 2402.01410
cs.LG 2402.01412
cs.LG 2402.01413
cs.LG 2402.01416
cs.LG 2402.01424
cs.LG 2402.01434
cs.LG 2402.01441
cs.LG 2402.01460
cs.LG 2402.01493
cs.LG 2402.01502
cs.LG 2402.01509
cs.LG 2402.01520
cs.LG 2402.01524
cs.LG 2402.01537
cs.LG 2402.01542
cs.LG 2402.01571
cs.LG 2402.01586
cs.LG 2402.01598
cs.LG 2402.01607
cs.LG 2402.01617
cs.LG 2402.01629
cs.LG 2402.01635
cs.LG 2402.00893
cs.LG 2402.00899
cs.LG 2402.00904
cs.LG 2402.00907
cs.LG 2402.00910
cs.LG 2402.00912
cs.LG 2402.00955
cs.LG 2402.00957
cs.LG 2402.00965
cs.LG 2402.00972
cs.LG 2402.00976
cs.LG 2402.00987
cs.LG 2402.01032
cs.LG 2402.01045
cs.LG 2402.01047
cs.LG 2402.01055
cs.LG 2402.01057
cs.LG 2402.01058
cs.LG 2402.01070
cs.LG 2402.01071
cs.LG 2402.01076
cs.LG 2402.01077
cs.LG 2402.01093
cs.LG 2402.01095
cs.LG 2402.01096
cs.LG 2402.01098
cs.LG 2402.01103
cs.LG 2402.01105
cs.LG 2402.01107
cs.LG 2402.01109
cs.LG 2402.01111
cs.LG 2402.01114
cs.LG 2402.01140
cs.LG 2402.01143
cs.LG 2402.01146
cs.LG 2402.01147
cs.LG 2402.01160
cs.LG 2402.01195
cs.LG 2402.01201
cs.LG 2402.01203
cs.LG 2402.01204
cs.LG 2402.01206
cs.LG 2402.01207
cs.LG 2402.01208
cs.LG 2402.01226
cs.LG 2402.01231
cs.LG 2402.01238
cs.LG 2402.01242
cs.LG 2402.01252
cs.LG 2402.01261
cs.LG 2402.01262
cs.LG 2402.01263
cs.LG 2402.01264
cs.LG 2402.01293
cs.LG 2402.01295
cs.LG 2402.01296
cs.LG 2402.01297
cs.LG 2402.01302
cs.LG 2402.01306
cs.LG 2402.01327
cs.LG 2402.01340
cs.LG 2402.01341
cs.LG 2402.01342
cs.LG 2402.01343
cs.LG 2402.01344
cs.LG 2402.01348
cs.LG 2402.01350
cs.LG 2402.01359
cs.LG 2402.01361
cs.LG 2402.01369
cs.LG 2402.01371
cs.LG 2402.01379
cs.LG 2402.01399
cs.LG 2402.01401
cs.LG 2402.01408
cs.LG 2402.01415
cs.LG 2402.01431
cs.LG 2402.01439
cs.LG 2402.01440
cs.LG 2402.01444
cs.LG 2402.01450
cs.LG 2402.01454
cs.LG 2402.01476
cs.LG 2402.01481
cs.LG 2402.01484
cs.LG 2402.01514
cs.LG 2402.01515
cs.LG 2402.01528
cs.LG 2402.01543
cs.LG 2402.01546
cs.LG 2402.01567
cs.LG 2402.01608
cs.LG 2402.01614
cs.LG 2402.01621
cs.LG 2402.01632
cs.LG 2402.01642
cs.LG 2402.01643
cs.LG 2402.01647
cs.LG 2402.01648
cs.LG 2402.01652
cs.LG 2402.01655
cs.LG 2402.01658
cs.LG 2402.01663
cs.LG 2402.01665
cs.LG 2402.01669
cs.LG 2402.01672
cs.LG 2402.01684
cs.LG 2402.01687
cs.LG 2402.01690
cs.LG 2402.01692
cs.LG 2402.01694
cs.LG 2402.01695
cs.LG 2402.01696
cs.LG 2402.01703
cs.LG 2402.01705
cs.LG 2402.01706
cs.LG 2402.01710
cs.LG 2402.01712
cs.LG 2402.01713
cs.LG 2402.01714
cs.LG 2402.01716
cs.LG 2402.01719
cs.LG 2402.01720
cs.LG 2402.01724
cs.LG 2402.01734
cs.LG 2402.01739
cs.LG 2402.01742
cs.LG 2402.01744
cs.LG 2402.01746
cs.LG 2402.01748
cs.LG 2402.01749
cs.LG 2402.01752
cs.LG 2402.01753
cs.LG 2402.01759
cs.LG 2402.01761
cs.LG 2402.01763
cs.LG 2402.01766
cs.LG 2402.01767
cs.LG 2402.01771
cs.LG 2402.01772
cs.LG 2402.01778
cs.LG 2402.01779
cs.LG 2402.01781
cs.LG 2402.01782
cs.LG 2402.01783
cs.LG 2402.01786
cs.LG 2402.01787
cs.LG 2402.01791
cs.LG 2402.01795
cs.LG 2402.01796
cs.LG 2402.01809
cs.LG 2402.01810
cs.LG 2402.01812
cs.LG 2402.01817
cs.LG 2402.01824
cs.LG 2402.01829
cs.LG 2402.01830
cs.LG 2402.01831
cs.LG 2402.01832
cs.LG 2402.01855
cs.LG 2402.01874
cs.LG 2402.01876
cs.LG 2402.01877
cs.LG 2402.01878
cs.LG 2402.01887
cs.LG 2402.01889
cs.LG 2402.01900
cs.LG 2402.01916
cs.LG 2402.01930
cs.LG 2402.01968
cs.LG 2402.01972
cs.LG 2402.01981
cs.LG 2402.02029
cs.LG 2402.02034
cs.LG 2402.02041
cs.LG 2402.02047
cs.LG 2402.02097
cs.LG 2402.02098
cs.LG 2402.02099
cs.LG 2402.02103
cs.LG 2402.02111
cs.LG 2402.02121
cs.LG 2402.02149
cs.LG 2402.02152
cs.LG 2402.02154
cs.LG 2402.02162
cs.LG 2402.02167
cs.LG 2402.02171
cs.LG 2402.02182
cs.LG 2402.02190
cs.LG 2402.02196
cs.LG 2402.02198
cs.LG 2402.02208
cs.LG 2402.02242
cs.LG 2402.02244
cs.LG 2402.02245
cs.LG 2402.02246
cs.LG 2402.02255
cs.LG 2402.02274
cs.LG 2402.02285
cs.LG 2402.02286
cs.LG 2402.02290
cs.LG 2402.02297
cs.LG 2402.02299
cs.LG 2402.02304
cs.LG 2402.02320
cs.LG 2402.02333
cs.LG 2402.02338
cs.LG 2402.02339
cs.LG 2402.02340
cs.LG 2402.02346
cs.LG 2402.02350
cs.LG 2402.02356
cs.LG 2402.02359
cs.LG 2402.02377
cs.LG 2402.02382
cs.LG 2402.02388
cs.LG 2402.02392
cs.LG 2402.02408
cs.LG 2402.02416
cs.LG 2402.02418
cs.LG 2402.02426
cs.LG 2402.02430
cs.LG 2402.02431
cs.LG 2402.02433
cs.LG 2402.02444
cs.LG 2402.02449
cs.LG 2402.02459
cs.LG 2402.02468
cs.LG 2402.02499
cs.LG 2402.02500
cs.LG 2402.02506
cs.LG 2402.02511
cs.LG 2402.02514
cs.LG 2402.02515
cs.LG 2402.02516
cs.LG 2402.02519
cs.LG 2402.02522
cs.LG 2402.02544
cs.LG 2402.02545
cs.LG 2402.02549
cs.LG 2402.02551
cs.LG 2402.02552
cs.LG 2402.02554
cs.LG 2402.02558
cs.LG 2402.02563
cs.LG 2402.02569
cs.LG 2402.02570
cs.LG 2402.02578
cs.LG 2402.02583
cs.LG 2402.02588
cs.LG 2402.02600
cs.LG 2402.02611
cs.LG 2402.02622
cs.LG 2402.02624
cs.LG 2402.02626
cs.LG 2402.02633
cs.LG 2402.02634
cs.LG 2402.02636
cs.LG 2402.02643
cs.LG 2402.02658
cs.LG 2402.02662
cs.LG 2402.02672
cs.LG 2402.02680
cs.LG 2402.02686
cs.LG 2402.02694
cs.LG 2402.02695
cs.LG 2402.02699
cs.LG 2402.02716
cs.LG 2402.02724
cs.LG 2402.02729
cs.LG 2402.02733
cs.LG 2402.02736
cs.LG 2402.02738
cs.LG 2402.02739
cs.LG 2402.02750
cs.LG 2402.02754
cs.LG 2402.02768
cs.LG 2402.02774
cs.LG 2402.02781
cs.LG 2402.02791
cs.LG 2402.02795
cs.LG 2402.02797
cs.LG 2402.02801
cs.LG 2402.02803
cs.LG 2402.02805
cs.LG 2402.02816
cs.LG 2402.02817
cs.LG 2402.02826
cs.LG 2402.02842
cs.LG 2402.02846
cs.LG 2402.02850
cs.LG 2402.02851
cs.LG 2402.02855
cs.LG 2402.02857
cs.LG 2402.02862
cs.LG 2402.02865
cs.LG 2402.02866
cs.LG 2402.02872
cs.LG 2402.02880
cs.LG 2402.02883
cs.LG 2402.02887
cs.LG 2402.02889
cs.LG 2402.02904
cs.LG 2402.02906
cs.LG 2402.02909
cs.LG 2402.02921
cs.LG 2402.02926
cs.LG 2402.02928
cs.LG 2402.02930
cs.LG 2402.02932
cs.LG 2402.02936
cs.LG 2402.02938
cs.LG 2402.02941
cs.LG 2402.02946
cs.LG 2402.02952
cs.LG 2402.02953
cs.LG 2402.02954
cs.LG 2402.02956
cs.LG 2402.02957
cs.LG 2402.02963
cs.LG 2402.02968
cs.LG 2402.02969
cs.LG 2402.02972
cs.LG 2402.02980
cs.LG 2402.02985
cs.LG 2402.02989
cs.LG 2402.03008
cs.LG 2402.03019
cs.LG 2402.03025
cs.LG 2402.03028
cs.LG 2402.03040
cs.LG 2402.03043
cs.LG 2402.03047
cs.LG 2402.03048
cs.LG 2402.03049
cs.LG 2402.03053
cs.LG 2402.03072
cs.LG 2402.03077
cs.LG 2402.03081
cs.LG 2402.03082
cs.LG 2402.03086
cs.LG 2402.03094
cs.LG 2402.03095
cs.LG 2402.03099
cs.LG 2402.03104
cs.LG 2402.03116
cs.LG 2402.03119
cs.LG 2402.03124
cs.LG 2402.03131
cs.LG 2402.03137
cs.LG 2402.03145
cs.LG 2402.03149
cs.LG 2402.03153
cs.LG 2402.03156
cs.LG 2402.03167
cs.LG 2402.03169
cs.LG 2402.03171
cs.LG 2402.03174
cs.LG 2402.03176
cs.LG 2402.03177
cs.LG 2402.03179
cs.LG 2402.03183
cs.LG 2402.03190
cs.LG 2402.03204
cs.LG 2402.03214
cs.LG 2402.03216
cs.LG 2402.03220
cs.LG 2402.03227
cs.LG 2402.03230
cs.LG 2402.03231
cs.LG 2402.03235
cs.LG 2402.03241
cs.LG 2402.03251
cs.LG 2402.03254
cs.LG 2402.03269
cs.LG 2402.03271
cs.LG 2402.03284
cs.LG 2402.03286
cs.LG 2402.03290
cs.LG 2402.03300
cs.LG 2402.03302
cs.LG 2402.03303
cs.LG 2402.03309
cs.LG 2402.03311
cs.LG 2402.03312
cs.LG 2402.01768
cs.LG 2402.01785
cs.LG 2402.01790
cs.LG 2402.01797
cs.LG 2402.01798
cs.LG 2402.01799
cs.LG 2402.01801
cs.LG 2402.01802
cs.LG 2402.01811
cs.LG 2402.01821
cs.LG 2402.01845
cs.LG 2402.01849
cs.LG 2402.01857
cs.LG 2402.01858
cs.LG 2402.01862
cs.LG 2402.01863
cs.LG 2402.01865
cs.LG 2402.01867
cs.LG 2402.01868
cs.LG 2402.01869
cs.LG 2402.01879
cs.LG 2402.01881
cs.LG 2402.01886
cs.LG 2402.01902
cs.LG 2402.01909
cs.LG 2402.01911
cs.LG 2402.01920
cs.LG 2402.01922
cs.LG 2402.01928
cs.LG 2402.01929
cs.LG 2402.01931
cs.LG 2402.01943
cs.LG 2402.01955
cs.LG 2402.01960
cs.LG 2402.01963
cs.LG 2402.01964
cs.LG 2402.01965
cs.LG 2402.01969
cs.LG 2402.01975
cs.LG 2402.01987
cs.LG 2402.01995
cs.LG 2402.01999
cs.LG 2402.02000
cs.LG 2402.02005
cs.LG 2402.02006
cs.LG 2402.02007
cs.LG 2402.02009
cs.LG 2402.02010
cs.LG 2402.02017
cs.LG 2402.02018
cs.LG 2402.02021
cs.LG 2402.02023
cs.LG 2402.02025
cs.LG 2402.02028
cs.LG 2402.02031
cs.LG 2402.02032
cs.LG 2402.02036
cs.LG 2402.02042
cs.LG 2402.02043
cs.LG 2402.02044
cs.LG 2402.02051
cs.LG 2402.02052
cs.LG 2402.02054
cs.LG 2402.02055
cs.LG 2402.02057
cs.LG 2402.02065
cs.LG 2402.02081
cs.LG 2402.02095
cs.LG 2402.02104
cs.LG 2402.02110
cs.LG 2402.02114
cs.LG 2402.02124
cs.LG 2402.02139
cs.LG 2402.02165
cs.LG 2402.02168
cs.LG 2402.02186
cs.LG 2402.02207
cs.LG 2402.02211
cs.LG 2402.02216
cs.LG 2402.02225
cs.LG 2402.02229
cs.LG 2402.02230
cs.LG 2402.02239
cs.LG 2402.02249
cs.LG 2402.02254
cs.LG 2402.02258
cs.LG 2402.02263
cs.LG 2402.02268
cs.LG 2402.02275
cs.LG 2402.02277
cs.LG 2402.02287
cs.LG 2402.02309
cs.LG 2402.02314
cs.LG 2402.02316
cs.LG 2402.02317
cs.LG 2402.02318
cs.LG 2402.02321
cs.LG 2402.02322
cs.LG 2402.02325
cs.LG 2402.02328
cs.LG 2402.02332
cs.LG 2402.02334
cs.LG 2402.02342
cs.LG 2402.02345
cs.LG 2402.02347
cs.LG 2402.02354
cs.LG 2402.02355
cs.LG 2402.02357
cs.LG 2402.02361
cs.LG 2402.02362
cs.LG 2402.02364
cs.LG 2402.02366
cs.LG 2402.02368
cs.LG 2402.02370
cs.LG 2402.02399
cs.LG 2402.02407
cs.LG 2402.02423
cs.LG 2402.02425
cs.LG 2402.02429
cs.LG 2402.02438
cs.LG 2402.02439
cs.LG 2402.02441
cs.LG 2402.02442
cs.LG 2402.02446
cs.LG 2402.02447
cs.LG 2402.02454
cs.LG 2402.02456
cs.LG 2402.02460
cs.LG 2402.02463
cs.LG 2402.02464
cs.LG 2402.02475
cs.LG 2402.02478
cs.LG 2402.02479
cs.LG 2402.02484
cs.LG 2402.02513
cs.LG 2402.02518
cs.LG 2402.02526
cs.LG 2402.02561
cs.LG 2402.02586
cs.LG 2402.02592
cs.LG 2402.02593
cs.LG 2402.02596
cs.LG 2402.02608
cs.LG 2402.02619
cs.LG 2402.02625
cs.LG 2402.02627
cs.LG 2402.02629
cs.LG 2402.02631
cs.LG 2402.02637
cs.LG 2402.02644
cs.LG 2402.02651
cs.LG 2402.02653
cs.LG 2402.02663
cs.LG 2402.02665
cs.LG 2402.02675
cs.LG 2402.02678
cs.LG 2402.02681
cs.LG 2402.02687
cs.LG 2402.02692
cs.LG 2402.02696
cs.LG 2402.02697
cs.LG 2402.02698
cs.LG 2402.02700
cs.LG 2402.02701
cs.LG 2402.02705
cs.LG 2402.02711
cs.LG 2402.02713
cs.LG 2402.02720
cs.LG 2402.02725
cs.LG 2402.02732
cs.LG 2402.02741
cs.LG 2402.02746
cs.LG 2402.02769
cs.LG 2402.02772
cs.LG 2402.02790
cs.LG 2402.02812
cs.LG 2402.02820
cs.LG 2402.02823
cs.LG 2402.02827
cs.LG 2402.02834
cs.LG 2402.02858
cs.LG 2402.02868
cs.LG 2402.02870
cs.LG 2402.02890
cs.LG 2402.02910
cs.LG 2402.02933
cs.LG 2402.02949
cs.LG 2402.02951
cs.LG 2402.02964
cs.LG 2402.02976
cs.LG 2402.02977
cs.LG 2402.02986
cs.LG 2402.02992
cs.LG 2402.02996
cs.LG 2402.02998
cs.LG 2402.03006
cs.LG 2402.03011
cs.LG 2402.03014
cs.LG 2402.03017
cs.LG 2402.03021
cs.LG 2402.03038
cs.LG 2402.03046
cs.LG 2402.03055
cs.LG 2402.03110
cs.LG 2402.03112
cs.LG 2402.03115
cs.LG 2402.03126
cs.LG 2402.03138
cs.LG 2402.03139
cs.LG 2402.03141
cs.LG 2402.03142
cs.LG 2402.03146
cs.LG 2402.03158
cs.LG 2402.03170
cs.LG 2402.03175
cs.LG 2402.03182
cs.LG 2402.03187
cs.LG 2402.03191
cs.LG 2402.03201
cs.LG 2402.03207
cs.LG 2402.03226
cs.LG 2402.03232
cs.LG 2402.03243
cs.LG 2402.03244
cs.LG 2402.03252
cs.LG 2402.03256
cs.LG 2402.03264
cs.LG 2402.03268
cs.LG 2402.03270
cs.LG 2402.03282
cs.LG 2402.03287
cs.LG 2402.03289
cs.LG 2402.03292
cs.LG 2402.03293
cs.LG 2402.03295
cs.LG 2402.03299
cs.LG 2402.03305
cs.LG 2402.03317
cs.LG 2402.03325
cs.LG 2402.03326
cs.LG 2402.03332
cs.LG 2402.03337
cs.LG 2402.03338
cs.LG 2402.03342
cs.LG 2402.03345
cs.LG 2402.03349
cs.LG 2402.03352
cs.LG 2402.03353
cs.LG 2402.03357
cs.LG 2402.03358
cs.LG 2402.03363
cs.LG 2402.03365
cs.LG 2402.03366
cs.LG 2402.03367
cs.LG 2402.03369
cs.LG 2402.03379
cs.LG 2402.03384
cs.LG 2402.03385
cs.LG 2402.03387
cs.LG 2402.03388
cs.LG 2402.03396
cs.LG 2402.03398
cs.LG 2402.03407
cs.LG 2402.03414
cs.LG 2402.03445
cs.LG 2402.03447
cs.LG 2402.03460
cs.LG 2402.03474
cs.LG 2402.03476
cs.LG 2402.03481
cs.LG 2402.03485
cs.LG 2402.03500
cs.LG 2402.03507
cs.LG 2402.03509
cs.LG 2402.03527
cs.LG 2402.03534
cs.LG 2402.03583
cs.LG 2402.03597
cs.LG 2402.03642
cs.LG 2402.03648
cs.LG 2402.03651
cs.LG 2402.03675
cs.LG 2402.03678
cs.LG 2402.03681
cs.LG 2402.03688
cs.LG 2402.03714
cs.LG 2402.03724
cs.LG 2402.03728
cs.LG 2402.03732
cs.LG 2402.03736
cs.LG 2402.03740
cs.LG 2402.03752
cs.LG 2402.03757
cs.LG 2402.03761
cs.LG 2402.03779
cs.LG 2402.03780
cs.LG 2402.03781
cs.LG 2402.03796
cs.LG 2402.03806
cs.LG 2402.03808
cs.LG 2402.03813
cs.LG 2402.03819
cs.LG 2402.03822
cs.LG 2402.03838
cs.LG 2402.03871
cs.LG 2402.03883
cs.LG 2402.03893
cs.LG 2402.03898
cs.LG 2402.03901
cs.LG 2402.03917
cs.LG 2402.03931
cs.LG 2402.03973
cs.LG 2402.03982
cs.LG 2402.03990
cs.LG 2402.04012
cs.LG 2402.04022
cs.LG 2402.04028
cs.LG 2402.04031
cs.LG 2402.04038
cs.LG 2402.04046
cs.LG 2402.04061
cs.LG 2402.04087
cs.LG 2402.04088
cs.LG 2402.04114
cs.LG 2402.04146
cs.LG 2402.04154
cs.LG 2402.04177
cs.LG 2402.04216
cs.LG 2402.04247
cs.LG 2402.03386
cs.LG 2402.03448
cs.LG 2402.03457
cs.LG 2402.03467
cs.LG 2402.03468
cs.LG 2402.03469
cs.LG 2402.03471
cs.LG 2402.03478
cs.LG 2402.03479
cs.LG 2402.03480
cs.LG 2402.03486
cs.LG 2402.03495
cs.LG 2402.03496
cs.LG 2402.03502
cs.LG 2402.03525
cs.LG 2402.03531
cs.LG 2402.03540
cs.LG 2402.03541
cs.LG 2402.03545
cs.LG 2402.03548
cs.LG 2402.03558
cs.LG 2402.03559
cs.LG 2402.03563
cs.LG 2402.03564
cs.LG 2402.03570
cs.LG 2402.03576
cs.LG 2402.03577
cs.LG 2402.03579
cs.LG 2402.03587
cs.LG 2402.03588
cs.LG 2402.03589
cs.LG 2402.03590
cs.LG 2402.03610
cs.LG 2402.03614
cs.LG 2402.03621
cs.LG 2402.03625
cs.LG 2402.03629
cs.LG 2402.03646
cs.LG 2402.03647
cs.LG 2402.03655
cs.LG 2402.03659
cs.LG 2402.03660
cs.LG 2402.03661
cs.LG 2402.03663
cs.LG 2402.03664
cs.LG 2402.03687
cs.LG 2402.03698
cs.LG 2402.03701
cs.LG 2402.03715
cs.LG 2402.03720
cs.LG 2402.03726
cs.LG 2402.03737
cs.LG 2402.03741
cs.LG 2402.03747
cs.LG 2402.03750
cs.LG 2402.03753
cs.LG 2402.03770
cs.LG 2402.03771
cs.LG 2402.03774
cs.LG 2402.03784
cs.LG 2402.03785
cs.LG 2402.03792
cs.LG 2402.03804
cs.LG 2402.03807
cs.LG 2402.03814
cs.LG 2402.03815
cs.LG 2402.03818
cs.LG 2402.03828
cs.LG 2402.03845
cs.LG 2402.03846
cs.LG 2402.03855
cs.LG 2402.03864
cs.LG 2402.03885
cs.LG 2402.03902
cs.LG 2402.03903
cs.LG 2402.03905
cs.LG 2402.03915
cs.LG 2402.03921
cs.LG 2402.03923
cs.LG 2402.03941
cs.LG 2402.03966
cs.LG 2402.03969
cs.LG 2402.03970
cs.LG 2402.03979
cs.LG 2402.03985
cs.LG 2402.03991
cs.LG 2402.03992
cs.LG 2402.03994
cs.LG 2402.04004
cs.LG 2402.04005
cs.LG 2402.04010
cs.LG 2402.04019
cs.LG 2402.04029
cs.LG 2402.04030
cs.LG 2402.04033
cs.LG 2402.04050
cs.LG 2402.04051
cs.LG 2402.04054
cs.LG 2402.04059
cs.LG 2402.04062
cs.LG 2402.04068
cs.LG 2402.04080
cs.LG 2402.04081
cs.LG 2402.04082
cs.LG 2402.04084
cs.LG 2402.04103
cs.LG 2402.04108
cs.LG 2402.04119
cs.LG 2402.04129
cs.LG 2402.04161
cs.LG 2402.04163
cs.LG 2402.04168
cs.LG 2402.04182
cs.LG 2402.04193
cs.LG 2402.04209
cs.LG 2402.04211
cs.LG 2402.04229
cs.LG 2402.04239
cs.LG 2402.04248
cs.LG 2402.04249
cs.LG 2402.04254
cs.LG 2402.04273
cs.LG 2402.04274
cs.LG 2402.04278
cs.LG 2402.04286
cs.LG 2402.04301
cs.LG 2402.04326
cs.LG 2402.04333
cs.LG 2402.04335
cs.LG 2402.04355
cs.LG 2402.04403
cs.LG 2402.04411
cs.LG 2402.04416
cs.LG 2402.04419
cs.LG 2402.04436
cs.LG 2402.04437
cs.LG 2402.04446
cs.LG 2402.04453
cs.LG 2402.04466
cs.LG 2402.04493
cs.LG 2402.04498
cs.LG 2402.04516
cs.LG 2402.04536
cs.LG 2402.04550
cs.LG 2402.04557
cs.LG 2402.04580
cs.LG 2402.04599
cs.LG 2402.04613
cs.LG 2402.04616
cs.LG 2402.04617
cs.LG 2402.04620
cs.LG 2402.04660
cs.LG 2402.04678
cs.LG 2402.04691
cs.LG 2402.04692
cs.LG 2402.04699
cs.LG 2402.04713
cs.LG 2402.04740
cs.LG 2402.04754
cs.LG 2402.04762
cs.LG 2402.04777
cs.LG 2402.04785
cs.LG 2402.04825
cs.LG 2402.04835
cs.LG 2402.04845
cs.LG 2402.04854
cs.LG 2402.04856
cs.LG 2402.04858
cs.LG 2402.04866
cs.LG 2402.04870
cs.LG 2402.04874
cs.LG 2402.04880
cs.LG 2402.04882
cs.LG 2402.04885
cs.LG 2402.04888
cs.LG 2402.04892
cs.LG 2402.04894
cs.LG 2402.04896
cs.LG 2402.04898
cs.LG 2402.04907
cs.LG 2402.04912
cs.LG 2402.04922
cs.LG 2402.04925
cs.LG 2402.04929
cs.LG 2402.04930
cs.LG 2402.04980
cs.LG 2402.04997
cs.LG 2402.05008
cs.LG 2402.05044
cs.LG 2402.05067
cs.LG 2402.05071
cs.LG 2402.05101
cs.LG 2402.04284
cs.LG 2402.04290
cs.LG 2402.04291
cs.LG 2402.04292
cs.LG 2402.04296
cs.LG 2402.04298
cs.LG 2402.04325
cs.LG 2402.04344
cs.LG 2402.04347
cs.LG 2402.04359
cs.LG 2402.04362
cs.LG 2402.04375
cs.LG 2402.04376
cs.LG 2402.04377
cs.LG 2402.04379
cs.LG 2402.04383
cs.LG 2402.04384
cs.LG 2402.04390
cs.LG 2402.04396
cs.LG 2402.04398
cs.LG 2402.04400
cs.LG 2402.04409
cs.LG 2402.04412
cs.LG 2402.04417
cs.LG 2402.04435
cs.LG 2402.04440
cs.LG 2402.04467
cs.LG 2402.04469
cs.LG 2402.04485
cs.LG 2402.04489
cs.LG 2402.04494
cs.LG 2402.04497
cs.LG 2402.04513
cs.LG 2402.04520
cs.LG 2402.04523
cs.LG 2402.04538
cs.LG 2402.04539
cs.LG 2402.04553
cs.LG 2402.04567
cs.LG 2402.04579
cs.LG 2402.04596
cs.LG 2402.04621
cs.LG 2402.04640
cs.LG 2402.04644
cs.LG 2402.04646
cs.LG 2402.04647
cs.LG 2402.04653
cs.LG 2402.04655
cs.LG 2402.04668
cs.LG 2402.04676
cs.LG 2402.04710
cs.LG 2402.04732
cs.LG 2402.04744
cs.LG 2402.04764
cs.LG 2402.04783
cs.LG 2402.04794
cs.LG 2402.04814
cs.LG 2402.04821
cs.LG 2402.04823
cs.LG 2402.04830
cs.LG 2402.04836
cs.LG 2402.04852
cs.LG 2402.04869
cs.LG 2402.04875
cs.LG 2402.04902
cs.LG 2402.04906
cs.LG 2402.04915
cs.LG 2402.04924
cs.LG 2402.04933
cs.LG 2402.04982
cs.LG 2402.04987
cs.LG 2402.05002
cs.LG 2402.05007
cs.LG 2402.05011
cs.LG 2402.05013
cs.LG 2402.05015
cs.LG 2402.05025
cs.LG 2402.05033
cs.LG 2402.05039
cs.LG 2402.05050
cs.LG 2402.05052
cs.LG 2402.05073
cs.LG 2402.05098
cs.LG 2402.05099
cs.LG 2402.05109
cs.LG 2402.05110
cs.LG 2402.02987
cs.LG 2402.05114
cs.LG 2402.05115
cs.LG 2402.05120
cs.LG 2402.05126
cs.LG 2402.05127
cs.LG 2402.05133
cs.LG 2402.05137
cs.LG 2402.05141
cs.LG 2402.05144
cs.LG 2402.05155
cs.LG 2402.05158
cs.LG 2402.05160
cs.LG 2402.05176
cs.LG 2402.05187
cs.LG 2402.05193
cs.LG 2402.05200
cs.LG 2402.05210
cs.LG 2402.05218
cs.LG 2402.05220
cs.LG 2402.05224
cs.LG 2402.05271
cs.LG 2402.05301
cs.LG 2402.05307
cs.LG 2402.05318
cs.LG 2402.05330
cs.LG 2402.05346
cs.LG 2402.05359
cs.LG 2402.05372
cs.LG 2402.05378
cs.LG 2402.05382
cs.LG 2402.05391
cs.LG 2402.05417
cs.LG 2402.05435
cs.LG 2402.05448
cs.LG 2402.05482
cs.LG 2402.05501
cs.LG 2402.05526
cs.LG 2402.05543
cs.LG 2402.05552
cs.LG 2402.05571
cs.LG 2402.05602
cs.LG 2402.05605
cs.LG 2402.05616
cs.LG 2402.05639
cs.LG 2402.05645
cs.LG 2402.05668
cs.LG 2402.05674
cs.LG 2402.05696
cs.LG 2402.05703
cs.LG 2402.05715
cs.LG 2402.05718
cs.LG 2402.05719
cs.LG 2402.05741
cs.LG 2402.05787
cs.LG 2402.05808
cs.LG 2402.05817
cs.LG 2402.05819
cs.LG 2402.05841
cs.LG 2402.05856
cs.LG 2402.05864
cs.LG 2402.05868
cs.LG 2402.05878
cs.LG 2402.05894
cs.LG 2402.05913
cs.LG 2402.05929
cs.LG 2402.05930
cs.LG 2402.05935
cs.LG 2402.05140
cs.LG 2402.05145
cs.LG 2402.05146
cs.LG 2402.05147
cs.LG 2402.05149
cs.LG 2402.05150
cs.LG 2402.05151
cs.LG 2402.05153
cs.LG 2402.05162
cs.LG 2402.05164
cs.LG 2402.05173
cs.LG 2402.05203
cs.LG 2402.05232
cs.LG 2402.05234
cs.LG 2402.05252
cs.LG 2402.05264
cs.LG 2402.05274
cs.LG 2402.05275
cs.LG 2402.05279
cs.LG 2402.05280
cs.LG 2402.05284
cs.LG 2402.05290
cs.LG 2402.05291
cs.LG 2402.05293
cs.LG 2402.05294
cs.LG 2402.05295
cs.LG 2402.05296
cs.LG 2402.05306
cs.LG 2402.05309
cs.LG 2402.05322
cs.LG 2402.05353
cs.LG 2402.05356
cs.LG 2402.05367
cs.LG 2402.05369
cs.LG 2402.05370
cs.LG 2402.05379
cs.LG 2402.05396
cs.LG 2402.05400
cs.LG 2402.05401
cs.LG 2402.05406
cs.LG 2402.05407
cs.LG 2402.05421
cs.LG 2402.05424
cs.LG 2402.05427
cs.LG 2402.05428
cs.LG 2402.05439
cs.LG 2402.05443
cs.LG 2402.05445
cs.LG 2402.05453
cs.LG 2402.05468
cs.LG 2402.05476
cs.LG 2402.05491
cs.LG 2402.05495
cs.LG 2402.05521
cs.LG 2402.05525
cs.LG 2402.05529
cs.LG 2402.05536
cs.LG 2402.05541
cs.LG 2402.05546
cs.LG 2402.05558
cs.LG 2402.05566
cs.LG 2402.05569
cs.LG 2402.05575
cs.LG 2402.05576
cs.LG 2402.05626
cs.LG 2402.05627
cs.LG 2402.05628
cs.LG 2402.05643
cs.LG 2402.05660
cs.LG 2402.05663
cs.LG 2402.05667
cs.LG 2402.05675
cs.LG 2402.05680
cs.LG 2402.05689
cs.LG 2402.05713
cs.LG 2402.05723
cs.LG 2402.05724
cs.LG 2402.05738
cs.LG 2402.05749
cs.LG 2402.05758
cs.LG 2402.05766
cs.LG 2402.05774
cs.LG 2402.05782
cs.LG 2402.05785
cs.LG 2402.05802
cs.LG 2402.05806
cs.LG 2402.05821
cs.LG 2402.05823
cs.LG 2402.05828
cs.LG 2402.05830
cs.LG 2402.05835
cs.LG 2402.05859
cs.LG 2402.05862
cs.LG 2402.05876
cs.LG 2402.05885
cs.LG 2402.05906
cs.LG 2402.05916
cs.LG 2402.05926
cs.LG 2402.05928
cs.LG 2402.05933
cs.LG 2402.05934
stat.TH 2402.01491
stat.TH 2402.01599
stat.TH 2402.01148
stat.TH 2402.01609
stat.TH 2402.01895
stat.TH 2402.01951
stat.TH 2402.02162
stat.TH 2402.02187
stat.TH 2402.02692
stat.TH 2402.02702
stat.TH 2402.03113
stat.TH 2402.01919
stat.TH 2402.02059
stat.TH 2402.02303
stat.TH 2402.02489
stat.TH 2402.02556
stat.TH 2402.02773
stat.TH 2402.02945
stat.TH 2402.03197
stat.TH 2402.03203
stat.TH 2402.03206
stat.TH 2402.03249
stat.TH 2402.03416
stat.TH 2402.03683
stat.TH 2402.04012
stat.TH 2402.03756
stat.TH 2402.03839
stat.TH 2402.04124
stat.TH 2402.04593
stat.TH 2402.04691
stat.TH 2402.04777
stat.TH 2402.04786
stat.TH 2402.04808
stat.TH 2402.05028
stat.TH 2402.05065
stat.TH 2402.05087
stat.TH 2402.04530
stat.TH 2402.04602
stat.TH 2402.04642
stat.TH 2402.04650
stat.TH 2402.04774
stat.TH 2402.04782
stat.TH 2402.04840
stat.TH 2402.04859
stat.TH 2402.05194
stat.TH 2402.05209
stat.TH 2402.05562
stat.TH 2402.05789
stat.TH 2402.05844
stat.TH 2402.05413
stat.TH 2402.05438
stat.TH 2402.05513
stat.TH 2402.05665
stat.TH 2402.05708
eess.IV 2402.00977
eess.IV 2402.01064
eess.IV 2402.01311
eess.IV 2402.01380
eess.IV 2402.01555
eess.IV 2402.00967
eess.IV 2402.00993
eess.IV 2402.01031
eess.IV 2402.01034
eess.IV 2402.01054
eess.IV 2402.01067
eess.IV 2402.01171
eess.IV 2402.01186
eess.IV 2402.01509
eess.IV 2402.01596
eess.IV 2402.01855
eess.IV 2402.02442
eess.IV 2402.02729
eess.IV 2402.02922
eess.IV 2402.01779
eess.IV 2402.01954
eess.IV 2402.02125
eess.IV 2402.02498
eess.IV 2402.02704
eess.IV 2402.02836
eess.IV 2402.02936
eess.IV 2402.02963
eess.IV 2402.03179
eess.IV 2402.03397
eess.IV 2402.03413
eess.IV 2402.03585
eess.IV 2402.03654
eess.IV 2402.04097
eess.IV 2402.03383
eess.IV 2402.03390
eess.IV 2402.03394
eess.IV 2402.03398
eess.IV 2402.03399
eess.IV 2402.03412
eess.IV 2402.03414
eess.IV 2402.03473
eess.IV 2402.03476
eess.IV 2402.03492
eess.IV 2402.03547
eess.IV 2402.03695
eess.IV 2402.03761
eess.IV 2402.03835
eess.IV 2402.04066
eess.IV 2402.04171
eess.IV 2402.04267
eess.IV 2402.04258
eess.IV 2402.04299
eess.IV 2402.04301
eess.IV 2402.04419
eess.IV 2402.04426
eess.IV 2402.04446
eess.IV 2402.04480
eess.IV 2402.04566
eess.IV 2402.04584
eess.IV 2402.04673
eess.IV 2402.04729
eess.IV 2402.04739
eess.IV 2402.04753
eess.IV 2402.04760
eess.IV 2402.04868
eess.IV 2402.04921
eess.IV 2402.05068
eess.IV 2402.05079
eess.IV 2402.05281
eess.IV 2402.05350
eess.IV 2402.05441
eess.IV 2402.05192
eess.IV 2402.05210
eess.IV 2402.05218
eess.IV 2402.05373
eess.IV 2402.05422
eess.IV 2402.05554
eess.IV 2402.05582
eess.IV 2402.05642
eess.IV 2402.05817
eess.IV 2402.05820
eess.IV 2402.05887
cs.SY 2402.00871
cs.SY 2402.00877
cs.SY 2402.01116
cs.SY 2402.01122
cs.SY 2402.01209
cs.SY 2402.01215
cs.SY 2402.01232
cs.SY 2402.01246
cs.SY 2402.01259
cs.SY 2402.01303
cs.SY 2402.01370
cs.SY 2402.01431
cs.SY 2402.01511
cs.SY 2402.01546
cs.SY 2402.01605
cs.SY 2402.01608
cs.SY 2402.00924
cs.SY 2402.01059
cs.SY 2402.01074
cs.SY 2402.01104
cs.SY 2402.01216
cs.SY 2402.01467
cs.SY 2402.01518
cs.SY 2402.01523
cs.SY 2402.01547
cs.SY 2402.01959
cs.SY 2402.02297
cs.SY 2402.02551
cs.SY 2402.02624
cs.SY 2402.02688
cs.SY 2402.02980
cs.SY 2402.03141
cs.SY 2402.03245
cs.SY 2402.01644
cs.SY 2402.01795
cs.SY 2402.01860
cs.SY 2402.01985
cs.SY 2402.01989
cs.SY 2402.02428
cs.SY 2402.02588
cs.SY 2402.02597
cs.SY 2402.02599
cs.SY 2402.02690
cs.SY 2402.02691
cs.SY 2402.02735
cs.SY 2402.02957
cs.SY 2402.03145
cs.SY 2402.03165
cs.SY 2402.03174
cs.SY 2402.03392
cs.SY 2402.03580
cs.SY 2402.03737
cs.SY 2402.04070
cs.SY 2402.04080
cs.SY 2402.04216
cs.SY 2402.04228
cs.SY 2402.04241
cs.SY 2402.03391
cs.SY 2402.03395
cs.SY 2402.03510
cs.SY 2402.03534
cs.SY 2402.03591
cs.SY 2402.03599
cs.SY 2402.03656
cs.SY 2402.03817
cs.SY 2402.03820
cs.SY 2402.03865
cs.SY 2402.03880
cs.SY 2402.03897
cs.SY 2402.03955
cs.SY 2402.03978
cs.SY 2402.04058
cs.SY 2402.04074
cs.SY 2402.04079
cs.SY 2402.04157
cs.SY 2402.04243
cs.SY 2402.04386
cs.SY 2402.04418
cs.SY 2402.04727
cs.SY 2402.04818
cs.SY 2402.05037
cs.SY 2402.05061
cs.SY 2402.05080
cs.SY 2402.04334
cs.SY 2402.04350
cs.SY 2402.04423
cs.SY 2402.04444
cs.SY 2402.04448
cs.SY 2402.04479
cs.SY 2402.04665
cs.SY 2402.04667
cs.SY 2402.04701
cs.SY 2402.04718
cs.SY 2402.04831
cs.SY 2402.04844
cs.SY 2402.05010
cs.SY 2402.05064
cs.SY 2402.05254
cs.SY 2402.05402
cs.SY 2402.05750
cs.SY 2402.05774
cs.SY 2402.05148
cs.SY 2402.05263
cs.SY 2402.05273
cs.SY 2402.05277
cs.SY 2402.05303
cs.SY 2402.05412
cs.SY 2402.05564
cs.SY 2402.05570
cs.SY 2402.05606
cs.SY 2402.05607
cs.SY 2402.05662
cs.SY 2402.05790
cs.SY 2402.05914
cs.SY 2402.05918
math.DS 2402.01305
math.DS 2402.01377
math.DS 2402.01593
math.DS 2402.01178
math.DS 2402.01221
math.DS 2402.01603
math.DS 2402.01823
math.DS 2402.01958
math.DS 2402.02219
math.DS 2402.02276
math.DS 2402.02520
math.DS 2402.03245
math.DS 2402.02226
math.DS 2402.02266
math.DS 2402.02493
math.DS 2402.02494
math.DS 2402.02496
math.DS 2402.02759
math.DS 2402.02770
math.DS 2402.03026
math.DS 2402.03132
math.DS 2402.03276
math.DS 2402.03316
math.DS 2402.03451
math.DS 2402.03529
math.DS 2402.03560
math.DS 2402.03601
math.DS 2402.03679
math.DS 2402.03888
math.DS 2402.04122
math.DS 2402.04157
math.DS 2402.04159
math.DS 2402.03318
math.DS 2402.03718
math.DS 2402.03827
math.DS 2402.03958
math.DS 2402.04041
math.DS 2402.04121
math.DS 2301.12723
math.DS 2307.11747
math.DS 2402.04358
math.DS 2402.04438
math.DS 2402.04467
math.DS 2402.04585
math.DS 2402.04619
math.DS 2402.04784
math.DS 2402.04795
math.DS 2402.04803
math.DS 2402.04810
math.DS 2402.04899
math.DS 2402.04948
math.DS 2402.05023
math.DS 2402.05393
math.DS 2402.05684
math.DS 2402.05750
math.DS 2402.05751
math.DS 2402.05814
math.DS 2402.05886
math.DS 2402.05918
math.DS 2402.05433
math.DS 2402.05518
math.DS 2402.05638
math.DS 2402.05676
math.DS 2402.05695
eess.AS 2402.00892
eess.AS 2402.00897
eess.AS 2402.01152
eess.AS 2402.01172
eess.AS 2402.01227
eess.AS 2402.01274
eess.AS 2402.01412
eess.AS 2402.01413
eess.AS 2402.01424
eess.AS 2402.01520
eess.AS 2402.01571
eess.AS 2402.01271
eess.AS 2402.01298
eess.AS 2402.01385
eess.AS 2402.01579
eess.AS 2402.01591
eess.AS 2402.01703
eess.AS 2402.01708
eess.AS 2402.01753
eess.AS 2402.01773
eess.AS 2402.01808
eess.AS 2402.01831
eess.AS 2402.02617
eess.AS 2402.03050
eess.AS 2402.01752
eess.AS 2402.01778
eess.AS 2402.01796
eess.AS 2402.01933
eess.AS 2402.02302
eess.AS 2402.02694
eess.AS 2402.02830
eess.AS 2402.02850
eess.AS 2402.02865
eess.AS 2402.02899
eess.AS 2402.03058
eess.AS 2402.03867
eess.AS 2402.04229
eess.AS 2402.03369
eess.AS 2402.03407
eess.AS 2402.03710
eess.AS 2402.03988
eess.AS 2402.04356
eess.AS 2402.04735
eess.AS 2402.04825
eess.AS 2402.04882
eess.AS 2402.04254
eess.AS 2402.04805
eess.AS 2402.04866
eess.AS 2402.05457
eess.AS 2402.05489
eess.AS 2402.05491
eess.AS 2402.05567
eess.AS 2402.05581
eess.AS 2402.05706
eess.AS 2402.05755
eess.AS 2402.05819
eess.SP 2402.00871
eess.SP 2402.00874
eess.SP 2402.00878
eess.SP 2402.00879
eess.SP 2402.00965
eess.SP 2402.00996
eess.SP 2402.01024
eess.SP 2402.01033
eess.SP 2402.01115
eess.SP 2402.01180
eess.SP 2402.01198
eess.SP 2402.01340
eess.SP 2402.01426
eess.SP 2402.01525
eess.SP 2402.01578
eess.SP 2402.00995
eess.SP 2402.01026
eess.SP 2402.01130
eess.SP 2402.01138
eess.SP 2402.01194
eess.SP 2402.01235
eess.SP 2402.01574
eess.SP 2402.01753
eess.SP 2402.01969
eess.SP 2402.02189
eess.SP 2402.02265
eess.SP 2402.02292
eess.SP 2402.02440
eess.SP 2402.02473
eess.SP 2402.02688
eess.SP 2402.02725
eess.SP 2402.02910
eess.SP 2402.02950
eess.SP 2402.03030
eess.SP 2402.03051
eess.SP 2402.03122
eess.SP 2402.02122
eess.SP 2402.02159
eess.SP 2402.02241
eess.SP 2402.02384
eess.SP 2402.02391
eess.SP 2402.02400
eess.SP 2402.02410
eess.SP 2402.02488
eess.SP 2402.02613
eess.SP 2402.02884
eess.SP 2402.03042
eess.SP 2402.03194
eess.SP 2402.03449
eess.SP 2402.03465
eess.SP 2402.03468
eess.SP 2402.03517
eess.SP 2402.03778
eess.SP 2402.03886
eess.SP 2402.03919
eess.SP 2402.04012
eess.SP 2402.04187
eess.SP 2402.04193
eess.SP 2402.03345
eess.SP 2402.03493
eess.SP 2402.03497
eess.SP 2402.03648
eess.SP 2402.03787
eess.SP 2402.03808
eess.SP 2402.03811
eess.SP 2402.03935
eess.SP 2402.03963
eess.SP 2402.04056
eess.SP 2402.04240
eess.SP 2402.04326
eess.SP 2402.04447
eess.SP 2402.04479
eess.SP 2402.04570
eess.SP 2402.04728
eess.SP 2402.04866
eess.SP 2402.04888
eess.SP 2402.04913
eess.SP 2402.04959
eess.SP 2402.04332
eess.SP 2402.04395
eess.SP 2402.04532
eess.SP 2402.04685
eess.SP 2402.04704
eess.SP 2402.04742
eess.SP 2402.04865
eess.SP 2402.05083
eess.SP 2402.05159
eess.SP 2402.05332
eess.SP 2402.05387
eess.SP 2402.05390
eess.SP 2402.05402
eess.SP 2402.05476
eess.SP 2402.05569
eess.SP 2402.05583
eess.SP 2402.05625
eess.SP 2402.05687
eess.SP 2402.05722
eess.SP 2402.05725
eess.SP 2402.05881
eess.SP 2402.05208
eess.SP 2402.05378
eess.SP 2402.05469
eess.SP 2402.05482
eess.SP 2402.05649
eess.SP 2402.05700
eess.SP 2402.05847
eess.SP 2402.05909
math.PR 2402.00882
math.PR 2402.00968
math.PR 2402.01015
math.PR 2402.01482
math.PR 2402.01491
math.PR 2402.01572
math.PR 2402.00975
math.PR 2402.00997
math.PR 2402.01036
math.PR 2402.01137
math.PR 2402.01196
math.PR 2402.01211
math.PR 2402.01229
math.PR 2402.01299
math.PR 2402.01333
math.PR 2402.01337
math.PR 2402.01449
math.PR 2402.01479
math.PR 2402.01563
math.PR 2402.01600
math.PR 2402.01803
math.PR 2402.01919
math.PR 2402.02059
math.PR 2402.02111
math.PR 2402.02556
math.PR 2402.02567
math.PR 2402.02573
math.PR 2402.02575
math.PR 2402.02615
math.PR 2402.02759
math.PR 2402.03026
math.PR 2402.03100
math.PR 2402.03169
math.PR 2402.03276
math.PR 2402.01949
math.PR 2402.02048
math.PR 2402.02119
math.PR 2402.02133
math.PR 2402.02259
math.PR 2402.02264
math.PR 2402.02276
math.PR 2402.02336
math.PR 2402.02562
math.PR 2402.02579
math.PR 2402.02888
math.PR 2402.02907
math.PR 2402.03101
math.PR 2402.03217
math.PR 2402.03267
math.PR 2402.03416
math.PR 2402.03467
math.PR 2402.03495
math.PR 2402.03515
math.PR 2402.03554
math.PR 2402.04215
math.PR 2402.03415
math.PR 2402.03489
math.PR 2402.03571
math.PR 2402.03745
math.PR 2402.03842
math.PR 2402.03872
math.PR 2402.03879
math.PR 2402.03930
math.PR 2402.04071
math.PR 2402.04098
math.PR 2402.04151
math.PR 2402.04642
math.PR 2402.04649
math.PR 2402.04737
math.PR 2402.04781
math.PR 2402.04895
math.PR 2402.04926
math.PR 2402.05094
math.PR 2402.04669
math.PR 2402.04752
math.PR 2402.04827
math.PR 2402.04842
math.PR 2402.04917
math.PR 2402.04927
math.PR 2402.05041
math.PR 2402.05087
math.PR 2402.05096
math.PR 2402.05097
math.PR 2402.05100
math.PR 2402.04943
math.PR 2402.05544
math.PR 2402.05689
math.PR 2402.05696
math.PR 2402.05719
math.PR 2402.05851
math.PR 2402.05866
math.PR 2402.05343
math.PR 2402.05488
math.PR 2402.05590
math.PR 2402.05594
math.PR 2402.05612
math.PR 2402.05632
math.PR 2402.05669
math.PR 2402.05751
math.PR 2402.05800
math.PR 2402.05816
math.PR 2402.05936
math.OC 2402.01221
math.OC 2402.01337
math.OC 2402.01402
math.OC 2402.01415
math.OC 2402.01515
math.OC 2402.01567
math.OC 2402.01593
math.OC 2402.00983
math.OC 2402.00992
math.OC 2402.01015
math.OC 2402.01052
math.OC 2402.01061
math.OC 2402.01066
math.OC 2402.01175
math.OC 2402.01199
math.OC 2402.01209
math.OC 2402.01265
math.OC 2402.01277
math.OC 2402.01288
math.OC 2402.01310
math.OC 2402.01482
math.OC 2402.01489
math.OC 2402.01585
math.OC 2402.01599
math.OC 2402.01639
math.OC 2402.01797
math.OC 2402.01868
math.OC 2402.01965
math.OC 2402.01995
math.OC 2402.02111
math.OC 2402.02134
math.OC 2402.02328
math.OC 2402.02347
math.OC 2402.02596
math.OC 2402.02667
math.OC 2402.02698
math.OC 2402.02731
math.OC 2402.02776
math.OC 2402.02882
math.OC 2402.02890
math.OC 2402.03126
math.OC 2402.03145
math.OC 2402.03256
math.OC 2402.03295
math.OC 2402.01793
math.OC 2402.01803
math.OC 2402.01956
math.OC 2402.02019
math.OC 2402.02035
math.OC 2402.02086
math.OC 2402.02115
math.OC 2402.02126
math.OC 2402.02155
math.OC 2402.02193
math.OC 2402.02297
math.OC 2402.02356
math.OC 2402.02359
math.OC 2402.02461
math.OC 2402.02490
math.OC 2402.02552
math.OC 2402.02569
math.OC 2402.02647
math.OC 2402.02792
math.OC 2402.02841
math.OC 2402.02955
math.OC 2402.03013
math.OC 2402.03086
math.OC 2402.03113
math.OC 2402.03118
math.OC 2402.03140
math.OC 2402.03157
math.OC 2402.03167
math.OC 2402.03210
math.OC 2402.03245
math.OC 2402.03467
math.OC 2402.03496
math.OC 2402.03579
math.OC 2402.03589
math.OC 2402.03625
math.OC 2402.03737
math.OC 2402.03955
math.OC 2402.03980
math.OC 2402.04114
math.OC 2402.04117
math.OC 2402.04157
math.OC 2402.04204
math.OC 2402.03352
math.OC 2402.03392
math.OC 2402.03515
math.OC 2402.03580
math.OC 2402.03709
math.OC 2402.03717
math.OC 2402.03809
math.OC 2402.03862
math.OC 2402.03883
math.OC 2402.03942
math.OC 2402.03982
math.OC 2402.04250
math.OC 2402.04480
math.OC 2402.04613
math.OC 2402.04646
math.OC 2402.04675
math.OC 2402.04766
math.OC 2402.04772
math.OC 2402.04799
math.OC 2402.04935
math.OC 2402.05050
math.OC 2402.04281
math.OC 2402.04289
math.OC 2402.04406
math.OC 2402.04463
math.OC 2402.04537
math.OC 2402.04561
math.OC 2402.04687
math.OC 2402.04689
math.OC 2402.04711
math.OC 2402.04721
math.OC 2402.04731
math.OC 2402.04751
math.OC 2402.04758
math.OC 2402.04785
math.OC 2402.04843
math.OC 2402.04895
math.OC 2402.04963
math.OC 2402.04985
math.OC 2402.05061
math.OC 2402.05071
math.OC 2402.05113
math.OC 2402.05144
math.OC 2402.05187
math.OC 2402.05264
math.OC 2402.05300
math.OC 2402.05303
math.OC 2402.05499
math.OC 2402.05549
math.OC 2402.05552
math.OC 2402.05648
math.OC 2402.05689
math.OC 2402.05738
math.OC 2402.05750
math.OC 2402.05757
math.OC 2402.05891
math.OC 2402.05918
math.OC 2402.05141
math.OC 2402.05155
math.OC 2402.05213
math.OC 2402.05215
math.OC 2402.05335
math.OC 2402.05385
math.OC 2402.05415
math.OC 2402.05444
math.OC 2402.05462
math.OC 2402.05501
math.OC 2402.05579
math.OC 2402.05688
math.OC 2402.05691
math.OC 2402.05705
math.OC 2402.05923
