cs.AR 2507.13736
cs.AR 2507.13355
cs.AR 2507.13369
cs.AR 2507.13375
cs.AR 2507.13631
cs.AR 2507.14139
cs.AR 2507.14397
cs.AR 2507.14651
cs.AR 2507.15300
cs.AR 2507.15465
cs.AR 2507.15603
cs.AR 2507.15664
cs.AR 2507.16200
cs.AR 2507.16203
cs.AR 2507.16556
cs.AR 2507.16676
cs.AR 2507.16177
cs.AR 2507.16326
cs.AR 2507.16379
cs.AR 2507.16391
cs.AR 2507.16628
cs.AR 2507.16793
cs.AR 2507.17886
cs.AR 2507.18174
cs.AR 2507.18179
cs.AR 2507.18040
cs.AR 2507.18454
cs.AR 2507.18581
cs.DS 2507.13818
cs.DS 2507.13470
cs.DS 2507.13510
cs.DS 2507.13671
cs.DS 2507.13700
cs.DS 2507.13869
cs.DS 2507.13885
cs.DS 2507.13994
cs.DS 2507.14060
cs.DS 2507.14089
cs.DS 2507.14114
cs.DS 2507.14340
cs.DS 2507.14496
cs.DS 2507.14631
cs.DS 2507.14669
cs.DS 2507.14957
cs.DS 2507.15173
cs.DS 2507.15176
cs.DS 2507.15316
cs.DS 2507.15511
cs.DS 2507.14261
cs.DS 2507.14462
cs.DS 2507.14504
cs.DS 2507.14509
cs.DS 2507.14569
cs.DS 2507.14812
cs.DS 2507.14835
cs.DS 2507.15282
cs.DS 2507.15319
cs.DS 2507.15417
cs.DS 2507.15434
cs.DS 2507.15549
cs.DS 2507.15598
cs.DS 2507.15616
cs.DS 2507.15658
cs.DS 2507.16064
cs.DS 2507.16209
cs.DS 2507.16345
cs.DS 2507.16648
cs.DS 2507.16031
cs.DS 2507.16096
cs.DS 2507.16149
cs.DS 2507.16242
cs.DS 2507.16285
cs.DS 2507.17036
cs.DS 2507.17215
cs.DS 2507.17673
cs.DS 2507.17017
cs.DS 2507.17063
cs.DS 2507.17170
cs.DS 2507.17300
cs.DS 2507.17391
cs.DS 2507.18021
cs.DS 2507.17834
cs.DS 2507.17841
cs.DS 2507.17878
cs.DS 2507.17999
cs.DS 2507.18281
cs.DM 2507.13417
cs.DM 2507.13821
cs.DM 2507.14259
cs.DM 2507.14321
cs.DM 2507.14445
cs.DM 2507.14473
cs.DM 2507.14669
cs.DM 2507.15316
cs.DM 2507.15463
cs.DM 2507.15616
cs.DM 2507.15667
cs.DM 2507.15231
cs.DM 2507.16149
cs.DM 2507.16759
cs.DM 2507.16648
cs.DM 2507.17541
cs.DM 2507.17654
cs.DM 2507.17878
cs.DM 2507.17913
cs.DM 2507.17780
cs.FL 2507.18779
cs.FL 2507.20321
cs.FL 2507.19717
cs.FL 2507.22437
cs.CC 2507.18796
cs.CC 2507.18864
cs.CC 2507.19139
cs.CC 2507.18666
cs.CC 2507.19000
cs.CC 2507.19108
cs.CC 2507.20047
cs.CC 2507.20063
cs.CC 2507.20251
cs.CC 2507.20964
cs.CC 2507.20321
cs.CC 2507.21258
cs.CC 2507.21342
cs.CC 2507.21445
cs.CC 2507.22001
cs.CC 2507.21550
cs.CC 2507.22819
cs.CC 2507.22265
cs.CC 2507.22444
cs.CC 2507.23787
cs.CC 2507.23008
cs.CC 2507.23345
cs.CC 2507.23563
cs.CG 2507.19284
cs.CG 2507.19841
cs.CG 2507.20937
cs.CG 2507.20897
cs.CG 2507.21758
cs.CG 2507.21864
cs.CG 2507.22010
cs.CG 2507.21322
cs.CG 2507.22500
cs.CG 2507.22816
cs.CG 2507.22293
cs.CG 2507.23105
cs.DB 2507.13558
cs.DB 2507.13721
cs.DB 2507.13932
cs.DB 2507.13710
cs.DB 2507.13712
cs.DB 2507.13757
cs.DB 2507.13892
cs.DB 2507.14101
cs.DB 2507.14301
cs.DB 2507.14372
cs.DB 2507.15336
cs.DB 2507.14376
cs.DB 2507.14475
cs.DB 2507.14495
cs.DB 2507.14682
cs.DB 2507.14813
cs.DB 2507.15991
cs.DB 2507.16073
cs.DB 2507.16089
cs.DB 2507.17241
cs.DB 2507.17487
cs.DB 2507.17736
cs.DB 2507.17215
cs.DB 2507.17507
cs.DB 2507.17647
cs.DB 2507.17896
cs.DB 2507.18406
cs.DB 2507.17778
cs.DC 2507.13470
cs.DC 2507.13624
cs.DC 2507.13720
cs.DC 2507.13736
cs.DC 2507.13895
cs.DC 2507.14111
cs.DC 2507.14114
cs.DC 2507.13522
cs.DC 2507.13601
cs.DC 2507.13833
cs.DC 2507.14069
cs.DC 2507.14080
cs.DC 2507.14179
cs.DC 2507.14322
cs.DC 2507.14471
cs.DC 2507.14682
cs.DC 2507.14768
cs.DC 2507.14813
cs.DC 2507.15349
cs.DC 2507.15658
cs.DC 2507.14392
cs.DC 2507.14597
cs.DC 2507.14723
cs.DC 2507.14802
cs.DC 2507.14928
cs.DC 2507.15121
cs.DC 2507.15154
cs.DC 2507.15230
cs.DC 2507.15233
cs.DC 2507.15553
cs.DC 2507.16014
cs.DC 2507.16036
cs.DC 2507.16134
cs.DC 2507.16269
cs.DC 2507.16274
cs.DC 2507.16594
cs.DC 2507.16109
cs.DC 2507.16165
cs.DC 2507.16350
cs.DC 2507.16668
cs.DC 2507.16710
cs.DC 2507.16731
cs.DC 2507.16781
cs.DC 2507.17228
cs.DC 2507.17241
cs.DC 2507.17580
cs.DC 2507.17614
cs.DC 2507.17087
cs.DC 2507.17094
cs.DC 2507.17120
cs.DC 2507.17128
cs.DC 2507.17133
cs.DC 2507.17301
cs.DC 2507.17411
cs.DC 2507.17458
cs.DC 2507.17886
cs.DC 2507.17905
cs.DC 2507.18339
cs.DC 2507.18454
cs.DC 2507.17766
cs.DC 2507.17769
cs.DC 2507.17770
cs.DC 2507.17771
cs.DC 2507.17772
cs.DC 2507.17773
cs.DC 2507.17793
cs.DC 2507.17843
cs.DC 2507.17904
cs.DC 2507.18005
cs.DC 2507.18006
cs.DC 2507.18007
cs.DC 2507.18047
cs.DC 2507.18050
cs.DC 2507.18459
cs.CE 2507.14043
cs.CE 2507.13459
cs.CE 2507.14245
cs.CE 2507.14586
cs.CE 2507.14652
cs.CE 2507.14808
cs.CE 2507.15003
cs.CE 2507.15813
cs.CE 2507.14542
cs.CE 2507.15026
cs.CE 2507.15570
cs.CE 2507.15753
cs.CE 2507.15787
cs.CE 2507.15861
cs.CE 2507.16069
cs.CE 2507.16470
cs.CE 2507.16717
cs.CE 2507.17012
cs.CE 2507.17353
cs.CE 2507.17448
cs.CE 2507.18067
cs.CE 2507.18210
cs.CE 2507.18235
cs.CE 2507.18449
cs.GR 2507.18664
cs.GR 2507.18899
cs.GR 2507.18972
cs.GR 2507.19988
cs.GR 2507.20127
cs.GR 2507.20205
cs.GR 2507.20881
cs.GR 2507.19718
cs.GR 2507.19830
cs.GR 2507.19836
cs.GR 2507.20200
cs.GR 2507.20922
cs.GR 2507.21124
cs.GR 2507.21181
cs.GR 2507.21311
cs.GR 2507.21411
cs.GR 2507.21686
cs.GR 2507.21288
cs.GR 2507.21493
cs.GR 2507.23454
cs.GR 2507.23485
cs.GR 2507.23002
cs.GR 2507.23777
cs.GT 2507.18738
cs.GT 2507.19461
cs.GT 2507.19694
cs.GT 2507.19712
cs.GT 2507.20010
cs.GT 2507.20061
cs.GT 2507.20253
cs.GT 2507.20964
cs.GT 2507.19720
cs.GT 2507.20038
cs.GT 2507.20899
cs.GT 2507.20985
cs.GT 2507.21111
cs.GT 2507.21258
cs.GT 2507.21795
cs.GT 2507.22278
cs.GT 2507.22819
cs.GT 2507.23047
cs.GT 2507.23149
cs.GT 2507.23500
cs.PF 2507.13601
cs.PF 2507.13999
cs.PF 2507.14000
cs.PF 2507.14597
cs.PF 2507.14813
cs.PF 2507.14959
cs.PF 2507.15382
cs.PF 2507.16274
cs.PF 2507.16710
cs.PF 2507.16649
cs.PF 2507.17074
cs.PF 2507.17618
cs.PF 2507.17773
cs.PF 2507.18179
cs.PF 2507.18268
cs.LO 2507.19015
cs.LO 2507.19182
cs.LO 2507.18718
cs.LO 2507.18798
cs.LO 2507.19008
cs.LO 2507.19009
cs.LO 2507.19010
cs.LO 2507.19012
cs.LO 2507.19013
cs.LO 2507.19014
cs.LO 2507.19061
cs.LO 2507.19245
cs.LO 2507.19424
cs.LO 2502.10323
cs.LO 2507.19329
cs.LO 2507.20007
cs.LO 2507.20010
cs.LO 2507.20251
cs.LO 2507.20865
cs.LO 2507.19630
cs.LO 2507.19689
cs.LO 2507.19827
cs.LO 2507.19886
cs.LO 2507.20615
cs.LO 2507.20726
cs.LO 2507.21295
cs.LO 2507.21598
cs.LO 2507.21851
cs.LO 2507.21955
cs.LO 2507.22687
cs.LO 2507.22760
cs.LO 2507.22876
cs.LO 2507.22536
cs.LO 2507.22705
cs.LO 2507.23151
cs.LO 2507.23603
cs.MA 2507.18867
cs.MA 2507.19151
cs.MA 2507.19364
cs.MA 2507.19038
cs.MA 2507.19043
cs.MA 2507.19049
cs.MA 2411.09840
cs.MA 2507.19543
cs.MA 2507.19570
cs.MA 2507.19593
cs.MA 2507.19694
cs.MA 2507.19844
cs.MA 2507.19860
cs.MA 2507.20094
cs.MA 2507.20230
cs.MA 2507.20964
cs.MA 2507.21035
cs.MA 2507.19550
cs.MA 2507.20215
cs.MA 2507.21075
cs.MA 2507.21159
cs.MA 2507.21354
cs.MA 2507.21631
cs.MA 2507.21341
cs.MA 2507.21724
cs.MA 2507.21969
cs.MA 2507.22049
cs.MA 2507.22464
cs.MA 2507.22687
cs.MA 2507.22077
cs.MA 2507.22278
cs.MA 2507.22279
cs.MA 2507.22282
cs.MA 2507.22467
cs.MA 2507.22902
cs.MA 2507.22929
cs.MA 2507.23167
cs.MA 2507.23190
cs.MA 2507.23261
cs.MA 2507.23269
cs.MA 2507.23336
cs.MA 2507.23344
cs.MA 2507.23429
cs.MA 2507.23735
cs.MA 2507.23080
cs.MA 2507.23644
cs.MA 2507.23694
cs.NA 2507.10739
cs.NA 2507.13459
cs.NA 2507.13475
cs.NA 2507.13492
cs.NA 2507.13804
cs.NA 2507.13480
cs.NA 2507.13516
cs.NA 2507.13589
cs.NA 2507.13640
cs.NA 2507.13644
cs.NA 2507.13731
cs.NA 2507.13836
cs.NA 2507.13855
cs.NA 2507.13902
cs.NA 2507.13955
cs.NA 2507.14177
cs.NA 2507.14274
cs.NA 2507.15483
cs.NA 2507.15662
cs.NA 2507.15740
cs.NA 2507.15762
cs.NA 2507.15805
cs.NA 2507.14440
cs.NA 2507.14474
cs.NA 2507.14488
cs.NA 2507.14491
cs.NA 2507.14518
cs.NA 2507.14521
cs.NA 2507.14548
cs.NA 2507.14562
cs.NA 2507.14692
cs.NA 2507.14774
cs.NA 2507.14881
cs.NA 2507.14939
cs.NA 2507.14971
cs.NA 2507.15016
cs.NA 2507.15103
cs.NA 2507.15137
cs.NA 2507.15185
cs.NA 2507.15192
cs.NA 2507.15289
cs.NA 2507.15322
cs.NA 2507.15345
cs.NA 2507.15350
cs.NA 2507.15409
cs.NA 2507.15452
cs.NA 2507.15455
cs.NA 2507.15464
cs.NA 2507.15642
cs.NA 2507.15837
cs.NA 2507.15848
cs.NA 2507.15861
cs.NA 2507.16055
cs.NA 2507.16519
cs.NA 2507.16798
cs.NA 2507.16024
cs.NA 2507.16344
cs.NA 2507.16349
cs.NA 2507.16415
cs.NA 2507.16484
cs.NA 2507.16554
cs.NA 2507.16571
cs.NA 2507.16631
cs.NA 2507.16647
cs.NA 2507.16652
cs.NA 2507.16658
cs.NA 2507.16678
cs.NA 2507.16810
cs.NA 2507.16915
cs.NA 2507.16995
cs.NA 2507.17036
cs.NA 2507.17069
cs.NA 2507.17096
cs.NA 2507.17184
cs.NA 2507.16938
cs.NA 2507.16964
cs.NA 2507.17051
cs.NA 2507.17053
cs.NA 2507.17062
cs.NA 2507.17333
cs.NA 2507.17378
cs.NA 2507.17404
cs.NA 2507.17423
cs.NA 2507.17569
cs.NA 2507.17673
cs.NA 2507.17685
cs.NA 2507.17815
cs.NA 2507.17887
cs.NA 2507.18083
cs.NA 2507.18346
cs.NA 2507.18434
cs.NA 2507.18573
cs.NA 2507.17916
cs.NA 2507.17928
cs.NA 2507.18235
cs.NA 2507.18282
cs.NA 2507.18318
cs.NA 2507.18443
cs.NA 2507.18466
cs.NA 2507.18491
cs.HC 2507.18820
cs.HC 2507.18905
cs.HC 2507.19132
cs.HC 2507.19156
cs.HC 2507.19196
cs.HC 2507.19316
cs.HC 2507.19470
cs.HC 2507.18637
cs.HC 2507.18638
cs.HC 2507.18639
cs.HC 2507.18640
cs.HC 2507.18641
cs.HC 2507.18802
cs.HC 2507.18828
cs.HC 2507.18836
cs.HC 2507.18877
cs.HC 2507.18878
cs.HC 2507.18880
cs.HC 2507.18913
cs.HC 2507.18945
cs.HC 2507.18971
cs.HC 2507.19026
cs.HC 2507.19072
cs.HC 2507.19094
cs.HC 2507.19104
cs.HC 2507.19114
cs.HC 2507.19193
cs.HC 2507.19376
cs.HC 2507.19466
cs.HC 2507.19479
cs.HC 2507.19484
cs.HC 2507.19487
cs.HC 2507.19489
cs.HC 2507.19692
cs.HC 2507.19854
cs.HC 2507.19855
cs.HC 2507.19870
cs.HC 2507.20419
cs.HC 2507.20536
cs.HC 2507.20632
cs.HC 2507.20737
cs.HC 2507.19483
cs.HC 2507.19485
cs.HC 2507.19486
cs.HC 2507.19488
cs.HC 2507.19490
cs.HC 2507.19491
cs.HC 2507.19492
cs.HC 2507.19493
cs.HC 2507.19494
cs.HC 2507.19495
cs.HC 2507.19496
cs.HC 2507.19497
cs.HC 2507.19498
cs.HC 2507.19500
cs.HC 2507.19690
cs.HC 2507.19736
cs.HC 2507.19782
cs.HC 2507.19898
cs.HC 2507.19988
cs.HC 2507.20006
cs.HC 2507.20137
cs.HC 2507.20261
cs.HC 2507.20300
cs.HC 2507.20355
cs.HC 2507.20437
cs.HC 2507.20655
cs.HC 2507.20656
cs.HC 2507.20720
cs.HC 2507.20730
cs.HC 2507.20741
cs.HC 2507.20805
cs.HC 2507.20933
cs.HC 2507.20943
cs.HC 2507.21000
cs.HC 2507.21012
cs.HC 2507.21054
cs.HC 2507.21065
cs.HC 2507.21067
cs.HC 2507.21069
cs.HC 2507.21073
cs.HC 2507.21093
cs.HC 2507.21158
cs.HC 2507.21199
cs.HC 2507.21360
cs.HC 2507.21431
cs.HC 2507.21571
cs.HC 2507.21664
cs.HC 2507.21859
cs.HC 2507.21928
cs.HC 2507.21070
cs.HC 2507.21071
cs.HC 2507.21072
cs.HC 2507.21074
cs.HC 2507.21075
cs.HC 2507.21077
cs.HC 2507.21078
cs.HC 2507.21079
cs.HC 2507.21081
cs.HC 2507.21088
cs.HC 2507.21089
cs.HC 2507.21090
cs.HC 2507.21124
cs.HC 2507.21303
cs.HC 2507.21378
cs.HC 2507.21411
cs.HC 2507.21435
cs.HC 2507.21462
cs.HC 2507.21490
cs.HC 2507.21654
cs.HC 2507.21722
cs.HC 2507.21811
cs.HC 2507.21837
cs.HC 2507.21900
cs.HC 2507.21953
cs.HC 2507.22051
cs.HC 2507.22094
cs.HC 2507.22205
cs.HC 2507.22358
cs.HC 2507.22365
cs.HC 2507.22665
cs.HC 2507.22134
cs.HC 2507.22153
cs.HC 2507.22163
cs.HC 2507.22193
cs.HC 2507.22241
cs.HC 2507.22252
cs.HC 2507.22262
cs.HC 2507.22267
cs.HC 2507.22300
cs.HC 2507.22329
cs.HC 2507.22352
cs.HC 2507.22382
cs.HC 2507.22455
cs.HC 2507.22614
cs.HC 2507.22671
cs.HC 2507.22810
cs.HC 2507.22839
cs.HC 2507.22936
cs.HC 2507.22956
cs.HC 2507.23088
cs.HC 2507.23429
cs.HC 2507.23544
cs.HC 2507.23592
cs.HC 2507.23756
cs.HC 2507.22889
cs.HC 2507.22890
cs.HC 2507.22891
cs.HC 2507.22892
cs.HC 2507.22893
cs.HC 2507.22894
cs.HC 2507.22895
cs.HC 2507.22896
cs.HC 2507.22897
cs.HC 2507.22898
cs.HC 2507.22899
cs.HC 2507.22900
cs.HC 2507.22901
cs.HC 2507.22902
cs.HC 2507.22903
cs.HC 2507.22904
cs.HC 2507.22905
cs.HC 2507.22952
cs.HC 2507.23096
cs.HC 2507.23190
cs.HC 2507.23215
cs.HC 2507.23298
cs.HC 2507.23454
cs.HC 2507.23470
cs.HC 2507.23492
cs.HC 2507.23585
cs.IR 2507.18756
cs.IR 2507.19054
cs.IR 2507.19295
cs.IR 2507.18778
cs.IR 2507.18800
cs.IR 2507.18882
cs.IR 2507.18993
cs.IR 2507.19033
cs.IR 2507.19067
cs.IR 2507.19102
cs.IR 2507.19283
cs.IR 2507.19333
cs.IR 2507.19473
cs.IR 2507.19497
cs.IR 2507.19802
cs.IR 2507.19846
cs.IR 2507.19973
cs.IR 2507.20136
cs.IR 2507.20441
cs.IR 2507.20564
cs.IR 2507.20919
cs.IR 2507.19750
cs.IR 2507.19798
cs.IR 2507.19990
cs.IR 2507.20035
cs.IR 2507.20147
cs.IR 2507.20161
cs.IR 2507.20227
cs.IR 2507.20327
cs.IR 2507.20449
cs.IR 2507.20578
cs.IR 2507.20753
cs.IR 2507.20762
cs.IR 2507.21110
cs.IR 2507.21340
cs.IR 2507.21474
cs.IR 2507.21490
cs.IR 2507.21903
cs.IR 2507.21989
cs.IR 2507.22019
cs.IR 2507.21103
cs.IR 2507.21105
cs.IR 2507.21114
cs.IR 2507.21115
cs.IR 2507.21117
cs.IR 2507.21120
cs.IR 2507.21125
cs.IR 2507.21467
cs.IR 2507.21520
cs.IR 2507.21563
cs.IR 2507.21770
cs.IR 2507.21884
cs.IR 2507.21939
cs.IR 2507.22337
cs.IR 2507.22213
cs.IR 2507.22224
cs.IR 2507.22268
cs.IR 2507.22520
cs.IR 2507.22878
cs.IR 2507.22879
cs.IR 2507.22880
cs.IR 2507.22917
cs.IR 2507.22921
cs.IR 2507.22926
cs.IR 2507.23334
cs.IR 2507.23358
cs.IR 2507.23400
cs.IR 2507.23664
cs.IR 2507.23669
cs.IR 2507.23208
cs.IR 2507.23209
cs.IR 2507.23267
cs.IR 2507.23364
cs.IR 2507.23410
cs.IR 2507.23459
cs.NI 2507.13505
cs.NI 2507.13624
cs.NI 2507.13720
cs.NI 2507.13999
cs.NI 2507.13476
cs.NI 2507.13676
cs.NI 2507.13717
cs.NI 2507.13889
cs.NI 2507.13933
cs.NI 2507.15673
cs.NI 2507.15816
cs.NI 2507.15818
cs.NI 2507.14183
cs.NI 2507.14186
cs.NI 2507.14188
cs.NI 2507.14199
cs.NI 2507.14205
cs.NI 2507.14209
cs.NI 2507.14211
cs.NI 2507.14230
cs.NI 2507.14234
cs.NI 2507.14263
cs.NI 2507.14398
cs.NI 2507.14512
cs.NI 2507.14627
cs.NI 2507.14633
cs.NI 2507.14842
cs.NI 2507.14876
cs.NI 2507.14891
cs.NI 2507.15145
cs.NI 2507.15254
cs.NI 2507.15338
cs.NI 2507.15382
cs.NI 2507.15391
cs.NI 2507.15423
cs.NI 2507.15659
cs.NI 2507.15670
cs.NI 2507.16077
cs.NI 2507.16680
cs.NI 2507.16438
cs.NI 2507.16594
cs.NI 2507.17064
cs.NI 2507.17074
cs.NI 2507.17214
cs.NI 2507.17491
cs.NI 2507.17495
cs.NI 2507.17655
cs.NI 2507.17695
cs.NI 2507.17736
cs.NI 2507.17188
cs.NI 2507.17195
cs.NI 2507.17403
cs.NI 2507.18514
cs.NI 2507.17835
cs.NI 2507.17861
cs.NI 2507.17865
cs.NI 2507.17905
cs.NI 2507.18328
cs.NI 2507.18480
cs.OS 2507.19212
cs.OS 2507.21248
cs.OS 2507.22645
cs.PL 2507.18755
cs.PL 2507.19012
cs.PL 2507.19271
cs.PL 2507.18792
cs.PL 2507.18885
cs.PL 2507.19015
cs.PL 2507.19176
cs.PL 2507.20672
cs.PL 2507.20674
cs.PL 2507.19728
cs.PL 2507.20251
cs.PL 2507.21317
cs.PL 2507.21439
cs.PL 2507.22048
cs.PL 2507.22065
cs.PL 2507.22070
cs.PL 2507.22086
cs.PL 2507.22069
cs.PL 2507.23186
cs.PL 2507.23292
cs.PL 2507.23151
cs.PL 2507.23205
cs.SE 2507.13481
cs.SE 2507.13499
cs.SE 2507.13553
cs.SE 2507.13555
cs.SE 2507.13661
cs.SE 2507.14347
cs.SE 2507.14642
cs.SE 2507.14985
cs.SE 2507.15058
cs.SE 2507.15146
cs.SE 2507.14256
cs.SE 2507.14330
cs.SE 2507.14396
cs.SE 2507.14423
cs.SE 2507.14547
cs.SE 2507.14554
cs.SE 2507.14558
cs.SE 2507.14594
cs.SE 2507.14687
cs.SE 2507.14716
cs.SE 2507.14735
cs.SE 2507.14770
cs.SE 2507.14776
cs.SE 2507.14791
cs.SE 2507.14969
cs.SE 2507.15003
cs.SE 2507.15025
cs.SE 2507.15157
cs.SE 2507.15181
cs.SE 2507.15188
cs.SE 2507.15197
cs.SE 2507.15224
cs.SE 2507.15226
cs.SE 2507.15241
cs.SE 2507.15251
cs.SE 2507.15296
cs.SE 2507.15343
cs.SE 2507.15599
cs.SE 2507.15624
cs.SE 2507.15663
cs.SE 2507.15666
cs.SE 2507.15671
cs.SE 2507.15822
cs.SE 2507.15828
cs.SE 2507.15831
cs.SE 2507.15984
cs.SE 2507.16051
cs.SE 2507.16229
cs.SE 2507.16395
cs.SE 2507.16478
cs.SE 2507.16586
cs.SE 2507.15887
cs.SE 2507.15889
cs.SE 2507.15892
cs.SE 2507.16037
cs.SE 2507.16044
cs.SE 2507.16063
cs.SE 2507.16166
cs.SE 2507.16208
cs.SE 2507.16327
cs.SE 2507.16407
cs.SE 2507.16439
cs.SE 2507.16587
cs.SE 2507.16661
cs.SE 2507.16685
cs.SE 2507.16754
cs.SE 2507.16808
cs.SE 2507.16540
cs.SE 2507.16887
cs.SE 2507.17453
cs.SE 2507.17518
cs.SE 2507.17655
cs.SE 2507.17049
cs.SE 2507.17093
cs.SE 2507.17165
cs.SE 2507.17235
cs.SE 2507.17264
cs.SE 2507.17270
cs.SE 2507.17271
cs.SE 2507.17293
cs.SE 2507.17314
cs.SE 2507.17369
cs.SE 2507.17389
cs.SE 2507.17542
cs.SE 2507.17548
cs.SE 2507.17690
cs.SE 2507.17691
cs.SE 2507.17743
cs.SE 2507.17773
cs.SE 2507.17778
cs.SE 2507.18625
cs.SE 2507.17930
cs.SE 2507.17991
cs.SE 2507.18029
cs.SE 2507.18037
cs.SE 2507.18039
cs.SE 2507.18062
cs.SE 2507.18081
cs.SE 2507.18105
cs.SE 2507.18130
cs.SE 2507.18159
cs.SE 2507.18223
cs.SE 2507.18267
cs.SE 2507.18289
cs.SE 2507.18316
cs.SE 2507.18319
cs.SE 2507.18339
cs.SE 2507.18476
cs.SE 2507.18515
cs.IT 2507.19181
cs.IT 2507.19338
cs.IT 2507.18727
cs.IT 2507.18969
cs.IT 2507.19136
cs.IT 2507.19177
cs.IT 2507.19266
cs.IT 2507.19274
cs.IT 2507.19309
cs.IT 2507.19384
cs.IT 2507.19415
cs.IT 2507.19947
cs.IT 2507.19974
cs.IT 2507.20060
cs.IT 2507.20087
cs.IT 2507.20108
cs.IT 2507.20367
cs.IT 2507.20641
cs.IT 2507.20770
cs.IT 2507.21022
cs.IT 2507.19695
cs.IT 2507.19816
cs.IT 2507.19832
cs.IT 2507.19920
cs.IT 2507.19941
cs.IT 2507.19986
cs.IT 2507.20113
cs.IT 2507.20129
cs.IT 2507.20157
cs.IT 2507.20255
cs.IT 2507.20281
cs.IT 2507.20477
cs.IT 2507.20504
cs.IT 2507.20559
cs.IT 2507.20577
cs.IT 2507.20639
cs.IT 2507.20645
cs.IT 2507.20966
cs.IT 2507.21479
cs.IT 2507.21626
cs.IT 2507.21644
cs.IT 2507.21237
cs.IT 2507.21363
cs.IT 2507.21623
cs.IT 2507.21776
cs.IT 2507.21785
cs.IT 2507.21988
cs.IT 2507.22396
cs.IT 2507.22400
cs.IT 2507.22597
cs.IT 2507.22732
cs.IT 2507.22865
cs.IT 2507.22906
cs.IT 2507.22992
cs.IT 2507.23179
cs.IT 2507.23433
cs.IT 2507.23526
cs.IT 2507.23646
cs.IT 2507.23707
cs.IT 2507.23029
cs.IT 2507.23175
cs.IT 2507.23180
cs.IT 2507.23200
cs.IT 2507.23234
cs.IT 2507.23296
cs.IT 2507.23528
cs.IT 2507.23686
cs.IT 2507.23702
stat.AP 2507.13605
stat.AP 2507.13695
stat.AP 2507.14006
stat.AP 2507.14019
stat.AP 2507.14175
stat.AP 2507.14246
stat.AP 2507.14311
stat.AP 2507.14380
stat.AP 2507.14442
stat.AP 2507.14638
stat.AP 2507.14648
stat.AP 2507.14742
stat.AP 2507.14746
stat.AP 2507.15001
stat.AP 2507.15040
stat.AP 2507.15079
stat.AP 2507.15437
stat.AP 2507.15441
stat.AP 2507.15475
stat.AP 2507.15548
stat.AP 2507.15809
stat.AP 2507.14161
stat.AP 2507.14389
stat.AP 2507.14666
stat.AP 2507.14848
stat.AP 2507.15045
stat.AP 2507.15099
stat.AP 2507.15320
stat.AP 2507.15374
stat.AP 2507.16048
stat.AP 2507.16150
stat.AP 2507.16416
stat.AP 2507.16497
stat.AP 2507.16771
stat.AP 2507.16354
stat.AP 2507.16690
stat.AP 2507.16722
stat.AP 2507.17172
stat.AP 2507.17229
stat.AP 2507.17243
stat.AP 2507.17431
stat.AP 2507.17831
stat.AP 2507.18118
stat.AP 2507.18125
stat.AP 2507.18240
stat.AP 2507.18591
stat.AP 2507.18218
cs.SC 2507.19010
cs.SC 2507.19361
cs.SC 2507.20491
cs.SC 2507.20267
cs.SC 2507.20889
cs.SC 2507.21846
cs.SC 2507.22255
cs.SC 2507.23557
cs.RO 2507.18661
cs.RO 2507.18713
cs.RO 2507.18763
cs.RO 2507.18881
cs.RO 2507.18883
cs.RO 2507.18938
cs.RO 2507.18943
cs.RO 2507.19354
cs.RO 2507.19459
cs.RO 2507.19469
cs.RO 2507.18808
cs.RO 2507.18819
cs.RO 2507.18820
cs.RO 2507.18847
cs.RO 2507.18886
cs.RO 2507.18947
cs.RO 2507.18979
cs.RO 2507.19079
cs.RO 2507.19082
cs.RO 2507.19100
cs.RO 2507.19146
cs.RO 2507.19151
cs.RO 2507.19196
cs.RO 2507.19242
cs.RO 2507.19335
cs.RO 2507.19691
cs.RO 2507.19878
cs.RO 2507.19938
cs.RO 2507.20342
cs.RO 2507.20371
cs.RO 2507.20399
cs.RO 2507.20520
cs.RO 2507.20772
cs.RO 2507.20951
cs.RO 2507.21053
cs.RO 2507.19555
cs.RO 2507.19642
cs.RO 2507.19647
cs.RO 2507.19652
cs.RO 2507.19701
cs.RO 2507.19742
cs.RO 2507.19760
cs.RO 2507.19817
cs.RO 2507.19829
cs.RO 2507.19831
cs.RO 2507.19851
cs.RO 2507.19854
cs.RO 2507.19860
cs.RO 2507.19883
cs.RO 2507.19914
cs.RO 2507.19947
cs.RO 2507.19975
cs.RO 2507.19983
cs.RO 2507.19999
cs.RO 2507.20002
cs.RO 2507.20021
cs.RO 2507.20034
cs.RO 2507.20049
cs.RO 2507.20217
cs.RO 2507.20282
cs.RO 2507.20293
cs.RO 2507.20370
cs.RO 2507.20382
cs.RO 2507.20427
cs.RO 2507.20445
cs.RO 2507.20509
cs.RO 2507.20516
cs.RO 2507.20538
cs.RO 2507.20589
cs.RO 2507.20622
cs.RO 2507.20784
cs.RO 2507.20800
cs.RO 2507.20832
cs.RO 2507.20850
cs.RO 2507.20861
cs.RO 2507.20870
cs.RO 2507.20892
cs.RO 2507.21065
cs.RO 2507.21072
cs.RO 2507.21423
cs.RO 2507.21450
cs.RO 2507.21452
cs.RO 2507.21547
cs.RO 2507.21638
cs.RO 2507.22028
cs.RO 2507.21225
cs.RO 2507.21245
cs.RO 2507.21259
cs.RO 2507.21338
cs.RO 2507.21384
cs.RO 2507.21431
cs.RO 2507.21496
cs.RO 2507.21506
cs.RO 2507.21517
cs.RO 2507.21533
cs.RO 2507.21545
cs.RO 2507.21553
cs.RO 2507.21610
cs.RO 2507.21709
cs.RO 2507.21772
cs.RO 2507.21796
cs.RO 2507.21814
cs.RO 2507.21859
cs.RO 2507.21896
cs.RO 2507.21957
cs.RO 2507.21965
cs.RO 2507.21981
cs.RO 2507.22042
cs.RO 2507.22148
cs.RO 2507.22194
cs.RO 2507.22198
cs.RO 2507.22243
cs.RO 2507.22282
cs.RO 2507.22522
cs.RO 2507.22885
cs.RO 2507.22188
cs.RO 2507.22345
cs.RO 2507.22356
cs.RO 2507.22380
cs.RO 2507.22389
cs.RO 2507.22429
cs.RO 2507.22433
cs.RO 2507.22473
cs.RO 2507.22546
cs.RO 2507.22653
cs.RO 2507.22769
cs.RO 2507.22896
cs.RO 2507.22903
cs.RO 2507.23042
cs.RO 2507.23064
cs.RO 2507.23078
cs.RO 2507.23391
cs.RO 2507.23487
cs.RO 2507.23579
cs.RO 2507.23734
cs.RO 2507.23773
cs.RO 2507.23015
cs.RO 2507.23045
cs.RO 2507.23053
cs.RO 2507.23088
cs.RO 2507.23172
cs.RO 2507.23203
cs.RO 2507.23270
cs.RO 2507.23273
cs.RO 2507.23305
cs.RO 2507.23324
cs.RO 2507.23339
cs.RO 2507.23350
cs.RO 2507.23445
cs.RO 2507.23523
cs.RO 2507.23540
cs.RO 2507.23544
cs.RO 2507.23589
cs.RO 2507.23592
cs.RO 2507.23629
cs.RO 2507.23660
cs.RO 2507.23677
cs.RO 2507.23682
cs.RO 2507.23698
cs.RO 2507.23719
cs.RO 2507.23735
stat.CO 2507.18951
stat.CO 2507.18990
stat.CO 2507.19338
stat.CO 2507.19915
stat.CO 2507.20001
stat.CO 2507.20329
stat.CO 2507.20609
stat.CO 2507.20980
stat.CO 2507.22038
stat.CO 2507.22629
stat.CO 2507.23106
stat.CO 2507.23240
cs.SD 2507.18741
cs.SD 2507.18750
cs.SD 2507.19137
cs.SD 2507.19204
cs.SD 2507.19361
cs.SD 2507.19369
cs.SD 2507.18723
cs.SD 2507.18897
cs.SD 2507.19037
cs.SD 2507.19062
cs.SD 2507.19202
cs.SD 2507.19225
cs.SD 2507.19308
cs.SD 2507.19634
cs.SD 2507.19836
cs.SD 2507.20530
cs.SD 2507.20627
cs.SD 2507.20666
cs.SD 2507.19557
cs.SD 2507.19835
cs.SD 2507.19991
cs.SD 2507.20036
cs.SD 2507.20052
cs.SD 2507.20128
cs.SD 2507.20140
cs.SD 2507.20169
cs.SD 2507.20417
cs.SD 2507.20485
cs.SD 2507.20624
cs.SD 2507.20731
cs.SD 2507.20880
cs.SD 2507.20900
cs.SD 2507.21138
cs.SD 2507.21331
cs.SD 2507.21395
cs.SD 2507.21522
cs.SD 2507.21591
cs.SD 2507.21202
cs.SD 2507.21426
cs.SD 2507.21463
cs.SD 2507.21642
cs.SD 2507.22370
cs.SD 2507.22628
cs.SD 2507.22208
cs.SD 2507.22322
cs.SD 2507.22612
cs.SD 2507.22746
cs.SD 2507.22964
cs.SD 2507.23010
cs.SD 2507.23091
cs.SD 2507.23223
cs.SD 2507.23266
cs.SD 2507.23298
cs.SD 2507.23511
cs.SD 2507.22995
cs.SD 2507.23365
cs.SD 2507.23590
stat.ML 2507.18824
stat.ML 2507.18838
stat.ML 2507.18849
stat.ML 2507.19028
stat.ML 2507.18803
stat.ML 2507.18903
stat.ML 2507.19423
stat.ML 2507.19539
stat.ML 2507.19611
stat.ML 2507.19627
stat.ML 2507.19672
stat.ML 2507.19680
stat.ML 2507.19701
stat.ML 2507.19873
stat.ML 2507.19898
stat.ML 2507.19968
stat.ML 2507.19978
stat.ML 2507.20024
stat.ML 2507.20039
stat.ML 2507.20048
stat.ML 2507.20068
stat.ML 2507.20079
stat.ML 2507.20088
stat.ML 2507.20089
stat.ML 2507.20108
stat.ML 2507.20112
stat.ML 2507.20126
stat.ML 2507.20268
stat.ML 2507.20272
stat.ML 2507.20333
stat.ML 2507.20353
stat.ML 2507.20459
stat.ML 2507.20542
stat.ML 2507.20980
stat.ML 2507.20993
stat.ML 2507.21040
stat.ML 2507.19540
stat.ML 2507.19663
stat.ML 2507.19774
stat.ML 2507.19787
stat.ML 2507.20058
stat.ML 2507.20560
stat.ML 2507.20941
stat.ML 2507.20975
stat.ML 2507.14144
stat.ML 2507.21112
stat.ML 2507.21135
stat.ML 2507.21136
stat.ML 2507.21155
stat.ML 2507.21164
stat.ML 2507.21197
stat.ML 2507.21479
stat.ML 2507.21783
stat.ML 2507.21982
stat.ML 2507.22004
stat.ML 2507.21334
stat.ML 2507.21429
stat.ML 2507.21434
stat.ML 2507.21449
stat.ML 2507.21486
stat.ML 2507.21712
stat.ML 2507.21807
stat.ML 2507.18937
stat.ML 2507.22207
stat.ML 2507.22396
stat.ML 2507.22629
stat.ML 2507.22640
stat.ML 2507.22854
stat.ML 2507.22095
stat.ML 2507.22170
stat.ML 2507.22493
stat.ML 2507.22632
stat.ML 2507.22842
stat.ML 2507.22877
stat.ML 2507.22256
stat.ML 2507.23426
stat.ML 2507.23501
stat.ML 2507.23559
stat.ML 2507.23568
stat.ML 2507.23017
stat.ML 2507.23349
stat.ML 2507.23736
stat.ML 2507.23767
stat.ML 2507.23768
cs.AI 2507.18637
cs.AI 2507.18638
cs.AI 2507.18640
cs.AI 2507.18645
cs.AI 2507.18667
cs.AI 2507.18668
cs.AI 2507.18671
cs.AI 2507.18678
cs.AI 2507.18680
cs.AI 2507.18681
cs.AI 2507.18725
cs.AI 2507.18732
cs.AI 2507.18742
cs.AI 2507.18755
cs.AI 2507.18788
cs.AI 2507.18802
cs.AI 2507.18812
cs.AI 2507.18815
cs.AI 2507.18838
cs.AI 2507.18847
cs.AI 2507.18848
cs.AI 2507.18857
cs.AI 2507.18867
cs.AI 2507.18882
cs.AI 2507.18897
cs.AI 2507.18918
cs.AI 2507.18925
cs.AI 2507.18929
cs.AI 2507.18937
cs.AI 2507.18945
cs.AI 2507.18967
cs.AI 2507.18973
cs.AI 2507.18987
cs.AI 2507.18989
cs.AI 2507.19003
cs.AI 2507.19004
cs.AI 2507.19017
cs.AI 2507.19035
cs.AI 2507.19054
cs.AI 2507.19067
cs.AI 2507.19098
cs.AI 2507.19102
cs.AI 2507.19115
cs.AI 2507.19116
cs.AI 2507.19119
cs.AI 2507.19137
cs.AI 2507.19144
cs.AI 2507.19151
cs.AI 2507.19156
cs.AI 2507.19185
cs.AI 2507.19195
cs.AI 2507.19197
cs.AI 2507.19199
cs.AI 2507.19201
cs.AI 2507.19234
cs.AI 2507.19245
cs.AI 2507.19247
cs.AI 2507.19271
cs.AI 2507.19283
cs.AI 2507.19298
cs.AI 2507.19304
cs.AI 2507.19321
cs.AI 2507.19334
cs.AI 2507.19353
cs.AI 2507.19361
cs.AI 2507.19362
cs.AI 2507.19368
cs.AI 2507.19374
cs.AI 2507.19390
cs.AI 2507.19398
cs.AI 2507.19399
cs.AI 2507.19403
cs.AI 2507.19408
cs.AI 2507.19427
cs.AI 2507.19457
cs.AI 2507.19473
cs.AI 2507.19477
cs.AI 2507.18775
cs.AI 2507.18795
cs.AI 2507.18868
cs.AI 2507.18883
cs.AI 2507.18977
cs.AI 2507.19089
cs.AI 2507.19109
cs.AI 2507.19132
cs.AI 2507.19172
cs.AI 2507.19182
cs.AI 2507.19261
cs.AI 2507.19263
cs.AI 2507.19364
cs.AI 2507.19372
cs.AI 2507.19458
cs.AI 2407.05592
cs.AI 2507.19483
cs.AI 2507.19485
cs.AI 2507.19486
cs.AI 2507.19487
cs.AI 2507.19492
cs.AI 2507.19495
cs.AI 2507.19497
cs.AI 2507.19498
cs.AI 2507.19500
cs.AI 2507.19510
cs.AI 2507.19513
cs.AI 2507.19517
cs.AI 2507.19518
cs.AI 2507.19519
cs.AI 2507.19520
cs.AI 2507.19523
cs.AI 2507.19525
cs.AI 2507.19526
cs.AI 2507.19529
cs.AI 2507.19530
cs.AI 2507.19534
cs.AI 2507.19536
cs.AI 2507.19539
cs.AI 2507.19548
cs.AI 2507.19549
cs.AI 2507.19551
cs.AI 2507.19555
cs.AI 2507.19556
cs.AI 2507.19559
cs.AI 2507.19562
cs.AI 2507.19567
cs.AI 2507.19568
cs.AI 2507.19586
cs.AI 2507.19595
cs.AI 2507.19598
cs.AI 2507.19629
cs.AI 2507.19634
cs.AI 2507.19635
cs.AI 2507.19643
cs.AI 2507.19653
cs.AI 2507.19657
cs.AI 2507.19679
cs.AI 2507.19682
cs.AI 2507.19684
cs.AI 2507.19686
cs.AI 2507.19694
cs.AI 2507.19712
cs.AI 2507.19730
cs.AI 2507.19737
cs.AI 2507.19743
cs.AI 2507.19755
cs.AI 2507.19766
cs.AI 2507.19771
cs.AI 2507.19803
cs.AI 2507.19806
cs.AI 2507.19823
cs.AI 2507.19836
cs.AI 2507.19840
cs.AI 2507.19842
cs.AI 2507.19844
cs.AI 2507.19849
cs.AI 2507.19856
cs.AI 2507.19880
cs.AI 2507.19881
cs.AI 2507.19891
cs.AI 2507.19898
cs.AI 2507.19902
cs.AI 2507.19904
cs.AI 2507.19909
cs.AI 2507.19917
cs.AI 2507.19929
cs.AI 2507.19936
cs.AI 2507.19950
cs.AI 2507.19956
cs.AI 2507.19961
cs.AI 2507.19968
cs.AI 2507.19975
cs.AI 2507.19983
cs.AI 2507.19990
cs.AI 2507.19992
cs.AI 2507.19995
cs.AI 2507.20008
cs.AI 2507.20014
cs.AI 2507.20016
cs.AI 2507.20018
cs.AI 2507.20019
cs.AI 2507.20021
cs.AI 2507.20028
cs.AI 2507.20048
cs.AI 2507.20056
cs.AI 2507.20059
cs.AI 2507.20094
cs.AI 2507.20096
cs.AI 2507.20109
cs.AI 2507.20110
cs.AI 2507.20111
cs.AI 2507.20112
cs.AI 2507.20115
cs.AI 2507.20118
cs.AI 2507.20127
cs.AI 2507.20133
cs.AI 2507.20136
cs.AI 2507.20140
cs.AI 2507.20144
cs.AI 2507.20145
cs.AI 2507.20152
cs.AI 2507.20156
cs.AI 2507.20164
cs.AI 2507.20173
cs.AI 2507.20174
cs.AI 2507.20181
cs.AI 2507.20189
cs.AI 2507.20191
cs.AI 2507.20197
cs.AI 2507.20217
cs.AI 2507.20221
cs.AI 2507.20243
cs.AI 2507.20252
cs.AI 2507.20263
cs.AI 2507.20295
cs.AI 2507.20312
cs.AI 2507.20326
cs.AI 2507.20335
cs.AI 2507.20353
cs.AI 2507.20369
cs.AI 2507.20373
cs.AI 2507.20389
cs.AI 2507.20408
cs.AI 2507.20409
cs.AI 2507.20419
cs.AI 2507.20423
cs.AI 2507.20426
cs.AI 2507.20433
cs.AI 2507.20439
cs.AI 2507.20460
cs.AI 2507.20491
cs.AI 2507.20499
cs.AI 2507.20509
cs.AI 2507.20520
cs.AI 2507.20525
cs.AI 2507.20529
cs.AI 2507.20534
cs.AI 2507.20536
cs.AI 2507.20546
cs.AI 2507.20562
cs.AI 2507.20568
cs.AI 2507.20571
cs.AI 2507.20575
cs.AI 2507.20578
cs.AI 2507.20623
cs.AI 2507.20627
cs.AI 2507.20630
cs.AI 2507.20643
cs.AI 2507.20650
cs.AI 2507.20666
cs.AI 2507.20670
cs.AI 2507.20704
cs.AI 2507.20714
cs.AI 2507.20737
cs.AI 2507.20745
cs.AI 2507.20746
cs.AI 2507.20753
cs.AI 2507.20757
cs.AI 2507.20782
cs.AI 2507.20796
cs.AI 2507.20800
cs.AI 2507.20810
cs.AI 2507.20836
cs.AI 2507.20850
cs.AI 2507.20853
cs.AI 2507.20872
cs.AI 2507.20880
cs.AI 2507.20900
cs.AI 2507.20907
cs.AI 2507.20913
cs.AI 2507.20917
cs.AI 2507.20919
cs.AI 2507.20923
cs.AI 2507.20924
cs.AI 2507.20930
cs.AI 2507.20936
cs.AI 2507.20941
cs.AI 2507.20956
cs.AI 2507.20957
cs.AI 2507.20966
cs.AI 2507.20968
cs.AI 2507.20984
cs.AI 2507.20987
cs.AI 2507.20993
cs.AI 2507.20994
cs.AI 2507.20997
cs.AI 2507.21004
cs.AI 2507.21009
cs.AI 2507.19489
cs.AI 2507.19543
cs.AI 2507.19593
cs.AI 2507.19608
cs.AI 2507.19672
cs.AI 2507.19703
cs.AI 2507.19725
cs.AI 2507.19726
cs.AI 2507.19733
cs.AI 2507.19749
cs.AI 2507.19788
cs.AI 2507.19882
cs.AI 2507.19960
cs.AI 2507.19973
cs.AI 2507.19974
cs.AI 2507.20000
cs.AI 2507.20010
cs.AI 2507.20067
cs.AI 2507.20143
cs.AI 2507.20150
cs.AI 2507.20199
cs.AI 2507.20226
cs.AI 2507.20230
cs.AI 2507.20280
cs.AI 2507.20322
cs.AI 2507.20333
cs.AI 2507.20342
cs.AI 2507.20377
cs.AI 2507.20395
cs.AI 2507.20444
cs.AI 2507.20451
cs.AI 2507.20526
cs.AI 2507.20541
cs.AI 2507.20566
cs.AI 2507.20613
cs.AI 2507.20620
cs.AI 2507.20641
cs.AI 2507.20703
cs.AI 2507.20711
cs.AI 2507.20728
cs.AI 2507.20755
cs.AI 2507.20758
cs.AI 2507.20774
cs.AI 2507.20804
cs.AI 2507.20951
cs.AI 2507.20960
cs.AI 2507.20964
cs.AI 2507.21017
cs.AI 2507.21027
cs.AI 2507.21035
cs.AI 2507.21046
cs.AI 2507.17307
cs.AI 2507.20894
cs.AI 2507.21054
cs.AI 2507.21055
cs.AI 2507.21056
cs.AI 2507.21058
cs.AI 2507.21060
cs.AI 2507.21069
cs.AI 2507.21071
cs.AI 2507.21074
cs.AI 2507.21077
cs.AI 2507.21080
cs.AI 2507.21081
cs.AI 2507.21083
cs.AI 2507.21090
cs.AI 2507.21091
cs.AI 2507.21100
cs.AI 2507.21102
cs.AI 2507.21104
cs.AI 2507.21105
cs.AI 2507.21107
cs.AI 2507.21108
cs.AI 2507.21109
cs.AI 2507.21110
cs.AI 2507.21111
cs.AI 2507.21114
cs.AI 2507.21115
cs.AI 2507.21117
cs.AI 2507.21118
cs.AI 2507.21120
cs.AI 2507.21124
cs.AI 2507.21125
cs.AI 2507.21133
cs.AI 2507.21136
cs.AI 2507.21138
cs.AI 2507.21142
cs.AI 2507.21146
cs.AI 2507.21147
cs.AI 2507.21152
cs.AI 2507.21153
cs.AI 2507.21160
cs.AI 2507.21161
cs.AI 2507.21163
cs.AI 2507.21164
cs.AI 2507.21166
cs.AI 2507.21167
cs.AI 2507.21168
cs.AI 2507.21169
cs.AI 2507.21170
cs.AI 2507.21174
cs.AI 2507.21179
cs.AI 2507.21182
cs.AI 2507.21183
cs.AI 2507.21184
cs.AI 2507.21186
cs.AI 2507.21188
cs.AI 2507.21195
cs.AI 2507.21196
cs.AI 2507.21198
cs.AI 2507.21199
cs.AI 2507.21205
cs.AI 2507.21244
cs.AI 2507.21246
cs.AI 2507.21260
cs.AI 2507.21288
cs.AI 2507.21295
cs.AI 2507.21340
cs.AI 2507.21364
cs.AI 2507.21378
cs.AI 2507.21382
cs.AI 2507.21385
cs.AI 2507.21386
cs.AI 2507.21391
cs.AI 2507.21395
cs.AI 2507.21423
cs.AI 2507.21432
cs.AI 2507.21433
cs.AI 2507.21455
cs.AI 2507.21474
cs.AI 2507.21476
cs.AI 2507.21479
cs.AI 2507.21482
cs.AI 2507.21483
cs.AI 2507.21485
cs.AI 2507.21500
cs.AI 2507.21504
cs.AI 2507.21506
cs.AI 2507.21532
cs.AI 2507.21533
cs.AI 2507.21591
cs.AI 2507.21640
cs.AI 2507.21653
cs.AI 2507.21654
cs.AI 2507.21684
cs.AI 2507.21690
cs.AI 2507.21693
cs.AI 2507.21694
cs.AI 2507.21695
cs.AI 2507.21706
cs.AI 2507.21723
cs.AI 2507.21738
cs.AI 2507.21756
cs.AI 2507.21763
cs.AI 2507.21770
cs.AI 2507.21790
cs.AI 2507.21796
cs.AI 2507.21799
cs.AI 2507.21831
cs.AI 2507.21833
cs.AI 2507.21839
cs.AI 2507.21890
cs.AI 2507.21905
cs.AI 2507.21919
cs.AI 2507.21922
cs.AI 2507.21928
cs.AI 2507.21931
cs.AI 2507.21947
cs.AI 2507.21949
cs.AI 2507.21953
cs.AI 2507.21954
cs.AI 2507.21990
cs.AI 2507.21992
cs.AI 2507.22000
cs.AI 2507.22002
cs.AI 2507.22010
cs.AI 2507.22020
cs.AI 2507.22030
cs.AI 2507.22037
cs.AI 2507.22039
cs.AI 2507.22053
cs.AI 2507.21067
cs.AI 2507.21098
cs.AI 2507.21123
cs.AI 2507.21129
cs.AI 2507.21130
cs.AI 2507.21131
cs.AI 2507.21132
cs.AI 2507.21137
cs.AI 2507.21141
cs.AI 2507.21158
cs.AI 2507.21159
cs.AI 2507.21162
cs.AI 2507.21171
cs.AI 2507.21172
cs.AI 2507.21176
cs.AI 2507.21206
cs.AI 2507.21257
cs.AI 2507.21276
cs.AI 2507.21285
cs.AI 2507.21287
cs.AI 2507.21354
cs.AI 2507.21360
cs.AI 2507.21383
cs.AI 2507.21389
cs.AI 2507.21406
cs.AI 2507.21407
cs.AI 2507.21419
cs.AI 2507.21438
cs.AI 2507.21453
cs.AI 2507.21471
cs.AI 2507.21488
cs.AI 2507.21502
cs.AI 2507.21503
cs.AI 2507.21513
cs.AI 2507.21518
cs.AI 2507.21524
cs.AI 2507.21571
cs.AI 2507.21585
cs.AI 2507.21588
cs.AI 2507.21589
cs.AI 2507.21631
cs.AI 2507.21636
cs.AI 2507.21637
cs.AI 2507.21638
cs.AI 2507.21664
cs.AI 2507.21705
cs.AI 2507.21727
cs.AI 2507.21752
cs.AI 2507.21753
cs.AI 2507.21792
cs.AI 2507.21802
cs.AI 2507.21823
cs.AI 2507.21830
cs.AI 2507.21846
cs.AI 2507.21848
cs.AI 2507.21872
cs.AI 2507.21873
cs.AI 2507.21875
cs.AI 2507.21881
cs.AI 2507.21882
cs.AI 2507.21886
cs.AI 2507.21899
cs.AI 2507.21929
cs.AI 2507.21964
cs.AI 2507.21974
cs.AI 2507.21976
cs.AI 2507.22009
cs.AI 2507.22025
cs.AI 2507.22034
cs.AI 2507.22047
cs.AI 2307.10803
cs.AI 2507.18365
cs.AI 2507.19647
cs.AI 2507.22063
cs.AI 2507.22064
cs.AI 2507.22065
cs.AI 2507.22067
cs.AI 2507.22069
cs.AI 2507.22077
cs.AI 2507.22080
cs.AI 2507.22082
cs.AI 2507.22086
cs.AI 2507.22089
cs.AI 2507.22090
cs.AI 2507.22092
cs.AI 2507.22094
cs.AI 2507.22099
cs.AI 2507.22157
cs.AI 2507.22159
cs.AI 2507.22160
cs.AI 2507.22168
cs.AI 2507.22171
cs.AI 2507.22174
cs.AI 2507.22186
cs.AI 2507.22187
cs.AI 2507.22189
cs.AI 2507.22208
cs.AI 2507.22219
cs.AI 2507.22239
cs.AI 2507.22250
cs.AI 2507.22255
cs.AI 2507.22264
cs.AI 2507.22267
cs.AI 2507.22268
cs.AI 2507.22286
cs.AI 2507.22317
cs.AI 2507.22321
cs.AI 2507.22324
cs.AI 2507.22360
cs.AI 2507.22361
cs.AI 2507.22369
cs.AI 2507.22371
cs.AI 2507.22404
cs.AI 2507.22410
cs.AI 2507.22411
cs.AI 2507.22418
cs.AI 2507.22419
cs.AI 2507.22421
cs.AI 2507.22424
cs.AI 2507.22428
cs.AI 2507.22445
cs.AI 2507.22446
cs.AI 2507.22457
cs.AI 2507.22464
cs.AI 2507.22465
cs.AI 2507.22467
cs.AI 2507.22469
cs.AI 2507.22477
cs.AI 2507.22481
cs.AI 2507.22485
cs.AI 2507.22488
cs.AI 2507.22493
cs.AI 2507.22498
cs.AI 2507.22499
cs.AI 2507.22522
cs.AI 2507.22529
cs.AI 2507.22530
cs.AI 2507.22533
cs.AI 2507.22539
cs.AI 2507.22553
cs.AI 2507.22558
cs.AI 2507.22564
cs.AI 2507.22565
cs.AI 2507.22570
cs.AI 2507.22576
cs.AI 2507.22577
cs.AI 2507.22580
cs.AI 2507.22603
cs.AI 2507.22607
cs.AI 2507.22610
cs.AI 2507.22612
cs.AI 2507.22627
cs.AI 2507.22633
cs.AI 2507.22640
cs.AI 2507.22659
cs.AI 2507.22664
cs.AI 2507.22671
cs.AI 2507.22685
cs.AI 2507.22687
cs.AI 2507.22711
cs.AI 2507.22744
cs.AI 2507.22760
cs.AI 2507.22766
cs.AI 2507.22767
cs.AI 2507.22772
cs.AI 2507.22789
cs.AI 2507.22802
cs.AI 2507.22805
cs.AI 2507.22828
cs.AI 2507.22844
cs.AI 2507.22853
cs.AI 2507.22854
cs.AI 2507.22887
cs.AI 2507.22149
cs.AI 2507.22197
cs.AI 2507.22281
cs.AI 2507.22326
cs.AI 2507.22358
cs.AI 2507.22359
cs.AI 2507.22365
cs.AI 2507.22423
cs.AI 2507.22432
cs.AI 2507.22440
cs.AI 2507.22504
cs.AI 2507.22606
cs.AI 2507.22619
cs.AI 2507.22774
cs.AI 2507.22782
cs.AI 2507.22847
cs.AI 2507.22876
cs.AI 2503.21813
cs.AI 2507.22890
cs.AI 2507.22893
cs.AI 2507.22896
cs.AI 2507.22897
cs.AI 2507.22900
cs.AI 2507.22902
cs.AI 2507.22904
cs.AI 2507.22906
cs.AI 2507.22908
cs.AI 2507.22910
cs.AI 2507.22911
cs.AI 2507.22912
cs.AI 2507.22913
cs.AI 2507.22915
cs.AI 2507.22916
cs.AI 2507.22917
cs.AI 2507.22919
cs.AI 2507.22920
cs.AI 2507.22921
cs.AI 2507.22922
cs.AI 2507.22923
cs.AI 2507.22925
cs.AI 2507.22928
cs.AI 2507.22931
cs.AI 2507.22933
cs.AI 2507.22934
cs.AI 2507.22935
cs.AI 2507.22936
cs.AI 2507.22937
cs.AI 2507.22938
cs.AI 2507.22939
cs.AI 2507.22940
cs.AI 2507.22944
cs.AI 2507.22946
cs.AI 2507.22958
cs.AI 2507.22968
cs.AI 2507.23009
cs.AI 2507.23010
cs.AI 2507.23021
cs.AI 2507.23027
cs.AI 2507.23042
cs.AI 2507.23058
cs.AI 2507.23064
cs.AI 2507.23084
cs.AI 2507.23087
cs.AI 2507.23088
cs.AI 2507.23093
cs.AI 2507.23095
cs.AI 2507.23104
cs.AI 2507.23115
cs.AI 2507.23121
cs.AI 2507.23154
cs.AI 2507.23167
cs.AI 2507.23178
cs.AI 2507.23190
cs.AI 2507.23194
cs.AI 2507.23217
cs.AI 2507.23218
cs.AI 2507.23257
cs.AI 2507.23261
cs.AI 2507.23269
cs.AI 2507.23272
cs.AI 2507.23291
cs.AI 2507.23315
cs.AI 2507.23318
cs.AI 2507.23334
cs.AI 2507.23350
cs.AI 2507.23356
cs.AI 2507.23358
cs.AI 2507.23365
cs.AI 2507.23370
cs.AI 2507.23382
cs.AI 2507.23386
cs.AI 2507.23402
cs.AI 2507.23455
cs.AI 2507.23459
cs.AI 2507.23461
cs.AI 2507.23465
cs.AI 2507.23470
cs.AI 2507.23492
cs.AI 2507.23509
cs.AI 2507.23511
cs.AI 2507.23535
cs.AI 2507.23536
cs.AI 2507.23540
cs.AI 2507.23543
cs.AI 2507.23589
cs.AI 2507.23607
cs.AI 2507.23611
cs.AI 2507.23615
cs.AI 2507.23638
cs.AI 2507.23642
cs.AI 2507.23669
cs.AI 2507.23682
cs.AI 2507.23694
cs.AI 2507.23698
cs.AI 2507.23704
cs.AI 2507.23735
cs.AI 2507.23740
cs.AI 2507.23771
cs.AI 2507.23779
cs.AI 2507.23784
cs.AI 2507.22951
cs.AI 2507.23018
cs.AI 2507.23067
cs.AI 2507.23091
cs.AI 2507.23163
cs.AI 2507.23191
cs.AI 2507.23197
cs.AI 2507.23276
cs.AI 2507.23330
cs.AI 2507.23336
cs.AI 2507.23377
cs.AI 2507.23429
cs.AI 2507.23440
cs.AI 2507.23488
cs.AI 2507.23497
cs.AI 2507.23554
cs.AI 2507.23565
cs.AI 2507.23633
cs.AI 2507.23664
cs.AI 2507.23701
cs.AI 2507.23726
cs.AI 2507.23751
cs.AI 2507.23773
cs.SI 2507.13366
cs.SI 2507.13368
cs.SI 2507.13370
cs.SI 2507.13379
cs.SI 2507.13398
cs.SI 2507.13477
cs.SI 2507.13577
cs.SI 2507.13636
cs.SI 2507.13939
cs.SI 2507.14162
cs.SI 2507.14612
cs.SI 2507.15067
cs.SI 2507.15253
cs.SI 2507.15600
cs.SI 2507.15823
cs.SI 2507.14465
cs.SI 2507.14623
cs.SI 2507.14696
cs.SI 2507.14864
cs.SI 2507.15124
cs.SI 2507.15460
cs.SI 2507.16541
cs.SI 2507.16046
cs.SI 2507.16298
cs.SI 2507.16583
cs.SI 2507.17215
cs.SI 2507.16820
cs.SI 2507.16847
cs.SI 2507.16848
cs.SI 2507.16857
cs.SI 2507.16858
cs.SI 2507.16860
cs.SI 2507.17177
cs.SI 2507.17626
cs.SI 2507.17755
cs.SY 2507.18732
cs.SY 2507.19038
cs.SY 2507.19043
cs.SY 2507.19049
cs.SY 2507.19100
cs.SY 2507.19210
cs.SY 2507.19327
cs.SY 2507.19458
cs.SY 2507.18738
cs.SY 2507.18853
cs.SY 2507.18888
cs.SY 2507.18938
cs.SY 2507.19029
cs.SY 2507.19111
cs.SY 2507.19244
cs.SY 2507.19260
cs.SY 2507.19620
cs.SY 2507.19642
cs.SY 2507.19652
cs.SY 2507.19742
cs.SY 2507.19831
cs.SY 2507.19844
cs.SY 2507.19860
cs.SY 2507.19947
cs.SY 2507.20050
cs.SY 2507.20509
cs.SY 2507.20563
cs.SY 2507.20587
cs.SY 2507.20717
cs.SY 2507.20995
cs.SY 2507.19509
cs.SY 2507.19516
cs.SY 2507.19531
cs.SY 2507.19532
cs.SY 2507.19535
cs.SY 2507.19542
cs.SY 2507.19545
cs.SY 2507.19558
cs.SY 2507.19631
cs.SY 2507.19675
cs.SY 2507.19707
cs.SY 2507.19838
cs.SY 2507.19918
cs.SY 2507.19928
cs.SY 2507.20071
cs.SY 2507.20098
cs.SY 2507.20194
cs.SY 2507.20250
cs.SY 2507.20277
cs.SY 2507.20399
cs.SY 2507.20545
cs.SY 2507.20580
cs.SY 2507.20621
cs.SY 2507.20634
cs.SY 2507.20669
cs.SY 2507.20685
cs.SY 2507.20739
cs.SY 2507.20772
cs.SY 2507.20792
cs.SY 2507.20835
cs.SY 2507.20921
cs.SY 2507.20974
cs.SY 2507.21125
cs.SY 2507.21153
cs.SY 2507.21154
cs.SY 2507.21162
cs.SY 2507.21225
cs.SY 2507.21281
cs.SY 2507.21384
cs.SY 2507.21394
cs.SY 2507.21479
cs.SY 2507.21543
cs.SY 2507.21547
cs.SY 2507.21624
cs.SY 2507.21625
cs.SY 2507.21865
cs.SY 2507.21300
cs.SY 2507.21441
cs.SY 2507.21579
cs.SY 2507.21667
cs.SY 2507.21669
cs.SY 2507.21702
cs.SY 2507.21759
cs.SY 2507.21941
cs.SY 2507.22022
cs.SY 2507.22176
cs.SY 2507.22188
cs.SY 2507.22239
cs.SY 2507.22243
cs.SY 2507.22340
cs.SY 2507.22385
cs.SY 2507.22389
cs.SY 2507.22766
cs.SY 2507.22769
cs.SY 2507.22865
cs.SY 2507.22198
cs.SY 2507.22226
cs.SY 2507.22227
cs.SY 2507.22295
cs.SY 2507.22496
cs.SY 2507.22640
cs.SY 2507.22648
cs.SY 2507.22693
cs.SY 2507.22740
cs.SY 2507.22760
cs.SY 2507.22778
cs.SY 2507.23149
cs.SY 2507.23270
cs.SY 2507.23339
cs.SY 2507.23350
cs.SY 2507.23445
cs.SY 2507.23546
cs.SY 2507.23592
cs.SY 2507.23686
cs.SY 2507.23013
cs.SY 2507.23076
cs.SY 2507.23078
cs.SY 2507.23139
cs.SY 2507.23147
cs.SY 2507.23280
cs.SY 2507.23308
cs.SY 2507.23396
cs.SY 2507.23401
cs.SY 2507.23489
cs.SY 2507.23571
cs.SY 2507.23591
eess.AS 2507.13164
eess.AS 2507.13563
eess.AS 2507.13572
eess.AS 2507.13863
eess.AS 2507.13875
eess.AS 2507.13977
eess.AS 2507.14129
eess.AS 2507.13626
eess.AS 2507.14044
eess.AS 2507.14215
eess.AS 2507.14237
eess.AS 2507.14638
eess.AS 2507.14647
eess.AS 2507.14915
eess.AS 2507.15101
eess.AS 2507.15214
eess.AS 2507.15221
eess.AS 2507.15272
eess.AS 2507.15375
eess.AS 2507.15396
eess.AS 2507.15523
eess.AS 2507.15558
eess.AS 2507.14346
eess.AS 2507.14451
eess.AS 2507.14534
eess.AS 2507.14898
eess.AS 2507.14988
eess.AS 2507.15229
eess.AS 2507.15517
eess.AS 2507.15970
eess.AS 2507.16136
eess.AS 2507.16190
eess.AS 2507.16564
eess.AS 2507.16632
eess.AS 2507.16724
eess.AS 2507.16104
eess.AS 2507.16456
eess.AS 2507.16843
eess.AS 2507.17288
eess.AS 2507.17297
eess.AS 2507.17527
eess.AS 2507.17563
eess.AS 2507.17682
eess.AS 2507.16832
eess.AS 2507.16834
eess.AS 2507.16835
eess.AS 2507.16836
eess.AS 2507.16838
eess.AS 2507.16845
eess.AS 2507.16875
eess.AS 2507.17208
eess.AS 2507.17540
eess.AS 2507.17735
eess.AS 2507.17851
eess.AS 2507.17918
eess.AS 2507.17937
eess.AS 2507.17941
eess.AS 2507.18051
eess.AS 2507.18061
eess.AS 2507.18119
eess.AS 2507.18334
eess.AS 2507.18352
eess.AS 2507.17765
eess.AS 2507.17799
eess.AS 2507.18161
eess.AS 2507.18181
eess.AS 2507.18350
eess.AS 2507.18446
cs.CV 2507.18640
cs.CV 2507.18647
cs.CV 2507.18654
cs.CV 2507.18664
cs.CV 2507.18681
cs.CV 2507.18740
cs.CV 2507.18808
cs.CV 2507.18830
cs.CV 2507.18895
cs.CV 2507.18915
cs.CV 2507.19035
cs.CV 2507.19041
cs.CV 2507.19074
cs.CV 2507.19089
cs.CV 2507.19125
cs.CV 2507.19132
cs.CV 2507.19138
cs.CV 2507.19165
cs.CV 2507.19172
cs.CV 2507.19186
cs.CV 2507.19197
cs.CV 2507.19199
cs.CV 2507.19201
cs.CV 2507.19225
cs.CV 2507.19230
cs.CV 2507.19282
cs.CV 2507.19284
cs.CV 2507.19328
cs.CV 2507.18645
cs.CV 2507.18649
cs.CV 2507.18650
cs.CV 2507.18653
cs.CV 2507.18655
cs.CV 2507.18656
cs.CV 2507.18657
cs.CV 2507.18660
cs.CV 2507.18661
cs.CV 2507.18667
cs.CV 2507.18675
cs.CV 2507.18677
cs.CV 2507.18678
cs.CV 2507.18713
cs.CV 2507.18741
cs.CV 2507.18743
cs.CV 2507.18758
cs.CV 2507.18763
cs.CV 2507.18788
cs.CV 2507.18815
cs.CV 2507.18838
cs.CV 2507.18848
cs.CV 2507.18863
cs.CV 2507.18870
cs.CV 2507.18881
cs.CV 2507.18911
cs.CV 2507.18921
cs.CV 2507.18923
cs.CV 2507.18925
cs.CV 2507.18929
cs.CV 2507.18939
cs.CV 2507.18944
cs.CV 2507.18958
cs.CV 2507.18966
cs.CV 2507.18967
cs.CV 2507.18988
cs.CV 2507.18997
cs.CV 2507.18998
cs.CV 2507.19002
cs.CV 2507.19004
cs.CV 2507.19024
cs.CV 2507.19045
cs.CV 2507.19052
cs.CV 2507.19054
cs.CV 2507.19058
cs.CV 2507.19059
cs.CV 2507.19064
cs.CV 2507.19071
cs.CV 2507.19076
cs.CV 2507.19077
cs.CV 2507.19098
cs.CV 2507.19110
cs.CV 2507.19118
cs.CV 2507.19119
cs.CV 2507.19121
cs.CV 2507.19131
cs.CV 2507.19140
cs.CV 2507.19141
cs.CV 2507.19175
cs.CV 2507.19184
cs.CV 2507.19188
cs.CV 2507.19209
cs.CV 2507.19213
cs.CV 2507.19232
cs.CV 2507.19239
cs.CV 2507.19253
cs.CV 2507.19262
cs.CV 2507.19264
cs.CV 2507.19272
cs.CV 2507.19280
cs.CV 2507.19292
cs.CV 2507.19296
cs.CV 2507.19304
cs.CV 2507.19321
cs.CV 2507.19354
cs.CV 2507.19359
cs.CV 2507.19360
cs.CV 2507.19362
cs.CV 2507.19370
cs.CV 2507.19398
cs.CV 2507.19409
cs.CV 2507.19418
cs.CV 2507.19420
cs.CV 2507.19451
cs.CV 2507.19459
cs.CV 2507.19468
cs.CV 2507.19469
cs.CV 2507.19474
cs.CV 2507.19478
cs.CV 2507.19481
cs.CV 2507.19489
cs.CV 2507.19490
cs.CV 2507.19492
cs.CV 2507.19546
cs.CV 2507.19551
cs.CV 2507.19565
cs.CV 2507.19634
cs.CV 2507.19684
cs.CV 2507.19734
cs.CV 2507.19759
cs.CV 2507.19781
cs.CV 2507.19830
cs.CV 2507.19836
cs.CV 2507.19839
cs.CV 2507.19843
cs.CV 2507.19858
cs.CV 2507.19887
cs.CV 2507.19905
cs.CV 2507.19926
cs.CV 2507.19969
cs.CV 2507.19970
cs.CV 2507.20034
cs.CV 2507.20200
cs.CV 2507.20217
cs.CV 2507.20221
cs.CV 2507.20230
cs.CV 2507.20447
cs.CV 2507.20589
cs.CV 2507.20620
cs.CV 2507.20746
cs.CV 2507.20749
cs.CV 2507.20765
cs.CV 2507.20800
cs.CV 2507.20973
cs.CV 2507.21049
cs.CV 2507.19574
cs.CV 2507.19575
cs.CV 2507.19590
cs.CV 2507.19592
cs.CV 2507.19599
cs.CV 2507.19621
cs.CV 2507.19626
cs.CV 2507.19673
cs.CV 2507.19679
cs.CV 2507.19682
cs.CV 2507.19691
cs.CV 2507.19705
cs.CV 2507.19730
cs.CV 2507.19738
cs.CV 2507.19754
cs.CV 2507.19770
cs.CV 2507.19773
cs.CV 2507.19778
cs.CV 2507.19780
cs.CV 2507.19789
cs.CV 2507.19790
cs.CV 2507.19795
cs.CV 2507.19804
cs.CV 2507.19807
cs.CV 2507.19808
cs.CV 2507.19818
cs.CV 2507.19821
cs.CV 2507.19840
cs.CV 2507.19847
cs.CV 2507.19850
cs.CV 2507.19852
cs.CV 2507.19856
cs.CV 2507.19870
cs.CV 2507.19874
cs.CV 2507.19875
cs.CV 2507.19878
cs.CV 2507.19881
cs.CV 2507.19891
cs.CV 2507.19908
cs.CV 2507.19912
cs.CV 2507.19917
cs.CV 2507.19924
cs.CV 2507.19931
cs.CV 2507.19939
cs.CV 2507.19946
cs.CV 2507.19948
cs.CV 2507.19949
cs.CV 2507.19950
cs.CV 2507.19956
cs.CV 2507.19961
cs.CV 2507.19993
cs.CV 2507.20017
cs.CV 2507.20025
cs.CV 2507.20028
cs.CV 2507.20056
cs.CV 2507.20077
cs.CV 2507.20083
cs.CV 2507.20094
cs.CV 2507.20099
cs.CV 2507.20104
cs.CV 2507.20110
cs.CV 2507.20117
cs.CV 2507.20120
cs.CV 2507.20125
cs.CV 2507.20126
cs.CV 2507.20146
cs.CV 2507.20148
cs.CV 2507.20156
cs.CV 2507.20158
cs.CV 2507.20163
cs.CV 2507.20170
cs.CV 2507.20174
cs.CV 2507.20177
cs.CV 2507.20180
cs.CV 2507.20186
cs.CV 2507.20188
cs.CV 2507.20197
cs.CV 2507.20198
cs.CV 2507.20216
cs.CV 2507.20220
cs.CV 2507.20224
cs.CV 2507.20239
cs.CV 2507.20240
cs.CV 2507.20254
cs.CV 2507.20259
cs.CV 2507.20284
cs.CV 2507.20286
cs.CV 2507.20291
cs.CV 2507.20311
cs.CV 2507.20331
cs.CV 2507.20337
cs.CV 2507.20356
cs.CV 2507.20363
cs.CV 2507.20368
cs.CV 2507.20388
cs.CV 2507.20389
cs.CV 2507.20397
cs.CV 2507.20404
cs.CV 2507.20414
cs.CV 2507.20418
cs.CV 2507.20452
cs.CV 2507.20454
cs.CV 2507.20469
cs.CV 2507.20480
cs.CV 2507.20506
cs.CV 2507.20507
cs.CV 2507.20511
cs.CV 2507.20512
cs.CV 2507.20518
cs.CV 2507.20519
cs.CV 2507.20529
cs.CV 2507.20531
cs.CV 2507.20536
cs.CV 2507.20548
cs.CV 2507.20557
cs.CV 2507.20562
cs.CV 2507.20568
cs.CV 2507.20574
cs.CV 2507.20579
cs.CV 2507.20582
cs.CV 2507.20590
cs.CV 2507.20608
cs.CV 2507.20623
cs.CV 2507.20629
cs.CV 2507.20630
cs.CV 2507.20632
cs.CV 2507.20670
cs.CV 2507.20680
cs.CV 2507.20689
cs.CV 2507.20721
cs.CV 2507.20729
cs.CV 2507.20737
cs.CV 2507.20740
cs.CV 2507.20745
cs.CV 2507.20757
cs.CV 2507.20763
cs.CV 2507.20764
cs.CV 2507.20766
cs.CV 2507.20776
cs.CV 2507.20782
cs.CV 2507.20798
cs.CV 2507.20808
cs.CV 2507.20809
cs.CV 2507.20834
cs.CV 2507.20842
cs.CV 2507.20854
cs.CV 2507.20855
cs.CV 2507.20860
cs.CV 2507.20872
cs.CV 2507.20879
cs.CV 2507.20881
cs.CV 2507.20884
cs.CV 2507.20890
cs.CV 2507.20901
cs.CV 2507.20907
cs.CV 2507.20913
cs.CV 2507.20920
cs.CV 2507.20934
cs.CV 2507.20939
cs.CV 2507.20953
cs.CV 2507.20963
cs.CV 2507.20976
cs.CV 2507.20980
cs.CV 2507.20987
cs.CV 2507.20994
cs.CV 2507.20996
cs.CV 2507.21015
cs.CV 2507.21018
cs.CV 2507.21033
cs.CV 2507.21045
cs.CV 2507.20650
cs.CV 2507.21100
cs.CV 2507.21114
cs.CV 2507.21156
cs.CV 2507.21157
cs.CV 2507.21165
cs.CV 2507.21205
cs.CV 2507.21503
cs.CV 2507.21516
cs.CV 2507.21540
cs.CV 2507.21588
cs.CV 2507.21610
cs.CV 2507.21802
cs.CV 2507.21863
cs.CV 2507.22017
cs.CV 2507.22024
cs.CV 2507.22025
cs.CV 2507.22030
cs.CV 2507.22039
cs.CV 2507.21069
cs.CV 2507.21161
cs.CV 2507.21167
cs.CV 2507.21200
cs.CV 2507.21246
cs.CV 2507.21247
cs.CV 2507.21256
cs.CV 2507.21261
cs.CV 2507.21291
cs.CV 2507.21311
cs.CV 2507.21328
cs.CV 2507.21335
cs.CV 2507.21349
cs.CV 2507.21353
cs.CV 2507.21358
cs.CV 2507.21364
cs.CV 2507.21367
cs.CV 2507.21371
cs.CV 2507.21391
cs.CV 2507.21420
cs.CV 2507.21423
cs.CV 2507.21440
cs.CV 2507.21450
cs.CV 2507.21455
cs.CV 2507.21460
cs.CV 2507.21489
cs.CV 2507.21507
cs.CV 2507.21521
cs.CV 2507.21529
cs.CV 2507.21530
cs.CV 2507.21541
cs.CV 2507.21555
cs.CV 2507.21567
cs.CV 2507.21573
cs.CV 2507.21584
cs.CV 2507.21587
cs.CV 2507.21600
cs.CV 2507.21606
cs.CV 2507.21608
cs.CV 2507.21611
cs.CV 2507.21619
cs.CV 2507.21627
cs.CV 2507.21649
cs.CV 2507.21665
cs.CV 2507.21690
cs.CV 2507.21703
cs.CV 2507.21715
cs.CV 2507.21723
cs.CV 2507.21732
cs.CV 2507.21741
cs.CV 2507.21742
cs.CV 2507.21745
cs.CV 2507.21756
cs.CV 2507.21761
cs.CV 2507.21778
cs.CV 2507.21786
cs.CV 2507.21794
cs.CV 2507.21809
cs.CV 2507.21820
cs.CV 2507.21844
cs.CV 2507.21857
cs.CV 2507.21858
cs.CV 2507.21888
cs.CV 2507.21893
cs.CV 2507.21905
cs.CV 2507.21912
cs.CV 2507.21917
cs.CV 2507.21922
cs.CV 2507.21924
cs.CV 2507.21945
cs.CV 2507.21947
cs.CV 2507.21949
cs.CV 2507.21959
cs.CV 2507.21960
cs.CV 2507.21968
cs.CV 2507.21971
cs.CV 2507.21977
cs.CV 2507.21985
cs.CV 2507.22000
cs.CV 2507.22002
cs.CV 2507.22003
cs.CV 2507.22008
cs.CV 2507.22020
cs.CV 2507.22028
cs.CV 2507.22041
cs.CV 2507.22052
cs.CV 2507.22057
cs.CV 2507.22058
cs.CV 2507.22059
cs.CV 2507.22061
cs.CV 2507.22062
cs.CV 2507.22092
cs.CV 2507.22336
cs.CV 2507.22378
cs.CV 2507.22420
cs.CV 2507.22428
cs.CV 2507.22446
cs.CV 2507.22481
cs.CV 2507.22523
cs.CV 2507.22527
cs.CV 2507.22567
cs.CV 2507.22617
cs.CV 2507.22635
cs.CV 2507.22691
cs.CV 2507.22832
cs.CV 2507.22859
cs.CV 2507.22099
cs.CV 2507.22100
cs.CV 2507.22101
cs.CV 2507.22136
cs.CV 2507.22152
cs.CV 2507.22194
cs.CV 2507.22264
cs.CV 2507.22274
cs.CV 2507.22291
cs.CV 2507.22316
cs.CV 2507.22321
cs.CV 2507.22342
cs.CV 2507.22346
cs.CV 2507.22353
cs.CV 2507.22360
cs.CV 2507.22361
cs.CV 2507.22369
cs.CV 2507.22393
cs.CV 2507.22398
cs.CV 2507.22404
cs.CV 2507.22407
cs.CV 2507.22412
cs.CV 2507.22418
cs.CV 2507.22421
cs.CV 2507.22431
cs.CV 2507.22438
cs.CV 2507.22454
cs.CV 2507.22459
cs.CV 2507.22465
cs.CV 2507.22469
cs.CV 2507.22477
cs.CV 2507.22480
cs.CV 2507.22498
cs.CV 2507.22501
cs.CV 2507.22512
cs.CV 2507.22522
cs.CV 2507.22530
cs.CV 2507.22553
cs.CV 2507.22568
cs.CV 2507.22576
cs.CV 2507.22601
cs.CV 2507.22604
cs.CV 2507.22607
cs.CV 2507.22615
cs.CV 2507.22626
cs.CV 2507.22627
cs.CV 2507.22650
cs.CV 2507.22668
cs.CV 2507.22675
cs.CV 2507.22685
cs.CV 2507.22692
cs.CV 2507.22699
cs.CV 2507.22733
cs.CV 2507.22742
cs.CV 2507.22781
cs.CV 2507.22791
cs.CV 2507.22792
cs.CV 2507.22802
cs.CV 2507.22805
cs.CV 2507.22813
cs.CV 2507.22817
cs.CV 2507.22824
cs.CV 2507.22825
cs.CV 2507.22827
cs.CV 2507.22828
cs.CV 2507.22872
cs.CV 2507.22873
cs.CV 2507.22885
cs.CV 2507.22886
cs.CV 2507.22896
cs.CV 2507.22929
cs.CV 2507.22952
cs.CV 2507.23000
cs.CV 2507.23001
cs.CV 2507.23002
cs.CV 2507.23010
cs.CV 2507.23110
cs.CV 2507.23129
cs.CV 2507.23150
cs.CV 2507.23154
cs.CV 2507.23190
cs.CV 2507.23219
cs.CV 2507.23256
cs.CV 2507.23273
cs.CV 2507.23359
cs.CV 2507.23382
cs.CV 2507.23398
cs.CV 2507.23497
cs.CV 2507.23521
cs.CV 2507.23523
cs.CV 2507.23534
cs.CV 2507.23540
cs.CV 2507.23544
cs.CV 2507.23611
cs.CV 2507.23648
cs.CV 2507.23676
cs.CV 2507.23763
cs.CV 2507.23771
cs.CV 2507.23777
cs.CV 2507.22958
cs.CV 2507.23006
cs.CV 2507.23021
cs.CV 2507.23027
cs.CV 2507.23033
cs.CV 2507.23042
cs.CV 2507.23058
cs.CV 2507.23064
cs.CV 2507.23070
cs.CV 2507.23134
cs.CV 2507.23143
cs.CV 2507.23162
cs.CV 2507.23174
cs.CV 2507.23185
cs.CV 2507.23188
cs.CV 2507.23193
cs.CV 2507.23202
cs.CV 2507.23206
cs.CV 2507.23225
cs.CV 2507.23226
cs.CV 2507.23237
cs.CV 2507.23242
cs.CV 2507.23245
cs.CV 2507.23251
cs.CV 2507.23253
cs.CV 2507.23263
cs.CV 2507.23268
cs.CV 2507.23272
cs.CV 2507.23277
cs.CV 2507.23278
cs.CV 2507.23284
cs.CV 2507.23295
cs.CV 2507.23300
cs.CV 2507.23307
cs.CV 2507.23309
cs.CV 2507.23311
cs.CV 2507.23313
cs.CV 2507.23315
cs.CV 2507.23318
cs.CV 2507.23325
cs.CV 2507.23326
cs.CV 2507.23331
cs.CV 2507.23340
cs.CV 2507.23341
cs.CV 2507.23343
cs.CV 2507.23357
cs.CV 2507.23362
cs.CV 2507.23371
cs.CV 2507.23372
cs.CV 2507.23373
cs.CV 2507.23374
cs.CV 2507.23402
cs.CV 2507.23411
cs.CV 2507.23416
cs.CV 2507.23436
cs.CV 2507.23447
cs.CV 2507.23455
cs.CV 2507.23461
cs.CV 2507.23473
cs.CV 2507.23478
cs.CV 2507.23479
cs.CV 2507.23480
cs.CV 2507.23483
cs.CV 2507.23487
cs.CV 2507.23508
cs.CV 2507.23509
cs.CV 2507.23543
cs.CV 2507.23567
cs.CV 2507.23569
cs.CV 2507.23575
cs.CV 2507.23595
cs.CV 2507.23597
cs.CV 2507.23599
cs.CV 2507.23601
cs.CV 2507.23608
cs.CV 2507.23609
cs.CV 2507.23620
cs.CV 2507.23642
cs.CV 2507.23643
cs.CV 2507.23652
cs.CV 2507.23657
cs.CV 2507.23673
cs.CV 2507.23683
cs.CV 2507.23685
cs.CV 2507.23704
cs.CV 2507.23709
cs.CV 2507.23715
cs.CV 2507.23734
cs.CV 2507.23755
cs.CV 2507.23772
cs.CV 2507.23778
cs.CV 2507.23779
cs.CV 2507.23782
cs.CV 2507.23784
cs.CV 2507.23785
stat.TH 2507.18951
stat.TH 2507.19169
stat.TH 2507.19215
stat.TH 2507.19259
stat.TH 2507.19423
stat.TH 2507.18686
stat.TH 2507.18737
stat.TH 2507.18749
stat.TH 2507.19294
stat.TH 2507.19413
stat.TH 2507.19696
stat.TH 2507.20001
stat.TH 2507.20024
stat.TH 2507.20079
stat.TH 2507.20459
stat.TH 2507.20609
stat.TH 2507.20982
stat.TH 2507.19611
stat.TH 2507.19633
stat.TH 2507.19978
stat.TH 2507.20379
stat.TH 2507.21022
stat.TH 2507.21465
stat.TH 2507.21508
stat.TH 2507.21769
stat.TH 2507.21840
stat.TH 2507.21874
stat.TH 2507.21878
stat.TH 2507.22170
stat.TH 2507.22422
stat.TH 2507.22747
stat.TH 2507.22869
stat.TH 2507.22202
stat.TH 2507.23056
stat.TH 2507.23495
stat.TH 2507.23140
stat.TH 2507.23285
stat.TH 2507.23490
stat.TH 2507.23646
eess.SP 2507.19168
eess.SP 2507.19202
eess.SP 2507.18673
eess.SP 2507.18730
eess.SP 2507.18733
eess.SP 2507.18764
eess.SP 2507.18793
eess.SP 2507.18927
eess.SP 2507.18943
eess.SP 2507.18980
eess.SP 2507.19149
eess.SP 2507.19173
eess.SP 2507.19181
eess.SP 2507.19327
eess.SP 2507.19608
eess.SP 2507.19736
eess.SP 2507.19822
eess.SP 2507.19941
eess.SP 2507.20023
eess.SP 2507.20027
eess.SP 2507.20268
eess.SP 2507.20399
eess.SP 2507.20426
eess.SP 2507.20477
eess.SP 2507.20792
eess.SP 2507.20846
eess.SP 2507.20966
eess.SP 2507.21023
eess.SP 2507.19546
eess.SP 2507.19763
eess.SP 2507.19785
eess.SP 2507.19812
eess.SP 2507.19837
eess.SP 2507.19910
eess.SP 2507.19936
eess.SP 2507.19984
eess.SP 2507.19996
eess.SP 2507.20189
eess.SP 2507.20283
eess.SP 2507.20392
eess.SP 2507.20408
eess.SP 2507.20489
eess.SP 2507.20587
eess.SP 2507.20648
eess.SP 2507.20651
eess.SP 2507.20657
eess.SP 2507.20664
eess.SP 2507.20789
eess.SP 2507.20825
eess.SP 2507.20942
eess.SP 2507.20952
eess.SP 2507.21119
eess.SP 2507.21363
eess.SP 2507.21776
eess.SP 2507.21785
eess.SP 2507.21886
eess.SP 2507.21347
eess.SP 2507.21454
eess.SP 2507.21511
eess.SP 2507.21527
eess.SP 2507.21570
eess.SP 2507.21593
eess.SP 2507.21626
eess.SP 2507.21635
eess.SP 2507.21644
eess.SP 2507.21696
eess.SP 2507.21698
eess.SP 2507.21704
eess.SP 2507.21879
eess.SP 2507.21956
eess.SP 2507.22013
eess.SP 2507.22027
eess.SP 2507.22313
eess.SP 2507.22591
eess.SP 2507.22648
eess.SP 2507.22750
eess.SP 2507.22851
eess.SP 2507.22141
eess.SP 2507.22263
eess.SP 2507.22343
eess.SP 2507.22400
eess.SP 2507.22513
eess.SP 2507.22567
eess.SP 2507.22573
eess.SP 2507.22616
eess.SP 2507.22656
eess.SP 2507.22727
eess.SP 2507.22964
eess.SP 2507.23200
eess.SP 2507.23224
eess.SP 2507.23234
eess.SP 2507.23296
eess.SP 2507.23419
eess.SP 2507.23528
eess.SP 2507.23556
eess.SP 2507.23579
eess.SP 2507.23702
eess.SP 2507.22906
eess.SP 2507.22909
eess.SP 2507.23057
eess.SP 2507.23235
eess.SP 2507.23236
eess.SP 2507.23381
eess.SP 2507.23518
eess.SP 2507.23526
eess.SP 2507.23570
eess.SP 2507.23695
eess.SP 2507.23707
eess.SP 2507.23746
math.OC 2507.18780
math.OC 2507.19150
math.OC 2507.19458
math.OC 2507.18732
math.OC 2507.18856
math.OC 2507.18909
math.OC 2507.19112
math.OC 2507.19123
math.OC 2507.19210
math.OC 2507.19221
math.OC 2507.19224
math.OC 2507.19325
math.OC 2507.19344
math.OC 2507.19465
math.OC 2507.19532
math.OC 2507.19611
math.OC 2507.19627
math.OC 2507.19661
math.OC 2507.19824
math.OC 2507.19884
math.OC 2507.19907
math.OC 2507.19918
math.OC 2507.20088
math.OC 2507.20488
math.OC 2507.20621
math.OC 2507.20652
math.OC 2507.20708
math.OC 2507.19508
math.OC 2507.19533
math.OC 2507.19538
math.OC 2507.19541
math.OC 2507.19560
math.OC 2507.19620
math.OC 2507.19644
math.OC 2507.19694
math.OC 2507.19746
math.OC 2507.19765
math.OC 2507.19809
math.OC 2507.19895
math.OC 2507.19959
math.OC 2507.19965
math.OC 2507.20029
math.OC 2507.20075
math.OC 2507.20171
math.OC 2507.20183
math.OC 2507.20339
math.OC 2507.20386
math.OC 2507.20400
math.OC 2507.20465
math.OC 2507.20501
math.OC 2507.20515
math.OC 2507.20611
math.OC 2507.20686
math.OC 2507.20698
math.OC 2507.20702
math.OC 2507.20717
math.OC 2507.20769
math.OC 2507.20773
math.OC 2507.20844
math.OC 2507.20898
math.OC 2507.20958
math.OC 2507.20959
math.OC 2507.20981
math.OC 2507.21154
math.OC 2507.21441
math.OC 2507.21701
math.OC 2507.22040
math.OC 2507.22042
math.OC 2507.22045
math.OC 2507.21281
math.OC 2507.21425
math.OC 2507.21436
math.OC 2507.21495
math.OC 2507.21543
math.OC 2507.21547
math.OC 2507.21574
math.OC 2507.21576
math.OC 2507.21603
math.OC 2507.21624
math.OC 2507.21676
math.OC 2507.21726
math.OC 2507.21901
math.OC 2507.21932
math.OC 2507.21933
math.OC 2507.21944
math.OC 2507.22176
math.OC 2507.22396
math.OC 2507.22539
math.OC 2507.22854
math.OC 2507.22857
math.OC 2507.22147
math.OC 2507.22185
math.OC 2507.22235
math.OC 2507.22243
math.OC 2507.22277
math.OC 2507.22311
math.OC 2507.22327
math.OC 2507.22335
math.OC 2507.22340
math.OC 2507.22355
math.OC 2507.22357
math.OC 2507.22385
math.OC 2507.22390
math.OC 2507.22737
math.OC 2507.22855
math.OC 2507.23017
math.OC 2507.23443
math.OC 2507.23512
math.OC 2507.23054
math.OC 2507.23094
math.OC 2507.23155
math.OC 2507.23390
math.OC 2507.23395
math.OC 2507.23423
math.OC 2507.23558
math.OC 2507.23711
math.OC 2507.23725
eess.IV 2507.18655
eess.IV 2507.18944
eess.IV 2507.18850
eess.IV 2507.19138
eess.IV 2507.19155
eess.IV 2507.19165
eess.IV 2507.19199
eess.IV 2507.19282
eess.IV 2507.19404
eess.IV 2507.19493
eess.IV 2507.19822
eess.IV 2507.20186
eess.IV 2507.20507
eess.IV 2507.20884
eess.IV 2507.19566
eess.IV 2507.19636
eess.IV 2507.19734
eess.IV 2507.19781
eess.IV 2507.19843
eess.IV 2507.19858
eess.IV 2507.19970
eess.IV 2507.20102
eess.IV 2507.20575
eess.IV 2507.20765
eess.IV 2507.21060
eess.IV 2507.21164
eess.IV 2507.21200
eess.IV 2507.21926
eess.IV 2507.21156
eess.IV 2507.21165
eess.IV 2507.21516
eess.IV 2507.21816
eess.IV 2507.21863
eess.IV 2507.22017
eess.IV 2507.22024
eess.IV 2507.22030
eess.IV 2507.22092
eess.IV 2507.22263
eess.IV 2507.22374
eess.IV 2507.22407
eess.IV 2507.22454
eess.IV 2507.22501
eess.IV 2507.22336
eess.IV 2507.22378
eess.IV 2507.22481
eess.IV 2507.22523
eess.IV 2507.22635
eess.IV 2507.22691
eess.IV 2507.22790
eess.IV 2507.22954
eess.IV 2507.23185
eess.IV 2507.23236
eess.IV 2507.23343
eess.IV 2507.22953
eess.IV 2507.23001
eess.IV 2507.23065
eess.IV 2507.23129
eess.IV 2507.23219
eess.IV 2507.23224
eess.IV 2507.23256
eess.IV 2507.23359
eess.IV 2507.23398
eess.IV 2507.23521
eess.IV 2507.23648
eess.IV 2507.23763
nlin.AO 2507.20837
nlin.AO 2507.20911
nlin.AO 2507.21478
nlin.AO 2507.21984
nlin.AO 2507.23384
nlin.AO 2507.23596
nlin.AO 2507.23621
nlin.AO 2507.23525
cs.CR 2507.18657
cs.CR 2507.18988
cs.CR 2507.19219
cs.CR 2507.19411
cs.CR 2507.18774
cs.CR 2507.18801
cs.CR 2507.19032
cs.CR 2507.19055
cs.CR 2507.19060
cs.CR 2507.19185
cs.CR 2507.19295
cs.CR 2507.19367
cs.CR 2507.19391
cs.CR 2507.19399
cs.CR 2507.19598
cs.CR 2507.19695
cs.CR 2507.20087
cs.CR 2507.20417
cs.CR 2507.20502
cs.CR 2507.20704
cs.CR 2507.20806
cs.CR 2507.20977
cs.CR 2507.19484
cs.CR 2507.19609
cs.CR 2507.19880
cs.CR 2507.19905
cs.CR 2507.19976
cs.CR 2507.20014
cs.CR 2507.20074
cs.CR 2507.20175
cs.CR 2507.20361
cs.CR 2507.20434
cs.CR 2507.20554
cs.CR 2507.20650
cs.CR 2507.20672
cs.CR 2507.20676
cs.CR 2507.20688
cs.CR 2507.20851
cs.CR 2507.20873
cs.CR 2507.20891
cs.CR 2507.21038
cs.CR 2507.21325
cs.CR 2507.21985
cs.CR 2507.21060
cs.CR 2507.21061
cs.CR 2507.21068
cs.CR 2507.21085
cs.CR 2507.21087
cs.CR 2507.21092
cs.CR 2507.21094
cs.CR 2507.21096
cs.CR 2507.21097
cs.CR 2507.21101
cs.CR 2507.21111
cs.CR 2507.21113
cs.CR 2507.21122
cs.CR 2507.21128
cs.CR 2507.21133
cs.CR 2507.21139
cs.CR 2507.21142
cs.CR 2507.21145
cs.CR 2507.21146
cs.CR 2507.21150
cs.CR 2507.21151
cs.CR 2507.21154
cs.CR 2507.21157
cs.CR 2507.21163
cs.CR 2507.21170
cs.CR 2507.21177
cs.CR 2507.21178
cs.CR 2507.21181
cs.CR 2507.21182
cs.CR 2507.21193
cs.CR 2507.21195
cs.CR 2507.21258
cs.CR 2507.21387
cs.CR 2507.21398
cs.CR 2507.21412
cs.CR 2507.21483
cs.CR 2507.21538
cs.CR 2507.21540
cs.CR 2507.21591
cs.CR 2507.21640
cs.CR 2507.21731
cs.CR 2507.21817
cs.CR 2507.21904
cs.CR 2507.22037
cs.CR 2507.18365
cs.CR 2507.22065
cs.CR 2507.22066
cs.CR 2507.22077
cs.CR 2507.22140
cs.CR 2507.22153
cs.CR 2507.22226
cs.CR 2507.22265
cs.CR 2507.22309
cs.CR 2507.22535
cs.CR 2507.22133
cs.CR 2507.22160
cs.CR 2507.22165
cs.CR 2507.22171
cs.CR 2507.22177
cs.CR 2507.22231
cs.CR 2507.22239
cs.CR 2507.22304
cs.CR 2507.22306
cs.CR 2507.22347
cs.CR 2507.22371
cs.CR 2507.22447
cs.CR 2507.22611
cs.CR 2507.22617
cs.CR 2507.22674
cs.CR 2507.22772
cs.CR 2507.23002
cs.CR 2507.23432
cs.CR 2507.23608
cs.CR 2507.23229
cs.CR 2507.23453
cs.CR 2507.23611
cs.CR 2507.23641
astro-ph.IM 2507.18683
astro-ph.IM 2507.19063
astro-ph.IM 2507.19223
astro-ph.IM 2507.18663
astro-ph.IM 2507.18665
astro-ph.IM 2507.18679
astro-ph.IM 2507.18682
astro-ph.IM 2507.18869
astro-ph.IM 2507.19150
astro-ph.IM 2507.19386
astro-ph.IM 2507.19520
astro-ph.IM 2507.19535
astro-ph.IM 2507.20256
astro-ph.IM 2507.20365
astro-ph.IM 2507.20978
astro-ph.IM 2507.20986
astro-ph.IM 2507.20990
astro-ph.IM 2507.19505
astro-ph.IM 2507.19921
astro-ph.IM 2507.19958
astro-ph.IM 2507.19997
astro-ph.IM 2507.20555
astro-ph.IM 2507.20846
astro-ph.IM 2507.20908
astro-ph.IM 2507.20972
astro-ph.IM 2507.21402
astro-ph.IM 2507.21409
astro-ph.IM 2507.21443
astro-ph.IM 2507.21541
astro-ph.IM 2507.21751
astro-ph.IM 2507.21812
astro-ph.IM 2507.21239
astro-ph.IM 2507.21270
astro-ph.IM 2507.21275
astro-ph.IM 2507.21380
astro-ph.IM 2507.21618
astro-ph.IM 2507.21682
astro-ph.IM 2507.21711
astro-ph.IM 2507.21767
astro-ph.IM 2507.22104
astro-ph.IM 2507.22145
astro-ph.IM 2507.22156
astro-ph.IM 2507.22196
astro-ph.IM 2507.22864
astro-ph.IM 2507.22866
astro-ph.IM 2507.22106
astro-ph.IM 2507.22128
astro-ph.IM 2507.22560
astro-ph.IM 2507.22585
astro-ph.IM 2507.22669
astro-ph.IM 2507.22751
astro-ph.IM 2507.22990
astro-ph.IM 2507.23126
astro-ph.IM 2507.23662
astro-ph.IM 2507.23472
astro-ph.IM 2507.23738
cs.LG 2507.18378
cs.LG 2507.18643
cs.LG 2507.18644
cs.LG 2507.18653
cs.LG 2507.18675
cs.LG 2507.18700
cs.LG 2507.18723
cs.LG 2507.18732
cs.LG 2507.18738
cs.LG 2507.18769
cs.LG 2507.18771
cs.LG 2507.18788
cs.LG 2507.18800
cs.LG 2507.18803
cs.LG 2507.18827
cs.LG 2507.18830
cs.LG 2507.18849
cs.LG 2507.18857
cs.LG 2507.18903
cs.LG 2507.18910
cs.LG 2507.18937
cs.LG 2507.18967
cs.LG 2507.18972
cs.LG 2507.18973
cs.LG 2507.18993
cs.LG 2507.19054
cs.LG 2507.19060
cs.LG 2507.19093
cs.LG 2507.19102
cs.LG 2507.19143
cs.LG 2507.19151
cs.LG 2507.19181
cs.LG 2507.19195
cs.LG 2507.19202
cs.LG 2507.19261
cs.LG 2507.19290
cs.LG 2507.19298
cs.LG 2507.19300
cs.LG 2507.19316
cs.LG 2507.19321
cs.LG 2507.19354
cs.LG 2507.19362
cs.LG 2507.19372
cs.LG 2507.19420
cs.LG 2507.19423
cs.LG 2507.19438
cs.LG 2507.19457
cs.LG 2507.19458
cs.LG 2507.19459
cs.LG 2507.19465
cs.LG 2507.19473
cs.LG 2507.18654
cs.LG 2507.18668
cs.LG 2507.18671
cs.LG 2507.18680
cs.LG 2507.18681
cs.LG 2507.18725
cs.LG 2507.18756
cs.LG 2507.18794
cs.LG 2507.18804
cs.LG 2507.18807
cs.LG 2507.18809
cs.LG 2507.18811
cs.LG 2507.18813
cs.LG 2507.18858
cs.LG 2507.18866
cs.LG 2507.18867
cs.LG 2507.18926
cs.LG 2507.18975
cs.LG 2507.18983
cs.LG 2507.18987
cs.LG 2507.18989
cs.LG 2507.18992
cs.LG 2507.18996
cs.LG 2507.19003
cs.LG 2507.19017
cs.LG 2507.19031
cs.LG 2507.19036
cs.LG 2507.19046
cs.LG 2507.19057
cs.LG 2507.19085
cs.LG 2507.19095
cs.LG 2507.19116
cs.LG 2507.19144
cs.LG 2507.19168
cs.LG 2507.19174
cs.LG 2507.19197
cs.LG 2507.19205
cs.LG 2507.19211
cs.LG 2507.19233
cs.LG 2507.19247
cs.LG 2507.19334
cs.LG 2507.19346
cs.LG 2507.19349
cs.LG 2507.19365
cs.LG 2507.19368
cs.LG 2507.19402
cs.LG 2507.19408
cs.LG 2507.19411
cs.LG 2507.19427
cs.LG 2507.19437
cs.LG 2507.19455
cs.LG 2507.19477
cs.LG 2507.19511
cs.LG 2507.19521
cs.LG 2507.19535
cs.LG 2507.19540
cs.LG 2507.19559
cs.LG 2507.19565
cs.LG 2507.19568
cs.LG 2507.19575
cs.LG 2507.19586
cs.LG 2507.19598
cs.LG 2507.19611
cs.LG 2507.19629
cs.LG 2507.19648
cs.LG 2507.19653
cs.LG 2507.19663
cs.LG 2507.19672
cs.LG 2507.19702
cs.LG 2507.19712
cs.LG 2507.19718
cs.LG 2507.19726
cs.LG 2507.19734
cs.LG 2507.19742
cs.LG 2507.19747
cs.LG 2507.19759
cs.LG 2507.19774
cs.LG 2507.19781
cs.LG 2507.19787
cs.LG 2507.19795
cs.LG 2507.19798
cs.LG 2507.19799
cs.LG 2507.19805
cs.LG 2507.19823
cs.LG 2507.19843
cs.LG 2507.19858
cs.LG 2507.19861
cs.LG 2507.19895
cs.LG 2507.19898
cs.LG 2507.19909
cs.LG 2507.19936
cs.LG 2507.19947
cs.LG 2507.19970
cs.LG 2507.19975
cs.LG 2507.19978
cs.LG 2507.19988
cs.LG 2507.19991
cs.LG 2507.20021
cs.LG 2507.20036
cs.LG 2507.20052
cs.LG 2507.20058
cs.LG 2507.20059
cs.LG 2507.20067
cs.LG 2507.20110
cs.LG 2507.20133
cs.LG 2507.20150
cs.LG 2507.20161
cs.LG 2507.20189
cs.LG 2507.20284
cs.LG 2507.20295
cs.LG 2507.20312
cs.LG 2507.20333
cs.LG 2507.20353
cs.LG 2507.20382
cs.LG 2507.20403
cs.LG 2507.20419
cs.LG 2507.20454
cs.LG 2507.20463
cs.LG 2507.20468
cs.LG 2507.20474
cs.LG 2507.20494
cs.LG 2507.20520
cs.LG 2507.20560
cs.LG 2507.20577
cs.LG 2507.20601
cs.LG 2507.20613
cs.LG 2507.20658
cs.LG 2507.20666
cs.LG 2507.20670
cs.LG 2507.20728
cs.LG 2507.20752
cs.LG 2507.20753
cs.LG 2507.20796
cs.LG 2507.20805
cs.LG 2507.20810
cs.LG 2507.20871
cs.LG 2507.20872
cs.LG 2507.20873
cs.LG 2507.20930
cs.LG 2507.20941
cs.LG 2507.20958
cs.LG 2507.20964
cs.LG 2507.20966
cs.LG 2507.20975
cs.LG 2507.20977
cs.LG 2507.21018
cs.LG 2507.21035
cs.LG 2507.19510
cs.LG 2507.19513
cs.LG 2507.19514
cs.LG 2507.19515
cs.LG 2507.19517
cs.LG 2507.19518
cs.LG 2507.19519
cs.LG 2507.19520
cs.LG 2507.19522
cs.LG 2507.19523
cs.LG 2507.19524
cs.LG 2507.19525
cs.LG 2507.19526
cs.LG 2507.19527
cs.LG 2507.19529
cs.LG 2507.19530
cs.LG 2507.19534
cs.LG 2507.19536
cs.LG 2507.19539
cs.LG 2507.19547
cs.LG 2507.19561
cs.LG 2507.19627
cs.LG 2507.19635
cs.LG 2507.19639
cs.LG 2507.19680
cs.LG 2507.19684
cs.LG 2507.19686
cs.LG 2507.19697
cs.LG 2507.19700
cs.LG 2507.19715
cs.LG 2507.19737
cs.LG 2507.19755
cs.LG 2507.19771
cs.LG 2507.19803
cs.LG 2507.19822
cs.LG 2507.19839
cs.LG 2507.19844
cs.LG 2507.19846
cs.LG 2507.19849
cs.LG 2507.19855
cs.LG 2507.19873
cs.LG 2507.19887
cs.LG 2507.19894
cs.LG 2507.19964
cs.LG 2507.19968
cs.LG 2507.20008
cs.LG 2507.20016
cs.LG 2507.20048
cs.LG 2507.20051
cs.LG 2507.20057
cs.LG 2507.20060
cs.LG 2507.20061
cs.LG 2507.20065
cs.LG 2507.20068
cs.LG 2507.20072
cs.LG 2507.20078
cs.LG 2507.20088
cs.LG 2507.20089
cs.LG 2507.20096
cs.LG 2507.20108
cs.LG 2507.20112
cs.LG 2507.20114
cs.LG 2507.20127
cs.LG 2507.20130
cs.LG 2507.20144
cs.LG 2507.20164
cs.LG 2507.20191
cs.LG 2507.20202
cs.LG 2507.20243
cs.LG 2507.20263
cs.LG 2507.20268
cs.LG 2507.20272
cs.LG 2507.20326
cs.LG 2507.20335
cs.LG 2507.20349
cs.LG 2507.20351
cs.LG 2507.20357
cs.LG 2507.20362
cs.LG 2507.20364
cs.LG 2507.20369
cs.LG 2507.20373
cs.LG 2507.20378
cs.LG 2507.20424
cs.LG 2507.20426
cs.LG 2507.20433
cs.LG 2507.20440
cs.LG 2507.20443
cs.LG 2507.20446
cs.LG 2507.20447
cs.LG 2507.20453
cs.LG 2507.20459
cs.LG 2507.20460
cs.LG 2507.20478
cs.LG 2507.20490
cs.LG 2507.20498
cs.LG 2507.20499
cs.LG 2507.20503
cs.LG 2507.20505
cs.LG 2507.20513
cs.LG 2507.20533
cs.LG 2507.20534
cs.LG 2507.20542
cs.LG 2507.20571
cs.LG 2507.20573
cs.LG 2507.20576
cs.LG 2507.20592
cs.LG 2507.20644
cs.LG 2507.20678
cs.LG 2507.20708
cs.LG 2507.20714
cs.LG 2507.20718
cs.LG 2507.20836
cs.LG 2507.20838
cs.LG 2507.20840
cs.LG 2507.20853
cs.LG 2507.20862
cs.LG 2507.20894
cs.LG 2507.20919
cs.LG 2507.20925
cs.LG 2507.20929
cs.LG 2507.20936
cs.LG 2507.20954
cs.LG 2507.20967
cs.LG 2507.20968
cs.LG 2507.20973
cs.LG 2507.20984
cs.LG 2507.20993
cs.LG 2507.20997
cs.LG 2507.20999
cs.LG 2507.21004
cs.LG 2507.21016
cs.LG 2507.21021
cs.LG 2507.21023
cs.LG 2507.21024
cs.LG 2507.21037
cs.LG 2507.21040
cs.LG 2507.21049
cs.LG 2507.21053
cs.LG 2507.21054
cs.LG 2507.21065
cs.LG 2507.21084
cs.LG 2507.21112
cs.LG 2507.21115
cs.LG 2507.21118
cs.LG 2507.21123
cs.LG 2507.21124
cs.LG 2507.21125
cs.LG 2507.21132
cs.LG 2507.21134
cs.LG 2507.21138
cs.LG 2507.21156
cs.LG 2507.21159
cs.LG 2507.21161
cs.LG 2507.21162
cs.LG 2507.21163
cs.LG 2507.21168
cs.LG 2507.21177
cs.LG 2507.21186
cs.LG 2507.21193
cs.LG 2507.21200
cs.LG 2507.21202
cs.LG 2507.21203
cs.LG 2507.21206
cs.LG 2507.21222
cs.LG 2507.21225
cs.LG 2507.21245
cs.LG 2507.21265
cs.LG 2507.21269
cs.LG 2507.21270
cs.LG 2507.21330
cs.LG 2507.21334
cs.LG 2507.21353
cs.LG 2507.21372
cs.LG 2507.21377
cs.LG 2507.21412
cs.LG 2507.21423
cs.LG 2507.21429
cs.LG 2507.21434
cs.LG 2507.21448
cs.LG 2507.21449
cs.LG 2507.21474
cs.LG 2507.21486
cs.LG 2507.21496
cs.LG 2507.21509
cs.LG 2507.21532
cs.LG 2507.21543
cs.LG 2507.21563
cs.LG 2507.21569
cs.LG 2507.21638
cs.LG 2507.21642
cs.LG 2507.21684
cs.LG 2507.21712
cs.LG 2507.21726
cs.LG 2507.21728
cs.LG 2507.21749
cs.LG 2507.21760
cs.LG 2507.21763
cs.LG 2507.21783
cs.LG 2507.21807
cs.LG 2507.21831
cs.LG 2507.21871
cs.LG 2507.21886
cs.LG 2507.21890
cs.LG 2507.21899
cs.LG 2507.21902
cs.LG 2507.21905
cs.LG 2507.21952
cs.LG 2507.21964
cs.LG 2507.21984
cs.LG 2507.22000
cs.LG 2507.22010
cs.LG 2507.22034
cs.LG 2507.22039
cs.LG 2507.21109
cs.LG 2507.21119
cs.LG 2507.21135
cs.LG 2507.21136
cs.LG 2507.21147
cs.LG 2507.21152
cs.LG 2507.21153
cs.LG 2507.21155
cs.LG 2507.21160
cs.LG 2507.21164
cs.LG 2507.21166
cs.LG 2507.21179
cs.LG 2507.21183
cs.LG 2507.21184
cs.LG 2507.21188
cs.LG 2507.21189
cs.LG 2507.21190
cs.LG 2507.21191
cs.LG 2507.21196
cs.LG 2507.21197
cs.LG 2507.21198
cs.LG 2507.21199
cs.LG 2507.21205
cs.LG 2507.21244
cs.LG 2507.21260
cs.LG 2507.21273
cs.LG 2507.21274
cs.LG 2507.21299
cs.LG 2507.21350
cs.LG 2507.21357
cs.LG 2507.21386
cs.LG 2507.21394
cs.LG 2507.21397
cs.LG 2507.21404
cs.LG 2507.21422
cs.LG 2507.21433
cs.LG 2507.21437
cs.LG 2507.21452
cs.LG 2507.21479
cs.LG 2507.21494
cs.LG 2507.21504
cs.LG 2507.21531
cs.LG 2507.21616
cs.LG 2507.21648
cs.LG 2507.21653
cs.LG 2507.21670
cs.LG 2507.21710
cs.LG 2507.21720
cs.LG 2507.21738
cs.LG 2507.21748
cs.LG 2507.21762
cs.LG 2507.21799
cs.LG 2507.21803
cs.LG 2507.21833
cs.LG 2507.21841
cs.LG 2507.21898
cs.LG 2507.21938
cs.LG 2507.21963
cs.LG 2507.21983
cs.LG 2507.21992
cs.LG 2507.22032
cs.LG 2507.22040
cs.LG 2507.22045
cs.LG 2507.22053
cs.LG 2507.19647
cs.LG 2507.22094
cs.LG 2507.22095
cs.LG 2507.22149
cs.LG 2507.22170
cs.LG 2507.22187
cs.LG 2507.22207
cs.LG 2507.22213
cs.LG 2507.22216
cs.LG 2507.22231
cs.LG 2507.22274
cs.LG 2507.22289
cs.LG 2507.22291
cs.LG 2507.22311
cs.LG 2507.22313
cs.LG 2507.22339
cs.LG 2507.22343
cs.LG 2507.22380
cs.LG 2507.22385
cs.LG 2507.22387
cs.LG 2507.22393
cs.LG 2507.22404
cs.LG 2507.22429
cs.LG 2507.22447
cs.LG 2507.22469
cs.LG 2507.22493
cs.LG 2507.22512
cs.LG 2507.22539
cs.LG 2507.22553
cs.LG 2507.22564
cs.LG 2507.22576
cs.LG 2507.22577
cs.LG 2507.22581
cs.LG 2507.22632
cs.LG 2507.22635
cs.LG 2507.22640
cs.LG 2507.22758
cs.LG 2507.22760
cs.LG 2507.22772
cs.LG 2507.22782
cs.LG 2507.22787
cs.LG 2507.22842
cs.LG 2507.22855
cs.LG 2507.22857
cs.LG 2507.22859
cs.LG 2507.22873
cs.LG 2507.22877
cs.LG 2507.22074
cs.LG 2507.22075
cs.LG 2507.22076
cs.LG 2507.22079
cs.LG 2507.22082
cs.LG 2507.22089
cs.LG 2507.22090
cs.LG 2507.22174
cs.LG 2507.22186
cs.LG 2507.22189
cs.LG 2507.22205
cs.LG 2507.22220
cs.LG 2507.22229
cs.LG 2507.22250
cs.LG 2507.22255
cs.LG 2507.22270
cs.LG 2507.22299
cs.LG 2507.22303
cs.LG 2507.22330
cs.LG 2507.22338
cs.LG 2507.22349
cs.LG 2507.22370
cs.LG 2507.22424
cs.LG 2507.22426
cs.LG 2507.22428
cs.LG 2507.22434
cs.LG 2507.22446
cs.LG 2507.22464
cs.LG 2507.22488
cs.LG 2507.22499
cs.LG 2507.22500
cs.LG 2507.22514
cs.LG 2507.22524
cs.LG 2507.22527
cs.LG 2507.22529
cs.LG 2507.22543
cs.LG 2507.22544
cs.LG 2507.22554
cs.LG 2507.22556
cs.LG 2507.22565
cs.LG 2507.22570
cs.LG 2507.22587
cs.LG 2507.22633
cs.LG 2507.22647
cs.LG 2507.22665
cs.LG 2507.22710
cs.LG 2507.22766
cs.LG 2507.22767
cs.LG 2507.22776
cs.LG 2507.22786
cs.LG 2507.22789
cs.LG 2507.22798
cs.LG 2507.22832
cs.LG 2507.22840
cs.LG 2507.22844
cs.LG 2507.22849
cs.LG 2507.22854
cs.LG 1908.01212
cs.LG 2507.22906
cs.LG 2507.22908
cs.LG 2507.22912
cs.LG 2507.22918
cs.LG 2507.22941
cs.LG 2507.22947
cs.LG 2507.22951
cs.LG 2507.22952
cs.LG 2507.22955
cs.LG 2507.22958
cs.LG 2507.23015
cs.LG 2507.23017
cs.LG 2507.23018
cs.LG 2507.23042
cs.LG 2507.23064
cs.LG 2507.23104
cs.LG 2507.23155
cs.LG 2507.23160
cs.LG 2507.23167
cs.LG 2507.23174
cs.LG 2507.23194
cs.LG 2507.23208
cs.LG 2507.23209
cs.LG 2507.23220
cs.LG 2507.23227
cs.LG 2507.23242
cs.LG 2507.23248
cs.LG 2507.23297
cs.LG 2507.23315
cs.LG 2507.23334
cs.LG 2507.23348
cs.LG 2507.23349
cs.LG 2507.23361
cs.LG 2507.23402
cs.LG 2507.23416
cs.LG 2507.23443
cs.LG 2507.23455
cs.LG 2507.23523
cs.LG 2507.23609
cs.LG 2507.23620
cs.LG 2507.23673
cs.LG 2507.23682
cs.LG 2507.23736
cs.LG 2507.23740
cs.LG 2507.23767
cs.LG 2507.23768
cs.LG 2507.23773
cs.LG 2507.23777
cs.LG 2507.23784
cs.LG 2507.22954
cs.LG 2507.22956
cs.LG 2507.22959
cs.LG 2507.22962
cs.LG 2507.22963
cs.LG 2507.23000
cs.LG 2507.23009
cs.LG 2507.23010
cs.LG 2507.23035
cs.LG 2507.23037
cs.LG 2507.23043
cs.LG 2507.23073
cs.LG 2507.23077
cs.LG 2507.23093
cs.LG 2507.23111
cs.LG 2507.23115
cs.LG 2507.23128
cs.LG 2507.23136
cs.LG 2507.23141
cs.LG 2507.23154
cs.LG 2507.23170
cs.LG 2507.23186
cs.LG 2507.23217
cs.LG 2507.23221
cs.LG 2507.23257
cs.LG 2507.23261
cs.LG 2507.23291
cs.LG 2507.23292
cs.LG 2507.23303
cs.LG 2507.23317
cs.LG 2507.23335
cs.LG 2507.23344
cs.LG 2507.23389
cs.LG 2507.23391
cs.LG 2507.23412
cs.LG 2507.23418
cs.LG 2507.23428
cs.LG 2507.23437
cs.LG 2507.23449
cs.LG 2507.23491
cs.LG 2507.23495
cs.LG 2507.23501
cs.LG 2507.23504
cs.LG 2507.23512
cs.LG 2507.23534
cs.LG 2507.23535
cs.LG 2507.23536
cs.LG 2507.23539
cs.LG 2507.23562
cs.LG 2507.23568
cs.LG 2507.23581
cs.LG 2507.23600
cs.LG 2507.23604
cs.LG 2507.23607
cs.LG 2507.23615
cs.LG 2507.23632
cs.LG 2507.23638
cs.LG 2507.23665
cs.LG 2507.23674
cs.LG 2507.23675
cs.LG 2507.23676
cs.LG 2507.23712
cs.LG 2507.23756
cs.LG 2507.23771
math.DS 2507.18651
math.DS 2507.18765
math.DS 2507.19036
math.DS 2507.19084
math.DS 2507.19416
math.DS 2507.18736
math.DS 2507.18779
math.DS 2507.18843
math.DS 2507.19170
math.DS 2411.09840
math.DS 2507.19604
math.DS 2507.19620
math.DS 2507.19927
math.DS 2507.20194
math.DS 2507.20837
math.DS 2507.20954
math.DS 2507.19605
math.DS 2507.19624
math.DS 2507.19884
math.DS 2507.20179
math.DS 2507.20463
math.DS 2507.20788
math.DS 2507.21305
math.DS 2507.21312
math.DS 2507.21457
math.DS 2507.21497
math.DS 2507.21646
math.DS 2507.21862
math.DS 2507.21342
math.DS 2507.21605
math.DS 2507.21620
math.DS 2507.21798
math.DS 2507.21940
math.DS 2507.22243
math.DS 2507.22310
math.DS 2507.22609
math.DS 2507.22643
math.DS 2507.22658
math.DS 2507.22190
math.DS 2507.22251
math.DS 2507.22416
math.DS 2507.22452
math.DS 2507.22489
math.DS 2507.22704
math.DS 2507.22713
math.DS 2507.22857
math.DS 2507.23133
math.DS 2507.23175
math.DS 2507.23199
math.DS 2507.23289
math.DS 2507.23706
math.DS 2507.23081
math.DS 2507.23498
math.DS 2507.23605
math.DS 2507.23731
nlin.SI 2507.13911
nlin.SI 2507.12051
nlin.SI 2507.14264
nlin.SI 2507.15450
nlin.SI 2507.15462
nlin.SI 2507.14978
nlin.SI 2507.15645
nlin.SI 2507.16432
nlin.SI 2507.15873
nlin.SI 2507.17278
nlin.SI 2507.17549
nlin.SI 2507.18586
nlin.SI 2507.18271
nlin.CD 2507.18704
nlin.CD 2507.19120
nlin.CD 2507.18771
nlin.CD 2507.19053
nlin.CD 2410.14941
nlin.CD 2507.11805
nlin.CD 2507.19972
nlin.CD 2507.20954
nlin.CD 2507.21496
nlin.CD 2507.21510
nlin.CD 2507.21942
nlin.CD 2507.22287
nlin.CD 2507.22643
nlin.CD 2507.23426
nlin.CD 2507.23498
physics.optics 2507.13897
physics.optics 2507.13907
physics.optics 2507.13509
physics.optics 2507.13584
physics.optics 2507.13745
physics.optics 2507.13775
physics.optics 2507.13784
physics.optics 2507.13813
physics.optics 2507.13842
physics.optics 2507.13976
physics.optics 2507.14003
physics.optics 2507.14090
physics.optics 2507.14104
physics.optics 2507.14754
physics.optics 2507.14865
physics.optics 2507.14934
physics.optics 2507.15400
physics.optics 2507.15786
physics.optics 2507.14192
physics.optics 2507.14333
physics.optics 2507.14437
physics.optics 2507.14489
physics.optics 2507.14667
physics.optics 2507.14673
physics.optics 2507.14724
physics.optics 2507.14729
physics.optics 2507.14761
physics.optics 2507.14786
physics.optics 2507.14821
physics.optics 2507.15018
physics.optics 2507.15171
physics.optics 2507.15309
physics.optics 2507.15327
physics.optics 2507.15329
physics.optics 2507.15376
physics.optics 2507.15490
physics.optics 2507.15538
physics.optics 2507.15573
physics.optics 2507.15644
physics.optics 2507.15674
physics.optics 2507.15705
physics.optics 2507.15760
physics.optics 2507.15972
physics.optics 2507.16111
physics.optics 2507.16286
physics.optics 2507.16446
physics.optics 2507.16549
physics.optics 2507.16574
physics.optics 2507.16578
physics.optics 2507.16698
physics.optics 2507.16108
physics.optics 2507.16140
physics.optics 2507.16161
physics.optics 2507.16293
physics.optics 2507.16299
physics.optics 2507.16357
physics.optics 2507.16366
physics.optics 2507.16607
physics.optics 2507.16693
physics.optics 2507.16721
physics.optics 2507.16949
physics.optics 2507.16992
physics.optics 2507.17042
physics.optics 2507.17591
physics.optics 2507.16948
physics.optics 2507.16979
physics.optics 2507.17034
physics.optics 2507.17044
physics.optics 2507.17100
physics.optics 2507.17150
physics.optics 2507.17287
physics.optics 2507.17374
physics.optics 2507.17428
physics.optics 2507.17437
physics.optics 2507.17601
physics.optics 2507.17719
physics.optics 2507.17800
physics.optics 2507.18056
physics.optics 2507.18093
physics.optics 2507.17917
physics.optics 2507.17940
physics.optics 2507.18019
physics.optics 2507.18058
physics.optics 2507.18068
physics.optics 2507.18091
physics.optics 2507.18108
physics.optics 2507.18127
physics.optics 2507.18132
physics.optics 2507.18191
physics.optics 2507.18416
physics.optics 2507.18596
physics.optics 2507.18599
physics.optics 2507.18610
math.PR 2507.18749
math.PR 2507.18803
math.PR 2507.19020
math.PR 2507.19084
math.PR 2507.19123
math.PR 2507.19221
math.PR 2507.19231
math.PR 2507.19417
math.PR 2507.18835
math.PR 2507.19164
math.PR 2507.19169
math.PR 2507.19215
math.PR 2507.19222
math.PR 2507.19236
math.PR 2507.19259
math.PR 2507.19288
math.PR 2507.19322
math.PR 2507.19340
math.PR 2507.10193
math.PR 2507.19659
math.PR 2507.19824
math.PR 2507.20157
math.PR 2507.20194
math.PR 2507.20600
math.PR 2507.20833
math.PR 2507.20958
math.PR 2507.21025
math.PR 2507.19554
math.PR 2507.19615
math.PR 2507.20274
math.PR 2507.20324
math.PR 2507.20353
math.PR 2507.20442
math.PR 2507.20482
math.PR 2507.20487
math.PR 2507.20863
math.PR 2507.20982
math.PR 2507.19937
math.PR 2507.21605
math.PR 2507.21655
math.PR 2507.21670
math.PR 2507.21733
math.PR 2507.21769
math.PR 2507.21818
math.PR 2507.21235
math.PR 2507.21305
math.PR 2507.21497
math.PR 2507.21592
math.PR 2507.21887
math.PR 2507.21999
math.PR 2507.22011
math.PR 2507.22029
math.PR 2507.22095
math.PR 2507.22176
math.PR 2507.22385
math.PR 2507.22788
math.PR 2507.22135
math.PR 2507.22222
math.PR 2507.22248
math.PR 2507.22379
math.PR 2507.22484
math.PR 2507.22577
math.PR 2507.23105
math.PR 2507.23123
math.PR 2507.23175
math.PR 2507.23285
math.PR 2507.23392
math.PR 2507.23533
math.PR 2507.23557
math.PR 2507.23646
math.PR 2507.23737
math.PR 2507.23241
math.PR 2507.23353
math.PR 2507.23452
math.PR 2507.23467
math.PR 2507.23494
math.PR 2507.23502
math.PR 2507.23553
math.PR 2507.23637
math.PR 2507.23713
math.PR 2507.23724
cond-mat.dis-nn 2507.18700
cond-mat.dis-nn 2507.18859
cond-mat.dis-nn 2507.19030
cond-mat.dis-nn 2507.19536
cond-mat.dis-nn 2507.19676
cond-mat.dis-nn 2507.20510
cond-mat.dis-nn 2507.20831
cond-mat.dis-nn 2507.20837
cond-mat.dis-nn 2507.21044
cond-mat.dis-nn 2507.20225
cond-mat.dis-nn 2507.20496
cond-mat.dis-nn 2507.21002
cond-mat.dis-nn 2507.21209
cond-mat.dis-nn 2507.21222
cond-mat.dis-nn 2507.21525
cond-mat.dis-nn 2507.21614
cond-mat.dis-nn 2507.21984
cond-mat.dis-nn 2507.22035
cond-mat.dis-nn 2507.22125
cond-mat.dis-nn 2507.22246
cond-mat.dis-nn 2507.22586
cond-mat.dis-nn 2507.22690
cond-mat.dis-nn 2507.22795
cond-mat.dis-nn 2507.22207
cond-mat.dis-nn 2507.22377
cond-mat.dis-nn 2507.22396
cond-mat.dis-nn 2507.22787
cond-mat.dis-nn 2507.22982
cond-mat.dis-nn 2507.23085
cond-mat.dis-nn 2507.23384
cond-mat.dis-nn 2507.23689
cond-mat.dis-nn 2507.23783
cond-mat.dis-nn 2507.23780
physics.comp-ph 2507.18644
physics.comp-ph 2507.18700
physics.comp-ph 2507.18780
physics.comp-ph 2507.18935
physics.comp-ph 2507.18974
physics.comp-ph 2507.19069
physics.comp-ph 2507.19352
physics.comp-ph 2507.19658
physics.comp-ph 2507.19663
physics.comp-ph 2507.19777
physics.comp-ph 2507.19811
physics.comp-ph 2507.19907
physics.comp-ph 2507.20004
physics.comp-ph 2507.20040
physics.comp-ph 2507.20132
physics.comp-ph 2507.20461
physics.comp-ph 2507.20767
physics.comp-ph 2507.20885
physics.comp-ph 2507.20929
physics.comp-ph 2507.21039
physics.comp-ph 2507.19825
physics.comp-ph 2507.19888
physics.comp-ph 2507.20118
physics.comp-ph 2507.20802
physics.comp-ph 2507.20866
physics.comp-ph 2507.21126
physics.comp-ph 2507.21351
physics.comp-ph 2507.21497
physics.comp-ph 2507.21525
physics.comp-ph 2507.21695
physics.comp-ph 2507.21716
physics.comp-ph 2507.21748
physics.comp-ph 2507.21760
physics.comp-ph 2507.21763
physics.comp-ph 2507.21789
physics.comp-ph 2507.21841
physics.comp-ph 2507.21890
physics.comp-ph 2507.21279
physics.comp-ph 2507.21800
physics.comp-ph 2507.21856
physics.comp-ph 2507.21961
physics.comp-ph 2507.22228
physics.comp-ph 2507.22571
physics.comp-ph 2507.22709
physics.comp-ph 2507.22722
physics.comp-ph 2507.22613
physics.comp-ph 2507.23031
physics.comp-ph 2507.23114
physics.comp-ph 2507.23119
physics.comp-ph 2507.23141
physics.comp-ph 2507.23262
physics.comp-ph 2507.23513
physics.comp-ph 2507.23612
physics.ins-det 2507.18948
physics.ins-det 2507.18893
physics.ins-det 2507.19311
physics.ins-det 2507.19425
physics.ins-det 2507.20413
physics.ins-det 2507.21052
physics.ins-det 2507.20756
physics.ins-det 2507.21657
physics.ins-det 2507.21612
physics.ins-det 2507.22145
physics.ins-det 2507.22376
physics.ins-det 2507.22560
physics.ins-det 2507.22751
physics.ins-det 2507.22225
physics.ins-det 2507.22516
physics.ins-det 2507.23183
physics.ins-det 2507.23297
physics.ins-det 2507.23062
econ.TH 2507.19183
econ.TH 2507.19934
econ.TH 2507.19901
econ.TH 2507.20403
econ.TH 2507.20567
econ.TH 2507.21699
econ.TH 2507.22309
econ.TH 2507.22211
econ.TH 2507.22435
econ.TH 2507.22655
econ.TH 2507.22775
econ.TH 2507.22852
q-fin.MF 2507.19123
q-fin.MF 2507.19824
q-fin.MF 2507.20338
q-fin.MF 2507.23646
q-fin.MF 2507.23392
physics.data-an 2507.18648
physics.data-an 2507.19540
physics.data-an 2507.19658
physics.data-an 2507.20256
physics.data-an 2507.20470
physics.data-an 2507.20497
physics.data-an 2507.20927
physics.data-an 2507.21695
physics.data-an 2507.22035
physics.data-an 2507.22207
physics.data-an 2507.22799
physics.data-an 2507.22967
physics.data-an 2507.23098
physics.data-an 2507.23346
physics.data-an 2507.23414
physics.data-an 2507.23297
physics.med-ph 2507.18677
physics.med-ph 2507.18850
physics.med-ph 2507.19282
physics.med-ph 2507.19636
physics.med-ph 2507.19637
physics.med-ph 2507.20004
physics.med-ph 2507.20413
physics.med-ph 2507.20793
physics.med-ph 2507.20818
physics.med-ph 2507.21349
physics.med-ph 2507.21427
physics.med-ph 2507.21263
physics.med-ph 2507.21481
physics.med-ph 2507.21625
physics.med-ph 2507.21853
physics.med-ph 2507.22068
physics.med-ph 2507.22152
physics.med-ph 2507.22657
physics.med-ph 2507.22848
physics.med-ph 2507.23129
physics.med-ph 2507.22966
physics.med-ph 2507.23579
physics.app-ph 2507.19051
physics.app-ph 2507.18931
physics.app-ph 2507.19269
physics.app-ph 2507.19286
physics.app-ph 2507.19330
physics.app-ph 2507.14382
physics.app-ph 2507.19640
physics.app-ph 2507.19982
physics.app-ph 2507.20022
physics.app-ph 2507.20229
physics.app-ph 2507.21011
physics.app-ph 2507.19864
physics.app-ph 2507.20040
physics.app-ph 2507.20054
physics.app-ph 2507.20178
physics.app-ph 2507.20431
physics.app-ph 2507.20522
physics.app-ph 2507.20683
physics.app-ph 2507.20701
physics.app-ph 2507.21657
physics.app-ph 2507.21662
physics.app-ph 2507.21855
physics.app-ph 2507.21979
physics.app-ph 2507.22016
physics.app-ph 2507.22021
physics.app-ph 2507.22145
physics.app-ph 2507.22217
physics.app-ph 2507.22232
physics.app-ph 2507.22275
physics.app-ph 2507.22328
physics.app-ph 2507.22490
physics.app-ph 2507.22515
physics.app-ph 2507.22605
physics.app-ph 2507.22681
physics.app-ph 2507.22697
physics.app-ph 2507.22741
physics.app-ph 2507.22750
physics.app-ph 1604.01714
physics.app-ph 2507.22967
physics.app-ph 2507.23062
physics.app-ph 2507.23142
physics.app-ph 2507.23183
physics.app-ph 2507.23265
physics.app-ph 2507.23352
physics.app-ph 2507.23393
physics.app-ph 2507.23522
physics.app-ph 2507.23621
physics.app-ph 2507.23625
physics.app-ph 2507.23630
physics.app-ph 2507.23678
physics.app-ph 2507.23727
physics.app-ph 2507.23744
physics.app-ph 2507.22907
physics.app-ph 2507.23109
physics.app-ph 2507.23761
cs.CL 2507.18639
cs.CL 2507.18945
cs.CL 2507.18949
cs.CL 2507.19037
cs.CL 2507.19040
cs.CL 2507.19054
cs.CL 2507.19060
cs.CL 2507.19102
cs.CL 2507.19132
cs.CL 2507.19196
cs.CL 2507.19204
cs.CL 2507.19247
cs.CL 2507.19333
cs.CL 2507.19362
cs.CL 2507.19477
cs.CL 2507.19478
cs.CL 2507.18742
cs.CL 2507.18762
cs.CL 2507.18769
cs.CL 2507.18791
cs.CL 2507.18827
cs.CL 2507.18857
cs.CL 2507.18884
cs.CL 2507.18890
cs.CL 2507.18901
cs.CL 2507.18902
cs.CL 2507.18905
cs.CL 2507.18910
cs.CL 2507.18915
cs.CL 2507.18918
cs.CL 2507.18940
cs.CL 2507.18952
cs.CL 2507.18956
cs.CL 2507.18973
cs.CL 2507.19081
cs.CL 2507.19090
cs.CL 2507.19117
cs.CL 2507.19156
cs.CL 2507.19195
cs.CL 2507.19219
cs.CL 2507.19227
cs.CL 2507.19303
cs.CL 2507.19315
cs.CL 2507.19353
cs.CL 2507.19356
cs.CL 2507.19361
cs.CL 2507.19374
cs.CL 2507.19396
cs.CL 2507.19407
cs.CL 2507.19419
cs.CL 2507.19457
cs.CL 2507.19470
cs.CL 2507.19487
cs.CL 2507.19534
cs.CL 2507.19684
cs.CL 2507.19840
cs.CL 2507.19849
cs.CL 2507.19909
cs.CL 2507.19947
cs.CL 2507.19973
cs.CL 2507.19990
cs.CL 2507.20018
cs.CL 2507.20051
cs.CL 2507.20067
cs.CL 2507.20077
cs.CL 2507.20096
cs.CL 2507.20150
cs.CL 2507.20280
cs.CL 2507.20474
cs.CL 2507.20503
cs.CL 2507.20526
cs.CL 2507.20534
cs.CL 2507.20884
cs.CL 2507.20888
cs.CL 2507.20890
cs.CL 2507.20936
cs.CL 2507.20957
cs.CL 2507.20999
cs.CL 2507.19511
cs.CL 2507.19521
cs.CL 2507.19537
cs.CL 2507.19586
cs.CL 2507.19595
cs.CL 2507.19598
cs.CL 2507.19616
cs.CL 2507.19634
cs.CL 2507.19666
cs.CL 2507.19699
cs.CL 2507.19710
cs.CL 2507.19741
cs.CL 2507.19748
cs.CL 2507.19756
cs.CL 2507.19766
cs.CL 2507.19786
cs.CL 2507.19823
cs.CL 2507.19867
cs.CL 2507.19869
cs.CL 2507.19885
cs.CL 2507.19899
cs.CL 2507.19906
cs.CL 2507.19962
cs.CL 2507.19969
cs.CL 2507.19980
cs.CL 2507.19995
cs.CL 2507.20019
cs.CL 2507.20030
cs.CL 2507.20046
cs.CL 2507.20055
cs.CL 2507.20059
cs.CL 2507.20091
cs.CL 2507.20111
cs.CL 2507.20133
cs.CL 2507.20136
cs.CL 2507.20145
cs.CL 2507.20152
cs.CL 2507.20181
cs.CL 2507.20185
cs.CL 2507.20187
cs.CL 2507.20208
cs.CL 2507.20210
cs.CL 2507.20241
cs.CL 2507.20249
cs.CL 2507.20252
cs.CL 2507.20264
cs.CL 2507.20278
cs.CL 2507.20279
cs.CL 2507.20301
cs.CL 2507.20343
cs.CL 2507.20352
cs.CL 2507.20398
cs.CL 2507.20409
cs.CL 2507.20411
cs.CL 2507.20419
cs.CL 2507.20423
cs.CL 2507.20491
cs.CL 2507.20520
cs.CL 2507.20527
cs.CL 2507.20528
cs.CL 2507.20546
cs.CL 2507.20564
cs.CL 2507.20614
cs.CL 2507.20643
cs.CL 2507.20673
cs.CL 2507.20700
cs.CL 2507.20704
cs.CL 2507.20749
cs.CL 2507.20752
cs.CL 2507.20783
cs.CL 2507.20786
cs.CL 2507.20849
cs.CL 2507.20858
cs.CL 2507.20859
cs.CL 2507.20906
cs.CL 2507.20917
cs.CL 2507.20924
cs.CL 2507.20930
cs.CL 2507.20956
cs.CL 2507.21009
cs.CL 2507.21028
cs.CL 2507.17307
cs.CL 2507.21075
cs.CL 2507.21089
cs.CL 2507.21103
cs.CL 2507.21105
cs.CL 2507.21170
cs.CL 2507.21183
cs.CL 2507.21184
cs.CL 2507.21257
cs.CL 2507.21276
cs.CL 2507.21389
cs.CL 2507.21391
cs.CL 2507.21420
cs.CL 2507.21513
cs.CL 2507.21903
cs.CL 2507.22025
cs.CL 2507.22034
cs.CL 2507.22062
cs.CL 2507.21058
cs.CL 2507.21065
cs.CL 2507.21073
cs.CL 2507.21080
cs.CL 2507.21083
cs.CL 2507.21084
cs.CL 2507.21086
cs.CL 2507.21095
cs.CL 2507.21099
cs.CL 2507.21104
cs.CL 2507.21106
cs.CL 2507.21107
cs.CL 2507.21108
cs.CL 2507.21110
cs.CL 2507.21112
cs.CL 2507.21134
cs.CL 2507.21138
cs.CL 2507.21168
cs.CL 2507.21186
cs.CL 2507.21234
cs.CL 2507.21242
cs.CL 2507.21302
cs.CL 2507.21319
cs.CL 2507.21331
cs.CL 2507.21340
cs.CL 2507.21369
cs.CL 2507.21428
cs.CL 2507.21432
cs.CL 2507.21476
cs.CL 2507.21482
cs.CL 2507.21500
cs.CL 2507.21509
cs.CL 2507.21522
cs.CL 2507.21526
cs.CL 2507.21532
cs.CL 2507.21536
cs.CL 2507.21544
cs.CL 2507.21556
cs.CL 2507.21568
cs.CL 2507.21609
cs.CL 2507.21645
cs.CL 2507.21652
cs.CL 2507.21750
cs.CL 2507.21773
cs.CL 2507.21782
cs.CL 2507.21810
cs.CL 2507.21813
cs.CL 2507.21815
cs.CL 2507.21828
cs.CL 2507.21831
cs.CL 2507.21836
cs.CL 2507.21892
cs.CL 2507.21914
cs.CL 2507.21919
cs.CL 2507.21931
cs.CL 2507.21934
cs.CL 2507.21980
cs.CL 2507.22050
cs.CL 2507.22074
cs.CL 2507.22080
cs.CL 2507.22133
cs.CL 2507.22160
cs.CL 2507.22197
cs.CL 2507.22281
cs.CL 2507.22359
cs.CL 2507.22543
cs.CL 2507.22565
cs.CL 2507.22607
cs.CL 2507.22746
cs.CL 2507.22847
cs.CL 2507.22878
cs.CL 2507.22879
cs.CL 2507.22159
cs.CL 2507.22168
cs.CL 2507.22187
cs.CL 2507.22201
cs.CL 2507.22209
cs.CL 2507.22219
cs.CL 2507.22286
cs.CL 2507.22289
cs.CL 2507.22337
cs.CL 2507.22367
cs.CL 2507.22387
cs.CL 2507.22410
cs.CL 2507.22411
cs.CL 2507.22445
cs.CL 2507.22448
cs.CL 2507.22457
cs.CL 2507.22462
cs.CL 2507.22478
cs.CL 2507.22533
cs.CL 2507.22542
cs.CL 2507.22545
cs.CL 2507.22564
cs.CL 2507.22581
cs.CL 2507.22603
cs.CL 2507.22608
cs.CL 2507.22623
cs.CL 2507.22676
cs.CL 2507.22716
cs.CL 2507.22720
cs.CL 2507.22729
cs.CL 2507.22744
cs.CL 2507.22752
cs.CL 2507.22753
cs.CL 2507.22758
cs.CL 2507.22811
cs.CL 2507.22829
cs.CL 2507.22887
cs.CL 2507.22892
cs.CL 2507.22898
cs.CL 2507.22902
cs.CL 2507.22947
cs.CL 2507.22964
cs.CL 2507.23242
cs.CL 2507.23292
cs.CL 2507.23336
cs.CL 2507.23348
cs.CL 2507.23361
cs.CL 2507.23364
cs.CL 2507.23453
cs.CL 2507.23511
cs.CL 2507.23607
cs.CL 2507.23674
cs.CL 2507.23701
cs.CL 2507.23726
cs.CL 2507.23751
cs.CL 2507.23773
cs.CL 2507.22910
cs.CL 2507.22911
cs.CL 2507.22912
cs.CL 2507.22913
cs.CL 2507.22914
cs.CL 2507.22915
cs.CL 2507.22917
cs.CL 2507.22918
cs.CL 2507.22919
cs.CL 2507.22920
cs.CL 2507.22921
cs.CL 2507.22922
cs.CL 2507.22923
cs.CL 2507.22924
cs.CL 2507.22925
cs.CL 2507.22926
cs.CL 2507.22927
cs.CL 2507.22928
cs.CL 2507.22929
cs.CL 2507.22930
cs.CL 2507.22931
cs.CL 2507.22932
cs.CL 2507.22933
cs.CL 2507.22934
cs.CL 2507.22935
cs.CL 2507.22936
cs.CL 2507.22937
cs.CL 2507.22938
cs.CL 2507.22939
cs.CL 2507.22940
cs.CL 2507.22941
cs.CL 2507.22943
cs.CL 2507.22944
cs.CL 2507.22968
cs.CL 2507.23063
cs.CL 2507.23082
cs.CL 2507.23083
cs.CL 2507.23095
cs.CL 2507.23104
cs.CL 2507.23121
cs.CL 2507.23135
cs.CL 2507.23158
cs.CL 2507.23167
cs.CL 2507.23194
cs.CL 2507.23211
cs.CL 2507.23220
cs.CL 2507.23227
cs.CL 2507.23247
cs.CL 2507.23248
cs.CL 2507.23279
cs.CL 2507.23319
cs.CL 2507.23334
cs.CL 2507.23358
cs.CL 2507.23382
cs.CL 2507.23386
cs.CL 2507.23399
cs.CL 2507.23400
cs.CL 2507.23404
cs.CL 2507.23407
cs.CL 2507.23465
cs.CL 2507.23486
cs.CL 2507.23541
cs.CL 2507.23577
cs.CL 2507.23588
cs.CL 2507.23661
cs.CL 2507.23740
cs.CL 2507.23776
