cs.CG 2503.22449
cs.CG 2503.23661
cs.CG 2503.23025
cs.CG 2504.00032
cs.CG 2504.00292
cs.CG 2504.00916
cs.CG 2504.00932
cs.CG 2504.00067
cs.CG 2504.01113
cs.CG 2504.02190
cs.CG 2504.02334
cs.CG 2504.02611
cs.CG 2504.02650
cs.FL 2503.21906
cs.FL 2503.22000
cs.FL 2503.22546
cs.FL 2503.22558
cs.FL 2503.23826
cs.FL 2503.24244
cs.FL 2504.00625
cs.FL 2504.00723
cs.FL 2504.01007
cs.FL 2504.00263
cs.FL 2504.01720
cs.FL 2504.02170
cs.CC 2503.22613
cs.CC 2503.22650
cs.CC 2503.21951
cs.CC 2503.22633
cs.CC 2503.23206
cs.CC 2503.23207
cs.CC 2503.23404
cs.CC 2503.22848
cs.CC 2503.22997
cs.CC 2503.23176
cs.CC 2503.24061
cs.CC 2503.24144
cs.CC 2503.24351
cs.CC 2504.00318
cs.CC 2504.00346
cs.CC 2504.01733
cs.CC 2504.01802
cs.CC 2504.01354
cs.CC 2504.01856
cs.CC 2504.01899
cs.CC 2504.02115
cs.CC 2504.02369
cs.CC 2504.02785
cs.CC 2504.02387
cs.CC 2504.02695
cs.DM 2503.22327
cs.DM 2503.22368
cs.DM 2503.23196
cs.DM 2503.23209
cs.DM 2503.23404
cs.DM 2503.23435
cs.DM 2503.23977
cs.DM 2503.24144
cs.DM 2503.12789
cs.DM 2504.00169
cs.DM 2504.00291
cs.DM 2504.00760
cs.DM 2504.00932
cs.DM 2504.01012
cs.DM 2504.01091
cs.DM 2504.01501
cs.DM 2504.01574
cs.DM 2504.02353
cs.DM 2504.02421
cs.DM 2504.02532
cs.DM 2504.02593
cs.DM 2504.02650
cs.DM 2504.02740
cs.DM 2504.02806
cs.AR 2503.22567
cs.AR 2503.22017
cs.AR 2503.22044
cs.AR 2503.22072
cs.AR 2503.22900
cs.AR 2503.23625
cs.AR 2503.23644
cs.AR 2503.22937
cs.AR 2503.22958
cs.AR 2503.23076
cs.AR 2503.23323
cs.AR 2503.23496
cs.AR 2503.23817
cs.AR 2503.23943
cs.AR 2503.23945
cs.AR 2503.24053
cs.AR 2503.24132
cs.AR 2504.00957
cs.AR 2504.00206
cs.AR 2504.00520
cs.AR 2504.01266
cs.AR 2504.01380
cs.AR 2504.01463
cs.AR 2504.01347
cs.AR 2504.01468
cs.AR 2504.01582
cs.AR 2504.01672
cs.AR 2504.01948
cs.AR 2504.01962
cs.AR 2504.01972
cs.AR 2504.01981
cs.AR 2504.01986
cs.AR 2504.01994
cs.AR 2504.02533
cs.DS 2503.22368
cs.DS 2503.22521
cs.DS 2503.22613
cs.DS 2503.22669
cs.DS 2310.06623
cs.DS 2503.23238
cs.DS 2503.24332
cs.DS 2503.23217
cs.DS 2503.23273
cs.DS 2503.23328
cs.DS 2503.23404
cs.DS 2503.23526
cs.DS 2503.23602
cs.DS 2503.23759
cs.DS 2503.24321
cs.DS 2503.24373
cs.DS 2504.00828
cs.DS 2504.00278
cs.DS 2504.00544
cs.DS 2504.01726
cs.DS 2504.01168
cs.DS 2504.01206
cs.DS 2504.01339
cs.DS 2504.01485
cs.DS 2504.01486
cs.DS 2504.01543
cs.DS 2504.01574
cs.DS 2504.01802
cs.DS 2503.23397
cs.DS 2504.02208
cs.DS 2504.02299
cs.DS 2504.02342
cs.DS 2504.02353
cs.DS 2504.02385
cs.DS 2504.02695
cs.DS 2504.02770
cs.DS 2504.02785
cs.DS 2504.02190
cs.DS 2504.02271
cs.DS 2504.02369
cs.DS 2504.02421
cs.DS 2504.02723
cs.DS 2504.02740
cs.DS 2504.02790
cs.GT 2503.09299
cs.GT 2503.21633
cs.GT 2503.20848
cs.GT 2503.20918
cs.GT 2503.20975
cs.GT 2503.22779
cs.GT 2503.23001
cs.GT 2503.23500
cs.GT 2503.22726
cs.GT 2503.23139
cs.GT 2503.23991
cs.GT 2503.24179
cs.GT 2503.24340
cs.GT 2504.00028
cs.GT 2504.00988
cs.GT 2504.01006
cs.GT 2504.01154
cs.GT 2504.01211
cs.GT 2504.01280
cs.GT 2504.01370
cs.GT 2504.01192
cs.GT 2504.01773
cs.GT 2504.00461
cs.GT 2504.02019
cs.GT 2504.02648
cs.GT 2504.02346
cs.CE 2503.21895
cs.CE 2503.21932
cs.CE 2503.22135
cs.CE 2503.22206
cs.CE 2503.22455
cs.CE 2503.22057
cs.CE 2503.22435
cs.CE 2503.22767
cs.CE 2503.23190
cs.CE 2503.23315
cs.CE 2503.23458
cs.CE 2503.24045
cs.CE 2503.22968
cs.CE 2503.24072
cs.CE 2503.24117
cs.CE 2503.24130
cs.CE 2504.00484
cs.CE 2504.00518
cs.CE 2504.00378
cs.CE 2504.00456
cs.CE 2504.00538
cs.CE 2504.00605
cs.CE 2504.01431
cs.CE 2504.01511
cs.CE 2504.01671
cs.CE 2504.01736
cs.CE 2504.01868
cs.CE 2504.01992
cs.CE 2504.02117
cs.CE 2504.02630
cs.CE 2504.02165
cs.CE 2504.02177
cs.CE 2504.02191
cs.CE 2504.02249
cs.CE 2504.02281
cs.CE 2504.02307
cs.CE 2504.02429
cs.CE 2504.02748
cs.GR 2503.21991
cs.GR 2503.21816
cs.GR 2503.21847
cs.GR 2503.21886
cs.GR 2503.21931
cs.GR 2503.22159
cs.GR 2503.22236
cs.GR 2503.22605
cs.GR 2503.24366
cs.GR 2503.22729
cs.GR 2503.23241
cs.GR 2503.23284
cs.GR 2503.23410
cs.GR 2503.23412
cs.GR 2503.23441
cs.GR 2503.23625
cs.GR 2503.23644
cs.GR 2503.23707
cs.GR 2503.23752
cs.GR 2503.24009
cs.GR 2504.00010
cs.GR 2504.00234
cs.GR 2504.00745
cs.GR 2504.00867
cs.GR 2504.00904
cs.GR 2504.00983
cs.GR 2504.01016
cs.GR 2504.01027
cs.GR 2504.01204
cs.GR 2504.01338
cs.GR 2504.01358
cs.GR 2504.01402
cs.GR 2504.01483
cs.GR 2504.01571
cs.GR 2504.01786
cs.GR 2504.01913
cs.GR 2504.01924
cs.GR 2504.02004
cs.GR 2504.02045
cs.GR 2504.02361
cs.GR 2504.02465
cs.GR 2504.02747
cs.DC 2503.21937
cs.DC 2503.22227
cs.DC 2503.22562
cs.DC 2503.22186
cs.DC 2503.22288
cs.DC 2503.22365
cs.DC 2503.22452
cs.DC 2503.22643
cs.DC 2503.22645
cs.DC 2503.22709
cs.DC 2503.23244
cs.DC 2503.23289
cs.DC 2503.23774
cs.DC 2503.23817
cs.DC 2503.22875
cs.DC 2503.22930
cs.DC 2503.23186
cs.DC 2503.23830
cs.DC 2503.23986
cs.DC 2503.23988
cs.DC 2503.24143
cs.DC 2503.24196
cs.DC 2503.24230
cs.DC 2504.00044
cs.DC 2504.00277
cs.DB 2503.21810
cs.DC 2504.00518
cs.DB 2503.22091
cs.DB 2503.22358
cs.DC 2504.00726
cs.DB 2503.22402
cs.DC 2504.00407
cs.DC 2504.00598
cs.DB 2503.23157
cs.DC 2504.00628
cs.DB 2503.23205
cs.DC 2504.00743
cs.DB 2503.23409
cs.DC 2504.00761
cs.DC 2504.00791
cs.DB 2503.22970
cs.DC 2504.00876
cs.DC 2504.00959
cs.DB 2503.23385
cs.DC 2504.00987
cs.DC 2504.01240
cs.DB 2503.23397
cs.DC 2504.01504
cs.DB 2503.23776
cs.DC 2504.01676
cs.DB 2503.23863
cs.DC 2504.01802
cs.DC 2504.01856
cs.DB 2503.23886
cs.DC 2504.01947
cs.DC 2504.01948
cs.DB 2503.24299
cs.DB 2504.00001
cs.DC 2504.01091
cs.DB 2504.00522
cs.DC 2504.01141
cs.DB 2504.00550
cs.DC 2504.01197
cs.DB 2504.00608
cs.DC 2504.01266
cs.DB 2504.00612
cs.DC 2504.01357
cs.DB 2504.00723
cs.DC 2504.01370
cs.DB 2504.00786
cs.DC 2504.01443
cs.DB 2504.00828
cs.DC 2504.01726
cs.DB 2504.00882
cs.DC 2504.02313
cs.DB 2504.01029
cs.DB 2504.01206
cs.DB 2504.01783
cs.DC 2504.02322
cs.DB 2504.01948
cs.DC 2504.02504
cs.DB 2504.01142
cs.DC 2504.02537
cs.DB 2504.01157
cs.DC 2504.02713
cs.DC 2504.02211
cs.DB 2504.01292
cs.DC 2504.02220
cs.DB 2504.01460
cs.DB 2504.01477
cs.DB 2504.01553
cs.DB 2504.01557
cs.DB 2504.02271
cs.DC 2504.02263
cs.DB 2504.02055
cs.DC 2504.02364
cs.DB 2504.02059
cs.DB 2504.02150
cs.DC 2504.02448
cs.DB 2504.02194
cs.DC 2504.02676
cs.DB 2504.02344
cs.DB 2504.02713
cs.DB 2504.02770
cs.HC 2503.22116
cs.HC 2503.22145
cs.HC 2503.22151
cs.HC 2503.22181
cs.HC 2503.22588
cs.HC 2503.21844
cs.HC 2503.21897
cs.HC 2503.21983
cs.HC 2503.21986
cs.HC 2503.21997
cs.HC 2503.22018
cs.HC 2503.22024
cs.HC 2503.22113
cs.HC 2503.22216
cs.HC 2503.22247
cs.HC 2503.22250
cs.HC 2503.22283
cs.HC 2503.22345
cs.HC 2503.22510
cs.HC 2503.22610
cs.HC 2412.06229
cs.HC 2503.22726
cs.HC 2503.22756
cs.HC 2503.22769
cs.HC 2503.22967
cs.HC 2503.23147
cs.HC 2503.23339
cs.HC 2503.23674
cs.HC 2503.23688
cs.HC 2503.23691
cs.HC 2503.23760
cs.HC 2503.24150
cs.HC 2503.24180
cs.HC 2503.22892
cs.HC 2503.22901
cs.HC 2503.22946
cs.HC 2503.22978
cs.HC 2503.22993
cs.HC 2503.22995
cs.HC 2503.23153
cs.HC 2503.23244
cs.HC 2503.23327
cs.HC 2503.23460
cs.HC 2503.23484
cs.HC 2503.23574
cs.HC 2503.23609
cs.HC 2503.24021
cs.HC 2503.24037
cs.HC 2503.24119
cs.HC 2503.24145
cs.HC 2503.24160
cs.HC 2503.24249
cs.HC 2503.24334
cs.HC 2504.00002
cs.HC 2504.00025
cs.HC 2504.00274
cs.HC 2504.00408
cs.HC 2504.00767
cs.HC 2504.00795
cs.HC 2504.00799
cs.HC 2504.00831
cs.HC 2504.00843
cs.HC 2504.00860
cs.HC 2504.00160
cs.HC 2504.00221
cs.HC 2504.00286
cs.HC 2504.00333
cs.HC 2504.00337
cs.HC 2504.00368
cs.HC 2504.00371
cs.HC 2504.00412
cs.HC 2504.00636
cs.HC 2504.00692
cs.HC 2504.00941
cs.HC 2504.01029
cs.HC 2504.01038
cs.HC 2504.01121
cs.HC 2504.01201
cs.HC 2504.01708
cs.HC 2504.01888
cs.HC 2504.01911
cs.HC 2504.01082
cs.HC 2504.01153
cs.HC 2504.01205
cs.HC 2504.01259
cs.HC 2504.01293
cs.HC 2504.01366
cs.HC 2504.01367
cs.HC 2504.01377
cs.HC 2504.01415
cs.HC 2504.01700
cs.HC 2504.01906
cs.HC 2504.02109
cs.HC 2504.02123
cs.HC 2504.02124
cs.HC 2504.02153
cs.HC 2504.02197
cs.HC 2504.02403
cs.HC 2504.02461
cs.HC 2504.02685
cs.HC 2504.02793
cs.HC 2504.02074
cs.HC 2504.02110
cs.HC 2504.02149
cs.HC 2504.02176
cs.HC 2504.02204
cs.HC 2504.02217
cs.HC 2504.02234
cs.HC 2504.02250
cs.HC 2504.02526
cs.HC 2504.02551
cs.HC 2504.02585
cs.HC 2504.02622
cs.HC 2504.02624
cs.HC 2504.02663
cs.HC 2504.02664
cs.HC 2504.02675
cs.HC 2504.02735
cs.HC 2504.02780
cs.HC 2504.02794
cs.AI 2503.20258
cs.AI 2503.21422
cs.AI 2503.21790
cs.AI 2503.21793
cs.AI 2503.21794
cs.AI 2503.21795
cs.AI 2503.21797
cs.AI 2503.21800
cs.AI 2503.21801
cs.AI 2503.21803
cs.AI 2503.21804
cs.AI 2503.21805
cs.AI 2503.21806
cs.AI 2503.21807
cs.AI 2503.21810
cs.AI 2503.21815
cs.AI 2503.21834
cs.AI 2503.21838
cs.AI 2503.21839
cs.AI 2503.21843
cs.AI 2503.21846
cs.AI 2503.21847
cs.AI 2503.21848
cs.AI 2503.21854
cs.AI 2503.21888
cs.AI 2503.21889
cs.AI 2503.21893
cs.AI 2503.21910
cs.AI 2503.21911
cs.AI 2503.21928
cs.AI 2503.21937
cs.AI 2503.21943
cs.AI 2503.21961
cs.AI 2503.21969
cs.AI 2503.21975
cs.AI 2503.21991
cs.AI 2503.22020
cs.AI 2503.22023
cs.AI 2503.22036
cs.AI 2503.22051
cs.AI 2503.22068
cs.AI 2503.22069
cs.AI 2503.22074
cs.AI 2503.22093
cs.AI 2503.22115
cs.AI 2503.22122
cs.AI 2503.22141
cs.AI 2503.22143
cs.AI 2503.22144
cs.AI 2503.22151
cs.AI 2503.22152
cs.AI 2503.22164
cs.AI 2503.22178
cs.AI 2503.22181
cs.AI 2503.22182
cs.AI 2503.22215
cs.AI 2503.22228
cs.AI 2503.22233
cs.AI 2503.22235
cs.AI 2503.22250
cs.AI 2503.22275
cs.AI 2503.22276
cs.AI 2503.22324
cs.AI 2503.22328
cs.AI 2503.22353
cs.AI 2503.22358
cs.AI 2503.22363
cs.AI 2503.22374
cs.AI 2503.22394
cs.AI 2503.22396
cs.AI 2503.22402
cs.AI 2503.22406
cs.AI 2503.22424
cs.AI 2503.22454
cs.AI 2503.22456
cs.AI 2503.22458
cs.AI 2503.22478
cs.AI 2503.22513
cs.AI 2503.22517
cs.AI 2503.22524
cs.AI 2503.22526
cs.AI 2503.22537
cs.AI 2503.22541
cs.AI 2503.22562
cs.AI 2503.22573
cs.AI 2503.22575
cs.AI 2503.22577
cs.AI 2503.22585
cs.AI 2503.22589
cs.AI 2503.22592
cs.AI 2503.22600
cs.AI 2503.22610
cs.AI 2503.22625
cs.AI 2503.22634
cs.AI 2503.22658
cs.AI 2503.22672
cs.AI 2503.22675
cs.AI 2503.22677
cs.AI 2503.21878
cs.AI 2503.21902
cs.AI 2503.22064
cs.AI 2503.22137
cs.AI 2503.22241
cs.AI 2503.22342
cs.AI 2503.22655
cs.AI 2503.22673
cs.AI 2503.22674
cs.AI 2501.00363
cs.AI 2503.22684
cs.AI 2503.22687
cs.AI 2503.22692
cs.AI 2503.22693
cs.AI 2503.22697
cs.AI 2503.22705
cs.AI 2503.22706
cs.AI 2503.22711
cs.AI 2503.22713
cs.AI 2503.22714
cs.AI 2503.22720
cs.AI 2503.22723
cs.AI 2503.22729
cs.AI 2503.22736
cs.AI 2503.22740
cs.AI 2503.22742
cs.AI 2503.22746
cs.AI 2503.22747
cs.AI 2503.22748
cs.AI 2503.22749
cs.AI 2503.22751
cs.AI 2503.22752
cs.AI 2503.22754
cs.AI 2503.22755
cs.AI 2503.22756
cs.AI 2503.22759
cs.AI 2503.22762
cs.AI 2503.22764
cs.AI 2503.22769
cs.AI 2503.22771
cs.AI 2503.22776
cs.AI 2503.22782
cs.AI 2503.22796
cs.AI 2503.22809
cs.AI 2503.22829
cs.AI 2503.22851
cs.AI 2503.22853
cs.AI 2503.22877
cs.AI 2503.22879
cs.AI 2503.22881
cs.AI 2503.22909
cs.AI 2503.22925
cs.AI 2503.22934
cs.AI 2503.22942
cs.AI 2503.22946
cs.AI 2503.22948
cs.AI 2503.22954
cs.AI 2503.22958
cs.AI 2503.22967
cs.AI 2503.22968
cs.AI 2503.22971
cs.AI 2503.22973
cs.AI 2503.22982
cs.AI 2503.22988
cs.AI 2503.22998
cs.AI 2503.23002
cs.AI 2503.23011
cs.AI 2503.23014
cs.AI 2503.23016
cs.AI 2503.23032
cs.AI 2503.23039
cs.AI 2503.23081
cs.AI 2503.23083
cs.AI 2503.23084
cs.AI 2503.23088
cs.AI 2503.23101
cs.AI 2503.23104
cs.AI 2503.23111
cs.AI 2503.23125
cs.AI 2503.23128
cs.AI 2503.23145
cs.AI 2503.23147
cs.AI 2503.23153
cs.AI 2503.23157
cs.AI 2503.23175
cs.AI 2503.23199
cs.AI 2503.23204
cs.AI 2503.23205
cs.AI 2503.23213
cs.AI 2503.23214
cs.AI 2503.23219
cs.AI 2503.23226
cs.AI 2503.23231
cs.AI 2503.23242
cs.AI 2503.23243
cs.AI 2503.23245
cs.AI 2503.23250
cs.AI 2503.23257
cs.AI 2503.23270
cs.AI 2503.23271
cs.AI 2503.23275
cs.AI 2503.23278
cs.AI 2503.23281
cs.AI 2503.23288
cs.AI 2503.23303
cs.AI 2503.23333
cs.AI 2503.23353
cs.AI 2503.23362
cs.AI 2503.23368
cs.AI 2503.23371
cs.AI 2503.23377
cs.AI 2503.23379
cs.AI 2503.23388
cs.AI 2503.23390
cs.AI 2503.23394
cs.AI 2503.23395
cs.AI 2503.23402
cs.AI 2503.23407
cs.AI 2503.23414
cs.AI 2503.23415
cs.AI 2503.23424
cs.AI 2503.23439
cs.AI 2503.23448
cs.AI 2503.23466
cs.AI 2503.23478
cs.AI 2503.23483
cs.AI 2503.23491
cs.AI 2503.23502
cs.AI 2503.23511
cs.AI 2503.23514
cs.AI 2503.23534
cs.AI 2503.23536
cs.AI 2503.23550
cs.AI 2503.23573
cs.AI 2503.23605
cs.AI 2503.23616
cs.AI 2503.23617
cs.AI 2503.23630
cs.AI 2503.23641
cs.AI 2503.23708
cs.AI 2503.23713
cs.AI 2503.23721
cs.AI 2503.23730
cs.AI 2503.23731
cs.AI 2503.23740
cs.AI 2503.23764
cs.AI 2503.23779
cs.AI 2503.23786
cs.AI 2503.23798
cs.AI 2503.23803
cs.AI 2503.23819
cs.AI 2503.23820
cs.AI 2503.23830
cs.AI 2503.23862
cs.AI 2503.23875
cs.AI 2503.23886
cs.AI 2503.23888
cs.AI 2503.23893
cs.AI 2503.23895
cs.AI 2503.23897
cs.AI 2503.23907
cs.AI 2503.23934
cs.AI 2503.23956
cs.AI 2503.23972
cs.AI 2503.23982
cs.AI 2503.23988
cs.AI 2503.23989
cs.AI 2503.23993
cs.AI 2503.24000
cs.AI 2503.24007
cs.AI 2503.24008
cs.AI 2503.24009
cs.AI 2503.24016
cs.AI 2503.24062
cs.AI 2503.24108
cs.AI 2503.24130
cs.AI 2503.24145
cs.AI 2503.24150
cs.AI 2503.24165
cs.AI 2503.24191
cs.AI 2503.24210
cs.AI 2503.24219
cs.AI 2503.24235
cs.AI 2503.24237
cs.AI 2503.24258
cs.AI 2503.24262
cs.AI 2503.24270
cs.AI 2503.24277
cs.AI 2503.24278
cs.AI 2503.24284
cs.AI 2503.24299
cs.AI 2503.24305
cs.AI 2503.24307
cs.AI 2503.24310
cs.AI 2503.24325
cs.AI 2503.24354
cs.AI 2503.24358
cs.AI 2503.24361
cs.AI 2503.24365
cs.AI 2503.24370
cs.AI 2503.24376
cs.AI 2503.24377
cs.AI 2503.24379
cs.AI 2503.24381
cs.AI 2503.22708
cs.AI 2503.22719
cs.AI 2503.22931
cs.AI 2503.22941
cs.AI 2503.22989
cs.AI 2503.23037
cs.AI 2503.23170
cs.AI 2503.23190
cs.AI 2503.23299
cs.AI 2503.23312
cs.AI 2503.23314
cs.AI 2503.23315
cs.AI 2503.23326
cs.AI 2503.23329
cs.AI 2503.23339
cs.AI 2503.23350
cs.AI 2503.23363
cs.AI 2503.23486
cs.AI 2503.23487
cs.AI 2503.23598
cs.AI 2503.23615
cs.AI 2503.23622
cs.AI 2503.23631
cs.AI 2503.23633
cs.AI 2503.23668
cs.AI 2503.23781
cs.AI 2503.23923
cs.AI 2503.23948
cs.AI 2503.24028
cs.AI 2503.24047
cs.AI 2503.24110
cs.AI 2503.24199
cs.AI 2503.24215
cs.AI 2503.24228
cs.AI 2503.24328
cs.AI 2503.24378
cs.AI 2503.24388
cs.AI 2504.00002
cs.AI 2504.00008
cs.AI 2504.00009
cs.AI 2504.00017
cs.AI 2504.00019
cs.AI 2504.00020
cs.AI 2504.00024
cs.AI 2504.00026
cs.AI 2504.00027
cs.AI 2504.00029
cs.AI 2504.00030
cs.AI 2504.00031
cs.AI 2504.00035
cs.AI 2504.00036
cs.AI 2504.00037
cs.AI 2504.00038
cs.AI 2504.00040
cs.AI 2504.00043
cs.AI 2504.00046
cs.AI 2504.00047
cs.AI 2504.00048
cs.AI 2504.00050
cs.AI 2504.00051
cs.AI 2504.00053
cs.AI 2504.00058
cs.AI 2504.00060
cs.AI 2504.00061
cs.AI 2504.00065
cs.AI 2504.00118
cs.AI 2504.00133
cs.AI 2504.00142
cs.AI 2504.00149
cs.AI 2504.00163
cs.AI 2504.00170
cs.AI 2504.00174
cs.AI 2504.00178
cs.AI 2504.00180
cs.AI 2504.00186
cs.AI 2504.00194
cs.AI 2504.00204
cs.AI 2504.00218
cs.AI 2504.00220
cs.AI 2504.00221
cs.AI 2504.00241
cs.AI 2504.00247
cs.AI 2504.00254
cs.AI 2504.00255
cs.AI 2504.00286
cs.AI 2504.00289
cs.AI 2504.00294
cs.AI 2504.00308
cs.AI 2504.00310
cs.AI 2504.00336
cs.AI 2504.00338
cs.AI 2504.00339
cs.AI 2504.00341
cs.AI 2504.00356
cs.AI 2504.00374
cs.AI 2504.00401
cs.AI 2504.00406
cs.AI 2504.00408
cs.AI 2504.00409
cs.AI 2504.00414
cs.AI 2504.00428
cs.AI 2504.00438
cs.AI 2504.00441
cs.AI 2504.00457
cs.AI 2504.00460
cs.AI 2504.00469
cs.AI 2504.00472
cs.AI 2504.00485
cs.AI 2504.00510
cs.AI 2504.00515
cs.AI 2504.00521
cs.AI 2504.00526
cs.AI 2504.00584
cs.AI 2504.00597
cs.AI 2504.00603
cs.AI 2504.00608
cs.AI 2504.00624
cs.AI 2504.00634
cs.AI 2504.00638
cs.AI 2504.00652
cs.AI 2504.00661
cs.AI 2504.00692
cs.AI 2504.00698
cs.AI 2504.00707
cs.AI 2504.00709
cs.AI 2504.00717
cs.AI 2504.00752
cs.AI 2504.00780
cs.AI 2504.00794
cs.AI 2504.00837
cs.AI 2504.00839
cs.AI 2504.00850
cs.AI 2504.00852
cs.AI 2504.00857
cs.AI 2504.00860
cs.AI 2504.00869
cs.AI 2504.00882
cs.AI 2504.00883
cs.AI 2504.00885
cs.AI 2504.00899
cs.AI 2504.00943
cs.AI 2504.00948
cs.AI 2504.00952
cs.AI 2504.00954
cs.AI 2504.00955
cs.AI 2504.00957
cs.AI 2504.00969
cs.AI 2504.00970
cs.AI 2504.00975
cs.AI 2504.00983
cs.AI 2504.00986
cs.AI 2504.00993
cs.AI 2504.00999
cs.AI 2504.01001
cs.AI 2504.01002
cs.AI 2504.01005
cs.AI 2504.01008
cs.AI 2504.01016
cs.AI 2504.00063
cs.AI 2504.00125
cs.AI 2504.00226
cs.AI 2504.00277
cs.AI 2504.00280
cs.AI 2504.00299
cs.AI 2504.00389
cs.AI 2504.00424
cs.AI 2504.00509
cs.AI 2504.00613
cs.AI 2504.00615
cs.AI 2504.00727
cs.AI 2504.00762
cs.AI 2504.00795
cs.AI 2504.00831
cs.AI 2504.00843
cs.AI 2504.00906
cs.AI 2504.00907
cs.AI 2504.00938
cs.AI 2504.01024
cs.AI 2504.01025
cs.AI 2504.01029
cs.AI 2504.01032
cs.AI 2504.01034
cs.AI 2504.01039
cs.AI 2504.01043
cs.AI 2504.01047
cs.AI 2504.01053
cs.AI 2504.01089
cs.AI 2504.01093
cs.AI 2504.01094
cs.AI 2504.01122
cs.AI 2504.01128
cs.AI 2504.01132
cs.AI 2504.01153
cs.AI 2504.01173
cs.AI 2504.01196
cs.AI 2504.01201
cs.AI 2504.01205
cs.AI 2504.01208
cs.AI 2504.01214
cs.AI 2504.01216
cs.AI 2504.01225
cs.AI 2504.01228
cs.AI 2504.01243
cs.AI 2504.01246
cs.AI 2504.01248
cs.AI 2504.01281
cs.AI 2504.01309
cs.AI 2504.01317
cs.AI 2504.01321
cs.AI 2504.01324
cs.AI 2504.01326
cs.AI 2504.01337
cs.AI 2504.01366
cs.AI 2504.01395
cs.AI 2504.01400
cs.AI 2504.01403
cs.AI 2504.01407
cs.AI 2504.01420
cs.AI 2504.01428
cs.AI 2504.01429
cs.AI 2504.01444
cs.AI 2504.01452
cs.AI 2504.01459
cs.AI 2504.01468
cs.AI 2504.01515
cs.AI 2504.01521
cs.AI 2504.01522
cs.AI 2504.01541
cs.AI 2504.01560
cs.AI 2504.01571
cs.AI 2504.01588
cs.AI 2504.01589
cs.AI 2504.01627
cs.AI 2504.01632
cs.AI 2504.01641
cs.AI 2504.01652
cs.AI 2504.01671
cs.AI 2504.01673
cs.AI 2504.01690
cs.AI 2504.01692
cs.AI 2504.01698
cs.AI 2504.01700
cs.AI 2504.01705
cs.AI 2504.01707
cs.AI 2504.01724
cs.AI 2504.01735
cs.AI 2504.01738
cs.AI 2504.01764
cs.AI 2504.01767
cs.AI 2504.01783
cs.AI 2504.01797
cs.AI 2504.01819
cs.AI 2504.01833
cs.AI 2504.01850
cs.AI 2504.01855
cs.AI 2504.01857
cs.AI 2504.01866
cs.AI 2504.01871
cs.AI 2504.01888
cs.AI 2504.01901
cs.AI 2504.01902
cs.AI 2504.01903
cs.AI 2504.01905
cs.AI 2504.01908
cs.AI 2504.01916
cs.AI 2504.01919
cs.AI 2504.01925
cs.AI 2504.01930
cs.AI 2504.01947
cs.AI 2504.01154
cs.AI 2504.01211
cs.AI 2504.01278
cs.AI 2504.01331
cs.AI 2504.01382
cs.AI 2504.01445
cs.AI 2504.01538
cs.AI 2504.01551
cs.AI 2504.01637
cs.AI 2504.01644
cs.AI 2504.01733
cs.AI 2504.01771
cs.AI 2504.01798
cs.AI 2504.01848
cs.AI 2504.01849
cs.AI 2504.01883
cs.AI 2504.01911
cs.AI 2504.01935
cs.AI 2504.01951
cs.AI 2504.01963
cs.AI 2504.01970
cs.AI 2504.01973
cs.AI 2504.01979
cs.AI 2504.01980
cs.AI 2504.01981
cs.AI 2504.01985
cs.AI 2504.01986
cs.AI 2504.01992
cs.AI 2504.01994
cs.AI 2504.02000
cs.AI 2504.02008
cs.AI 2504.02011
cs.AI 2504.02014
cs.AI 2504.02019
cs.AI 2504.02051
cs.AI 2504.02064
cs.AI 2504.02069
cs.AI 2504.02074
cs.AI 2504.02080
cs.AI 2504.02087
cs.AI 2504.02094
cs.AI 2504.02110
cs.AI 2504.02114
cs.AI 2504.02118
cs.AI 2504.02128
cs.AI 2504.02137
cs.AI 2504.02141
cs.AI 2504.02144
cs.AI 2504.02151
cs.AI 2504.02168
cs.AI 2504.02169
cs.AI 2504.02199
cs.AI 2504.02211
cs.AI 2504.02221
cs.AI 2504.02231
cs.AI 2504.02234
cs.AI 2504.02252
cs.AI 2504.02254
cs.AI 2504.02260
cs.AI 2504.02277
cs.AI 2504.02285
cs.AI 2504.02293
cs.AI 2504.02312
cs.AI 2504.02316
cs.AI 2504.02317
cs.AI 2504.02351
cs.AI 2504.02382
cs.AI 2504.02388
cs.AI 2504.02402
cs.AI 2504.02408
cs.AI 2504.02417
cs.AI 2504.02438
cs.AI 2504.02441
cs.AI 2504.02450
cs.AI 2504.02458
cs.AI 2504.02461
cs.AI 2504.02463
cs.AI 2504.02464
cs.AI 2504.02479
cs.AI 2504.02480
cs.AI 2504.02492
cs.AI 2504.02495
cs.AI 2504.02512
cs.AI 2504.02526
cs.AI 2504.02544
cs.AI 2504.02546
cs.AI 2504.02558
cs.AI 2504.02586
cs.AI 2504.02589
cs.AI 2504.02605
cs.AI 2504.02606
cs.AI 2504.02607
cs.AI 2504.02620
cs.AI 2504.02646
cs.AI 2504.02685
cs.AI 2504.02698
cs.AI 2504.02724
cs.AI 2504.02737
cs.AI 2504.02764
cs.AI 2504.02767
cs.AI 2504.02778
cs.AI 2504.02780
cs.AI 2504.02781
cs.AI 2504.02792
cs.AI 2504.02799
cs.AI 2504.02807
cs.AI 2504.02810
cs.AI 2504.02819
cs.AI 2504.02821
cs.AI 2504.02827
cs.AI 2504.02828
cs.AI 2504.01990
cs.AI 2504.01995
cs.AI 2504.02058
cs.AI 2504.02111
cs.AI 2504.02148
cs.AI 2504.02181
cs.AI 2504.02193
cs.AI 2504.02227
cs.AI 2504.02269
cs.AI 2504.02426
cs.AI 2504.02430
cs.AI 2504.02467
cs.AI 2504.02486
cs.AI 2504.02489
cs.AI 2504.02509
cs.AI 2504.02577
cs.AI 2504.02623
cs.AI 2504.02654
cs.AI 2504.02670
cs.AI 2504.02701
cs.AI 2504.02793
cs.AI 2504.02822
cs.CV 2503.21818
cs.CV 2503.21825
cs.CV 2503.21829
cs.CV 2503.21840
cs.CV 2503.21860
cs.CV 2503.21886
cs.CV 2503.21914
cs.CV 2503.21931
cs.CV 2503.21955
cs.CV 2503.21984
cs.CV 2503.22015
cs.CV 2503.22052
cs.CV 2503.22122
cs.CV 2503.22138
cs.CV 2503.22140
cs.CV 2503.22143
cs.CV 2503.22159
cs.CV 2503.22176
cs.CV 2503.22177
cs.CV 2503.22178
cs.CV 2503.22182
cs.CV 2503.22200
cs.CV 2503.22205
cs.CV 2503.22208
cs.CV 2503.22236
cs.CV 2503.22263
cs.CV 2503.22271
cs.CV 2503.22330
cs.CV 2503.22496
cs.CV 2503.22517
cs.CV 2503.22531
cs.CV 2503.22563
cs.CV 2503.22588
cs.CV 2503.22589
cs.CV 2503.22592
cs.CV 2503.22605
cs.CV 2503.22655
cs.CV 2503.22658
cs.CV 2503.21817
cs.CV 2503.21820
cs.CV 2503.21823
cs.CV 2503.21824
cs.CV 2503.21827
cs.CV 2503.21830
cs.CV 2503.21834
cs.CV 2503.21836
cs.CV 2503.21839
cs.CV 2503.21841
cs.CV 2503.21843
cs.CV 2503.21848
cs.CV 2503.21851
cs.CV 2503.21854
cs.CV 2503.21889
cs.CV 2503.21893
cs.CV 2503.21904
cs.CV 2503.21907
cs.CV 2503.21932
cs.CV 2503.21939
cs.CV 2503.21943
cs.CV 2503.21956
cs.CV 2503.21958
cs.CV 2503.21970
cs.CV 2503.21979
cs.CV 2503.21990
cs.CV 2503.21991
cs.CV 2503.21999
cs.CV 2503.22019
cs.CV 2503.22020
cs.CV 2503.22026
cs.CV 2503.22050
cs.CV 2503.22060
cs.CV 2503.22069
cs.CV 2503.22079
cs.CV 2503.22081
cs.CV 2503.22087
cs.CV 2503.22093
cs.CV 2503.22120
cs.CV 2503.22121
cs.CV 2503.22125
cs.CV 2503.22136
cs.CV 2503.22152
cs.CV 2503.22154
cs.CV 2503.22168
cs.CV 2503.22171
cs.CV 2503.22172
cs.CV 2503.22174
cs.CV 2503.22175
cs.CV 2503.22179
cs.CV 2503.22180
cs.CV 2503.22193
cs.CV 2503.22194
cs.CV 2503.22197
cs.CV 2503.22199
cs.CV 2503.22201
cs.CV 2503.22204
cs.CV 2503.22209
cs.CV 2503.22215
cs.CV 2503.22218
cs.CV 2503.22225
cs.CV 2503.22231
cs.CV 2503.22237
cs.CV 2503.22251
cs.CV 2503.22262
cs.CV 2503.22265
cs.CV 2503.22268
cs.CV 2503.22281
cs.CV 2503.22285
cs.CV 2503.22291
cs.CV 2503.22309
cs.CV 2503.22324
cs.CV 2503.22328
cs.CV 2503.22344
cs.CV 2503.22346
cs.CV 2503.22349
cs.CV 2503.22351
cs.CV 2503.22352
cs.CV 2503.22357
cs.CV 2503.22359
cs.CV 2503.22363
cs.CV 2503.22374
cs.CV 2503.22375
cs.CV 2503.22394
cs.CV 2503.22397
cs.CV 2503.22398
cs.CV 2503.22399
cs.CV 2503.22405
cs.CV 2503.22417
cs.CV 2503.22420
cs.CV 2503.22430
cs.CV 2503.22436
cs.CV 2503.22437
cs.CV 2503.22462
cs.CV 2503.22513
cs.CV 2503.22526
cs.CV 2503.22537
cs.CV 2503.22557
cs.CV 2503.22560
cs.CV 2503.22577
cs.CV 2503.22622
cs.CV 2503.22668
cs.CV 2503.22676
cs.CV 2503.22677
cs.CV 2503.22679
cs.CV 2503.22697
cs.CV 2503.22713
cs.CV 2503.22714
cs.CV 2503.22715
cs.CV 2503.22728
cs.CV 2503.22729
cs.CV 2503.22742
cs.CV 2503.22829
cs.CV 2503.22876
cs.CV 2503.22943
cs.CV 2503.23042
cs.CV 2503.23050
cs.CV 2503.23179
cs.CV 2503.23219
cs.CV 2503.23241
cs.CV 2503.23265
cs.CV 2503.23284
cs.CV 2503.23312
cs.CV 2503.23333
cs.CV 2503.23348
cs.CV 2503.23410
cs.CV 2503.23515
cs.CV 2503.23598
cs.CV 2503.23644
cs.CV 2503.23733
cs.CV 2503.23752
cs.CV 2503.23768
cs.CV 2503.23819
cs.CV 2503.23877
cs.CV 2503.23893
cs.CV 2503.23898
cs.CV 2503.23949
cs.CV 2503.24009
cs.CV 2503.24138
cs.CV 2503.24160
cs.CV 2503.24354
cs.CV 2503.22782
cs.CV 2503.22796
cs.CV 2503.22841
cs.CV 2503.22862
cs.CV 2503.22869
cs.CV 2503.22880
cs.CV 2503.22881
cs.CV 2503.22884
cs.CV 2503.22890
cs.CV 2503.22906
cs.CV 2503.22909
cs.CV 2503.22912
cs.CV 2503.22929
cs.CV 2503.22932
cs.CV 2503.22936
cs.CV 2503.22952
cs.CV 2503.22963
cs.CV 2503.22965
cs.CV 2503.22976
cs.CV 2503.22983
cs.CV 2503.22984
cs.CV 2503.22986
cs.CV 2503.23011
cs.CV 2503.23012
cs.CV 2503.23021
cs.CV 2503.23022
cs.CV 2503.23024
cs.CV 2503.23030
cs.CV 2503.23035
cs.CV 2503.23039
cs.CV 2503.23044
cs.CV 2503.23062
cs.CV 2503.23064
cs.CV 2503.23081
cs.CV 2503.23083
cs.CV 2503.23094
cs.CV 2503.23105
cs.CV 2503.23106
cs.CV 2503.23109
cs.CV 2503.23121
cs.CV 2503.23125
cs.CV 2503.23130
cs.CV 2503.23131
cs.CV 2503.23135
cs.CV 2503.23137
cs.CV 2503.23162
cs.CV 2503.23178
cs.CV 2503.23181
cs.CV 2503.23185
cs.CV 2503.23200
cs.CV 2503.23212
cs.CV 2503.23214
cs.CV 2503.23220
cs.CV 2503.23226
cs.CV 2503.23234
cs.CV 2503.23249
cs.CV 2503.23257
cs.CV 2503.23266
cs.CV 2503.23275
cs.CV 2503.23282
cs.CV 2503.23283
cs.CV 2503.23297
cs.CV 2503.23300
cs.CV 2503.23307
cs.CV 2503.23313
cs.CV 2503.23330
cs.CV 2503.23331
cs.CV 2503.23332
cs.CV 2503.23337
cs.CV 2503.23344
cs.CV 2503.23353
cs.CV 2503.23355
cs.CV 2503.23356
cs.CV 2503.23359
cs.CV 2503.23365
cs.CV 2503.23367
cs.CV 2503.23368
cs.CV 2503.23370
cs.CV 2503.23377
cs.CV 2503.23379
cs.CV 2503.23381
cs.CV 2503.23388
cs.CV 2503.23398
cs.CV 2503.23402
cs.CV 2503.23407
cs.CV 2503.23422
cs.CV 2503.23447
cs.CV 2503.23450
cs.CV 2503.23451
cs.CV 2503.23452
cs.CV 2503.23453
cs.CV 2503.23455
cs.CV 2503.23456
cs.CV 2503.23459
cs.CV 2503.23461
cs.CV 2503.23463
cs.CV 2503.23468
cs.CV 2503.23472
cs.CV 2503.23495
cs.CV 2503.23502
cs.CV 2503.23507
cs.CV 2503.23508
cs.CV 2503.23509
cs.CV 2503.23519
cs.CV 2503.23529
cs.CV 2503.23534
cs.CV 2503.23538
cs.CV 2503.23573
cs.CV 2503.23577
cs.CV 2503.23580
cs.CV 2503.23587
cs.CV 2503.23606
cs.CV 2503.23618
cs.CV 2503.23623
cs.CV 2503.23647
cs.CV 2503.23660
cs.CV 2503.23664
cs.CV 2503.23667
cs.CV 2503.23670
cs.CV 2503.23679
cs.CV 2503.23684
cs.CV 2503.23702
cs.CV 2503.23709
cs.CV 2503.23712
cs.CV 2503.23715
cs.CV 2503.23717
cs.CV 2503.23722
cs.CV 2503.23725
cs.CV 2503.23730
cs.CV 2503.23731
cs.CV 2503.23736
cs.CV 2503.23746
cs.CV 2503.23747
cs.CV 2503.23751
cs.CV 2503.23764
cs.CV 2503.23765
cs.CV 2503.23771
cs.CV 2503.23775
cs.CV 2503.23786
cs.CV 2503.23793
cs.CV 2503.23806
cs.CV 2503.23844
cs.CV 2503.23862
cs.CV 2503.23881
cs.CV 2503.23882
cs.CV 2503.23888
cs.CV 2503.23897
cs.CV 2503.23905
cs.CV 2503.23907
cs.CV 2503.23911
cs.CV 2503.23925
cs.CV 2503.23930
cs.CV 2503.23947
cs.CV 2503.23951
cs.CV 2503.23956
cs.CV 2503.23958
cs.CV 2503.23959
cs.CV 2503.23963
cs.CV 2503.23965
cs.CV 2503.23980
cs.CV 2503.23993
cs.CV 2503.24008
cs.CV 2503.24014
cs.CV 2503.24017
cs.CV 2503.24026
cs.CV 2503.24032
cs.CV 2503.24057
cs.CV 2503.24065
cs.CV 2503.24071
cs.CV 2503.24088
cs.CV 2503.24091
cs.CV 2503.24096
cs.CV 2503.24108
cs.CV 2503.24121
cs.CV 2503.24129
cs.CV 2503.24135
cs.CV 2503.24166
cs.CV 2503.24180
cs.CV 2503.24182
cs.CV 2503.24210
cs.CV 2503.24219
cs.CV 2503.24229
cs.CV 2503.24258
cs.CV 2503.24267
cs.CV 2503.24270
cs.CV 2503.24272
cs.CV 2503.24282
cs.CV 2503.24298
cs.CV 2503.24306
cs.CV 2503.24320
cs.CV 2503.24326
cs.CV 2503.24345
cs.CV 2503.24357
cs.CV 2503.24366
cs.CV 2503.24368
cs.CV 2503.24374
cs.CV 2503.24376
cs.CV 2503.24379
cs.CV 2503.24381
cs.CV 2503.24382
cs.CV 2503.24387
cs.CV 2503.24389
cs.CV 2503.24391
cs.CV 2503.22516
cs.CV 2503.24388
cs.CV 2504.00022
cs.CV 2504.00026
cs.CV 2504.00043
cs.CV 2504.00047
cs.CV 2504.00060
cs.CV 2504.00189
cs.CV 2504.00220
cs.CV 2504.00221
cs.CV 2504.00234
cs.CV 2504.00254
cs.CV 2504.00264
cs.CV 2504.00302
cs.CV 2504.00420
cs.CV 2504.00470
cs.CV 2504.00487
cs.CV 2504.00515
cs.CV 2504.00525
cs.CV 2504.00702
cs.CV 2504.00719
cs.CV 2504.00772
cs.CV 2504.00775
cs.CV 2504.00867
cs.CV 2504.00906
cs.CV 2504.00952
cs.CV 2504.00983
cs.CV 2504.01016
cs.CV 2504.00017
cs.CV 2504.00023
cs.CV 2504.00032
cs.CV 2504.00037
cs.CV 2504.00072
cs.CV 2504.00139
cs.CV 2504.00149
cs.CV 2504.00150
cs.CV 2504.00159
cs.CV 2504.00161
cs.CV 2504.00185
cs.CV 2504.00191
cs.CV 2504.00200
cs.CV 2504.00204
cs.CV 2504.00219
cs.CV 2504.00247
cs.CV 2504.00270
cs.CV 2504.00348
cs.CV 2504.00356
cs.CV 2504.00370
cs.CV 2504.00375
cs.CV 2504.00379
cs.CV 2504.00380
cs.CV 2504.00382
cs.CV 2504.00385
cs.CV 2504.00387
cs.CV 2504.00394
cs.CV 2504.00396
cs.CV 2504.00400
cs.CV 2504.00401
cs.CV 2504.00410
cs.CV 2504.00421
cs.CV 2504.00429
cs.CV 2504.00430
cs.CV 2504.00431
cs.CV 2504.00432
cs.CV 2504.00437
cs.CV 2504.00438
cs.CV 2504.00454
cs.CV 2504.00457
cs.CV 2504.00458
cs.CV 2504.00463
cs.CV 2504.00476
cs.CV 2504.00478
cs.CV 2504.00481
cs.CV 2504.00490
cs.CV 2504.00496
cs.CV 2504.00502
cs.CV 2504.00526
cs.CV 2504.00527
cs.CV 2504.00543
cs.CV 2504.00557
cs.CV 2504.00558
cs.CV 2504.00559
cs.CV 2504.00561
cs.CV 2504.00606
cs.CV 2504.00609
cs.CV 2504.00639
cs.CV 2504.00640
cs.CV 2504.00647
cs.CV 2504.00654
cs.CV 2504.00665
cs.CV 2504.00691
cs.CV 2504.00753
cs.CV 2504.00759
cs.CV 2504.00763
cs.CV 2504.00773
cs.CV 2504.00784
cs.CV 2504.00812
cs.CV 2504.00816
cs.CV 2504.00844
cs.CV 2504.00848
cs.CV 2504.00850
cs.CV 2504.00857
cs.CV 2504.00859
cs.CV 2504.00862
cs.CV 2504.00870
cs.CV 2504.00879
cs.CV 2504.00883
cs.CV 2504.00901
cs.CV 2504.00908
cs.CV 2504.00939
cs.CV 2504.00943
cs.CV 2504.00946
cs.CV 2504.00950
cs.CV 2504.00954
cs.CV 2504.00979
cs.CV 2504.00992
cs.CV 2504.00996
cs.CV 2504.00999
cs.CV 2504.01004
cs.CV 2504.01008
cs.CV 2504.01009
cs.CV 2504.01010
cs.CV 2504.01014
cs.CV 2504.01017
cs.CV 2504.01019
cs.CV 2504.01020
cs.CV 2504.01025
cs.CV 2504.01027
cs.CV 2504.01035
cs.CV 2504.01038
cs.CV 2504.01204
cs.CV 2504.01208
cs.CV 2504.01218
cs.CV 2504.01225
cs.CV 2504.01261
cs.CV 2504.01274
cs.CV 2504.01358
cs.CV 2504.01483
cs.CV 2504.01521
cs.CV 2504.01561
cs.CV 2504.01571
cs.CV 2504.01577
cs.CV 2504.01767
cs.CV 2504.01879
cs.CV 2504.01023
cs.LO 2503.22558
cs.CV 2504.01024
cs.LO 2503.21852
cs.LO 2503.21906
cs.CV 2504.01028
cs.LO 2503.23206
cs.CV 2504.01040
cs.LO 2503.23207
cs.CV 2504.01044
cs.LO 2503.23826
cs.CV 2504.01047
cs.LO 2503.22819
cs.CV 2504.01048
cs.LO 2503.23870
cs.CV 2504.01049
cs.LO 2503.24078
cs.CV 2504.01053
cs.LO 2504.00263
cs.CV 2504.01081
cs.CV 2504.01128
cs.LO 2504.00318
cs.CV 2504.01213
cs.LO 2504.00723
cs.CV 2504.01214
cs.LO 2504.00847
cs.CV 2504.01220
cs.LO 2504.01198
cs.CV 2504.01228
cs.LO 2504.01606
cs.CV 2504.01243
cs.LO 2504.01733
cs.CV 2504.01298
cs.LO 2504.01798
cs.CV 2504.01308
cs.LO 2504.01847
cs.CV 2504.01321
cs.LO 2504.02124
cs.CV 2504.01324
cs.LO 2504.02409
cs.CV 2504.01326
cs.LO 2504.02430
cs.CV 2504.01328
cs.LO 2504.02577
cs.CV 2504.01348
cs.LO 2504.02654
cs.CV 2504.01383
cs.CV 2504.01386
cs.CV 2504.01396
cs.CV 2504.01399
cs.CV 2504.01407
cs.CV 2504.01428
cs.CV 2504.01449
cs.CV 2504.01452
cs.CV 2504.01457
cs.CV 2504.01466
cs.CV 2504.01470
cs.CV 2504.01472
cs.CV 2504.01476
cs.CV 2504.01503
cs.CV 2504.01512
cs.CV 2504.01515
cs.CV 2504.01527
cs.CV 2504.01547
cs.CV 2504.01559
cs.CV 2504.01589
cs.CV 2504.01591
cs.CV 2504.01596
cs.CV 2504.01597
cs.CV 2504.01603
cs.CV 2504.01619
cs.CV 2504.01620
cs.CV 2504.01632
cs.CV 2504.01641
cs.CV 2504.01647
cs.CV 2504.01648
cs.CV 2504.01655
cs.CV 2504.01659
cs.CV 2504.01662
cs.CV 2504.01666
cs.CV 2504.01668
cs.CV 2504.01689
cs.CV 2504.01722
cs.CV 2504.01724
cs.CV 2504.01732
cs.CV 2504.01735
cs.CV 2504.01739
cs.CV 2504.01755
cs.CV 2504.01764
cs.CV 2504.01774
cs.CV 2504.01792
cs.CV 2504.01805
cs.CV 2504.01819
cs.CV 2504.01838
cs.CV 2504.01844
cs.CV 2504.01872
cs.CV 2504.01873
cs.CV 2504.01886
cs.CV 2504.01890
cs.CV 2504.01901
cs.CV 2504.01916
cs.CV 2504.01925
cs.CV 2504.01934
cs.CV 2504.01941
cs.CV 2504.01952
cs.CV 2504.01953
cs.CV 2504.01954
cs.CV 2504.01955
cs.CV 2504.01956
cs.CV 2504.01957
cs.CV 2504.01960
cs.CV 2504.01961
cs.CV 2504.01987
cs.CV 2504.01988
cs.CV 2504.01989
cs.CV 2504.01996
cs.CV 2504.02045
cs.CV 2504.02084
cs.CV 2504.02132
cs.CV 2504.02151
cs.CV 2504.02161
cs.CV 2504.02163
cs.CV 2504.02216
cs.CV 2504.02222
cs.CV 2504.02280
cs.CV 2504.02329
cs.CV 2504.02334
cs.CV 2504.02361
cs.CV 2504.02373
cs.CV 2504.02382
cs.CV 2504.02408
cs.CV 2504.02439
cs.CV 2504.02465
cs.CV 2504.02473
cs.CV 2504.02477
cs.CV 2504.02587
cs.CV 2504.02620
cs.CV 2504.02628
cs.CV 2504.02647
cs.CV 2504.02666
cs.CV 2504.02797
cs.CV 2504.02060
cs.CV 2504.02061
cs.CV 2504.02154
cs.CV 2504.02158
cs.CV 2504.02160
cs.CV 2504.02168
cs.CV 2504.02180
cs.CV 2504.02199
cs.CV 2504.02214
cs.CV 2504.02231
cs.CV 2504.02244
cs.CV 2504.02259
cs.CV 2504.02261
cs.CV 2504.02264
cs.CV 2504.02270
cs.CV 2504.02272
cs.CV 2504.02277
cs.CV 2504.02279
cs.CV 2504.02286
cs.CV 2504.02287
cs.CV 2504.02312
cs.CV 2504.02316
cs.CV 2504.02318
cs.CV 2504.02328
cs.CV 2504.02335
cs.CV 2504.02337
cs.CV 2504.02345
cs.CV 2504.02351
cs.CV 2504.02356
cs.CV 2504.02362
cs.CV 2504.02386
cs.CV 2504.02391
cs.CV 2504.02397
cs.CV 2504.02416
cs.CV 2504.02417
cs.CV 2504.02433
cs.CV 2504.02436
cs.CV 2504.02437
cs.CV 2504.02440
cs.CV 2504.02451
cs.CV 2504.02454
cs.CV 2504.02464
cs.CV 2504.02471
cs.CV 2504.02478
cs.CV 2504.02480
cs.CV 2504.02494
cs.CV 2504.02496
cs.CV 2504.02508
cs.CV 2504.02512
cs.CV 2504.02515
cs.CV 2504.02517
cs.CV 2504.02519
cs.CV 2504.02522
cs.CV 2504.02524
cs.CV 2504.02534
cs.CV 2504.02536
cs.CV 2504.02542
cs.CV 2504.02545
cs.CV 2504.02555
cs.CV 2504.02558
cs.CV 2504.02560
cs.CV 2504.02602
cs.CV 2504.02612
cs.CV 2504.02617
cs.CV 2504.02697
cs.CV 2504.02730
cs.CV 2504.02762
cs.CV 2504.02763
cs.CV 2504.02764
cs.CV 2504.02775
cs.CV 2504.02778
cs.CV 2504.02782
cs.CV 2504.02799
cs.CV 2504.02801
cs.CV 2504.02812
cs.CV 2504.02817
cs.CV 2504.02819
cs.CV 2504.02821
cs.CV 2504.02823
cs.CV 2504.02826
cs.CV 2504.02828
cs.PF 2503.22292
cs.PF 2503.21832
cs.PF 2503.22875
cs.PF 2503.22879
cs.PF 2503.23076
cs.PF 2503.23988
cs.PF 2504.00001
cs.PF 2504.00518
cs.PF 2504.00002
cs.PF 2504.01266
cs.PF 2504.01052
cs.PF 2503.23397
cs.PF 2504.02207
cs.PF 2504.02364
cs.PF 2504.02632
cs.MA 2503.21807
cs.MA 2503.21906
cs.MA 2503.22162
cs.MA 2503.22038
cs.MA 2503.22726
cs.MA 2503.23138
cs.MA 2503.23314
cs.MA 2503.23804
cs.MA 2503.23875
cs.MA 2503.24025
cs.MA 2503.24047
cs.MA 2503.24183
cs.MA 2503.24228
cs.MA 2503.24325
cs.MA 2503.24381
cs.MA 2503.22718
cs.MA 2503.22779
cs.MA 2503.23626
cs.MA 2504.00010
cs.MA 2504.00255
cs.MA 2504.00338
cs.MA 2504.00727
cs.MA 2504.00877
cs.MA 2504.00218
cs.MA 2504.00587
cs.MA 2504.00602
cs.MA 2504.00683
cs.MA 2504.00863
cs.MA 2504.01154
cs.MA 2504.01705
cs.MA 2504.01234
cs.MA 2504.01242
cs.MA 2504.02049
cs.MA 2504.02461
cs.MA 2504.02479
cs.MA 2504.02701
cs.MA 2504.02743
cs.MA 2504.01963
cs.MA 2504.02051
cs.MA 2504.02128
cs.PL 2503.21937
cs.PL 2503.22688
cs.PL 2503.22760
cs.PL 2503.23157
cs.PL 2503.22832
cs.PL 2503.23145
cs.PL 2503.23791
cs.PL 2503.23904
cs.PL 2503.23985
cs.PL 2503.24036
cs.PL 2504.00013
cs.PL 2504.00065
cs.PL 2504.01558
cs.PL 2504.01847
cs.PL 2504.01866
cs.PL 2504.01841
cs.PL 2504.02170
cs.PL 2504.02246
cs.PL 2504.02443
cs.PL 2504.02455
cs.NA 2503.22646
cs.NA 2503.22652
cs.NA 2503.21855
cs.NA 2503.22273
cs.NA 2503.22286
cs.NA 2503.22297
cs.NA 2503.22301
cs.NA 2503.22335
cs.NA 2503.22360
cs.NA 2503.22386
cs.NA 2503.22455
cs.NA 2503.22621
cs.NA 2503.22631
cs.NA 2503.23488
cs.NA 2503.23716
cs.NA 2503.24195
cs.NA 2503.24208
cs.NA 2503.22780
cs.NA 2503.22813
cs.NA 2503.22816
cs.NA 2503.22887
cs.NA 2503.22949
cs.NA 2503.23152
cs.NA 2503.23168
cs.NA 2503.23237
cs.NA 2503.23296
cs.NA 2503.23369
cs.NA 2503.23516
cs.NA 2503.23567
cs.NA 2503.23638
cs.NA 2503.23729
cs.NA 2503.23900
cs.NA 2503.24001
cs.NA 2503.24131
cs.NA 2503.24232
cs.NA 2503.24234
cs.NA 2504.00313
cs.NA 2504.00381
cs.NA 2504.00480
cs.NA 2504.00209
cs.NA 2504.00323
cs.NA 2504.00325
cs.NA 2504.00330
cs.NA 2504.00340
cs.NA 2504.00405
cs.NA 2504.00462
cs.NA 2504.00560
cs.NA 2504.00604
cs.NA 2504.00648
cs.NA 2504.00666
cs.NA 2504.00667
cs.NA 2504.00688
cs.NA 2504.00724
cs.NA 2504.00740
cs.NA 2504.00808
cs.NA 2504.00886
cs.NA 2504.00958
cs.NA 2504.01160
cs.NA 2504.01430
cs.NA 2504.01482
cs.NA 2504.01552
cs.NA 2504.01938
cs.NA 2504.01097
cs.NA 2504.01144
cs.NA 2504.01289
cs.NA 2504.01307
cs.NA 2504.01323
cs.NA 2504.01360
cs.NA 2504.01487
cs.NA 2504.01500
cs.NA 2504.01529
cs.NA 2504.01699
cs.NA 2504.01727
cs.NA 2504.01762
cs.NA 2504.01784
cs.NA 2504.01984
cs.NA 2504.02198
cs.NA 2504.02245
cs.NA 2504.02432
cs.NA 2504.02721
cs.NA 2504.02072
cs.NA 2504.02117
cs.NA 2504.02226
cs.NA 2504.02228
cs.NA 2504.02475
cs.NA 2504.02513
cs.NA 2504.02629
cs.NA 2504.02672
cs.NA 2504.02700
cs.NA 2504.02814
cs.IR 2503.21813
cs.IR 2503.22303
cs.IR 2503.22005
cs.IR 2503.22049
cs.IR 2503.22182
cs.IR 2503.22508
cs.IR 2503.22672
cs.IR 2503.22675
cs.IR 2503.22742
cs.IR 2503.22752
cs.IR 2503.22877
cs.IR 2503.23244
cs.IR 2503.23427
cs.IR 2503.23445
cs.IR 2503.23804
cs.IR 2503.24243
cs.IR 2503.24307
cs.IR 2503.23013
cs.IR 2503.23026
cs.IR 2503.23032
cs.IR 2503.23033
cs.IR 2503.23040
cs.IR 2503.23239
cs.IR 2503.23333
cs.IR 2503.23358
cs.IR 2503.23374
cs.IR 2503.23409
cs.IR 2503.23436
cs.IR 2503.23596
cs.IR 2503.23630
cs.IR 2503.23824
cs.IR 2503.24193
cs.IR 2503.24251
cs.IR 2503.24289
cs.IR 2504.00828
cs.IR 2504.00882
cs.IR 2504.01157
cs.IR 2504.01281
cs.IR 2504.01309
cs.IR 2504.01346
cs.IR 2504.01348
cs.IR 2504.01879
cs.IR 2504.01883
cs.IR 2504.01101
cs.IR 2504.01162
cs.IR 2504.01284
cs.IR 2504.01304
cs.IR 2504.01403
cs.IR 2504.01448
cs.IR 2504.01458
cs.IR 2504.01489
cs.IR 2504.01541
cs.IR 2504.01602
cs.IR 2504.01627
cs.IR 2504.01818
cs.IR 2504.01863
cs.IR 2504.01922
cs.IR 2504.02060
cs.IR 2504.02132
cs.IR 2504.02589
cs.IR 2504.02646
cs.IR 2504.02670
cs.IR 2504.02137
cs.IR 2504.02195
cs.IR 2504.02288
cs.IR 2504.02377
cs.IR 2504.02458
cs.IR 2504.02463
cs.IR 2504.02598
cs.IR 2504.02811
cs.NI 2503.22186
cs.NI 2503.22232
cs.NI 2503.22406
cs.NI 2503.21942
cs.NI 2503.22034
cs.NI 2503.22095
cs.NI 2503.22663
cs.NI 2503.23658
cs.NI 2503.22981
cs.NI 2503.22982
cs.NI 2503.23000
cs.NI 2503.23132
cs.NI 2503.23290
cs.NI 2503.23366
cs.NI 2503.23446
cs.NI 2503.23669
cs.NI 2503.23823
cs.NI 2503.23889
cs.NI 2503.24081
cs.NI 2503.24148
cs.NI 2503.24203
cs.NI 2503.24214
cs.NI 2503.24296
cs.NI 2503.16042
cs.NI 2504.00002
cs.NI 2504.00277
cs.NI 2504.00761
cs.NI 2504.00417
cs.NI 2504.00489
cs.NI 2504.00555
cs.NI 2504.00689
cs.NI 2504.00912
cs.NI 2504.01186
cs.NI 2504.01676
cs.NI 2504.01104
cs.NI 2504.01374
cs.NI 2504.01414
cs.NI 2504.01422
cs.NI 2504.01730
cs.NI 2504.01946
cs.NI 2504.02162
cs.NI 2504.02174
cs.NI 2504.02406
cs.NI 2504.02561
cs.NI 2504.02637
cs.NI 2504.02688
cs.NI 2504.02722
cs.CR 2503.21824
cs.CR 2503.22016
cs.CR 2503.22503
cs.CR 2503.21891
cs.CR 2503.22010
cs.CR 2503.22065
cs.CR 2503.22156
cs.CR 2503.22161
cs.CR 2503.22227
cs.CR 2503.22232
cs.CR 2503.22330
cs.CR 2503.22379
cs.CR 2503.22406
cs.CR 2503.22413
cs.CR 2503.22573
cs.CR 2503.22612
cs.CR 2503.22685
cs.CR 2503.22738
cs.CR 2503.22988
cs.CR 2503.22998
cs.CR 2503.23268
cs.CR 2503.23414
cs.CR 2503.23424
cs.CR 2503.23444
cs.CR 2503.23718
cs.CR 2503.23986
cs.CR 2503.24037
cs.CR 2503.22681
cs.CR 2503.22683
cs.CR 2503.22684
cs.CR 2503.22686
cs.CR 2503.22709
cs.CR 2503.22710
cs.CR 2503.22717
cs.CR 2503.22755
cs.CR 2503.22759
cs.CR 2503.22760
cs.CR 2503.22765
cs.CR 2503.22935
cs.CR 2503.23138
cs.CR 2503.23175
cs.CR 2503.23238
cs.CR 2503.23250
cs.CR 2503.23277
cs.CR 2503.23278
cs.CR 2503.23292
cs.CR 2503.23510
cs.CR 2503.23511
cs.CR 2503.23533
cs.CR 2503.23627
cs.CR 2503.23748
cs.CR 2503.23785
cs.CR 2503.23804
cs.CR 2503.23866
cs.CR 2503.23949
cs.CR 2503.24191
cs.CR 2504.00147
cs.CR 2504.00282
cs.CR 2504.00346
cs.CR 2504.00357
cs.CR 2504.00366
cs.CR 2504.00012
cs.CR 2504.00018
cs.CR 2504.00031
cs.CR 2504.00035
cs.CR 2504.00041
cs.CR 2504.00170
cs.CR 2504.00320
cs.CR 2504.00341
cs.CR 2504.00428
cs.CR 2504.00436
cs.CR 2504.00441
cs.CR 2504.00446
cs.CR 2504.00497
cs.CR 2504.00563
cs.CR 2504.00694
cs.CR 2504.00858
cs.CR 2504.00924
cs.CR 2504.00988
cs.CR 2504.01048
cs.CR 2504.01094
cs.CR 2504.01550
cs.CR 2504.01856
cs.CR 2504.01905
cs.CR 2504.01096
cs.CR 2504.01145
cs.CR 2504.01198
cs.CR 2504.01230
cs.CR 2504.01240
cs.CR 2504.01305
cs.CR 2504.01380
cs.CR 2504.01395
cs.CR 2504.01444
cs.CR 2504.01481
cs.CR 2504.01533
cs.CR 2504.01606
cs.CR 2504.01803
cs.CR 2504.01933
cs.CR 2504.02132
cs.CR 2504.02142
cs.CR 2504.02149
cs.CR 2504.02194
cs.CR 2504.02695
cs.CR 2504.02068
cs.CR 2504.02080
cs.CR 2504.02095
cs.CR 2504.02109
cs.CR 2504.02114
cs.CR 2504.02120
cs.CR 2504.02124
cs.CR 2504.02133
cs.CR 2504.02313
cs.CR 2504.02322
cs.CR 2504.02431
cs.CR 2504.02537
cs.SE 2503.22612
cs.SE 2503.22641
cs.SE 2503.21947
cs.SE 2503.21960
cs.SE 2503.21965
cs.SE 2503.22066
cs.SE 2503.22134
cs.SE 2503.22141
cs.SE 2503.22228
cs.SE 2503.22238
cs.SE 2503.22391
cs.SE 2503.22424
cs.SE 2503.22512
cs.SE 2503.22575
cs.SE 2503.22576
cs.SE 2503.22587
cs.SE 2503.22625
cs.SE 2503.22754
cs.SE 2503.22935
cs.SE 2503.23633
cs.SE 2503.23748
cs.SE 2503.23791
cs.SE 2503.22685
cs.SE 2503.22688
cs.SE 2503.22776
cs.SE 2503.22821
cs.SE 2503.22851
cs.SE 2503.22894
cs.SE 2503.22902
cs.SE 2503.23051
cs.SE 2503.23058
cs.SE 2503.23224
cs.SE 2503.23231
cs.SE 2503.23357
cs.SE 2503.23421
cs.SE 2503.23448
cs.SE 2503.23466
cs.SE 2503.23718
cs.SE 2503.23774
cs.SE 2503.23803
cs.SE 2503.23989
cs.SE 2503.24040
cs.SE 2503.24100
cs.SE 2503.24260
cs.SE 2503.24273
cs.SE 2503.24349
cs.SE 2504.00019
cs.SE 2504.00255
cs.SE 2504.00013
cs.SE 2504.00029
cs.SE 2504.00058
cs.SE 2504.00065
cs.SE 2504.00151
cs.SE 2504.00477
cs.SE 2504.00513
cs.SE 2504.00521
cs.SE 2504.00532
cs.SE 2504.00542
cs.SE 2504.00911
cs.SE 2504.00986
cs.SE 2504.01036
cs.SE 2504.01054
cs.SE 2504.01248
cs.SE 2504.01356
cs.SE 2504.01415
cs.SE 2504.01294
cs.SE 2504.01379
cs.SE 2504.01404
cs.SE 2504.01495
cs.SE 2504.01523
cs.SE 2504.01549
cs.SE 2504.01742
cs.SE 2504.01787
cs.SE 2504.01822
cs.SE 2504.01843
cs.SE 2504.01850
cs.SE 2504.01866
cs.SE 2504.01869
cs.SE 2504.01907
cs.SE 2504.01917
cs.SE 2504.02124
cs.SE 2504.02170
cs.SE 2504.02246
cs.SE 2504.02329
cs.SE 2504.02335
cs.SE 2504.02344
cs.SE 2504.02017
cs.SE 2504.02052
cs.SE 2504.02141
cs.SE 2504.02172
cs.SE 2504.02357
cs.SE 2504.02553
cs.SE 2504.02605
cs.SE 2504.02704
cs.SE 2504.02719
cs.SE 2504.02737
cs.RO 2503.21795
cs.RO 2503.21997
cs.RO 2503.22020
cs.RO 2503.22060
cs.RO 2503.22248
cs.RO 2503.22444
cs.RO 2503.21860
cs.RO 2503.21969
cs.RO 2503.21975
cs.RO 2503.21989
cs.RO 2503.22030
cs.RO 2503.22122
cs.RO 2503.22162
cs.RO 2503.22177
cs.RO 2503.22234
cs.RO 2503.22240
cs.RO 2503.22249
cs.RO 2503.22272
cs.RO 2503.22370
cs.RO 2503.22427
cs.RO 2503.22459
cs.RO 2503.22496
cs.RO 2503.22522
cs.RO 2503.22524
cs.RO 2503.22541
cs.RO 2503.22574
cs.RO 2503.22588
cs.RO 2503.22634
cs.RO 2503.22830
cs.RO 2503.22886
cs.RO 2503.22992
cs.RO 2503.23130
cs.RO 2503.23228
cs.RO 2503.23300
cs.RO 2503.23308
cs.RO 2503.23365
cs.RO 2503.23478
cs.RO 2503.23502
cs.RO 2503.23587
cs.RO 2503.23650
cs.RO 2503.23963
cs.RO 2503.23965
cs.RO 2503.23980
cs.RO 2503.24009
cs.RO 2503.24065
cs.RO 2503.24130
cs.RO 2503.24140
cs.RO 2503.24381
cs.RO 2503.22757
cs.RO 2503.22767
cs.RO 2503.22777
cs.RO 2503.22876
cs.RO 2503.22921
cs.RO 2503.22925
cs.RO 2503.22926
cs.RO 2503.22942
cs.RO 2503.22943
cs.RO 2503.22961
cs.RO 2503.23046
cs.RO 2503.23085
cs.RO 2503.23120
cs.RO 2503.23171
cs.RO 2503.23199
cs.RO 2503.23270
cs.RO 2503.23271
cs.RO 2503.23345
cs.RO 2503.23348
cs.RO 2503.23375
cs.RO 2503.23389
cs.RO 2503.23429
cs.RO 2503.23440
cs.RO 2503.23445
cs.RO 2503.23465
cs.RO 2503.23480
cs.RO 2503.23571
cs.RO 2503.23601
cs.RO 2503.23708
cs.RO 2503.23760
cs.RO 2503.23795
cs.RO 2503.23835
cs.RO 2503.23875
cs.RO 2503.23877
cs.RO 2503.23890
cs.RO 2503.23908
cs.RO 2503.23975
cs.RO 2503.24041
cs.RO 2503.24070
cs.RO 2503.24172
cs.RO 2503.24278
cs.RO 2503.24325
cs.RO 2503.24361
cs.RO 2504.00017
cs.RO 2504.00032
cs.RO 2504.00415
cs.RO 2504.00673
cs.RO 2504.00763
cs.RO 2504.00863
cs.RO 2504.00115
cs.RO 2504.00167
cs.RO 2504.00222
cs.RO 2504.00236
cs.RO 2504.00292
cs.RO 2504.00315
cs.RO 2504.00342
cs.RO 2504.00352
cs.RO 2504.00364
cs.RO 2504.00420
cs.RO 2504.00445
cs.RO 2504.00447
cs.RO 2504.00469
cs.RO 2504.00525
cs.RO 2504.00580
cs.RO 2504.00607
cs.RO 2504.00614
cs.RO 2504.00642
cs.RO 2504.00682
cs.RO 2504.00697
cs.RO 2504.00707
cs.RO 2504.00731
cs.RO 2504.00732
cs.RO 2504.00775
cs.RO 2504.00839
cs.RO 2504.00926
cs.RO 2504.00966
cs.RO 2504.00969
cs.RO 2504.01023
cs.RO 2504.01024
cs.RO 2504.01040
cs.RO 2504.01044
cs.RO 2504.01243
cs.RO 2504.01293
cs.RO 2504.01637
cs.RO 2504.01644
cs.RO 2504.01668
cs.RO 2504.01700
cs.RO 2504.01719
cs.RO 2504.01806
cs.RO 2504.01901
cs.RO 2504.01915
cs.RO 2504.01089
cs.RO 2504.01121
cs.RO 2504.01156
cs.RO 2504.01165
cs.RO 2504.01174
cs.RO 2504.01252
cs.RO 2504.01260
cs.RO 2504.01261
cs.RO 2504.01297
cs.RO 2504.01301
cs.RO 2504.01336
cs.RO 2504.01350
cs.RO 2504.01405
cs.RO 2504.01408
cs.RO 2504.01409
cs.RO 2504.01416
cs.RO 2504.01451
cs.RO 2504.01507
cs.RO 2504.01554
cs.RO 2504.01583
cs.RO 2504.01588
cs.RO 2504.01594
cs.RO 2504.01708
cs.RO 2504.01790
cs.RO 2504.01851
cs.RO 2504.01861
cs.RO 2504.01888
cs.RO 2504.01940
cs.RO 2504.01959
cs.RO 2504.01983
cs.RO 2504.02005
cs.RO 2504.02250
cs.RO 2504.02252
cs.RO 2504.02270
cs.RO 2504.02318
cs.RO 2504.02356
cs.RO 2504.02509
cs.RO 2504.01980
cs.RO 2504.01985
cs.RO 2504.01987
cs.RO 2504.01988
cs.RO 2504.01989
cs.RO 2504.01996
cs.RO 2504.01997
cs.RO 2504.02069
cs.RO 2504.02084
cs.RO 2504.02086
cs.RO 2504.02123
cs.RO 2504.02161
cs.RO 2504.02184
cs.RO 2504.02255
cs.RO 2504.02420
cs.RO 2504.02439
cs.RO 2504.02450
cs.RO 2504.02473
cs.RO 2504.02477
cs.RO 2504.02492
cs.RO 2504.02516
cs.RO 2504.02724
cs.RO 2504.02765
cs.RO 2504.02779
cs.RO 2504.02792
cs.CL 2503.21798
cs.CL 2503.21801
cs.CL 2503.21810
cs.CL 2503.21902
cs.CL 2503.21986
cs.CL 2503.22038
cs.CL 2503.22122
cs.CL 2503.22135
cs.CL 2503.22215
cs.CL 2503.22379
cs.CL 2503.22402
cs.CL 2503.22424
cs.CL 2503.22610
cs.CL 2503.22673
cs.CL 2503.22674
cs.CL 2503.22675
cs.CL 2503.21800
cs.CL 2503.21805
cs.CL 2503.21806
cs.CL 2503.21813
cs.CL 2503.21819
cs.CL 2503.21833
cs.CL 2503.21838
cs.CL 2503.21888
cs.CL 2503.21910
cs.CL 2503.21911
cs.CL 2503.21927
cs.CL 2503.21929
cs.CL 2503.21934
cs.CL 2503.21961
cs.CL 2503.22000
cs.CL 2503.22002
cs.CL 2503.22006
cs.CL 2503.22036
cs.CL 2503.22040
cs.CL 2503.22048
cs.CL 2503.22051
cs.CL 2503.22074
cs.CL 2503.22092
cs.CL 2503.22115
cs.CL 2503.22144
cs.CL 2503.22196
cs.CL 2503.22277
cs.CL 2503.22280
cs.CL 2503.22303
cs.CL 2503.22329
cs.CL 2503.22338
cs.CL 2503.22353
cs.CL 2503.22362
cs.CL 2503.22388
cs.CL 2503.22395
cs.CL 2503.22411
cs.CL 2503.22426
cs.CL 2503.22444
cs.CL 2503.22458
cs.CL 2503.22473
cs.CL 2503.22517
cs.CL 2503.22547
cs.CL 2503.22582
cs.CL 2503.22585
cs.CL 2503.22678
cs.CL 2503.22692
cs.CL 2503.22693
cs.CL 2503.22705
cs.CL 2503.22708
cs.CL 2503.22726
cs.CL 2503.22732
cs.CL 2503.22735
cs.CL 2503.22742
cs.CL 2503.22832
cs.CL 2503.22879
cs.CL 2503.22968
cs.CL 2503.22989
cs.CL 2503.23037
cs.CL 2503.23083
cs.CL 2503.23100
cs.CL 2503.23106
cs.CL 2503.23130
cs.CL 2503.23137
cs.CL 2503.23145
cs.CL 2503.23174
cs.CL 2503.23239
cs.CL 2503.23314
cs.CL 2503.23333
cs.CL 2503.23339
cs.CL 2503.23363
cs.CL 2503.23424
cs.CL 2503.23448
cs.CL 2503.23466
cs.CL 2503.23487
cs.CL 2503.23730
cs.CL 2503.23746
cs.CL 2503.23760
cs.CL 2503.23804
cs.CL 2503.24110
cs.CL 2503.24219
cs.CL 2503.24228
cs.CL 2503.24260
cs.CL 2503.24289
cs.CL 2503.24290
cs.CL 2503.24354
cs.CL 2503.24358
cs.CL 2503.24370
cs.CL 2503.24376
cs.CL 2503.24388
cs.CL 2503.22698
cs.CL 2503.22714
cs.CL 2503.22727
cs.CL 2503.22746
cs.CL 2503.22764
cs.CL 2503.22828
cs.CL 2503.22856
cs.CL 2503.22877
cs.CL 2503.22913
cs.CL 2503.22948
cs.CL 2503.22954
cs.CL 2503.22973
cs.CL 2503.22985
cs.CL 2503.22996
cs.CL 2503.23007
cs.CL 2503.23029
cs.CL 2503.23053
cs.CL 2503.23077
cs.CL 2503.23078
cs.CL 2503.23084
cs.CL 2503.23088
cs.CL 2503.23091
cs.CL 2503.23095
cs.CL 2503.23163
cs.CL 2503.23204
cs.CL 2503.23205
cs.CL 2503.23213
cs.CL 2503.23242
cs.CL 2503.23243
cs.CL 2503.23274
cs.CL 2503.23281
cs.CL 2503.23294
cs.CL 2503.23295
cs.CL 2503.23305
cs.CL 2503.23306
cs.CL 2503.23311
cs.CL 2503.23360
cs.CL 2503.23361
cs.CL 2503.23362
cs.CL 2503.23371
cs.CL 2503.23383
cs.CL 2503.23415
cs.CL 2503.23427
cs.CL 2503.23439
cs.CL 2503.23483
cs.CL 2503.23503
cs.CL 2503.23512
cs.CL 2503.23513
cs.CL 2503.23514
cs.CL 2503.23523
cs.CL 2503.23542
cs.CL 2503.23547
cs.CL 2503.23566
cs.CL 2503.23576
cs.CL 2503.23671
cs.CL 2503.23673
cs.CL 2503.23674
cs.CL 2503.23687
cs.CL 2503.23688
cs.CL 2503.23714
cs.CL 2503.23733
cs.CL 2503.23740
cs.CL 2503.23768
cs.CL 2503.23777
cs.CL 2503.23779
cs.CL 2503.23798
cs.CL 2503.23811
cs.CL 2503.23829
cs.CL 2503.23848
cs.CL 2503.23895
cs.CL 2503.23899
cs.CL 2503.23913
cs.CL 2503.23924
cs.CL 2503.23990
cs.CL 2503.24006
cs.CL 2503.24013
cs.CL 2503.24027
cs.CL 2503.24062
cs.CL 2503.24102
cs.CL 2503.24115
cs.CL 2503.24116
cs.CL 2503.24190
cs.CL 2503.24198
cs.CL 2503.24206
cs.CL 2503.24220
cs.CL 2503.24235
cs.CL 2503.24245
cs.CL 2503.24293
cs.CL 2503.24307
cs.CL 2503.24310
cs.CL 2503.24364
cs.CL 2503.24377
cs.CL 2504.00031
cs.CL 2504.00044
cs.CL 2504.00051
cs.CL 2504.00125
cs.CL 2504.00218
cs.CL 2504.00254
cs.CL 2504.00294
cs.CL 2504.00487
cs.CL 2504.00502
cs.CL 2504.00509
cs.CL 2504.00532
cs.CL 2504.00587
cs.CL 2504.00767
cs.CL 2504.00882
cs.CL 2504.00906
cs.CL 2504.00939
cs.CL 2504.00016
cs.CL 2504.00019
cs.CL 2504.00021
cs.CL 2504.00025
cs.CL 2504.00027
cs.CL 2504.00030
cs.CL 2504.00040
cs.CL 2504.00042
cs.CL 2504.00043
cs.CL 2504.00045
cs.CL 2504.00046
cs.CL 2504.00048
cs.CL 2504.00050
cs.CL 2504.00053
cs.CL 2504.00061
cs.CL 2504.00132
cs.CL 2504.00147
cs.CL 2504.00163
cs.CL 2504.00178
cs.CL 2504.00180
cs.CL 2504.00187
cs.CL 2504.00241
cs.CL 2504.00255
cs.CL 2504.00265
cs.CL 2504.00274
cs.CL 2504.00285
cs.CL 2504.00289
cs.CL 2504.00310
cs.CL 2504.00316
cs.CL 2504.00339
cs.CL 2504.00343
cs.CL 2504.00374
cs.CL 2504.00406
cs.CL 2504.00409
cs.CL 2504.00414
cs.CL 2504.00472
cs.CL 2504.00473
cs.CL 2504.00573
cs.CL 2504.00584
cs.CL 2504.00589
cs.CL 2504.00595
cs.CL 2504.00597
cs.CL 2504.00623
cs.CL 2504.00657
cs.CL 2504.00661
cs.CL 2504.00664
cs.CL 2504.00676
cs.CL 2504.00695
cs.CL 2504.00698
cs.CL 2504.00725
cs.CL 2504.00748
cs.CL 2504.00752
cs.CL 2504.00756
cs.CL 2504.00780
cs.CL 2504.00799
cs.CL 2504.00810
cs.CL 2504.00824
cs.CL 2504.00829
cs.CL 2504.00860
cs.CL 2504.00869
cs.CL 2504.00891
cs.CL 2504.00914
cs.CL 2504.00927
cs.CL 2504.00928
cs.CL 2504.00934
cs.CL 2504.00942
cs.CL 2504.00970
cs.CL 2504.00977
cs.CL 2504.00993
cs.CL 2504.01001
cs.CL 2504.01002
cs.CL 2504.01005
cs.CL 2504.01018
cs.CL 2504.01028
cs.CL 2504.01081
cs.CL 2504.01094
cs.CL 2504.01205
cs.CL 2504.01281
cs.CL 2504.01324
cs.CL 2504.01337
cs.CL 2504.01382
cs.CL 2504.01403
cs.CL 2504.01450
cs.CL 2504.01522
cs.CL 2504.01550
cs.CL 2504.01627
cs.CL 2504.01681
cs.CL 2504.01818
cs.CL 2504.01848
cs.CL 2504.01883
cs.CL 2504.01901
cs.CL 2504.01911
cs.CL 2504.01916
cs.CL 2504.01951
cs.CL 2504.01100
cs.CL 2504.01127
cs.CL 2504.01132
cs.CL 2504.01137
cs.CL 2504.01196
cs.CL 2504.01201
cs.CL 2504.01216
cs.CL 2504.01225
cs.CL 2504.01241
cs.CL 2504.01248
cs.CL 2504.01253
cs.CL 2504.01282
cs.CL 2504.01296
cs.CL 2504.01309
cs.CL 2504.01317
cs.CL 2504.01342
cs.CL 2504.01345
cs.CL 2504.01346
cs.CL 2504.01349
cs.CL 2504.01369
cs.CL 2504.01400
cs.CL 2504.01420
cs.CL 2504.01429
cs.CL 2504.01509
cs.CL 2504.01519
cs.CL 2504.01534
cs.CL 2504.01540
cs.CL 2504.01542
cs.CL 2504.01667
cs.CL 2504.01698
cs.CL 2504.01707
cs.CL 2504.01738
cs.CL 2504.01789
cs.CL 2504.01801
cs.CL 2504.01833
cs.CL 2504.01840
cs.CL 2504.01857
cs.CL 2504.01879
cs.CL 2504.01902
cs.CL 2504.01903
cs.CL 2504.01919
cs.CL 2504.01928
cs.CL 2504.01930
cs.CL 2504.01931
cs.CL 2504.01943
cs.CL 2504.01963
cs.CL 2504.02009
cs.CL 2504.02051
cs.CL 2504.02107
cs.CL 2504.02111
cs.CL 2504.02128
cs.CL 2504.02144
cs.CL 2504.02163
cs.CL 2504.02234
cs.CL 2504.02268
cs.CL 2504.02507
cs.CL 2504.02577
cs.CL 2504.02587
cs.CL 2504.02605
cs.CL 2504.02620
cs.CL 2504.02670
cs.CL 2504.02793
cs.CL 2504.02828
cs.CL 2504.02064
cs.CL 2504.02091
cs.CL 2504.02106
cs.CL 2504.02116
cs.CL 2504.02122
cs.CL 2504.02132
cs.CL 2504.02146
cs.CL 2504.02178
cs.CL 2504.02254
cs.CL 2504.02293
cs.CL 2504.02304
cs.CL 2504.02310
cs.CL 2504.02323
cs.CL 2504.02327
cs.CL 2504.02395
cs.CL 2504.02398
cs.CL 2504.02403
cs.CL 2504.02404
cs.CL 2504.02411
cs.CL 2504.02438
cs.CL 2504.02441
cs.CL 2504.02495
cs.CL 2504.02521
cs.CL 2504.02559
cs.CL 2504.02572
cs.CL 2504.02590
cs.CL 2504.02604
cs.CL 2504.02671
cs.CL 2504.02674
cs.CL 2504.02708
cs.CL 2504.02725
cs.CL 2504.02732
cs.CL 2504.02733
cs.CL 2504.02768
cs.CL 2504.02789
cs.CL 2504.02800
cs.CL 2504.02807
cs.CL 2504.02810
cs.SC 2503.21535
cs.SC 2503.22848
cs.SC 2504.00263
cs.SC 2504.00889
cs.SC 2504.01362
cs.SC 2504.01538
cs.SC 2504.01847
cs.SC 2504.02630
cs.OS 2503.10725
cs.OS 2503.11444
cs.OS 2503.15065
cs.OS 2503.17588
cs.OS 2503.18191
cs.OS 2503.22089
cs.OS 2503.23774
cs.OS 2503.23068
cs.OS 2503.23611
cs.OS 2503.23952
cs.IT 2503.21794
cs.IT 2503.22015
cs.IT 2503.22016
cs.IT 2503.22071
cs.IT 2503.22651
cs.IT 2503.22486
cs.IT 2503.22823
cs.IT 2503.22889
cs.IT 2503.23119
cs.IT 2503.23132
cs.IT 2503.23340
cs.IT 2503.23405
cs.IT 2503.23446
cs.IT 2503.24321
cs.IT 2503.24358
cs.IT 2503.22885
cs.IT 2503.23059
cs.IT 2503.23103
cs.IT 2503.23588
cs.IT 2503.23745
cs.IT 2503.24303
cs.IT 2504.00008
cs.IT 2504.00169
cs.IT 2504.00357
cs.IT 2504.00395
cs.IT 2504.00440
cs.IT 2504.00459
cs.IT 2504.00613
cs.IT 2504.00181
cs.IT 2504.00351
cs.IT 2504.00376
cs.IT 2504.00568
cs.IT 2504.00619
cs.IT 2504.00693
cs.IT 2504.00787
cs.IT 2504.00825
cs.IT 2504.00233
cs.IT 2504.01046
cs.IT 2504.01446
cs.IT 2504.01932
cs.IT 2504.01186
cs.IT 2504.01262
cs.IT 2504.01372
cs.IT 2504.01491
cs.IT 2504.01717
cs.IT 2504.01721
cs.IT 2504.01728
cs.IT 2504.01793
cs.IT 2504.01837
cs.IT 2504.01860
cs.IT 2504.01929
cs.IT 2504.02445
cs.IT 2504.02498
cs.IT 2504.02593
cs.IT 2504.02749
cs.IT 2504.02299
cs.IT 2504.02352
cs.IT 2504.02376
cs.IT 2504.02446
cs.IT 2504.02633
cs.IT 2504.02712
cs.SD 2503.21785
cs.SD 2503.22088
cs.SD 2503.22265
cs.SD 2503.22275
cs.SD 2503.22605
cs.SD 2503.21826
cs.SD 2503.22008
cs.SD 2503.22138
cs.SD 2503.22200
cs.SD 2503.22208
cs.SD 2503.22503
cs.SD 2503.22703
cs.SD 2503.22713
cs.SD 2503.23108
cs.SD 2503.23377
cs.SD 2503.23439
cs.SD 2503.23873
cs.SD 2503.22711
cs.SD 2503.22712
cs.SD 2503.22728
cs.SD 2503.22853
cs.SD 2503.23128
cs.SD 2503.23258
cs.SD 2503.23260
cs.SD 2503.23262
cs.SD 2503.23387
cs.SD 2503.23391
cs.SD 2503.23393
cs.SD 2503.23395
cs.SD 2503.23470
cs.SD 2503.23762
cs.SD 2503.24243
cs.SD 2504.00858
cs.SD 2504.00369
cs.SD 2504.00435
cs.SD 2504.00750
cs.SD 2504.00837
cs.SD 2504.01297
cs.SD 2504.01094
cs.SD 2504.01690
cs.SD 2504.02061
cs.SD 2504.02398
cs.SD 2504.02604
cs.SD 2504.02302
cs.SD 2504.02402
cs.SD 2504.02407
cs.SD 2504.02586
stat.AP 2503.21913
stat.AP 2503.21924
stat.AP 2503.22045
stat.AP 2503.22467
stat.AP 2503.22580
stat.AP 2503.21790
stat.AP 2503.21792
stat.AP 2503.21802
stat.AP 2503.21809
stat.AP 2503.22103
stat.AP 2503.22321
stat.AP 2503.22548
stat.AP 2503.22689
stat.AP 2503.22716
stat.AP 2503.22739
stat.AP 2503.22753
stat.AP 2503.22904
stat.AP 2503.23211
stat.AP 2503.23221
stat.AP 2503.23430
stat.AP 2503.23493
stat.AP 2503.23595
stat.AP 2503.24019
stat.AP 2503.24311
stat.AP 2503.22781
stat.AP 2503.22836
stat.AP 2503.23089
stat.AP 2503.23090
stat.AP 2503.23251
stat.AP 2503.23551
stat.AP 2503.23629
stat.AP 2503.23773
stat.AP 2503.24146
stat.AP 2503.24308
stat.AP 2503.24324
stat.AP 2504.00003
stat.AP 2504.00007
stat.AP 2504.00009
stat.AP 2504.00138
stat.AP 2504.00423
stat.AP 2504.00459
stat.AP 2504.00785
stat.AP 2504.00136
stat.AP 2504.00646
stat.AP 2504.00766
stat.AP 2504.01239
stat.AP 2504.01537
stat.AP 2504.01759
stat.AP 2504.01949
stat.AP 2504.01148
stat.AP 2504.01171
stat.AP 2504.01279
stat.AP 2504.01390
stat.AP 2504.01530
stat.AP 2504.01692
stat.AP 2504.02518
stat.AP 2504.01984
stat.AP 2504.02442
stat.AP 2504.02693
stat.AP 2504.02803
cs.SI 2503.21983
cs.SI 2503.22049
cs.SI 2503.22066
cs.SI 2503.21953
cs.SI 2503.22191
cs.SI 2503.22264
cs.SI 2503.22584
cs.SI 2503.23209
cs.SI 2503.23285
cs.SI 2503.23746
cs.SI 2503.23811
cs.SI 2503.22838
cs.SI 2503.23406
cs.SI 2503.23432
cs.SI 2503.23713
cs.SI 2503.24149
cs.SI 2503.24117
cs.SI 2504.00003
cs.SI 2504.00046
cs.SI 2504.00338
cs.SI 2504.00044
cs.SI 2504.00071
cs.SI 2504.00451
cs.SI 2504.00877
cs.SI 2504.01012
cs.SI 2504.01663
cs.SI 2504.01170
cs.SI 2504.01712
cs.SI 2504.01718
cs.SI 2504.02648
cs.SI 2504.02767
cs.SI 2504.01979
cs.SI 2504.01982
cs.SI 2504.01991
cs.SI 2504.02153
cs.SI 2504.02175
cs.SI 2504.02615
cs.SI 2504.02757
eess.AS 2503.21826
eess.AS 2503.22138
eess.AS 2503.22265
eess.AS 2503.21785
eess.AS 2503.22088
eess.AS 2503.22104
eess.AS 2503.22275
eess.AS 2503.22711
eess.AS 2503.22712
eess.AS 2503.22728
eess.AS 2503.23128
eess.AS 2503.23258
eess.AS 2503.23260
eess.AS 2503.23262
eess.AS 2503.23377
eess.AS 2503.23387
eess.AS 2503.23391
eess.AS 2503.23393
eess.AS 2503.23395
eess.AS 2503.23439
eess.AS 2503.23470
eess.AS 2503.23762
eess.AS 2503.22687
eess.AS 2503.22692
eess.AS 2503.22703
eess.AS 2503.22705
eess.AS 2503.22713
eess.AS 2503.22773
eess.AS 2503.23004
eess.AS 2503.23108
eess.AS 2503.23219
eess.AS 2503.23586
eess.AS 2503.23827
eess.AS 2503.23873
eess.AS 2504.00750
eess.AS 2504.00621
eess.AS 2504.00742
eess.AS 2504.01297
eess.AS 2504.01519
eess.AS 2504.01392
eess.AS 2504.01767
eess.AS 2504.02061
eess.AS 2504.02302
eess.AS 2504.02386
eess.AS 2504.02398
eess.AS 2504.02402
eess.AS 2504.02407
eess.AS 2504.02586
eess.AS 2504.02604
stat.ML 2503.21802
stat.ML 2503.21878
stat.ML 2503.21980
stat.ML 2503.21981
stat.ML 2503.21985
stat.ML 2503.22054
stat.ML 2503.22059
stat.ML 2503.22744
stat.ML 2503.22745
stat.ML 2503.22753
stat.ML 2503.22923
stat.ML 2503.23111
stat.ML 2503.23156
stat.ML 2503.23215
stat.ML 2503.23515
stat.ML 2503.23605
stat.ML 2503.23705
stat.ML 2503.23832
stat.ML 2503.24016
stat.ML 2503.24022
stat.ML 2503.24237
stat.ML 2503.24262
stat.ML 2503.24321
stat.ML 2503.24322
stat.ML 2503.23430
stat.ML 2503.23462
stat.ML 2503.23642
stat.ML 2503.23653
stat.ML 2503.23896
stat.ML 2503.23927
stat.ML 2503.23979
stat.ML 2503.24019
stat.ML 2503.24300
stat.ML 2503.22786
stat.ML 2504.00156
stat.ML 2504.00170
stat.ML 2504.00186
stat.ML 2504.00264
stat.ML 2504.00322
stat.ML 2504.00603
stat.ML 2504.00758
stat.ML 2504.00820
stat.ML 2504.00919
stat.ML 2504.01012
stat.ML 2504.00722
stat.ML 2504.00890
stat.ML 2504.01481
stat.ML 2504.01520
stat.ML 2504.01781
stat.ML 2504.01807
stat.ML 2504.01921
stat.ML 2504.01938
stat.ML 2504.01030
stat.ML 2504.01031
stat.ML 2504.01046
stat.ML 2504.01570
stat.ML 2504.01650
stat.ML 2504.01757
stat.ML 2504.02114
stat.ML 2504.02144
stat.ML 2504.02169
stat.ML 2504.02412
stat.ML 2504.02479
stat.ML 2504.02589
stat.ML 2504.02618
stat.ML 2504.02627
stat.ML 2504.02646
stat.ML 2504.02685
stat.ML 2504.02694
stat.ML 2504.02723
stat.ML 2504.02324
stat.ML 2504.02511
stat.ML 2504.02518
cs.LG 2503.20258
cs.LG 2503.21788
cs.LG 2503.21790
cs.LG 2503.21791
cs.LG 2503.21792
cs.LG 2503.21794
cs.LG 2503.21796
cs.LG 2503.21800
cs.LG 2503.21802
cs.SY 2503.21891
cs.LG 2503.21809
cs.SY 2503.21895
cs.LG 2503.21815
cs.LG 2503.21826
cs.SY 2503.22064
cs.LG 2503.21829
cs.SY 2503.22186
cs.SY 2503.22385
cs.LG 2503.21830
cs.LG 2503.21839
cs.SY 2503.22410
cs.SY 2503.22522
cs.LG 2503.21878
cs.LG 2503.21889
cs.SY 2503.22558
cs.SY 2503.22574
cs.LG 2503.21893
cs.LG 2503.21929
cs.SY 2503.22639
cs.SY 2503.21952
cs.LG 2503.21932
cs.LG 2503.21937
cs.SY 2503.22129
cs.LG 2503.21984
cs.SY 2503.22210
cs.SY 2503.22219
cs.LG 2503.21989
cs.LG 2503.21999
cs.SY 2503.22408
cs.SY 2503.22409
cs.LG 2503.22006
cs.LG 2503.22008
cs.SY 2503.22429
cs.SY 2503.22487
cs.LG 2503.22020
cs.SY 2503.22489
cs.LG 2503.22023
cs.SY 2503.22506
cs.SY 2503.22520
cs.LG 2503.22048
cs.LG 2503.22137
cs.SY 2503.22601
cs.SY 2503.22646
cs.LG 2503.22139
cs.SY 2503.22660
cs.LG 2503.22143
cs.SY 2503.22721
cs.LG 2503.22147
cs.LG 2503.22192
cs.SY 2503.22757
cs.LG 2503.22194
cs.SY 2503.22849
cs.LG 2503.22209
cs.SY 2503.22896
cs.LG 2503.22215
cs.LG 2503.22228
cs.SY 2503.22911
cs.LG 2503.22249
cs.SY 2503.22928
cs.SY 2503.22969
cs.LG 2503.22252
cs.SY 2503.23561
cs.LG 2503.22370
cs.LG 2503.22413
cs.SY 2503.23600
cs.SY 2503.23641
cs.LG 2503.22448
cs.LG 2503.22513
cs.SY 2503.23795
cs.LG 2503.22526
cs.SY 2503.23885
cs.LG 2503.22531
cs.SY 2503.23890
cs.LG 2503.22547
cs.LG 2503.22589
cs.SY 2503.23922
cs.LG 2503.22610
cs.LG 2503.22617
cs.SY 2503.24063
cs.SY 2503.24086
cs.LG 2503.22625
cs.LG 2503.22656
cs.SY 2503.24151
cs.SY 2503.24159
cs.LG 2503.22658
cs.LG 2503.22674
cs.SY 2503.22830
cs.LG 2503.22677
cs.SY 2503.22837
cs.LG 2503.21798
cs.SY 2503.22850
cs.LG 2503.21801
cs.SY 2503.22855
cs.LG 2503.21803
cs.SY 2503.22867
cs.LG 2503.21804
cs.LG 2503.21807
cs.SY 2503.22870
cs.LG 2503.21812
cs.SY 2503.22992
cs.SY 2503.23228
cs.LG 2503.21814
cs.SY 2503.23255
cs.LG 2503.21928
cs.SY 2503.23267
cs.LG 2503.21949
cs.SY 2503.23324
cs.LG 2503.21964
cs.SY 2503.23396
cs.LG 2503.21971
cs.SY 2503.23416
cs.LG 2503.21985
cs.SY 2503.23458
cs.LG 2503.22059
cs.SY 2503.23477
cs.LG 2503.22063
cs.SY 2503.23518
cs.LG 2503.22068
cs.SY 2503.23658
cs.LG 2503.22076
cs.SY 2503.23663
cs.LG 2503.22082
cs.SY 2503.23742
cs.LG 2503.22097
cs.SY 2503.23805
cs.LG 2503.22118
cs.SY 2503.23818
cs.LG 2503.22119
cs.LG 2503.22132
cs.SY 2503.23858
cs.LG 2503.22145
cs.SY 2503.23892
cs.SY 2503.23903
cs.LG 2503.22163
cs.SY 2503.23912
cs.LG 2503.22165
cs.SY 2503.23984
cs.LG 2503.22166
cs.SY 2503.24025
cs.LG 2503.22178
cs.SY 2503.24031
cs.LG 2503.22205
cs.SY 2503.24085
cs.LG 2503.22211
cs.SY 2503.24089
cs.LG 2503.22214
cs.SY 2503.24104
cs.LG 2503.22223
cs.SY 2503.24105
cs.SY 2503.24152
cs.LG 2503.22230
cs.LG 2503.22233
cs.SY 2503.24169
cs.LG 2503.22235
cs.SY 2503.24240
cs.SY 2503.24342
cs.LG 2503.22244
cs.SY 2503.24371
cs.LG 2503.22248
cs.SY 2504.00115
cs.SY 2504.00165
cs.LG 2503.22257
cs.SY 2504.00217
cs.LG 2503.22263
cs.SY 2504.00244
cs.LG 2503.22276
cs.SY 2504.00315
cs.LG 2503.22313
cs.SY 2504.00341
cs.LG 2503.22389
cs.SY 2504.00390
cs.LG 2503.22396
cs.SY 2504.00447
cs.LG 2503.22401
cs.SY 2504.00469
cs.LG 2503.22418
cs.SY 2504.00607
cs.LG 2503.22451
cs.SY 2504.00731
cs.LG 2503.22454
cs.SY 2504.00813
cs.LG 2503.22456
cs.SY 2504.00966
cs.LG 2503.22475
cs.SY 2504.00130
cs.LG 2503.22478
cs.SY 2504.00133
cs.LG 2503.22480
cs.SY 2504.00137
cs.LG 2503.22485
cs.SY 2504.00156
cs.LG 2503.22498
cs.SY 2504.00196
cs.LG 2503.22516
cs.SY 2504.00225
cs.LG 2503.22528
cs.SY 2504.00246
cs.LG 2503.22539
cs.SY 2504.00276
cs.LG 2503.22562
cs.SY 2504.00297
cs.LG 2503.22567
cs.SY 2504.00304
cs.LG 2503.22569
cs.SY 2504.00321
cs.LG 2503.22595
cs.SY 2504.00397
cs.LG 2503.22600
cs.SY 2504.00415
cs.LG 2503.22629
cs.SY 2504.00484
cs.LG 2503.22653
cs.SY 2504.00493
cs.LG 2503.21598
cs.SY 2504.00518
cs.LG 2503.22686
cs.SY 2504.00554
cs.LG 2503.22692
cs.SY 2504.00625
cs.LG 2503.22711
cs.SY 2504.00626
cs.LG 2503.22712
cs.SY 2504.00641
cs.LG 2503.22713
cs.SY 2504.00673
cs.LG 2503.22727
cs.SY 2504.00685
cs.LG 2503.22737
cs.SY 2504.00716
cs.LG 2503.22741
cs.SY 2504.00735
cs.LG 2503.22758
cs.SY 2504.00746
cs.LG 2503.22760
cs.SY 2504.00845
cs.LG 2503.22764
cs.SY 2504.00849
cs.LG 2503.22773
cs.SY 2504.00937
cs.LG 2503.22779
cs.SY 2504.00963
cs.LG 2503.22782
cs.LG 2503.22823
cs.SY 2504.01006
cs.LG 2503.22829
cs.SY 2504.01007
cs.LG 2503.22880
cs.SY 2504.01086
cs.LG 2503.22923
cs.SY 2504.01165
cs.LG 2503.22932
cs.SY 2504.01174
cs.LG 2503.22941
cs.SY 2504.01186
cs.LG 2503.22948
cs.SY 2504.01250
cs.LG 2503.22973
cs.SY 2504.01260
cs.LG 2503.23015
cs.SY 2504.01275
cs.LG 2503.23037
cs.SY 2504.01474
cs.LG 2503.23046
cs.SY 2504.01851
cs.LG 2503.23076
cs.SY 2504.01929
cs.LG 2503.23081
cs.SY 2504.01098
cs.LG 2503.23108
cs.SY 2504.01109
cs.LG 2503.23145
cs.SY 2504.01203
cs.LG 2503.23175
cs.SY 2504.01221
cs.LG 2503.23204
cs.SY 2504.01311
cs.LG 2503.23212
cs.SY 2504.01344
cs.LG 2503.23213
cs.SY 2504.01393
cs.LG 2503.23219
cs.SY 2504.01423
cs.LG 2503.23239
cs.SY 2504.01437
cs.LG 2503.23257
cs.SY 2504.01585
cs.SY 2504.01599
cs.LG 2503.23258
cs.SY 2504.01638
cs.LG 2503.23260
cs.SY 2504.01652
cs.LG 2503.23262
cs.SY 2504.01677
cs.LG 2503.23265
cs.SY 2504.01759
cs.LG 2503.23270
cs.SY 2504.01766
cs.LG 2503.23281
cs.SY 2504.01806
cs.LG 2503.23305
cs.SY 2504.01807
cs.SY 2504.01812
cs.LG 2503.23308
cs.SY 2504.01878
cs.LG 2503.23314
cs.SY 2504.01970
cs.LG 2503.23315
cs.SY 2504.02114
cs.LG 2503.23331
cs.SY 2504.02171
cs.LG 2503.23363
cs.SY 2504.02184
cs.LG 2503.23379
cs.SY 2504.02255
cs.LG 2503.23388
cs.SY 2504.02375
cs.LG 2503.23408
cs.SY 2504.02420
cs.LG 2503.23430
cs.SY 2504.02479
cs.LG 2503.23439
cs.SY 2504.02506
cs.LG 2503.23448
cs.SY 2504.02561
cs.LG 2503.23462
cs.SY 2504.02607
cs.LG 2503.23466
cs.SY 2504.02627
cs.LG 2503.23483
cs.SY 2504.01983
cs.LG 2503.23487
cs.SY 2504.02005
cs.LG 2503.23488
cs.SY 2504.02057
cs.LG 2503.23491
cs.SY 2504.02088
cs.SY 2504.02093
cs.LG 2503.23502
cs.SY 2504.02099
cs.LG 2503.23507
cs.LG 2503.23523
cs.SY 2504.02129
cs.LG 2503.23550
cs.SY 2504.02147
cs.LG 2503.23573
cs.SY 2504.02198
cs.LG 2503.23595
cs.SY 2504.02380
cs.LG 2503.23600
cs.SY 2504.02529
cs.LG 2503.23601
cs.SY 2504.02565
cs.LG 2503.23602
cs.SY 2504.02575
cs.LG 2503.23615
cs.SY 2504.02597
cs.LG 2503.23616
cs.SY 2504.02648
cs.LG 2503.23626
cs.SY 2504.02653
cs.LG 2503.23642
cs.SY 2504.02679
cs.LG 2503.23653
cs.SY 2504.02743
cs.LG 2503.23687
cs.SY 2504.02766
cs.LG 2503.23729
cs.LG 2503.23746
cs.LG 2503.23748
cs.LG 2503.23775
cs.LG 2503.23794
cs.LG 2503.23810
cs.LG 2503.23818
cs.LG 2503.23866
cs.LG 2503.23877
cs.LG 2503.23896
cs.LG 2503.23912
cs.LG 2503.23924
cs.LG 2503.23927
cs.LG 2503.23966
cs.LG 2503.23979
cs.LG 2503.23982
cs.LG 2503.24009
cs.LG 2503.24017
cs.LG 2503.24019
cs.LG 2503.24062
cs.LG 2503.24070
cs.LG 2503.24071
cs.LG 2503.24074
cs.LG 2503.24075
cs.LG 2503.24083
cs.LG 2503.24092
cs.LG 2503.24111
cs.LG 2503.24121
cs.LG 2503.24129
cs.LG 2503.24130
cs.LG 2503.24203
cs.LG 2503.24205
cs.LG 2503.24208
cs.LG 2503.24219
cs.LG 2503.24230
cs.LG 2503.24271
cs.LG 2503.24272
cs.LG 2503.24296
cs.LG 2503.24300
cs.LG 2503.24307
cs.LG 2503.24321
cs.LG 2503.24326
cs.LG 2503.24328
cs.LG 2503.24340
cs.LG 2503.24361
cs.LG 2503.24371
cs.LG 2503.24376
cs.LG 2503.24381
cs.LG 2503.24388
cs.LG 2503.22689
cs.LG 2503.22706
cs.LG 2503.22715
cs.LG 2503.22720
cs.LG 2503.22721
cs.LG 2503.22722
cs.LG 2503.22723
cs.LG 2503.22724
cs.LG 2503.22725
cs.LG 2503.22730
cs.LG 2503.22731
cs.LG 2503.22732
cs.LG 2503.22733
cs.LG 2503.22734
cs.LG 2503.22736
cs.LG 2503.22738
cs.LG 2503.22740
cs.LG 2503.22742
cs.LG 2503.22743
cs.LG 2503.22744
cs.LG 2503.22745
cs.LG 2503.22747
cs.LG 2503.22748
cs.LG 2503.22749
cs.LG 2503.22751
cs.LG 2503.22752
cs.LG 2503.22753
cs.LG 2503.22754
cs.LG 2503.22762
cs.LG 2503.22771
cs.LG 2503.22775
cs.LG 2503.22809
cs.LG 2503.22810
cs.LG 2503.22879
cs.LG 2503.22886
cs.LG 2503.22900
cs.LG 2503.22934
cs.LG 2503.22939
cs.LG 2503.22955
cs.LG 2503.22962
cs.LG 2503.22971
cs.LG 2503.22988
cs.LG 2503.22998
cs.LG 2503.23001
cs.LG 2503.23002
cs.LG 2503.23014
cs.LG 2503.23016
cs.LG 2503.23038
cs.LG 2503.23050
cs.LG 2503.23060
cs.LG 2503.23072
cs.LG 2503.23100
cs.LG 2503.23101
cs.LG 2503.23102
cs.LG 2503.23104
cs.LG 2503.23111
cs.LG 2503.23147
cs.LG 2503.23157
cs.LG 2503.23167
cs.LG 2503.23174
cs.LG 2503.23209
cs.LG 2503.23215
cs.LG 2503.23229
cs.LG 2503.23236
cs.LG 2503.23288
cs.LG 2503.23289
cs.LG 2503.23303
cs.LG 2503.23335
cs.LG 2503.23390
cs.LG 2503.23424
cs.LG 2503.23434
cs.LG 2503.23478
cs.LG 2503.23535
cs.LG 2503.23536
cs.LG 2503.23537
cs.LG 2503.23561
cs.LG 2503.23605
cs.LG 2503.23608
cs.LG 2503.23612
cs.LG 2503.23617
cs.LG 2503.23621
cs.LG 2503.23650
cs.LG 2503.23659
cs.LG 2503.23686
cs.LG 2503.23697
cs.LG 2503.23705
cs.LG 2503.23721
cs.LG 2503.23726
cs.LG 2503.23766
cs.LG 2503.23814
cs.LG 2503.23819
cs.LG 2503.23820
cs.LG 2503.23822
cs.LG 2503.23832
cs.LG 2503.23869
cs.LG 2503.23887
cs.LG 2503.23893
cs.LG 2503.23934
cs.LG 2503.23972
cs.LG 2503.23981
cs.LG 2503.24000
cs.LG 2503.24007
cs.LG 2503.24012
cs.LG 2503.24016
cs.LG 2503.24043
cs.LG 2503.24052
cs.LG 2503.24067
cs.LG 2503.24099
cs.LG 2503.24123
cs.LG 2503.24140
cs.LG 2503.24150
cs.LG 2503.24157
cs.LG 2503.24165
cs.LG 2503.24183
cs.LG 2503.24187
cs.LG 2503.24204
cs.LG 2503.24237
cs.LG 2503.24259
cs.LG 2503.24262
cs.LG 2503.24277
cs.LG 2503.24284
cs.LG 2503.24290
cs.LG 2503.24305
cs.LG 2503.24322
cs.LG 2503.24354
stat.CO 2503.21792
cs.LG 2503.24358
stat.CO 2503.22054
cs.LG 2503.24365
stat.CO 2503.22467
cs.LG 2503.24370
stat.CO 2503.21789
cs.LG 2407.02994
stat.CO 2503.24012
cs.LG 2504.00009
stat.CO 2503.24311
cs.LG 2504.00011
stat.CO 2503.23018
cs.LG 2504.00012
stat.CO 2503.24011
cs.LG 2504.00017
stat.CO 2503.24236
cs.LG 2504.00018
stat.CO 2504.00049
cs.LG 2504.00020
stat.CO 2504.00646
cs.LG 2504.00024
stat.CO 2504.00755
cs.LG 2504.00030
stat.CO 2504.00423
cs.LG 2504.00034
stat.CO 2504.01206
cs.LG 2504.00036
stat.CO 2504.01520
stat.CO 2504.01842
cs.LG 2504.00041
stat.CO 2504.02518
cs.LG 2504.00058
stat.CO 2504.02627
cs.LG 2504.00128
cs.LG 2504.00132
stat.CO 2504.02631
cs.LG 2504.00133
cs.LG 2504.00149
cs.LG 2504.00156
cs.LG 2504.00170
cs.LG 2504.00185
cs.LG 2504.00187
cs.LG 2504.00189
cs.LG 2504.00218
cs.LG 2504.00249
cs.LG 2504.00277
cs.LG 2504.00342
cs.LG 2504.00347
cs.LG 2504.00366
cs.LG 2504.00370
cs.LG 2504.00388
cs.LG 2504.00494
cs.LG 2504.00509
cs.LG 2504.00520
cs.LG 2504.00522
cs.LG 2504.00557
cs.LG 2504.00589
cs.LG 2504.00599
cs.LG 2504.00609
cs.LG 2504.00618
cs.LG 2504.00694
cs.LG 2504.00698
cs.LG 2504.00707
cs.LG 2504.00709
cs.LG 2504.00722
cs.LG 2504.00750
cs.LG 2504.00784
cs.LG 2504.00786
cs.LG 2504.00836
cs.LG 2504.00844
cs.LG 2504.00847
cs.LG 2504.00858
cs.LG 2504.00860
cs.LG 2504.00882
cs.LG 2504.00890
cs.LG 2504.00899
cs.LG 2504.00904
cs.LG 2504.00906
cs.LG 2504.00938
cs.LG 2504.00944
cs.LG 2504.00948
cs.LG 2504.00957
cs.LG 2504.00970
cs.LG 2504.01005
cs.LG 2504.01007
cs.LG 2504.00008
cs.LG 2504.00010
cs.LG 2504.00038
cs.LG 2504.00051
cs.LG 2504.00059
cs.LG 2504.00060
cs.LG 2504.00068
cs.LG 2504.00070
cs.LG 2504.00118
cs.LG 2504.00120
cs.LG 2504.00142
cs.LG 2504.00146
cs.LG 2504.00174
cs.LG 2504.00176
cs.LG 2504.00186
cs.LG 2504.00194
cs.LG 2504.00220
cs.LG 2504.00223
cs.LG 2504.00232
cs.LG 2504.00233
cs.LG 2504.00254
cs.LG 2504.00282
cs.LG 2504.00287
cs.LG 2504.00294
cs.LG 2504.00306
cs.LG 2504.00307
cs.LG 2504.00308
cs.LG 2504.00328
cs.LG 2504.00336
cs.LG 2504.00338
cs.LG 2504.00349
cs.LG 2504.00393
cs.LG 2504.00395
cs.LG 2504.00411
cs.LG 2504.00434
cs.LG 2504.00460
cs.LG 2504.00461
cs.LG 2504.00467
cs.LG 2504.00470
cs.LG 2504.00480
cs.LG 2504.00485
cs.LG 2504.00492
cs.LG 2504.00510
cs.LG 2504.00515
cs.LG 2504.00540
cs.LG 2504.00564
cs.LG 2504.00592
cs.LG 2504.00603
cs.LG 2504.00624
cs.LG 2504.00638
cs.LG 2504.00660
cs.LG 2504.00663
cs.LG 2504.00711
cs.LG 2504.00712
cs.LG 2504.00721
cs.LG 2504.00726
cs.LG 2504.00730
cs.LG 2504.00754
cs.LG 2504.00757
cs.LG 2504.00758
cs.LG 2504.00767
cs.LG 2504.00794
cs.LG 2504.00819
cs.LG 2504.00820
cs.LG 2504.00851
cs.LG 2504.00852
cs.LG 2504.00874
cs.LG 2504.00881
cs.LG 2504.00885
cs.LG 2504.00910
cs.LG 2504.00921
cs.LG 2504.00930
cs.LG 2504.00952
cs.LG 2504.01030
cs.LG 2504.01031
cs.LG 2504.01034
cs.LG 2504.01035
cs.LG 2504.01036
cs.LG 2504.01043
cs.LG 2504.01044
cs.LG 2504.01045
cs.LG 2504.01046
cs.LG 2504.01047
cs.LG 2504.01048
cs.LG 2504.01049
cs.LG 2504.01092
cs.LG 2504.01100
cs.LG 2504.01101
cs.LG 2504.01153
cs.LG 2504.01174
cs.LG 2504.01214
cs.LG 2504.01216
cs.LG 2504.01243
cs.LG 2504.01248
cs.LG 2504.01336
cs.LG 2504.01338
cs.LG 2504.01345
cs.LG 2504.01346
cs.LG 2504.01399
cs.LG 2504.01400
cs.LG 2504.01405
cs.LG 2504.01431
cs.LG 2504.01448
cs.LG 2504.01452
cs.LG 2504.01481
cs.LG 2504.01532
cs.LG 2504.01538
cs.LG 2504.01570
cs.LG 2504.01571
cs.LG 2504.01650
cs.LG 2504.01702
cs.LG 2504.01708
cs.LG 2504.01757
cs.LG 2504.01766
cs.LG 2504.01771
cs.LG 2504.01786
cs.LG 2504.01798
cs.LG 2504.01807
cs.LG 2504.01835
cs.LG 2504.01839
cs.LG 2504.01849
cs.LG 2504.01861
cs.LG 2504.01883
cs.LG 2504.01902
cs.LG 2504.01913
cs.LG 2504.01924
cs.LG 2504.01928
cs.LG 2504.01933
cs.LG 2504.01953
cs.LG 2504.01960
cs.LG 2504.01086
cs.LG 2504.01093
cs.LG 2504.01122
cs.LG 2504.01135
cs.LG 2504.01169
cs.LG 2504.01173
cs.LG 2504.01202
cs.LG 2504.01212
cs.LG 2504.01218
cs.LG 2504.01219
cs.LG 2504.01222
cs.LG 2504.01223
cs.LG 2504.01246
cs.LG 2504.01250
cs.LG 2504.01257
cs.LG 2504.01281
cs.LG 2504.01329
cs.LG 2504.01337
cs.LG 2504.01356
cs.LG 2504.01373
cs.LG 2504.01389
cs.LG 2504.01398
cs.LG 2504.01424
cs.LG 2504.01440
cs.LG 2504.01450
cs.LG 2504.01459
cs.LG 2504.01464
cs.LG 2504.01482
cs.LG 2504.01504
cs.LG 2504.01506
cs.LG 2504.01508
cs.LG 2504.01521
cs.LG 2504.01531
cs.LG 2504.01550
cs.LG 2504.01605
cs.LG 2504.01676
cs.LG 2504.01705
cs.LG 2504.01719
cs.LG 2504.01737
cs.LG 2504.01740
cs.LG 2504.01743
cs.LG 2504.01752
cs.LG 2504.01783
cs.LG 2504.01797
cs.LG 2504.01811
cs.LG 2504.01842
cs.LG 2504.01855
cs.LG 2504.01871
cs.LG 2504.01875
cs.LG 2504.01882
cs.LG 2504.01894
cs.LG 2504.01898
cs.LG 2504.01905
cs.LG 2504.01908
cs.LG 2504.01921
cs.LG 2504.01938
cs.LG 2504.01947
cs.LG 2407.06951
cs.LG 2504.01964
cs.LG 2504.01970
cs.LG 2504.01995
cs.LG 2504.02014
cs.LG 2504.02064
cs.LG 2504.02069
cs.LG 2504.02111
cs.LG 2504.02114
cs.LG 2504.02134
cs.LG 2504.02146
cs.LG 2504.02148
cs.LG 2504.02160
cs.LG 2504.02167
cs.LG 2504.02168
cs.LG 2504.02170
cs.LG 2504.02174
cs.LG 2504.02191
cs.LG 2504.02196
cs.LG 2504.02211
cs.LG 2504.02241
cs.LG 2504.02263
cs.LG 2504.02269
cs.LG 2504.02277
cs.LG 2504.02288
cs.LG 2504.02302
cs.LG 2504.02324
cs.LG 2504.02367
cs.LG 2504.02450
cs.LG 2504.02461
cs.LG 2504.02480
cs.LG 2504.02495
cs.LG 2504.02511
cs.LG 2504.02512
cs.LG 2504.02519
cs.LG 2504.02565
cs.LG 2504.02577
cs.LG 2504.02627
cs.LG 2504.02643
cs.LG 2504.02670
cs.LG 2504.02688
cs.LG 2504.02694
cs.LG 2504.02723
cs.LG 2504.02730
cs.LG 2504.02735
cs.LG 2504.02737
cs.LG 2504.02748
cs.LG 2504.02767
cs.LG 2504.02775
cs.LG 2504.02792
cs.LG 2504.02807
cs.LG 2504.02810
cs.LG 2504.02821
cs.LG 2504.02822
cs.LG 2504.02010
cs.LG 2504.02011
cs.LG 2504.02012
cs.LG 2504.02013
cs.LG 2504.02015
cs.LG 2504.02016
cs.LG 2504.02018
cs.LG 2504.02019
cs.LG 2504.02067
cs.LG 2504.02083
cs.LG 2504.02087
cs.LG 2504.02094
cs.LG 2504.02107
cs.LG 2504.02112
cs.LG 2504.02118
cs.LG 2504.02119
cs.LG 2504.02130
cs.LG 2504.02142
cs.LG 2504.02144
cs.LG 2504.02151
cs.LG 2504.02163
cs.LG 2504.02169
cs.LG 2504.02213
cs.LG 2504.02221
cs.LG 2504.02248
cs.LG 2504.02251
cs.LG 2504.02252
cs.LG 2504.02260
cs.LG 2504.02268
cs.LG 2504.02273
cs.LG 2504.02275
cs.LG 2504.02283
cs.LG 2504.02285
cs.LG 2504.02298
cs.LG 2504.02317
cs.LG 2504.02321
cs.LG 2504.02329
cs.LG 2504.02343
cs.LG 2504.02349
cs.LG 2504.02383
cs.LG 2504.02412
cs.LG 2504.02432
cs.LG 2504.02456
cs.LG 2504.02459
cs.LG 2504.02479
cs.LG 2504.02498
cs.LG 2504.02507
cs.LG 2504.02543
cs.LG 2504.02544
cs.LG 2504.02546
cs.LG 2504.02587
cs.LG 2504.02589
cs.LG 2504.02591
cs.LG 2504.02606
cs.LG 2504.02607
cs.LG 2504.02618
cs.LG 2504.02620
cs.LG 2504.02630
cs.LG 2504.02639
cs.LG 2504.02644
cs.LG 2504.02646
cs.LG 2504.02658
cs.LG 2504.02662
cs.LG 2504.02666
cs.LG 2504.02667
cs.LG 2504.02685
cs.LG 2504.02692
cs.LG 2504.02698
cs.LG 2504.02781
cs.LG 2504.02797
cs.LG 2504.02827
eess.SP 2503.21803
eess.SP 2503.21846
eess.SP 2503.21942
eess.SP 2503.22024
eess.SP 2503.22059
eess.SP 2503.22140
eess.SP 2503.22486
eess.SP 2503.21954
eess.SP 2503.21992
eess.SP 2503.22143
eess.SP 2503.22202
eess.SP 2503.22310
eess.SP 2503.22340
eess.SP 2503.22378
eess.SP 2503.22530
eess.SP 2503.22703
eess.SP 2503.23103
eess.SP 2503.23258
eess.SP 2503.23260
eess.SP 2503.23262
eess.SP 2503.23446
eess.SP 2503.24313
eess.SP 2503.22860
eess.SP 2503.22889
eess.SP 2503.23010
eess.SP 2503.23055
eess.SP 2503.23119
eess.SP 2503.23187
eess.SP 2503.23218
eess.SP 2503.23263
eess.SP 2503.23338
eess.SP 2503.23352
eess.SP 2503.23540
eess.SP 2503.23734
eess.SP 2503.23783
eess.SP 2503.23810
eess.SP 2503.23883
eess.SP 2503.23885
eess.SP 2503.23926
eess.SP 2503.24002
eess.SP 2503.24093
eess.SP 2503.24147
eess.SP 2503.24156
eess.SP 2503.24253
eess.SP 2503.24314
eess.SP 2504.00376
eess.SP 2504.00481
eess.SP 2504.00611
eess.SP 2504.00769
eess.SP 2504.00787
eess.SP 2504.00175
eess.SP 2504.00319
eess.SP 2504.00361
eess.SP 2504.00453
eess.SP 2504.00576
eess.SP 2504.00599
eess.SP 2504.00678
eess.SP 2504.00744
eess.SP 2504.00975
eess.SP 2504.01046
eess.SP 2504.01262
eess.SP 2504.01676
eess.SP 2504.01721
eess.SP 2504.01832
eess.SP 2504.01929
eess.SP 2504.01947
eess.SP 2504.01123
eess.SP 2504.01315
eess.SP 2504.01333
eess.SP 2504.01375
eess.SP 2504.01442
eess.SP 2504.01446
eess.SP 2504.01488
eess.SP 2504.01604
eess.SP 2504.01639
eess.SP 2504.01820
eess.SP 2504.01939
eess.SP 2504.01984
eess.SP 2504.02103
eess.SP 2504.02352
eess.SP 2504.02688
eess.SP 2504.02712
eess.SP 2504.02781
eess.SP 2504.02819
eess.SP 2504.02134
eess.SP 2504.02506
eess.SP 2504.02520
eess.SP 2504.02582
eess.SP 2504.02613
eess.SP 2504.02641
nlin.AO 2503.18984
nlin.AO 2503.19375
nlin.AO 2503.19681
nlin.AO 2503.19924
nlin.AO 2503.20532
nlin.AO 2503.20594
nlin.AO 2503.20651
nlin.AO 2503.20632
nlin.AO 2503.20841
nlin.AO 2503.21324
nlin.AO 2503.21587
nlin.AO 2503.22757
nlin.AO 2503.23474
nlin.AO 2503.23753
nlin.AO 2504.00556
nlin.SI 2503.18057
nlin.SI 2503.18573
nlin.SI 2503.21362
nlin.SI 2503.21675
nlin.SI 2503.21831
nlin.SI 2503.21917
nlin.SI 2503.21950
nlin.SI 2503.22659
nlin.SI 2503.22615
nlin.SI 2504.00260
nlin.SI 2504.01177
nlin.SI 2504.01502
nlin.SI 2504.01701
nlin.SI 2504.01361
nlin.SI 2504.01777
stat.TH 2503.22080
stat.TH 2503.22369
stat.TH 2503.22580
stat.TH 2503.21980
stat.TH 2503.22296
stat.TH 2503.22366
stat.TH 2503.23211
stat.TH 2503.23221
stat.TH 2503.23563
stat.TH 2503.23940
stat.TH 2503.24236
stat.TH 2503.23097
stat.TH 2503.23677
stat.TH 2503.23711
stat.TH 2503.23782
stat.TH 2503.24004
stat.TH 2503.24020
stat.TH 2503.24022
stat.TH 2503.24066
stat.TH 2503.24197
stat.TH 2503.24209
stat.TH 2504.00459
stat.TH 2504.01012
stat.TH 2504.00217
stat.TH 2504.00243
stat.TH 2504.00593
stat.TH 2504.00919
stat.TH 2504.01837
stat.TH 2504.01113
stat.TH 2504.01247
stat.TH 2504.01318
stat.TH 2504.01535
stat.TH 2504.01562
stat.TH 2504.01781
stat.TH 2504.01836
stat.TH 2504.02096
stat.TH 2504.02169
stat.TH 2504.02233
stat.TH 2504.02723
stat.TH 2504.02292
stat.TH 2504.02381
stat.TH 2504.02649
stat.TH 2504.02818
physics.comp-ph 2503.21957
physics.comp-ph 2503.22014
physics.comp-ph 2503.22190
physics.comp-ph 2503.22372
physics.comp-ph 2503.22476
physics.comp-ph 2503.22528
physics.comp-ph 2503.22596
physics.comp-ph 2503.22604
physics.comp-ph 2503.22649
physics.comp-ph 2503.21935
physics.comp-ph 2503.22220
physics.comp-ph 2503.22652
physics.comp-ph 2503.22949
physics.comp-ph 2503.23237
physics.comp-ph 2503.23492
physics.comp-ph 2503.23686
physics.comp-ph 2503.23690
physics.comp-ph 2503.23728
physics.comp-ph 2503.23874
physics.comp-ph 2503.23969
physics.comp-ph 2503.24050
physics.comp-ph 2503.24074
physics.comp-ph 2503.22695
physics.comp-ph 2503.22827
physics.comp-ph 2503.22842
physics.comp-ph 2503.23006
physics.comp-ph 2503.23034
physics.comp-ph 2503.23230
physics.comp-ph 2503.23616
physics.comp-ph 2503.23657
physics.comp-ph 2503.23794
physics.comp-ph 2503.24208
physics.comp-ph 2503.24286
physics.comp-ph 2504.00173
physics.comp-ph 2504.00252
physics.comp-ph 2504.00620
physics.comp-ph 2504.00703
physics.comp-ph 2504.00935
physics.comp-ph 2504.00249
physics.comp-ph 2504.00317
physics.comp-ph 2504.00818
physics.comp-ph 2504.01050
physics.comp-ph 2504.01093
physics.comp-ph 2504.01117
physics.comp-ph 2504.01438
physics.comp-ph 2504.01570
physics.comp-ph 2504.01727
physics.comp-ph 2504.01891
physics.comp-ph 2504.01195
physics.comp-ph 2504.01816
physics.comp-ph 2504.02037
physics.comp-ph 2504.02047
physics.comp-ph 2504.02183
physics.comp-ph 2504.02367
physics.comp-ph 2504.02413
physics.comp-ph 2504.02089
physics.comp-ph 2504.02422
math.OC 2503.21895
math.OC 2503.21952
math.OC 2503.22030
math.OC 2503.22244
math.OC 2503.22429
math.OC 2503.22439
math.OC 2503.22478
math.OC 2503.22502
math.OC 2503.22653
math.OC 2503.21887
math.OC 2503.21984
math.OC 2503.22004
math.OC 2503.22124
math.OC 2503.22131
math.OC 2503.22135
math.OC 2503.22258
math.OC 2503.22327
math.OC 2503.22385
math.OC 2503.22410
math.OC 2503.22432
math.OC 2503.22523
math.OC 2503.22551
math.OC 2503.22555
math.OC 2503.22639
math.OC 2503.22680
math.OC 2503.22779
math.OC 2503.22825
math.OC 2503.22896
math.OC 2503.22947
math.OC 2503.23267
math.OC 2503.23430
math.OC 2503.23462
math.OC 2503.23488
math.OC 2503.23561
math.OC 2503.23832
math.OC 2503.23912
math.OC 2503.23981
math.OC 2503.23991
math.OC 2503.24025
math.OC 2503.24031
math.OC 2503.24104
math.OC 2503.24284
math.OC 2503.24332
math.OC 2503.24340
math.OC 2503.24373
math.OC 2503.22826
math.OC 2503.22849
math.OC 2503.22872
math.OC 2503.22923
math.OC 2503.22927
math.OC 2503.22928
math.OC 2503.22959
math.OC 2503.22969
math.OC 2503.23096
math.OC 2503.23154
math.OC 2503.23256
math.OC 2503.23269
math.OC 2503.23325
math.OC 2503.23420
math.OC 2503.23426
math.OC 2503.23520
math.OC 2503.23543
math.OC 2503.23564
math.OC 2503.23572
math.OC 2503.23595
math.OC 2503.23600
math.OC 2503.23603
math.OC 2503.23628
math.OC 2503.23641
math.OC 2503.23662
math.OC 2503.23666
math.OC 2503.23815
math.OC 2503.23884
math.OC 2503.23922
math.OC 2503.24044
math.OC 2503.24075
math.OC 2503.24086
math.OC 2503.24126
math.OC 2503.24141
math.OC 2503.24151
math.OC 2503.24153
math.OC 2503.24159
math.OC 2503.24329
math.OC 2504.00130
math.OC 2504.00196
math.OC 2504.00236
math.OC 2504.00277
math.OC 2504.00364
math.OC 2504.00415
math.OC 2504.00488
math.OC 2504.00637
math.OC 2504.00658
math.OC 2504.00696
math.OC 2504.00808
math.OC 2504.00846
math.OC 2504.00866
math.OC 2504.00878
math.OC 2504.00165
math.OC 2504.00238
math.OC 2504.00242
math.OC 2504.00244
math.OC 2504.00257
math.OC 2504.00313
math.OC 2504.00381
math.OC 2504.00390
math.OC 2504.00398
math.OC 2504.00531
math.OC 2504.00618
math.OC 2504.00630
math.OC 2504.00690
math.OC 2504.00701
math.OC 2504.00729
math.OC 2504.00769
math.OC 2504.00770
math.OC 2504.00783
math.OC 2504.00813
math.OC 2504.00836
math.OC 2504.00894
math.OC 2504.01098
math.OC 2504.01109
math.OC 2504.01186
math.OC 2504.01475
math.OC 2504.01486
math.OC 2504.01585
math.OC 2504.01713
math.OC 2504.01721
math.OC 2504.01812
math.OC 2504.01932
math.OC 2504.01090
math.OC 2504.01108
math.OC 2504.01136
math.OC 2504.01160
math.OC 2504.01215
math.OC 2504.01378
math.OC 2504.01431
math.OC 2504.01474
math.OC 2504.01480
math.OC 2504.01497
math.OC 2504.01564
math.OC 2504.01628
math.OC 2504.01678
math.OC 2504.01839
math.OC 2504.02067
math.OC 2504.02073
math.OC 2504.02114
math.OC 2504.02129
math.OC 2504.02198
math.OC 2504.02379
math.OC 2504.02644
math.OC 2504.02652
math.OC 2504.02662
math.OC 2504.02700
math.OC 2504.02743
math.OC 2504.02766
math.OC 2504.01970
astro-ph.IM 2503.21871
math.OC 2504.02049
astro-ph.IM 2503.22031
math.OC 2504.02062
astro-ph.IM 2503.22361
math.OC 2504.02171
astro-ph.IM 2503.22497
math.OC 2504.02201
astro-ph.IM 2503.22559
math.OC 2504.02245
astro-ph.IM 2503.22203
math.OC 2504.02339
astro-ph.IM 2503.22446
math.OC 2504.02375
astro-ph.IM 2503.22657
math.OC 2504.02562
astro-ph.IM 2503.23074
math.OC 2504.02710
astro-ph.IM 2503.23614
math.OC 2504.02761
astro-ph.IM 2503.23825
astro-ph.IM 2503.23957
astro-ph.IM 2503.24097
astro-ph.IM 2503.24178
astro-ph.IM 2503.24188
astro-ph.IM 2503.24271
astro-ph.IM 2503.22802
astro-ph.IM 2503.22814
astro-ph.IM 2503.22863
astro-ph.IM 2503.23113
astro-ph.IM 2503.23126
astro-ph.IM 2503.23127
astro-ph.IM 2503.23476
astro-ph.IM 2503.23843
astro-ph.IM 2503.23859
astro-ph.IM 2503.24113
astro-ph.IM 2503.24181
astro-ph.IM 2503.24254
astro-ph.IM 2503.24292
astro-ph.IM 2504.00419
astro-ph.IM 2504.00500
astro-ph.IM 2504.00552
astro-ph.IM 2504.00959
astro-ph.IM 2504.00985
astro-ph.IM 2504.00054
astro-ph.IM 2504.00073
astro-ph.IM 2504.00141
astro-ph.IM 2504.00148
astro-ph.IM 2504.00227
astro-ph.IM 2504.00231
astro-ph.IM 2504.00303
astro-ph.IM 2504.00327
astro-ph.IM 2504.00399
astro-ph.IM 2504.00709
astro-ph.IM 2504.00973
astro-ph.IM 2504.00982
astro-ph.IM 2504.01092
astro-ph.IM 2504.01102
astro-ph.IM 2504.01123
astro-ph.IM 2504.01265
astro-ph.IM 2504.01611
astro-ph.IM 2504.01813
astro-ph.IM 2504.01064
astro-ph.IM 2504.01161
astro-ph.IM 2504.01351
astro-ph.IM 2504.01608
astro-ph.IM 2504.01609
astro-ph.IM 2504.01610
astro-ph.IM 2504.01612
astro-ph.IM 2504.01613
astro-ph.IM 2504.01615
astro-ph.IM 2504.01616
astro-ph.IM 2504.01617
astro-ph.IM 2504.01618
astro-ph.IM 2504.01645
astro-ph.IM 2504.01660
astro-ph.IM 2504.01835
astro-ph.IM 2504.02036
astro-ph.IM 2504.02185
astro-ph.IM 2504.02196
astro-ph.IM 2504.02210
astro-ph.IM 2504.02232
astro-ph.IM 2504.02392
astro-ph.IM 2504.02659
astro-ph.IM 2504.02182
astro-ph.IM 2504.02186
astro-ph.IM 2504.02326
astro-ph.IM 2504.02468
astro-ph.IM 2504.02483
astro-ph.IM 2504.02523
eess.IV 2503.21820
eess.IV 2503.21943
eess.IV 2503.22026
eess.IV 2503.22120
eess.IV 2503.22177
eess.IV 2503.22218
eess.IV 2503.22375
eess.IV 2503.22392
eess.IV 2503.21818
eess.IV 2503.21825
eess.IV 2503.21829
eess.IV 2503.21840
eess.IV 2503.21955
eess.IV 2503.21966
eess.IV 2503.22015
eess.IV 2503.22052
eess.IV 2503.22140
eess.IV 2503.22176
eess.IV 2503.22271
eess.IV 2503.22491
eess.IV 2503.22531
eess.IV 2503.22563
eess.IV 2503.22592
eess.IV 2503.22647
eess.IV 2503.22658
eess.IV 2503.23102
eess.IV 2503.23103
eess.IV 2503.23148
eess.IV 2503.23507
eess.IV 2503.23731
eess.IV 2503.23832
eess.IV 2503.23893
eess.IV 2503.22829
eess.IV 2503.23042
eess.IV 2503.23052
eess.IV 2503.23149
eess.IV 2503.23151
eess.IV 2503.23179
eess.IV 2503.23265
eess.IV 2503.23772
eess.IV 2503.23933
eess.IV 2503.24063
eess.IV 2503.24138
eess.IV 2504.00023
eess.IV 2504.00175
eess.IV 2504.00638
eess.IV 2504.01010
eess.IV 2504.00026
eess.IV 2504.00189
eess.IV 2504.00264
eess.IV 2504.00302
eess.IV 2504.01081
eess.IV 2504.01025
eess.IV 2504.01035
eess.IV 2504.01038
eess.IV 2504.01208
eess.IV 2504.01275
eess.IV 2504.01561
eess.IV 2504.01577
eess.IV 2504.01996
eess.IV 2504.02084
eess.IV 2504.02214
eess.IV 2504.02362
eess.IV 2504.02494
eess.IV 2504.02697
eess.IV 2504.02819
eess.IV 2504.02823
eess.IV 2504.02007
eess.IV 2504.02216
eess.IV 2504.02222
eess.IV 2504.02373
eess.IV 2504.02382
eess.IV 2504.02408
eess.IV 2504.02579
eess.IV 2504.02628
eess.IV 2504.02647
eess.IV 2504.02668
math.DS 2503.21901
math.DS 2503.21929
math.DS 2503.22290
math.DS 2503.22350
math.DS 2503.21895
math.DS 2503.21923
math.DS 2503.21950
math.DS 2503.22242
math.DS 2503.22308
math.DS 2503.22825
math.DS 2503.23099
math.DS 2503.23203
math.DS 2503.23520
math.DS 2503.23697
math.DS 2503.23805
math.DS 2503.22944
math.DS 2503.22975
math.DS 2503.23054
math.DS 2503.23079
math.DS 2503.23173
math.DS 2503.23435
math.DS 2503.23504
math.DS 2503.23901
math.DS 2503.23970
math.DS 2503.24205
math.DS 2504.00492
math.DS 2504.00729
math.DS 2504.00804
math.DS 2504.00166
math.DS 2504.00168
math.DS 2504.00171
math.DS 2504.00184
math.DS 2504.00268
math.DS 2504.00335
math.DS 2504.00344
math.DS 2504.00403
math.DS 2504.00499
math.DS 2504.00632
math.DS 2504.00681
math.DS 2504.00925
math.DS 2504.00960
math.DS 2504.01055
math.DS 2504.01136
math.DS 2504.01471
math.DS 2504.01085
math.DS 2504.01166
math.DS 2504.01273
math.DS 2504.01283
math.DS 2504.01322
math.DS 2504.01325
math.DS 2504.01334
math.DS 2504.01425
math.DS 2504.01563
math.DS 2504.01661
math.DS 2504.01760
math.DS 2504.02189
math.DS 2504.02258
math.DS 2504.02350
math.DS 2504.02635
math.DS 2504.02021
math.DS 2504.02126
math.DS 2504.02135
math.DS 2504.02295
math.DS 2504.02718
math.DS 2504.02721
math.DS 2504.02776
math.DS 2504.02788
nlin.CD 2503.21107
nlin.CD 2503.21345
nlin.CD 2503.22479
nlin.CD 2503.22649
nlin.CD 2503.22949
nlin.CD 2503.23475
nlin.CD 2503.23686
nlin.CD 2503.22972
nlin.CD 2503.23457
nlin.CD 2503.24133
nlin.CD 2504.00028
nlin.CD 2504.00252
nlin.CD 2504.01532
nlin.CD 2504.01573
nlin.CD 2504.01580
physics.ins-det 2503.22220
physics.ins-det 2503.22364
physics.ins-det 2503.22461
physics.ins-det 2503.21853
physics.ins-det 2503.21959
physics.ins-det 2503.22500
physics.ins-det 2503.22554
physics.ins-det 2503.22561
physics.ins-det 2503.22834
physics.ins-det 2503.22910
physics.ins-det 2503.23528
physics.ins-det 2503.23743
physics.ins-det 2503.23744
physics.ins-det 2503.24034
physics.ins-det 2503.24106
physics.ins-det 2503.24178
physics.ins-det 2503.24218
physics.ins-det 2503.22774
physics.ins-det 2503.23293
physics.ins-det 2503.23558
physics.ins-det 2503.23784
physics.ins-det 2503.23789
physics.ins-det 2503.24082
physics.ins-det 2504.00148
physics.app-ph 2503.22167
physics.ins-det 2504.00262
physics.app-ph 2503.22184
physics.ins-det 2504.00582
physics.app-ph 2503.22279
physics.ins-det 2504.00947
physics.app-ph 2503.22403
physics.ins-det 2504.01697
physics.ins-det 2504.01265
physics.app-ph 2503.22528
physics.app-ph 2503.22544
physics.ins-det 2504.01716
physics.app-ph 2503.22556
physics.ins-det 2504.02405
physics.ins-det 2504.02570
physics.app-ph 2503.22579
physics.app-ph 2503.22591
physics.ins-det 2504.02599
physics.ins-det 2504.01999
physics.app-ph 2503.22602
physics.ins-det 2504.02006
physics.app-ph 2503.21901
physics.app-ph 2503.21933
physics.ins-det 2504.02196
physics.app-ph 2503.22123
physics.app-ph 2503.22158
physics.app-ph 2503.22810
physics.app-ph 2503.22815
physics.app-ph 2503.23048
physics.app-ph 2503.23719
physics.app-ph 2503.23854
physics.app-ph 2503.23916
physics.app-ph 2503.24034
physics.app-ph 2503.24052
physics.app-ph 2503.22897
physics.app-ph 2503.22910
physics.app-ph 2503.23351
physics.app-ph 2503.23672
physics.app-ph 2503.23769
physics.app-ph 2503.24042
physics.app-ph 2503.24163
physics.app-ph 2504.00145
physics.app-ph 2504.00214
physics.app-ph 2504.00262
physics.app-ph 2504.00311
physics.app-ph 2504.00620
physics.app-ph 2504.00875
physics.app-ph 2504.00143
physics.app-ph 2504.00326
physics.app-ph 2504.00514
physics.app-ph 2504.00582
physics.app-ph 2504.00679
physics.app-ph 2504.00953
physics.app-ph 2504.01291
physics.app-ph 2504.01525
physics.app-ph 2504.01775
physics.app-ph 2504.01900
physics.app-ph 2504.02056
physics.app-ph 2504.02510
physics.app-ph 2504.02053
physics.app-ph 2504.02384
physics.app-ph 2504.02405
physics.app-ph 2504.02535
physics.app-ph 2504.02594
physics.data-an 2503.22188
physics.data-an 2503.22649
physics.data-an 2503.22689
physics.data-an 2503.23202
physics.data-an 2503.23686
physics.data-an 2503.24241
physics.data-an 2503.23743
physics.data-an 2503.23864
physics.data-an 2504.00620
physics.data-an 2504.01092
physics.data-an 2504.01159
physics.data-an 2504.01660
physics.data-an 2504.01685
physics.data-an 2504.01896
physics.data-an 2504.01974
physics.data-an 2504.02102
cond-mat.dis-nn 2503.22096
cond-mat.dis-nn 2503.22304
cond-mat.dis-nn 2503.23098
cond-mat.dis-nn 2503.23188
cond-mat.dis-nn 2503.23499
cond-mat.dis-nn 2503.23896
cond-mat.dis-nn 2503.24107
cond-mat.dis-nn 2503.24333
cond-mat.dis-nn 2503.24363
cond-mat.dis-nn 2503.23189
cond-mat.dis-nn 2503.23982
cond-mat.dis-nn 2503.24380
cond-mat.dis-nn 2504.00074
cond-mat.dis-nn 2504.00111
cond-mat.dis-nn 2504.00300
cond-mat.dis-nn 2504.00796
cond-mat.dis-nn 2504.00885
cond-mat.dis-nn 2504.00144
cond-mat.dis-nn 2503.05369
cond-mat.dis-nn 2504.01264
cond-mat.dis-nn 2504.01565
cond-mat.dis-nn 2504.02237
cond-mat.dis-nn 2504.02528
cond-mat.dis-nn 2504.02734
cond-mat.dis-nn 2504.02754
cond-mat.dis-nn 2504.02460
cond-mat.dis-nn 2504.02815
econ.TH 2503.20848
econ.TH 2503.20986
econ.TH 2503.21175
econ.TH 2503.22928
econ.TH 2503.24241
econ.TH 2503.23141
econ.TH 2503.23437
econ.TH 2503.23552
econ.TH 2503.24010
econ.TH 2504.00630
econ.TH 2504.00529
econ.TH 2504.00909
econ.TH 2504.01095
econ.TH 2504.01227
econ.TH 2504.01280
econ.TH 2504.01829
econ.TH 2504.01944
econ.TH 2504.01992
econ.TH 2504.02399
econ.TH 2504.02077
econ.TH 2504.02238
econ.TH 2504.02696
math.PR 2503.21326
math.PR 2503.21849
math.PR 2503.21855
math.PR 2503.22030
math.PR 2503.22282
math.PR 2503.22418
math.PR 2503.22226
math.PR 2503.22267
math.PR 2503.22334
math.PR 2503.22434
math.PR 2503.22488
math.PR 2503.22518
math.PR 2503.22538
math.PR 2503.22542
math.PR 2503.22784
math.PR 2503.22932
math.PR 2503.22959
math.PR 2503.23018
math.PR 2503.23110
math.PR 2503.23164
math.PR 2503.23182
math.PR 2503.23189
math.PR 2503.23251
math.PR 2503.23256
math.PR 2503.23896
math.PR 2503.23982
math.PR 2503.24020
math.PR 2503.24202
math.PR 2503.24209
math.PR 2503.22801
math.PR 2503.22899
math.PR 2503.22905
math.PR 2503.22947
math.PR 2503.23070
math.PR 2503.23142
math.PR 2503.23180
math.PR 2503.23340
math.PR 2503.23342
math.PR 2503.23403
math.PR 2503.23732
math.PR 2503.23940
math.PR 2503.24024
math.PR 2503.24136
math.PR 2503.24252
math.PR 2503.24372
math.PR 2504.00266
math.PR 2504.00301
math.PR 2504.00450
math.PR 2504.00575
math.PR 2504.00681
math.PR 2504.00708
math.PR 2504.00729
math.PR 2504.00964
math.PR 2504.00251
math.PR 2504.00269
math.PR 2504.00508
math.PR 2504.00512
math.PR 2504.00566
math.PR 2504.00585
math.PR 2504.00594
math.PR 2504.00733
math.PR 2504.00765
math.PR 2504.01046
math.PR 2504.01052
math.PR 2504.01223
math.PR 2504.01247
math.PR 2504.01283
math.PR 2504.01318
math.PR 2504.01484
math.PR 2504.01562
math.PR 2504.01782
math.PR 2504.01837
math.PR 2504.01864
math.PR 2504.01107
math.PR 2504.01119
math.PR 2504.01151
math.PR 2504.01193
math.PR 2504.01630
math.PR 2504.01663
math.PR 2504.01703
math.PR 2504.01927
math.PR 2504.02649
math.PR 2504.02681
math.PR 2504.02721
math.PR 2504.02740
math.PR 2504.02761
math.PR 2504.02788
math.PR 2504.02814
math.PR 2504.02207
math.PR 2504.02348
math.PR 2504.02427
math.PR 2504.02435
math.PR 2504.02482
math.PR 2504.02502
math.PR 2504.02707
math.PR 2504.02717
math.PR 2504.02777
physics.optics 2503.21861
physics.optics 2503.22012
physics.optics 2503.22058
physics.optics 2503.22423
physics.optics 2503.22481
physics.optics 2503.22500
physics.optics 2503.22579
physics.optics 2503.22602
physics.optics 2503.21786
physics.optics 2503.22025
physics.optics 2503.22167
physics.optics 2503.22184
physics.optics 2503.22206
physics.optics 2503.22279
physics.optics 2503.22355
physics.optics 2503.22403
physics.optics 2503.22448
physics.optics 2503.22460
physics.optics 2503.22534
physics.optics 2503.22544
physics.optics 2503.22565
physics.optics 2503.22670
physics.optics 2503.22213
physics.optics 2503.22794
physics.optics 2503.22817
physics.optics 2503.22910
physics.optics 2503.23075
physics.optics 2503.23160
physics.optics 2503.23197
physics.optics 2503.24283
physics.optics 2503.22859
physics.optics 2503.22868
physics.optics 2503.23080
physics.optics 2503.23148
physics.optics 2503.23169
physics.optics 2503.23195
physics.optics 2503.23235
physics.optics 2503.23264
physics.optics 2503.23322
physics.optics 2503.23347
physics.optics 2503.23392
physics.optics 2503.23411
physics.optics 2503.23474
physics.optics 2503.23546
physics.optics 2503.23613
physics.optics 2503.23706
physics.optics 2503.23719
physics.optics 2503.23737
physics.optics 2503.23800
physics.optics 2503.23916
physics.optics 2503.24178
physics.optics 2503.24218
physics.optics 2503.24313
physics.optics 2503.24356
physics.optics 2503.24363
physics.optics 2503.24375
physics.optics 2504.00102
physics.optics 2504.00212
physics.optics 2504.00235
physics.optics 2504.00237
physics.optics 2504.00239
physics.optics 2504.00796
physics.optics 2504.00947
physics.optics 2504.00203
physics.optics 2504.00311
physics.optics 2504.00439
physics.optics 2504.00617
physics.optics 2504.00620
physics.optics 2504.00655
physics.optics 2504.00668
physics.optics 2504.00671
physics.optics 2504.00736
physics.optics 2504.00967
physics.optics 2504.00976
physics.optics 2504.01234
physics.optics 2504.01391
physics.optics 2504.01413
physics.optics 2504.01537
physics.optics 2504.01680
physics.optics 2504.01749
physics.optics 2504.01112
physics.optics 2504.01117
physics.optics 2504.01463
physics.optics 2504.01473
physics.optics 2504.01621
physics.optics 2504.01636
physics.optics 2504.01643
physics.optics 2504.01704
physics.optics 2504.01723
physics.optics 2504.01725
physics.optics 2504.01751
physics.optics 2504.01817
physics.optics 2504.01920
physics.optics 2503.23755
physics.optics 2504.02202
physics.optics 2504.02535
physics.optics 2504.02753
physics.optics 2504.02036
physics.optics 2504.02056
physics.optics 2504.02103
physics.optics 2504.02247
physics.optics 2504.02257
physics.optics 2504.02267
physics.optics 2504.02278
physics.optics 2504.02452
physics.optics 2504.02567
physics.optics 2504.02603
physics.optics 2504.02689
physics.med-ph 2503.21837
physics.med-ph 2503.22139
physics.med-ph 2503.22392
physics.med-ph 2503.22438
physics.med-ph 2503.22578
physics.med-ph 2503.22640
physics.med-ph 2503.23148
physics.med-ph 2503.23507
physics.med-ph 2503.22820
physics.med-ph 2503.22911
physics.med-ph 2503.23161
physics.med-ph 2503.23528
physics.med-ph 2503.23898
physics.med-ph 2503.24158
physics.med-ph 2503.24195
physics.med-ph 2504.00816
physics.med-ph 2504.01025
physics.med-ph 2504.02711
physics.med-ph 2504.02748
q-fin.MF 2503.20340
q-fin.MF 2503.21256
q-fin.MF 2503.21967
q-fin.MF 2503.22282
q-fin.MF 2503.24257
q-fin.MF 2504.00158
q-fin.MF 2504.00846
