cs.CG 2407.02658
cs.CG 2407.03101
cs.CG 2407.03176
cs.CG 2310.02839
cs.CG 2407.03348
cs.CG 2407.03352
cs.CG 2407.03912
cs.CG 2407.04614
cs.CG 2407.05135
cs.CG 2407.05057
cs.CG 2407.05114
cs.CG 2407.05231
cs.CG 2407.06131
cs.CG 2407.07725
cs.CG 2407.07749
cs.CG 2407.08184
cs.CG 2407.08244
cs.CG 2407.08295
cs.FL 2407.01169
cs.FL 2407.02632
cs.FL 2407.02660
cs.FL 2407.02704
cs.FL 2407.02884
cs.FL 2407.03203
cs.FL 2407.03638
cs.FL 2407.04063
cs.FL 2407.04462
cs.FL 2407.06968
cs.FL 2407.08103
cs.FL 2407.08068
cs.FL 2407.08088
cs.FL 2407.08135
cs.FL 2407.08218
cs.FL 2407.08452
cs.FL 2407.08620
cs.DS 2407.03812
cs.DS 2407.03833
cs.DS 2407.04367
cs.DS 2407.04540
cs.DS 2407.04576
cs.DS 2407.04664
cs.DS 2407.03666
cs.DS 2407.03877
cs.DS 2407.03934
cs.DS 2407.03987
cs.DS 2407.04282
cs.DS 2407.04342
cs.DS 2407.04447
cs.DS 2407.04672
cs.DS 2407.04686
cs.DS 2407.04783
cs.DS 2407.04804
cs.DS 2407.04898
cs.DS 2407.05231
cs.DS 2407.05237
cs.DS 2407.05622
cs.DS 2407.05669
cs.DS 2407.04761
cs.DS 2407.04824
cs.DS 2407.04872
cs.DS 2407.04887
cs.DS 2407.04931
cs.DS 2407.04971
cs.DS 2407.04976
cs.DS 2407.04989
cs.DS 2407.05239
cs.DS 2407.05381
cs.DS 2407.05430
cs.DS 2407.05435
cs.DS 2407.06446
cs.DS 2407.06493
cs.DS 2407.06801
cs.DS 2407.06911
cs.DS 2407.07051
cs.DS 2407.06366
cs.DS 2407.06431
cs.DS 2407.06881
cs.DS 2407.06912
cs.DS 2407.06913
cs.DS 2407.07058
cs.DS 2407.07299
cs.DS 2407.07749
cs.DS 2407.07765
cs.DS 2407.07096
cs.DS 2407.07262
cs.DS 2407.07543
cs.DS 2407.07645
cs.DS 2407.07677
cs.DS 2407.08190
cs.DS 2407.08295
cs.DS 2407.08376
cs.DS 2407.08392
cs.DS 2407.08562
cs.DB 2407.03496
cs.DB 2407.04595
cs.DB 2407.04648
cs.DB 2407.03750
cs.DB 2407.03954
cs.DB 2407.04217
cs.DB 2407.05410
cs.DB 2407.04823
cs.DB 2407.05096
cs.DB 2407.05952
cs.DB 2407.06748
cs.DB 2407.06199
cs.DB 2407.06228
cs.DB 2407.06766
cs.DB 2407.07817
cs.DB 2407.07502
cs.DB 2407.07560
cs.DB 2407.08082
cs.GR 2407.03330
cs.GR 2407.03348
cs.GR 2407.03350
cs.GR 2407.04191
cs.GR 2407.04237
cs.GR 2407.05436
cs.GR 2407.05597
cs.GR 2407.05615
cs.GR 2407.06107
cs.GR 2407.06114
cs.GT 2407.03860
cs.GR 2407.06187
cs.GT 2407.03879
cs.GR 2407.06101
cs.GT 2407.03987
cs.GR 2407.06305
cs.GT 2407.04088
cs.GR 2407.06469
cs.GT 2407.04467
cs.GR 2407.06847
cs.GT 2407.04608
cs.GR 2407.06966
cs.GT 2407.03521
cs.GR 2407.07090
cs.GT 2407.04471
cs.GR 2407.07220
cs.GT 2407.04474
cs.GT 2407.04664
cs.GR 2407.07410
cs.GT 2407.05069
cs.GR 2407.07725
cs.GT 2407.05196
cs.GR 2407.07554
cs.GT 2407.05484
cs.GR 2407.07755
cs.GT 2407.04889
cs.GR 2407.08011
cs.GT 2407.04898
cs.GR 2407.08088
cs.GT 2407.05035
cs.GR 2407.08137
cs.GT 2407.05139
cs.GR 2407.08280
cs.GT 2407.05240
cs.GR 2407.08414
cs.GT 2407.05459
cs.GR 2407.07992
cs.GT 2407.05460
cs.GT 2407.05891
cs.GT 2407.06288
cs.GT 2407.06398
cs.GT 2407.07099
cs.GT 2407.07316
cs.GT 2407.07474
cs.GT 2407.07625
cs.GT 2407.07641
cs.GT 2407.07785
cs.GT 2407.07845
cs.GT 2407.08022
cs.GT 2407.08686
cs.AI 2406.12381
cs.AI 2407.03331
cs.AI 2407.03332
cs.AI 2407.03361
cs.AI 2407.03368
cs.AI 2407.03380
cs.AI 2407.03381
cs.AI 2407.03387
cs.AI 2407.03391
cs.AI 2407.03392
cs.AI 2407.03418
cs.AI 2407.03446
cs.AI 2407.03460
cs.AI 2407.03463
cs.AI 2407.03469
cs.AI 2407.03473
cs.AI 2407.03482
cs.AI 2407.03506
cs.AI 2407.03514
cs.AI 2407.03518
cs.AI 2407.03545
cs.AI 2407.03582
cs.AI 2407.03611
cs.AI 2407.03646
cs.AI 2407.03647
cs.AI 2407.03651
cs.AI 2407.03665
cs.AI 2407.03672
cs.AI 2407.03687
cs.AI 2407.03689
cs.AI 2407.03718
cs.AI 2407.03728
cs.AI 2407.03734
cs.AI 2407.03736
cs.AI 2407.03748
cs.AI 2407.03770
cs.AI 2407.03824
cs.AI 2407.03850
cs.AI 2407.03863
cs.AI 2407.03864
cs.AI 2407.03884
cs.AI 2407.03892
cs.AI 2407.03893
cs.AI 2407.03923
cs.AI 2407.03924
cs.AI 2407.03941
cs.AI 2407.03963
cs.AI 2407.03966
cs.AI 2407.03967
cs.AI 2407.03978
cs.AI 2407.03994
cs.AI 2407.03995
cs.AI 2407.04022
cs.AI 2407.04050
cs.AI 2407.04051
cs.AI 2407.04055
cs.AI 2407.04069
cs.AI 2407.04070
cs.AI 2407.04075
cs.AI 2407.04078
cs.AI 2407.04087
cs.AI 2407.04088
cs.AI 2407.04103
cs.AI 2407.04105
cs.AI 2407.04117
cs.AI 2407.04118
cs.AI 2407.04121
cs.AI 2407.04125
cs.AI 2407.04127
cs.AI 2407.04151
cs.AI 2407.04152
cs.AI 2407.04153
cs.AI 2407.04173
cs.AI 2407.04183
cs.AI 2407.04191
cs.AI 2407.04218
cs.AI 2407.04241
cs.AI 2407.04247
cs.AI 2407.04258
cs.AI 2407.04259
cs.AI 2407.04268
cs.AI 2407.04271
cs.AI 2407.04285
cs.AI 2407.04287
cs.AI 2407.04295
cs.AI 2407.04331
cs.AI 2407.04335
cs.AI 2407.04336
cs.AI 2407.04370
cs.AI 2407.04371
cs.AI 2407.04381
cs.AI 2407.04396
cs.AI 2407.04405
cs.AI 2407.04411
cs.AI 2407.04418
cs.AI 2407.04449
cs.AI 2407.04451
cs.AI 2407.04458
cs.AI 2407.04472
cs.AI 2407.04486
cs.AI 2407.04503
cs.AI 2407.04513
cs.AI 2407.04525
cs.AI 2407.04528
cs.AI 2407.04538
cs.AI 2407.04541
cs.AI 2407.04547
cs.AI 2407.04549
cs.AI 2407.04551
cs.AI 2407.04559
cs.AI 2407.04597
cs.AI 2407.04616
cs.AI 2407.04620
cs.AI 2407.04629
cs.AI 2407.04648
cs.AI 2407.04676
cs.AI 2407.04680
cs.AI 2407.04681
cs.AI 2407.04693
cs.AI 2407.04694
cs.AI 2407.04699
cs.AI 2407.03340
cs.AI 2407.03365
cs.AI 2407.03374
cs.AI 2407.03502
cs.AI 2407.03652
cs.AI 2407.03704
cs.AI 2407.03759
cs.AI 2407.03778
cs.AI 2407.03913
cs.AI 2407.03927
cs.AI 2407.03942
cs.AI 2407.03969
cs.AI 2407.04106
cs.AI 2407.04172
cs.AI 2407.04181
cs.AI 2407.04212
cs.AI 2407.04221
cs.AI 2407.04317
cs.AI 2407.04359
cs.AI 2407.04363
cs.AI 2407.04377
cs.AI 2407.04419
cs.AI 2407.04467
cs.AI 2407.04678
cs.AI 2407.04700
cs.AI 2407.04709
cs.AI 2407.04710
cs.AI 2407.04711
cs.AI 2407.04712
cs.AI 2407.04717
cs.AI 2407.04722
cs.AI 2407.04730
cs.AI 2407.04736
cs.AI 2407.04737
cs.AI 2407.04751
cs.AI 2407.04787
cs.AI 2407.04794
cs.AI 2407.04801
cs.AI 2407.04803
cs.AI 2407.04808
cs.AI 2407.04819
cs.AI 2407.04833
cs.AI 2407.04841
cs.AI 2407.04844
cs.AI 2407.04846
cs.AI 2407.04855
cs.AI 2407.04856
cs.AI 2407.04859
cs.AI 2407.04882
cs.AI 2407.04885
cs.AI 2407.04903
cs.AI 2407.04910
cs.AI 2407.04921
cs.AI 2407.04925
cs.AI 2407.04980
cs.AI 2407.04986
cs.AI 2407.04992
cs.AI 2407.04997
cs.AI 2407.05015
cs.AI 2407.05079
cs.AI 2407.05082
cs.AI 2407.05087
cs.AI 2407.05098
cs.AI 2407.05102
cs.AI 2407.05112
cs.AI 2407.05116
cs.AI 2407.05131
cs.AI 2407.05138
cs.AI 2407.05154
cs.AI 2407.05174
cs.AI 2407.05176
cs.AI 2407.05180
cs.AI 2407.05181
cs.AI 2407.05183
cs.AI 2407.05193
cs.AI 2407.05202
cs.AI 2407.05205
cs.AI 2407.05210
cs.AI 2407.05213
cs.AI 2407.05233
cs.AI 2407.05256
cs.AI 2407.05257
cs.AI 2407.05259
cs.AI 2407.05262
cs.AI 2407.05266
cs.AI 2407.05268
cs.AI 2407.05285
cs.AI 2407.05310
cs.AI 2407.05330
cs.AI 2407.05333
cs.AI 2407.05338
cs.AI 2407.05339
cs.AI 2407.05341
cs.AI 2407.05368
cs.AI 2407.05375
cs.AI 2407.05379
cs.AI 2407.05385
cs.AI 2407.05389
cs.AI 2407.05396
cs.AI 2407.05398
cs.AI 2407.05399
cs.AI 2407.05404
cs.AI 2407.05407
cs.AI 2407.05412
cs.AI 2407.05417
cs.AI 2407.05418
cs.AI 2407.05423
cs.AI 2407.05424
cs.AI 2407.05434
cs.AI 2407.05440
cs.AI 2407.05441
cs.AI 2407.05449
cs.AI 2407.05466
cs.AI 2407.05467
cs.AI 2407.05502
cs.AI 2407.05516
cs.AI 2407.05521
cs.AI 2407.05526
cs.AI 2407.05530
cs.AI 2407.05550
cs.AI 2407.05580
cs.AI 2407.05603
cs.AI 2407.05649
cs.AI 2407.05650
cs.AI 2407.05664
cs.AI 2407.05669
cs.AI 2407.05671
cs.AI 2407.05679
cs.AI 2407.05680
cs.AI 2407.05683
cs.AI 2407.05688
cs.AI 2407.05689
cs.AI 2407.05690
cs.AI 2407.05693
cs.AI 2407.05700
cs.AI 2407.05712
cs.AI 2407.05713
cs.AI 2407.05732
cs.AI 2407.05739
cs.AI 2407.05758
cs.AI 2407.05766
cs.AI 2407.05778
cs.AI 2407.05786
cs.AI 2407.05788
cs.AI 2407.05800
cs.AI 2407.05814
cs.AI 2407.05817
cs.AI 2407.05868
cs.AI 2407.05887
cs.AI 2407.05892
cs.AI 2407.05910
cs.AI 2407.05915
cs.AI 2407.05921
cs.AI 2407.05925
cs.AI 2407.05934
cs.AI 2407.05952
cs.AI 2407.05963
cs.AI 2407.05965
cs.AI 2407.05975
cs.AI 2407.05977
cs.AI 2407.05983
cs.AI 2407.05991
cs.AI 2407.06003
cs.AI 2407.06011
cs.AI 2407.06023
cs.AI 2407.06056
cs.AI 2407.06057
cs.AI 2407.06060
cs.AI 2407.06071
cs.AI 2407.06076
cs.AI 2407.06077
cs.AI 2407.06079
cs.AI 2407.06085
cs.AI 2407.06098
cs.AI 2407.06115
cs.AI 2407.06125
cs.AI 2407.06135
cs.AI 2407.06146
cs.AI 2407.06152
cs.AI 2407.06157
cs.AI 2407.06162
cs.AI 2407.06165
cs.AI 2407.06170
cs.AI 2407.06177
cs.AI 2407.06189
cs.AI 2407.06192
cs.AI 2407.04831
cs.AI 2407.04868
cs.AI 2407.04869
cs.AI 2407.04873
cs.AI 2407.04899
cs.AI 2407.04964
cs.AI 2407.04973
cs.AI 2407.04990
cs.AI 2407.05047
cs.AI 2407.05058
cs.AI 2407.05134
cs.AI 2407.05153
cs.AI 2407.05197
cs.AI 2407.05244
cs.AI 2407.05291
cs.AI 2407.05305
cs.AI 2407.05320
cs.AI 2407.05336
cs.AI 2407.05365
cs.AI 2407.05377
cs.AI 2407.05413
cs.AI 2407.05426
cs.AI 2407.05437
cs.AI 2407.05458
cs.AI 2407.05461
cs.AI 2407.05464
cs.AI 2407.05474
cs.AI 2407.05538
cs.AI 2407.05557
cs.AI 2407.05611
cs.AI 2407.05674
cs.AI 2407.05694
cs.AI 2407.05705
cs.AI 2407.05714
cs.AI 2407.05736
cs.AI 2407.05746
cs.AI 2407.05775
cs.AI 2407.05810
cs.AI 2407.05858
cs.AI 2407.05864
cs.AI 2407.05869
cs.AI 2407.05876
cs.AI 2407.05879
cs.AI 2407.05884
cs.AI 2407.05898
cs.AI 2407.05976
cs.AI 2407.06025
cs.AI 2407.06088
cs.AI 2407.06093
cs.AI 2407.06129
cs.AI 2407.06172
cs.AI 2302.06555
cs.AI 2407.06194
cs.AI 2407.06196
cs.AI 2407.06206
cs.AI 2407.06227
cs.AI 2407.06230
cs.AI 2407.06233
cs.AI 2407.06234
cs.AI 2407.06235
cs.AI 2407.06245
cs.AI 2407.06292
cs.AI 2407.06304
cs.AI 2407.06309
cs.AI 2407.06310
cs.AI 2407.06322
cs.AI 2407.06329
cs.AI 2407.06339
cs.AI 2407.06349
cs.AI 2407.06416
cs.AI 2407.06426
cs.AI 2407.06447
cs.AI 2407.06452
cs.AI 2407.06459
cs.AI 2407.06460
cs.AI 2407.06485
cs.AI 2407.06494
cs.AI 2407.06507
cs.AI 2407.06512
cs.AI 2407.06533
cs.AI 2407.06537
cs.AI 2407.06540
cs.AI 2407.06549
cs.AI 2407.06560
cs.AI 2407.06564
cs.AI 2407.06576
cs.AI 2407.06590
cs.AI 2407.06611
cs.AI 2407.06654
cs.AI 2407.06682
cs.AI 2407.06690
cs.AI 2407.06692
cs.AI 2407.06723
cs.AI 2407.06740
cs.AI 2407.06754
cs.AI 2407.06756
cs.AI 2407.06765
cs.AI 2407.06778
cs.AI 2407.06785
cs.AI 2407.06797
cs.AI 2407.06798
cs.AI 2407.06849
cs.AI 2407.06852
cs.AI 2407.06866
cs.AI 2407.06886
cs.AI 2407.06902
cs.AI 2407.06909
cs.AI 2407.06910
cs.AI 2407.06941
cs.AI 2407.06946
cs.AI 2407.06972
cs.AI 2407.06976
cs.AI 2407.06979
cs.AI 2407.06992
cs.AI 2407.07000
cs.AI 2407.07003
cs.AI 2407.07004
cs.AI 2407.07024
cs.AI 2407.07041
cs.AI 2407.07042
cs.AI 2407.07064
cs.AI 2407.07071
cs.AI 2407.07077
cs.AI 2407.07082
cs.AI 2407.07092
cs.AI 2407.07093
cs.AI 2407.07094
cs.AI 2407.06237
cs.AI 2407.06317
cs.AI 2407.06334
cs.AI 2407.06400
cs.AI 2407.06401
cs.AI 2407.06405
cs.AI 2407.06422
cs.AI 2407.06423
cs.AI 2407.06443
cs.AI 2407.06486
cs.AI 2407.06501
cs.AI 2407.06581
cs.AI 2407.06597
cs.AI 2407.06622
cs.AI 2407.06655
cs.AI 2407.06658
cs.AI 2407.06660
cs.AI 2407.06676
cs.AI 2407.06718
cs.AI 2407.06748
cs.AI 2407.06762
cs.AI 2407.06774
cs.AI 2407.06782
cs.AI 2407.06796
cs.AI 2407.06807
cs.AI 2407.06813
cs.AI 2407.06814
cs.AI 2407.06823
cs.AI 2407.06826
cs.AI 2407.06862
cs.AI 2407.06904
cs.AI 2407.06930
cs.AI 2407.06950
cs.AI 2407.06985
cs.AI 2407.07009
cs.AI 2407.07020
cs.AI 2407.07030
cs.AI 2407.07045
cs.AI 2407.07046
cs.AI 2407.07086
cs.AI 2407.07088
cs.AI 2407.07099
cs.AI 2407.07110
cs.AI 2407.07111
cs.AI 2407.07124
cs.AI 2407.07133
cs.AI 2407.07135
cs.AI 2407.07229
cs.AI 2407.07276
cs.AI 2407.07277
cs.AI 2407.07290
cs.AI 2407.07291
cs.AI 2407.07296
cs.AI 2407.07311
cs.AI 2407.07330
cs.AI 2407.07331
cs.AI 2407.07333
cs.AI 2407.07341
cs.AI 2407.07355
cs.AI 2407.07364
cs.AI 2407.07392
cs.AI 2407.07406
cs.AI 2407.07412
cs.AI 2407.07421
cs.AI 2407.07433
cs.AI 2407.07452
cs.AI 2407.07462
cs.AI 2407.07472
cs.AI 2407.07482
cs.AI 2407.07488
cs.AI 2407.07506
cs.AI 2407.07521
cs.AI 2407.07530
cs.AI 2407.07541
cs.AI 2407.07544
cs.AI 2407.07551
cs.AI 2407.07561
cs.AI 2407.07577
cs.AI 2407.07604
cs.AI 2407.07605
cs.AI 2407.07606
cs.AI 2407.07612
cs.AI 2407.07638
cs.AI 2407.07639
cs.AI 2407.07660
cs.AI 2407.07664
cs.AI 2407.07666
cs.AI 2407.07668
cs.AI 2407.07684
cs.AI 2407.07695
cs.AI 2407.07723
cs.AI 2407.07726
cs.AI 2407.07728
cs.AI 2407.07732
cs.AI 2407.07744
cs.AI 2407.07747
cs.AI 2407.07755
cs.AI 2407.07760
cs.AI 2407.07775
cs.AI 2407.07786
cs.AI 2407.07787
cs.AI 2407.07788
cs.AI 2407.07802
cs.AI 2407.07810
cs.AI 2407.07835
cs.AI 2407.07848
cs.AI 2407.07868
cs.AI 2407.07874
cs.AI 2407.07875
cs.AI 2407.07880
cs.AI 2407.07884
cs.AI 2407.07890
cs.AI 2407.07288
cs.AI 2407.07304
cs.AI 2407.07327
cs.AI 2407.07375
cs.AI 2407.07443
cs.AI 2407.07671
cs.AI 2407.07796
cs.AI 2407.07913
cs.AI 2407.07917
cs.AI 2407.07918
cs.AI 2407.07921
cs.AI 2407.07924
cs.AI 2407.07925
cs.AI 2407.07931
cs.AI 2407.07934
cs.AI 2407.07950
cs.AI 2407.07959
cs.AI 2407.07966
cs.AI 2407.07972
cs.AI 2407.08001
cs.AI 2407.08003
cs.AI 2407.08022
cs.AI 2407.08044
cs.AI 2407.08047
cs.AI 2407.08064
cs.AI 2407.08065
cs.AI 2407.08067
cs.AI 2407.08073
cs.AI 2407.08093
cs.AI 2407.08108
cs.AI 2407.08109
cs.AI 2407.08112
cs.AI 2407.08133
cs.AI 2407.08134
cs.AI 2407.08147
cs.AI 2407.08152
cs.AI 2407.08166
cs.AI 2407.08169
cs.AI 2407.08176
cs.AI 2407.08189
cs.AI 2407.08192
cs.AI 2407.08214
cs.AI 2407.08216
cs.AI 2407.08223
cs.AI 2407.08224
cs.AI 2407.08240
cs.AI 2407.08249
cs.AI 2407.08250
cs.AI 2407.08254
cs.AI 2407.08257
cs.AI 2407.08270
cs.AI 2407.08303
cs.AI 2407.08306
cs.AI 2407.08324
cs.AI 2407.08331
cs.AI 2407.08380
cs.AI 2407.08400
cs.AI 2407.08408
cs.AI 2407.08422
cs.AI 2407.08428
cs.AI 2407.08440
cs.AI 2407.08441
cs.AI 2407.08442
cs.AI 2407.08464
cs.AI 2407.08470
cs.AI 2407.08473
cs.AI 2407.08479
cs.AI 2407.08500
cs.AI 2407.08515
cs.AI 2407.08585
cs.AI 2407.08608
cs.AI 2407.08649
cs.AI 2407.08655
cs.AI 2407.08658
cs.AI 2407.08662
cs.AI 2407.08691
cs.AI 2407.08694
cs.AI 2407.08700
cs.AI 2407.08704
cs.AI 2407.08708
cs.AI 2407.08713
cs.AI 2407.08717
cs.AI 2407.08725
cs.AI 2407.08734
cs.AI 2407.08735
cs.AI 2407.08737
cs.AI 2407.08034
cs.AI 2407.08105
cs.AI 2407.08126
cs.AI 2407.08164
cs.AI 2407.08179
cs.AI 2407.08195
cs.AI 2407.08196
cs.AI 2407.08204
cs.AI 2407.08227
cs.AI 2407.08248
cs.AI 2407.08279
cs.AI 2407.08289
cs.AI 2407.08302
cs.AI 2407.08322
cs.AI 2407.08328
cs.AI 2407.08348
cs.AI 2407.08388
cs.AI 2407.08410
cs.AI 2407.08448
cs.AI 2407.08488
cs.AI 2407.08497
cs.AI 2407.08516
cs.AI 2407.08550
cs.AI 2407.08554
cs.AI 2407.08558
cs.AI 2407.08563
cs.AI 2407.08564
cs.AI 2407.08571
cs.AI 2407.08583
cs.AI 2407.08590
cs.AI 2407.08633
cs.AI 2407.08639
cs.AI 2407.08675
cs.AI 2407.08689
cs.DM 2310.02839
cs.DM 2407.03638
cs.DM 2407.03831
cs.DM 2407.03912
cs.DM 2407.03936
cs.DM 2407.04150
cs.DM 2407.04282
cs.DM 2407.04447
cs.DM 2407.04588
cs.DM 2407.03812
cs.DM 2407.04576
cs.DM 2407.04887
cs.DM 2407.05057
cs.DM 2407.05264
cs.DM 2407.05398
cs.DM 2407.05827
cs.DM 2407.05936
cs.DM 2407.04701
cs.DM 2407.04870
cs.DM 2407.05485
cs.DM 2407.06493
cs.DM 2407.06869
cs.DM 2407.06367
cs.DM 2407.07029
cs.DM 2407.07338
cs.DM 2407.07424
cs.DM 2407.07500
cs.DM 2407.07677
cs.DM 2407.07741
cs.DM 2407.08218
cs.AR 2407.03852
cs.AR 2407.03497
cs.AR 2407.03711
cs.AR 2407.03962
cs.AR 2407.04182
cs.AR 2407.04292
cs.AR 2407.04404
cs.AR 2407.04943
cs.AR 2407.05938
cs.AR 2407.06170
cs.AR 2407.04849
cs.AR 2407.05447
cs.AR 2407.05510
cs.AR 2407.05521
cs.AR 2407.05621
cs.AR 2407.05784
cs.AR 2407.06033
cs.AR 2407.06134
cs.AR 2407.06415
cs.AR 2407.06758
cs.AR 2407.06643
cs.AR 2407.06751
cs.AR 2407.06755
cs.AR 2407.06760
cs.AR 2407.07766
cs.AR 2407.08192
cs.AR 2407.08621
cs.AR 2407.08704
cs.AR 2407.08128
cs.AR 2407.08205
cs.AR 2407.08473
cs.AR 2407.08700
cs.DC 2407.03331
cs.DC 2407.04001
cs.DC 2407.04272
cs.DC 2407.03583
cs.DC 2407.03686
cs.DC 2407.04014
cs.DC 2407.04053
cs.DC 2407.04267
cs.DC 2407.04656
cs.DC 2407.05005
cs.DC 2407.05141
cs.DC 2407.05689
cs.DC 2407.05800
cs.DC 2407.05930
cs.DC 2407.05125
cs.DC 2407.05276
cs.DC 2407.05280
cs.DC 2407.05337
cs.DC 2407.05445
cs.DC 2407.05467
cs.DC 2407.05506
cs.DC 2407.05678
cs.DC 2407.05817
cs.DC 2407.05850
cs.DC 2407.06299
cs.DC 2407.06325
cs.DC 2407.06346
cs.DC 2407.06738
cs.DC 2407.07000
cs.DC 2407.06399
cs.DC 2407.06434
cs.DC 2407.06754
cs.DC 2407.06882
cs.DC 2407.06953
cs.DC 2407.07308
cs.DC 2407.07421
cs.DC 2407.07737
cs.DC 2407.07852
cs.DC 2407.07124
cs.DC 2407.07476
cs.DC 2407.07718
cs.DC 2407.07850
cs.DC 2407.08092
cs.DC 2407.08284
cs.DC 2407.08337
cs.DC 2407.08651
cs.DC 2407.08700
cs.DC 2407.07899
cs.DC 2407.08543
cs.DC 2407.08584
cs.DC 2407.08652
cs.DC 2407.08694
cs.CL 2407.03340
cs.CL 2407.03387
cs.CL 2407.03418
cs.CL 2407.03470
cs.CL 2407.03473
cs.CL 2407.03495
cs.CL 2407.03551
cs.CL 2407.03563
cs.CL 2407.03618
cs.CL 2407.03720
cs.CL 2407.03788
cs.CL 2407.03876
cs.CL 2407.03941
cs.CL 2407.03956
cs.CL 2407.04106
cs.CL 2407.04181
cs.CL 2407.04295
cs.CL 2407.04411
cs.CL 2407.04467
cs.CL 2407.04472
cs.CL 2407.04482
cs.CL 2407.04573
cs.CL 2407.04601
cs.CL 2407.04620
cs.CL 2407.04641
cs.CL 2407.04652
cs.CL 2407.04680
cs.CL 2407.04681
cs.CL 2407.04690
cs.CL 2407.03456
cs.CL 2407.03460
cs.CL 2407.03518
cs.CL 2407.03525
cs.CL 2407.03536
cs.CL 2407.03545
cs.CL 2407.03572
cs.CL 2407.03582
cs.CL 2407.03585
cs.CL 2407.03600
cs.CL 2407.03604
cs.CL 2407.03615
cs.CL 2407.03621
cs.CL 2407.03624
cs.CL 2407.03627
cs.CL 2407.03645
cs.CL 2407.03646
cs.CL 2407.03651
cs.CL 2407.03658
cs.CL 2407.03678
cs.CL 2407.03687
cs.CL 2407.03689
cs.CL 2407.03718
cs.CL 2407.03734
cs.CL 2407.03748
cs.CL 2407.03770
cs.CL 2407.03779
cs.CL 2407.03791
cs.CL 2407.03805
cs.CL 2407.03809
cs.CL 2407.03818
cs.CL 2407.03841
cs.CL 2407.03850
cs.CL 2407.03859
cs.CL 2407.03861
cs.CL 2407.03884
cs.CL 2407.03895
cs.CL 2407.03916
cs.CL 2407.03937
cs.CL 2407.03952
cs.CL 2407.03955
cs.CL 2407.03958
cs.CL 2407.03963
cs.CL 2407.03964
cs.CL 2407.03967
cs.CL 2407.03974
cs.CL 2407.03978
cs.CL 2407.03993
cs.CL 2407.03994
cs.CL 2407.04010
cs.CL 2407.04020
cs.CL 2407.04046
cs.CL 2407.04047
cs.CL 2407.04050
cs.CL 2407.04067
cs.CL 2407.04069
cs.CL 2407.04078
cs.CL 2407.04079
cs.CL 2407.04093
cs.CL 2407.04105
cs.CL 2407.04118
cs.CL 2407.04121
cs.CL 2407.04125
cs.CL 2407.04130
cs.CL 2407.04151
cs.CL 2407.04158
cs.CL 2407.04179
cs.CL 2407.04183
cs.CL 2407.04185
cs.CL 2407.04247
cs.CL 2407.04251
cs.CL 2407.04279
cs.CL 2407.04280
cs.CL 2407.04293
cs.CL 2407.04307
cs.CL 2407.04368
cs.CL 2407.04434
cs.CL 2407.04444
cs.CL 2407.04459
cs.CL 2407.04466
cs.CL 2407.04485
cs.CL 2407.04528
cs.CL 2407.04533
cs.CL 2407.04541
cs.CL 2407.04543
cs.CL 2407.04549
cs.CL 2407.04559
cs.CL 2407.04593
cs.CL 2407.04615
cs.CL 2407.04629
cs.CL 2407.04693
cs.CL 2407.04694
cs.CL 2407.04794
cs.CL 2407.04842
cs.CL 2407.04899
cs.CL 2407.04923
cs.CL 2407.04973
cs.CL 2407.04990
cs.CL 2407.05000
cs.CL 2407.05100
cs.CL 2407.05131
cs.CL 2407.05134
cs.CL 2407.05175
cs.CL 2407.05244
cs.CL 2407.05355
cs.CL 2407.05361
cs.CL 2407.05413
cs.CL 2407.05464
cs.CL 2407.05474
cs.CL 2407.05591
cs.CL 2407.05608
cs.CL 2407.05656
cs.CL 2407.05674
cs.CL 2407.05694
cs.CL 2407.05890
cs.CL 2407.05952
cs.CL 2407.05965
cs.CL 2407.06115
cs.CL 2407.06153
cs.CL 2407.06172
cs.CL 2407.06177
cs.CL 2407.06192
cs.CL 2407.04721
cs.CL 2407.04787
cs.CL 2407.04796
cs.CL 2407.04801
cs.CL 2407.04841
cs.CL 2407.04854
cs.CL 2407.04855
cs.CL 2407.04858
cs.CL 2407.04885
cs.CL 2407.04903
cs.CL 2407.04910
cs.CL 2407.04952
cs.CL 2407.04965
cs.CL 2407.04969
cs.CL 2407.04981
cs.CL 2407.05006
cs.CL 2407.05013
cs.CL 2407.05015
cs.CL 2407.05022
cs.CL 2407.05036
cs.CL 2407.05054
cs.CL 2407.05092
cs.CL 2407.05116
cs.CL 2407.05154
cs.CL 2407.05189
cs.CL 2407.05213
cs.CL 2407.05216
cs.CL 2407.05219
cs.CL 2407.05233
cs.CL 2407.05250
cs.CL 2407.05271
cs.CL 2407.05319
cs.CL 2407.05327
cs.CL 2407.05374
cs.CL 2407.05399
cs.CL 2407.05404
cs.CL 2407.05434
cs.CL 2407.05449
cs.CL 2407.05463
cs.CL 2407.05480
cs.CL 2407.05483
cs.CL 2407.05489
cs.CL 2407.05502
cs.CL 2407.05563
cs.CL 2407.05599
cs.CL 2407.05609
cs.CL 2407.05627
cs.CL 2407.05682
cs.CL 2407.05690
cs.CL 2407.05700
cs.CL 2407.05718
cs.CL 2407.05721
cs.CL 2407.05733
cs.CL 2407.05734
cs.CL 2407.05740
cs.CL 2407.05750
cs.CL 2407.05778
cs.CL 2407.05786
cs.CL 2407.05841
cs.CL 2407.05868
cs.CL 2407.05887
cs.CL 2407.05925
cs.CL 2407.05975
cs.CL 2407.06004
cs.CL 2407.06011
cs.CL 2407.06023
cs.CL 2407.06027
cs.CL 2407.06041
cs.CL 2407.06048
cs.CL 2407.06057
cs.CL 2407.06071
cs.CL 2407.06089
cs.CL 2407.06098
cs.CL 2407.06112
cs.CL 2407.06135
cs.CL 2407.06146
cs.CL 2407.06194
cs.CL 2407.06204
cs.CL 2407.06205
cs.CL 2407.06245
cs.CL 2407.06304
cs.CL 2407.06324
cs.CL 2407.06411
cs.CL 2407.06422
cs.CL 2407.06438
cs.CL 2407.06483
cs.CL 2407.06501
cs.CL 2407.06533
cs.CL 2407.06549
cs.CL 2407.06606
cs.CL 2407.06645
cs.CL 2407.06800
cs.CL 2407.06950
cs.CL 2407.06955
cs.CL 2407.06957
cs.CL 2407.06992
cs.CL 2407.07000
cs.CL 2407.07018
cs.CL 2407.07026
cs.CL 2407.06230
cs.CL 2407.06249
cs.CL 2407.06292
cs.CL 2407.06314
cs.CL 2407.06323
cs.CL 2407.06331
cs.CL 2407.06349
cs.CL 2407.06380
cs.CL 2407.06426
cs.CL 2407.06432
cs.CL 2407.06460
cs.CL 2407.06479
cs.CL 2407.06488
cs.CL 2407.06537
cs.CL 2407.06538
cs.CL 2407.06542
cs.CL 2407.06547
cs.CL 2407.06551
cs.CL 2407.06564
cs.CL 2407.06567
cs.CL 2407.06576
cs.CL 2407.06579
cs.CL 2407.06650
cs.CL 2407.06654
cs.CL 2407.06677
cs.CL 2407.06699
cs.CL 2407.06779
cs.CL 2407.06851
cs.CL 2407.06866
cs.CL 2407.06893
cs.CL 2407.06908
cs.CL 2407.06917
cs.CL 2407.06941
cs.CL 2407.06946
cs.CL 2407.06990
cs.CL 2407.07004
cs.CL 2407.07011
cs.CL 2407.07019
cs.CL 2407.07035
cs.CL 2407.07038
cs.CL 2407.07061
cs.CL 2407.07071
cs.CL 2407.07080
cs.CL 2407.07087
cs.CL 2407.07093
cs.CL 2407.07094
cs.CL 2407.07225
cs.CL 2407.07275
cs.CL 2407.07325
cs.CL 2407.07457
cs.CL 2407.07612
cs.CL 2407.07683
cs.CL 2407.07726
cs.CL 2407.07737
cs.CL 2407.07796
cs.CL 2407.07801
cs.CL 2407.07802
cs.CL 2407.07810
cs.CL 2407.07840
cs.CL 2407.07858
cs.CL 2407.07875
cs.CL 2407.07880
cs.CL 2407.07895
cs.CL 2407.07099
cs.CL 2407.07258
cs.CL 2407.07263
cs.CL 2407.07313
cs.CL 2407.07321
cs.CL 2407.07329
cs.CL 2407.07330
cs.CL 2407.07341
cs.CL 2407.07342
cs.CL 2407.07370
cs.CL 2407.07373
cs.CL 2407.07413
cs.CL 2407.07425
cs.CL 2407.07487
cs.CL 2407.07495
cs.CL 2407.07531
cs.CL 2407.07551
cs.CL 2407.07565
cs.CL 2407.07566
cs.CL 2407.07606
cs.CL 2407.07617
cs.CL 2407.07630
cs.CL 2407.07666
cs.CL 2407.07771
cs.CL 2407.07778
cs.CL 2407.07791
cs.CL 2407.07799
cs.CL 2407.07890
cs.CL 2407.07924
cs.CL 2407.07931
cs.CL 2407.08029
cs.CL 2407.08095
cs.CL 2407.08112
cs.CL 2407.08152
cs.CL 2407.08185
cs.CL 2407.08195
cs.CL 2407.08331
cs.CL 2407.08348
cs.CL 2407.08388
cs.CL 2407.08488
cs.CL 2407.08521
cs.CL 2407.08734
cs.CL 2407.07950
cs.CL 2407.08001
cs.CL 2407.08008
cs.CL 2407.08035
cs.CL 2407.08039
cs.CL 2407.08044
cs.CL 2407.08099
cs.CL 2407.08103
cs.CL 2407.08147
cs.CL 2407.08182
cs.CL 2407.08189
cs.CL 2407.08206
cs.CL 2407.08219
cs.CL 2407.08223
cs.CL 2407.08269
cs.CL 2407.08273
cs.CL 2407.08351
cs.CL 2407.08400
cs.CL 2407.08440
cs.CL 2407.08441
cs.CL 2407.08454
cs.CL 2407.08475
cs.CL 2407.08495
cs.CL 2407.08551
cs.CL 2407.08582
cs.CL 2407.08607
cs.CL 2407.08618
cs.CL 2407.08642
cs.CL 2407.08662
cs.CL 2407.08713
cs.CL 2407.08716
cs.CL 2407.08733
cs.HC 2407.03340
cs.HC 2407.03451
cs.HC 2407.03545
cs.HC 2407.03790
cs.HC 2407.04183
cs.HC 2407.04273
cs.HC 2407.04362
cs.HC 2407.04379
cs.HC 2407.03477
cs.HC 2407.03479
cs.HC 2407.03644
cs.HC 2407.03735
cs.HC 2407.03808
cs.HC 2407.03865
cs.HC 2407.04070
cs.HC 2407.04352
cs.HC 2407.04418
cs.HC 2407.04610
cs.HC 2407.04710
cs.HC 2407.04925
cs.HC 2407.04997
cs.HC 2407.05025
cs.HC 2407.05206
cs.HC 2407.05749
cs.HC 2407.05810
cs.HC 2407.05870
cs.HC 2407.06129
cs.HC 2407.04892
cs.HC 2407.04915
cs.HC 2407.05003
cs.HC 2407.05016
cs.HC 2407.05032
cs.HC 2407.05079
cs.HC 2407.05203
cs.HC 2407.05427
cs.HC 2407.05446
cs.HC 2407.05450
cs.HC 2407.05504
cs.HC 2407.05550
cs.HC 2407.05584
cs.HC 2407.05655
cs.HC 2407.05803
cs.HC 2407.05833
cs.HC 2407.05874
cs.HC 2407.05977
cs.HC 2407.06123
cs.HC 2407.06125
cs.HC 2407.06310
cs.HC 2407.06631
cs.HC 2407.06720
cs.HC 2407.06902
cs.HC 2407.06972
cs.HC 2407.07040
cs.HC 2407.06345
cs.HC 2407.06404
cs.HC 2407.06436
cs.HC 2407.06441
cs.HC 2407.06498
cs.HC 2407.06505
cs.HC 2407.06798
cs.HC 2407.06846
cs.HC 2407.06901
cs.HC 2407.06967
cs.HC 2407.07015
cs.HC 2407.07400
cs.HC 2407.07595
cs.HC 2407.07636
cs.HC 2407.07196
cs.HC 2407.07367
cs.HC 2407.07393
cs.HC 2407.07653
cs.HC 2407.07672
cs.HC 2407.07683
cs.HC 2407.07698
cs.HC 2407.07732
cs.HC 2407.07786
cs.HC 2407.07950
cs.HC 2407.07992
cs.HC 2407.08081
cs.HC 2407.08088
cs.HC 2407.08219
cs.HC 2407.08554
cs.HC 2407.08011
cs.HC 2407.08067
cs.HC 2407.08095
cs.HC 2407.08143
cs.HC 2407.08174
cs.HC 2407.08240
cs.HC 2407.08287
cs.HC 2407.08474
cs.HC 2407.08501
cs.CV 2407.03335
cs.CV 2407.03348
cs.CV 2407.03418
cs.CV 2407.03542
cs.CV 2407.03575
cs.CV 2407.03604
cs.CV 2407.03605
cs.CV 2407.03640
cs.CV 2407.03655
cs.CV 2407.03681
cs.CV 2407.03736
cs.CV 2407.03772
cs.CV 2407.03794
cs.CV 2407.03863
cs.CV 2407.03921
cs.CV 2407.03931
cs.CV 2407.03958
cs.CV 2407.03990
cs.CV 2407.04086
cs.CV 2407.04106
cs.CV 2407.04119
cs.CV 2407.04149
cs.CV 2407.04162
cs.CV 2407.04247
cs.CV 2407.04258
cs.CV 2407.04353
cs.CV 2407.04400
cs.CV 2407.04507
cs.CV 2407.04542
cs.CV 2407.04559
cs.CV 2407.04587
cs.CV 2407.04683
cs.CV 2407.04687
cs.CV 2407.04689
cs.CV 2407.03330
cs.CV 2407.03331
cs.CV 2407.03332
cs.CV 2407.03386
cs.CV 2407.03425
cs.CV 2407.03439
cs.CV 2407.03442
cs.CV 2407.03463
cs.CV 2407.03471
cs.CV 2407.03482
cs.CV 2407.03486
cs.CV 2407.03489
cs.CV 2407.03498
cs.CV 2407.03535
cs.CV 2407.03540
cs.CV 2407.03548
cs.CV 2407.03549
cs.CV 2407.03550
cs.CV 2407.03552
cs.CV 2407.03588
cs.CV 2407.03594
cs.CV 2407.03596
cs.CV 2407.03598
cs.CV 2407.03610
cs.CV 2407.03623
cs.CV 2407.03630
cs.CV 2407.03632
cs.CV 2407.03634
cs.CV 2407.03635
cs.CV 2407.03636
cs.CV 2407.03653
cs.CV 2407.03663
cs.CV 2407.03695
cs.CV 2407.03699
cs.CV 2407.03719
cs.CV 2407.03755
cs.CV 2407.03757
cs.CV 2407.03771
cs.CV 2407.03786
cs.CV 2407.03788
cs.CV 2407.03813
cs.CV 2407.03817
cs.CV 2407.03825
cs.CV 2407.03830
cs.CV 2407.03835
cs.CV 2407.03836
cs.CV 2407.03842
cs.CV 2407.03857
cs.CV 2407.03872
cs.CV 2407.03885
cs.CV 2407.03886
cs.CV 2407.03893
cs.CV 2407.03900
cs.CV 2407.03901
cs.CV 2407.03917
cs.CV 2407.03919
cs.CV 2407.03922
cs.CV 2407.03923
cs.CV 2407.03939
cs.CV 2407.03946
cs.CV 2407.03961
cs.CV 2407.03971
cs.CV 2407.04003
cs.CV 2407.04016
cs.CV 2407.04022
cs.CV 2407.04024
cs.CV 2407.04036
cs.CV 2407.04041
cs.CV 2407.04049
cs.CV 2407.04061
cs.CV 2407.04066
cs.CV 2407.04068
cs.CV 2407.04085
cs.CV 2407.04092
cs.CV 2407.04100
cs.CV 2407.04103
cs.CV 2407.04127
cs.CV 2407.04169
cs.CV 2407.04170
cs.CV 2407.04180
cs.CV 2407.04184
cs.CV 2407.04190
cs.CV 2407.04191
cs.CV 2407.04203
cs.CV 2407.04207
cs.CV 2407.04208
cs.CV 2407.04215
cs.CV 2407.04218
cs.CV 2407.04230
cs.CV 2407.04231
cs.CV 2407.04237
cs.CV 2407.04241
cs.CV 2407.04242
cs.CV 2407.04243
cs.CV 2407.04245
cs.CV 2407.04249
cs.CV 2407.04255
cs.CV 2407.04260
cs.CV 2407.04265
cs.CV 2407.04271
cs.CV 2407.04274
cs.CV 2407.04277
cs.CV 2407.04287
cs.CV 2407.04305
cs.CV 2407.04308
cs.CV 2407.04326
cs.CV 2407.04327
cs.CV 2407.04334
cs.CV 2407.04345
cs.CV 2407.04346
cs.CV 2407.04355
cs.CV 2407.04360
cs.CV 2407.04362
cs.CV 2407.04369
cs.CV 2407.04381
cs.CV 2407.04382
cs.CV 2407.04384
cs.CV 2407.04396
cs.CV 2407.04449
cs.CV 2407.04458
cs.CV 2407.04461
cs.CV 2407.04476
cs.CV 2407.04484
cs.CV 2407.04489
cs.CV 2407.04490
cs.CV 2407.04504
cs.CV 2407.04505
cs.CV 2407.04513
cs.CV 2407.04519
cs.CV 2407.04538
cs.CV 2407.04545
cs.CV 2407.04560
cs.CV 2407.04590
cs.CV 2407.04592
cs.CV 2407.04597
cs.CV 2407.04603
cs.CV 2407.04604
cs.CV 2407.04616
cs.CV 2407.04619
cs.CV 2407.04621
cs.CV 2407.04638
cs.CV 2407.04651
cs.CV 2407.04663
cs.CV 2407.04676
cs.CV 2407.04681
cs.CV 2407.04688
cs.CV 2407.04697
cs.CV 2407.04699
cs.CV 2407.04709
cs.CV 2407.04808
cs.CV 2407.04816
cs.CV 2407.04819
cs.CV 2407.04871
cs.CV 2407.04888
cs.CV 2407.04903
cs.CV 2407.04939
cs.CV 2407.04940
cs.CV 2407.04952
cs.CV 2407.04958
cs.CV 2407.04973
cs.CV 2407.04996
cs.CV 2407.05059
cs.CV 2407.05082
cs.CV 2407.05087
cs.CV 2407.05088
cs.CV 2407.05131
cs.CV 2407.05163
cs.CV 2407.05246
cs.CV 2407.05259
cs.CV 2407.05268
cs.CV 2407.05374
cs.CV 2407.05385
cs.CV 2407.05417
cs.CV 2407.05428
cs.CV 2407.05440
cs.CV 2407.05505
cs.CV 2407.05530
cs.CV 2407.05683
cs.CV 2407.05687
cs.CV 2407.05709
cs.CV 2407.05735
cs.CV 2407.05736
cs.CV 2407.05758
cs.CV 2407.05761
cs.CV 2407.05767
cs.CV 2407.05782
cs.CV 2407.05796
cs.CV 2407.05800
cs.CV 2407.05892
cs.CV 2407.05941
cs.CV 2407.05973
cs.CV 2407.05982
cs.CV 2407.06064
cs.CV 2407.06077
cs.CV 2407.06087
cs.CV 2407.06101
cs.CV 2407.06116
cs.CV 2407.06124
cs.CV 2407.06135
cs.CV 2407.06168
cs.CV 2407.06169
cs.CV 2407.04708
cs.CV 2407.04710
cs.CV 2407.04711
cs.CV 2407.04712
cs.CV 2407.04797
cs.CV 2407.04800
cs.CV 2407.04815
cs.CV 2407.04833
cs.CV 2407.04842
cs.CV 2407.04844
cs.CV 2407.04859
cs.CV 2407.04866
cs.CV 2407.04908
cs.CV 2407.04911
cs.CV 2407.04916
cs.CV 2407.04920
cs.CV 2407.04921
cs.CV 2407.04923
cs.CV 2407.04926
cs.CV 2407.04928
cs.CV 2407.04938
cs.CV 2407.04943
cs.CV 2407.04947
cs.CV 2407.04948
cs.CV 2407.04953
cs.CV 2407.04955
cs.CV 2407.04963
cs.CV 2407.04986
cs.CV 2407.04994
cs.CV 2407.04998
cs.CV 2407.05007
cs.CV 2407.05008
cs.CV 2407.05010
cs.CV 2407.05021
cs.CV 2407.05023
cs.CV 2407.05045
cs.CV 2407.05061
cs.CV 2407.05100
cs.CV 2407.05106
cs.CV 2407.05118
cs.CV 2407.05119
cs.CV 2407.05128
cs.CV 2407.05169
cs.CV 2407.05180
cs.CV 2407.05183
cs.CV 2407.05193
cs.CV 2407.05206
cs.CV 2407.05209
cs.CV 2407.05218
cs.CV 2407.05235
cs.CV 2407.05238
cs.CV 2407.05248
cs.CV 2407.05254
cs.CV 2407.05255
cs.CV 2407.05256
cs.CV 2407.05257
cs.CV 2407.05266
cs.CV 2407.05267
cs.CV 2407.05278
cs.CV 2407.05279
cs.CV 2407.05282
cs.CV 2407.05283
cs.CV 2407.05311
cs.CV 2407.05312
cs.CV 2407.05316
cs.CV 2407.05323
cs.CV 2407.05324
cs.CV 2407.05340
cs.CV 2407.05342
cs.CV 2407.05352
cs.CV 2407.05355
cs.CV 2407.05357
cs.CV 2407.05358
cs.CV 2407.05363
cs.CV 2407.05382
cs.CV 2407.05383
cs.CV 2407.05388
cs.CV 2407.05389
cs.CV 2407.05412
cs.CV 2407.05415
cs.CV 2407.05416
cs.CV 2407.05418
cs.CV 2407.05419
cs.CV 2407.05448
cs.CV 2407.05452
cs.CV 2407.05469
cs.CV 2407.05518
cs.CV 2407.05527
cs.CV 2407.05528
cs.CV 2407.05540
cs.CV 2407.05546
cs.CV 2407.05547
cs.CV 2407.05551
cs.CV 2407.05552
cs.CV 2407.05553
cs.CV 2407.05554
cs.CV 2407.05562
cs.CV 2407.05566
cs.CV 2407.05573
cs.CV 2407.05575
cs.CV 2407.05576
cs.CV 2407.05577
cs.CV 2407.05578
cs.CV 2407.05586
cs.CV 2407.05592
cs.CV 2407.05594
cs.CV 2407.05597
cs.CV 2407.05600
cs.CV 2407.05603
cs.CV 2407.05607
cs.CV 2407.05610
cs.CV 2407.05615
cs.CV 2407.05616
cs.CV 2407.05623
cs.CV 2407.05638
cs.CV 2407.05645
cs.CV 2407.05647
cs.CV 2407.05650
cs.CV 2407.05657
cs.CV 2407.05666
cs.CV 2407.05671
cs.CV 2407.05679
cs.CV 2407.05680
cs.CV 2407.05688
cs.CV 2407.05703
cs.CV 2407.05712
cs.CV 2407.05713
cs.CV 2407.05726
cs.CV 2407.05765
cs.CV 2407.05769
cs.CV 2407.05771
cs.CV 2407.05795
cs.CV 2407.05811
cs.CV 2407.05814
cs.CV 2407.05842
cs.CV 2407.05843
cs.CV 2407.05844
cs.CV 2407.05848
cs.CV 2407.05862
cs.CV 2407.05875
cs.CV 2407.05878
cs.CV 2407.05897
cs.CV 2407.05909
cs.CV 2407.05910
cs.CV 2407.05913
cs.CV 2407.05916
cs.CV 2407.05921
cs.CV 2407.05924
cs.CV 2407.05965
cs.CV 2407.05967
cs.CV 2407.05969
cs.CV 2407.05980
cs.CV 2407.05983
cs.CV 2407.05986
cs.CV 2407.05993
cs.CV 2407.06000
cs.CV 2407.06001
cs.CV 2407.06005
cs.CV 2407.06016
cs.CV 2407.06018
cs.CV 2407.06043
cs.CV 2407.06045
cs.CV 2407.06059
cs.CV 2407.06076
cs.CV 2407.06079
cs.CV 2407.06084
cs.CV 2407.06092
cs.CV 2407.06095
cs.CV 2407.06096
cs.CV 2407.06107
cs.CV 2407.06109
cs.CV 2407.06110
cs.CV 2407.06113
cs.CV 2407.06114
cs.CV 2407.06115
cs.CV 2407.06127
cs.CV 2407.06128
cs.CV 2407.06133
cs.CV 2407.06136
cs.CV 2407.06137
cs.CV 2407.06141
cs.CV 2407.06150
cs.CV 2407.06157
cs.CV 2407.06159
cs.CV 2407.06162
cs.CV 2407.06164
cs.CV 2407.06165
cs.CV 2407.06167
cs.CV 2407.06170
cs.CV 2407.06174
cs.CV 2407.06176
cs.CV 2407.06177
cs.CV 2407.06178
cs.CV 2407.06182
cs.CV 2407.06187
cs.CV 2407.06188
cs.CV 2407.06189
cs.CV 2407.06190
cs.CV 2407.06191
cs.CV 2407.06192
cs.CV 2302.06555
cs.CV 2407.06206
cs.CV 2407.06286
cs.CV 2407.06317
cs.CV 2407.06322
cs.CV 2407.06372
cs.CV 2407.06416
cs.CV 2407.06508
cs.CV 2407.06514
cs.CV 2407.06525
cs.CV 2407.06552
cs.CV 2407.06581
cs.CV 2407.06608
cs.CV 2407.06612
cs.CV 2407.06614
cs.CV 2407.06633
cs.CV 2407.06648
cs.CV 2407.06683
cs.CV 2407.06686
cs.CV 2407.06709
cs.CV 2407.06727
cs.CV 2407.06740
cs.CV 2407.06833
cs.CV 2407.06838
cs.CV 2407.06889
cs.CV 2407.06939
cs.CV 2407.06979
cs.CV 2407.07035
cs.CV 2407.07046
cs.CV 2407.07052
cs.CV 2407.07066
cs.CV 2407.07074
cs.CV 2407.07076
cs.CV 2407.07090
cs.CV 2407.06194
cs.CV 2407.06196
cs.CV 2407.06247
cs.CV 2407.06250
cs.CV 2407.06297
cs.CV 2407.06298
cs.CV 2407.06303
cs.CV 2407.06304
cs.CV 2407.06305
cs.CV 2407.06315
cs.CV 2407.06326
cs.CV 2407.06337
cs.CV 2407.06339
cs.CV 2407.06354
cs.CV 2407.06358
cs.CV 2407.06363
cs.CV 2407.06397
cs.CV 2407.06438
cs.CV 2407.06450
cs.CV 2407.06464
cs.CV 2407.06468
cs.CV 2407.06469
cs.CV 2407.06491
cs.CV 2407.06504
cs.CV 2407.06512
cs.CV 2407.06513
cs.CV 2407.06516
cs.CV 2407.06531
cs.CV 2407.06540
cs.CV 2407.06546
cs.CV 2407.06566
cs.CV 2407.06570
cs.CV 2407.06585
cs.CV 2407.06600
cs.CV 2407.06606
cs.CV 2407.06611
cs.CV 2407.06613
cs.CV 2407.06617
cs.CV 2407.06628
cs.CV 2407.06635
cs.CV 2407.06642
cs.CV 2407.06653
cs.CV 2407.06673
cs.CV 2407.06688
cs.CV 2407.06692
cs.CV 2407.06698
cs.CV 2407.06704
cs.CV 2407.06714
cs.CV 2407.06723
cs.CV 2407.06730
cs.CV 2407.06780
cs.CV 2407.06794
cs.CV 2407.06795
cs.CV 2407.06817
cs.CV 2407.06839
cs.CV 2407.06841
cs.CV 2407.06842
cs.CV 2407.06844
cs.CV 2407.06852
cs.CV 2407.06861
cs.CV 2407.06863
cs.CV 2407.06871
cs.CV 2407.06886
cs.CV 2407.06937
cs.CV 2407.06938
cs.CV 2407.06958
cs.CV 2407.06964
cs.CV 2407.06984
cs.CV 2407.06991
cs.CV 2407.07003
cs.CV 2407.07024
cs.CV 2407.07026
cs.CV 2407.07041
cs.CV 2407.07042
cs.CV 2407.07053
cs.CV 2407.07056
cs.CV 2407.07077
cs.CV 2407.07078
cs.CV 2407.07092
cs.CV 2407.07133
cs.CV 2407.07135
cs.CV 2407.07254
cs.CV 2407.07295
cs.CV 2407.07296
cs.CV 2407.07302
cs.CV 2407.07311
cs.CV 2407.07372
cs.CV 2407.07392
cs.CV 2407.07464
cs.CV 2407.07510
cs.CV 2407.07514
cs.CV 2407.07516
cs.CV 2407.07517
cs.CV 2407.07530
cs.CV 2407.07539
cs.CV 2407.07557
cs.CV 2407.07633
cs.CV 2407.07664
cs.CV 2407.07720
cs.CV 2407.07755
cs.CV 2407.07771
cs.CV 2407.07787
cs.CV 2407.07788
cs.CV 2407.07825
cs.CV 2407.07829
cs.CV 2407.07868
cs.CV 2407.07875
cs.CV 2407.07889
cs.CV 2407.07111
cs.CV 2407.07171
cs.CV 2407.07174
cs.CV 2407.07176
cs.CV 2407.07186
cs.CV 2407.07197
cs.CV 2407.07220
cs.CV 2407.07221
cs.CV 2407.07249
cs.CV 2407.07268
cs.CV 2407.07276
cs.CV 2407.07284
cs.CV 2407.07289
cs.CV 2407.07307
cs.CV 2407.07315
cs.CV 2407.07324
cs.CV 2407.07325
cs.CV 2407.07331
cs.CV 2407.07340
cs.CV 2407.07345
cs.CV 2407.07347
cs.CV 2407.07351
cs.CV 2407.07356
cs.CV 2407.07360
cs.CV 2407.07365
cs.CV 2407.07374
cs.CV 2407.07389
cs.CV 2407.07395
cs.CV 2407.07402
cs.CV 2407.07403
cs.CV 2407.07406
cs.CV 2407.07410
cs.CV 2407.07412
cs.CV 2407.07427
cs.CV 2407.07433
cs.CV 2407.07441
cs.CV 2407.07461
cs.CV 2407.07462
cs.CV 2407.07465
cs.CV 2407.07468
cs.CV 2407.07478
cs.CV 2407.07479
cs.CV 2407.07485
cs.CV 2407.07488
cs.CV 2407.07492
cs.CV 2407.07493
cs.CV 2407.07494
cs.CV 2407.07503
cs.CV 2407.07504
cs.CV 2407.07518
cs.CV 2407.07520
cs.CV 2407.07523
cs.CV 2407.07525
cs.CV 2407.07532
cs.CV 2407.07536
cs.CV 2407.07541
cs.CV 2407.07544
cs.CV 2407.07564
cs.CV 2407.07577
cs.CV 2407.07580
cs.CV 2407.07582
cs.CV 2407.07586
cs.CV 2407.07587
cs.CV 2407.07603
cs.CV 2407.07604
cs.CV 2407.07605
cs.CV 2407.07614
cs.CV 2407.07616
cs.CV 2407.07627
cs.CV 2407.07638
cs.CV 2407.07660
cs.CV 2407.07662
cs.CV 2407.07667
cs.CV 2407.07673
cs.CV 2407.07726
cs.CV 2407.07735
cs.CV 2407.07740
cs.CV 2407.07760
cs.CV 2407.07763
cs.CV 2407.07764
cs.CV 2407.07780
cs.CV 2407.07789
cs.CV 2407.07805
cs.CV 2407.07816
cs.CV 2407.07835
cs.CV 2407.07840
cs.CV 2407.07841
cs.CV 2407.07842
cs.CV 2407.07844
cs.CV 2407.07853
cs.CV 2407.07860
cs.CV 2407.07895
cs.CV 2407.07917
cs.CV 2407.08093
cs.CV 2407.08126
cs.CV 2407.08130
cs.CV 2407.08165
cs.CV 2407.08167
cs.CV 2407.08216
cs.CV 2407.08245
cs.CV 2407.08252
cs.CV 2407.08256
cs.CV 2407.08347
cs.CV 2407.08366
cs.CV 2407.08384
cs.CV 2407.08403
cs.CV 2407.08418
cs.CV 2407.08448
cs.CV 2407.08466
cs.CV 2407.08481
cs.CV 2407.08503
cs.CV 2407.08509
cs.CV 2407.08520
cs.CV 2407.08528
cs.CV 2407.08545
cs.CV 2407.08555
cs.CV 2407.08583
cs.CV 2407.08609
cs.CV 2407.08625
cs.CV 2407.08650
cs.CV 2407.08659
cs.CV 2407.08704
cs.CV 2407.08722
cs.CV 2407.07958
cs.CV 2407.07995
cs.CV 2407.07999
cs.CV 2407.08019
cs.CV 2407.08020
cs.CV 2407.08023
cs.CV 2407.08027
cs.CV 2407.08041
cs.CV 2407.08049
cs.CV 2407.08061
cs.CV 2407.08083
cs.CV 2407.08101
cs.CV 2407.08109
cs.CV 2407.08113
cs.CV 2407.08114
cs.CV 2407.08127
cs.CV 2407.08132
cs.CV 2407.08133
cs.CV 2407.08134
cs.CV 2407.08136
cs.CV 2407.08137
cs.CV 2407.08148
cs.CV 2407.08149
cs.CV 2407.08150
cs.CV 2407.08151
cs.CV 2407.08153
cs.CV 2407.08156
cs.CV 2407.08162
cs.CV 2407.08187
cs.CV 2407.08199
cs.CV 2407.08200
cs.CV 2407.08209
cs.CV 2407.08221
cs.CV 2407.08231
cs.CV 2407.08243
cs.CV 2407.08244
cs.CV 2407.08255
cs.CV 2407.08257
cs.CV 2407.08260
cs.CV 2407.08265
cs.CV 2407.08268
cs.CV 2407.08272
cs.CV 2407.08277
cs.CV 2407.08280
cs.CV 2407.08290
cs.CV 2407.08298
cs.CV 2407.08303
cs.CV 2407.08333
cs.CV 2407.08341
cs.CV 2407.08349
cs.CV 2407.08356
cs.CV 2407.08364
cs.CV 2407.08374
cs.CV 2407.08377
cs.CV 2407.08380
cs.CV 2407.08394
cs.CV 2407.08395
cs.CV 2407.08411
cs.CV 2407.08414
cs.CV 2407.08428
cs.CV 2407.08443
cs.CV 2407.08447
cs.CV 2407.08457
cs.CV 2407.08460
cs.CV 2407.08470
cs.CV 2407.08476
cs.CV 2407.08484
cs.CV 2407.08489
cs.CV 2407.08498
cs.CV 2407.08507
cs.CV 2407.08513
cs.CV 2407.08514
cs.CV 2407.08515
cs.CV 2407.08517
cs.CV 2407.08521
cs.CV 2407.08526
cs.CV 2407.08536
cs.CV 2407.08546
cs.CV 2407.08561
cs.CV 2407.08567
cs.CV 2407.08569
cs.CV 2407.08572
cs.CV 2407.08634
cs.CV 2407.08640
cs.CV 2407.08648
cs.CV 2407.08669
cs.CV 2407.08672
cs.CV 2407.08674
cs.CV 2407.08680
cs.CV 2407.08683
cs.CV 2407.08701
cs.CV 2407.08706
cs.CV 2407.08707
cs.CV 2407.08711
cs.CV 2407.08717
cs.CV 2407.08725
cs.CV 2407.08726
cs.CV 2407.08729
cs.CV 2407.08737
cs.CV 2407.08739
cs.IR 2406.10251
cs.IR 2407.03568
cs.IR 2407.04217
cs.IR 2407.04528
cs.IR 2407.03580
cs.IR 2407.03618
cs.IR 2407.03650
cs.IR 2407.03665
cs.IR 2407.03720
cs.IR 2407.04018
cs.IR 2407.04472
cs.IR 2407.04573
cs.IR 2407.04577
cs.IR 2407.05161
cs.IR 2407.05419
cs.IR 2407.05427
cs.IR 2407.05502
cs.IR 2407.05627
cs.IR 2407.06060
cs.IR 2407.06083
cs.IR 2407.06178
cs.IR 2407.04925
cs.IR 2407.04960
cs.IR 2407.05033
cs.IR 2407.05126
cs.IR 2407.05221
cs.IR 2407.05335
cs.IR 2407.05360
cs.IR 2407.05420
cs.IR 2407.05441
cs.IR 2407.05836
cs.IR 2407.06298
cs.IR 2407.06740
cs.IR 2407.07004
cs.IR 2407.06549
cs.IR 2407.06685
cs.IR 2407.06716
cs.IR 2407.06910
cs.IR 2407.06992
cs.IR 2407.07503
cs.IR 2407.07181
cs.IR 2407.07550
cs.IR 2407.07790
cs.IR 2407.07871
cs.IR 2407.08001
cs.IR 2407.08008
cs.IR 2407.08035
cs.IR 2407.08227
cs.IR 2407.08571
cs.IR 2407.08647
cs.IR 2407.07912
cs.IR 2407.07913
cs.IR 2407.07914
cs.IR 2407.07923
cs.IR 2407.07925
cs.IR 2407.07931
cs.IR 2407.08108
cs.IR 2407.08275
cs.IR 2407.08334
cs.IR 2407.08692
cs.CC 2407.03638
cs.CC 2407.03652
cs.CC 2407.04037
cs.CC 2407.04618
cs.CC 2407.04626
cs.CC 2407.04632
cs.CC 2407.03073
cs.CC 2407.04988
cs.CC 2407.05805
cs.CC 2407.06012
cs.CC 2407.06290
cs.CC 2407.06872
cs.CC 2407.06801
cs.CC 2407.07051
cs.CC 2307.08056
cs.CC 2407.07310
cs.CC 2407.07641
cs.CC 2407.07754
cs.CC 2407.07246
cs.CC 2407.08385
cs.MA 2407.02518
cs.MA 2407.02613
cs.MA 2407.02491
cs.MA 2407.03180
cs.MA 2407.04503
cs.MA 2407.04608
cs.MA 2407.03956
cs.MA 2407.05763
cs.MA 2407.05132
cs.MA 2407.06296
cs.MA 2407.06394
cs.MA 2407.06426
cs.MA 2407.06454
cs.MA 2407.06541
cs.MA 2407.06813
cs.MA 2407.06886
cs.MA 2407.06328
cs.MA 2407.08164
cs.MA 2407.08195
cs.MA 2407.08550
cs.MA 2407.08590
cs.MA 2407.08021
cs.MA 2407.08254
cs.CR 2407.03470
cs.CR 2407.04151
cs.CR 2407.04169
cs.CR 2407.03391
cs.CR 2407.03451
cs.CR 2407.03453
cs.CR 2407.03466
cs.CR 2407.03496
cs.CR 2407.03506
cs.CR 2407.03510
cs.CR 2407.03511
cs.CR 2407.03543
cs.CR 2407.03729
cs.CR 2407.03732
cs.CR 2407.03745
cs.CR 2407.03876
cs.CR 2407.03883
cs.CR 2407.03949
cs.CR 2407.04009
cs.CR 2407.04011
cs.CR 2407.04084
cs.CR 2407.04086
cs.CR 2407.04108
cs.CR 2407.04213
cs.CR 2407.04294
cs.CR 2407.04295
cs.CR 2407.04297
cs.CR 2407.04350
cs.CR 2407.04411
cs.CR 2407.04442
cs.CR 2407.04536
cs.CR 2407.04551
cs.CR 2407.04595
cs.CR 2407.04751
cs.CR 2407.04783
cs.CR 2407.04884
cs.CR 2407.04898
cs.CR 2407.04945
cs.CR 2407.05446
cs.CR 2407.05633
cs.CR 2407.05639
cs.CR 2407.05775
cs.CR 2407.05965
cs.CR 2407.04732
cs.CR 2407.04757
cs.CR 2407.04794
cs.CR 2407.04836
cs.CR 2407.04861
cs.CR 2407.04880
cs.CR 2407.04906
cs.CR 2407.04959
cs.CR 2407.05034
cs.CR 2407.05064
cs.CR 2407.05067
cs.CR 2407.05112
cs.CR 2407.05194
cs.CR 2407.05290
cs.CR 2407.05318
cs.CR 2407.05396
cs.CR 2407.05766
cs.CR 2407.05943
cs.CR 2407.05948
cs.CR 2407.06014
cs.CR 2407.06040
cs.CR 2407.06082
cs.CR 2407.06411
cs.CR 2407.06496
cs.CR 2407.06751
cs.CR 2407.06760
cs.CR 2407.06855
cs.CR 2407.07064
cs.CR 2407.07066
cs.CR 2407.06221
cs.CR 2407.06348
cs.CR 2407.06552
cs.CR 2407.06648
cs.CR 2407.06753
cs.CR 2407.06758
cs.CR 2407.06759
cs.CR 2407.06778
cs.CR 2407.06838
cs.CR 2407.06853
cs.CR 2407.06911
cs.CR 2407.06942
cs.CR 2407.06955
cs.CR 2407.07054
cs.CR 2407.07221
cs.CR 2407.07237
cs.CR 2407.07262
cs.CR 2407.07361
cs.CR 2407.07421
cs.CR 2407.07656
cs.CR 2407.07662
cs.CR 2407.07737
cs.CR 2407.07765
cs.CR 2407.07166
cs.CR 2407.07205
cs.CR 2407.07292
cs.CR 2407.07308
cs.CR 2407.07339
cs.CR 2407.07444
cs.CR 2407.07456
cs.CR 2407.07510
cs.CR 2407.07704
cs.CR 2407.07710
cs.CR 2407.07766
cs.CR 2407.07908
cs.CR 2407.08537
cs.CR 2407.07916
cs.CR 2407.07917
cs.CR 2407.07918
cs.CR 2407.07921
cs.CR 2407.07922
cs.CR 2407.07926
cs.CR 2407.07966
cs.CR 2407.08152
cs.CR 2407.08159
cs.CR 2407.08185
cs.CR 2407.08282
cs.CR 2407.08284
cs.CR 2407.08311
cs.CR 2407.08406
cs.CR 2407.08422
cs.CR 2407.08529
cs.CR 2407.08532
cs.CR 2407.08535
cs.CR 2407.08651
cs.CR 2407.08663
cs.CR 2407.08708
cs.CE 2407.03333
cs.CE 2407.03356
cs.CE 2407.03384
cs.CE 2407.03781
cs.CE 2407.04206
cs.CE 2407.03631
cs.CE 2407.03826
cs.CE 2407.03924
cs.CE 2407.04031
cs.CE 2407.04157
cs.CE 2407.04438
cs.CE 2407.05346
cs.CE 2407.05701
cs.CE 2407.06099
cs.CE 2407.04716
cs.CE 2407.05175
cs.CE 2407.05242
cs.CE 2407.05247
cs.CE 2407.05293
cs.CE 2407.05684
cs.CE 2407.06151
cs.CE 2407.06345
cs.CE 2407.06533
cs.CE 2407.06849
cs.CE 2407.06893
cs.CE 2407.06293
cs.CE 2407.06492
cs.CE 2407.07273
cs.CE 2407.07295
cs.CE 2407.07346
cs.CE 2407.07611
cs.CE 2407.08692
cs.CE 2407.08154
cs.CE 2407.08664
cs.IT 2407.01658
cs.IT 2407.03973
cs.IT 2407.03322
cs.IT 2407.03555
cs.IT 2407.03566
cs.IT 2407.03606
cs.IT 2407.03741
cs.IT 2407.03776
cs.IT 2407.03785
cs.IT 2407.03854
cs.IT 2407.03898
cs.IT 2407.03899
cs.IT 2407.03926
cs.IT 2407.04006
cs.IT 2407.04193
cs.IT 2407.04415
cs.IT 2407.04582
cs.IT 2402.17666
cs.IT 2407.04783
cs.IT 2407.04819
cs.IT 2407.04944
cs.IT 2407.05029
cs.IT 2407.05328
cs.IT 2407.05627
cs.IT 2407.05802
cs.IT 2407.05845
cs.IT 2407.05873
cs.IT 2407.06042
cs.IT 2407.04951
cs.IT 2407.05155
cs.IT 2407.05192
cs.IT 2407.05249
cs.IT 2407.05260
cs.IT 2407.05289
cs.IT 2407.05487
cs.IT 2407.05517
cs.IT 2407.05544
cs.IT 2407.05630
cs.IT 2407.05636
cs.IT 2407.05643
cs.IT 2407.06013
cs.IT 2407.06050
cs.IT 2407.06081
cs.IT 2407.06132
cs.IT 2407.06195
cs.IT 2407.06208
cs.IT 2407.06528
cs.IT 2407.06583
cs.IT 2407.06982
cs.IT 2407.07029
cs.IT 2407.06446
cs.IT 2407.06521
cs.IT 2407.06591
cs.IT 2407.06691
cs.IT 2407.06767
cs.IT 2407.06772
cs.IT 2407.06868
cs.IT 2407.06894
cs.IT 2407.07458
cs.IT 2407.07689
cs.IT 2407.07710
cs.IT 2407.07754
cs.IT 2407.07299
cs.IT 2407.07314
cs.IT 2407.07332
cs.IT 2407.07434
cs.IT 2407.07436
cs.IT 2407.07699
cs.IT 2407.07702
cs.IT 2407.07705
cs.IT 2407.07707
cs.IT 2407.07708
cs.IT 2407.07715
cs.IT 2407.07719
cs.IT 2407.07721
cs.IT 2407.07723
cs.IT 2407.07739
cs.IT 2407.07742
cs.IT 2407.07744
cs.IT 2407.07745
cs.IT 2407.07753
cs.IT 2407.07773
cs.IT 2407.08571
cs.IT 2407.08587
cs.IT 2407.08592
cs.NI 2407.03729
cs.NI 2407.03759
cs.NI 2407.03804
cs.NI 2407.04213
cs.NI 2407.03426
cs.NI 2407.03490
cs.NI 2407.03756
cs.NI 2407.03799
cs.NI 2407.03814
cs.NI 2407.04077
cs.NI 2407.04174
cs.NI 2407.04344
cs.NI 2407.04398
cs.NI 2407.04542
cs.NI 2407.04561
cs.NI 2407.04594
cs.NI 2407.04733
cs.NI 2407.04734
cs.NI 2407.05048
cs.NI 2407.05064
cs.NI 2407.05197
cs.NI 2407.05239
cs.NI 2407.05963
cs.NI 2407.06085
cs.NI 2407.04845
cs.NI 2407.04977
cs.NI 2407.05027
cs.NI 2407.05211
cs.NI 2407.05347
cs.NI 2407.05436
cs.NI 2407.05571
cs.NI 2407.05754
cs.NI 2407.05802
cs.NI 2407.05901
cs.NI 2407.05915
cs.NI 2407.05989
cs.NI 2407.06142
cs.NI 2407.06518
cs.NI 2407.06598
cs.NI 2407.06631
cs.NI 2407.06245
cs.NI 2407.06392
cs.NI 2407.06623
cs.NI 2407.06637
cs.NI 2407.06702
cs.NI 2407.06705
cs.NI 2407.07245
cs.NI 2407.07575
cs.NI 2407.07708
cs.NI 2407.07721
cs.NI 2407.07739
cs.NI 2407.07742
cs.NI 2407.07337
cs.NI 2407.07361
cs.NI 2407.07475
cs.NI 2407.07669
cs.NI 2407.07686
cs.NI 2407.07713
cs.NI 2407.07747
cs.NI 2407.08185
cs.NI 2407.08458
cs.NI 2407.08462
cs.NI 2407.08479
cs.NI 2407.08587
cs.NI 2407.08592
cs.NI 2407.08249
cs.NI 2407.08537
cs.NI 2407.08621
cs.NI 2407.08710
cs.PF 2407.03385
cs.PF 2407.05805
cs.PF 2407.06134
cs.PF 2407.06894
cs.PF 2407.07287
cs.PF 2407.07812
cs.PF 2407.08700
cs.LO 2407.03638
cs.LO 2407.03685
cs.LO 2407.04037
cs.LO 2407.04063
cs.LO 2407.03847
cs.LO 2407.04116
cs.LO 2407.04535
cs.LO 2407.04988
cs.LO 2407.05410
cs.LO 2407.05191
cs.LO 2407.05208
cs.LO 2407.05715
cs.LO 2407.05822
cs.LO 2407.06106
cs.LO 2407.06181
cs.LO 2407.06924
cs.LO 2407.07088
cs.LO 2407.06214
cs.LO 2407.06391
cs.LO 2407.06447
cs.LO 2407.06624
cs.LO 2407.06625
cs.LO 2407.06626
cs.LO 2407.06627
cs.LO 2407.06809
cs.LO 2407.06864
cs.LO 2407.06887
cs.LO 2407.06952
cs.LO 2407.06956
cs.LO 2407.06968
cs.LO 2407.07006
cs.LO 2407.07083
cs.LO 2407.07570
cs.LO 2407.07584
cs.LO 2407.07759
cs.LO 2407.08179
cs.LO 2407.08060
cs.LO 2407.08258
cs.LO 2407.08688
cs.SE 2403.14293
cs.SE 2407.03374
cs.SE 2407.03883
cs.SE 2407.03949
cs.SE 2407.04268
cs.SE 2407.04359
cs.SE 2407.04536
cs.SE 2407.03387
cs.SE 2407.03469
cs.SE 2407.03472
cs.SE 2407.03611
cs.SE 2407.03625
cs.SE 2407.03790
cs.SE 2407.03880
cs.SE 2407.03891
cs.SE 2407.03914
cs.SE 2407.03941
cs.SE 2407.03965
cs.SE 2407.04017
cs.SE 2407.04065
cs.SE 2407.04144
cs.SE 2407.04147
cs.SE 2407.04159
cs.SE 2407.04250
cs.SE 2407.04263
cs.SE 2407.04499
cs.SE 2407.04563
cs.SE 2407.04596
cs.SE 2407.04650
cs.SE 2407.04657
cs.SE 2407.04674
cs.SE 2407.04831
cs.SE 2407.04868
cs.SE 2407.05318
cs.SE 2407.05700
cs.SE 2407.06146
cs.SE 2407.04707
cs.SE 2407.04722
cs.SE 2407.04961
cs.SE 2407.04985
cs.SE 2407.04997
cs.SE 2407.05028
cs.SE 2407.05040
cs.SE 2407.05090
cs.SE 2407.05138
cs.SE 2407.05165
cs.SE 2407.05184
cs.SE 2407.05202
cs.SE 2407.05410
cs.SE 2407.05411
cs.SE 2407.05466
cs.SE 2407.05519
cs.SE 2407.05523
cs.SE 2407.05652
cs.SE 2407.05689
cs.SE 2407.05710
cs.SE 2407.05963
cs.SE 2407.05981
cs.SE 2407.06153
cs.SE 2407.06217
cs.SE 2407.06249
cs.SE 2407.06356
cs.SE 2407.06753
cs.SE 2407.06759
cs.SE 2407.06357
cs.SE 2407.06360
cs.SE 2407.06573
cs.SE 2407.06725
cs.SE 2407.06978
cs.SE 2407.07057
cs.SE 2407.07064
cs.SE 2407.07166
cs.SE 2407.07560
cs.SE 2407.07704
cs.SE 2407.07766
cs.SE 2407.07267
cs.SE 2407.07269
cs.SE 2407.07287
cs.SE 2407.07322
cs.SE 2407.07428
cs.SE 2407.07469
cs.SE 2407.07472
cs.SE 2407.07656
cs.SE 2407.07804
cs.SE 2407.07817
cs.SE 2407.08089
cs.SE 2407.08474
cs.SE 2407.08532
cs.SE 2407.07959
cs.SE 2407.08138
cs.SE 2407.08145
cs.SE 2407.08176
cs.SE 2407.08262
cs.SE 2407.08281
cs.SE 2407.08359
cs.SE 2407.08455
cs.SE 2407.08597
cs.SE 2407.08610
cs.NA 2407.03337
cs.NA 2407.03628
cs.NA 2407.03677
cs.NA 2407.03826
cs.NA 2407.04045
cs.NA 2407.04133
cs.NA 2407.04306
cs.NA 2407.04329
cs.NA 2407.04347
cs.NA 2407.04406
cs.NA 2407.04516
cs.NA 2407.04686
cs.NA 2407.03323
cs.NA 2407.03325
cs.NA 2407.03327
cs.NA 2407.03328
cs.NA 2407.03329
cs.NA 2407.03334
cs.NA 2407.03335
cs.NA 2407.03336
cs.NA 2407.03338
cs.NA 2407.03339
cs.NA 2407.03343
cs.NA 2407.03344
cs.NA 2407.03347
cs.NA 2407.03348
cs.NA 2407.03349
cs.NA 2407.03351
cs.NA 2407.03353
cs.NA 2407.03363
cs.NA 2407.03373
cs.NA 2407.03382
cs.NA 2407.03458
cs.NA 2407.03499
cs.NA 2407.03561
cs.NA 2407.03593
cs.NA 2407.03608
cs.NA 2407.03680
cs.NA 2407.03712
cs.NA 2407.03731
cs.NA 2407.03746
cs.NA 2407.03769
cs.NA 2407.03777
cs.NA 2407.03784
cs.NA 2407.03793
cs.NA 2407.03801
cs.NA 2407.03840
cs.NA 2407.03849
cs.NA 2407.03873
cs.NA 2407.03945
cs.NA 2407.03957
cs.NA 2407.04021
cs.NA 2407.04206
cs.NA 2407.04361
cs.NA 2407.04364
cs.NA 2407.04399
cs.NA 2407.04401
cs.NA 2407.04428
cs.NA 2407.04524
cs.NA 2407.04571
cs.NA 2407.04634
cs.NA 2407.04646
cs.NA 2407.05159
cs.NA 2407.05223
cs.NA 2407.05634
cs.NA 2407.05719
cs.NA 2407.05966
cs.NA 2407.05041
cs.NA 2407.05049
cs.NA 2407.05078
cs.NA 2407.05129
cs.NA 2407.05185
cs.NA 2407.05230
cs.NA 2407.05253
cs.NA 2407.05275
cs.NA 2407.05475
cs.NA 2407.05477
cs.NA 2407.05568
cs.NA 2407.05626
cs.NA 2407.05724
cs.NA 2407.05772
cs.NA 2407.05823
cs.NA 2407.05894
cs.NA 2407.05927
cs.NA 2407.05930
cs.NA 2407.05945
cs.NA 2407.05949
cs.NA 2407.06022
cs.NA 2407.06049
cs.NA 2407.06158
cs.NA 2407.04013
cs.NA 2407.06312
cs.NA 2407.06333
cs.NA 2407.06418
cs.NA 2407.06783
cs.NA 2407.07031
cs.NA 2407.06306
cs.NA 2407.06437
cs.NA 2407.06467
cs.NA 2407.06656
cs.NA 2407.06664
cs.NA 2407.06674
cs.NA 2407.06678
cs.NA 2407.06784
cs.NA 2407.06831
cs.NA 2407.06834
cs.NA 2407.06929
cs.NA 2407.07375
cs.NA 2407.07519
cs.NA 2407.07556
cs.NA 2407.07199
cs.NA 2407.07218
cs.NA 2407.07253
cs.NA 2407.07371
cs.NA 2407.07451
cs.NA 2407.07498
cs.NA 2407.07629
cs.NA 2407.07642
cs.NA 2407.07654
cs.NA 2407.07768
cs.NA 2407.07814
cs.NA 2407.07834
cs.NA 2407.07865
cs.NA 2407.08092
cs.NA 2407.08456
cs.NA 2407.08184
cs.NA 2407.08383
cs.NA 2407.08439
cs.NA 2407.08615
cs.PL 2407.03891
cs.PL 2407.03685
cs.PL 2407.04899
cs.PL 2407.05674
cs.PL 2407.04917
cs.PL 2407.06348
cs.PL 2407.06355
cs.PL 2407.06356
cs.PL 2407.06375
cs.PL 2407.06473
cs.PL 2407.06509
cs.PL 2407.06738
cs.PL 2407.06747
cs.PL 2407.06885
cs.PL 2407.06924
cs.PL 2407.07428
cs.PL 2407.07511
cs.PL 2407.08088
cs.PL 2407.08258
cs.PL 2407.08070
cs.PL 2407.08089
cs.PL 2407.08090
cs.PL 2407.08091
cs.OS 2406.10635
cs.OS 2406.16250
cs.OS 2406.15776
cs.OS 2406.19120
cs.OS 2406.18980
cs.OS 2407.00313
cs.OS 2407.00832
cs.OS 2407.00839
cs.OS 2407.02764
cs.SD 2407.03645
cs.SD 2407.03648
cs.SD 2407.03656
cs.SD 2407.03657
cs.SD 2407.03661
cs.SD 2407.03718
cs.SD 2407.03734
cs.SD 2407.04047
cs.SD 2407.04270
cs.SD 2407.04279
cs.SD 2407.04280
cs.SD 2407.04293
cs.SD 2407.04368
cs.SD 2407.04444
cs.SD 2407.04533
cs.SD 2407.04675
cs.SD 2407.03361
cs.SD 2407.03440
cs.SD 2407.03470
cs.SD 2407.03514
cs.SD 2407.03736
cs.SD 2407.03887
cs.SD 2407.03892
cs.SD 2407.03966
cs.SD 2407.04051
cs.SD 2407.04331
cs.SD 2407.04333
cs.SD 2407.04379
cs.SD 2407.04416
cs.SD 2407.04482
cs.SD 2407.04547
cs.SD 2407.04578
cs.SD 2407.04822
cs.SD 2407.04849
cs.SD 2407.05310
cs.SD 2407.05421
cs.SD 2407.05471
cs.SD 2407.05516
cs.SD 2407.05551
cs.SD 2407.05744
cs.SD 2407.05746
cs.SD 2407.05760
cs.SD 2407.04879
cs.SD 2407.04936
cs.SD 2407.04966
cs.SD 2407.05368
cs.SD 2407.05405
cs.SD 2407.05407
cs.SD 2407.05605
cs.SD 2407.05608
cs.SD 2407.05782
cs.SD 2407.05870
cs.SD 2407.06060
cs.SD 2407.06078
cs.SD 2407.06800
cs.SD 2407.06847
cs.SD 2407.06901
cs.SD 2407.07015
cs.SD 2407.06291
cs.SD 2407.06310
cs.SD 2407.06524
cs.SD 2407.06947
cs.SD 2407.07275
cs.SD 2407.07425
cs.SD 2407.07554
cs.SD 2407.07566
cs.SD 2407.07595
cs.SD 2407.07801
cs.SD 2407.07235
cs.SD 2407.07397
cs.SD 2407.07408
cs.SD 2407.07464
cs.SD 2407.07598
cs.SD 2407.07728
cs.SD 2407.07825
cs.SD 2407.08016
cs.SD 2407.08017
cs.SD 2407.08130
cs.SD 2407.08551
cs.SD 2407.08239
cs.SD 2407.08306
cs.SD 2407.08647
cs.SD 2407.08657
cs.SD 2407.08658
cs.SD 2407.08691
cs.RO 2407.00741
cs.RO 2407.03340
cs.RO 2407.03353
cs.RO 2407.03425
cs.RO 2407.03825
cs.RO 2407.03967
cs.RO 2407.03995
cs.RO 2407.04049
cs.RO 2407.04292
cs.RO 2407.03476
cs.RO 2407.03531
cs.RO 2407.03569
cs.RO 2407.03590
cs.RO 2407.03684
cs.RO 2407.03705
cs.RO 2407.03724
cs.RO 2407.03764
cs.RO 2407.03765
cs.RO 2407.03890
cs.RO 2407.04056
cs.RO 2407.04064
cs.RO 2407.04115
cs.RO 2407.04143
cs.RO 2407.04152
cs.RO 2407.04216
cs.RO 2407.04224
cs.RO 2407.04281
cs.RO 2407.04315
cs.RO 2407.04328
cs.RO 2407.04343
cs.RO 2407.04386
cs.RO 2407.04689
cs.RO 2407.04714
cs.RO 2407.04717
cs.RO 2407.04738
cs.RO 2407.05262
cs.RO 2407.05433
cs.RO 2407.05511
cs.RO 2407.05615
cs.RO 2407.05717
cs.RO 2407.05910
cs.RO 2407.06190
cs.RO 2407.04802
cs.RO 2407.04843
cs.RO 2407.04896
cs.RO 2407.04929
cs.RO 2407.04942
cs.RO 2407.05017
cs.RO 2407.05025
cs.RO 2407.05053
cs.RO 2407.05063
cs.RO 2407.05120
cs.RO 2407.05135
cs.RO 2407.05148
cs.RO 2407.05300
cs.RO 2407.05376
cs.RO 2407.05424
cs.RO 2407.05425
cs.RO 2407.05453
cs.RO 2407.05478
cs.RO 2407.05530
cs.RO 2407.05549
cs.RO 2407.05560
cs.RO 2407.05582
cs.RO 2407.05587
cs.RO 2407.05595
cs.RO 2407.05619
cs.RO 2407.05667
cs.RO 2407.05687
cs.RO 2407.05720
cs.RO 2407.05735
cs.RO 2407.05779
cs.RO 2407.05820
cs.RO 2407.05886
cs.RO 2407.05890
cs.RO 2407.05961
cs.RO 2407.05979
cs.RO 2407.05996
cs.RO 2407.06056
cs.RO 2407.06077
cs.RO 2407.06094
cs.RO 2407.06118
cs.RO 2407.06154
cs.RO 2407.06168
cs.RO 2407.06169
cs.RO 2407.06317
cs.RO 2407.06541
cs.RO 2407.06546
cs.RO 2407.06886
cs.RO 2407.07020
cs.RO 2407.06296
cs.RO 2407.06320
cs.RO 2407.06362
cs.RO 2407.06394
cs.RO 2407.06454
cs.RO 2407.06459
cs.RO 2407.06499
cs.RO 2407.06500
cs.RO 2407.06545
cs.RO 2407.06584
cs.RO 2407.06590
cs.RO 2407.06605
cs.RO 2407.06629
cs.RO 2407.06630
cs.RO 2407.06669
cs.RO 2407.06683
cs.RO 2407.06706
cs.RO 2407.06770
cs.RO 2407.06792
cs.RO 2407.06812
cs.RO 2407.06889
cs.RO 2407.06909
cs.RO 2407.06915
cs.RO 2407.06931
cs.RO 2407.06939
cs.RO 2407.06943
cs.RO 2407.06951
cs.RO 2407.07074
cs.RO 2407.07175
cs.RO 2407.07186
cs.RO 2407.07320
cs.RO 2407.07525
cs.RO 2407.07541
cs.RO 2407.07200
cs.RO 2407.07392
cs.RO 2407.07409
cs.RO 2407.07452
cs.RO 2407.07561
cs.RO 2407.07589
cs.RO 2407.07591
cs.RO 2407.07618
cs.RO 2407.07636
cs.RO 2407.07684
cs.RO 2407.07775
cs.RO 2407.07787
cs.RO 2407.07788
cs.RO 2407.07868
cs.RO 2407.07875
cs.RO 2407.07884
cs.RO 2407.07885
cs.RO 2407.07889
cs.RO 2407.08162
cs.RO 2407.08164
cs.RO 2407.08260
cs.RO 2407.08280
cs.RO 2407.08550
cs.RO 2407.08626
cs.RO 2407.08711
cs.RO 2407.08725
cs.RO 2407.08737
cs.RO 2407.08028
cs.RO 2407.08050
cs.RO 2407.08052
cs.RO 2407.08055
cs.RO 2407.08057
cs.RO 2407.08065
cs.RO 2407.08071
cs.RO 2407.08073
cs.RO 2407.08081
cs.RO 2407.08084
cs.RO 2407.08106
cs.RO 2407.08111
cs.RO 2407.08213
cs.RO 2407.08222
cs.RO 2407.08234
cs.RO 2407.08261
cs.RO 2407.08263
cs.RO 2407.08286
cs.RO 2407.08366
cs.RO 2407.08384
cs.RO 2407.08506
cs.RO 2407.08575
cs.RO 2407.08580
cs.RO 2407.08585
cs.RO 2407.08681
cs.RO 2407.08693
cs.RO 2407.08720
cs.RO 2407.08722
cs.RO 2407.08735
cs.LG 2303.11858
cs.LG 2407.02428
cs.LG 2407.03333
cs.LG 2407.03340
cs.LG 2407.03342
cs.LG 2407.03347
cs.LG 2407.03356
cs.LG 2407.03365
cs.LG 2407.03379
cs.LG 2407.03380
cs.LG 2407.03381
cs.LG 2407.03382
cs.LG 2407.03389
cs.LG 2407.03392
cs.LG 2407.03426
cs.LG 2407.03440
cs.LG 2407.03453
cs.LG 2407.03470
cs.LG 2407.03482
cs.LG 2407.03495
cs.LG 2407.03502
cs.LG 2407.03515
cs.LG 2407.03522
cs.LG 2407.03524
cs.LG 2407.03542
cs.LG 2407.03563
cs.LG 2407.03571
cs.LG 2407.03574
cs.LG 2407.03593
cs.LG 2407.03595
cs.LG 2407.03601
cs.LG 2407.03631
cs.LG 2407.03665
cs.LG 2407.03678
cs.LG 2407.03689
cs.LG 2407.03704
cs.LG 2407.03718
cs.LG 2407.03734
cs.LG 2407.03736
cs.LG 2407.03738
cs.LG 2407.03759
cs.LG 2407.03760
cs.LG 2407.03779
cs.LG 2407.03836
cs.LG 2407.03852
cs.LG 2407.03872
cs.LG 2407.03878
cs.LG 2407.03883
cs.LG 2407.03888
cs.LG 2407.03901
cs.LG 2407.03945
cs.LG 2407.03961
cs.LG 2407.03964
cs.LG 2407.04009
cs.LG 2407.04022
cs.LG 2407.04055
cs.LG 2407.04065
cs.LG 2407.04069
cs.LG 2407.04078
cs.LG 2407.04086
cs.LG 2407.04104
cs.LG 2407.04108
cs.LG 2407.04125
cs.LG 2407.04151
cs.LG 2407.04152
cs.LG 2407.04157
cs.LG 2407.04248
cs.LG 2407.04251
cs.LG 2407.04258
cs.LG 2407.04259
cs.LG 2407.04271
cs.LG 2407.04279
cs.LG 2407.04291
cs.LG 2407.04295
cs.LG 2407.04307
cs.LG 2407.04308
cs.LG 2407.04328
cs.LG 2407.04334
cs.LG 2407.04343
cs.LG 2407.04352
cs.LG 2407.04358
cs.LG 2407.04393
cs.LG 2407.04400
cs.LG 2407.04418
cs.LG 2407.04449
cs.LG 2407.04472
cs.LG 2407.04476
cs.LG 2407.04485
cs.LG 2407.04495
cs.LG 2407.04507
cs.LG 2407.04513
cs.LG 2407.04521
cs.LG 2407.04525
cs.LG 2407.04528
cs.LG 2407.04538
cs.LG 2407.04540
cs.LG 2407.04541
cs.LG 2407.04542
cs.LG 2407.04547
cs.LG 2407.04551
cs.LG 2407.04557
cs.LG 2407.04559
cs.LG 2407.04605
cs.LG 2407.04616
cs.LG 2407.04631
cs.LG 2407.04656
cs.LG 2407.04662
cs.LG 2407.04663
cs.LG 2407.04667
cs.LG 2407.04681
cs.LG 2407.04694
cs.LG 2407.03418
cs.LG 2407.03428
cs.LG 2407.03436
cs.LG 2407.03475
cs.LG 2407.03557
cs.LG 2407.03622
cs.LG 2407.03637
cs.LG 2407.03640
cs.LG 2407.03641
cs.LG 2407.03668
cs.LG 2407.03672
cs.LG 2407.03674
cs.LG 2407.03700
cs.LG 2407.03728
cs.LG 2407.03792
cs.LG 2407.03804
cs.LG 2407.03821
cs.LG 2407.03824
cs.LG 2407.03834
cs.LG 2407.03848
cs.LG 2407.03851
cs.LG 2407.03856
cs.LG 2407.03862
cs.LG 2407.03864
cs.LG 2407.03897
cs.LG 2407.03920
cs.LG 2407.03921
cs.LG 2407.03925
cs.LG 2407.03951
cs.LG 2407.03953
cs.LG 2407.03979
cs.LG 2407.03995
cs.LG 2407.04001
cs.LG 2407.04029
cs.LG 2407.04057
cs.LG 2407.04075
cs.LG 2407.04117
cs.LG 2407.04119
cs.LG 2407.04149
cs.LG 2407.04153
cs.LG 2407.04168
cs.LG 2407.04173
cs.LG 2407.04189
cs.LG 2407.04192
cs.LG 2407.04211
cs.LG 2407.04236
cs.LG 2407.04240
cs.LG 2407.04264
cs.LG 2407.04268
cs.LG 2407.04272
cs.LG 2407.04285
cs.LG 2407.04302
cs.LG 2407.04325
cs.LG 2407.04335
cs.LG 2407.04370
cs.LG 2407.04405
cs.LG 2407.04406
cs.LG 2407.04407
cs.LG 2407.04440
cs.LG 2407.04451
cs.LG 2407.04460
cs.LG 2407.04480
cs.LG 2407.04481
cs.LG 2407.04491
cs.LG 2407.04493
cs.LG 2407.04516
cs.LG 2407.04522
cs.LG 2407.04534
cs.LG 2407.04579
cs.LG 2407.04581
cs.LG 2407.04587
cs.LG 2407.04589
cs.LG 2407.04591
cs.LG 2407.04600
cs.LG 2407.04617
cs.LG 2407.04620
cs.LG 2407.04622
cs.LG 2407.04690
cs.LG 2407.04700
cs.LG 2407.04708
cs.LG 2407.04712
cs.LG 2407.04724
cs.LG 2407.04726
cs.LG 2407.04730
cs.LG 2407.04732
cs.LG 2407.04733
cs.LG 2407.04734
cs.LG 2407.04736
cs.LG 2407.04738
cs.LG 2407.04753
cs.LG 2407.04783
cs.LG 2407.04787
cs.LG 2407.04794
cs.LG 2407.04797
cs.LG 2407.04806
cs.LG 2407.04822
cs.LG 2407.04841
cs.LG 2407.04842
cs.LG 2407.04866
cs.LG 2407.04877
cs.LG 2407.04889
cs.LG 2407.04898
cs.LG 2407.04942
cs.LG 2407.04943
cs.LG 2407.04945
cs.LG 2407.04966
cs.LG 2407.04973
cs.LG 2407.04981
cs.LG 2407.04985
cs.LG 2407.04986
cs.LG 2407.04994
cs.LG 2407.04998
cs.LG 2407.05036
cs.LG 2407.05040
cs.LG 2407.05125
cs.LG 2407.05134
cs.LG 2407.05145
cs.LG 2407.05176
cs.LG 2407.05180
cs.LG 2407.05193
cs.LG 2407.05194
cs.LG 2407.05205
cs.LG 2407.05206
cs.LG 2407.05209
cs.LG 2407.05259
cs.LG 2407.05261
cs.LG 2407.05262
cs.LG 2407.05315
cs.LG 2407.05340
cs.LG 2407.05398
cs.LG 2407.05399
cs.LG 2407.05404
cs.LG 2407.05410
cs.LG 2407.05413
cs.LG 2407.05426
cs.LG 2407.05483
cs.LG 2407.05487
cs.LG 2407.05510
cs.LG 2407.05527
cs.LG 2407.05615
cs.LG 2407.05627
cs.LG 2407.05650
cs.LG 2407.05658
cs.LG 2407.05664
cs.LG 2407.05684
cs.LG 2407.05694
cs.LG 2407.05749
cs.LG 2407.05782
cs.LG 2407.05832
cs.LG 2407.05841
cs.LG 2407.05864
cs.LG 2407.05876
cs.LG 2407.05887
cs.LG 2407.05921
cs.LG 2407.05952
cs.LG 2407.05965
cs.LG 2407.05986
cs.LG 2407.06015
cs.LG 2407.06018
cs.LG 2407.06053
cs.LG 2407.06057
cs.LG 2407.06060
cs.LG 2407.06092
cs.LG 2407.06116
cs.LG 2407.06162
cs.LG 2407.06167
cs.LG 2407.06169
cs.LG 2407.06178
cs.LG 2407.06190
cs.LG 2407.04751
cs.LG 2407.04752
cs.LG 2407.04760
cs.LG 2407.04803
cs.LG 2407.04804
cs.LG 2407.04811
cs.LG 2407.04819
cs.LG 2407.04846
cs.LG 2407.04856
cs.LG 2407.04864
cs.LG 2407.04871
cs.LG 2407.04884
cs.LG 2407.04900
cs.LG 2407.04939
cs.LG 2407.04949
cs.LG 2407.04958
cs.LG 2407.04970
cs.LG 2407.04974
cs.LG 2407.04980
cs.LG 2407.04988
cs.LG 2407.04991
cs.LG 2407.04992
cs.LG 2407.04996
cs.LG 2407.04999
cs.LG 2407.05000
cs.LG 2407.05005
cs.LG 2407.05051
cs.LG 2407.05082
cs.LG 2407.05098
cs.LG 2407.05108
cs.LG 2407.05131
cs.LG 2407.05141
cs.LG 2407.05174
cs.LG 2407.05182
cs.LG 2407.05229
cs.LG 2407.05232
cs.LG 2407.05237
cs.LG 2407.05246
cs.LG 2407.05268
cs.LG 2407.05285
cs.LG 2407.05286
cs.LG 2407.05287
cs.LG 2407.05302
cs.LG 2407.05330
cs.LG 2407.05364
cs.LG 2407.05370
cs.LG 2407.05375
cs.LG 2407.05379
cs.LG 2407.05385
cs.LG 2407.05417
cs.LG 2407.05484
cs.LG 2407.05494
cs.LG 2407.05511
cs.LG 2407.05520
cs.LG 2407.05526
cs.LG 2407.05580
cs.LG 2407.05591
cs.LG 2407.05593
cs.LG 2407.05622
cs.LG 2407.05633
cs.LG 2407.05639
cs.LG 2407.05649
cs.LG 2407.05656
cs.LG 2407.05693
cs.LG 2407.05704
cs.LG 2407.05732
cs.LG 2407.05781
cs.LG 2407.05788
cs.LG 2407.05789
cs.LG 2407.05793
cs.LG 2407.05800
cs.LG 2407.05816
cs.LG 2407.05872
cs.LG 2407.05895
cs.LG 2407.05919
cs.LG 2407.05920
cs.LG 2407.05934
cs.LG 2407.05941
cs.LG 2407.05954
cs.LG 2407.05966
cs.LG 2407.05973
cs.LG 2407.05982
cs.LG 2407.06083
cs.LG 2407.06085
cs.LG 2407.06087
cs.LG 2407.06099
cs.LG 2407.06120
cs.LG 2407.06121
cs.LG 2407.06124
cs.LG 2407.06183
cs.LG 2302.06555
cs.LG 2407.06195
cs.LG 2407.06211
cs.LG 2407.06216
cs.LG 2407.06221
cs.LG 2407.06226
cs.LG 2407.06237
cs.LG 2407.06245
cs.LG 2407.06295
cs.LG 2407.06298
cs.LG 2407.06303
cs.LG 2407.06310
cs.LG 2407.06312
cs.LG 2407.06315
cs.LG 2407.06321
cs.LG 2407.06343
cs.LG 2407.06390
cs.LG 2407.06418
cs.LG 2407.06438
cs.LG 2407.06447
cs.LG 2407.06459
cs.LG 2407.06481
cs.LG 2407.06488
cs.LG 2407.06549
cs.LG 2407.06608
cs.LG 2407.06612
cs.LG 2407.06637
cs.LG 2407.06683
cs.LG 2407.06698
cs.LG 2407.06703
cs.LG 2407.06704
cs.LG 2407.06723
cs.LG 2407.06783
cs.LG 2407.06785
cs.LG 2407.06800
cs.LG 2407.06862
cs.LG 2407.06868
cs.LG 2407.06886
cs.LG 2407.06902
cs.LG 2407.06909
cs.LG 2407.06910
cs.LG 2407.06946
cs.LG 2407.06992
cs.LG 2407.06998
cs.LG 2407.07004
cs.LG 2407.07054
cs.LG 2407.07055
cs.LG 2407.07059
cs.LG 2407.07064
cs.LG 2407.07071
cs.LG 2407.07087
cs.LG 2407.07093
cs.LG 2407.06204
cs.LG 2407.06206
cs.LG 2407.06209
cs.LG 2407.06212
cs.LG 2407.06286
cs.LG 2407.06322
cs.LG 2407.06324
cs.LG 2407.06325
cs.LG 2407.06329
cs.LG 2407.06333
cs.LG 2407.06346
cs.LG 2407.06372
cs.LG 2407.06411
cs.LG 2407.06483
cs.LG 2407.06485
cs.LG 2407.06494
cs.LG 2407.06496
cs.LG 2407.06503
cs.LG 2407.06507
cs.LG 2407.06518
cs.LG 2407.06529
cs.LG 2407.06533
cs.LG 2407.06543
cs.LG 2407.06544
cs.LG 2407.06645
cs.LG 2407.06646
cs.LG 2407.06682
cs.LG 2407.06690
cs.LG 2407.06697
cs.LG 2407.06709
cs.LG 2407.06712
cs.LG 2407.06740
cs.LG 2407.06756
cs.LG 2407.06765
cs.LG 2407.06771
cs.LG 2407.06797
cs.LG 2407.06849
cs.LG 2407.06855
cs.LG 2407.06888
cs.LG 2407.06935
cs.LG 2407.06979
cs.LG 2407.07000
cs.LG 2407.07018
cs.LG 2407.07066
cs.LG 2407.07082
cs.LG 2407.07084
cs.LG 2407.07089
cs.LG 2304.12015
cs.LG 2407.07096
cs.LG 2407.07099
cs.LG 2407.07111
cs.LG 2407.07124
cs.LG 2407.07133
cs.LG 2407.07135
cs.LG 2407.07179
cs.LG 2407.07218
cs.LG 2407.07235
cs.LG 2407.07237
cs.LG 2407.07258
cs.LG 2407.07275
cs.LG 2407.07294
cs.LG 2407.07338
cs.LG 2407.07350
cs.LG 2407.07360
cs.LG 2407.07361
cs.LG 2407.07368
cs.LG 2407.07373
cs.LG 2407.07376
cs.LG 2407.07392
cs.LG 2407.07410
cs.LG 2407.07450
cs.LG 2407.07458
cs.LG 2407.07462
cs.LG 2407.07492
cs.LG 2407.07530
cs.LG 2407.07560
cs.LG 2407.07586
cs.LG 2407.07598
cs.LG 2407.07636
cs.LG 2407.07670
cs.LG 2407.07684
cs.LG 2407.07700
cs.LG 2407.07705
cs.LG 2407.07708
cs.LG 2407.07713
cs.LG 2407.07719
cs.LG 2407.07726
cs.LG 2407.07739
cs.LG 2407.07742
cs.LG 2407.07787
cs.LG 2407.07788
cs.LG 2407.07796
cs.LG 2407.07801
cs.LG 2407.07868
cs.LG 2407.07875
cs.LG 2407.07884
cs.LG 2407.07885
cs.LG 2407.07889
cs.LG 2407.07890
cs.LG 2407.07895
cs.LG 2407.07896
cs.LG 2407.07110
cs.LG 2407.07128
cs.LG 2407.07140
cs.LG 2407.07222
cs.LG 2407.07225
cs.LG 2407.07239
cs.LG 2407.07277
cs.LG 2407.07279
cs.LG 2407.07290
cs.LG 2407.07291
cs.LG 2407.07311
cs.LG 2407.07320
cs.LG 2407.07328
cs.LG 2407.07333
cs.LG 2407.07346
cs.LG 2407.07357
cs.LG 2407.07358
cs.LG 2407.07364
cs.LG 2407.07421
cs.LG 2407.07454
cs.LG 2407.07457
cs.LG 2407.07482
cs.LG 2407.07521
cs.LG 2407.07528
cs.LG 2407.07539
cs.LG 2407.07575
cs.LG 2407.07596
cs.LG 2407.07611
cs.LG 2407.07612
cs.LG 2407.07613
cs.LG 2407.07631
cs.LG 2407.07639
cs.LG 2407.07655
cs.LG 2407.07664
cs.LG 2407.07668
cs.LG 2407.07674
cs.LG 2407.07712
cs.LG 2407.07737
cs.LG 2407.07765
cs.LG 2407.07794
cs.LG 2407.07802
cs.LG 2407.07810
cs.LG 2407.07818
cs.LG 2407.07821
cs.LG 2407.07827
cs.LG 2407.07829
cs.LG 2407.07848
cs.LG 2407.07852
cs.LG 2407.07858
cs.LG 2407.07873
cs.LG 2407.07874
cs.LG 2407.07880
cs.LG 2402.06598
cs.LG 2407.07912
cs.LG 2407.07916
cs.LG 2407.07917
cs.LG 2407.07918
cs.LG 2407.07921
cs.LG 2407.07922
cs.LG 2407.07924
cs.LG 2407.07926
cs.LG 2407.07930
cs.LG 2407.07931
cs.LG 2407.07933
cs.LG 2407.08022
cs.LG 2407.08044
cs.LG 2407.08065
cs.LG 2407.08073
cs.LG 2407.08094
cs.LG 2407.08108
cs.LG 2407.08109
cs.LG 2407.08134
cs.LG 2407.08152
cs.LG 2407.08159
cs.LG 2407.08176
cs.LG 2407.08179
cs.LG 2407.08205
cs.LG 2407.08227
cs.LG 2407.08239
cs.LG 2407.08255
cs.LG 2407.08256
cs.LG 2407.08257
cs.LG 2407.08270
cs.LG 2407.08282
cs.LG 2407.08289
cs.LG 2407.08298
cs.LG 2407.08316
cs.LG 2407.08328
cs.LG 2407.08348
cs.LG 2407.08351
cs.LG 2407.08364
cs.LG 2407.08459
cs.LG 2407.08546
cs.LG 2407.08560
cs.LG 2407.08567
cs.LG 2407.08571
cs.LG 2407.08583
cs.LG 2407.08585
cs.LG 2407.08590
cs.LG 2407.08597
cs.LG 2407.08610
cs.LG 2407.08639
cs.LG 2407.08647
cs.LG 2407.08654
cs.LG 2407.08655
cs.LG 2407.08668
cs.LG 2407.08681
cs.LG 2407.08689
cs.LG 2407.08693
cs.LG 2407.08694
cs.LG 2407.08700
cs.LG 2407.08704
cs.LG 2407.08707
cs.LG 2407.08708
cs.LG 2407.08722
cs.LG 2407.08729
cs.LG 2407.08737
cs.LG 2407.07972
cs.LG 2407.07982
cs.LG 2407.07997
cs.LG 2407.07998
cs.LG 2407.08003
cs.LG 2407.08010
cs.LG 2407.08029
cs.LG 2407.08047
cs.LG 2407.08056
cs.LG 2407.08064
cs.LG 2407.08074
cs.LG 2407.08086
cs.LG 2407.08100
cs.LG 2407.08107
cs.LG 2407.08112
cs.LG 2407.08125
cs.LG 2407.08166
cs.LG 2407.08169
cs.LG 2407.08188
cs.LG 2407.08192
cs.LG 2407.08214
cs.LG 2407.08215
cs.LG 2407.08232
cs.LG 2407.08233
cs.LG 2407.08245
cs.LG 2407.08250
cs.LG 2407.08271
cs.LG 2407.08274
cs.LG 2407.08296
cs.LG 2407.08313
cs.LG 2407.08324
cs.LG 2407.08330
cs.LG 2407.08337
cs.LG 2407.08340
cs.LG 2407.08362
cs.LG 2407.08415
cs.LG 2407.08417
cs.LG 2407.08418
cs.LG 2407.08432
cs.LG 2407.08434
cs.LG 2407.08442
cs.LG 2407.08458
cs.LG 2407.08462
cs.LG 2407.08464
cs.LG 2407.08479
cs.LG 2407.08500
cs.LG 2407.08608
cs.LG 2407.08623
cs.LG 2407.08626
cs.LG 2407.08632
cs.LG 2407.08641
cs.LG 2407.08649
cs.LG 2407.08659
cs.LG 2407.08678
cs.LG 2407.08699
cs.LG 2407.08715
cs.LG 2407.08723
cs.LG 2407.08734
stat.AP 2407.03420
stat.AP 2407.03453
cs.SC 2407.02060
stat.AP 2407.03539
cs.SC 2407.03976
stat.AP 2407.04659
cs.SC 2407.04133
stat.AP 2407.04214
cs.SC 2407.05777
stat.AP 2407.04351
cs.SC 2407.06889
stat.AP 2407.04402
cs.SC 2407.07074
stat.AP 2407.04465
cs.SC 2407.06649
stat.AP 2407.04655
cs.SC 2407.08419
stat.AP 2407.04921
stat.AP 2407.05089
stat.AP 2407.05110
stat.AP 2407.05159
stat.AP 2407.05210
stat.AP 2407.05957
stat.AP 2407.06015
stat.AP 2407.06173
stat.AP 2407.05760
stat.AP 2407.05806
stat.AP 2407.06216
stat.AP 2407.06495
stat.AP 2407.06835
stat.AP 2407.06898
stat.AP 2407.06539
stat.AP 2407.06560
stat.AP 2407.06875
stat.AP 2407.07008
stat.AP 2407.07072
stat.AP 2407.07316
stat.AP 2407.07467
stat.AP 2407.07637
stat.AP 2407.07647
stat.AP 2407.07113
stat.AP 2407.07116
stat.AP 2407.07120
stat.AP 2407.07123
stat.AP 2407.07134
stat.AP 2407.07420
stat.AP 2407.07430
stat.AP 2407.07714
stat.AP 2407.07730
stat.AP 2407.08062
stat.AP 2407.08312
stat.AP 2407.08563
stat.AP 2407.08259
stat.AP 2407.08508
stat.AP 2407.08709
cs.SI 2407.03446
cs.SI 2407.03665
cs.SI 2407.03953
cs.SI 2407.04465
cs.SI 2407.03484
cs.SI 2407.03551
cs.SI 2407.03568
cs.SI 2407.03773
cs.SI 2407.03968
cs.SI 2407.04701
cs.SI 2407.05126
cs.SI 2407.05186
cs.SI 2407.05627
cs.SI 2407.05929
cs.SI 2407.05963
cs.SI 2407.05083
cs.SI 2407.05161
cs.SI 2407.05198
cs.SI 2407.05669
cs.SI 2407.05956
cs.SI 2407.06149
cs.SI 2407.06813
cs.SI 2407.07026
cs.SI 2407.06197
cs.SI 2407.06198
cs.SI 2407.06205
cs.SI 2407.06558
cs.SI 2407.06631
cs.SI 2407.06998
cs.SI 2407.07096
cs.SI 2407.07128
cs.SI 2407.07159
cs.SI 2407.07712
cs.SI 2407.07118
cs.SI 2407.07138
cs.SI 2407.07227
cs.SI 2407.07599
cs.SI 2407.07925
cs.SI 2407.08552
cs.SI 2407.08171
cs.SI 2407.08172
cs.SI 2407.08299
stat.CO 2407.03382
stat.CO 2407.03383
stat.CO 2407.03608
stat.CO 2407.04138
stat.CO 2407.05914
stat.CO 2407.04967
stat.CO 2407.05492
stat.CO 2407.05572
stat.CO 2407.05790
stat.CO 2407.06935
stat.CO 2407.06945
stat.CO 2407.07781
stat.CO 2407.08086
stat.CO 2407.08271
stat.CO 2407.08678
eess.AS 2407.03361
eess.AS 2407.03440
eess.AS 2407.03470
eess.AS 2407.03514
eess.AS 2407.03645
eess.AS 2407.03718
eess.AS 2407.03734
eess.AS 2407.03809
eess.AS 2407.03887
eess.AS 2407.03892
eess.AS 2407.03966
eess.AS 2407.04047
eess.AS 2407.04051
eess.AS 2407.04279
eess.AS 2407.04280
eess.AS 2407.04293
eess.AS 2407.04331
eess.AS 2407.04333
eess.AS 2407.04368
eess.AS 2407.04379
eess.AS 2407.04416
eess.AS 2407.04444
eess.AS 2407.04482
eess.AS 2407.04533
eess.AS 2407.04547
eess.AS 2407.04578
eess.AS 2407.03495
eess.AS 2407.03563
eess.AS 2407.03648
eess.AS 2407.03654
eess.AS 2407.03656
eess.AS 2407.03657
eess.AS 2407.03661
eess.AS 2407.04034
eess.AS 2407.04082
eess.AS 2407.04219
eess.AS 2407.04270
eess.AS 2407.04291
eess.AS 2407.04417
eess.AS 2407.04439
eess.AS 2407.04518
eess.AS 2407.04575
eess.AS 2407.04601
eess.AS 2407.04641
eess.AS 2407.04652
eess.AS 2407.04662
eess.AS 2407.04675
eess.AS 2407.04879
eess.AS 2407.04936
eess.AS 2407.05405
eess.AS 2407.05551
eess.AS 2407.05605
eess.AS 2407.05746
eess.AS 2407.05760
eess.AS 2407.05782
eess.AS 2407.05870
eess.AS 2407.04822
eess.AS 2407.05361
eess.AS 2407.05421
eess.AS 2407.05471
eess.AS 2407.05516
eess.AS 2407.05744
eess.AS 2407.06291
eess.AS 2407.06310
eess.AS 2407.06524
eess.AS 2407.06901
eess.AS 2407.06947
eess.AS 2407.07015
eess.AS 2407.06342
eess.AS 2407.06800
eess.AS 2407.06847
eess.AS 2407.06957
eess.AS 2407.07235
eess.AS 2407.07397
eess.AS 2407.07408
eess.AS 2407.07425
eess.AS 2407.07464
eess.AS 2407.07554
eess.AS 2407.07566
eess.AS 2407.07595
eess.AS 2407.07598
eess.AS 2407.07728
eess.AS 2407.07825
eess.AS 2407.07275
eess.AS 2407.07801
eess.AS 2407.08130
eess.AS 2407.08239
eess.AS 2407.08306
eess.AS 2407.08551
eess.AS 2407.08647
eess.AS 2407.08657
eess.AS 2407.08691
eess.AS 2407.08016
eess.AS 2407.08017
cs.SY 2407.03374
cs.SY 2407.03388
cs.SY 2407.03668
cs.SY 2407.03911
cs.SY 2407.03924
cs.SY 2407.04143
cs.SY 2407.04328
cs.SY 2407.04366
cs.SY 2407.03333
cs.SY 2407.03368
cs.SY 2407.03372
cs.SY 2407.03544
cs.SY 2407.03671
cs.SY 2407.03716
cs.SY 2407.03738
cs.SY 2407.03739
cs.SY 2407.03889
cs.SY 2407.03896
cs.SY 2407.03982
cs.SY 2407.03984
cs.SY 2407.04239
cs.SY 2407.04254
cs.SY 2407.04463
cs.SY 2407.04506
cs.SY 2407.04544
cs.SY 2407.04566
cs.SY 2407.04731
cs.SY 2407.04988
cs.SY 2407.05025
cs.SY 2407.05053
cs.SY 2407.05424
cs.SY 2407.05558
cs.SY 2407.05619
cs.SY 2407.05665
cs.SY 2407.05675
cs.SY 2407.05738
cs.SY 2407.05763
cs.SY 2407.05781
cs.SY 2407.06044
cs.SY 2407.06142
cs.SY 2407.04832
cs.SY 2407.04840
cs.SY 2407.05020
cs.SY 2407.05133
cs.SY 2407.05136
cs.SY 2407.05157
cs.SY 2407.05168
cs.SY 2407.05331
cs.SY 2407.05346
cs.SY 2407.05499
cs.SY 2407.05717
cs.SY 2407.05959
cs.SY 2407.06328
cs.SY 2407.06528
cs.SY 2407.06665
cs.SY 2407.06888
cs.SY 2407.07088
cs.SY 2407.06216
cs.SY 2407.06217
cs.SY 2407.06225
cs.SY 2407.06227
cs.SY 2407.06313
cs.SY 2407.06541
cs.SY 2407.06639
cs.SY 2407.06749
cs.SY 2407.06857
cs.SY 2407.06948
cs.SY 2407.07065
cs.SY 2407.07068
cs.SY 2407.07306
cs.SY 2407.07364
cs.SY 2407.07510
cs.SY 2407.07615
cs.SY 2407.07743
cs.SY 2407.07787
cs.SY 2407.07884
cs.SY 2407.07098
cs.SY 2407.07175
cs.SY 2407.07245
cs.SY 2407.07310
cs.SY 2407.07458
cs.SY 2407.07734
cs.SY 2407.08049
cs.SY 2407.08071
cs.SY 2407.08128
cs.SY 2407.08234
cs.SY 2407.08299
cs.SY 2407.08361
cs.SY 2407.08550
cs.SY 2407.08592
cs.SY 2407.08664
cs.SY 2407.08681
cs.SY 2407.08735
cs.SY 2407.08059
cs.SY 2407.08178
cs.SY 2407.08238
cs.SY 2407.08386
cs.SY 2407.08401
cs.SY 2407.08534
cs.SY 2407.08646
stat.ML 2407.03379
stat.ML 2407.03383
stat.ML 2407.03389
stat.ML 2407.03557
stat.ML 2407.03571
stat.ML 2407.03616
stat.ML 2407.03665
stat.ML 2407.03690
stat.ML 2407.03792
stat.ML 2407.04104
stat.ML 2407.04117
stat.ML 2407.04173
stat.ML 2407.04495
stat.ML 2407.04600
stat.ML 2407.03515
stat.ML 2407.03522
stat.ML 2407.03574
stat.ML 2407.03878
stat.ML 2407.04248
stat.ML 2407.04605
stat.ML 2407.04724
stat.ML 2407.04819
stat.ML 2407.04860
stat.ML 2407.04970
stat.ML 2407.05050
stat.ML 2407.05082
stat.ML 2407.05108
stat.ML 2407.05237
stat.ML 2407.05261
stat.ML 2407.05287
stat.ML 2407.05302
stat.ML 2407.05385
stat.ML 2407.05398
stat.ML 2407.05520
stat.ML 2407.05526
stat.ML 2407.05564
stat.ML 2407.05593
stat.ML 2407.05669
stat.ML 2407.05760
stat.ML 2407.05790
stat.ML 2407.05895
stat.ML 2407.06120
stat.ML 2407.04783
stat.ML 2407.04806
stat.ML 2407.05145
stat.ML 2407.05664
stat.ML 2407.06015
stat.ML 2407.06212
stat.ML 2407.06346
stat.ML 2407.06635
stat.ML 2407.06646
stat.ML 2407.06765
stat.ML 2407.06797
stat.ML 2407.06867
stat.ML 2407.06935
stat.ML 2407.06945
stat.ML 2407.06321
stat.ML 2407.06390
stat.ML 2407.07128
stat.ML 2407.07222
stat.ML 2407.07239
stat.ML 2407.07279
stat.ML 2407.07290
stat.ML 2407.07291
stat.ML 2407.07333
stat.ML 2407.07596
stat.ML 2407.07631
stat.ML 2407.07664
stat.ML 2407.07707
stat.ML 2407.07765
stat.ML 2407.07781
stat.ML 2407.07821
stat.ML 2407.07829
stat.ML 2407.07873
stat.ML 2407.07135
stat.ML 2407.07338
stat.ML 2407.07350
stat.ML 2407.07450
stat.ML 2407.07670
stat.ML 2407.07700
stat.ML 2407.07140
stat.ML 2407.07933
stat.ML 2407.07998
stat.ML 2407.08086
stat.ML 2407.08271
stat.ML 2407.08337
stat.ML 2407.08415
stat.ML 2407.08494
stat.ML 2407.08571
stat.ML 2407.08678
stat.ML 2407.08094
stat.ML 2407.08560
stat.ML 2407.08654
stat.ML 2407.08668
nlin.AO 2407.03376
nlin.AO 2407.03433
nlin.AO 2407.04120
nlin.AO 2407.05497
nlin.AO 2407.04930
nlin.AO 2407.06351
nlin.AO 2407.07335
nlin.AO 2407.07663
nlin.AO 2407.07676
nlin.AO 2407.07445
nlin.AO 2407.08451
nlin.AO 2407.08641
math.OC 2407.03359
math.OC 2407.03454
math.OC 2407.03628
math.OC 2407.03984
math.OC 2407.04234
math.OC 2407.04264
math.OC 2407.04309
math.OC 2407.04366
math.OC 2407.04480
math.OC 2407.04591
math.OC 2407.03356
math.OC 2407.03429
math.OC 2407.03444
math.OC 2407.03485
math.OC 2407.03507
math.OC 2407.03571
math.OC 2407.03578
math.OC 2407.03601
math.OC 2407.03605
math.OC 2407.03642
math.OC 2407.03647
math.OC 2407.03710
math.OC 2407.03888
math.OC 2407.03930
math.OC 2407.03936
math.OC 2407.04081
math.OC 2407.04201
math.OC 2407.04235
math.OC 2407.04259
math.OC 2407.04341
math.OC 2407.04358
math.OC 2407.04436
math.OC 2407.04521
math.OC 2407.04562
math.OC 2407.04602
math.OC 2407.04608
math.OC 2407.04715
math.OC 2407.04761
math.OC 2407.04900
math.OC 2407.05035
math.OC 2407.05110
math.OC 2407.05237
math.OC 2407.05279
math.OC 2407.05286
math.OC 2407.05912
math.OC 2407.05966
math.OC 2407.06017
math.OC 2407.06102
math.OC 2407.06142
math.OC 2407.04867
math.OC 2407.04878
math.OC 2407.04914
math.OC 2407.05009
math.OC 2407.05014
math.OC 2407.05046
math.OC 2407.05099
math.OC 2407.05261
math.OC 2407.05356
math.OC 2407.05393
math.OC 2407.05433
math.OC 2407.05451
math.OC 2407.05558
math.OC 2407.05564
math.OC 2407.05665
math.OC 2407.05675
math.OC 2407.05698
math.OC 2407.05728
math.OC 2407.05763
math.OC 2407.05774
math.OC 2407.05863
math.OC 2407.05893
math.OC 2407.06044
math.OC 2407.06143
math.OC 2407.06225
math.OC 2407.06237
math.OC 2407.06312
math.OC 2407.06325
math.OC 2407.06541
math.OC 2407.06678
math.OC 2407.06712
math.OC 2407.06834
math.OC 2407.06888
math.OC 2407.07068
math.OC 2407.07084
math.OC 2407.06215
math.OC 2407.06243
math.OC 2407.06246
math.OC 2407.06408
math.OC 2407.06418
math.OC 2407.06472
math.OC 2407.06477
math.OC 2407.06481
math.OC 2407.06493
math.OC 2407.06528
math.OC 2407.06647
math.OC 2407.06665
math.OC 2407.06726
math.OC 2407.06746
math.OC 2407.06898
math.OC 2407.06906
math.OC 2407.06969
math.OC 2407.07172
math.OC 2407.07219
math.OC 2407.07310
math.OC 2407.07316
math.OC 2407.07348
math.OC 2407.07379
math.OC 2407.07436
math.OC 2407.07631
math.OC 2407.07677
math.OC 2407.07707
math.OC 2407.07873
math.OC 2407.07270
math.OC 2407.07281
math.OC 2407.07355
math.OC 2407.07446
math.OC 2407.07471
math.OC 2407.07519
math.OC 2407.07556
math.OC 2407.07615
math.OC 2407.07812
math.OC 2407.07886
math.OC 2407.08079
math.OC 2407.08100
math.OC 2407.08178
math.OC 2407.08678
math.OC 2407.07924
math.OC 2407.08018
math.OC 2407.08037
math.OC 2407.08058
math.OC 2407.08139
math.OC 2407.08253
math.OC 2407.08345
math.OC 2407.08361
math.OC 2407.08425
math.OC 2407.08477
eess.IV 2407.03335
eess.IV 2407.03340
eess.IV 2407.03563
eess.IV 2407.03653
eess.IV 2407.03885
eess.IV 2407.03886
eess.IV 2407.04127
eess.IV 2407.04505
eess.IV 2407.04542
eess.IV 2407.03355
eess.IV 2407.03512
eess.IV 2407.03542
eess.IV 2407.03575
eess.IV 2407.03655
eess.IV 2407.03681
eess.IV 2407.03772
eess.IV 2407.03794
eess.IV 2407.03863
eess.IV 2407.03931
eess.IV 2407.03990
eess.IV 2407.03992
eess.IV 2407.04162
eess.IV 2407.04353
eess.IV 2407.04400
eess.IV 2407.04507
eess.IV 2407.04687
eess.IV 2407.04711
eess.IV 2407.04920
eess.IV 2407.04928
eess.IV 2407.05007
eess.IV 2407.05051
eess.IV 2407.05180
eess.IV 2407.05266
eess.IV 2407.05487
eess.IV 2407.05527
eess.IV 2407.05726
eess.IV 2407.06092
eess.IV 2407.06095
eess.IV 2407.06164
eess.IV 2407.06176
eess.IV 2407.04808
eess.IV 2407.04888
eess.IV 2407.04940
eess.IV 2407.05059
eess.IV 2407.05087
eess.IV 2407.05088
eess.IV 2407.05163
eess.IV 2407.05259
eess.IV 2407.05307
eess.IV 2407.05428
eess.IV 2407.05440
eess.IV 2407.05505
eess.IV 2407.05590
eess.IV 2407.05617
eess.IV 2407.05677
eess.IV 2407.05683
eess.IV 2407.05709
eess.IV 2407.05758
eess.IV 2407.05761
eess.IV 2407.05764
eess.IV 2407.05767
eess.IV 2407.05796
eess.IV 2407.05892
eess.IV 2407.05900
eess.IV 2407.05984
eess.IV 2407.06064
eess.IV 2407.06116
eess.IV 2407.06206
eess.IV 2407.06833
eess.IV 2407.06918
eess.IV 2407.07056
eess.IV 2407.06223
eess.IV 2407.06343
eess.IV 2407.06373
eess.IV 2407.06403
eess.IV 2407.06508
eess.IV 2407.06514
eess.IV 2407.06519
eess.IV 2407.06525
eess.IV 2407.06608
eess.IV 2407.06612
eess.IV 2407.06614
eess.IV 2407.06633
eess.IV 2407.06686
eess.IV 2407.06727
eess.IV 2407.07052
eess.IV 2407.07076
eess.IV 2407.07318
eess.IV 2407.07325
eess.IV 2407.07347
eess.IV 2407.07395
eess.IV 2407.07667
eess.IV 2407.07857
eess.IV 2407.07254
eess.IV 2407.07295
eess.IV 2407.07302
eess.IV 2407.07372
eess.IV 2407.07514
eess.IV 2407.07516
eess.IV 2407.07517
eess.IV 2407.07557
eess.IV 2407.07633
eess.IV 2407.07720
eess.IV 2407.08272
eess.IV 2407.08498
eess.IV 2407.08093
eess.IV 2407.08165
eess.IV 2407.08167
eess.IV 2407.08216
eess.IV 2407.08252
eess.IV 2407.08256
eess.IV 2407.08347
eess.IV 2407.08403
eess.IV 2407.08466
eess.IV 2407.08481
eess.IV 2407.08503
eess.IV 2407.08509
eess.IV 2407.08520
eess.IV 2407.08528
eess.IV 2407.08545
eess.IV 2407.08555
eess.IV 2407.08609
eess.IV 2407.08625
eess.IV 2407.08655
stat.TH 2407.03574
stat.TH 2407.03616
stat.TH 2407.03904
stat.TH 2407.03977
stat.TH 2407.04189
stat.TH 2407.04605
stat.TH 2407.03909
stat.TH 2407.04042
stat.TH 2407.04194
stat.TH 2407.04881
stat.TH 2407.05230
stat.TH 2407.05277
stat.TH 2407.05708
stat.TH 2407.04945
stat.TH 2407.05011
stat.TH 2407.05105
stat.TH 2407.05110
stat.TH 2407.05281
stat.TH 2407.05284
stat.TH 2407.05294
stat.TH 2407.05699
stat.TH 2407.05997
stat.TH 2407.05691
stat.TH 2407.06352
stat.TH 2407.06532
stat.TH 2407.07036
stat.TH 2407.07348
stat.TH 2407.07631
stat.TH 2407.07717
stat.TH 2407.07282
stat.TH 2407.07297
stat.TH 2407.07369
stat.TH 2407.07559
stat.TH 2407.08058
stat.TH 2407.08560
stat.TH 2407.08654
stat.TH 2407.07996
stat.TH 2407.08468
stat.TH 2407.08485
stat.TH 2407.08494
nlin.CD 2407.03541
nlin.CD 2407.03933
nlin.CD 2407.03423
nlin.CD 2407.04112
nlin.CD 2407.04397
nlin.CD 2407.04717
nlin.CD 2407.04881
nlin.CD 2407.05050
nlin.CD 2407.05269
nlin.CD 2407.06229
nlin.CD 2407.06430
nlin.CD 2407.06771
nlin.CD 2407.06440
nlin.CD 2407.07259
nlin.CD 2407.07399
nlin.CD 2407.07499
nlin.CD 2407.07524
nlin.CD 2407.08079
nlin.CD 2407.08177
nlin.CD 2407.08363
nlin.CD 2407.08453
nlin.CD 2407.08352
nlin.CD 2407.08370
math.PR 2407.03642
math.PR 2407.03664
math.PR 2407.03756
math.PR 2407.03870
math.PR 2407.03909
math.PR 2407.03960
math.PR 2407.03988
math.PR 2407.04005
math.PR 2407.04246
math.PR 2407.04259
math.PR 2407.04313
math.PR 2407.04387
math.PR 2407.04576
math.PR 2407.04602
math.PR 2407.04658
math.PR 2407.04672
math.PR 2407.03346
math.PR 2407.03546
math.PR 2407.03659
math.PR 2407.03751
math.PR 2407.04059
math.PR 2407.04176
math.PR 2407.04290
math.PR 2407.04321
math.PR 2407.04354
math.PR 2407.04654
math.PR 2407.04820
math.PR 2407.04860
math.PR 2407.04931
math.PR 2407.05056
math.PR 2407.05069
math.PR 2407.05142
math.PR 2407.05356
math.PR 2407.05380
math.PR 2407.05460
math.PR 2407.05774
math.PR 2407.05839
math.PR 2407.05966
math.PR 2407.04758
math.PR 2407.04834
math.PR 2407.04835
math.PR 2407.04875
math.PR 2407.04909
math.PR 2407.04956
math.PR 2407.05140
math.PR 2407.05144
math.PR 2407.05252
math.PR 2407.05353
math.PR 2407.05472
math.PR 2407.05514
math.PR 2407.05561
math.PR 2407.05708
math.PR 2407.05792
math.PR 2407.05998
math.PR 2407.06144
math.PR 2407.06156
math.PR 2407.06213
math.PR 2407.06243
math.PR 2407.06374
math.PR 2407.06433
math.PR 2407.06666
math.PR 2407.06676
math.PR 2407.06750
math.PR 2407.06783
math.PR 2407.06854
math.PR 2407.06318
math.PR 2407.06352
math.PR 2407.06383
math.PR 2407.06386
math.PR 2407.06456
math.PR 2407.06593
math.PR 2407.06806
math.PR 2407.06827
math.PR 2407.06840
math.PR 2407.06870
math.PR 2407.06903
math.PR 2407.06907
math.PR 2407.06960
math.PR 2407.06982
math.PR 2407.07100
math.PR 2407.07369
math.PR 2407.07451
math.PR 2407.07467
math.PR 2407.07645
math.PR 2407.07767
math.PR 2407.07849
math.PR 2407.07873
math.PR 2407.07170
math.PR 2407.07219
math.PR 2407.07326
math.PR 2407.07348
math.PR 2407.07440
math.PR 2407.07866
math.PR 2407.07887
math.PR 2407.07888
math.PR 2407.08100
math.PR 2407.08122
math.PR 2407.08220
math.PR 2407.08644
math.PR 2407.08690
math.PR 2407.08062
math.PR 2407.08291
math.PR 2407.08413
math.PR 2407.08459
math.PR 2407.08478
math.PR 2407.08530
math.PR 2407.08712
eess.SP 2407.03374
eess.SP 2407.03566
eess.SP 2407.03606
eess.SP 2407.03899
eess.SP 2407.03926
eess.SP 2407.04006
eess.SP 2407.04060
eess.SP 2407.04127
eess.SP 2407.04174
eess.SP 2407.04547
eess.SP 2407.04561
eess.SP 2407.03449
eess.SP 2407.03481
eess.SP 2407.03628
eess.SP 2407.03753
eess.SP 2407.03796
eess.SP 2407.03902
eess.SP 2407.03911
eess.SP 2407.04336
eess.SP 2407.04408
eess.SP 2407.04445
eess.SP 2407.04849
eess.SP 2407.05027
eess.SP 2407.05155
eess.SP 2407.05192
eess.SP 2407.05249
eess.SP 2407.05289
eess.SP 2407.05346
eess.SP 2407.05487
eess.SP 2407.05516
eess.SP 2407.05571
eess.SP 2407.05630
eess.SP 2407.05643
eess.SP 2407.05717
eess.SP 2407.06050
eess.SP 2407.04709
eess.SP 2407.04714
eess.SP 2407.04719
eess.SP 2407.04720
eess.SP 2407.04726
eess.SP 2407.04727
eess.SP 2407.04728
eess.SP 2407.04729
eess.SP 2407.04730
eess.SP 2407.04731
eess.SP 2407.04733
eess.SP 2407.04734
eess.SP 2407.04736
eess.SP 2407.04737
eess.SP 2407.04738
eess.SP 2407.04739
eess.SP 2407.04746
eess.SP 2407.04753
eess.SP 2407.04905
eess.SP 2407.04944
eess.SP 2407.04954
eess.SP 2407.05029
eess.SP 2407.05052
eess.SP 2407.05102
eess.SP 2407.05107
eess.SP 2407.05277
eess.SP 2407.05297
eess.SP 2407.05310
eess.SP 2407.05315
eess.SP 2407.05328
eess.SP 2407.05391
eess.SP 2407.05473
eess.SP 2407.05641
eess.SP 2407.05738
eess.SP 2407.05749
eess.SP 2407.05791
eess.SP 2407.05805
eess.SP 2407.05873
eess.SP 2407.05905
eess.SP 2407.05928
eess.SP 2407.06042
eess.SP 2407.06075
eess.SP 2407.06186
eess.SP 2407.06240
eess.SP 2407.06343
eess.SP 2407.06373
eess.SP 2407.06392
eess.SP 2407.06521
eess.SP 2407.06646
eess.SP 2407.06691
eess.SP 2407.06705
eess.SP 2407.06767
eess.SP 2407.06772
eess.SP 2407.06847
eess.SP 2407.06868
eess.SP 2407.06918
eess.SP 2407.07009
eess.SP 2407.06458
eess.SP 2407.06502
eess.SP 2407.06530
eess.SP 2407.06557
eess.SP 2407.06580
eess.SP 2407.06607
eess.SP 2407.06662
eess.SP 2407.06822
eess.SP 2407.06902
eess.SP 2407.06936
eess.SP 2407.07023
eess.SP 2407.07040
eess.SP 2407.07110
eess.SP 2407.07245
eess.SP 2407.07337
eess.SP 2407.07434
eess.SP 2407.07453
eess.SP 2407.07664
eess.SP 2407.07702
eess.SP 2407.07705
eess.SP 2407.07713
eess.SP 2407.07715
eess.SP 2407.07719
eess.SP 2407.07744
eess.SP 2407.07794
eess.SP 2407.07368
eess.SP 2407.07380
eess.SP 2407.07419
eess.SP 2407.07423
eess.SP 2407.07448
eess.SP 2407.07473
eess.SP 2407.07506
eess.SP 2407.07567
eess.SP 2407.07800
eess.SP 2305.04877
eess.SP 2407.07921
eess.SP 2407.08049
eess.SP 2407.08093
eess.SP 2407.08166
eess.SP 2407.08458
eess.SP 2407.08592
eess.SP 2407.08623
eess.SP 2407.08657
eess.SP 2407.08087
eess.SP 2407.08141
eess.SP 2407.08230
eess.SP 2407.08236
eess.SP 2407.08309
eess.SP 2407.08316
eess.SP 2407.08424
eess.SP 2407.08591
physics.comp-ph 2407.03328
physics.comp-ph 2407.03344
physics.comp-ph 2407.03362
physics.comp-ph 2407.03398
physics.comp-ph 2407.03434
physics.comp-ph 2407.03448
physics.comp-ph 2407.03787
physics.comp-ph 2407.04275
physics.comp-ph 2407.04373
physics.comp-ph 2407.04473
physics.comp-ph 2407.04685
physics.comp-ph 2407.04033
physics.comp-ph 2407.04526
physics.comp-ph 2407.04788
physics.comp-ph 2407.05050
physics.comp-ph 2407.05823
physics.comp-ph 2407.05917
physics.comp-ph 2407.05931
physics.comp-ph 2407.05978
physics.comp-ph 2407.05994
physics.comp-ph 2407.06080
physics.comp-ph 2407.04820
physics.comp-ph 2407.06171
physics.comp-ph 2407.06340
physics.comp-ph 2407.06476
physics.comp-ph 2407.06896
physics.comp-ph 2407.06294
physics.comp-ph 2407.06561
physics.comp-ph 2407.06818
physics.comp-ph 2407.07411
physics.comp-ph 2407.07736
physics.comp-ph 2407.07826
physics.comp-ph 2407.08601
physics.comp-ph 2407.07929
physics.comp-ph 2407.08483
nlin.SI 2407.03276
nlin.SI 2407.04244
nlin.SI 2407.04852
nlin.SI 2407.05632
nlin.SI 2407.05797
nlin.SI 2407.05384
nlin.SI 2407.05723
nlin.SI 2407.06368
nlin.SI 2407.06381
nlin.SI 2407.06916
nlin.SI 2407.07900
nlin.SI 2407.08486
nlin.SI 2407.08656
astro-ph.IM 2407.03620
astro-ph.IM 2407.03709
astro-ph.IM 2407.03742
astro-ph.IM 2407.03828
astro-ph.IM 2407.04091
astro-ph.IM 2407.04163
astro-ph.IM 2407.04337
astro-ph.IM 2407.03462
astro-ph.IM 2407.03789
astro-ph.IM 2407.03981
astro-ph.IM 2407.04072
astro-ph.IM 2407.04134
astro-ph.IM 2407.04135
astro-ph.IM 2407.04136
astro-ph.IM 2407.04140
astro-ph.IM 2407.04187
astro-ph.IM 2407.04420
astro-ph.IM 2407.04427
astro-ph.IM 2407.04431
astro-ph.IM 2407.04613
astro-ph.IM 2407.04775
astro-ph.IM 2407.04862
astro-ph.IM 2407.05004
astro-ph.IM 2407.05075
astro-ph.IM 2407.05222
astro-ph.IM 2407.05549
astro-ph.IM 2407.05673
astro-ph.IM 2407.05801
astro-ph.IM 2407.05838
astro-ph.IM 2407.04748
astro-ph.IM 2407.04749
astro-ph.IM 2407.04805
astro-ph.IM 2407.04848
astro-ph.IM 2407.05103
astro-ph.IM 2407.05314
astro-ph.IM 2407.05443
astro-ph.IM 2407.05512
astro-ph.IM 2407.05751
astro-ph.IM 2407.05852
astro-ph.IM 2407.05947
astro-ph.IM 2407.06259
astro-ph.IM 2407.06280
astro-ph.IM 2407.06300
astro-ph.IM 2407.06657
astro-ph.IM 2407.06932
astro-ph.IM 2407.06963
astro-ph.IM 2407.06264
astro-ph.IM 2407.06302
astro-ph.IM 2407.06444
astro-ph.IM 2407.06741
astro-ph.IM 2407.07007
astro-ph.IM 2407.07125
astro-ph.IM 2407.07155
astro-ph.IM 2407.07405
astro-ph.IM 2407.07423
astro-ph.IM 2407.07590
astro-ph.IM 2407.07820
astro-ph.IM 2407.07097
astro-ph.IM 2407.07173
astro-ph.IM 2407.07207
astro-ph.IM 2407.07229
astro-ph.IM 2407.07230
astro-ph.IM 2407.07526
astro-ph.IM 2407.07863
astro-ph.IM 2407.07967
astro-ph.IM 2407.08556
astro-ph.IM 2407.08698
astro-ph.IM 2407.08728
astro-ph.IM 2407.08732
astro-ph.IM 2407.08026
astro-ph.IM 2407.08046
astro-ph.IM 2407.08157
astro-ph.IM 2407.08319
astro-ph.IM 2407.08397
astro-ph.IM 2407.08431
astro-ph.IM 2407.08557
astro-ph.IM 2407.08687
math.DS 2401.07092
math.DS 2407.03579
math.DS 2407.03924
math.DS 2407.04320
math.DS 2407.04380
math.DS 2407.04426
math.DS 2407.03483
math.DS 2407.03677
math.DS 2407.03780
math.DS 2407.03905
math.DS 2407.04008
math.DS 2407.04253
math.DS 2407.04313
math.DS 2407.04658
math.DS 2407.04702
math.DS 2407.04850
math.DS 2407.05343
math.DS 2407.05344
math.DS 2407.05692
math.DS 2407.06044
math.DS 2407.04935
math.DS 2407.05050
math.DS 2407.05151
math.DS 2407.05223
math.DS 2407.05309
math.DS 2407.05329
math.DS 2407.05486
math.DS 2407.05490
math.DS 2407.05497
math.DS 2407.05937
math.DS 2407.06418
math.DS 2407.06430
math.DS 2407.06440
math.DS 2407.06710
math.DS 2407.06927
math.DS 2407.06312
math.DS 2407.06588
math.DS 2407.06750
math.DS 2407.06848
math.DS 2407.06890
math.DS 2407.06997
math.DS 2407.07214
math.DS 2407.07642
math.DS 2407.07663
math.DS 2407.07866
math.DS 2407.07873
math.DS 2407.07242
math.DS 2407.07278
math.DS 2407.07286
math.DS 2407.07549
math.DS 2407.07553
math.DS 2407.07682
math.DS 2407.07767
math.DS 2407.07915
math.DS 2407.08416
math.DS 2407.08438
math.DS 2407.08641
math.DS 2407.07904
math.DS 2407.08079
math.DS 2407.08177
math.DS 2407.08350
math.DS 2407.08404
math.DS 2407.08542
math.DS 2407.08548
math.DS 2407.08630
math.DS 2407.08690
physics.data-an 2407.03538
physics.data-an 2407.03631
physics.data-an 2407.04465
physics.data-an 2407.04648
physics.data-an 2407.04583
physics.data-an 2407.04740
physics.data-an 2407.04937
physics.data-an 2407.05405
physics.data-an 2407.06139
physics.data-an 2407.06788
physics.data-an 2407.06229
physics.data-an 2407.07125
physics.data-an 2407.07376
physics.data-an 2407.07445
physics.data-an 2407.07651
physics.data-an 2407.07273
physics.data-an 2407.07960
physics.data-an 2407.08094
physics.data-an 2407.08343
physics.data-an 2407.08697
physics.app-ph 2407.03356
physics.app-ph 2407.03443
physics.app-ph 2407.03996
physics.app-ph 2407.04477
physics.app-ph 2407.04502
physics.app-ph 2407.04566
physics.app-ph 2407.04598
physics.app-ph 2407.04624
physics.app-ph 2407.04671
physics.app-ph 2407.03676
physics.app-ph 2407.04238
physics.app-ph 2407.04514
physics.app-ph 2407.04636
physics.app-ph 2404.06657
physics.app-ph 2407.04718
physics.app-ph 2407.04788
physics.app-ph 2407.04814
physics.app-ph 2407.04821
physics.app-ph 2407.05149
physics.app-ph 2407.05676
physics.app-ph 2407.05818
physics.app-ph 2407.05961
physics.app-ph 2407.06148
physics.app-ph 2407.06180
physics.app-ph 2407.04934
physics.app-ph 2407.05333
physics.app-ph 2407.05468
physics.app-ph 2407.05637
physics.app-ph 2407.05648
physics.app-ph 2407.05799
physics.app-ph 2407.06130
physics.app-ph 2407.06138
physics.app-ph 2407.06293
physics.app-ph 2407.06362
physics.app-ph 2407.06425
physics.app-ph 2407.06435
physics.app-ph 2407.06465
physics.app-ph 2407.06406
physics.app-ph 2407.06554
physics.app-ph 2407.06632
physics.app-ph 2407.06768
physics.app-ph 2407.07298
physics.app-ph 2407.07303
physics.app-ph 2407.07343
physics.app-ph 2407.07601
physics.app-ph 2407.07602
physics.app-ph 2407.07690
physics.app-ph 2407.07896
physics.app-ph 2407.07108
physics.app-ph 2407.07447
physics.app-ph 2407.07552
physics.app-ph 2407.07783
physics.app-ph 2407.03981
physics.app-ph 2407.08270
physics.app-ph 2407.08288
physics.app-ph 2407.08480
physics.app-ph 2407.08697
physics.app-ph 2407.07932
physics.app-ph 2407.08325
physics.app-ph 2407.08527
physics.app-ph 2407.08541
physics.app-ph 2407.08559
physics.app-ph 2407.08611
cond-mat.dis-nn 2407.03342
cond-mat.dis-nn 2407.03522
cond-mat.dis-nn 2407.03782
cond-mat.dis-nn 2407.04117
cond-mat.dis-nn 2407.04585
cond-mat.dis-nn 2407.04695
cond-mat.dis-nn 2407.03362
cond-mat.dis-nn 2407.03371
cond-mat.dis-nn 2407.04132
cond-mat.dis-nn 2407.05917
cond-mat.dis-nn 2407.05658
cond-mat.dis-nn 2407.05978
cond-mat.dis-nn 2407.06039
cond-mat.dis-nn 2407.06388
cond-mat.dis-nn 2407.06569
cond-mat.dis-nn 2407.07049
cond-mat.dis-nn 2407.06253
cond-mat.dis-nn 2407.06701
cond-mat.dis-nn 2407.07572
cond-mat.dis-nn 2407.07168
cond-mat.dis-nn 2407.07266
cond-mat.dis-nn 2407.07733
cond-mat.dis-nn 2407.07957
cond-mat.dis-nn 2407.08453
physics.ins-det 2401.07092
physics.ins-det 2407.03789
physics.ins-det 2407.04330
physics.ins-det 2407.04197
physics.ins-det 2407.05443
physics.ins-det 2407.05999
physics.ins-det 2407.04745
physics.ins-det 2407.05716
physics.ins-det 2407.05938
physics.ins-det 2407.06139
physics.ins-det 2407.06465
physics.ins-det 2407.06743
physics.ins-det 2407.06370
physics.ins-det 2407.06700
physics.ins-det 2407.06786
physics.ins-det 2407.07025
physics.ins-det 2407.07376
physics.ins-det 2407.07722
physics.ins-det 2407.07897
physics.ins-det 2407.07960
physics.ins-det 2407.08085
physics.ins-det 2407.08645
physics.ins-det 2407.08033
physics.ins-det 2407.08075
physics.ins-det 2407.08408
physics.optics 2407.03356
physics.optics 2407.03371
physics.optics 2407.03390
physics.optics 2407.03576
physics.optics 2407.03806
physics.optics 2407.03845
physics.optics 2407.03981
physics.optics 2407.04048
physics.optics 2407.04129
physics.optics 2407.04303
physics.optics 2407.04512
physics.optics 2407.03443
physics.optics 2407.03541
physics.optics 2407.03591
physics.optics 2407.03607
physics.optics 2407.03688
physics.optics 2407.03737
physics.optics 2407.03815
physics.optics 2407.03816
physics.optics 2407.03996
physics.optics 2407.04060
physics.optics 2407.04062
physics.optics 2407.04102
physics.optics 2407.04323
physics.optics 2407.04477
physics.optics 2407.04502
physics.optics 2407.04564
physics.optics 2407.04565
physics.optics 2407.04598
physics.optics 2407.04628
physics.optics 2407.04713
physics.optics 2407.04745
physics.optics 2407.04904
physics.optics 2407.05037
physics.optics 2407.05080
physics.optics 2407.05149
physics.optics 2407.05314
physics.optics 2407.05512
physics.optics 2407.05711
physics.optics 2407.05756
physics.optics 2407.05797
physics.optics 2407.05840
physics.optics 2407.05902
physics.optics 2407.05951
physics.optics 2407.06105
physics.optics 2407.04792
physics.optics 2407.04821
physics.optics 2407.04995
physics.optics 2407.05086
physics.optics 2407.05097
physics.optics 2407.05170
physics.optics 2407.05201
physics.optics 2407.05265
physics.optics 2407.05567
physics.optics 2407.05783
physics.optics 2407.05856
physics.optics 2407.05908
physics.optics 2407.05918
physics.optics 2407.05964
physics.optics 2407.05994
physics.optics 2407.06028
physics.optics 2407.06180
physics.optics 2407.06240
physics.optics 2407.06276
physics.optics 2407.06465
physics.optics 2407.06821
physics.optics 2407.06981
physics.optics 2407.07025
physics.optics 2407.07060
physics.optics 2407.06451
physics.optics 2407.06535
physics.optics 2407.06563
physics.optics 2407.06592
physics.optics 2407.06918
physics.optics 2407.06996
physics.optics 2406.10763
physics.optics 2407.07105
physics.optics 2407.07178
physics.optics 2407.07558
physics.optics 2407.07588
physics.optics 2407.07736
physics.optics 2407.07161
physics.optics 2407.07318
physics.optics 2407.07343
physics.optics 2407.07405
physics.optics 2407.07453
physics.optics 2407.07545
physics.optics 2407.07571
physics.optics 2407.07593
physics.optics 2407.07594
physics.optics 2407.07681
physics.optics 2407.07690
physics.optics 2407.07743
physics.optics 2407.07872
physics.optics 2407.07879
physics.optics 2407.07896
physics.optics 2407.07932
physics.optics 2407.08096
physics.optics 2407.08160
physics.optics 2407.08186
physics.optics 2407.08288
physics.optics 2407.08357
physics.optics 2407.08420
physics.optics 2407.08499
physics.optics 2407.08097
physics.optics 2407.08267
physics.optics 2407.08391
physics.optics 2407.08480
physics.optics 2407.08482
physics.med-ph 2407.03905
physics.med-ph 2407.03457
physics.med-ph 2407.03573
physics.med-ph 2407.03858
physics.med-ph 2407.03906
physics.med-ph 2407.04040
physics.med-ph 2407.04515
physics.med-ph 2407.04720
physics.med-ph 2407.05143
physics.med-ph 2407.06165
physics.med-ph 2407.05306
physics.med-ph 2407.06343
physics.med-ph 2407.06403
physics.med-ph 2407.06379
physics.med-ph 2407.06527
physics.med-ph 2407.06694
physics.med-ph 2407.07296
physics.med-ph 2407.07306
physics.med-ph 2407.07646
physics.med-ph 2407.07709
physics.med-ph 2407.07857
physics.med-ph 2407.08574
physics.med-ph 2407.08655
physics.med-ph 2407.07954
physics.med-ph 2407.08650
q-fin.MF 2407.01542
q-fin.MF 2407.02831
q-fin.MF 2407.02901
q-fin.MF 2407.03285
q-fin.MF 2407.02496
q-fin.MF 2407.03781
q-fin.MF 2407.04354
q-fin.MF 2407.04510
q-fin.MF 2407.03431
q-fin.MF 2407.03960
q-fin.MF 2407.04520
q-fin.MF 2407.04860
q-fin.MF 2407.05142
q-fin.MF 2407.05146
q-fin.MF 2407.08477
q-fin.MF 2407.08069
econ.TH 2407.01538
econ.TH 2407.01844
econ.TH 2407.02323
econ.TH 2407.02948
econ.TH 2407.04366
econ.TH 2407.05132
econ.TH 2407.05460
econ.TH 2407.04857
econ.TH 2407.05196
econ.TH 2407.05804
econ.TH 2407.07293
econ.TH 2407.07386
