cs.DC 2401.02431
cs.DC 2401.02453
cs.DC 2401.02563
cs.DC 2401.02734
cs.DC 2401.02740
cs.DC 2401.02469
cs.DC 2401.02472
cs.DC 2401.02668
cs.DC 2401.02669
cs.DC 2401.02680
cs.DC 2401.02756
cs.DC 2401.02811
cs.DC 2401.02920
cs.DC 2401.03040
cs.DC 2401.03083
cs.DC 2401.03159
cs.DC 2401.03230
cs.DC 2401.03489
cs.DC 2401.03748
cs.DC 2401.03235
cs.DC 2401.03256
cs.DC 2401.03319
cs.DC 2401.03353
cs.DC 2401.03365
cs.DC 2401.03378
cs.DC 2401.04289
cs.DC 2401.04338
cs.DC 2401.04472
cs.DC 2401.04494
cs.DC 2401.04552
cs.DC 2401.04701
cs.DC 2401.04836
cs.DC 2401.05031
cs.DC 2401.05039
cs.DC 2401.05239
cs.DC 2401.05427
cs.DC 2401.05518
cs.DC 2401.05562
cs.DC 2401.05895
cs.DC 2401.06089
cs.DC 2401.05868
cs.DC 2401.05965
cs.IT 2401.02597
cs.IT 2401.02609
cs.IT 2401.02674
cs.IT 2401.02701
cs.IT 2401.02844
cs.IT 2401.03059
cs.IT 2401.03726
cs.IT 2401.03820
cs.IT 2401.03923
cs.IT 2401.04039
cs.IT 2401.03062
cs.IT 2401.03333
cs.IT 2401.03391
cs.IT 2401.03754
cs.IT 2401.03852
cs.IT 2401.03898
cs.IT 2401.04020
cs.IT 2401.04059
cs.IT 2401.04077
cs.IT 2401.04098
cs.IT 2401.04190
cs.IT 2401.04232
cs.IT 2401.04305
cs.IT 2401.04430
cs.IT 2401.04495
cs.IT 2401.04248
cs.IT 2401.04358
cs.IT 2401.04360
cs.IT 2401.04539
cs.IT 2401.04636
cs.IT 2401.04675
cs.IT 2401.04950
cs.IT 2401.05196
cs.IT 2401.05233
cs.IT 2401.04827
cs.IT 2401.04884
cs.IT 2401.04885
cs.IT 2401.04904
cs.IT 2401.04906
cs.IT 2401.04908
cs.IT 2401.04912
cs.IT 2401.04918
cs.IT 2401.04941
cs.IT 2401.05045
cs.IT 2401.05102
cs.IT 2401.05164
cs.IT 2401.05171
cs.IT 2401.05182
cs.IT 2401.05247
cs.IT 2401.05286
cs.IT 2401.05452
cs.IT 2401.05717
cs.IT 2401.06085
cs.IT 2401.06125
cs.IT 2401.05690
cs.IT 2401.05725
cs.IT 2401.05731
cs.IT 2401.05833
cs.IT 2401.05859
cs.IT 2401.05882
cs.IT 2401.05888
cs.IT 2401.05898
cs.IT 2401.05902
cs.CV 2401.02329
cs.CV 2401.02437
cs.CV 2401.02524
cs.CV 2401.02526
cs.CV 2401.02536
cs.CV 2401.02537
cs.CV 2401.02539
cs.CV 2401.02564
cs.CV 2401.02565
cs.CV 2401.02633
cs.CV 2401.02695
cs.CV 2401.02723
cs.CV 2401.02744
cs.CV 2401.02759
cs.CV 2401.02794
cs.CV 2401.02814
cs.CV 2401.02906
cs.CV 2401.02419
cs.CV 2401.02424
cs.CV 2401.02430
cs.CV 2401.02432
cs.CV 2401.02433
cs.CV 2401.02435
cs.CV 2401.02436
cs.CV 2401.02460
cs.CV 2401.02473
cs.CV 2401.02501
cs.CV 2401.02523
cs.CV 2401.02550
cs.CV 2401.02582
cs.CV 2401.02588
cs.CV 2401.02600
cs.CV 2401.02606
cs.CV 2401.02607
cs.CV 2401.02610
cs.CV 2401.02611
cs.CV 2401.02614
cs.CV 2401.02616
cs.CV 2401.02634
cs.CV 2401.02646
cs.CV 2401.02649
cs.CV 2401.02651
cs.CV 2401.02656
cs.CV 2401.02677
cs.CV 2401.02687
cs.CV 2401.02702
cs.CV 2401.02717
cs.CV 2401.02719
cs.CV 2401.02727
cs.CV 2401.02746
cs.CV 2401.02758
cs.CV 2401.02764
cs.CV 2401.02791
cs.CV 2401.02804
cs.CV 2401.02826
cs.CV 2401.02831
cs.CV 2401.02838
cs.CV 2401.02841
cs.CV 2401.02847
cs.CV 2401.02861
cs.CV 2401.02916
cs.CV 2401.02931
cs.CV 2401.02937
cs.CV 2401.02941
cs.CV 2401.02955
cs.CV 2401.02957
cs.CV 2401.02960
cs.CV 2401.02961
cs.CV 2401.02962
cs.CV 2401.02995
cs.CV 2401.03002
cs.CV 2401.03005
cs.CV 2401.03040
cs.CV 2401.03060
cs.CV 2401.03131
cs.CV 2401.03132
cs.CV 2401.03166
cs.CV 2401.03170
cs.CV 2401.03173
cs.CV 2401.03190
cs.CV 2401.03195
cs.CV 2401.03250
cs.CV 2401.03267
cs.CV 2401.03271
cs.CV 2401.03302
cs.CV 2401.03384
cs.CV 2401.03411
cs.CV 2401.03495
cs.CV 2401.03582
cs.CV 2401.03615
cs.CV 2401.03621
cs.CV 2401.03638
cs.CV 2401.03639
cs.CV 2401.03641
cs.CV 2401.03664
cs.CV 2401.03695
cs.CV 2401.03814
cs.CV 2401.03830
cs.CV 2401.03885
cs.CV 2401.03912
cs.CV 2401.03922
cs.CV 2401.03993
cs.CV 2401.04079
cs.CV 2401.03037
cs.CV 2401.03043
cs.CV 2401.03048
cs.CV 2401.03070
cs.CV 2401.03085
cs.CV 2401.03105
cs.CV 2401.03108
cs.CV 2401.03115
cs.CV 2401.03122
cs.CV 2401.03142
cs.CV 2401.03145
cs.CV 2401.03149
cs.CV 2401.03152
cs.CV 2401.03153
cs.CV 2401.03157
cs.CV 2401.03167
cs.CV 2401.03177
cs.CV 2401.03179
cs.CV 2401.03182
cs.CV 2401.03191
cs.CV 2401.03201
cs.CV 2401.03203
cs.CV 2401.03220
cs.CV 2401.03221
cs.CV 2401.03253
cs.CV 2401.03257
cs.CV 2401.03262
cs.CV 2401.03275
cs.CV 2401.03298
cs.CV 2401.03312
cs.CV 2401.03317
cs.CV 2401.03331
cs.CV 2401.03340
cs.CV 2401.03349
cs.CV 2401.03379
cs.CV 2401.03395
cs.CV 2401.03407
cs.CV 2401.03431
cs.CV 2401.03433
cs.CV 2401.03450
cs.CV 2401.03459
cs.CV 2401.03470
cs.CV 2401.03499
cs.CV 2401.03522
cs.CV 2401.03540
cs.CV 2401.03575
cs.CV 2401.03587
cs.CV 2401.03604
cs.CV 2401.03637
cs.CV 2401.03665
cs.CV 2401.03694
cs.CV 2401.03704
cs.CV 2401.03707
cs.CV 2401.03742
cs.CV 2401.03749
cs.CV 2401.03753
cs.CV 2401.03764
cs.CV 2401.03765
cs.CV 2401.03771
cs.CV 2401.03785
cs.CV 2401.03788
cs.CV 2401.03792
cs.CV 2401.03800
cs.CV 2401.03806
cs.CV 2401.03828
cs.CV 2401.03835
cs.CV 2401.03836
cs.CV 2401.03844
cs.CV 2401.03846
cs.CV 2401.03851
cs.CV 2401.03854
cs.CV 2401.03870
cs.CV 2401.03872
cs.CV 2401.03890
cs.CV 2401.03901
cs.CV 2401.03907
cs.CV 2401.03914
cs.CV 2401.03939
cs.CV 2401.03989
cs.CV 2401.04023
cs.CV 2401.04071
cs.CV 2401.04092
cs.CV 2401.04099
cs.CV 2401.04105
cs.CV 2401.04114
cs.CV 2401.04116
cs.CV 2401.04181
cs.CV 2401.04244
cs.CV 2401.04377
cs.CV 2401.04405
cs.CV 2401.04570
cs.CV 2401.04722
cs.CV 2401.04143
cs.CV 2401.04150
cs.CV 2401.04154
cs.CV 2401.04210
cs.CV 2401.04230
cs.CV 2401.04241
cs.CV 2401.04247
cs.CV 2401.04257
cs.CV 2401.04290
cs.CV 2401.04317
cs.CV 2401.04325
cs.CV 2401.04330
cs.CV 2401.04332
cs.CV 2401.04339
cs.CV 2401.04345
cs.CV 2401.04350
cs.CV 2401.04354
cs.CV 2401.04357
cs.CV 2401.04362
cs.CV 2401.04364
cs.CV 2401.04390
cs.CV 2401.04403
cs.CV 2401.04406
cs.CV 2401.04425
cs.CV 2401.04435
cs.CV 2401.04437
cs.CV 2401.04441
cs.CV 2401.04448
cs.CV 2401.04463
cs.CV 2401.04464
cs.CV 2401.04468
cs.CV 2401.04486
cs.CV 2401.04550
cs.CV 2401.04560
cs.CV 2401.04575
cs.CV 2401.04578
cs.CV 2401.04585
cs.CV 2401.04608
cs.CV 2401.04614
cs.CV 2401.04647
cs.CV 2401.04651
cs.CV 2401.04666
cs.CV 2401.04680
cs.CV 2401.04716
cs.CV 2401.04718
cs.CV 2401.04720
cs.CV 2401.04727
cs.CV 2401.04728
cs.CV 2401.04730
cs.CV 2401.04740
cs.CV 2401.04746
cs.CV 2401.04747
cs.CV 2401.04791
cs.CV 2401.04923
cs.CV 2401.05137
cs.CV 2401.05308
cs.CV 2401.05314
cs.CV 2401.04739
cs.CV 2401.04748
cs.CV 2401.04750
cs.CV 2401.04801
cs.CV 2401.04860
cs.CV 2401.04861
cs.CV 2401.04872
cs.CV 2401.04903
cs.CV 2401.04921
cs.CV 2401.04942
cs.CV 2401.04956
cs.CV 2401.04961
cs.CV 2401.04962
cs.CV 2401.04975
cs.CV 2401.04984
cs.CV 2401.04988
cs.CV 2401.05010
cs.CV 2401.05011
cs.CV 2401.05014
cs.CV 2401.05018
cs.CV 2401.05049
cs.CV 2401.05055
cs.CV 2401.05093
cs.CV 2401.05126
cs.CV 2401.05153
cs.CV 2401.05157
cs.CV 2401.05159
cs.CV 2401.05163
cs.CV 2401.05166
cs.CV 2401.05167
cs.CV 2401.05168
cs.CV 2401.05202
cs.CV 2401.05217
cs.CV 2401.05224
cs.CV 2401.05232
cs.CV 2401.05236
cs.CV 2401.05252
cs.CV 2401.05293
cs.CV 2401.05294
cs.CV 2401.05334
cs.CV 2401.05335
cs.CV 2401.05336
cs.CV 2401.05407
cs.CV 2401.05481
cs.CV 2401.05604
cs.CV 2401.05772
cs.CV 2401.05820
cs.CV 2401.05827
cs.CV 2401.05964
cs.CV 2401.06000
cs.CV 2401.06005
cs.CV 2401.06122
cs.CV 2401.05338
cs.CV 2401.05339
cs.CV 2401.05345
cs.CV 2401.05352
cs.CV 2401.05353
cs.CV 2401.05355
cs.CV 2401.05362
cs.CV 2401.05379
cs.CV 2401.05390
cs.CV 2401.05392
cs.CV 2401.05396
cs.CV 2401.05401
cs.CV 2401.05412
cs.CV 2401.05465
cs.CV 2401.05516
cs.CV 2401.05520
cs.CV 2401.05530
cs.CV 2401.05570
cs.CV 2401.05577
cs.CV 2401.05583
cs.CV 2401.05584
cs.CV 2401.05593
cs.CV 2401.05594
cs.CV 2401.05602
cs.CV 2401.05625
cs.CV 2401.05633
cs.CV 2401.05638
cs.CV 2401.05646
cs.CV 2401.05675
cs.CV 2401.05676
cs.CV 2401.05686
cs.CV 2401.05698
cs.CV 2401.05702
cs.CV 2401.05730
cs.CV 2401.05735
cs.CV 2401.05738
cs.CV 2401.05745
cs.CV 2401.05750
cs.CV 2401.05752
cs.CV 2401.05768
cs.CV 2401.05771
cs.CV 2401.05779
cs.CV 2401.05806
cs.CV 2401.05807
cs.CV 2401.05870
cs.CV 2401.05879
cs.CV 2401.05891
cs.CV 2401.05901
cs.CV 2401.05906
cs.CV 2401.05907
cs.CV 2401.05925
cs.CV 2401.05968
cs.CV 2401.05971
cs.CV 2401.05994
cs.CV 2401.06003
cs.CV 2401.06009
cs.CV 2401.06010
cs.CV 2401.06013
cs.CV 2401.06019
cs.CV 2401.06031
cs.CV 2401.06035
cs.CV 2401.06052
cs.CV 2401.06056
cs.CV 2401.06071
cs.CV 2401.06105
cs.CV 2401.06116
cs.CV 2401.06126
cs.CV 2401.06127
cs.CV 2401.06129
cs.AI 2108.11092
cs.AI 2401.02421
cs.AI 2401.02424
cs.AI 2401.02425
cs.AI 2401.02427
cs.AI 2401.02429
cs.AI 2401.02430
cs.AI 2401.02433
cs.AI 2401.02452
cs.AI 2401.02456
cs.AI 2401.02457
cs.AI 2401.02458
cs.AI 2401.02465
cs.AI 2401.02509
cs.AI 2401.02511
cs.AI 2401.02516
cs.AI 2401.02523
cs.AI 2401.02524
cs.AI 2401.02540
cs.AI 2401.02542
cs.AI 2401.02575
cs.AI 2401.02576
cs.AI 2401.02586
cs.AI 2401.02588
cs.AI 2401.02589
cs.AI 2401.02591
cs.AI 2401.02600
cs.AI 2401.02602
cs.AI 2401.02627
cs.AI 2401.02644
cs.AI 2401.02652
cs.AI 2401.02653
cs.AI 2401.02661
cs.AI 2401.02663
cs.AI 2401.02665
cs.AI 2401.02673
cs.AI 2401.02677
cs.AI 2401.02683
cs.AI 2401.02708
cs.AI 2401.02709
cs.AI 2401.02710
cs.AI 2401.02713
cs.AI 2401.02717
cs.AI 2401.02719
cs.AI 2401.02727
cs.AI 2401.02740
cs.AI 2401.02773
cs.AI 2401.02777
cs.AI 2401.02797
cs.AI 2401.02810
cs.AI 2401.02838
cs.AI 2401.02839
cs.AI 2401.02843
cs.AI 2401.02860
cs.AI 2401.02870
cs.AI 2401.02873
cs.AI 2401.02884
cs.AI 2401.02905
cs.AI 2401.02920
cs.AI 2401.02941
cs.AI 2401.02949
cs.AI 2401.02954
cs.AI 2401.02500
cs.AI 2401.02549
cs.AI 2401.02620
cs.AI 2401.02643
cs.AI 2401.02703
cs.AI 2401.02705
cs.AI 2401.02726
cs.AI 2401.02731
cs.AI 2401.02744
cs.AI 2401.02749
cs.AI 2401.02851
cs.AI 2401.02863
cs.AI 2401.02962
cs.AI 2401.02971
cs.AI 2401.02974
cs.AI 2401.02976
cs.AI 2401.02978
cs.AI 2401.02979
cs.AI 2401.02981
cs.AI 2401.02982
cs.AI 2401.02984
cs.AI 2401.02985
cs.AI 2401.02986
cs.AI 2401.02987
cs.AI 2401.02991
cs.AI 2401.02992
cs.AI 2401.02993
cs.AI 2401.02994
cs.AI 2401.02995
cs.AI 2401.02997
cs.AI 2401.03000
cs.AI 2401.03006
cs.AI 2401.03040
cs.AI 2401.03059
cs.AI 2401.03065
cs.AI 2401.03131
cs.AI 2401.03134
cs.AI 2401.03137
cs.AI 2401.03138
cs.AI 2401.03154
cs.AI 2401.03158
cs.AI 2401.03160
cs.AI 2401.03167
cs.AI 2401.03171
cs.AI 2401.03175
cs.AI 2401.03190
cs.AI 2401.03196
cs.AI 2401.03214
cs.AI 2401.03221
cs.AI 2401.03233
cs.AI 2401.03238
cs.AI 2401.03244
cs.AI 2401.03246
cs.AI 2401.03267
cs.AI 2401.03275
cs.AI 2401.03302
cs.AI 2401.03306
cs.AI 2401.03310
cs.AI 2401.03312
cs.AI 2401.03314
cs.AI 2401.03315
cs.AI 2401.03319
cs.AI 2401.03322
cs.AI 2401.03337
cs.AI 2401.03343
cs.AI 2401.03346
cs.AI 2401.03358
cs.AI 2401.03374
cs.AI 2401.03397
cs.AI 2401.03406
cs.AI 2401.03424
cs.AI 2401.03426
cs.AI 2401.03461
cs.AI 2401.03462
cs.AI 2401.03467
cs.AI 2401.03469
cs.AI 2401.03470
cs.AI 2401.03473
cs.AI 2401.03476
cs.AI 2401.03489
cs.AI 2401.03497
cs.AI 2401.03499
cs.AI 2401.03512
cs.AI 2401.03531
cs.AI 2401.03545
cs.AI 2401.03552
cs.AI 2401.03562
cs.AI 2401.03581
cs.AI 2401.03587
cs.AI 2401.03597
cs.AI 2401.03599
cs.AI 2401.03601
cs.AI 2401.03605
cs.AI 2401.03609
cs.AI 2401.03621
cs.AI 2401.03630
cs.AI 2401.03631
cs.AI 2401.03639
cs.AI 2401.03676
cs.AI 2401.03694
cs.AI 2401.03695
cs.AI 2401.03717
cs.AI 2401.03729
cs.AI 2401.03737
cs.AI 2401.03756
cs.AI 2401.03768
cs.AI 2401.03786
cs.AI 2401.03804
cs.AI 2401.03830
cs.AI 2401.03854
cs.AI 2401.03855
cs.AI 2401.03857
cs.AI 2401.03868
cs.AI 2401.03890
cs.AI 2401.03910
cs.AI 2401.03925
cs.AI 2401.03955
cs.AI 2401.03988
cs.AI 2401.03993
cs.AI 2401.03999
cs.AI 2401.04003
cs.AI 2401.04023
cs.AI 2401.04057
cs.AI 2401.04081
cs.AI 2401.04105
cs.AI 2401.03082
cs.AI 2401.03093
cs.AI 2401.03128
cs.AI 2401.03188
cs.AI 2401.03194
cs.AI 2401.03197
cs.AI 2401.03408
cs.AI 2401.03410
cs.AI 2401.03428
cs.AI 2401.03454
cs.AI 2401.03504
cs.AI 2401.03529
cs.AI 2401.03546
cs.AI 2401.03568
cs.AI 2401.03880
cs.AI 2401.03991
cs.AI 2401.03301
cs.AI 2401.04108
cs.AI 2401.04119
cs.AI 2401.04120
cs.AI 2401.04122
cs.AI 2401.04124
cs.AI 2401.04125
cs.AI 2401.04130
cs.AI 2401.04133
cs.AI 2401.04134
cs.AI 2401.04135
cs.AI 2401.04136
cs.AI 2401.04138
cs.AI 2401.04141
cs.AI 2401.04144
cs.AI 2401.04145
cs.AI 2401.04148
cs.AI 2401.04152
cs.AI 2401.04154
cs.AI 2401.04192
cs.AI 2401.04198
cs.AI 2401.04206
cs.AI 2401.04210
cs.AI 2401.04247
cs.AI 2401.04290
cs.AI 2401.04319
cs.AI 2401.04330
cs.AI 2401.04331
cs.AI 2401.04334
cs.AI 2401.04336
cs.AI 2401.04339
cs.AI 2401.04351
cs.AI 2401.04357
cs.AI 2401.04361
cs.AI 2401.04362
cs.AI 2401.04385
cs.AI 2401.04402
cs.AI 2401.04405
cs.AI 2401.04422
cs.AI 2401.04437
cs.AI 2401.04441
cs.AI 2401.04468
cs.AI 2401.04472
cs.AI 2401.04474
cs.AI 2401.04478
cs.AI 2401.04481
cs.AI 2401.04489
cs.AI 2401.04507
cs.AI 2401.04515
cs.AI 2401.04518
cs.AI 2401.04531
cs.AI 2401.04536
cs.AI 2401.04575
cs.AI 2401.04577
cs.AI 2401.04579
cs.AI 2401.04620
cs.AI 2401.04621
cs.AI 2401.04637
cs.AI 2401.04647
cs.AI 2401.04648
cs.AI 2401.04658
cs.AI 2401.04666
cs.AI 2401.04679
cs.AI 2401.04728
cs.AI 2401.04374
cs.AI 2401.04429
cs.AI 2401.04631
cs.AI 2311.06067
cs.AI 2312.17286
cs.AI 2401.04732
cs.AI 2401.04736
cs.AI 2401.04737
cs.AI 2401.04739
cs.AI 2401.04747
cs.AI 2401.04748
cs.AI 2401.04749
cs.AI 2401.04757
cs.AI 2401.04820
cs.AI 2401.04821
cs.AI 2401.04846
cs.AI 2401.04849
cs.AI 2401.04851
cs.AI 2401.04858
cs.AI 2401.04867
cs.AI 2401.04898
cs.AI 2401.04925
cs.AI 2401.04929
cs.AI 2401.04934
cs.AI 2401.04950
cs.AI 2401.04978
cs.AI 2401.04979
cs.AI 2401.04980
cs.AI 2401.04993
cs.AI 2401.05010
cs.AI 2401.05014
cs.AI 2401.05033
cs.AI 2401.05043
cs.AI 2401.05054
cs.AI 2401.05097
cs.AI 2401.05115
cs.AI 2401.05159
cs.AI 2401.05163
cs.AI 2401.05176
cs.AI 2401.05193
cs.AI 2401.05194
cs.AI 2401.05199
cs.AI 2401.05200
cs.AI 2401.05204
cs.AI 2401.05215
cs.AI 2401.05219
cs.AI 2401.05224
cs.AI 2401.05251
cs.AI 2401.05268
cs.AI 2401.05273
cs.AI 2401.05300
cs.AI 2401.05302
cs.AI 2401.04812
cs.AI 2401.05133
cs.AI 2401.05134
cs.AI 2401.05342
cs.AI 2401.05346
cs.AI 2401.05350
cs.AI 2401.05355
cs.AI 2401.05362
cs.AI 2401.05370
cs.AI 2401.05373
cs.AI 2401.05375
cs.AI 2401.05384
cs.AI 2401.05391
cs.AI 2401.05392
cs.AI 2401.05395
cs.AI 2401.05398
cs.AI 2401.05399
cs.AI 2401.05400
cs.AI 2401.05401
cs.AI 2401.05402
cs.AI 2401.05403
cs.AI 2401.05406
cs.AI 2401.05409
cs.AI 2401.05412
cs.AI 2401.05416
cs.AI 2401.05418
cs.AI 2401.05422
cs.AI 2401.05426
cs.AI 2401.05431
cs.AI 2401.05432
cs.AI 2401.05433
cs.AI 2401.05434
cs.AI 2401.05437
cs.AI 2401.05442
cs.AI 2401.05443
cs.AI 2401.05444
cs.AI 2401.05446
cs.AI 2401.05447
cs.AI 2401.05453
cs.AI 2401.05458
cs.AI 2401.05459
cs.AI 2401.05461
cs.AI 2401.05467
cs.AI 2401.05468
cs.AI 2401.05476
cs.AI 2401.05477
cs.AI 2401.05478
cs.AI 2401.05502
cs.AI 2401.05507
cs.AI 2401.05509
cs.AI 2401.05516
cs.AI 2401.05518
cs.AI 2401.05520
cs.AI 2401.05521
cs.AI 2401.05535
cs.AI 2401.05544
cs.AI 2401.05566
cs.AI 2401.05570
cs.AI 2401.05572
cs.AI 2401.05584
cs.AI 2401.05596
cs.AI 2401.05604
cs.AI 2401.05610
cs.AI 2401.05618
cs.AI 2401.05631
cs.AI 2401.05667
cs.AI 2401.05680
cs.AI 2401.05683
cs.AI 2401.05700
cs.AI 2401.05730
cs.AI 2401.05749
cs.AI 2401.05772
cs.AI 2401.05778
cs.AI 2401.05799
cs.AI 2401.05800
cs.AI 2401.05811
cs.AI 2401.05815
cs.AI 2401.05827
cs.AI 2401.05831
cs.AI 2401.05840
cs.AI 2401.05848
cs.AI 2401.05849
cs.AI 2401.05870
cs.AI 2401.05895
cs.AI 2401.05914
cs.AI 2401.05925
cs.AI 2401.05930
cs.AI 2401.05932
cs.AI 2401.05939
cs.AI 2401.05940
cs.AI 2401.05946
cs.AI 2401.05949
cs.AI 2401.05964
cs.AI 2401.05969
cs.AI 2401.05975
cs.AI 2401.05998
cs.AI 2401.06005
cs.AI 2401.06013
cs.AI 2401.06048
cs.AI 2401.06059
cs.AI 2401.06086
cs.AI 2401.06088
cs.AI 2401.06102
cs.AI 2401.06122
cs.AI 2401.06127
cs.AI 2401.05654
cs.AI 2401.05743
cs.AI 2401.05822
cs.AI 2401.05960
cs.AI 2401.06072
cs.AI 2401.06080
cs.AR 2401.02567
cs.AR 2401.02570
cs.AR 2401.02669
cs.AR 2401.02721
cs.AR 2401.03588
cs.AR 2401.03531
cs.AR 2401.03868
cs.AR 2401.04012
cs.AR 2401.04349
cs.AR 2401.04261
cs.AR 2401.04744
cs.AR 2401.05154
cs.AR 2401.05571
cs.AR 2401.05357
cs.AR 2401.05391
cs.AR 2401.05548
cs.AR 2401.05626
cs.CR 2401.02652
cs.CR 2401.02663
cs.CR 2401.02718
cs.CR 2401.02447
cs.CR 2401.02450
cs.CR 2401.02451
cs.CR 2401.02453
cs.CR 2401.02567
cs.CR 2401.02615
cs.CR 2401.02633
cs.CR 2401.02659
cs.CR 2401.02686
cs.CR 2401.02787
cs.CR 2401.02803
cs.CR 2401.02880
cs.CR 2401.02906
cs.CR 2401.02935
cs.CR 2401.03215
cs.CR 2401.03230
cs.CR 2401.03488
cs.CR 2401.03530
cs.CR 2401.03748
cs.CR 2401.03790
cs.CR 2401.03936
cs.CR 2401.02960
cs.CR 2401.03116
cs.CR 2401.03118
cs.CR 2401.03196
cs.CR 2401.03204
cs.CR 2401.03218
cs.CR 2401.03315
cs.CR 2401.03491
cs.CR 2401.03552
cs.CR 2401.03560
cs.CR 2401.03582
cs.CR 2401.03675
cs.CR 2401.03703
cs.CR 2401.03780
cs.CR 2401.03807
cs.CR 2401.03848
cs.CR 2401.03864
cs.CR 2401.04076
cs.CR 2401.04311
cs.CR 2401.04336
cs.CR 2401.04343
cs.CR 2401.04364
cs.CR 2401.04411
cs.CR 2401.04567
cs.CR 2401.04131
cs.CR 2401.04136
cs.CR 2401.04308
cs.CR 2401.04349
cs.CR 2401.04495
cs.CR 2401.04538
cs.CR 2401.04662
cs.CR 2401.04707
cs.CR 2401.04956
cs.CR 2401.05146
cs.CR 2401.05239
cs.CR 2401.04792
cs.CR 2401.04820
cs.CR 2401.04929
cs.CR 2401.04958
cs.CR 2401.05432
cs.CR 2401.05441
cs.CR 2401.05562
cs.CR 2401.05641
cs.CR 2401.05739
cs.CR 2401.05753
cs.CR 2401.05895
cs.CR 2401.05509
cs.CR 2401.05566
cs.CR 2401.05569
cs.CR 2401.05680
cs.CR 2401.05797
cs.CR 2401.05896
cs.CR 2401.05943
cs.CR 2401.05947
cs.CR 2401.05961
cs.CR 2401.06030
cs.MA 2401.02471
cs.MA 2401.02726
cs.MA 2401.02870
cs.MA 2401.03154
cs.MA 2401.03408
cs.MA 2401.03428
cs.MA 2401.03489
cs.MA 2401.03610
cs.MA 2401.03896
cs.MA 2401.03307
cs.MA 2401.03630
cs.MA 2401.04264
cs.MA 2401.04290
cs.MA 2401.04429
cs.MA 2401.04705
cs.MA 2401.05083
cs.MA 2401.05133
cs.MA 2401.05268
cs.MA 2401.04795
cs.MA 2401.04851
cs.MA 2401.04934
cs.MA 2401.02899
cs.MA 2401.05375
cs.MA 2401.05572
cs.MA 2401.05657
cs.MA 2401.05799
cs.MA 2401.06086
cs.MA 2401.05563
cs.MA 2401.05860
cs.LG 2401.00134
cs.LG 2401.02424
cs.LG 2401.02429
cs.LG 2401.02430
cs.LG 2401.02433
cs.LG 2401.02437
cs.LG 2401.02438
cs.LG 2401.02447
cs.LG 2401.02450
cs.LG 2401.02451
cs.LG 2401.02453
cs.LG 2401.02501
cs.LG 2401.02511
cs.LG 2401.02520
cs.LG 2401.02523
cs.LG 2401.02566
cs.LG 2401.02575
cs.LG 2401.02592
cs.LG 2401.02656
cs.LG 2401.02668
cs.LG 2401.02675
cs.LG 2401.02686
cs.LG 2401.02687
cs.LG 2401.02735
cs.LG 2401.02791
cs.LG 2401.02801
cs.LG 2401.02827
cs.LG 2401.02843
cs.LG 2401.02847
cs.LG 2401.02879
cs.LG 2401.02889
cs.LG 2401.02890
cs.LG 2401.02902
cs.LG 2401.02903
cs.LG 2401.02938
cs.LG 2401.02940
cs.LG 2401.02950
cs.LG 2401.02954
cs.LG 2401.02456
cs.LG 2401.02457
cs.LG 2401.02458
cs.LG 2401.02465
cs.LG 2401.02508
cs.LG 2401.02524
cs.LG 2401.02526
cs.LG 2401.02536
cs.LG 2401.02544
cs.LG 2401.02552
cs.LG 2401.02561
cs.LG 2401.02576
cs.LG 2401.02586
cs.LG 2401.02591
cs.LG 2401.02602
cs.LG 2401.02630
cs.LG 2401.02644
cs.LG 2401.02650
cs.LG 2401.02652
cs.LG 2401.02653
cs.LG 2401.02661
cs.LG 2401.02663
cs.LG 2401.02665
cs.LG 2401.02682
cs.LG 2401.02683
cs.LG 2401.02708
cs.LG 2401.02713
cs.LG 2401.02718
cs.LG 2401.02721
cs.LG 2401.02723
cs.LG 2401.02734
cs.LG 2401.02736
cs.LG 2401.02739
cs.LG 2401.02740
cs.LG 2401.02771
cs.LG 2401.02773
cs.LG 2401.02810
cs.LG 2401.02860
cs.LG 2401.02904
cs.LG 2401.02905
cs.LG 2401.02914
cs.LG 2401.02930
cs.LG 2401.02949
cs.LG 2401.02989
cs.LG 2401.02991
cs.LG 2401.02996
cs.LG 2401.03000
cs.LG 2401.03003
cs.LG 2401.03058
cs.LG 2401.03065
cs.LG 2401.03069
cs.LG 2401.03078
cs.LG 2401.03085
cs.LG 2401.03116
cs.LG 2401.03123
cs.LG 2401.03132
cs.LG 2401.03151
cs.LG 2401.03152
cs.LG 2401.03154
cs.LG 2401.03162
cs.LG 2401.03173
cs.LG 2401.03175
cs.LG 2401.03192
cs.LG 2401.03194
cs.LG 2401.03195
cs.LG 2401.03197
cs.LG 2401.03228
cs.LG 2401.03251
cs.LG 2401.03253
cs.LG 2401.03267
cs.LG 2401.03302
cs.LG 2401.03314
cs.LG 2401.03319
cs.LG 2401.03331
cs.LG 2401.03336
cs.LG 2401.03346
cs.LG 2401.03349
cs.LG 2401.03359
cs.LG 2401.03369
cs.LG 2401.03388
cs.LG 2401.03390
cs.LG 2401.03406
cs.LG 2401.03410
cs.LG 2401.03451
cs.LG 2401.03497
cs.LG 2401.03506
cs.LG 2401.03512
cs.LG 2401.03515
cs.LG 2401.03552
cs.LG 2401.03560
cs.LG 2401.03568
cs.LG 2401.03571
cs.LG 2401.03573
cs.LG 2401.03580
cs.LG 2401.03605
cs.LG 2401.03615
cs.LG 2401.03621
cs.LG 2401.03631
cs.LG 2401.03639
cs.LG 2401.03653
cs.LG 2401.03664
cs.LG 2401.03677
cs.LG 2401.03692
cs.LG 2401.03700
cs.LG 2401.03708
cs.LG 2401.03723
cs.LG 2401.03728
cs.LG 2401.03737
cs.LG 2401.03785
cs.LG 2401.03792
cs.LG 2401.03797
cs.LG 2401.03831
cs.LG 2401.03846
cs.LG 2401.03862
cs.LG 2401.03892
cs.LG 2401.03910
cs.LG 2401.03912
cs.LG 2401.03921
cs.LG 2401.03922
cs.LG 2401.03923
cs.LG 2401.03925
cs.LG 2401.03936
cs.LG 2401.03968
cs.LG 2401.04023
cs.LG 2401.04071
cs.LG 2401.04079
cs.LG 2401.04082
cs.LG 2401.04086
cs.LG 2401.02961
cs.LG 2401.03001
cs.LG 2401.03006
cs.LG 2401.03040
cs.LG 2401.03051
cs.LG 2401.03059
cs.LG 2401.03077
cs.LG 2401.03083
cs.LG 2401.03097
cs.LG 2401.03104
cs.LG 2401.03114
cs.LG 2401.03131
cs.LG 2401.03134
cs.LG 2401.03137
cs.LG 2401.03138
cs.LG 2401.03140
cs.LG 2401.03156
cs.LG 2401.03159
cs.LG 2401.03160
cs.LG 2401.03163
cs.LG 2401.03170
cs.LG 2401.03171
cs.LG 2401.03198
cs.LG 2401.03206
cs.LG 2401.03214
cs.LG 2401.03215
cs.LG 2401.03230
cs.LG 2401.03233
cs.LG 2401.03240
cs.LG 2401.03246
cs.LG 2401.03301
cs.LG 2401.03306
cs.LG 2401.03322
cs.LG 2401.03341
cs.LG 2401.03350
cs.LG 2401.03384
cs.LG 2401.03397
cs.LG 2401.03482
cs.LG 2401.03488
cs.LG 2401.03489
cs.LG 2401.03492
cs.LG 2401.03494
cs.LG 2401.03530
cs.LG 2401.03534
cs.LG 2401.03562
cs.LG 2401.03597
cs.LG 2401.03609
cs.LG 2401.03619
cs.LG 2401.03638
cs.LG 2401.03646
cs.LG 2401.03685
cs.LG 2401.03695
cs.LG 2401.03717
cs.LG 2401.03722
cs.LG 2401.03736
cs.LG 2401.03748
cs.LG 2401.03756
cs.LG 2401.03768
cs.LG 2401.03786
cs.LG 2401.03790
cs.LG 2401.03824
cs.LG 2401.03830
cs.LG 2401.03857
cs.LG 2401.03896
cs.LG 2401.03932
cs.LG 2401.03947
cs.LG 2401.03955
cs.LG 2401.03960
cs.LG 2401.03965
cs.LG 2401.03988
cs.LG 2401.03993
cs.LG 2401.03999
cs.LG 2401.04004
cs.LG 2401.04013
cs.LG 2401.04051
cs.LG 2401.04056
cs.LG 2401.04062
cs.LG 2401.04067
cs.LG 2401.04081
cs.LG 2401.04088
cs.LG 2312.14848
cs.LG 2401.04114
cs.LG 2401.04119
cs.LG 2401.04125
cs.LG 2401.04154
cs.LG 2401.04168
cs.LG 2401.04191
cs.LG 2401.04212
cs.LG 2401.04237
cs.LG 2401.04286
cs.LG 2401.04364
cs.LG 2401.04372
cs.LG 2401.04374
cs.LG 2401.04408
cs.LG 2401.04425
cs.LG 2401.04431
cs.LG 2401.04464
cs.LG 2401.04478
cs.LG 2401.04482
cs.LG 2401.04491
cs.LG 2401.04508
cs.LG 2401.04511
cs.LG 2401.04514
cs.LG 2401.04535
cs.LG 2401.04536
cs.LG 2401.04553
cs.LG 2401.04558
cs.LG 2401.04577
cs.LG 2401.04585
cs.LG 2401.04631
cs.LG 2401.04632
cs.LG 2401.04637
cs.LG 2401.04647
cs.LG 2401.04666
cs.LG 2401.04679
cs.LG 2401.04722
cs.LG 2401.04729
cs.LG 2401.04130
cs.LG 2401.04133
cs.LG 2401.04135
cs.LG 2401.04139
cs.LG 2401.04141
cs.LG 2401.04144
cs.LG 2401.04145
cs.LG 2401.04148
cs.LG 2401.04151
cs.LG 2401.04198
cs.LG 2401.04246
cs.LG 2401.04250
cs.LG 2401.04266
cs.LG 2401.04280
cs.LG 2401.04282
cs.LG 2401.04301
cs.LG 2401.04305
cs.LG 2401.04311
cs.LG 2401.04331
cs.LG 2401.04336
cs.LG 2401.04338
cs.LG 2401.04343
cs.LG 2401.04351
cs.LG 2401.04368
cs.LG 2401.04369
cs.LG 2401.04385
cs.LG 2401.04397
cs.LG 2401.04402
cs.LG 2401.04452
cs.LG 2401.04472
cs.LG 2401.04489
cs.LG 2401.04572
cs.LG 2401.04612
cs.LG 2401.04648
cs.LG 2401.04669
cs.LG 2401.04682
cs.LG 2401.04691
cs.LG 2401.04732
cs.LG 2401.04744
cs.LG 2401.04746
cs.LG 2401.04748
cs.LG 2401.04778
cs.LG 2401.04783
cs.LG 2401.04795
cs.LG 2401.04847
cs.LG 2401.04851
cs.LG 2401.04855
cs.LG 2401.04858
cs.LG 2401.04872
cs.LG 2401.04874
cs.LG 2401.04890
cs.LG 2401.04900
cs.LG 2401.04929
cs.LG 2401.04934
cs.LG 2401.04938
cs.LG 2401.04960
cs.LG 2401.04965
cs.LG 2401.05041
cs.LG 2401.05049
cs.LG 2401.05064
cs.LG 2401.05111
cs.LG 2401.05121
cs.LG 2401.05126
cs.LG 2401.05206
cs.LG 2401.05211
cs.LG 2401.05224
cs.LG 2401.05226
cs.LG 2401.05244
cs.LG 2401.05268
cs.LG 2401.05295
cs.LG 2401.05308
cs.LG 2401.05335
cs.LG 2401.04741
cs.LG 2401.04749
cs.LG 2401.04751
cs.LG 2401.04757
cs.LG 2401.04829
cs.LG 2401.04837
cs.LG 2401.04856
cs.LG 2401.04857
cs.LG 2401.04923
cs.LG 2401.04928
cs.LG 2401.04933
cs.LG 2401.04978
cs.LG 2401.04979
cs.LG 2401.04986
cs.LG 2401.04993
cs.LG 2401.05007
cs.LG 2401.05012
cs.LG 2401.05015
cs.LG 2401.05043
cs.LG 2401.05069
cs.LG 2401.05073
cs.LG 2401.05097
cs.LG 2401.05145
cs.LG 2401.05146
cs.LG 2401.05193
cs.LG 2401.05218
cs.LG 2401.05233
cs.LG 2401.05240
cs.LG 2401.05251
cs.LG 2401.05304
cs.LG 2401.05322
cs.LG 2401.05337
cs.LG 2401.05338
cs.LG 2401.05341
cs.LG 2401.05342
cs.LG 2401.05350
cs.LG 2401.05351
cs.LG 2401.05352
cs.LG 2401.05353
cs.LG 2401.05355
cs.LG 2401.05357
cs.LG 2401.05363
cs.LG 2401.05365
cs.LG 2401.05367
cs.LG 2401.05369
cs.LG 2401.05370
cs.LG 2401.05373
cs.LG 2401.05378
cs.LG 2401.05380
cs.LG 2401.05381
cs.LG 2401.05382
cs.LG 2401.05385
cs.LG 2401.05386
cs.LG 2401.05388
cs.LG 2401.05394
cs.LG 2401.05395
cs.LG 2401.05397
cs.LG 2401.05402
cs.LG 2401.05405
cs.LG 2401.05406
cs.LG 2401.05407
cs.LG 2401.05408
cs.LG 2401.05409
cs.LG 2401.05410
cs.LG 2401.05411
cs.LG 2401.05414
cs.LG 2401.05416
cs.LG 2401.05418
cs.LG 2401.05420
cs.LG 2401.05424
cs.LG 2401.05425
cs.LG 2401.05426
cs.LG 2401.05430
cs.LG 2401.05431
cs.LG 2401.05434
cs.LG 2401.05436
cs.LG 2401.05437
cs.LG 2401.05440
cs.LG 2401.05441
cs.LG 2401.05444
cs.LG 2401.05446
cs.LG 2401.05452
cs.LG 2401.05461
cs.LG 2401.05468
cs.LG 2401.05469
cs.LG 2401.05470
cs.LG 2401.05478
cs.LG 2401.05502
cs.LG 2401.05525
cs.LG 2401.05535
cs.LG 2401.05566
cs.LG 2401.05568
cs.LG 2401.05569
cs.LG 2401.05570
cs.LG 2401.05571
cs.LG 2401.05605
cs.LG 2401.05641
cs.LG 2401.05654
cs.LG 2401.05680
cs.LG 2401.05717
cs.LG 2401.05735
cs.LG 2401.05765
cs.LG 2401.05792
cs.LG 2401.05815
cs.LG 2401.05819
cs.LG 2401.05848
cs.LG 2401.05896
cs.LG 2401.05908
cs.LG 2401.05933
cs.LG 2401.05972
cs.LG 2401.05982
cs.LG 2401.06005
cs.LG 2401.06009
cs.LG 2401.06035
cs.LG 2401.06048
cs.LG 2401.06059
cs.LG 2401.06070
cs.LG 2401.06088
cs.LG 2401.06102
cs.LG 2401.06105
cs.LG 2401.06127
cs.LG 2401.05421
cs.LG 2401.05432
cs.LG 2401.05439
cs.LG 2401.05442
cs.LG 2401.05453
cs.LG 2401.05458
cs.LG 2401.05467
cs.LG 2401.05477
cs.LG 2401.05479
cs.LG 2401.05518
cs.LG 2401.05531
cs.LG 2401.05538
cs.LG 2401.05562
cs.LG 2401.05572
cs.LG 2401.05578
cs.LG 2401.05579
cs.LG 2401.05580
cs.LG 2401.05610
cs.LG 2401.05629
cs.LG 2401.05653
cs.LG 2401.05664
cs.LG 2401.05667
cs.LG 2401.05710
cs.LG 2401.05711
cs.LG 2401.05716
cs.LG 2401.05737
cs.LG 2401.05772
cs.LG 2401.05794
cs.LG 2401.05800
cs.LG 2401.05820
cs.LG 2401.05821
cs.LG 2401.05831
cs.LG 2401.05849
cs.LG 2401.05876
cs.LG 2401.05895
cs.LG 2401.05899
cs.LG 2401.05946
cs.LG 2401.05964
cs.LG 2401.05969
cs.LG 2401.06040
cs.LG 2401.06086
cs.LG 2401.06089
cs.LG 2401.06091
cs.LG 2401.06118
cs.LG 2401.06121
cs.LG 2401.06122
cs.CL 2401.02509
cs.CL 2401.02744
cs.CL 2401.02749
cs.CL 2401.02772
cs.CL 2401.02789
cs.CL 2401.02839
cs.CL 2401.02870
cs.CL 2401.02906
cs.CL 2401.02594
cs.CL 2401.02709
cs.CL 2401.02777
cs.CL 2401.02797
cs.CL 2401.02823
cs.CL 2401.02909
cs.CL 2401.02921
cs.CL 2401.02938
cs.CL 2401.02954
cs.CL 2401.02975
cs.CL 2401.03003
cs.CL 2401.03030
cs.CL 2401.03177
cs.CL 2401.03253
cs.CL 2401.03346
cs.CL 2401.03388
cs.CL 2401.03408
cs.CL 2401.03497
cs.CL 2401.03545
cs.CL 2401.03605
cs.CL 2401.03630
cs.CL 2401.03631
cs.CL 2401.03737
cs.CL 2401.03741
cs.CL 2401.03901
cs.CL 2401.03991
cs.CL 2401.04051
cs.CL 2401.04081
cs.CL 2401.04088
cs.CL 2401.02968
cs.CL 2401.02971
cs.CL 2401.02972
cs.CL 2401.02974
cs.CL 2401.02976
cs.CL 2401.02978
cs.CL 2401.02979
cs.CL 2401.02981
cs.CL 2401.02982
cs.CL 2401.02984
cs.CL 2401.02985
cs.CL 2401.02986
cs.CL 2401.02987
cs.CL 2401.02988
cs.CL 2401.02991
cs.CL 2401.02992
cs.CL 2401.02993
cs.CL 2401.02994
cs.CL 2401.02995
cs.CL 2401.02997
cs.CL 2401.03129
cs.CL 2401.03158
cs.CL 2401.03175
cs.CL 2401.03181
cs.CL 2401.03183
cs.CL 2401.03190
cs.CL 2401.03205
cs.CL 2401.03239
cs.CL 2401.03314
cs.CL 2401.03321
cs.CL 2401.03385
cs.CL 2401.03401
cs.CL 2401.03411
cs.CL 2401.03426
cs.CL 2401.03462
cs.CL 2401.03467
cs.CL 2401.03472
cs.CL 2401.03512
cs.CL 2401.03514
cs.CL 2401.03515
cs.CL 2401.03538
cs.CL 2401.03551
cs.CL 2401.03563
cs.CL 2401.03590
cs.CL 2401.03591
cs.CL 2401.03601
cs.CL 2401.03642
cs.CL 2401.03677
cs.CL 2401.03729
cs.CL 2401.03735
cs.CL 2401.03797
cs.CL 2401.03804
cs.CL 2401.03831
cs.CL 2401.03855
cs.CL 2401.03905
cs.CL 2401.03910
cs.CL 2401.03945
cs.CL 2401.03946
cs.CL 2401.04025
cs.CL 2401.04044
cs.CL 2401.04108
cs.CL 2401.04120
cs.CL 2401.04151
cs.CL 2401.04152
cs.CL 2401.04155
cs.CL 2401.04210
cs.CL 2401.04317
cs.CL 2401.04343
cs.CL 2401.04478
cs.CL 2401.04514
cs.CL 2401.04621
cs.CL 2401.04637
cs.CL 2401.04218
cs.CL 2401.04235
cs.CL 2401.04259
cs.CL 2401.04319
cs.CL 2401.04348
cs.CL 2401.04361
cs.CL 2401.04367
cs.CL 2401.04398
cs.CL 2401.04422
cs.CL 2401.04471
cs.CL 2401.04481
cs.CL 2401.04482
cs.CL 2401.04507
cs.CL 2401.04515
cs.CL 2401.04518
cs.CL 2401.04522
cs.CL 2401.04531
cs.CL 2401.04536
cs.CL 2401.04592
cs.CL 2401.04619
cs.CL 2401.04620
cs.CL 2401.04655
cs.CL 2401.04658
cs.CL 2401.04679
cs.CL 2401.04695
cs.CL 2401.04700
cs.CL 2401.04810
cs.CL 2401.04935
cs.CL 2401.05060
cs.CL 2401.05073
cs.CL 2401.05111
cs.CL 2401.05134
cs.CL 2401.05224
cs.CL 2401.05254
cs.CL 2401.05314
cs.CL 2401.04821
cs.CL 2401.04848
cs.CL 2401.04853
cs.CL 2401.04854
cs.CL 2401.04858
cs.CL 2401.04867
cs.CL 2401.04868
cs.CL 2401.04881
cs.CL 2401.04883
cs.CL 2401.04898
cs.CL 2401.04925
cs.CL 2401.04952
cs.CL 2401.04972
cs.CL 2401.05033
cs.CL 2401.05054
cs.CL 2401.05072
cs.CL 2401.05125
cs.CL 2401.05176
cs.CL 2401.05190
cs.CL 2401.05199
cs.CL 2401.05204
cs.CL 2401.05215
cs.CL 2401.05249
cs.CL 2401.05268
cs.CL 2401.05273
cs.CL 2401.05300
cs.CL 2401.05319
cs.CL 2401.05399
cs.CL 2401.05443
cs.CL 2401.05520
cs.CL 2401.05566
cs.CL 2401.05631
cs.CL 2401.05654
cs.CL 2401.05822
cs.CL 2401.05849
cs.CL 2401.06071
cs.CL 2401.06072
cs.CL 2401.06105
cs.CL 2401.06118
cs.CL 2401.06121
cs.CL 2401.05433
cs.CL 2401.05507
cs.CL 2401.05544
cs.CL 2401.05551
cs.CL 2401.05561
cs.CL 2401.05596
cs.CL 2401.05604
cs.CL 2401.05605
cs.CL 2401.05618
cs.CL 2401.05632
cs.CL 2401.05650
cs.CL 2401.05655
cs.CL 2401.05669
cs.CL 2401.05689
cs.CL 2401.05695
cs.CL 2401.05700
cs.CL 2401.05707
cs.CL 2401.05727
cs.CL 2401.05736
cs.CL 2401.05749
cs.CL 2401.05777
cs.CL 2401.05778
cs.CL 2401.05787
cs.CL 2401.05792
cs.CL 2401.05799
cs.CL 2401.05811
cs.CL 2401.05827
cs.CL 2401.05861
cs.CL 2401.05871
cs.CL 2401.05883
cs.CL 2401.05908
cs.CL 2401.05912
cs.CL 2401.05914
cs.CL 2401.05928
cs.CL 2401.05930
cs.CL 2401.05949
cs.CL 2401.05952
cs.CL 2401.05967
cs.CL 2401.05998
cs.CL 2401.06034
cs.CL 2401.06059
cs.CL 2401.06066
cs.CL 2401.06081
cs.CL 2401.06088
cs.CL 2401.06102
cs.CL 2401.06104
cs.CL 2401.06112
cs.NI 2401.02438
cs.NI 2401.02425
cs.NI 2401.02427
cs.NI 2401.02662
cs.NI 2401.02675
cs.NI 2401.02801
cs.NI 2401.01554
cs.NI 2401.02999
cs.NI 2401.03059
cs.NI 2401.03062
cs.NI 2401.03189
cs.NI 2401.03864
cs.NI 2401.04076
cs.NI 2401.04098
cs.NI 2401.03310
cs.NI 2401.03357
cs.NI 2401.03389
cs.NI 2401.03435
cs.NI 2401.03444
cs.NI 2401.03620
cs.NI 2401.03812
cs.NI 2401.04539
cs.NI 2401.04226
cs.NI 2401.04302
cs.NI 2401.04626
cs.NI 2401.04837
cs.NI 2401.04904
cs.NI 2401.04908
cs.NI 2401.04805
cs.NI 2401.04850
cs.NI 2401.04916
cs.NI 2401.04996
cs.NI 2401.05042
cs.NI 2401.05225
cs.NI 2401.05308
cs.NI 2401.05329
cs.NI 2401.05406
cs.NI 2401.05410
cs.NI 2401.05436
cs.NI 2401.05797
cs.NI 2401.05896
cs.NI 2401.05358
cs.NI 2401.05525
cs.NI 2401.05709
cs.RO 2401.02539
cs.RO 2401.02541
cs.RO 2401.02684
cs.RO 2401.02695
cs.RO 2401.02730
cs.RO 2401.02786
cs.RO 2401.02814
cs.RO 2401.02816
cs.RO 2401.02833
cs.RO 2401.02848
cs.RO 2401.02883
cs.RO 2401.02899
cs.RO 2401.02903
cs.RO 2401.03160
cs.RO 2401.03286
cs.RO 2401.03306
cs.RO 2401.03398
cs.RO 2401.03410
cs.RO 2401.03581
cs.RO 2401.03786
cs.RO 2401.03932
cs.RO 2401.03071
cs.RO 2401.03079
cs.RO 2401.03088
cs.RO 2401.03141
cs.RO 2401.03154
cs.RO 2401.03217
cs.RO 2401.03236
cs.RO 2401.03267
cs.RO 2401.03329
cs.RO 2401.03337
cs.RO 2401.03351
cs.RO 2401.03358
cs.RO 2401.03360
cs.RO 2401.03362
cs.RO 2401.03388
cs.RO 2401.03406
cs.RO 2401.03412
cs.RO 2401.03477
cs.RO 2401.03500
cs.RO 2401.03547
cs.RO 2401.03599
cs.RO 2401.03629
cs.RO 2401.03641
cs.RO 2401.03701
cs.RO 2401.03794
cs.RO 2401.03903
cs.RO 2401.03904
cs.RO 2401.03938
cs.RO 2401.03944
cs.RO 2401.04003
cs.RO 2401.04007
cs.RO 2401.04032
cs.RO 2401.04108
cs.RO 2401.04145
cs.RO 2401.04206
cs.RO 2401.04397
cs.RO 2401.04545
cs.RO 2401.04649
cs.RO 2401.04157
cs.RO 2401.04181
cs.RO 2401.04268
cs.RO 2401.04316
cs.RO 2401.04320
cs.RO 2401.04334
cs.RO 2401.04377
cs.RO 2401.04492
cs.RO 2401.04534
cs.RO 2401.04595
cs.RO 2401.04650
cs.RO 2401.04872
cs.RO 2401.04791
cs.RO 2401.04831
cs.RO 2401.04855
cs.RO 2401.04960
cs.RO 2401.04968
cs.RO 2401.04980
cs.RO 2401.05019
cs.RO 2401.05057
cs.RO 2401.05083
cs.RO 2401.05152
cs.RO 2401.05194
cs.RO 2401.05272
cs.RO 2401.05290
cs.RO 2401.05302
cs.RO 2401.05318
cs.RO 2401.05572
cs.RO 2401.05876
cs.RO 2401.05346
cs.RO 2401.05521
cs.RO 2401.05554
cs.RO 2401.05587
cs.RO 2401.05665
cs.RO 2401.05802
cs.RO 2401.05836
cs.RO 2401.05881
cs.RO 2401.05909
cs.RO 2401.06021
stat.TH 2401.02520
stat.TH 2401.02499
stat.TH 2401.03072
stat.TH 2401.03206
stat.TH 2401.03425
stat.TH 2401.04067
stat.TH 2401.03074
stat.TH 2401.03622
stat.TH 2401.03820
stat.TH 2401.03923
stat.TH 2401.04156
stat.TH 2401.04682
stat.TH 2401.04265
stat.TH 2401.04418
stat.TH 2401.04667
stat.TH 2401.04689
stat.TH 2401.04884
stat.TH 2401.05088
stat.TH 2401.05016
stat.TH 2401.05114
stat.TH 2401.05250
stat.TH 2401.05256
stat.TH 2401.05517
stat.TH 2401.05839
stat.TH 2401.05574
stat.TH 2401.05693
eess.IV 2401.02536
eess.IV 2401.02687
eess.IV 2401.02831
eess.IV 2401.02537
eess.IV 2401.02565
eess.IV 2401.02759
eess.IV 2401.02794
eess.IV 2401.02884
eess.IV 2401.02961
eess.IV 2401.02995
eess.IV 2401.03115
eess.IV 2401.03122
eess.IV 2401.03575
eess.IV 2401.03690
eess.IV 2401.03800
eess.IV 2401.03829
eess.IV 2401.03835
eess.IV 2401.04039
eess.IV 2401.02962
eess.IV 2401.03002
eess.IV 2401.03060
eess.IV 2401.03132
eess.IV 2401.03150
eess.IV 2401.03166
eess.IV 2401.03173
eess.IV 2401.03271
eess.IV 2401.03302
eess.IV 2401.03495
eess.IV 2401.03615
eess.IV 2401.03621
eess.IV 2401.03623
eess.IV 2401.03664
eess.IV 2401.03885
eess.IV 2401.03912
eess.IV 2401.03922
eess.IV 2401.04079
eess.IV 2309.15216
eess.IV 2401.04149
eess.IV 2401.04405
eess.IV 2401.04579
eess.IV 2401.04680
eess.IV 2401.04110
eess.IV 2401.04244
eess.IV 2401.04393
eess.IV 2401.04412
eess.IV 2401.04570
eess.IV 2401.04722
eess.IV 2401.04988
eess.IV 2401.05153
eess.IV 2401.05217
eess.IV 2401.04740
eess.IV 2401.04746
eess.IV 2401.04953
eess.IV 2401.05030
eess.IV 2401.05137
eess.IV 2401.05633
eess.IV 2401.05844
eess.IV 2401.06009
eess.IV 2401.05481
eess.IV 2401.05682
eess.IV 2401.05915
math.DS 2401.02511
math.DS 2401.02516
math.DS 2401.02555
math.DS 2401.02571
math.DS 2401.02628
math.DS 2401.02676
math.DS 2401.02747
math.DS 2401.02805
math.DS 2401.02822
math.DS 2401.02889
math.DS 2401.02776
math.DS 2401.03051
math.DS 2401.03192
math.DS 2401.03501
math.DS 2401.03593
math.DS 2401.03965
math.DS 2401.04047
math.DS 2401.04104
math.DS 2401.03174
math.DS 2401.03216
math.DS 2401.03299
math.DS 2401.03354
math.DS 2401.03419
math.DS 2401.03535
math.DS 2401.03557
math.DS 2401.03679
math.DS 2401.03724
math.DS 2401.03728
math.DS 2401.03843
math.DS 2401.03953
math.DS 2401.04058
math.DS 2401.04436
math.DS 2401.04508
math.DS 2401.04627
math.DS 2401.04635
math.DS 2401.04310
math.DS 2401.04324
math.DS 2401.04455
math.DS 2401.04787
math.DS 2401.04844
math.DS 2401.05211
math.DS 2401.05220
math.DS 2401.05003
math.DS 2401.05078
math.DS 2401.05118
math.DS 2401.05316
math.DS 2401.05027
math.DS 2401.05762
math.DS 2401.05981
math.DS 2401.06107
math.DS 2401.05356
math.DS 2401.05372
math.DS 2401.05374
math.DS 2401.05387
math.DS 2401.05672
math.DS 2401.05742
math.DS 2401.05795
math.DS 2401.05918
math.DS 2401.06006
math.DS 2401.06024
math.DS 2401.06094
eess.AS 2401.02566
eess.AS 2401.02584
eess.AS 2401.02626
eess.AS 2401.02678
eess.AS 2401.02921
eess.AS 2401.02463
eess.AS 2401.02673
eess.AS 2401.02839
eess.AS 2401.02996
eess.AS 2401.03000
eess.AS 2401.03424
eess.AS 2401.03473
eess.AS 2401.03476
eess.AS 2401.03538
eess.AS 2401.03697
eess.AS 2401.03856
eess.AS 2401.04023
eess.AS 2401.03078
eess.AS 2401.03251
eess.AS 2401.03286
eess.AS 2401.03291
eess.AS 2401.03441
eess.AS 2401.03448
eess.AS 2401.03458
eess.AS 2401.03468
eess.AS 2401.03493
eess.AS 2401.03497
eess.AS 2401.03506
eess.AS 2401.03567
eess.AS 2401.03650
eess.AS 2401.03687
eess.AS 2401.03689
eess.AS 2401.03816
eess.AS 2401.03850
eess.AS 2401.03936
eess.AS 2401.03963
eess.AS 2401.04152
eess.AS 2401.04154
eess.AS 2401.04210
eess.AS 2401.04235
eess.AS 2401.04389
eess.AS 2401.04394
eess.AS 2401.04558
eess.AS 2401.04577
eess.AS 2401.04127
eess.AS 2401.04283
eess.AS 2401.04447
eess.AS 2401.04511
eess.AS 2401.04737
eess.AS 2401.04747
eess.AS 2401.04868
eess.AS 2401.04935
eess.AS 2401.04964
eess.AS 2401.05060
eess.AS 2401.05064
eess.AS 2401.05111
eess.AS 2401.04976
eess.AS 2401.05187
eess.AS 2401.05314
eess.AS 2401.05531
eess.AS 2401.05551
eess.AS 2401.05614
eess.AS 2401.05689
eess.AS 2401.05698
eess.AS 2401.05757
eess.AS 2401.05850
eess.AS 2401.05717
eess.AS 2401.05809
eess.AS 2401.05916
cs.SY 2401.02523
cs.SY 2401.02555
cs.SY 2401.02653
cs.SY 2401.02771
cs.SY 2401.02883
cs.SY 2401.02445
cs.SY 2401.02511
cs.SY 2401.02516
cs.SY 2401.02670
cs.SY 2401.02888
cs.SY 2401.02902
cs.SY 2401.03071
cs.SY 2401.03097
cs.SY 2401.03248
cs.SY 2401.03267
cs.SY 2401.03381
cs.SY 2401.03500
cs.SY 2401.03564
cs.SY 2401.03619
cs.SY 2401.03726
cs.SY 2401.03888
cs.SY 2401.03944
cs.SY 2401.04032
cs.SY 2401.04098
cs.SY 2401.03012
cs.SY 2401.03124
cs.SY 2401.03135
cs.SY 2401.03284
cs.SY 2401.03352
cs.SY 2401.03363
cs.SY 2401.03425
cs.SY 2401.03555
cs.SY 2401.03588
cs.SY 2401.03652
cs.SY 2401.03680
cs.SY 2401.03799
cs.SY 2401.03878
cs.SY 2401.03997
cs.SY 2401.04068
cs.SY 2401.04556
cs.SY 2401.04650
cs.SY 2401.04653
cs.SY 2401.04487
cs.SY 2401.04508
cs.SY 2401.04660
cs.SY 2401.04705
cs.SY 2401.04787
cs.SY 2401.04837
cs.SY 2401.04960
cs.SY 2401.04968
cs.SY 2401.05083
cs.SY 2401.05194
cs.SY 2401.05211
cs.SY 2401.05233
cs.SY 2401.05251
cs.SY 2401.04734
cs.SY 2401.04736
cs.SY 2401.04799
cs.SY 2401.04864
cs.SY 2401.04998
cs.SY 2401.05074
cs.SY 2401.05100
cs.SY 2401.05170
cs.SY 2401.05221
cs.SY 2401.05354
cs.SY 2401.05521
cs.SY 2401.05629
cs.SY 2401.05737
cs.SY 2401.05898
cs.SY 2401.06098
cs.SY 2401.05639
cs.SY 2401.05782
cs.SY 2401.05808
cs.SY 2401.05835
cs.SY 2401.05857
cs.SY 2401.05894
cs.SY 2401.05950
cs.SY 2401.05993
eess.SP 2401.02427
eess.SP 2401.02592
eess.SP 2401.02662
eess.SP 2401.02674
eess.SP 2401.02701
eess.SP 2401.02773
eess.SP 2401.02844
eess.SP 2401.02905
eess.SP 2401.02438
eess.SP 2401.02597
eess.SP 2401.02715
eess.SP 2401.02927
eess.SP 2401.03059
eess.SP 2401.03062
eess.SP 2401.03131
eess.SP 2401.03233
eess.SP 2401.03310
eess.SP 2401.03322
eess.SP 2401.03357
eess.SP 2401.03488
eess.SP 2401.03560
eess.SP 2401.03620
eess.SP 2401.03650
eess.SP 2401.03693
eess.SP 2401.03754
eess.SP 2401.03898
eess.SP 2401.03923
eess.SP 2401.03988
eess.SP 2401.04004
eess.SP 2401.04059
eess.SP 2401.04077
eess.SP 2401.04098
eess.SP 2401.03189
eess.SP 2401.03375
eess.SP 2401.03396
eess.SP 2401.03420
eess.SP 2401.03430
eess.SP 2401.03453
eess.SP 2401.03516
eess.SP 2401.03626
eess.SP 2401.03726
eess.SP 2401.03873
eess.SP 2401.04127
eess.SP 2401.04148
eess.SP 2401.04351
eess.SP 2401.04358
eess.SP 2401.04636
eess.SP 2401.04232
eess.SP 2401.04239
eess.SP 2401.04430
eess.SP 2401.04513
eess.SP 2401.04805
eess.SP 2401.04953
eess.SP 2401.05030
eess.SP 2401.05164
eess.SP 2401.05171
eess.SP 2401.05182
eess.SP 2401.04830
eess.SP 2401.04938
eess.SP 2401.04964
eess.SP 2401.04965
eess.SP 2401.05000
eess.SP 2401.05025
eess.SP 2401.05326
eess.SP 2401.05412
eess.SP 2401.05580
eess.SP 2401.05617
eess.SP 2401.05690
eess.SP 2401.05709
eess.SP 2401.05711
eess.SP 2401.05725
eess.SP 2401.05833
eess.SP 2401.05882
eess.SP 2401.05888
eess.SP 2401.06076
eess.SP 2401.05363
eess.SP 2401.05365
eess.SP 2401.05367
eess.SP 2401.05376
eess.SP 2401.05378
eess.SP 2401.05381
eess.SP 2401.05383
eess.SP 2401.05385
eess.SP 2401.05386
eess.SP 2401.05388
eess.SP 2401.05389
eess.SP 2401.05394
eess.SP 2401.05397
eess.SP 2401.05405
eess.SP 2401.05406
eess.SP 2401.05407
eess.SP 2401.05408
eess.SP 2401.05409
eess.SP 2401.05410
eess.SP 2401.05411
eess.SP 2401.05413
eess.SP 2401.05416
eess.SP 2401.05418
eess.SP 2401.05420
eess.SP 2401.05422
eess.SP 2401.05425
eess.SP 2401.05426
eess.SP 2401.05427
eess.SP 2401.05431
eess.SP 2401.05434
eess.SP 2401.05435
eess.SP 2401.05436
eess.SP 2401.05437
eess.SP 2401.05440
eess.SP 2401.05446
eess.SP 2401.05452
eess.SP 2401.05469
eess.SP 2401.05474
eess.SP 2401.05480
eess.SP 2401.05515
eess.SP 2401.05606
eess.SP 2401.05663
eess.SP 2401.05763
eess.SP 2401.05819
eess.SP 2401.05900
eess.SP 2401.06000
math.PR 2401.02499
math.PR 2401.02462
math.PR 2401.02638
math.PR 2401.02725
math.PR 2401.02782
math.PR 2401.02815
math.PR 2401.02878
math.PR 2401.03193
math.PR 2401.03206
math.PR 2401.03245
math.PR 2401.03252
math.PR 2401.03487
math.PR 2401.03501
math.PR 2401.03662
math.PR 2401.04000
math.PR 2401.04013
math.PR 2401.04020
math.PR 2401.03063
math.PR 2401.03503
math.PR 2401.03576
math.PR 2401.03600
math.PR 2401.03647
math.PR 2401.03668
math.PR 2401.03832
math.PR 2401.03842
math.PR 2401.03927
math.PR 2401.03937
math.PR 2401.03977
math.PR 2401.03986
math.PR 2401.04378
math.PR 2401.04276
math.PR 2401.04366
math.PR 2401.04459
math.PR 2401.04566
math.PR 2401.04580
math.PR 2401.04598
math.PR 2401.04884
math.PR 2401.04959
math.PR 2401.05088
math.PR 2401.05114
math.PR 2401.04879
math.PR 2401.05038
math.PR 2401.05209
math.PR 2401.05263
math.PR 2401.05320
math.PR 2401.05368
math.PR 2401.05713
math.PR 2401.05718
math.PR 2401.05527
math.PR 2401.05681
math.PR 2401.05935
math.PR 2401.06073
math.OC 2401.02511
math.OC 2401.02516
math.OC 2401.02592
math.OC 2401.02601
math.OC 2401.02736
math.OC 2401.02449
math.OC 2401.02455
math.OC 2401.02461
math.OC 2401.02466
math.OC 2401.02471
math.OC 2401.02569
math.OC 2401.02581
math.OC 2401.02635
math.OC 2401.02672
math.OC 2401.02676
math.OC 2401.02873
math.OC 2401.02919
math.OC 2401.03031
math.OC 2401.03083
math.OC 2401.03206
math.OC 2401.03240
math.OC 2401.03245
math.OC 2401.03684
math.OC 2401.04071
math.OC 2401.03058
math.OC 2401.03076
math.OC 2401.03121
math.OC 2401.03136
math.OC 2401.03148
math.OC 2401.03155
math.OC 2401.03237
math.OC 2401.03242
math.OC 2401.03244
math.OC 2401.03276
math.OC 2401.03300
math.OC 2401.03381
math.OC 2401.03451
math.OC 2401.03556
math.OC 2401.03565
math.OC 2401.03580
math.OC 2401.03613
math.OC 2401.03636
math.OC 2401.03651
math.OC 2401.03692
math.OC 2401.03734
math.OC 2401.03805
math.OC 2401.03838
math.OC 2401.03893
math.OC 2401.03942
math.OC 2401.03951
math.OC 2401.03972
math.OC 2401.03998
math.OC 2401.04264
math.OC 2401.04324
math.OC 2401.04487
math.OC 2401.04508
math.OC 2401.04705
math.OC 2401.04237
math.OC 2401.04427
math.OC 2401.04563
math.OC 2401.04574
math.OC 2401.04640
math.OC 2401.04653
math.OC 2401.04657
math.OC 2401.04847
math.OC 2401.05078
math.OC 2401.05080
math.OC 2401.05100
math.OC 2401.05233
math.OC 2401.05235
math.OC 2401.05257
math.OC 2401.04754
math.OC 2401.04787
math.OC 2401.04806
math.OC 2401.04816
math.OC 2401.04866
math.OC 2401.04907
math.OC 2401.04920
math.OC 2401.04974
math.OC 2401.05041
math.OC 2401.05063
math.OC 2401.05076
math.OC 2401.05143
math.OC 2401.05196
math.OC 2401.05280
math.OC 2401.05292
math.OC 2401.02899
math.OC 2401.05394
math.OC 2401.05518
math.OC 2401.05535
math.OC 2401.05705
math.OC 2401.05713
math.OC 2401.05539
math.OC 2401.05599
math.OC 2401.05679
math.OC 2401.05684
math.OC 2401.05774
math.OC 2401.06020
math.OC 2401.06023
math.OC 2401.06098
