cs.DB 2406.04738
cs.DB 2406.04995
cs.DB 2406.05070
cs.DB 2406.05107
cs.DB 2406.05439
cs.DB 2406.05962
cs.DB 2406.05327
cs.DB 2406.05417
cs.DB 2406.05462
cs.DB 2406.05536
cs.DB 2406.05817
cs.DB 2406.06596
cs.DB 2406.06761
cs.DB 2406.06977
cs.DB 2406.07098
cs.DB 2406.06754
cs.DB 2406.06886
cs.DB 2406.07769
cs.DB 2406.08426
cs.DB 2406.08461
cs.DB 2406.07596
cs.DB 2406.07847
cs.DB 2406.09046
cs.DB 2406.08530
cs.DB 2406.08746
cs.DB 2406.09372
cs.CE 2406.03938
cs.CE 2406.04719
cs.CE 2406.04628
cs.CE 2406.05290
cs.CE 2406.05797
cs.CE 2406.05830
cs.CE 2406.06316
cs.CE 2406.05249
cs.CE 2406.05269
cs.CE 2406.05511
cs.CE 2406.06145
cs.CE 2406.06379
cs.CE 2406.07572
cs.CE 2406.08375
cs.CE 2406.08323
cs.CE 2406.09143
cs.CE 2406.09042
cs.DM 2406.04757
cs.DM 2406.06077
cs.DM 2406.06513
cs.DM 2406.05141
cs.DM 2406.05147
cs.DM 2310.11130
cs.DM 2406.06969
cs.DM 2406.06974
cs.DM 2406.07382
cs.DM 2406.06982
cs.DM 2406.07859
cs.DM 2406.08117
cs.DM 2406.08125
cs.DM 2406.08329
cs.DM 2406.08624
cs.DM 2406.09302
cs.DM 2406.09351
cs.CG 2406.04259
cs.CG 2406.03632
cs.CG 2406.03756
cs.CG 2406.04102
cs.CG 2406.05702
cs.CG 2406.05861
cs.CG 2406.07224
cs.CG 2306.04612
cs.CG 2406.07679
cs.CG 2406.08913
cs.CG 2406.09159
cs.CG 2406.09047
cs.GT 2406.04374
cs.GT 2406.05086
cs.GT 2406.05124
cs.GT 2406.05077
cs.GT 2406.05287
cs.GT 2406.06023
cs.GT 2406.06468
cs.GT 2406.05187
cs.GT 2406.05245
cs.GT 2406.05742
cs.GT 2406.05988
cs.GT 2406.06041
cs.GT 2406.06363
cs.GT 2406.06929
cs.GT 2406.07024
cs.GT 2406.07385
cs.GT 2406.07428
cs.GT 2406.07878
cs.GT 2406.08125
cs.GT 2406.08526
cs.GT 2406.08711
cs.GT 2406.09363
cs.GT 2406.08683
cs.GT 2406.08844
cs.GT 2406.08847
cs.GT 2406.09318
cs.DC 2406.04743
cs.DC 2406.04780
cs.DC 2406.04845
cs.DC 2406.04480
cs.DC 2406.04497
cs.DC 2406.04594
cs.DC 2406.04747
cs.DC 2406.04785
cs.DC 2406.05233
cs.DC 2406.05294
cs.DC 2406.05303
cs.DC 2406.05354
cs.DC 2406.05377
cs.DC 2406.06022
cs.DC 2406.06154
cs.DC 2406.06348
cs.DC 2406.05221
cs.DC 2406.05490
cs.DC 2406.05546
cs.DC 2406.05568
cs.DC 2406.05577
cs.DC 2406.05594
cs.DC 2406.05858
cs.DC 2406.05904
cs.DC 2406.05962
cs.DC 2406.06318
cs.DC 2406.06655
cs.DC 2406.06858
cs.DC 2406.07215
cs.DC 2406.07342
cs.DC 2406.07453
cs.DC 2406.06799
cs.DC 2406.06900
cs.DC 2406.06955
cs.DC 2406.06975
cs.DC 2406.06995
cs.DC 2406.07335
cs.DC 2406.07441
cs.DC 2406.07727
cs.DC 2406.07800
cs.DC 2406.08267
cs.DC 2406.08465
cs.DC 2406.07553
cs.DC 2406.07925
cs.DC 2406.07946
cs.DC 2406.08115
cs.DC 2406.08334
cs.DC 2406.08491
cs.DC 2406.08524
cs.DC 2406.08526
cs.DC 2406.08646
cs.DC 2406.09099
cs.DC 2406.09152
cs.DC 2406.08496
cs.DC 2406.08756
cs.DC 2406.08804
cs.DC 2406.08923
cs.CV 2406.04449
cs.CV 2406.04485
cs.CV 2406.04584
cs.CV 2406.04639
cs.CV 2406.04679
cs.CV 2406.04680
cs.CV 2406.04687
cs.CV 2406.04745
cs.CV 2406.04769
cs.CV 2406.04772
cs.CV 2406.04867
cs.CV 2406.04882
cs.CV 2406.04998
cs.CV 2406.05074
cs.CV 2406.05090
cs.CV 2406.05114
cs.CV 2406.05119
cs.CV 2406.05121
cs.CV 2406.04364
cs.CV 2406.04413
cs.CV 2406.04426
cs.CV 2406.04470
cs.CV 2406.04484
cs.CV 2406.04493
cs.CV 2406.04508
cs.CV 2406.04511
cs.CV 2406.04532
cs.CV 2406.04542
cs.CV 2406.04546
cs.CV 2406.04551
cs.CV 2406.04569
cs.CV 2406.04573
cs.CV 2406.04600
cs.CV 2406.04603
cs.CV 2406.04608
cs.CV 2406.04624
cs.CV 2406.04629
cs.CV 2406.04647
cs.CV 2406.04648
cs.CV 2406.04649
cs.CV 2406.04659
cs.CV 2406.04662
cs.CV 2406.04673
cs.CV 2406.04675
cs.CV 2406.04678
cs.CV 2406.04689
cs.CV 2406.04716
cs.CV 2406.04746
cs.CV 2406.04756
cs.CV 2406.04765
cs.CV 2406.04801
cs.CV 2406.04802
cs.CV 2406.04814
cs.CV 2406.04818
cs.CV 2406.04820
cs.CV 2406.04829
cs.CV 2406.04842
cs.CV 2406.04844
cs.CV 2406.04861
cs.CV 2406.04873
cs.CV 2406.04875
cs.CV 2406.04886
cs.CV 2406.04888
cs.CV 2406.04898
cs.CV 2406.04906
cs.CV 2406.04928
cs.CV 2406.04930
cs.CV 2406.04932
cs.CV 2406.04933
cs.CV 2406.04942
cs.CV 2406.04949
cs.CV 2406.04960
cs.CV 2406.04961
cs.CV 2406.04979
cs.CV 2406.04983
cs.CV 2406.04999
cs.CV 2406.05000
cs.CV 2406.05006
cs.CV 2406.05023
cs.CV 2406.05038
cs.CV 2406.05039
cs.CV 2406.05054
cs.CV 2406.05059
cs.CV 2406.05068
cs.CV 2406.05075
cs.CV 2406.05082
cs.CV 2406.05096
cs.CV 2406.05113
cs.CV 2406.05120
cs.CV 2406.05127
cs.CV 2406.05129
cs.CV 2406.05131
cs.CV 2406.05132
cs.CV 2406.05136
cs.CV 2406.05170
cs.CV 2406.05231
cs.CV 2406.05270
cs.CV 2406.05295
cs.CV 2406.05396
cs.CV 2406.05413
cs.CV 2406.05421
cs.CV 2406.05631
cs.CV 2406.05651
cs.CV 2406.05670
cs.CV 2406.05686
cs.CV 2406.05753
cs.CV 2406.05756
cs.CV 2406.05766
cs.CV 2406.05796
cs.CV 2406.05862
cs.CV 2406.05891
cs.CV 2406.05974
cs.CV 2406.05992
cs.CV 2406.06007
cs.CV 2406.06037
cs.CV 2406.06081
cs.CV 2406.06302
cs.CV 2406.06342
cs.CV 2406.06374
cs.CV 2406.06434
cs.CV 2406.06438
cs.CV 2406.06496
cs.CV 2406.06520
cs.CV 2406.05152
cs.CV 2406.05184
cs.CV 2406.05191
cs.CV 2406.05205
cs.CV 2406.05261
cs.CV 2406.05271
cs.CV 2406.05285
cs.CV 2406.05288
cs.CV 2406.05305
cs.CV 2406.05308
cs.CV 2406.05318
cs.CV 2406.05338
cs.CV 2406.05349
cs.CV 2406.05352
cs.CV 2406.05400
cs.CV 2406.05404
cs.CV 2406.05412
cs.CV 2406.05432
cs.CV 2406.05434
cs.CV 2406.05475
cs.CV 2406.05477
cs.CV 2406.05478
cs.CV 2406.05485
cs.CV 2406.05491
cs.CV 2406.05513
cs.CV 2406.05533
cs.CV 2406.05543
cs.CV 2406.05565
cs.CV 2406.05596
cs.CV 2406.05598
cs.CV 2406.05602
cs.CV 2406.05605
cs.CV 2406.05612
cs.CV 2406.05620
cs.CV 2406.05629
cs.CV 2406.05630
cs.CV 2406.05641
cs.CV 2406.05645
cs.CV 2406.05649
cs.CV 2406.05658
cs.CV 2406.05668
cs.CV 2406.05677
cs.CV 2406.05691
cs.CV 2406.05700
cs.CV 2406.05704
cs.CV 2406.05722
cs.CV 2406.05723
cs.CV 2406.05726
cs.CV 2406.05755
cs.CV 2406.05757
cs.CV 2406.05768
cs.CV 2406.05773
cs.CV 2406.05774
cs.CV 2406.05776
cs.CV 2406.05779
cs.CV 2406.05785
cs.CV 2406.05786
cs.CV 2406.05791
cs.CV 2406.05800
cs.CV 2406.05802
cs.CV 2406.05810
cs.CV 2406.05814
cs.CV 2406.05821
cs.CV 2406.05828
cs.CV 2406.05833
cs.CV 2406.05835
cs.CV 2406.05837
cs.CV 2406.05850
cs.CV 2406.05852
cs.CV 2406.05857
cs.CV 2406.05866
cs.CV 2406.05871
cs.CV 2406.05897
cs.CV 2406.05912
cs.CV 2406.05915
cs.CV 2406.05927
cs.CV 2406.05963
cs.CV 2406.05967
cs.CV 2406.05980
cs.CV 2406.06004
cs.CV 2406.06028
cs.CV 2406.06039
cs.CV 2406.06040
cs.CV 2406.06044
cs.CV 2406.06045
cs.CV 2406.06048
cs.CV 2406.06050
cs.CV 2406.06062
cs.CV 2406.06069
cs.CV 2406.06072
cs.CV 2406.06079
cs.CV 2406.06087
cs.CV 2406.06089
cs.CV 2406.06122
cs.CV 2406.06133
cs.CV 2406.06134
cs.CV 2406.06136
cs.CV 2406.06163
cs.CV 2406.06165
cs.CV 2406.06183
cs.CV 2406.06187
cs.CV 2406.06201
cs.CV 2406.06211
cs.CV 2406.06216
cs.CV 2406.06218
cs.CV 2406.06230
cs.CV 2406.06236
cs.CV 2406.06239
cs.CV 2406.06258
cs.CV 2406.06264
cs.CV 2406.06305
cs.CV 2406.06320
cs.CV 2406.06351
cs.CV 2406.06352
cs.CV 2406.06367
cs.CV 2406.06370
cs.CV 2406.06372
cs.CV 2406.06382
cs.CV 2406.06384
cs.CV 2406.06386
cs.CV 2406.06393
cs.CV 2406.06423
cs.CV 2406.06424
cs.CV 2406.06432
cs.CV 2406.06462
cs.CV 2406.06465
cs.CV 2406.06499
cs.CV 2406.06508
cs.CV 2406.06512
cs.CV 2406.06517
cs.CV 2406.06521
cs.CV 2406.06523
cs.CV 2406.06525
cs.CV 2406.06526
cs.CV 2406.06527
cs.CV 2406.06537
cs.CV 2406.06579
cs.CV 2406.06597
cs.CV 2406.06609
cs.CV 2406.06649
cs.CV 2406.06650
cs.CV 2406.06907
cs.CV 2406.06942
cs.CV 2406.07057
cs.CV 2406.07061
cs.CV 2406.07268
cs.CV 2406.07294
cs.CV 2406.07315
cs.CV 2406.07353
cs.CV 2406.07426
cs.CV 2406.07431
cs.CV 2406.07532
cs.CV 2406.07536
cs.CV 2406.06534
cs.CV 2406.06535
cs.CV 2406.06538
cs.CV 2406.06539
cs.CV 2406.06612
cs.CV 2406.06679
cs.CV 2406.06703
cs.CV 2406.06730
cs.CV 2406.06742
cs.CV 2406.06776
cs.CV 2406.06777
cs.CV 2406.06796
cs.CV 2406.06813
cs.CV 2406.06820
cs.CV 2406.06843
cs.CV 2406.06847
cs.CV 2406.06848
cs.CV 2406.06890
cs.CV 2406.06908
cs.CV 2406.06911
cs.CV 2406.06930
cs.CV 2406.06932
cs.CV 2406.06946
cs.CV 2406.06948
cs.CV 2406.06949
cs.CV 2406.06953
cs.CV 2406.06965
cs.CV 2406.06967
cs.CV 2406.06972
cs.CV 2406.06973
cs.CV 2406.06978
cs.CV 2406.06999
cs.CV 2406.07006
cs.CV 2406.07008
cs.CV 2406.07023
cs.CV 2406.07032
cs.CV 2406.07037
cs.CV 2406.07042
cs.CV 2406.07043
cs.CV 2406.07050
cs.CV 2406.07078
cs.CV 2406.07085
cs.CV 2406.07089
cs.CV 2406.07091
cs.CV 2406.07111
cs.CV 2406.07113
cs.CV 2406.07119
cs.CV 2406.07146
cs.CV 2406.07163
cs.CV 2406.07169
cs.CV 2406.07170
cs.CV 2406.07176
cs.CV 2406.07189
cs.CV 2406.07191
cs.CV 2406.07202
cs.CV 2406.07209
cs.CV 2406.07221
cs.CV 2406.07227
cs.CV 2406.07230
cs.CV 2406.07251
cs.CV 2406.07255
cs.CV 2406.07284
cs.CV 2406.07318
cs.CV 2406.07320
cs.CV 2406.07329
cs.CV 2406.07332
cs.CV 2406.07333
cs.CV 2406.07361
cs.CV 2406.07398
cs.CV 2406.07435
cs.CV 2406.07450
cs.CV 2406.07471
cs.CV 2406.07472
cs.CV 2406.07476
cs.CV 2406.07480
cs.CV 2406.07482
cs.CV 2406.07487
cs.CV 2406.07488
cs.CV 2406.07499
cs.CV 2406.07500
cs.CV 2406.07502
cs.CV 2406.07506
cs.CV 2406.07516
cs.CV 2406.07520
cs.CV 2406.07537
cs.CV 2406.07540
cs.CV 2406.07543
cs.CV 2406.07544
cs.CV 2406.07546
cs.CV 2406.07547
cs.CV 2406.07548
cs.CV 2406.07550
cs.CV 2406.07551
cs.CV 2406.07558
cs.CV 2406.07662
cs.CV 2406.07666
cs.CV 2406.07763
cs.CV 2406.07813
cs.CV 2406.07862
cs.CV 2406.07952
cs.CV 2406.08048
cs.CV 2406.08074
cs.CV 2406.08137
cs.CV 2406.08177
cs.CV 2406.08282
cs.CV 2406.08300
cs.CV 2406.08336
cs.CV 2406.08421
cs.CV 2406.08486
cs.CV 2406.07566
cs.CV 2406.07581
cs.CV 2406.07584
cs.CV 2406.07645
cs.CV 2406.07648
cs.CV 2406.07661
cs.CV 2406.07667
cs.CV 2406.07674
cs.CV 2406.07680
cs.CV 2406.07686
cs.CV 2406.07688
cs.CV 2406.07694
cs.CV 2406.07699
cs.CV 2406.07702
cs.CV 2406.07706
cs.CV 2406.07707
cs.CV 2406.07710
cs.CV 2406.07716
cs.CV 2406.07738
cs.CV 2406.07741
cs.CV 2406.07742
cs.CV 2406.07754
cs.CV 2406.07785
cs.CV 2406.07792
cs.CV 2406.07820
cs.CV 2406.07822
cs.CV 2406.07828
cs.CV 2406.07833
cs.CV 2406.07840
cs.CV 2406.07841
cs.CV 2406.07843
cs.CV 2406.07844
cs.CV 2406.07851
cs.CV 2406.07852
cs.CV 2406.07865
cs.CV 2406.07867
cs.CV 2406.07869
cs.CV 2406.07871
cs.CV 2406.07873
cs.CV 2406.07876
cs.CV 2406.07879
cs.CV 2406.07880
cs.CV 2406.07895
cs.CV 2406.07937
cs.CV 2406.07949
cs.CV 2406.07951
cs.CV 2406.07961
cs.CV 2406.07966
cs.CV 2406.07986
cs.CV 2406.08001
cs.CV 2406.08009
cs.CV 2406.08020
cs.CV 2406.08024
cs.CV 2406.08031
cs.CV 2406.08035
cs.CV 2406.08037
cs.CV 2406.08046
cs.CV 2406.08063
cs.CV 2406.08070
cs.CV 2406.08079
cs.CV 2406.08085
cs.CV 2406.08089
cs.CV 2406.08090
cs.CV 2406.08096
cs.CV 2406.08102
cs.CV 2406.08113
cs.CV 2406.08149
cs.CV 2406.08152
cs.CV 2406.08164
cs.CV 2406.08171
cs.CV 2406.08176
cs.CV 2406.08192
cs.CV 2406.08204
cs.CV 2406.08217
cs.CV 2406.08222
cs.CV 2406.08226
cs.CV 2406.08231
cs.CV 2406.08232
cs.CV 2406.08249
cs.CV 2406.08285
cs.CV 2406.08292
cs.CV 2406.08294
cs.CV 2406.08298
cs.CV 2406.08324
cs.CV 2406.08332
cs.CV 2406.08337
cs.CV 2406.08344
cs.CV 2406.08354
cs.CV 2406.08358
cs.CV 2406.08372
cs.CV 2406.08374
cs.CV 2406.08377
cs.CV 2406.08379
cs.CV 2406.08381
cs.CV 2406.08392
cs.CV 2406.08394
cs.CV 2406.08407
cs.CV 2406.08418
cs.CV 2406.08425
cs.CV 2406.08431
cs.CV 2406.08439
cs.CV 2406.08443
cs.CV 2406.08444
cs.CV 2406.08451
cs.CV 2406.08457
cs.CV 2406.08463
cs.CV 2406.08474
cs.CV 2406.08475
cs.CV 2406.08476
cs.CV 2406.08478
cs.CV 2406.08479
cs.CV 2406.08481
cs.CV 2406.08482
cs.CV 2406.08487
cs.CV 2406.08488
cs.CV 2406.08545
cs.CV 2406.08604
cs.CV 2406.08634
cs.CV 2406.08651
cs.CV 2406.08702
cs.CV 2406.08707
cs.CV 2406.08713
cs.CV 2406.08724
cs.CV 2406.08782
cs.CV 2406.08837
cs.CV 2406.08858
cs.CV 2406.08863
cs.CV 2406.08896
cs.CV 2406.08924
cs.CV 2406.08929
cs.CV 2406.09070
cs.CV 2406.09143
cs.CV 2406.09155
cs.CV 2406.09156
cs.CV 2406.09160
cs.CV 2406.09168
cs.CV 2406.09257
cs.CV 2406.09294
cs.CV 2406.09295
cs.CV 2406.09315
cs.CV 2406.09317
cs.CV 2406.09326
cs.CV 2406.09327
cs.CV 2406.09335
cs.CV 2406.09353
cs.CV 2406.09366
cs.CV 2406.09384
cs.CV 2406.09389
cs.CV 2406.08528
cs.CV 2406.08552
cs.CV 2406.08572
cs.CV 2406.08603
cs.CV 2406.08610
cs.CV 2406.08625
cs.CV 2406.08656
cs.CV 2406.08659
cs.CV 2406.08691
cs.CV 2406.08758
cs.CV 2406.08759
cs.CV 2406.08772
cs.CV 2406.08773
cs.CV 2406.08775
cs.CV 2406.08785
cs.CV 2406.08798
cs.CV 2406.08801
cs.CV 2406.08810
cs.CV 2406.08814
cs.CV 2406.08816
cs.CV 2406.08822
cs.CV 2406.08829
cs.CV 2406.08839
cs.CV 2406.08840
cs.CV 2406.08845
cs.CV 2406.08850
cs.CV 2406.08859
cs.CV 2406.08866
cs.CV 2406.08877
cs.CV 2406.08884
cs.CV 2406.08894
cs.CV 2406.08898
cs.CV 2406.08907
cs.CV 2406.08909
cs.CV 2406.08928
cs.CV 2406.08943
cs.CV 2406.08953
cs.CV 2406.08960
cs.CV 2406.08997
cs.CV 2406.09003
cs.CV 2406.09015
cs.CV 2406.09016
cs.CV 2406.09017
cs.CV 2406.09026
cs.CV 2406.09040
cs.CV 2406.09067
cs.CV 2406.09087
cs.CV 2406.09105
cs.CV 2406.09112
cs.CV 2406.09117
cs.CV 2406.09121
cs.CV 2406.09126
cs.CV 2406.09135
cs.CV 2406.09162
cs.CV 2406.09166
cs.CV 2406.09175
cs.CV 2406.09181
cs.CV 2406.09185
cs.CV 2406.09188
cs.CV 2406.09196
cs.CV 2406.09198
cs.CV 2406.09201
cs.CV 2406.09203
cs.CV 2406.09211
cs.CV 2406.09229
cs.CV 2406.09240
cs.CV 2406.09250
cs.CV 2406.09260
cs.CV 2406.09272
cs.CV 2406.09292
cs.CV 2406.09293
cs.CV 2406.09296
cs.CV 2406.09305
cs.CV 2406.09333
cs.CV 2406.09356
cs.CV 2406.09367
cs.CV 2406.09368
cs.CV 2406.09371
cs.CV 2406.09374
cs.CV 2406.09377
cs.CV 2406.09383
cs.CV 2406.09385
cs.CV 2406.09386
cs.CV 2406.09388
cs.CV 2406.09390
cs.CV 2406.09394
cs.CV 2406.09395
cs.CV 2406.09396
cs.CV 2406.09397
cs.CV 2406.09398
cs.CV 2406.09399
cs.CV 2406.09400
cs.CV 2406.09401
cs.CV 2406.09402
cs.CV 2406.09403
cs.CV 2406.09404
cs.CV 2406.09406
cs.CV 2406.09407
cs.CV 2406.09408
cs.CV 2406.09409
cs.CV 2406.09410
cs.CV 2406.09411
cs.CV 2406.09412
cs.CV 2406.09413
cs.CV 2406.09414
cs.CV 2406.09415
cs.CV 2406.09416
cs.CV 2406.09417
cs.CV 2406.09418
cs.AI 2406.03947
cs.AI 2406.04346
cs.AI 2406.04347
cs.AI 2406.04349
cs.AI 2406.04350
cs.AI 2406.04356
cs.AI 2406.04359
cs.AI 2406.04368
cs.AI 2406.04369
cs.AI 2406.04370
cs.AI 2406.04371
cs.AI 2406.04373
cs.AI 2406.04379
cs.AI 2406.04382
cs.AI 2406.04383
cs.AI 2406.04384
cs.AI 2406.04388
cs.AI 2406.04391
cs.AI 2406.04412
cs.AI 2406.04413
cs.AI 2406.04426
cs.AI 2406.04428
cs.AI 2406.04432
cs.AI 2406.04438
cs.AI 2406.04446
cs.AI 2406.04456
cs.AI 2406.04464
cs.AI 2406.04470
cs.AI 2406.04482
cs.AI 2406.04496
cs.AI 2406.04501
cs.AI 2406.04508
cs.AI 2406.04520
cs.AI 2406.04551
cs.AI 2406.04553
cs.AI 2406.04555
cs.AI 2406.04566
cs.AI 2406.04568
cs.AI 2406.04575
cs.AI 2406.04584
cs.AI 2406.04594
cs.AI 2406.04606
cs.AI 2406.04607
cs.AI 2406.04609
cs.AI 2406.04612
cs.AI 2406.04614
cs.AI 2406.04625
cs.AI 2406.04627
cs.AI 2406.04635
cs.AI 2406.04639
cs.AI 2406.04657
cs.AI 2406.04658
cs.AI 2406.04670
cs.AI 2406.04671
cs.AI 2406.04673
cs.AI 2406.04693
cs.AI 2406.04699
cs.AI 2406.04710
cs.AI 2406.04713
cs.AI 2406.04724
cs.AI 2406.04727
cs.AI 2406.04746
cs.AI 2406.04755
cs.AI 2406.04770
cs.AI 2406.04772
cs.AI 2406.04776
cs.AI 2406.04779
cs.AI 2406.04780
cs.AI 2406.04784
cs.AI 2406.04793
cs.AI 2406.04806
cs.AI 2406.04809
cs.AI 2406.04812
cs.AI 2406.04815
cs.AI 2406.04820
cs.AI 2406.04823
cs.AI 2406.04825
cs.AI 2406.04836
cs.AI 2406.04841
cs.AI 2406.04845
cs.AI 2406.04848
cs.AI 2406.04851
cs.AI 2406.04867
cs.AI 2406.04873
cs.AI 2406.04882
cs.AI 2406.04886
cs.AI 2406.04890
cs.AI 2406.04896
cs.AI 2406.04899
cs.AI 2406.04906
cs.AI 2406.04910
cs.AI 2406.04934
cs.AI 2406.04938
cs.AI 2406.04940
cs.AI 2406.04949
cs.AI 2406.04952
cs.AI 2406.04955
cs.AI 2406.04956
cs.AI 2406.04963
cs.AI 2406.04964
cs.AI 2406.04975
cs.AI 2406.04998
cs.AI 2406.05002
cs.AI 2406.05017
cs.AI 2406.05027
cs.AI 2406.05035
cs.AI 2406.05036
cs.AI 2406.05038
cs.AI 2406.05053
cs.AI 2406.05068
cs.AI 2406.05080
cs.AI 2406.05085
cs.AI 2406.05086
cs.AI 2406.05090
cs.AI 2406.05113
cs.AI 2406.05132
cs.AI 2406.04481
cs.AI 2406.04485
cs.AI 2406.04533
cs.AI 2406.04598
cs.AI 2406.04734
cs.AI 2406.04800
cs.AI 2406.04838
cs.AI 2406.04913
cs.AI 2406.04935
cs.AI 2406.05055
cs.AI 2406.05071
cs.AI 2402.04012
cs.AI 2406.03470
cs.AI 2406.05136
cs.AI 2406.05142
cs.AI 2406.05183
cs.AI 2406.05187
cs.AI 2406.05189
cs.AI 2406.05190
cs.AI 2406.05194
cs.AI 2406.05213
cs.AI 2406.05223
cs.AI 2406.05249
cs.AI 2406.05255
cs.AI 2406.05259
cs.AI 2406.05265
cs.AI 2406.05279
cs.AI 2406.05288
cs.AI 2406.05307
cs.AI 2406.05314
cs.AI 2406.05315
cs.AI 2406.05318
cs.AI 2406.05322
cs.AI 2406.05339
cs.AI 2406.05347
cs.AI 2406.05348
cs.AI 2406.05354
cs.AI 2406.05364
cs.AI 2406.05365
cs.AI 2406.05369
cs.AI 2406.05392
cs.AI 2406.05396
cs.AI 2406.05409
cs.AI 2406.05413
cs.AI 2406.05443
cs.AI 2406.05446
cs.AI 2406.05460
cs.AI 2406.05464
cs.AI 2406.05478
cs.AI 2406.05488
cs.AI 2406.05498
cs.AI 2406.05505
cs.AI 2406.05516
cs.AI 2406.05531
cs.AI 2406.05532
cs.AI 2406.05533
cs.AI 2406.05535
cs.AI 2406.05540
cs.AI 2406.05543
cs.AI 2406.05546
cs.AI 2406.05551
cs.AI 2406.05559
cs.AI 2406.05564
cs.AI 2406.05572
cs.AI 2406.05587
cs.AI 2406.05588
cs.AI 2406.05590
cs.AI 2406.05603
cs.AI 2406.05605
cs.AI 2406.05612
cs.AI 2406.05621
cs.AI 2406.05623
cs.AI 2406.05631
cs.AI 2406.05644
cs.AI 2406.05649
cs.AI 2406.05653
cs.AI 2406.05658
cs.AI 2406.05659
cs.AI 2406.05682
cs.AI 2406.05688
cs.AI 2406.05699
cs.AI 2406.05707
cs.AI 2406.05724
cs.AI 2406.05745
cs.AI 2406.05753
cs.AI 2406.05754
cs.AI 2406.05766
cs.AI 2406.05768
cs.AI 2406.05794
cs.AI 2406.05797
cs.AI 2406.05798
cs.AI 2406.05802
cs.AI 2406.05805
cs.AI 2406.05812
cs.AI 2406.05814
cs.AI 2406.05826
cs.AI 2406.05828
cs.AI 2406.05837
cs.AI 2406.05839
cs.AI 2406.05855
cs.AI 2406.05862
cs.AI 2406.05866
cs.AI 2406.05872
cs.AI 2406.05873
cs.AI 2406.05887
cs.AI 2406.05898
cs.AI 2406.05902
cs.AI 2406.05906
cs.AI 2406.05912
cs.AI 2406.05918
cs.AI 2406.05925
cs.AI 2406.05946
cs.AI 2406.05948
cs.AI 2406.05963
cs.AI 2406.05965
cs.AI 2406.05967
cs.AI 2406.05981
cs.AI 2406.05984
cs.AI 2406.05995
cs.AI 2406.05999
cs.AI 2406.06004
cs.AI 2406.06009
cs.AI 2406.06017
cs.AI 2406.06037
cs.AI 2406.06045
cs.AI 2406.06048
cs.AI 2406.06061
cs.AI 2406.06062
cs.AI 2406.06097
cs.AI 2406.06103
cs.AI 2406.06110
cs.AI 2406.06111
cs.AI 2406.06124
cs.AI 2406.06127
cs.AI 2406.06134
cs.AI 2406.06139
cs.AI 2406.06144
cs.AI 2406.06158
cs.AI 2406.06165
cs.AI 2406.06192
cs.AI 2406.06199
cs.AI 2406.06201
cs.AI 2406.06210
cs.AI 2406.06213
cs.AI 2406.06218
cs.AI 2406.06220
cs.AI 2406.06262
cs.AI 2406.06309
cs.AI 2406.06316
cs.AI 2406.06331
cs.AI 2406.06340
cs.AI 2406.06341
cs.AI 2406.06356
cs.AI 2406.06357
cs.AI 2406.06363
cs.AI 2406.06372
cs.AI 2406.06375
cs.AI 2406.06385
cs.AI 2406.06397
cs.AI 2406.06399
cs.AI 2406.06400
cs.AI 2406.06417
cs.AI 2406.06433
cs.AI 2406.06435
cs.AI 2406.06441
cs.AI 2406.06451
cs.AI 2406.06460
cs.AI 2406.06465
cs.AI 2406.06467
cs.AI 2406.06470
cs.AI 2406.06475
cs.AI 2406.06478
cs.AI 2406.06485
cs.AI 2406.06494
cs.AI 2406.06508
cs.AI 2406.06512
cs.AI 2406.06520
cs.AI 2406.06527
cs.AI 2406.05250
cs.AI 2406.05343
cs.AI 2406.05375
cs.AI 2406.05410
cs.AI 2406.05418
cs.AI 2406.05422
cs.AI 2406.05439
cs.AI 2406.05506
cs.AI 2406.05534
cs.AI 2406.05673
cs.AI 2406.05720
cs.AI 2406.05746
cs.AI 2406.05756
cs.AI 2406.05764
cs.AI 2406.05804
cs.AI 2406.05954
cs.AI 2406.05972
cs.AI 2406.06051
cs.AI 2406.06107
cs.AI 2406.06184
cs.AI 2406.06455
cs.AI 2406.06464
cs.AI 2406.06469
cs.AI 2406.06474
cs.AI 2406.06500
cs.AI 2406.03848
cs.AI 2406.05692
cs.AI 2406.06533
cs.AI 2406.06535
cs.AI 2406.06537
cs.AI 2406.06538
cs.AI 2406.06544
cs.AI 2406.06549
cs.AI 2406.06553
cs.AI 2406.06555
cs.AI 2406.06556
cs.AI 2406.06558
cs.AI 2406.06559
cs.AI 2406.06560
cs.AI 2406.06561
cs.AI 2406.06562
cs.AI 2406.06563
cs.AI 2406.06564
cs.AI 2406.06565
cs.AI 2406.06566
cs.AI 2406.06567
cs.AI 2406.06569
cs.AI 2406.06571
cs.AI 2406.06572
cs.AI 2406.06574
cs.AI 2406.06575
cs.AI 2406.06576
cs.AI 2406.06577
cs.AI 2406.06578
cs.AI 2406.06579
cs.AI 2406.06580
cs.AI 2406.06581
cs.AI 2406.06583
cs.AI 2406.06584
cs.AI 2406.06586
cs.AI 2406.06587
cs.AI 2406.06588
cs.AI 2406.06589
cs.AI 2406.06590
cs.AI 2406.06591
cs.AI 2406.06593
cs.AI 2406.06594
cs.AI 2406.06595
cs.AI 2406.06596
cs.AI 2406.06598
cs.AI 2406.06599
cs.AI 2406.06600
cs.AI 2406.06601
cs.AI 2406.06603
cs.AI 2406.06606
cs.AI 2406.06607
cs.AI 2406.06608
cs.AI 2406.06609
cs.AI 2406.06610
cs.AI 2406.06611
cs.AI 2406.06613
cs.AI 2406.06615
cs.AI 2406.06616
cs.AI 2406.06618
cs.AI 2406.06619
cs.AI 2406.06620
cs.AI 2406.06621
cs.AI 2406.06622
cs.AI 2406.06626
cs.AI 2406.06637
cs.AI 2406.06644
cs.AI 2406.06647
cs.AI 2406.06648
cs.AI 2406.06649
cs.AI 2406.06652
cs.AI 2406.06655
cs.AI 2406.06657
cs.AI 2406.06658
cs.AI 2406.06660
cs.AI 2406.06662
cs.AI 2406.06700
cs.AI 2406.06714
cs.AI 2406.06728
cs.AI 2406.06729
cs.AI 2406.06730
cs.AI 2406.06736
cs.AI 2406.06742
cs.AI 2406.06751
cs.AI 2406.06773
cs.AI 2406.06777
cs.AI 2406.06786
cs.AI 2406.06792
cs.AI 2406.06793
cs.AI 2406.06796
cs.AI 2406.06822
cs.AI 2406.06823
cs.AI 2406.06838
cs.AI 2406.06848
cs.AI 2406.06852
cs.AI 2406.06856
cs.AI 2406.06863
cs.AI 2406.06864
cs.AI 2406.06887
cs.AI 2406.06891
cs.AI 2406.06907
cs.AI 2406.06911
cs.AI 2406.06937
cs.AI 2406.06949
cs.AI 2406.06959
cs.AI 2406.06962
cs.AI 2406.06967
cs.AI 2406.06968
cs.AI 2406.06976
cs.AI 2406.07001
cs.AI 2406.07008
cs.AI 2406.07016
cs.AI 2406.07025
cs.AI 2406.07028
cs.AI 2406.07036
cs.AI 2406.07041
cs.AI 2406.07054
cs.AI 2406.07057
cs.AI 2406.07060
cs.AI 2406.07063
cs.AI 2406.07067
cs.AI 2406.07078
cs.AI 2406.07095
cs.AI 2406.07096
cs.AI 2406.07098
cs.AI 2406.07100
cs.AI 2406.07103
cs.AI 2406.07113
cs.AI 2406.07114
cs.AI 2406.07115
cs.AI 2406.07119
cs.AI 2406.07125
cs.AI 2406.07126
cs.AI 2406.07141
cs.AI 2406.07146
cs.AI 2406.07147
cs.AI 2406.07151
cs.AI 2406.07162
cs.AI 2406.07188
cs.AI 2406.07212
cs.AI 2406.07217
cs.AI 2406.07222
cs.AI 2406.07228
cs.AI 2406.07229
cs.AI 2406.07230
cs.AI 2406.07232
cs.AI 2406.07249
cs.AI 2406.07251
cs.AI 2406.07256
cs.AI 2406.07257
cs.AI 2406.07259
cs.AI 2406.07266
cs.AI 2406.07277
cs.AI 2406.07284
cs.AI 2406.07289
cs.AI 2406.07291
cs.AI 2406.07302
cs.AI 2406.07323
cs.AI 2406.07330
cs.AI 2406.07353
cs.AI 2406.07365
cs.AI 2406.07368
cs.AI 2406.07398
cs.AI 2406.07423
cs.AI 2406.07428
cs.AI 2406.07440
cs.AI 2406.07494
cs.AI 2406.07496
cs.AI 2406.07506
cs.AI 2406.07515
cs.AI 2406.07520
cs.AI 2406.07524
cs.AI 2406.07542
cs.AI 2406.07544
cs.AI 2406.07545
cs.AI 2406.07546
cs.AI 2406.06769
cs.AI 2406.06865
cs.AI 2406.06870
cs.AI 2406.06874
cs.AI 2406.06947
cs.AI 2406.07034
cs.AI 2406.07117
cs.AI 2406.07124
cs.AI 2406.07129
cs.AI 2406.07155
cs.AI 2406.07275
cs.AI 2406.07325
cs.AI 2406.07327
cs.AI 2406.07340
cs.AI 2406.07358
cs.AI 2406.07378
cs.AI 2406.07381
cs.AI 2406.07394
cs.AI 2406.07418
cs.AI 2406.07558
cs.AI 2406.07561
cs.AI 2406.07578
cs.AI 2406.07584
cs.AI 2406.07589
cs.AI 2406.07590
cs.AI 2406.07592
cs.AI 2406.07594
cs.AI 2406.07595
cs.AI 2406.07599
cs.AI 2406.07640
cs.AI 2406.07646
cs.AI 2406.07662
cs.AI 2406.07676
cs.AI 2406.07683
cs.AI 2406.07685
cs.AI 2406.07688
cs.AI 2406.07693
cs.AI 2406.07699
cs.AI 2406.07714
cs.AI 2406.07737
cs.AI 2406.07765
cs.AI 2406.07770
cs.AI 2406.07778
cs.AI 2406.07790
cs.AI 2406.07791
cs.AI 2406.07794
cs.AI 2406.07796
cs.AI 2406.07803
cs.AI 2406.07811
cs.AI 2406.07812
cs.AI 2406.07815
cs.AI 2406.07826
cs.AI 2406.07833
cs.AI 2406.07835
cs.AI 2406.07837
cs.AI 2406.07850
cs.AI 2406.07860
cs.AI 2406.07862
cs.AI 2406.07865
cs.AI 2406.07867
cs.AI 2406.07869
cs.AI 2406.07875
cs.AI 2406.07876
cs.AI 2406.07877
cs.AI 2406.07879
cs.AI 2406.07882
cs.AI 2406.07888
cs.AI 2406.07892
cs.AI 2406.07897
cs.AI 2406.07900
cs.AI 2406.07908
cs.AI 2406.07917
cs.AI 2406.07920
cs.AI 2406.07923
cs.AI 2406.07926
cs.AI 2406.07929
cs.AI 2406.07933
cs.AI 2406.07944
cs.AI 2406.07948
cs.AI 2406.07954
cs.AI 2406.07961
cs.AI 2406.07971
cs.AI 2406.07990
cs.AI 2406.08009
cs.AI 2406.08024
cs.AI 2406.08035
cs.AI 2406.08069
cs.AI 2406.08070
cs.AI 2406.08074
cs.AI 2406.08080
cs.AI 2406.08099
cs.AI 2406.08100
cs.AI 2406.08105
cs.AI 2406.08112
cs.AI 2406.08115
cs.AI 2406.08116
cs.AI 2406.08124
cs.AI 2406.08148
cs.AI 2406.08155
cs.AI 2406.08171
cs.AI 2406.08200
cs.AI 2406.08222
cs.AI 2406.08226
cs.AI 2406.08231
cs.AI 2406.08246
cs.AI 2406.08267
cs.AI 2406.08269
cs.AI 2406.08311
cs.AI 2406.08316
cs.AI 2406.08330
cs.AI 2406.08334
cs.AI 2406.08335
cs.AI 2406.08343
cs.AI 2406.08354
cs.AI 2406.08358
cs.AI 2406.08374
cs.AI 2406.08384
cs.AI 2406.08391
cs.AI 2406.08396
cs.AI 2406.08398
cs.AI 2406.08404
cs.AI 2406.08407
cs.AI 2406.08411
cs.AI 2406.08418
cs.AI 2406.08423
cs.AI 2406.08425
cs.AI 2406.08426
cs.AI 2406.08428
cs.AI 2406.08431
cs.AI 2406.08434
cs.AI 2406.08446
cs.AI 2406.08447
cs.AI 2406.08464
cs.AI 2406.08466
cs.AI 2406.08467
cs.AI 2406.08472
cs.AI 2406.08474
cs.AI 2406.08476
cs.AI 2406.08488
cs.AI 2406.07567
cs.AI 2406.07568
cs.AI 2406.07572
cs.AI 2406.07573
cs.AI 2406.07577
cs.AI 2406.07579
cs.AI 2406.07583
cs.AI 2406.07593
cs.AI 2406.07727
cs.AI 2406.07753
cs.AI 2406.07814
cs.AI 2406.07848
cs.AI 2406.07962
cs.AI 2406.08002
cs.AI 2406.08018
cs.AI 2406.08134
cs.AI 2406.08184
cs.AI 2406.08223
cs.AI 2406.08315
cs.AI 2406.08471
cs.AI 2406.08525
cs.AI 2406.08526
cs.AI 2406.08527
cs.AI 2406.08534
cs.AI 2406.08545
cs.AI 2406.08564
cs.AI 2406.08570
cs.AI 2406.08575
cs.AI 2406.08587
cs.AI 2406.08598
cs.AI 2406.08603
cs.AI 2406.08606
cs.AI 2406.08607
cs.AI 2406.08610
cs.AI 2406.08623
cs.AI 2406.08644
cs.AI 2406.08651
cs.AI 2406.08656
cs.AI 2406.08660
cs.AI 2406.08665
cs.AI 2406.08666
cs.AI 2406.08673
cs.AI 2406.08688
cs.AI 2406.08689
cs.AI 2406.08691
cs.AI 2406.08695
cs.AI 2406.08748
cs.AI 2406.08757
cs.AI 2406.08771
cs.AI 2406.08788
cs.AI 2406.08799
cs.AI 2406.08804
cs.AI 2406.08805
cs.AI 2406.08809
cs.AI 2406.08819
cs.AI 2406.08822
cs.AI 2406.08824
cs.AI 2406.08828
cs.AI 2406.08830
cs.AI 2406.08838
cs.AI 2406.08848
cs.AI 2406.08854
cs.AI 2406.08863
cs.AI 2406.08864
cs.AI 2406.08866
cs.AI 2406.08898
cs.AI 2406.08918
cs.AI 2406.08920
cs.AI 2406.08922
cs.AI 2406.08929
cs.AI 2406.08930
cs.AI 2406.08931
cs.AI 2406.08957
cs.AI 2406.08959
cs.AI 2406.08966
cs.AI 2406.08973
cs.AI 2406.08979
cs.AI 2406.09009
cs.AI 2406.09014
cs.AI 2406.09030
cs.AI 2406.09031
cs.AI 2406.09041
cs.AI 2406.09043
cs.AI 2406.09052
cs.AI 2406.09056
cs.AI 2406.09068
cs.AI 2406.09070
cs.AI 2406.09082
cs.AI 2406.09087
cs.AI 2406.09105
cs.AI 2406.09112
cs.AI 2406.09117
cs.AI 2406.09130
cs.AI 2406.09155
cs.AI 2406.09159
cs.AI 2406.09166
cs.AI 2406.09181
cs.AI 2406.09202
cs.AI 2406.09205
cs.AI 2406.09206
cs.AI 2406.09207
cs.AI 2406.09215
cs.AI 2406.09250
cs.AI 2406.09260
cs.AI 2406.09264
cs.AI 2406.09272
cs.AI 2406.09289
cs.AI 2406.09292
cs.AI 2406.09296
cs.AI 2406.09318
cs.AI 2406.09321
cs.AI 2406.09322
cs.AI 2406.09324
cs.AI 2406.09326
cs.AI 2406.09329
cs.AI 2406.09346
cs.AI 2406.09388
cs.AI 2406.09391
cs.AI 2406.09393
cs.AI 2406.09397
cs.AI 2406.09401
cs.AI 2406.09402
cs.AI 2406.09404
cs.AI 2406.09406
cs.AI 2406.09410
cs.AI 2406.09411
cs.AI 2406.09412
cs.AI 2406.08492
cs.AI 2406.08687
cs.AI 2406.08702
cs.AI 2406.08713
cs.AI 2406.08751
cs.AI 2406.08766
cs.AI 2406.08787
cs.AI 2406.08996
cs.AI 2406.09143
cs.AI 2406.09214
cs.AI 2406.09242
cs.AI 2406.09315
cs.AI 2406.09363
cs.FL 2406.02763
cs.FL 2406.05564
cs.FL 2406.05709
cs.FL 2406.06513
cs.FL 2406.06141
cs.FL 2406.07040
cs.FL 2406.07208
cs.FL 2406.08136
cs.FL 2406.08269
cs.FL 2406.09302
cs.IR 2406.04488
cs.IR 2406.04548
cs.IR 2406.04567
cs.IR 2406.05085
cs.IR 2406.04374
cs.IR 2406.04384
cs.IR 2406.04553
cs.IR 2406.04635
cs.IR 2406.04828
cs.IR 2406.05013
cs.IR 2406.05087
cs.IR 2406.05265
cs.IR 2406.05348
cs.IR 2406.05629
cs.IR 2406.05654
cs.IR 2406.05666
cs.IR 2406.05984
cs.IR 2406.06006
cs.IR 2406.06183
cs.IR 2406.06257
cs.IR 2406.06458
cs.IR 2406.05247
cs.IR 2406.05387
cs.IR 2406.05505
cs.IR 2406.05578
cs.IR 2406.05898
cs.IR 2406.05977
cs.IR 2406.06031
cs.IR 2406.06043
cs.IR 2406.06061
cs.IR 2406.06475
cs.IR 2406.06519
cs.IR 2406.06572
cs.IR 2406.06599
cs.IR 2406.06657
cs.IR 2406.06658
cs.IR 2406.06723
cs.IR 2406.06739
cs.IR 2406.06925
cs.IR 2406.06955
cs.IR 2406.07114
cs.IR 2406.07151
cs.IR 2406.07227
cs.IR 2406.06729
cs.IR 2406.07067
cs.IR 2406.07094
cs.IR 2406.07098
cs.IR 2406.07121
cs.IR 2406.07136
cs.IR 2406.07299
cs.IR 2406.07315
cs.IR 2406.07331
cs.IR 2406.07420
cs.IR 2406.07432
cs.IR 2406.07730
cs.IR 2406.07913
cs.IR 2406.08461
cs.IR 2406.07932
cs.IR 2406.08010
cs.IR 2406.08105
cs.IR 2406.08214
cs.IR 2406.08229
cs.IR 2406.08270
cs.IR 2406.08435
cs.IR 2406.08477
cs.IR 2406.08633
cs.IR 2406.08804
cs.IR 2406.09188
cs.IR 2406.08827
cs.IR 2406.08863
cs.IR 2406.08891
cs.IR 2406.09021
cs.IR 2406.09215
cs.IR 2406.09320
cs.IR 2406.09323
cs.IR 2406.09355
cs.CR 2406.04535
cs.CR 2406.04610
cs.CR 2406.04734
cs.CR 2406.04743
cs.CR 2406.04827
cs.CR 2406.04868
cs.CR 2406.04903
cs.CR 2406.04517
cs.CR 2406.04658
cs.CR 2406.04705
cs.CR 2406.04718
cs.CR 2406.04719
cs.CR 2406.04755
cs.CR 2406.04805
cs.CR 2406.04809
cs.CR 2406.05257
cs.CR 2406.05264
cs.CR 2406.05491
cs.CR 2406.05535
cs.CR 2406.05545
cs.CR 2406.05568
cs.CR 2406.05644
cs.CR 2406.05660
cs.CR 2406.05670
cs.CR 2406.05726
cs.CR 2406.05800
cs.CR 2406.05826
cs.CR 2406.05858
cs.CR 2406.05904
cs.CR 2406.05927
cs.CR 2406.05929
cs.CR 2406.06153
cs.CR 2406.06207
cs.CR 2406.06231
cs.CR 2406.06252
cs.CR 2406.06318
cs.CR 2406.06408
cs.CR 2406.06443
cs.CR 2406.06483
cs.CR 2406.05134
cs.CR 2406.05137
cs.CR 2406.05151
cs.CR 2406.05310
cs.CR 2406.05362
cs.CR 2406.05364
cs.CR 2406.05403
cs.CR 2406.05443
cs.CR 2406.05451
cs.CR 2406.05459
cs.CR 2406.05472
cs.CR 2406.05498
cs.CR 2406.05517
cs.CR 2406.05590
cs.CR 2406.05870
cs.CR 2406.05874
cs.CR 2406.05892
cs.CR 2406.05933
cs.CR 2406.05941
cs.CR 2406.05942
cs.CR 2406.05946
cs.CR 2406.05948
cs.CR 2406.06034
cs.CR 2406.06099
cs.CR 2406.06164
cs.CR 2406.06186
cs.CR 2406.06225
cs.CR 2406.06261
cs.CR 2406.06302
cs.CR 2406.06429
cs.CR 2406.06473
cs.CR 2406.06477
cs.CR 2406.06622
cs.CR 2406.06744
cs.CR 2406.06881
cs.CR 2406.06979
cs.CR 2406.07071
cs.CR 2406.06597
cs.CR 2406.06663
cs.CR 2406.06737
cs.CR 2406.06760
cs.CR 2406.06761
cs.CR 2406.06822
cs.CR 2406.06852
cs.CR 2406.06863
cs.CR 2406.06914
cs.CR 2406.06943
cs.CR 2406.06958
cs.CR 2406.07011
cs.CR 2406.07125
cs.CR 2406.07215
cs.CR 2406.07278
cs.CR 2406.07349
cs.CR 2406.07429
cs.CR 2406.07687
cs.CR 2406.07732
cs.CR 2406.07824
cs.CR 2406.08039
cs.CR 2406.08084
cs.CR 2406.08198
cs.CR 2406.08431
cs.CR 2406.07559
cs.CR 2406.07560
cs.CR 2406.07561
cs.CR 2406.07562
cs.CR 2406.07563
cs.CR 2406.07565
cs.CR 2406.07578
cs.CR 2406.07580
cs.CR 2406.07594
cs.CR 2406.07595
cs.CR 2406.07599
cs.CR 2406.07647
cs.CR 2406.07700
cs.CR 2406.07714
cs.CR 2406.07778
cs.CR 2406.07948
cs.CR 2406.07953
cs.CR 2406.07954
cs.CR 2406.07973
cs.CR 2406.08042
cs.CR 2406.08242
cs.CR 2406.08252
cs.CR 2406.08499
cs.CR 2406.08569
cs.CR 2406.08754
cs.CR 2406.08825
cs.CR 2406.08829
cs.CR 2406.08689
cs.CR 2406.08705
cs.CR 2406.08719
cs.CR 2406.08725
cs.CR 2406.08918
cs.CR 2406.08963
cs.CR 2406.09000
cs.CR 2406.09005
cs.CR 2406.09152
cs.CR 2406.09321
cs.CR 2406.09324
cs.GR 2406.04542
cs.GR 2406.04629
cs.GR 2406.04861
cs.GR 2406.04960
cs.GR 2406.05261
cs.GR 2406.05404
cs.GR 2406.05475
cs.GR 2406.05533
cs.GR 2406.05691
cs.GR 2406.05852
cs.GR 2406.06005
cs.GR 2406.06146
cs.GR 2406.06508
cs.GR 2406.06527
cs.GR 2406.05928
cs.GR 2406.06539
cs.GR 2406.07499
cs.GR 2406.07520
cs.GR 2406.06963
cs.GR 2406.07579
cs.GR 2406.08188
cs.GR 2406.08232
cs.GR 2406.07906
cs.GR 2406.07981
cs.GR 2406.08308
cs.GR 2406.09293
cs.GR 2406.09394
cs.GR 2406.09413
cs.GR 2406.09417
cs.GR 2406.08647
cs.GR 2406.08924
cs.GR 2406.09328
cs.IT 2406.04612
cs.IT 2406.04708
cs.IT 2406.05011
cs.IT 2406.04521
cs.IT 2406.04562
cs.IT 2406.04721
cs.IT 2406.04750
cs.IT 2406.04757
cs.IT 2406.04853
cs.IT 2406.04881
cs.IT 2406.05078
cs.IT 2406.05452
cs.IT 2406.05599
cs.IT 2406.05663
cs.IT 2406.05667
cs.IT 2406.05716
cs.IT 2406.05883
cs.IT 2406.06024
cs.IT 2406.06105
cs.IT 2406.06165
cs.IT 2406.06195
cs.IT 2406.06306
cs.IT 2406.05212
cs.IT 2406.05428
cs.IT 2406.05481
cs.IT 2406.05576
cs.IT 2406.05617
cs.IT 2406.05747
cs.IT 2406.05936
cs.IT 2406.06029
cs.IT 2406.06064
cs.IT 2406.06128
cs.IT 2406.06280
cs.IT 2406.06284
cs.IT 2406.06312
cs.IT 2406.06349
cs.IT 2406.06446
cs.IT 2406.06632
cs.IT 2406.06893
cs.IT 2406.07269
cs.IT 2406.07390
cs.IT 2406.07409
cs.IT 2406.07548
cs.IT 2406.06842
cs.IT 2406.06990
cs.IT 2406.07088
cs.IT 2406.07112
cs.IT 2406.07135
cs.IT 2406.07272
cs.IT 2406.07352
cs.IT 2406.07387
cs.IT 2406.07389
cs.IT 2406.07468
cs.IT 2406.08087
cs.IT 2406.08193
cs.IT 2406.07807
cs.IT 2406.07915
cs.IT 2406.07989
cs.IT 2406.08290
cs.IT 2406.08373
cs.IT 2406.09183
cs.IT 2406.09194
cs.IT 2406.09199
cs.IT 2406.08767
cs.IT 2406.08781
cs.IT 2406.08916
cs.IT 2406.08952
cs.IT 2406.09058
cs.IT 2406.09238
cs.DS 2406.04738
cs.DS 2406.04860
cs.DS 2406.04868
cs.DS 2406.04385
cs.DS 2406.04459
cs.DS 2406.04507
cs.DS 2406.04793
cs.DS 2406.04857
cs.DS 2406.05066
cs.DS 2406.05077
cs.DS 2406.05642
cs.DS 2406.05742
cs.DS 2406.05959
cs.DS 2406.06023
cs.DS 2406.06106
cs.DS 2406.06359
cs.DS 2406.05162
cs.DS 2406.05254
cs.DS 2406.06321
cs.DS 2406.06468
cs.DS 2406.07373
cs.DS 2406.06735
cs.DS 2406.06805
cs.DS 2406.06808
cs.DS 2406.06821
cs.DS 2406.07252
cs.DS 2406.07297
cs.DS 2406.07521
cs.DS 2406.07727
cs.DS 2406.07751
cs.DS 2406.07953
cs.DS 2406.08104
cs.DS 2406.07630
cs.DS 2406.07666
cs.DS 2406.07757
cs.DS 2406.08847
cs.DS 2406.09281
cs.DS 2406.08595
cs.DS 2406.08624
cs.DS 2406.08711
cs.DS 2406.08985
cs.DS 2406.09137
cs.DS 2406.09150
cs.DS 2406.09255
cs.DS 2406.09373
cs.AR 2406.04910
cs.AR 2406.04741
cs.AR 2406.04912
cs.AR 2406.05140
cs.AR 2406.05250
cs.AR 2406.05294
cs.AR 2406.05403
cs.AR 2406.05866
cs.AR 2406.05282
cs.AR 2406.05354
cs.AR 2406.05377
cs.AR 2406.05398
cs.AR 2406.05999
cs.AR 2406.06394
cs.AR 2406.06593
cs.AR 2406.06943
cs.AR 2406.07318
cs.AR 2406.07486
cs.AR 2406.06533
cs.AR 2406.06536
cs.AR 2406.06541
cs.AR 2406.06542
cs.AR 2406.06543
cs.AR 2406.06544
cs.AR 2406.06546
cs.AR 2406.06549
cs.AR 2406.06550
cs.AR 2406.06738
cs.AR 2406.08330
cs.AR 2406.07934
cs.AR 2406.08051
cs.AR 2406.08343
cs.AR 2406.08413
cs.AR 2406.09078
cs.AR 2406.09104
cs.AR 2406.09208
cs.AR 2406.09233
cs.CL 2406.04379
cs.CL 2406.04391
cs.CL 2406.04412
cs.CL 2406.04432
cs.CL 2406.04467
cs.CL 2406.04493
cs.CL 2406.04501
cs.CL 2406.04595
cs.CL 2406.04615
cs.CL 2406.04734
cs.CL 2406.04746
cs.CL 2406.04800
cs.CL 2406.04851
cs.CL 2406.04882
cs.CL 2406.04886
cs.CL 2406.04904
cs.CL 2406.04927
cs.CL 2406.05039
cs.CL 2406.05080
cs.CL 2406.05084
cs.CL 2406.05132
cs.CL 2406.04368
cs.CL 2406.04370
cs.CL 2406.04371
cs.CL 2406.04383
cs.CL 2406.04428
cs.CL 2406.04438
cs.CL 2406.04449
cs.CL 2406.04460
cs.CL 2406.04461
cs.CL 2406.04478
cs.CL 2406.04482
cs.CL 2406.04496
cs.CL 2406.04512
cs.CL 2406.04520
cs.CL 2406.04523
cs.CL 2406.04528
cs.CL 2406.04541
cs.CL 2406.04555
cs.CL 2406.04566
cs.CL 2406.04578
cs.CL 2406.04583
cs.CL 2406.04604
cs.CL 2406.04614
cs.CL 2406.04625
cs.CL 2406.04630
cs.CL 2406.04638
cs.CL 2406.04643
cs.CL 2406.04669
cs.CL 2406.04670
cs.CL 2406.04692
cs.CL 2406.04712
cs.CL 2406.04744
cs.CL 2406.04752
cs.CL 2406.04758
cs.CL 2406.04770
cs.CL 2406.04784
cs.CL 2406.04823
cs.CL 2406.04834
cs.CL 2406.04836
cs.CL 2406.04845
cs.CL 2406.04847
cs.CL 2406.04854
cs.CL 2406.04855
cs.CL 2406.04866
cs.CL 2406.04876
cs.CL 2406.04879
cs.CL 2406.04892
cs.CL 2406.04926
cs.CL 2406.04941
cs.CL 2406.04947
cs.CL 2406.04952
cs.CL 2406.04984
cs.CL 2406.04988
cs.CL 2406.04989
cs.CL 2406.05035
cs.CL 2406.05063
cs.CL 2406.05079
cs.CL 2406.05085
cs.CL 2406.05130
cs.CL 2406.05013
cs.CL 2406.05183
cs.CL 2406.05190
cs.CL 2406.05205
cs.CL 2406.05259
cs.CL 2406.05317
cs.CL 2406.05343
cs.CL 2406.05410
cs.CL 2406.05510
cs.CL 2406.05515
cs.CL 2406.05516
cs.CL 2406.05534
cs.CL 2406.05540
cs.CL 2406.05547
cs.CL 2406.05551
cs.CL 2406.05564
cs.CL 2406.05602
cs.CL 2406.05629
cs.CL 2406.05651
cs.CL 2406.05673
cs.CL 2406.05756
cs.CL 2406.05766
cs.CL 2406.05797
cs.CL 2406.05804
cs.CL 2406.05814
cs.CL 2406.05870
cs.CL 2406.05872
cs.CL 2406.05881
cs.CL 2406.05902
cs.CL 2406.05955
cs.CL 2406.05967
cs.CL 2406.05968
cs.CL 2406.05981
cs.CL 2406.06004
cs.CL 2406.06007
cs.CL 2406.06025
cs.CL 2406.06097
cs.CL 2406.06139
cs.CL 2406.06220
cs.CL 2406.06251
cs.CL 2406.06382
cs.CL 2406.06385
cs.CL 2406.06391
cs.CL 2406.06393
cs.CL 2406.06443
cs.CL 2406.06455
cs.CL 2406.06464
cs.CL 2406.06465
cs.CL 2406.06469
cs.CL 2406.06474
cs.CL 2406.06484
cs.CL 2406.06496
cs.CL 2406.05186
cs.CL 2406.05194
cs.CL 2406.05213
cs.CL 2406.05232
cs.CL 2406.05255
cs.CL 2406.05265
cs.CL 2406.05274
cs.CL 2406.05279
cs.CL 2406.05307
cs.CL 2406.05315
cs.CL 2406.05322
cs.CL 2406.05326
cs.CL 2406.05328
cs.CL 2406.05344
cs.CL 2406.05348
cs.CL 2406.05360
cs.CL 2406.05361
cs.CL 2406.05365
cs.CL 2406.05369
cs.CL 2406.05370
cs.CL 2406.05374
cs.CL 2406.05392
cs.CL 2406.05424
cs.CL 2406.05431
cs.CL 2406.05446
cs.CL 2406.05460
cs.CL 2406.05494
cs.CL 2406.05496
cs.CL 2406.05559
cs.CL 2406.05569
cs.CL 2406.05587
cs.CL 2406.05588
cs.CL 2406.05606
cs.CL 2406.05615
cs.CL 2406.05625
cs.CL 2406.05644
cs.CL 2406.05654
cs.CL 2406.05659
cs.CL 2406.05661
cs.CL 2406.05678
cs.CL 2406.05688
cs.CL 2406.05690
cs.CL 2406.05707
cs.CL 2406.05733
cs.CL 2406.05760
cs.CL 2406.05761
cs.CL 2406.05794
cs.CL 2406.05798
cs.CL 2406.05806
cs.CL 2406.05812
cs.CL 2406.05845
cs.CL 2406.05862
cs.CL 2406.05876
cs.CL 2406.05885
cs.CL 2406.05888
cs.CL 2406.05906
cs.CL 2406.05918
cs.CL 2406.05925
cs.CL 2406.05930
cs.CL 2406.05995
cs.CL 2406.06000
cs.CL 2406.06021
cs.CL 2406.06027
cs.CL 2406.06032
cs.CL 2406.06046
cs.CL 2406.06052
cs.CL 2406.06056
cs.CL 2406.06073
cs.CL 2406.06110
cs.CL 2406.06124
cs.CL 2406.06125
cs.CL 2406.06127
cs.CL 2406.06131
cs.CL 2406.06140
cs.CL 2406.06144
cs.CL 2406.06196
cs.CL 2406.06257
cs.CL 2406.06263
cs.CL 2406.06279
cs.CL 2406.06316
cs.CL 2406.06326
cs.CL 2406.06329
cs.CL 2406.06331
cs.CL 2406.06355
cs.CL 2406.06357
cs.CL 2406.06366
cs.CL 2406.06369
cs.CL 2406.06371
cs.CL 2406.06399
cs.CL 2406.06401
cs.CL 2406.06403
cs.CL 2406.06406
cs.CL 2406.06435
cs.CL 2406.06438
cs.CL 2406.06441
cs.CL 2406.06458
cs.CL 2406.06461
cs.CL 2406.06485
cs.CL 2406.06555
cs.CL 2406.06564
cs.CL 2406.06567
cs.CL 2406.06600
cs.CL 2406.06619
cs.CL 2406.06620
cs.CL 2406.06663
cs.CL 2406.06729
cs.CL 2406.06737
cs.CL 2406.06764
cs.CL 2406.06769
cs.CL 2406.06799
cs.CL 2406.06852
cs.CL 2406.06870
cs.CL 2406.07012
cs.CL 2406.07017
cs.CL 2406.07034
cs.CL 2406.07096
cs.CL 2406.07133
cs.CL 2406.07155
cs.CL 2406.07162
cs.CL 2406.07217
cs.CL 2406.07268
cs.CL 2406.07296
cs.CL 2406.07310
cs.CL 2406.07327
cs.CL 2406.07348
cs.CL 2406.07358
cs.CL 2406.07378
cs.CL 2406.07411
cs.CL 2406.07476
cs.CL 2406.07502
cs.CL 2406.07544
cs.CL 2406.07546
cs.CL 2406.06556
cs.CL 2406.06558
cs.CL 2406.06559
cs.CL 2406.06560
cs.CL 2406.06561
cs.CL 2406.06562
cs.CL 2406.06563
cs.CL 2406.06565
cs.CL 2406.06566
cs.CL 2406.06569
cs.CL 2406.06570
cs.CL 2406.06571
cs.CL 2406.06572
cs.CL 2406.06573
cs.CL 2406.06574
cs.CL 2406.06575
cs.CL 2406.06576
cs.CL 2406.06577
cs.CL 2406.06578
cs.CL 2406.06579
cs.CL 2406.06580
cs.CL 2406.06581
cs.CL 2406.06582
cs.CL 2406.06584
cs.CL 2406.06586
cs.CL 2406.06587
cs.CL 2406.06588
cs.CL 2406.06589
cs.CL 2406.06590
cs.CL 2406.06591
cs.CL 2406.06592
cs.CL 2406.06596
cs.CL 2406.06598
cs.CL 2406.06599
cs.CL 2406.06601
cs.CL 2406.06606
cs.CL 2406.06608
cs.CL 2406.06610
cs.CL 2406.06613
cs.CL 2406.06615
cs.CL 2406.06616
cs.CL 2406.06621
cs.CL 2406.06622
cs.CL 2406.06636
cs.CL 2406.06641
cs.CL 2406.06648
cs.CL 2406.06657
cs.CL 2406.06665
cs.CL 2406.06699
cs.CL 2406.06723
cs.CL 2406.06739
cs.CL 2406.06773
cs.CL 2406.06809
cs.CL 2406.06839
cs.CL 2406.06840
cs.CL 2406.06878
cs.CL 2406.06887
cs.CL 2406.06907
cs.CL 2406.06910
cs.CL 2406.06937
cs.CL 2406.06938
cs.CL 2406.06950
cs.CL 2406.06962
cs.CL 2406.06964
cs.CL 2406.07001
cs.CL 2406.07007
cs.CL 2406.07016
cs.CL 2406.07036
cs.CL 2406.07054
cs.CL 2406.07056
cs.CL 2406.07057
cs.CL 2406.07060
cs.CL 2406.07070
cs.CL 2406.07080
cs.CL 2406.07081
cs.CL 2406.07115
cs.CL 2406.07138
cs.CL 2406.07168
cs.CL 2406.07188
cs.CL 2406.07212
cs.CL 2406.07222
cs.CL 2406.07229
cs.CL 2406.07231
cs.CL 2406.07232
cs.CL 2406.07239
cs.CL 2406.07243
cs.CL 2406.07257
cs.CL 2406.07259
cs.CL 2406.07277
cs.CL 2406.07287
cs.CL 2406.07288
cs.CL 2406.07289
cs.CL 2406.07291
cs.CL 2406.07302
cs.CL 2406.07330
cs.CL 2406.07353
cs.CL 2406.07359
cs.CL 2406.07365
cs.CL 2406.07368
cs.CL 2406.07393
cs.CL 2406.07424
cs.CL 2406.07430
cs.CL 2406.07440
cs.CL 2406.07444
cs.CL 2406.07466
cs.CL 2406.07483
cs.CL 2406.07492
cs.CL 2406.07494
cs.CL 2406.07496
cs.CL 2406.07504
cs.CL 2406.07505
cs.CL 2406.07522
cs.CL 2406.07524
cs.CL 2406.07545
cs.CL 2406.07553
cs.CL 2406.07584
cs.CL 2406.07588
cs.CL 2406.07657
cs.CL 2406.07693
cs.CL 2406.07753
cs.CL 2406.07778
cs.CL 2406.07780
cs.CL 2406.07814
cs.CL 2406.07816
cs.CL 2406.07822
cs.CL 2406.07841
cs.CL 2406.07842
cs.CL 2406.07887
cs.CL 2406.07890
cs.CL 2406.07909
cs.CL 2406.07962
cs.CL 2406.07964
cs.CL 2406.07969
cs.CL 2406.07990
cs.CL 2406.08074
cs.CL 2406.08155
cs.CL 2406.08207
cs.CL 2406.08223
cs.CL 2406.08353
cs.CL 2406.08391
cs.CL 2406.08402
cs.CL 2406.08407
cs.CL 2406.08447
cs.CL 2406.08478
cs.CL 2406.08482
cs.CL 2406.07589
cs.CL 2406.07685
cs.CL 2406.07692
cs.CL 2406.07696
cs.CL 2406.07735
cs.CL 2406.07736
cs.CL 2406.07739
cs.CL 2406.07759
cs.CL 2406.07791
cs.CL 2406.07794
cs.CL 2406.07801
cs.CL 2406.07812
cs.CL 2406.07815
cs.CL 2406.07823
cs.CL 2406.07835
cs.CL 2406.07850
cs.CL 2406.07855
cs.CL 2406.07860
cs.CL 2406.07882
cs.CL 2406.07886
cs.CL 2406.07900
cs.CL 2406.07913
cs.CL 2406.07922
cs.CL 2406.07933
cs.CL 2406.07935
cs.CL 2406.07967
cs.CL 2406.07970
cs.CL 2406.07971
cs.CL 2406.08050
cs.CL 2406.08055
cs.CL 2406.08068
cs.CL 2406.08080
cs.CL 2406.08092
cs.CL 2406.08100
cs.CL 2406.08101
cs.CL 2406.08116
cs.CL 2406.08124
cs.CL 2406.08173
cs.CL 2406.08183
cs.CL 2406.08202
cs.CL 2406.08215
cs.CL 2406.08218
cs.CL 2406.08246
cs.CL 2406.08255
cs.CL 2406.08316
cs.CL 2406.08380
cs.CL 2406.08398
cs.CL 2406.08411
cs.CL 2406.08426
cs.CL 2406.08434
cs.CL 2406.08446
cs.CL 2406.08464
cs.CL 2406.08627
cs.CL 2406.08641
cs.CL 2406.08656
cs.CL 2406.08702
cs.CL 2406.08772
cs.CL 2406.08820
cs.CL 2406.08824
cs.CL 2406.09067
cs.CL 2406.09105
cs.CL 2406.09154
cs.CL 2406.09175
cs.CL 2406.09264
cs.CL 2406.09277
cs.CL 2406.09290
cs.CL 2406.09320
cs.CL 2406.09321
cs.CL 2406.09324
cs.CL 2406.09403
cs.CL 2406.09411
cs.CL 2406.08519
cs.CL 2406.08520
cs.CL 2406.08582
cs.CL 2406.08587
cs.CL 2406.08598
cs.CL 2406.08606
cs.CL 2406.08607
cs.CL 2406.08619
cs.CL 2406.08633
cs.CL 2406.08657
cs.CL 2406.08660
cs.CL 2406.08673
cs.CL 2406.08680
cs.CL 2406.08707
cs.CL 2406.08718
cs.CL 2406.08723
cs.CL 2406.08726
cs.CL 2406.08747
cs.CL 2406.08754
cs.CL 2406.08757
cs.CL 2406.08796
cs.CL 2406.08811
cs.CL 2406.08817
cs.CL 2406.08818
cs.CL 2406.08838
cs.CL 2406.08842
cs.CL 2406.08848
cs.CL 2406.08860
cs.CL 2406.08881
cs.CL 2406.08903
cs.CL 2406.08911
cs.CL 2406.08922
cs.CL 2406.08931
cs.CL 2406.08940
cs.CL 2406.08979
cs.CL 2406.09008
cs.CL 2406.09012
cs.CL 2406.09041
cs.CL 2406.09043
cs.CL 2406.09044
cs.CL 2406.09056
cs.CL 2406.09072
cs.CL 2406.09076
cs.CL 2406.09095
cs.CL 2406.09098
cs.CL 2406.09103
cs.CL 2406.09128
cs.CL 2406.09133
cs.CL 2406.09136
cs.CL 2406.09138
cs.CL 2406.09140
cs.CL 2406.09153
cs.CL 2406.09155
cs.CL 2406.09170
cs.CL 2406.09200
cs.CL 2406.09202
cs.CL 2406.09205
cs.CL 2406.09206
cs.CL 2406.09265
cs.CL 2406.09279
cs.CL 2406.09282
cs.CL 2406.09289
cs.CL 2406.09295
cs.CL 2406.09308
cs.CL 2406.09325
cs.CL 2406.09330
cs.CL 2406.09334
cs.CL 2406.09345
cs.CL 2406.09393
cs.LO 2406.04696
cs.LO 2406.04699
cs.LO 2406.04833
cs.LO 2406.05879
cs.LO 2406.06108
cs.LO 2406.06241
cs.LO 2406.07340
cs.LO 2406.07400
cs.LO 2406.07095
cs.LO 2406.07216
cs.LO 2406.08480
cs.LO 2406.08175
cs.LO 2406.08494
cs.LO 2406.09088
cs.LO 2406.09300
cs.CC 2406.04046
cs.CC 2406.05903
cs.CC 2406.06217
cs.CC 2406.07095
cs.CC 2406.07108
cs.CC 2406.07385
cs.CC 2406.07478
cs.CC 2406.07357
cs.CC 2406.05141
cs.CC 2406.07920
cs.CC 2406.07859
cs.CC 2406.08104
cs.CC 2406.08489
cs.CC 2406.08490
cs.CC 2406.08493
cs.CC 2406.08494
cs.CC 2406.08495
cs.CC 2406.08497
cs.CC 2406.08499
cs.CC 2406.08500
cs.CC 2406.08600
cs.CC 2406.09351
cs.NA 2406.04653
cs.NA 2406.04884
cs.NA 2406.04922
cs.NA 2406.05020
cs.NA 2406.04499
cs.NA 2406.04504
cs.NA 2406.04530
cs.NA 2406.04695
cs.NA 2406.04749
cs.NA 2406.04783
cs.NA 2406.05028
cs.NA 2406.05138
cs.NA 2406.05153
cs.NA 2406.05154
cs.NA 2406.05188
cs.NA 2406.05290
cs.NA 2406.05367
cs.NA 2406.05383
cs.NA 2406.05450
cs.NA 2406.05470
cs.NA 2406.05777
cs.NA 2406.05928
cs.NA 2406.06486
cs.NA 2406.05237
cs.NA 2406.05489
cs.NA 2406.05566
cs.NA 2406.05571
cs.NA 2406.05624
cs.NA 2406.05665
cs.NA 2406.05694
cs.NA 2406.05734
cs.NA 2406.05754
cs.NA 2406.05808
cs.NA 2406.05907
cs.NA 2406.05922
cs.NA 2406.06008
cs.NA 2406.06189
cs.NA 2406.06244
cs.NA 2406.06272
cs.NA 2406.06283
cs.NA 2406.06287
cs.NA 2406.06334
cs.NA 2406.06342
cs.NA 2406.06344
cs.NA 2406.06350
cs.NA 2406.06707
cs.NA 2406.06812
cs.NA 2406.07441
cs.NA 2406.07456
cs.NA 2406.06628
cs.NA 2406.06734
cs.NA 2406.06901
cs.NA 2406.06942
cs.NA 2406.07044
cs.NA 2406.07045
cs.NA 2406.07102
cs.NA 2406.07108
cs.NA 2406.07109
cs.NA 2406.07185
cs.NA 2406.07207
cs.NA 2406.07220
cs.NA 2406.07303
cs.NA 2406.07684
cs.NA 2406.07751
cs.NA 2406.08147
cs.NA 2406.07711
cs.NA 2406.07724
cs.NA 2406.07789
cs.NA 2406.07924
cs.NA 2406.07941
cs.NA 2406.07950
cs.NA 2406.08185
cs.NA 2406.08257
cs.NA 2406.08331
cs.NA 2406.08640
cs.NA 2406.09194
cs.NA 2406.09217
cs.NA 2406.09276
cs.PL 2406.04604
cs.PL 2406.04778
cs.PL 2406.05409
cs.PL 2406.06253
cs.PL 2406.05719
cs.PL 2406.06221
cs.PL 2406.06550
cs.PL 2406.06555
cs.PL 2406.06764
cs.PL 2406.06887
cs.PL 2406.07216
cs.PL 2406.07436
cs.PL 2406.07453
cs.PL 2406.07737
cs.PL 2406.07936
cs.PL 2406.08316
cs.PL 2406.08467
cs.PL 2406.08843
cs.PL 2406.09099
cs.OS 2405.09213
cs.OS 2405.12079
cs.OS 2405.17442
cs.OS 2406.01339
cs.OS 2406.01225
cs.OS 2406.01872
cs.SE 2406.04482
cs.SE 2406.04778
cs.SE 2406.04346
cs.SE 2406.04347
cs.SE 2406.04349
cs.SE 2406.04356
cs.SE 2406.04359
cs.SE 2406.04360
cs.SE 2406.04369
cs.SE 2406.04373
cs.SE 2406.04375
cs.SE 2406.04379
cs.SE 2406.04427
cs.SE 2406.04464
cs.SE 2406.04531
cs.SE 2406.04568
cs.SE 2406.04693
cs.SE 2406.04710
cs.SE 2406.04780
cs.SE 2406.04797
cs.SE 2406.04959
cs.SE 2406.05011
cs.SE 2406.05251
cs.SE 2406.05804
cs.SE 2406.05892
cs.SE 2406.06218
cs.SE 2406.05210
cs.SE 2406.05381
cs.SE 2406.05397
cs.SE 2406.05409
cs.SE 2406.05438
cs.SE 2406.05483
cs.SE 2406.05487
cs.SE 2406.05514
cs.SE 2406.05639
cs.SE 2406.05685
cs.SE 2406.05712
cs.SE 2406.05940
cs.SE 2406.06025
cs.SE 2406.06153
cs.SE 2406.06156
cs.SE 2406.06405
cs.SE 2406.06822
cs.SE 2406.06887
cs.SE 2406.06975
cs.SE 2406.06637
cs.SE 2406.06647
cs.SE 2406.06732
cs.SE 2406.06764
cs.SE 2406.06835
cs.SE 2406.06864
cs.SE 2406.06902
cs.SE 2406.06918
cs.SE 2406.07003
cs.SE 2406.07021
cs.SE 2406.07071
cs.SE 2406.07174
cs.SE 2406.07380
cs.SE 2406.07411
cs.SE 2406.07467
cs.SE 2406.07595
cs.SE 2406.07714
cs.SE 2406.07739
cs.SE 2406.08316
cs.SE 2406.07683
cs.SE 2406.07737
cs.SE 2406.07765
cs.SE 2406.07936
cs.SE 2406.07944
cs.SE 2406.07976
cs.SE 2406.08077
cs.SE 2406.08098
cs.SE 2406.08120
cs.SE 2406.08198
cs.SE 2406.08205
cs.SE 2406.08216
cs.SE 2406.08221
cs.SE 2406.08228
cs.SE 2406.08340
cs.SE 2406.08369
cs.SE 2406.08467
cs.SE 2406.08774
cs.SE 2406.08979
cs.SE 2406.09085
cs.SE 2406.08575
cs.SE 2406.08583
cs.SE 2406.08665
cs.SE 2406.08679
cs.SE 2406.08688
cs.SE 2406.08731
cs.SE 2406.08828
cs.SE 2406.08843
cs.SE 2406.08915
cs.SE 2406.09065
cs.SE 2406.09066
cs.SE 2406.09313
cs.RO 2406.04426
cs.RO 2406.04815
cs.RO 2406.04853
cs.RO 2406.05132
cs.RO 2406.04451
cs.RO 2406.04491
cs.RO 2406.04503
cs.RO 2406.04560
cs.RO 2406.04616
cs.RO 2406.04644
cs.RO 2406.04666
cs.RO 2406.04795
cs.RO 2406.04806
cs.RO 2406.04816
cs.RO 2406.04821
cs.RO 2406.04835
cs.RO 2406.04858
cs.RO 2406.04882
cs.RO 2406.04907
cs.RO 2406.04920
cs.RO 2406.04950
cs.RO 2406.04955
cs.RO 2406.05003
cs.RO 2406.05080
cs.RO 2406.05422
cs.RO 2406.05846
cs.RO 2406.05881
cs.RO 2406.06072
cs.RO 2406.06103
cs.RO 2406.06370
cs.RO 2406.06423
cs.RO 2406.05135
cs.RO 2406.05281
cs.RO 2406.05309
cs.RO 2406.05313
cs.RO 2406.05331
cs.RO 2406.05336
cs.RO 2406.05465
cs.RO 2406.05522
cs.RO 2406.05572
cs.RO 2406.05573
cs.RO 2406.05575
cs.RO 2406.05613
cs.RO 2406.05621
cs.RO 2406.05623
cs.RO 2406.05651
cs.RO 2406.05687
cs.RO 2406.05708
cs.RO 2406.05709
cs.RO 2406.05849
cs.RO 2406.05931
cs.RO 2406.05951
cs.RO 2406.05969
cs.RO 2406.05985
cs.RO 2406.06005
cs.RO 2406.06038
cs.RO 2406.06054
cs.RO 2406.06092
cs.RO 2406.06130
cs.RO 2406.06255
cs.RO 2406.06300
cs.RO 2406.06353
cs.RO 2406.06374
cs.RO 2406.06400
cs.RO 2406.06422
cs.RO 2406.06427
cs.RO 2406.06460
cs.RO 2406.06478
cs.RO 2406.06498
cs.RO 2406.06615
cs.RO 2406.06796
cs.RO 2406.06874
cs.RO 2406.06948
cs.RO 2406.07398
cs.RO 2406.06724
cs.RO 2406.06748
cs.RO 2406.06899
cs.RO 2406.06904
cs.RO 2406.07048
cs.RO 2406.07065
cs.RO 2406.07069
cs.RO 2406.07074
cs.RO 2406.07270
cs.RO 2406.07294
cs.RO 2406.07296
cs.RO 2406.07328
cs.RO 2406.07371
cs.RO 2406.07375
cs.RO 2406.07539
cs.RO 2406.07549
cs.RO 2406.07568
cs.RO 2406.07661
cs.RO 2406.07663
cs.RO 2406.07721
cs.RO 2406.07937
cs.RO 2406.08009
cs.RO 2406.08113
cs.RO 2406.08176
cs.RO 2406.08234
cs.RO 2406.08238
cs.RO 2406.08471
cs.RO 2406.07670
cs.RO 2406.07678
cs.RO 2406.07728
cs.RO 2406.07767
cs.RO 2406.07837
cs.RO 2406.07877
cs.RO 2406.07894
cs.RO 2406.07928
cs.RO 2406.08005
cs.RO 2406.08015
cs.RO 2406.08135
cs.RO 2406.08160
cs.RO 2406.08187
cs.RO 2406.08283
cs.RO 2406.08333
cs.RO 2406.08347
cs.RO 2406.08349
cs.RO 2406.08421
cs.RO 2406.08455
cs.RO 2406.08691
cs.RO 2406.08805
cs.RO 2406.09097
cs.RO 2406.09260
cs.RO 2406.09401
cs.RO 2406.08545
cs.RO 2406.08637
cs.RO 2406.08648
cs.RO 2406.08650
cs.RO 2406.08653
cs.RO 2406.08741
cs.RO 2406.08745
cs.RO 2406.08753
cs.RO 2406.08815
cs.RO 2406.08824
cs.RO 2406.08855
cs.RO 2406.08858
cs.RO 2406.08946
cs.RO 2406.09039
cs.RO 2406.09120
cs.RO 2406.09160
cs.RO 2406.09178
cs.RO 2406.09239
cs.RO 2406.09246
cs.RO 2406.09301
cs.RO 2406.09309
cs.RO 2406.09332
cs.LG 2406.04348
cs.LG 2406.04350
cs.LG 2406.04364
cs.LG 2406.04367
cs.LG 2406.04370
cs.LG 2406.04374
cs.LG 2406.04377
cs.LG 2406.04378
cs.LG 2406.04382
cs.LG 2406.04384
cs.LG 2406.04424
cs.LG 2406.04426
cs.LG 2406.04456
cs.LG 2406.04464
cs.LG 2406.04478
cs.LG 2406.04496
cs.LG 2406.04503
cs.LG 2406.04508
cs.LG 2406.04523
cs.LG 2406.04527
cs.LG 2406.04533
cs.LG 2406.04546
cs.LG 2406.04551
cs.LG 2406.04562
cs.LG 2406.04566
cs.LG 2406.04568
cs.LG 2406.04592
cs.LG 2406.04594
cs.LG 2406.04607
cs.LG 2406.04624
cs.LG 2406.04654
cs.LG 2406.04658
cs.LG 2406.04693
cs.LG 2406.04731
cs.LG 2406.04746
cs.LG 2406.04755
cs.LG 2406.04769
cs.LG 2406.04793
cs.LG 2406.04802
cs.LG 2406.04805
cs.LG 2406.04814
cs.LG 2406.04838
cs.LG 2406.04845
cs.LG 2406.04853
cs.LG 2406.04857
cs.LG 2406.04859
cs.LG 2406.04913
cs.LG 2406.04920
cs.LG 2406.04926
cs.LG 2406.04928
cs.LG 2406.04929
cs.LG 2406.04932
cs.LG 2406.04935
cs.LG 2406.04943
cs.LG 2406.04949
cs.LG 2406.04993
cs.LG 2406.04997
cs.LG 2406.05014
cs.LG 2406.05038
cs.LG 2406.05041
cs.LG 2406.05061
cs.LG 2406.05071
cs.LG 2406.05079
cs.LG 2406.05108
cs.LG 2406.05113
cs.LG 2406.05132
cs.LG 2406.04391
cs.LG 2406.04412
cs.LG 2406.04419
cs.LG 2406.04421
cs.LG 2406.04425
cs.LG 2406.04443
cs.LG 2406.04446
cs.LG 2406.04472
cs.LG 2406.04476
cs.LG 2406.04487
cs.LG 2406.04488
cs.LG 2406.04490
cs.LG 2406.04501
cs.LG 2406.04516
cs.LG 2406.04519
cs.LG 2406.04534
cs.LG 2406.04535
cs.LG 2406.04548
cs.LG 2406.04549
cs.LG 2406.04558
cs.LG 2406.04567
cs.LG 2406.04575
cs.LG 2406.04584
cs.LG 2406.04596
cs.LG 2406.04601
cs.LG 2406.04606
cs.LG 2406.04609
cs.LG 2406.04610
cs.LG 2406.04612
cs.LG 2406.04619
cs.LG 2406.04626
cs.LG 2406.04627
cs.LG 2406.04639
cs.LG 2406.04640
cs.LG 2406.04657
cs.LG 2406.04687
cs.LG 2406.04690
cs.LG 2406.04702
cs.LG 2406.04706
cs.LG 2406.04709
cs.LG 2406.04713
cs.LG 2406.04724
cs.LG 2406.04727
cs.LG 2406.04739
cs.LG 2406.04743
cs.LG 2406.04745
cs.LG 2406.04759
cs.LG 2406.04766
cs.LG 2406.04772
cs.LG 2406.04777
cs.LG 2406.04779
cs.LG 2406.04808
cs.LG 2406.04812
cs.LG 2406.04815
cs.LG 2406.04822
cs.LG 2406.04824
cs.LG 2406.04825
cs.LG 2406.04827
cs.LG 2406.04841
cs.LG 2406.04843
cs.LG 2406.04848
cs.LG 2406.04860
cs.LG 2406.04867
cs.LG 2406.04868
cs.LG 2406.04872
cs.LG 2406.04890
cs.LG 2406.04896
cs.LG 2406.04897
cs.LG 2406.04903
cs.LG 2406.04910
cs.LG 2406.04914
cs.LG 2406.04916
cs.LG 2406.04934
cs.LG 2406.04938
cs.LG 2406.04940
cs.LG 2406.04963
cs.LG 2406.04964
cs.LG 2406.04975
cs.LG 2406.04981
cs.LG 2406.04998
cs.LG 2406.05017
cs.LG 2406.05020
cs.LG 2406.05027
cs.LG 2406.05033
cs.LG 2406.05036
cs.LG 2406.05045
cs.LG 2406.05053
cs.LG 2406.05064
cs.LG 2406.05072
cs.LG 2406.05088
cs.LG 2406.05090
cs.LG 2406.05109
cs.LG 2406.05114
cs.LG 2406.05119
cs.LG 2305.01206
cs.LG 2406.05142
cs.LG 2406.05143
cs.LG 2406.05149
cs.LG 2406.05152
cs.LG 2406.05153
cs.LG 2406.05175
cs.LG 2406.05187
cs.LG 2406.05194
cs.LG 2406.05205
cs.LG 2406.05213
cs.LG 2406.05231
cs.LG 2406.05232
cs.LG 2406.05250
cs.LG 2406.05260
cs.LG 2406.05270
cs.LG 2406.05274
cs.LG 2406.05288
cs.LG 2406.05315
cs.LG 2406.05320
cs.LG 2406.05328
cs.LG 2406.05335
cs.LG 2406.05347
cs.LG 2406.05362
cs.LG 2406.05365
cs.LG 2406.05369
cs.LG 2406.05372
cs.LG 2406.05375
cs.LG 2406.05392
cs.LG 2406.05424
cs.LG 2406.05464
cs.LG 2406.05477
cs.LG 2406.05533
cs.LG 2406.05534
cs.LG 2406.05540
cs.LG 2406.05551
cs.LG 2406.05588
cs.LG 2406.05590
cs.LG 2406.05596
cs.LG 2406.05605
cs.LG 2406.05612
cs.LG 2406.05629
cs.LG 2406.05633
cs.LG 2406.05636
cs.LG 2406.05637
cs.LG 2406.05688
cs.LG 2406.05694
cs.LG 2406.05709
cs.LG 2406.05714
cs.LG 2406.05726
cs.LG 2406.05738
cs.LG 2406.05741
cs.LG 2406.05745
cs.LG 2406.05746
cs.LG 2406.05754
cs.LG 2406.05757
cs.LG 2406.05784
cs.LG 2406.05797
cs.LG 2406.05814
cs.LG 2406.05830
cs.LG 2406.05832
cs.LG 2406.05850
cs.LG 2406.05863
cs.LG 2406.05870
cs.LG 2406.05871
cs.LG 2406.05876
cs.LG 2406.05891
cs.LG 2406.05892
cs.LG 2406.05898
cs.LG 2406.05918
cs.LG 2406.05923
cs.LG 2406.05927
cs.LG 2406.05954
cs.LG 2406.05964
cs.LG 2406.05967
cs.LG 2406.05972
cs.LG 2406.05982
cs.LG 2406.05986
cs.LG 2406.05995
cs.LG 2406.05999
cs.LG 2406.06025
cs.LG 2406.06041
cs.LG 2406.06046
cs.LG 2406.06051
cs.LG 2406.06072
cs.LG 2406.06099
cs.LG 2406.06134
cs.LG 2406.06136
cs.LG 2406.06140
cs.LG 2406.06165
cs.LG 2406.06184
cs.LG 2406.06185
cs.LG 2406.06220
cs.LG 2406.06225
cs.LG 2406.06287
cs.LG 2406.06307
cs.LG 2406.06316
cs.LG 2406.06350
cs.LG 2406.06351
cs.LG 2406.06382
cs.LG 2406.06397
cs.LG 2406.06403
cs.LG 2406.06408
cs.LG 2406.06425
cs.LG 2406.06438
cs.LG 2406.06446
cs.LG 2406.06452
cs.LG 2406.06462
cs.LG 2406.06465
cs.LG 2406.06469
cs.LG 2406.06477
cs.LG 2406.06482
cs.LG 2406.06500
cs.LG 2406.06506
cs.LG 2406.06516
cs.LG 2406.05183
cs.LG 2406.05190
cs.LG 2406.05207
cs.LG 2406.05216
cs.LG 2406.05222
cs.LG 2406.05223
cs.LG 2406.05225
cs.LG 2406.05227
cs.LG 2406.05233
cs.LG 2406.05251
cs.LG 2406.05257
cs.LG 2406.05276
cs.LG 2406.05287
cs.LG 2406.05290
cs.LG 2406.05295
cs.LG 2406.05303
cs.LG 2406.05316
cs.LG 2406.05317
cs.LG 2406.05332
cs.LG 2406.05346
cs.LG 2406.05358
cs.LG 2406.05366
cs.LG 2406.05376
cs.LG 2406.05391
cs.LG 2406.05395
cs.LG 2406.05396
cs.LG 2406.05405
cs.LG 2406.05413
cs.LG 2406.05426
cs.LG 2406.05427
cs.LG 2406.05469
cs.LG 2406.05470
cs.LG 2406.05482
cs.LG 2406.05488
cs.LG 2406.05504
cs.LG 2406.05510
cs.LG 2406.05516
cs.LG 2406.05531
cs.LG 2406.05532
cs.LG 2406.05535
cs.LG 2406.05545
cs.LG 2406.05564
cs.LG 2406.05616
cs.LG 2406.05628
cs.LG 2406.05631
cs.LG 2406.05646
cs.LG 2406.05660
cs.LG 2406.05666
cs.LG 2406.05670
cs.LG 2406.05682
cs.LG 2406.05686
cs.LG 2406.05710
cs.LG 2406.05753
cs.LG 2406.05766
cs.LG 2406.05796
cs.LG 2406.05815
cs.LG 2406.05816
cs.LG 2406.05822
cs.LG 2406.05826
cs.LG 2406.05855
cs.LG 2406.05872
cs.LG 2406.05881
cs.LG 2406.05882
cs.LG 2406.05883
cs.LG 2406.05887
cs.LG 2406.05893
cs.LG 2406.05900
cs.LG 2406.05902
cs.LG 2406.05937
cs.LG 2406.05938
cs.LG 2406.05953
cs.LG 2406.05955
cs.LG 2406.05959
cs.LG 2406.05981
cs.LG 2406.05984
cs.LG 2406.05993
cs.LG 2406.06002
cs.LG 2406.06007
cs.LG 2406.06016
cs.LG 2406.06022
cs.LG 2406.06037
cs.LG 2406.06060
cs.LG 2406.06081
cs.LG 2406.06101
cs.LG 2406.06106
cs.LG 2406.06119
cs.LG 2406.06149
cs.LG 2406.06150
cs.LG 2406.06158
cs.LG 2406.06202
cs.LG 2406.06207
cs.LG 2406.06213
cs.LG 2406.06227
cs.LG 2406.06237
cs.LG 2406.06246
cs.LG 2406.06248
cs.LG 2406.06282
cs.LG 2406.06290
cs.LG 2406.06309
cs.LG 2406.06313
cs.LG 2406.06340
cs.LG 2406.06348
cs.LG 2406.06354
cs.LG 2406.06385
cs.LG 2406.06391
cs.LG 2406.06407
cs.LG 2406.06417
cs.LG 2406.06419
cs.LG 2406.06420
cs.LG 2406.06433
cs.LG 2406.06443
cs.LG 2406.06449
cs.LG 2406.06459
cs.LG 2406.06467
cs.LG 2406.06470
cs.LG 2406.06479
cs.LG 2406.06484
cs.LG 2406.06486
cs.LG 2406.06487
cs.LG 2406.06494
cs.LG 2406.06495
cs.LG 2406.06496
cs.LG 2406.06504
cs.LG 2406.06507
cs.LG 2406.06509
cs.LG 2406.06514
cs.LG 2406.06518
cs.LG 2406.06520
cs.LG 2406.03848
cs.LG 2406.06531
cs.LG 2406.06537
cs.LG 2406.06538
cs.LG 2406.06542
cs.LG 2406.06543
cs.LG 2406.06552
cs.LG 2406.06559
cs.LG 2406.06565
cs.LG 2406.06566
cs.LG 2406.06569
cs.LG 2406.06573
cs.LG 2406.06576
cs.LG 2406.06578
cs.LG 2406.06581
cs.LG 2406.06582
cs.LG 2406.06588
cs.LG 2406.06591
cs.LG 2406.06592
cs.LG 2406.06594
cs.LG 2406.06597
cs.LG 2406.06599
cs.LG 2406.06610
cs.LG 2406.06612
cs.LG 2406.06615
cs.LG 2406.06616
cs.LG 2406.06617
cs.LG 2406.06618
cs.LG 2406.06621
cs.LG 2406.06634
cs.LG 2406.06636
cs.LG 2406.06638
cs.LG 2406.06641
cs.LG 2406.06647
cs.LG 2406.06648
cs.LG 2406.06649
cs.LG 2406.06662
cs.LG 2406.06663
cs.LG 2406.06664
cs.LG 2406.06699
cs.LG 2406.06703
cs.LG 2406.06739
cs.LG 2406.06749
cs.LG 2406.06755
cs.LG 2406.06768
cs.LG 2406.06776
cs.LG 2406.06796
cs.LG 2406.06802
cs.LG 2406.06808
cs.LG 2406.06820
cs.LG 2406.06825
cs.LG 2406.06840
cs.LG 2406.06849
cs.LG 2406.06855
cs.LG 2406.06887
cs.LG 2406.06893
cs.LG 2406.06903
cs.LG 2406.06907
cs.LG 2406.06955
cs.LG 2406.06972
cs.LG 2406.07005
cs.LG 2406.07049
cs.LG 2406.07053
cs.LG 2406.07057
cs.LG 2406.07060
cs.LG 2406.07072
cs.LG 2406.07096
cs.LG 2406.07115
cs.LG 2406.07117
cs.LG 2406.07124
cs.LG 2406.07125
cs.LG 2406.07222
cs.LG 2406.07247
cs.LG 2406.07250
cs.LG 2406.07259
cs.LG 2406.07291
cs.LG 2406.07302
cs.LG 2406.07325
cs.LG 2406.07327
cs.LG 2406.07328
cs.LG 2406.07358
cs.LG 2406.07361
cs.LG 2406.07368
cs.LG 2406.07373
cs.LG 2406.07375
cs.LG 2406.07381
cs.LG 2406.07387
cs.LG 2406.07389
cs.LG 2406.07398
cs.LG 2406.07409
cs.LG 2406.07418
cs.LG 2406.07428
cs.LG 2406.07435
cs.LG 2406.07450
cs.LG 2406.07466
cs.LG 2406.07474
cs.LG 2406.07482
cs.LG 2406.07496
cs.LG 2406.07506
cs.LG 2406.07519
cs.LG 2406.07521
cs.LG 2406.07522
cs.LG 2406.07524
cs.LG 2406.07532
cs.LG 2406.07540
cs.LG 2406.07544
cs.LG 2406.07548
cs.LG 2406.06553
cs.LG 2406.06555
cs.LG 2406.06564
cs.LG 2406.06567
cs.LG 2406.06583
cs.LG 2406.06585
cs.LG 2406.06593
cs.LG 2406.06595
cs.LG 2406.06600
cs.LG 2406.06602
cs.LG 2406.06603
cs.LG 2406.06607
cs.LG 2406.06609
cs.LG 2406.06611
cs.LG 2406.06620
cs.LG 2406.06623
cs.LG 2406.06624
cs.LG 2406.06626
cs.LG 2406.06627
cs.LG 2406.06629
cs.LG 2406.06631
cs.LG 2406.06632
cs.LG 2406.06633
cs.LG 2406.06642
cs.LG 2406.06644
cs.LG 2406.06645
cs.LG 2406.06651
cs.LG 2406.06652
cs.LG 2406.06653
cs.LG 2406.06654
cs.LG 2406.06655
cs.LG 2406.06660
cs.LG 2406.06671
cs.LG 2406.06700
cs.LG 2406.06714
cs.LG 2406.06728
cs.LG 2406.06736
cs.LG 2406.06744
cs.LG 2406.06746
cs.LG 2406.06751
cs.LG 2406.06792
cs.LG 2406.06793
cs.LG 2406.06811
cs.LG 2406.06812
cs.LG 2406.06818
cs.LG 2406.06823
cs.LG 2406.06829
cs.LG 2406.06838
cs.LG 2406.06841
cs.LG 2406.06856
cs.LG 2406.06858
cs.LG 2406.06891
cs.LG 2406.06894
cs.LG 2406.06909
cs.LG 2406.06925
cs.LG 2406.06954
cs.LG 2406.06959
cs.LG 2406.06960
cs.LG 2406.06968
cs.LG 2406.06976
cs.LG 2406.06977
cs.LG 2406.06979
cs.LG 2406.06984
cs.LG 2406.06986
cs.LG 2406.07017
cs.LG 2406.07020
cs.LG 2406.07025
cs.LG 2406.07028
cs.LG 2406.07029
cs.LG 2406.07041
cs.LG 2406.07083
cs.LG 2406.07084
cs.LG 2406.07100
cs.LG 2406.07107
cs.LG 2406.07126
cs.LG 2406.07141
cs.LG 2406.07145
cs.LG 2406.07160
cs.LG 2406.07177
cs.LG 2406.07213
cs.LG 2406.07217
cs.LG 2406.07234
cs.LG 2406.07236
cs.LG 2406.07246
cs.LG 2406.07253
cs.LG 2406.07263
cs.LG 2406.07266
cs.LG 2406.07295
cs.LG 2406.07314
cs.LG 2406.07337
cs.LG 2406.07348
cs.LG 2406.07399
cs.LG 2406.07400
cs.LG 2406.07402
cs.LG 2406.07404
cs.LG 2406.07407
cs.LG 2406.07413
cs.LG 2406.07423
cs.LG 2406.07438
cs.LG 2406.07451
cs.LG 2406.07455
cs.LG 2406.07456
cs.LG 2406.07457
cs.LG 2406.07475
cs.LG 2406.07484
cs.LG 2406.07507
cs.LG 2406.07515
cs.LG 2406.07528
cs.LG 2406.07529
cs.LG 2406.07536
cs.LG 2406.07541
cs.LG 2406.07542
cs.LG 2406.07564
cs.LG 2406.07568
cs.LG 2406.07572
cs.LG 2406.07573
cs.LG 2406.07574
cs.LG 2406.07576
cs.LG 2406.07579
cs.LG 2406.07580
cs.LG 2406.07581
cs.LG 2406.07585
cs.LG 2406.07646
cs.LG 2406.07662
cs.LG 2406.07676
cs.LG 2406.07688
cs.LG 2406.07693
cs.LG 2406.07694
cs.LG 2406.07707
cs.LG 2406.07727
cs.LG 2406.07735
cs.LG 2406.07737
cs.LG 2406.07746
cs.LG 2406.07767
cs.LG 2406.07778
cs.LG 2406.07785
cs.LG 2406.07811
cs.LG 2406.07812
cs.LG 2406.07820
cs.LG 2406.07857
cs.LG 2406.07860
cs.LG 2406.07865
cs.LG 2406.07876
cs.LG 2406.07877
cs.LG 2406.07879
cs.LG 2406.07884
cs.LG 2406.07890
cs.LG 2406.07933
cs.LG 2406.07935
cs.LG 2406.07940
cs.LG 2406.07953
cs.LG 2406.07967
cs.PF 2406.03482
cs.LG 2406.07969
cs.PF 2406.04693
cs.LG 2406.07971
cs.PF 2406.05858
cs.LG 2406.08001
cs.PF 2406.07727
cs.LG 2406.08010
cs.PF 2406.08051
cs.LG 2406.08030
cs.PF 2406.08334
cs.LG 2406.08034
cs.PF 2406.08330
cs.LG 2406.08042
cs.PF 2406.08843
cs.LG 2406.08050
cs.PF 2406.08879
cs.LG 2406.08070
cs.LG 2406.08193
cs.LG 2406.08205
cs.LG 2406.08207
cs.LG 2406.08209
cs.LG 2406.08217
cs.LG 2406.08226
cs.LG 2406.08229
cs.LG 2406.08246
cs.LG 2406.08249
cs.LG 2406.08269
cs.LG 2406.08294
cs.LG 2406.08307
cs.LG 2406.08315
cs.LG 2406.08316
cs.LG 2406.08318
cs.LG 2406.08321
cs.LG 2406.08322
cs.LG 2406.08330
cs.LG 2406.08331
cs.LG 2406.08334
cs.LG 2406.08354
cs.LG 2406.08373
cs.LG 2406.08398
cs.LG 2406.08399
cs.LG 2406.08401
cs.LG 2406.08402
cs.LG 2406.08413
cs.LG 2406.08431
cs.LG 2406.08443
cs.LG 2406.08445
cs.LG 2406.08467
cs.LG 2406.08474
cs.LG 2406.08488
cs.LG 2406.07590
cs.LG 2406.07592
cs.LG 2406.07598
cs.LG 2406.07640
cs.LG 2406.07642
cs.LG 2406.07657
cs.LG 2406.07658
cs.LG 2406.07687
cs.LG 2406.07698
cs.LG 2406.07709
cs.LG 2406.07712
cs.LG 2406.07726
cs.LG 2406.07769
cs.LG 2406.07770
cs.LG 2406.07775
cs.LG 2406.07777
cs.LG 2406.07780
cs.LG 2406.07800
cs.LG 2406.07826
cs.LG 2406.07831
cs.LG 2406.07862
cs.LG 2406.07866
cs.LG 2406.07875
cs.LG 2406.07885
cs.LG 2406.07887
cs.LG 2406.07892
cs.LG 2406.07897
cs.LG 2406.07904
cs.LG 2406.07908
cs.LG 2406.07917
cs.LG 2406.07920
cs.LG 2406.07926
cs.LG 2406.07929
cs.LG 2406.07955
cs.LG 2406.07979
cs.LG 2406.07980
cs.LG 2406.07983
cs.LG 2406.07990
cs.LG 2406.07991
cs.LG 2406.07992
cs.LG 2406.08039
cs.LG 2406.08045
cs.LG 2406.08069
cs.LG 2406.08074
cs.LG 2406.08075
cs.LG 2406.08093
cs.LG 2406.08097
cs.LG 2406.08099
cs.LG 2406.08106
cs.LG 2406.08128
cs.LG 2406.08148
cs.LG 2406.08155
cs.LG 2406.08188
cs.LG 2406.08206
cs.LG 2406.08210
cs.LG 2406.08234
cs.LG 2406.08238
cs.LG 2406.08267
cs.LG 2406.08272
cs.LG 2406.08281
cs.LG 2406.08287
cs.LG 2406.08288
cs.LG 2406.08310
cs.LG 2406.08311
cs.LG 2406.08335
cs.LG 2406.08391
cs.LG 2406.08395
cs.LG 2406.08404
cs.LG 2406.08406
cs.LG 2406.08414
cs.LG 2406.08423
cs.LG 2406.08428
cs.LG 2406.08440
cs.LG 2406.08447
cs.LG 2406.08465
cs.LG 2406.08466
cs.LG 2406.08469
cs.LG 2406.08472
cs.LG 2406.08473
cs.LG 2406.08506
cs.LG 2406.08511
cs.LG 2406.08521
cs.LG 2406.08522
cs.LG 2406.08528
cs.LG 2406.08575
cs.LG 2406.08587
cs.LG 2406.08591
cs.LG 2406.08593
cs.LG 2406.08603
cs.LG 2406.08604
cs.LG 2406.08610
cs.LG 2406.08619
cs.LG 2406.08623
cs.LG 2406.08632
cs.LG 2406.08634
cs.LG 2406.08654
cs.LG 2406.08658
cs.LG 2406.08673
cs.LG 2406.08686
cs.LG 2406.08691
cs.LG 2406.08695
cs.LG 2406.08697
cs.LG 2406.08739
cs.LG 2406.08756
cs.LG 2406.08800
cs.LG 2406.08837
cs.LG 2406.08838
cs.LG 2406.08840
cs.LG 2406.08847
cs.LG 2406.08853
cs.LG 2406.08858
cs.LG 2406.08884
cs.LG 2406.08898
cs.LG 2406.08914
cs.LG 2406.08917
cs.LG 2406.08918
cs.LG 2406.08922
cs.LG 2406.08924
cs.LG 2406.08938
cs.LG 2406.08943
cs.LG 2406.08953
cs.LG 2406.08961
cs.LG 2406.08980
cs.LG 2406.09003
cs.LG 2406.09038
cs.LG 2406.09041
cs.LG 2406.09048
cs.LG 2406.09051
cs.LG 2406.09084
cs.LG 2406.09105
cs.LG 2406.09112
cs.LG 2406.09136
cs.LG 2406.09137
cs.LG 2406.09143
cs.LG 2406.09152
cs.LG 2406.09155
cs.LG 2406.09168
cs.LG 2406.09172
cs.LG 2406.09177
cs.LG 2406.09182
cs.LG 2406.09183
cs.LG 2406.09194
cs.LG 2406.09196
cs.LG 2406.09199
cs.LG 2406.09206
cs.LG 2406.09241
cs.LG 2406.09246
cs.LG 2406.09250
cs.LG 2406.09253
cs.LG 2406.09263
cs.LG 2406.09277
cs.LG 2406.09289
cs.LG 2406.09292
cs.LG 2406.09308
cs.LG 2406.09310
cs.LG 2406.09315
cs.LG 2406.09335
cs.LG 2406.09351
cs.LG 2406.09363
cs.LG 2406.09371
cs.LG 2406.09373
cs.LG 2406.09375
cs.LG 2406.09388
cs.LG 2406.09390
cs.LG 2406.09393
cs.LG 2406.09400
cs.LG 2406.09402
cs.LG 2406.09404
cs.LG 2406.09406
cs.LG 2406.09408
cs.LG 2406.09412
cs.LG 2406.09413
cs.LG 2406.09415
cs.LG 2406.09417
cs.LG 2406.08516
cs.LG 2406.08524
cs.LG 2406.08525
cs.LG 2406.08526
cs.LG 2406.08527
cs.LG 2406.08569
cs.LG 2406.08570
cs.LG 2406.08627
cs.LG 2406.08636
cs.LG 2406.08638
cs.LG 2406.08649
cs.LG 2406.08666
cs.LG 2406.08709
cs.LG 2406.08740
cs.LG 2406.08743
cs.LG 2406.08748
cs.LG 2406.08749
cs.LG 2406.08765
cs.LG 2406.08788
cs.LG 2406.08799
cs.LG 2406.08805
cs.LG 2406.08819
cs.LG 2406.08830
cs.LG 2406.08851
cs.LG 2406.08854
cs.LG 2406.08862
cs.LG 2406.08864
cs.LG 2406.08878
cs.LG 2406.08897
cs.LG 2406.08904
cs.LG 2406.08929
cs.LG 2406.08930
cs.LG 2406.08933
cs.LG 2406.08958
cs.LG 2406.08966
cs.LG 2406.08973
cs.LG 2406.08990
cs.LG 2406.08993
cs.LG 2406.09009
cs.LG 2406.09014
cs.LG 2406.09023
cs.LG 2406.09028
cs.LG 2406.09030
cs.LG 2406.09031
cs.LG 2406.09046
cs.LG 2406.09049
cs.LG 2406.09052
cs.LG 2406.09062
cs.LG 2406.09068
cs.LG 2406.09069
cs.LG 2406.09070
cs.LG 2406.09071
cs.LG 2406.09073
cs.LG 2406.09079
cs.LG 2406.09089
cs.LG 2406.09116
cs.LG 2406.09130
cs.LG 2406.09131
cs.LG 2406.09132
cs.LG 2406.09141
cs.LG 2406.09147
cs.LG 2406.09156
cs.LG 2406.09173
cs.LG 2406.09179
cs.LG 2406.09180
cs.LG 2406.09187
cs.LG 2406.09207
cs.LG 2406.09257
cs.LG 2406.09262
cs.LG 2406.09288
cs.LG 2406.09291
cs.LG 2406.09294
cs.LG 2406.09297
cs.LG 2406.09307
cs.LG 2406.09322
cs.LG 2406.09329
cs.LG 2406.09338
cs.LG 2406.09346
cs.LG 2406.09347
cs.LG 2406.09353
cs.LG 2406.09357
cs.LG 2406.09358
cs.LG 2406.09366
cs.LG 2406.09370
cs.LG 2406.09384
cs.LG 2406.09391
cs.LG 2406.09405
cs.SD 2406.04353
cs.SD 2406.04429
cs.SD 2406.04467
cs.SD 2406.04512
cs.SD 2406.04582
cs.SD 2406.04615
cs.SD 2406.04660
cs.SD 2406.04904
cs.SD 2406.04930
cs.SD 2406.05128
cs.SD 2406.04350
cs.SD 2406.04589
cs.SD 2406.04595
cs.SD 2406.04683
cs.SD 2406.04791
cs.SD 2406.04840
cs.SD 2406.05199
cs.SD 2406.05286
cs.SD 2406.05325
cs.SD 2406.05341
cs.SD 2406.05359
cs.SD 2406.05370
cs.SD 2406.05401
cs.SD 2406.05551
cs.SD 2406.05629
cs.SD 2406.05806
cs.SD 2406.05876
cs.SD 2406.05914
cs.SD 2406.06111
cs.SD 2406.06185
cs.SD 2406.06220
cs.SD 2406.06293
cs.SD 2406.06371
cs.SD 2406.06403
cs.SD 2406.06406
cs.SD 2406.06438
cs.SD 2406.05464
cs.SD 2406.05515
cs.SD 2406.05547
cs.SD 2406.05653
cs.SD 2406.05681
cs.SD 2406.05692
cs.SD 2406.05784
cs.SD 2406.05863
cs.SD 2406.05923
cs.SD 2406.06086
cs.SD 2406.06097
cs.SD 2406.06139
cs.SD 2406.06208
cs.SD 2406.06295
cs.SD 2406.06310
cs.SD 2406.06332
cs.SD 2406.06339
cs.SD 2406.06341
cs.SD 2406.06375
cs.SD 2406.06601
cs.SD 2406.06612
cs.SD 2406.06634
cs.SD 2406.06646
cs.SD 2406.06664
cs.SD 2406.06774
cs.SD 2406.06781
cs.SD 2406.06798
cs.SD 2406.06937
cs.SD 2406.06964
cs.SD 2406.06979
cs.SD 2406.07096
cs.SD 2406.07133
cs.SD 2406.07237
cs.SD 2406.07250
cs.SD 2406.07289
cs.SD 2406.07310
cs.SD 2406.07330
cs.SD 2406.07466
cs.SD 2406.06786
cs.SD 2406.06992
cs.SD 2406.07012
cs.SD 2406.07131
cs.SD 2406.07162
cs.SD 2406.07203
cs.SD 2406.07254
cs.SD 2406.07256
cs.SD 2406.07280
cs.SD 2406.07421
cs.SD 2406.07437
cs.SD 2406.07497
cs.SD 2406.07498
cs.SD 2406.07532
cs.SD 2406.07576
cs.SD 2406.07663
cs.SD 2406.07801
cs.SD 2406.07816
cs.SD 2406.07823
cs.SD 2406.07845
cs.SD 2406.07855
cs.SD 2406.07871
cs.SD 2406.07900
cs.SD 2406.07909
cs.SD 2406.07969
cs.SD 2406.08056
cs.SD 2406.08076
cs.SD 2406.08119
cs.SD 2406.08122
cs.SD 2406.08203
cs.SD 2406.08207
cs.SD 2406.08266
cs.SD 2406.08353
cs.SD 2406.08380
cs.SD 2406.08393
cs.SD 2406.08402
cs.SD 2406.08445
cs.SD 2406.07646
cs.SD 2406.07676
cs.SD 2406.07725
cs.SD 2406.07803
cs.SD 2406.07832
cs.SD 2406.07854
cs.SD 2406.07914
cs.SD 2406.07923
cs.SD 2406.08052
cs.SD 2406.08112
cs.SD 2406.08196
cs.SD 2406.08200
cs.SD 2406.08336
cs.SD 2406.08384
cs.SD 2406.08416
cs.SD 2406.08454
cs.SD 2406.02699
cs.SD 2406.08517
cs.SD 2406.08644
cs.SD 2406.08802
cs.SD 2406.08900
cs.SD 2406.08904
cs.SD 2406.08931
cs.SD 2406.08957
cs.SD 2406.08974
cs.SD 2406.08989
cs.SD 2406.09153
cs.SD 2406.09156
cs.SD 2406.09272
cs.SD 2406.09282
cs.SD 2406.09286
cs.SD 2406.09290
cs.SD 2406.09345
cs.SD 2406.08568
cs.SD 2406.08623
cs.SD 2406.08641
cs.SD 2406.08716
cs.SD 2406.08761
cs.SD 2406.08771
cs.SD 2406.08800
cs.SD 2406.08809
cs.SD 2406.08812
cs.SD 2406.08825
cs.SD 2406.08835
cs.SD 2406.08905
cs.SD 2406.08914
cs.SD 2406.08920
cs.SD 2406.09154
cs.SD 2406.09161
cs.SD 2406.09167
cs.SD 2406.09326
cs.SI 2406.04423
cs.SI 2406.04548
cs.SI 2406.04612
cs.SI 2406.04916
cs.SI 2406.05026
cs.SI 2406.04462
cs.SI 2406.04962
cs.SI 2406.05021
cs.SI 2406.05246
cs.SI 2406.05560
cs.SI 2406.05582
cs.SI 2406.06014
cs.SI 2406.06440
cs.SI 2406.06889
cs.SI 2406.06934
cs.SI 2406.06958
cs.SI 2406.07016
cs.SI 2406.07155
cs.SI 2406.07353
cs.SI 2406.06617
cs.SI 2406.06618
cs.SI 2406.06658
cs.SI 2406.06662
cs.SI 2406.06717
cs.SI 2406.06814
cs.SI 2406.07293
cs.SI 2406.07642
cs.SI 2406.07693
cs.SI 2406.07926
cs.SI 2406.08034
cs.SI 2406.08420
cs.SI 2406.07574
cs.SI 2406.07805
cs.SI 2406.07964
cs.SI 2406.08084
cs.SI 2406.08201
cs.SI 2406.08299
cs.SI 2406.08429
cs.SI 2406.08594
cs.SI 2406.08624
cs.SI 2406.08899
cs.SI 2406.08522
cs.SI 2406.08762
cs.SI 2406.08876
cs.SI 2406.09123
cs.SI 2406.09142
cs.SI 2406.09169
cs.SI 2406.09343
cs.MA 2406.04780
cs.MA 2406.04845
cs.MA 2406.05041
cs.MA 2406.05071
cs.MA 2406.05720
cs.MA 2406.06041
cs.MA 2406.06402
cs.MA 2406.06520
cs.MA 2406.05388
cs.MA 2406.05724
cs.MA 2406.06748
cs.MA 2406.06823
cs.MA 2406.06958
cs.MA 2406.07155
cs.MA 2406.07277
cs.MA 2406.07431
cs.MA 2406.07473
cs.MA 2406.07848
cs.MA 2406.07875
cs.MA 2406.08002
cs.MA 2406.08440
cs.MA 2406.08979
cs.MA 2406.09214
cs.MA 2406.09318
cs.SY 2406.04476
cs.SY 2406.04503
cs.SY 2406.04644
cs.SY 2406.04780
cs.SY 2406.04786
cs.SY 2406.04816
cs.SY 2406.04841
cs.SY 2406.04858
cs.SY 2406.04920
cs.SY 2406.04483
cs.SY 2406.04685
cs.SY 2406.04694
cs.SY 2406.04943
cs.SY 2406.05040
cs.SY 2406.05137
cs.SY 2406.05395
cs.SY 2406.05472
cs.SY 2406.05512
cs.SY 2406.05575
cs.SY 2406.05576
cs.SY 2406.05632
cs.SY 2406.05708
cs.SY 2406.05916
cs.SY 2406.05954
cs.SY 2406.06005
cs.SY 2406.06041
cs.SY 2406.06284
cs.SY 2406.06343
cs.SY 2406.06353
cs.SY 2406.06514
cs.SY 2406.05165
cs.SY 2406.05239
cs.SY 2406.05301
cs.SY 2406.05342
cs.SY 2406.05350
cs.SY 2406.05378
cs.SY 2406.05440
cs.SY 2406.05444
cs.SY 2406.05542
cs.SY 2406.05580
cs.SY 2406.05586
cs.SY 2406.05610
cs.SY 2406.05950
cs.SY 2406.05966
cs.SY 2406.05976
cs.SY 2406.06098
cs.SY 2406.06116
cs.SY 2406.06151
cs.SY 2406.06157
cs.SY 2406.06245
cs.SY 2406.06253
cs.SY 2406.06297
cs.SY 2406.06404
cs.SY 2406.06602
cs.SY 2406.06611
cs.SY 2406.06744
cs.SY 2406.07065
cs.SY 2406.07069
cs.SY 2406.07248
cs.SY 2406.06833
cs.SY 2406.06844
cs.SY 2406.06880
cs.SY 2406.07073
cs.SY 2406.07077
cs.SY 2406.07271
cs.SY 2406.07282
cs.SY 2406.07301
cs.SY 2406.07324
cs.SY 2406.07338
cs.SY 2406.07408
cs.SY 2406.07454
cs.SY 2406.07503
cs.SY 2406.07513
cs.SY 2406.07559
cs.SY 2406.07728
cs.SY 2406.07746
cs.SY 2406.07903
cs.SY 2406.08003
cs.SY 2406.08005
cs.SY 2406.08220
cs.SY 2406.08283
cs.SY 2406.07644
cs.SY 2406.07663
cs.SY 2406.07682
cs.SY 2406.07690
cs.SY 2406.07719
cs.SY 2406.07784
cs.SY 2406.07834
cs.SY 2406.07857
cs.SY 2406.08060
cs.SY 2406.08248
cs.SY 2406.08268
cs.SY 2406.08350
cs.SY 2406.08375
cs.SY 2406.08650
cs.SY 2406.08815
cs.SY 2406.08858
cs.SY 2406.08946
cs.SY 2406.08626
cs.SY 2406.08708
cs.SY 2406.08750
cs.SY 2406.08806
cs.SY 2406.08917
cs.SY 2406.09061
cs.SY 2406.09082
cs.SY 2406.09097
cs.SY 2406.09197
cs.SC 2406.04681
cs.SC 2406.04753
cs.SC 2305.01206
cs.SC 2406.06585
cs.SC 2406.08480
cs.SC 2406.09085
stat.ML 2406.04374
stat.ML 2406.04421
stat.ML 2406.04424
stat.ML 2406.04425
stat.ML 2406.04487
stat.ML 2406.04501
stat.ML 2406.04562
stat.ML 2406.04575
stat.ML 2406.04588
stat.ML 2406.04592
stat.ML 2406.04619
stat.ML 2406.04653
stat.ML 2406.04657
stat.ML 2406.04690
stat.ML 2406.04706
stat.ML 2406.04713
stat.ML 2406.04739
stat.ML 2406.04759
stat.ML 2406.04766
stat.ML 2406.04796
stat.ML 2406.04824
stat.ML 2406.04827
stat.ML 2406.04843
stat.ML 2406.04860
stat.ML 2406.04981
stat.ML 2406.05072
stat.ML 2406.04527
stat.ML 2406.05014
stat.ML 2406.05061
stat.ML 2406.05213
stat.ML 2406.05225
stat.ML 2406.05242
stat.ML 2406.05287
stat.ML 2406.05340
stat.ML 2406.05428
stat.ML 2406.05440
stat.ML 2406.05637
stat.ML 2406.05660
stat.ML 2406.05666
stat.ML 2406.05710
stat.ML 2406.05822
stat.ML 2406.05855
stat.ML 2406.05869
stat.ML 2406.05882
stat.ML 2406.05883
stat.ML 2406.05937
stat.ML 2406.05993
stat.ML 2406.06014
stat.ML 2406.06101
stat.ML 2406.06149
stat.ML 2406.06158
stat.ML 2406.06168
stat.ML 2406.06213
stat.ML 2406.06227
stat.ML 2406.06419
stat.ML 2406.06452
stat.ML 2406.06467
stat.ML 2406.06470
stat.ML 2406.06506
stat.ML 2406.06509
stat.ML 2406.06514
stat.ML 2406.06516
stat.ML 2406.05260
stat.ML 2406.05320
stat.ML 2406.05372
stat.ML 2406.05633
stat.ML 2406.05714
stat.ML 2406.05745
stat.ML 2406.05964
stat.ML 2406.05986
stat.ML 2406.06408
stat.ML 2406.06425
stat.ML 2406.06623
stat.ML 2406.06631
stat.ML 2406.06749
stat.ML 2406.06755
stat.ML 2406.06829
stat.ML 2406.06838
stat.ML 2406.06894
stat.ML 2406.06909
stat.ML 2406.07025
stat.ML 2406.07072
stat.ML 2406.07083
stat.ML 2406.07263
stat.ML 2406.07423
stat.ML 2406.07449
stat.ML 2406.07455
stat.ML 2406.07457
stat.ML 2406.07475
stat.ML 2406.07515
stat.ML 2406.07536
stat.ML 2406.06802
stat.ML 2406.06825
stat.ML 2406.06849
stat.ML 2406.06893
stat.ML 2406.06903
stat.ML 2406.07005
stat.ML 2406.07292
stat.ML 2406.07409
stat.ML 2406.07474
stat.ML 2406.07592
stat.ML 2406.07658
stat.ML 2406.07709
stat.ML 2406.07849
stat.ML 2406.07908
stat.ML 2406.07909
stat.ML 2406.07920
stat.ML 2406.07955
stat.ML 2406.07991
stat.ML 2406.07993
stat.ML 2406.08030
stat.ML 2406.08281
stat.ML 2406.08391
stat.ML 2406.08447
stat.ML 2406.08466
stat.ML 2406.07585
stat.ML 2406.07746
stat.ML 2406.08193
stat.ML 2406.08209
stat.ML 2406.08307
stat.ML 2406.08321
stat.ML 2406.08399
stat.ML 2406.08401
stat.ML 2406.04535
stat.ML 2406.08516
stat.ML 2406.08569
stat.ML 2406.08666
stat.ML 2406.08748
stat.ML 2406.08776
stat.ML 2406.08819
stat.ML 2406.08884
stat.ML 2406.08918
stat.ML 2406.08929
stat.ML 2406.09023
stat.ML 2406.09049
stat.ML 2406.09069
stat.ML 2406.09116
stat.ML 2406.09241
stat.ML 2406.09307
stat.ML 2406.09347
stat.ML 2406.09357
stat.ML 2406.09405
stat.ML 2406.08654
stat.ML 2406.08658
stat.ML 2406.08697
stat.ML 2406.08853
stat.ML 2406.09048
stat.ML 2406.09051
stat.ML 2406.09084
stat.ML 2406.09172
stat.ML 2406.09177
stat.ML 2406.09183
stat.ML 2406.09194
stat.ML 2406.09199
stat.ML 2406.09253
stat.ML 2406.09375
stat.ML 2406.09387
cs.NI 2406.04492
cs.NI 2406.04685
cs.NI 2406.04779
cs.NI 2406.05041
cs.NI 2406.05418
cs.NI 2406.05443
cs.NI 2406.05576
cs.NI 2406.06099
cs.NI 2406.06128
cs.NI 2406.06402
cs.NI 2406.05528
cs.NI 2406.05698
cs.NI 2406.05913
cs.NI 2406.06059
cs.NI 2406.06068
cs.NI 2406.06105
cs.NI 2406.06483
cs.NI 2406.06545
cs.NI 2406.06595
cs.NI 2406.06855
cs.NI 2406.06934
cs.NI 2406.06958
cs.NI 2406.07155
cs.NI 2406.07053
cs.NI 2406.07087
cs.NI 2406.07342
cs.NI 2406.07377
cs.NI 2406.07562
cs.NI 2406.07563
cs.NI 2406.07578
cs.NI 2406.07857
cs.NI 2406.07910
cs.NI 2406.08042
cs.NI 2406.07898
cs.NI 2406.07996
cs.NI 2406.08305
cs.NI 2406.08832
cs.NI 2406.08833
cs.NI 2406.08564
cs.NI 2406.08616
cs.NI 2406.08870
cs.NI 2406.09093
stat.AP 2406.04348
stat.AP 2406.04575
stat.AP 2406.04599
stat.AP 2406.04743
stat.AP 2406.04849
stat.AP 2406.04424
stat.AP 2406.04915
stat.AP 2406.00866
stat.AP 2406.05172
stat.AP 2406.05173
stat.AP 2406.05185
stat.AP 2406.05607
stat.AP 2406.05679
stat.AP 2406.05738
stat.AP 2406.05830
stat.AP 2406.05834
stat.AP 2406.06213
stat.AP 2406.05189
stat.AP 2406.05262
stat.AP 2406.05264
stat.AP 2406.06177
stat.AP 2406.06602
stat.AP 2406.06706
stat.AP 2406.06765
stat.AP 2406.06833
stat.AP 2406.07210
stat.AP 2406.07320
stat.AP 2406.07525
stat.AP 2406.06920
stat.AP 2406.07653
stat.AP 2406.07787
stat.AP 2406.07817
stat.AP 2406.08097
stat.AP 2406.08367
stat.AP 2406.08390
stat.AP 2406.07888
stat.AP 2406.08030
stat.AP 2406.08297
stat.AP 2406.08867
stat.AP 2406.09051
stat.AP 2406.09226
stat.AP 2406.08738
eess.IV 2406.04723
eess.IV 2406.04928
eess.IV 2406.05131
eess.IV 2406.04377
eess.IV 2406.04388
eess.IV 2406.04654
eess.IV 2406.04679
eess.IV 2406.04680
eess.IV 2406.04740
eess.IV 2406.04769
eess.IV 2406.05074
eess.IV 2406.05152
eess.IV 2406.05170
eess.IV 2406.05205
eess.IV 2406.05270
eess.IV 2406.05305
eess.IV 2406.05389
eess.IV 2406.05475
eess.IV 2406.05525
eess.IV 2406.05700
eess.IV 2406.05726
eess.IV 2406.05828
eess.IV 2406.05915
eess.IV 2406.06337
eess.IV 2406.05231
eess.IV 2406.05312
eess.IV 2406.05421
eess.IV 2406.05891
eess.IV 2406.05974
eess.IV 2406.05982
eess.IV 2406.05992
eess.IV 2406.06017
eess.IV 2406.06247
eess.IV 2406.06434
eess.IV 2406.06534
eess.IV 2406.06640
eess.IV 2406.06742
eess.IV 2406.06967
eess.IV 2406.07255
eess.IV 2406.07318
eess.IV 2406.07329
eess.IV 2406.07361
eess.IV 2406.07390
eess.IV 2406.07435
eess.IV 2406.07548
eess.IV 2406.06537
eess.IV 2406.06643
eess.IV 2406.06649
eess.IV 2406.06650
eess.IV 2406.07061
eess.IV 2406.07426
eess.IV 2406.07581
eess.IV 2406.07790
eess.IV 2406.07880
eess.IV 2406.08337
eess.IV 2406.08374
eess.IV 2406.07662
eess.IV 2406.07763
eess.IV 2406.07773
eess.IV 2406.07813
eess.IV 2406.07918
eess.IV 2406.07938
eess.IV 2406.07952
eess.IV 2406.08048
eess.IV 2406.08137
eess.IV 2406.08177
eess.IV 2406.08282
eess.IV 2406.08300
eess.IV 2406.08486
eess.IV 2406.08928
eess.IV 2406.09260
eess.IV 2406.09356
eess.IV 2406.09409
eess.IV 2406.08523
eess.IV 2406.08593
eess.IV 2406.08604
eess.IV 2406.08634
eess.IV 2406.08724
eess.IV 2406.08782
eess.IV 2406.08837
eess.IV 2406.08896
eess.IV 2406.09168
eess.IV 2406.09317
eess.IV 2406.09327
eess.IV 2406.09335
eess.IV 2406.09389
stat.TH 2406.03971
stat.TH 2406.04425
stat.TH 2406.04657
stat.TH 2406.00866
stat.TH 2406.05428
stat.TH 2406.05440
stat.TH 2406.05548
stat.TH 2406.05714
stat.TH 2406.05869
stat.TH 2406.05944
stat.TH 2406.06306
stat.TH 2406.06408
stat.TH 2406.06425
stat.TH 2406.05394
stat.TH 2406.05811
stat.TH 2406.05834
stat.TH 2406.05843
stat.TH 2406.05911
stat.TH 2406.06014
stat.TH 2406.06113
stat.TH 2406.06137
stat.TH 2406.06168
stat.TH 2406.06231
stat.TH 2406.06481
stat.TH 2406.06834
stat.TH 2406.06837
stat.TH 2406.06903
stat.TH 2406.06941
stat.TH 2406.07075
stat.TH 2406.07292
stat.TH 2406.07388
stat.TH 2406.06749
stat.TH 2406.06755
stat.TH 2406.06868
stat.TH 2406.07066
stat.TH 2406.07920
stat.TH 2406.08241
stat.TH 2406.08286
stat.TH 2406.08401
stat.TH 2406.08466
stat.TH 2406.07653
stat.TH 2406.07804
stat.TH 2406.07849
stat.TH 2406.07889
stat.TH 2406.07972
stat.TH 2406.07994
stat.TH 2406.08918
stat.TH 2406.09048
stat.TH 2406.09049
stat.TH 2406.09169
stat.TH 2406.09183
stat.TH 2406.09194
stat.TH 2406.09195
stat.TH 2406.09199
stat.TH 2406.09375
stat.TH 2406.08732
stat.TH 2406.08808
stat.TH 2406.08892
stat.CO 2406.04655
stat.CO 2406.04859
stat.CO 2406.05012
stat.CO 2406.05193
stat.CO 2406.05738
stat.CO 2406.06231
stat.CO 2406.05242
stat.CO 2406.06488
stat.CO 2406.06767
stat.CO 2406.07292
stat.CO 2406.07651
stat.CO 2406.08168
stat.CO 2406.08174
stat.CO 2406.08335
stat.CO 2406.08366
stat.CO 2406.07555
stat.CO 2406.08180
stat.CO 2406.09010
stat.CO 2406.09195
stat.CO 2406.09387
stat.CO 2406.09311
eess.SP 2406.04546
eess.SP 2406.04676
eess.SP 2406.04706
eess.SP 2406.04721
eess.SP 2406.04750
eess.SP 2406.04881
eess.SP 2406.04357
eess.SP 2406.04456
eess.SP 2406.04586
eess.SP 2406.04708
eess.SP 2406.04723
eess.SP 2406.04737
eess.SP 2406.04762
eess.SP 2406.04776
eess.SP 2406.04786
eess.SP 2406.04985
eess.SP 2406.05042
eess.SP 2406.05152
eess.SP 2406.05314
eess.SP 2406.05441
eess.SP 2406.05576
eess.SP 2406.05699
eess.SP 2406.05747
eess.SP 2406.05900
eess.SP 2406.05913
eess.SP 2406.05914
eess.SP 2406.06002
eess.SP 2406.06064
eess.SP 2406.06111
eess.SP 2406.06245
eess.SP 2406.06280
eess.SP 2406.06293
eess.SP 2406.06341
eess.SP 2406.05300
eess.SP 2406.05389
eess.SP 2406.05437
eess.SP 2406.05452
eess.SP 2406.05499
eess.SP 2406.05529
eess.SP 2406.05549
eess.SP 2406.05552
eess.SP 2406.05555
eess.SP 2406.05557
eess.SP 2406.05647
eess.SP 2406.05652
eess.SP 2406.05663
eess.SP 2406.05667
eess.SP 2406.05671
eess.SP 2406.05696
eess.SP 2406.05716
eess.SP 2406.05780
eess.SP 2406.05790
eess.SP 2406.05799
eess.SP 2406.05844
eess.SP 2406.05924
eess.SP 2406.05945
eess.SP 2406.06024
eess.SP 2406.06252
eess.SP 2406.06306
eess.SP 2406.06343
eess.SP 2406.06381
eess.SP 2406.06392
eess.SP 2406.06402
eess.SP 2406.06543
eess.SP 2406.06626
eess.SP 2406.06796
eess.SP 2406.06842
eess.SP 2406.07135
eess.SP 2406.07165
eess.SP 2406.07187
eess.SP 2406.07298
eess.SP 2406.07387
eess.SP 2406.07399
eess.SP 2406.07409
eess.SP 2406.06872
eess.SP 2406.06879
eess.SP 2406.06983
eess.SP 2406.06998
eess.SP 2406.07161
eess.SP 2406.07374
eess.SP 2406.07383
eess.SP 2406.07390
eess.SP 2406.07463
eess.SP 2406.07807
eess.SP 2406.07910
eess.SP 2406.07915
eess.SP 2406.07934
eess.SP 2406.07989
eess.SP 2406.07992
eess.SP 2406.07996
eess.SP 2406.08046
eess.SP 2406.08305
eess.SP 2406.08373
eess.SP 2406.07797
eess.SP 2406.07903
eess.SP 2406.07965
eess.SP 2406.08038
eess.SP 2406.08081
eess.SP 2406.08082
eess.SP 2406.08087
eess.SP 2406.08220
eess.SP 2406.08345
eess.SP 2406.08352
eess.SP 2406.08900
eess.SP 2406.08957
eess.SP 2406.09058
eess.SP 2406.09238
eess.SP 2406.09304
eess.SP 2406.09338
eess.SP 2406.08644
eess.SP 2406.08710
eess.SP 2406.08714
eess.SP 2406.08797
eess.SP 2406.08887
eess.SP 2406.09001
eess.SP 2406.09022
eess.SP 2406.09025
eess.SP 2406.09053
eess.SP 2406.09182
eess.SP 2406.09190
eess.SP 2406.09192
eess.SP 2406.09235
math.OC 2406.04425
math.OC 2406.04443
math.OC 2406.04530
math.OC 2406.04558
math.OC 2406.04766
math.OC 2406.04841
math.OC 2406.05033
math.OC 2406.05104
math.OC 2406.04506
math.OC 2406.04588
math.OC 2406.04592
math.OC 2406.04621
math.OC 2406.04646
math.OC 2406.04676
math.OC 2406.04681
math.OC 2406.04707
math.OC 2406.04731
math.OC 2406.04751
math.OC 2406.04889
math.OC 2406.05052
math.OC 2406.05086
math.OC 2406.05135
math.OC 2406.05142
math.OC 2406.05239
math.OC 2406.05358
math.OC 2406.05366
math.OC 2406.05576
math.OC 2406.05873
math.OC 2406.05938
math.OC 2406.06002
math.OC 2406.06057
math.OC 2406.06342
math.OC 2406.06361
math.OC 2406.06514
math.OC 2406.06520
math.OC 2406.05256
math.OC 2406.05455
math.OC 2406.05474
math.OC 2406.05526
math.OC 2406.05632
math.OC 2406.05637
math.OC 2406.05638
math.OC 2406.05648
math.OC 2406.05697
math.OC 2406.05740
math.OC 2406.05775
math.OC 2406.05803
math.OC 2406.05830
math.OC 2406.05846
math.OC 2406.05905
math.OC 2406.06018
math.OC 2406.06090
math.OC 2406.06100
math.OC 2406.06152
math.OC 2406.06260
math.OC 2406.06398
math.OC 2406.06409
math.OC 2406.06457
math.OC 2406.06506
math.OC 2406.06726
math.OC 2406.06823
math.OC 2406.06936
math.OC 2406.06942
math.OC 2406.06954
math.OC 2406.06983
math.OC 2406.07224
math.OC 2406.07292
math.OC 2406.07409
math.OC 2406.06770
math.OC 2406.06788
math.OC 2406.06824
math.OC 2406.06855
math.OC 2406.06882
math.OC 2406.06906
math.OC 2406.06988
math.OC 2406.07184
math.OC 2406.07242
math.OC 2406.07248
math.OC 2406.07373
math.OC 2406.07382
math.OC 2406.07403
math.OC 2406.07666
math.OC 2406.07866
math.OC 2406.07881
math.OC 2406.08103
math.OC 2406.08209
math.OC 2406.08329
math.OC 2406.08430
math.OC 2406.07684
math.OC 2406.07766
math.OC 2406.07793
math.OC 2406.07825
math.OC 2406.07870
math.OC 2406.07891
math.OC 2406.07921
math.OC 2406.07959
math.OC 2406.07997
math.OC 2406.07999
math.OC 2406.08003
math.OC 2406.08072
math.OC 2406.08147
math.OC 2406.08153
math.OC 2406.08178
math.OC 2406.08432
math.OC 2406.08513
math.OC 2406.08585
math.OC 2406.08637
math.OC 2406.08654
math.OC 2406.08697
math.OC 2406.08844
math.OC 2406.09380
math.OC 2406.08836
math.OC 2406.08938
math.OC 2406.08954
math.OC 2406.08992
math.OC 2406.08994
math.OC 2406.09118
math.OC 2406.09241
eess.AS 2406.04350
eess.AS 2406.04512
eess.AS 2406.04541
eess.AS 2406.04589
eess.AS 2406.04595
eess.AS 2406.04673
eess.AS 2406.04683
eess.AS 2406.04791
eess.AS 2406.04840
eess.AS 2406.04930
eess.AS 2406.04353
eess.AS 2406.04354
eess.AS 2406.04429
eess.AS 2406.04432
eess.AS 2406.04467
eess.AS 2406.04494
eess.AS 2406.04552
eess.AS 2406.04582
eess.AS 2406.04615
eess.AS 2406.04633
eess.AS 2406.04660
eess.AS 2406.04904
eess.AS 2406.04927
eess.AS 2406.04951
eess.AS 2406.04997
eess.AS 2406.05065
eess.AS 2406.05128
eess.AS 2406.05370
eess.AS 2406.05464
eess.AS 2406.05515
eess.AS 2406.05547
eess.AS 2406.05629
eess.AS 2406.05653
eess.AS 2406.05681
eess.AS 2406.05692
eess.AS 2406.05784
eess.AS 2406.05806
eess.AS 2406.05863
eess.AS 2406.05876
eess.AS 2406.05923
eess.AS 2406.06086
eess.AS 2406.06097
eess.AS 2406.06139
eess.AS 2406.06208
eess.AS 2406.06295
eess.AS 2406.06310
eess.AS 2406.06329
eess.AS 2406.06332
eess.AS 2406.06339
eess.AS 2406.06341
eess.AS 2406.06371
eess.AS 2406.06375
eess.AS 2406.06403
eess.AS 2406.06406
eess.AS 2406.06438
eess.AS 2406.05199
eess.AS 2406.05259
eess.AS 2406.05286
eess.AS 2406.05298
eess.AS 2406.05314
eess.AS 2406.05325
eess.AS 2406.05339
eess.AS 2406.05341
eess.AS 2406.05359
eess.AS 2406.05401
eess.AS 2406.05551
eess.AS 2406.05672
eess.AS 2406.05699
eess.AS 2406.05763
eess.AS 2406.05839
eess.AS 2406.05914
eess.AS 2406.05947
eess.AS 2406.05961
eess.AS 2406.05965
eess.AS 2406.05968
eess.AS 2406.05983
eess.AS 2406.06111
eess.AS 2406.06160
eess.AS 2406.06185
eess.AS 2406.06220
eess.AS 2406.06251
eess.AS 2406.06293
eess.AS 2406.06582
eess.AS 2406.06601
eess.AS 2406.06612
eess.AS 2406.06786
eess.AS 2406.06937
eess.AS 2406.06964
eess.AS 2406.06979
eess.AS 2406.06992
eess.AS 2406.07012
eess.AS 2406.07131
eess.AS 2406.07162
eess.AS 2406.07203
eess.AS 2406.07254
eess.AS 2406.07256
eess.AS 2406.07280
eess.AS 2406.07289
eess.AS 2406.07330
eess.AS 2406.07421
eess.AS 2406.07437
eess.AS 2406.07466
eess.AS 2406.07497
eess.AS 2406.07498
eess.AS 2406.07532
eess.AS 2406.06619
eess.AS 2406.06634
eess.AS 2406.06646
eess.AS 2406.06664
eess.AS 2406.06774
eess.AS 2406.06781
eess.AS 2406.06798
eess.AS 2406.07090
eess.AS 2406.07096
eess.AS 2406.07103
eess.AS 2406.07133
eess.AS 2406.07198
eess.AS 2406.07237
eess.AS 2406.07250
eess.AS 2406.07310
eess.AS 2406.07410
eess.AS 2406.07422
eess.AS 2406.07461
eess.AS 2406.07646
eess.AS 2406.07663
eess.AS 2406.07676
eess.AS 2406.07725
eess.AS 2406.07801
eess.AS 2406.07803
eess.AS 2406.07823
eess.AS 2406.07832
eess.AS 2406.07854
eess.AS 2406.07855
eess.AS 2406.07871
eess.AS 2406.07900
eess.AS 2406.07914
eess.AS 2406.07923
eess.AS 2406.08052
eess.AS 2406.08112
eess.AS 2406.08196
eess.AS 2406.08200
eess.AS 2406.08336
eess.AS 2406.08380
eess.AS 2406.08384
eess.AS 2406.08416
eess.AS 2406.08454
eess.AS 2406.07576
eess.AS 2406.07816
eess.AS 2406.07842
eess.AS 2406.07845
eess.AS 2406.07846
eess.AS 2406.07890
eess.AS 2406.07909
eess.AS 2406.07969
eess.AS 2406.08056
eess.AS 2406.08076
eess.AS 2406.08111
eess.AS 2406.08119
eess.AS 2406.08122
eess.AS 2406.08203
eess.AS 2406.08207
eess.AS 2406.08266
eess.AS 2406.08328
eess.AS 2406.08353
eess.AS 2406.08393
eess.AS 2406.08396
eess.AS 2406.08402
eess.AS 2406.08445
eess.AS 2406.08568
eess.AS 2406.08619
eess.AS 2406.08623
eess.AS 2406.08641
eess.AS 2406.08644
eess.AS 2406.08716
eess.AS 2406.08761
eess.AS 2406.08771
eess.AS 2406.08800
eess.AS 2406.08809
eess.AS 2406.08812
eess.AS 2406.08825
eess.AS 2406.08835
eess.AS 2406.08904
eess.AS 2406.08905
eess.AS 2406.08911
eess.AS 2406.08914
eess.AS 2406.08920
eess.AS 2406.08931
eess.AS 2406.09153
eess.AS 2406.09154
eess.AS 2406.09156
eess.AS 2406.09161
eess.AS 2406.09167
eess.AS 2406.09272
eess.AS 2406.09282
eess.AS 2406.09326
eess.AS 2406.09345
eess.AS 2406.08517
eess.AS 2406.08802
eess.AS 2406.08820
eess.AS 2406.08900
eess.AS 2406.08957
eess.AS 2406.08974
eess.AS 2406.08989
eess.AS 2406.09277
eess.AS 2406.09286
eess.AS 2406.09290
math.DS 2406.04458
math.DS 2406.04672
math.DS 2406.04934
math.DS 2406.05004
math.DS 2406.04435
math.DS 2406.04587
math.DS 2406.04922
math.DS 2406.05057
math.DS 2406.05073
math.DS 2406.05429
math.DS 2406.05470
math.DS 2406.05523
math.DS 2406.05979
math.DS 2406.06082
math.DS 2406.06115
math.DS 2406.06155
math.DS 2406.06180
math.DS 2406.06250
math.DS 2406.06491
math.DS 2406.05495
math.DS 2406.05563
math.DS 2406.05730
math.DS 2406.06123
math.DS 2406.06195
math.DS 2406.06726
math.DS 2406.06812
math.DS 2406.06824
math.DS 2406.06896
math.DS 2406.06897
math.DS 2406.07416
math.DS 2406.07507
math.DS 2406.07519
math.DS 2406.07527
math.DS 2406.06707
math.DS 2406.06837
math.DS 2406.06956
math.DS 2406.07495
math.DS 2406.07501
math.DS 2406.07684
math.DS 2406.08034
math.DS 2406.08060
math.DS 2406.08178
math.DS 2406.08317
math.DS 2406.08389
math.DS 2406.08138
math.DS 2406.08280
math.DS 2406.08409
math.DS 2406.08462
math.DS 2406.09081
math.DS 2406.09107
math.DS 2406.09115
math.DS 2406.09232
math.DS 2406.09243
math.DS 2406.08893
math.PR 2406.04706
math.PR 2406.04751
math.PR 2406.04964
math.PR 2406.05004
math.PR 2406.05110
math.PR 2406.04526
math.PR 2406.04651
math.PR 2406.04850
math.PR 2406.04911
math.PR 2406.04958
math.PR 2406.05043
math.PR 2406.05252
math.PR 2406.05268
math.PR 2406.05394
math.PR 2406.05429
math.PR 2406.05495
math.PR 2406.05501
math.PR 2406.05503
math.PR 2406.05637
math.PR 2406.05662
math.PR 2406.05759
math.PR 2406.05834
math.PR 2406.05894
math.PR 2406.05895
math.PR 2406.06249
math.PR 2406.06359
math.PR 2406.06522
math.PR 2406.05441
math.PR 2406.05523
math.PR 2406.05553
math.PR 2406.05807
math.PR 2406.05869
math.PR 2406.06188
math.PR 2406.06266
math.PR 2406.06380
math.PR 2406.06471
math.PR 2406.06502
math.PR 2406.06531
math.PR 2406.06771
math.PR 2406.06825
math.PR 2406.06945
math.PR 2406.07066
math.PR 2406.07292
math.PR 2406.07352
math.PR 2406.06896
math.PR 2406.06905
math.PR 2406.06944
math.PR 2406.07035
math.PR 2406.07075
math.PR 2406.07079
math.PR 2406.07167
math.PR 2406.07173
math.PR 2406.07192
math.PR 2406.07206
math.PR 2406.07283
math.PR 2406.07286
math.PR 2406.07460
math.PR 2406.07523
math.PR 2406.07597
math.PR 2406.07804
math.PR 2406.07878
math.PR 2406.07999
math.PR 2406.08153
math.PR 2406.08185
math.PR 2406.07858
math.PR 2406.07881
math.PR 2406.08043
math.PR 2406.08109
math.PR 2406.08139
math.PR 2406.08364
math.PR 2406.08370
math.PR 2406.09048
math.PR 2406.09107
math.PR 2406.09108
math.PR 2406.09241
math.PR 2406.09267
math.PR 2406.09360
math.PR 2406.09362
math.PR 2406.08585
math.PR 2406.08594
math.PR 2406.08614
math.PR 2406.08615
math.PR 2406.08674
math.PR 2406.08722
math.PR 2406.08944
math.PR 2406.08962
math.PR 2406.08972
math.PR 2406.08983
math.PR 2406.09232
math.PR 2406.09252
