cs.IT 2311.10649
cs.DC 2311.10248
cs.IT 2311.10159
cs.IT 2311.10190
cs.DC 2311.10253
cs.IT 2311.10295
cs.DC 2311.10275
cs.IT 2311.10297
cs.DC 2311.10337
cs.IT 2311.10477
cs.DC 2311.10440
cs.IT 2311.10524
cs.DC 2311.10595
cs.IT 2311.10561
cs.DC 2311.10607
cs.IT 2311.11194
cs.DC 2311.10189
cs.IT 2311.11596
cs.DC 2311.10201
cs.IT 2311.11651
cs.DC 2311.10359
cs.IT 2311.11759
cs.DC 2311.10418
cs.IT 2311.11804
cs.DC 2311.10548
cs.IT 2311.11934
cs.DC 2311.10597
cs.IT 2311.11943
cs.DC 2311.11015
cs.IT 2311.11037
cs.DC 2311.11227
cs.IT 2311.11041
cs.DC 2311.11342
cs.IT 2311.11070
cs.DC 2311.11348
cs.IT 2311.11416
cs.DC 2311.11734
cs.IT 2311.11423
cs.IT 2311.11521
cs.DC 2311.11822
cs.IT 2311.11546
cs.DC 2311.10984
cs.IT 2311.11574
cs.DC 2311.11095
cs.IT 2311.11582
cs.DC 2311.11230
cs.IT 2311.11634
cs.DC 2311.11514
cs.IT 2311.11769
cs.DC 2311.11645
cs.IT 2311.11814
cs.DC 2311.11778
cs.IT 2311.12612
cs.DC 2311.11943
cs.IT 2311.12624
cs.DC 2311.12358
cs.IT 2311.12784
cs.DC 2311.12491
cs.IT 2311.12176
cs.DC 2311.12559
cs.IT 2311.12433
cs.IT 2311.12443
cs.DC 2311.12133
cs.IT 2311.12473
cs.DC 2311.12308
cs.IT 2311.12609
cs.DC 2311.12874
cs.IT 2311.12628
cs.DC 2311.12976
cs.IT 2311.12887
cs.DC 2311.13028
cs.IT 2311.12918
cs.DC 2311.13163
cs.IT 2311.13010
cs.DC 2311.13166
cs.IT 2311.13154
cs.DC 2311.13279
cs.IT 2311.13341
cs.DC 2311.13337
cs.IT 2311.13431
cs.DC 2311.13348
cs.IT 2311.13469
cs.DC 2311.13381
cs.IT 2311.12798
cs.DC 2311.12808
cs.IT 2311.12852
cs.DC 2311.12833
cs.IT 2311.12968
cs.DC 2311.12838
cs.IT 2311.13139
cs.DC 2311.12839
cs.IT 2311.13196
cs.DC 2311.12849
cs.IT 2311.13219
cs.DC 2311.12862
cs.IT 2311.13694
cs.DC 2311.13225
cs.DC 2311.13356
cs.IT 2311.13731
cs.DC 2311.13509
cs.IT 2311.13745
cs.DC 2311.13587
cs.IT 2311.13794
cs.DC 2311.13588
cs.IT 2311.13846
cs.DC 2311.13693
cs.IT 2311.13847
cs.DC 2311.13731
cs.IT 2311.14520
cs.DC 2311.14082
cs.IT 2311.13686
cs.DC 2311.14127
cs.IT 2311.13834
cs.DC 2311.14311
cs.IT 2311.13875
cs.DC 2311.14625
cs.IT 2311.13893
cs.DC 2311.13936
cs.IT 2311.14116
cs.DC 2311.14007
cs.IT 2311.14223
cs.IT 2311.14251
cs.DC 2311.14349
cs.IT 2311.14295
cs.DC 2311.14600
cs.IT 2311.14515
cs.AR 2311.10189
cs.AR 2311.10275
cs.AR 2311.10283
cs.AR 2311.10207
cs.AR 2311.10273
cs.AR 2311.10378
cs.AR 2311.10487
cs.AR 2311.10581
cs.AR 2311.12006
cs.AR 2311.10778
cs.AR 2311.11015
cs.AR 2311.11384
cs.AR 2311.12359
cs.AR 2311.12439
cs.AR 2311.12224
cs.AR 2311.12226
cs.AR 2311.12235
cs.AR 2311.12396
cs.AR 2311.12527
cs.AR 2311.12874
cs.AR 2311.13290
cs.AR 2311.13387
cs.AR 2311.14272
cs.AR 2311.14114
cs.AI 2307.04593
cs.AI 2311.10099
cs.AI 2311.10111
cs.AI 2311.10119
cs.AI 2311.10129
cs.AI 2311.10177
cs.AI 2311.10206
cs.AI 2311.10215
cs.AI 2311.10217
cs.AI 2311.10234
cs.AI 2311.10242
cs.AI 2311.10246
cs.AI 2311.10248
cs.AI 2311.10269
cs.AI 2311.10278
cs.AI 2311.10300
cs.AI 2311.10319
cs.AI 2311.10322
cs.AI 2311.10329
cs.AI 2311.10341
cs.AI 2311.10363
cs.AI 2311.10365
cs.AI 2311.10375
cs.AI 2311.10387
cs.AI 2311.10456
cs.AI 2311.10468
cs.AI 2311.10471
cs.AI 2311.10500
cs.AI 2311.10522
cs.AI 2311.10537
cs.AI 2311.10590
cs.AI 2311.10591
cs.AI 2311.10596
cs.AI 2311.10597
cs.AI 2311.10599
cs.AI 2311.10607
cs.AI 2311.10614
cs.AI 2311.10638
cs.AI 2311.10640
cs.AI 2311.10671
cs.AI 2311.10678
cs.AI 2311.10697
cs.AI 2311.10699
cs.AI 2311.10709
cs.AI 2311.10097
cs.AI 2311.10098
cs.AI 2311.10104
cs.AI 2311.10112
cs.AI 2311.10117
cs.AI 2311.10127
cs.AI 2311.10227
cs.AI 2311.10228
cs.AI 2311.10505
cs.AI 2311.10538
cs.AI 2311.10723
cs.AI 2311.10725
cs.AI 2311.10737
cs.AI 2311.10747
cs.AI 2311.10749
cs.AI 2311.10751
cs.AI 2311.10757
cs.AI 2311.10764
cs.AI 2311.10766
cs.AI 2311.10767
cs.AI 2311.10770
cs.AI 2311.10773
cs.AI 2311.10774
cs.AI 2311.10775
cs.AI 2311.10776
cs.AI 2311.10779
cs.AI 2311.10780
cs.AI 2311.10781
cs.AI 2311.10784
cs.AI 2311.10788
cs.AI 2311.10792
cs.AI 2311.10793
cs.AI 2311.10796
cs.AI 2311.10797
cs.AI 2311.10798
cs.AI 2311.10801
cs.AI 2311.10804
cs.AI 2311.10805
cs.AI 2311.10806
cs.AI 2311.10807
cs.AI 2311.10810
cs.AI 2311.10811
cs.AI 2311.10813
cs.AI 2311.10832
cs.AI 2311.10844
cs.AI 2311.10862
cs.AI 2311.10863
cs.AI 2311.10905
cs.AI 2311.10920
cs.AI 2311.10921
cs.AI 2311.10928
cs.AI 2311.10931
cs.AI 2311.10945
cs.AI 2311.10947
cs.AI 2311.10983
cs.AI 2311.11014
cs.AI 2311.11029
cs.AI 2311.11039
cs.AI 2311.11060
cs.AI 2311.11071
cs.AI 2311.11073
cs.AI 2311.11074
cs.AI 2311.11077
cs.AI 2311.11080
cs.AI 2311.11083
cs.AI 2311.11088
cs.AI 2311.11090
cs.AI 2311.11091
cs.AI 2311.11097
cs.AI 2311.11099
cs.AI 2311.11101
cs.AI 2311.11114
cs.AI 2311.11116
cs.AI 2311.11126
cs.AI 2311.11135
cs.AI 2311.11157
cs.AI 2311.11164
cs.AI 2311.11169
cs.AI 2311.11176
cs.AI 2311.11191
cs.AI 2311.11193
cs.AI 2311.11202
cs.AI 2311.11207
cs.AI 2311.11215
cs.AI 2311.11227
cs.AI 2311.11235
cs.AI 2311.11238
cs.AI 2311.11249
cs.AI 2311.11258
cs.AI 2311.11261
cs.AI 2311.11287
cs.AI 2311.11319
cs.AI 2311.11321
cs.AI 2311.11331
cs.AI 2311.11334
cs.AI 2311.11371
cs.AI 2311.11378
cs.AI 2311.11415
cs.AI 2311.11420
cs.AI 2311.11427
cs.AI 2311.11462
cs.AI 2311.11467
cs.AI 2311.11471
cs.AI 2311.11473
cs.AI 2311.11483
cs.AI 2311.11491
cs.AI 2311.11501
cs.AI 2311.11532
cs.AI 2311.11538
cs.AI 2311.11552
cs.AI 2311.11557
cs.AI 2311.11570
cs.AI 2311.11590
cs.AI 2311.11602
cs.AI 2311.11608
cs.AI 2311.11626
cs.AI 2311.11659
cs.AI 2311.11683
cs.AI 2311.11690
cs.AI 2311.11691
cs.AI 2311.11696
cs.AI 2311.11701
cs.AI 2311.11717
cs.AI 2311.11722
cs.AI 2311.11754
cs.AI 2311.11759
cs.AI 2311.11796
cs.AI 2311.11797
cs.AI 2311.11810
cs.AI 2311.11819
cs.AI 2311.11824
cs.AI 2311.11829
cs.AI 2311.11837
cs.AI 2311.11861
cs.AI 2311.11862
cs.AI 2311.11866
cs.AI 2311.11908
cs.AI 2311.11932
cs.AI 2311.11944
cs.AI 2311.11959
cs.AI 2311.11961
cs.AI 2311.11974
cs.AI 2311.11980
cs.AI 2311.11988
cs.AI 2311.11992
cs.AI 2311.11995
cs.AI 2311.12028
cs.AI 2311.10735
cs.AI 2311.10786
cs.AI 2311.10809
cs.AI 2311.10840
cs.AI 2311.10856
cs.AI 2311.10892
cs.AI 2311.10898
cs.AI 2311.10922
cs.AI 2311.10932
cs.AI 2311.10933
cs.AI 2311.10934
cs.AI 2311.10940
cs.AI 2311.10953
cs.AI 2311.11030
cs.AI 2311.11045
cs.AI 2311.11055
cs.AI 2311.11120
cs.AI 2311.11175
cs.AI 2311.11211
cs.AI 2311.11212
cs.AI 2311.11226
cs.AI 2311.11237
cs.AI 2311.11250
cs.AI 2311.11288
cs.AI 2311.11315
cs.AI 2311.11400
cs.AI 2311.11435
cs.AI 2311.11476
cs.AI 2311.11482
cs.AI 2311.11516
cs.AI 2311.11537
cs.AI 2311.11539
cs.AI 2311.11542
cs.AI 2311.11547
cs.AI 2311.11591
cs.AI 2311.11605
cs.AI 2311.11652
cs.AI 2311.11655
cs.AI 2311.11689
cs.AI 2311.11756
cs.AI 2311.11775
cs.AI 2311.11776
cs.AI 2311.11802
cs.AI 2311.11811
cs.AI 2311.11812
cs.AI 2311.11868
cs.AI 2311.11910
cs.AI 2311.12010
cs.AI 2311.12022
cs.AI 2311.12040
cs.AI 2311.12043
cs.AI 2311.12056
cs.AI 2311.12062
cs.AI 2311.12065
cs.AI 2311.12068
cs.AI 2311.12074
cs.AI 2311.12081
cs.AI 2311.12088
cs.AI 2311.12089
cs.AI 2311.12125
cs.AI 2311.12151
cs.AI 2311.12154
cs.AI 2311.12159
cs.AI 2311.12182
cs.AI 2311.12198
cs.AI 2311.12223
cs.AI 2311.12224
cs.AI 2311.12236
cs.AI 2311.12244
cs.AI 2311.12264
cs.AI 2311.12267
cs.AI 2311.12287
cs.AI 2311.12289
cs.AI 2311.12298
cs.AI 2311.12303
cs.AI 2311.12304
cs.AI 2311.12316
cs.AI 2311.12328
cs.AI 2311.12336
cs.AI 2311.12337
cs.AI 2311.12338
cs.AI 2311.12345
cs.AI 2311.12359
cs.AI 2311.12379
cs.AI 2311.12410
cs.AI 2311.12443
cs.AI 2311.12454
cs.AI 2311.12475
cs.AI 2311.12477
cs.AI 2311.12524
cs.AI 2311.12526
cs.AI 2311.12537
cs.AI 2311.12538
cs.AI 2311.12572
cs.AI 2311.12573
cs.AI 2311.12574
cs.AI 2311.12582
cs.AI 2311.12589
cs.AI 2311.12592
cs.AI 2311.12610
cs.AI 2311.12639
cs.AI 2311.12651
cs.AI 2311.12654
cs.AI 2311.12664
cs.AI 2311.12699
cs.AI 2311.12707
cs.AI 2311.12713
cs.AI 2311.12716
cs.AI 2311.12741
cs.AI 2311.12742
cs.AI 2311.12754
cs.AI 2311.12781
cs.AI 2311.12792
cs.AI 2311.12047
cs.AI 2311.12188
cs.AI 2311.12202
cs.AI 2311.12207
cs.AI 2311.12229
cs.AI 2311.12241
cs.AI 2311.12279
cs.AI 2311.12307
cs.AI 2311.12310
cs.AI 2311.12320
cs.AI 2311.12420
cs.AI 2311.12431
cs.AI 2311.12435
cs.AI 2311.12447
cs.AI 2311.12448
cs.AI 2311.12465
cs.AI 2311.12472
cs.AI 2311.12521
cs.AI 2311.12548
cs.AI 2311.12604
cs.AI 2311.12668
cs.AI 2311.12719
cs.AI 2311.12755
cs.AI 2311.06054
cs.AI 2311.11642
cs.AI 2311.12799
cs.AI 2311.12800
cs.AI 2311.12801
cs.AI 2311.12802
cs.AI 2311.12803
cs.AI 2311.12805
cs.AI 2311.12812
cs.AI 2311.12814
cs.AI 2311.12815
cs.AI 2311.12817
cs.AI 2311.12819
cs.AI 2311.12820
cs.AI 2311.12823
cs.AI 2311.12824
cs.AI 2311.12826
cs.AI 2311.12829
cs.AI 2311.12830
cs.AI 2311.12832
cs.AI 2311.12833
cs.AI 2311.12836
cs.AI 2311.12839
cs.AI 2311.12840
cs.AI 2311.12848
cs.AI 2311.12856
cs.AI 2311.12858
cs.AI 2311.12860
cs.AI 2311.12861
cs.AI 2311.12866
cs.AI 2311.12869
cs.AI 2311.12871
cs.AI 2311.12875
cs.AI 2311.12876
cs.AI 2311.12889
cs.AI 2311.12893
cs.AI 2311.12908
cs.AI 2311.12917
cs.AI 2311.12919
cs.AI 2311.12943
cs.AI 2311.12944
cs.AI 2311.12956
cs.AI 2311.12967
cs.AI 2311.12970
cs.AI 2311.12975
cs.AI 2311.12983
cs.AI 2311.12986
cs.AI 2311.12999
cs.AI 2311.13018
cs.AI 2311.13028
cs.AI 2311.13046
cs.AI 2311.13081
cs.AI 2311.13087
cs.AI 2311.13095
cs.AI 2311.13099
cs.AI 2311.13118
cs.AI 2311.13127
cs.AI 2311.13133
cs.AI 2311.13169
cs.AI 2311.13171
cs.AI 2311.13226
cs.AI 2311.13230
cs.AI 2311.13231
cs.AI 2311.13233
cs.AI 2311.13234
cs.AI 2311.13254
cs.AI 2311.13265
cs.AI 2311.13267
cs.AI 2311.13294
cs.AI 2311.13326
cs.AI 2311.13341
cs.AI 2311.13350
cs.AI 2311.13356
cs.AI 2311.13381
cs.AI 2311.13414
cs.AI 2311.13435
cs.AI 2311.13443
cs.AI 2311.13472
cs.AI 2311.13502
cs.AI 2311.13534
cs.AI 2311.13541
cs.AI 2311.13546
cs.AI 2311.13547
cs.AI 2311.13559
cs.AI 2311.13562
cs.AI 2311.13565
cs.AI 2311.13569
cs.AI 2311.13571
cs.AI 2311.13580
cs.AI 2311.13594
cs.AI 2311.13601
cs.AI 2311.12825
cs.AI 2311.12854
cs.AI 2311.12872
cs.AI 2311.12905
cs.AI 2311.12947
cs.AI 2311.12990
cs.AI 2311.12996
cs.AI 2311.13038
cs.AI 2311.13051
cs.AI 2311.13063
cs.AI 2311.13090
cs.AI 2311.13148
cs.AI 2311.13160
cs.AI 2311.13165
cs.AI 2311.13188
cs.AI 2311.13206
cs.AI 2311.13213
cs.AI 2311.13262
cs.AI 2311.13286
cs.AI 2311.13335
cs.AI 2311.13361
cs.AI 2311.13373
cs.AI 2311.13379
cs.AI 2311.13455
cs.AI 2311.13538
cs.AI 2311.13577
cs.AI 2311.13614
cs.AI 2311.13626
cs.AI 2311.13627
cs.AI 2311.13628
cs.AI 2311.13664
cs.AI 2311.13668
cs.AI 2311.13691
cs.AI 2311.13693
cs.AI 2311.13718
cs.AI 2311.13719
cs.AI 2311.13721
cs.AI 2311.13725
cs.AI 2311.13731
cs.AI 2311.13739
cs.AI 2311.13743
cs.AI 2311.13744
cs.AI 2311.13750
cs.AI 2311.13752
cs.AI 2311.13770
cs.AI 2311.13800
cs.AI 2311.13810
cs.AI 2311.13812
cs.AI 2311.13816
cs.AI 2311.13821
cs.AI 2311.13843
cs.AI 2311.13845
cs.AI 2311.13857
cs.AI 2311.13871
cs.AI 2311.13878
cs.AI 2311.13881
cs.AI 2311.13885
cs.AI 2311.13892
cs.AI 2311.13928
cs.AI 2311.13953
cs.AI 2311.13964
cs.AI 2311.13982
cs.AI 2311.13983
cs.AI 2311.14028
cs.AI 2311.14073
cs.AI 2311.14084
cs.AI 2311.14091
cs.AI 2311.14096
cs.AI 2311.14110
cs.AI 2311.14115
cs.AI 2311.14126
cs.AI 2311.14127
cs.AI 2311.14139
cs.AI 2311.14153
cs.AI 2311.14156
cs.AI 2311.14169
cs.AI 2311.14175
cs.AI 2311.14203
cs.AI 2311.14316
cs.AI 2311.14335
cs.AI 2311.14371
cs.AI 2311.14381
cs.AI 2311.14390
cs.AI 2311.14407
cs.AI 2311.14435
cs.AI 2311.14448
cs.AI 2311.14471
cs.AI 2311.14480
cs.AI 2311.14482
cs.AI 2311.14495
cs.AI 2311.14514
cs.AI 2311.14532
cs.AI 2311.14539
cs.AI 2311.14540
cs.AI 2311.14543
cs.AI 2311.14544
cs.AI 2311.14552
cs.AI 2311.14579
cs.AI 2311.14583
cs.AI 2311.14595
cs.AI 2311.14625
cs.AI 2311.14633
cs.AI 2311.14648
cs.AI 2311.14651
cs.AI 2311.14656
cs.AI 2311.13712
cs.AI 2311.13720
cs.AI 2311.13782
cs.AI 2311.13811
cs.AI 2311.13852
cs.AI 2311.13884
cs.AI 2311.13905
cs.AI 2311.13960
cs.AI 2311.14003
cs.AI 2311.14005
cs.AI 2311.14030
cs.AI 2311.14057
cs.AI 2311.14058
cs.AI 2311.14061
cs.AI 2311.14109
cs.AI 2311.14125
cs.AI 2311.14270
cs.AI 2311.14305
cs.AI 2311.14315
cs.AI 2311.14324
cs.AI 2311.14378
cs.AI 2311.14401
cs.AI 2311.14426
cs.AI 2311.14455
cs.AI 2311.14457
cs.AI 2311.14563
cs.AI 2311.14570
cs.CV 2203.06905
cs.CV 2311.10118
cs.CV 2311.10162
cs.CV 2311.10177
cs.CV 2311.10207
cs.CV 2311.10224
cs.CV 2311.10251
cs.CV 2311.10278
cs.CV 2311.10293
cs.CV 2311.10305
cs.CV 2311.10306
cs.CV 2311.10318
cs.CV 2311.10328
cs.CV 2311.10331
cs.CV 2311.10336
cs.CV 2311.10349
cs.CV 2311.10430
cs.CV 2311.10448
cs.CV 2311.10463
cs.CV 2311.10472
cs.CV 2311.10517
cs.CV 2311.10568
cs.CV 2311.10582
cs.CV 2311.10617
cs.CV 2311.10699
cs.CV 2311.10707
cs.CV 2311.10099
cs.CV 2311.10111
cs.CV 2311.10116
cs.CV 2311.10121
cs.CV 2311.10122
cs.CV 2311.10123
cs.CV 2311.10125
cs.CV 2311.10126
cs.CV 2311.10234
cs.CV 2311.10245
cs.CV 2311.10261
cs.CV 2311.10269
cs.CV 2311.10281
cs.CV 2311.10296
cs.CV 2311.10319
cs.CV 2311.10320
cs.CV 2311.10329
cs.CV 2311.10339
cs.CV 2311.10343
cs.CV 2311.10356
cs.CV 2311.10361
cs.CV 2311.10365
cs.CV 2311.10366
cs.CV 2311.10380
cs.CV 2311.10382
cs.CV 2311.10389
cs.CV 2311.10399
cs.CV 2311.10408
cs.CV 2311.10437
cs.CV 2311.10476
cs.CV 2311.10492
cs.CV 2311.10513
cs.CV 2311.10522
cs.CV 2311.10523
cs.CV 2311.10529
cs.CV 2311.10543
cs.CV 2311.10549
cs.CV 2311.10572
cs.CV 2311.10591
cs.CV 2311.10592
cs.CV 2311.10601
cs.CV 2311.10605
cs.CV 2311.10648
cs.CV 2311.10651
cs.CV 2311.10696
cs.CV 2311.10701
cs.CV 2311.10708
cs.CV 2311.10709
cs.CV 2311.10754
cs.CV 2311.10796
cs.CV 2311.10857
cs.CV 2311.10879
cs.CV 2311.10902
cs.CV 2311.10933
cs.CV 2311.10959
cs.CV 2311.11065
cs.CV 2311.11086
cs.CV 2311.11091
cs.CV 2311.11096
cs.CV 2311.11205
cs.CV 2311.11209
cs.CV 2311.11234
cs.CV 2311.11260
cs.CV 2311.11268
cs.CV 2311.11367
cs.CV 2311.11420
cs.CV 2311.11520
cs.CV 2311.11656
cs.CV 2311.11742
cs.CV 2311.11782
cs.CV 2311.11796
cs.CV 2311.11797
cs.CV 2311.11808
cs.CV 2311.11819
cs.CV 2311.11821
cs.CV 2311.11853
cs.CV 2311.11908
cs.CV 2311.11910
cs.CV 2311.11952
cs.CV 2311.11953
cs.CV 2311.11961
cs.CV 2311.11963
cs.CV 2311.11969
cs.CV 2311.12015
cs.CV 2311.10788
cs.CV 2311.10793
cs.CV 2311.10794
cs.CV 2311.10807
cs.CV 2311.10812
cs.CV 2311.10813
cs.CV 2311.10845
cs.CV 2311.10865
cs.CV 2311.10873
cs.CV 2311.10883
cs.CV 2311.10885
cs.CV 2311.10887
cs.CV 2311.10899
cs.CV 2311.10904
cs.CV 2311.10918
cs.CV 2311.10931
cs.CV 2311.10950
cs.CV 2311.10952
cs.CV 2311.10982
cs.CV 2311.10983
cs.CV 2311.10988
cs.CV 2311.10992
cs.CV 2311.10995
cs.CV 2311.10998
cs.CV 2311.11013
cs.CV 2311.11014
cs.CV 2311.11017
cs.CV 2311.11019
cs.CV 2311.11029
cs.CV 2311.11039
cs.CV 2311.11059
cs.CV 2311.11090
cs.CV 2311.11097
cs.CV 2311.11099
cs.CV 2311.11106
cs.CV 2311.11125
cs.CV 2311.11130
cs.CV 2311.11138
cs.CV 2311.11145
cs.CV 2311.11164
cs.CV 2311.11171
cs.CV 2311.11176
cs.CV 2311.11178
cs.CV 2311.11184
cs.CV 2311.11191
cs.CV 2311.11198
cs.CV 2311.11207
cs.CV 2311.11208
cs.CV 2311.11210
cs.CV 2311.11214
cs.CV 2311.11221
cs.CV 2311.11241
cs.CV 2311.11243
cs.CV 2311.11252
cs.CV 2311.11261
cs.CV 2311.11273
cs.CV 2311.11278
cs.CV 2311.11284
cs.CV 2311.11289
cs.CV 2311.11302
cs.CV 2311.11306
cs.CV 2311.11312
cs.CV 2311.11317
cs.CV 2311.11319
cs.CV 2311.11325
cs.CV 2311.11354
cs.CV 2311.11371
cs.CV 2311.11378
cs.CV 2311.11383
cs.CV 2311.11417
cs.CV 2311.11427
cs.CV 2311.11439
cs.CV 2311.11465
cs.CV 2311.11467
cs.CV 2311.11469
cs.CV 2311.11470
cs.CV 2311.11471
cs.CV 2311.11477
cs.CV 2311.11512
cs.CV 2311.11525
cs.CV 2311.11533
cs.CV 2311.11549
cs.CV 2311.11555
cs.CV 2311.11566
cs.CV 2311.11567
cs.CV 2311.11570
cs.CV 2311.11578
cs.CV 2311.11580
cs.CV 2311.11587
cs.CV 2311.11590
cs.CV 2311.11592
cs.CV 2311.11600
cs.CV 2311.11602
cs.CV 2311.11604
cs.CV 2311.11614
cs.CV 2311.11629
cs.CV 2311.11638
cs.CV 2311.11642
cs.CV 2311.11646
cs.CV 2311.11647
cs.CV 2311.11659
cs.CV 2311.11662
cs.CV 2311.11666
cs.CV 2311.11669
cs.CV 2311.11683
cs.CV 2311.11686
cs.CV 2311.11695
cs.CV 2311.11697
cs.CV 2311.11700
cs.CV 2311.11714
cs.CV 2311.11722
cs.CV 2311.11753
cs.CV 2311.11754
cs.CV 2311.11757
cs.CV 2311.11772
cs.CV 2311.11773
cs.CV 2311.11777
cs.CV 2311.11810
cs.CV 2311.11815
cs.CV 2311.11825
cs.CV 2311.11827
cs.CV 2311.11837
cs.CV 2311.11845
cs.CV 2311.11856
cs.CV 2311.11860
cs.CV 2311.11863
cs.CV 2311.11865
cs.CV 2311.11882
cs.CV 2311.11888
cs.CV 2311.11901
cs.CV 2311.11904
cs.CV 2311.11919
cs.CV 2311.11971
cs.CV 2311.11974
cs.CV 2311.11980
cs.CV 2311.11988
cs.CV 2311.11992
cs.CV 2311.12024
cs.CV 2311.12028
cs.CV 2311.12033
cs.CV 2311.12046
cs.CV 2311.12070
cs.CV 2311.12071
cs.CV 2311.12084
cs.CV 2311.12151
cs.CV 2311.12153
cs.CV 2311.12198
cs.CV 2311.12202
cs.CV 2311.12419
cs.CV 2311.12461
cs.CV 2311.12539
cs.CV 2311.12553
cs.CV 2311.12581
cs.CV 2311.12582
cs.CV 2311.12655
cs.CV 2311.12660
cs.CV 2311.12722
cs.CV 2311.12760
cs.CV 2311.12770
cs.CV 2311.12775
cs.CV 2311.12041
cs.CV 2311.12043
cs.CV 2311.12049
cs.CV 2311.12050
cs.CV 2311.12051
cs.CV 2311.12052
cs.CV 2311.12056
cs.CV 2311.12058
cs.CV 2311.12059
cs.CV 2311.12062
cs.CV 2311.12063
cs.CV 2311.12064
cs.CV 2311.12065
cs.CV 2311.12067
cs.CV 2311.12068
cs.CV 2311.12075
cs.CV 2311.12076
cs.CV 2311.12077
cs.CV 2311.12079
cs.CV 2311.12083
cs.CV 2311.12085
cs.CV 2311.12088
cs.CV 2311.12090
cs.CV 2311.12091
cs.CV 2311.12092
cs.CV 2311.12125
cs.CV 2311.12128
cs.CV 2311.12144
cs.CV 2311.12157
cs.CV 2311.12159
cs.CV 2311.12161
cs.CV 2311.12174
cs.CV 2311.12193
cs.CV 2311.12194
cs.CV 2311.12225
cs.CV 2311.12265
cs.CV 2311.12268
cs.CV 2311.12272
cs.CV 2311.12291
cs.CV 2311.12300
cs.CV 2311.12311
cs.CV 2311.12316
cs.CV 2311.12327
cs.CV 2311.12342
cs.CV 2311.12344
cs.CV 2311.12345
cs.CV 2311.12359
cs.CV 2311.12364
cs.CV 2311.12386
cs.CV 2311.12391
cs.CV 2311.12397
cs.CV 2311.12398
cs.CV 2311.12401
cs.CV 2311.12407
cs.CV 2311.12421
cs.CV 2311.12430
cs.CV 2311.12437
cs.CV 2311.12457
cs.CV 2311.12467
cs.CV 2311.12468
cs.CV 2311.12476
cs.CV 2311.12480
cs.CV 2311.12486
cs.CV 2311.12490
cs.CV 2311.12560
cs.CV 2311.12561
cs.CV 2311.12562
cs.CV 2311.12588
cs.CV 2311.12589
cs.CV 2311.12601
cs.CV 2311.12602
cs.CV 2311.12603
cs.CV 2311.12608
cs.CV 2311.12610
cs.CV 2311.12617
cs.CV 2311.12621
cs.CV 2311.12623
cs.CV 2311.12631
cs.CV 2311.12639
cs.CV 2311.12641
cs.CV 2311.12651
cs.CV 2311.12663
cs.CV 2311.12679
cs.CV 2311.12682
cs.CV 2311.12704
cs.CV 2311.12751
cs.CV 2311.12754
cs.CV 2311.12764
cs.CV 2311.12773
cs.CV 2311.12792
cs.CV 2311.12793
cs.CV 2311.12796
cs.CV 2311.12808
cs.CV 2311.12842
cs.CV 2311.12862
cs.CV 2311.12876
cs.CV 2311.12892
cs.CV 2311.12893
cs.CV 2311.12894
cs.CV 2311.12992
cs.CV 2311.13016
cs.CV 2311.13018
cs.CV 2311.13022
cs.CV 2311.13052
cs.CV 2311.13090
cs.CV 2311.13091
cs.CV 2311.13100
cs.CV 2311.13110
cs.CV 2311.13144
cs.CV 2311.13177
cs.CV 2311.13231
cs.CV 2311.13261
cs.CV 2311.13267
cs.CV 2311.13319
cs.CV 2311.13321
cs.CV 2311.13335
cs.CV 2311.13378
cs.CV 2311.13443
cs.CV 2311.13485
cs.CV 2311.12799
cs.CV 2311.12800
cs.CV 2311.12801
cs.CV 2311.12804
cs.CV 2311.12805
cs.CV 2311.12806
cs.CV 2311.12810
cs.CV 2311.12812
cs.CV 2311.12813
cs.CV 2311.12815
cs.CV 2311.12816
cs.CV 2311.12817
cs.CV 2311.12818
cs.CV 2311.12819
cs.CV 2311.12820
cs.CV 2311.12821
cs.CV 2311.12823
cs.CV 2311.12826
cs.CV 2311.12829
cs.CV 2311.12831
cs.CV 2311.12832
cs.CV 2311.12836
cs.CV 2311.12840
cs.CV 2311.12841
cs.CV 2311.12845
cs.CV 2311.12847
cs.CV 2311.12850
cs.CV 2311.12855
cs.CV 2311.12857
cs.CV 2311.12859
cs.CV 2311.12860
cs.CV 2311.12866
cs.CV 2311.12871
cs.CV 2311.12885
cs.CV 2311.12886
cs.CV 2311.12889
cs.CV 2311.12890
cs.CV 2311.12891
cs.CV 2311.12908
cs.CV 2311.12912
cs.CV 2311.12914
cs.CV 2311.12919
cs.CV 2311.12956
cs.CV 2311.12967
cs.CV 2311.12981
cs.CV 2311.12993
cs.CV 2311.13009
cs.CV 2311.13045
cs.CV 2311.13069
cs.CV 2311.13073
cs.CV 2311.13099
cs.CV 2311.13120
cs.CV 2311.13125
cs.CV 2311.13127
cs.CV 2311.13128
cs.CV 2311.13134
cs.CV 2311.13141
cs.CV 2311.13152
cs.CV 2311.13168
cs.CV 2311.13172
cs.CV 2311.13182
cs.CV 2311.13186
cs.CV 2311.13187
cs.CV 2311.13194
cs.CV 2311.13198
cs.CV 2311.13199
cs.CV 2311.13200
cs.CV 2311.13209
cs.CV 2311.13222
cs.CV 2311.13234
cs.CV 2311.13250
cs.CV 2311.13254
cs.CV 2311.13258
cs.CV 2311.13263
cs.CV 2311.13297
cs.CV 2311.13307
cs.CV 2311.13317
cs.CV 2311.13338
cs.CV 2311.13355
cs.CV 2311.13372
cs.CV 2311.13384
cs.CV 2311.13385
cs.CV 2311.13398
cs.CV 2311.13404
cs.CV 2311.13409
cs.CV 2311.13435
cs.CV 2311.13444
cs.CV 2311.13512
cs.CV 2311.13531
cs.CV 2311.13535
cs.CV 2311.13547
cs.CV 2311.13549
cs.CV 2311.13559
cs.CV 2311.13562
cs.CV 2311.13570
cs.CV 2311.13574
cs.CV 2311.13596
cs.CV 2311.13600
cs.CV 2311.13601
cs.CV 2311.13602
cs.CV 2311.13616
cs.CV 2311.13623
cs.CV 2311.13656
cs.CV 2311.13664
cs.CV 2311.13668
cs.CV 2311.13688
cs.CV 2311.13706
cs.CV 2311.13710
cs.CV 2311.13713
cs.CV 2311.13719
cs.CV 2311.13745
cs.CV 2311.13779
cs.CV 2311.13912
cs.CV 2311.13925
cs.CV 2311.13958
cs.CV 2311.13959
cs.CV 2311.13963
cs.CV 2311.13964
cs.CV 2311.13986
cs.CV 2311.14028
cs.CV 2311.14049
cs.CV 2311.14084
cs.CV 2311.14086
cs.CV 2311.14090
cs.CV 2311.14148
cs.CV 2311.14177
cs.CV 2311.14197
cs.CV 2311.14227
cs.CV 2311.14237
cs.CV 2311.14276
cs.CV 2311.14280
cs.CV 2311.14395
cs.CV 2311.14414
cs.CV 2311.14462
cs.CV 2311.14473
cs.CV 2311.14482
cs.CV 2311.14639
cs.CV 2311.13603
cs.CV 2311.13608
cs.CV 2311.13610
cs.CV 2311.13612
cs.CV 2311.13613
cs.CV 2311.13614
cs.CV 2311.13615
cs.CV 2311.13617
cs.CV 2311.13619
cs.CV 2311.13620
cs.CV 2311.13621
cs.CV 2311.13622
cs.CV 2311.13627
cs.CV 2311.13629
cs.CV 2311.13655
cs.CV 2311.13661
cs.CV 2311.13681
cs.CV 2311.13682
cs.CV 2311.13716
cs.CV 2311.13717
cs.CV 2311.13750
cs.CV 2311.13752
cs.CV 2311.13777
cs.CV 2311.13781
cs.CV 2311.13793
cs.CV 2311.13831
cs.CV 2311.13833
cs.CV 2311.13846
cs.CV 2311.13847
cs.CV 2311.13865
cs.CV 2311.13880
cs.CV 2311.13895
cs.CV 2311.13928
cs.CV 2311.13929
cs.CV 2311.13930
cs.CV 2311.13934
cs.CV 2311.13954
cs.CV 2311.13976
cs.CV 2311.13993
cs.CV 2311.13997
cs.CV 2311.14006
cs.CV 2311.14012
cs.CV 2311.14024
cs.CV 2311.14029
cs.CV 2311.14062
cs.CV 2311.14063
cs.CV 2311.14064
cs.CV 2311.14073
cs.CV 2311.14081
cs.CV 2311.14095
cs.CV 2311.14097
cs.CV 2311.14146
cs.CV 2311.14155
cs.CV 2311.14175
cs.CV 2311.14189
cs.CV 2311.14199
cs.CV 2311.14208
cs.CV 2311.14218
cs.CV 2311.14242
cs.CV 2311.14262
cs.CV 2311.14265
cs.CV 2311.14271
cs.CV 2311.14272
cs.CV 2311.14275
cs.CV 2311.14281
cs.CV 2311.14282
cs.CV 2311.14284
cs.CV 2311.14294
cs.CV 2311.14301
cs.CV 2311.14307
cs.CV 2311.14310
cs.CV 2311.14323
cs.CV 2311.14334
cs.CV 2311.14337
cs.CV 2311.14339
cs.CV 2311.14343
cs.CV 2311.14388
cs.CV 2311.14405
cs.CV 2311.14435
cs.CV 2311.14450
cs.CV 2311.14459
cs.CV 2311.14471
cs.CV 2311.14485
cs.CV 2311.14494
cs.CV 2311.14506
cs.CV 2311.14521
cs.CV 2311.14542
cs.CV 2311.14544
cs.CV 2311.14552
cs.CV 2311.14580
cs.CV 2311.14603
cs.CV 2311.14617
cs.CV 2311.14625
cs.CV 2311.14631
cs.CV 2311.14633
cs.CV 2311.14635
cs.CV 2311.14642
cs.CV 2311.14656
cs.CV 2311.14665
cs.CV 2311.14671
cs.MA 2311.10176
cs.MA 2311.10468
cs.MA 2311.11144
cs.MA 2311.11156
cs.MA 2311.11192
cs.MA 2311.11206
cs.MA 2311.11789
cs.MA 2311.11797
cs.MA 2311.12154
cs.MA 2311.12580
cs.MA 2311.12613
cs.MA 2311.12440
cs.MA 2311.12943
cs.MA 2311.13489
cs.MA 2311.13714
cs.MA 2311.14145
cs.MA 2311.14642
cs.MA 2311.14225
cs.MA 2311.14480
cs.NI 2311.10194
cs.NI 2311.10196
cs.NI 2311.10406
cs.NI 2311.10595
cs.NI 2311.11423
cs.NI 2311.11705
cs.NI 2311.10936
cs.NI 2311.11094
cs.NI 2311.11143
cs.NI 2311.11147
cs.NI 2311.11550
cs.NI 2311.11565
cs.NI 2311.11623
cs.NI 2311.12443
cs.NI 2311.12742
cs.NI 2311.12223
cs.NI 2311.12273
cs.NI 2311.12720
cs.NI 2311.12745
cs.NI 2311.12779
cs.NI 2311.12918
cs.NI 2311.13348
cs.NI 2311.12807
cs.NI 2311.12809
cs.NI 2311.12944
cs.NI 2311.13106
cs.NI 2311.13325
cs.NI 2311.13329
cs.NI 2311.13336
cs.NI 2311.13389
cs.NI 2311.13603
cs.NI 2311.13654
cs.NI 2311.14136
cs.NI 2311.14469
cs.NI 2311.13728
cs.NI 2311.13859
cs.NI 2311.13861
cs.NI 2311.14078
cs.NI 2311.14329
cs.NI 2311.14371
cs.NI 2311.14519
cs.NI 2311.14532
cs.NI 2311.14613
cs.NI 2311.14621
cs.CR 2311.10248
cs.CR 2311.10448
cs.CR 2311.10500
cs.CR 2311.10681
cs.CR 2311.10101
cs.CR 2311.10165
cs.CR 2311.10197
cs.CR 2311.10237
cs.CR 2311.10253
cs.CR 2311.10283
cs.CR 2311.10298
cs.CR 2311.10420
cs.CR 2311.10450
cs.CR 2311.10511
cs.CR 2311.10542
cs.CR 2311.10636
cs.CR 2311.10717
cs.CR 2311.10720
cs.CR 2311.11206
cs.CR 2311.11225
cs.CR 2311.11249
cs.CR 2311.11369
cs.CR 2311.11544
cs.CR 2311.11605
cs.CR 2311.11717
cs.CR 2311.11822
cs.CR 2311.11881
cs.CR 2311.11884
cs.CR 2311.11951
cs.CR 2311.11995
cs.CR 2311.12017
cs.CR 2311.10825
cs.CR 2311.10911
cs.CR 2311.10960
cs.CR 2311.11021
cs.CR 2311.11382
cs.CR 2311.11392
cs.CR 2311.11393
cs.CR 2311.11415
cs.CR 2311.11444
cs.CR 2311.11538
cs.CR 2311.11633
cs.CR 2311.11705
cs.CR 2311.11725
cs.CR 2311.11734
cs.CR 2311.11796
cs.CR 2311.11864
cs.CR 2311.11890
cs.CR 2311.12006
cs.CR 2311.12059
cs.CR 2311.12226
cs.CR 2311.12420
cs.CR 2311.12714
cs.CR 2311.12715
cs.CR 2311.12722
cs.CR 2311.12066
cs.CR 2311.12074
cs.CR 2311.12084
cs.CR 2311.12197
cs.CR 2311.12205
cs.CR 2311.12211
cs.CR 2311.12321
cs.CR 2311.12372
cs.CR 2311.12491
cs.CR 2311.12519
cs.CR 2311.12647
cs.CR 2311.12710
cs.CR 2311.12760
cs.CR 2311.12914
cs.CR 2311.13091
cs.CR 2311.13127
cs.CR 2311.13174
cs.CR 2311.13244
cs.CR 2311.13445
cs.CR 2311.13447
cs.CR 2311.13454
cs.CR 2311.13546
cs.CR 2311.12827
cs.CR 2311.12858
cs.CR 2311.12869
cs.CR 2311.12952
cs.CR 2311.12977
cs.CR 2311.13008
cs.CR 2311.13233
cs.CR 2311.13331
cs.CR 2311.13351
cs.CR 2311.13416
cs.CR 2311.13422
cs.CR 2311.13586
cs.CR 2311.12850
cs.CR 2311.13619
cs.CR 2311.13624
cs.CR 2311.14005
cs.CR 2311.14030
cs.CR 2311.14056
cs.CR 2311.14136
cs.CR 2311.14137
cs.CR 2311.14450
cs.CR 2311.14455
cs.CR 2311.14632
cs.CR 2311.13692
cs.CR 2311.13713
cs.CR 2311.13731
cs.CR 2311.13739
cs.CR 2311.13744
cs.CR 2311.13800
cs.CR 2311.13841
cs.CR 2311.13957
cs.CR 2311.14246
cs.CR 2311.14308
cs.CR 2311.14327
cs.CR 2311.14342
cs.CR 2311.14496
cs.CR 2311.14499
cs.CR 2311.14501
cs.CR 2311.14514
cs.CR 2311.14594
cs.LG 2311.10119
cs.LG 2311.10756
cs.LG 2311.11185
cs.LG 2311.11509
cs.LG 2311.11644
cs.LG 2311.12784
cs.LG 2311.13434
cs.LG 2311.13469
cs.LG 2311.13060
cs.LG 2311.13608
cs.LG 2311.13613
cs.LG 2311.13647
cs.LG 2311.13657
cs.LG 2311.13688
cs.LG 2311.13707
cs.LG 2311.13713
cs.LG 2311.13722
cs.LG 2311.13743
cs.LG 2311.13749
cs.LG 2311.13750
cs.LG 2311.13763
cs.LG 2311.13765
cs.LG 2311.13789
cs.LG 2311.13800
cs.LG 2311.13806
cs.LG 2311.13810
cs.LG 2311.13827
cs.LG 2311.13833
cs.LG 2311.13912
cs.LG 2311.13917
cs.LG 2311.13925
cs.LG 2311.13958
cs.LG 2311.13964
cs.LG 2311.13987
cs.LG 2311.13988
cs.LG 2311.14024
cs.LG 2311.14029
cs.LG 2311.14063
cs.LG 2311.14078
cs.LG 2311.14086
cs.LG 2311.14094
cs.LG 2311.14114
cs.LG 2311.14125
cs.LG 2311.14126
cs.LG 2311.14148
cs.LG 2311.14153
cs.LG 2311.14160
cs.LG 2311.14168
cs.LG 2311.14169
cs.LG 2311.14177
cs.LG 2311.14197
cs.LG 2311.14212
cs.LG 2311.14220
cs.LG 2311.14227
cs.LG 2311.14271
cs.LG 2311.14272
cs.LG 2311.14301
cs.LG 2311.14305
cs.LG 2311.14324
cs.LG 2311.14359
cs.LG 2311.14371
cs.LG 2311.14388
cs.LG 2311.14421
cs.LG 2311.14427
cs.LG 2311.14450
cs.LG 2311.14455
cs.LG 2311.14485
cs.LG 2311.14517
cs.LG 2311.14549
cs.LG 2311.14577
cs.LG 2311.14609
cs.LG 2311.14654
cs.LG 2311.14670
cs.LG 2311.13623
cs.LG 2311.13624
cs.LG 2311.13628
cs.LG 2311.13648
cs.LG 2311.13664
cs.LG 2311.13665
cs.LG 2311.13687
cs.LG 2311.13693
cs.LG 2311.13695
cs.LG 2311.13718
cs.LG 2311.13745
cs.LG 2311.13766
cs.LG 2311.13774
cs.LG 2311.13816
cs.LG 2311.13817
cs.LG 2311.13821
cs.LG 2311.13843
cs.LG 2311.13845
cs.LG 2311.13864
cs.LG 2311.13870
cs.LG 2311.13877
cs.LG 2311.13883
cs.LG 2311.13885
cs.LG 2311.13887
cs.LG 2311.13949
cs.LG 2311.13950
cs.LG 2311.13953
cs.LG 2311.13959
cs.LG 2311.13978
cs.LG 2311.13983
cs.LG 2311.14014
cs.LG 2311.14028
cs.LG 2311.14033
cs.LG 2311.14037
cs.LG 2311.14056
cs.LG 2311.14077
cs.LG 2311.14079
cs.LG 2311.14090
cs.LG 2311.14101
cs.LG 2311.14108
cs.LG 2311.14110
cs.LG 2311.14115
cs.LG 2311.14120
cs.LG 2311.14127
cs.LG 2311.14131
cs.LG 2311.14136
cs.LG 2311.14137
cs.LG 2311.14139
cs.LG 2311.14156
cs.LG 2311.14182
cs.LG 2311.14195
cs.LG 2311.14214
cs.LG 2311.14222
cs.LG 2311.14237
cs.LG 2311.14255
cs.LG 2311.14304
cs.LG 2311.14332
cs.LG 2311.14333
cs.LG 2311.14335
cs.LG 2311.14361
cs.LG 2311.14387
cs.LG 2311.14390
cs.LG 2311.14395
cs.LG 2311.14402
cs.LG 2311.14404
cs.LG 2311.14407
cs.LG 2311.14410
cs.LG 2311.14412
cs.LG 2311.14464
cs.LG 2311.14468
cs.LG 2311.14469
cs.LG 2311.14495
cs.LG 2311.14533
cs.LG 2311.14534
cs.LG 2311.14581
cs.LG 2311.14601
cs.LG 2311.14632
cs.LG 2311.14645
cs.LG 2311.14646
cs.LG 2311.14649
cs.LG 2311.14652
cs.LG 2311.14653
cs.LG 2311.14658
cs.CL 2311.10111
cs.CL 2311.10112
cs.CL 2311.10227
cs.CL 2311.10505
cs.CL 2311.10174
cs.CL 2311.10181
cs.CL 2311.10215
cs.CL 2311.10217
cs.CL 2311.10236
cs.CL 2311.10266
cs.CL 2311.10267
cs.CL 2311.10271
cs.CL 2311.10344
cs.CL 2311.10367
cs.CL 2311.10373
cs.CL 2311.10395
cs.CL 2311.10431
cs.CL 2311.10436
cs.CL 2311.10514
cs.CL 2311.10537
cs.CL 2311.10541
cs.CL 2311.10587
cs.CL 2311.10596
cs.CL 2311.10614
cs.CL 2311.10642
cs.CL 2311.10697
cs.CL 2311.10702
cs.CL 2311.10723
cs.CL 2311.10729
cs.CL 2311.10746
cs.CL 2311.10749
cs.CL 2311.10751
cs.CL 2311.10813
cs.CL 2311.10883
cs.CL 2311.10899
cs.CL 2311.10922
cs.CL 2311.10933
cs.CL 2311.10995
cs.CL 2311.11090
cs.CL 2311.11097
cs.CL 2311.11123
cs.CL 2311.11159
cs.CL 2311.11202
cs.CL 2311.11415
cs.CL 2311.11477
cs.CL 2311.11482
cs.CL 2311.11516
cs.CL 2311.11690
cs.CL 2311.11701
cs.CL 2311.11745
cs.CL 2311.11796
cs.CL 2311.11904
cs.CL 2311.11973
cs.CL 2311.11979
cs.CL 2311.12015
cs.CL 2311.12022
cs.CL 2311.10757
cs.CL 2311.10760
cs.CL 2311.10763
cs.CL 2311.10765
cs.CL 2311.10766
cs.CL 2311.10768
cs.CL 2311.10770
cs.CL 2311.10771
cs.CL 2311.10774
cs.CL 2311.10775
cs.CL 2311.10777
cs.CL 2311.10781
cs.CL 2311.10782
cs.CL 2311.10784
cs.CL 2311.10785
cs.CL 2311.10797
cs.CL 2311.10804
cs.CL 2311.10810
cs.CL 2311.10847
cs.CL 2311.10862
cs.CL 2311.10905
cs.CL 2311.10920
cs.CL 2311.10928
cs.CL 2311.10943
cs.CL 2311.10944
cs.CL 2311.10945
cs.CL 2311.10961
cs.CL 2311.11001
cs.CL 2311.11009
cs.CL 2311.11012
cs.CL 2311.11077
cs.CL 2311.11088
cs.CL 2311.11103
cs.CL 2311.11116
cs.CL 2311.11135
cs.CL 2311.11142
cs.CL 2311.11161
cs.CL 2311.11215
cs.CL 2311.11229
cs.CL 2311.11267
cs.CL 2311.11268
cs.CL 2311.11271
cs.CL 2311.11301
cs.CL 2311.11331
cs.CL 2311.11375
cs.CL 2311.11441
cs.CL 2311.11462
cs.CL 2311.11509
cs.CL 2311.11518
cs.CL 2311.11551
cs.CL 2311.11552
cs.CL 2311.11564
cs.CL 2311.11583
cs.CL 2311.11598
cs.CL 2311.11601
cs.CL 2311.11608
cs.CL 2311.11696
cs.CL 2311.11797
cs.CL 2311.11813
cs.CL 2311.11829
cs.CL 2311.11844
cs.CL 2311.11846
cs.CL 2311.11855
cs.CL 2311.11861
cs.CL 2311.11944
cs.CL 2311.11967
cs.CL 2311.11976
cs.CL 2311.11981
cs.CL 2311.12023
cs.CL 2311.12323
cs.CL 2311.12355
cs.CL 2311.12399
cs.CL 2311.12420
cs.CL 2311.12457
cs.CL 2311.12468
cs.CL 2311.12480
cs.CL 2311.12538
cs.CL 2311.12707
cs.CL 2311.12727
cs.CL 2311.12131
cs.CL 2311.12179
cs.CL 2311.12233
cs.CL 2311.12275
cs.CL 2311.12289
cs.CL 2311.12298
cs.CL 2311.12315
cs.CL 2311.12337
cs.CL 2311.12351
cs.CL 2311.12373
cs.CL 2311.12375
cs.CL 2311.12395
cs.CL 2311.12404
cs.CL 2311.12405
cs.CL 2311.12410
cs.CL 2311.12418
cs.CL 2311.12474
cs.CL 2311.12475
cs.CL 2311.12489
cs.CL 2311.12534
cs.CL 2311.12537
cs.CL 2311.12574
cs.CL 2311.12649
cs.CL 2311.12664
cs.CL 2311.12689
cs.CL 2311.12699
cs.CL 2311.12735
cs.CL 2311.12820
cs.CL 2311.12833
cs.CL 2311.12866
cs.CL 2311.12871
cs.CL 2311.13110
cs.CL 2311.13118
cs.CL 2311.13133
cs.CL 2311.13171
cs.CL 2311.13184
cs.CL 2311.13258
cs.CL 2311.13281
cs.CL 2311.13307
cs.CL 2311.13455
cs.CL 2311.13495
cs.CL 2311.12882
cs.CL 2311.12983
cs.CL 2311.12986
cs.CL 2311.13029
cs.CL 2311.13053
cs.CL 2311.13061
cs.CL 2311.13095
cs.CL 2311.13102
cs.CL 2311.13105
cs.CL 2311.13126
cs.CL 2311.13230
cs.CL 2311.13240
cs.CL 2311.13246
cs.CL 2311.13273
cs.CL 2311.13274
cs.CL 2311.13314
cs.CL 2311.13350
cs.CL 2311.13472
cs.CL 2311.13475
cs.CL 2311.13534
cs.CL 2311.13565
cs.CL 2311.13581
cs.CL 2311.13628
cs.CL 2311.13806
cs.CL 2311.13833
cs.CL 2311.13957
cs.CL 2311.13987
cs.CL 2311.14063
cs.CL 2311.14115
cs.CL 2311.14199
cs.CL 2311.14212
cs.CL 2311.14324
cs.CL 2311.14455
cs.CL 2311.14483
cs.CL 2311.14495
cs.CL 2311.14517
cs.CL 2311.14652
cs.CL 2311.13647
cs.CL 2311.13657
cs.CL 2311.13668
cs.CL 2311.13708
cs.CL 2311.13729
cs.CL 2311.13735
cs.CL 2311.13755
cs.CL 2311.13784
cs.CL 2311.13848
cs.CL 2311.13857
cs.CL 2311.13878
cs.CL 2311.13892
cs.CL 2311.13910
cs.CL 2311.13921
cs.CL 2311.13937
cs.CL 2311.13951
cs.CL 2311.13982
cs.CL 2311.14067
cs.CL 2311.14076
cs.CL 2311.14087
cs.CL 2311.14096
cs.CL 2311.14126
cs.CL 2311.14169
cs.CL 2311.14353
cs.CL 2311.14391
cs.CL 2311.14465
cs.CL 2311.14479
cs.CL 2311.14505
cs.CL 2311.14530
cs.CL 2311.14539
cs.CL 2311.14543
cs.CL 2311.14583
cs.CL 2311.14648
cs.RO 2311.10309
cs.RO 2311.10176
cs.RO 2311.10194
cs.RO 2311.10196
cs.RO 2311.10284
cs.RO 2311.10327
cs.RO 2311.10377
cs.RO 2311.10415
cs.RO 2311.10453
cs.RO 2311.10484
cs.RO 2311.10582
cs.RO 2311.10611
cs.RO 2311.10653
cs.RO 2311.10675
cs.RO 2311.10678
cs.RO 2311.10735
cs.RO 2311.10813
cs.RO 2311.10883
cs.RO 2311.10885
cs.RO 2311.11039
cs.RO 2311.11156
cs.RO 2311.11604
cs.RO 2311.11722
cs.RO 2311.11762
cs.RO 2311.11905
cs.RO 2311.10736
cs.RO 2311.10747
cs.RO 2311.10751
cs.RO 2311.10755
cs.RO 2311.10834
cs.RO 2311.10863
cs.RO 2311.10915
cs.RO 2311.11007
cs.RO 2311.11016
cs.RO 2311.11047
cs.RO 2311.11056
cs.RO 2311.11144
cs.RO 2311.11183
cs.RO 2311.11199
cs.RO 2311.11260
cs.RO 2311.11287
cs.RO 2311.11340
cs.RO 2311.11347
cs.RO 2311.11649
cs.RO 2311.11720
cs.RO 2311.11808
cs.RO 2311.11818
cs.RO 2311.11893
cs.RO 2311.11898
cs.RO 2311.11948
cs.RO 2311.11955
cs.RO 2311.12015
cs.RO 2311.12398
cs.RO 2311.12466
cs.RO 2311.12562
cs.RO 2311.12651
cs.RO 2311.12151
cs.RO 2311.12182
cs.RO 2311.12185
cs.RO 2311.12245
cs.RO 2311.12261
cs.RO 2311.12284
cs.RO 2311.12367
cs.RO 2311.12385
cs.RO 2311.12408
cs.RO 2311.12477
cs.RO 2311.12532
cs.RO 2311.12580
cs.RO 2311.12655
cs.RO 2311.12660
cs.RO 2311.12709
cs.RO 2311.12722
cs.RO 2311.12778
cs.RO 2311.12854
cs.RO 2311.12996
cs.RO 2311.13021
cs.RO 2311.13186
cs.RO 2311.13443
cs.RO 2311.13549
cs.RO 2311.12893
cs.RO 2311.12943
cs.RO 2311.12948
cs.RO 2311.12992
cs.RO 2311.13035
cs.RO 2311.13081
cs.RO 2311.13226
cs.RO 2311.13245
cs.RO 2311.13750
cs.RO 2311.13793
cs.RO 2311.13950
cs.RO 2311.13976
cs.RO 2311.14459
cs.RO 2311.14635
cs.RO 2311.13714
cs.RO 2311.13732
cs.RO 2311.13809
cs.RO 2311.13814
cs.RO 2311.13824
cs.RO 2311.13866
cs.RO 2311.13973
cs.RO 2311.13986
cs.RO 2311.13988
cs.RO 2311.14100
cs.RO 2311.14118
cs.RO 2311.14145
cs.RO 2311.14153
cs.RO 2311.14276
cs.RO 2311.14328
cs.RO 2311.14379
cs.RO 2311.14411
cs.RO 2311.14431
cs.RO 2311.14454
cs.RO 2311.14566
cs.RO 2311.14615
stat.TH 2311.10279
stat.TH 2311.10153
stat.TH 2311.10639
stat.TH 2311.10692
stat.TH 2311.10900
stat.TH 2311.11290
stat.TH 2311.11934
stat.TH 2311.10958
stat.TH 2311.10979
stat.TH 2311.11068
stat.TH 2311.11259
stat.TH 2311.11352
stat.TH 2311.11622
stat.TH 2311.11730
stat.TH 2311.12319
stat.TH 2311.12392
stat.TH 2311.12612
stat.TH 2311.12634
stat.TH 2311.12784
stat.TH 2311.12878
stat.TH 2311.12888
stat.TH 2311.13059
stat.TH 2311.13154
stat.TH 2311.13291
stat.TH 2311.13544
stat.TH 2311.13010
stat.TH 2311.13137
stat.TH 2311.13140
stat.TH 2311.13412
stat.TH 2311.13572
stat.TH 2311.13595
stat.TH 2311.13694
stat.TH 2311.13745
stat.TH 2311.14204
stat.TH 2311.14263
math.DS 2311.10322
math.DS 2311.10417
math.DS 2311.10667
math.DS 2311.10231
math.DS 2311.10262
math.DS 2311.10265
math.DS 2311.10762
math.DS 2311.11118
math.DS 2311.11128
math.DS 2311.11156
math.DS 2311.11318
math.DS 2311.11366
math.DS 2311.11372
math.DS 2311.11896
math.DS 2311.11024
math.DS 2311.11338
math.DS 2311.11399
math.DS 2311.11719
math.DS 2311.11879
math.DS 2311.11942
math.DS 2311.11970
math.DS 2311.12001
math.DS 2311.12532
math.DS 2311.12568
math.DS 2311.12714
math.DS 2311.12615
math.DS 2311.12669
math.DS 2311.12902
math.DS 2311.13033
math.DS 2311.13176
math.DS 2311.13465
math.DS 2311.13480
math.DS 2311.12950
math.DS 2311.12979
math.DS 2311.13136
math.DS 2311.13306
math.DS 2311.13506
math.DS 2311.13854
math.DS 2311.13896
math.DS 2311.14224
math.DS 2311.14364
math.DS 2311.14480
math.DS 2311.14495
math.DS 2311.13605
math.DS 2311.13823
math.DS 2311.14198
math.DS 2311.14248
math.DS 2311.14433
math.DS 2311.14550
eess.IV 2311.10099
eess.IV 2311.10245
eess.IV 2311.10320
eess.IV 2311.10321
eess.IV 2311.10443
eess.IV 2311.10513
eess.IV 2311.10641
eess.IV 2311.10701
eess.IV 2311.10115
eess.IV 2311.10118
eess.IV 2311.10162
eess.IV 2311.10193
eess.IV 2311.10224
eess.IV 2311.10251
eess.IV 2311.10305
eess.IV 2311.10306
eess.IV 2311.10328
eess.IV 2311.10331
eess.IV 2311.10349
eess.IV 2311.10430
eess.IV 2311.10463
eess.IV 2311.10472
eess.IV 2311.10568
eess.IV 2311.10778
eess.IV 2311.11059
eess.IV 2311.11286
eess.IV 2311.11325
eess.IV 2311.11777
eess.IV 2311.11815
eess.IV 2311.10754
eess.IV 2311.10857
eess.IV 2311.10868
eess.IV 2311.10879
eess.IV 2311.10888
eess.IV 2311.10902
eess.IV 2311.10959
eess.IV 2311.11065
eess.IV 2311.11086
eess.IV 2311.11096
eess.IV 2311.11169
eess.IV 2311.11205
eess.IV 2311.11209
eess.IV 2311.11222
eess.IV 2311.11234
eess.IV 2311.11520
eess.IV 2311.11656
eess.IV 2311.11742
eess.IV 2311.11782
eess.IV 2311.11819
eess.IV 2311.11931
eess.IV 2311.11969
eess.IV 2311.12041
eess.IV 2311.12056
eess.IV 2311.12083
eess.IV 2311.12292
eess.IV 2311.12316
eess.IV 2311.12046
eess.IV 2311.12070
eess.IV 2311.12071
eess.IV 2311.12078
eess.IV 2311.12081
eess.IV 2311.12082
eess.IV 2311.12153
eess.IV 2311.12461
eess.IV 2311.12539
eess.IV 2311.12553
eess.IV 2311.12581
eess.IV 2311.12582
eess.IV 2311.12770
eess.IV 2311.12820
eess.IV 2311.12821
eess.IV 2311.12840
eess.IV 2311.12841
eess.IV 2311.12993
eess.IV 2311.13134
eess.IV 2311.13254
eess.IV 2311.12842
eess.IV 2311.12876
eess.IV 2311.12892
eess.IV 2311.12918
eess.IV 2311.13016
eess.IV 2311.13052
eess.IV 2311.13100
eess.IV 2311.13144
eess.IV 2311.13261
eess.IV 2311.13319
eess.IV 2311.13378
eess.IV 2311.13485
eess.IV 2311.13539
eess.IV 2311.13603
eess.IV 2311.13610
eess.IV 2311.13622
eess.IV 2311.13629
eess.IV 2311.13682
eess.IV 2311.13722
eess.IV 2311.13847
eess.IV 2311.13880
eess.IV 2311.13978
eess.IV 2311.14208
eess.IV 2311.13616
eess.IV 2311.13626
eess.IV 2311.13688
eess.IV 2311.13706
eess.IV 2311.13710
eess.IV 2311.13719
eess.IV 2311.13779
eess.IV 2311.13912
eess.IV 2311.13925
eess.IV 2311.13956
eess.IV 2311.13963
eess.IV 2311.13964
eess.IV 2311.14049
eess.IV 2311.14086
eess.IV 2311.14148
eess.IV 2311.14197
eess.IV 2311.14227
eess.IV 2311.14280
eess.IV 2311.14414
eess.IV 2311.14448
eess.IV 2311.14462
eess.IV 2311.14473
eess.IV 2311.14482
eess.IV 2311.14488
eess.IV 2311.14639
eess.AS 2311.10113
eess.AS 2311.10384
eess.AS 2311.10149
eess.AS 2311.10656
eess.AS 2311.10664
eess.AS 2311.10689
eess.AS 2311.04922
eess.AS 2311.04923
eess.AS 2311.11255
eess.AS 2311.11745
eess.AS 2311.10876
eess.AS 2311.11353
eess.AS 2311.11545
eess.AS 2311.11595
eess.AS 2311.11599
eess.AS 2311.12130
eess.AS 2311.12199
eess.AS 2311.12257
eess.AS 2311.12454
eess.AS 2311.12480
eess.AS 2311.12305
eess.AS 2311.12371
eess.AS 2311.12427
eess.AS 2311.12449
eess.AS 2311.12488
eess.AS 2311.12564
eess.AS 2311.12706
eess.AS 2311.12861
eess.AS 2311.13058
eess.AS 2311.13043
eess.AS 2311.13075
eess.AS 2311.13390
eess.AS 2311.13397
eess.AS 2311.13436
eess.AS 2311.13687
eess.AS 2311.14213
eess.AS 2311.14239
eess.AS 2311.14275
eess.AS 2311.14490
eess.AS 2311.14517
eess.AS 2311.13678
eess.AS 2311.13987
eess.AS 2311.14068
eess.AS 2311.14483
cs.SY 2311.10190
cs.SY 2311.10327
cs.SY 2311.10525
cs.SY 2311.10580
cs.SY 2311.10597
cs.SY 2311.10645
cs.SY 2311.10675
cs.SY 2311.10218
cs.SY 2311.10221
cs.SY 2311.10235
cs.SY 2311.10322
cs.SY 2311.10438
cs.SY 2311.10519
cs.SY 2311.10607
cs.SY 2311.10660
cs.SY 2311.10786
cs.SY 2311.10880
cs.SY 2311.11156
cs.SY 2311.11166
cs.SY 2311.11180
cs.SY 2311.11460
cs.SY 2311.11630
cs.SY 2311.11645
cs.SY 2311.11649
cs.SY 2311.11668
cs.SY 2311.11720
cs.SY 2311.11943
cs.SY 2311.12006
cs.SY 2311.11061
cs.SY 2311.11107
cs.SY 2311.11109
cs.SY 2311.11111
cs.SY 2311.11151
cs.SY 2311.11192
cs.SY 2311.11224
cs.SY 2311.11280
cs.SY 2311.11281
cs.SY 2311.11294
cs.SY 2311.11300
cs.SY 2311.11307
cs.SY 2311.11337
cs.SY 2311.11339
cs.SY 2311.11372
cs.SY 2311.11421
cs.SY 2311.11510
cs.SY 2311.11513
cs.SY 2311.11576
cs.SY 2311.11644
cs.SY 2311.11704
cs.SY 2311.11716
cs.SY 2311.11816
cs.SY 2311.11833
cs.SY 2311.11997
cs.SY 2311.12226
cs.SY 2311.12273
cs.SY 2311.12309
cs.SY 2311.12502
cs.SY 2311.12532
cs.SY 2311.12592
cs.SY 2311.12750
cs.SY 2311.12152
cs.SY 2311.12190
cs.SY 2311.12195
cs.SY 2311.12203
cs.SY 2311.12227
cs.SY 2311.12230
cs.SY 2311.12264
cs.SY 2311.12274
cs.SY 2311.12326
cs.SY 2311.12525
cs.SY 2311.12585
cs.SY 2311.12613
cs.SY 2311.12690
cs.SY 2311.12696
cs.SY 2311.12700
cs.SY 2311.12714
cs.SY 2311.12758
cs.SY 2311.12906
cs.SY 2311.12918
cs.SY 2311.12947
cs.SY 2311.13033
cs.SY 2311.13081
cs.SY 2311.13361
cs.SY 2311.13598
cs.SY 2311.12880
cs.SY 2311.12965
cs.SY 2311.13014
cs.SY 2311.13056
cs.SY 2311.13078
cs.SY 2311.13080
cs.SY 2311.13104
cs.SY 2311.13149
cs.SY 2311.13193
cs.SY 2311.13214
cs.SY 2311.13295
cs.SY 2311.13371
cs.SY 2311.13488
cs.SY 2311.13568
cs.SY 1805.03682
cs.SY 2311.13714
cs.SY 2311.13814
cs.SY 2311.13824
cs.SY 2311.13906
cs.SY 2311.13949
cs.SY 2311.13988
cs.SY 2311.14039
cs.SY 2311.14200
cs.SY 2311.14563
cs.SY 2311.13785
cs.SY 2311.13832
cs.SY 2311.13868
cs.SY 2311.13889
cs.SY 2311.13927
cs.SY 2311.13939
cs.SY 2311.13967
cs.SY 2311.13994
cs.SY 2311.14098
cs.SY 2311.14421
cs.SY 2311.14422
cs.SY 2311.14467
cs.SY 2311.14509
cs.SY 2311.14523
cs.SY 2311.14553
cs.SY 2311.14573
eess.SP 2311.10261
eess.SP 2311.10270
eess.SP 2311.10561
eess.SP 2311.10601
eess.SP 2311.10311
eess.SP 2311.10336
eess.SP 2311.10352
eess.SP 2311.10374
eess.SP 2311.10416
eess.SP 2311.10478
eess.SP 2311.10544
eess.SP 2311.10551
eess.SP 2311.10645
eess.SP 2311.10910
eess.SP 2311.11041
eess.SP 2311.11070
eess.SP 2311.11169
eess.SP 2311.11172
eess.SP 2311.11260
eess.SP 2311.11416
eess.SP 2311.11423
eess.SP 2311.11452
eess.SP 2311.11521
eess.SP 2311.11582
eess.SP 2311.11596
eess.SP 2311.11651
eess.SP 2311.11769
eess.SP 2311.11814
eess.SP 2311.11948
eess.SP 2311.11187
eess.SP 2311.11275
eess.SP 2311.11466
eess.SP 2311.11594
eess.SP 2311.11668
eess.SP 2311.11804
eess.SP 2311.11838
eess.SP 2311.12223
eess.SP 2311.12433
eess.SP 2311.12564
eess.SP 2311.12628
eess.SP 2311.12666
eess.SP 2311.12674
eess.SP 2311.12745
eess.SP 2311.12166
eess.SP 2311.12390
eess.SP 2311.12500
eess.SP 2311.12513
eess.SP 2311.12543
eess.SP 2311.12721
eess.SP 2311.12809
eess.SP 2311.12852
eess.SP 2311.12968
eess.SP 2311.13028
eess.SP 2311.13139
eess.SP 2311.13196
eess.SP 2311.13245
eess.SP 2311.13285
eess.SP 2311.13325
eess.SP 2311.13329
eess.SP 2311.13507
eess.SP 2311.13539
eess.SP 2311.12843
eess.SP 2311.13005
eess.SP 2311.13044
eess.SP 2311.13282
eess.SP 2311.13448
eess.SP 2311.13457
eess.SP 2311.13533
eess.SP 2311.13598
eess.SP 2311.13703
eess.SP 2311.13834
eess.SP 2311.13861
eess.SP 2311.13893
eess.SP 2311.14239
eess.SP 2311.14295
eess.SP 2311.14515
eess.SP 2311.14621
eess.SP 2311.13787
eess.SP 2311.13789
eess.SP 2311.13906
eess.SP 2311.14065
eess.SP 2311.14264
eess.SP 2311.14316
eess.SP 2311.14447
eess.SP 2311.14591
math.OC 2311.10203
math.OC 2311.10208
math.OC 2311.10322
math.OC 2311.10540
math.OC 2311.10191
math.OC 2311.10252
math.OC 2311.10272
math.OC 2311.10287
math.OC 2311.10354
math.OC 2311.10470
math.OC 2311.10655
math.OC 2311.10670
math.OC 2311.10719
math.OC 2311.10859
math.OC 2311.10886
math.OC 2311.11098
math.OC 2311.11294
math.OC 2311.11307
math.OC 2311.11337
math.OC 2311.11342
math.OC 2311.11349
math.OC 2311.11372
math.OC 2311.11737
math.OC 2311.11789
math.OC 2311.11871
math.OC 2311.12008
math.OC 2311.10835
math.OC 2311.10849
math.OC 2311.10880
math.OC 2311.10925
math.OC 2311.10966
math.OC 2311.10973
math.OC 2311.11010
math.OC 2311.11156
math.OC 2311.11166
math.OC 2311.11180
math.OC 2311.11248
math.OC 2311.11274
math.OC 2311.11299
math.OC 2311.11380
math.OC 2311.11432
math.OC 2311.11460
math.OC 2311.11464
math.OC 2311.11489
math.OC 2311.11681
math.OC 2311.11834
math.OC 2311.11841
math.OC 2311.11896
math.OC 2311.12230
math.OC 2311.12253
math.OC 2311.12413
math.OC 2311.12517
math.OC 2311.12609
math.OC 2311.12652
math.OC 2311.12771
math.OC 2311.12169
math.OC 2311.12180
math.OC 2311.12184
math.OC 2311.12206
math.OC 2311.12322
math.OC 2311.12520
math.OC 2311.12544
math.OC 2311.12546
math.OC 2311.12607
math.OC 2311.12744
math.OC 2311.13050
math.OC 2311.13159
math.OC 2311.13237
math.OC 2311.13271
math.OC 2311.13278
math.OC 2311.13293
math.OC 2311.13386
math.OC 2311.13447
math.OC 2311.13461
math.OC 2311.13469
math.OC 2311.13584
math.OC 2311.13589
math.OC 2311.12864
math.OC 2311.12888
math.OC 2311.12916
math.OC 2311.12975
math.OC 2311.13012
math.OC 2311.13033
math.OC 2311.13092
math.OC 2311.13094
math.OC 2311.13096
math.OC 2311.13112
math.OC 2311.13167
math.OC 2311.13238
math.OC 2311.13241
math.OC 2311.13365
math.OC 2311.13438
math.OC 2311.13544
math.OC 2311.13695
math.OC 2311.13714
math.OC 2311.13738
math.OC 2311.13877
math.OC 2311.14127
math.OC 2311.14222
math.OC 2311.14318
math.OC 2311.14387
math.OC 2311.14565
math.OC 2311.14657
math.OC 2311.14658
math.OC 2311.13672
math.OC 2311.13765
math.OC 2311.13794
math.OC 2311.13838
math.OC 2311.13872
math.OC 2311.14043
math.OC 2311.14121
math.OC 2311.14168
math.OC 2311.14202
math.OC 2311.14217
math.OC 2311.14292
math.OC 2311.14538
math.OC 2311.14627
math.PR 2311.10103
math.PR 2311.10153
math.PR 2311.10191
math.PR 2311.10265
math.PR 2311.10405
math.PR 2311.10445
math.PR 2311.10446
math.PR 2311.10498
math.PR 2311.10625
math.PR 2311.10698
math.PR 2311.10978
math.PR 2311.11003
math.PR 2311.11248
math.PR 2311.11579
math.PR 2311.11733
math.PR 2311.11738
math.PR 2311.11887
math.PR 2311.11896
math.PR 2311.10957
math.PR 2311.11023
math.PR 2311.11044
math.PR 2311.11098
math.PR 2311.11100
math.PR 2311.11217
math.PR 2311.11279
math.PR 2311.11326
math.PR 2311.11358
math.PR 2311.11428
math.PR 2311.11635
math.PR 2311.11699
math.PR 2311.11703
math.PR 2311.11728
math.PR 2311.11774
math.PR 2311.11924
math.PR 2311.11993
math.PR 2311.12009
math.PR 2311.12013
math.PR 2311.12141
math.PR 2311.12147
math.PR 2311.12302
math.PR 2311.12368
math.PR 2311.12734
math.PR 2311.12294
math.PR 2311.12413
math.PR 2311.12422
math.PR 2311.12453
math.PR 2311.12612
math.PR 2311.12629
math.PR 2311.12634
math.PR 2311.12643
math.PR 2311.12743
math.PR 2311.12780
math.PR 2311.12950
math.PR 2311.13124
math.PR 2311.13178
math.PR 2311.13219
math.PR 2311.13441
math.PR 2311.13584
math.PR 2311.13071
math.PR 2311.13227
math.PR 2311.13278
math.PR 2311.13407
math.PR 2311.13461
math.PR 2311.13465
math.PR 2311.13480
math.PR 2311.13872
math.PR 2311.14201
math.PR 2311.14219
math.PR 2311.14560
math.PR 2311.14567
math.PR 2311.14596
math.PR 2311.13757
math.PR 2311.14149
math.PR 2311.14176
math.PR 2311.14243
math.PR 2311.14352
math.PR 2311.14520
math.PR 2311.14644
math.PR 2311.14660
math.PR 2311.14664
