cs.DC 2402.06085
cs.DC 2402.06086
cs.DC 2402.06123
cs.DC 2402.06194
cs.DC 2402.06319
cs.DC 2402.06384
cs.DC 2402.06471
cs.DC 2402.06638
cs.DC 2402.06787
cs.DC 2402.06931
cs.DC 2402.06954
cs.DC 2402.07011
cs.DC 2402.07295
cs.DC 2402.06938
cs.DC 2402.07303
cs.DC 2402.07433
cs.DC 2402.07520
cs.DC 2402.07529
cs.DC 2402.07578
cs.DC 2402.07664
cs.DC 2402.08055
cs.DC 2402.08470
cs.DC 2402.08578
cs.DC 2402.08068
cs.DC 2402.08109
cs.DC 2402.08524
cs.DC 2402.08769
cs.DC 2402.08821
cs.DC 2402.09011
cs.DC 2402.08809
cs.DC 2402.08917
cs.DC 2402.08950
cs.DC 2402.09105
cs.DC 2402.09126
cs.DC 2402.09168
cs.DC 2402.09284
cs.DC 2402.09377
cs.DC 2402.09589
cs.DC 2402.09714
cs.DC 2402.09993
cs.DC 2402.10035
cs.DC 2402.10102
cs.DC 2402.10135
cs.DC 2402.10138
cs.DC 2402.10145
cs.DC 2402.09715
cs.DC 2402.09736
cs.DC 2402.10059
cs.DC 2402.10064
cs.DC 2402.10067
cs.DC 2402.10092
cs.IT 2402.05974
cs.IT 2402.06156
cs.IT 2402.06337
cs.IT 2402.06563
cs.IT 2402.06021
cs.IT 2402.06081
cs.IT 2402.06154
cs.IT 2402.06161
cs.IT 2402.06306
cs.IT 2402.06368
cs.IT 2402.06810
cs.IT 2402.06856
cs.IT 2402.07025
cs.IT 2402.07340
cs.IT 2402.07443
cs.IT 2402.07445
cs.IT 2402.07476
cs.IT 2402.07639
cs.IT 2402.07717
cs.IT 2402.07802
cs.IT 2402.06767
cs.IT 2402.06814
cs.IT 2402.06860
cs.IT 2402.06881
cs.IT 2402.06919
cs.IT 2402.06941
cs.IT 2402.07188
cs.IT 2402.07229
cs.IT 2402.07359
cs.IT 2402.07381
cs.IT 2402.07531
cs.IT 2402.07643
cs.IT 2402.07660
cs.IT 2402.07711
cs.IT 2402.08274
cs.IT 2402.08591
cs.IT 2402.08676
cs.IT 2402.07997
cs.IT 2402.08135
cs.IT 2402.08224
cs.IT 2402.08230
cs.IT 2402.08231
cs.IT 2402.08238
cs.IT 2402.08478
cs.IT 2402.08916
cs.IT 2402.08953
cs.IT 2402.08977
cs.IT 2402.09116
cs.IT 2402.09120
cs.IT 2402.09155
cs.IT 2402.08771
cs.IT 2402.08794
cs.IT 2402.08864
cs.IT 2402.09117
cs.IT 2402.09364
cs.IT 2402.09723
cs.IT 2402.09755
cs.IT 2402.09781
cs.IT 2402.10025
cs.IT 2402.10071
cs.IT 2402.10138
cs.IT 2402.10161
cs.IT 2402.09551
cs.IT 2402.09637
cs.IT 2402.09657
cs.IT 2402.09673
cs.IT 2402.09757
cs.IT 2402.09896
cs.IT 2402.09898
cs.IT 2402.09974
cs.IT 2402.10018
cs.IT 2402.10072
cs.IT 2402.10158
cs.CV 2310.15692
cs.CV 2402.01607
cs.CV 2402.02110
cs.CV 2402.05947
cs.CV 2402.05964
cs.CV 2402.05974
cs.CV 2402.05975
cs.CV 2402.06015
cs.CV 2402.06038
cs.CV 2402.06059
cs.CV 2402.06063
cs.CV 2402.06150
cs.CV 2402.06223
cs.CV 2402.06284
cs.CV 2402.06331
cs.CV 2402.06461
cs.CV 2402.06463
cs.CV 2402.05958
cs.CV 2402.05977
cs.CV 2402.05978
cs.CV 2402.06004
cs.CV 2402.06088
cs.CV 2402.06091
cs.CV 2402.06092
cs.CV 2402.06106
cs.CV 2402.06107
cs.CV 2402.06117
cs.CV 2402.06118
cs.CV 2402.06119
cs.CV 2402.06132
cs.CV 2402.06136
cs.CV 2402.06149
cs.CV 2402.06152
cs.CV 2402.06165
cs.CV 2402.06185
cs.CV 2402.06188
cs.CV 2402.06190
cs.CV 2402.06191
cs.CV 2402.06212
cs.CV 2402.06213
cs.CV 2402.06244
cs.CV 2402.06249
cs.CV 2402.06251
cs.CV 2402.06288
cs.CV 2402.06315
cs.CV 2402.06329
cs.CV 2402.06353
cs.CV 2402.06378
cs.CV 2402.06379
cs.CV 2402.06385
cs.CV 2402.06390
cs.CV 2402.06423
cs.CV 2402.06436
cs.CV 2402.06446
cs.CV 2402.06475
cs.CV 2402.06494
cs.CV 2402.06497
cs.CV 2402.06499
cs.CV 2402.06506
cs.CV 2402.06521
cs.CV 2402.06531
cs.CV 2402.06537
cs.CV 2402.06539
cs.CV 2402.06560
cs.CV 2402.06581
cs.CV 2402.06599
cs.CV 2402.06611
cs.CV 2402.06692
cs.CV 2402.06841
cs.CV 2402.06855
cs.CV 2402.06875
cs.CV 2402.06937
cs.CV 2402.06957
cs.CV 2402.06984
cs.CV 2402.07008
cs.CV 2402.07023
cs.CV 2402.07087
cs.CV 2402.07127
cs.CV 2402.07129
cs.CV 2402.07164
cs.CV 2402.07192
cs.CV 2402.07220
cs.CV 2402.07245
cs.CV 2402.07255
cs.CV 2402.07298
cs.CV 2402.07354
cs.CV 2402.07415
cs.CV 2402.07436
cs.CV 2402.07502
cs.CV 2402.07597
cs.CV 2402.07637
cs.CV 2402.07742
cs.CV 2402.07746
cs.CV 2402.07872
cs.CV 2402.06752
cs.CV 2402.06784
cs.CV 2402.06794
cs.CV 2402.06801
cs.CV 2402.06805
cs.CV 2402.06809
cs.CV 2402.06826
cs.CV 2402.06854
cs.CV 2402.06936
cs.CV 2402.06951
cs.CV 2402.06969
cs.CV 2402.06982
cs.CV 2402.06985
cs.CV 2402.06991
cs.CV 2402.06994
cs.CV 2402.07059
cs.CV 2402.07083
cs.CV 2402.07116
cs.CV 2402.07119
cs.CV 2402.07173
cs.CV 2402.07181
cs.CV 2402.07200
cs.CV 2402.07207
cs.CV 2402.07216
cs.CV 2402.07243
cs.CV 2402.07258
cs.CV 2402.07263
cs.CV 2402.07270
cs.CV 2402.07301
cs.CV 2402.07310
cs.CV 2402.07320
cs.CV 2402.07329
cs.CV 2402.07330
cs.CV 2402.07338
cs.CV 2402.07370
cs.CV 2402.07371
cs.CV 2402.07376
cs.CV 2402.07384
cs.CV 2402.07403
cs.CV 2402.07410
cs.CV 2402.07417
cs.CV 2402.07452
cs.CV 2402.07526
cs.CV 2402.07596
cs.CV 2402.07633
cs.CV 2402.07635
cs.CV 2402.07642
cs.CV 2402.07677
cs.CV 2402.07680
cs.CV 2402.07685
cs.CV 2402.07708
cs.CV 2402.07739
cs.CV 2402.07814
cs.CV 2402.07819
cs.CV 2402.07839
cs.CV 2402.07865
cs.CV 2402.07894
cs.CV 2402.07895
cs.CV 2402.07900
cs.CV 2402.07945
cs.CV 2402.08006
cs.CV 2402.08018
cs.CV 2402.08086
cs.CV 2402.08098
cs.CV 2402.08125
cs.CV 2402.08159
cs.CV 2402.08183
cs.CV 2402.08185
cs.CV 2402.08221
cs.CV 2402.08235
cs.CV 2402.08276
cs.CV 2402.08280
cs.CV 2402.08400
cs.CV 2402.08466
cs.CV 2402.08529
cs.CV 2402.08552
cs.CV 2402.08563
cs.CV 2402.08567
cs.CV 2402.08577
cs.CV 2402.08592
cs.CV 2402.08680
cs.CV 2402.08017
cs.CV 2402.08025
cs.CV 2402.08035
cs.CV 2402.08070
cs.CV 2402.08122
cs.CV 2402.08138
cs.CV 2402.08195
cs.CV 2402.08200
cs.CV 2402.08207
cs.CV 2402.08249
cs.CV 2402.08251
cs.CV 2402.08265
cs.CV 2402.08267
cs.CV 2402.08294
cs.CV 2402.08300
cs.CV 2402.08310
cs.CV 2402.08316
cs.CV 2402.08320
cs.CV 2402.08333
cs.CV 2402.08345
cs.CV 2402.08348
cs.CV 2402.08359
cs.CV 2402.08360
cs.CV 2402.08397
cs.CV 2402.08409
cs.CV 2402.08427
cs.CV 2402.08437
cs.CV 2402.08439
cs.CV 2402.08441
cs.CV 2402.08473
cs.CV 2402.08506
cs.CV 2402.08571
cs.CV 2402.08582
cs.CV 2402.08601
cs.CV 2402.08622
cs.CV 2402.08635
cs.CV 2402.08643
cs.CV 2402.08645
cs.CV 2402.08654
cs.CV 2402.08657
cs.CV 2402.08671
cs.CV 2402.08682
cs.CV 2402.08692
cs.CV 2402.08697
cs.CV 2402.08712
cs.CV 2402.08756
cs.CV 2402.08934
cs.CV 2402.08987
cs.CV 2402.09062
cs.CV 2402.09101
cs.CV 2402.09137
cs.CV 2402.09156
cs.CV 2402.09181
cs.CV 2402.09189
cs.CV 2402.09240
cs.CV 2402.09341
cs.CV 2402.09353
cs.CV 2402.09359
cs.CV 2402.09372
cs.CV 2402.08698
cs.CV 2402.08743
cs.CV 2402.08749
cs.CV 2402.08750
cs.CV 2402.08763
cs.CV 2402.08774
cs.CV 2402.08784
cs.CV 2402.08793
cs.CV 2402.08823
cs.CV 2402.08875
cs.CV 2402.08876
cs.CV 2402.08882
cs.CV 2402.08892
cs.CV 2402.08910
cs.CV 2402.08919
cs.CV 2402.08931
cs.CV 2402.08936
cs.CV 2402.08960
cs.CV 2402.08966
cs.CV 2402.08994
cs.CV 2402.09004
cs.CV 2402.09016
cs.CV 2402.09036
cs.CV 2402.09055
cs.CV 2402.09066
cs.CV 2402.09071
cs.CV 2402.09100
cs.CV 2402.09107
cs.CV 2402.09164
cs.CV 2402.09178
cs.CV 2402.09204
cs.CV 2402.09211
cs.CV 2402.09225
cs.CV 2402.09237
cs.CV 2402.09241
cs.CV 2402.09242
cs.CV 2402.09257
cs.CV 2402.09262
cs.CV 2402.09270
cs.CV 2402.09303
cs.CV 2402.09315
cs.CV 2402.09316
cs.CV 2402.09325
cs.CV 2402.09329
cs.CV 2402.09367
cs.CV 2402.09368
cs.CV 2402.09419
cs.CV 2402.09424
cs.CV 2402.09444
cs.CV 2402.09459
cs.CV 2402.09466
cs.CV 2402.09474
cs.CV 2402.09567
cs.CV 2402.09611
cs.CV 2402.09636
cs.CV 2402.09658
cs.CV 2402.09722
cs.CV 2402.09747
cs.CV 2402.09801
cs.CV 2402.09867
cs.CV 2402.09975
cs.CV 2402.10010
cs.CV 2402.10026
cs.CV 2402.10038
cs.CV 2402.10055
cs.CV 2402.10086
cs.CV 2402.10130
cs.CV 2402.10204
cs.CV 2402.10208
cs.CV 2402.10210
cs.CV 2402.09437
cs.CV 2402.09530
cs.CV 2402.09561
cs.CV 2402.09569
cs.CV 2402.09587
cs.CV 2402.09604
cs.CV 2402.09613
cs.CV 2402.09635
cs.CV 2402.09650
cs.CV 2402.09663
cs.CV 2402.09671
cs.CV 2402.09677
cs.CV 2402.09694
cs.CV 2402.09712
cs.CV 2402.09717
cs.CV 2402.09724
cs.CV 2402.09731
cs.CV 2402.09781
cs.CV 2402.09786
cs.CV 2402.09811
cs.CV 2402.09812
cs.CV 2402.09816
cs.CV 2402.09865
cs.CV 2402.09872
cs.CV 2402.09883
cs.CV 2402.09944
cs.CV 2402.09962
cs.CV 2402.09966
cs.CV 2402.09982
cs.CV 2402.09989
cs.CV 2402.09990
cs.CV 2402.10002
cs.CV 2402.10021
cs.CV 2402.10035
cs.CV 2402.10039
cs.CV 2402.10045
cs.CV 2402.10061
cs.CV 2402.10066
cs.CV 2402.10079
cs.CV 2402.10090
cs.CV 2402.10093
cs.CV 2402.10099
cs.CV 2402.10128
cs.AI 2402.05940
cs.AI 2402.05941
cs.AI 2402.05942
cs.AI 2402.05943
cs.AI 2402.05945
cs.AI 2402.05946
cs.AI 2402.05950
cs.AI 2402.05951
cs.AI 2402.05952
cs.AI 2402.05959
cs.AI 2402.05963
cs.AI 2402.05966
cs.AI 2402.05967
cs.AI 2402.05968
cs.AI 2402.05970
cs.AI 2402.05975
cs.AI 2402.05976
cs.AI 2402.05977
cs.AI 2402.05978
cs.AI 2402.05979
cs.AI 2402.05980
cs.AI 2402.06004
cs.AI 2402.06023
cs.AI 2402.06026
cs.AI 2402.06030
cs.AI 2402.06034
cs.AI 2402.06038
cs.AI 2402.06046
cs.AI 2402.06053
cs.AI 2402.06075
cs.AI 2402.06078
cs.AI 2402.06079
cs.AI 2402.06082
cs.AI 2402.06086
cs.AI 2402.06104
cs.AI 2402.06107
cs.AI 2402.06116
cs.AI 2402.06118
cs.AI 2402.06126
cs.AI 2402.06128
cs.AI 2402.06158
cs.AI 2402.06165
cs.AI 2402.06178
cs.AI 2402.06185
cs.AI 2402.06187
cs.AI 2402.06188
cs.AI 2402.06196
cs.AI 2402.06204
cs.AI 2402.06229
cs.AI 2402.06255
cs.AI 2402.06262
cs.AI 2402.06287
cs.AI 2402.06299
cs.AI 2402.06304
cs.AI 2402.06334
cs.AI 2402.06360
cs.AI 2402.06377
cs.AI 2402.06388
cs.AI 2402.06397
cs.AI 2402.06402
cs.AI 2402.06457
cs.AI 2402.06472
cs.AI 2402.06492
cs.AI 2402.06501
cs.AI 2402.06506
cs.AI 2402.06509
cs.AI 2402.06530
cs.AI 2402.06532
cs.AI 2402.06544
cs.AI 2402.06549
cs.AI 2402.06559
cs.AI 2402.06563
cs.AI 2402.06584
cs.AI 2402.06599
cs.AI 2402.06606
cs.AI 2402.06608
cs.AI 2402.06619
cs.AI 2402.06627
cs.AI 2402.06025
cs.AI 2402.06044
cs.AI 2402.06049
cs.AI 2402.06097
cs.AI 2402.06098
cs.AI 2402.06147
cs.AI 2402.06264
cs.AI 2402.06326
cs.AI 2402.06359
cs.AI 2402.06389
cs.AI 2402.06487
cs.AI 2402.06500
cs.AI 2402.06503
cs.AI 2402.06529
cs.AI 2402.06557
cs.AI 2402.06590
cs.AI 2402.06596
cs.AI 2402.03457
cs.AI 2402.06629
cs.AI 2402.06638
cs.AI 2402.06655
cs.AI 2402.06656
cs.AI 2402.06659
cs.AI 2402.06663
cs.AI 2402.06664
cs.AI 2402.06666
cs.AI 2402.06680
cs.AI 2402.06682
cs.AI 2402.06692
cs.AI 2402.06694
cs.AI 2402.06696
cs.AI 2402.06697
cs.AI 2402.06700
cs.AI 2402.06716
cs.AI 2402.06733
cs.AI 2402.06734
cs.AI 2402.06737
cs.AI 2402.06759
cs.AI 2402.06766
cs.AI 2402.06772
cs.AI 2402.06784
cs.AI 2402.06794
cs.AI 2402.06810
cs.AI 2402.06859
cs.AI 2402.06864
cs.AI 2402.06871
cs.AI 2402.06894
cs.AI 2402.06900
cs.AI 2402.06908
cs.AI 2402.06912
cs.AI 2402.06918
cs.AI 2402.06931
cs.AI 2402.06938
cs.AI 2402.06945
cs.AI 2402.06952
cs.AI 2402.06955
cs.AI 2402.06957
cs.AI 2402.06963
cs.AI 2402.06967
cs.AI 2402.06973
cs.AI 2402.06982
cs.AI 2402.06985
cs.AI 2402.06992
cs.AI 2402.07002
cs.AI 2402.07011
cs.AI 2402.07023
cs.AI 2402.07031
cs.AI 2402.07033
cs.AI 2402.07035
cs.AI 2402.07043
cs.AI 2402.07051
cs.AI 2402.07069
cs.AI 2402.07076
cs.AI 2402.07087
cs.AI 2402.07098
cs.AI 2402.07102
cs.AI 2402.07107
cs.AI 2402.07118
cs.AI 2402.07127
cs.AI 2402.07129
cs.AI 2402.07148
cs.AI 2402.07152
cs.AI 2402.07153
cs.AI 2402.07157
cs.AI 2402.07174
cs.AI 2402.07180
cs.AI 2402.07191
cs.AI 2402.07229
cs.AI 2402.07233
cs.AI 2402.07244
cs.AI 2402.07250
cs.AI 2402.07268
cs.AI 2402.07282
cs.AI 2402.07294
cs.AI 2402.07295
cs.AI 2402.07319
cs.AI 2402.07320
cs.AI 2402.07342
cs.AI 2402.07344
cs.AI 2402.07347
cs.AI 2402.07366
cs.AI 2402.07368
cs.AI 2402.07370
cs.AI 2402.07384
cs.AI 2402.07393
cs.AI 2402.07402
cs.AI 2402.07408
cs.AI 2402.07412
cs.AI 2402.07419
cs.AI 2402.07435
cs.AI 2402.07437
cs.AI 2402.07448
cs.AI 2402.07452
cs.AI 2402.07465
cs.AI 2402.07501
cs.AI 2402.07513
cs.AI 2402.07540
cs.AI 2402.07543
cs.AI 2402.07547
cs.AI 2402.07570
cs.AI 2402.07610
cs.AI 2402.07616
cs.AI 2402.07619
cs.AI 2402.07625
cs.AI 2402.07639
cs.AI 2402.07640
cs.AI 2402.07680
cs.AI 2402.07681
cs.AI 2402.07689
cs.AI 2402.07703
cs.AI 2402.07712
cs.AI 2402.07754
cs.AI 2402.07757
cs.AI 2402.07812
cs.AI 2402.07814
cs.AI 2402.07818
cs.AI 2402.07845
cs.AI 2402.07859
cs.AI 2402.07860
cs.AI 2402.07862
cs.AI 2402.07865
cs.AI 2402.07871
cs.AI 2402.07875
cs.AI 2402.07876
cs.AI 2402.07895
cs.AI 2402.07901
cs.AI 2402.06634
cs.AI 2402.06640
cs.AI 2402.06647
cs.AI 2402.06654
cs.AI 2402.06660
cs.AI 2402.06665
cs.AI 2402.06673
cs.AI 2402.06695
cs.AI 2402.06764
cs.AI 2402.06782
cs.AI 2402.06811
cs.AI 2402.06852
cs.AI 2402.06861
cs.AI 2402.06929
cs.AI 2402.07016
cs.AI 2402.07039
cs.AI 2402.07049
cs.AI 2402.07140
cs.AI 2402.07166
cs.AI 2402.07167
cs.AI 2402.07183
cs.AI 2402.07197
cs.AI 2402.07199
cs.AI 2402.07204
cs.AI 2402.07221
cs.AI 2402.07226
cs.AI 2402.07234
cs.AI 2402.07326
cs.AI 2402.07327
cs.AI 2402.07350
cs.AI 2402.07398
cs.AI 2402.07404
cs.AI 2402.07418
cs.AI 2402.07420
cs.AI 2402.07422
cs.AI 2402.07429
cs.AI 2402.07442
cs.AI 2402.07456
cs.AI 2402.07462
cs.AI 2402.07477
cs.AI 2402.07483
cs.AI 2402.07507
cs.AI 2402.07510
cs.AI 2402.07514
cs.AI 2402.07536
cs.AI 2402.07632
cs.AI 2402.07688
cs.AI 2402.07710
cs.AI 2402.07744
cs.AI 2402.07772
cs.AI 2402.07787
cs.AI 2402.07799
cs.AI 2402.07822
cs.AI 2402.07877
cs.AI 2402.07890
cs.AI 2402.07909
cs.AI 2402.07911
cs.AI 2402.07912
cs.AI 2402.07913
cs.AI 2402.07919
cs.AI 2402.07922
cs.AI 2402.07928
cs.AI 2402.07932
cs.AI 2402.07933
cs.AI 2402.07938
cs.AI 2402.07939
cs.AI 2402.07940
cs.AI 2402.07945
cs.AI 2402.07946
cs.AI 2402.07949
cs.AI 2402.07956
cs.AI 2402.08010
cs.AI 2402.08023
cs.AI 2402.08030
cs.AI 2402.08062
cs.AI 2402.08072
cs.AI 2402.08075
cs.AI 2402.08085
cs.AI 2402.08112
cs.AI 2402.08114
cs.AI 2402.08125
cs.AI 2402.08144
cs.AI 2402.08147
cs.AI 2402.08151
cs.AI 2402.08155
cs.AI 2402.08156
cs.AI 2402.08164
cs.AI 2402.08170
cs.AI 2402.08191
cs.AI 2402.08198
cs.AI 2402.08209
cs.AI 2402.08219
cs.AI 2402.08228
cs.AI 2402.08246
cs.AI 2402.08255
cs.AI 2402.08256
cs.AI 2402.08267
cs.AI 2402.08290
cs.AI 2402.08303
cs.AI 2402.08310
cs.AI 2402.08323
cs.AI 2402.08324
cs.AI 2402.08341
cs.AI 2402.08349
cs.AI 2402.08373
cs.AI 2402.08383
cs.AI 2402.08384
cs.AI 2402.08401
cs.AI 2402.08409
cs.AI 2402.08429
cs.AI 2402.08470
cs.AI 2402.08473
cs.AI 2402.08491
cs.AI 2402.08496
cs.AI 2402.08509
cs.AI 2402.08530
cs.AI 2402.08547
cs.AI 2402.08562
cs.AI 2402.08570
cs.AI 2402.08578
cs.AI 2402.08582
cs.AI 2402.08593
cs.AI 2402.08609
cs.AI 2402.08611
cs.AI 2402.08631
cs.AI 2402.08640
cs.AI 2402.08648
cs.AI 2402.08653
cs.AI 2402.08658
cs.AI 2402.08671
cs.AI 2402.08672
cs.AI 2402.08679
cs.AI 2402.08680
cs.AI 2402.08682
cs.AI 2402.07925
cs.AI 2402.07927
cs.AI 2402.07963
cs.AI 2402.08064
cs.AI 2402.08088
cs.AI 2402.08115
cs.AI 2402.08128
cs.AI 2402.08145
cs.AI 2402.08174
cs.AI 2402.08178
cs.AI 2402.08184
cs.AI 2402.08185
cs.AI 2402.08208
cs.AI 2402.08211
cs.AI 2402.08236
cs.AI 2402.08242
cs.AI 2402.08250
cs.AI 2402.08269
cs.AI 2402.08280
cs.AI 2402.08284
cs.AI 2402.08298
cs.AI 2402.08369
cs.AI 2402.08423
cs.AI 2402.08466
cs.AI 2402.08472
cs.AI 2402.08492
cs.AI 2402.08511
cs.AI 2402.08514
cs.AI 2402.08565
cs.AI 2402.08644
cs.AI 2402.08646
cs.AI 2402.08670
cs.AI 2402.08143
cs.AI 2402.08430
cs.AI 2402.08690
cs.AI 2402.08702
cs.AI 2402.08703
cs.AI 2402.08714
cs.AI 2402.08761
cs.AI 2402.08777
cs.AI 2402.08789
cs.AI 2402.08801
cs.AI 2402.08812
cs.AI 2402.08831
cs.AI 2402.08832
cs.AI 2402.08846
cs.AI 2402.08848
cs.AI 2402.08855
cs.AI 2402.08876
cs.AI 2402.08907
cs.AI 2402.08918
cs.AI 2402.08921
cs.AI 2402.08925
cs.AI 2402.08958
cs.AI 2402.08960
cs.AI 2402.08963
cs.AI 2402.08975
cs.AI 2402.08979
cs.AI 2402.08982
cs.AI 2402.08983
cs.AI 2402.08994
cs.AI 2402.08995
cs.AI 2402.09015
cs.AI 2402.09023
cs.AI 2402.09034
cs.AI 2402.09055
cs.AI 2402.09059
cs.AI 2402.09066
cs.AI 2402.09078
cs.AI 2402.09084
cs.AI 2402.09091
cs.AI 2402.09097
cs.AI 2402.09109
cs.AI 2402.09126
cs.AI 2402.09129
cs.AI 2402.09136
cs.AI 2402.09141
cs.AI 2402.09177
cs.AI 2402.09193
cs.AI 2402.09199
cs.AI 2402.09200
cs.AI 2402.09205
cs.AI 2402.09211
cs.AI 2402.09225
cs.AI 2402.09233
cs.AI 2402.09236
cs.AI 2402.09246
cs.AI 2402.09251
cs.AI 2402.09259
cs.AI 2402.09265
cs.AI 2402.09267
cs.AI 2402.09269
cs.AI 2402.09281
cs.AI 2402.09290
cs.AI 2402.09303
cs.AI 2402.09305
cs.AI 2402.09318
cs.AI 2402.09320
cs.AI 2402.09338
cs.AI 2402.09345
cs.AI 2402.09355
cs.AI 2402.09360
cs.AI 2402.09368
cs.AI 2402.09370
cs.AI 2402.09371
cs.AI 2402.09372
cs.AI 2402.09384
cs.AI 2402.09392
cs.AI 2402.09398
cs.AI 2402.09401
cs.AI 2402.09404
cs.AI 2402.08755
cs.AI 2402.08772
cs.AI 2402.08780
cs.AI 2402.08806
cs.AI 2402.08859
cs.AI 2402.08869
cs.AI 2402.08939
cs.AI 2402.08955
cs.AI 2402.08957
cs.AI 2402.08961
cs.AI 2402.08968
cs.AI 2402.09046
cs.AI 2402.09047
cs.AI 2402.09051
cs.AI 2402.09052
cs.AI 2402.09056
cs.AI 2402.09085
cs.AI 2402.09099
cs.AI 2402.09132
cs.AI 2402.09147
cs.AI 2402.09161
cs.AI 2402.09221
cs.AI 2402.09266
cs.AI 2402.09286
cs.AI 2402.09334
cs.AI 2402.09346
cs.AI 2402.09358
cs.AI 2402.09388
cs.AI 2402.09390
cs.AI 2402.09391
cs.AI 2311.13380
cs.AI 2402.09427
cs.AI 2402.09433
cs.AI 2402.09442
cs.AI 2402.09443
cs.AI 2402.09444
cs.AI 2402.09445
cs.AI 2402.09447
cs.AI 2402.09448
cs.AI 2402.09450
cs.AI 2402.09453
cs.AI 2402.09456
cs.AI 2402.09459
cs.AI 2402.09465
cs.AI 2402.09474
cs.AI 2402.09476
cs.AI 2402.09494
cs.AI 2402.09495
cs.AI 2402.09497
cs.AI 2402.09508
cs.AI 2402.09540
cs.AI 2402.09546
cs.AI 2402.09579
cs.AI 2402.09581
cs.AI 2402.09603
cs.AI 2402.09604
cs.AI 2402.09609
cs.AI 2402.09611
cs.AI 2402.09614
cs.AI 2402.09615
cs.AI 2402.09649
cs.AI 2402.09664
cs.AI 2402.09668
cs.AI 2402.09674
cs.AI 2402.09683
cs.AI 2402.09695
cs.AI 2402.09712
cs.AI 2402.09721
cs.AI 2402.09722
cs.AI 2402.09723
cs.AI 2402.09725
cs.AI 2402.09727
cs.AI 2402.09728
cs.AI 2402.09748
cs.AI 2402.09750
cs.AI 2402.09759
cs.AI 2402.09760
cs.AI 2402.09766
cs.AI 2402.09782
cs.AI 2402.09784
cs.AI 2402.09786
cs.AI 2402.09792
cs.AI 2402.09795
cs.AI 2402.09820
cs.AI 2402.09830
cs.AI 2402.09867
cs.AI 2402.09871
cs.AI 2402.09883
cs.AI 2402.09894
cs.AI 2402.09900
cs.AI 2402.09906
cs.AI 2402.09911
cs.AI 2402.09921
cs.AI 2402.09923
cs.AI 2402.09934
cs.AI 2402.09941
cs.AI 2402.09965
cs.AI 2402.09977
cs.AI 2402.09982
cs.AI 2402.09984
cs.AI 2402.10002
cs.AI 2402.10005
cs.AI 2402.10024
cs.AI 2402.10028
cs.AI 2402.10038
cs.AI 2402.10050
cs.AI 2402.10052
cs.AI 2402.10055
cs.AI 2402.10067
cs.AI 2402.10076
cs.AI 2402.10086
cs.AI 2402.10091
cs.AI 2402.10093
cs.AI 2402.10100
cs.AI 2402.10101
cs.AI 2402.10107
cs.AI 2402.10110
cs.AI 2402.10130
cs.AI 2402.10135
cs.AI 2402.10142
cs.AI 2402.10168
cs.AI 2402.10171
cs.AI 2402.10176
cs.AI 2402.10177
cs.AI 2402.10184
cs.AI 2402.10192
cs.AI 2402.10196
cs.AI 2402.10204
cs.AI 2402.10206
cs.AI 2402.10207
cs.AI 2402.10210
cs.AI 2402.09413
cs.AI 2402.09498
cs.AI 2402.09500
cs.AI 2402.09553
cs.AI 2402.09558
cs.AI 2402.09565
cs.AI 2402.09584
cs.AI 2402.09588
cs.AI 2402.09592
cs.AI 2402.09617
cs.AI 2402.09654
cs.AI 2402.09656
cs.AI 2402.09660
cs.AI 2402.09729
cs.AI 2402.09734
cs.AI 2402.09764
cs.AI 2402.09765
cs.AI 2402.09769
cs.AI 2402.09836
cs.AI 2402.09844
cs.AI 2402.09877
cs.AI 2402.09880
cs.AI 2402.09919
cs.AI 2402.09939
cs.AI 2402.09997
cs.AI 2402.10011
cs.AI 2402.10051
cs.AI 2402.10083
cs.AI 2402.10102
cs.AI 2402.10104
cs.AI 2402.10109
cs.AI 2402.10115
cs.AI 2402.10133
cs.AI 2402.10172
cs.AR 2402.04744
cs.AR 2402.04431
cs.AR 2402.06164
cs.AR 2402.06210
cs.AR 2402.07545
cs.AR 2402.07578
cs.AR 2402.07549
cs.AR 2402.07693
cs.AR 2402.07781
cs.AR 2402.09109
cs.AR 2402.09705
cs.AR 2402.10118
cs.CR 2402.05967
cs.CR 2402.06137
cs.CR 2402.06156
cs.CR 2402.06249
cs.CR 2402.06255
cs.CR 2402.06289
cs.CR 2402.06352
cs.CR 2402.06414
cs.CR 2402.06459
cs.CR 2402.06465
cs.CR 2402.06606
cs.CR 2402.06609
cs.CR 2402.06093
cs.CR 2402.06159
cs.CR 2402.06357
cs.CR 2402.06363
cs.CR 2402.06440
cs.CR 2402.06515
cs.CR 2402.06516
cs.CR 2402.07002
cs.CR 2402.07039
cs.CR 2402.07131
cs.CR 2402.07180
cs.CR 2402.07332
cs.CR 2402.07347
cs.CR 2402.07404
cs.CR 2402.07496
cs.CR 2402.07510
cs.CR 2402.07687
cs.CR 2402.07688
cs.CR 2402.07889
cs.CR 2402.06636
cs.CR 2402.06649
cs.CR 2402.06650
cs.CR 2402.06655
cs.CR 2402.06659
cs.CR 2402.06661
cs.CR 2402.06663
cs.CR 2402.06664
cs.CR 2402.06669
cs.CR 2402.06674
cs.CR 2402.06682
cs.CR 2402.06699
cs.CR 2402.06701
cs.CR 2402.06704
cs.CR 2402.06806
cs.CR 2402.06846
cs.CR 2402.06869
cs.CR 2402.06904
cs.CR 2402.06922
cs.CR 2402.06957
cs.CR 2402.07054
cs.CR 2402.07066
cs.CR 2402.07241
cs.CR 2402.07334
cs.CR 2402.07367
cs.CR 2402.07408
cs.CR 2402.07444
cs.CR 2402.07518
cs.CR 2402.07562
cs.CR 2402.07584
cs.CR 2402.07714
cs.CR 2402.07852
cs.CR 2402.07867
cs.CR 2402.07878
cs.CR 2402.07905
cs.CR 2402.08063
cs.CR 2402.08156
cs.CR 2402.08194
cs.CR 2402.08309
cs.CR 2402.08567
cs.CR 2402.08577
cs.CR 2402.07950
cs.CR 2402.07967
cs.CR 2402.08031
cs.CR 2402.08084
cs.CR 2402.08299
cs.CR 2402.08322
cs.CR 2402.08407
cs.CR 2402.08416
cs.CR 2402.08436
cs.CR 2402.08468
cs.CR 2402.08614
cs.CR 2402.08656
cs.CR 2402.08980
cs.CR 2402.09059
cs.CR 2402.09062
cs.CR 2402.09095
cs.CR 2402.09108
cs.CR 2402.09217
cs.CR 2402.09363
cs.CR 2402.08695
cs.CR 2402.08908
cs.CR 2402.08956
cs.CR 2402.08983
cs.CR 2402.08986
cs.CR 2402.09023
cs.CR 2402.09082
cs.CR 2402.09091
cs.CR 2402.09094
cs.CR 2402.09179
cs.CR 2402.09191
cs.CR 2402.09200
cs.CR 2402.09370
cs.CR 2402.09386
cs.CR 2402.09403
cs.CR 2402.09483
cs.CR 2402.09674
cs.CR 2402.09715
cs.CR 2402.09736
cs.CR 2402.09937
cs.CR 2402.10001
cs.CR 2402.10065
cs.CR 2402.10082
cs.CR 2402.10145
cs.CR 2402.10208
cs.CR 2402.09477
cs.CR 2402.09478
cs.CR 2402.09480
cs.CR 2402.09481
cs.CR 2402.09497
cs.CR 2402.09540
cs.CR 2402.09545
cs.CR 2402.09581
cs.CR 2402.09621
cs.CR 2402.09644
cs.CR 2402.09701
cs.CR 2402.09710
cs.CR 2402.09728
cs.CR 2402.09795
cs.CR 2402.09820
cs.CR 2402.09845
cs.CR 2402.09973
cs.CR 2402.10030
cs.CR 2402.10044
cs.CR 2402.10138
cs.MA 2402.06014
cs.MA 2402.06036
cs.MA 2402.06176
cs.MA 2402.06228
cs.MA 2402.06359
cs.MA 2402.06576
cs.MA 2402.06127
cs.MA 2402.06778
cs.MA 2402.06921
cs.MA 2402.06954
cs.MA 2402.07404
cs.MA 2402.07437
cs.MA 2402.07462
cs.MA 2402.07547
cs.MA 2402.07752
cs.MA 2402.08156
cs.MA 2402.08421
cs.MA 2402.08567
cs.MA 2402.08282
cs.MA 2402.08772
cs.MA 2402.08779
cs.MA 2402.08902
cs.MA 2402.08905
cs.MA 2402.09233
cs.MA 2402.09714
cs.MA 2402.09776
cs.MA 2402.09921
cs.MA 2402.10172
cs.MA 2402.09499
cs.MA 2402.09563
cs.LG 2402.05939
cs.LG 2402.05941
cs.LG 2402.05953
cs.LG 2402.05958
cs.LG 2402.05961
cs.LG 2402.05972
cs.LG 2402.05975
cs.LG 2402.05977
cs.LG 2402.05978
cs.LG 2402.05980
cs.LG 2402.05982
cs.LG 2402.05983
cs.LG 2402.06033
cs.LG 2402.06047
cs.LG 2402.06059
cs.LG 2402.06063
cs.LG 2402.06079
cs.LG 2402.06097
cs.LG 2402.06098
cs.LG 2402.06102
cs.LG 2402.06107
cs.LG 2402.06122
cs.LG 2402.06126
cs.LG 2402.06127
cs.LG 2402.06151
cs.LG 2402.06162
cs.LG 2402.06165
cs.LG 2402.06173
cs.LG 2402.06185
cs.LG 2402.06188
cs.LG 2402.06190
cs.LG 2402.06191
cs.LG 2402.06224
cs.LG 2402.06226
cs.LG 2402.06271
cs.LG 2402.06275
cs.LG 2402.06277
cs.LG 2402.06282
cs.LG 2402.06320
cs.LG 2402.06326
cs.LG 2402.06357
cs.LG 2402.06386
cs.LG 2402.06388
cs.LG 2402.06412
cs.LG 2402.06463
cs.LG 2402.06492
cs.LG 2402.06494
cs.LG 2402.06503
cs.LG 2402.06506
cs.LG 2402.06521
cs.LG 2402.06525
cs.LG 2402.06529
cs.LG 2402.06531
cs.LG 2402.06535
cs.LG 2402.06544
cs.LG 2402.06560
cs.LG 2402.06562
cs.LG 2402.06581
cs.LG 2402.06590
cs.LG 2402.05940
cs.LG 2402.05942
cs.LG 2402.05943
cs.LG 2402.05944
cs.LG 2402.05945
cs.LG 2402.05946
cs.LG 2402.05947
cs.LG 2402.05948
cs.LG 2402.05949
cs.LG 2402.05950
cs.LG 2402.05951
cs.LG 2402.05952
cs.LG 2402.05954
cs.LG 2402.05955
cs.LG 2402.05956
cs.LG 2402.05957
cs.LG 2402.05959
cs.LG 2402.05960
cs.LG 2402.05962
cs.LG 2402.05963
cs.LG 2402.05964
cs.LG 2402.05965
cs.LG 2402.05966
cs.LG 2402.05967
cs.LG 2402.05968
cs.LG 2402.05969
cs.LG 2402.05970
cs.LG 2402.05971
cs.LG 2402.05973
cs.LG 2402.05976
cs.LG 2402.05981
cs.LG 2402.06010
cs.LG 2402.06019
cs.LG 2402.06023
cs.LG 2402.06030
cs.LG 2402.06031
cs.LG 2402.06034
cs.LG 2402.06038
cs.LG 2402.06045
cs.LG 2402.06056
cs.LG 2402.06075
cs.LG 2402.06082
cs.LG 2402.06087
cs.LG 2402.06104
cs.LG 2402.06110
cs.LG 2402.06121
cs.LG 2402.06128
cs.LG 2402.06135
cs.LG 2402.06137
cs.LG 2402.06150
cs.LG 2402.06160
cs.LG 2402.06171
cs.LG 2402.06184
cs.LG 2402.06187
cs.LG 2402.06223
cs.LG 2402.06255
cs.LG 2402.06266
cs.LG 2402.06268
cs.LG 2402.06276
cs.LG 2402.06287
cs.LG 2402.06289
cs.LG 2402.06293
cs.LG 2402.06295
cs.LG 2402.06318
cs.LG 2402.06323
cs.LG 2402.06330
cs.LG 2402.06331
cs.LG 2402.06348
cs.LG 2402.06367
cs.LG 2402.06377
cs.LG 2402.06380
cs.LG 2402.06402
cs.LG 2402.06414
cs.LG 2402.06434
cs.LG 2402.06441
cs.LG 2402.06445
cs.LG 2402.06452
cs.LG 2402.06457
cs.LG 2402.06461
cs.LG 2402.06465
cs.LG 2402.06501
cs.LG 2402.06512
cs.LG 2402.06530
cs.LG 2402.06532
cs.LG 2402.06552
cs.LG 2402.06559
cs.LG 2402.06563
cs.LG 2402.06570
cs.LG 2402.06578
cs.LG 2402.06580
cs.LG 2402.06606
cs.LG 2402.06614
cs.LG 2402.06627
cs.LG 2402.06633
cs.LG 2402.06634
cs.LG 2402.06635
cs.LG 2402.06638
cs.LG 2402.06642
cs.LG 2402.06646
cs.LG 2402.06655
cs.LG 2402.06656
cs.LG 2402.06659
cs.LG 2402.06661
cs.LG 2402.06665
cs.LG 2402.06666
cs.LG 2402.06674
cs.LG 2402.06678
cs.LG 2402.06680
cs.LG 2402.06682
cs.LG 2402.06683
cs.LG 2402.06684
cs.LG 2402.06689
cs.LG 2402.06690
cs.LG 2402.06692
cs.LG 2402.06695
cs.LG 2402.06701
cs.LG 2402.06706
cs.LG 2402.06715
cs.LG 2402.06730
cs.LG 2402.06733
cs.LG 2402.06772
cs.LG 2402.06783
cs.LG 2402.06784
cs.LG 2402.06787
cs.LG 2402.06806
cs.LG 2402.06810
cs.LG 2402.06854
cs.LG 2402.06884
cs.LG 2402.06885
cs.LG 2402.06894
cs.LG 2402.06919
cs.LG 2402.06922
cs.LG 2402.06923
cs.LG 2402.06931
cs.LG 2402.06938
cs.LG 2402.06940
cs.LG 2402.06957
cs.LG 2402.06973
cs.LG 2402.06994
cs.LG 2402.07008
cs.LG 2402.07023
cs.LG 2402.07025
cs.LG 2402.07027
cs.LG 2402.07028
cs.LG 2402.07031
cs.LG 2402.07066
cs.LG 2402.07067
cs.LG 2402.07085
cs.LG 2402.07101
cs.LG 2402.07118
cs.LG 2402.07127
cs.LG 2402.07131
cs.LG 2402.07148
cs.LG 2402.07156
cs.LG 2402.07157
cs.LG 2402.07158
cs.LG 2402.07160
cs.LG 2402.07189
cs.LG 2402.07200
cs.LG 2402.07204
cs.LG 2402.07268
cs.LG 2402.07270
cs.LG 2402.07282
cs.LG 2402.07284
cs.LG 2402.07294
cs.LG 2402.07307
cs.LG 2402.07310
cs.LG 2402.07320
cs.LG 2402.07323
cs.LG 2402.07334
cs.LG 2402.07341
cs.LG 2402.07355
cs.LG 2402.07357
cs.LG 2402.07363
cs.LG 2402.07365
cs.LG 2402.07383
cs.LG 2402.07384
cs.LG 2402.07388
cs.LG 2402.07391
cs.LG 2402.07393
cs.LG 2402.07407
cs.LG 2402.07410
cs.LG 2402.07417
cs.LG 2402.07435
cs.LG 2402.07437
cs.LG 2402.07440
cs.LG 2402.07445
cs.LG 2402.07448
cs.LG 2402.07452
cs.LG 2402.07462
cs.LG 2402.07472
cs.LG 2402.07492
cs.LG 2402.07529
cs.LG 2402.07543
cs.LG 2402.07549
cs.LG 2402.07588
cs.LG 2402.07595
cs.LG 2402.07613
cs.LG 2402.07621
cs.LG 2402.07625
cs.LG 2402.07626
cs.LG 2402.07642
cs.LG 2402.07684
cs.LG 2402.07685
cs.LG 2402.07723
cs.LG 2402.07729
cs.LG 2402.07735
cs.LG 2402.07739
cs.LG 2402.07744
cs.LG 2402.07752
cs.LG 2402.07754
cs.LG 2402.07762
cs.LG 2402.07763
cs.LG 2402.07781
cs.LG 2402.07793
cs.LG 2402.07802
cs.LG 2402.07812
cs.LG 2402.07839
cs.LG 2402.07862
cs.LG 2402.07865
cs.LG 2402.07867
cs.LG 2402.07872
cs.LG 2402.07878
cs.LG 2402.07890
cs.LG 2402.07891
cs.LG 2402.07899
cs.LG 2402.06653
cs.LG 2402.06662
cs.LG 2402.06675
cs.LG 2402.06688
cs.LG 2402.06694
cs.LG 2402.06696
cs.LG 2402.06697
cs.LG 2402.06700
cs.LG 2402.06707
cs.LG 2402.06714
cs.LG 2402.06716
cs.LG 2402.06734
cs.LG 2402.06737
cs.LG 2402.06751
cs.LG 2402.06756
cs.LG 2402.06761
cs.LG 2402.06763
cs.LG 2402.06800
cs.LG 2402.06808
cs.LG 2402.06812
cs.LG 2402.06815
cs.LG 2402.06818
cs.LG 2402.06819
cs.LG 2402.06820
cs.LG 2402.06827
cs.LG 2402.06855
cs.LG 2402.06859
cs.LG 2402.06864
cs.LG 2402.06886
cs.LG 2402.06892
cs.LG 2402.06908
cs.LG 2402.06912
cs.LG 2402.06918
cs.LG 2402.06921
cs.LG 2402.06932
cs.LG 2402.06937
cs.LG 2402.06954
cs.LG 2402.06955
cs.LG 2402.06963
cs.LG 2402.06966
cs.LG 2402.06968
cs.LG 2402.06971
cs.LG 2402.06974
cs.LG 2402.06990
cs.LG 2402.07002
cs.LG 2402.07011
cs.LG 2402.07019
cs.LG 2402.07033
cs.LG 2402.07035
cs.LG 2402.07043
cs.LG 2402.07051
cs.LG 2402.07052
cs.LG 2402.07062
cs.LG 2402.07069
cs.LG 2402.07079
cs.LG 2402.07082
cs.LG 2402.07087
cs.LG 2402.07099
cs.LG 2402.07102
cs.LG 2402.07107
cs.LG 2402.07108
cs.LG 2402.07114
cs.LG 2402.07129
cs.LG 2402.07139
cs.LG 2402.07152
cs.LG 2402.07164
cs.LG 2402.07180
cs.LG 2402.07182
cs.LG 2402.07191
cs.LG 2402.07193
cs.LG 2402.07198
cs.LG 2402.07211
cs.LG 2402.07225
cs.LG 2402.07232
cs.LG 2402.07246
cs.LG 2402.07248
cs.LG 2402.07249
cs.LG 2402.07250
cs.LG 2402.07251
cs.LG 2402.07281
cs.LG 2402.07283
cs.LG 2402.07295
cs.LG 2402.07309
cs.LG 2402.07314
cs.LG 2402.07319
cs.LG 2402.07321
cs.LG 2402.07340
cs.LG 2402.07344
cs.LG 2402.07347
cs.LG 2402.07352
cs.LG 2402.07356
cs.LG 2402.07366
cs.LG 2402.07368
cs.LG 2402.07369
cs.LG 2402.07411
cs.LG 2402.07412
cs.LG 2402.07415
cs.LG 2402.07419
cs.LG 2402.07443
cs.LG 2402.07453
cs.LG 2402.07458
cs.LG 2402.07465
cs.LG 2402.07471
cs.LG 2402.07480
cs.LG 2402.07487
cs.LG 2402.07496
cs.LG 2402.07498
cs.LG 2402.07501
cs.LG 2402.07502
cs.LG 2402.07506
cs.LG 2402.07545
cs.LG 2402.07568
cs.LG 2402.07570
cs.LG 2402.07585
cs.LG 2402.07586
cs.LG 2402.07594
cs.LG 2402.07598
cs.LG 2402.07630
cs.LG 2402.07639
cs.LG 2402.07692
cs.LG 2402.07703
cs.LG 2402.07712
cs.LG 2402.07721
cs.LG 2402.07738
cs.LG 2402.07745
cs.LG 2402.07757
cs.LG 2402.07785
cs.LG 2402.07790
cs.LG 2402.07792
cs.LG 2402.07808
cs.LG 2402.07818
cs.LG 2402.07821
cs.LG 2402.07834
cs.LG 2402.07845
cs.LG 2402.07846
cs.LG 2402.07851
cs.LG 2402.07858
cs.LG 2402.07868
cs.LG 2402.07871
cs.LG 2402.07875
cs.LG 2402.07876
cs.LG 2402.07901
cs.LG 2209.10712
cs.LG 2402.07915
cs.LG 2402.07928
cs.LG 2402.07933
cs.LG 2402.07937
cs.LG 2402.07938
cs.LG 2402.07946
cs.LG 2402.07948
cs.LG 2402.07949
cs.LG 2402.07955
cs.LG 2402.07963
cs.LG 2402.07970
cs.LG 2402.08001
cs.LG 2402.08005
cs.LG 2402.08012
cs.LG 2402.08017
cs.LG 2402.08030
cs.LG 2402.08063
cs.LG 2402.08075
cs.LG 2402.08077
cs.LG 2402.08078
cs.LG 2402.08082
cs.LG 2402.08088
cs.LG 2402.08095
cs.LG 2402.08097
cs.LG 2402.08100
cs.LG 2402.08106
cs.LG 2402.08108
cs.LG 2402.08109
cs.LG 2402.08147
cs.LG 2402.08151
cs.LG 2402.08164
cs.LG 2402.08174
cs.LG 2402.08184
cs.LG 2402.08191
cs.LG 2402.08198
cs.LG 2402.08201
cs.LG 2402.08210
cs.LG 2402.08219
cs.LG 2402.08233
cs.LG 2402.08242
cs.LG 2402.08251
cs.LG 2402.08269
cs.LG 2402.08277
cs.LG 2402.08280
cs.LG 2402.08303
cs.LG 2402.08344
cs.LG 2402.08379
cs.LG 2402.08412
cs.LG 2402.08422
cs.LG 2402.08424
cs.LG 2402.08425
cs.LG 2402.08426
cs.LG 2402.08468
cs.LG 2402.08473
cs.LG 2402.08496
cs.LG 2402.08508
cs.LG 2402.08567
cs.LG 2402.08570
cs.LG 2402.08576
cs.LG 2402.08577
cs.LG 2402.08592
cs.LG 2402.08606
cs.LG 2402.08616
cs.LG 2402.08631
cs.LG 2402.08637
cs.LG 2402.08640
cs.LG 2402.08643
cs.LG 2402.08645
cs.LG 2402.08662
cs.LG 2402.08674
cs.LG 2402.08682
cs.LG 2402.07999
cs.LG 2402.08010
cs.LG 2402.08018
cs.LG 2402.08022
cs.LG 2402.08023
cs.LG 2402.08056
cs.LG 2402.08062
cs.LG 2402.08073
cs.LG 2402.08085
cs.LG 2402.08086
cs.LG 2402.08090
cs.LG 2402.08093
cs.LG 2402.08096
cs.LG 2402.08105
cs.LG 2402.08112
cs.LG 2402.08114
cs.LG 2402.08117
cs.LG 2402.08126
cs.LG 2402.08127
cs.LG 2402.08132
cs.LG 2402.08134
cs.LG 2402.08156
cs.LG 2402.08170
cs.LG 2402.08180
cs.LG 2402.08182
cs.LG 2402.08187
cs.LG 2402.08193
cs.LG 2402.08202
cs.LG 2402.08209
cs.LG 2402.08225
cs.LG 2402.08228
cs.LG 2402.08229
cs.LG 2402.08244
cs.LG 2402.08255
cs.LG 2402.08268
cs.LG 2402.08290
cs.LG 2402.08296
cs.LG 2402.08309
cs.LG 2402.08313
cs.LG 2402.08321
cs.LG 2402.08324
cs.LG 2402.08365
cs.LG 2402.08367
cs.LG 2402.08371
cs.LG 2402.08373
cs.LG 2402.08383
cs.LG 2402.08384
cs.LG 2402.08400
cs.LG 2402.08401
cs.LG 2402.08405
cs.LG 2402.08406
cs.LG 2402.08421
cs.LG 2402.08450
cs.LG 2402.08470
cs.LG 2402.08480
cs.LG 2402.08491
cs.LG 2402.08493
cs.LG 2402.08502
cs.LG 2402.08522
cs.LG 2402.08526
cs.LG 2402.08529
cs.LG 2402.08530
cs.LG 2402.08539
cs.LG 2402.08540
cs.LG 2402.08552
cs.LG 2402.08563
cs.LG 2402.08573
cs.LG 2402.08578
cs.LG 2402.08583
cs.LG 2402.08586
cs.LG 2402.08593
cs.LG 2402.08595
cs.LG 2402.08609
cs.LG 2402.08611
cs.LG 2402.08621
cs.LG 2402.08648
cs.LG 2402.08653
cs.LG 2402.08667
cs.LG 2402.08672
cs.LG 2402.08676
cs.LG 2402.08678
cs.LG 2402.08679
cs.LG 2402.08680
cs.LG 2402.08687
cs.LG 2402.08688
cs.LG 2402.08690
cs.LG 2402.08692
cs.LG 2402.08695
cs.LG 2402.08698
cs.LG 2402.08699
cs.LG 2402.08701
cs.LG 2402.08703
cs.LG 2402.08708
cs.LG 2402.08711
cs.LG 2402.08726
cs.LG 2402.08742
cs.LG 2402.08743
cs.LG 2402.08748
cs.LG 2402.08749
cs.LG 2402.08751
cs.LG 2402.08753
cs.LG 2402.08768
cs.LG 2402.08784
cs.LG 2402.08789
cs.LG 2402.08811
cs.LG 2402.08813
cs.LG 2402.08818
cs.LG 2402.08823
cs.LG 2402.08847
cs.LG 2402.08864
cs.LG 2402.08879
cs.LG 2402.08882
cs.LG 2402.08890
cs.LG 2402.08892
cs.LG 2402.08902
cs.LG 2402.08910
cs.LG 2402.08919
cs.LG 2402.08925
cs.LG 2402.08957
cs.LG 2402.08978
cs.LG 2402.08979
cs.LG 2402.08991
cs.LG 2402.08992
cs.LG 2402.09004
cs.LG 2402.09018
cs.LG 2402.09025
cs.LG 2402.09046
cs.LG 2402.09056
cs.LG 2402.09057
cs.LG 2402.09066
cs.LG 2402.09075
cs.LG 2402.09077
cs.LG 2402.09081
cs.LG 2402.09082
cs.LG 2402.09105
cs.LG 2402.09109
cs.LG 2402.09122
cs.LG 2402.09126
cs.LG 2402.09132
cs.LG 2402.09135
cs.LG 2402.09151
cs.LG 2402.09164
cs.LG 2402.09179
cs.LG 2402.09199
cs.LG 2402.09230
cs.LG 2402.09245
cs.LG 2402.09286
cs.LG 2402.09299
cs.LG 2402.09303
cs.LG 2402.09316
cs.LG 2402.09328
cs.LG 2402.09330
cs.LG 2402.09358
cs.LG 2402.09370
cs.LG 2402.09387
cs.LG 2402.09404
cs.LG 2402.08712
cs.LG 2402.08714
cs.LG 2402.08733
cs.LG 2402.08758
cs.LG 2402.08769
cs.LG 2402.08787
cs.LG 2402.08790
cs.LG 2402.08799
cs.LG 2402.08808
cs.LG 2402.08824
cs.LG 2402.08832
cs.LG 2402.08845
cs.LG 2402.08848
cs.LG 2402.08856
cs.LG 2402.08871
cs.LG 2402.08907
cs.LG 2402.08918
cs.LG 2402.08922
cs.LG 2402.08923
cs.LG 2402.08929
cs.LG 2402.08943
cs.LG 2402.08946
cs.LG 2402.08948
cs.LG 2402.08958
cs.LG 2402.08963
cs.LG 2402.08964
cs.LG 2402.08975
cs.LG 2402.08982
cs.LG 2402.08998
cs.LG 2402.08999
cs.LG 2402.09034
cs.LG 2402.09043
cs.LG 2402.09050
cs.LG 2402.09059
cs.LG 2402.09063
cs.LG 2402.09078
cs.LG 2402.09084
cs.LG 2402.09092
cs.LG 2402.09095
cs.LG 2402.09113
cs.LG 2402.09142
cs.LG 2402.09146
cs.LG 2402.09152
cs.LG 2402.09154
cs.LG 2402.09165
cs.LG 2402.09166
cs.LG 2402.09167
cs.LG 2402.09173
cs.LG 2402.09177
cs.LG 2402.09197
cs.LG 2402.09201
cs.LG 2402.09226
cs.LG 2402.09234
cs.LG 2402.09236
cs.LG 2402.09239
cs.LG 2402.09240
cs.LG 2402.09247
cs.LG 2402.09249
cs.LG 2402.09264
cs.LG 2402.09268
cs.LG 2402.09271
cs.LG 2402.09281
cs.LG 2402.09288
cs.LG 2402.09290
cs.LG 2402.09305
cs.LG 2402.09326
cs.LG 2402.09327
cs.LG 2402.09345
cs.LG 2402.09360
cs.LG 2402.09371
cs.LG 2402.09373
cs.LG 2402.09381
cs.LG 2402.09398
cs.LG 2402.09401
cs.LG 2311.13380
cs.LG 2402.09416
cs.LG 2402.09419
cs.LG 2402.09421
cs.LG 2402.09424
cs.LG 2402.09426
cs.LG 2402.09427
cs.LG 2402.09433
cs.LG 2402.09434
cs.LG 2402.09438
cs.LG 2402.09439
cs.LG 2402.09440
cs.LG 2402.09441
cs.LG 2402.09443
cs.LG 2402.09445
cs.LG 2402.09447
cs.LG 2402.09448
cs.LG 2402.09450
cs.LG 2402.09452
cs.LG 2402.09453
cs.LG 2402.09459
cs.LG 2402.09460
cs.LG 2402.09461
cs.LG 2402.09464
cs.LG 2402.09467
cs.LG 2402.09474
cs.LG 2402.09477
cs.LG 2402.09478
cs.LG 2402.09483
cs.LG 2402.09488
cs.LG 2402.09495
cs.LG 2402.09497
cs.LG 2402.09524
cs.LG 2402.09540
cs.LG 2402.09558
cs.LG 2402.09589
cs.LG 2402.09598
cs.LG 2402.09611
cs.LG 2402.09615
cs.LG 2402.09623
cs.LG 2402.09650
cs.LG 2402.09651
cs.LG 2402.09657
cs.LG 2402.09660
cs.LG 2402.09671
cs.LG 2402.09674
cs.LG 2402.09687
cs.LG 2402.09698
cs.LG 2402.09710
cs.LG 2402.09715
cs.LG 2402.09721
cs.LG 2402.09723
cs.LG 2402.09739
cs.LG 2402.09747
cs.LG 2402.09748
cs.LG 2402.09754
cs.LG 2402.09761
cs.LG 2402.09766
cs.LG 2402.09786
cs.LG 2402.09796
cs.LG 2402.09802
cs.LG 2402.09807
cs.LG 2402.09820
cs.LG 2402.09821
cs.LG 2402.09841
cs.LG 2402.09846
cs.LG 2402.09867
cs.LG 2402.09906
cs.LG 2402.09910
cs.LG 2402.09916
cs.LG 2402.09939
cs.LG 2402.09948
cs.LG 2402.09949
cs.LG 2402.09954
cs.LG 2402.09977
cs.LG 2402.09978
cs.LG 2402.09982
cs.LG 2402.09990
cs.LG 2402.10005
cs.LG 2402.10009
cs.LG 2402.10024
cs.LG 2402.10036
cs.LG 2402.10038
cs.LG 2402.10043
cs.LG 2402.10045
cs.LG 2402.10064
cs.LG 2402.10066
cs.LG 2402.10067
cs.LG 2402.10069
cs.LG 2402.10072
cs.LG 2402.10077
cs.LG 2402.10078
cs.LG 2402.10079
cs.LG 2402.10085
cs.LG 2402.10086
cs.LG 2402.10087
cs.LG 2402.10088
cs.LG 2402.10090
cs.LG 2402.10091
cs.LG 2402.10092
cs.LG 2402.10093
cs.LG 2402.10100
cs.LG 2402.10109
cs.LG 2402.10110
cs.LG 2402.10115
cs.LG 2402.10118
cs.LG 2402.10127
cs.LG 2402.10128
cs.LG 2402.10164
cs.LG 2402.10168
cs.LG 2402.10176
cs.LG 2402.10189
cs.LG 2402.09432
cs.LG 2402.09456
cs.LG 2402.09469
cs.LG 2402.09470
cs.LG 2402.09471
cs.LG 2402.09473
cs.LG 2402.09486
cs.LG 2402.09492
cs.LG 2402.09529
cs.LG 2402.09542
cs.LG 2402.09550
cs.LG 2402.09560
cs.LG 2402.09573
cs.LG 2402.09580
cs.LG 2402.09586
cs.LG 2402.09591
cs.LG 2402.09596
cs.LG 2402.09600
cs.LG 2402.09603
cs.LG 2402.09608
cs.LG 2402.09629
cs.LG 2402.09631
cs.LG 2402.09638
cs.LG 2402.09668
cs.LG 2402.09676
cs.LG 2402.09695
cs.LG 2402.09702
cs.LG 2402.09711
cs.LG 2402.09730
cs.LG 2402.09735
cs.LG 2402.09780
cs.LG 2402.09782
cs.LG 2402.09830
cs.LG 2402.09834
cs.LG 2402.09838
cs.LG 2402.09849
cs.LG 2402.09881
cs.LG 2402.09891
cs.LG 2402.09897
cs.LG 2402.09900
cs.LG 2402.09941
cs.LG 2402.09947
cs.LG 2402.09957
cs.LG 2402.09961
cs.LG 2402.09963
cs.LG 2402.09965
cs.LG 2402.09970
cs.LG 2402.09984
cs.LG 2402.09992
cs.LG 2402.10001
cs.LG 2402.10028
cs.LG 2402.10046
cs.LG 2402.10062
cs.LG 2402.10063
cs.LG 2402.10065
cs.LG 2402.10074
cs.LG 2402.10076
cs.LG 2402.10082
cs.LG 2402.10095
cs.LG 2402.10097
cs.LG 2402.10098
cs.LG 2402.10101
cs.LG 2402.10130
cs.LG 2402.10135
cs.LG 2402.10142
cs.LG 2402.10145
cs.LG 2402.10150
cs.LG 2402.10177
cs.LG 2402.10184
cs.LG 2402.10186
cs.LG 2402.10191
cs.LG 2402.10192
cs.LG 2402.10193
cs.LG 2402.10198
cs.LG 2402.10202
cs.LG 2402.10206
cs.LG 2402.10207
cs.LG 2402.10208
cs.LG 2402.10210
cs.LG 2402.10211
cs.CL 2402.05939
cs.CL 2402.05948
cs.CL 2402.05952
cs.CL 2402.05964
cs.CL 2402.06025
cs.CL 2402.06044
cs.CL 2402.06049
cs.CL 2402.06147
cs.CL 2402.06255
cs.CL 2402.06334
cs.CL 2402.06360
cs.CL 2402.06457
cs.CL 2402.06501
cs.CL 2402.06512
cs.CL 2402.06529
cs.CL 2402.06559
cs.CL 2402.06563
cs.CL 2402.06627
cs.CL 2402.06015
cs.CL 2402.06041
cs.CL 2402.06073
cs.CL 2402.06094
cs.CL 2402.06120
cs.CL 2402.06125
cs.CL 2402.06126
cs.CL 2402.06155
cs.CL 2402.06196
cs.CL 2402.06204
cs.CL 2402.06220
cs.CL 2402.06221
cs.CL 2402.06262
cs.CL 2402.06332
cs.CL 2402.06341
cs.CL 2402.06342
cs.CL 2402.06420
cs.CL 2402.06443
cs.CL 2402.06492
cs.CL 2402.06509
cs.CL 2402.06544
cs.CL 2402.06549
cs.CL 2402.06584
cs.CL 2402.06592
cs.CL 2402.06608
cs.CL 2402.06617
cs.CL 2402.06619
cs.CL 2402.06625
cs.CL 2402.06634
cs.CL 2402.06655
cs.CL 2402.06665
cs.CL 2402.06690
cs.CL 2402.06782
cs.CL 2402.06852
cs.CL 2402.06918
cs.CL 2402.06954
cs.CL 2402.06992
cs.CL 2402.07069
cs.CL 2402.07085
cs.CL 2402.07148
cs.CL 2402.07204
cs.CL 2402.07270
cs.CL 2402.07283
cs.CL 2402.07309
cs.CL 2402.07319
cs.CL 2402.07368
cs.CL 2402.07383
cs.CL 2402.07397
cs.CL 2402.07483
cs.CL 2402.07540
cs.CL 2402.07721
cs.CL 2402.07729
cs.CL 2402.07744
cs.CL 2402.07770
cs.CL 2402.07844
cs.CL 2402.07862
cs.CL 2402.07865
cs.CL 2402.07871
cs.CL 2402.07872
cs.CL 2402.07876
cs.CL 2402.06733
cs.CL 2402.06738
cs.CL 2402.06766
cs.CL 2402.06853
cs.CL 2402.06894
cs.CL 2402.06900
cs.CL 2402.06907
cs.CL 2402.06913
cs.CL 2402.06925
cs.CL 2402.06930
cs.CL 2402.06948
cs.CL 2402.06959
cs.CL 2402.06964
cs.CL 2402.06967
cs.CL 2402.06973
cs.CL 2402.07023
cs.CL 2402.07028
cs.CL 2402.07081
cs.CL 2402.07092
cs.CL 2402.07157
cs.CL 2402.07179
cs.CL 2402.07214
cs.CL 2402.07233
cs.CL 2402.07255
cs.CL 2402.07262
cs.CL 2402.07271
cs.CL 2402.07282
cs.CL 2402.07386
cs.CL 2402.07401
cs.CL 2402.07405
cs.CL 2402.07431
cs.CL 2402.07432
cs.CL 2402.07446
cs.CL 2402.07448
cs.CL 2402.07470
cs.CL 2402.07513
cs.CL 2402.07519
cs.CL 2402.07543
cs.CL 2402.07577
cs.CL 2402.07610
cs.CL 2402.07616
cs.CL 2402.07625
cs.CL 2402.07645
cs.CL 2402.07658
cs.CL 2402.07681
cs.CL 2402.07682
cs.CL 2402.07689
cs.CL 2402.07726
cs.CL 2402.07742
cs.CL 2402.07754
cs.CL 2402.07767
cs.CL 2402.07776
cs.CL 2402.07788
cs.CL 2402.07812
cs.CL 2402.07817
cs.CL 2402.07827
cs.CL 2402.07841
cs.CL 2402.07859
cs.CL 2402.07891
cs.CL 2402.07896
cs.CL 2402.07899
cs.CL 2402.07907
cs.CL 2402.07909
cs.CL 2402.07927
cs.CL 2402.07932
cs.CL 2402.07938
cs.CL 2402.07939
cs.CL 2402.07946
cs.CL 2402.07950
cs.CL 2402.08017
cs.CL 2402.08064
cs.CL 2402.08086
cs.CL 2402.08093
cs.CL 2402.08114
cs.CL 2402.08309
cs.CL 2402.08349
cs.CL 2402.08526
cs.CL 2402.08644
cs.CL 2402.08679
cs.CL 2402.08680
cs.CL 2402.07913
cs.CL 2402.08005
cs.CL 2402.08015
cs.CL 2402.08021
cs.CL 2402.08078
cs.CL 2402.08100
cs.CL 2402.08113
cs.CL 2402.08155
cs.CL 2402.08183
cs.CL 2402.08219
cs.CL 2402.08227
cs.CL 2402.08259
cs.CL 2402.08277
cs.CL 2402.08303
cs.CL 2402.08318
cs.CL 2402.08327
cs.CL 2402.08341
cs.CL 2402.08382
cs.CL 2402.08392
cs.CL 2402.08403
cs.CL 2402.08467
cs.CL 2402.08479
cs.CL 2402.08496
cs.CL 2402.08498
cs.CL 2402.08562
cs.CL 2402.08567
cs.CL 2402.08577
cs.CL 2402.08581
cs.CL 2402.08594
cs.CL 2402.08631
cs.CL 2402.08638
cs.CL 2402.08666
cs.CL 2402.08777
cs.CL 2402.08787
cs.CL 2402.08830
cs.CL 2402.08898
cs.CL 2402.08939
cs.CL 2402.08955
cs.CL 2402.08957
cs.CL 2402.08966
cs.CL 2402.09126
cs.CL 2402.09177
cs.CL 2402.09221
cs.CL 2402.09371
cs.CL 2402.09390
cs.CL 2402.09391
cs.CL 2402.09401
cs.CL 2402.08702
cs.CL 2402.08756
cs.CL 2402.08761
cs.CL 2402.08764
cs.CL 2402.08785
cs.CL 2402.08788
cs.CL 2402.08831
cs.CL 2402.08837
cs.CL 2402.08846
cs.CL 2402.08874
cs.CL 2402.08925
cs.CL 2402.08971
cs.CL 2402.09008
cs.CL 2402.09015
cs.CL 2402.09025
cs.CL 2402.09136
cs.CL 2402.09141
cs.CL 2402.09151
cs.CL 2402.09193
cs.CL 2402.09199
cs.CL 2402.09205
cs.CL 2402.09216
cs.CL 2402.09259
cs.CL 2402.09267
cs.CL 2402.09269
cs.CL 2402.09282
cs.CL 2402.09283
cs.CL 2402.09320
cs.CL 2402.09344
cs.CL 2402.09353
cs.CL 2402.09363
cs.CL 2402.09369
cs.CL 2402.09394
cs.CL 2402.09404
cs.CL 2402.09573
cs.CL 2402.09588
cs.CL 2402.09631
cs.CL 2402.09654
cs.CL 2402.09664
cs.CL 2402.09668
cs.CL 2402.09894
cs.CL 2402.09939
cs.CL 2402.09989
cs.CL 2402.10051
cs.CL 2402.10104
cs.CL 2402.10109
cs.CL 2402.10184
cs.CL 2402.10193
cs.CL 2402.10207
cs.CL 2402.10208
cs.CL 2402.10210
cs.CL 2402.09552
cs.CL 2402.09609
cs.CL 2402.09611
cs.CL 2402.09614
cs.CL 2402.09615
cs.CL 2402.09642
cs.CL 2402.09666
cs.CL 2402.09674
cs.CL 2402.09696
cs.CL 2402.09725
cs.CL 2402.09727
cs.CL 2402.09733
cs.CL 2402.09738
cs.CL 2402.09739
cs.CL 2402.09742
cs.CL 2402.09748
cs.CL 2402.09759
cs.CL 2402.09760
cs.CL 2402.09773
cs.CL 2402.09801
cs.CL 2402.09808
cs.CL 2402.09841
cs.CL 2402.09874
cs.CL 2402.09906
cs.CL 2402.09910
cs.CL 2402.09911
cs.CL 2402.09916
cs.CL 2402.09923
cs.CL 2402.09934
cs.CL 2402.09949
cs.CL 2402.09954
cs.CL 2402.09967
cs.CL 2402.09977
cs.CL 2402.10013
cs.CL 2402.10024
cs.CL 2402.10038
cs.CL 2402.10052
cs.CL 2402.10058
cs.CL 2402.10073
cs.CL 2402.10107
cs.CL 2402.10110
cs.CL 2402.10137
cs.CL 2402.10151
cs.CL 2402.10153
cs.CL 2402.10171
cs.CL 2402.10175
cs.CL 2402.10176
cs.CL 2402.10178
cs.CL 2402.10189
cs.CL 2402.10196
cs.CL 2402.10200
cs.NI 2402.05943
cs.NI 2402.06036
cs.NI 2402.06047
cs.NI 2402.06161
cs.NI 2402.06250
cs.NI 2402.06516
cs.NI 2402.06099
cs.NI 2402.06281
cs.NI 2402.06290
cs.NI 2402.06482
cs.NI 2402.06511
cs.NI 2402.07054
cs.NI 2402.07529
cs.NI 2402.06787
cs.NI 2402.06901
cs.NI 2402.06931
cs.NI 2402.06942
cs.NI 2402.07071
cs.NI 2402.07090
cs.NI 2402.07208
cs.NI 2402.07261
cs.NI 2402.07385
cs.NI 2402.07528
cs.NI 2402.07600
cs.NI 2402.07674
cs.NI 2402.08022
cs.NI 2402.08238
cs.NI 2402.08399
cs.NI 2402.08063
cs.NI 2402.08286
cs.NI 2402.08443
cs.NI 2402.08649
cs.NI 2402.08956
cs.NI 2402.08986
cs.NI 2402.09158
cs.NI 2402.09191
cs.NI 2402.08825
cs.NI 2402.08988
cs.NI 2402.09042
cs.NI 2402.09115
cs.NI 2402.09432
cs.NI 2402.09619
cs.NI 2402.09621
cs.NI 2402.09682
cs.NI 2402.09720
cs.NI 2402.10021
cs.NI 2402.10072
cs.NI 2402.10092
cs.NI 2402.09527
cs.NI 2402.09589
cs.NI 2402.09756
cs.NI 2402.09805
cs.NI 2402.09993
cs.NI 2402.10085
cs.NI 2402.10087
cs.RO 2402.05963
cs.RO 2402.06092
cs.RO 2402.06176
cs.RO 2402.06187
cs.RO 2402.06559
cs.RO 2402.06562
cs.RO 2402.06570
cs.RO 2402.06014
cs.RO 2402.06018
cs.RO 2402.06036
cs.RO 2402.06046
cs.RO 2402.06047
cs.RO 2402.06055
cs.RO 2402.06067
cs.RO 2402.06078
cs.RO 2402.06102
cs.RO 2402.06116
cs.RO 2402.06131
cs.RO 2402.06143
cs.RO 2402.06174
cs.RO 2402.06201
cs.RO 2402.06203
cs.RO 2402.06263
cs.RO 2402.06297
cs.RO 2402.06325
cs.RO 2402.06470
cs.RO 2309.15394
cs.RO 2402.06665
cs.RO 2402.06826
cs.RO 2402.06951
cs.RO 2402.06985
cs.RO 2402.07375
cs.RO 2402.07415
cs.RO 2402.07680
cs.RO 2402.07739
cs.RO 2402.07752
cs.RO 2402.07895
cs.RO 2402.06783
cs.RO 2402.06790
cs.RO 2402.06798
cs.RO 2402.06838
cs.RO 2402.06906
cs.RO 2402.06976
cs.RO 2402.07021
cs.RO 2402.07024
cs.RO 2402.07034
cs.RO 2402.07037
cs.RO 2402.07038
cs.RO 2402.07041
cs.RO 2402.07065
cs.RO 2402.07095
cs.RO 2402.07098
cs.RO 2402.07127
cs.RO 2402.07218
cs.RO 2402.07284
cs.RO 2402.07537
cs.RO 2402.07556
cs.RO 2402.07602
cs.RO 2402.07648
cs.RO 2402.07691
cs.RO 2402.07872
cs.RO 2402.08242
cs.RO 2402.08006
cs.RO 2402.08019
cs.RO 2402.08020
cs.RO 2402.08125
cs.RO 2402.08191
cs.RO 2402.08205
cs.RO 2402.08212
cs.RO 2402.08221
cs.RO 2402.08245
cs.RO 2402.08381
cs.RO 2402.08424
cs.RO 2402.08546
cs.RO 2402.08566
cs.RO 2402.08570
cs.RO 2402.08662
cs.RO 2402.08698
cs.RO 2402.08702
cs.RO 2402.08774
cs.RO 2402.08925
cs.RO 2402.09325
cs.RO 2402.08841
cs.RO 2402.08857
cs.RO 2402.08867
cs.RO 2402.08897
cs.RO 2402.08902
cs.RO 2402.08996
cs.RO 2402.09030
cs.RO 2402.09077
cs.RO 2402.09097
cs.RO 2402.09189
cs.RO 2402.09231
cs.RO 2402.09233
cs.RO 2402.09246
cs.RO 2402.09355
cs.RO 2402.09382
cs.RO 2402.09445
cs.RO 2402.09550
cs.RO 2402.09662
cs.RO 2402.09796
cs.RO 2402.10079
cs.RO 2402.10211
cs.RO 2402.09546
cs.RO 2402.09564
cs.RO 2402.09679
cs.RO 2402.09685
cs.RO 2402.09722
cs.RO 2402.09833
cs.RO 2402.09886
cs.RO 2402.10014
cs.RO 2402.10077
cs.RO 2402.10086
cs.RO 2402.10088
cs.RO 2402.10161
stat.TH 2402.06031
stat.TH 2402.06062
stat.TH 2402.06066
stat.TH 2402.06090
stat.TH 2402.06373
stat.TH 2402.06382
stat.TH 2402.06112
stat.TH 2402.06358
stat.TH 2402.06396
stat.TH 2402.06431
stat.TH 2402.06571
stat.TH 2402.06915
stat.TH 2402.07084
stat.TH 2402.07340
stat.TH 2402.07445
stat.TH 2402.07514
stat.TH 2402.07802
stat.TH 2402.07821
stat.TH 2402.06920
stat.TH 2402.07240
stat.TH 2402.07296
stat.TH 2402.07322
stat.TH 2402.07355
stat.TH 2402.07388
stat.TH 2402.07406
stat.TH 2402.07613
stat.TH 2402.07717
stat.TH 2402.07747
stat.TH 2402.08151
stat.TH 2402.08269
stat.TH 2402.08328
stat.TH 2402.08412
stat.TH 2402.08012
stat.TH 2402.08110
stat.TH 2402.08181
stat.TH 2402.08285
stat.TH 2402.08288
stat.TH 2402.08353
stat.TH 2402.08388
stat.TH 2402.08422
stat.TH 2402.08543
stat.TH 2402.08569
stat.TH 2402.08602
stat.TH 2402.08663
stat.TH 2402.08794
stat.TH 2402.09236
stat.TH 2402.08792
stat.TH 2402.08959
stat.TH 2402.09098
stat.TH 2402.09112
stat.TH 2402.09174
stat.TH 2402.09374
stat.TH 2402.09397
stat.TH 2402.05041
stat.TH 2402.09598
stat.TH 2402.09619
stat.TH 2402.09626
stat.TH 2402.09698
stat.TH 2402.09754
stat.TH 2402.09758
stat.TH 2402.09837
stat.TH 2402.09858
stat.TH 2402.10065
stat.TH 2402.10127
stat.TH 2402.09429
stat.TH 2402.09693
stat.TH 2402.09772
stat.TH 2402.10032
stat.TH 2402.10089
stat.TH 2402.10126
eess.IV 2402.06063
eess.IV 2402.06212
eess.IV 2402.06329
eess.IV 2402.06550
eess.IV 2402.06611
eess.IV 2402.05974
eess.IV 2402.05975
eess.IV 2402.05983
eess.IV 2402.06050
eess.IV 2402.06463
eess.IV 2402.06661
eess.IV 2402.06984
eess.IV 2402.07118
eess.IV 2402.07243
eess.IV 2402.07371
eess.IV 2402.07403
eess.IV 2402.07637
eess.IV 2402.07676
eess.IV 2402.07900
eess.IV 2402.06692
eess.IV 2402.06825
eess.IV 2402.06841
eess.IV 2402.06875
eess.IV 2402.07008
eess.IV 2402.07057
eess.IV 2402.07192
eess.IV 2402.07220
eess.IV 2402.07245
eess.IV 2402.07298
eess.IV 2402.07354
eess.IV 2402.07595
eess.IV 2402.07597
eess.IV 2402.07746
eess.IV 2402.07796
eess.IV 2402.08088
eess.IV 2402.08098
eess.IV 2402.08159
eess.IV 2402.08235
eess.IV 2402.08276
eess.IV 2402.08550
eess.IV 2402.08592
eess.IV 2402.08743
eess.IV 2402.08750
eess.IV 2402.09277
eess.IV 2402.08692
eess.IV 2402.08697
eess.IV 2402.08768
eess.IV 2402.08811
eess.IV 2402.08862
eess.IV 2402.08934
eess.IV 2402.08987
eess.IV 2402.09001
eess.IV 2402.09101
eess.IV 2402.09137
eess.IV 2402.09156
eess.IV 2402.09181
eess.IV 2402.09341
eess.IV 2402.09359
eess.IV 2402.09372
eess.IV 2402.09466
eess.IV 2402.09476
eess.IV 2402.09561
eess.IV 2402.09655
eess.IV 2402.09792
eess.IV 2402.10010
eess.IV 2402.10066
eess.IV 2402.09463
eess.IV 2402.09567
eess.IV 2402.09636
eess.IV 2402.09658
eess.IV 2402.09709
eess.IV 2402.09747
eess.IV 2402.09926
eess.IV 2402.09975
eess.IV 2402.10026
eess.IV 2402.10055
math.DS 2402.05368
math.DS 2402.06005
math.DS 2402.06083
math.DS 2402.06101
math.DS 2402.06176
math.DS 2402.06230
math.DS 2402.06435
math.DS 2402.06477
math.DS 2402.06502
math.DS 2402.06551
math.DS 2402.06671
math.DS 2402.06771
math.DS 2402.06779
math.DS 2402.06903
math.DS 2402.07003
math.DS 2402.07050
math.DS 2402.07463
math.DS 2402.07465
math.DS 2402.07594
math.DS 2402.07701
math.DS 2402.07724
math.DS 2402.07001
math.DS 2402.07015
math.DS 2402.07137
math.DS 2402.07210
math.DS 2402.07227
math.DS 2402.07532
math.DS 2402.07612
math.DS 2402.07628
math.DS 2402.07636
math.DS 2402.07727
math.DS 2402.07734
math.DS 2402.07779
math.DS 2402.08077
math.DS 2402.08385
math.DS 2402.08412
math.DS 2402.08425
math.DS 2402.08612
math.DS 2402.08197
math.DS 2402.08482
math.DS 2402.08618
math.DS 2402.08620
math.DS 2402.08700
math.DS 2402.08870
math.DS 2402.09218
math.DS 2402.09234
math.DS 2402.09294
math.DS 2402.09339
math.DS 2402.08836
math.DS 2402.08970
math.DS 2402.09276
math.DS 2402.09616
math.DS 2402.09703
math.DS 2402.09576
math.DS 2402.09590
math.DS 2402.09824
math.DS 2402.10034
math.DS 2402.10112
math.DS 2402.10194
math.DS 2402.10199
cs.SY 2402.05963
cs.SY 2402.06014
cs.SY 2402.06036
cs.SY 2402.06055
cs.SY 2402.06108
cs.SY 2402.06168
cs.SY 2402.06180
cs.SY 2402.06201
cs.SY 2402.06203
cs.SY 2402.06425
cs.SY 2402.06588
cs.SY 2402.06011
cs.SY 2402.06012
cs.SY 2402.06048
cs.SY 2402.06176
cs.SY 2402.06195
cs.SY 2402.06206
cs.SY 2402.06226
cs.SY 2402.06291
cs.SY 2402.06562
cs.SY 2402.06589
cs.SY 2402.06695
cs.SY 2402.06778
cs.SY 2402.06846
cs.SY 2402.07208
cs.SY 2402.07463
cs.SY 2402.07875
cs.SY 2402.06829
cs.SY 2402.06896
cs.SY 2402.06903
cs.SY 2402.06981
cs.SY 2402.07032
cs.SY 2402.07144
cs.SY 2402.07302
cs.SY 2402.07375
cs.SY 2402.07379
cs.SY 2402.07407
cs.SY 2402.07563
cs.SY 2402.07621
cs.SY 2402.07777
cs.SY 2402.07884
cs.SY 2402.08502
cs.SY 2402.08617
cs.SY 2402.08027
cs.SY 2402.08192
cs.SY 2402.08246
cs.SY 2402.08289
cs.SY 2402.08343
cs.SY 2402.08747
cs.SY 2402.08813
cs.SY 2402.08902
cs.SY 2402.08952
cs.SY 2402.09097
cs.SY 2402.09191
cs.SY 2402.09217
cs.SY 2402.09233
cs.SY 2402.09246
cs.SY 2402.08739
cs.SY 2402.08817
cs.SY 2402.08819
cs.SY 2402.08878
cs.SY 2402.08979
cs.SY 2402.09009
cs.SY 2402.09075
cs.SY 2402.09134
cs.SY 2402.09263
cs.SY 2402.09294
cs.SY 2402.09426
cs.SY 2402.09433
cs.SY 2402.09452
cs.SY 2402.09575
cs.SY 2402.09679
cs.SY 2402.09729
cs.SY 2402.09735
cs.SY 2402.09752
cs.SY 2402.09992
cs.SY 2402.10124
cs.SY 2402.10157
cs.SY 2402.09488
cs.SY 2402.09493
cs.SY 2402.09675
cs.SY 2402.09743
cs.SY 2402.09870
cs.SY 2402.09912
cs.SY 2402.10036
cs.SY 2402.10119
cs.SY 2402.10182
eess.AS 2402.06073
eess.AS 2402.06178
eess.AS 2402.06304
eess.AS 2402.06411
eess.AS 2402.06586
eess.AS 2402.06592
eess.AS 2402.06246
eess.AS 2402.06387
eess.AS 2402.06777
eess.AS 2402.06810
eess.AS 2402.06894
eess.AS 2402.06896
eess.AS 2402.06959
eess.AS 2402.06984
eess.AS 2402.06986
eess.AS 2402.07085
eess.AS 2402.07326
eess.AS 2402.07485
eess.AS 2402.07596
eess.AS 2402.07619
eess.AS 2402.07658
eess.AS 2402.07673
eess.AS 2402.06683
eess.AS 2402.06888
eess.AS 2402.06923
eess.AS 2402.07383
eess.AS 2402.07599
eess.AS 2402.07729
eess.AS 2402.08093
eess.AS 2402.08217
eess.AS 2402.08521
eess.AS 2402.08252
eess.AS 2402.08312
eess.AS 2402.08788
eess.AS 2402.08846
eess.AS 2402.09318
eess.AS 2402.08789
eess.AS 2402.08898
eess.AS 2402.08904
eess.AS 2402.08932
eess.AS 2402.09245
eess.AS 2402.09313
eess.AS 2402.09378
eess.AS 2402.09449
eess.AS 2402.09585
eess.AS 2402.09797
eess.AS 2402.09871
eess.AS 2402.10005
eess.AS 2402.10009
eess.AS 2402.10100
eess.AS 2402.10168
eess.AS 2402.09821
eess.SP 2402.05958
eess.SP 2402.05960
eess.SP 2402.05965
eess.SP 2402.05967
eess.SP 2402.05973
eess.SP 2402.06019
eess.SP 2402.06154
eess.SP 2402.06161
eess.SP 2402.06245
eess.SP 2402.06290
eess.SP 2402.06306
eess.SP 2402.06368
eess.SP 2402.06411
eess.SP 2402.06504
eess.SP 2402.06530
eess.SP 2402.06586
eess.SP 2402.06134
eess.SP 2402.06250
eess.SP 2402.06337
eess.SP 2402.06395
eess.SP 2402.06520
eess.SP 2402.06630
eess.SP 2402.06881
eess.SP 2402.06896
eess.SP 2402.06923
eess.SP 2402.07090
eess.SP 2402.07118
eess.SP 2402.07385
eess.SP 2402.07563
eess.SP 2402.06879
eess.SP 2402.07055
eess.SP 2402.07259
eess.SP 2402.07333
eess.SP 2402.07467
eess.SP 2402.07573
eess.SP 2402.07583
eess.SP 2402.07637
eess.SP 2402.07644
eess.SP 2402.07751
eess.SP 2209.10712
eess.SP 2402.07937
eess.SP 2402.07954
eess.SP 2402.07997
eess.SP 2402.08022
eess.SP 2402.08175
eess.SP 2402.08192
eess.SP 2402.08224
eess.SP 2402.08230
eess.SP 2402.08231
eess.SP 2402.08238
eess.SP 2402.08289
eess.SP 2402.08002
eess.SP 2402.08099
eess.SP 2402.08351
eess.SP 2402.08399
eess.SP 2402.08445
eess.SP 2402.08521
eess.SP 2402.08771
eess.SP 2402.09109
eess.SP 2402.09245
eess.SP 2402.09313
eess.SP 2402.09386
eess.SP 2402.08916
eess.SP 2402.09006
eess.SP 2402.09007
eess.SP 2402.09048
eess.SP 2402.09057
eess.SP 2402.09120
eess.SP 2402.09155
eess.SP 2402.09170
eess.SP 2402.09244
eess.SP 2402.09253
eess.SP 2402.09551
eess.SP 2402.09580
eess.SP 2402.09637
eess.SP 2402.09743
eess.SP 2402.09756
eess.SP 2402.09761
eess.SP 2402.09896
eess.SP 2402.09907
eess.SP 2402.09974
eess.SP 2402.10032
eess.SP 2402.10078
eess.SP 2402.10087
eess.SP 2402.10115
eess.SP 2402.09414
eess.SP 2402.09415
eess.SP 2402.09417
eess.SP 2402.09419
eess.SP 2402.09420
eess.SP 2402.09421
eess.SP 2402.09422
eess.SP 2402.09423
eess.SP 2402.09424
eess.SP 2402.09425
eess.SP 2402.09426
eess.SP 2402.09427
eess.SP 2402.09430
eess.SP 2402.09433
eess.SP 2402.09434
eess.SP 2402.09438
eess.SP 2402.09439
eess.SP 2402.09440
eess.SP 2402.09441
eess.SP 2402.09442
eess.SP 2402.09443
eess.SP 2402.09444
eess.SP 2402.09445
eess.SP 2402.09447
eess.SP 2402.09448
eess.SP 2402.09449
eess.SP 2402.09450
eess.SP 2402.09451
eess.SP 2402.09452
eess.SP 2402.09453
eess.SP 2402.09457
eess.SP 2402.09459
eess.SP 2402.09460
eess.SP 2402.09461
eess.SP 2402.09462
eess.SP 2402.09464
eess.SP 2402.09465
eess.SP 2402.09466
eess.SP 2402.09474
eess.SP 2402.09534
eess.SP 2402.09619
eess.SP 2402.09655
eess.SP 2402.09682
eess.SP 2402.09810
eess.SP 2402.09867
eess.SP 2402.09948
eess.SP 2402.09964
eess.SP 2402.09976
eess.SP 2402.09991
eess.SP 2402.10071
math.PR 2402.06112
math.PR 2402.06447
math.PR 2402.06042
math.PR 2402.06146
math.PR 2402.06328
math.PR 2402.06394
math.PR 2402.06670
math.PR 2402.07340
math.PR 2402.07413
math.PR 2402.07478
math.PR 2402.07660
math.PR 2402.07698
math.PR 2402.07706
math.PR 2402.07717
math.PR 2402.07809
math.PR 2402.06744
math.PR 2402.06769
math.PR 2402.06856
math.PR 2402.06868
math.PR 2402.06874
math.PR 2402.07058
math.PR 2402.07074
math.PR 2402.07111
math.PR 2402.07212
math.PR 2402.07484
math.PR 2402.07493
math.PR 2402.07503
math.PR 2402.07509
math.PR 2402.07535
math.PR 2402.07544
math.PR 2402.07695
math.PR 2402.07807
math.PR 2402.07825
math.PR 2402.07941
math.PR 2402.08012
math.PR 2402.08024
math.PR 2402.08106
math.PR 2402.08232
math.PR 2402.08260
math.PR 2402.08288
math.PR 2402.08353
math.PR 2402.08663
math.PR 2402.08033
math.PR 2402.08036
math.PR 2402.08206
math.PR 2402.08271
math.PR 2402.08461
math.PR 2402.08476
math.PR 2402.08513
math.PR 2402.08548
math.PR 2402.08584
math.PR 2402.08588
math.PR 2402.08628
math.PR 2402.08711
math.PR 2402.08726
math.PR 2402.08798
math.PR 2402.09335
math.PR 2402.08773
math.PR 2402.08927
math.PR 2402.08953
math.PR 2402.09003
math.PR 2402.09040
math.PR 2402.09041
math.PR 2402.09127
math.PR 2402.09202
math.PR 2402.09590
math.PR 2402.09591
math.PR 2402.09698
math.PR 2402.09853
math.PR 2402.10046
math.PR 2402.10054
math.PR 2402.10127
math.PR 2402.10157
math.PR 2402.09436
math.PR 2402.09624
math.OC 2402.05955
math.PR 2402.09892
math.OC 2402.06019
math.PR 2402.10116
math.OC 2402.06176
math.PR 2402.10197
math.OC 2402.06263
math.OC 2402.06298
math.OC 2402.06333
math.OC 2402.06335
math.OC 2402.06345
math.OC 2402.06383
math.OC 2402.06545
math.OC 2402.06562
math.OC 2402.06564
math.OC 2402.06033
math.OC 2402.06040
math.OC 2402.06061
math.OC 2402.06100
math.OC 2402.06139
math.OC 2402.06180
math.OC 2402.06181
math.OC 2402.06222
math.OC 2402.06224
math.OC 2402.06227
math.OC 2402.06269
math.OC 2402.06271
math.OC 2402.06301
math.OC 2402.06307
math.OC 2402.06336
math.OC 2402.06376
math.OC 2402.06412
math.OC 2402.06447
math.OC 2402.06483
math.OC 2402.06507
math.OC 2402.06535
math.OC 2402.06601
math.OC 2402.06697
math.OC 2402.06756
math.OC 2402.06844
math.OC 2402.06886
math.OC 2402.06968
math.OC 2402.06999
math.OC 2402.07062
math.OC 2402.07099
math.OC 2402.07108
math.OC 2402.07114
math.OC 2402.07193
math.OC 2402.07251
math.OC 2402.07407
math.OC 2402.07683
math.OC 2402.06709
math.OC 2402.06710
math.OC 2402.06713
math.OC 2402.06778
math.OC 2402.06873
math.OC 2402.07017
math.OC 2402.07063
math.OC 2402.07064
math.OC 2402.07070
math.OC 2402.07101
math.OC 2402.07106
math.OC 2402.07117
math.OC 2402.07206
math.OC 2402.07318
math.OC 2402.07365
math.OC 2402.07428
math.OC 2402.07525
math.OC 2402.07560
math.OC 2402.07593
math.OC 2402.07614
math.OC 2402.07662
math.OC 2402.07698
math.OC 2402.07763
math.OC 2402.07765
math.OC 2402.07793
math.OC 2402.07930
math.OC 2402.08090
math.OC 2402.08134
math.OC 2402.08269
math.OC 2402.08533
math.OC 2402.08621
math.OC 2402.08661
math.OC 2402.08097
math.OC 2402.08106
math.OC 2402.08142
math.OC 2402.08148
math.OC 2402.08186
math.OC 2402.08260
math.OC 2402.08272
math.OC 2402.08306
math.OC 2402.08438
math.OC 2402.08536
math.OC 2402.08629
math.OC 2402.08683
math.OC 2402.08686
math.OC 2402.08799
math.OC 2402.08818
math.OC 2402.08990
math.OC 2402.09009
math.OC 2402.09226
math.OC 2402.09233
math.OC 2402.09246
math.OC 2402.09401
math.OC 2402.08762
math.OC 2402.08779
math.OC 2402.08804
math.OC 2402.08813
math.OC 2402.08821
math.OC 2402.08827
math.OC 2402.08842
math.OC 2402.08870
math.OC 2402.08992
math.OC 2402.09014
math.OC 2402.09081
math.OC 2402.09194
math.OC 2402.09306
math.OC 2402.09317
math.OC 2312.01622
math.OC 2402.09297
math.OC 2402.09414
math.OC 2402.09418
math.OC 2402.09994
math.OC 2402.10036
math.OC 2402.10119
math.OC 2402.09575
math.OC 2402.09692
math.OC 2402.09714
math.OC 2402.09807
math.OC 2402.09831
math.OC 2402.09907
math.OC 2402.09983
math.OC 2402.10033
math.OC 2402.10124
math.OC 2402.10157
