cs.DB 2405.15008
cs.DB 2405.15064
cs.DB 2405.15375
cs.DB 2405.15193
cs.DB 2405.16159
cs.DB 2405.16755
cs.DB 2405.16884
cs.DB 2405.17263
cs.DB 2405.16033
cs.DB 2405.16345
cs.DB 2405.17138
cs.DB 2405.18168
cs.DB 2405.17434
cs.DB 2405.17701
cs.DB 2405.17723
cs.DB 2405.17731
cs.DB 2405.18181
cs.DB 2405.18334
cs.DB 2405.18393
cs.DB 2405.18549
cs.DB 2405.18613
cs.DB 2405.18670
cs.DB 2405.18680
cs.DB 2405.18450
cs.DB 2405.19504
cs.DB 2405.20051
cs.DB 2405.19784
cs.CE 2405.14925
cs.CE 2405.15627
cs.CE 2405.15732
cs.CE 2405.15398
cs.CE 2405.15461
cs.CE 2405.16141
cs.CE 2405.16183
cs.CE 2405.16688
cs.CE 2405.16864
cs.CE 2405.16875
cs.CE 2405.16956
cs.CE 2405.16392
cs.CE 2405.16866
cs.CE 2405.17018
cs.CE 2405.17528
cs.CE 2405.17631
cs.CE 2405.17637
cs.CE 2405.17743
cs.CE 2405.17757
cs.CE 2405.18430
cs.CE 2405.18434
cs.CE 2405.18977
cs.CE 2405.19143
cs.CE 2405.19706
cs.CE 2405.19491
cs.CE 2405.19578
cs.CE 2405.19628
cs.CE 2405.19982
cs.CE 2405.19991
cs.CG 2405.14633
cs.CG 2405.13877
cs.CG 2405.14493
cs.CG 2405.15034
cs.CG 2405.15080
cs.CG 2405.15197
cs.CG 2405.15724
cs.CG 2405.15811
cs.CG 2405.17257
cs.CG 2405.18401
cs.CG 2405.18134
cs.CG 2405.18337
cs.CG 2405.18680
cs.CG 2405.18820
cs.CG 2405.18569
cs.CG 2405.18833
cs.DM 2405.15046
cs.DM 2405.15416
cs.DM 2405.15543
cs.DM 2405.15724
cs.DM 2405.15663
cs.DM 2405.16586
cs.DM 2405.16618
cs.DM 2405.16693
cs.DM 2405.17172
cs.DM 2405.16149
cs.DM 2405.16938
cs.DM 2405.16968
cs.DM 2405.17120
cs.DM 2405.17812
cs.DM 2405.17819
cs.DM 2405.17847
cs.DM 2405.17952
cs.DM 2405.18032
cs.DM 2405.18998
cs.DM 2405.18506
cs.DM 2405.18615
cs.DM 2405.19147
cs.DM 2405.19191
cs.DM 2405.19493
cs.DM 2405.19603
cs.DM 2405.19805
cs.DM 2405.19622
cs.CV 2405.14875
cs.CV 2405.14878
cs.CV 2405.14900
cs.CV 2405.14934
cs.CV 2405.14979
cs.CV 2405.15018
cs.CV 2405.15056
cs.CV 2405.15083
cs.CV 2405.15098
cs.CV 2405.15127
cs.CV 2405.15161
cs.CV 2405.15205
cs.CV 2405.15228
cs.CV 2405.15240
cs.CV 2405.15241
cs.CV 2405.15275
cs.CV 2405.15304
cs.CV 2405.15324
cs.CV 2405.15341
cs.CV 2405.15398
cs.CV 2405.15413
cs.CV 2405.15425
cs.CV 2405.15442
cs.CV 2405.15476
cs.CV 2405.15500
cs.CV 2405.15517
cs.CV 2405.15613
cs.CV 2405.15664
cs.CV 2405.15677
cs.CV 2405.15766
cs.CV 2405.14874
cs.CV 2405.14876
cs.CV 2405.14877
cs.CV 2405.14879
cs.CV 2405.14880
cs.CV 2405.14881
cs.CV 2405.14882
cs.CV 2405.14883
cs.CV 2405.14959
cs.CV 2405.14961
cs.CV 2405.14974
cs.CV 2405.14977
cs.CV 2405.14986
cs.CV 2405.15020
cs.CV 2405.15033
cs.CV 2405.15118
cs.CV 2405.15125
cs.CV 2405.15137
cs.CV 2405.15151
cs.CV 2405.15155
cs.CV 2405.15157
cs.CV 2405.15160
cs.CV 2405.15169
cs.CV 2405.15170
cs.CV 2405.15173
cs.CV 2405.15176
cs.CV 2405.15188
cs.CV 2405.15196
cs.CV 2405.15199
cs.CV 2405.15203
cs.CV 2405.15209
cs.CV 2405.15214
cs.CV 2405.15217
cs.CV 2405.15222
cs.CV 2405.15223
cs.CV 2405.15225
cs.CV 2405.15232
cs.CV 2405.15234
cs.CV 2405.15239
cs.CV 2405.15243
cs.CV 2405.15253
cs.CV 2405.15264
cs.CV 2405.15265
cs.CV 2405.15267
cs.CV 2405.15269
cs.CV 2405.15274
cs.CV 2405.15278
cs.CV 2405.15279
cs.CV 2405.15286
cs.CV 2405.15287
cs.CV 2405.15289
cs.CV 2405.15299
cs.CV 2405.15305
cs.CV 2405.15311
cs.CV 2405.15313
cs.CV 2405.15321
cs.CV 2405.15330
cs.CV 2405.15343
cs.CV 2405.15356
cs.CV 2405.15364
cs.CV 2405.15365
cs.CV 2405.15385
cs.CV 2405.15394
cs.CV 2405.15395
cs.CV 2405.15405
cs.CV 2405.15428
cs.CV 2405.15434
cs.CV 2405.15438
cs.CV 2405.15439
cs.CV 2405.15451
cs.CV 2405.15463
cs.CV 2405.15465
cs.CV 2405.15468
cs.CV 2405.15475
cs.CV 2405.15477
cs.CV 2405.15491
cs.CV 2405.15518
cs.CV 2405.15524
cs.CV 2405.15541
cs.CV 2405.15549
cs.CV 2405.15550
cs.CV 2405.15563
cs.CV 2405.15567
cs.CV 2405.15574
cs.CV 2405.15580
cs.CV 2405.15587
cs.CV 2405.15596
cs.CV 2405.15619
cs.CV 2405.15622
cs.CV 2405.15633
cs.CV 2405.15636
cs.CV 2405.15638
cs.CV 2405.15658
cs.CV 2405.15660
cs.CV 2405.15661
cs.CV 2405.15668
cs.CV 2405.15683
cs.CV 2405.15684
cs.CV 2405.15687
cs.CV 2405.15688
cs.CV 2405.15700
cs.CV 2405.15719
cs.CV 2405.15728
cs.CV 2405.15734
cs.CV 2405.15738
cs.CV 2405.15755
cs.CV 2405.15757
cs.CV 2405.15758
cs.CV 2405.15763
cs.CV 2405.15769
cs.CV 2405.15778
cs.CV 2405.15779
cs.CV 2405.15925
cs.CV 2405.15971
cs.CV 2405.16036
cs.CV 2405.16102
cs.CV 2405.16112
cs.CV 2405.16114
cs.CV 2405.16235
cs.CV 2405.16248
cs.CV 2405.16277
cs.CV 2405.16343
cs.CV 2405.16406
cs.CV 2405.16418
cs.CV 2405.16460
cs.CV 2405.16464
cs.CV 2405.16475
cs.CV 2405.16516
cs.CV 2405.16559
cs.CV 2405.16640
cs.CV 2405.16692
cs.CV 2405.16749
cs.CV 2405.16751
cs.CV 2405.16850
cs.CV 2405.16888
cs.CV 2405.16932
cs.CV 2405.16942
cs.CV 2405.16994
cs.CV 2405.17029
cs.CV 2405.17116
cs.CV 2405.17141
cs.CV 2405.17167
cs.CV 2405.17181
cs.CV 2405.17257
cs.CV 2405.17260
cs.CV 2405.17261
cs.CV 2405.17267
cs.CV 2405.17278
cs.CV 2405.17401
cs.CV 2405.17416
cs.CV 2405.15780
cs.CV 2405.15813
cs.CV 2405.15817
cs.CV 2405.15826
cs.CV 2405.15827
cs.CV 2405.15843
cs.CV 2405.15860
cs.CV 2405.15881
cs.CV 2405.15886
cs.CV 2405.15891
cs.CV 2405.15914
cs.CV 2405.15916
cs.CV 2405.15932
cs.CV 2405.15939
cs.CV 2405.15953
cs.CV 2405.15961
cs.CV 2405.15962
cs.CV 2405.15965
cs.CV 2405.15973
cs.CV 2405.15976
cs.CV 2405.15989
cs.CV 2405.15995
cs.CV 2405.15996
cs.CV 2405.16005
cs.CV 2405.16008
cs.CV 2405.16009
cs.CV 2405.16016
cs.CV 2405.16034
cs.CV 2405.16038
cs.CV 2405.16071
cs.CV 2405.16082
cs.CV 2405.16085
cs.CV 2405.16091
cs.CV 2405.16093
cs.CV 2405.16094
cs.CV 2405.16096
cs.CV 2405.16098
cs.CV 2405.16099
cs.CV 2405.16105
cs.CV 2405.16108
cs.CV 2405.16116
cs.CV 2405.16134
cs.CV 2405.16144
cs.CV 2405.16146
cs.CV 2405.16152
cs.CV 2405.16181
cs.CV 2405.16197
cs.CV 2405.16200
cs.CV 2405.16204
cs.CV 2405.16213
cs.CV 2405.16214
cs.CV 2405.16220
cs.CV 2405.16226
cs.CV 2405.16234
cs.CV 2405.16260
cs.CV 2405.16263
cs.CV 2405.16273
cs.CV 2405.16296
cs.CV 2405.16301
cs.CV 2405.16328
cs.CV 2405.16330
cs.CV 2405.16341
cs.CV 2405.16382
cs.CV 2405.16393
cs.CV 2405.16401
cs.CV 2405.16414
cs.CV 2405.16417
cs.CV 2405.16419
cs.CV 2405.16426
cs.CV 2405.16437
cs.CV 2405.16443
cs.CV 2405.16451
cs.CV 2405.16470
cs.CV 2405.16473
cs.CV 2405.16478
cs.CV 2405.16479
cs.CV 2405.16486
cs.CV 2405.16488
cs.CV 2405.16493
cs.CV 2405.16496
cs.CV 2405.16501
cs.CV 2405.16517
cs.CV 2405.16534
cs.CV 2405.16537
cs.CV 2405.16538
cs.CV 2405.16544
cs.CV 2405.16555
cs.CV 2405.16570
cs.CV 2405.16573
cs.CV 2405.16580
cs.CV 2405.16591
cs.CV 2405.16596
cs.CV 2405.16597
cs.CV 2405.16600
cs.CV 2405.16605
cs.CV 2405.16610
cs.CV 2405.16625
cs.CV 2405.16628
cs.CV 2405.16645
cs.CV 2405.16683
cs.CV 2405.16700
cs.CV 2405.16701
cs.CV 2405.16728
cs.CV 2405.16738
cs.CV 2405.16740
cs.CV 2405.16748
cs.CV 2405.16759
cs.CV 2405.16761
cs.CV 2405.16766
cs.CV 2405.16785
cs.CV 2405.16788
cs.CV 2405.16790
cs.CV 2405.16796
cs.CV 2405.16803
cs.CV 2405.16807
cs.CV 2405.16813
cs.CV 2405.16815
cs.CV 2405.16817
cs.CV 2405.16822
cs.CV 2405.16823
cs.CV 2405.16829
cs.CV 2405.16847
cs.CV 2405.16848
cs.CV 2405.16849
cs.CV 2405.16858
cs.CV 2405.16860
cs.CV 2405.16868
cs.CV 2405.16873
cs.CV 2405.16874
cs.CV 2405.16886
cs.CV 2405.16890
cs.CV 2405.16895
cs.CV 2405.16909
cs.CV 2405.16915
cs.CV 2405.16919
cs.CV 2405.16923
cs.CV 2405.16925
cs.CV 2405.16930
cs.CV 2405.16934
cs.CV 2405.16940
cs.CV 2405.16947
cs.CV 2405.16953
cs.CV 2405.16959
cs.CV 2405.16960
cs.CV 2405.16973
cs.CV 2405.16980
cs.CV 2405.16996
cs.CV 2405.17002
cs.CV 2405.17004
cs.CV 2405.17013
cs.CV 2405.17016
cs.CV 2405.17022
cs.CV 2405.17030
cs.CV 2405.17037
cs.CV 2405.17069
cs.CV 2405.17074
cs.CV 2405.17082
cs.CV 2405.17083
cs.CV 2405.17097
cs.CV 2405.17102
cs.CV 2405.17104
cs.CV 2405.17110
cs.CV 2405.17136
cs.CV 2405.17137
cs.CV 2405.17139
cs.CV 2405.17140
cs.CV 2405.17146
cs.CV 2405.17149
cs.CV 2405.17158
cs.CV 2405.17187
cs.CV 2405.17188
cs.CV 2405.17191
cs.CV 2405.17201
cs.CV 2405.17240
cs.CV 2405.17241
cs.CV 2405.17251
cs.CV 2405.17262
cs.CV 2405.17306
cs.CV 2405.17315
cs.CV 2405.17323
cs.CV 2405.17351
cs.CV 2405.17368
cs.CV 2405.17369
cs.CV 2405.17393
cs.CV 2405.17397
cs.CV 2405.17398
cs.CV 2405.17405
cs.CV 2405.17414
cs.CV 2405.17418
cs.CV 2405.17419
cs.CV 2405.17421
cs.CV 2405.17422
cs.CV 2405.17423
cs.CV 2405.17424
cs.CV 2405.17426
cs.CV 2405.17427
cs.CV 2405.17429
cs.CV 2405.17430
cs.CV 2405.17445
cs.CV 2405.17446
cs.CV 2405.17459
cs.CV 2405.17460
cs.CV 2405.17461
cs.CV 2405.17472
cs.CV 2405.17484
cs.CV 2405.17506
cs.CV 2405.17517
cs.CV 2405.17518
cs.CV 2405.17520
cs.CV 2405.17533
cs.CV 2405.17537
cs.CV 2405.17659
cs.CV 2405.17663
cs.CV 2405.17706
cs.CV 2405.17756
cs.CV 2405.17769
cs.CV 2405.17811
cs.CV 2405.17927
cs.CV 2405.17969
cs.CV 2405.18045
cs.CV 2405.18064
cs.CV 2405.18167
cs.CV 2405.18193
cs.CV 2405.18196
cs.CV 2405.18213
cs.CV 2405.18236
cs.CV 2405.18267
cs.CV 2405.18327
cs.CV 2405.18334
cs.CV 2405.18356
cs.CV 2405.18358
cs.CV 2405.18376
cs.CV 2405.18407
cs.CV 2405.18410
cs.CV 2405.18418
cs.CV 2405.17444
cs.CV 2405.17447
cs.CV 2405.17449
cs.CV 2405.17450
cs.CV 2405.17455
cs.CV 2405.17456
cs.CV 2405.17457
cs.CV 2405.17475
cs.CV 2405.17523
cs.CV 2405.17531
cs.CV 2405.17532
cs.CV 2405.17568
cs.CV 2405.17596
cs.CV 2405.17609
cs.CV 2405.17613
cs.CV 2405.17660
cs.CV 2405.17661
cs.CV 2405.17673
cs.CV 2405.17677
cs.CV 2405.17678
cs.CV 2405.17680
cs.CV 2405.17686
cs.CV 2405.17698
cs.CV 2405.17704
cs.CV 2405.17705
cs.CV 2405.17718
cs.CV 2405.17719
cs.CV 2405.17720
cs.CV 2405.17725
cs.CV 2405.17729
cs.CV 2405.17730
cs.CV 2405.17765
cs.CV 2405.17773
cs.CV 2405.17774
cs.CV 2405.17788
cs.CV 2405.17790
cs.CV 2405.17793
cs.CV 2405.17814
cs.CV 2405.17815
cs.CV 2405.17816
cs.CV 2405.17817
cs.CV 2405.17818
cs.CV 2405.17820
cs.CV 2405.17821
cs.CV 2405.17824
cs.CV 2405.17825
cs.CV 2405.17835
cs.CV 2405.17842
cs.CV 2405.17855
cs.CV 2405.17859
cs.CV 2405.17871
cs.CV 2405.17872
cs.CV 2405.17873
cs.CV 2405.17877
cs.CV 2405.17886
cs.CV 2405.17891
cs.CV 2405.17894
cs.CV 2405.17901
cs.CV 2405.17903
cs.CV 2405.17905
cs.CV 2405.17913
cs.CV 2405.17916
cs.CV 2405.17926
cs.CV 2405.17928
cs.CV 2405.17929
cs.CV 2405.17933
cs.CV 2405.17942
cs.CV 2405.17958
cs.CV 2405.17965
cs.CV 2405.17991
cs.CV 2405.17995
cs.CV 2405.18003
cs.CV 2405.18004
cs.CV 2405.18012
cs.CV 2405.18018
cs.CV 2405.18021
cs.CV 2405.18025
cs.CV 2405.18029
cs.CV 2405.18033
cs.CV 2405.18042
cs.CV 2405.18065
cs.CV 2405.18071
cs.CV 2405.18078
cs.CV 2405.18087
cs.CV 2405.18119
cs.CV 2405.18124
cs.CV 2405.18131
cs.CV 2405.18132
cs.CV 2405.18148
cs.CV 2405.18156
cs.CV 2405.18172
cs.CV 2405.18224
cs.CV 2405.18240
cs.CV 2405.18247
cs.CV 2405.18258
cs.CV 2405.18295
cs.CV 2405.18299
cs.CV 2405.18302
cs.CV 2405.18304
cs.CV 2405.18320
cs.CV 2405.18322
cs.CV 2405.18326
cs.CV 2405.18330
cs.CV 2405.18361
cs.CV 2405.18368
cs.CV 2405.18383
cs.CV 2405.18387
cs.CV 2405.18405
cs.CV 2405.18406
cs.CV 2405.18415
cs.CV 2405.18416
cs.CV 2405.18424
cs.CV 2405.18425
cs.CV 2405.18426
cs.CV 2405.18428
cs.CV 2405.18435
cs.CV 2405.18449
cs.CV 2405.18498
cs.CV 2405.18533
cs.CV 2405.18614
cs.CV 2405.18726
cs.CV 2405.18756
cs.CV 2405.18782
cs.CV 2405.18786
cs.CV 2405.18931
cs.CV 2405.19035
cs.CV 2405.19079
cs.CV 2405.19081
cs.CV 2405.19085
cs.CV 2405.19088
cs.CV 2405.19097
cs.CV 2405.19098
cs.CV 2405.19112
cs.CV 2405.19204
cs.CV 2405.19224
cs.CV 2405.19234
cs.CV 2405.19334
cs.CV 2405.18437
cs.CV 2405.18438
cs.CV 2405.18483
cs.CV 2405.18487
cs.CV 2405.18511
cs.CV 2405.18523
cs.CV 2405.18524
cs.CV 2405.18525
cs.CV 2405.18527
cs.CV 2405.18541
cs.CV 2405.18560
cs.CV 2405.18570
cs.CV 2405.18606
cs.CV 2405.18616
cs.CV 2405.18654
cs.CV 2405.18672
cs.CV 2405.18677
cs.CV 2405.18679
cs.CV 2405.18684
cs.CV 2405.18700
cs.CV 2405.18706
cs.CV 2405.18715
cs.CV 2405.18716
cs.CV 2405.18721
cs.CV 2405.18734
cs.CV 2405.18737
cs.CV 2405.18745
cs.CV 2405.18750
cs.CV 2405.18751
cs.CV 2405.18762
cs.CV 2405.18769
cs.CV 2405.18770
cs.CV 2405.18774
cs.CV 2405.18784
cs.CV 2405.18790
cs.CV 2405.18800
cs.CV 2405.18801
cs.CV 2405.18808
cs.CV 2405.18810
cs.CV 2405.18812
cs.CV 2405.18816
cs.CV 2405.18831
cs.CV 2405.18839
cs.CV 2405.18840
cs.CV 2405.18842
cs.CV 2405.18849
cs.CV 2405.18852
cs.CV 2405.18853
cs.CV 2405.18857
cs.CV 2405.18861
cs.CV 2405.18863
cs.CV 2405.18872
cs.CV 2405.18880
cs.CV 2405.18882
cs.CV 2405.18897
cs.CV 2405.18900
cs.CV 2405.18911
cs.CV 2405.18924
cs.CV 2405.18937
cs.CV 2405.18945
cs.CV 2405.18955
cs.CV 2405.18959
cs.CV 2405.18991
cs.CV 2405.19005
cs.CV 2405.19009
cs.CV 2405.19055
cs.CV 2405.19074
cs.CV 2405.19076
cs.CV 2405.19092
cs.CV 2405.19100
cs.CV 2405.19111
cs.CV 2405.19117
cs.CV 2405.19124
cs.CV 2405.19149
cs.CV 2405.19173
cs.CV 2405.19179
cs.CV 2405.19186
cs.CV 2405.19194
cs.CV 2405.19201
cs.CV 2405.19203
cs.CV 2405.19209
cs.CV 2405.19226
cs.CV 2405.19237
cs.CV 2405.19283
cs.CV 2405.19295
cs.CV 2405.19296
cs.CV 2405.19298
cs.CV 2405.19305
cs.CV 2405.19315
cs.CV 2405.19321
cs.CV 2405.19326
cs.CV 2405.19331
cs.CV 2405.19333
cs.CV 2405.19335
cs.CV 2405.15306
cs.CV 2405.19338
cs.CV 2405.19349
cs.CV 2405.19461
cs.CV 2405.19492
cs.CV 2405.19516
cs.CV 2405.19538
cs.CV 2405.19547
cs.CV 2405.19567
cs.CV 2405.19687
cs.CV 2405.19703
cs.CV 2405.19725
cs.CV 2405.20031
cs.CV 2405.20180
cs.CV 2405.20204
cs.CV 2405.20247
cs.CV 2405.20271
cs.CV 2405.20291
cs.CV 2405.20321
cs.CV 2405.19387
cs.CV 2405.19413
cs.CV 2405.19423
cs.CV 2405.19424
cs.CV 2405.19429
cs.CV 2405.19442
cs.CV 2405.19450
cs.CV 2405.19458
cs.CV 2405.19465
cs.CV 2405.19501
cs.CV 2405.19525
cs.CV 2405.19568
cs.CV 2405.19569
cs.CV 2405.19572
cs.CV 2405.19586
cs.CV 2405.19595
cs.CV 2405.19609
cs.CV 2405.19620
cs.CV 2405.19629
cs.CV 2405.19638
cs.CV 2405.19644
cs.CV 2405.19646
cs.CV 2405.19652
cs.CV 2405.19657
cs.CV 2405.19659
cs.CV 2405.19668
cs.CV 2405.19669
cs.CV 2405.19671
cs.CV 2405.19672
cs.CV 2405.19675
cs.CV 2405.19678
cs.CV 2405.19682
cs.CV 2405.19684
cs.CV 2405.19688
cs.CV 2405.19689
cs.CV 2405.19695
cs.CV 2405.19707
cs.CV 2405.19708
cs.CV 2405.19712
cs.CV 2405.19716
cs.CV 2405.19718
cs.CV 2405.19722
cs.CV 2405.19723
cs.CV 2405.19726
cs.CV 2405.19727
cs.CV 2405.19732
cs.CV 2405.19735
cs.CV 2405.19743
cs.CV 2405.19745
cs.CV 2405.19746
cs.CV 2405.19751
cs.CV 2405.19754
cs.CV 2405.19765
cs.CV 2405.19769
cs.CV 2405.19773
cs.CV 2405.19775
cs.CV 2405.19783
cs.CV 2405.19794
cs.CV 2405.19817
cs.CV 2405.19818
cs.CV 2405.19819
cs.CV 2405.19822
cs.CV 2405.19833
cs.CV 2405.19854
cs.CV 2405.19861
cs.CV 2405.19876
cs.CV 2405.19882
cs.CV 2405.19899
cs.CV 2405.19914
cs.CV 2405.19917
cs.CV 2405.19921
cs.CV 2405.19931
cs.CV 2405.19943
cs.CV 2405.19949
cs.CV 2405.19957
cs.CV 2405.19990
cs.CV 2405.19996
cs.CV 2405.20008
cs.CV 2405.20025
cs.CV 2405.20030
cs.CV 2405.20044
cs.CV 2405.20058
cs.CV 2405.20062
cs.CV 2405.20067
cs.CV 2405.20072
cs.CV 2405.20081
cs.CV 2405.20084
cs.CV 2405.20090
cs.CV 2405.20091
cs.CV 2405.20093
cs.CV 2405.20109
cs.CV 2405.20112
cs.CV 2405.20117
cs.CV 2405.20126
cs.CV 2405.20136
cs.CV 2405.20141
cs.CV 2405.20152
cs.CV 2405.20155
cs.CV 2405.20161
cs.CV 2405.20188
cs.CV 2405.20216
cs.CV 2405.20222
cs.CV 2405.20224
cs.CV 2405.20230
cs.CV 2405.20259
cs.CV 2405.20279
cs.CV 2405.20282
cs.CV 2405.20283
cs.CV 2405.20299
cs.CV 2405.20305
cs.CV 2405.20310
cs.CV 2405.20319
cs.CV 2405.20320
cs.CV 2405.20323
cs.CV 2405.20324
cs.CV 2405.20325
cs.CV 2405.20327
cs.CV 2405.20330
cs.CV 2405.20333
cs.CV 2405.20334
cs.CV 2405.20336
cs.CV 2405.20337
cs.CV 2405.20339
cs.CV 2405.20340
cs.CV 2405.20343
cs.AI 2403.15405
cs.AI 2405.07284
cs.AI 2405.14875
cs.AI 2405.14876
cs.AI 2405.14879
cs.AI 2405.14880
cs.AI 2405.14899
cs.AI 2405.14903
cs.AI 2405.14905
cs.AI 2405.14906
cs.AI 2405.14908
cs.AI 2405.14909
cs.AI 2405.14925
cs.AI 2405.14953
cs.AI 2405.14957
cs.AI 2405.14959
cs.AI 2405.14974
cs.AI 2405.14982
cs.AI 2405.14995
cs.AI 2405.15007
cs.AI 2405.15018
cs.AI 2405.15019
cs.AI 2405.15020
cs.AI 2405.15033
cs.AI 2405.15047
cs.AI 2405.15052
cs.AI 2405.15054
cs.AI 2405.15064
cs.AI 2405.15073
cs.AI 2405.15077
cs.AI 2405.15097
cs.AI 2405.15116
cs.AI 2405.15124
cs.AI 2405.15127
cs.AI 2405.15137
cs.AI 2405.15143
cs.AI 2405.15152
cs.AI 2405.15164
cs.AI 2405.15165
cs.AI 2405.15177
cs.AI 2405.15182
cs.AI 2405.15185
cs.AI 2405.15194
cs.AI 2405.15208
cs.AI 2405.15222
cs.AI 2405.15245
cs.AI 2405.15250
cs.AI 2405.15254
cs.AI 2405.15264
cs.AI 2405.15280
cs.AI 2405.15282
cs.AI 2405.15292
cs.AI 2405.15294
cs.AI 2405.15311
cs.AI 2405.15317
cs.AI 2405.15318
cs.AI 2405.15319
cs.AI 2405.15320
cs.AI 2405.15324
cs.AI 2405.15346
cs.AI 2405.15369
cs.AI 2405.15373
cs.AI 2405.15374
cs.AI 2405.15380
cs.AI 2405.15398
cs.AI 2405.15412
cs.AI 2405.15436
cs.AI 2405.15439
cs.AI 2405.15443
cs.AI 2405.15444
cs.AI 2405.15446
cs.AI 2405.15452
cs.AI 2405.15453
cs.AI 2405.15476
cs.AI 2405.15505
cs.AI 2405.15512
cs.AI 2405.15514
cs.AI 2405.15521
cs.AI 2405.15544
cs.AI 2405.15561
cs.AI 2405.15564
cs.AI 2405.15579
cs.AI 2405.15598
cs.AI 2405.15613
cs.AI 2405.15614
cs.AI 2405.15624
cs.AI 2405.15633
cs.AI 2405.15640
cs.AI 2405.15642
cs.AI 2405.15658
cs.AI 2405.15661
cs.AI 2405.15673
cs.AI 2405.15682
cs.AI 2405.15683
cs.AI 2405.15684
cs.AI 2405.15731
cs.AI 2405.15739
cs.AI 2405.15750
cs.AI 2405.15756
cs.AI 2405.15758
cs.AI 2405.15768
cs.AI 2405.14956
cs.AI 2405.14966
cs.AI 2405.15083
cs.AI 2405.15092
cs.AI 2405.15145
cs.AI 2405.15154
cs.AI 2405.15230
cs.AI 2405.15302
cs.AI 2405.15341
cs.AI 2405.15375
cs.AI 2405.15383
cs.AI 2405.15388
cs.AI 2405.15414
cs.AI 2405.15485
cs.AI 2405.15568
cs.AI 2405.15569
cs.AI 2405.15616
cs.AI 2405.15766
cs.AI 2305.05400
cs.AI 2401.17228
cs.AI 2405.15771
cs.AI 2405.15772
cs.AI 2405.15773
cs.AI 2405.15774
cs.AI 2405.15776
cs.AI 2405.15778
cs.AI 2405.15779
cs.AI 2405.15783
cs.AI 2405.15784
cs.AI 2405.15786
cs.AI 2405.15792
cs.AI 2405.15793
cs.AI 2405.15802
cs.AI 2405.15805
cs.AI 2405.15812
cs.AI 2405.15816
cs.AI 2405.15824
cs.AI 2405.15828
cs.AI 2405.15829
cs.AI 2405.15831
cs.AI 2405.15835
cs.AI 2405.15843
cs.AI 2405.15860
cs.AI 2405.15863
cs.AI 2405.15868
cs.AI 2405.15871
cs.AI 2405.15880
cs.AI 2405.15881
cs.AI 2405.15882
cs.AI 2405.15902
cs.AI 2405.15928
cs.AI 2405.15936
cs.AI 2405.15960
cs.AI 2405.15973
cs.AI 2405.15984
cs.AI 2405.15985
cs.AI 2405.15988
cs.AI 2405.15991
cs.AI 2405.15994
cs.AI 2405.16000
cs.AI 2405.16039
cs.AI 2405.16041
cs.AI 2405.16075
cs.AI 2405.16082
cs.AI 2405.16105
cs.AI 2405.16133
cs.AI 2405.16141
cs.AI 2405.16144
cs.AI 2405.16164
cs.AI 2405.16183
cs.AI 2405.16184
cs.AI 2405.16185
cs.AI 2405.16194
cs.AI 2405.16195
cs.AI 2405.16204
cs.AI 2405.16224
cs.AI 2405.16225
cs.AI 2405.16237
cs.AI 2405.16241
cs.AI 2405.16256
cs.AI 2405.16258
cs.AI 2405.16263
cs.AI 2405.16277
cs.AI 2405.16279
cs.AI 2405.16282
cs.AI 2405.16304
cs.AI 2405.16310
cs.AI 2405.16312
cs.AI 2405.16325
cs.AI 2405.16337
cs.AI 2405.16355
cs.AI 2405.16363
cs.AI 2405.16381
cs.AI 2405.16386
cs.AI 2405.16393
cs.AI 2405.16402
cs.AI 2405.16405
cs.AI 2405.16406
cs.AI 2405.16411
cs.AI 2405.16418
cs.AI 2405.16419
cs.AI 2405.16421
cs.AI 2405.16422
cs.AI 2405.16424
cs.AI 2405.16433
cs.AI 2405.16436
cs.AI 2405.16439
cs.AI 2405.16440
cs.AI 2405.16450
cs.AI 2405.16456
cs.AI 2405.16460
cs.AI 2405.16473
cs.AI 2405.16475
cs.AI 2405.16478
cs.AI 2405.16486
cs.AI 2405.16489
cs.AI 2405.16496
cs.AI 2405.16507
cs.AI 2405.16511
cs.AI 2405.16522
cs.AI 2405.16538
cs.AI 2405.16550
cs.AI 2405.16552
cs.AI 2405.16557
cs.AI 2405.16570
cs.AI 2405.16585
cs.AI 2405.16587
cs.AI 2405.16610
cs.AI 2405.16630
cs.AI 2405.16642
cs.AI 2405.16655
cs.AI 2405.16658
cs.AI 2405.16661
cs.AI 2405.16671
cs.AI 2405.16711
cs.AI 2405.16712
cs.AI 2405.16714
cs.AI 2405.16718
cs.AI 2405.16728
cs.AI 2405.16730
cs.AI 2405.16739
cs.AI 2405.16752
cs.AI 2405.16755
cs.AI 2405.16761
cs.AI 2405.16766
cs.AI 2405.16783
cs.AI 2405.16792
cs.AI 2405.16797
cs.AI 2405.16800
cs.AI 2405.16806
cs.AI 2405.16807
cs.AI 2405.16820
cs.AI 2405.16823
cs.AI 2405.16830
cs.AI 2405.16836
cs.AI 2405.16847
cs.AI 2405.16851
cs.AI 2405.16852
cs.AI 2405.16860
cs.AI 2405.16867
cs.AI 2405.16876
cs.AI 2405.16877
cs.AI 2405.16879
cs.AI 2405.16883
cs.AI 2405.16899
cs.AI 2405.16919
cs.AI 2405.16922
cs.AI 2405.16946
cs.AI 2405.16956
cs.AI 2405.16961
cs.AI 2405.16964
cs.AI 2405.17022
cs.AI 2405.17025
cs.AI 2405.17034
cs.AI 2405.17038
cs.AI 2405.17051
cs.AI 2405.17053
cs.AI 2405.17057
cs.AI 2405.17060
cs.AI 2405.17067
cs.AI 2405.17072
cs.AI 2405.17088
cs.AI 2405.17097
cs.AI 2405.17103
cs.AI 2405.17104
cs.AI 2405.17110
cs.AI 2405.17116
cs.AI 2405.17129
cs.AI 2405.17139
cs.AI 2405.17152
cs.AI 2405.17176
cs.AI 2405.17182
cs.AI 2405.17187
cs.AI 2405.17202
cs.AI 2405.17209
cs.AI 2405.17216
cs.AI 2405.17243
cs.AI 2405.17245
cs.AI 2405.17249
cs.AI 2405.17253
cs.AI 2405.17258
cs.AI 2405.17272
cs.AI 2405.17279
cs.AI 2405.17284
cs.AI 2405.17287
cs.AI 2405.17293
cs.AI 2405.17324
cs.AI 2405.17337
cs.AI 2405.17346
cs.AI 2405.17358
cs.AI 2405.17386
cs.AI 2405.17398
cs.AI 2405.17399
cs.AI 2405.17403
cs.AI 2405.17404
cs.AI 2405.17412
cs.AI 2405.17413
cs.AI 2405.17419
cs.AI 2405.17422
cs.AI 2405.17428
cs.AI 2405.17429
cs.AI 2405.17430
cs.AI 2405.15789
cs.AI 2405.15794
cs.AI 2405.15800
cs.AI 2405.15801
cs.AI 2405.15804
cs.AI 2405.15808
cs.AI 2405.15815
cs.AI 2405.15821
cs.AI 2405.15832
cs.AI 2405.15907
cs.AI 2405.15908
cs.AI 2405.15956
cs.AI 2405.16003
cs.AI 2405.16051
cs.AI 2405.16072
cs.AI 2405.16114
cs.AI 2405.16122
cs.AI 2405.16123
cs.AI 2405.16128
cs.AI 2405.16136
cs.AI 2405.16191
cs.AI 2405.16205
cs.AI 2405.16247
cs.AI 2405.16259
cs.AI 2405.16334
cs.AI 2405.16350
cs.AI 2405.16390
cs.AI 2405.16409
cs.AI 2405.16413
cs.AI 2405.16434
cs.AI 2405.16453
cs.AI 2405.16510
cs.AI 2405.16542
cs.AI 2405.16567
cs.AI 2405.16588
cs.AI 2405.16595
cs.AI 2405.16604
cs.AI 2405.16640
cs.AI 2405.16693
cs.AI 2405.16751
cs.AI 2405.16869
cs.AI 2405.16887
cs.AI 2405.16907
cs.AI 2405.16929
cs.AI 2405.16994
cs.AI 2405.17009
cs.AI 2405.17044
cs.AI 2405.17076
cs.AI 2405.17221
cs.AI 2405.17234
cs.AI 2405.17345
cs.AI 2405.17372
cs.AI 2405.16153
cs.AI 2405.17436
cs.AI 2405.17438
cs.AI 2405.17440
cs.AI 2405.17441
cs.AI 2405.17442
cs.AI 2405.17449
cs.AI 2405.17451
cs.AI 2405.17454
cs.AI 2405.17455
cs.AI 2405.17458
cs.AI 2405.17459
cs.AI 2405.17460
cs.AI 2405.17464
cs.AI 2405.17465
cs.AI 2405.17468
cs.AI 2405.17469
cs.AI 2405.17470
cs.AI 2405.17471
cs.AI 2405.17472
cs.AI 2405.17473
cs.AI 2405.17474
cs.AI 2405.17475
cs.AI 2405.17476
cs.AI 2405.17477
cs.AI 2405.17483
cs.AI 2405.17485
cs.AI 2405.17489
cs.AI 2405.17492
cs.AI 2405.17497
cs.AI 2405.17502
cs.AI 2405.17503
cs.AI 2405.17507
cs.AI 2405.17512
cs.AI 2405.17514
cs.AI 2405.17516
cs.AI 2405.17523
cs.AI 2405.17527
cs.AI 2405.17535
cs.AI 2405.17556
cs.AI 2405.17569
cs.AI 2405.17573
cs.AI 2405.17576
cs.AI 2405.17580
cs.AI 2405.17604
cs.AI 2405.17607
cs.AI 2405.17610
cs.AI 2405.17618
cs.AI 2405.17625
cs.AI 2405.17626
cs.AI 2405.17628
cs.AI 2405.17638
cs.AI 2405.17640
cs.AI 2405.17642
cs.AI 2405.17672
cs.AI 2405.17676
cs.AI 2405.17678
cs.AI 2405.17708
cs.AI 2405.17720
cs.AI 2405.17728
cs.AI 2405.17730
cs.AI 2405.17743
cs.AI 2405.17746
cs.AI 2405.17750
cs.AI 2405.17755
cs.AI 2405.17764
cs.AI 2405.17766
cs.AI 2405.17784
cs.AI 2405.17802
cs.AI 2405.17809
cs.AI 2405.17814
cs.AI 2405.17820
cs.AI 2405.17821
cs.AI 2405.17822
cs.AI 2405.17825
cs.AI 2405.17829
cs.AI 2405.17832
cs.AI 2405.17838
cs.AI 2405.17839
cs.AI 2405.17846
cs.AI 2405.17849
cs.AI 2405.17871
cs.AI 2405.17873
cs.AI 2405.17874
cs.AI 2405.17878
cs.AI 2405.17879
cs.AI 2405.17893
cs.AI 2405.17894
cs.AI 2405.17898
cs.AI 2405.17901
cs.AI 2405.17905
cs.AI 2405.17913
cs.AI 2405.17918
cs.AI 2405.17924
cs.AI 2405.17935
cs.AI 2405.17940
cs.AI 2405.17942
cs.AI 2405.17957
cs.AI 2405.17959
cs.AI 2405.17969
cs.AI 2405.17974
cs.AI 2405.17978
cs.AI 2405.17991
cs.AI 2405.17992
cs.AI 2405.17995
cs.AI 2405.17998
cs.AI 2405.18003
cs.AI 2405.18025
cs.AI 2405.18028
cs.AI 2405.18040
cs.AI 2405.18044
cs.AI 2405.18047
cs.AI 2405.18050
cs.AI 2405.18065
cs.AI 2405.18068
cs.AI 2405.18077
cs.AI 2405.18110
cs.AI 2405.18113
cs.AI 2405.18119
cs.AI 2405.18137
cs.AI 2405.18144
cs.AI 2405.18148
cs.AI 2405.18161
cs.AI 2405.18165
cs.AI 2405.18172
cs.AI 2405.18196
cs.AI 2405.18241
cs.AI 2405.18258
cs.AI 2405.18281
cs.AI 2405.18289
cs.AI 2405.18291
cs.AI 2405.18299
cs.AI 2405.18320
cs.AI 2405.18322
cs.AI 2405.18327
cs.AI 2405.18330
cs.AI 2405.18335
cs.AI 2405.18344
cs.AI 2405.18350
cs.AI 2405.18358
cs.AI 2405.18359
cs.AI 2405.18369
cs.AI 2405.18380
cs.AI 2405.18383
cs.AI 2405.18386
cs.AI 2405.18387
cs.AI 2405.18395
cs.AI 2405.18405
cs.AI 2405.18406
cs.AI 2405.18414
cs.AI 2405.18415
cs.AI 2405.18425
cs.AI 2405.18426
cs.AI 2405.18427
cs.AI 2405.18428
cs.AI 2405.17533
cs.AI 2405.17537
cs.AI 2405.17631
cs.AI 2405.17637
cs.AI 2405.17691
cs.AI 2405.17706
cs.AI 2405.17713
cs.AI 2405.17724
cs.AI 2405.17739
cs.AI 2405.17741
cs.AI 2405.17888
cs.AI 2405.17902
cs.AI 2405.17910
cs.AI 2405.17921
cs.AI 2405.17927
cs.AI 2405.17934
cs.AI 2405.17950
cs.AI 2405.17956
cs.AI 2405.17976
cs.AI 2405.18014
cs.AI 2405.18016
cs.AI 2405.18064
cs.AI 2405.18073
cs.AI 2405.18092
cs.AI 2405.18106
cs.AI 2405.18118
cs.AI 2405.18123
cs.AI 2405.18139
cs.AI 2405.18166
cs.AI 2405.18180
cs.AI 2405.18208
cs.AI 2405.18246
cs.AI 2405.18248
cs.AI 2405.18272
cs.AI 2405.18300
cs.AI 2405.18315
cs.AI 2405.18346
cs.AI 2405.18377
cs.AI 2405.11591
cs.AI 2405.12926
cs.AI 2405.17653
cs.AI 2405.18434
cs.AI 2405.18437
cs.AI 2405.18459
cs.AI 2405.18471
cs.AI 2405.18492
cs.AI 2405.18507
cs.AI 2405.18512
cs.AI 2405.18520
cs.AI 2405.18523
cs.AI 2405.18548
cs.AI 2405.18556
cs.AI 2405.18560
cs.AI 2405.18572
cs.AI 2405.18610
cs.AI 2405.18620
cs.AI 2405.18624
cs.AI 2405.18626
cs.AI 2405.18627
cs.AI 2405.18632
cs.AI 2405.18638
cs.AI 2405.18649
cs.AI 2405.18655
cs.AI 2405.18658
cs.AI 2405.18664
cs.AI 2405.18669
cs.AI 2405.18681
cs.AI 2405.18682
cs.GT 2405.15077
cs.AI 2405.18688
cs.GT 2405.15372
cs.AI 2405.18693
cs.GT 2405.14909
cs.AI 2405.18698
cs.GT 2405.16376
cs.AI 2405.18707
cs.GT 2405.16588
cs.AI 2405.18710
cs.GT 2405.16595
cs.AI 2405.18719
cs.GT 2405.16928
cs.AI 2405.18721
cs.GT 2405.16050
cs.AI 2405.18723
cs.GT 2405.16276
cs.AI 2405.18724
cs.GT 2405.16495
cs.AI 2405.18727
cs.GT 2405.16716
cs.AI 2405.18729
cs.GT 2405.16735
cs.AI 2405.18731
cs.AI 2405.18732
cs.GT 2405.17196
cs.AI 2405.18741
cs.AI 2405.18751
cs.GT 2405.17334
cs.AI 2405.18756
cs.GT 2405.18253
cs.AI 2405.18758
cs.GT 2405.17463
cs.GT 2405.17694
cs.AI 2405.18762
cs.GT 2405.17700
cs.AI 2405.18770
cs.GT 2405.18048
cs.AI 2405.18792
cs.GT 2405.18070
cs.AI 2405.18802
cs.GT 2405.18102
cs.AI 2405.18810
cs.GT 2405.18183
cs.AI 2405.18832
cs.GT 2405.18434
cs.AI 2405.18845
cs.GT 2405.18521
cs.AI 2405.18848
cs.GT 2405.19024
cs.AI 2405.18852
cs.GT 2405.19054
cs.AI 2405.18877
cs.GT 2405.19071
cs.AI 2405.18881
cs.GT 2405.18703
cs.AI 2405.18886
cs.GT 2405.18958
cs.AI 2405.18889
cs.GT 2405.19129
cs.AI 2405.18894
cs.GT 2405.19565
cs.AI 2405.18902
cs.GT 2405.19878
cs.AI 2405.18915
cs.GT 2405.20143
cs.AI 2405.18917
cs.GT 2405.19843
cs.AI 2405.18929
cs.GT 2405.20303
cs.AI 2405.18931
cs.AI 2405.18942
cs.AI 2405.18952
cs.AI 2405.18984
cs.AI 2405.18999
cs.AI 2405.19010
cs.AI 2405.19024
cs.AI 2405.19026
cs.AI 2405.19029
cs.AI 2405.19033
cs.AI 2405.19047
cs.AI 2405.19053
cs.AI 2405.19062
cs.AI 2405.19074
cs.AI 2405.19080
cs.AI 2405.19094
cs.AI 2405.19098
cs.AI 2405.19107
cs.AI 2405.19121
cs.AI 2405.19139
cs.AI 2405.19149
cs.AI 2405.19153
cs.AI 2405.19162
cs.AI 2405.19166
cs.AI 2405.19176
cs.AI 2405.19201
cs.AI 2405.19202
cs.AI 2405.19207
cs.AI 2405.19209
cs.AI 2405.19210
cs.AI 2405.19212
cs.AI 2405.19213
cs.AI 2405.19220
cs.AI 2405.19237
cs.AI 2405.19250
cs.AI 2405.19261
cs.AI 2405.19262
cs.AI 2405.19284
cs.AI 2405.19296
cs.AI 2405.19300
cs.AI 2405.19317
cs.AI 2405.19320
cs.AI 2405.19323
cs.AI 2405.19327
cs.AI 2405.19331
cs.AI 2405.19332
cs.AI 2405.18510
cs.AI 2405.18542
cs.AI 2405.18553
cs.AI 2405.18580
cs.AI 2405.18581
cs.AI 2405.18602
cs.AI 2405.18636
cs.AI 2405.18642
cs.AI 2405.18650
cs.AI 2405.18663
cs.AI 2405.18708
cs.AI 2405.18711
cs.AI 2405.18733
cs.AI 2405.18742
cs.AI 2405.18780
cs.AI 2405.18820
cs.AI 2405.18823
cs.AI 2405.18843
cs.AI 2405.18867
cs.AI 2405.18870
cs.AI 2405.18875
cs.AI 2405.18910
cs.AI 2405.18968
cs.AI 2405.19012
cs.AI 2405.19032
cs.AI 2405.19085
cs.AI 2405.19132
cs.AI 2405.19164
cs.AI 2405.19184
cs.AI 2405.19229
cs.AI 2405.19236
cs.AI 2405.19238
cs.AI 2405.19243
cs.AI 2405.19255
cs.AI 2405.19313
cs.AI 2405.19334
cs.AI 2310.11952
cs.AI 2405.19338
cs.AI 2405.19343
cs.AI 2405.19346
cs.AI 2405.19347
cs.AI 2405.19354
cs.AI 2405.19355
cs.AI 2405.19356
cs.AI 2405.19358
cs.AI 2405.19360
cs.AI 2405.19363
cs.AI 2405.19366
cs.AI 2405.19376
cs.AI 2405.19413
cs.AI 2405.19420
cs.AI 2405.19423
cs.AI 2405.19458
cs.AI 2405.19471
cs.AI 2405.19479
cs.AI 2405.19495
cs.AI 2405.19501
cs.AI 2405.19519
cs.AI 2405.19524
cs.AI 2405.19534
cs.AI 2405.19538
cs.AI 2405.19575
cs.AI 2405.19581
cs.AI 2405.19592
cs.AI 2405.19597
cs.AI 2405.19600
cs.AI 2405.19644
cs.AI 2405.19650
cs.AI 2405.19657
cs.AI 2405.19673
cs.AI 2405.19677
cs.AI 2405.19678
cs.AI 2405.19690
cs.AI 2405.19697
cs.AI 2405.19701
cs.AI 2405.19708
cs.AI 2405.19715
cs.AI 2405.19723
cs.AI 2405.19729
cs.AI 2405.19737
cs.AI 2405.19740
cs.AI 2405.19743
cs.AI 2405.19744
cs.AI 2405.19751
cs.AI 2405.19754
cs.AI 2405.19757
cs.AI 2405.19765
cs.AI 2405.19778
cs.AI 2405.19783
cs.AI 2405.19784
cs.AI 2405.19787
cs.AI 2405.19795
cs.AI 2405.19796
cs.AI 2405.19818
cs.AI 2405.19822
cs.AI 2405.19823
cs.AI 2405.19842
cs.AI 2405.19846
cs.AI 2405.19861
cs.AI 2405.19864
cs.AI 2405.19874
cs.AI 2405.19899
cs.AI 2405.19909
cs.AI 2405.19931
cs.AI 2405.19933
cs.AI 2405.19950
cs.AI 2405.19957
cs.AI 2405.19958
cs.AI 2405.19982
cs.AI 2405.19988
cs.AI 2405.19996
cs.AI 2405.20003
cs.AI 2405.20024
cs.AI 2405.20032
cs.AI 2405.20059
cs.AI 2405.20081
cs.AI 2405.20082
cs.AI 2405.20114
cs.AI 2405.20131
cs.AI 2405.20132
cs.AI 2405.20163
cs.AI 2405.20172
cs.AI 2405.20175
cs.AI 2405.20179
cs.AI 2405.20180
cs.AI 2405.20189
cs.AI 2405.20204
cs.AI 2405.20216
cs.AI 2405.20222
cs.AI 2405.20230
cs.AI 2405.20231
cs.AI 2405.20233
cs.AI 2405.20237
cs.AI 2405.20245
cs.AI 2405.20274
cs.AI 2405.20278
cs.AI 2405.20279
cs.AI 2405.20287
cs.AI 2405.20289
cs.AI 2405.20309
cs.AI 2405.20315
cs.AI 2405.20318
cs.AI 2405.20319
cs.AI 2405.20320
cs.AI 2405.20323
cs.AI 2405.20330
cs.AI 2405.20331
cs.AI 2405.20337
cs.AI 2405.19444
cs.AI 2405.19453
cs.AI 2405.19456
cs.AI 2405.19464
cs.AI 2405.19498
cs.AI 2405.19522
cs.AI 2405.19544
cs.AI 2405.19561
cs.AI 2405.19567
cs.AI 2405.19606
cs.AI 2405.19616
cs.AI 2405.19631
cs.AI 2405.19642
cs.AI 2405.19654
cs.AI 2405.19656
cs.AI 2405.19686
cs.AI 2405.19694
cs.AI 2405.19730
cs.AI 2405.19736
cs.AI 2405.19761
cs.AI 2405.19808
cs.AI 2405.19815
cs.AI 2405.19816
cs.AI 2405.19832
cs.AI 2405.19837
cs.AI 2405.19850
cs.AI 2405.19877
cs.AI 2405.19915
cs.AI 2405.19946
cs.AI 2405.19956
cs.AI 2405.19970
cs.AI 2405.20015
cs.AI 2405.20046
cs.AI 2405.20121
cs.AI 2405.20138
cs.AI 2405.20142
cs.AI 2405.20183
cs.AI 2405.20202
cs.AI 2405.20213
cs.AI 2405.20218
cs.AI 2405.20234
cs.AI 2405.20247
cs.DC 2405.15342
cs.DC 2405.15362
cs.DC 2405.15375
cs.DC 2405.15398
cs.DC 2405.15407
cs.DC 2405.15458
cs.DC 2405.15474
cs.DC 2405.15542
cs.DC 2405.15578
cs.DC 2405.15586
cs.DC 2405.15632
cs.DC 2405.15644
cs.DC 2405.15645
cs.DC 2405.15744
cs.DC 2405.14892
cs.DC 2405.14991
cs.DC 2405.15015
cs.DC 2405.15270
cs.DC 2405.15392
cs.DC 2405.15610
cs.DC 2405.15628
cs.DC 2405.15749
cs.DC 2405.15795
cs.DC 2405.15861
cs.DC 2405.15986
cs.DC 2405.16103
cs.DC 2405.16318
cs.DC 2405.16378
cs.DC 2405.16953
cs.DC 2405.17263
cs.DC 2405.17363
cs.DC 2405.15901
cs.DC 2405.16086
cs.DC 2405.16256
cs.DC 2405.16283
cs.DC 2405.16575
cs.DC 2405.16611
cs.DC 2405.16685
cs.DC 2405.17180
cs.DC 2405.17245
cs.DC 2405.17322
cs.DC 2305.05455
cs.DC 2405.17437
cs.DC 2405.17457
cs.DC 2405.17522
cs.DC 2405.17876
cs.DC 2405.17932
cs.DC 2405.18040
cs.DC 2405.18047
cs.DC 2405.18291
cs.DC 2405.18371
cs.DC 2405.17664
cs.DC 2405.17839
cs.DC 2405.17870
cs.DC 2405.18072
cs.DC 2405.18093
cs.DC 2405.18367
cs.DC 2405.18890
cs.DC 2405.18972
cs.DC 2405.18983
cs.DC 2405.19129
cs.DC 2405.19136
cs.DC 2405.19217
cs.DC 2405.19257
cs.DC 2405.19272
cs.DC 2405.19027
cs.DC 2405.19131
cs.DC 2405.19284
cs.DC 2405.19513
cs.DC 2405.19762
cs.DC 2405.19784
cs.DC 2405.19789
cs.DC 2405.19457
cs.DC 2405.19626
cs.DC 2405.19731
cs.DC 2405.20220
cs.FL 2405.13488
cs.FL 2405.14275
cs.FL 2405.14703
cs.FL 2405.14272
cs.FL 2405.16176
cs.FL 2405.16767
cs.FL 2405.17394
cs.FL 2405.16166
cs.FL 2405.18032
cs.FL 2405.18409
cs.FL 2405.17629
cs.FL 2405.18439
cs.FL 2405.18871
cs.FL 2405.19622
cs.FL 2405.20026
cs.IR 2405.15028
cs.IR 2405.15328
cs.IR 2405.15451
cs.IR 2405.15114
cs.IR 2405.15190
cs.IR 2405.15280
cs.IR 2405.15374
cs.IR 2405.15436
cs.IR 2405.15520
cs.IR 2405.15521
cs.IR 2405.16089
cs.IR 2405.16284
cs.IR 2405.16345
cs.IR 2405.16420
cs.IR 2405.16933
cs.IR 2405.17076
cs.IR 2405.17428
cs.IR 2405.15783
cs.IR 2405.15784
cs.IR 2405.15786
cs.IR 2405.15787
cs.IR 2405.15788
cs.IR 2405.15791
cs.IR 2405.15792
cs.IR 2405.16120
cs.IR 2405.16127
cs.IR 2405.16363
cs.IR 2405.16546
cs.IR 2405.16550
cs.IR 2405.16789
cs.IR 2405.16871
cs.IR 2405.16982
cs.IR 2405.17093
cs.IR 2405.17390
cs.IR 2405.17434
cs.IR 2405.17706
cs.IR 2405.17969
cs.IR 2405.18259
cs.IR 2405.17587
cs.IR 2405.17602
cs.IR 2405.17607
cs.IR 2405.17658
cs.IR 2405.17777
cs.IR 2405.17795
cs.IR 2405.17798
cs.IR 2405.17813
cs.IR 2405.17890
cs.IR 2405.17959
cs.IR 2405.17998
cs.IR 2405.18011
cs.IR 2405.18058
cs.IR 2405.18068
cs.IR 2405.18146
cs.IR 2405.18260
cs.IR 2405.18276
cs.IR 2405.18560
cs.IR 2405.18570
cs.IR 2405.18605
cs.IR 2405.18708
cs.IR 2405.18727
cs.IR 2405.18770
cs.IR 2405.19010
cs.IR 2405.19073
cs.IR 2405.19093
cs.IR 2405.19149
cs.IR 2405.19164
cs.IR 2405.18941
cs.IR 2405.18971
cs.IR 2405.19031
cs.IR 2405.19046
cs.IR 2405.19207
cs.IR 2405.19504
cs.IR 2405.19689
cs.IR 2405.20204
cs.IR 2405.19612
cs.IR 2405.19749
cs.CR 2405.14987
cs.CR 2405.15202
cs.CR 2405.15234
cs.CR 2405.15316
cs.CR 2405.15423
cs.CR 2405.15556
cs.CR 2405.15589
cs.CR 2405.15736
cs.CR 2405.15747
cs.CR 2405.15749
cs.CR 2405.14970
cs.CR 2405.14975
cs.CR 2405.14993
cs.CR 2405.15089
cs.CR 2405.15161
cs.CR 2405.15182
cs.CR 2405.15184
cs.CR 2405.15201
cs.CR 2405.15258
cs.CR 2405.15288
cs.CR 2405.15293
cs.CR 2405.15308
cs.CR 2405.15322
cs.CR 2405.15342
cs.CR 2405.15426
cs.CR 2405.15537
cs.CR 2405.15614
cs.CR 2405.15652
cs.CR 2405.15753
cs.CR 2405.15908
cs.CR 2405.15913
cs.CR 2405.15971
cs.CR 2405.15979
cs.CR 2405.16036
cs.CR 2405.16229
cs.CR 2405.16361
cs.CR 2405.16567
cs.CR 2405.16682
cs.CR 2405.16784
cs.CR 2405.16961
cs.CR 2405.17042
cs.CR 2405.15902
cs.CR 2405.16112
cs.CR 2405.16215
cs.CR 2405.16227
cs.CR 2405.16241
cs.CR 2405.16314
cs.CR 2405.16318
cs.CR 2405.16372
cs.CR 2405.16421
cs.CR 2405.16476
cs.CR 2405.16539
cs.CR 2405.16619
cs.CR 2405.16655
cs.CR 2405.16707
cs.CR 2405.16719
cs.CR 2405.16767
cs.CR 2405.16783
cs.CR 2405.17100
cs.CR 2405.17190
cs.CR 2405.17238
cs.CR 2405.17307
cs.CR 2405.17472
cs.CR 2405.17485
cs.CR 2405.17495
cs.CR 2405.17529
cs.CR 2405.17746
cs.CR 2405.17750
cs.CR 2405.18050
cs.CR 2405.18137
cs.CR 2405.18194
cs.CR 2405.18275
cs.CR 2405.17737
cs.CR 2405.17944
cs.CR 2405.17987
cs.CR 2405.18135
cs.CR 2405.18174
cs.CR 2405.18236
cs.CR 2405.18255
cs.CR 2405.18385
cs.CR 2405.16978
cs.CR 2405.18534
cs.CR 2405.18540
cs.CR 2405.18586
cs.CR 2405.18627
cs.CR 2405.18670
cs.CR 2405.18671
cs.CR 2405.18958
cs.CR 2405.19026
cs.CR 2405.19098
cs.CR 2405.19217
cs.CR 2405.19272
cs.CR 2405.18547
cs.CR 2405.18596
cs.CR 2405.18624
cs.CR 2405.18744
cs.CR 2405.18776
cs.CR 2405.18802
cs.CR 2405.18824
cs.CR 2405.18876
cs.CR 2405.18878
cs.CR 2405.18993
cs.CR 2405.19099
cs.CR 2405.19103
cs.CR 2405.19259
cs.CR 2405.19540
cs.CR 2405.20295
cs.CR 2405.19355
cs.CR 2405.19358
cs.CR 2405.19360
cs.CR 2405.19524
cs.CR 2405.19576
cs.CR 2405.19598
cs.CR 2405.19677
cs.CR 2405.19683
cs.CR 2405.19762
cs.CR 2405.19851
cs.CR 2405.19871
cs.CR 2405.19948
cs.CR 2405.19954
cs.CR 2405.19971
cs.CR 2405.20027
cs.CR 2405.20038
cs.CR 2405.20099
cs.CR 2405.20281
cs.CR 2405.20291
cs.GR 2405.14877
cs.GR 2405.14882
cs.GR 2405.14903
cs.GR 2405.15056
cs.GR 2405.15151
cs.GR 2405.15217
cs.GR 2405.15468
cs.GR 2405.14979
cs.GR 2405.15335
cs.GR 2405.15425
cs.GR 2405.15891
cs.GR 2405.16008
cs.GR 2405.16132
cs.GR 2405.16204
cs.GR 2405.16296
cs.GR 2405.16443
cs.GR 2405.16807
cs.GR 2405.17136
cs.GR 2405.17414
cs.GR 2405.17421
cs.GR 2405.16237
cs.GR 2405.16634
cs.GR 2405.16888
cs.GR 2405.17176
cs.GR 2405.17193
cs.GR 2405.17609
cs.GR 2405.17811
cs.GR 2405.18133
cs.GR 2405.18163
cs.GR 2405.19296
cs.GR 2405.19326
cs.GR 2405.19331
cs.GR 2405.18609
cs.GR 2405.19056
cs.GR 2405.19148
cs.GR 2405.19609
cs.GR 2405.19745
cs.GR 2405.19779
cs.GR 2405.20067
cs.GR 2405.20117
cs.GR 2405.20155
cs.GR 2405.20188
cs.GR 2405.20283
cs.GR 2405.20319
cs.GR 2405.20330
cs.GR 2405.20334
cs.GR 2405.20343
cs.GR 2405.19339
cs.GR 2405.19507
cs.GR 2405.19636
cs.CL 2405.14191
cs.CL 2405.14905
cs.CL 2405.14908
cs.CL 2405.14917
cs.CL 2405.14974
cs.CL 2405.14982
cs.CL 2405.15025
cs.CL 2405.15092
cs.CL 2405.15115
cs.CL 2405.15130
cs.CL 2405.15143
cs.CL 2405.15145
cs.CL 2405.15189
cs.CL 2405.15216
cs.CL 2405.15232
cs.CL 2405.15302
cs.CL 2405.15362
cs.CL 2405.15374
cs.CL 2405.15485
cs.CL 2405.15556
cs.CL 2405.15638
cs.CL 2405.15683
cs.CL 2405.15729
cs.CL 2405.15766
cs.CL 2405.14899
cs.CL 2405.14962
cs.CL 2405.14992
cs.CL 2405.15007
cs.CL 2405.15012
cs.CL 2405.15028
cs.CL 2405.15032
cs.CL 2405.15039
cs.CL 2405.15064
cs.CL 2405.15067
cs.CL 2405.15070
cs.CL 2405.15071
cs.CL 2405.15077
cs.CL 2405.15097
cs.CL 2405.15110
cs.CL 2405.15122
cs.CL 2405.15134
cs.CL 2405.15152
cs.CL 2405.15165
cs.CL 2405.15179
cs.CL 2405.15185
cs.CL 2405.15198
cs.CL 2405.15202
cs.CL 2405.15208
cs.CL 2405.15306
cs.CL 2405.15307
cs.CL 2405.15318
cs.CL 2405.15319
cs.CL 2405.15320
cs.CL 2405.15329
cs.CL 2405.15334
cs.CL 2405.15346
cs.CL 2405.15349
cs.CL 2405.15370
cs.CL 2405.15452
cs.CL 2405.15453
cs.CL 2405.15454
cs.CL 2405.15471
cs.CL 2405.15523
cs.CL 2405.15525
cs.CL 2405.15585
cs.CL 2405.15590
cs.CL 2405.15604
cs.CL 2405.15640
cs.CL 2405.15708
cs.CL 2405.15750
cs.CL 2405.15760
cs.CL 2405.15765
cs.CL 2405.15784
cs.CL 2405.15787
cs.CL 2405.15793
cs.CL 2405.15877
cs.CL 2405.15902
cs.CL 2405.15943
cs.CL 2405.15973
cs.CL 2405.16043
cs.CL 2405.16122
cs.CL 2405.16128
cs.CL 2405.16136
cs.CL 2405.16205
cs.CL 2405.16247
cs.CL 2405.16406
cs.CL 2405.16411
cs.CL 2405.16413
cs.CL 2405.16434
cs.CL 2405.16442
cs.CL 2405.16473
cs.CL 2405.16510
cs.CL 2405.16528
cs.CL 2405.16546
cs.CL 2405.16640
cs.CL 2405.16662
cs.CL 2405.16669
cs.CL 2405.16677
cs.CL 2405.16682
cs.CL 2405.16700
cs.CL 2405.16712
cs.CL 2405.16751
cs.CL 2405.16845
cs.CL 2405.16869
cs.CL 2405.16919
cs.CL 2405.16994
cs.CL 2405.17044
cs.CL 2405.17076
cs.CL 2405.17088
cs.CL 2405.17104
cs.CL 2405.17130
cs.CL 2405.17217
cs.CL 2405.17345
cs.CL 2405.17382
cs.CL 2405.17390
cs.CL 2405.17423
cs.CL 2405.17430
cs.CL 2405.15818
cs.CL 2405.15896
cs.CL 2405.15924
cs.CL 2405.15936
cs.CL 2405.15964
cs.CL 2405.15984
cs.CL 2405.16042
cs.CL 2405.16057
cs.CL 2405.16064
cs.CL 2405.16089
cs.CL 2405.16115
cs.CL 2405.16129
cs.CL 2405.16150
cs.CL 2405.16153
cs.CL 2405.16155
cs.CL 2405.16176
cs.CL 2405.16178
cs.CL 2405.16229
cs.CL 2405.16277
cs.CL 2405.16281
cs.CL 2405.16282
cs.CL 2405.16284
cs.CL 2405.16295
cs.CL 2405.16337
cs.CL 2405.16376
cs.CL 2405.16388
cs.CL 2405.16402
cs.CL 2405.16412
cs.CL 2405.16420
cs.CL 2405.16422
cs.CL 2405.16433
cs.CL 2405.16482
cs.CL 2405.16533
cs.CL 2405.16552
cs.CL 2405.16571
cs.CL 2405.16579
cs.CL 2405.16584
cs.CL 2405.16631
cs.CL 2405.16635
cs.CL 2405.16661
cs.CL 2405.16681
cs.CL 2405.16684
cs.CL 2405.16702
cs.CL 2405.16714
cs.CL 2405.16720
cs.CL 2405.16802
cs.CL 2405.16806
cs.CL 2405.16810
cs.CL 2405.16821
cs.CL 2405.16856
cs.CL 2405.16884
cs.CL 2405.16908
cs.CL 2405.16933
cs.CL 2405.16964
cs.CL 2405.16969
cs.CL 2405.17039
cs.CL 2405.17052
cs.CL 2405.17057
cs.CL 2405.17062
cs.CL 2405.17067
cs.CL 2405.17103
cs.CL 2405.17116
cs.CL 2405.17129
cs.CL 2405.17159
cs.CL 2405.17202
cs.CL 2405.17220
cs.CL 2405.17249
cs.CL 2405.17264
cs.CL 2405.17280
cs.CL 2405.17284
cs.CL 2405.17336
cs.CL 2405.17337
cs.CL 2405.17357
cs.CL 2405.17361
cs.CL 2405.17376
cs.CL 2405.17381
cs.CL 2405.17383
cs.CL 2405.17386
cs.CL 2405.17394
cs.CL 2405.17402
cs.CL 2405.17428
cs.CL 2405.17440
cs.CL 2405.17441
cs.CL 2405.17459
cs.CL 2405.17470
cs.CL 2405.17475
cs.CL 2405.17503
cs.CL 2405.17505
cs.CL 2405.17537
cs.CL 2405.17587
cs.CL 2405.17604
cs.CL 2405.17613
cs.CL 2405.17658
cs.CL 2405.17703
cs.CL 2405.17710
cs.CL 2405.17767
cs.CL 2405.17799
cs.CL 2405.17849
cs.CL 2405.17871
cs.CL 2405.17890
cs.CL 2405.17902
cs.CL 2405.17927
cs.CL 2405.17976
cs.CL 2405.17998
cs.CL 2405.18208
cs.CL 2405.18258
cs.CL 2405.18320
cs.CL 2405.18380
cs.CL 2405.18406
cs.CL 2405.18415
cs.CL 2405.17610
cs.CL 2405.17633
cs.CL 2405.17712
cs.CL 2405.17732
cs.CL 2405.17740
cs.CL 2405.17743
cs.CL 2405.17755
cs.CL 2405.17764
cs.CL 2405.17804
cs.CL 2405.17809
cs.CL 2405.17822
cs.CL 2405.17830
cs.CL 2405.17840
cs.CL 2405.17893
cs.CL 2405.17900
cs.CL 2405.17915
cs.CL 2405.17931
cs.CL 2405.17935
cs.CL 2405.17957
cs.CL 2405.17964
cs.CL 2405.17969
cs.CL 2405.17974
cs.CL 2405.17977
cs.CL 2405.17978
cs.CL 2405.17980
cs.CL 2405.17992
cs.CL 2405.18009
cs.CL 2405.18015
cs.CL 2405.18027
cs.CL 2405.18028
cs.CL 2405.18035
cs.CL 2405.18060
cs.CL 2405.18061
cs.CL 2405.18111
cs.CL 2405.18113
cs.CL 2405.18115
cs.CL 2405.18203
cs.CL 2405.18241
cs.CL 2405.18292
cs.CL 2405.18308
cs.CL 2405.18335
cs.CL 2405.18344
cs.CL 2405.18348
cs.CL 2405.18350
cs.CL 2405.18357
cs.CL 2405.18358
cs.CL 2405.18359
cs.CL 2405.18369
cs.CL 2405.18375
cs.CL 2405.18400
cs.CL 2405.18414
cs.CL 2405.18433
cs.CL 2405.17653
cs.CL 2405.18542
cs.CL 2405.18570
cs.CL 2405.18572
cs.CL 2405.18620
cs.CL 2405.18628
cs.CL 2405.18634
cs.CL 2405.18639
cs.CL 2405.18642
cs.CL 2405.18669
cs.CL 2405.18672
cs.CL 2405.18688
cs.CL 2405.18711
cs.CL 2405.18721
cs.CL 2405.18742
cs.CL 2405.18776
cs.CL 2405.18870
cs.CL 2405.18874
cs.CL 2405.18937
cs.CL 2405.18991
cs.CL 2405.19026
cs.CL 2405.19076
cs.CL 2405.19186
cs.CL 2405.19209
cs.CL 2405.19313
cs.CL 2405.19315
cs.CL 2405.19316
cs.CL 2405.19334
cs.CL 2405.19335
cs.CL 2405.18448
cs.CL 2405.18492
cs.CL 2405.18540
cs.CL 2405.18605
cs.CL 2405.18613
cs.CL 2405.18638
cs.CL 2405.18649
cs.CL 2405.18653
cs.CL 2405.18662
cs.CL 2405.18682
cs.CL 2405.18718
cs.CL 2405.18719
cs.CL 2405.18727
cs.CL 2405.18740
cs.CL 2405.18741
cs.CL 2405.18822
cs.CL 2405.18845
cs.CL 2405.18906
cs.CL 2405.18915
cs.CL 2405.18922
cs.CL 2405.18952
cs.CL 2405.18974
cs.CL 2405.19010
cs.CL 2405.19041
cs.CL 2405.19084
cs.CL 2405.19086
cs.CL 2405.19088
cs.CL 2405.19093
cs.CL 2405.19094
cs.CL 2405.19109
cs.CL 2405.19139
cs.CL 2405.19220
cs.CL 2405.19222
cs.CL 2405.19261
cs.CL 2405.19262
cs.CL 2405.19265
cs.CL 2405.19266
cs.CL 2405.19285
cs.CL 2405.19290
cs.CL 2405.19299
cs.CL 2405.19323
cs.CL 2405.19325
cs.CL 2405.19327
cs.CL 2405.19342
cs.CL 2405.19343
cs.CL 2405.19534
cs.CL 2405.19561
cs.CL 2405.19562
cs.CL 2405.19592
cs.CL 2405.19597
cs.CL 2405.19616
cs.CL 2405.19716
cs.CL 2405.19732
cs.CL 2405.19782
cs.CL 2405.19877
cs.CL 2405.19954
cs.CL 2405.20003
cs.CL 2405.20101
cs.CL 2405.20172
cs.CL 2405.20213
cs.CL 2405.20271
cs.CL 2405.20309
cs.CL 2405.20341
cs.CL 2405.19425
cs.CL 2405.19426
cs.CL 2405.19433
cs.CL 2405.19462
cs.CL 2405.19487
cs.CL 2405.19519
cs.CL 2405.19538
cs.CL 2405.19563
cs.CL 2405.19575
cs.CL 2405.19635
cs.CL 2405.19648
cs.CL 2405.19660
cs.CL 2405.19670
cs.CL 2405.19701
cs.CL 2405.19715
cs.CL 2405.19737
cs.CL 2405.19740
cs.CL 2405.19744
cs.CL 2405.19763
cs.CL 2405.19778
cs.CL 2405.19787
cs.CL 2405.19793
cs.CL 2405.19795
cs.CL 2405.19799
cs.CL 2405.19831
cs.CL 2405.19842
cs.CL 2405.19846
cs.CL 2405.19856
cs.CL 2405.19874
cs.CL 2405.19958
cs.CL 2405.19967
cs.CL 2405.20053
cs.CL 2405.20079
cs.CL 2405.20089
cs.CL 2405.20092
cs.CL 2405.20131
cs.CL 2405.20139
cs.CL 2405.20145
cs.CL 2405.20163
cs.CL 2405.20175
cs.CL 2405.20179
cs.CL 2405.20192
cs.CL 2405.20204
cs.CL 2405.20215
cs.CL 2405.20245
cs.CL 2405.20252
cs.CL 2405.20253
cs.CL 2405.20267
cs.CL 2405.20269
cs.CL 2405.20274
cs.CL 2405.20285
cs.CL 2405.20304
cs.CL 2405.20314
cs.CL 2405.20315
cs.CL 2405.20318
cs.CL 2405.20335
cs.DS 2405.15193
cs.DS 2405.15368
cs.DS 2405.15543
cs.DS 2405.14995
cs.DS 2405.15084
cs.DS 2405.15088
cs.DS 2405.15371
cs.DS 2405.15372
cs.DS 2405.15449
cs.DS 2405.15492
cs.DS 2405.15913
cs.DS 2405.17001
cs.DS 2405.15811
cs.DS 2405.15963
cs.DS 2405.15983
cs.DS 2405.16103
cs.DS 2405.16408
cs.DS 2405.16663
cs.DS 2405.16713
cs.DS 2405.17692
cs.DS 2405.17780
cs.DS 2405.17920
cs.DS 2405.17953
cs.DS 2405.18151
cs.DS 2405.19037
cs.DS 2405.18534
cs.DS 2405.18566
cs.DS 2405.18568
cs.DS 2405.18680
cs.DS 2405.18754
cs.DS 2405.18789
cs.DS 2405.18809
cs.DS 2405.18825
cs.DS 2405.18866
cs.DS 2405.19457
cs.DS 2405.19752
cs.DS 2405.20322
cs.DS 2405.19493
cs.DS 2405.19504
cs.DS 2405.19711
cs.DS 2405.19977
cs.IT 2405.15200
cs.IT 2405.15413
cs.IT 2405.15744
cs.IT 2405.14976
cs.IT 2405.15415
cs.IT 2405.15057
cs.IT 2405.15789
cs.IT 2405.16033
cs.IT 2405.16227
cs.IT 2405.16881
cs.IT 2405.15935
cs.IT 2405.15969
cs.IT 2405.16047
cs.IT 2405.16048
cs.IT 2405.16060
cs.IT 2405.16062
cs.IT 2405.16078
cs.IT 2405.16174
cs.IT 2405.16360
cs.IT 2405.16370
cs.IT 2405.16373
cs.IT 2405.16374
cs.IT 2405.16463
cs.IT 2405.16753
cs.IT 2405.16784
cs.IT 2405.16791
cs.IT 2405.16893
cs.IT 2405.16965
cs.IT 2405.17114
cs.IT 2405.17150
cs.IT 2405.17329
cs.IT 2405.18081
cs.IT 2405.18339
cs.IT 2405.17499
cs.IT 2405.17759
cs.IT 2405.17789
cs.IT 2405.17917
cs.IT 2405.17979
cs.IT 2405.18023
cs.IT 2405.18052
cs.IT 2405.18606
cs.IT 2405.18636
cs.IT 2405.18652
cs.IT 2405.19182
cs.IT 2405.19212
cs.IT 2405.18459
cs.IT 2405.18497
cs.IT 2405.18546
cs.IT 2405.18692
cs.IT 2405.18844
cs.IT 2405.18892
cs.IT 2405.18919
cs.IT 2405.18920
cs.IT 2405.18996
cs.IT 2405.19217
cs.IT 2405.19310
cs.IT 2405.19337
cs.IT 2405.19889
cs.IT 2405.19891
cs.IT 2405.20115
cs.IT 2405.19509
cs.IT 2405.19540
cs.IT 2405.19596
cs.IT 2405.19911
cs.IT 2405.19965
cs.IT 2405.20047
cs.IT 2405.20073
cs.AR 2405.13938
cs.AR 2405.14978
cs.AR 2405.15184
cs.AR 2405.15322
cs.AR 2405.15537
cs.AR 2405.15380
cs.AR 2405.15381
cs.AR 2405.15705
cs.AR 2405.15877
cs.AR 2405.16623
cs.AR 2405.17221
cs.AR 2405.17322
cs.AR 2405.17378
cs.AR 2405.17025
cs.AR 2405.17363
cs.AR 2405.17365
cs.AR 2405.17481
cs.AR 2405.18371
cs.AR 2405.18168
cs.AR 2405.18600
cs.AR 2405.18832
cs.AR 2405.19284
cs.AR 2405.19065
cs.AR 2405.20027
cs.CC 2405.15441
cs.CC 2405.15480
cs.CC 2405.15722
cs.CC 2405.15368
cs.CC 2405.16149
cs.CC 2405.16674
cs.CC 2405.16713
cs.CC 2405.16864
cs.CC 2405.16997
cs.CC 2405.17112
cs.CC 2405.15790
cs.CC 2405.16270
cs.CC 2405.16340
cs.CC 2405.16353
cs.CC 2405.16881
cs.CC 2405.16896
cs.CC 2405.17001
cs.CC 2405.17314
cs.CC 2405.17953
cs.CC 2405.18275
cs.CC 2405.18155
cs.CC 2405.18548
cs.CC 2405.18833
cs.CC 2405.18866
cs.CC 2405.18958
cs.CC 2405.19191
cs.CC 2405.18439
cs.CC 2405.18630
cs.CC 2405.18998
cs.CC 2405.19037
cs.CC 2405.19304
cs.CC 2405.19982
cs.CC 2405.20263
cs.CC 2405.20318
cs.CC 2405.19805
cs.LO 2405.15430
cs.LO 2405.15248
cs.LO 2405.15647
cs.LO 2405.15671
cs.LO 2405.15723
cs.LO 2405.15789
cs.LO 2405.15794
cs.LO 2405.15800
cs.LO 2405.15822
cs.LO 2405.15956
cs.LO 2405.16149
cs.LO 2405.16661
cs.LO 2405.16674
cs.LO 2405.17216
cs.LO 2405.16613
cs.LO 2405.16662
cs.LO 2405.16708
cs.LO 2405.16792
cs.LO 2405.16997
cs.LO 2405.17072
cs.LO 2405.17109
cs.LO 2405.17304
cs.LO 2405.18181
cs.LO 2405.17595
cs.LO 2405.18182
cs.LO 2405.18388
cs.LO 2405.18650
cs.LO 2405.19037
cs.LO 2405.19040
cs.LO 2405.19304
cs.LO 2405.18548
cs.LO 2405.18942
cs.LO 2405.19095
cs.LO 2405.19096
cs.LO 2405.19157
cs.LO 2405.19270
cs.LO 2405.19354
cs.LO 2405.19787
cs.LO 2405.20263
cs.LO 2405.19968
cs.LO 2405.20057
cs.LO 2405.20083
cs.NA 2405.14883
cs.NA 2405.15059
cs.NA 2405.15180
cs.NA 2405.15253
cs.NA 2405.15315
cs.NA 2405.15557
cs.NA 2405.15593
cs.NA 2405.15643
cs.NA 2405.15676
cs.NA 2405.15136
cs.NA 2405.15344
cs.NA 2405.15419
cs.NA 2405.15507
cs.NA 2405.15533
cs.NA 2405.15559
cs.NA 2405.15573
cs.NA 2405.15656
cs.NA 2405.15686
cs.NA 2405.15735
cs.NA 2405.15955
cs.NA 2405.15986
cs.NA 2405.15992
cs.NA 2405.16020
cs.NA 2405.16359
cs.NA 2405.16563
cs.NA 2405.16651
cs.NA 2405.16679
cs.NA 2405.16841
cs.NA 2405.16903
cs.NA 2405.17018
cs.NA 2405.17068
cs.NA 2405.17087
cs.NA 2405.17211
cs.NA 2405.17277
cs.NA 2405.15799
cs.NA 2405.15993
cs.NA 2405.16040
cs.NA 2405.16076
cs.NA 2405.16111
cs.NA 2405.16117
cs.NA 2405.16172
cs.NA 2405.16201
cs.NA 2405.16232
cs.NA 2405.16291
cs.NA 2405.16400
cs.NA 2405.16582
cs.NA 2405.16768
cs.NA 2405.16827
cs.NA 2405.16864
cs.NA 2405.16894
cs.NA 2405.16917
cs.NA 2405.16985
cs.NA 2405.17090
cs.NA 2405.17204
cs.NA 2405.17487
cs.NA 2405.17527
cs.NA 2405.17693
cs.NA 2405.18074
cs.NA 2405.18412
cs.NA 2405.17601
cs.NA 2405.17652
cs.NA 2405.17735
cs.NA 2405.18034
cs.NA 2405.18082
cs.NA 2405.18094
cs.NA 2405.18363
cs.NA 2405.18399
cs.NA 2405.18705
cs.NA 2405.19256
cs.NA 2405.18550
cs.NA 2405.18567
cs.NA 2405.18619
cs.NA 2405.18964
cs.NA 2405.18982
cs.NA 2405.19003
cs.NA 2405.19004
cs.NA 2405.19044
cs.NA 2405.19048
cs.NA 2405.19170
cs.NA 2405.19246
cs.NA 2405.19679
cs.NA 2405.20116
cs.NA 2405.20182
cs.NA 2405.19483
cs.NA 2405.19500
cs.NA 2405.19554
cs.NA 2405.19582
cs.NA 2405.19713
cs.NA 2405.19844
cs.NA 2405.19896
cs.NA 2405.19969
cs.NA 2405.19994
cs.NA 2405.20000
cs.NA 2405.20006
cs.NA 2405.20020
cs.NA 2405.20065
cs.NA 2405.20094
cs.NA 2405.20150
cs.NA 2405.20211
cs.NA 2405.20338
cs.PL 2405.15578
cs.PL 2405.16450
cs.PL 2405.16708
cs.PL 2405.16883
cs.PL 2405.16997
cs.PL 2405.17065
cs.PL 2405.17238
cs.PL 2405.15822
cs.PL 2405.15880
cs.PL 2405.15912
cs.PL 2405.16384
cs.PL 2405.17503
cs.PL 2405.17514
cs.PL 2405.18315
cs.PL 2405.17438
cs.PL 2405.17590
cs.PL 2405.17681
cs.PL 2405.18242
cs.PL 2405.16956
cs.PL 2405.19032
cs.PL 2405.19250
cs.PL 2405.18575
cs.PL 2405.19040
cs.PL 2405.19787
cs.PL 2405.20083
cs.PL 2405.19514
cs.SE 2405.15165
cs.SE 2405.15614
cs.SE 2405.15722
cs.SE 2405.14906
cs.SE 2405.15008
cs.SE 2405.15066
cs.SE 2405.15130
cs.SE 2405.15189
cs.SE 2405.15450
cs.SE 2405.15516
cs.SE 2405.15630
cs.SE 2405.15637
cs.SE 2405.15665
cs.SE 2405.15690
cs.SE 2405.15729
cs.SE 2405.15737
cs.SE 2405.15752
cs.SE 2405.16655
cs.SE 2405.16956
cs.SE 2405.17065
cs.SE 2405.17238
cs.SE 2405.17363
cs.SE 2405.15793
cs.SE 2405.15802
cs.SE 2405.15842
cs.SE 2405.15866
cs.SE 2405.16063
cs.SE 2405.16081
cs.SE 2405.16133
cs.SE 2405.16272
cs.SE 2405.16746
cs.SE 2405.16880
cs.SE 2405.16914
cs.SE 2405.16981
cs.SE 2405.17019
cs.SE 2405.17451
cs.SE 2405.18174
cs.SE 2405.17492
cs.SE 2405.17503
cs.SE 2405.17514
cs.SE 2405.17939
cs.SE 2405.18062
cs.SE 2405.18216
cs.SE 2405.18649
cs.SE 2405.19032
cs.SE 2405.18539
cs.SE 2405.18573
cs.SE 2405.18574
cs.SE 2405.18838
cs.SE 2405.18841
cs.SE 2405.18847
cs.SE 2405.19250
cs.SE 2405.19576
cs.SE 2405.19856
cs.SE 2405.19948
cs.SE 2405.20092
cs.SE 2405.20183
cs.SE 2405.20247
cs.SE 2405.19581
cs.SE 2405.19623
cs.SE 2405.19641
cs.SE 2405.19706
cs.SE 2405.19782
cs.SE 2405.19976
cs.OS 2405.06085
cs.OS 2405.08187
cs.OS 2405.09213
cs.OS 2405.12079
cs.OS 2405.17442
cs.LG 2405.14877
cs.LG 2405.14878
cs.LG 2405.14891
cs.LG 2405.14896
cs.LG 2405.14899
cs.LG 2405.14900
cs.LG 2405.14913
cs.LG 2405.14925
cs.LG 2405.14930
cs.LG 2405.14956
cs.LG 2405.14961
cs.LG 2405.14986
cs.LG 2405.14992
cs.LG 2405.14995
cs.LG 2405.15007
cs.LG 2405.15012
cs.LG 2405.15019
cs.LG 2405.15036
cs.LG 2405.15039
cs.LG 2405.15050
cs.LG 2405.15054
cs.LG 2405.15074
cs.LG 2405.15084
cs.LG 2405.15096
cs.LG 2405.15098
cs.LG 2405.15103
cs.LG 2405.15105
cs.LG 2405.15106
cs.LG 2405.15107
cs.LG 2405.15130
cs.LG 2405.15132
cs.LG 2405.15154
cs.LG 2405.15158
cs.LG 2405.15164
cs.LG 2405.15167
cs.LG 2405.15172
cs.LG 2405.15184
cs.LG 2405.15223
cs.LG 2405.15230
cs.LG 2405.15251
cs.LG 2405.15254
cs.LG 2405.15269
cs.LG 2405.15280
cs.LG 2405.15294
cs.LG 2405.15302
cs.LG 2405.15330
cs.LG 2405.15337
cs.LG 2405.15346
cs.LG 2405.15357
cs.LG 2405.15358
cs.LG 2405.15379
cs.LG 2405.15393
cs.LG 2405.15406
cs.LG 2405.15412
cs.LG 2405.15428
cs.LG 2405.15431
cs.LG 2405.15434
cs.LG 2405.15438
cs.LG 2405.15441
cs.LG 2405.15442
cs.LG 2405.15452
cs.LG 2405.15459
cs.LG 2405.15473
cs.LG 2405.15485
cs.LG 2405.15489
cs.LG 2405.15500
cs.LG 2405.15508
cs.LG 2405.15509
cs.LG 2405.15514
cs.LG 2405.15517
cs.LG 2405.15523
cs.LG 2405.15524
cs.LG 2405.15539
cs.LG 2405.15542
cs.LG 2405.15544
cs.LG 2405.15545
cs.LG 2405.15579
cs.LG 2405.15600
cs.LG 2405.15616
cs.LG 2405.15625
cs.LG 2405.15636
cs.LG 2405.15643
cs.LG 2405.15655
cs.LG 2405.15676
cs.LG 2405.15687
cs.LG 2405.15699
cs.LG 2405.15712
cs.LG 2405.15719
cs.LG 2405.15723
cs.LG 2405.15727
cs.LG 2405.15729
cs.LG 2405.15739
cs.LG 2405.15750
cs.LG 2405.15754
cs.LG 2405.15765
cs.LG 2405.15768
cs.LG 2405.14885
cs.LG 2405.14893
cs.LG 2405.14908
cs.LG 2405.14917
cs.LG 2405.14918
cs.LG 2405.14923
cs.LG 2405.14932
cs.LG 2405.14953
cs.LG 2405.14957
cs.LG 2405.14973
cs.LG 2405.14981
cs.LG 2405.14982
cs.LG 2405.15002
cs.LG 2405.15006
cs.LG 2405.15010
cs.LG 2405.15013
cs.LG 2405.15018
cs.LG 2405.15025
cs.LG 2405.15031
cs.LG 2405.15047
cs.LG 2405.15052
cs.LG 2405.15055
cs.LG 2405.15056
cs.LG 2405.15059
cs.LG 2405.15062
cs.LG 2405.15063
cs.LG 2405.15065
cs.LG 2405.15079
cs.LG 2405.15081
cs.LG 2405.15090
cs.LG 2405.15094
cs.LG 2405.15115
cs.LG 2405.15116
cs.LG 2405.15119
cs.LG 2405.15120
cs.LG 2405.15124
cs.LG 2405.15135
cs.LG 2405.15140
cs.LG 2405.15143
cs.LG 2405.15150
cs.LG 2405.15177
cs.LG 2405.15194
cs.LG 2405.15200
cs.LG 2405.15216
cs.LG 2405.15218
cs.LG 2405.15228
cs.LG 2405.15231
cs.LG 2405.15240
cs.LG 2405.15244
cs.LG 2405.15245
cs.LG 2405.15247
cs.LG 2405.15252
cs.LG 2405.15256
cs.LG 2405.15268
cs.LG 2405.15273
cs.LG 2405.15282
cs.LG 2405.15285
cs.LG 2405.15292
cs.LG 2405.15301
cs.LG 2405.15303
cs.LG 2405.15304
cs.LG 2405.15310
cs.LG 2405.15312
cs.LG 2405.15314
cs.LG 2405.15316
cs.LG 2405.15317
cs.LG 2405.15325
cs.LG 2405.15328
cs.LG 2405.15332
cs.LG 2405.15362
cs.LG 2405.15369
cs.LG 2405.15376
cs.LG 2405.15384
cs.LG 2405.15389
cs.LG 2405.15403
cs.LG 2405.15407
cs.LG 2405.15421
cs.LG 2405.15423
cs.LG 2405.15424
cs.LG 2405.15429
cs.LG 2405.15430
cs.LG 2405.15443
cs.LG 2405.15444
cs.LG 2405.15446
cs.LG 2405.15458
cs.LG 2405.15474
cs.LG 2405.15476
cs.LG 2405.15480
cs.LG 2405.15481
cs.LG 2405.15495
cs.LG 2405.15505
cs.LG 2405.15506
cs.LG 2405.15512
cs.LG 2405.15540
cs.LG 2405.15551
cs.LG 2405.15556
cs.LG 2405.15557
cs.LG 2405.15564
cs.LG 2405.15583
cs.LG 2405.15586
cs.LG 2405.15589
cs.LG 2405.15593
cs.LG 2405.15598
cs.LG 2405.15599
cs.LG 2405.15603
cs.LG 2405.15605
cs.LG 2405.15613
cs.LG 2405.15618
cs.LG 2405.15624
cs.LG 2405.15632
cs.LG 2405.15642
cs.LG 2405.15644
cs.LG 2405.15662
cs.LG 2405.15673
cs.LG 2405.15682
cs.LG 2405.15706
cs.LG 2405.15709
cs.LG 2405.15722
cs.LG 2405.15731
cs.LG 2405.15732
cs.LG 2405.15743
cs.LG 2405.15744
cs.LG 2405.15756
cs.LG 2405.15767
cs.LG 2405.14018
cs.LG 2405.15771
cs.LG 2405.15773
cs.LG 2405.15778
cs.LG 2405.15780
cs.LG 2405.15788
cs.LG 2405.15789
cs.LG 2405.15793
cs.LG 2405.15805
cs.LG 2405.15815
cs.LG 2405.15816
cs.LG 2405.15821
cs.LG 2405.15831
cs.LG 2405.15834
cs.LG 2405.15840
cs.LG 2405.15842
cs.LG 2405.15868
cs.LG 2405.15881
cs.LG 2405.15891
cs.LG 2405.15894
cs.LG 2405.15908
cs.LG 2405.15912
cs.LG 2405.15925
cs.LG 2405.15928
cs.LG 2405.15941
cs.LG 2405.15950
cs.LG 2405.15956
cs.LG 2405.15973
cs.LG 2405.15975
cs.LG 2405.15983
cs.LG 2405.16000
cs.LG 2405.16003
cs.LG 2405.16051
cs.LG 2405.16055
cs.LG 2405.16057
cs.LG 2405.16088
cs.LG 2405.16114
cs.LG 2405.16115
cs.LG 2405.16122
cs.LG 2405.16126
cs.LG 2405.16136
cs.LG 2405.16184
cs.LG 2405.16213
cs.LG 2405.16226
cs.LG 2405.16236
cs.LG 2405.16248
cs.LG 2405.16259
cs.LG 2405.16260
cs.LG 2405.16266
cs.LG 2405.16277
cs.LG 2405.16282
cs.LG 2405.16288
cs.LG 2405.16295
cs.LG 2405.16301
cs.LG 2405.16335
cs.LG 2405.16339
cs.LG 2405.16350
cs.LG 2405.16351
cs.LG 2405.16387
cs.LG 2405.16388
cs.LG 2405.16390
cs.LG 2405.16401
cs.LG 2405.16409
cs.LG 2405.16412
cs.LG 2405.16413
cs.LG 2405.16422
cs.LG 2405.16424
cs.LG 2405.16439
cs.LG 2405.16453
cs.LG 2405.16455
cs.LG 2405.16476
cs.LG 2405.16496
cs.LG 2405.16503
cs.LG 2405.16510
cs.LG 2405.16541
cs.LG 2405.16564
cs.LG 2405.16577
cs.LG 2405.16580
cs.LG 2405.16594
cs.LG 2405.16610
cs.LG 2405.16628
cs.LG 2405.16630
cs.LG 2405.16644
cs.LG 2405.16655
cs.LG 2405.16661
cs.LG 2405.16663
cs.LG 2405.16672
cs.LG 2405.16683
cs.LG 2405.16684
cs.LG 2405.16700
cs.LG 2405.16714
cs.LG 2405.16728
cs.LG 2405.16729
cs.LG 2405.16732
cs.LG 2405.16734
cs.LG 2405.16748
cs.LG 2405.16759
cs.LG 2405.16761
cs.LG 2405.16762
cs.LG 2405.16766
cs.LG 2405.16772
cs.LG 2405.16783
cs.LG 2405.16802
cs.LG 2405.16830
cs.LG 2405.16837
cs.LG 2405.16850
cs.LG 2405.16851
cs.LG 2405.16861
cs.LG 2405.16865
cs.LG 2405.16906
cs.LG 2405.16907
cs.LG 2405.16915
cs.LG 2405.16922
cs.LG 2405.16954
cs.LG 2405.16958
cs.LG 2405.17017
cs.LG 2405.17030
cs.LG 2405.17039
cs.LG 2405.17044
cs.LG 2405.17047
cs.LG 2405.17053
cs.LG 2405.17060
cs.LG 2405.17066
cs.LG 2405.17069
cs.LG 2405.17070
cs.LG 2405.17079
cs.LG 2405.17094
cs.LG 2405.17097
cs.LG 2405.17116
cs.LG 2405.17120
cs.LG 2405.17139
cs.LG 2405.17156
cs.LG 2405.17202
cs.LG 2405.17206
cs.LG 2405.17234
cs.LG 2405.17245
cs.LG 2405.17248
cs.LG 2405.17264
cs.LG 2405.17282
cs.LG 2405.17299
cs.LG 2405.17325
cs.LG 2405.17333
cs.LG 2405.17370
cs.LG 2405.17372
cs.LG 2405.17394
cs.LG 2405.17406
cs.LG 2405.17412
cs.LG 2405.17419
cs.LG 2405.17422
cs.LG 2405.17428
cs.LG 2405.17430
cs.LG 2405.15824
cs.LG 2405.15829
cs.LG 2405.15861
cs.LG 2405.15871
cs.LG 2405.15877
cs.LG 2405.15882
cs.LG 2405.15885
cs.LG 2405.15895
cs.LG 2405.15903
cs.LG 2405.15911
cs.LG 2405.15913
cs.LG 2405.15920
cs.LG 2405.15926
cs.LG 2405.15934
cs.LG 2405.15942
cs.LG 2405.15943
cs.LG 2405.15971
cs.LG 2405.15979
cs.LG 2405.15986
cs.LG 2405.15988
cs.LG 2405.15991
cs.LG 2405.15992
cs.LG 2405.15994
cs.LG 2405.16002
cs.LG 2405.16012
cs.LG 2405.16013
cs.LG 2405.16027
cs.LG 2405.16029
cs.LG 2405.16030
cs.LG 2405.16036
cs.LG 2405.16039
cs.LG 2405.16041
cs.LG 2405.16043
cs.LG 2405.16053
cs.LG 2405.16056
cs.LG 2405.16069
cs.LG 2405.16075
cs.LG 2405.16077
cs.LG 2405.16083
cs.LG 2405.16104
cs.LG 2405.16113
cs.LG 2405.16118
cs.LG 2405.16119
cs.LG 2405.16124
cs.LG 2405.16130
cs.LG 2405.16141
cs.LG 2405.16148
cs.LG 2405.16156
cs.LG 2405.16158
cs.LG 2405.16159
cs.LG 2405.16164
cs.LG 2405.16168
cs.LG 2405.16173
cs.LG 2405.16183
cs.LG 2405.16185
cs.LG 2405.16194
cs.LG 2405.16195
cs.LG 2405.16196
cs.LG 2405.16203
cs.LG 2405.16206
cs.LG 2405.16219
cs.LG 2405.16224
cs.LG 2405.16225
cs.LG 2405.16233
cs.LG 2405.16240
cs.LG 2405.16255
cs.LG 2405.16258
cs.LG 2405.16262
cs.LG 2405.16265
cs.LG 2405.16267
cs.LG 2405.16285
cs.LG 2405.16286
cs.LG 2405.16287
cs.LG 2405.16297
cs.LG 2405.16304
cs.LG 2405.16305
cs.LG 2405.16312
cs.LG 2405.16325
cs.LG 2405.16361
cs.LG 2405.16368
cs.LG 2405.16380
cs.LG 2405.16381
cs.LG 2405.16383
cs.LG 2405.16386
cs.LG 2405.16391
cs.LG 2405.16395
cs.LG 2405.16396
cs.LG 2405.16397
cs.LG 2405.16405
cs.LG 2405.16406
cs.LG 2405.16411
cs.LG 2405.16418
cs.LG 2405.16435
cs.LG 2405.16436
cs.LG 2405.16440
cs.LG 2405.16441
cs.LG 2405.16444
cs.LG 2405.16447
cs.LG 2405.16449
cs.LG 2405.16450
cs.LG 2405.16456
cs.LG 2405.16460
cs.LG 2405.16472
cs.LG 2405.16474
cs.LG 2405.16475
cs.LG 2405.16489
cs.LG 2405.16498
cs.LG 2405.16504
cs.LG 2405.16506
cs.LG 2405.16507
cs.LG 2405.16508
cs.LG 2405.16511
cs.LG 2405.16519
cs.LG 2405.16522
cs.LG 2405.16528
cs.LG 2405.16557
cs.LG 2405.16560
cs.LG 2405.16563
cs.LG 2405.16581
cs.LG 2405.16585
cs.LG 2405.16587
cs.LG 2405.16598
cs.LG 2405.16601
cs.LG 2405.16608
cs.LG 2405.16616
cs.LG 2405.16623
cs.LG 2405.16639
cs.LG 2405.16642
cs.LG 2405.16646
cs.LG 2405.16658
cs.LG 2405.16666
cs.LG 2405.16668
cs.LG 2405.16671
cs.LG 2405.16674
cs.LG 2405.16682
cs.LG 2405.16697
cs.LG 2405.16712
cs.LG 2405.16718
cs.LG 2405.16726
cs.LG 2405.16727
cs.LG 2405.16730
cs.LG 2405.16731
cs.LG 2405.16739
cs.LG 2405.16747
cs.LG 2405.16749
cs.LG 2405.16752
cs.LG 2405.16755
cs.LG 2405.16756
cs.LG 2405.16763
cs.LG 2405.16765
cs.LG 2405.16770
cs.LG 2405.16771
cs.LG 2405.16798
cs.LG 2405.16799
cs.LG 2405.16800
cs.LG 2405.16805
cs.LG 2405.16809
cs.LG 2405.16819
cs.LG 2405.16820
cs.LG 2405.16828
cs.LG 2405.16833
cs.LG 2405.16836
cs.LG 2405.16843
cs.LG 2405.16845
cs.LG 2405.16852
cs.LG 2405.16876
cs.LG 2405.16877
cs.LG 2405.16879
cs.LG 2405.16883
cs.LG 2405.16899
cs.LG 2405.16901
cs.LG 2405.16902
cs.LG 2405.16918
cs.LG 2405.16924
cs.LG 2405.16951
cs.LG 2405.16956
cs.LG 2405.16966
cs.LG 2405.16971
cs.LG 2405.16978
cs.SD 2405.15085
cs.LG 2405.17003
cs.SD 2405.15216
cs.LG 2405.17027
cs.SD 2405.15096
cs.LG 2405.17031
cs.SD 2405.15103
cs.LG 2405.17034
cs.SD 2405.15338
cs.LG 2405.17035
cs.SD 2405.15655
cs.LG 2405.17042
cs.SD 2405.15923
cs.LG 2405.17049
cs.SD 2405.16136
cs.LG 2405.17050
cs.SD 2405.16677
cs.LG 2405.17051
cs.SD 2405.17100
cs.LG 2405.17054
cs.SD 2405.15863
cs.LG 2405.17059
cs.SD 2405.16000
cs.LG 2405.17061
cs.SD 2405.16687
cs.LG 2405.17068
cs.SD 2405.16797
cs.LG 2405.17075
cs.SD 2405.17028
cs.LG 2405.17081
cs.SD 2405.17206
cs.LG 2405.17088
cs.SD 2405.17413
cs.LG 2405.17098
cs.SD 2405.17569
cs.LG 2405.17108
cs.SD 2405.17809
cs.LG 2405.17111
cs.SD 2405.17842
cs.LG 2405.17130
cs.SD 2405.17615
cs.LG 2405.17132
cs.SD 2405.18153
cs.LG 2405.17151
cs.SD 2405.18213
cs.LG 2405.17163
cs.SD 2405.18386
cs.LG 2405.17164
cs.SD 2405.18639
cs.SD 2405.19041
cs.LG 2405.17170
cs.SD 2405.18503
cs.LG 2405.17181
cs.LG 2405.17198
cs.SD 2405.18726
cs.LG 2405.17209
cs.SD 2405.19426
cs.LG 2405.17211
cs.SD 2405.19497
cs.LG 2405.17216
cs.SD 2405.20064
cs.SD 2405.20336
cs.LG 2405.17222
cs.SD 2405.19342
cs.LG 2405.17233
cs.SD 2405.19343
cs.LG 2405.17243
cs.SD 2405.19796
cs.LG 2405.17247
cs.SD 2405.20059
cs.LG 2405.17253
cs.SD 2405.20101
cs.LG 2405.17258
cs.SD 2405.20172
cs.LG 2405.17260
cs.SD 2405.20289
cs.LG 2405.17267
cs.LG 2405.17272
cs.LG 2405.17277
cs.LG 2405.17283
cs.LG 2405.17287
cs.LG 2405.17293
cs.LG 2405.17309
cs.LG 2405.17311
cs.LG 2405.17324
cs.LG 2405.17339
cs.LG 2405.17346
cs.LG 2405.17352
cs.LG 2405.17358
cs.LG 2405.17366
cs.LG 2405.17374
cs.LG 2405.17377
cs.LG 2405.17378
cs.LG 2405.17382
cs.LG 2405.17391
cs.LG 2405.17399
cs.LG 2405.17401
cs.LG 2405.17403
cs.LG 2405.17404
cs.LG 2405.17416
cs.LG 2405.17420
cs.LG 2405.17425
cs.LG 2405.16153
cs.LG 2405.17436
cs.LG 2405.17438
cs.LG 2405.17439
cs.LG 2405.17442
cs.LG 2405.17444
cs.LG 2405.17447
cs.LG 2405.17449
cs.LG 2405.17450
cs.LG 2405.17455
cs.LG 2405.17456
cs.LG 2405.17457
cs.LG 2405.17463
cs.LG 2405.17475
cs.LG 2405.17483
cs.LG 2405.17486
cs.LG 2405.17516
cs.LG 2405.17523
cs.LG 2405.17533
cs.LG 2405.17538
cs.LG 2405.17541
cs.LG 2405.17566
cs.LG 2405.17573
cs.LG 2405.17587
cs.LG 2405.17607
cs.LG 2405.17610
cs.LG 2405.17612
cs.LG 2405.17613
cs.LG 2405.17615
cs.LG 2405.17666
cs.LG 2405.17667
cs.LG 2405.17673
cs.LG 2405.17691
cs.LG 2405.17693
cs.LG 2405.17700
cs.LG 2405.17712
cs.LG 2405.17713
cs.LG 2405.17718
cs.LG 2405.17720
cs.LG 2405.17730
cs.LG 2405.17743
cs.LG 2405.17756
cs.LG 2405.17816
cs.LG 2405.17823
cs.LG 2405.17836
cs.LG 2405.17842
cs.LG 2405.17875
cs.LG 2405.17890
cs.LG 2405.17902
cs.LG 2405.17905
cs.LG 2405.17927
cs.LG 2405.17931
cs.LG 2405.17955
cs.LG 2405.17969
cs.LG 2405.17995
cs.LG 2405.18009
cs.LG 2405.18029
cs.LG 2405.18031
cs.LG 2405.18042
cs.LG 2405.18068
cs.LG 2405.18091
cs.LG 2405.18093
cs.LG 2405.18095
cs.LG 2405.18119
cs.LG 2405.18146
cs.LG 2405.18153
cs.LG 2405.18172
cs.LG 2405.18176
cs.LG 2405.18180
cs.LG 2405.18196
cs.LG 2405.18208
cs.LG 2405.18209
cs.LG 2405.18220
cs.LG 2405.18221
cs.LG 2405.18236
cs.LG 2405.18267
cs.LG 2405.18273
cs.LG 2405.18274
cs.LG 2405.18278
cs.LG 2405.18284
cs.LG 2405.18298
cs.LG 2405.18299
cs.LG 2405.18306
cs.LG 2405.18327
cs.LG 2405.18334
cs.LG 2405.18335
cs.LG 2405.18358
cs.LG 2405.18359
cs.LG 2405.18369
cs.LG 2405.18373
cs.LG 2405.18379
cs.LG 2405.18383
cs.LG 2405.18386
cs.LG 2405.18400
cs.LG 2405.18414
cs.LG 2405.18415
cs.LG 2405.18427
cs.LG 2405.17440
cs.LG 2405.17445
cs.LG 2405.17451
cs.LG 2405.17458
cs.LG 2405.17459
cs.LG 2405.17460
cs.LG 2405.17461
cs.LG 2405.17462
cs.LG 2405.17464
cs.LG 2405.17465
cs.LG 2405.17466
cs.LG 2405.17467
cs.LG 2405.17468
cs.LG 2405.17469
cs.LG 2405.17470
cs.LG 2405.17471
cs.LG 2405.17472
cs.LG 2405.17473
cs.LG 2405.17474
cs.LG 2405.17476
cs.LG 2405.17477
cs.LG 2405.17478
cs.LG 2405.17479
cs.LG 2405.17481
cs.LG 2405.17484
cs.LG 2405.17485
cs.LG 2405.17488
cs.LG 2405.17489
cs.LG 2405.17490
cs.LG 2405.17493
cs.LG 2405.17494
cs.LG 2405.17495
cs.LG 2405.17497
cs.LG 2405.17501
cs.LG 2405.17502
cs.LG 2405.17505
cs.LG 2405.17506
cs.LG 2405.17507
cs.LG 2405.17508
cs.LG 2405.17509
cs.LG 2405.17512
cs.LG 2405.17517
cs.LG 2405.17522
cs.LG 2405.17525
cs.LG 2405.17527
cs.LG 2405.17529
cs.LG 2405.17534
cs.LG 2405.17535
cs.LG 2405.17544
cs.LG 2405.17556
cs.LG 2405.17569
cs.LG 2405.17575
cs.LG 2405.17580
cs.LG 2405.17582
cs.LG 2405.17583
cs.LG 2405.17604
cs.LG 2405.17618
cs.LG 2405.17625
cs.LG 2405.17626
cs.LG 2405.17627
cs.LG 2405.17628
cs.LG 2405.17638
cs.LG 2405.17640
cs.LG 2405.17642
cs.LG 2405.17653
cs.LG 2405.17656
cs.LG 2405.17663
cs.LG 2405.17672
cs.LG 2405.17696
cs.LG 2405.17697
cs.LG 2405.17703
cs.LG 2405.17708
cs.LG 2405.17734
cs.LG 2405.17746
cs.LG 2405.17750
cs.LG 2405.17761
cs.LG 2405.17766
cs.LG 2405.17767
cs.LG 2405.17768
cs.LG 2405.17776
cs.LG 2405.17779
cs.LG 2405.17782
cs.LG 2405.17784
cs.LG 2405.17796
cs.LG 2405.17799
cs.LG 2405.17802
cs.LG 2405.17829
cs.LG 2405.17832
cs.LG 2405.17838
cs.LG 2405.17849
cs.LG 2405.17862
cs.LG 2405.17874
cs.LG 2405.17876
cs.LG 2405.17878
cs.LG 2405.17879
cs.LG 2405.17880
cs.LG 2405.17881
cs.LG 2405.17882
cs.LG 2405.17889
cs.LG 2405.17897
cs.LG 2405.17898
cs.LG 2405.17914
cs.LG 2405.17918
cs.LG 2405.17932
cs.LG 2405.17938
cs.LG 2405.17951
cs.LG 2405.17968
cs.LG 2405.17983
cs.LG 2405.17984
cs.LG 2405.18036
cs.LG 2405.18039
cs.LG 2405.18040
cs.LG 2405.18045
cs.LG 2405.18047
cs.LG 2405.18050
cs.LG 2405.18069
cs.LG 2405.18075
cs.LG 2405.18077
cs.LG 2405.18080
cs.LG 2405.18084
cs.LG 2405.18100
cs.LG 2405.18110
cs.LG 2405.18127
cs.LG 2405.18137
cs.LG 2405.18144
cs.LG 2405.18161
cs.LG 2405.18165
cs.LG 2405.18187
cs.LG 2405.18190
cs.LG 2405.18193
cs.LG 2405.18194
cs.LG 2405.18199
cs.LG 2405.18202
cs.LG 2405.18206
cs.LG 2405.18217
cs.LG 2405.18218
cs.LG 2405.18222
cs.LG 2405.18237
cs.LG 2405.18253
cs.LG 2405.18281
cs.LG 2405.18289
cs.LG 2405.18291
cs.LG 2405.18293
cs.LG 2405.18296
cs.LG 2405.18311
cs.LG 2405.18314
cs.LG 2405.18328
cs.LG 2405.18347
cs.LG 2405.18351
cs.LG 2405.18353
cs.LG 2405.18376
cs.LG 2405.18378
cs.LG 2405.18380
cs.LG 2405.18392
cs.LG 2405.18395
cs.LG 2405.18401
cs.LG 2405.18407
cs.LG 2405.18418
cs.LG 2405.18432
cs.LG 2405.18444
cs.LG 2405.18449
cs.LG 2405.18459
cs.LG 2405.18461
cs.LG 2405.18471
cs.LG 2405.18489
cs.LG 2405.18499
cs.LG 2405.18503
cs.LG 2405.18537
cs.LG 2405.18540
cs.LG 2405.18542
cs.LG 2405.18548
cs.LG 2405.18560
cs.LG 2405.18568
cs.LG 2405.18570
cs.LG 2405.18577
cs.LG 2405.18580
cs.LG 2405.18590
cs.LG 2405.18601
cs.LG 2405.18613
cs.LG 2405.18614
cs.LG 2405.18622
cs.LG 2405.18639
cs.LG 2405.18662
cs.LG 2405.18680
cs.LG 2405.18682
cs.LG 2405.18686
cs.LG 2405.18687
cs.LG 2405.18724
cs.LG 2405.18732
cs.LG 2405.18746
cs.LG 2405.18754
cs.LG 2405.18768
cs.LG 2405.18776
cs.LG 2405.18777
cs.LG 2405.18780
cs.LG 2405.18795
cs.LG 2405.18816
cs.LG 2405.18831
cs.LG 2405.18836
cs.LG 2405.18843
cs.LG 2405.18845
cs.LG 2405.18861
cs.LG 2405.18871
cs.LG 2405.18878
cs.LG 2405.18888
cs.LG 2405.18906
cs.LG 2405.18918
cs.LG 2405.18929
cs.LG 2405.18931
cs.LG 2405.18932
cs.LG 2405.18938
cs.LG 2405.18941
cs.LG 2405.18942
cs.LG 2405.18944
cs.LG 2405.18945
cs.LG 2405.18948
cs.LG 2405.18952
cs.LG 2405.18968
cs.LG 2405.18997
cs.LG 2405.19015
cs.LG 2405.19019
cs.LG 2405.19032
cs.LG 2405.19036
cs.LG 2405.19053
cs.LG 2405.19065
cs.LG 2405.19076
cs.LG 2405.19103
cs.LG 2405.19146
cs.LG 2405.19178
cs.LG 2405.19186
cs.LG 2405.19206
cs.LG 2405.19213
cs.LG 2405.19217
cs.LG 2405.19221
cs.LG 2405.19230
cs.LG 2405.19236
cs.LG 2405.19237
cs.LG 2405.19261
cs.LG 2405.19262
cs.LG 2405.19276
cs.LG 2405.19296
cs.LG 2405.19315
cs.LG 2405.19323
cs.LG 2405.19327
cs.LG 2405.19335
cs.LG 2405.18457
cs.LG 2405.18458
cs.LG 2405.18498
cs.LG 2405.18507
cs.LG 2405.18512
cs.LG 2405.18515
cs.LG 2405.18518
cs.LG 2405.18520
cs.LG 2405.18536
cs.LG 2405.18549
cs.LG 2405.18552
cs.LG 2405.18554
cs.LG 2405.18556
cs.LG 2405.18563
cs.LG 2405.18572
cs.LG 2405.18610
cs.LG 2405.18621
cs.LG 2405.18626
cs.LG 2405.18627
cs.LG 2405.18628
cs.LG 2405.18634
cs.LG 2405.18635
cs.LG 2405.18641
cs.LG 2405.18655
cs.LG 2405.18664
cs.LG 2405.18669
cs.LG 2405.18670
cs.LG 2405.18671
cs.LG 2405.18674
cs.LG 2405.18688
cs.LG 2405.18693
cs.LG 2405.18698
cs.LG 2405.18707
cs.LG 2405.18710
cs.LG 2405.18723
cs.LG 2405.18725
cs.LG 2405.18729
cs.LG 2405.18749
cs.LG 2405.18753
cs.LG 2405.18756
cs.LG 2405.18758
cs.LG 2405.18761
cs.LG 2405.18765
cs.LG 2405.18781
cs.LG 2405.18786
cs.LG 2405.18792
cs.LG 2405.18793
cs.LG 2405.18805
cs.LG 2405.18832
cs.LG 2405.18848
cs.LG 2405.18869
cs.LG 2405.18877
cs.LG 2405.18879
cs.LG 2405.18881
cs.LG 2405.18886
cs.LG 2405.18890
cs.LG 2405.18894
cs.LG 2405.18896
cs.LG 2405.18902
cs.LG 2405.18913
cs.LG 2405.18917
cs.LG 2405.18921
cs.LG 2405.18925
cs.LG 2405.18933
cs.LG 2405.18953
cs.LG 2405.18972
cs.LG 2405.18975
cs.LG 2405.18979
cs.LG 2405.18983
cs.LG 2405.18984
cs.LG 2405.18986
cs.LG 2405.19000
cs.LG 2405.19013
cs.LG 2405.19014
cs.LG 2405.19017
cs.LG 2405.19022
cs.LG 2405.19024
cs.LG 2405.19026
cs.LG 2405.19033
cs.LG 2405.19047
cs.LG 2405.19059
cs.LG 2405.19062
cs.LG 2405.19072
cs.LG 2405.19080
cs.LG 2405.19098
cs.LG 2405.19101
cs.LG 2405.19107
cs.LG 2405.19119
cs.LG 2405.19121
cs.LG 2405.19153
cs.LG 2405.19156
cs.LG 2405.19162
cs.LG 2405.19166
cs.LG 2405.19175
cs.LG 2405.19189
cs.LG 2405.19202
cs.LG 2405.19210
cs.LG 2405.19211
cs.LG 2405.19212
cs.LG 2405.19225
cs.LG 2405.19234
cs.LG 2405.19247
cs.LG 2405.19256
cs.LG 2405.19269
cs.LG 2405.19272
cs.LG 2405.19277
cs.LG 2405.19279
cs.LG 2405.19300
cs.LG 2405.19316
cs.LG 2405.19317
cs.LG 2405.19320
cs.LG 2405.19332
cs.LG 2405.19340
cs.LG 2405.19342
cs.LG 2405.19345
cs.LG 2405.19346
cs.LG 2405.19347
cs.LG 2405.19348
cs.LG 2405.19349
cs.LG 2405.19351
cs.LG 2405.19356
cs.LG 2405.19359
cs.LG 2405.19363
cs.LG 2405.19373
cs.LG 2405.19374
cs.LG 2405.19375
cs.LG 2405.19380
cs.LG 2405.19383
cs.LG 2405.19384
cs.LG 2405.19397
cs.LG 2405.19398
cs.LG 2405.19452
cs.LG 2405.19463
cs.LG 2405.19479
cs.LG 2405.19486
cs.LG 2405.19497
cs.LG 2405.19516
cs.LG 2405.19518
cs.LG 2405.19531
cs.LG 2405.19538
cs.LG 2405.19542
cs.LG 2405.19544
cs.LG 2405.19553
cs.LG 2405.19562
cs.LG 2405.19567
cs.LG 2405.19586
cs.LG 2405.19610
cs.LG 2405.19616
cs.LG 2405.19644
cs.LG 2405.19648
cs.LG 2405.19665
cs.LG 2405.19672
cs.LG 2405.19681
cs.LG 2405.19683
cs.LG 2405.19697
cs.LG 2405.19704
cs.LG 2405.19715
cs.LG 2405.19730
cs.LG 2405.19732
cs.LG 2405.19760
cs.LG 2405.19779
cs.LG 2405.19783
cs.LG 2405.19784
cs.LG 2405.19787
cs.LG 2405.19805
cs.LG 2405.19874
cs.LG 2405.19886
cs.LG 2405.19889
cs.LG 2405.19912
cs.LG 2405.19931
cs.LG 2405.19954
cs.LG 2405.19967
cs.LG 2405.19971
cs.LG 2405.19977
cs.LG 2405.19985
cs.LG 2405.19988
cs.LG 2405.19995
cs.LG 2405.20018
cs.LG 2405.20039
cs.LG 2405.20052
cs.LG 2405.20053
cs.LG 2405.20071
cs.LG 2405.20079
cs.LG 2405.20086
cs.LG 2405.20091
cs.LG 2405.20094
cs.LG 2405.20124
cs.LG 2405.20127
cs.LG 2405.20139
cs.LG 2405.20165
cs.LG 2405.20172
cs.LG 2405.20178
cs.LG 2405.20213
cs.LG 2405.20216
cs.LG 2405.20230
cs.LG 2405.20236
cs.LG 2405.20237
cs.LG 2405.20245
cs.LG 2405.20247
cs.LG 2405.20250
cs.LG 2405.20274
cs.LG 2405.20289
cs.LG 2405.20304
cs.LG 2405.20318
cs.LG 2405.20320
cs.LG 2405.20321
cs.LG 2405.20324
cs.LG 2405.20343
cs.LG 2405.19376
cs.LG 2405.19414
cs.LG 2405.19420
cs.LG 2405.19440
cs.LG 2405.19454
cs.LG 2405.19461
cs.LG 2405.19466
cs.LG 2405.19471
cs.LG 2405.19499
cs.LG 2405.19513
cs.LG 2405.19521
cs.LG 2405.19532
cs.LG 2405.19534
cs.LG 2405.19547
cs.LG 2405.19548
cs.LG 2405.19550
cs.LG 2405.19559
cs.LG 2405.19590
cs.LG 2405.19592
cs.LG 2405.19597
cs.LG 2405.19600
cs.LG 2405.19647
cs.LG 2405.19649
cs.LG 2405.19650
cs.LG 2405.19653
cs.LG 2405.19661
cs.LG 2405.19667
cs.LG 2405.19673
cs.LG 2405.19679
cs.LG 2405.19690
cs.LG 2405.19703
cs.LG 2405.19705
cs.LG 2405.19729
cs.LG 2405.19747
cs.LG 2405.19752
cs.LG 2405.19757
cs.LG 2405.19785
cs.LG 2405.19789
cs.LG 2405.19804
cs.LG 2405.19806
cs.LG 2405.19807
cs.LG 2405.19811
cs.LG 2405.19823
cs.LG 2405.19836
cs.LG 2405.19864
cs.LG 2405.19870
cs.LG 2405.19878
cs.LG 2405.19883
cs.LG 2405.19885
cs.LG 2405.19888
cs.LG 2405.19893
cs.LG 2405.19901
cs.LG 2405.19902
cs.LG 2405.19909
cs.LG 2405.19919
cs.LG 2405.19928
cs.LG 2405.19933
cs.LG 2405.19950
cs.LG 2405.19961
cs.LG 2405.19978
cs.LG 2405.20003
cs.LG 2405.20012
cs.LG 2405.20014
cs.LG 2405.20028
cs.LG 2405.20029
cs.LG 2405.20042
cs.LG 2405.20045
cs.LG 2405.20051
cs.LG 2405.20082
cs.LG 2405.20085
cs.LG 2405.20114
cs.LG 2405.20174
cs.LG 2405.20180
cs.LG 2405.20194
cs.LG 2405.20200
cs.LG 2405.20231
cs.LG 2405.20233
cs.LG 2405.20271
cs.LG 2405.20272
cs.LG 2405.20278
cs.LG 2405.20287
cs.LG 2405.20309
cs.LG 2405.20313
cs.LG 2405.20331
cs.LG 2405.20341
cs.RO 2405.15037
cs.RO 2405.15054
cs.RO 2405.15151
cs.RO 2405.15170
cs.RO 2405.15222
cs.RO 2405.15223
cs.RO 2405.15388
cs.RO 2405.15417
cs.RO 2405.15447
cs.RO 2405.15724
cs.RO 2405.15005
cs.RO 2405.15019
cs.RO 2405.15023
cs.RO 2405.15082
cs.RO 2405.15100
cs.RO 2405.15101
cs.RO 2405.15113
cs.RO 2405.15227
cs.RO 2405.15266
cs.RO 2405.15324
cs.RO 2405.15336
cs.RO 2405.15373
cs.RO 2405.15377
cs.RO 2405.15460
cs.RO 2405.15562
cs.RO 2405.15608
cs.RO 2405.15646
cs.RO 2405.15664
cs.RO 2405.15677
cs.RO 2405.15711
cs.RO 2405.15916
cs.RO 2405.16194
cs.RO 2405.16604
cs.RO 2405.16887
cs.RO 2405.16960
cs.RO 2405.16994
cs.RO 2405.17102
cs.RO 2405.17187
cs.RO 2405.17339
cs.RO 2405.17372
cs.RO 2405.17416
cs.RO 2405.17426
cs.RO 2405.15771
cs.RO 2405.15772
cs.RO 2405.15773
cs.RO 2405.15774
cs.RO 2405.15775
cs.RO 2405.15776
cs.RO 2405.15777
cs.RO 2405.15982
cs.RO 2405.15997
cs.RO 2405.16021
cs.RO 2405.16084
cs.RO 2405.16137
cs.RO 2405.16266
cs.RO 2405.16335
cs.RO 2405.16344
cs.RO 2405.16358
cs.RO 2405.16369
cs.RO 2405.16430
cs.RO 2405.16439
cs.RO 2405.16445
cs.RO 2405.16464
cs.RO 2405.16487
cs.RO 2405.16545
cs.RO 2405.16559
cs.RO 2405.16599
cs.RO 2405.16652
cs.RO 2405.16659
cs.RO 2405.16692
cs.RO 2405.16710
cs.RO 2405.16754
cs.RO 2405.16774
cs.RO 2405.16818
cs.RO 2405.16830
cs.RO 2405.16867
cs.RO 2405.16875
cs.RO 2405.16932
cs.RO 2405.17020
cs.RO 2405.17047
cs.RO 2405.17073
cs.RO 2405.17080
cs.RO 2405.17127
cs.RO 2405.17171
cs.RO 2405.17227
cs.RO 2405.17250
cs.RO 2405.17278
cs.RO 2405.17279
cs.RO 2405.17779
cs.RO 2405.17832
cs.RO 2405.17859
cs.RO 2405.17910
cs.RO 2405.17942
cs.RO 2405.18092
cs.RO 2405.18299
cs.RO 2405.18418
cs.RO 2405.17435
cs.RO 2405.17579
cs.RO 2405.17600
cs.RO 2405.17603
cs.RO 2405.17606
cs.RO 2405.17636
cs.RO 2405.17657
cs.RO 2405.17665
cs.RO 2405.17670
cs.RO 2405.17769
cs.RO 2405.17794
cs.RO 2405.17844
cs.RO 2405.17846
cs.RO 2405.17868
cs.RO 2405.17940
cs.RO 2405.18170
cs.RO 2405.18196
cs.RO 2405.18209
cs.RO 2405.18214
cs.RO 2405.18234
cs.RO 2405.18251
cs.RO 2405.18324
cs.RO 2405.18554
cs.RO 2405.18734
cs.RO 2405.18852
cs.RO 2405.18917
cs.RO 2405.18999
cs.RO 2405.19179
cs.RO 2405.18551
cs.RO 2405.18558
cs.RO 2405.18582
cs.RO 2405.18600
cs.RO 2405.18687
cs.RO 2405.18695
cs.RO 2405.18730
cs.RO 2405.18757
cs.RO 2405.18804
cs.RO 2405.18830
cs.RO 2405.18860
cs.RO 2405.18948
cs.RO 2405.18965
cs.RO 2405.19001
cs.RO 2405.19035
cs.RO 2405.19038
cs.RO 2405.19081
cs.RO 2405.19183
cs.RO 2405.19232
cs.RO 2405.19257
cs.RO 2405.19291
cs.RO 2405.19301
cs.RO 2405.19307
cs.RO 2405.19309
cs.RO 2405.19356
cs.RO 2405.19516
cs.RO 2405.19542
cs.RO 2405.19570
cs.RO 2405.19586
cs.RO 2405.19743
cs.RO 2405.19783
cs.RO 2405.19817
cs.RO 2405.19909
cs.RO 2405.19921
cs.RO 2405.20179
cs.RO 2405.19430
cs.RO 2405.19438
cs.RO 2405.19452
cs.RO 2405.19528
cs.RO 2405.19531
cs.RO 2405.19614
cs.RO 2405.19630
cs.RO 2405.19755
cs.RO 2405.19758
cs.RO 2405.19813
cs.RO 2405.19869
cs.RO 2405.19988
cs.RO 2405.20013
cs.RO 2405.20031
cs.RO 2405.20104
cs.RO 2405.20110
cs.RO 2405.20118
cs.RO 2405.20189
cs.RO 2405.20248
cs.RO 2405.20321
cs.PF 2405.14185
cs.PF 2405.14430
cs.PF 2405.14209
cs.PF 2405.15645
cs.PF 2405.15778
cs.PF 2405.16086
cs.PF 2405.16378
cs.PF 2405.16623
cs.PF 2405.16917
cs.PF 2405.16953
cs.PF 2405.17363
cs.PF 2405.16502
cs.PF 2405.17590
cs.PF 2405.18030
cs.PF 2405.18066
cs.PF 2405.17650
cs.PF 2405.18259
cs.PF 2405.17469
cs.SC 2405.12886
cs.SC 2405.13625
cs.SC 2405.14133
cs.SC 2405.16167
cs.SC 2405.16179
cs.SC 2405.16936
cs.SC 2405.18549
cs.SC 2405.18896
cs.SC 2405.19223
cs.SC 2405.20319
cs.SC 2405.20130
cs.MA 2405.15145
cs.MA 2405.15054
cs.MA 2405.15497
cs.MA 2405.16430
cs.MA 2405.16439
cs.MA 2405.16716
cs.MA 2405.16751
cs.MA 2405.16887
cs.MA 2405.17017
cs.MA 2405.16622
cs.MA 2405.16854
cs.MA 2405.17152
cs.MA 2405.17466
cs.MA 2405.17486
cs.MA 2405.17631
cs.MA 2405.18085
cs.MA 2405.18092
cs.MA 2405.18110
cs.MA 2405.18190
cs.MA 2405.18044
cs.MA 2405.18725
cs.MA 2405.19015
cs.MA 2405.19024
cs.MA 2405.18752
cs.MA 2405.19292
cs.MA 2405.19328
cs.MA 2405.20085
cs.MA 2405.19570
cs.MA 2405.19895
cs.MA 2405.19998
cs.MA 2405.20018
cs.MA 2405.20232
cs.SI 2405.15473
cs.SI 2405.15739
cs.SI 2405.14985
cs.SI 2405.15498
cs.SI 2405.16346
cs.SI 2405.16616
cs.SI 2405.16631
cs.SI 2405.15893
cs.SI 2405.15930
cs.SI 2405.16059
cs.SI 2405.16352
cs.SI 2405.16606
cs.SI 2405.16772
cs.SI 2405.16928
cs.SI 2405.17182
cs.SI 2405.17282
cs.SI 2405.17410
cs.SI 2405.17473
cs.SI 2405.17768
cs.SI 2405.18255
cs.SI 2405.18414
cs.SI 2405.17571
cs.SI 2405.17710
cs.SI 2405.18059
cs.SI 2405.18085
cs.SI 2405.18873
cs.SI 2405.18803
cs.SI 2405.19369
cs.SI 2405.19375
cs.SI 2405.19383
cs.SI 2405.20166
cs.SI 2405.20277
cs.SY 2405.15101
cs.SY 2405.15163
cs.SY 2405.15454
cs.SY 2405.15705
cs.SY 2405.15731
cs.SY 2405.15762
cs.SY 2405.14920
cs.SY 2405.14964
cs.SY 2405.15099
cs.SY 2405.15159
cs.SY 2405.15178
cs.SY 2405.15187
cs.SY 2405.15259
cs.SY 2405.15271
cs.SY 2405.15482
cs.SY 2405.15493
cs.SY 2405.15717
cs.SY 2405.15879
cs.SY 2405.15927
cs.SY 2405.16084
cs.SY 2405.16257
cs.SY 2405.16258
cs.SY 2405.16266
cs.SY 2405.16490
cs.SY 2405.16535
cs.SY 2405.16716
cs.SY 2405.16739
cs.SY 2405.17163
cs.SY 2405.17250
cs.SY 2405.17304
cs.SY 2405.17342
cs.SY 2405.15820
cs.SY 2405.15831
cs.SY 2405.15837
cs.SY 2405.16184
cs.SY 2405.16250
cs.SY 2405.16327
cs.SY 2405.16356
cs.SY 2405.16485
cs.SY 2405.16543
cs.SY 2405.16649
cs.SY 2405.16729
cs.SY 2405.16760
cs.SY 2405.16905
cs.SY 2405.17184
cs.SY 2405.17199
cs.SY 2405.17291
cs.SY 2405.17370
cs.SY 2405.17439
cs.SY 2405.17441
cs.SY 2405.17453
cs.SY 2405.17497
cs.SY 2405.17582
cs.SY 2405.17636
cs.SY 2405.17685
cs.SY 2405.17844
cs.SY 2405.17925
cs.SY 2405.17983
cs.SY 2405.18085
cs.SY 2405.18092
cs.SY 2405.18118
cs.SY 2405.18142
cs.SY 2405.18251
cs.SY 2405.18279
cs.SY 2405.17594
cs.SY 2405.17599
cs.SY 2405.17616
cs.SY 2405.17654
cs.SY 2405.17702
cs.SY 2405.17753
cs.SY 2405.17754
cs.SY 2405.18000
cs.SY 2405.18030
cs.SY 2405.18186
cs.SY 2405.18205
cs.SY 2405.18207
cs.SY 2405.18305
cs.SY 2405.18333
cs.SY 2405.18421
cs.SY 2405.18444
cs.SY 2405.18554
cs.SY 2405.18558
cs.SY 2405.18582
cs.SY 2405.18600
cs.SY 2405.18752
cs.SY 2405.18962
cs.SY 2405.19013
cs.SY 2405.18526
cs.SY 2405.18586
cs.SY 2405.18690
cs.SY 2405.18694
cs.SY 2405.18712
cs.SY 2405.18787
cs.SY 2405.18791
cs.SY 2405.18888
cs.SY 2405.18969
cs.SY 2405.18977
cs.SY 2405.18995
cs.SY 2405.19015
cs.SY 2405.19029
cs.SY 2405.19053
cs.SY 2405.19213
cs.SY 2405.19380
cs.SY 2405.19513
cs.SY 2405.19546
cs.SY 2405.19653
cs.SY 2405.20045
cs.SY 2405.20118
cs.SY 2405.20209
cs.SY 2405.19527
cs.SY 2405.19665
cs.SY 2405.19845
cs.SY 2405.19944
cs.SY 2405.20055
cs.SY 2405.20100
cs.SY 2405.20168
cs.SY 2405.20178
cs.SY 2405.20199
cs.SY 2405.20219
cs.SY 2405.20260
cs.SY 2405.20261
cs.NI 2405.14970
cs.NI 2405.14975
cs.NI 2405.15432
cs.NI 2405.15542
cs.NI 2405.15548
cs.NI 2405.15570
cs.NI 2405.15747
cs.NI 2405.17245
cs.NI 2405.17263
cs.NI 2405.17309
cs.NI 2405.15872
cs.NI 2405.16292
cs.NI 2405.16378
cs.NI 2405.16471
cs.NI 2405.16483
cs.NI 2405.16988
cs.NI 2405.17008
cs.NI 2405.17053
cs.NI 2405.17507
cs.NI 2405.17737
cs.NI 2405.17979
cs.NI 2405.18039
cs.NI 2405.18066
cs.NI 2405.18070
cs.NI 2405.17436
cs.NI 2405.17437
cs.NI 2405.17439
cs.NI 2405.17441
cs.NI 2405.17442
cs.NI 2405.17453
cs.NI 2405.17454
cs.NI 2405.17480
cs.NI 2405.17528
cs.NI 2405.17635
cs.NI 2405.17801
cs.NI 2405.18001
cs.NI 2405.18198
cs.NI 2405.18707
cs.NI 2405.18984
cs.NI 2405.19049
cs.NI 2405.19213
cs.NI 2405.19310
cs.NI 2405.18657
cs.NI 2405.18739
cs.NI 2405.18797
cs.NI 2405.19045
cs.NI 2405.19133
cs.NI 2405.19136
cs.NI 2405.19340
cs.NI 2405.19851
cs.NI 2405.19871
cs.NI 2405.19480
cs.NI 2405.19771
cs.NI 2405.19886
cs.NI 2405.20024
cs.NI 2405.20032
eess.IV 2405.14882
eess.IV 2405.14978
eess.IV 2405.15033
eess.IV 2405.15336
eess.IV 2405.15438
eess.IV 2405.15477
eess.IV 2405.15519
eess.IV 2405.15550
eess.IV 2405.15719
eess.IV 2405.14875
eess.IV 2405.14878
eess.IV 2405.14886
eess.IV 2405.14900
eess.IV 2405.14905
eess.IV 2405.14934
eess.IV 2405.15098
eess.IV 2405.15127
eess.IV 2405.15205
eess.IV 2405.15241
eess.IV 2405.15275
eess.IV 2405.15399
eess.IV 2405.15413
eess.IV 2405.15442
eess.IV 2405.15500
eess.IV 2405.15517
eess.IV 2405.15701
eess.IV 2405.16016
eess.IV 2405.16119
eess.IV 2405.16197
eess.IV 2405.16470
eess.IV 2405.16475
eess.IV 2405.16580
eess.IV 2405.16817
eess.IV 2405.16980
eess.IV 2405.17004
eess.IV 2405.17241
eess.IV 2405.15778
eess.IV 2405.15779
eess.IV 2405.15830
eess.IV 2405.15925
eess.IV 2405.16102
eess.IV 2405.16235
eess.IV 2405.16248
eess.IV 2405.16343
eess.IV 2405.16516
eess.IV 2405.16850
eess.IV 2405.16942
eess.IV 2405.16961
eess.IV 2405.17029
eess.IV 2405.17141
eess.IV 2405.17167
eess.IV 2405.17261
eess.IV 2405.17456
eess.IV 2405.17818
eess.IV 2405.17995
eess.IV 2405.18012
eess.IV 2405.18247
eess.IV 2405.17446
eess.IV 2405.17483
eess.IV 2405.17496
eess.IV 2405.17518
eess.IV 2405.17520
eess.IV 2405.17659
eess.IV 2405.17756
eess.IV 2405.17866
eess.IV 2405.18167
eess.IV 2405.18267
eess.IV 2405.18356
eess.IV 2405.18410
eess.IV 2405.18487
eess.IV 2405.18527
eess.IV 2405.18560
eess.IV 2405.18790
eess.IV 2405.18900
eess.IV 2405.19298
eess.IV 2405.18435
eess.IV 2405.18449
eess.IV 2405.18533
eess.IV 2405.18782
eess.IV 2405.19079
eess.IV 2405.19097
eess.IV 2405.19112
eess.IV 2405.19204
eess.IV 2405.19224
eess.IV 2405.19450
eess.IV 2405.19659
eess.IV 2405.20161
eess.IV 2405.20279
eess.IV 2405.19492
eess.IV 2405.19645
eess.IV 2405.19685
stat.ML 2405.14896
stat.ML 2405.14913
stat.ML 2405.14932
stat.ML 2405.14953
stat.ML 2405.14957
stat.ML 2405.14982
stat.ML 2405.15002
stat.ML 2405.15006
stat.ML 2405.15059
stat.ML 2405.15084
stat.ML 2405.15090
stat.ML 2405.15115
stat.ML 2405.15119
stat.ML 2405.15251
stat.ML 2405.15325
stat.ML 2405.15403
stat.ML 2405.15443
stat.ML 2405.15446
stat.ML 2405.15505
stat.ML 2405.15545
stat.ML 2405.15599
stat.ML 2405.15673
stat.ML 2405.15682
stat.ML 2405.15709
stat.ML 2405.15719
stat.ML 2405.15767
stat.ML 2405.15050
stat.ML 2405.15074
stat.ML 2405.15105
stat.ML 2405.15106
stat.ML 2405.15107
stat.ML 2405.15132
stat.ML 2405.15167
stat.ML 2405.15172
stat.ML 2405.15254
stat.ML 2405.15294
stat.ML 2405.15337
stat.ML 2405.15357
stat.ML 2405.15358
stat.ML 2405.15379
stat.ML 2405.15393
stat.ML 2405.15441
stat.ML 2405.15459
stat.ML 2405.15473
stat.ML 2405.15514
stat.ML 2405.15539
stat.ML 2405.15600
stat.ML 2405.15625
stat.ML 2405.15643
stat.ML 2405.15676
stat.ML 2405.15699
stat.ML 2405.15712
stat.ML 2405.15727
stat.ML 2405.15754
stat.ML 2405.15768
stat.ML 2405.15835
stat.ML 2405.15847
stat.ML 2405.15871
stat.ML 2405.15885
stat.ML 2405.15912
stat.ML 2405.15920
stat.ML 2405.15926
stat.ML 2405.15934
stat.ML 2405.15942
stat.ML 2405.15979
stat.ML 2405.15986
stat.ML 2405.15991
stat.ML 2405.16002
stat.ML 2405.16043
stat.ML 2405.16088
stat.ML 2405.16122
stat.ML 2405.16164
stat.ML 2405.16168
stat.ML 2405.16219
stat.ML 2405.16246
stat.ML 2405.16255
stat.ML 2405.16381
stat.ML 2405.16436
stat.ML 2405.16441
stat.ML 2405.16547
stat.ML 2405.16563
stat.ML 2405.16663
stat.ML 2405.16666
stat.ML 2405.16696
stat.ML 2405.16736
stat.ML 2405.16809
stat.ML 2405.16819
stat.ML 2405.16828
stat.ML 2405.16845
stat.ML 2405.16852
stat.ML 2405.16865
stat.ML 2405.16924
stat.ML 2405.17068
stat.ML 2405.17075
stat.ML 2405.17170
stat.ML 2405.17202
stat.ML 2405.17216
stat.ML 2405.17277
stat.ML 2405.17324
stat.ML 2405.17401
stat.ML 2405.17404
stat.ML 2405.15950
stat.ML 2405.16055
stat.ML 2405.16236
stat.ML 2405.16339
stat.ML 2405.16351
stat.ML 2405.16387
stat.ML 2405.16455
stat.ML 2405.16541
stat.ML 2405.16564
stat.ML 2405.16577
stat.ML 2405.16594
stat.ML 2405.16630
stat.ML 2405.16644
stat.ML 2405.16672
stat.ML 2405.16732
stat.ML 2405.16734
stat.ML 2405.16837
stat.ML 2405.16906
stat.ML 2405.16958
stat.ML 2405.17079
stat.ML 2405.17094
stat.ML 2405.17248
stat.ML 2405.17299
stat.ML 2405.17333
stat.ML 2405.17412
stat.ML 2405.14741
stat.ML 2405.17395
stat.ML 2405.17455
stat.ML 2405.17464
stat.ML 2405.17478
stat.ML 2405.17479
stat.ML 2405.17490
stat.ML 2405.17508
stat.ML 2405.17517
stat.ML 2405.17535
stat.ML 2405.17575
stat.ML 2405.17580
stat.ML 2405.17672
stat.ML 2405.17673
stat.ML 2405.17708
stat.ML 2405.17767
stat.ML 2405.17796
stat.ML 2405.17834
stat.ML 2405.17836
stat.ML 2405.17862
stat.ML 2405.18055
stat.ML 2405.18075
stat.ML 2405.18081
stat.ML 2405.18127
stat.ML 2405.18221
stat.ML 2405.18237
stat.ML 2405.18274
stat.ML 2405.18288
stat.ML 2405.18296
stat.ML 2405.18328
stat.ML 2405.18353
stat.ML 2405.18401
stat.ML 2405.18412
stat.ML 2405.17573
stat.ML 2405.17666
stat.ML 2405.17693
stat.ML 2405.17823
stat.ML 2405.17955
stat.ML 2405.18095
stat.ML 2405.18176
stat.ML 2405.18220
stat.ML 2405.18284
stat.ML 2405.18298
stat.ML 2405.18306
stat.ML 2405.18373
stat.ML 2405.18379
stat.ML 2405.18427
stat.ML 2405.18206
stat.ML 2405.18457
stat.ML 2405.18518
stat.ML 2405.18577
stat.ML 2405.18621
stat.ML 2405.18634
stat.ML 2405.18756
stat.ML 2405.18781
stat.ML 2405.18782
stat.ML 2405.18828
stat.ML 2405.18886
stat.ML 2405.18902
stat.ML 2405.18979
stat.ML 2405.19016
stat.ML 2405.19059
stat.ML 2405.19098
stat.ML 2405.19175
stat.ML 2405.19317
stat.ML 2405.19320
stat.ML 2405.18499
stat.ML 2405.18590
stat.ML 2405.18601
stat.ML 2405.18686
stat.ML 2405.18795
stat.ML 2405.18929
stat.ML 2405.18931
stat.ML 2405.18932
stat.ML 2405.18997
stat.ML 2405.19019
stat.ML 2405.19036
stat.ML 2405.19146
stat.ML 2405.19206
stat.ML 2405.19230
stat.ML 2405.19440
stat.ML 2405.19466
stat.ML 2405.19513
stat.ML 2405.19521
stat.ML 2405.19523
stat.ML 2405.19544
stat.ML 2405.19553
stat.ML 2405.19559
stat.ML 2405.19585
stat.ML 2405.19649
stat.ML 2405.19673
stat.ML 2405.19697
stat.ML 2405.19747
stat.ML 2405.19752
stat.ML 2405.19807
stat.ML 2405.19933
stat.ML 2405.19977
stat.ML 2405.20028
stat.ML 2405.20086
stat.ML 2405.20114
stat.ML 2405.20231
stat.ML 2405.19374
stat.ML 2405.19380
stat.ML 2405.19463
stat.ML 2405.19486
stat.ML 2405.19610
stat.ML 2405.19681
stat.ML 2405.19704
stat.ML 2405.19760
stat.ML 2405.19912
stat.ML 2405.19995
stat.ML 2405.20039
stat.ML 2405.20124
stat.ML 2405.20165
stat.ML 2405.20236
stat.AP 2405.14878
stat.AP 2405.15536
stat.AP 2405.15740
stat.AP 2405.14891
stat.AP 2405.14896
stat.AP 2405.15003
stat.AP 2405.15359
stat.AP 2405.15513
stat.AP 2405.15948
stat.AP 2405.16046
stat.AP 2405.16106
stat.AP 2405.16164
stat.AP 2405.16298
stat.AP 2405.16730
stat.AP 2405.16969
stat.AP 2405.17032
stat.AP 2405.15835
stat.AP 2405.16385
stat.AP 2405.17070
stat.AP 2405.17214
stat.AP 2405.16413
stat.AP 2405.17684
stat.AP 2405.17707
stat.AP 2405.17734
stat.AP 2405.18108
stat.AP 2405.18395
stat.AP 2405.17668
stat.AP 2405.18020
stat.AP 2405.18051
stat.AP 2405.18271
stat.AP 2405.18279
stat.AP 2405.18444
stat.AP 2405.18509
stat.AP 2405.18531
stat.AP 2405.18597
stat.AP 2405.18756
stat.AP 2405.18779
stat.AP 2405.18999
stat.AP 2405.19011
stat.AP 2405.19666
stat.AP 2405.19897
stat.AP 2405.20156
stat.AP 2405.20164
stat.AP 2405.20088
stat.AP 2405.20191
stat.TH 2405.15074
stat.TH 2405.15107
stat.TH 2405.15132
stat.TH 2405.15294
stat.TH 2405.15379
stat.TH 2405.15536
stat.TH 2405.15709
stat.TH 2405.15754
stat.TH 2405.15041
stat.TH 2405.15141
stat.TH 2405.15649
stat.TH 2405.15952
stat.TH 2405.16006
stat.TH 2405.16644
stat.TH 2405.16732
stat.TH 2405.16828
stat.TH 2405.17117
stat.TH 2405.16088
stat.TH 2405.16331
stat.TH 2405.16469
stat.TH 2405.16515
stat.TH 2405.16527
stat.TH 2405.16696
stat.TH 2405.16736
stat.TH 2405.17318
stat.TH 2405.17595
stat.TH 2405.17669
stat.TH 2405.17764
stat.TH 2405.18237
stat.TH 2405.17806
stat.TH 2405.17834
stat.TH 2405.18005
stat.TH 2405.18055
stat.TH 2405.18081
stat.TH 2405.18091
stat.TH 2405.18274
stat.TH 2405.18412
stat.TH 2405.18856
stat.TH 2405.18562
stat.TH 2405.18828
stat.TH 2405.19016
stat.TH 2405.19248
stat.TH 2405.19523
stat.TH 2405.19551
stat.TH 2405.19585
stat.TH 2405.19637
stat.TH 2405.19803
stat.TH 2405.19807
stat.TH 2405.19903
stat.TH 2405.19553
stat.TH 2405.20023
stat.TH 2405.20066
stat.TH 2405.20086
math.OC 2405.14909
math.OC 2405.14920
math.OC 2405.14973
math.OC 2405.14997
math.OC 2405.15010
math.OC 2405.15074
math.OC 2405.15285
math.OC 2405.15533
math.OC 2405.15656
math.OC 2405.15682
math.OC 2405.15129
math.OC 2405.15180
math.OC 2405.15251
math.OC 2405.15402
math.OC 2405.15404
math.OC 2405.15431
math.OC 2405.15464
math.OC 2405.15509
math.OC 2405.15545
math.OC 2405.15552
math.OC 2405.15631
math.OC 2405.15702
math.OC 2405.15730
math.OC 2405.15762
math.OC 2405.15921
math.OC 2405.16002
math.OC 2405.16172
math.OC 2405.16255
math.OC 2405.16397
math.OC 2405.16449
math.OC 2405.16636
math.OC 2405.16644
math.OC 2405.16732
math.OC 2405.16966
math.OC 2405.17001
math.OC 2405.17005
math.OC 2405.17049
math.OC 2405.17196
math.OC 2405.17198
math.OC 2405.17299
math.OC 2405.15816
math.OC 2405.15819
math.OC 2405.15834
math.OC 2405.15879
math.OC 2405.15894
math.OC 2405.15941
math.OC 2405.15959
math.OC 2405.15975
math.OC 2405.15990
math.OC 2405.16006
math.OC 2405.16020
math.OC 2405.16058
math.OC 2405.16126
math.OC 2405.16140
math.OC 2405.16160
math.OC 2405.16218
math.OC 2405.16223
math.OC 2405.16407
math.OC 2405.16490
math.OC 2405.16535
math.OC 2405.16574
math.OC 2405.16612
math.OC 2405.16618
math.OC 2405.16680
math.OC 2405.16840
math.OC 2405.16900
math.OC 2405.16903
math.OC 2405.16954
math.OC 2405.17017
math.OC 2405.17085
math.OC 2405.17223
math.OC 2405.17342
math.OC 2405.17501
math.OC 2405.17692
math.OC 2405.17693
math.OC 2405.17753
math.OC 2405.17761
math.OC 2405.17810
math.OC 2405.17841
math.OC 2405.17876
math.OC 2405.17882
math.OC 2405.18100
math.OC 2405.18190
math.OC 2405.18199
math.OC 2405.18222
math.OC 2405.18251
math.OC 2405.18282
math.OC 2405.18294
math.OC 2405.18373
math.OC 2405.17576
math.OC 2405.17867
math.OC 2405.17875
math.OC 2405.17892
math.OC 2405.17922
math.OC 2405.18031
math.OC 2405.18098
math.OC 2405.18142
math.OC 2405.18221
math.OC 2405.18273
math.OC 2405.18681
math.OC 2405.18820
math.OC 2405.18886
math.OC 2405.18943
math.OC 2405.18954
math.OC 2405.19013
math.OC 2405.19245
math.OC 2405.18538
math.OC 2405.18577
math.OC 2405.18633
math.OC 2405.18705
math.OC 2405.18777
math.OC 2405.18858
math.OC 2405.18926
math.OC 2405.18962
math.OC 2405.18976
math.OC 2405.19071
math.OC 2405.19219
math.OC 2405.10007
math.OC 2405.19440
math.OC 2405.19463
math.OC 2405.19513
math.OC 2405.19544
math.OC 2405.19546
math.OC 2405.19650
math.OC 2405.19679
math.OC 2405.19991
math.OC 2405.20034
math.OC 2405.20114
math.OC 2405.20124
math.OC 2405.19551
math.OC 2405.19585
math.OC 2405.19697
math.OC 2405.19721
math.OC 2405.19770
math.OC 2405.19809
math.OC 2405.19834
math.OC 2405.19951
math.OC 2405.19997
math.OC 2405.20074
math.OC 2405.20116
math.OC 2405.20123
math.OC 2405.20127
math.OC 2405.20182
math.OC 2405.20209
math.OC 2405.20250
eess.SP 2405.15381
eess.SP 2405.15415
eess.SP 2405.15542
eess.SP 2405.15570
eess.SP 2405.14978
eess.SP 2405.14994
eess.SP 2405.15085
eess.SP 2405.15153
eess.SP 2405.15339
eess.SP 2405.15345
eess.SP 2405.15432
eess.SP 2405.15553
eess.SP 2405.15607
eess.SP 2405.15969
eess.SP 2405.16047
eess.SP 2405.16062
eess.SP 2405.16090
eess.SP 2405.16174
eess.SP 2405.16483
eess.SP 2405.16765
eess.SP 2405.16791
eess.SP 2405.16812
eess.SP 2405.16893
eess.SP 2405.16965
eess.SP 2405.17114
eess.SP 2405.17150
eess.SP 2405.17184
eess.SP 2405.17329
eess.SP 2405.17366
eess.SP 2405.15923
eess.SP 2405.15927
eess.SP 2405.15978
eess.SP 2405.16004
eess.SP 2405.16011
eess.SP 2405.16177
eess.SP 2405.16257
eess.SP 2405.16398
eess.SP 2405.16446
eess.SP 2405.16620
eess.SP 2405.16664
eess.SP 2405.16690
eess.SP 2405.16694
eess.SP 2405.16715
eess.SP 2405.16777
eess.SP 2405.16889
eess.SP 2405.16911
eess.SP 2405.16945
eess.SP 2405.17007
eess.SP 2405.17015
eess.SP 2405.17024
eess.SP 2405.17071
eess.SP 2405.17270
eess.SP 2405.17295
eess.SP 2405.17297
eess.SP 2405.17387
eess.SP 2405.17488
eess.SP 2405.17575
eess.SP 2405.17615
eess.SP 2405.17616
eess.SP 2405.17766
eess.SP 2405.17979
eess.SP 2405.18205
eess.SP 2405.18255
eess.SP 2405.18274
eess.SP 2405.17443
eess.SP 2405.17716
eess.SP 2405.17836
eess.SP 2405.17925
eess.SP 2405.17990
eess.SP 2405.18019
eess.SP 2405.18297
eess.SP 2405.18384
eess.SP 2405.18448
eess.SP 2405.18692
eess.SP 2405.18739
eess.SP 2405.18844
eess.SP 2405.18892
eess.SP 2405.18920
eess.SP 2405.19228
eess.SP 2405.19310
eess.SP 2405.18451
eess.SP 2405.18701
eess.SP 2405.18731
eess.SP 2405.18775
eess.SP 2405.18799
eess.SP 2405.18859
eess.SP 2405.18992
eess.SP 2405.19138
eess.SP 2405.19182
eess.SP 2405.19771
eess.SP 2405.20073
eess.SP 2405.19336
eess.SP 2405.19338
eess.SP 2405.19340
eess.SP 2405.19341
eess.SP 2405.19345
eess.SP 2405.19346
eess.SP 2405.19347
eess.SP 2405.19348
eess.SP 2405.19349
eess.SP 2405.19351
eess.SP 2405.19356
eess.SP 2405.19359
eess.SP 2405.19363
eess.SP 2405.19366
eess.SP 2405.19373
eess.SP 2405.19481
eess.SP 2405.19489
eess.SP 2405.19516
eess.SP 2405.19542
eess.SP 2405.19639
eess.SP 2405.19858
eess.SP 2405.19889
eess.SP 2405.19925
eess.SP 2405.20052
eess.SP 2405.20068
eess.SP 2405.20107
eess.SP 2405.20122
eess.SP 2405.20157
stat.CO 2405.14892
stat.CO 2405.14896
stat.CO 2405.15132
stat.CO 2405.15701
stat.CO 2405.16055
stat.CO 2405.15952
stat.CO 2405.16359
stat.CO 2405.17955
stat.CO 2405.18034
stat.CO 2405.17972
stat.CO 2405.18076
stat.CO 2405.18160
stat.CO 2405.19681
stat.CO 2405.19865
stat.CO 2405.20156
stat.CO 2405.20191
stat.CO 2405.19920
eess.AS 2405.15085
eess.AS 2405.15096
eess.AS 2405.15103
eess.AS 2405.15216
eess.AS 2405.15338
eess.AS 2405.15655
eess.AS 2405.15093
eess.AS 2405.15863
eess.AS 2405.15923
eess.AS 2405.16000
eess.AS 2405.16136
eess.AS 2405.16687
eess.AS 2405.16797
eess.AS 2405.17028
eess.AS 2405.17100
eess.AS 2405.17413
eess.AS 2405.16677
eess.AS 2405.16834
eess.AS 2405.16952
eess.AS 2405.17364
eess.AS 2405.17569
eess.AS 2405.17615
eess.AS 2405.17809
eess.AS 2405.17842
eess.AS 2405.17927
eess.AS 2405.18153
eess.AS 2405.18213
eess.AS 2405.18386
eess.AS 2405.18503
eess.AS 2405.18639
eess.AS 2405.18669
eess.AS 2405.18726
eess.AS 2405.19041
eess.AS 2405.19342
eess.AS 2405.19343
eess.AS 2405.19426
eess.AS 2405.19796
eess.AS 2405.20059
eess.AS 2405.20101
eess.AS 2405.20172
eess.AS 2405.20336
eess.AS 2405.19497
eess.AS 2405.20064
math.PR 2405.14913
math.PR 2405.15074
math.PR 2405.15353
math.PR 2405.15379
math.PR 2405.15539
math.PR 2405.15643
math.PR 2405.15666
math.PR 2405.14924
math.PR 2405.15128
math.PR 2405.15142
math.PR 2405.15834
math.PR 2405.15836
math.PR 2405.16157
math.PR 2405.16232
math.PR 2405.16336
math.PR 2405.16490
math.PR 2405.16563
math.PR 2405.16630
math.PR 2405.16633
math.PR 2405.16644
math.PR 2405.16660
math.PR 2405.16760
math.PR 2405.16825
math.PR 2405.16958
math.PR 2405.17032
math.PR 2405.17191
math.PR 2405.17275
math.PR 2405.17344
math.PR 2405.17353
math.PR 2405.16026
math.PR 2405.16151
math.PR 2405.16461
math.PR 2405.16614
math.PR 2405.16636
math.PR 2405.16764
math.PR 2405.16991
math.PR 2405.17041
math.PR 2405.17195
math.PR 2405.17298
math.PR 2405.17319
math.PR 2405.17417
math.PR 2405.17595
math.PR 2405.17674
math.PR 2405.17693
math.PR 2405.17847
math.PR 2405.17882
math.PR 2405.18057
math.PR 2405.18081
math.PR 2405.18182
math.PR 2405.18381
math.PR 2405.17634
math.PR 2405.17687
math.PR 2405.17850
math.PR 2405.18056
math.PR 2405.18169
math.PR 2405.18200
math.PR 2405.18270
math.PR 2405.18550
math.PR 2405.18562
math.PR 2405.18995
math.PR 2405.19025
math.PR 2405.19102
math.PR 2405.19151
math.PR 2405.19282
math.PR 2405.19306
math.PR 2405.18763
math.PR 2405.18796
math.PR 2405.18851
math.PR 2405.19034
math.PR 2405.19493
math.PR 2405.19553
math.PR 2405.19798
math.PR 2405.19807
math.PR 2405.19995
math.PR 2405.20086
math.PR 2405.20116
math.PR 2405.20250
math.PR 2405.20311
math.PR 2405.19382
math.PR 2405.19437
math.PR 2405.19482
math.PR 2405.19541
math.PR 2405.19756
math.PR 2405.19780
math.PR 2405.19828
math.PR 2405.19881
math.PR 2405.19903
math.PR 2405.19926
math.PR 2405.20019
math.PR 2405.20087
math.PR 2405.20148
math.PR 2405.20276
math.PR 2405.20284
math.PR 2405.20300
math.PR 2405.20308
math.DS 2405.14885
math.DS 2405.14887
math.DS 2405.15448
math.DS 2405.15635
math.DS 2405.15639
math.DS 2405.14996
math.DS 2405.15104
math.DS 2405.15212
math.DS 2405.15238
math.DS 2405.15472
math.DS 2405.15478
math.DS 2405.15532
math.DS 2405.15535
math.DS 2405.15602
math.DS 2405.15667
math.DS 2405.16032
math.DS 2405.16302
math.DS 2405.16695
math.DS 2405.16716
math.DS 2405.16903
math.DS 2405.16977
math.DS 2405.17153
math.DS 2405.17194
math.DS 2405.17268
math.DS 2405.15918
math.DS 2405.15945
math.DS 2405.16074
math.DS 2405.16179
math.DS 2405.16202
math.DS 2405.16208
math.DS 2405.16243
math.DS 2405.16500
math.DS 2405.16576
math.DS 2405.16825
math.DS 2405.16912
math.DS 2405.16927
math.DS 2405.17045
math.DS 2405.17058
math.DS 2405.17087
math.DS 2405.17122
math.DS 2405.17173
math.DS 2405.17343
math.DS 2405.17367
math.DS 2405.17513
math.DS 2405.17972
math.DS 2405.18118
math.DS 2405.18157
math.DS 2405.18190
math.DS 2405.18273
math.DS 2405.18287
math.DS 2405.18421
math.DS 2405.17574
math.DS 2405.17783
math.DS 2405.18083
math.DS 2405.18791
math.DS 2405.19304
math.DS 2405.19123
math.DS 2405.19241
math.DS 2405.19759
math.DS 2405.19929
math.DS 2405.20045
math.DS 2405.20264
math.DS 2405.19863
math.DS 2405.19898
math.DS 2405.19959
math.DS 2405.20297
