cs.CG 2507.13503
cs.CG 2507.13641
cs.CG 2507.14631
cs.CG 2507.14852
cs.CG 2507.15404
cs.CG 2507.15620
cs.CG 2507.16171
cs.CG 2507.16269
cs.CG 2507.17994
cs.CG 2507.18607
cs.FL 2507.14082
cs.FL 2502.15441
cs.FL 2507.15147
cs.FL 2507.14526
cs.FL 2507.15310
cs.FL 2507.15312
cs.FL 2507.15313
cs.FL 2507.15314
cs.FL 2507.15315
cs.FL 2507.15316
cs.FL 2507.15317
cs.FL 2507.15733
cs.FL 2507.17354
cs.FL 2507.17711
cs.FL 2507.18205
cs.DM 2507.13417
cs.DM 2507.13821
cs.DM 2507.14259
cs.DM 2507.14321
cs.DM 2507.14445
cs.DM 2507.14473
cs.DM 2507.14669
cs.DM 2507.15316
cs.DM 2507.15463
cs.DM 2507.15616
cs.DM 2507.15667
cs.DM 2507.15231
cs.DM 2507.16149
cs.DM 2507.16759
cs.DM 2507.16648
cs.DM 2507.17541
cs.DM 2507.17654
cs.DM 2507.17878
cs.DM 2507.17913
cs.DM 2507.17780
cs.CC 2507.13510
cs.CC 2507.13670
cs.CC 2507.14082
cs.CC 2507.13576
cs.CC 2507.13818
cs.CC 2507.13963
cs.CC 2409.08495
cs.CC 2507.14462
cs.CC 2507.14526
cs.CC 2507.14864
cs.CC 2507.14962
cs.CC 2507.14445
cs.CC 2507.15511
cs.CC 2507.16336
cs.CC 2507.16648
cs.CC 2507.16737
cs.CC 2507.16105
cs.CC 2507.17841
cs.CC 2507.17878
cs.CC 2507.18499
cs.CC 2507.18375
cs.DS 2507.13818
cs.DS 2507.13470
cs.DS 2507.13510
cs.DS 2507.13671
cs.DS 2507.13700
cs.DS 2507.13869
cs.DS 2507.13885
cs.DS 2507.13994
cs.DS 2507.14060
cs.DS 2507.14089
cs.DS 2507.14114
cs.DS 2507.14340
cs.DS 2507.14496
cs.DS 2507.14631
cs.DS 2507.14669
cs.DS 2507.14957
cs.DS 2507.15173
cs.DS 2507.15176
cs.DS 2507.15316
cs.DS 2507.15511
cs.DS 2507.14261
cs.DS 2507.14462
cs.DS 2507.14504
cs.DS 2507.14509
cs.DS 2507.14569
cs.DS 2507.14812
cs.DS 2507.14835
cs.DS 2507.15282
cs.DS 2507.15319
cs.DS 2507.15417
cs.DS 2507.15434
cs.DS 2507.15549
cs.DS 2507.15598
cs.DS 2507.15616
cs.DS 2507.15658
cs.DS 2507.16064
cs.DS 2507.16209
cs.DS 2507.16345
cs.DS 2507.16648
cs.DS 2507.16031
cs.DS 2507.16096
cs.DS 2507.16149
cs.DS 2507.16242
cs.DS 2507.16285
cs.DS 2507.17036
cs.DS 2507.17215
cs.DS 2507.17673
cs.DS 2507.17017
cs.DS 2507.17063
cs.DS 2507.17170
cs.DS 2507.17300
cs.DS 2507.17391
cs.DS 2507.18021
cs.DS 2507.17834
cs.DS 2507.17841
cs.DS 2507.17878
cs.DS 2507.17999
cs.DS 2507.18281
cs.GT 2507.13421
cs.GT 2507.13853
cs.GT 2507.14039
cs.GT 2507.14470
cs.GT 2507.15088
cs.GT 2507.15727
cs.GT 2507.14193
cs.GT 2507.14472
cs.GT 2507.14957
cs.GT 2507.15325
cs.GT 2507.15735
cs.GT 2507.15737
cs.GT 2507.16611
cs.GT 2507.16209
cs.GT 2507.17183
cs.GT 2507.17848
cs.GT 2507.17981
cs.GT 2507.18251
cs.CE 2507.14043
cs.CE 2507.13459
cs.CE 2507.14245
cs.CE 2507.14586
cs.CE 2507.14652
cs.CE 2507.14808
cs.CE 2507.15003
cs.CE 2507.15813
cs.CE 2507.14542
cs.CE 2507.15026
cs.CE 2507.15570
cs.CE 2507.15753
cs.CE 2507.15787
cs.CE 2507.15861
cs.CE 2507.16069
cs.CE 2507.16470
cs.CE 2507.16717
cs.CE 2507.17012
cs.CE 2507.17353
cs.CE 2507.17448
cs.CE 2507.18067
cs.CE 2507.18210
cs.CE 2507.18235
cs.CE 2507.18449
cs.GR 2507.13660
cs.GR 2507.13377
cs.GR 2507.13388
cs.GR 2507.13419
cs.GR 2507.13586
cs.GR 2507.13917
cs.GR 2507.15230
cs.GR 2507.14624
cs.GR 2507.14841
cs.GR 2507.14920
cs.GR 2507.15186
cs.GR 2507.15399
cs.GR 2507.15454
cs.GR 2507.15629
cs.GR 2507.16165
cs.GR 2507.15979
cs.GR 2507.16463
cs.GR 2507.17248
cs.GR 2507.16869
cs.GR 2507.17029
cs.GR 2507.17174
cs.GR 2507.17184
cs.GR 2507.17265
cs.GR 2507.17336
cs.GR 2507.17440
cs.GR 2507.17931
cs.GR 2507.18460
cs.GR 2507.17963
cs.GR 2507.18052
cs.GR 2507.18155
cs.GR 2507.18231
cs.GR 2507.18352
cs.DB 2507.13558
cs.DB 2507.13721
cs.DB 2507.13932
cs.DB 2507.13710
cs.DB 2507.13712
cs.DB 2507.13757
cs.DB 2507.13892
cs.DB 2507.14101
cs.DB 2507.14301
cs.DB 2507.14372
cs.DB 2507.15336
cs.DB 2507.14376
cs.DB 2507.14475
cs.DB 2507.14495
cs.DB 2507.14682
cs.DB 2507.14813
cs.DB 2507.15991
cs.DB 2507.16073
cs.DB 2507.16089
cs.DB 2507.17241
cs.DB 2507.17487
cs.DB 2507.17736
cs.DB 2507.17215
cs.DB 2507.17507
cs.DB 2507.17647
cs.DB 2507.17896
cs.DB 2507.18406
cs.DB 2507.17778
cs.AR 2507.13736
cs.AR 2507.13355
cs.AR 2507.13369
cs.AR 2507.13375
cs.AR 2507.13631
cs.AR 2507.14139
cs.AR 2507.14397
cs.AR 2507.14651
cs.AR 2507.15300
cs.AR 2507.15465
cs.AR 2507.15603
cs.AR 2507.15664
cs.AR 2507.16200
cs.AR 2507.16203
cs.AR 2507.16556
cs.AR 2507.16676
cs.AR 2507.16177
cs.AR 2507.16326
cs.AR 2507.16379
cs.AR 2507.16391
cs.AR 2507.16628
cs.AR 2507.16793
cs.AR 2507.17886
cs.AR 2507.18174
cs.AR 2507.18179
cs.AR 2507.18040
cs.AR 2507.18454
cs.AR 2507.18581
cs.DC 2507.13470
cs.DC 2507.13624
cs.DC 2507.13720
cs.DC 2507.13736
cs.DC 2507.13895
cs.DC 2507.14111
cs.DC 2507.14114
cs.DC 2507.13522
cs.DC 2507.13601
cs.DC 2507.13833
cs.DC 2507.14069
cs.DC 2507.14080
cs.DC 2507.14179
cs.DC 2507.14322
cs.DC 2507.14471
cs.DC 2507.14682
cs.DC 2507.14768
cs.DC 2507.14813
cs.DC 2507.15349
cs.DC 2507.15658
cs.DC 2507.14392
cs.DC 2507.14597
cs.DC 2507.14723
cs.DC 2507.14802
cs.DC 2507.14928
cs.DC 2507.15121
cs.DC 2507.15154
cs.DC 2507.15230
cs.DC 2507.15233
cs.DC 2507.15553
cs.DC 2507.16014
cs.DC 2507.16036
cs.DC 2507.16134
cs.DC 2507.16269
cs.DC 2507.16274
cs.DC 2507.16594
cs.DC 2507.16109
cs.DC 2507.16165
cs.DC 2507.16350
cs.DC 2507.16668
cs.DC 2507.16710
cs.DC 2507.16731
cs.DC 2507.16781
cs.DC 2507.17228
cs.DC 2507.17241
cs.DC 2507.17580
cs.DC 2507.17614
cs.DC 2507.17087
cs.DC 2507.17094
cs.DC 2507.17120
cs.DC 2507.17128
cs.DC 2507.17133
cs.DC 2507.17301
cs.DC 2507.17411
cs.DC 2507.17458
cs.DC 2507.17886
cs.DC 2507.17905
cs.DC 2507.18339
cs.DC 2507.18454
cs.DC 2507.17766
cs.DC 2507.17769
cs.DC 2507.17770
cs.DC 2507.17771
cs.DC 2507.17772
cs.DC 2507.17773
cs.DC 2507.17793
cs.DC 2507.17843
cs.DC 2507.17904
cs.DC 2507.18005
cs.DC 2507.18006
cs.DC 2507.18007
cs.DC 2507.18047
cs.DC 2507.18050
cs.DC 2507.18459
cs.LO 2507.13635
cs.LO 2507.13746
cs.LO 2507.13774
cs.LO 2507.13958
cs.LO 2507.13847
cs.LO 2507.13895
cs.LO 2507.13946
cs.LO 2507.13987
cs.LO 2507.14218
cs.LO 2507.14516
cs.LO 2507.14962
cs.LO 2507.15120
cs.LO 2507.15156
cs.LO 2507.15530
cs.LO 2507.15596
cs.LO 2507.14650
cs.LO 2507.14655
cs.LO 2507.14949
cs.LO 2507.14956
cs.LO 2507.15117
cs.LO 2507.15147
cs.LO 2507.15415
cs.LO 2507.15420
cs.LO 2507.15689
cs.LO 2507.16067
cs.LO 2507.16454
cs.LO 2507.15913
cs.LO 2507.16581
cs.LO 2507.16620
cs.LO 2507.17493
cs.LO 2507.17291
cs.LO 2507.17956
cs.LO 2507.18145
cs.LO 2507.18375
cs.LO 2507.18238
cs.LO 2507.18246
cs.LO 2507.18418
cs.LO 2507.18539
cs.LO 2507.18567
cs.LO 2507.18612
cs.PF 2507.13601
cs.PF 2507.13999
cs.PF 2507.14000
cs.PF 2507.14597
cs.PF 2507.14813
cs.PF 2507.14959
cs.PF 2507.15382
cs.PF 2507.16274
cs.PF 2507.16710
cs.PF 2507.16649
cs.PF 2507.17074
cs.PF 2507.17618
cs.PF 2507.17773
cs.PF 2507.18179
cs.PF 2507.18268
cs.MA 2507.13370
cs.MA 2507.13616
cs.MA 2507.13834
cs.MA 2507.13969
cs.MA 2507.13814
cs.MA 2507.14263
cs.MA 2507.14470
cs.MA 2507.14472
cs.MA 2507.15143
cs.MA 2507.15147
cs.MA 2507.15268
cs.MA 2507.15351
cs.MA 2507.15518
cs.MA 2507.15658
cs.MA 2507.15727
cs.MA 2507.14658
cs.MA 2507.14995
cs.MA 2507.15015
cs.MA 2507.15815
cs.MA 2507.15867
cs.MA 2507.15901
cs.MA 2507.16068
cs.MA 2507.16077
cs.MA 2507.16221
cs.MA 2507.16249
cs.MA 2507.16601
cs.MA 2507.16306
cs.MA 2507.16611
cs.MA 2507.16853
cs.MA 2507.16940
cs.MA 2507.17183
cs.MA 2507.17257
cs.MA 2507.16874
cs.MA 2507.17061
cs.MA 2507.17134
cs.MA 2507.17433
cs.MA 2507.17990
cs.MA 2507.18059
cs.MA 2507.18333
cs.MA 2507.18623
cs.MA 2507.17852
cs.MA 2507.18224
cs.MA 2507.18284
cs.IR 2507.13374
cs.IR 2507.13608
cs.IR 2507.13705
cs.IR 2507.13827
cs.IR 2507.13933
cs.IR 2507.14079
cs.IR 2507.14096
cs.IR 2507.14107
cs.IR 2507.13396
cs.IR 2507.13525
cs.IR 2507.13622
cs.IR 2507.13725
cs.IR 2507.13822
cs.IR 2507.13859
cs.IR 2507.13910
cs.IR 2507.13957
cs.IR 2507.14167
cs.IR 2507.14386
cs.IR 2507.14758
cs.IR 2507.15042
cs.IR 2507.15742
cs.IR 2507.14301
cs.IR 2507.14352
cs.IR 2507.14361
cs.IR 2507.14604
cs.IR 2507.14612
cs.IR 2507.14619
cs.IR 2507.14902
cs.IR 2507.14925
cs.IR 2507.14946
cs.IR 2507.15113
cs.IR 2507.15245
cs.IR 2507.15267
cs.IR 2507.15395
cs.IR 2507.15551
cs.IR 2507.15826
cs.IR 2507.16186
cs.IR 2507.16507
cs.IR 2507.16725
cs.IR 2507.15994
cs.IR 2507.16237
cs.IR 2507.16253
cs.IR 2507.16289
cs.IR 2507.16371
cs.IR 2507.16692
cs.IR 2507.16708
cs.IR 2507.16847
cs.IR 2507.16971
cs.IR 2507.17009
cs.IR 2507.17061
cs.IR 2507.17215
cs.IR 2507.17399
cs.IR 2507.17402
cs.IR 2507.17412
cs.IR 2507.17472
cs.IR 2507.17654
cs.IR 2507.16826
cs.IR 2507.16829
cs.IR 2507.16969
cs.IR 2507.17080
cs.IR 2507.17112
cs.IR 2507.17249
cs.IR 2507.17290
cs.IR 2507.17323
cs.IR 2507.17356
cs.IR 2507.17603
cs.IR 2507.17749
cs.IR 2507.17991
cs.IR 2507.17948
cs.IR 2507.17976
cs.IR 2507.18017
cs.IR 2507.18365
cs.IR 2507.18455
cs.IR 2507.18479
cs.IR 2507.18489
cs.IR 2507.18518
cs.IR 2507.18583
cs.NA 2507.10739
cs.NA 2507.13459
cs.NA 2507.13475
cs.NA 2507.13492
cs.NA 2507.13804
cs.NA 2507.13480
cs.NA 2507.13516
cs.NA 2507.13589
cs.NA 2507.13640
cs.NA 2507.13644
cs.NA 2507.13731
cs.NA 2507.13836
cs.NA 2507.13855
cs.NA 2507.13902
cs.NA 2507.13955
cs.NA 2507.14177
cs.NA 2507.14274
cs.NA 2507.15483
cs.NA 2507.15662
cs.NA 2507.15740
cs.NA 2507.15762
cs.NA 2507.15805
cs.NA 2507.14440
cs.NA 2507.14474
cs.NA 2507.14488
cs.NA 2507.14491
cs.NA 2507.14518
cs.NA 2507.14521
cs.NA 2507.14548
cs.NA 2507.14562
cs.NA 2507.14692
cs.NA 2507.14774
cs.NA 2507.14881
cs.NA 2507.14939
cs.NA 2507.14971
cs.NA 2507.15016
cs.NA 2507.15103
cs.NA 2507.15137
cs.NA 2507.15185
cs.NA 2507.15192
cs.NA 2507.15289
cs.NA 2507.15322
cs.NA 2507.15345
cs.NA 2507.15350
cs.NA 2507.15409
cs.NA 2507.15452
cs.NA 2507.15455
cs.NA 2507.15464
cs.NA 2507.15642
cs.NA 2507.15837
cs.NA 2507.15848
cs.NA 2507.15861
cs.NA 2507.16055
cs.NA 2507.16519
cs.NA 2507.16798
cs.NA 2507.16024
cs.NA 2507.16344
cs.NA 2507.16349
cs.NA 2507.16415
cs.NA 2507.16484
cs.NA 2507.16554
cs.NA 2507.16571
cs.NA 2507.16631
cs.NA 2507.16647
cs.NA 2507.16652
cs.NA 2507.16658
cs.NA 2507.16678
cs.NA 2507.16810
cs.NA 2507.16915
cs.NA 2507.16995
cs.NA 2507.17036
cs.NA 2507.17069
cs.NA 2507.17096
cs.NA 2507.17184
cs.NA 2507.16938
cs.NA 2507.16964
cs.NA 2507.17051
cs.NA 2507.17053
cs.NA 2507.17062
cs.NA 2507.17333
cs.NA 2507.17378
cs.NA 2507.17404
cs.NA 2507.17423
cs.NA 2507.17569
cs.NA 2507.17673
cs.NA 2507.17685
cs.NA 2507.17815
cs.NA 2507.17887
cs.NA 2507.18083
cs.NA 2507.18346
cs.NA 2507.18434
cs.NA 2507.18573
cs.NA 2507.17916
cs.NA 2507.17928
cs.NA 2507.18235
cs.NA 2507.18282
cs.NA 2507.18318
cs.NA 2507.18443
cs.NA 2507.18466
cs.NA 2507.18491
cs.HC 2507.13468
cs.HC 2507.13602
cs.HC 2507.13737
cs.HC 2507.13839
cs.HC 2507.13919
cs.HC 2507.13524
cs.HC 2507.13528
cs.HC 2507.13578
cs.HC 2507.13616
cs.HC 2507.13660
cs.HC 2507.13795
cs.HC 2507.13886
cs.HC 2507.13923
cs.HC 2507.13951
cs.HC 2507.13952
cs.HC 2507.14034
cs.HC 2507.14084
cs.HC 2507.08006
cs.HC 2507.14173
cs.HC 2507.14217
cs.HC 2507.14242
cs.HC 2507.14339
cs.HC 2507.14372
cs.HC 2507.14451
cs.HC 2507.14543
cs.HC 2507.14553
cs.HC 2507.14623
cs.HC 2507.14698
cs.HC 2507.14909
cs.HC 2507.14985
cs.HC 2507.15188
cs.HC 2507.15197
cs.HC 2507.15454
cs.HC 2507.15729
cs.HC 2507.15743
cs.HC 2507.15846
cs.HC 2507.14316
cs.HC 2507.14384
cs.HC 2507.14418
cs.HC 2507.14482
cs.HC 2507.14494
cs.HC 2507.14527
cs.HC 2507.14537
cs.HC 2507.14685
cs.HC 2507.14702
cs.HC 2507.14767
cs.HC 2507.14769
cs.HC 2507.14792
cs.HC 2507.14818
cs.HC 2507.14846
cs.HC 2507.14859
cs.HC 2507.14944
cs.HC 2507.14947
cs.HC 2507.14961
cs.HC 2507.15033
cs.HC 2507.15041
cs.HC 2507.15049
cs.HC 2507.15072
cs.HC 2507.15081
cs.HC 2507.15202
cs.HC 2507.15244
cs.HC 2507.15355
cs.HC 2507.15433
cs.HC 2507.15443
cs.HC 2507.15481
cs.HC 2507.15502
cs.HC 2507.15526
cs.HC 2507.15559
cs.HC 2507.15650
cs.HC 2507.15692
cs.HC 2507.15783
cs.HC 2507.15885
cs.HC 2507.15997
cs.HC 2507.16130
cs.HC 2507.16184
cs.HC 2507.16229
cs.HC 2507.16247
cs.HC 2507.16298
cs.HC 2507.16398
cs.HC 2507.16515
cs.HC 2507.16704
cs.HC 2507.15981
cs.HC 2507.15996
cs.HC 2507.16013
cs.HC 2507.16033
cs.HC 2507.16073
cs.HC 2507.16074
cs.HC 2507.16117
cs.HC 2507.16207
cs.HC 2507.16258
cs.HC 2507.16466
cs.HC 2507.16542
cs.HC 2507.16562
cs.HC 2507.16563
cs.HC 2507.16586
cs.HC 2507.16735
cs.HC 2507.17174
cs.HC 2507.17264
cs.HC 2507.17265
cs.HC 2507.17401
cs.HC 2507.17481
cs.HC 2507.17518
cs.HC 2507.17718
cs.HC 2507.17744
cs.HC 2507.16819
cs.HC 2507.17024
cs.HC 2507.17139
cs.HC 2507.17209
cs.HC 2507.17218
cs.HC 2507.17226
cs.HC 2507.17230
cs.HC 2507.17242
cs.HC 2507.17248
cs.HC 2507.17320
cs.HC 2507.17430
cs.HC 2507.17524
cs.HC 2507.17543
cs.HC 2507.17597
cs.HC 2507.17688
cs.HC 2507.17734
cs.HC 2507.17758
cs.HC 2507.17760
cs.HC 2507.17978
cs.HC 2507.18022
cs.HC 2507.18262
cs.HC 2507.18523
cs.HC 2507.17753
cs.HC 2507.17754
cs.HC 2507.17755
cs.HC 2507.17756
cs.HC 2507.17757
cs.HC 2507.17759
cs.HC 2507.17761
cs.HC 2507.17774
cs.HC 2507.17898
cs.HC 2507.17943
cs.HC 2507.17985
cs.HC 2507.17997
cs.HC 2507.18084
cs.HC 2507.18085
cs.HC 2507.18151
cs.HC 2507.18165
cs.HC 2507.18169
cs.HC 2507.18252
cs.HC 2507.18315
cs.HC 2507.18393
cs.HC 2507.18401
cs.HC 2507.18428
cs.HC 2507.18450
cs.HC 2507.18510
cs.HC 2507.18572
cs.HC 2507.18619
cs.HC 2507.18622
cs.PL 2507.13499
cs.PL 2507.13635
cs.PL 2507.13494
cs.PL 2507.13533
cs.PL 2507.13774
cs.PL 2507.13792
cs.PL 2502.15441
cs.PL 2507.15415
cs.PL 2507.14403
cs.PL 2507.14471
cs.PL 2507.15007
cs.PL 2507.15017
cs.PL 2507.15277
cs.PL 2507.15530
cs.PL 2507.15596
cs.PL 2507.15843
cs.PL 2507.16051
cs.PL 2507.16086
cs.PL 2507.16089
cs.PL 2507.16660
cs.PL 2507.17087
cs.PL 2507.17453
cs.PL 2507.17691
cs.PL 2507.17233
cs.PL 2507.18268
cs.PL 2507.18454
cs.PL 2507.18509
cs.OS 2507.18559
cs.NI 2507.13505
cs.NI 2507.13624
cs.NI 2507.13720
cs.NI 2507.13999
cs.NI 2507.13476
cs.NI 2507.13676
cs.NI 2507.13717
cs.NI 2507.13889
cs.NI 2507.13933
cs.NI 2507.15673
cs.NI 2507.15816
cs.NI 2507.15818
cs.NI 2507.14183
cs.NI 2507.14186
cs.NI 2507.14188
cs.NI 2507.14199
cs.NI 2507.14205
cs.NI 2507.14209
cs.NI 2507.14211
cs.NI 2507.14230
cs.NI 2507.14234
cs.NI 2507.14263
cs.NI 2507.14398
cs.NI 2507.14512
cs.NI 2507.14627
cs.NI 2507.14633
cs.NI 2507.14842
cs.NI 2507.14876
cs.NI 2507.14891
cs.NI 2507.15145
cs.NI 2507.15254
cs.NI 2507.15338
cs.NI 2507.15382
cs.NI 2507.15391
cs.NI 2507.15423
cs.NI 2507.15659
cs.NI 2507.15670
cs.NI 2507.16077
cs.NI 2507.16680
cs.NI 2507.16438
cs.NI 2507.16594
cs.NI 2507.17064
cs.NI 2507.17074
cs.NI 2507.17214
cs.NI 2507.17491
cs.NI 2507.17495
cs.NI 2507.17655
cs.NI 2507.17695
cs.NI 2507.17736
cs.NI 2507.17188
cs.NI 2507.17195
cs.NI 2507.17403
cs.NI 2507.18514
cs.NI 2507.17835
cs.NI 2507.17861
cs.NI 2507.17865
cs.NI 2507.17905
cs.NI 2507.18328
cs.NI 2507.18480
cs.IT 2507.13616
cs.IT 2507.13464
cs.IT 2507.13543
cs.IT 2507.13548
cs.IT 2507.13689
cs.IT 2507.13808
cs.IT 2507.13961
cs.IT 2507.14064
cs.IT 2507.14070
cs.IT 2507.14148
cs.IT 2507.14155
cs.IT 2507.14169
cs.IT 2507.14197
cs.IT 2507.14228
cs.IT 2507.14323
cs.IT 2507.14588
cs.IT 2507.14831
cs.IT 2507.15056
cs.IT 2507.15116
cs.IT 2507.15196
cs.IT 2507.15231
cs.IT 2507.15367
cs.IT 2507.15515
cs.IT 2507.15621
cs.IT 2507.15661
cs.IT 2507.15800
cs.IT 2507.15805
cs.IT 2507.15816
cs.IT 2507.14704
cs.IT 2507.14733
cs.IT 2507.14742
cs.IT 2507.14768
cs.IT 2507.14775
cs.IT 2507.14794
cs.IT 2507.14795
cs.IT 2507.14825
cs.IT 2507.14852
cs.IT 2507.15074
cs.IT 2507.15108
cs.IT 2507.15247
cs.IT 2507.15301
cs.IT 2507.15372
cs.IT 2507.15448
cs.IT 2507.15700
cs.IT 2507.15757
cs.IT 2507.15818
cs.IT 2507.16012
cs.IT 2507.16583
cs.IT 2507.16680
cs.IT 2507.16694
cs.IT 2507.16734
cs.IT 2507.16014
cs.IT 2507.16377
cs.IT 2507.16384
cs.IT 2507.16499
cs.IT 2507.16600
cs.IT 2507.16666
cs.IT 2507.16699
cs.IT 2507.16767
cs.IT 2507.14982
cs.IT 2507.16953
cs.IT 2507.17364
cs.IT 2507.17505
cs.IT 2507.17684
cs.IT 2507.17036
cs.IT 2507.17129
cs.IT 2507.17319
cs.IT 2507.17366
cs.IT 2507.17426
cs.IT 2507.17427
cs.IT 2507.17432
cs.IT 2507.17571
cs.IT 2507.17654
cs.IT 2507.17736
cs.IT 2507.18135
cs.IT 2507.18166
cs.IT 2507.17893
cs.IT 2507.17942
cs.IT 2507.17950
cs.IT 2507.18025
cs.IT 2507.18194
cs.IT 2507.18361
cs.IT 2507.18514
cs.IT 2507.18538
cs.SC 2507.13550
cs.SC 2507.15449
cs.SC 2507.15665
stat.AP 2507.13605
stat.AP 2507.13695
stat.AP 2507.14006
stat.AP 2507.14019
stat.AP 2507.14175
stat.AP 2507.14246
stat.AP 2507.14311
stat.AP 2507.14380
stat.AP 2507.14442
stat.AP 2507.14638
stat.AP 2507.14648
stat.AP 2507.14742
stat.AP 2507.14746
stat.AP 2507.15001
stat.AP 2507.15040
stat.AP 2507.15079
stat.AP 2507.15437
stat.AP 2507.15441
stat.AP 2507.15475
stat.AP 2507.15548
stat.AP 2507.15809
stat.AP 2507.14161
stat.AP 2507.14389
stat.AP 2507.14666
stat.AP 2507.14848
stat.AP 2507.15045
stat.AP 2507.15099
stat.AP 2507.15320
stat.AP 2507.15374
stat.AP 2507.16048
stat.AP 2507.16150
stat.AP 2507.16416
stat.AP 2507.16497
stat.AP 2507.16771
stat.AP 2507.16354
stat.AP 2507.16690
stat.AP 2507.16722
stat.AP 2507.17172
stat.AP 2507.17229
stat.AP 2507.17243
stat.AP 2507.17431
stat.AP 2507.17831
stat.AP 2507.18118
stat.AP 2507.18125
stat.AP 2507.18240
stat.AP 2507.18591
stat.AP 2507.18218
cs.RO 2507.13613
cs.RO 2507.13857
cs.RO 2507.13872
cs.RO 2507.13888
cs.RO 2507.14011
cs.RO 2507.13455
cs.RO 2507.13468
cs.RO 2507.13539
cs.RO 2507.13602
cs.RO 2507.13647
cs.RO 2507.13650
cs.RO 2507.13654
cs.RO 2507.13662
cs.RO 2507.13702
cs.RO 2507.13729
cs.RO 2507.13787
cs.RO 2507.13871
cs.RO 2507.13903
cs.RO 2507.13940
cs.RO 2507.13969
cs.RO 2507.13970
cs.RO 2507.14043
cs.RO 2507.14049
cs.RO 2507.14059
cs.RO 2507.14061
cs.RO 2507.14099
cs.RO 2507.14190
cs.RO 2507.14456
cs.RO 2507.14500
cs.RO 2507.14809
cs.RO 2507.14850
cs.RO 2507.15036
cs.RO 2507.15089
cs.RO 2507.15106
cs.RO 2507.15496
cs.RO 2507.15594
cs.RO 2507.15597
cs.RO 2507.15857
cs.RO 2507.14249
cs.RO 2507.14274
cs.RO 2507.14412
cs.RO 2507.14455
cs.RO 2507.14538
cs.RO 2507.14582
cs.RO 2507.14605
cs.RO 2507.14694
cs.RO 2507.14700
cs.RO 2507.14721
cs.RO 2507.14731
cs.RO 2507.14820
cs.RO 2507.14903
cs.RO 2507.14914
cs.RO 2507.14929
cs.RO 2507.14931
cs.RO 2507.14967
cs.RO 2507.14975
cs.RO 2507.15022
cs.RO 2507.15062
cs.RO 2507.15088
cs.RO 2507.15155
cs.RO 2507.15189
cs.RO 2507.15266
cs.RO 2507.15293
cs.RO 2507.15444
cs.RO 2507.15469
cs.RO 2507.15474
cs.RO 2507.15478
cs.RO 2507.15484
cs.RO 2507.15493
cs.RO 2507.15499
cs.RO 2507.15604
cs.RO 2507.15607
cs.RO 2507.15608
cs.RO 2507.15649
cs.RO 2507.15677
cs.RO 2507.15693
cs.RO 2507.15710
cs.RO 2507.15716
cs.RO 2507.15729
cs.RO 2507.15782
cs.RO 2507.15833
cs.RO 2507.16259
cs.RO 2507.16269
cs.RO 2507.16306
cs.RO 2507.16815
cs.RO 2507.15975
cs.RO 2507.16000
cs.RO 2507.16034
cs.RO 2507.16059
cs.RO 2507.16068
cs.RO 2507.16120
cs.RO 2507.16121
cs.RO 2507.16124
cs.RO 2507.16139
cs.RO 2507.16175
cs.RO 2507.16214
cs.RO 2507.16233
cs.RO 2507.16305
cs.RO 2507.16328
cs.RO 2507.16335
cs.RO 2507.16369
cs.RO 2507.16382
cs.RO 2507.16398
cs.RO 2507.16458
cs.RO 2507.16480
cs.RO 2507.16481
cs.RO 2507.16621
cs.RO 2507.16645
cs.RO 2507.16713
cs.RO 2507.16874
cs.RO 2507.16983
cs.RO 2507.17049
cs.RO 2507.17089
cs.RO 2507.17220
cs.RO 2507.17455
cs.RO 2507.17530
cs.RO 2507.17585
cs.RO 2507.17596
cs.RO 2507.17661
cs.RO 2507.17664
cs.RO 2507.17665
cs.RO 2507.16839
cs.RO 2507.16841
cs.RO 2507.16842
cs.RO 2507.16846
cs.RO 2507.16853
cs.RO 2507.16859
cs.RO 2507.16865
cs.RO 2507.16941
cs.RO 2507.16988
cs.RO 2507.17055
cs.RO 2507.17085
cs.RO 2507.17130
cs.RO 2507.17132
cs.RO 2507.17136
cs.RO 2507.17140
cs.RO 2507.17141
cs.RO 2507.17144
cs.RO 2507.17152
cs.RO 2507.17163
cs.RO 2507.17210
cs.RO 2507.17253
cs.RO 2507.17275
cs.RO 2507.17294
cs.RO 2507.17317
cs.RO 2507.17338
cs.RO 2507.17376
cs.RO 2507.17379
cs.RO 2507.17383
cs.RO 2507.17401
cs.RO 2507.17445
cs.RO 2507.17519
cs.RO 2507.17520
cs.RO 2507.17531
cs.RO 2507.17561
cs.RO 2507.17572
cs.RO 2507.17649
cs.RO 2507.17679
cs.RO 2507.17727
cs.RO 2502.18549
cs.RO 2507.17859
cs.RO 2507.17943
cs.RO 2507.17990
cs.RO 2507.18444
cs.RO 2507.17846
cs.RO 2507.17856
cs.RO 2507.18033
cs.RO 2507.18070
cs.RO 2507.18138
cs.RO 2507.18160
cs.RO 2507.18206
cs.RO 2507.18248
cs.RO 2507.18262
cs.RO 2507.18276
cs.RO 2507.18317
cs.RO 2507.18344
cs.RO 2507.18396
cs.RO 2507.18436
cs.RO 2507.18462
cs.RO 2507.18502
cs.SE 2507.13481
cs.SE 2507.13499
cs.SE 2507.13553
cs.SE 2507.13555
cs.SE 2507.13661
cs.SE 2507.14347
cs.SE 2507.14642
cs.SE 2507.14985
cs.SE 2507.15058
cs.SE 2507.15146
cs.SE 2507.14256
cs.SE 2507.14330
cs.SE 2507.14396
cs.SE 2507.14423
cs.SE 2507.14547
cs.SE 2507.14554
cs.SE 2507.14558
cs.SE 2507.14594
cs.SE 2507.14687
cs.SE 2507.14716
cs.SE 2507.14735
cs.SE 2507.14770
cs.SE 2507.14776
cs.SE 2507.14791
cs.SE 2507.14969
cs.SE 2507.15003
cs.SE 2507.15025
cs.SE 2507.15157
cs.SE 2507.15181
cs.SE 2507.15188
cs.SE 2507.15197
cs.SE 2507.15224
cs.SE 2507.15226
cs.SE 2507.15241
cs.SE 2507.15251
cs.SE 2507.15296
cs.SE 2507.15343
cs.SE 2507.15599
cs.SE 2507.15624
cs.SE 2507.15663
cs.SE 2507.15666
cs.SE 2507.15671
cs.SE 2507.15822
cs.SE 2507.15828
cs.SE 2507.15831
cs.SE 2507.15984
cs.SE 2507.16051
cs.SE 2507.16229
cs.SE 2507.16395
cs.SE 2507.16478
cs.SE 2507.16586
cs.SE 2507.15887
cs.SE 2507.15889
cs.SE 2507.15892
cs.SE 2507.16037
cs.SE 2507.16044
cs.SE 2507.16063
cs.SE 2507.16166
cs.SE 2507.16208
cs.SE 2507.16327
cs.SE 2507.16407
cs.SE 2507.16439
cs.SE 2507.16587
cs.SE 2507.16661
cs.SE 2507.16685
cs.SE 2507.16754
cs.SE 2507.16808
cs.SE 2507.16540
cs.SE 2507.16887
cs.SE 2507.17453
cs.SE 2507.17518
cs.SE 2507.17655
cs.SE 2507.17049
cs.SE 2507.17093
cs.SE 2507.17165
cs.SE 2507.17235
cs.SE 2507.17264
cs.SE 2507.17270
cs.SE 2507.17271
cs.SE 2507.17293
cs.SE 2507.17314
cs.SE 2507.17369
cs.SE 2507.17389
cs.SE 2507.17542
cs.SE 2507.17548
cs.SE 2507.17690
cs.SE 2507.17691
cs.SE 2507.17743
cs.SE 2507.17773
cs.SE 2507.17778
cs.SE 2507.18625
cs.SE 2507.17930
cs.SE 2507.17991
cs.SE 2507.18029
cs.SE 2507.18037
cs.SE 2507.18039
cs.SE 2507.18062
cs.SE 2507.18081
cs.SE 2507.18105
cs.SE 2507.18130
cs.SE 2507.18159
cs.SE 2507.18223
cs.SE 2507.18267
cs.SE 2507.18289
cs.SE 2507.18316
cs.SE 2507.18319
cs.SE 2507.18339
cs.SE 2507.18476
cs.SE 2507.18515
stat.ML 2507.13704
stat.ML 2507.13902
stat.ML 2507.14126
stat.ML 2507.13639
stat.ML 2507.13835
stat.ML 2507.13887
stat.ML 2507.14023
stat.ML 2507.14057
stat.ML 2507.14161
stat.ML 2507.14163
stat.ML 2507.14176
stat.ML 2507.14182
stat.ML 2507.14206
stat.ML 2507.14380
stat.ML 2507.14492
stat.ML 2507.14499
stat.ML 2507.14740
stat.ML 2507.14746
stat.ML 2507.14748
stat.ML 2507.14795
stat.ML 2507.15112
stat.ML 2507.15173
stat.ML 2507.15222
stat.ML 2507.15240
stat.ML 2507.15397
stat.ML 2507.15638
stat.ML 2507.15678
stat.ML 2507.15825
stat.ML 2507.15842
stat.ML 2507.14444
stat.ML 2507.14507
stat.ML 2507.14641
stat.ML 2507.14652
stat.ML 2507.14661
stat.ML 2507.14782
stat.ML 2507.14901
stat.ML 2507.15097
stat.ML 2507.15235
stat.ML 2507.15681
stat.ML 2507.15741
stat.ML 2507.15802
stat.ML 2507.15897
stat.ML 2507.15909
stat.ML 2507.16315
stat.ML 2507.16373
stat.ML 2507.16569
stat.ML 2507.16678
stat.ML 2507.16705
stat.ML 2507.16749
stat.ML 2507.16771
stat.ML 2507.15899
stat.ML 2507.15990
stat.ML 2507.16236
stat.ML 2507.16467
stat.ML 2507.16682
stat.ML 2507.16915
stat.ML 2507.17066
stat.ML 2507.17534
stat.ML 2507.17582
stat.ML 2507.17684
stat.ML 2507.17725
stat.ML 2507.17748
stat.ML 2507.16953
stat.ML 2507.16999
stat.ML 2507.17026
stat.ML 2507.17030
stat.ML 2507.17316
stat.ML 2507.17494
stat.ML 2507.17544
stat.ML 2507.17686
stat.ML 2507.17713
stat.ML 2507.17792
stat.ML 2507.17796
stat.ML 2507.18101
stat.ML 2507.18170
stat.ML 2507.18366
stat.ML 2507.18555
stat.ML 2507.18561
stat.ML 2507.17921
stat.ML 2507.18118
stat.ML 2507.18147
stat.ML 2507.18372
stat.ML 2507.18464
stat.ML 2507.18520
stat.CO 2507.13494
stat.CO 2507.14176
stat.CO 2507.14380
stat.CO 2507.14782
stat.CO 2507.15802
stat.CO 2507.14535
stat.CO 2507.14869
stat.CO 2507.15529
stat.CO 2507.15985
stat.CO 2507.16324
stat.CO 2507.16756
stat.CO 2507.15893
stat.CO 2507.16961
stat.CO 2507.17065
stat.CO 2507.17921
stat.CO 2507.17975
stat.CO 2507.18101
stat.CO 2507.18404
stat.CO 2507.18588
cs.SI 2507.13366
cs.SI 2507.13368
cs.SI 2507.13370
cs.SI 2507.13379
cs.SI 2507.13398
cs.SI 2507.13477
cs.SI 2507.13577
cs.SI 2507.13636
cs.SI 2507.13939
cs.SI 2507.14162
cs.SI 2507.14612
cs.SI 2507.15067
cs.SI 2507.15253
cs.SI 2507.15600
cs.SI 2507.15823
cs.SI 2507.14465
cs.SI 2507.14623
cs.SI 2507.14696
cs.SI 2507.14864
cs.SI 2507.15124
cs.SI 2507.15460
cs.SI 2507.16541
cs.SI 2507.16046
cs.SI 2507.16298
cs.SI 2507.16583
cs.SI 2507.17215
cs.SI 2507.16820
cs.SI 2507.16847
cs.SI 2507.16848
cs.SI 2507.16857
cs.SI 2507.16858
cs.SI 2507.16860
cs.SI 2507.17177
cs.SI 2507.17626
cs.SI 2507.17755
cs.SD 2507.13563
cs.SD 2507.13626
cs.SD 2507.13572
cs.SD 2507.13863
cs.SD 2507.14129
cs.SD 2507.14215
cs.SD 2507.14346
cs.SD 2507.14451
cs.SD 2507.14534
cs.SD 2507.14915
cs.SD 2507.15523
cs.SD 2507.14237
cs.SD 2507.14638
cs.SD 2507.14647
cs.SD 2507.15101
cs.SD 2507.15214
cs.SD 2507.15221
cs.SD 2507.15272
cs.SD 2507.15294
cs.SD 2507.15396
cs.SD 2507.15558
cs.SD 2507.16080
cs.SD 2507.16456
cs.SD 2507.16632
cs.SD 2507.16696
cs.SD 2507.15970
cs.SD 2507.15991
cs.SD 2507.16136
cs.SD 2507.16190
cs.SD 2507.16220
cs.SD 2507.16235
cs.SD 2507.16343
cs.SD 2507.16564
cs.SD 2507.16724
cs.SD 2507.16845
cs.SD 2507.17527
cs.SD 2507.17540
cs.SD 2507.17735
cs.SD 2507.16843
cs.SD 2507.17297
cs.SD 2507.17326
cs.SD 2507.17563
cs.SD 2507.17682
cs.SD 2507.17799
cs.SD 2507.18061
cs.SD 2507.18119
cs.SD 2507.18161
cs.SD 2507.18181
cs.SD 2507.18334
cs.SD 2507.18350
cs.SD 2507.18352
cs.SD 2507.18446
cs.SD 2507.17851
cs.SD 2507.17937
cs.SD 2507.17941
cs.SD 2507.18051
cs.SD 2507.18452
cs.SY 2507.13355
cs.SY 2507.13491
cs.SY 2507.13528
cs.SY 2507.13557
cs.SY 2507.13613
cs.SY 2507.13650
cs.SY 2507.13853
cs.SY 2507.13871
cs.SY 2507.13938
cs.SY 2507.14021
cs.SY 2507.13534
cs.SY 2507.13623
cs.SY 2507.13672
cs.SY 2507.13678
cs.SY 2507.13687
cs.SY 2507.13872
cs.SY 2507.13888
cs.SY 2507.13908
cs.SY 2507.13931
cs.SY 2507.13982
cs.SY 2507.14004
cs.SY 2507.14020
cs.SY 2507.14025
cs.SY 2507.14052
cs.SY 2507.14073
cs.SY 2507.14117
cs.SY 2507.05297
cs.SY 2507.14152
cs.SY 2507.14165
cs.SY 2507.14194
cs.SY 2507.14212
cs.SY 2507.14219
cs.SY 2507.14354
cs.SY 2507.14406
cs.SY 2507.14627
cs.SY 2507.14700
cs.SY 2507.14756
cs.SY 2507.14859
cs.SY 2507.14999
cs.SY 2507.15022
cs.SY 2507.15127
cs.SY 2507.15168
cs.SY 2507.15266
cs.SY 2507.15283
cs.SY 2507.15489
cs.SY 2507.15601
cs.SY 2507.14300
cs.SY 2507.14347
cs.SY 2507.14385
cs.SY 2507.14409
cs.SY 2507.14450
cs.SY 2507.14595
cs.SY 2507.14601
cs.SY 2507.14727
cs.SY 2507.14728
cs.SY 2507.14765
cs.SY 2507.14800
cs.SY 2507.14857
cs.SY 2507.14863
cs.SY 2507.14952
cs.SY 2507.15031
cs.SY 2507.15047
cs.SY 2507.15093
cs.SY 2507.15163
cs.SY 2507.15167
cs.SY 2507.15169
cs.SY 2507.15259
cs.SY 2507.15261
cs.SY 2507.15307
cs.SY 2507.15344
cs.SY 2507.15358
cs.SY 2507.15362
cs.SY 2507.15385
cs.SY 2507.15564
cs.SY 2507.15594
cs.SY 2507.15708
cs.SY 2507.15781
cs.SY 2507.16156
cs.SY 2507.16221
cs.SY 2507.16458
cs.SY 2507.16480
cs.SY 2507.16481
cs.SY 2507.16495
cs.SY 2507.16027
cs.SY 2507.16061
cs.SY 2507.16071
cs.SY 2507.16101
cs.SY 2507.16155
cs.SY 2507.16157
cs.SY 2507.16281
cs.SY 2507.16311
cs.SY 2507.16426
cs.SY 2507.16479
cs.SY 2507.16513
cs.SY 2507.16520
cs.SY 2507.16553
cs.SY 2507.16774
cs.SY 2507.17071
cs.SY 2507.17096
cs.SY 2507.17115
cs.SY 2507.17154
cs.SY 2507.17214
cs.SY 2507.16923
cs.SY 2507.16924
cs.SY 2507.16963
cs.SY 2507.16982
cs.SY 2507.17011
cs.SY 2507.17110
cs.SY 2507.17155
cs.SY 2507.17156
cs.SY 2507.17171
cs.SY 2507.17194
cs.SY 2507.17222
cs.SY 2507.17325
cs.SY 2507.17422
cs.SY 2507.17475
cs.SY 2507.17526
cs.SY 2507.17552
cs.SY 2507.17587
cs.SY 2507.17610
cs.SY 2507.17638
cs.SY 2507.17703
cs.SY 2507.17856
cs.SY 2507.18030
cs.SY 2507.18070
cs.SY 2507.18249
cs.SY 2507.18514
cs.SY 2507.18609
cs.SY 2507.18627
cs.SY 2507.18628
cs.SY 2507.17868
cs.SY 2507.17875
cs.SY 2507.17990
cs.SY 2507.18001
cs.SY 2507.18077
cs.SY 2507.18095
cs.SY 2507.18102
cs.SY 2507.18110
cs.SY 2507.18131
cs.SY 2507.18141
cs.SY 2507.18150
cs.SY 2507.18158
cs.SY 2507.18204
cs.SY 2507.18309
cs.SY 2507.18419
cs.SY 2507.18492
cs.SY 2507.18493
cs.SY 2507.18630
stat.TH 2507.13706
stat.TH 2507.13887
stat.TH 2507.13656
stat.TH 2507.13764
stat.TH 2507.14389
stat.TH 2507.14442
stat.TH 2507.14444
stat.TH 2507.14661
stat.TH 2507.14960
stat.TH 2507.15097
stat.TH 2507.15136
stat.TH 2507.15416
stat.TH 2507.15471
stat.TH 2507.15593
stat.TH 2507.15741
stat.TH 2507.15742
stat.TH 2507.14986
stat.TH 2507.15077
stat.TH 2507.15342
stat.TH 2507.15637
stat.TH 2507.15696
stat.TH 2507.15744
stat.TH 2507.15810
stat.TH 2507.16370
stat.TH 2507.16682
stat.TH 2507.16705
stat.TH 2507.16340
stat.TH 2507.16529
stat.TH 2507.16734
stat.TH 2507.16776
stat.TH 2507.16953
stat.TH 2507.17229
stat.TH 2507.17306
stat.TH 2507.16998
stat.TH 2507.17073
stat.TH 2507.17625
stat.TH 2507.17697
stat.TH 2507.17921
stat.TH 2507.18101
stat.TH 2507.18148
stat.TH 2507.18372
stat.TH 2507.18520
stat.TH 2507.18554
stat.TH 2507.18591
stat.TH 2507.18021
stat.TH 2507.18129
stat.TH 2507.18170
stat.TH 2507.18279
stat.TH 2507.18307
stat.TH 2507.18505
eess.AS 2507.13164
eess.AS 2507.13563
eess.AS 2507.13572
eess.AS 2507.13863
eess.AS 2507.13875
eess.AS 2507.13977
eess.AS 2507.14129
eess.AS 2507.13626
eess.AS 2507.14044
eess.AS 2507.14215
eess.AS 2507.14237
eess.AS 2507.14638
eess.AS 2507.14647
eess.AS 2507.14915
eess.AS 2507.15101
eess.AS 2507.15214
eess.AS 2507.15221
eess.AS 2507.15272
eess.AS 2507.15375
eess.AS 2507.15396
eess.AS 2507.15523
eess.AS 2507.15558
eess.AS 2507.14346
eess.AS 2507.14451
eess.AS 2507.14534
eess.AS 2507.14898
eess.AS 2507.14988
eess.AS 2507.15229
eess.AS 2507.15517
eess.AS 2507.15970
eess.AS 2507.16136
eess.AS 2507.16190
eess.AS 2507.16564
eess.AS 2507.16632
eess.AS 2507.16724
eess.AS 2507.16104
eess.AS 2507.16456
eess.AS 2507.16843
eess.AS 2507.17288
eess.AS 2507.17297
eess.AS 2507.17527
eess.AS 2507.17563
eess.AS 2507.17682
eess.AS 2507.16832
eess.AS 2507.16834
eess.AS 2507.16835
eess.AS 2507.16836
eess.AS 2507.16838
eess.AS 2507.16845
eess.AS 2507.16875
eess.AS 2507.17208
eess.AS 2507.17540
eess.AS 2507.17735
eess.AS 2507.17851
eess.AS 2507.17918
eess.AS 2507.17937
eess.AS 2507.17941
eess.AS 2507.18051
eess.AS 2507.18061
eess.AS 2507.18119
eess.AS 2507.18334
eess.AS 2507.18352
eess.AS 2507.17765
eess.AS 2507.17799
eess.AS 2507.18161
eess.AS 2507.18181
eess.AS 2507.18350
eess.AS 2507.18446
cs.LG 2507.12182
cs.LG 2507.13355
cs.LG 2507.13369
cs.LG 2507.13376
cs.LG 2507.13381
cs.LG 2507.13382
cs.LG 2507.13384
cs.LG 2507.13385
cs.LG 2507.13386
cs.LG 2507.13390
cs.LG 2507.13401
cs.LG 2507.13403
cs.LG 2507.13405
cs.LG 2507.13420
cs.LG 2507.13458
cs.LG 2507.13459
cs.LG 2507.13480
cs.LG 2507.13485
cs.LG 2507.13505
cs.LG 2507.13514
cs.LG 2507.13543
cs.LG 2507.13558
cs.LG 2507.13580
cs.LG 2507.13591
cs.LG 2507.13598
cs.LG 2507.13602
cs.LG 2507.13629
cs.LG 2507.13638
cs.LG 2507.13639
cs.LG 2507.13659
cs.LG 2507.13677
cs.LG 2507.13700
cs.LG 2507.13710
cs.LG 2507.13712
cs.LG 2507.13722
cs.LG 2507.13732
cs.LG 2507.13772
cs.LG 2507.13827
cs.LG 2507.13835
cs.LG 2507.13871
cs.LG 2507.13887
cs.LG 2507.13942
cs.LG 2507.13957
cs.LG 2507.14017
cs.LG 2507.14022
cs.LG 2507.14023
cs.LG 2507.14031
cs.LG 2507.14046
cs.LG 2507.14057
cs.LG 2507.14077
cs.LG 2507.14079
cs.LG 2507.14093
cs.LG 2507.14102
cs.LG 2507.14109
cs.LG 2507.14111
cs.LG 2507.14116
cs.LG 2507.14119
cs.LG 2507.13354
cs.LG 2507.13383
cs.LG 2507.13393
cs.LG 2507.13399
cs.LG 2507.13413
cs.LG 2507.13414
cs.LG 2507.13416
cs.LG 2507.13417
cs.LG 2507.13423
cs.LG 2507.13482
cs.LG 2507.13491
cs.LG 2507.13508
cs.LG 2507.13540
cs.LG 2507.13542
cs.LG 2507.13556
cs.LG 2507.13569
cs.LG 2507.13575
cs.LG 2507.13579
cs.LG 2507.13608
cs.LG 2507.13620
cs.LG 2507.13624
cs.LG 2507.13646
cs.LG 2507.13685
cs.LG 2507.13703
cs.LG 2507.13704
cs.LG 2507.13707
cs.LG 2507.13716
cs.LG 2507.13718
cs.LG 2507.13721
cs.LG 2507.13727
cs.LG 2507.13736
cs.LG 2507.13741
cs.LG 2507.13742
cs.LG 2507.13762
cs.LG 2507.13765
cs.LG 2507.13805
cs.LG 2507.13834
cs.LG 2507.13912
cs.LG 2507.13920
cs.LG 2507.13950
cs.LG 2507.13954
cs.LG 2507.13959
cs.LG 2507.13992
cs.LG 2507.13998
cs.LG 2507.14005
cs.LG 2507.14021
cs.LG 2507.14038
cs.LG 2507.14056
cs.LG 2507.14066
cs.LG 2507.14088
cs.LG 2507.14121
cs.LG 2507.14126
cs.LG 2507.14141
cs.LG 2507.14144
cs.LG 2507.14147
cs.LG 2507.14151
cs.LG 2507.14152
cs.LG 2507.14153
cs.LG 2507.14154
cs.LG 2507.14159
cs.LG 2507.14160
cs.LG 2507.14161
cs.LG 2507.14163
cs.LG 2507.14164
cs.LG 2507.14166
cs.LG 2507.14167
cs.LG 2507.14173
cs.LG 2507.14184
cs.LG 2507.14185
cs.LG 2507.14186
cs.LG 2507.14194
cs.LG 2507.14195
cs.LG 2507.14196
cs.LG 2507.14200
cs.LG 2507.14206
cs.LG 2507.14216
cs.LG 2507.14218
cs.LG 2507.14220
cs.LG 2507.14221
cs.LG 2507.14224
cs.LG 2507.14231
cs.LG 2507.14236
cs.LG 2507.14248
cs.LG 2507.14270
cs.LG 2507.14299
cs.LG 2507.14302
cs.LG 2507.14304
cs.LG 2507.14339
cs.LG 2507.14340
cs.LG 2507.14341
cs.LG 2507.14376
cs.LG 2507.14406
cs.LG 2507.14444
cs.LG 2507.14467
cs.LG 2507.14491
cs.LG 2507.14499
cs.LG 2507.14507
cs.LG 2507.14543
cs.LG 2507.14593
cs.LG 2507.14597
cs.LG 2507.14604
cs.LG 2507.14608
cs.LG 2507.14633
cs.LG 2507.14639
cs.LG 2507.14641
cs.LG 2507.14652
cs.LG 2507.14658
cs.LG 2507.14661
cs.LG 2507.14688
cs.LG 2507.14693
cs.LG 2507.14696
cs.LG 2507.14760
cs.LG 2507.14767
cs.LG 2507.14768
cs.LG 2507.14782
cs.LG 2507.14808
cs.LG 2507.14835
cs.LG 2507.14851
cs.LG 2507.14853
cs.LG 2507.14901
cs.LG 2507.14908
cs.LG 2507.14946
cs.LG 2507.14960
cs.LG 2507.14987
cs.LG 2507.14997
cs.LG 2507.15003
cs.LG 2507.15021
cs.LG 2507.15032
cs.LG 2507.15035
cs.LG 2507.15058
cs.LG 2507.15062
cs.LG 2507.15063
cs.LG 2507.15084
cs.LG 2507.15097
cs.LG 2507.15109
cs.LG 2507.15118
cs.LG 2507.15145
cs.LG 2507.15146
cs.LG 2507.15152
cs.LG 2507.15222
cs.LG 2507.15225
cs.LG 2507.15232
cs.LG 2507.15235
cs.LG 2507.15236
cs.LG 2507.15243
cs.LG 2507.15253
cs.LG 2507.15255
cs.LG 2507.15259
cs.LG 2507.15264
cs.LG 2507.15319
cs.LG 2507.15339
cs.LG 2507.15347
cs.LG 2507.15355
cs.LG 2507.15364
cs.LG 2507.15411
cs.LG 2507.15460
cs.LG 2507.15478
cs.LG 2507.15485
cs.LG 2507.15496
cs.LG 2507.15501
cs.LG 2507.15577
cs.LG 2507.15597
cs.LG 2507.15599
cs.LG 2507.15681
cs.LG 2507.15698
cs.LG 2507.15741
cs.LG 2507.15743
cs.LG 2507.15773
cs.LG 2507.15776
cs.LG 2507.15802
cs.LG 2507.15803
cs.LG 2507.15809
cs.LG 2507.15815
cs.LG 2507.15825
cs.LG 2507.15826
cs.LG 2507.15849
cs.LG 2507.14170
cs.LG 2507.14171
cs.LG 2507.14172
cs.LG 2507.14175
cs.LG 2507.14176
cs.LG 2507.14177
cs.LG 2507.14178
cs.LG 2507.14179
cs.LG 2507.14180
cs.LG 2507.14181
cs.LG 2507.14182
cs.LG 2507.14204
cs.LG 2507.14215
cs.LG 2507.14217
cs.LG 2507.14219
cs.LG 2507.14227
cs.LG 2507.14245
cs.LG 2507.14257
cs.LG 2507.14295
cs.LG 2507.14322
cs.LG 2507.14326
cs.LG 2507.14332
cs.LG 2507.14344
cs.LG 2507.14353
cs.LG 2507.14387
cs.LG 2507.14419
cs.LG 2507.14446
cs.LG 2507.14484
cs.LG 2507.14487
cs.LG 2507.14492
cs.LG 2507.14503
cs.LG 2507.14516
cs.LG 2507.14528
cs.LG 2507.14529
cs.LG 2507.14560
cs.LG 2507.14570
cs.LG 2507.14592
cs.LG 2507.14631
cs.LG 2507.14668
cs.LG 2507.14677
cs.LG 2507.14679
cs.LG 2507.14698
cs.LG 2507.14706
cs.LG 2507.14715
cs.LG 2507.14722
cs.LG 2507.14725
cs.LG 2507.14736
cs.LG 2507.14740
cs.LG 2507.14744
cs.LG 2507.14746
cs.LG 2507.14747
cs.LG 2507.14748
cs.LG 2507.14766
cs.LG 2507.14777
cs.LG 2507.14783
cs.LG 2507.14785
cs.LG 2507.14793
cs.LG 2507.14805
cs.LG 2507.14824
cs.LG 2507.14828
cs.LG 2507.14843
cs.LG 2507.14847
cs.LG 2507.14850
cs.LG 2507.14874
cs.LG 2507.14882
cs.LG 2507.14919
cs.LG 2507.14980
cs.LG 2507.14999
cs.LG 2507.15066
cs.LG 2507.15067
cs.LG 2507.15073
cs.LG 2507.15079
cs.LG 2507.15082
cs.LG 2507.15104
cs.LG 2507.15112
cs.LG 2507.15119
cs.LG 2507.15132
cs.LG 2507.15156
cs.LG 2507.15158
cs.LG 2507.15162
cs.LG 2507.15173
cs.LG 2507.15174
cs.LG 2507.15195
cs.LG 2507.15205
cs.LG 2507.15240
cs.LG 2507.15246
cs.LG 2507.15260
cs.LG 2507.15274
cs.LG 2507.15280
cs.LG 2507.15287
cs.LG 2507.15288
cs.LG 2507.15290
cs.LG 2507.15303
cs.LG 2507.15336
cs.LG 2507.15349
cs.LG 2507.15381
cs.LG 2507.15386
cs.LG 2507.15397
cs.LG 2507.15431
cs.LG 2507.15442
cs.LG 2507.15470
cs.LG 2507.15507
cs.LG 2507.15523
cs.LG 2507.15545
cs.LG 2507.15548
cs.LG 2507.15550
cs.LG 2507.15566
cs.LG 2507.15574
cs.LG 2507.15584
cs.LG 2507.15587
cs.LG 2507.15601
cs.LG 2507.15614
cs.LG 2507.15640
cs.LG 2507.15643
cs.LG 2507.15678
cs.LG 2507.15718
cs.LG 2507.15727
cs.LG 2507.15769
cs.LG 2507.15772
cs.LG 2507.15774
cs.LG 2507.15784
cs.LG 2507.15788
cs.LG 2507.15816
cs.LG 2507.15832
cs.LG 2507.15836
cs.LG 2507.15839
cs.LG 2507.15846
cs.LG 2507.15857
cs.LG 2507.15864
cs.LG 2507.15882
cs.LG 2507.15885
cs.LG 2507.15887
cs.LG 2507.15895
cs.LG 2507.15899
cs.LG 2507.15914
cs.LG 2507.15976
cs.LG 2507.15990
cs.LG 2507.16001
cs.LG 2507.16003
cs.LG 2507.16004
cs.LG 2507.16005
cs.LG 2507.16041
cs.LG 2507.16058
cs.LG 2507.16068
cs.LG 2507.16069
cs.LG 2507.16077
cs.LG 2507.16083
cs.LG 2507.16107
cs.LG 2507.16110
cs.LG 2507.16139
cs.LG 2507.16164
cs.LG 2507.16182
cs.LG 2507.16203
cs.LG 2507.16217
cs.LG 2507.16218
cs.LG 2507.16236
cs.LG 2507.16237
cs.LG 2507.16242
cs.LG 2507.16254
cs.LG 2507.16260
cs.LG 2507.16289
cs.LG 2507.16321
cs.LG 2507.16334
cs.LG 2507.16336
cs.LG 2507.16373
cs.LG 2507.16405
cs.LG 2507.16410
cs.LG 2507.16424
cs.LG 2507.16427
cs.LG 2507.16431
cs.LG 2507.16433
cs.LG 2507.16434
cs.LG 2507.16438
cs.LG 2507.16467
cs.LG 2507.16477
cs.LG 2507.16490
cs.LG 2507.16518
cs.LG 2507.16534
cs.LG 2507.16548
cs.LG 2507.16556
cs.LG 2507.16557
cs.LG 2507.16623
cs.LG 2507.16642
cs.LG 2507.16678
cs.LG 2507.16682
cs.LG 2507.16695
cs.LG 2507.16697
cs.LG 2507.16717
cs.LG 2507.16746
cs.LG 2507.16761
cs.LG 2507.16802
cs.LG 2507.16812
cs.LG 2507.16815
cs.LG 2507.15862
cs.LG 2507.15867
cs.LG 2507.15869
cs.LG 2507.15884
cs.LG 2507.15897
cs.LG 2507.15900
cs.LG 2507.15903
cs.LG 2507.15904
cs.LG 2507.15905
cs.LG 2507.15906
cs.LG 2507.15907
cs.LG 2507.15917
cs.LG 2507.15977
cs.LG 2507.15987
cs.LG 2507.16008
cs.LG 2507.16012
cs.LG 2507.16039
cs.LG 2507.16079
cs.LG 2507.16099
cs.LG 2507.16148
cs.LG 2507.16178
cs.LG 2507.16186
cs.LG 2507.16200
cs.LG 2507.16206
cs.LG 2507.16223
cs.LG 2507.16249
cs.LG 2507.16274
cs.LG 2507.16278
cs.LG 2507.16302
cs.LG 2507.16307
cs.LG 2507.16345
cs.LG 2507.16347
cs.LG 2507.16363
cs.LG 2507.16380
cs.LG 2507.16419
cs.LG 2507.16450
cs.LG 2507.16497
cs.LG 2507.16511
cs.LG 2507.16533
cs.LG 2507.16537
cs.LG 2507.16541
cs.LG 2507.16569
cs.LG 2507.16577
cs.LG 2507.16672
cs.LG 2507.16674
cs.LG 2507.16676
cs.LG 2507.16680
cs.LG 2507.16696
cs.LG 2507.16704
cs.LG 2507.16729
cs.LG 2507.16771
cs.LG 2507.16795
cs.LG 2507.16806
cs.LG 2507.16814
cs.LG 2402.04711
cs.LG 2507.16832
cs.LG 2507.16836
cs.LG 2507.16845
cs.LG 2507.16847
cs.LG 2507.16852
cs.LG 2507.16875
cs.LG 2507.16876
cs.LG 2507.16880
cs.LG 2507.16887
cs.LG 2507.16915
cs.LG 2507.16940
cs.LG 2507.16953
cs.LG 2507.16955
cs.LG 2507.16978
cs.LG 2507.16999
cs.LG 2507.17000
cs.LG 2507.17010
cs.LG 2507.17026
cs.LG 2507.17030
cs.LG 2507.17055
cs.LG 2507.17085
cs.LG 2507.17121
cs.LG 2507.17126
cs.LG 2507.17149
cs.LG 2507.17152
cs.LG 2507.17174
cs.LG 2507.17193
cs.LG 2507.17209
cs.LG 2507.17219
cs.LG 2507.17275
cs.LG 2507.17293
cs.LG 2507.17294
cs.LG 2507.17297
cs.LG 2507.17316
cs.LG 2507.17343
cs.LG 2507.17383
cs.LG 2507.17396
cs.LG 2507.17418
cs.LG 2507.17439
cs.LG 2507.17470
cs.LG 2507.17479
cs.LG 2507.17494
cs.LG 2507.17506
cs.LG 2507.17509
cs.LG 2507.17512
cs.LG 2507.17526
cs.LG 2507.17540
cs.LG 2507.17544
cs.LG 2507.17545
cs.LG 2507.17577
cs.LG 2507.17596
cs.LG 2507.17603
cs.LG 2507.17606
cs.LG 2507.17616
cs.LG 2507.17634
cs.LG 2507.17662
cs.LG 2507.17686
cs.LG 2507.17688
cs.LG 2507.17691
cs.LG 2507.17713
cs.LG 2507.17726
cs.LG 2507.16818
cs.LG 2507.16833
cs.LG 2507.16844
cs.LG 2507.16864
cs.LG 2507.16867
cs.LG 2507.16871
cs.LG 2507.16881
cs.LG 2507.16884
cs.LG 2507.16933
cs.LG 2507.16983
cs.LG 2507.16991
cs.LG 2507.17001
cs.LG 2507.17013
cs.LG 2507.17016
cs.LG 2507.17019
cs.LG 2507.17056
cs.LG 2507.17066
cs.LG 2507.17070
cs.LG 2507.17071
cs.LG 2507.17096
cs.LG 2507.17107
cs.LG 2507.17116
cs.LG 2507.17123
cs.LG 2507.17125
cs.LG 2507.17131
cs.LG 2507.17135
cs.LG 2507.17151
cs.LG 2507.17161
cs.LG 2507.17189
cs.LG 2507.17204
cs.LG 2507.17221
cs.LG 2507.17228
cs.LG 2507.17241
cs.LG 2507.17245
cs.LG 2507.17255
cs.LG 2507.17273
cs.LG 2507.17285
cs.LG 2507.17307
cs.LG 2507.17309
cs.LG 2507.17311
cs.LG 2507.17328
cs.LG 2507.17346
cs.LG 2507.17348
cs.LG 2507.17365
cs.LG 2507.17368
cs.LG 2507.17382
cs.LG 2507.17417
cs.LG 2507.17450
cs.LG 2507.17453
cs.LG 2507.17454
cs.LG 2507.17472
cs.LG 2507.17501
cs.LG 2507.17513
cs.LG 2507.17528
cs.LG 2507.17530
cs.LG 2507.17534
cs.LG 2507.17580
cs.LG 2507.17650
cs.LG 2507.17668
cs.LG 2507.17684
cs.LG 2507.17687
cs.LG 2507.17692
cs.LG 2507.17706
cs.LG 2507.17725
cs.LG 2507.17731
cs.LG 2507.17746
cs.LG 2507.17748
cs.LG 2504.02853
cs.LG 2507.16641
cs.LG 2507.17757
cs.LG 2507.17765
cs.LG 2507.17766
cs.LG 2507.17769
cs.LG 2507.17772
cs.LG 2507.17773
cs.LG 2507.17775
cs.LG 2507.17779
cs.LG 2507.17799
cs.LG 2507.17804
cs.LG 2507.17845
cs.LG 2507.17860
cs.LG 2507.17869
cs.LG 2507.17881
cs.LG 2507.17893
cs.LG 2507.17897
cs.LG 2507.17921
cs.LG 2507.17931
cs.LG 2507.17953
cs.LG 2507.17963
cs.LG 2507.17980
cs.LG 2507.18021
cs.LG 2507.18022
cs.LG 2507.18031
cs.LG 2507.18055
cs.LG 2507.18099
cs.LG 2507.18103
cs.LG 2507.18114
cs.LG 2507.18115
cs.LG 2507.18118
cs.LG 2507.18155
cs.LG 2507.18262
cs.LG 2507.18323
cs.LG 2507.18330
cs.LG 2507.18332
cs.LG 2507.18352
cs.LG 2507.18372
cs.LG 2507.18392
cs.LG 2507.18405
cs.LG 2507.18417
cs.LG 2507.18429
cs.LG 2507.18448
cs.LG 2507.18449
cs.LG 2507.18450
cs.LG 2507.18464
cs.LG 2507.18504
cs.LG 2507.18520
cs.LG 2507.18523
cs.LG 2507.18534
cs.LG 2507.18538
cs.LG 2507.18540
cs.LG 2507.18550
cs.LG 2507.18577
cs.LG 2507.18594
cs.LG 2507.18606
cs.LG 2507.18607
cs.LG 2507.18616
cs.LG 2507.18618
cs.LG 2507.18632
cs.LG 2507.17768
cs.LG 2507.17784
cs.LG 2507.17785
cs.LG 2507.17786
cs.LG 2507.17787
cs.LG 2507.17788
cs.LG 2507.17791
cs.LG 2507.17792
cs.LG 2507.17795
cs.LG 2507.17796
cs.LG 2507.17797
cs.LG 2507.17798
cs.LG 2507.17848
cs.LG 2507.17876
cs.LG 2507.17887
cs.LG 2507.17895
cs.LG 2507.17903
cs.LG 2507.17907
cs.LG 2507.17912
cs.LG 2507.17922
cs.LG 2507.17924
cs.LG 2507.17934
cs.LG 2507.17958
cs.LG 2507.17977
cs.LG 2507.17979
cs.LG 2507.17984
cs.LG 2507.18014
cs.LG 2507.18067
cs.LG 2507.18071
cs.LG 2507.18072
cs.LG 2507.18073
cs.LG 2507.18098
cs.LG 2507.18111
cs.LG 2507.18113
cs.LG 2507.18122
cs.LG 2507.18139
cs.LG 2507.18153
cs.LG 2507.18183
cs.LG 2507.18196
cs.LG 2507.18219
cs.LG 2507.18220
cs.LG 2507.18242
cs.LG 2507.18293
cs.LG 2507.18297
cs.LG 2507.18313
cs.LG 2507.18320
cs.LG 2507.18333
cs.LG 2507.18346
cs.LG 2507.18366
cs.LG 2507.18376
cs.LG 2507.18423
cs.LG 2507.18519
cs.LG 2507.18521
cs.LG 2507.18533
cs.LG 2507.18549
cs.LG 2507.18553
cs.LG 2507.18555
cs.LG 2507.18561
cs.LG 2507.18597
cs.LG 2507.18603
cs.LG 2507.18623
cs.LG 2507.18627
cs.CV 2507.12898
cs.CV 2507.13366
cs.CV 2507.13367
cs.CV 2507.13377
cs.CV 2507.13383
cs.CV 2507.13384
cs.CV 2507.13394
cs.CV 2507.13458
cs.CV 2507.13480
cs.CV 2507.13482
cs.CV 2507.13485
cs.CV 2507.13586
cs.CV 2507.13598
cs.CV 2507.13604
cs.CV 2507.13782
cs.CV 2507.13802
cs.CV 2507.13830
cs.CV 2507.13871
cs.CV 2507.13901
cs.CV 2507.13915
cs.CV 2507.13941
cs.CV 2507.13956
cs.CV 2507.13974
cs.CV 2507.13993
cs.CV 2507.14046
cs.CV 2507.14097
cs.CV 2507.14102
cs.CV 2507.13359
cs.CV 2507.13360
cs.CV 2507.13361
cs.CV 2507.13362
cs.CV 2507.13363
cs.CV 2507.13364
cs.CV 2507.13371
cs.CV 2507.13372
cs.CV 2507.13373
cs.CV 2507.13374
cs.CV 2507.13378
cs.CV 2507.13385
cs.CV 2507.13386
cs.CV 2507.13387
cs.CV 2507.13397
cs.CV 2507.13401
cs.CV 2507.13403
cs.CV 2507.13404
cs.CV 2507.13405
cs.CV 2507.13407
cs.CV 2507.13408
cs.CV 2507.13420
cs.CV 2507.13425
cs.CV 2507.13428
cs.CV 2507.13486
cs.CV 2507.13514
cs.CV 2507.13527
cs.CV 2507.13530
cs.CV 2507.13546
cs.CV 2507.13568
cs.CV 2507.13595
cs.CV 2507.13599
cs.CV 2507.13607
cs.CV 2507.13609
cs.CV 2507.13628
cs.CV 2507.13648
cs.CV 2507.13659
cs.CV 2507.13663
cs.CV 2507.13673
cs.CV 2507.13677
cs.CV 2507.13693
cs.CV 2507.13706
cs.CV 2507.13708
cs.CV 2507.13719
cs.CV 2507.13722
cs.CV 2507.13739
cs.CV 2507.13753
cs.CV 2507.13769
cs.CV 2507.13772
cs.CV 2507.13773
cs.CV 2507.13779
cs.CV 2507.13789
cs.CV 2507.13797
cs.CV 2507.13801
cs.CV 2507.13803
cs.CV 2507.13812
cs.CV 2507.13820
cs.CV 2507.13852
cs.CV 2507.13857
cs.CV 2507.13861
cs.CV 2507.13868
cs.CV 2507.13880
cs.CV 2507.13891
cs.CV 2507.13899
cs.CV 2507.13929
cs.CV 2507.13934
cs.CV 2507.13942
cs.CV 2507.13981
cs.CV 2507.13984
cs.CV 2507.13985
cs.CV 2507.14010
cs.CV 2507.14013
cs.CV 2507.14024
cs.CV 2507.14031
cs.CV 2507.14042
cs.CV 2507.14050
cs.CV 2507.14067
cs.CV 2507.14083
cs.CV 2507.14093
cs.CV 2507.14095
cs.CV 2507.14119
cs.CV 2507.14137
cs.CV 2506.23298
cs.CV 2507.14199
cs.CV 2507.14248
cs.CV 2507.14260
cs.CV 2507.14270
cs.CV 2507.14271
cs.CV 2507.14272
cs.CV 2507.14293
cs.CV 2507.14298
cs.CV 2507.14301
cs.CV 2507.14308
cs.CV 2507.14378
cs.CV 2507.14503
cs.CV 2507.14542
cs.CV 2507.14560
cs.CV 2507.14597
cs.CV 2507.14624
cs.CV 2507.14694
cs.CV 2507.14760
cs.CV 2507.14766
cs.CV 2507.14793
cs.CV 2507.14841
cs.CV 2507.14899
cs.CV 2507.14902
cs.CV 2507.15078
cs.CV 2507.15146
cs.CV 2507.15151
cs.CV 2507.15193
cs.CV 2507.15194
cs.CV 2507.15203
cs.CV 2507.15292
cs.CV 2507.15340
cs.CV 2507.15361
cs.CV 2507.15381
cs.CV 2507.15399
cs.CV 2507.15444
cs.CV 2507.15454
cs.CV 2507.15476
cs.CV 2507.15487
cs.CV 2507.15491
cs.CV 2507.15493
cs.CV 2507.15509
cs.CV 2507.15524
cs.CV 2507.15576
cs.CV 2507.15629
cs.CV 2507.15833
cs.CV 2507.15846
cs.CV 2507.15857
cs.CV 2507.14268
cs.CV 2507.14303
cs.CV 2507.14312
cs.CV 2507.14315
cs.CV 2507.14367
cs.CV 2507.14368
cs.CV 2507.14426
cs.CV 2507.14432
cs.CV 2507.14449
cs.CV 2507.14452
cs.CV 2507.14454
cs.CV 2507.14456
cs.CV 2507.14459
cs.CV 2507.14477
cs.CV 2507.14481
cs.CV 2507.14485
cs.CV 2507.14497
cs.CV 2507.14500
cs.CV 2507.14501
cs.CV 2507.14505
cs.CV 2507.14533
cs.CV 2507.14543
cs.CV 2507.14544
cs.CV 2507.14549
cs.CV 2507.14553
cs.CV 2507.14555
cs.CV 2507.14559
cs.CV 2507.14575
cs.CV 2507.14587
cs.CV 2507.14596
cs.CV 2507.14608
cs.CV 2507.14613
cs.CV 2507.14632
cs.CV 2507.14643
cs.CV 2507.14657
cs.CV 2507.14662
cs.CV 2507.14670
cs.CV 2507.14675
cs.CV 2507.14680
cs.CV 2507.14686
cs.CV 2507.14697
cs.CV 2507.14738
cs.CV 2507.14743
cs.CV 2507.14784
cs.CV 2507.14787
cs.CV 2507.14790
cs.CV 2507.14797
cs.CV 2507.14798
cs.CV 2507.14801
cs.CV 2507.14807
cs.CV 2507.14809
cs.CV 2507.14811
cs.CV 2507.14823
cs.CV 2507.14826
cs.CV 2507.14833
cs.CV 2507.14845
cs.CV 2507.14851
cs.CV 2507.14855
cs.CV 2507.14867
cs.CV 2507.14879
cs.CV 2507.14885
cs.CV 2507.14904
cs.CV 2507.14918
cs.CV 2507.14921
cs.CV 2507.14924
cs.CV 2507.14932
cs.CV 2507.14935
cs.CV 2507.14959
cs.CV 2507.14965
cs.CV 2507.14976
cs.CV 2507.14997
cs.CV 2507.15000
cs.CV 2507.15008
cs.CV 2507.15028
cs.CV 2507.15035
cs.CV 2507.15036
cs.CV 2507.15037
cs.CV 2507.15059
cs.CV 2507.15064
cs.CV 2507.15085
cs.CV 2507.15089
cs.CV 2507.15094
cs.CV 2507.15109
cs.CV 2507.15130
cs.CV 2507.15150
cs.CV 2507.15212
cs.CV 2507.15216
cs.CV 2507.15223
cs.CV 2507.15227
cs.CV 2507.15243
cs.CV 2507.15249
cs.CV 2507.15257
cs.CV 2507.15269
cs.CV 2507.15285
cs.CV 2507.15297
cs.CV 2507.15308
cs.CV 2507.15321
cs.CV 2507.15335
cs.CV 2507.15346
cs.CV 2507.15365
cs.CV 2507.15401
cs.CV 2507.15418
cs.CV 2507.15428
cs.CV 2507.15480
cs.CV 2507.15492
cs.CV 2507.15496
cs.CV 2507.15504
cs.CV 2507.15520
cs.CV 2507.15540
cs.CV 2507.15541
cs.CV 2507.15542
cs.CV 2507.15569
cs.CV 2507.15577
cs.CV 2507.15578
cs.CV 2507.15595
cs.CV 2507.15597
cs.CV 2507.15602
cs.CV 2507.15606
cs.CV 2507.15628
cs.CV 2507.15633
cs.CV 2507.15636
cs.CV 2507.15652
cs.CV 2507.15655
cs.CV 2507.15680
cs.CV 2507.15683
cs.CV 2507.15686
cs.CV 2507.15690
cs.CV 2507.15709
cs.CV 2507.15724
cs.CV 2507.15728
cs.CV 2507.15748
cs.CV 2507.15765
cs.CV 2507.15777
cs.CV 2507.15793
cs.CV 2507.15798
cs.CV 2507.15803
cs.CV 2507.15807
cs.CV 2507.15809
cs.CV 2507.15824
cs.CV 2507.15852
cs.CV 2507.15856
cs.CV 2507.15894
cs.CV 2507.15958
cs.CV 2507.15987
cs.CV 2507.16034
cs.CV 2507.16065
cs.CV 2507.16122
cs.CV 2507.16267
cs.CV 2507.16278
cs.CV 2507.16302
cs.CV 2507.16329
cs.CV 2507.16360
cs.CV 2507.16480
cs.CV 2507.16534
cs.CV 2507.16573
cs.CV 2507.16579
cs.CV 2507.16621
cs.CV 2507.16704
cs.CV 2507.16779
cs.CV 2507.16803
cs.CV 2507.16814
cs.CV 2507.15878
cs.CV 2507.15882
cs.CV 2507.15888
cs.CV 2507.15911
cs.CV 2507.15915
cs.CV 2507.15961
cs.CV 2507.16010
cs.CV 2507.16015
cs.CV 2507.16018
cs.CV 2507.16038
cs.CV 2507.16052
cs.CV 2507.16095
cs.CV 2507.16114
cs.CV 2507.16116
cs.CV 2507.16119
cs.CV 2507.16144
cs.CV 2507.16151
cs.CV 2507.16154
cs.CV 2507.16158
cs.CV 2507.16172
cs.CV 2507.16191
cs.CV 2507.16193
cs.CV 2507.16201
cs.CV 2507.16213
cs.CV 2507.16224
cs.CV 2507.16228
cs.CV 2507.16238
cs.CV 2507.16240
cs.CV 2507.16251
cs.CV 2507.16254
cs.CV 2507.16257
cs.CV 2507.16260
cs.CV 2507.16279
cs.CV 2507.16287
cs.CV 2507.16290
cs.CV 2507.16310
cs.CV 2507.16318
cs.CV 2507.16330
cs.CV 2507.16337
cs.CV 2507.16341
cs.CV 2507.16342
cs.CV 2507.16362
cs.CV 2507.16385
cs.CV 2507.16389
cs.CV 2507.16393
cs.CV 2507.16397
cs.CV 2507.16403
cs.CV 2507.16406
cs.CV 2507.16413
cs.CV 2507.16427
cs.CV 2507.16429
cs.CV 2507.16443
cs.CV 2507.16472
cs.CV 2507.16476
cs.CV 2507.16506
cs.CV 2507.16518
cs.CV 2507.16524
cs.CV 2507.16535
cs.CV 2507.16556
cs.CV 2507.16559
cs.CV 2507.16596
cs.CV 2507.16608
cs.CV 2507.16612
cs.CV 2507.16623
cs.CV 2507.16624
cs.CV 2507.16639
cs.CV 2507.16657
cs.CV 2507.16683
cs.CV 2507.16716
cs.CV 2507.16718
cs.CV 2507.16732
cs.CV 2507.16736
cs.CV 2507.16743
cs.CV 2507.16746
cs.CV 2507.16753
cs.CV 2507.16761
cs.CV 2507.16782
cs.CV 2507.16790
cs.CV 2507.16813
cs.CV 2507.16815
cs.CV 2507.16819
cs.CV 2507.16855
cs.CV 2507.16860
cs.CV 2507.16869
cs.CV 2507.16955
cs.CV 2507.16962
cs.CV 2507.17029
cs.CV 2507.17080
cs.CV 2507.17135
cs.CV 2507.17221
cs.CV 2507.17269
cs.CV 2507.17303
cs.CV 2507.17501
cs.CV 2507.17520
cs.CV 2507.17539
cs.CV 2507.17597
cs.CV 2507.17662
cs.CV 2507.17678
cs.CV 2507.17682
cs.CV 2507.17692
cs.CV 2507.17725
cs.CV 2507.17727
cs.CV 2507.17748
cs.CV 2507.16849
cs.CV 2507.16850
cs.CV 2507.16851
cs.CV 2507.16854
cs.CV 2507.16856
cs.CV 2507.16861
cs.CV 2507.16863
cs.CV 2507.16873
cs.CV 2507.16877
cs.CV 2507.16878
cs.CV 2507.16880
cs.CV 2507.16886
cs.CV 2507.16940
cs.CV 2507.16946
cs.CV 2507.17000
cs.CV 2507.17008
cs.CV 2507.17038
cs.CV 2507.17047
cs.CV 2507.17050
cs.CV 2507.17079
cs.CV 2507.17083
cs.CV 2507.17088
cs.CV 2507.17089
cs.CV 2507.17121
cs.CV 2507.17149
cs.CV 2507.17157
cs.CV 2507.17158
cs.CV 2507.17176
cs.CV 2507.17182
cs.CV 2507.17185
cs.CV 2507.17192
cs.CV 2507.17202
cs.CV 2507.17205
cs.CV 2507.17219
cs.CV 2507.17220
cs.CV 2507.17239
cs.CV 2507.17240
cs.CV 2507.17252
cs.CV 2507.17262
cs.CV 2507.17268
cs.CV 2507.17281
cs.CV 2507.17296
cs.CV 2507.17304
cs.CV 2507.17312
cs.CV 2507.17327
cs.CV 2507.17332
cs.CV 2507.17334
cs.CV 2507.17335
cs.CV 2507.17342
cs.CV 2507.17343
cs.CV 2507.17347
cs.CV 2507.17351
cs.CV 2507.17359
cs.CV 2507.17367
cs.CV 2507.17373
cs.CV 2507.17377
cs.CV 2507.17388
cs.CV 2507.17394
cs.CV 2507.17402
cs.CV 2507.17406
cs.CV 2507.17412
cs.CV 2507.17420
cs.CV 2507.17436
cs.CV 2507.17455
cs.CV 2507.17456
cs.CV 2507.17462
cs.CV 2507.17467
cs.CV 2507.17479
cs.CV 2507.17486
cs.CV 2507.17489
cs.CV 2507.17508
cs.CV 2507.17511
cs.CV 2507.17515
cs.CV 2507.17522
cs.CV 2507.17533
cs.CV 2507.17554
cs.CV 2507.17577
cs.CV 2507.17585
cs.CV 2507.17588
cs.CV 2507.17594
cs.CV 2507.17596
cs.CV 2507.17613
cs.CV 2507.17616
cs.CV 2507.17617
cs.CV 2507.17640
cs.CV 2507.17651
cs.CV 2507.17657
cs.CV 2507.17659
cs.CV 2507.17661
cs.CV 2507.17664
cs.CV 2507.17665
cs.CV 2507.17722
cs.CV 2507.17729
cs.CV 2507.17744
cs.CV 2507.17745
cs.CV 2507.17764
cs.CV 2507.17768
cs.CV 2507.17772
cs.CV 2507.17800
cs.CV 2507.17845
cs.CV 2507.17869
cs.CV 2507.17897
cs.CV 2507.17911
cs.CV 2507.17958
cs.CV 2507.17963
cs.CV 2507.17971
cs.CV 2507.18012
cs.CV 2507.18036
cs.CV 2507.18043
cs.CV 2507.18112
cs.CV 2507.18126
cs.CV 2507.18133
cs.CV 2507.18155
cs.CV 2507.18183
cs.CV 2507.18231
cs.CV 2507.18248
cs.CV 2507.18262
cs.CV 2507.18276
cs.CV 2507.18288
cs.CV 2507.18362
cs.CV 2507.18433
cs.CV 2507.18550
cs.CV 2507.18576
cs.CV 2507.17801
cs.CV 2507.17844
cs.CV 2507.17853
cs.CV 2507.17859
cs.CV 2507.17860
cs.CV 2507.17892
cs.CV 2507.17957
cs.CV 2507.17959
cs.CV 2507.17987
cs.CV 2507.17995
cs.CV 2507.17996
cs.CV 2507.17998
cs.CV 2507.18009
cs.CV 2507.18015
cs.CV 2507.18023
cs.CV 2507.18026
cs.CV 2507.18031
cs.CV 2507.18046
cs.CV 2507.18060
cs.CV 2507.18064
cs.CV 2507.18082
cs.CV 2507.18099
cs.CV 2507.18100
cs.CV 2507.18104
cs.CV 2507.18106
cs.CV 2507.18107
cs.CV 2507.18135
cs.CV 2507.18144
cs.CV 2507.18173
cs.CV 2507.18174
cs.CV 2507.18176
cs.CV 2507.18177
cs.CV 2507.18184
cs.CV 2507.18192
cs.CV 2507.18214
cs.CV 2507.18225
cs.CV 2507.18237
cs.CV 2507.18243
cs.CV 2507.18255
cs.CV 2507.18260
cs.CV 2507.18287
cs.CV 2507.18300
cs.CV 2507.18311
cs.CV 2507.18323
cs.CV 2507.18327
cs.CV 2507.18330
cs.CV 2507.18331
cs.CV 2507.18334
cs.CV 2507.18342
cs.CV 2507.18348
cs.CV 2507.18354
cs.CV 2507.18371
cs.CV 2507.18374
cs.CV 2507.18382
cs.CV 2507.18385
cs.CV 2507.18405
cs.CV 2507.18407
cs.CV 2507.18424
cs.CV 2507.18429
cs.CV 2507.18444
cs.CV 2507.18447
cs.CV 2507.18457
cs.CV 2507.18473
cs.CV 2507.18481
cs.CV 2507.18483
cs.CV 2507.18484
cs.CV 2507.18498
cs.CV 2507.18503
cs.CV 2507.18512
cs.CV 2507.18513
cs.CV 2507.18517
cs.CV 2507.18522
cs.CV 2507.18531
cs.CV 2507.18532
cs.CV 2507.18534
cs.CV 2507.18537
cs.CV 2507.18541
cs.CV 2507.18551
cs.CV 2507.18552
cs.CV 2507.18558
cs.CV 2507.18565
cs.CV 2507.18566
cs.CV 2507.18569
cs.CV 2507.18575
cs.CV 2507.18594
cs.CV 2507.18616
cs.CV 2507.18625
cs.CV 2507.18632
cs.CV 2507.18633
cs.CV 2507.18634
nlin.AO 2507.13849
nlin.AO 2507.14062
nlin.AO 2507.14276
nlin.AO 2507.14947
nlin.AO 2507.14942
nlin.AO 2507.16102
nlin.AO 2507.17443
nlin.AO 2507.17663
nlin.AO 2507.18421
eess.SP 2507.13523
eess.SP 2507.13676
eess.SP 2507.13775
eess.SP 2507.13889
eess.SP 2507.14003
eess.SP 2507.14109
eess.SP 2507.13463
eess.SP 2507.13520
eess.SP 2507.13526
eess.SP 2507.13554
eess.SP 2507.13637
eess.SP 2507.13748
eess.SP 2507.13766
eess.SP 2507.13826
eess.SP 2507.13829
eess.SP 2507.13938
eess.SP 2507.14018
eess.SP 2507.14035
eess.SP 2507.14140
eess.SP 2507.14186
eess.SP 2507.14237
eess.SP 2507.14339
eess.SP 2507.14698
eess.SP 2507.14704
eess.SP 2507.14733
eess.SP 2507.14775
eess.SP 2507.14794
eess.SP 2507.14898
eess.SP 2507.15074
eess.SP 2507.15239
eess.SP 2507.15386
eess.SP 2507.15690
eess.SP 2507.15816
eess.SP 2507.15818
eess.SP 2507.14138
eess.SP 2507.14141
eess.SP 2507.14144
eess.SP 2507.14146
eess.SP 2507.14147
eess.SP 2507.14148
eess.SP 2507.14151
eess.SP 2507.14152
eess.SP 2507.14153
eess.SP 2507.14155
eess.SP 2507.14163
eess.SP 2507.14164
eess.SP 2507.14165
eess.SP 2507.14166
eess.SP 2507.14167
eess.SP 2507.14169
eess.SP 2507.14173
eess.SP 2507.14184
eess.SP 2507.14185
eess.SP 2507.14187
eess.SP 2507.14190
eess.SP 2507.14191
eess.SP 2507.14194
eess.SP 2507.14195
eess.SP 2507.14196
eess.SP 2507.14206
eess.SP 2507.14208
eess.SP 2507.14210
eess.SP 2507.14216
eess.SP 2507.14220
eess.SP 2507.14224
eess.SP 2507.14228
eess.SP 2507.14299
eess.SP 2507.14309
eess.SP 2507.14310
eess.SP 2507.14469
eess.SP 2507.14622
eess.SP 2507.14804
eess.SP 2507.14831
eess.SP 2507.14856
eess.SP 2507.14888
eess.SP 2507.14937
eess.SP 2507.14945
eess.SP 2507.14951
eess.SP 2507.14982
eess.SP 2507.15116
eess.SP 2507.15118
eess.SP 2507.15255
eess.SP 2507.15256
eess.SP 2507.15291
eess.SP 2507.15306
eess.SP 2507.15364
eess.SP 2507.15373
eess.SP 2507.15475
eess.SP 2507.15515
eess.SP 2507.15555
eess.SP 2507.15621
eess.SP 2507.15800
eess.SP 2507.16012
eess.SP 2507.16114
eess.SP 2507.16119
eess.SP 2507.16204
eess.SP 2507.16390
eess.SP 2507.16450
eess.SP 2507.16477
eess.SP 2507.16499
eess.SP 2507.16666
eess.SP 2507.16767
eess.SP 2507.15914
eess.SP 2507.15969
eess.SP 2507.16132
eess.SP 2507.16210
eess.SP 2507.16211
eess.SP 2507.16375
eess.SP 2507.16550
eess.SP 2507.16733
eess.SP 2507.17071
eess.SP 2507.17242
eess.SP 2507.17494
eess.SP 2507.17736
eess.SP 2507.17003
eess.SP 2507.17106
eess.SP 2507.17153
eess.SP 2507.17154
eess.SP 2507.17196
eess.SP 2507.17224
eess.SP 2507.17261
eess.SP 2507.17284
eess.SP 2507.17292
eess.SP 2507.17352
eess.SP 2507.17393
eess.SP 2507.17396
eess.SP 2507.17419
eess.SP 2507.17441
eess.SP 2507.17505
eess.SP 2507.17506
eess.SP 2507.17623
eess.SP 2507.17645
eess.SP 2507.17917
eess.SP 2507.17950
eess.SP 2507.18070
eess.SP 2507.18194
eess.SP 2507.18323
eess.SP 2507.17966
eess.SP 2507.17982
eess.SP 2507.18035
eess.SP 2507.18096
eess.SP 2507.18149
eess.SP 2507.18166
eess.SP 2507.18167
eess.SP 2507.18370
eess.SP 2507.18587
math.OC 2507.13530
math.OC 2507.13740
math.OC 2507.13742
math.OC 2507.14073
math.OC 2507.13475
math.OC 2507.13493
math.OC 2507.13557
math.OC 2507.13611
math.OC 2507.13613
math.OC 2507.13776
math.OC 2507.13804
math.OC 2507.13983
math.OC 2507.14051
math.OC 2507.14122
math.OC 2507.14268
math.OC 2507.14362
math.OC 2507.14444
math.OC 2507.14489
math.OC 2507.14499
math.OC 2507.14529
math.OC 2507.14746
math.OC 2507.15047
math.OC 2507.15053
math.OC 2507.15082
math.OC 2507.15320
math.OC 2507.15325
math.OC 2507.15397
math.OC 2507.15564
math.OC 2507.15566
math.OC 2507.15837
math.OC 2507.14354
math.OC 2507.14479
math.OC 2507.14653
math.OC 2507.14759
math.OC 2507.14992
math.OC 2507.15126
math.OC 2507.15127
math.OC 2507.15138
math.OC 2507.15191
math.OC 2507.15215
math.OC 2507.15234
math.OC 2507.15264
math.OC 2507.15283
math.OC 2507.15324
math.OC 2507.15367
math.OC 2507.15485
math.OC 2507.15489
math.OC 2507.15632
math.OC 2507.15638
math.OC 2507.15662
math.OC 2507.15684
math.OC 2507.15713
math.OC 2507.15801
math.OC 2507.15805
math.OC 2507.15806
math.OC 2507.15829
math.OC 2507.16008
math.OC 2507.16288
math.OC 2507.16513
math.OC 2507.16553
math.OC 2507.16055
math.OC 2507.16216
math.OC 2507.16259
math.OC 2507.16264
math.OC 2507.16272
math.OC 2507.16315
math.OC 2507.16412
math.OC 2507.16461
math.OC 2507.16496
math.OC 2507.16519
math.OC 2507.16560
math.OC 2507.16582
math.OC 2507.16640
math.OC 2507.16675
math.OC 2407.19707
math.OC 2507.17014
math.OC 2507.17096
math.OC 2507.17435
math.OC 2507.17475
math.OC 2507.17534
math.OC 2507.17069
math.OC 2507.17115
math.OC 2507.17272
math.OC 2507.17277
math.OC 2507.17545
math.OC 2507.17556
math.OC 2507.17566
math.OC 2507.18204
math.OC 2507.18434
math.OC 2507.17939
math.OC 2507.17983
math.OC 2507.18030
math.OC 2507.18114
math.OC 2507.18277
math.OC 2507.18363
math.OC 2507.18609
astro-ph.IM 2507.13440
astro-ph.IM 2507.13442
astro-ph.IM 2507.13771
astro-ph.IM 2507.13794
astro-ph.IM 2507.14134
astro-ph.IM 2507.13400
astro-ph.IM 2507.13443
astro-ph.IM 2507.13449
astro-ph.IM 2507.13495
astro-ph.IM 2507.13523
astro-ph.IM 2507.14498
astro-ph.IM 2507.14806
astro-ph.IM 2507.14827
astro-ph.IM 2507.14994
astro-ph.IM 2507.15032
astro-ph.IM 2507.15171
astro-ph.IM 2507.15398
astro-ph.IM 2507.15459
astro-ph.IM 2507.15715
astro-ph.IM 2507.15755
astro-ph.IM 2507.15775
astro-ph.IM 2507.14260
astro-ph.IM 2507.14289
astro-ph.IM 2507.14441
astro-ph.IM 2507.14510
astro-ph.IM 2507.14602
astro-ph.IM 2507.14714
astro-ph.IM 2507.14788
astro-ph.IM 2507.14854
astro-ph.IM 2507.15010
astro-ph.IM 2507.15572
astro-ph.IM 2507.15656
astro-ph.IM 2507.15791
astro-ph.IM 2507.15827
astro-ph.IM 2507.15830
astro-ph.IM 2507.15896
astro-ph.IM 2507.16022
astro-ph.IM 2507.16189
astro-ph.IM 2507.16294
astro-ph.IM 2507.16408
astro-ph.IM 2507.16681
astro-ph.IM 2507.16719
astro-ph.IM 2507.15898
astro-ph.IM 2507.15910
astro-ph.IM 2507.16006
astro-ph.IM 2507.16088
astro-ph.IM 2507.16097
astro-ph.IM 2507.16317
astro-ph.IM 2507.16498
astro-ph.IM 2507.16817
astro-ph.IM 2507.16906
astro-ph.IM 2507.16960
astro-ph.IM 2507.17052
astro-ph.IM 2507.17243
astro-ph.IM 2507.17283
astro-ph.IM 2507.17298
astro-ph.IM 2507.17451
astro-ph.IM 2507.17499
astro-ph.IM 2507.17670
astro-ph.IM 2507.16866
astro-ph.IM 2507.16868
astro-ph.IM 2507.17266
astro-ph.IM 2507.17392
astro-ph.IM 2507.17550
astro-ph.IM 2507.17560
astro-ph.IM 2507.17804
astro-ph.IM 2507.18117
astro-ph.IM 2507.18397
astro-ph.IM 2507.18445
astro-ph.IM 2507.18593
astro-ph.IM 2507.17790
astro-ph.IM 2507.17882
astro-ph.IM 2507.18087
astro-ph.IM 2507.18347
astro-ph.IM 2507.18525
cs.AI 2507.11552
cs.AI 2507.12898
cs.AI 2507.13354
cs.AI 2507.13355
cs.AI 2507.13361
cs.AI 2507.13362
cs.AI 2507.13363
cs.AI 2507.13364
cs.AI 2507.13368
cs.AI 2507.13369
cs.AI 2507.13370
cs.AI 2507.13371
cs.AI 2507.13372
cs.AI 2507.13374
cs.AI 2507.13380
cs.AI 2507.13383
cs.AI 2507.13392
cs.AI 2507.13395
cs.AI 2507.13407
cs.AI 2507.13408
cs.AI 2507.13410
cs.AI 2507.13411
cs.AI 2507.13414
cs.AI 2507.13415
cs.AI 2507.13416
cs.AI 2507.13417
cs.AI 2507.13420
cs.AI 2507.13423
cs.AI 2507.13425
cs.AI 2507.13428
cs.AI 2507.13459
cs.AI 2507.13468
cs.AI 2507.13485
cs.AI 2507.13499
cs.AI 2507.13505
cs.AI 2507.13524
cs.AI 2507.13542
cs.AI 2507.13543
cs.AI 2507.13551
cs.AI 2507.13556
cs.AI 2507.13569
cs.AI 2507.13575
cs.AI 2507.13579
cs.AI 2507.13598
cs.AI 2507.13604
cs.AI 2507.13614
cs.AI 2507.13618
cs.AI 2507.13629
cs.AI 2507.13646
cs.AI 2507.13647
cs.AI 2507.13659
cs.AI 2507.13677
cs.AI 2507.13681
cs.AI 2507.13703
cs.AI 2507.13725
cs.AI 2507.13729
cs.AI 2507.13739
cs.AI 2507.13741
cs.AI 2507.13742
cs.AI 2507.13769
cs.AI 2507.13789
cs.AI 2507.13801
cs.AI 2507.13802
cs.AI 2507.13820
cs.AI 2507.13822
cs.AI 2507.13834
cs.AI 2507.13859
cs.AI 2507.13868
cs.AI 2507.13880
cs.AI 2507.13881
cs.AI 2507.13912
cs.AI 2507.13913
cs.AI 2507.13919
cs.AI 2507.13933
cs.AI 2507.13941
cs.AI 2507.13942
cs.AI 2507.13949
cs.AI 2507.13957
cs.AI 2507.13966
cs.AI 2507.13970
cs.AI 2507.13984
cs.AI 2507.13993
cs.AI 2507.14000
cs.AI 2507.14043
cs.AI 2507.14056
cs.AI 2507.14067
cs.AI 2507.14069
cs.AI 2507.14079
cs.AI 2507.14084
cs.AI 2507.14093
cs.AI 2507.14096
cs.AI 2507.14119
cs.AI 2507.14121
cs.AI 2507.14126
cs.AI 2507.13511
cs.AI 2507.13541
cs.AI 2507.13550
cs.AI 2507.13558
cs.AI 2507.13625
cs.AI 2507.13651
cs.AI 2507.13652
cs.AI 2507.13737
cs.AI 2507.13759
cs.AI 2507.13768
cs.AI 2507.13825
cs.AI 2507.13846
cs.AI 2507.13874
cs.AI 2507.13956
cs.AI 2507.13958
cs.AI 2507.14032
cs.AI 2507.14077
cs.AI 2507.14097
cs.AI 2507.14107
cs.AI 2507.14111
cs.AI 2411.01789
cs.AI 2502.15441
cs.AI 2505.17593
cs.AI 2506.23298
cs.AI 2507.14140
cs.AI 2507.14141
cs.AI 2507.14151
cs.AI 2507.14153
cs.AI 2507.14156
cs.AI 2507.14164
cs.AI 2507.14170
cs.AI 2507.14171
cs.AI 2507.14172
cs.AI 2507.14175
cs.AI 2507.14177
cs.AI 2507.14178
cs.AI 2507.14179
cs.AI 2507.14180
cs.AI 2507.14181
cs.AI 2507.14182
cs.AI 2507.14184
cs.AI 2507.14186
cs.AI 2507.14187
cs.AI 2507.14188
cs.AI 2507.14189
cs.AI 2507.14193
cs.AI 2507.14195
cs.AI 2507.14196
cs.AI 2507.14198
cs.AI 2507.14200
cs.AI 2507.14201
cs.AI 2507.14202
cs.AI 2507.14204
cs.AI 2507.14206
cs.AI 2507.14207
cs.AI 2507.14211
cs.AI 2507.14218
cs.AI 2507.14219
cs.AI 2507.14223
cs.AI 2507.14227
cs.AI 2507.14230
cs.AI 2507.14231
cs.AI 2507.14237
cs.AI 2507.14238
cs.AI 2507.14239
cs.AI 2507.14240
cs.AI 2507.14241
cs.AI 2507.14242
cs.AI 2507.14245
cs.AI 2507.14248
cs.AI 2507.14249
cs.AI 2507.14256
cs.AI 2507.14261
cs.AI 2507.14263
cs.AI 2507.14266
cs.AI 2507.14270
cs.AI 2507.14271
cs.AI 2507.14272
cs.AI 2507.14295
cs.AI 2507.14298
cs.AI 2507.14299
cs.AI 2507.14339
cs.AI 2507.14344
cs.AI 2507.14352
cs.AI 2507.14353
cs.AI 2507.14372
cs.AI 2507.14376
cs.AI 2507.14387
cs.AI 2507.14418
cs.AI 2507.14419
cs.AI 2507.14444
cs.AI 2507.14470
cs.AI 2507.14472
cs.AI 2507.14481
cs.AI 2507.14485
cs.AI 2507.14499
cs.AI 2507.14507
cs.AI 2507.14516
cs.AI 2507.14519
cs.AI 2507.14544
cs.AI 2507.14570
cs.AI 2507.14575
cs.AI 2507.14579
cs.AI 2507.14584
cs.AI 2507.14587
cs.AI 2507.14590
cs.AI 2507.14592
cs.AI 2507.14608
cs.AI 2507.14612
cs.AI 2507.14615
cs.AI 2507.14625
cs.AI 2507.14629
cs.AI 2507.14649
cs.AI 2507.14657
cs.AI 2507.14662
cs.AI 2507.14679
cs.AI 2507.14680
cs.AI 2507.14688
cs.AI 2507.14693
cs.AI 2507.14698
cs.AI 2507.14706
cs.AI 2507.14722
cs.AI 2507.14725
cs.AI 2507.14748
cs.AI 2507.14757
cs.AI 2507.14758
cs.AI 2507.14760
cs.AI 2507.14766
cs.AI 2507.14767
cs.AI 2507.14783
cs.AI 2507.14784
cs.AI 2507.14785
cs.AI 2507.14787
cs.AI 2507.14799
cs.AI 2507.14800
cs.AI 2507.14802
cs.AI 2507.14805
cs.AI 2507.14807
cs.AI 2507.14811
cs.AI 2507.14824
cs.AI 2507.14828
cs.AI 2507.14833
cs.AI 2507.14843
cs.AI 2507.14850
cs.AI 2507.14851
cs.AI 2507.14874
cs.AI 2507.14882
cs.AI 2507.14901
cs.AI 2507.14904
cs.AI 2507.14908
cs.AI 2507.14914
cs.AI 2507.14928
cs.AI 2507.14957
cs.AI 2507.14960
cs.AI 2507.14975
cs.AI 2507.15003
cs.AI 2507.15025
cs.AI 2507.15032
cs.AI 2507.15061
cs.AI 2507.15062
cs.AI 2507.15064
cs.AI 2507.15066
cs.AI 2507.15072
cs.AI 2507.15082
cs.AI 2507.15087
cs.AI 2507.15094
cs.AI 2507.15100
cs.AI 2507.15104
cs.AI 2507.15142
cs.AI 2507.15146
cs.AI 2507.15151
cs.AI 2507.15152
cs.AI 2507.15156
cs.AI 2507.15157
cs.AI 2507.15193
cs.AI 2507.15205
cs.AI 2507.15219
cs.AI 2507.15224
cs.AI 2507.15243
cs.AI 2507.15245
cs.AI 2507.15246
cs.AI 2507.15254
cs.AI 2507.15255
cs.AI 2507.15256
cs.AI 2507.15269
cs.AI 2507.15272
cs.AI 2507.15281
cs.AI 2507.15287
cs.AI 2507.15288
cs.AI 2507.15292
cs.AI 2507.15296
cs.AI 2507.15335
cs.AI 2507.15336
cs.AI 2507.15340
cs.AI 2507.15343
cs.AI 2507.15349
cs.AI 2507.15357
cs.AI 2507.15361
cs.AI 2507.15364
cs.AI 2507.15367
cs.AI 2507.15381
cs.AI 2507.15393
cs.AI 2507.15396
cs.AI 2507.15428
cs.AI 2507.15454
cs.AI 2507.15455
cs.AI 2507.15465
cs.AI 2507.15469
cs.AI 2507.15478
cs.AI 2507.15493
cs.AI 2507.15501
cs.AI 2507.15507
cs.AI 2507.15524
cs.AI 2507.15550
cs.AI 2507.15574
cs.AI 2507.15577
cs.AI 2507.15585
cs.AI 2507.15587
cs.AI 2507.15613
cs.AI 2507.15614
cs.AI 2507.15617
cs.AI 2507.15636
cs.AI 2507.15640
cs.AI 2507.15641
cs.AI 2507.15643
cs.AI 2507.15663
cs.AI 2507.15681
cs.AI 2507.15686
cs.AI 2507.15698
cs.AI 2507.15706
cs.AI 2507.15707
cs.AI 2507.15717
cs.AI 2507.15718
cs.AI 2507.15752
cs.AI 2507.15753
cs.AI 2507.15771
cs.AI 2507.15772
cs.AI 2507.15773
cs.AI 2507.15774
cs.AI 2507.15775
cs.AI 2507.15783
cs.AI 2507.15788
cs.AI 2507.15803
cs.AI 2507.15807
cs.AI 2507.15822
cs.AI 2507.15823
cs.AI 2507.15833
cs.AI 2507.15839
cs.AI 2507.15846
cs.AI 2507.15849
cs.AI 2507.15852
cs.AI 2507.15857
cs.AI 2507.14154
cs.AI 2507.14267
cs.AI 2507.14293
cs.AI 2507.14306
cs.AI 2507.14334
cs.AI 2507.14335
cs.AI 2507.14393
cs.AI 2507.14406
cs.AI 2507.14417
cs.AI 2507.14447
cs.AI 2507.14468
cs.AI 2507.14513
cs.AI 2507.14520
cs.AI 2507.14552
cs.AI 2507.14593
cs.AI 2507.14642
cs.AI 2507.14660
cs.AI 2507.14705
cs.AI 2507.14719
cs.AI 2507.14730
cs.AI 2507.14897
cs.AI 2507.14899
cs.AI 2507.14906
cs.AI 2507.14909
cs.AI 2507.14912
cs.AI 2507.14962
cs.AI 2507.14987
cs.AI 2507.15013
cs.AI 2507.15042
cs.AI 2507.15106
cs.AI 2507.15120
cs.AI 2507.15140
cs.AI 2507.15143
cs.AI 2507.15225
cs.AI 2507.15239
cs.AI 2507.15253
cs.AI 2507.15268
cs.AI 2507.15330
cs.AI 2507.15351
cs.AI 2507.15356
cs.AI 2507.15411
cs.AI 2507.15457
cs.AI 2507.15509
cs.AI 2507.15518
cs.AI 2507.15521
cs.AI 2507.15532
cs.AI 2507.15581
cs.AI 2507.15618
cs.AI 2507.15676
cs.AI 2507.15743
cs.AI 2507.15758
cs.AI 2507.15761
cs.AI 2507.15770
cs.AI 2507.15796
cs.AI 2507.15842
cs.AI 2507.15844
cs.AI 2507.15851
cs.AI 2507.15855
cs.AI 2507.14452
cs.AI 2507.15859
cs.AI 2507.15863
cs.AI 2507.15867
cs.AI 2507.15868
cs.AI 2507.15878
cs.AI 2507.15882
cs.AI 2507.15886
cs.AI 2507.15887
cs.AI 2507.15889
cs.AI 2507.15894
cs.AI 2507.15897
cs.AI 2507.15898
cs.AI 2507.15903
cs.AI 2507.15905
cs.AI 2507.15906
cs.AI 2507.15907
cs.AI 2507.15958
cs.AI 2507.15961
cs.AI 2507.15970
cs.AI 2507.15977
cs.AI 2507.15979
cs.AI 2507.16002
cs.AI 2507.16005
cs.AI 2507.16033
cs.AI 2507.16038
cs.AI 2507.16039
cs.AI 2507.16043
cs.AI 2507.16063
cs.AI 2507.16068
cs.AI 2507.16077
cs.AI 2507.16079
cs.AI 2507.16083
cs.AI 2507.16124
cs.AI 2507.16130
cs.AI 2507.16136
cs.AI 2507.16151
cs.AI 2507.16154
cs.AI 2507.16164
cs.AI 2507.16178
cs.AI 2507.16203
cs.AI 2507.16206
cs.AI 2507.16207
cs.AI 2507.16208
cs.AI 2507.16213
cs.AI 2507.16214
cs.AI 2507.16217
cs.AI 2507.16219
cs.AI 2507.16227
cs.AI 2507.16241
cs.AI 2507.16247
cs.AI 2507.16251
cs.AI 2507.16252
cs.AI 2507.16254
cs.AI 2507.16267
cs.AI 2507.16274
cs.AI 2507.16278
cs.AI 2507.16302
cs.AI 2507.16307
cs.AI 2507.16329
cs.AI 2507.16343
cs.AI 2507.16347
cs.AI 2507.16372
cs.AI 2507.16382
cs.AI 2507.16389
cs.AI 2507.16430
cs.AI 2507.16467
cs.AI 2507.16480
cs.AI 2507.16488
cs.AI 2507.16511
cs.AI 2507.16514
cs.AI 2507.16524
cs.AI 2507.16533
cs.AI 2507.16535
cs.AI 2507.16537
cs.AI 2507.16541
cs.AI 2507.16556
cs.AI 2507.16562
cs.AI 2507.16564
cs.AI 2507.16571
cs.AI 2507.16579
cs.AI 2507.16586
cs.AI 2507.16594
cs.AI 2507.16642
cs.AI 2507.16663
cs.AI 2507.16672
cs.AI 2507.16679
cs.AI 2507.16695
cs.AI 2507.16696
cs.AI 2507.16704
cs.AI 2507.16711
cs.AI 2507.16713
cs.AI 2507.16725
cs.AI 2507.16735
cs.AI 2507.16754
cs.AI 2507.16795
cs.AI 2507.16801
cs.AI 2507.16806
cs.AI 2507.16808
cs.AI 2507.16812
cs.AI 2507.16815
cs.AI 2507.15865
cs.AI 2507.15866
cs.AI 2507.15874
cs.AI 2507.15875
cs.AI 2507.15876
cs.AI 2507.15877
cs.AI 2507.15880
cs.AI 2507.15885
cs.AI 2507.15895
cs.AI 2507.15901
cs.AI 2507.15974
cs.AI 2507.16020
cs.AI 2507.16028
cs.AI 2507.16067
cs.AI 2507.16110
cs.AI 2507.16126
cs.AI 2507.16145
cs.AI 2507.16184
cs.AI 2507.16204
cs.AI 2507.16226
cs.AI 2507.16229
cs.AI 2507.16280
cs.AI 2507.16296
cs.AI 2507.16322
cs.AI 2507.16334
cs.AI 2507.16356
cs.AI 2507.16370
cs.AI 2507.16395
cs.AI 2507.16405
cs.AI 2507.16414
cs.AI 2507.16434
cs.AI 2507.16454
cs.AI 2507.16473
cs.AI 2507.16478
cs.AI 2507.16507
cs.AI 2507.16534
cs.AI 2507.16635
cs.AI 2507.16670
cs.AI 2507.16727
cs.AI 2507.16768
cs.AI 2507.16792
cs.AI 2507.16796
cs.AI 2507.10330
cs.AI 2507.16540
cs.AI 2507.16820
cs.AI 2507.16826
cs.AI 2507.16829
cs.AI 2507.16834
cs.AI 2507.16838
cs.AI 2507.16840
cs.AI 2507.16843
cs.AI 2507.16848
cs.AI 2507.16849
cs.AI 2507.16850
cs.AI 2507.16852
cs.AI 2507.16854
cs.AI 2507.16856
cs.AI 2507.16859
cs.AI 2507.16861
cs.AI 2507.16863
cs.AI 2507.16864
cs.AI 2507.16867
cs.AI 2507.16872
cs.AI 2507.16873
cs.AI 2507.16874
cs.AI 2507.16876
cs.AI 2507.16877
cs.AI 2507.16878
cs.AI 2507.16880
cs.AI 2507.16881
cs.AI 2507.16884
cs.AI 2507.16886
cs.AI 2507.16887
cs.AI 2507.16933
cs.AI 2507.16952
cs.AI 2507.16971
cs.AI 2507.16974
cs.AI 2507.16978
cs.AI 2507.16991
cs.AI 2507.16999
cs.AI 2507.17008
cs.AI 2507.17010
cs.AI 2507.17013
cs.AI 2507.17015
cs.AI 2507.17016
cs.AI 2507.17025
cs.AI 2507.17029
cs.AI 2507.17043
cs.AI 2507.17047
cs.AI 2507.17056
cs.AI 2507.17061
cs.AI 2507.17063
cs.AI 2507.17070
cs.AI 2507.17080
cs.AI 2507.17083
cs.AI 2507.17099
cs.AI 2507.17107
cs.AI 2507.17120
cs.AI 2507.17131
cs.AI 2507.17134
cs.AI 2507.17135
cs.AI 2507.17141
cs.AI 2507.17149
cs.AI 2507.17152
cs.AI 2507.17161
cs.AI 2507.17178
cs.AI 2507.17183
cs.AI 2507.17185
cs.AI 2507.17188
cs.AI 2507.17194
cs.AI 2507.17202
cs.AI 2507.17216
cs.AI 2507.17224
cs.AI 2507.17228
cs.AI 2507.17232
cs.AI 2507.17241
cs.AI 2507.17245
cs.AI 2507.17248
cs.AI 2507.17264
cs.AI 2507.17273
cs.AI 2507.17291
cs.AI 2507.17297
cs.AI 2507.17303
cs.AI 2507.17309
cs.AI 2507.17311
cs.AI 2507.17334
cs.AI 2507.17347
cs.AI 2507.17365
cs.AI 2507.17373
cs.AI 2507.17389
cs.AI 2507.17394
cs.AI 2507.17399
cs.AI 2507.17412
cs.AI 2507.17433
cs.AI 2507.17442
cs.AI 2507.17445
cs.AI 2507.17448
cs.AI 2507.17467
cs.AI 2507.17470
cs.AI 2507.17472
cs.AI 2507.17476
cs.AI 2507.17486
cs.AI 2507.17494
cs.AI 2507.17513
cs.AI 2507.17518
cs.AI 2507.17526
cs.AI 2507.17534
cs.AI 2507.17580
cs.AI 2507.17596
cs.AI 2507.17616
cs.AI 2507.17668
cs.AI 2507.17691
cs.AI 2507.17717
cs.AI 2507.17718
cs.AI 2507.17725
cs.AI 2507.17731
cs.AI 2507.17744
cs.AI 2507.17745
cs.AI 2507.17746
cs.AI 2507.17747
cs.AI 2507.17748
cs.AI 2507.17012
cs.AI 2507.17054
cs.AI 2507.17075
cs.AI 2507.17118
cs.AI 2507.17168
cs.AI 2507.17214
cs.AI 2507.17257
cs.AI 2507.17258
cs.AI 2507.17289
cs.AI 2507.17418
cs.AI 2507.17477
cs.AI 2507.17482
cs.AI 2507.17487
cs.AI 2507.17493
cs.AI 2507.17512
cs.AI 2507.17514
cs.AI 2507.17539
cs.AI 2507.17680
cs.AI 2507.17695
cs.AI 2507.17699
cs.AI 2507.17730
cs.AI 2507.15765
cs.AI 2507.17753
cs.AI 2507.17754
cs.AI 2507.17756
cs.AI 2507.17760
cs.AI 2507.17765
cs.AI 2507.17772
cs.AI 2507.17774
cs.AI 2507.17775
cs.AI 2507.17776
cs.AI 2507.17778
cs.AI 2507.17780
cs.AI 2507.17787
cs.AI 2507.17788
cs.AI 2507.17791
cs.AI 2507.17844
cs.AI 2507.17845
cs.AI 2507.17848
cs.AI 2507.17850
cs.AI 2507.17852
cs.AI 2507.17853
cs.AI 2507.17860
cs.AI 2507.17893
cs.AI 2507.17896
cs.AI 2507.17907
cs.AI 2507.17922
cs.AI 2507.17924
cs.AI 2507.17934
cs.AI 2507.17937
cs.AI 2507.17942
cs.AI 2507.17944
cs.AI 2507.17948
cs.AI 2507.17951
cs.AI 2507.17958
cs.AI 2507.17974
cs.AI 2507.17977
cs.AI 2507.17978
cs.AI 2507.17984
cs.AI 2507.17985
cs.AI 2507.18009
cs.AI 2507.18017
cs.AI 2507.18028
cs.AI 2507.18031
cs.AI 2507.18033
cs.AI 2507.18043
cs.AI 2507.18044
cs.AI 2507.18046
cs.AI 2507.18061
cs.AI 2507.18071
cs.AI 2507.18082
cs.AI 2507.18100
cs.AI 2507.18106
cs.AI 2507.18112
cs.AI 2507.18119
cs.AI 2507.18126
cs.AI 2507.18133
cs.AI 2507.18143
cs.AI 2507.18153
cs.AI 2507.18171
cs.AI 2507.18177
cs.AI 2507.18182
cs.AI 2507.18202
cs.AI 2507.18206
cs.AI 2507.18215
cs.AI 2507.18219
cs.AI 2507.18223
cs.AI 2507.18229
cs.AI 2507.18243
cs.AI 2507.18252
cs.AI 2507.18260
cs.AI 2507.18262
cs.AI 2507.18263
cs.AI 2507.18288
cs.AI 2507.18302
cs.AI 2507.18323
cs.AI 2507.18326
cs.AI 2507.18334
cs.AI 2507.18392
cs.AI 2507.18442
cs.AI 2507.18448
cs.AI 2507.18449
cs.AI 2507.18451
cs.AI 2507.18454
cs.AI 2507.18457
cs.AI 2507.18476
cs.AI 2507.18484
cs.AI 2507.18512
cs.AI 2507.18521
cs.AI 2507.18533
cs.AI 2507.18546
cs.AI 2507.18552
cs.AI 2507.18560
cs.AI 2507.18561
cs.AI 2507.18562
cs.AI 2507.18567
cs.AI 2507.18572
cs.AI 2507.18577
cs.AI 2507.18583
cs.AI 2507.18584
cs.AI 2507.18587
cs.AI 2507.18594
cs.AI 2507.18612
cs.AI 2507.18616
cs.AI 2507.18623
cs.AI 2507.18625
cs.AI 2507.18632
cs.AI 2507.17777
cs.AI 2507.17874
cs.AI 2507.17927
cs.AI 2507.17988
cs.AI 2507.18004
cs.AI 2507.18022
cs.AI 2507.18059
cs.AI 2507.18074
cs.AI 2507.18115
cs.AI 2507.18123
cs.AI 2507.18145
cs.AI 2507.18178
cs.AI 2507.18198
cs.AI 2507.18290
cs.AI 2507.18337
cs.AI 2507.18368
cs.AI 2507.18391
cs.AI 2507.18398
cs.AI 2507.18413
cs.AI 2507.18550
cs.AI 2507.18576
nlin.SI 2507.13911
nlin.SI 2507.12051
nlin.SI 2507.14264
nlin.SI 2507.15450
nlin.SI 2507.15462
nlin.SI 2507.14978
nlin.SI 2507.15645
nlin.SI 2507.16432
nlin.SI 2507.15873
nlin.SI 2507.17278
nlin.SI 2507.17549
nlin.SI 2507.18586
nlin.SI 2507.18271
eess.IV 2507.13367
eess.IV 2507.13387
eess.IV 2507.13722
eess.IV 2507.13852
eess.IV 2507.13941
eess.IV 2507.13384
eess.IV 2507.13394
eess.IV 2507.13458
eess.IV 2507.13604
eess.IV 2507.13782
eess.IV 2507.13830
eess.IV 2507.13901
eess.IV 2507.13915
eess.IV 2507.13974
eess.IV 2507.13993
eess.IV 2507.14046
eess.IV 2507.14102
eess.IV 2507.14165
eess.IV 2507.14199
eess.IV 2507.14437
eess.IV 2507.14454
eess.IV 2507.14851
eess.IV 2507.15578
eess.IV 2507.15690
eess.IV 2507.14271
eess.IV 2507.14272
eess.IV 2507.14308
eess.IV 2507.14378
eess.IV 2507.14429
eess.IV 2507.14760
eess.IV 2507.15078
eess.IV 2507.15151
eess.IV 2507.15193
eess.IV 2507.15194
eess.IV 2507.15203
eess.IV 2507.15292
eess.IV 2507.15340
eess.IV 2507.15361
eess.IV 2507.15476
eess.IV 2507.15487
eess.IV 2507.15524
eess.IV 2507.16556
eess.IV 2507.15894
eess.IV 2507.15958
eess.IV 2507.16122
eess.IV 2507.16267
eess.IV 2507.16321
eess.IV 2507.16360
eess.IV 2507.16573
eess.IV 2507.16579
eess.IV 2507.16715
eess.IV 2507.16779
eess.IV 2507.16803
eess.IV 2507.16851
eess.IV 2507.16855
eess.IV 2507.17388
eess.IV 2507.17489
eess.IV 2507.17522
eess.IV 2507.17539
eess.IV 2507.16955
eess.IV 2507.16962
eess.IV 2507.17269
eess.IV 2507.17303
eess.IV 2507.17416
eess.IV 2507.17662
eess.IV 2507.17678
eess.IV 2504.10268
eess.IV 2507.17771
eess.IV 2507.17921
eess.IV 2507.18144
eess.IV 2507.18558
eess.IV 2507.17800
eess.IV 2507.17845
eess.IV 2507.17869
eess.IV 2507.17911
eess.IV 2507.17971
eess.IV 2507.18012
eess.IV 2507.18112
eess.IV 2507.18126
eess.IV 2507.18133
eess.IV 2507.18288
eess.IV 2507.18362
eess.IV 2507.18433
math.DS 2507.13804
math.DS 2507.13924
math.DS 2507.13519
math.DS 2507.13559
math.DS 2507.13770
math.DS 2507.13997
math.DS 2507.14040
math.DS 2507.14113
math.DS 2507.14274
math.DS 2507.14395
math.DS 2507.14678
math.DS 2507.14774
math.DS 2507.15497
math.DS 2507.15519
math.DS 2507.15539
math.DS 2507.15552
math.DS 2507.15678
math.DS 2507.15702
math.DS 2507.14467
math.DS 2507.14561
math.DS 2507.14646
math.DS 2507.15091
math.DS 2507.15172
math.DS 2507.15498
math.DS 2507.15528
math.DS 2507.15543
math.DS 2507.15648
math.DS 2507.16560
math.DS 2507.15870
math.DS 2507.15879
math.DS 2507.16072
math.DS 2507.16092
math.DS 2507.16232
math.DS 2507.16358
math.DS 2507.16432
math.DS 2507.16457
math.DS 2507.16740
math.DS 2507.16764
math.DS 2507.16798
math.DS 2507.16981
math.DS 2507.17167
math.DS 2507.16915
math.DS 2507.16958
math.DS 2507.17077
math.DS 2507.17643
math.DS 2507.18220
math.DS 2507.18279
math.DS 2507.18303
math.DS 2507.18325
math.DS 2507.17932
math.DS 2507.18041
math.DS 2507.18094
math.DS 2507.18367
math.DS 2507.18469
nlin.CD 2507.13418
nlin.CD 2507.13997
nlin.CD 2507.14040
nlin.CD 2507.13570
nlin.CD 2507.14276
nlin.CD 2507.14319
nlin.CD 2507.14709
nlin.CD 2507.15626
nlin.CD 2507.15702
nlin.CD 2507.14142
nlin.CD 2507.14373
nlin.CD 2507.14762
nlin.CD 2507.16058
nlin.CD 2507.17443
nlin.CD 2507.18421
nlin.CD 2507.18467
nlin.CD 2507.18412
nlin.CD 2507.18617
cond-mat.dis-nn 2507.13437
cond-mat.dis-nn 2507.13536
cond-mat.dis-nn 2507.13587
cond-mat.dis-nn 2507.13730
cond-mat.dis-nn 2507.14110
cond-mat.dis-nn 2507.14135
cond-mat.dis-nn 2507.13960
cond-mat.dis-nn 2507.14373
cond-mat.dis-nn 2507.15052
cond-mat.dis-nn 2507.15332
cond-mat.dis-nn 2507.15616
cond-mat.dis-nn 2507.15651
cond-mat.dis-nn 2507.14159
cond-mat.dis-nn 2507.14523
cond-mat.dis-nn 2507.16042
cond-mat.dis-nn 2507.16336
cond-mat.dis-nn 2507.16607
cond-mat.dis-nn 2507.16016
cond-mat.dis-nn 2507.16567
cond-mat.dis-nn 2507.16654
cond-mat.dis-nn 2507.16882
cond-mat.dis-nn 2507.17250
cond-mat.dis-nn 2507.17421
cond-mat.dis-nn 2507.17490
cond-mat.dis-nn 2507.17509
cond-mat.dis-nn 2507.17726
cond-mat.dis-nn 2507.17806
cond-mat.dis-nn 2507.18275
cond-mat.dis-nn 2507.18441
cond-mat.dis-nn 2507.18286
cond-mat.dis-nn 2507.18461
math.PR 2507.13503
math.PR 2507.13763
math.PR 2507.13829
math.PR 2507.14058
math.PR 2507.13512
math.PR 2507.13747
math.PR 2507.13799
math.PR 2507.13922
math.PR 2507.13990
math.PR 2507.14008
math.PR 2507.14869
math.PR 2507.15215
math.PR 2507.15342
math.PR 2507.15408
math.PR 2507.15475
math.PR 2507.15616
math.PR 2507.15637
math.PR 2507.15694
math.PR 2507.14259
math.PR 2507.14499
math.PR 2507.14546
math.PR 2507.14626
math.PR 2507.14676
math.PR 2507.14684
math.PR 2507.14816
math.PR 2507.15090
math.PR 2507.15176
math.PR 2507.15370
math.PR 2507.15392
math.PR 2507.15479
math.PR 2507.15495
math.PR 2507.15589
math.PR 2507.15908
math.PR 2507.16092
math.PR 2507.16265
math.PR 2507.16315
math.PR 2507.16320
math.PR 2507.15902
math.PR 2507.16056
math.PR 2507.16188
math.PR 2507.16270
math.PR 2507.16288
math.PR 2507.16297
math.PR 2507.16448
math.PR 2507.16601
math.PR 2507.16650
math.PR 2507.16703
math.PR 2507.17073
math.PR 2507.17350
math.PR 2507.17431
math.PR 2507.17504
math.PR 2507.17606
math.PR 2507.17625
math.PR 2507.16981
math.PR 2507.17014
math.PR 2507.17072
math.PR 2507.17166
math.PR 2507.17173
math.PR 2507.17331
math.PR 2507.17363
math.PR 2507.17459
math.PR 2507.17468
math.PR 2507.17469
math.PR 2507.17484
math.PR 2507.17583
math.PR 2507.17741
math.PR 2507.18021
math.PR 2507.18032
math.PR 2507.18042
math.PR 2507.18232
math.PR 2507.18279
math.PR 2507.18383
math.PR 2507.18554
math.PR 2507.17858
math.PR 2507.17954
math.PR 2507.18080
math.PR 2507.18601
cs.CR 2507.13407
cs.CR 2507.13508
cs.CR 2507.13639
cs.CR 2507.13670
cs.CR 2507.13810
cs.CR 2507.13883
cs.CR 2507.13367
cs.CR 2507.13505
cs.CR 2507.13591
cs.CR 2507.13598
cs.CR 2507.13629
cs.CR 2507.13686
cs.CR 2507.13720
cs.CR 2507.13926
cs.CR 2507.13932
cs.CR 2507.14007
cs.CR 2507.14109
cs.CR 2507.14214
cs.CR 2507.14263
cs.CR 2507.14322
cs.CR 2507.14658
cs.CR 2507.14768
cs.CR 2507.14839
cs.CR 2507.14987
cs.CR 2507.15101
cs.CR 2507.15112
cs.CR 2507.15163
cs.CR 2507.15214
cs.CR 2507.15818
cs.CR 2507.15836
cs.CR 2507.14197
cs.CR 2507.14201
cs.CR 2507.14202
cs.CR 2507.14207
cs.CR 2507.14212
cs.CR 2507.14213
cs.CR 2507.14222
cs.CR 2507.14223
cs.CR 2507.14229
cs.CR 2507.14248
cs.CR 2507.14324
cs.CR 2507.14519
cs.CR 2507.14588
cs.CR 2507.14600
cs.CR 2507.14625
cs.CR 2507.14629
cs.CR 2507.14739
cs.CR 2507.14796
cs.CR 2507.14799
cs.CR 2507.14822
cs.CR 2507.14853
cs.CR 2507.14893
cs.CR 2507.14985
cs.CR 2507.15058
cs.CR 2507.15219
cs.CR 2507.15377
cs.CR 2507.15393
cs.CR 2507.15419
cs.CR 2507.15449
cs.CR 2507.15613
cs.CR 2507.15660
cs.CR 2507.16045
cs.CR 2507.16181
cs.CR 2507.16220
cs.CR 2507.16226
cs.CR 2507.16302
cs.CR 2507.15859
cs.CR 2507.15984
cs.CR 2507.15997
cs.CR 2507.16040
cs.CR 2507.16060
cs.CR 2507.16134
cs.CR 2507.16164
cs.CR 2507.16203
cs.CR 2507.16241
cs.CR 2507.16276
cs.CR 2507.16291
cs.CR 2507.16329
cs.CR 2507.16372
cs.CR 2507.16540
cs.CR 2507.16576
cs.CR 2507.16585
cs.CR 2507.16773
cs.CR 2507.16788
cs.CR 2507.17006
cs.CR 2507.17017
cs.CR 2507.17188
cs.CR 2507.17577
cs.CR 2507.17589
cs.CR 2507.17691
cs.CR 2507.17712
cs.CR 2507.17736
cs.CR 2507.16840
cs.CR 2507.16852
cs.CR 2507.16870
cs.CR 2507.16872
cs.CR 2507.16887
cs.CR 2507.16952
cs.CR 2507.16996
cs.CR 2507.17007
cs.CR 2507.17010
cs.CR 2507.17033
cs.CR 2507.17064
cs.CR 2507.17074
cs.CR 2507.17180
cs.CR 2507.17199
cs.CR 2507.17259
cs.CR 2507.17324
cs.CR 2507.17385
cs.CR 2507.17491
cs.CR 2507.17516
cs.CR 2507.17518
cs.CR 2507.17628
cs.CR 2507.17655
cs.CR 2507.17895
cs.CR 2507.18037
cs.CR 2507.18105
cs.CR 2507.18289
cs.CR 2507.18313
cs.CR 2507.17850
cs.CR 2507.17888
cs.CR 2507.17956
cs.CR 2507.17962
cs.CR 2507.17978
cs.CR 2507.18034
cs.CR 2507.18036
cs.CR 2507.18053
cs.CR 2507.18075
cs.CR 2507.18157
cs.CR 2507.18215
cs.CR 2507.18249
cs.CR 2507.18302
cs.CR 2507.18360
cs.CR 2507.18478
cs.CR 2507.18631
physics.app-ph 2507.13376
physics.app-ph 2507.13509
physics.app-ph 2507.13574
physics.app-ph 2507.13842
physics.app-ph 2507.14003
physics.app-ph 2402.14142
physics.app-ph 2507.14213
physics.app-ph 2507.14436
physics.app-ph 2507.14709
physics.app-ph 2507.14724
physics.app-ph 2507.14729
physics.app-ph 2507.15158
physics.app-ph 2507.15400
physics.app-ph 2507.15440
physics.app-ph 2507.14586
physics.app-ph 2507.14923
physics.app-ph 2507.15014
physics.app-ph 2507.15218
physics.app-ph 2507.15323
physics.app-ph 2507.15813
physics.app-ph 2507.16049
physics.app-ph 2507.16082
physics.app-ph 2507.16091
physics.app-ph 2507.16140
physics.app-ph 2507.16286
physics.app-ph 2507.16357
physics.app-ph 2507.16525
physics.app-ph 2507.16626
physics.app-ph 2507.16174
physics.app-ph 2507.16202
physics.app-ph 2507.16684
physics.app-ph 2507.16948
physics.app-ph 2507.16949
physics.app-ph 2507.17034
physics.app-ph 2507.17150
physics.app-ph 2507.17236
physics.app-ph 2507.17287
physics.app-ph 2507.17639
physics.app-ph 2507.17193
physics.app-ph 2507.17395
physics.app-ph 2507.17881
physics.app-ph 2507.17961
physics.app-ph 2507.18010
physics.app-ph 2507.18180
physics.app-ph 2507.18356
physics.app-ph 2507.18379
physics.app-ph 2507.18595
physics.app-ph 2507.18599
physics.comp-ph 2507.13789
physics.comp-ph 2507.13791
physics.comp-ph 2507.13805
physics.comp-ph 2507.13492
physics.comp-ph 2507.14276
physics.comp-ph 2507.14302
physics.comp-ph 2507.14319
physics.comp-ph 2507.14654
physics.comp-ph 2507.14709
physics.comp-ph 2507.14788
physics.comp-ph 2507.15010
physics.comp-ph 2507.15148
physics.comp-ph 2507.15329
physics.comp-ph 2507.15402
physics.comp-ph 2507.14143
physics.comp-ph 2507.14341
physics.comp-ph 2507.14478
physics.comp-ph 2507.14281
physics.comp-ph 2507.15860
physics.comp-ph 2507.16189
physics.comp-ph 2507.16239
physics.comp-ph 2507.16321
physics.comp-ph 2507.16388
physics.comp-ph 2507.16449
physics.comp-ph 2507.16521
physics.comp-ph 2507.16041
physics.comp-ph 2507.16087
physics.comp-ph 2507.16879
physics.comp-ph 2507.16949
physics.comp-ph 2507.16960
physics.comp-ph 2507.17032
physics.comp-ph 2507.17247
physics.comp-ph 2507.17250
physics.comp-ph 2507.17295
physics.comp-ph 2507.17414
physics.comp-ph 2507.17421
physics.comp-ph 2507.17535
physics.comp-ph 2507.17672
physics.comp-ph 2507.17700
physics.comp-ph 2507.17871
physics.comp-ph 2507.17880
physics.comp-ph 2507.18093
physics.comp-ph 2507.18210
physics.comp-ph 2507.18412
physics.comp-ph 2507.18540
physics.comp-ph 2507.17763
physics.comp-ph 2507.17980
physics.comp-ph 2507.17989
physics.comp-ph 2507.18200
physics.comp-ph 2507.18314
physics.comp-ph 2507.18460
econ.TH 2507.14472
econ.TH 2507.15497
econ.TH 2507.14470
econ.TH 2507.15048
econ.TH 2507.15438
econ.TH 2507.15682
econ.TH 2507.15735
econ.TH 2507.16348
econ.TH 2507.16655
econ.TH 2507.17115
econ.TH 2507.16997
econ.TH 2507.17187
econ.TH 2507.17415
econ.TH 2507.17609
physics.ins-det 2507.13574
physics.ins-det 2507.13813
physics.ins-det 2507.13545
physics.ins-det 2507.13815
physics.ins-det 2507.13864
physics.ins-det 2507.13909
physics.ins-det 2507.14152
physics.ins-det 2507.15323
physics.ins-det 2507.15459
physics.ins-det 2507.14225
physics.ins-det 2507.14425
physics.ins-det 2507.14438
physics.ins-det 2507.15177
physics.ins-det 2507.15398
physics.ins-det 2507.15732
physics.ins-det 2507.16093
physics.ins-det 2507.16282
physics.ins-det 2507.16409
physics.ins-det 2507.16868
physics.ins-det 2507.17068
physics.ins-det 2507.17071
physics.ins-det 2507.17560
physics.ins-det 2507.17425
physics.ins-det 2507.17538
physics.ins-det 2507.18164
physics.ins-det 2507.18172
physics.ins-det 2507.18191
physics.ins-det 2507.17782
physics.ins-det 2507.18222
physics.ins-det 2507.18369
physics.ins-det 2507.18497
physics.med-ph 2507.13653
physics.med-ph 2507.13630
physics.med-ph 2507.13754
physics.med-ph 2507.13854
physics.med-ph 2507.14712
physics.med-ph 2507.15078
physics.med-ph 2507.14557
physics.med-ph 2507.14963
physics.med-ph 2507.15168
physics.med-ph 2507.15389
physics.med-ph 2507.15622
physics.med-ph 2507.16065
physics.med-ph 2507.16962
physics.med-ph 2507.17155
physics.med-ph 2507.17109
physics.med-ph 2507.17707
physics.med-ph 2507.18012
physics.med-ph 2507.17764
physics.med-ph 2507.18273
physics.med-ph 2507.18628
physics.optics 2507.13897
physics.optics 2507.13907
physics.optics 2507.13509
physics.optics 2507.13584
physics.optics 2507.13745
physics.optics 2507.13775
physics.optics 2507.13784
physics.optics 2507.13813
physics.optics 2507.13842
physics.optics 2507.13976
physics.optics 2507.14003
physics.optics 2507.14090
physics.optics 2507.14104
physics.optics 2507.14754
physics.optics 2507.14865
physics.optics 2507.14934
physics.optics 2507.15400
physics.optics 2507.15786
physics.optics 2507.14192
physics.optics 2507.14333
physics.optics 2507.14437
physics.optics 2507.14489
physics.optics 2507.14667
physics.optics 2507.14673
physics.optics 2507.14724
physics.optics 2507.14729
physics.optics 2507.14761
physics.optics 2507.14786
physics.optics 2507.14821
physics.optics 2507.15018
physics.optics 2507.15171
physics.optics 2507.15309
physics.optics 2507.15327
physics.optics 2507.15329
physics.optics 2507.15376
physics.optics 2507.15490
physics.optics 2507.15538
physics.optics 2507.15573
physics.optics 2507.15644
physics.optics 2507.15674
physics.optics 2507.15705
physics.optics 2507.15760
physics.optics 2507.15972
physics.optics 2507.16111
physics.optics 2507.16286
physics.optics 2507.16446
physics.optics 2507.16549
physics.optics 2507.16574
physics.optics 2507.16578
physics.optics 2507.16698
physics.optics 2507.16108
physics.optics 2507.16140
physics.optics 2507.16161
physics.optics 2507.16293
physics.optics 2507.16299
physics.optics 2507.16357
physics.optics 2507.16366
physics.optics 2507.16607
physics.optics 2507.16693
physics.optics 2507.16721
physics.optics 2507.16949
physics.optics 2507.16992
physics.optics 2507.17042
physics.optics 2507.17591
physics.optics 2507.16948
physics.optics 2507.16979
physics.optics 2507.17034
physics.optics 2507.17044
physics.optics 2507.17100
physics.optics 2507.17150
physics.optics 2507.17287
physics.optics 2507.17374
physics.optics 2507.17428
physics.optics 2507.17437
physics.optics 2507.17601
physics.optics 2507.17719
physics.optics 2507.17800
physics.optics 2507.18056
physics.optics 2507.18093
physics.optics 2507.17917
physics.optics 2507.17940
physics.optics 2507.18019
physics.optics 2507.18058
physics.optics 2507.18068
physics.optics 2507.18091
physics.optics 2507.18108
physics.optics 2507.18127
physics.optics 2507.18132
physics.optics 2507.18191
physics.optics 2507.18416
physics.optics 2507.18596
physics.optics 2507.18599
physics.optics 2507.18610
physics.data-an 2507.13412
physics.data-an 2507.13907
physics.data-an 2507.14036
physics.data-an 2507.14106
physics.data-an 2507.13376
physics.data-an 2507.14325
physics.data-an 2507.14652
physics.data-an 2507.14788
physics.data-an 2507.15027
physics.data-an 2507.15045
physics.data-an 2412.05979
physics.data-an 2507.16833
physics.data-an 2507.17236
physics.data-an 2507.17700
physics.data-an 2507.17831
physics.data-an 2507.18261
physics.data-an 2507.18332
cs.CL 2507.13354
cs.CL 2507.13362
cs.CL 2507.13396
cs.CL 2507.13550
cs.CL 2507.13586
cs.CL 2507.13609
cs.CL 2507.13737
cs.CL 2507.13773
cs.CL 2507.13822
cs.CL 2507.13859
cs.CL 2507.13933
cs.CL 2507.14049
cs.CL 2507.14119
cs.CL 2507.13357
cs.CL 2507.13380
cs.CL 2507.13381
cs.CL 2507.13382
cs.CL 2507.13390
cs.CL 2507.13392
cs.CL 2507.13395
cs.CL 2507.13410
cs.CL 2507.13411
cs.CL 2507.13474
cs.CL 2507.13490
cs.CL 2507.13501
cs.CL 2507.13544
cs.CL 2507.13551
cs.CL 2507.13563
cs.CL 2507.13614
cs.CL 2507.13618
cs.CL 2507.13655
cs.CL 2507.13666
cs.CL 2507.13681
cs.CL 2507.13705
cs.CL 2507.13732
cs.CL 2507.13743
cs.CL 2507.13761
cs.CL 2507.13793
cs.CL 2507.13827
cs.CL 2507.13839
cs.CL 2507.13841
cs.CL 2507.13858
cs.CL 2507.13870
cs.CL 2507.13875
cs.CL 2507.13881
cs.CL 2507.13913
cs.CL 2507.13919
cs.CL 2507.13937
cs.CL 2507.13949
cs.CL 2507.13966
cs.CL 2507.13977
cs.CL 2507.14017
cs.CL 2507.14022
cs.CL 2507.14045
cs.CL 2507.14063
cs.CL 2507.14079
cs.CL 2507.14096
cs.CL 2507.14179
cs.CL 2507.14201
cs.CL 2507.14204
cs.CL 2507.14221
cs.CL 2507.14293
cs.CL 2507.14353
cs.CL 2507.14384
cs.CL 2507.14417
cs.CL 2507.14419
cs.CL 2507.14447
cs.CL 2507.14497
cs.CL 2507.14534
cs.CL 2507.14586
cs.CL 2507.14619
cs.CL 2507.14660
cs.CL 2507.14675
cs.CL 2507.14679
cs.CL 2507.14843
cs.CL 2507.15007
cs.CL 2507.15205
cs.CL 2507.15214
cs.CL 2507.15267
cs.CL 2507.15272
cs.CL 2507.15507
cs.CL 2507.15640
cs.CL 2507.15743
cs.CL 2507.15758
cs.CL 2507.15776
cs.CL 2507.15788
cs.CL 2507.15844
cs.CL 2507.15846
cs.CL 2507.14189
cs.CL 2507.14198
cs.CL 2507.14200
cs.CL 2507.14214
cs.CL 2507.14231
cs.CL 2507.14238
cs.CL 2507.14239
cs.CL 2507.14240
cs.CL 2507.14241
cs.CL 2507.14298
cs.CL 2507.14304
cs.CL 2507.14307
cs.CL 2507.14314
cs.CL 2507.14355
cs.CL 2507.14372
cs.CL 2507.14374
cs.CL 2507.14430
cs.CL 2507.14578
cs.CL 2507.14579
cs.CL 2507.14584
cs.CL 2507.14590
cs.CL 2507.14615
cs.CL 2507.14640
cs.CL 2507.14649
cs.CL 2507.14664
cs.CL 2507.14681
cs.CL 2507.14683
cs.CL 2507.14688
cs.CL 2507.14693
cs.CL 2507.14741
cs.CL 2507.14749
cs.CL 2507.14758
cs.CL 2507.14815
cs.CL 2507.14819
cs.CL 2507.14849
cs.CL 2507.14871
cs.CL 2507.14887
cs.CL 2507.14894
cs.CL 2507.14900
cs.CL 2507.14913
cs.CL 2507.14922
cs.CL 2507.14958
cs.CL 2507.15024
cs.CL 2507.15061
cs.CL 2507.15087
cs.CL 2507.15092
cs.CL 2507.15100
cs.CL 2507.15114
cs.CL 2507.15142
cs.CL 2507.15152
cs.CL 2507.15198
cs.CL 2507.15236
cs.CL 2507.15275
cs.CL 2507.15281
cs.CL 2507.15286
cs.CL 2507.15328
cs.CL 2507.15337
cs.CL 2507.15339
cs.CL 2507.15347
cs.CL 2507.15357
cs.CL 2507.15375
cs.CL 2507.15378
cs.CL 2507.15501
cs.CL 2507.15512
cs.CL 2507.15557
cs.CL 2507.15576
cs.CL 2507.15586
cs.CL 2507.15600
cs.CL 2507.15641
cs.CL 2507.15675
cs.CL 2507.15698
cs.CL 2507.15706
cs.CL 2507.15707
cs.CL 2507.15714
cs.CL 2507.15715
cs.CL 2507.15717
cs.CL 2507.15736
cs.CL 2507.15742
cs.CL 2507.15752
cs.CL 2507.15759
cs.CL 2507.15773
cs.CL 2507.15778
cs.CL 2507.15779
cs.CL 2507.15823
cs.CL 2507.15849
cs.CL 2507.15850
cs.CL 2507.15867
cs.CL 2507.15874
cs.CL 2507.15882
cs.CL 2507.15887
cs.CL 2507.16145
cs.CL 2507.16185
cs.CL 2507.16298
cs.CL 2507.16463
cs.CL 2507.16518
cs.CL 2507.16534
cs.CL 2507.16577
cs.CL 2507.16713
cs.CL 2507.16746
cs.CL 2507.16795
cs.CL 2507.16806
cs.CL 2507.15863
cs.CL 2507.15864
cs.CL 2507.15868
cs.CL 2507.16002
cs.CL 2507.16003
cs.CL 2507.16007
cs.CL 2507.16011
cs.CL 2507.16054
cs.CL 2507.16075
cs.CL 2507.16076
cs.CL 2507.16083
cs.CL 2507.16183
cs.CL 2507.16196
cs.CL 2507.16199
cs.CL 2507.16217
cs.CL 2507.16248
cs.CL 2507.16252
cs.CL 2507.16263
cs.CL 2507.16271
cs.CL 2507.16284
cs.CL 2507.16323
cs.CL 2507.16331
cs.CL 2507.16410
cs.CL 2507.16424
cs.CL 2507.16442
cs.CL 2507.16459
cs.CL 2507.16488
cs.CL 2507.16490
cs.CL 2507.16514
cs.CL 2507.16515
cs.CL 2507.16530
cs.CL 2507.16557
cs.CL 2507.16572
cs.CL 2507.16632
cs.CL 2507.16642
cs.CL 2507.16656
cs.CL 2507.16663
cs.CL 2507.16679
cs.CL 2507.16695
cs.CL 2507.16711
cs.CL 2507.16725
cs.CL 2507.16748
cs.CL 2507.16784
cs.CL 2507.16799
cs.CL 2507.16802
cs.CL 2507.16809
cs.CL 2507.16812
cs.CL 2507.16820
cs.CL 2507.16826
cs.CL 2507.16834
cs.CL 2507.16835
cs.CL 2507.16838
cs.CL 2507.16863
cs.CL 2507.16877
cs.CL 2507.16933
cs.CL 2507.17232
cs.CL 2507.17259
cs.CL 2507.17335
cs.CL 2507.17501
cs.CL 2507.17515
cs.CL 2507.17563
cs.CL 2507.17588
cs.CL 2507.17746
cs.CL 2507.16922
cs.CL 2507.16947
cs.CL 2507.16951
cs.CL 2507.16971
cs.CL 2507.16974
cs.CL 2507.16989
cs.CL 2507.17009
cs.CL 2507.17015
cs.CL 2507.17025
cs.CL 2507.17147
cs.CL 2507.17178
cs.CL 2507.17186
cs.CL 2507.17216
cs.CL 2507.17234
cs.CL 2507.17288
cs.CL 2507.17399
cs.CL 2507.17409
cs.CL 2507.17442
cs.CL 2507.17476
cs.CL 2507.17527
cs.CL 2507.17578
cs.CL 2507.17618
cs.CL 2507.17634
cs.CL 2507.17636
cs.CL 2507.17702
cs.CL 2507.17709
cs.CL 2507.17717
cs.CL 2507.17718
cs.CL 2507.17728
cs.CL 2507.17747
cs.CL 2507.17753
cs.CL 2507.17797
cs.CL 2507.17937
cs.CL 2507.18009
cs.CL 2507.18053
cs.CL 2507.18071
cs.CL 2507.18115
cs.CL 2507.18161
cs.CL 2507.18302
cs.CL 2507.18455
cs.CL 2507.18572
cs.CL 2507.18576
cs.CL 2507.18583
cs.CL 2507.18616
cs.CL 2507.17842
cs.CL 2507.17849
cs.CL 2507.17896
cs.CL 2507.17918
cs.CL 2507.17944
cs.CL 2507.17951
cs.CL 2507.17974
cs.CL 2507.18013
cs.CL 2507.18028
cs.CL 2507.18043
cs.CL 2507.18044
cs.CL 2507.18055
cs.CL 2507.18061
cs.CL 2507.18076
cs.CL 2507.18103
cs.CL 2507.18119
cs.CL 2507.18140
cs.CL 2507.18143
cs.CL 2507.18171
cs.CL 2507.18182
cs.CL 2507.18190
cs.CL 2507.18197
cs.CL 2507.18202
cs.CL 2507.18203
cs.CL 2507.18212
cs.CL 2507.18263
cs.CL 2507.18264
cs.CL 2507.18294
cs.CL 2507.18305
cs.CL 2507.18338
cs.CL 2507.18340
cs.CL 2507.18343
cs.CL 2507.18392
cs.CL 2507.18406
cs.CL 2507.18417
cs.CL 2507.18442
cs.CL 2507.18448
cs.CL 2507.18451
cs.CL 2507.18504
cs.CL 2507.18523
cs.CL 2507.18542
cs.CL 2507.18546
cs.CL 2507.18562
cs.CL 2507.18570
cs.CL 2507.18578
cs.CL 2507.18580
cs.CL 2507.18584
cs.CL 2507.18618
cs.CL 2507.18624
q-fin.MF 2507.14810
q-fin.MF 2507.17162
q-fin.MF 2507.17606
q-fin.MF 2507.18232
q-fin.MF 2507.18395
