cs.DC 2311.13693
cs.DC 2311.13731
cs.DC 2311.14082
cs.DC 2311.14127
cs.DC 2311.14311
cs.DC 2311.14625
cs.DC 2311.13936
cs.DC 2311.14007
cs.DC 2311.14349
cs.DC 2311.14600
cs.DC 2311.14975
cs.DC 2311.15123
cs.DC 2311.15310
cs.DC 2311.15382
cs.DC 2311.15443
cs.DC 2311.15730
cs.DC 2311.15810
cs.DC 2311.16021
cs.DC 2311.16086
cs.DC 2311.14811
cs.DC 2311.14898
cs.DC 2311.14908
cs.DC 2311.15269
cs.DC 2311.15358
cs.DC 2311.15433
cs.DC 2311.15566
cs.DC 2311.15929
cs.DC 2311.16147
cs.DC 2311.16442
cs.DC 2311.16459
cs.DC 2311.16535
cs.DC 2311.16540
cs.DC 2311.16584
cs.DC 2311.16712
cs.DC 2311.16741
cs.DC 2311.16744
cs.DC 2311.16953
cs.DC 2311.16984
cs.DC 2311.17040
cs.DC 2311.17052
cs.DC 2311.16129
cs.DC 2311.16576
cs.DC 2311.16769
cs.DC 2311.17166
cs.DC 2311.17282
cs.DC 2311.17299
cs.DC 2311.17370
cs.DC 2311.17447
cs.DC 2311.17490
cs.DC 2311.17668
cs.DC 2311.17115
cs.DC 2311.17410
cs.DC 2311.17441
cs.DC 2311.17473
cs.DC 2311.17530
cs.DC 2311.17545
cs.IT 2311.13694
cs.DC 2311.17621
cs.DC 2311.17728
cs.DC 2311.17757
cs.DC 2311.17847
cs.IT 2311.13731
cs.DC 2311.17889
cs.IT 2311.13745
cs.DC 2311.17958
cs.DC 2311.18129
cs.IT 2311.13794
cs.DC 2311.18210
cs.DC 2311.18646
cs.DC 2311.18677
cs.DC 2311.18741
cs.DC 2311.18787
cs.DC 2311.18141
cs.DC 2311.18174
cs.DC 2311.18350
cs.DC 2311.18595
cs.DC 2311.18659
cs.DC 2311.18679
cs.DC 2311.18714
cs.IT 2311.13846
cs.IT 2311.13847
cs.IT 2311.14520
cs.IT 2311.13686
cs.IT 2311.13834
cs.IT 2311.13875
cs.IT 2311.13893
cs.IT 2311.14116
cs.IT 2311.14223
cs.IT 2311.14251
cs.IT 2311.14295
cs.IT 2311.14515
cs.IT 2311.14674
cs.IT 2311.14886
cs.IT 2311.14942
cs.IT 2311.14997
cs.IT 2311.15060
cs.IT 2311.15062
cs.IT 2311.15313
cs.IT 2311.15332
cs.IT 2311.15682
cs.IT 2311.15828
cs.IT 2311.15868
cs.IT 2311.14831
cs.IT 2311.14842
cs.IT 2311.14858
cs.IT 2311.14917
cs.IT 2311.15066
cs.IT 2311.15069
cs.IT 2311.15158
cs.IT 2311.15178
cs.IT 2311.15220
cs.IT 2311.15221
cs.IT 2311.15292
cs.IT 2311.15299
cs.IT 2311.15593
cs.IT 2311.15595
cs.IT 2311.15950
cs.IT 2311.16390
cs.IT 2311.16609
cs.IT 2311.16895
cs.IT 2311.17012
cs.IT 2311.17055
cs.IT 2311.16128
cs.IT 2311.16568
cs.IT 2311.17233
cs.IT 2311.17281
cs.IT 2311.17781
cs.IT 2311.17860
cs.IT 2311.17262
cs.IT 2311.17527
cs.IT 2311.17617
cs.IT 2311.17726
cs.IT 2311.17742
cs.IT 2311.17774
cs.IT 2311.17841
cs.IT 2311.18092
cs.IT 2311.18097
cs.IT 2311.18098
cs.IT 2311.18106
cs.IT 2311.18593
cs.IT 2311.18694
cs.IT 2311.18076
cs.IT 2311.18167
cs.IT 2311.18172
cs.IT 2311.18224
cs.IT 2311.18316
cs.IT 2311.18334
cs.IT 2311.18343
cs.IT 2311.18390
cs.IT 2311.18418
cs.IT 2311.18432
cs.IT 2311.18488
cs.IT 2311.18542
cs.IT 2311.18558
cs.IT 2311.18670
cs.IT 2311.18762
cs.IT 2311.18791
cs.IT 2311.18820
cs.IT 2311.18824
cs.AR 2311.14272
cs.AR 2311.14114
cs.AR 2311.15088
cs.AR 2311.15123
cs.AR 2311.16035
cs.AR 2311.16082
cs.AR 2311.14721
cs.AR 2311.15443
cs.AR 2311.15810
cs.AR 2311.16190
cs.AR 2311.16200
cs.AR 2311.16214
cs.AR 2311.16293
cs.AR 2311.16406
cs.AR 2311.16417
cs.AR 2311.16460
cs.AR 2311.16543
cs.AR 2311.16594
cs.AR 2205.12580
cs.AR 2303.08706
cs.AR 2311.17370
cs.AR 2311.17801
cs.AR 2311.17323
cs.AR 2311.17815
cs.AR 2311.17852
cs.AR 2311.18246
cs.AR 2311.18655
cs.AR 2311.18677
cs.AI 2311.13614
cs.AI 2311.13626
cs.AI 2311.13627
cs.AI 2311.13628
cs.AI 2311.13664
cs.AI 2311.13668
cs.AI 2311.13691
cs.AI 2311.13693
cs.AI 2311.13718
cs.AI 2311.13719
cs.AI 2311.13721
cs.AI 2311.13725
cs.AI 2311.13731
cs.AI 2311.13739
cs.AI 2311.13743
cs.AI 2311.13744
cs.AI 2311.13750
cs.AI 2311.13752
cs.AI 2311.13770
cs.AI 2311.13800
cs.AI 2311.13810
cs.AI 2311.13812
cs.AI 2311.13816
cs.AI 2311.13821
cs.AI 2311.13843
cs.AI 2311.13845
cs.AI 2311.13857
cs.AI 2311.13871
cs.AI 2311.13878
cs.AI 2311.13881
cs.AI 2311.13885
cs.AI 2311.13892
cs.AI 2311.13928
cs.AI 2311.13953
cs.AI 2311.13964
cs.AI 2311.13982
cs.AI 2311.13983
cs.AI 2311.14028
cs.AI 2311.14073
cs.AI 2311.14084
cs.AI 2311.14091
cs.AI 2311.14096
cs.AI 2311.14110
cs.AI 2311.14115
cs.AI 2311.14126
cs.AI 2311.14127
cs.AI 2311.14139
cs.AI 2311.14153
cs.AI 2311.14156
cs.AI 2311.14169
cs.AI 2311.14175
cs.AI 2311.14203
cs.AI 2311.14316
cs.AI 2311.14335
cs.AI 2311.14371
cs.AI 2311.14381
cs.AI 2311.14390
cs.AI 2311.14407
cs.AI 2311.14435
cs.AI 2311.14448
cs.AI 2311.14471
cs.AI 2311.14480
cs.AI 2311.14482
cs.AI 2311.14495
cs.AI 2311.14514
cs.AI 2311.14532
cs.AI 2311.14539
cs.AI 2311.14540
cs.AI 2311.14543
cs.AI 2311.14544
cs.AI 2311.14552
cs.AI 2311.14579
cs.AI 2311.14583
cs.AI 2311.14595
cs.AI 2311.14625
cs.AI 2311.14633
cs.AI 2311.14648
cs.AI 2311.14651
cs.AI 2311.14656
cs.AI 2311.13712
cs.AI 2311.13720
cs.AI 2311.13782
cs.AI 2311.13811
cs.AI 2311.13852
cs.AI 2311.13884
cs.AI 2311.13905
cs.AI 2311.13960
cs.AI 2311.14003
cs.AI 2311.14005
cs.AI 2311.14030
cs.AI 2311.14057
cs.AI 2311.14058
cs.AI 2311.14061
cs.AI 2311.14109
cs.AI 2311.14125
cs.AI 2311.14270
cs.AI 2311.14305
cs.AI 2311.14315
cs.AI 2311.14324
cs.AI 2311.14378
cs.AI 2311.14401
cs.AI 2311.14426
cs.AI 2311.14455
cs.AI 2311.14457
cs.AI 2311.14563
cs.AI 2311.14570
cs.AI 2311.14619
cs.AI 2311.14674
cs.AI 2311.14683
cs.AI 2311.14684
cs.AI 2311.14686
cs.AI 2311.14687
cs.AI 2311.14688
cs.AI 2311.14690
cs.AI 2311.14692
cs.AI 2311.14693
cs.AI 2311.14695
cs.AI 2311.14699
cs.AI 2311.14700
cs.AI 2311.14701
cs.AI 2311.14702
cs.AI 2311.14708
cs.AI 2311.14711
cs.AI 2311.14713
cs.AI 2311.14720
cs.AI 2311.14722
cs.AI 2311.14730
cs.AI 2311.14737
cs.AI 2311.14741
cs.AI 2311.14744
cs.AI 2311.14756
cs.AI 2311.14757
cs.AI 2311.14758
cs.AI 2311.14762
cs.AI 2311.14767
cs.AI 2311.14768
cs.AI 2311.14770
cs.AI 2311.14786
cs.AI 2311.14788
cs.AI 2311.14824
cs.AI 2311.14865
cs.AI 2311.14874
cs.AI 2311.14900
cs.AI 2311.14926
cs.AI 2311.14948
cs.AI 2311.14994
cs.AI 2311.15016
cs.AI 2311.15033
cs.AI 2311.15036
cs.AI 2311.15041
cs.AI 2311.15056
cs.AI 2311.15072
cs.AI 2311.15080
cs.AI 2311.15100
cs.AI 2311.15108
cs.AI 2311.15112
cs.AI 2311.15113
cs.AI 2311.15131
cs.AI 2311.15134
cs.AI 2311.15156
cs.AI 2311.15161
cs.AI 2311.15193
cs.AI 2311.15194
cs.AI 2311.15198
cs.AI 2311.15208
cs.AI 2311.15243
cs.AI 2311.15249
cs.AI 2311.15268
cs.AI 2311.15269
cs.AI 2311.15283
cs.AI 2311.15287
cs.AI 2311.15303
cs.AI 2311.15318
cs.AI 2311.15326
cs.AI 2311.15332
cs.AI 2311.15335
cs.AI 2311.15356
cs.AI 2311.15369
cs.AI 2311.15373
cs.AI 2311.15399
cs.AI 2311.15400
cs.AI 2311.15421
cs.AI 2311.15438
cs.AI 2311.15448
cs.AI 2311.15460
cs.AI 2311.15480
cs.AI 2311.15487
cs.AI 2311.15490
cs.AI 2311.15497
cs.AI 2311.15507
cs.AI 2311.15516
cs.AI 2311.15530
cs.AI 2311.15545
cs.AI 2311.15548
cs.AI 2311.15549
cs.AI 2311.15551
cs.AI 2311.15565
cs.AI 2311.15569
cs.AI 2311.15594
cs.AI 2311.15599
cs.AI 2311.15603
cs.AI 2311.15607
cs.AI 2311.15619
cs.AI 2311.15623
cs.AI 2311.15627
cs.AI 2311.15648
cs.AI 2311.15649
cs.AI 2311.15658
cs.AI 2311.15696
cs.AI 2311.15698
cs.AI 2311.15719
cs.AI 2311.15722
cs.AI 2311.15723
cs.AI 2311.15728
cs.AI 2311.15736
cs.AI 2311.15759
cs.AI 2311.15786
cs.AI 2311.15790
cs.AI 2311.15813
cs.AI 2311.15816
cs.AI 2311.15826
cs.AI 2311.15838
cs.AI 2311.15876
cs.AI 2311.15888
cs.AI 2311.15924
cs.AI 2311.15925
cs.AI 2311.15930
cs.AI 2311.15950
cs.AI 2311.15951
cs.AI 2311.15959
cs.AI 2311.15960
cs.AI 2311.15964
cs.AI 2311.15979
cs.AI 2311.15983
cs.AI 2311.15993
cs.AI 2311.16003
cs.AI 2311.16017
cs.AI 2311.16018
cs.AI 2311.16023
cs.AI 2311.16027
cs.AI 2311.16035
cs.AI 2311.16038
cs.AI 2311.16065
cs.AI 2311.16075
cs.AI 2311.16079
cs.AI 2311.16081
cs.AI 2311.16082
cs.AI 2311.16086
cs.AI 2311.16091
cs.AI 2311.16098
cs.AI 2311.16102
cs.AI 2311.16103
cs.AI 2311.15162
cs.AI 2311.15209
cs.AI 2311.15298
cs.AI 2311.15781
cs.AI 2311.15920
cs.AI 2311.15933
cs.AI 2311.16030
cs.AI 2311.10328
cs.AI 2311.16109
cs.AI 2311.16111
cs.AI 2311.16112
cs.AI 2311.16114
cs.AI 2311.16115
cs.AI 2311.16119
cs.AI 2311.16122
cs.AI 2311.16124
cs.AI 2311.16126
cs.AI 2311.16133
cs.AI 2311.16136
cs.AI 2311.16137
cs.AI 2311.16138
cs.AI 2311.16140
cs.AI 2311.16141
cs.AI 2311.16143
cs.AI 2311.16146
cs.AI 2311.16153
cs.AI 2311.16158
cs.AI 2311.16161
cs.AI 2311.16162
cs.AI 2311.16167
cs.AI 2311.16172
cs.AI 2311.16176
cs.AI 2311.16179
cs.AI 2311.16180
cs.AI 2311.16185
cs.AI 2311.16191
cs.AI 2311.16192
cs.AI 2311.16193
cs.AI 2311.16195
cs.AI 2311.16196
cs.AI 2311.16197
cs.AI 2311.16201
cs.AI 2311.16203
cs.AI 2311.16204
cs.AI 2311.16206
cs.AI 2311.16208
cs.AI 2311.16254
cs.AI 2311.16261
cs.AI 2311.16277
cs.AI 2311.16312
cs.AI 2311.16338
cs.AI 2311.16339
cs.AI 2311.16353
cs.AI 2311.16392
cs.AI 2311.16424
cs.AI 2311.16432
cs.AI 2311.16450
cs.AI 2311.16464
cs.AI 2311.16466
cs.AI 2311.16476
cs.AI 2311.16480
cs.AI 2311.16488
cs.AI 2311.16502
cs.AI 2311.16503
cs.AI 2311.16512
cs.AI 2311.16514
cs.AI 2311.16515
cs.AI 2311.16594
cs.AI 2311.16602
cs.AI 2311.16605
cs.AI 2311.16644
cs.AI 2311.16666
cs.AI 2311.16671
cs.AI 2311.16673
cs.AI 2311.16680
cs.AI 2311.16681
cs.AI 2311.16700
cs.AI 2311.16711
cs.AI 2311.16716
cs.AI 2311.16733
cs.AI 2311.16754
cs.AI 2311.16769
cs.AI 2311.16782
cs.AI 2311.16789
cs.AI 2311.16832
cs.AI 2311.16834
cs.AI 2311.16840
cs.AI 2311.16841
cs.AI 2311.16851
cs.AI 2311.16867
cs.AI 2311.16895
cs.AI 2311.16918
cs.AI 2311.16922
cs.AI 2311.16941
cs.AI 2311.16973
cs.AI 2311.16996
cs.AI 2311.17007
cs.AI 2311.17017
cs.AI 2311.17026
cs.AI 2311.17030
cs.AI 2311.17041
cs.AI 2311.17053
cs.AI 2311.17055
cs.AI 2311.17058
cs.AI 2311.17059
cs.AI 2311.16171
cs.AI 2311.16173
cs.AI 2311.16534
cs.AI 2311.16683
cs.AI 2311.16781
cs.AI 2311.16807
cs.AI 2311.10887
cs.AI 2311.17066
cs.AI 2311.17072
cs.AI 2311.17076
cs.AI 2311.17080
cs.AI 2311.17095
cs.AI 2311.17097
cs.AI 2311.17098
cs.AI 2311.17099
cs.AI 2311.17103
cs.AI 2311.17104
cs.AI 2311.17107
cs.AI 2311.17110
cs.AI 2311.17123
cs.AI 2311.17124
cs.AI 2311.17128
cs.AI 2311.17132
cs.AI 2311.17133
cs.AI 2311.17136
cs.AI 2311.17137
cs.AI 2311.17138
cs.AI 2311.17154
cs.AI 2311.17179
cs.AI 2311.17190
cs.AI 2311.17228
cs.AI 2311.17232
cs.AI 2311.17233
cs.AI 2311.17248
cs.AI 2311.17295
cs.AI 2311.17301
cs.AI 2311.17303
cs.AI 2311.17307
cs.AI 2311.17311
cs.AI 2311.17323
cs.AI 2311.17329
cs.AI 2311.17338
cs.AI 2311.17368
cs.AI 2311.17371
cs.AI 2311.17401
cs.AI 2311.17404
cs.AI 2311.17406
cs.AI 2311.17428
cs.AI 2311.17429
cs.AI 2311.17431
cs.AI 2311.17435
cs.AI 2311.17438
cs.AI 2311.17446
cs.AI 2311.17447
cs.AI 2311.17458
cs.AI 2311.17466
cs.AI 2311.17487
cs.AI 2311.17514
cs.AI 2311.17518
cs.AI 2311.17521
cs.AI 2311.17565
cs.AI 2311.17593
cs.AI 2311.17598
cs.AI 2311.17601
cs.AI 2311.17633
cs.AI 2311.17647
cs.AI 2311.17655
cs.AI 2311.17667
cs.AI 2311.17673
cs.AI 2311.17676
cs.AI 2311.17686
cs.AI 2311.17695
cs.AI 2311.17743
cs.AI 2311.17750
cs.AI 2311.17781
cs.AI 2311.17815
cs.AI 2311.17833
cs.AI 2311.17842
cs.AI 2311.17855
cs.AI 2311.17892
cs.AI 2311.17901
cs.AI 2311.17907
cs.AI 2311.17165
cs.AI 2311.17227
cs.AI 2311.17305
cs.AI 2311.17351
cs.AI 2311.17393
cs.AI 2311.17453
cs.AI 2311.17471
cs.AI 2311.17541
cs.AI 2311.17766
cs.AI 2311.17822
cs.AI 2311.11286
cs.AI 2311.17943
cs.AI 2311.17946
cs.AI 2311.17950
cs.AI 2311.17958
cs.AI 2311.17959
cs.AI 2311.17961
cs.AI 2311.17968
cs.AI 2311.17973
cs.AI 2311.17983
cs.AI 2311.18021
cs.AI 2311.18022
cs.AI 2311.18028
cs.AI 2311.18029
cs.AI 2311.18046
cs.AI 2311.18054
cs.AI 2311.18062
cs.AI 2311.18094
cs.AI 2311.18102
cs.AI 2311.18114
cs.AI 2311.18138
cs.AI 2311.18190
cs.AI 2311.18206
cs.AI 2311.18207
cs.AI 2311.18213
cs.AI 2311.18224
cs.AI 2311.18232
cs.AI 2311.18241
cs.AI 2311.18252
cs.AI 2311.18254
cs.AI 2311.18259
cs.AI 2311.18296
cs.AI 2311.18297
cs.AI 2311.18328
cs.AI 2311.18331
cs.AI 2311.18403
cs.AI 2311.18424
cs.AI 2311.18460
cs.AI 2311.18481
cs.AI 2311.18486
cs.AI 2311.18491
cs.AI 2311.18518
cs.AI 2311.18520
cs.AI 2311.18531
cs.AI 2311.18547
cs.AI 2311.18550
cs.AI 2311.18576
cs.AI 2311.18578
cs.AI 2311.18587
cs.AI 2311.18592
cs.AI 2311.18598
cs.AI 2311.18599
cs.AI 2311.18608
cs.AI 2311.18620
cs.AI 2311.18636
cs.AI 2311.18645
cs.AI 2311.18654
cs.AI 2311.18663
cs.AI 2311.18664
cs.AI 2311.18676
cs.AI 2311.18702
cs.AI 2311.18703
cs.AI 2311.18736
cs.AI 2311.18741
cs.AI 2311.18743
cs.AI 2311.18749
cs.AI 2311.18751
cs.AI 2311.18760
cs.AI 2311.18763
cs.AI 2311.18765
cs.AI 2311.18768
cs.AI 2311.18775
cs.AI 2311.18788
cs.AI 2311.18801
cs.AI 2311.18805
cs.AI 2311.18817
cs.AI 2311.18827
cs.AI 2311.18837
cs.AI 2311.18838
cs.AI 2311.18644
cs.AI 2311.18662
cs.MA 2311.13714
cs.MA 2311.14145
cs.MA 2311.14642
cs.MA 2311.14225
cs.MA 2311.14480
cs.MA 2311.15298
cs.MA 2311.15858
cs.MA 2311.15883
cs.MA 2311.15925
cs.MA 2311.16091
cs.MA 2311.14770
cs.MA 2311.16171
cs.MA 2311.16770
cs.MA 2311.17052
cs.MA 2311.16564
cs.MA 2311.17165
cs.MA 2311.17190
cs.MA 2311.17482
cs.MA 2311.17592
cs.MA 2311.17681
cs.MA 2311.17697
cs.MA 2311.17252
cs.MA 2311.17688
cs.MA 2311.18598
cs.MA 2311.18717
cs.MA 2311.18394
cs.CV 2311.13616
cs.CV 2311.13623
cs.CV 2311.13656
cs.CV 2311.13664
cs.CV 2311.13668
cs.CV 2311.13688
cs.CV 2311.13706
cs.CV 2311.13710
cs.CV 2311.13713
cs.CV 2311.13719
cs.CV 2311.13745
cs.CV 2311.13779
cs.CV 2311.13912
cs.CV 2311.13925
cs.CV 2311.13958
cs.CV 2311.13959
cs.CV 2311.13963
cs.CV 2311.13964
cs.CV 2311.13986
cs.CV 2311.14028
cs.CV 2311.14049
cs.CV 2311.14084
cs.CV 2311.14086
cs.CV 2311.14090
cs.CV 2311.14148
cs.CV 2311.14177
cs.CV 2311.14197
cs.CV 2311.14227
cs.CV 2311.14237
cs.CV 2311.14276
cs.CV 2311.14280
cs.CV 2311.14395
cs.CV 2311.14414
cs.CV 2311.14462
cs.CV 2311.14473
cs.CV 2311.14482
cs.CV 2311.14639
cs.CV 2311.13603
cs.CV 2311.13608
cs.CV 2311.13610
cs.CV 2311.13612
cs.CV 2311.13613
cs.CV 2311.13614
cs.CV 2311.13615
cs.CV 2311.13617
cs.CV 2311.13619
cs.CV 2311.13620
cs.CV 2311.13621
cs.CV 2311.13622
cs.CV 2311.13627
cs.CV 2311.13629
cs.CV 2311.13655
cs.CV 2311.13661
cs.CV 2311.13681
cs.CV 2311.13682
cs.CV 2311.13716
cs.CV 2311.13717
cs.CV 2311.13750
cs.CV 2311.13752
cs.CV 2311.13777
cs.CV 2311.13781
cs.CV 2311.13793
cs.CV 2311.13831
cs.CV 2311.13833
cs.CV 2311.13846
cs.CV 2311.13847
cs.CV 2311.13865
cs.CV 2311.13880
cs.CV 2311.13895
cs.CV 2311.13928
cs.CV 2311.13929
cs.CV 2311.13930
cs.CV 2311.13934
cs.CV 2311.13954
cs.CV 2311.13976
cs.CV 2311.13993
cs.CV 2311.13997
cs.CV 2311.14006
cs.CV 2311.14012
cs.CV 2311.14024
cs.CV 2311.14029
cs.CV 2311.14062
cs.CV 2311.14063
cs.CV 2311.14064
cs.CV 2311.14073
cs.CV 2311.14081
cs.CV 2311.14095
cs.CV 2311.14097
cs.CV 2311.14146
cs.CV 2311.14155
cs.CV 2311.14175
cs.CV 2311.14189
cs.CV 2311.14199
cs.CV 2311.14208
cs.CV 2311.14218
cs.CV 2311.14242
cs.CV 2311.14262
cs.CV 2311.14265
cs.CV 2311.14271
cs.CV 2311.14272
cs.CV 2311.14275
cs.CV 2311.14281
cs.CV 2311.14282
cs.CV 2311.14284
cs.CV 2311.14294
cs.CV 2311.14301
cs.CV 2311.14307
cs.CV 2311.14310
cs.CV 2311.14323
cs.CV 2311.14334
cs.CV 2311.14337
cs.CV 2311.14339
cs.CV 2311.14343
cs.CV 2311.14388
cs.CV 2311.14405
cs.CV 2311.14435
cs.CV 2311.14450
cs.CV 2311.14459
cs.CV 2311.14471
cs.CV 2311.14485
cs.CV 2311.14494
cs.CV 2311.14506
cs.CV 2311.14521
cs.CV 2311.14542
cs.CV 2311.14544
cs.CV 2311.14552
cs.CV 2311.14580
cs.CV 2311.14603
cs.CV 2311.14617
cs.CV 2311.14625
cs.CV 2311.14631
cs.CV 2311.14633
cs.CV 2311.14635
cs.CV 2311.14642
cs.CV 2311.14656
cs.CV 2311.14665
cs.CV 2311.14671
cs.CV 2311.14694
cs.CV 2311.14733
cs.CV 2311.14777
cs.CV 2311.14875
cs.CV 2311.14918
cs.CV 2311.14948
cs.CV 2311.14983
cs.CV 2311.14990
cs.CV 2311.15053
cs.CV 2311.15090
cs.CV 2311.15165
cs.CV 2311.15167
cs.CV 2311.15213
cs.CV 2311.15301
cs.CV 2311.15328
cs.CV 2311.15331
cs.CV 2311.15332
cs.CV 2311.15335
cs.CV 2311.15361
cs.CV 2311.15369
cs.CV 2311.15395
cs.CV 2311.15414
cs.CV 2311.15420
cs.CV 2311.15437
cs.CV 2311.15536
cs.CV 2311.15570
cs.CV 2311.15584
cs.CV 2311.15586
cs.CV 2311.15607
cs.CV 2311.15609
cs.CV 2311.15722
cs.CV 2311.15751
cs.CV 2311.15759
cs.CV 2311.15782
cs.CV 2311.15830
cs.CV 2311.15847
cs.CV 2311.15856
cs.CV 2311.15890
cs.CV 2311.15941
cs.CV 2311.16001
cs.CV 2311.16091
cs.CV 2311.16098
cs.CV 2311.14746
cs.CV 2311.14747
cs.CV 2311.14749
cs.CV 2311.14750
cs.CV 2311.14757
cs.CV 2311.14758
cs.CV 2311.14760
cs.CV 2311.14762
cs.CV 2311.14764
cs.CV 2311.14768
cs.CV 2311.14772
cs.CV 2311.14773
cs.CV 2311.14775
cs.CV 2311.14786
cs.CV 2311.14822
cs.CV 2311.14824
cs.CV 2311.14837
cs.CV 2311.14851
cs.CV 2311.14897
cs.CV 2311.14899
cs.CV 2311.14900
cs.CV 2311.14902
cs.CV 2311.14905
cs.CV 2311.14906
cs.CV 2311.14909
cs.CV 2311.14911
cs.CV 2311.14920
cs.CV 2311.14922
cs.CV 2311.14925
cs.CV 2311.14926
cs.CV 2311.14927
cs.CV 2311.14939
cs.CV 2311.14960
cs.CV 2311.14971
cs.CV 2311.14977
cs.CV 2311.14981
cs.CV 2311.14986
cs.CV 2311.14993
cs.CV 2311.15010
cs.CV 2311.15011
cs.CV 2311.15022
cs.CV 2311.15027
cs.CV 2311.15038
cs.CV 2311.15040
cs.CV 2311.15072
cs.CV 2311.15075
cs.CV 2311.15080
cs.CV 2311.15087
cs.CV 2311.15100
cs.CV 2311.15108
cs.CV 2311.15111
cs.CV 2311.15113
cs.CV 2311.15127
cs.CV 2311.15138
cs.CV 2311.15145
cs.CV 2311.15153
cs.CV 2311.15157
cs.CV 2311.15163
cs.CV 2311.15171
cs.CV 2311.15193
cs.CV 2311.15200
cs.CV 2311.15202
cs.CV 2311.15206
cs.CV 2311.15225
cs.CV 2311.15230
cs.CV 2311.15231
cs.CV 2311.15241
cs.CV 2311.15243
cs.CV 2311.15260
cs.CV 2311.15262
cs.CV 2311.15264
cs.CV 2311.15273
cs.CV 2311.15276
cs.CV 2311.15291
cs.CV 2311.15306
cs.CV 2311.15308
cs.CV 2311.15326
cs.CV 2311.15339
cs.CV 2311.15356
cs.CV 2311.15367
cs.CV 2311.15368
cs.CV 2311.15383
cs.CV 2311.15415
cs.CV 2311.15421
cs.CV 2311.15435
cs.CV 2311.15438
cs.CV 2311.15439
cs.CV 2311.15445
cs.CV 2311.15453
cs.CV 2311.15463
cs.CV 2311.15475
cs.CV 2311.15477
cs.CV 2311.15478
cs.CV 2311.15497
cs.CV 2311.15510
cs.CV 2311.15512
cs.CV 2311.15529
cs.CV 2311.15537
cs.CV 2311.15540
cs.CV 2311.15543
cs.CV 2311.15547
cs.CV 2311.15551
cs.CV 2311.15556
cs.CV 2311.15561
cs.CV 2311.15562
cs.CV 2311.15569
cs.CV 2311.15571
cs.CV 2311.15573
cs.CV 2311.15581
cs.CV 2311.15596
cs.CV 2311.15599
cs.CV 2311.15605
cs.CV 2311.15615
cs.CV 2311.15619
cs.CV 2311.15625
cs.CV 2311.15637
cs.CV 2311.15648
cs.CV 2311.15657
cs.CV 2311.15658
cs.CV 2311.15660
cs.CV 2311.15668
cs.CV 2311.15672
cs.CV 2311.15679
cs.CV 2311.15707
cs.CV 2311.15719
cs.CV 2311.15727
cs.CV 2311.15728
cs.CV 2311.15732
cs.CV 2311.15740
cs.CV 2311.15741
cs.CV 2311.15744
cs.CV 2311.15769
cs.CV 2311.15773
cs.CV 2311.15776
cs.CV 2311.15803
cs.CV 2311.15806
cs.CV 2311.15812
cs.CV 2311.15813
cs.CV 2311.15826
cs.CV 2311.15836
cs.CV 2311.15841
cs.CV 2311.15846
cs.CV 2311.15851
cs.CV 2311.15855
cs.CV 2311.15864
cs.CV 2311.15876
cs.CV 2311.15879
cs.CV 2311.15896
cs.CV 2311.15906
cs.CV 2311.15908
cs.CV 2311.15912
cs.CV 2311.15914
cs.CV 2311.15916
cs.CV 2311.15937
cs.CV 2311.15939
cs.CV 2311.15963
cs.CV 2311.15964
cs.CV 2311.15965
cs.CV 2311.15977
cs.CV 2311.15980
cs.CV 2311.15991
cs.CV 2311.15993
cs.CV 2311.15994
cs.CV 2311.16037
cs.CV 2311.16038
cs.CV 2311.16042
cs.CV 2311.16043
cs.CV 2311.16052
cs.CV 2311.16060
cs.CV 2311.16081
cs.CV 2311.16090
cs.CV 2311.16094
cs.CV 2311.16096
cs.CV 2311.16097
cs.CV 2311.16099
cs.CV 2311.16101
cs.CV 2311.16102
cs.CV 2311.16103
cs.CV 2311.16141
cs.CV 2311.16143
cs.CV 2311.16163
cs.CV 2311.16176
cs.CV 2311.16206
cs.CV 2311.16213
cs.CV 2311.16337
cs.CV 2311.16353
cs.CV 2311.16420
cs.CV 2311.16424
cs.CV 2311.16447
cs.CV 2311.16485
cs.CV 2311.16490
cs.CV 2311.16502
cs.CV 2311.16517
cs.CV 2311.16581
cs.CV 2311.16593
cs.CV 2311.16623
cs.CV 2311.16707
cs.CV 2311.16759
cs.CV 2311.16821
cs.CV 2311.16833
cs.CV 2311.16894
cs.CV 2311.16941
cs.CV 2311.17053
cs.CV 2311.16106
cs.CV 2311.16109
cs.CV 2311.16114
cs.CV 2311.16117
cs.CV 2311.16120
cs.CV 2311.16121
cs.CV 2311.16122
cs.CV 2311.16125
cs.CV 2311.16127
cs.CV 2311.16133
cs.CV 2311.16138
cs.CV 2311.16140
cs.CV 2311.16145
cs.CV 2311.16157
cs.CV 2311.16161
cs.CV 2311.16179
cs.CV 2311.16194
cs.CV 2311.16201
cs.CV 2311.16241
cs.CV 2311.16254
cs.CV 2311.16261
cs.CV 2311.16278
cs.CV 2311.16294
cs.CV 2311.16304
cs.CV 2311.16311
cs.CV 2311.16312
cs.CV 2311.16344
cs.CV 2311.16346
cs.CV 2311.16432
cs.CV 2311.16444
cs.CV 2311.16445
cs.CV 2311.16446
cs.CV 2311.16450
cs.CV 2311.16456
cs.CV 2311.16462
cs.CV 2311.16464
cs.CV 2311.16465
cs.CV 2311.16468
cs.CV 2311.16471
cs.CV 2311.16473
cs.CV 2311.16474
cs.CV 2311.16475
cs.CV 2311.16476
cs.CV 2311.16477
cs.CV 2311.16478
cs.CV 2311.16479
cs.CV 2311.16480
cs.CV 2311.16481
cs.CV 2311.16482
cs.CV 2311.16483
cs.CV 2311.16484
cs.CV 2311.16488
cs.CV 2311.16491
cs.CV 2311.16492
cs.CV 2311.16493
cs.CV 2311.16494
cs.CV 2311.16495
cs.CV 2311.16497
cs.CV 2311.16498
cs.CV 2311.16499
cs.CV 2311.16500
cs.CV 2311.16501
cs.CV 2311.16503
cs.CV 2311.16504
cs.CV 2311.16507
cs.CV 2311.16508
cs.CV 2311.16510
cs.CV 2311.16511
cs.CV 2311.16512
cs.CV 2311.16513
cs.CV 2311.16514
cs.CV 2311.16515
cs.CV 2311.16516
cs.CV 2311.16518
cs.CV 2311.16524
cs.CV 2311.16542
cs.CV 2311.16544
cs.CV 2311.16552
cs.CV 2311.16555
cs.CV 2311.16565
cs.CV 2311.16567
cs.CV 2311.16577
cs.CV 2311.16580
cs.CV 2311.16589
cs.CV 2311.16613
cs.CV 2311.16618
cs.CV 2311.16635
cs.CV 2311.16637
cs.CV 2311.16652
cs.CV 2311.16657
cs.CV 2311.16664
cs.CV 2311.16668
cs.CV 2311.16671
cs.CV 2311.16673
cs.CV 2311.16681
cs.CV 2311.16682
cs.CV 2311.16700
cs.CV 2311.16703
cs.CV 2311.16711
cs.CV 2311.16714
cs.CV 2311.16728
cs.CV 2311.16737
cs.CV 2311.16738
cs.CV 2311.16739
cs.CV 2311.16754
cs.CV 2311.16766
cs.CV 2311.16773
cs.CV 2311.16782
cs.CV 2311.16813
cs.CV 2311.16818
cs.CV 2311.16828
cs.CV 2311.16829
cs.CV 2311.16835
cs.CV 2311.16839
cs.CV 2311.16843
cs.CV 2311.16845
cs.CV 2311.16854
cs.CV 2311.16882
cs.CV 2311.16900
cs.CV 2311.16914
cs.CV 2311.16917
cs.CV 2311.16918
cs.CV 2311.16922
cs.CV 2311.16923
cs.CV 2311.16926
cs.CV 2311.16933
cs.CV 2311.16937
cs.CV 2311.16943
cs.CV 2311.16945
cs.CV 2311.16961
cs.CV 2311.16973
cs.CV 2311.16974
cs.CV 2311.17002
cs.CV 2311.17005
cs.CV 2311.17009
cs.CV 2311.17024
cs.CV 2311.17026
cs.CV 2311.17034
cs.CV 2311.17041
cs.CV 2311.17042
cs.CV 2311.17043
cs.CV 2311.17048
cs.CV 2311.17049
cs.CV 2311.17050
cs.CV 2311.17055
cs.CV 2311.17056
cs.CV 2311.17057
cs.CV 2311.17058
cs.CV 2311.17060
cs.CV 2311.17061
cs.CV 2311.17094
cs.CV 2311.17251
cs.CV 2311.17280
cs.CV 2311.17299
cs.CV 2311.17340
cs.CV 2311.17352
cs.CV 2311.17515
cs.CV 2311.17516
cs.CV 2311.17525
cs.CV 2311.17593
cs.CV 2311.17677
cs.CV 2311.17693
cs.CV 2311.17791
cs.CV 2311.17842
cs.CV 2311.17917
cs.CV 2311.17072
cs.CV 2311.17074
cs.CV 2311.17076
cs.CV 2311.17080
cs.CV 2311.17081
cs.CV 2311.17082
cs.CV 2311.17083
cs.CV 2311.17084
cs.CV 2311.17085
cs.CV 2311.17086
cs.CV 2311.17087
cs.CV 2311.17088
cs.CV 2311.17089
cs.CV 2311.17091
cs.CV 2311.17092
cs.CV 2311.17093
cs.CV 2311.17095
cs.CV 2311.17096
cs.CV 2311.17098
cs.CV 2311.17099
cs.CV 2311.17101
cs.CV 2311.17105
cs.CV 2311.17109
cs.CV 2311.17112
cs.CV 2311.17113
cs.CV 2311.17116
cs.CV 2311.17117
cs.CV 2311.17118
cs.CV 2311.17119
cs.CV 2311.17121
cs.CV 2311.17122
cs.CV 2311.17123
cs.CV 2311.17126
cs.CV 2311.17128
cs.CV 2311.17129
cs.CV 2311.17132
cs.CV 2311.17135
cs.CV 2311.17136
cs.CV 2311.17137
cs.CV 2311.17138
cs.CV 2311.17177
cs.CV 2311.17179
cs.CV 2311.17216
cs.CV 2311.17218
cs.CV 2311.17232
cs.CV 2311.17241
cs.CV 2311.17243
cs.CV 2311.17245
cs.CV 2311.17256
cs.CV 2311.17261
cs.CV 2311.17267
cs.CV 2311.17286
cs.CV 2311.17315
cs.CV 2311.17320
cs.CV 2311.17325
cs.CV 2311.17331
cs.CV 2311.17332
cs.CV 2311.17334
cs.CV 2311.17335
cs.CV 2311.17338
cs.CV 2311.17339
cs.CV 2311.17350
cs.CV 2311.17354
cs.CV 2311.17361
cs.CV 2311.17365
cs.CV 2311.17366
cs.CV 2311.17368
cs.CV 2311.17389
cs.CV 2311.17396
cs.CV 2311.17404
cs.CV 2311.17408
cs.CV 2311.17409
cs.CV 2311.17425
cs.CV 2311.17428
cs.CV 2311.17434
cs.CV 2311.17435
cs.CV 2311.17449
cs.CV 2311.17450
cs.CV 2311.17456
cs.CV 2311.17460
cs.CV 2311.17461
cs.CV 2311.17465
cs.CV 2311.17466
cs.CV 2311.17475
cs.CV 2311.17486
cs.CV 2311.17491
cs.CV 2311.17493
cs.CV 2311.17504
cs.CV 2311.17510
cs.CV 2311.17518
cs.CV 2311.17524
cs.CV 2311.17528
cs.CV 2311.17532
cs.CV 2311.17536
cs.CV 2311.17546
cs.CV 2311.17552
cs.CV 2311.17571
cs.CV 2311.17583
cs.CV 2311.17590
cs.CV 2311.17597
cs.CV 2311.17600
cs.CV 2311.17607
cs.CV 2311.17608
cs.CV 2311.17609
cs.CV 2311.17618
cs.CV 2311.17626
cs.CV 2311.17629
cs.CV 2311.17634
cs.CV 2311.17643
cs.CV 2311.17647
cs.CV 2311.17655
cs.CV 2311.17656
cs.CV 2311.17657
cs.CV 2311.17663
cs.CV 2311.17695
cs.CV 2311.17707
cs.CV 2311.17717
cs.CV 2311.17737
cs.CV 2311.17744
cs.CV 2311.17752
cs.CV 2311.17754
cs.CV 2311.17770
cs.CV 2311.17776
cs.CV 2311.17804
cs.CV 2311.17810
cs.CV 2311.17812
cs.CV 2311.17833
cs.CV 2311.17834
cs.CV 2311.17846
cs.CV 2311.17851
cs.CV 2311.17857
cs.CV 2311.17874
cs.CV 2311.17876
cs.CV 2311.17878
cs.CV 2311.17891
cs.CV 2311.17893
cs.CV 2311.17898
cs.CV 2311.17901
cs.CV 2311.17902
cs.CV 2311.17907
cs.CV 2311.17910
cs.CV 2311.17911
cs.CV 2311.17918
cs.CV 2311.17919
cs.CV 2311.17921
cs.CV 2311.17922
cs.CV 2311.17956
cs.CV 2311.18002
cs.CV 2311.18012
cs.CV 2311.18103
cs.CV 2311.18130
cs.CV 2311.18173
cs.CV 2311.18208
cs.CV 2311.18214
cs.CV 2311.18243
cs.CV 2311.18245
cs.CV 2311.18260
cs.CV 2311.18281
cs.CV 2311.18287
cs.CV 2311.18307
cs.CV 2311.18481
cs.CV 2311.18495
cs.CV 2311.18508
cs.CV 2311.18553
cs.CV 2311.18559
cs.CV 2311.18578
cs.CV 2311.18612
cs.CV 2311.18788
cs.CV 2311.18823
cs.CV 2311.18827
cs.CV 2311.17937
cs.CV 2311.17938
cs.CV 2311.17940
cs.CV 2311.17942
cs.CV 2311.17944
cs.CV 2311.17945
cs.CV 2311.17946
cs.CV 2311.17948
cs.CV 2311.17949
cs.CV 2311.17950
cs.CV 2311.17952
cs.CV 2311.17953
cs.CV 2311.17954
cs.CV 2311.17955
cs.CV 2311.17957
cs.CV 2311.17960
cs.CV 2311.17963
cs.CV 2311.17967
cs.CV 2311.17971
cs.CV 2311.17975
cs.CV 2311.17977
cs.CV 2311.17978
cs.CV 2311.17982
cs.CV 2311.17983
cs.CV 2311.17984
cs.CV 2311.18021
cs.CV 2311.18064
cs.CV 2311.18068
cs.CV 2311.18071
cs.CV 2311.18077
cs.CV 2311.18082
cs.CV 2311.18083
cs.CV 2311.18102
cs.CV 2311.18107
cs.CV 2311.18113
cs.CV 2311.18149
cs.CV 2311.18158
cs.CV 2311.18159
cs.CV 2311.18166
cs.CV 2311.18168
cs.CV 2311.18169
cs.CV 2311.18193
cs.CV 2311.18198
cs.CV 2311.18199
cs.CV 2311.18216
cs.CV 2311.18231
cs.CV 2311.18237
cs.CV 2311.18241
cs.CV 2311.18254
cs.CV 2311.18257
cs.CV 2311.18259
cs.CV 2311.18265
cs.CV 2311.18266
cs.CV 2311.18270
cs.CV 2311.18273
cs.CV 2311.18286
cs.CV 2311.18288
cs.CV 2311.18291
cs.CV 2311.18296
cs.CV 2311.18297
cs.CV 2311.18299
cs.CV 2311.18303
cs.CV 2311.18311
cs.CV 2311.18328
cs.CV 2311.18331
cs.CV 2311.18332
cs.CV 2311.18344
cs.CV 2311.18358
cs.CV 2311.18361
cs.CV 2311.18363
cs.CV 2311.18373
cs.CV 2311.18387
cs.CV 2311.18398
cs.CV 2311.18402
cs.CV 2311.18403
cs.CV 2311.18405
cs.CV 2311.18420
cs.CV 2311.18433
cs.CV 2311.18435
cs.CV 2311.18445
cs.CV 2311.18448
cs.CV 2311.18482
cs.CV 2311.18491
cs.CV 2311.18494
cs.CV 2311.18496
cs.CV 2311.18512
cs.CV 2311.18518
cs.CV 2311.18531
cs.CV 2311.18537
cs.CV 2311.18540
cs.CV 2311.18561
cs.CV 2311.18564
cs.CV 2311.18572
cs.CV 2311.18576
cs.CV 2311.18592
cs.CV 2311.18605
cs.CV 2311.18608
cs.CV 2311.18610
cs.CV 2311.18614
cs.CV 2311.18618
cs.CV 2311.18628
cs.CV 2311.18630
cs.CV 2311.18635
cs.CV 2311.18645
cs.CV 2311.18649
cs.CV 2311.18651
cs.CV 2311.18654
cs.CV 2311.18661
cs.CV 2311.18664
cs.CV 2311.18665
cs.CV 2311.18666
cs.CV 2311.18675
cs.CV 2311.18681
cs.CV 2311.18695
cs.CV 2311.18710
cs.CV 2311.18729
cs.CV 2311.18758
cs.CV 2311.18763
cs.CV 2311.18765
cs.CV 2311.18773
cs.CV 2311.18775
cs.CV 2311.18799
cs.CV 2311.18801
cs.CV 2311.18803
cs.CV 2311.18809
cs.CV 2311.18810
cs.CV 2311.18814
cs.CV 2311.18815
cs.CV 2311.18822
cs.CV 2311.18825
cs.CV 2311.18828
cs.CV 2311.18829
cs.CV 2311.18830
cs.CV 2311.18832
cs.CV 2311.18834
cs.CV 2311.18835
cs.CV 2311.18836
cs.CV 2311.18837
cs.CV 2311.18838
cs.CV 2311.18839
cs.CV 2311.18840
cs.LG 2311.13060
cs.LG 2311.13608
cs.LG 2311.13613
cs.LG 2311.13647
cs.LG 2311.13657
cs.LG 2311.13688
cs.LG 2311.13707
cs.LG 2311.13713
cs.LG 2311.13722
cs.LG 2311.13743
cs.LG 2311.13749
cs.LG 2311.13750
cs.LG 2311.13763
cs.LG 2311.13765
cs.LG 2311.13789
cs.LG 2311.13800
cs.LG 2311.13806
cs.LG 2311.13810
cs.LG 2311.13827
cs.LG 2311.13833
cs.LG 2311.13912
cs.LG 2311.13917
cs.LG 2311.13925
cs.LG 2311.13958
cs.LG 2311.13964
cs.LG 2311.13987
cs.LG 2311.13988
cs.LG 2311.14024
cs.LG 2311.14029
cs.LG 2311.14063
cs.LG 2311.14078
cs.LG 2311.14086
cs.LG 2311.14094
cs.LG 2311.14114
cs.LG 2311.14125
cs.LG 2311.14126
cs.LG 2311.14148
cs.LG 2311.14153
cs.LG 2311.14160
cs.LG 2311.14168
cs.LG 2311.14169
cs.LG 2311.14177
cs.LG 2311.14197
cs.LG 2311.14212
cs.LG 2311.14220
cs.LG 2311.14227
cs.LG 2311.14271
cs.LG 2311.14272
cs.LG 2311.14301
cs.LG 2311.14305
cs.LG 2311.14324
cs.LG 2311.14359
cs.LG 2311.14371
cs.LG 2311.14388
cs.LG 2311.14421
cs.LG 2311.14427
cs.LG 2311.14450
cs.LG 2311.14455
cs.LG 2311.14485
cs.LG 2311.14517
cs.LG 2311.14549
cs.LG 2311.14577
cs.LG 2311.14609
cs.LG 2311.14654
cs.LG 2311.14670
cs.LG 2311.13623
cs.LG 2311.13624
cs.LG 2311.13628
cs.LG 2311.13648
cs.LG 2311.13664
cs.LG 2311.13665
cs.LG 2311.13687
cs.LG 2311.13693
cs.LG 2311.13695
cs.LG 2311.13718
cs.LG 2311.13745
cs.LG 2311.13766
cs.LG 2311.13774
cs.LG 2311.13816
cs.LG 2311.13817
cs.LG 2311.13821
cs.LG 2311.13843
cs.LG 2311.13845
cs.LG 2311.13864
cs.LG 2311.13870
cs.LG 2311.13877
cs.LG 2311.13883
cs.LG 2311.13885
cs.LG 2311.13887
cs.LG 2311.13949
cs.LG 2311.13950
cs.LG 2311.13953
cs.LG 2311.13959
cs.LG 2311.13978
cs.LG 2311.13983
cs.LG 2311.14014
cs.LG 2311.14028
cs.LG 2311.14033
cs.LG 2311.14037
cs.LG 2311.14056
cs.LG 2311.14077
cs.LG 2311.14079
cs.LG 2311.14090
cs.LG 2311.14101
cs.LG 2311.14108
cs.LG 2311.14110
cs.LG 2311.14115
cs.LG 2311.14120
cs.LG 2311.14127
cs.LG 2311.14131
cs.LG 2311.14136
cs.LG 2311.14137
cs.LG 2311.14139
cs.LG 2311.14156
cs.LG 2311.14182
cs.LG 2311.14195
cs.LG 2311.14214
cs.LG 2311.14222
cs.LG 2311.14237
cs.LG 2311.14255
cs.LG 2311.14304
cs.LG 2311.14332
cs.LG 2311.14333
cs.LG 2311.14335
cs.LG 2311.14361
cs.LG 2311.14387
cs.LG 2311.14390
cs.LG 2311.14395
cs.LG 2311.14402
cs.LG 2311.14404
cs.LG 2311.14407
cs.LG 2311.14410
cs.LG 2311.14412
cs.LG 2311.14464
cs.LG 2311.14468
cs.LG 2311.14469
cs.LG 2311.14495
cs.LG 2311.14533
cs.LG 2311.14534
cs.LG 2311.14581
cs.LG 2311.14601
cs.LG 2311.14632
cs.LG 2311.14645
cs.LG 2311.14646
cs.LG 2311.14649
cs.LG 2311.14652
cs.LG 2311.14653
cs.LG 2311.14658
cs.LG 2311.14675
cs.LG 2311.14677
cs.LG 2311.14681
cs.LG 2311.14685
cs.LG 2311.14688
cs.LG 2311.14698
cs.LG 2311.14707
cs.LG 2311.14709
cs.LG 2311.14710
cs.LG 2311.14722
cs.LG 2311.14725
cs.LG 2311.14727
cs.LG 2311.14729
cs.LG 2311.14730
cs.LG 2311.14731
cs.LG 2311.14733
cs.LG 2311.14735
cs.LG 2311.14736
cs.LG 2311.14737
cs.LG 2311.14743
cs.LG 2311.14744
cs.LG 2311.14759
cs.LG 2311.14767
cs.LG 2311.14770
cs.LG 2311.14772
cs.LG 2311.14773
cs.LG 2311.14823
cs.LG 2311.14824
cs.LG 2311.14828
cs.LG 2311.14856
cs.LG 2311.14874
cs.LG 2311.14908
cs.LG 2311.14910
cs.LG 2311.14939
cs.LG 2311.14964
cs.LG 2311.14971
cs.LG 2311.14983
cs.LG 2311.14990
cs.LG 2311.15054
cs.LG 2311.15080
cs.LG 2311.15088
cs.LG 2311.15090
cs.LG 2311.15100
cs.LG 2311.15113
cs.LG 2311.15137
cs.LG 2311.15142
cs.LG 2311.15168
cs.LG 2311.15200
cs.LG 2311.15207
cs.LG 2311.15213
cs.LG 2311.15216
cs.LG 2311.15218
cs.LG 2311.15221
cs.LG 2311.15231
cs.LG 2311.15243
cs.LG 2311.15249
cs.LG 2311.15262
cs.LG 2311.15264
cs.LG 2311.15276
cs.LG 2311.15298
cs.LG 2311.15301
cs.LG 2311.15310
cs.LG 2311.15327
cs.LG 2311.15339
cs.LG 2311.15366
cs.LG 2311.15369
cs.LG 2311.15384
cs.LG 2311.15386
cs.LG 2311.15435
cs.LG 2311.15451
cs.LG 2311.15460
cs.LG 2311.15475
cs.LG 2311.15497
cs.LG 2311.15513
cs.LG 2311.15516
cs.LG 2311.15536
cs.LG 2311.15547
cs.LG 2311.15548
cs.LG 2311.15549
cs.LG 2311.15551
cs.LG 2311.15565
cs.LG 2311.15566
cs.LG 2311.15582
cs.LG 2311.15584
cs.LG 2311.15587
cs.LG 2311.15598
cs.LG 2311.15599
cs.LG 2311.15610
cs.LG 2311.15623
cs.LG 2311.15648
cs.LG 2311.15649
cs.LG 2311.15654
cs.LG 2311.15658
cs.LG 2311.15685
cs.LG 2311.15696
cs.LG 2311.15703
cs.LG 2311.15719
cs.LG 2311.15728
cs.LG 2311.15781
cs.LG 2311.15847
cs.LG 2311.15858
cs.LG 2311.15865
cs.LG 2311.15875
cs.LG 2311.15876
cs.LG 2311.15906
cs.LG 2311.15936
cs.LG 2311.15961
cs.LG 2311.15964
cs.LG 2311.15966
cs.LG 2311.16001
cs.LG 2311.16004
cs.LG 2311.16030
cs.LG 2311.16035
cs.LG 2311.16038
cs.LG 2311.16079
cs.LG 2311.16080
cs.LG 2311.16082
cs.LG 2311.16091
cs.LG 2311.16098
cs.LG 2311.16101
cs.LG 2311.16102
cs.LG 2311.14754
cs.LG 2311.14756
cs.LG 2311.14766
cs.LG 2311.14782
cs.LG 2311.14859
cs.LG 2311.14864
cs.LG 2311.14885
cs.LG 2311.14886
cs.LG 2311.14904
cs.LG 2311.14931
cs.LG 2311.14934
cs.LG 2311.14948
cs.LG 2311.14955
cs.LG 2311.14975
cs.LG 2311.14994
cs.LG 2311.15000
cs.LG 2311.15036
cs.LG 2311.15041
cs.LG 2311.15047
cs.LG 2311.15051
cs.LG 2311.15053
cs.LG 2311.15056
cs.LG 2311.15089
cs.LG 2311.15097
cs.LG 2311.15098
cs.LG 2311.15112
cs.LG 2311.15131
cs.LG 2311.15134
cs.LG 2311.15156
cs.LG 2311.15161
cs.LG 2311.15165
cs.LG 2311.15194
cs.LG 2311.15210
cs.LG 2311.15214
cs.LG 2311.15222
cs.LG 2311.15238
cs.LG 2311.15268
cs.LG 2311.15283
cs.LG 2311.15287
cs.LG 2311.15297
cs.LG 2311.15303
cs.LG 2311.15317
cs.LG 2311.15331
cs.LG 2311.15332
cs.LG 2311.15335
cs.LG 2311.15341
cs.LG 2311.15365
cs.LG 2311.15373
cs.LG 2311.15382
cs.LG 2311.15390
cs.LG 2311.15395
cs.LG 2311.15399
cs.LG 2311.15404
cs.LG 2311.15414
cs.LG 2311.15419
cs.LG 2311.15448
cs.LG 2311.15480
cs.LG 2311.15487
cs.LG 2311.15500
cs.LG 2311.15502
cs.LG 2311.15530
cs.LG 2311.15545
cs.LG 2311.15570
cs.LG 2311.15578
cs.LG 2311.15583
cs.LG 2311.15603
cs.LG 2311.15609
cs.LG 2311.15617
cs.LG 2311.15647
cs.LG 2311.15673
cs.LG 2311.15682
cs.LG 2311.15691
cs.LG 2311.15722
cs.LG 2311.15756
cs.LG 2311.15772
cs.LG 2311.15782
cs.LG 2311.15792
cs.LG 2311.15807
cs.LG 2311.15816
cs.LG 2311.15831
cs.LG 2311.15838
cs.LG 2311.15854
cs.LG 2311.15887
cs.LG 2311.15890
cs.LG 2311.15924
cs.LG 2311.15925
cs.LG 2311.15940
cs.LG 2311.15945
cs.LG 2311.15947
cs.LG 2311.15951
cs.LG 2311.15960
cs.LG 2311.15979
cs.LG 2311.15983
cs.LG 2311.15990
cs.LG 2311.15995
cs.LG 2311.15996
cs.LG 2311.16003
cs.LG 2311.16008
cs.LG 2311.16021
cs.LG 2311.16026
cs.LG 2311.16054
cs.LG 2311.16065
cs.LG 2311.16086
cs.LG 2311.16093
cs.LG 2311.16109
cs.LG 2311.16112
cs.LG 2311.16114
cs.LG 2311.16118
cs.LG 2311.16122
cs.LG 2311.16125
cs.LG 2311.16126
cs.LG 2311.16132
cs.LG 2311.16135
cs.LG 2311.16139
cs.LG 2311.16140
cs.LG 2311.16141
cs.LG 2311.16143
cs.LG 2311.16145
cs.LG 2311.16148
cs.LG 2311.16151
cs.LG 2311.16155
cs.LG 2311.16157
cs.LG 2311.16160
cs.LG 2311.16167
cs.LG 2311.16171
cs.LG 2311.16172
cs.LG 2311.16173
cs.LG 2311.16181
cs.LG 2311.16197
cs.LG 2311.16200
cs.LG 2311.16201
cs.LG 2311.16207
cs.LG 2311.16208
cs.LG 2311.16213
cs.LG 2311.16214
cs.LG 2311.16286
cs.LG 2311.16297
cs.LG 2311.16312
cs.LG 2311.16333
cs.LG 2311.16346
cs.LG 2311.16380
cs.LG 2311.16416
cs.LG 2311.16432
cs.LG 2311.16490
cs.LG 2311.16503
cs.LG 2311.16507
cs.LG 2311.16509
cs.LG 2311.16514
cs.LG 2311.16520
cs.LG 2311.16524
cs.LG 2311.16528
cs.LG 2311.16589
cs.LG 2311.16593
cs.LG 2311.16595
cs.LG 2311.16602
cs.LG 2311.16604
cs.LG 2311.16609
cs.LG 2311.16614
cs.LG 2311.16621
cs.LG 2311.16628
cs.LG 2311.16632
cs.LG 2311.16683
cs.LG 2311.16700
cs.LG 2311.16711
cs.LG 2311.16727
cs.LG 2311.16766
cs.LG 2311.16769
cs.LG 2311.16771
cs.LG 2311.16829
cs.LG 2311.16849
cs.LG 2311.16876
cs.LG 2311.16882
cs.LG 2311.16909
cs.LG 2311.16943
cs.LG 2311.16956
cs.LG 2311.16964
cs.LG 2311.16973
cs.LG 2311.16977
cs.LG 2311.16984
cs.LG 2311.17026
cs.LG 2311.17049
cs.LG 2311.17053
cs.LG 2311.17055
cs.LG 2311.17059
cs.LG 2311.16104
cs.LG 2311.16158
cs.LG 2311.16168
cs.LG 2311.16176
cs.LG 2311.16180
cs.LG 2311.16185
cs.LG 2311.16187
cs.LG 2311.16191
cs.LG 2311.16192
cs.LG 2311.16195
cs.LG 2311.16198
cs.LG 2311.16199
cs.LG 2311.16203
cs.LG 2311.16206
cs.LG 2311.16277
cs.LG 2311.16298
cs.LG 2311.16302
cs.LG 2311.16328
cs.LG 2311.16339
cs.LG 2311.16353
cs.LG 2311.16357
cs.LG 2311.16361
cs.LG 2311.16374
cs.LG 2311.16378
cs.LG 2311.16381
cs.LG 2311.16420
cs.LG 2311.16424
cs.LG 2311.16442
cs.LG 2311.16459
cs.LG 2311.16485
cs.LG 2311.16487
cs.LG 2311.16496
cs.LG 2311.16519
cs.LG 2311.16522
cs.LG 2311.16526
cs.LG 2311.16535
cs.LG 2311.16536
cs.LG 2311.16538
cs.LG 2311.16540
cs.LG 2311.16556
cs.LG 2311.16584
cs.LG 2311.16605
cs.LG 2311.16616
cs.LG 2311.16620
cs.LG 2311.16625
cs.LG 2311.16630
cs.LG 2311.16646
cs.LG 2311.16654
cs.LG 2311.16656
cs.LG 2311.16666
cs.LG 2311.16670
cs.LG 2311.16706
cs.LG 2311.16741
cs.LG 2311.16822
cs.LG 2311.16833
cs.LG 2311.16834
cs.LG 2311.16856
cs.LG 2311.16860
cs.LG 2311.16863
cs.LG 2311.16872
cs.LG 2311.16877
cs.LG 2311.16883
cs.LG 2311.16894
cs.LG 2311.16941
cs.LG 2311.16996
cs.LG 2311.17006
cs.LG 2311.17007
cs.LG 2311.17008
cs.LG 2311.17030
cs.LG 2311.17035
cs.LG 2311.16410
cs.LG 2311.17065
cs.LG 2311.17068
cs.LG 2311.17072
cs.LG 2311.17076
cs.LG 2311.17093
cs.LG 2311.17103
cs.LG 2311.17121
cs.LG 2311.17129
cs.LG 2311.17137
cs.LG 2311.17138
cs.LG 2311.17141
cs.LG 2311.17143
cs.LG 2311.17154
cs.LG 2311.17162
cs.LG 2311.17165
cs.LG 2311.17179
cs.LG 2311.17218
cs.LG 2311.17233
cs.LG 2311.17301
cs.LG 2311.17323
cs.LG 2311.17353
cs.LG 2311.17400
cs.LG 2311.17410
cs.LG 2311.17434
cs.LG 2311.17451
cs.LG 2311.17466
cs.LG 2311.17518
cs.LG 2311.17552
cs.LG 2311.17607
cs.LG 2311.17608
cs.LG 2311.17609
cs.LG 2311.17631
cs.LG 2311.17633
cs.LG 2311.17646
cs.LG 2311.17673
cs.LG 2311.17693
cs.LG 2311.17695
cs.LG 2311.17717
cs.LG 2311.17722
cs.LG 2311.17740
cs.LG 2311.17778
cs.LG 2311.17801
cs.LG 2311.17833
cs.LG 2311.17840
cs.LG 2311.17842
cs.LG 2311.17885
cs.LG 2311.17894
cs.LG 2311.17898
cs.LG 2311.17901
cs.LG 2311.17073
cs.LG 2311.17094
cs.LG 2311.17097
cs.LG 2311.17104
cs.LG 2311.17107
cs.LG 2311.17110
cs.LG 2311.17124
cs.LG 2311.17133
cs.LG 2311.17134
cs.LG 2311.17173
cs.LG 2311.17190
cs.LG 2311.17204
cs.LG 2311.17225
cs.LG 2311.17250
cs.LG 2311.17259
cs.LG 2311.17277
cs.LG 2311.17279
cs.LG 2311.17287
cs.LG 2311.17299
cs.LG 2311.17303
cs.LG 2311.17326
cs.LG 2311.17327
cs.LG 2311.17352
cs.LG 2311.17373
cs.LG 2311.17401
cs.LG 2311.17431
cs.LG 2311.17446
cs.LG 2311.17508
cs.LG 2311.17539
cs.LG 2311.17560
cs.LG 2311.17565
cs.LG 2311.17582
cs.LG 2311.17586
cs.LG 2311.17593
cs.LG 2311.17598
cs.LG 2311.17601
cs.LG 2311.17750
cs.LG 2311.17781
cs.LG 2311.17795
cs.LG 2311.17797
cs.LG 2311.17853
cs.LG 2311.17855
cs.LG 2311.17856
cs.LG 2311.17869
cs.LG 2301.04431
cs.LG 2311.17924
cs.LG 2311.17932
cs.LG 2311.17941
cs.LG 2311.17961
cs.LG 2311.17964
cs.LG 2311.17965
cs.LG 2311.17967
cs.LG 2311.17968
cs.LG 2311.17969
cs.LG 2311.17970
cs.LG 2311.17972
cs.LG 2311.17978
cs.LG 2311.17983
cs.LG 2311.18007
cs.LG 2311.18021
cs.LG 2311.18027
cs.LG 2311.18028
cs.LG 2311.18044
cs.LG 2311.18063
cs.LG 2311.18076
cs.LG 2311.18083
cs.LG 2311.18094
cs.LG 2311.18102
cs.LG 2311.18128
cs.LG 2311.18144
cs.LG 2311.18168
cs.LG 2311.18174
cs.LG 2311.18188
cs.LG 2311.18224
cs.LG 2311.18232
cs.LG 2311.18237
cs.LG 2311.18243
cs.LG 2311.18244
cs.LG 2311.18252
cs.LG 2311.18257
cs.LG 2311.18260
cs.LG 2311.18261
cs.LG 2311.18274
cs.LG 2311.18306
cs.LG 2311.18313
cs.LG 2311.18316
cs.LG 2311.18348
cs.LG 2311.18364
cs.LG 2311.18376
cs.LG 2311.18377
cs.LG 2311.18387
cs.LG 2311.18398
cs.LG 2311.18426
cs.LG 2311.18431
cs.LG 2311.18491
cs.LG 2311.18506
cs.LG 2311.18512
cs.LG 2311.18520
cs.LG 2311.18525
cs.LG 2311.18531
cs.LG 2311.18540
cs.LG 2311.18558
cs.LG 2311.18574
cs.LG 2311.18588
cs.LG 2311.18608
cs.LG 2311.18639
cs.LG 2311.18663
cs.LG 2311.18672
cs.LG 2311.18694
cs.LG 2311.18695
cs.LG 2311.18710
cs.LG 2311.18725
cs.LG 2311.18727
cs.LG 2311.18732
cs.LG 2311.18736
cs.LG 2311.18741
cs.LG 2311.18743
cs.LG 2311.18744
cs.LG 2311.18763
cs.LG 2311.18765
cs.LG 2311.18775
cs.LG 2311.18803
cs.LG 2311.18824
cs.LG 2311.18827
cs.LG 2311.18837
cs.LG 2311.18838
cs.LG 2311.17929
cs.LG 2311.17943
cs.LG 2311.17951
cs.LG 2311.17956
cs.LG 2311.17958
cs.LG 2311.17959
cs.LG 2311.17973
cs.LG 2311.18022
cs.LG 2311.18025
cs.LG 2311.18029
cs.LG 2311.18035
cs.LG 2311.18048
cs.LG 2311.18061
cs.LG 2311.18062
cs.LG 2311.18072
cs.LG 2311.18078
cs.LG 2311.18098
cs.LG 2311.18129
cs.LG 2311.18130
cs.LG 2311.18177
cs.LG 2311.18190
cs.LG 2311.18194
cs.LG 2311.18206
cs.LG 2311.18207
cs.LG 2311.18208
cs.LG 2311.18246
cs.LG 2311.18307
cs.LG 2311.18341
cs.LG 2311.18356
cs.LG 2311.18393
cs.LG 2311.18434
cs.LG 2311.18437
cs.LG 2311.18451
cs.LG 2311.18460
cs.LG 2311.18495
cs.LG 2311.18498
cs.LG 2311.18521
cs.LG 2311.18526
cs.LG 2311.18547
cs.LG 2311.18553
cs.LG 2311.18557
cs.LG 2311.18559
cs.LG 2311.18575
cs.LG 2311.18578
cs.LG 2311.18587
cs.LG 2311.18598
cs.LG 2311.18684
cs.LG 2311.18703
cs.LG 2311.18718
cs.LG 2311.18735
cs.LG 2311.18746
cs.LG 2311.18749
cs.LG 2311.18751
cs.LG 2311.18769
cs.LG 2311.18780
cs.LG 2311.18787
cs.LG 2311.18806
cs.LG 2311.18807
cs.LG 2311.18817
cs.LG 2311.18823
cs.LG 2311.18826
cs.NI 2311.13603
cs.NI 2311.13654
cs.NI 2311.14136
cs.NI 2311.14469
cs.NI 2311.13728
cs.NI 2311.13859
cs.NI 2311.13861
cs.NI 2311.14078
cs.NI 2311.14329
cs.NI 2311.14371
cs.NI 2311.14519
cs.NI 2311.14532
cs.NI 2311.14613
cs.NI 2311.14621
cs.NI 2311.15237
cs.NI 2311.15842
cs.NI 2311.14982
cs.NI 2311.15099
cs.NI 2311.15858
cs.NI 2311.15894
cs.NI 2311.16540
cs.NI 2311.16741
cs.NI 2311.16108
cs.NI 2311.16110
cs.NI 2311.16116
cs.NI 2311.16146
cs.NI 2311.16147
cs.NI 2311.16263
cs.NI 2311.16409
cs.NI 2311.16545
cs.NI 2311.16772
cs.NI 2311.16825
cs.NI 2311.16851
cs.NI 2311.16876
cs.NI 2311.17097
cs.NI 2311.17471
cs.NI 2311.17621
cs.NI 2311.17624
cs.NI 2311.17860
cs.NI 2311.17282
cs.NI 2311.17347
cs.NI 2311.17451
cs.NI 2311.17474
cs.NI 2311.17482
cs.NI 2311.17630
cs.NI 2311.17769
cs.NI 2311.18098
cs.NI 2311.18558
cs.NI 2311.18732
cs.NI 2311.18791
cs.NI 2311.18820
cs.NI 2311.18824
cs.NI 2311.18070
cs.NI 2311.18430
cs.CR 2311.12850
cs.CR 2311.13619
cs.CR 2311.13624
cs.CR 2311.14005
cs.CR 2311.14030
cs.CR 2311.14056
cs.CR 2311.14136
cs.CR 2311.14137
cs.CR 2311.14450
cs.CR 2311.14455
cs.CR 2311.14632
cs.CR 2311.13692
cs.CR 2311.13713
cs.CR 2311.13731
cs.CR 2311.13739
cs.CR 2311.13744
cs.CR 2311.13800
cs.CR 2311.13841
cs.CR 2311.13957
cs.CR 2311.14246
cs.CR 2311.14308
cs.CR 2311.14327
cs.CR 2311.14342
cs.CR 2311.14496
cs.CR 2311.14499
cs.CR 2311.14501
cs.CR 2311.14514
cs.CR 2311.14594
cs.CR 2311.14685
cs.CR 2311.14772
cs.CR 2311.14842
cs.CR 2311.14876
cs.CR 2311.15039
cs.CR 2311.15339
cs.CR 2311.15373
cs.CR 2311.15551
cs.CR 2311.15617
cs.CR 2311.15691
cs.CR 2311.15792
cs.CR 2311.16008
cs.CR 2311.14783
cs.CR 2311.14790
cs.CR 2311.14845
cs.CR 2311.15024
cs.CR 2311.15290
cs.CR 2311.15310
cs.CR 2311.15360
cs.CR 2311.15363
cs.CR 2311.15366
cs.CR 2311.15432
cs.CR 2311.15460
cs.CR 2311.15633
cs.CR 2311.15670
cs.CR 2311.15832
cs.CR 2311.15839
cs.CR 2311.15842
cs.CR 2311.15868
cs.CR 2311.15888
cs.CR 2311.15917
cs.CR 2311.15999
cs.CR 2311.16018
cs.CR 2311.16062
cs.CR 2311.14676
cs.CR 2311.16104
cs.CR 2311.16293
cs.CR 2311.16460
cs.CR 2311.16538
cs.CR 2311.16646
cs.CR 2311.16663
cs.CR 2311.17012
cs.CR 2311.17026
cs.CR 2311.17035
cs.CR 2311.16105
cs.CR 2311.16107
cs.CR 2311.16113
cs.CR 2311.16115
cs.CR 2311.16118
cs.CR 2311.16119
cs.CR 2311.16124
cs.CR 2311.16131
cs.CR 2311.16136
cs.CR 2311.16139
cs.CR 2311.16143
cs.CR 2311.16153
cs.CR 2311.16154
cs.CR 2311.16169
cs.CR 2311.16276
cs.CR 2311.16303
cs.CR 2311.16383
cs.CR 2311.16388
cs.CR 2311.16532
cs.CR 2311.16575
cs.CR 2311.16684
cs.CR 2311.16744
cs.CR 2311.16844
cs.CR 2311.16940
cs.CR 2311.16944
cs.CR 2311.17022
cs.CR 2311.10990
cs.CR 2311.17097
cs.CR 2311.17332
cs.CR 2311.17339
cs.CR 2311.17400
cs.CR 2311.17434
cs.CR 2311.17453
cs.CR 2311.17589
cs.CR 2311.17631
cs.CR 2311.17750
cs.CR 2311.17203
cs.CR 2311.17392
cs.CR 2311.17394
cs.CR 2311.17447
cs.CR 2311.17454
cs.CR 2311.17498
cs.CR 2311.17516
cs.CR 2311.17578
cs.CR 2311.17603
cs.CR 2311.17668
cs.CR 2311.17789
cs.CR 2311.18171
cs.CR 2311.18243
cs.CR 2311.18244
cs.CR 2311.18471
cs.CR 2311.18498
cs.CR 2311.18566
cs.CR 2311.18580
cs.CR 2311.18717
cs.CR 2311.18085
cs.CR 2311.18118
cs.CR 2311.18318
cs.CR 2311.18436
cs.CR 2311.18525
cs.CR 2311.18539
cs.CR 2311.18545
cs.CR 2311.18674
stat.TH 2311.13694
stat.TH 2311.13745
stat.TH 2311.14204
stat.TH 2311.14263
stat.TH 2311.14766
stat.TH 2311.14892
stat.TH 2311.15210
stat.TH 2311.15221
stat.TH 2311.15437
stat.TH 2311.15610
stat.TH 2311.15878
stat.TH 2311.15931
stat.TH 2311.15961
stat.TH 2311.15982
stat.TH 2311.14894
stat.TH 2311.15025
stat.TH 2311.15128
stat.TH 2311.15355
stat.TH 2311.15528
stat.TH 2311.15598
stat.TH 2311.15701
stat.TH 2311.15845
stat.TH 2311.16884
stat.TH 2311.16486
stat.TH 2311.16598
stat.TH 2311.16693
stat.TH 2311.16852
stat.TH 2311.17111
stat.TH 2311.17445
stat.TH 2311.17476
stat.TH 2311.17885
stat.TH 2311.17407
stat.TH 2311.17542
stat.TH 2311.17568
stat.TH 2311.17623
stat.TH 2311.17753
stat.TH 2311.17831
stat.TH 2311.17962
stat.TH 2311.18092
stat.TH 2311.18097
stat.TH 2311.18112
stat.TH 2311.18294
stat.TH 2311.18501
stat.TH 2311.18506
stat.TH 2311.18176
stat.TH 2311.18277
stat.TH 2311.18322
stat.TH 2311.18613
stat.TH 2311.18669
cs.RO 2311.13750
cs.RO 2311.13793
cs.RO 2311.13950
cs.RO 2311.13976
cs.RO 2311.14459
cs.RO 2311.14635
cs.RO 2311.13714
cs.RO 2311.13732
cs.RO 2311.13809
cs.RO 2311.13814
cs.RO 2311.13824
cs.RO 2311.13866
cs.RO 2311.13973
cs.RO 2311.13986
cs.RO 2311.13988
cs.RO 2311.14100
cs.RO 2311.14118
cs.RO 2311.14145
cs.RO 2311.14153
cs.RO 2311.14276
cs.RO 2311.14328
cs.RO 2311.14379
cs.RO 2311.14411
cs.RO 2311.14431
cs.RO 2311.14454
cs.RO 2311.14566
cs.RO 2311.14615
cs.RO 2311.14741
cs.RO 2311.14786
cs.RO 2311.14916
cs.RO 2311.15241
cs.RO 2311.15302
cs.RO 2311.15343
cs.RO 2311.15505
cs.RO 2311.15648
cs.RO 2311.15803
cs.RO 2311.15951
cs.RO 2311.15960
cs.RO 2311.15962
cs.RO 2311.16102
cs.RO 2311.14848
cs.RO 2311.14878
cs.RO 2311.14887
cs.RO 2311.14970
cs.RO 2311.14974
cs.RO 2311.14988
cs.RO 2311.15005
cs.RO 2311.15017
cs.RO 2311.15030
cs.RO 2311.15033
cs.RO 2311.15327
cs.RO 2311.15330
cs.RO 2311.15361
cs.RO 2311.15400
cs.RO 2311.15643
cs.RO 2311.15649
cs.RO 2311.15674
cs.RO 2311.15736
cs.RO 2311.15780
cs.RO 2311.15852
cs.RO 2311.16051
cs.RO 2311.16091
cs.RO 2311.16098
cs.RO 2311.16106
cs.RO 2311.16552
cs.RO 2311.16589
cs.RO 2311.16624
cs.RO 2311.16900
cs.RO 2311.16917
cs.RO 2311.16137
cs.RO 2311.16142
cs.RO 2311.16152
cs.RO 2311.16314
cs.RO 2311.16380
cs.RO 2311.16520
cs.RO 2311.16592
cs.RO 2311.16623
cs.RO 2311.16680
cs.RO 2311.16759
cs.RO 2311.16809
cs.RO 2311.16838
cs.RO 2311.16841
cs.RO 2311.16916
cs.RO 2311.16948
cs.RO 2311.17053
cs.RO 2311.17059
cs.RO 2311.17201
cs.RO 2311.17587
cs.RO 2311.17593
cs.RO 2311.17749
cs.RO 2311.17770
cs.RO 2311.17197
cs.RO 2311.17244
cs.RO 2311.17297
cs.RO 2311.17405
cs.RO 2311.17406
cs.RO 2311.17681
cs.RO 2311.17693
cs.RO 2311.17697
cs.RO 2311.17837
cs.RO 2311.17842
cs.RO 2311.17861
cs.RO 2311.17863
cs.RO 2311.18076
cs.RO 2311.18307
cs.RO 2311.18393
cs.RO 2311.18394
cs.RO 2311.18553
cs.RO 2311.18809
cs.RO 2311.18009
cs.RO 2311.18044
cs.RO 2311.18055
cs.RO 2311.18056
cs.RO 2311.18075
cs.RO 2311.18126
cs.RO 2311.18154
cs.RO 2311.18182
cs.RO 2311.18189
cs.RO 2311.18212
cs.RO 2311.18285
cs.RO 2311.18300
cs.RO 2311.18329
cs.RO 2311.18355
cs.RO 2311.18406
cs.RO 2311.18473
cs.RO 2311.18492
cs.RO 2311.18533
cs.RO 2311.18636
cs.RO 2311.18685
cs.CL 2311.13628
cs.CL 2311.13806
cs.CL 2311.13833
cs.CL 2311.13957
cs.CL 2311.13987
cs.CL 2311.14063
cs.CL 2311.14115
cs.CL 2311.14199
cs.CL 2311.14212
cs.CL 2311.14324
cs.CL 2311.14455
cs.CL 2311.14483
cs.CL 2311.14495
cs.CL 2311.14517
cs.CL 2311.14652
cs.CL 2311.13647
cs.CL 2311.13657
cs.CL 2311.13668
cs.CL 2311.13708
cs.CL 2311.13729
cs.CL 2311.13735
cs.CL 2311.13755
cs.CL 2311.13784
cs.CL 2311.13848
cs.CL 2311.13857
cs.CL 2311.13878
cs.CL 2311.13892
cs.CL 2311.13910
cs.CL 2311.13921
cs.CL 2311.13937
cs.CL 2311.13951
cs.CL 2311.13982
cs.CL 2311.14067
cs.CL 2311.14076
cs.CL 2311.14087
cs.CL 2311.14096
cs.CL 2311.14126
cs.CL 2311.14169
cs.CL 2311.14353
cs.CL 2311.14391
cs.CL 2311.14465
cs.CL 2311.14479
cs.CL 2311.14505
cs.CL 2311.14530
cs.CL 2311.14539
cs.CL 2311.14543
cs.CL 2311.14583
cs.CL 2311.14648
cs.CL 2311.14677
cs.CL 2311.14685
cs.CL 2311.14703
cs.CL 2311.14708
cs.CL 2311.14835
cs.CL 2311.14836
cs.CL 2311.15055
cs.CL 2311.15131
cs.CL 2311.15180
cs.CL 2311.15198
cs.CL 2311.15480
cs.CL 2311.15500
cs.CL 2311.15566
cs.CL 2311.15596
cs.CL 2311.15642
cs.CL 2311.15648
cs.CL 2311.15781
cs.CL 2311.15896
cs.CL 2311.15964
cs.CL 2311.15983
cs.CL 2311.16101
cs.CL 2311.14674
cs.CL 2311.14693
cs.CL 2311.14699
cs.CL 2311.14722
cs.CL 2311.14727
cs.CL 2311.14729
cs.CL 2311.14730
cs.CL 2311.14736
cs.CL 2311.14737
cs.CL 2311.14740
cs.CL 2311.14741
cs.CL 2311.14743
cs.CL 2311.14788
cs.CL 2311.14808
cs.CL 2311.14838
cs.CL 2311.14865
cs.CL 2311.14871
cs.CL 2311.14901
cs.CL 2311.14919
cs.CL 2311.14949
cs.CL 2311.14966
cs.CL 2311.15016
cs.CL 2311.15023
cs.CL 2311.15029
cs.CL 2311.15032
cs.CL 2311.15054
cs.CL 2311.15077
cs.CL 2311.15106
cs.CL 2311.15110
cs.CL 2311.15208
cs.CL 2311.15211
cs.CL 2311.15218
cs.CL 2311.15296
cs.CL 2311.15316
cs.CL 2311.15402
cs.CL 2311.15425
cs.CL 2311.15436
cs.CL 2311.15451
cs.CL 2311.15490
cs.CL 2311.15507
cs.CL 2311.15509
cs.CL 2311.15513
cs.CL 2311.15525
cs.CL 2311.15544
cs.CL 2311.15548
cs.CL 2311.15563
cs.CL 2311.15564
cs.CL 2311.15565
cs.CL 2311.15614
cs.CL 2311.15623
cs.CL 2311.15626
cs.CL 2311.15653
cs.CL 2311.15698
cs.CL 2311.15716
cs.CL 2311.15723
cs.CL 2311.15759
cs.CL 2311.15766
cs.CL 2311.15786
cs.CL 2311.15930
cs.CL 2311.15941
cs.CL 2311.15946
cs.CL 2311.15954
cs.CL 2311.16075
cs.CL 2311.16079
cs.CL 2311.16083
cs.CL 2311.16087
cs.CL 2311.16119
cs.CL 2311.16162
cs.CL 2311.16173
cs.CL 2311.16185
cs.CL 2311.16201
cs.CL 2311.16203
cs.CL 2311.16254
cs.CL 2311.16292
cs.CL 2311.16298
cs.CL 2311.16302
cs.CL 2311.16444
cs.CL 2311.16466
cs.CL 2311.16480
cs.CL 2311.16483
cs.CL 2311.16522
cs.CL 2311.16620
cs.CL 2311.16733
cs.CL 2311.16822
cs.CL 2311.16839
cs.CL 2311.16842
cs.CL 2311.16882
cs.CL 2311.16922
cs.CL 2311.16941
cs.CL 2311.17030
cs.CL 2311.17035
cs.CL 2311.17041
cs.CL 2311.17043
cs.CL 2311.17049
cs.CL 2311.16258
cs.CL 2311.16267
cs.CL 2311.16338
cs.CL 2311.16362
cs.CL 2311.16421
cs.CL 2311.16452
cs.CL 2311.16502
cs.CL 2311.16509
cs.CL 2311.16579
cs.CL 2311.16588
cs.CL 2311.16639
cs.CL 2311.16650
cs.CL 2311.16675
cs.CL 2311.16678
cs.CL 2311.16764
cs.CL 2311.16787
cs.CL 2311.16789
cs.CL 2311.16832
cs.CL 2311.16840
cs.CL 2311.16865
cs.CL 2311.16867
cs.CL 2311.16965
cs.CL 2311.16978
cs.CL 2311.16989
cs.CL 2311.17065
cs.CL 2311.17076
cs.CL 2311.17086
cs.CL 2311.17107
cs.CL 2311.17126
cs.CL 2311.17136
cs.CL 2311.17227
cs.CL 2311.17351
cs.CL 2311.17352
cs.CL 2311.17404
cs.CL 2311.17593
cs.CL 2311.17647
cs.CL 2311.17786
cs.CL 2311.17842
cs.CL 2311.17898
cs.CL 2311.17154
cs.CL 2311.17213
cs.CL 2311.17233
cs.CL 2311.17264
cs.CL 2311.17280
cs.CL 2311.17295
cs.CL 2311.17301
cs.CL 2311.17307
cs.CL 2311.17311
cs.CL 2311.17330
cs.CL 2311.17355
cs.CL 2311.17371
cs.CL 2311.17376
cs.CL 2311.17391
cs.CL 2311.17400
cs.CL 2311.17429
cs.CL 2311.17438
cs.CL 2311.17487
cs.CL 2311.17492
cs.CL 2311.17502
cs.CL 2311.17514
cs.CL 2311.17633
cs.CL 2311.17667
cs.CL 2311.17676
cs.CL 2311.17686
cs.CL 2311.17696
cs.CL 2311.17722
cs.CL 2311.17741
cs.CL 2311.17743
cs.CL 2311.17771
cs.CL 2311.17813
cs.CL 2311.17892
cs.CL 2311.17946
cs.CL 2311.17972
cs.CL 2311.18194
cs.CL 2311.18248
cs.CL 2311.18260
cs.CL 2311.18681
cs.CL 2311.18727
cs.CL 2311.18751
cs.CL 2311.18765
cs.CL 2311.18775
cs.CL 2311.18799
cs.CL 2311.18803
cs.CL 2311.18028
cs.CL 2311.18034
cs.CL 2311.18041
cs.CL 2311.18054
cs.CL 2311.18063
cs.CL 2311.18140
cs.CL 2311.18147
cs.CL 2311.18151
cs.CL 2311.18195
cs.CL 2311.18200
cs.CL 2311.18215
cs.CL 2311.18232
cs.CL 2311.18353
cs.CL 2311.18364
cs.CL 2311.18397
cs.CL 2311.18466
cs.CL 2311.18481
cs.CL 2311.18567
cs.CL 2311.18580
cs.CL 2311.18609
cs.CL 2311.18658
cs.CL 2311.18702
cs.CL 2311.18711
cs.CL 2311.18712
cs.CL 2311.18730
cs.CL 2311.18739
cs.CL 2311.18743
cs.CL 2311.18760
cs.CL 2311.18761
cs.CL 2311.18778
cs.CL 2311.18805
cs.CL 2311.18812
eess.AS 2311.13687
eess.AS 2311.14213
eess.AS 2311.14239
eess.AS 2311.14275
eess.AS 2311.14490
eess.AS 2311.14517
eess.AS 2311.13678
eess.AS 2311.13987
eess.AS 2311.14068
eess.AS 2311.14483
eess.AS 2311.14835
eess.AS 2311.14836
eess.AS 2311.14957
eess.AS 2311.15080
eess.AS 2311.15582
eess.AS 2311.15627
eess.AS 2311.15830
eess.AS 2311.15954
eess.AS 2311.15959
eess.AS 2311.14816
eess.AS 2311.15597
eess.AS 2311.15683
eess.AS 2311.15804
eess.AS 2311.16509
eess.AS 2311.16565
eess.AS 2311.16595
eess.AS 2311.16847
eess.AS 2311.16604
eess.AS 2311.16702
eess.AS 2311.16927
eess.AS 2311.17655
eess.AS 2311.17741
eess.AS 2311.17790
eess.AS 2311.17065
eess.AS 2311.17382
eess.AS 2311.18168
eess.AS 2311.18505
eess.AS 2311.18604
eess.AS 2311.18775
eess.AS 2311.17923
eess.AS 2311.18188
eess.AS 2311.18399
eess.AS 2311.18689
eess.AS 2311.18774
cs.SY 1805.03682
cs.SY 2311.13714
cs.SY 2311.13814
cs.SY 2311.13824
cs.SY 2311.13906
cs.SY 2311.13949
cs.SY 2311.13988
cs.SY 2311.14039
cs.SY 2311.14200
cs.SY 2311.14563
cs.SY 2311.13785
cs.SY 2311.13832
cs.SY 2311.13868
cs.SY 2311.13889
cs.SY 2311.13927
cs.SY 2311.13939
cs.SY 2311.13967
cs.SY 2311.13994
cs.SY 2311.14098
cs.SY 2311.14421
cs.SY 2311.14422
cs.SY 2311.14467
cs.SY 2311.14509
cs.SY 2311.14523
cs.SY 2311.14553
cs.SY 2311.14573
cs.SY 2311.14705
cs.SY 2311.14878
cs.SY 2311.14917
cs.SY 2311.14944
cs.SY 2311.15109
cs.SY 2311.15175
cs.SY 2311.15215
cs.SY 2311.15517
cs.SY 2311.15538
cs.SY 2311.15780
cs.SY 2311.15807
cs.SY 2311.15852
cs.SY 2311.14763
cs.SY 2311.14767
cs.SY 2311.14861
cs.SY 2311.14874
cs.SY 2311.14895
cs.SY 2311.14916
cs.SY 2311.14924
cs.SY 2311.14969
cs.SY 2311.14979
cs.SY 2311.15095
cs.SY 2311.15117
cs.SY 2311.15118
cs.SY 2311.15168
cs.SY 2311.15216
cs.SY 2311.15284
cs.SY 2311.15343
cs.SY 2311.15351
cs.SY 2311.15420
cs.SY 2311.15474
cs.SY 2311.15514
cs.SY 2311.15516
cs.SY 2311.15531
cs.SY 2311.15594
cs.SY 2311.15785
cs.SY 2311.15843
cs.SY 2311.15875
cs.SY 2311.16108
cs.SY 2311.16110
cs.SY 2311.16116
cs.SY 2311.16142
cs.SY 2311.16374
cs.SY 2311.16427
cs.SY 2311.16531
cs.SY 2311.16769
cs.SY 2311.16900
cs.SY 2311.16975
cs.SY 2311.16174
cs.SY 2311.16272
cs.SY 2311.16282
cs.SY 2311.16300
cs.SY 2311.16419
cs.SY 2311.16523
cs.SY 2311.16533
cs.SY 2311.16572
cs.SY 2311.16661
cs.SY 2311.16804
cs.SY 2311.16810
cs.SY 2311.16895
cs.SY 2311.16942
cs.SY 2311.17073
cs.SY 2311.17596
cs.SY 2311.17727
cs.SY 2311.17855
cs.SY 2311.17201
cs.SY 2311.17324
cs.SY 2311.17358
cs.SY 2311.17484
cs.SY 2311.17587
cs.SY 2311.17592
cs.SY 2311.17631
cs.SY 2311.17665
cs.SY 2311.17729
cs.SY 2311.17783
cs.SY 2311.17836
cs.SY 2311.17871
cs.SY 2311.17909
cs.SY 2311.17929
cs.SY 2311.17973
cs.SY 2311.18048
cs.SY 2311.18437
cs.SY 2311.18506
cs.SY 2311.18539
cs.SY 2311.18547
cs.SY 2311.18703
cs.SY 2311.18769
cs.SY 2311.18774
cs.SY 2311.18792
cs.SY 2311.17926
cs.SY 2311.17927
cs.SY 2311.17935
cs.SY 2311.17936
cs.SY 2311.17941
cs.SY 2311.17947
cs.SY 2311.17981
cs.SY 2311.18020
cs.SY 2311.18074
cs.SY 2311.18096
cs.SY 2311.18128
cs.SY 2311.18261
cs.SY 2311.18327
cs.SY 2311.18388
cs.SY 2311.18643
cs.SY 2311.18646
cs.SY 2311.18736
cs.SY 2311.18741
math.DS 2311.13854
math.DS 2311.13896
math.DS 2311.14224
math.DS 2311.14364
math.DS 2311.14480
math.DS 2311.14495
math.DS 2311.13605
math.DS 2311.13823
math.DS 2311.14198
math.DS 2311.14248
math.DS 2311.14433
math.DS 2311.14550
math.DS 2311.14682
math.DS 2311.14717
math.DS 2311.14969
math.DS 2311.15084
math.DS 2311.15169
math.DS 2311.15228
math.DS 2311.15283
math.DS 2311.15397
math.DS 2311.15489
math.DS 2311.15524
math.DS 2311.15559
math.DS 2311.15641
math.DS 2311.15680
math.DS 2311.15833
math.DS 2311.15913
math.DS 2311.15915
math.DS 2311.14910
math.DS 2311.15119
math.DS 2311.15234
math.DS 2311.15235
math.DS 2311.15329
math.DS 2311.15630
math.DS 2311.15746
math.DS 2311.15889
math.DS 2311.16049
math.DS 2311.16078
math.DS 2311.16369
math.DS 2311.16582
math.DS 2311.16686
math.DS 2311.16697
math.DS 2311.16775
math.DS 2311.16928
math.DS 2311.16350
math.DS 2311.16735
math.DS 2311.16986
math.DS 2311.17108
math.DS 2311.17383
math.DS 2311.17759
math.DS 2311.17186
math.DS 2311.17236
math.DS 2311.17497
math.DS 2311.17503
math.DS 2311.17531
math.DS 2311.17537
math.DS 2311.17566
math.DS 2311.17580
math.DS 2311.17625
math.DS 2311.17865
math.DS 2311.17881
math.DS 2311.18381
math.DS 2311.18384
math.DS 2311.18388
math.DS 2311.18462
math.DS 2311.18795
math.DS 2311.18155
math.DS 2311.18184
math.DS 2311.18313
math.DS 2311.18369
math.DS 2311.18454
math.DS 2311.18597
math.DS 2311.18633
math.DS 2311.18755
math.PR 2311.13872
math.PR 2311.14201
math.PR 2311.14219
math.PR 2311.14560
math.PR 2311.14567
math.PR 2311.14596
math.PR 2311.13757
math.PR 2311.14149
math.PR 2311.14176
math.PR 2311.14243
math.PR 2311.14352
math.PR 2311.14520
math.PR 2311.14644
math.PR 2311.14660
math.PR 2311.14664
math.PR 2311.14769
math.PR 2311.14894
math.PR 2311.15285
math.PR 2311.15286
math.PR 2311.15333
math.PR 2311.15355
math.PR 2311.15365
math.PR 2311.15788
math.PR 2311.15808
math.PR 2311.15874
math.PR 2311.15931
math.PR 2311.14973
math.PR 2311.15151
math.PR 2311.15176
math.PR 2311.15184
math.PR 2311.15263
math.PR 2311.15352
math.PR 2311.15446
math.PR 2311.15495
math.PR 2311.15680
math.PR 2311.16064
math.PR 2311.16084
math.PR 2311.16088
math.PR 2311.16095
math.PR 2311.16285
math.PR 2311.16358
math.PR 2311.16379
math.PR 2311.16398
math.PR 2311.16631
math.PR 2311.16706
math.PR 2311.16852
math.PR 2311.17011
math.PR 2311.17040
math.PR 2311.16407
math.PR 2311.16546
math.PR 2311.16884
math.PR 2311.17052
math.PR 2311.17120
math.PR 2311.17226
math.PR 2311.17346
math.PR 2311.17432
math.PR 2311.17625
math.PR 2311.17689
math.PR 2311.17733
math.PR 2311.17886
math.PR 2311.17897
math.PR 2311.17289
math.PR 2311.17606
math.PR 2311.17658
math.PR 2311.17687
math.PR 2311.17716
math.PR 2311.17884
math.PR 2311.18058
math.PR 2311.18106
math.PR 2311.18283
math.PR 2311.18513
math.PR 2311.18663
math.PR 2311.18767
math.PR 2311.17979
math.PR 2311.18092
math.PR 2311.18097
math.PR 2311.18112
math.PR 2311.18163
math.PR 2311.18263
math.PR 2311.18391
math.PR 2311.18734
eess.IV 2311.13603
eess.IV 2311.13610
eess.IV 2311.13622
eess.IV 2311.13629
eess.IV 2311.13682
eess.IV 2311.13722
eess.IV 2311.13847
eess.IV 2311.13880
eess.IV 2311.13978
eess.IV 2311.14208
eess.IV 2311.13616
eess.IV 2311.13626
eess.IV 2311.13688
eess.IV 2311.13706
eess.IV 2311.13710
eess.IV 2311.13719
eess.IV 2311.13779
eess.IV 2311.13912
eess.IV 2311.13925
eess.IV 2311.13956
eess.IV 2311.13963
eess.IV 2311.13964
eess.IV 2311.14049
eess.IV 2311.14086
eess.IV 2311.14148
eess.IV 2311.14197
eess.IV 2311.14227
eess.IV 2311.14280
eess.IV 2311.14414
eess.IV 2311.14448
eess.IV 2311.14462
eess.IV 2311.14473
eess.IV 2311.14482
eess.IV 2311.14488
eess.IV 2311.14639
eess.IV 2311.14680
eess.IV 2311.14925
eess.IV 2311.15153
eess.IV 2311.15164
eess.IV 2311.15231
eess.IV 2311.15339
eess.IV 2311.15415
eess.IV 2311.15445
eess.IV 2311.15453
eess.IV 2311.15551
eess.IV 2311.15556
eess.IV 2311.15735
eess.IV 2311.15780
eess.IV 2311.15846
eess.IV 2311.15966
eess.IV 2311.16047
eess.IV 2311.14777
eess.IV 2311.14780
eess.IV 2311.14875
eess.IV 2311.14918
eess.IV 2311.14935
eess.IV 2311.14990
eess.IV 2311.15082
eess.IV 2311.15090
eess.IV 2311.15167
eess.IV 2311.15213
eess.IV 2311.15301
eess.IV 2311.15309
eess.IV 2311.15328
eess.IV 2311.15369
eess.IV 2311.15386
eess.IV 2311.15437
eess.IV 2311.15459
eess.IV 2311.15584
eess.IV 2311.15586
eess.IV 2311.15607
eess.IV 2311.15847
eess.IV 2311.15856
eess.IV 2311.16001
eess.IV 2311.16028
eess.IV 2311.16149
eess.IV 2311.16157
eess.IV 2311.16159
eess.IV 2311.16353
eess.IV 2311.16456
eess.IV 2311.16536
eess.IV 2311.16652
eess.IV 2311.16163
eess.IV 2311.16197
eess.IV 2311.16200
eess.IV 2311.16213
eess.IV 2311.16372
eess.IV 2311.16447
eess.IV 2311.16490
eess.IV 2311.16517
eess.IV 2311.16593
eess.IV 2311.16707
eess.IV 2311.16821
eess.IV 2311.17090
eess.IV 2311.17213
eess.IV 2311.17243
eess.IV 2311.17256
eess.IV 2311.17396
eess.IV 2311.17475
eess.IV 2311.17251
eess.IV 2311.17340
eess.IV 2311.17515
eess.IV 2311.17525
eess.IV 2311.17677
eess.IV 2311.17740
eess.IV 2311.17791
eess.IV 2311.18186
eess.IV 2311.18216
eess.IV 2311.18073
eess.IV 2311.18103
eess.IV 2311.18173
eess.IV 2311.18245
eess.IV 2311.18260
eess.IV 2311.18281
eess.IV 2311.18287
eess.IV 2311.18386
eess.IV 2311.18508
eess.IV 2311.18612
eess.IV 2311.18788
math.OC 2311.13695
math.OC 2311.13714
math.OC 2311.13738
math.OC 2311.13877
math.OC 2311.14127
math.OC 2311.14222
math.OC 2311.14318
math.OC 2311.14387
math.OC 2311.14565
math.OC 2311.14657
math.OC 2311.14658
math.OC 2311.13672
math.OC 2311.13765
math.OC 2311.13794
math.OC 2311.13838
math.OC 2311.13872
math.OC 2311.14043
math.OC 2311.14121
math.OC 2311.14168
math.OC 2311.14202
math.OC 2311.14217
math.OC 2311.14292
math.OC 2311.14538
math.OC 2311.14627
math.OC 2311.15015
math.OC 2311.15051
math.OC 2311.15214
math.OC 2311.15221
math.OC 2311.15238
math.OC 2311.15284
math.OC 2311.15297
math.OC 2311.15299
math.OC 2311.15487
math.OC 2311.15587
math.OC 2311.15818
math.OC 2311.15845
math.OC 2311.15874
math.OC 2311.15995
math.OC 2311.16030
math.OC 2311.16086
math.OC 2311.14755
math.OC 2311.14834
math.OC 2311.14840
math.OC 2311.14857
math.OC 2311.14882
math.OC 2311.14944
math.OC 2311.14976
math.OC 2311.14992
math.OC 2311.15048
math.OC 2311.15093
math.OC 2311.15109
math.OC 2311.15115
math.OC 2311.15137
math.OC 2311.15152
math.OC 2311.15154
math.OC 2311.15175
math.OC 2311.15185
math.OC 2311.15237
math.OC 2311.15271
math.OC 2311.15281
math.OC 2311.15302
math.OC 2311.15346
math.OC 2311.15374
math.OC 2311.15428
math.OC 2311.15517
math.OC 2311.15644
math.OC 2311.15669
math.OC 2311.15718
math.OC 2311.15799
math.OC 2311.15820
math.OC 2311.15898
math.OC 2311.15907
math.OC 2311.15913
math.OC 2311.15915
math.OC 2311.15953
math.OC 2311.15962
math.OC 2311.16110
math.OC 2311.16487
math.OC 2311.16544
math.OC 2311.16760
math.OC 2311.16177
math.OC 2311.16332
math.OC 2311.16382
math.OC 2311.16399
math.OC 2311.16427
math.OC 2311.16559
math.OC 2311.16611
math.OC 2311.16731
math.OC 2311.16743
math.OC 2311.16795
math.OC 2311.16850
math.OC 2311.16898
math.OC 2311.16956
math.OC 2311.16975
math.OC 2306.14663
math.OC 2311.17073
math.OC 2311.17270
math.OC 2311.17434
math.OC 2311.17463
math.OC 2311.17484
math.OC 2311.17539
math.OC 2311.17586
math.OC 2311.17772
math.OC 2311.17836
math.OC 2311.17855
math.OC 2311.17120
math.OC 2311.17254
math.OC 2311.17284
math.OC 2311.17296
math.OC 2311.17375
math.OC 2311.17437
math.OC 2311.17596
math.OC 2311.17702
math.OC 2311.17711
math.OC 2311.17749
math.OC 2311.17784
math.OC 2311.17926
math.OC 2311.17927
math.OC 2311.17973
math.OC 2311.18020
math.OC 2311.18035
math.OC 2311.18072
math.OC 2311.18090
math.OC 2311.18128
math.OC 2311.18261
math.OC 2311.18386
math.OC 2311.18413
math.OC 2311.18437
math.OC 2311.18633
math.OC 2311.18646
math.OC 2311.18670
math.OC 2311.18707
math.OC 2311.18736
math.OC 2311.18787
math.OC 2311.18060
math.OC 2311.18122
math.OC 2311.18210
math.OC 2311.18226
math.OC 2311.18255
math.OC 2311.18292
math.OC 2311.18314
math.OC 2311.18324
math.OC 2311.18346
math.OC 2311.18370
math.OC 2311.18422
math.OC 2311.18426
math.OC 2311.18431
math.OC 2311.18438
math.OC 2311.18513
math.OC 2311.18556
math.OC 2311.18586
math.OC 2311.18601
math.OC 2311.18764
eess.SP 2311.13703
eess.SP 2311.13834
eess.SP 2311.13861
eess.SP 2311.13893
eess.SP 2311.14239
eess.SP 2311.14295
eess.SP 2311.14515
eess.SP 2311.14621
eess.SP 2311.13787
eess.SP 2311.13789
eess.SP 2311.13906
eess.SP 2311.14065
eess.SP 2311.14264
eess.SP 2311.14316
eess.SP 2311.14447
eess.SP 2311.14591
eess.SP 2311.14675
eess.SP 2311.14812
eess.SP 2311.14831
eess.SP 2311.14858
eess.SP 2311.15041
eess.SP 2311.15066
eess.SP 2311.15069
eess.SP 2311.15128
eess.SP 2311.15158
eess.SP 2311.15221
eess.SP 2311.15292
eess.SP 2311.15299
eess.SP 2311.15583
eess.SP 2311.15593
eess.SP 2311.15595
eess.SP 2311.15683
eess.SP 2311.15756
eess.SP 2311.15831
eess.SP 2311.14942
eess.SP 2311.14995
eess.SP 2311.15060
eess.SP 2311.15061
eess.SP 2311.15062
eess.SP 2311.15141
eess.SP 2311.15215
eess.SP 2311.15312
eess.SP 2311.15313
eess.SP 2311.15412
eess.SP 2311.15752
eess.SP 2311.15828
eess.SP 2311.15985
eess.SP 2311.16024
eess.SP 2311.16192
eess.SP 2311.16284
eess.SP 2311.16353
eess.SP 2311.16378
eess.SP 2311.16409
eess.SP 2311.16522
eess.SP 2311.16568
eess.SP 2311.16609
eess.SP 2311.16771
eess.SP 2311.16856
eess.SP 2311.17006
eess.SP 2311.16155
eess.SP 2311.16356
eess.SP 2311.16433
eess.SP 2311.16602
eess.SP 2311.16783
eess.SP 2311.16798
eess.SP 2311.16848
eess.SP 2311.16904
eess.SP 2311.16983
eess.SP 2311.16985
eess.SP 2311.17204
eess.SP 2311.17617
eess.SP 2311.17630
eess.SP 2311.17726
eess.SP 2311.17742
eess.SP 2311.17248
eess.SP 2311.17624
eess.SP 2311.17698
eess.SP 2311.17727
eess.SP 2311.18070
eess.SP 2311.18076
eess.SP 2311.18167
eess.SP 2311.18172
eess.SP 2311.18177
eess.SP 2311.18334
eess.SP 2311.18418
eess.SP 2311.18438
eess.SP 2311.18484
eess.SP 2311.18505
eess.SP 2311.18520
eess.SP 2311.18542
eess.SP 2311.18558
eess.SP 2311.18646
eess.SP 2311.18655
eess.SP 2311.18689
eess.SP 2311.18762
eess.SP 2311.18820
eess.SP 2311.18824
eess.SP 2311.17968
eess.SP 2311.18037
eess.SP 2311.18250
eess.SP 2311.18352
eess.SP 2311.18593
eess.SP 2311.18599
eess.SP 2311.18732
