cs.FL 2406.17867
cs.FL 2406.18383
cs.FL 2406.18328
cs.FL 2406.18473
cs.CG 2406.19257
cs.FL 2406.18918
cs.CG 2406.18933
cs.FL 2406.18934
cs.CG 2406.19161
cs.FL 2406.19312
cs.CG 2406.19551
cs.FL 2406.19830
cs.CG 2406.19422
cs.FL 2406.20056
cs.CG 2406.19595
cs.FL 2407.01169
cs.CG 2406.20065
cs.FL 2407.02632
cs.CG 2407.00244
cs.FL 2407.02660
cs.FL 2407.02704
cs.CG 2407.00329
cs.FL 2407.02884
cs.CG 2407.00331
cs.FL 2407.03203
cs.CG 2407.01326
cs.CG 2407.01466
cs.CG 2407.01951
cs.CG 2407.02658
cs.CG 2407.03101
cs.CG 2407.03176
cs.DS 2406.18780
cs.DS 2406.19040
cs.DS 2406.19134
cs.DS 2406.19143
cs.DS 2406.18670
cs.DS 2406.18835
cs.DS 2406.19008
cs.DS 2406.19164
cs.DS 2406.19257
cs.DS 2406.19430
cs.DS 2406.19467
cs.DS 2406.19566
cs.DS 2406.19685
cs.DS 2406.19836
cs.DS 2406.19709
cs.DS 2406.19819
cs.DS 2406.19926
cs.DS 2406.20069
cs.DS 2407.00041
cs.DS 2407.00251
cs.DS 2407.00329
cs.DS 2407.00331
cs.DS 2407.00694
cs.DS 2407.00868
cs.DS 2407.00871
cs.DS 2407.01402
cs.DS 2407.00182
cs.DS 2407.00237
cs.DS 2407.00511
cs.DS 2407.00573
cs.DS 2407.00586
cs.DS 2407.01052
cs.DS 2407.01071
cs.DS 2407.01431
cs.DS 2407.01465
cs.DS 2407.01951
cs.DS 2407.01637
cs.DS 2407.01904
cs.DS 2407.02045
cs.DS 2407.02086
cs.DS 2407.02177
cs.DS 2407.02372
cs.DS 2407.02468
cs.DS 2407.02530
cs.DS 2407.02601
cs.DS 2407.03176
cs.DS 2407.02624
cs.DS 2407.02898
cs.DS 2407.02958
cs.DS 2407.03229
cs.DS 2407.03262
cs.GT 2406.18752
cs.GT 2406.18805
cs.GT 2406.18957
cs.GT 2406.19014
cs.GT 2406.19273
cs.GT 2406.19350
cs.GT 2406.19689
cs.GT 2406.19824
cs.GT 2407.00092
cs.GT 2407.00506
cs.GT 2407.00617
cs.GT 2407.01458
cs.GT 2407.01176
cs.GT 2407.01383
cs.GT 2407.01566
cs.GT 2407.01844
cs.GT 2407.01795
cs.GT 2407.03126
cs.GT 2407.03146
cs.GT 2407.03318
cs.DB 2406.18567
cs.DB 2406.19043
cs.DB 2406.18892
cs.DB 2406.19039
cs.DB 2406.19106
cs.DB 2406.19143
cs.DB 2406.19575
cs.DB 2406.19509
cs.DB 2406.19651
cs.DB 2406.19732
cs.DB 2407.00573
cs.DB 2407.00017
cs.DB 2407.00036
cs.DB 2407.00064
cs.DB 2407.00590
cs.DB 2407.00998
cs.DB 2407.01127
cs.DB 2407.01183
cs.DB 2407.01608
cs.DB 2407.01619
cs.DB 2407.02336
cs.DB 2407.02475
cs.DB 2407.02884
cs.DB 2407.03227
cs.DB 2407.03314
cs.DB 2407.02626
cs.DB 2407.02803
cs.DB 2407.02862
cs.DB 2407.02994
cs.DB 2407.03112
cs.DB 2407.03286
cs.GR 2406.18537
cs.GR 2406.18539
cs.GR 2406.18541
cs.GR 2406.18544
cs.GR 2406.18551
cs.GR 2406.18573
cs.GR 2406.18581
cs.GR 2406.18582
cs.GR 2406.18593
cs.GR 2406.19398
cs.GR 2406.19726
cs.GR 2406.19434
cs.GR 2407.00021
cs.GR 2407.00046
cs.GR 2407.00187
cs.GR 2407.00500
cs.GR 2407.00513
cs.GR 2407.00552
cs.GR 2407.00674
cs.GR 2407.01034
cs.GR 2407.01074
cs.GR 2407.00179
cs.GR 2407.00435
cs.GR 2407.01767
cs.GR 2407.01781
cs.GR 2407.01866
cs.GR 2407.02012
cs.GR 2407.02272
cs.GR 2407.02430
cs.GR 2407.02445
cs.GR 2407.02489
cs.GR 2407.01560
cs.GR 2407.02215
cs.GR 2407.02492
cs.GR 2407.02599
cs.GR 2407.03107
cs.GR 2407.03165
cs.AI 2406.18535
cs.AI 2406.18536
cs.AI 2406.18537
cs.AI 2406.18538
cs.AI 2406.18546
cs.AI 2406.18550
cs.AI 2406.18552
cs.AI 2406.18557
cs.AI 2406.18559
cs.AI 2406.18563
cs.AI 2406.18565
cs.AI 2406.18566
cs.AI 2406.18568
cs.AI 2406.18569
cs.AI 2406.18570
cs.AI 2406.18574
cs.AI 2406.18576
cs.AI 2406.18580
cs.AI 2406.18584
cs.AI 2406.18585
cs.AI 2406.18587
cs.AI 2406.18591
cs.AI 2406.18595
cs.AI 2406.18616
cs.AI 2406.18620
cs.AI 2406.18621
cs.AI 2406.18625
cs.AI 2406.18626
cs.AI 2406.18629
cs.AI 2406.18630
cs.AI 2406.18665
cs.AI 2406.18675
cs.AI 2406.18676
cs.AI 2406.18678
cs.AI 2406.18679
cs.AI 2406.18682
cs.AI 2406.18690
cs.AI 2406.18695
cs.AI 2406.18701
cs.AI 2406.18731
cs.AI 2406.18741
cs.AI 2406.18747
cs.AI 2406.18757
cs.AI 2406.18763
cs.AI 2406.18765
cs.AI 2406.18790
cs.AI 2406.18800
cs.AI 2406.18802
cs.AI 2406.18812
cs.AI 2406.18814
cs.AI 2406.18817
cs.AI 2406.18841
cs.AI 2406.18842
cs.AI 2406.18845
cs.AI 2406.18847
cs.AI 2406.18851
cs.AI 2406.18856
cs.AI 2406.18859
cs.AI 2406.18898
cs.AI 2406.18899
cs.AI 2406.18900
cs.AI 2406.18916
cs.AI 2406.18922
cs.AI 2406.18937
cs.AI 2406.18944
cs.AI 2406.18954
cs.AI 2406.18992
cs.AI 2406.18995
cs.AI 2406.19015
cs.AI 2406.19043
cs.AI 2406.19048
cs.AI 2406.19049
cs.AI 2406.19050
cs.AI 2406.19054
cs.AI 2406.19057
cs.AI 2406.19071
cs.AI 2406.19087
cs.AI 2406.19102
cs.AI 2406.19108
cs.AI 2406.19116
cs.AI 2406.19121
cs.AI 2406.19126
cs.AI 2406.19135
cs.AI 2406.19136
cs.AI 2406.19148
cs.AI 2406.19150
cs.AI 2406.19189
cs.AI 2406.19195
cs.AI 2406.19217
cs.AI 2406.19220
cs.AI 2406.19223
cs.AI 2406.19228
cs.AI 2406.19234
cs.AI 2406.19243
cs.AI 2406.19251
cs.AI 2406.19261
cs.AI 2406.19280
cs.AI 2406.19292
cs.AI 2406.19314
cs.AI 2406.19317
cs.AI 2406.19320
cs.AI 2406.19349
cs.AI 2406.19354
cs.AI 2406.19370
cs.AI 2406.19384
cs.AI 2406.18615
cs.AI 2406.18839
cs.AI 2406.18884
cs.AI 2406.18924
cs.AI 2406.18930
cs.AI 2406.18939
cs.AI 2406.19236
cs.AI 2406.19256
cs.AI 2307.08564
cs.AI 2406.19397
cs.AI 2406.19399
cs.AI 2406.19403
cs.AI 2406.19417
cs.AI 2406.19418
cs.AI 2406.19434
cs.AI 2406.19464
cs.AI 2406.19478
cs.AI 2406.19486
cs.AI 2406.19493
cs.AI 2406.19497
cs.AI 2406.19502
cs.AI 2406.19507
cs.AI 2406.19512
cs.AI 2406.19528
cs.AI 2406.19537
cs.AI 2406.19545
cs.AI 2406.19552
cs.AI 2406.19561
cs.AI 2406.19568
cs.AI 2406.19570
cs.AI 2406.19578
cs.AI 2406.19596
cs.AI 2406.19611
cs.AI 2406.19614
cs.AI 2406.19622
cs.AI 2406.19630
cs.AI 2406.19638
cs.AI 2406.19643
cs.AI 2406.19648
cs.AI 2406.19651
cs.AI 2406.19653
cs.AI 2406.19670
cs.AI 2406.19680
cs.AI 2406.19686
cs.AI 2406.19690
cs.AI 2406.19708
cs.AI 2406.19720
cs.AI 2406.19736
cs.AI 2406.19738
cs.AI 2406.19741
cs.AI 2406.19755
cs.AI 2406.19756
cs.AI 2406.19770
cs.AI 2406.19807
cs.AI 2406.19812
cs.AI 2406.19815
cs.AI 2406.19820
cs.AI 2406.19840
cs.AI 2406.19853
cs.AI 2406.19874
cs.AI 2406.19896
cs.AI 2406.19931
cs.AI 2406.19934
cs.AI 2406.19953
cs.AI 2406.19963
cs.AI 2406.19967
cs.AI 2406.19995
cs.AI 2406.19997
cs.AI 2406.20015
cs.AI 2406.20031
cs.AI 2406.20041
cs.AI 2406.20053
cs.AI 2406.20079
cs.AI 2406.20087
cs.AI 2406.20095
cs.AI 2406.20098
cs.AI 2406.19500
cs.AI 2406.19626
cs.AI 2406.19644
cs.AI 2406.19705
cs.AI 2406.19712
cs.AI 2406.19763
cs.AI 2406.19859
cs.AI 2406.19888
cs.AI 2406.20044
cs.AI 2406.20080
cs.AI 2406.06305
cs.AI 2407.00004
cs.AI 2407.00010
cs.AI 2407.00020
cs.AI 2407.00024
cs.AI 2407.00032
cs.AI 2407.00033
cs.AI 2407.00048
cs.AI 2407.00050
cs.AI 2407.00056
cs.AI 2407.00063
cs.AI 2407.00065
cs.AI 2407.00066
cs.AI 2407.00067
cs.AI 2407.00079
cs.AI 2407.00081
cs.AI 2407.00082
cs.AI 2407.00088
cs.AI 2407.00100
cs.AI 2407.00101
cs.AI 2407.00102
cs.AI 2407.00104
cs.AI 2407.00105
cs.AI 2407.00106
cs.AI 2407.00107
cs.AI 2407.00108
cs.AI 2407.00110
cs.AI 2407.00111
cs.AI 2407.00113
cs.AI 2407.00114
cs.AI 2407.00115
cs.AI 2407.00116
cs.AI 2407.00117
cs.AI 2407.00118
cs.AI 2407.00119
cs.AI 2407.00120
cs.AI 2407.00121
cs.AI 2407.00125
cs.AI 2407.00128
cs.AI 2407.00129
cs.AI 2407.00131
cs.AI 2407.00132
cs.AI 2407.00134
cs.AI 2407.00141
cs.AI 2407.00142
cs.AI 2407.00146
cs.AI 2407.00147
cs.AI 2407.00167
cs.AI 2407.00188
cs.AI 2407.00219
cs.AI 2407.00229
cs.AI 2407.00263
cs.AI 2407.00278
cs.AI 2407.00320
cs.AI 2407.00342
cs.AI 2407.00352
cs.AI 2407.00361
cs.AI 2407.00362
cs.AI 2407.00371
cs.AI 2407.00377
cs.AI 2407.00382
cs.AI 2407.00383
cs.AI 2407.00386
cs.AI 2407.00396
cs.AI 2407.00401
cs.AI 2407.00402
cs.AI 2407.00411
cs.AI 2407.00419
cs.AI 2407.00429
cs.AI 2407.00449
cs.AI 2407.00452
cs.AI 2407.00456
cs.AI 2407.00462
cs.AI 2407.00463
cs.AI 2407.00466
cs.AI 2407.00468
cs.AI 2407.00474
cs.AI 2407.00478
cs.AI 2407.00482
cs.AI 2407.00488
cs.AI 2407.00496
cs.AI 2407.00499
cs.AI 2407.00500
cs.AI 2407.00501
cs.AI 2407.00502
cs.AI 2407.00510
cs.AI 2407.00531
cs.AI 2407.00538
cs.AI 2407.00541
cs.AI 2407.00553
cs.AI 2407.00568
cs.AI 2407.00569
cs.AI 2407.00600
cs.AI 2407.00617
cs.AI 2407.00626
cs.AI 2407.00641
cs.AI 2407.00653
cs.AI 2407.00662
cs.AI 2407.00664
cs.AI 2407.00697
cs.AI 2407.00698
cs.AI 2407.00699
cs.AI 2407.00717
cs.AI 2407.00731
cs.AI 2407.00743
cs.AI 2407.00747
cs.AI 2407.00752
cs.AI 2407.00764
cs.AI 2407.00783
cs.AI 2407.00803
cs.AI 2407.00808
cs.AI 2407.00814
cs.AI 2407.00815
cs.AI 2407.00824
cs.AI 2407.00828
cs.AI 2407.00837
cs.AI 2407.00869
cs.AI 2407.00875
cs.AI 2407.00888
cs.AI 2407.00896
cs.AI 2407.00902
cs.AI 2407.00908
cs.AI 2407.00918
cs.AI 2407.00936
cs.AI 2407.00942
cs.AI 2407.00948
cs.AI 2407.00955
cs.AI 2407.00967
cs.AI 2407.00984
cs.AI 2407.01001
cs.AI 2407.01003
cs.AI 2407.01026
cs.AI 2407.01050
cs.AI 2407.01079
cs.AI 2407.01080
cs.AI 2407.01092
cs.AI 2407.01093
cs.AI 2407.01110
cs.AI 2407.01111
cs.AI 2407.01119
cs.AI 2407.01126
cs.AI 2407.01137
cs.AI 2407.01142
cs.AI 2407.01143
cs.AI 2407.01157
cs.AI 2407.01168
cs.AI 2407.01178
cs.AI 2407.01191
cs.AI 2407.01199
cs.AI 2407.01200
cs.AI 2407.01211
cs.AI 2407.01214
cs.AI 2407.01216
cs.AI 2407.01231
cs.AI 2407.01239
cs.AI 2407.01251
cs.AI 2407.01270
cs.AI 2407.01280
cs.AI 2407.01281
cs.AI 2407.01290
cs.AI 2407.01300
cs.AI 2407.01302
cs.AI 2407.01317
cs.AI 2407.01318
cs.AI 2407.01320
cs.AI 2407.01331
cs.AI 2407.01343
cs.AI 2407.01355
cs.AI 2407.01376
cs.AI 2407.01397
cs.AI 2407.01403
cs.AI 2407.01406
cs.AI 2407.01408
cs.AI 2407.01409
cs.AI 2407.01418
cs.AI 2407.01428
cs.AI 2407.01437
cs.AI 2407.01456
cs.AI 2407.01458
cs.AI 2407.01459
cs.AI 2407.01463
cs.AI 2407.01464
cs.AI 2407.01489
cs.AI 2407.01490
cs.AI 2407.01492
cs.AI 2407.01502
cs.AI 2407.01505
cs.AI 2407.01518
cs.AI 2407.01521
cs.AI 2407.01525
cs.AI 2407.01526
cs.AI 2407.00071
cs.AI 2407.00075
cs.AI 2407.00087
cs.AI 2407.00092
cs.AI 2407.00138
cs.AI 2407.00197
cs.AI 2407.00256
cs.AI 2407.00264
cs.AI 2407.00312
cs.AI 2407.00379
cs.AI 2407.00460
cs.AI 2407.00506
cs.AI 2407.00509
cs.AI 2407.00519
cs.AI 2407.00567
cs.AI 2407.00608
cs.AI 2407.00693
cs.AI 2407.00695
cs.AI 2407.00741
cs.AI 2407.00744
cs.AI 2407.00779
cs.AI 2407.00805
cs.AI 2407.00886
cs.AI 2407.00900
cs.AI 2407.00958
cs.AI 2407.00959
cs.AI 2407.00978
cs.AI 2407.00980
cs.AI 2407.00993
cs.AI 2407.01046
cs.AI 2407.01067
cs.AI 2407.01238
cs.AI 2407.01245
cs.AI 2407.01284
cs.AI 2407.01333
cs.AI 2407.01476
cs.AI 2407.01511
cs.AI 2402.01183
cs.AI 2407.01544
cs.AI 2407.01545
cs.AI 2407.01548
cs.AI 2407.01551
cs.AI 2407.01557
cs.AI 2407.01558
cs.AI 2407.01560
cs.AI 2407.01561
cs.AI 2407.01563
cs.AI 2407.01570
cs.AI 2407.01576
cs.AI 2407.01577
cs.AI 2407.01585
cs.AI 2407.01596
cs.AI 2407.01598
cs.AI 2407.01601
cs.AI 2407.01603
cs.AI 2407.01606
cs.AI 2407.01608
cs.AI 2407.01613
cs.AI 2407.01614
cs.AI 2407.01615
cs.AI 2407.01619
cs.AI 2407.01624
cs.AI 2407.01626
cs.AI 2407.01630
cs.AI 2407.01635
cs.AI 2407.01638
cs.AI 2407.01646
cs.AI 2407.01647
cs.AI 2407.01653
cs.AI 2407.01687
cs.AI 2407.01697
cs.AI 2407.01704
cs.AI 2407.01705
cs.AI 2407.01712
cs.AI 2407.01725
cs.AI 2407.01734
cs.AI 2407.01745
cs.AI 2407.01749
cs.AI 2407.01752
cs.AI 2407.01769
cs.AI 2407.01777
cs.AI 2407.01782
cs.AI 2407.01784
cs.AI 2407.01790
cs.AI 2407.01791
cs.AI 2407.01800
cs.AI 2407.01843
cs.AI 2407.01851
cs.AI 2407.01853
cs.AI 2407.01864
cs.AI 2407.01873
cs.AI 2407.01885
cs.AI 2407.01886
cs.AI 2407.01887
cs.AI 2407.01902
cs.AI 2407.01903
cs.AI 2407.01906
cs.AI 2407.01910
cs.AI 2407.01919
cs.AI 2407.01920
cs.AI 2407.01929
cs.AI 2407.01948
cs.AI 2407.01950
cs.AI 2407.01953
cs.AI 2407.01972
cs.AI 2407.01976
cs.AI 2407.01979
cs.AI 2407.01991
cs.AI 2407.02004
cs.AI 2407.02025
cs.AI 2407.02028
cs.AI 2407.02031
cs.AI 2407.02040
cs.AI 2407.02042
cs.AI 2407.02048
cs.AI 2407.02056
cs.AI 2407.02060
cs.AI 2407.02062
cs.AI 2407.02070
cs.AI 2407.02078
cs.AI 2407.02106
cs.AI 2407.02109
cs.AI 2407.02112
cs.AI 2407.02119
cs.AI 2407.02138
cs.AI 2407.02147
cs.AI 2407.02156
cs.AI 2407.02191
cs.AI 2407.02203
cs.AI 2407.02208
cs.AI 2407.02209
cs.AI 2407.02211
cs.AI 2407.02217
cs.AI 2407.02220
cs.AI 2407.02228
cs.AI 2407.02233
cs.AI 2407.02236
cs.AI 2407.02245
cs.AI 2407.02258
cs.AI 2407.02268
cs.AI 2407.02269
cs.AI 2407.02275
cs.AI 2407.02280
cs.AI 2407.02283
cs.AI 2407.02286
cs.AI 2407.02292
cs.AI 2407.02309
cs.AI 2407.02315
cs.AI 2407.02320
cs.AI 2407.02335
cs.AI 2407.02340
cs.AI 2407.02354
cs.AI 2407.02362
cs.AI 2407.02389
cs.AI 2407.02402
cs.AI 2407.02403
cs.AI 2407.02430
cs.AI 2407.02445
cs.AI 2407.02446
cs.AI 2407.02448
cs.AI 2407.02466
cs.AI 2407.02483
cs.AI 2407.02485
cs.AI 2407.02486
cs.AI 2407.02489
cs.AI 2407.01553
cs.AI 2407.01875
cs.AI 2407.01892
cs.AI 2407.01916
cs.AI 2407.01942
cs.AI 2407.01994
cs.AI 2407.02055
cs.AI 2407.02197
cs.AI 2407.02425
cs.AI 2407.02465
cs.AI 2407.02474
cs.AI 2407.00299
cs.AI 2407.02499
cs.AI 2407.02500
cs.AI 2407.02503
cs.AI 2407.02508
cs.AI 2407.02509
cs.AI 2407.02511
cs.AI 2407.02514
cs.AI 2407.02516
cs.AI 2407.02517
cs.AI 2407.02518
cs.AI 2407.02520
cs.AI 2407.02521
cs.AI 2407.02524
cs.AI 2407.02528
cs.AI 2407.02537
cs.AI 2407.02539
cs.AI 2407.02540
cs.AI 2407.02542
cs.AI 2407.02543
cs.AI 2407.02551
cs.AI 2407.02552
cs.AI 2407.02598
cs.AI 2407.02599
cs.AI 2407.02622
cs.AI 2407.02623
cs.AI 2407.02631
cs.AI 2407.02637
cs.AI 2407.02641
cs.AI 2407.02651
cs.AI 2407.02666
cs.AI 2407.02670
cs.AI 2407.02673
cs.AI 2407.02693
cs.AI 2407.02694
cs.AI 2407.02706
cs.AI 2407.02730
cs.AI 2407.02742
cs.AI 2407.02751
cs.AI 2407.02759
cs.AI 2407.02762
cs.AI 2407.02765
cs.AI 2407.02783
cs.AI 2407.02791
cs.AI 2407.02805
cs.AI 2407.02813
cs.AI 2407.02821
cs.AI 2407.02839
cs.AI 2407.02842
cs.AI 2407.02870
cs.AI 2407.02878
cs.AI 2407.02880
cs.AI 2407.02881
cs.AI 2407.02884
cs.AI 2407.02888
cs.AI 2407.02891
cs.AI 2407.02894
cs.AI 2407.02904
cs.AI 2407.02913
cs.AI 2407.02917
cs.AI 2407.02943
cs.AI 2407.02956
cs.AI 2407.02960
cs.AI 2407.02961
cs.AI 2407.02968
cs.AI 2407.02969
cs.AI 2407.02977
cs.AI 2407.02978
cs.AI 2407.02987
cs.AI 2407.02994
cs.AI 2407.02996
cs.AI 2407.03004
cs.AI 2407.03005
cs.AI 2407.03007
cs.AI 2407.03018
cs.AI 2407.03026
cs.AI 2407.03034
cs.AI 2407.03035
cs.AI 2407.03040
cs.AI 2407.03056
cs.AI 2407.03059
cs.AI 2407.03068
cs.AI 2407.03070
cs.AI 2407.03080
cs.AI 2407.03086
cs.AI 2407.03093
cs.AI 2407.03094
cs.AI 2407.03108
cs.AI 2407.03110
cs.AI 2407.03111
cs.AI 2407.03125
cs.AI 2407.03131
cs.AI 2407.03132
cs.AI 2407.03133
cs.AI 2407.03135
cs.AI 2407.03146
cs.AI 2407.03154
cs.AI 2407.03157
cs.AI 2407.03172
cs.AI 2407.03179
cs.AI 2407.03180
cs.AI 2407.03183
cs.AI 2407.03185
cs.AI 2407.03188
cs.AI 2407.03203
cs.AI 2407.03210
cs.AI 2407.03216
cs.AI 2407.03224
cs.AI 2407.03227
cs.AI 2407.03245
cs.AI 2407.03266
cs.AI 2407.03297
cs.AI 2407.03300
cs.AI 2407.03308
cs.AI 2407.03311
cs.AI 2407.03321
cs.AI 2407.02495
cs.AI 2407.02547
cs.AI 2407.02604
cs.AI 2407.02613
cs.AI 2407.02646
cs.AI 2407.02678
cs.AI 2407.02731
cs.AI 2407.02779
cs.AI 2407.02814
cs.AI 2407.02863
cs.AI 2407.02936
cs.AI 2407.03049
cs.AI 2407.03291
cs.AR 2406.18536
cs.AR 2406.19094
cs.AR 2406.18786
cs.AR 2406.18873
cs.AR 2406.19113
cs.AR 2406.19913
cs.AR 2406.19580
cs.AR 2407.00001
cs.AR 2407.00079
cs.AR 2407.00641
cs.AR 2407.00207
cs.AR 2407.00604
cs.AR 2407.00817
cs.AR 2407.01475
cs.AR 2407.01910
cs.AR 2407.02353
cs.AR 2407.02079
cs.AR 2407.02362
cs.AR 2407.02622
cs.AR 2407.02944
cs.DM 2406.18670
cs.DM 2406.18713
cs.DM 2406.18781
cs.DM 2406.18930
cs.DM 2406.18933
cs.DM 2406.19164
cs.DM 2406.19053
cs.DM 2406.19134
cs.DM 2406.19516
cs.DM 2406.19610
cs.DM 2406.19685
cs.DM 2406.20069
cs.DM 2406.20071
cs.DM 2406.20072
cs.DM 2406.19490
cs.DM 2406.19495
cs.DM 2406.19532
cs.DM 2407.00068
cs.DM 2407.00103
cs.DM 2407.00244
cs.DM 2407.00258
cs.DM 2407.00303
cs.DM 2407.00694
cs.DM 2407.01071
cs.DM 2407.01198
cs.DM 2407.01337
cs.DM 2403.16789
cs.DM 2407.02102
cs.DM 2407.02177
cs.DM 2407.02179
cs.DM 2407.02412
cs.DM 2407.01843
cs.DM 2407.02201
cs.DM 2407.02638
cs.DM 2407.02928
cs.DM 2407.02959
cs.HC 2406.19054
cs.HC 2406.19226
cs.HC 2406.18559
cs.HC 2406.18570
cs.HC 2406.18595
cs.HC 2406.18675
cs.HC 2406.18690
cs.HC 2406.18702
cs.HC 2406.18718
cs.HC 2406.19283
cs.HC 2307.08564
cs.HC 2406.19512
cs.HC 2406.19686
cs.HC 2406.19859
cs.HC 2406.19928
cs.HC 2406.19954
cs.HC 2406.20087
cs.HC 2406.19528
cs.HC 2406.19546
cs.HC 2406.19575
cs.HC 2406.19581
cs.HC 2406.19600
cs.HC 2406.19601
cs.HC 2406.19648
cs.HC 2406.19663
cs.HC 2406.19720
cs.HC 2406.19746
cs.HC 2406.19895
cs.HC 2406.19987
cs.HC 2407.00039
cs.HC 2407.00108
cs.HC 2407.00129
cs.HC 2407.00167
cs.HC 2407.00233
cs.HC 2407.00463
cs.HC 2407.00870
cs.HC 2407.01067
cs.HC 2407.00305
cs.HC 2407.00981
cs.HC 2407.01077
cs.HC 2407.01161
cs.HC 2407.01488
cs.HC 2407.01608
cs.HC 2407.01630
cs.HC 2407.01697
cs.HC 2407.01732
cs.HC 2407.01817
cs.HC 2407.01884
cs.HC 2407.01894
cs.HC 2407.01911
cs.HC 2407.01972
cs.HC 2407.02048
cs.HC 2407.02157
cs.HC 2407.02354
cs.HC 2407.02489
cs.HC 2407.01558
cs.HC 2407.01585
cs.HC 2407.01752
cs.HC 2407.01767
cs.HC 2407.01824
cs.HC 2407.01893
cs.HC 2407.02012
cs.HC 2407.02065
cs.HC 2407.02129
cs.HC 2407.02269
cs.HC 2407.02305
cs.HC 2407.02381
cs.HC 2407.00299
cs.HC 2407.02591
cs.HC 2407.03135
cs.HC 2407.03291
cs.HC 2407.02579
cs.HC 2407.02606
cs.HC 2407.02611
cs.HC 2407.02614
cs.HC 2407.02632
cs.HC 2407.02651
cs.HC 2407.02697
cs.HC 2407.02710
cs.HC 2407.02798
cs.HC 2407.02810
cs.HC 2407.02885
cs.HC 2407.02896
cs.HC 2407.02903
cs.HC 2407.02981
cs.HC 2407.03045
cs.HC 2407.03063
cs.HC 2407.03107
cs.HC 2407.03177
cs.HC 2407.03298
cs.DC 2406.18813
cs.DC 2406.19042
cs.DC 2406.19058
cs.DC 2406.19113
cs.DC 2406.18801
cs.DC 2406.18820
cs.DC 2406.18957
cs.DC 2406.19631
cs.DC 2406.19707
cs.DC 2406.19904
cs.DC 2406.19990
cs.DC 2406.19430
cs.DC 2406.19613
cs.DC 2406.19621
cs.DC 2406.19806
cs.DC 2406.19836
cs.DC 2406.19880
cs.DC 2406.19913
cs.DC 2407.00017
cs.DC 2407.00041
cs.DC 2407.00101
cs.DC 2407.00125
cs.DC 2407.00394
cs.DC 2407.00467
cs.DC 2407.00494
cs.DC 2407.00550
cs.DC 2407.00769
cs.DC 2407.00873
cs.DC 2407.00952
cs.DC 2407.01283
cs.DC 2407.01426
cs.DC 2407.00001
cs.DC 2407.00005
cs.DC 2407.00006
cs.DC 2407.00007
cs.DC 2407.00009
cs.DC 2407.00010
cs.DC 2407.00011
cs.DC 2407.00012
cs.DC 2407.00013
cs.DC 2407.00015
cs.DC 2407.00016
cs.DC 2407.00019
cs.DC 2407.00023
cs.DC 2407.00025
cs.DC 2407.00026
cs.DC 2407.00029
cs.DC 2407.00030
cs.DC 2407.00031
cs.DC 2407.00032
cs.DC 2407.00034
cs.DC 2407.00035
cs.DC 2407.00044
cs.DC 2407.00045
cs.DC 2407.00046
cs.DC 2407.00047
cs.DC 2407.00048
cs.DC 2407.00051
cs.DC 2407.00052
cs.DC 2407.00053
cs.DC 2407.00066
cs.DC 2407.00068
cs.DC 2407.00069
cs.DC 2407.00079
cs.DC 2407.00080
cs.DC 2407.00081
cs.DC 2407.00088
cs.DC 2407.00093
cs.DC 2407.00110
cs.DC 2407.00123
cs.DC 2407.00232
cs.DC 2407.00243
cs.DC 2407.00313
cs.DC 2407.00326
cs.DC 2407.00565
cs.DC 2407.00591
cs.DC 2407.00599
cs.DC 2407.00611
cs.DC 2407.00829
cs.DC 2407.00832
cs.DC 2407.00839
cs.DC 2407.00871
cs.DC 2407.00878
cs.DC 2407.00881
cs.DC 2407.00933
cs.DC 2407.00943
cs.DC 2407.01428
cs.DC 2407.01481
cs.DC 2407.01484
cs.DC 2407.01620
cs.DC 2407.01638
cs.DC 2407.01917
cs.DC 2407.02167
cs.DC 2407.02327
cs.DC 2407.02342
cs.DC 2407.02461
cs.DC 2407.01720
cs.DC 2407.01764
cs.DC 2407.01838
cs.DC 2407.02031
cs.DC 2407.02081
cs.DC 2407.02238
cs.DC 2407.02390
cs.DC 2407.02226
cs.DC 2407.02493
cs.DC 2407.02498
cs.DC 2407.02610
cs.DC 2407.02689
cs.DC 2407.03038
cs.DC 2407.03086
cs.DC 2407.03215
cs.DC 2407.02748
cs.DC 2407.03148
cs.DC 2407.03247
cs.CL 2406.12260
cs.CL 2406.18616
cs.CL 2406.18626
cs.CL 2406.18629
cs.CL 2406.18665
cs.CL 2406.18675
cs.CL 2406.18678
cs.CL 2406.18679
cs.CL 2406.18695
cs.CL 2406.18702
cs.CL 2406.18708
cs.CL 2406.18725
cs.CL 2406.18731
cs.CL 2406.18841
cs.CL 2406.18842
cs.CL 2406.18871
cs.CL 2406.18928
cs.CL 2406.18934
cs.CL 2406.18972
cs.CL 2406.18977
cs.CL 2406.19146
cs.CL 2406.19230
cs.CL 2406.19255
cs.CL 2406.19280
cs.CL 2406.19292
cs.CL 2406.19317
cs.CL 2406.19384
cs.CL 2406.19388
cs.CL 2406.18664
cs.CL 2406.18676
cs.CL 2406.18682
cs.CL 2406.18696
cs.CL 2406.18740
cs.CL 2406.18762
cs.CL 2406.18776
cs.CL 2406.18783
cs.CL 2406.18832
cs.CL 2406.18847
cs.CL 2406.18856
cs.CL 2406.18859
cs.CL 2406.18872
cs.CL 2406.18880
cs.CL 2406.18895
cs.CL 2406.18906
cs.CL 2406.18907
cs.CL 2406.18910
cs.CL 2406.18916
cs.CL 2406.18921
cs.CL 2406.18925
cs.CL 2406.18966
cs.CL 2406.19032
cs.CL 2406.19065
cs.CL 2406.19071
cs.CL 2406.19073
cs.CL 2406.19097
cs.CL 2406.19102
cs.CL 2406.19116
cs.CL 2406.19170
cs.CL 2406.19172
cs.CL 2406.19215
cs.CL 2406.19223
cs.CL 2406.19226
cs.CL 2406.19227
cs.CL 2406.19228
cs.CL 2406.19232
cs.CL 2406.19237
cs.CL 2406.19238
cs.CL 2406.19251
cs.CL 2406.19263
cs.CL 2406.19271
cs.CL 2406.19276
cs.CL 2406.19307
cs.CL 2406.19314
cs.CL 2406.19349
cs.CL 2406.19354
cs.CL 2406.19356
cs.CL 2406.19358
cs.CL 2406.19371
cs.CL 2406.19413
cs.CL 2406.19500
cs.CL 2406.19578
cs.CL 2406.19648
cs.CL 2406.19712
cs.CL 2406.19736
cs.CL 2406.19760
cs.CL 2406.19783
cs.CL 2406.20053
cs.CL 2406.20087
cs.CL 2406.20095
cs.CL 2406.20098
cs.CL 2406.19415
cs.CL 2406.19465
cs.CL 2406.19470
cs.CL 2406.19478
cs.CL 2406.19482
cs.CL 2406.19486
cs.CL 2406.19493
cs.CL 2406.19497
cs.CL 2406.19501
cs.CL 2406.19502
cs.CL 2406.19504
cs.CL 2406.19512
cs.CL 2406.19526
cs.CL 2406.19537
cs.CL 2406.19538
cs.CL 2406.19543
cs.CL 2406.19545
cs.CL 2406.19552
cs.CL 2406.19564
cs.CL 2406.19593
cs.CL 2406.19598
cs.CL 2406.19642
cs.CL 2406.19643
cs.CL 2406.19650
cs.CL 2406.19674
cs.CL 2406.19729
cs.CL 2406.19731
cs.CL 2406.19759
cs.CL 2406.19764
cs.CL 2406.19774
cs.CL 2406.19803
cs.CL 2406.19820
cs.CL 2406.19840
cs.CL 2406.19853
cs.CL 2406.19874
cs.CL 2406.19884
cs.CL 2406.19892
cs.CL 2406.19898
cs.CL 2406.19928
cs.CL 2406.19934
cs.CL 2406.19949
cs.CL 2406.19951
cs.CL 2406.19954
cs.CL 2406.19966
cs.CL 2406.19967
cs.CL 2406.19995
cs.CL 2406.19999
cs.CL 2406.20015
cs.CL 2406.20030
cs.CL 2406.20038
cs.CL 2406.20052
cs.CL 2406.20054
cs.CL 2406.20060
cs.CL 2406.20079
cs.CL 2406.20086
cs.CL 2406.20094
cs.CL 2407.00020
cs.CL 2407.00047
cs.CL 2407.00053
cs.CL 2407.00066
cs.CL 2407.00071
cs.CL 2407.00072
cs.CL 2407.00075
cs.CL 2407.00087
cs.CL 2407.00100
cs.CL 2407.00106
cs.CL 2407.00108
cs.CL 2407.00111
cs.CL 2407.00121
cs.CL 2407.00250
cs.CL 2407.00256
cs.CL 2407.00379
cs.CL 2407.00407
cs.CL 2407.00463
cs.CL 2407.00468
cs.CL 2407.00569
cs.CL 2407.00617
cs.CL 2407.00632
cs.CL 2407.00743
cs.CL 2407.00886
cs.CL 2407.00902
cs.CL 2407.00928
cs.CL 2407.00942
cs.CL 2407.00981
cs.CL 2407.00993
cs.CL 2407.01067
cs.CL 2407.01081
cs.CL 2407.01157
cs.CL 2407.01274
cs.CL 2407.01284
cs.CL 2407.01291
cs.CL 2407.01320
cs.CL 2407.01376
cs.CL 2407.01394
cs.CL 2407.01449
cs.CV 2406.18547
cs.CL 2407.01476
cs.CV 2406.18548
cs.CL 2407.01489
cs.CL 2407.01509
cs.CV 2406.18549
cs.CL 2407.01523
cs.CV 2406.18555
cs.CL 2407.01525
cs.CV 2406.18556
cs.CL 2407.00146
cs.CV 2406.18559
cs.CL 2407.00167
cs.CL 2407.00191
cs.CV 2406.18563
cs.CL 2407.00211
cs.CV 2406.18570
cs.CL 2407.00219
cs.CV 2406.18595
cs.CL 2407.00242
cs.CV 2406.18722
cs.CL 2407.00248
cs.CV 2406.18765
cs.CL 2407.00263
cs.CV 2406.18915
cs.CL 2407.00320
cs.CL 2407.00322
cs.CL 2407.00341
cs.CL 2407.00342
cs.CL 2407.00361
cs.CL 2407.00365
cs.CL 2407.00369
cs.CL 2407.00377
cs.CL 2407.00390
cs.CL 2407.00396
cs.CL 2407.00402
cs.CL 2407.00416
cs.CL 2407.00418
cs.CL 2407.00434
cs.CL 2407.00436
cs.CL 2407.00453
cs.CL 2407.00454
cs.CL 2407.00455
cs.CL 2407.00466
cs.CL 2407.00475
cs.CL 2407.00476
cs.CL 2407.00486
cs.CL 2407.00487
cs.CL 2407.00488
cs.CL 2407.00497
cs.CL 2407.00499
cs.CL 2407.00541
cs.CL 2407.00581
cs.CL 2407.00637
cs.CL 2407.00638
cs.CL 2407.00648
cs.CL 2407.00653
cs.CL 2407.00668
cs.CL 2407.00702
cs.CL 2407.00731
cs.CL 2407.00740
cs.CL 2407.00747
cs.CL 2407.00764
cs.CL 2407.00782
cs.CL 2407.00826
cs.CL 2407.00837
cs.CL 2407.00869
cs.CL 2407.00870
cs.CL 2407.00875
cs.CL 2407.00894
cs.CL 2407.00908
cs.CL 2407.00923
cs.CV 2406.18919
cs.CL 2407.00924
cs.CV 2406.18925
cs.CL 2407.00934
cs.CV 2406.18950
cs.CL 2407.00936
cs.CV 2406.18977
cs.CL 2407.00938
cs.CV 2406.19043
cs.CL 2407.00948
cs.CV 2406.19081
cs.CL 2407.00994
cs.CV 2406.19175
cs.CL 2407.00996
cs.CV 2406.19236
cs.CL 2407.00997
cs.CV 2406.19237
cs.CL 2407.01009
cs.CV 2406.19239
cs.CL 2407.01026
cs.CV 2406.19263
cs.CV 2406.19320
cs.CV 2406.19336
cs.CV 2406.19388
cs.CV 2406.18537
cs.CV 2406.18538
cs.CV 2406.18539
cs.CV 2406.18540
cs.CV 2406.18541
cs.CV 2406.18542
cs.CV 2406.18543
cs.CV 2406.18544
cs.CV 2406.18545
cs.CV 2406.18546
cs.CV 2406.18550
cs.CV 2406.18551
cs.CL 2407.01047
cs.CV 2406.18552
cs.CL 2407.01080
cs.CV 2406.18553
cs.CL 2407.01082
cs.CV 2406.18554
cs.CL 2407.01091
cs.CV 2406.18558
cs.CL 2407.01093
cs.CV 2406.18561
cs.CL 2407.01100
cs.CV 2406.18562
cs.CL 2407.01102
cs.CV 2406.18564
cs.CL 2407.01119
cs.CV 2406.18565
cs.CL 2407.01122
cs.CV 2406.18566
cs.CL 2407.01126
cs.CV 2406.18567
cs.CL 2407.01130
cs.CV 2406.18568
cs.CL 2407.01137
cs.CV 2406.18569
cs.CL 2407.01149
cs.CV 2406.18571
cs.CL 2407.01158
cs.CV 2406.18572
cs.CL 2407.01178
cs.CV 2406.18573
cs.CL 2407.01212
cs.CV 2406.18574
cs.CL 2407.01219
cs.CV 2406.18575
cs.CL 2407.01231
cs.CV 2406.18576
cs.CL 2407.01257
cs.CV 2406.18579
cs.CL 2407.01264
cs.CL 2407.01270
cs.CL 2407.01271
cs.CV 2406.18580
cs.CL 2407.01272
cs.CV 2406.18581
cs.CL 2407.01300
cs.CV 2406.18582
cs.CL 2407.01315
cs.CV 2406.18583
cs.CL 2407.01334
cs.CV 2406.18584
cs.CL 2407.01358
cs.CV 2406.18585
cs.CL 2407.01360
cs.CV 2406.18586
cs.CL 2407.01370
cs.CV 2406.18587
cs.CL 2407.01374
cs.CV 2406.18588
cs.CL 2407.01384
cs.CV 2406.18589
cs.CL 2407.01393
cs.CV 2406.18591
cs.CL 2407.01406
cs.CV 2406.18593
cs.CL 2407.01409
cs.CV 2406.18610
cs.CL 2407.01411
cs.CV 2406.18628
cs.CL 2407.01424
cs.CV 2406.18684
cs.CL 2407.01437
cs.CV 2406.18691
cs.CL 2407.01455
cs.CV 2406.18709
cs.CL 2407.01461
cs.CV 2406.18717
cs.CL 2407.01463
cs.CV 2406.18742
cs.CL 2407.01470
cs.CV 2406.18790
cs.CL 2407.01490
cs.CV 2406.18809
cs.CL 2407.01491
cs.CV 2406.18817
cs.CL 2407.01492
cs.CV 2406.18836
cs.CL 2407.01505
cs.CV 2406.18837
cs.CL 2407.01527
cs.CV 2406.18844
cs.CL 2402.01183
cs.CV 2406.18845
cs.CL 2407.01551
cs.CV 2406.18849
cs.CV 2406.18864
cs.CL 2407.01557
cs.CL 2407.01603
cs.CV 2406.18868
cs.CL 2407.01606
cs.CV 2406.18893
cs.CL 2407.01626
cs.CV 2406.18898
cs.CL 2407.01824
cs.CV 2406.18901
cs.CL 2407.01873
cs.CV 2406.18908
cs.CL 2407.01887
cs.CV 2406.18927
cs.CL 2407.01892
cs.CV 2406.18941
cs.CL 2407.01902
cs.CV 2406.18944
cs.CL 2407.01942
cs.CV 2406.18958
cs.CL 2407.01994
cs.CV 2406.18967
cs.CL 2407.02049
cs.CV 2406.18992
cs.CL 2407.02119
cs.CV 2406.18996
cs.CL 2407.02389
cs.CV 2406.18999
cs.CL 2407.02395
cs.CV 2406.19006
cs.CL 2407.02477
cs.CV 2406.19030
cs.CL 2407.01599
cs.CV 2406.19048
cs.CL 2407.01602
cs.CV 2406.19055
cs.CL 2407.01687
cs.CV 2406.19057
cs.CL 2407.01697
cs.CV 2406.19070
cs.CL 2407.01725
cs.CV 2406.19087
cs.CL 2407.01784
cs.CV 2406.19101
cs.CL 2407.01796
cs.CV 2406.19107
cs.CL 2407.01817
cs.CV 2406.19130
cs.CL 2407.01834
cs.CV 2406.19131
cs.CL 2407.01850
cs.CV 2406.19148
cs.CL 2407.01853
cs.CV 2406.19150
cs.CL 2407.01863
cs.CV 2406.19162
cs.CL 2407.01878
cs.CV 2406.19217
cs.CL 2407.01885
cs.CV 2406.19225
cs.CL 2407.01896
cs.CV 2406.19247
cs.CL 2407.01897
cs.CV 2406.19255
cs.CL 2407.01899
cs.CV 2406.19280
cs.CL 2407.01906
cs.CV 2406.19290
cs.CL 2407.01909
cs.CV 2406.19297
cs.CL 2407.01911
cs.CV 2406.19298
cs.CL 2407.01920
cs.CV 2406.19299
cs.CL 2407.01929
cs.CV 2406.19302
cs.CL 2407.01937
cs.CL 2407.01948
cs.CV 2406.19316
cs.CL 2407.01955
cs.CV 2406.19341
cs.CL 2407.01964
cs.CV 2406.19353
cs.CL 2407.01965
cs.CV 2406.19362
cs.CL 2407.01976
cs.CV 2406.19364
cs.CL 2407.01992
cs.CV 2406.19369
cs.CL 2407.02005
cs.CV 2406.19389
cs.CL 2407.02028
cs.CV 2406.19390
cs.CL 2407.02030
cs.CV 2406.19391
cs.CL 2407.02039
cs.CL 2407.02042
cs.CL 2407.02043
cs.CV 2406.19392
cs.CL 2407.02056
cs.CV 2406.19393
cs.CL 2407.02062
cs.CV 2406.19394
cs.CL 2407.02066
cs.CV 2406.19395
cs.CL 2407.02067
cs.CV 2406.19461
cs.CV 2406.19464
cs.CL 2407.02099
cs.CV 2406.19485
cs.CL 2407.02118
cs.CV 2406.19492
cs.CL 2407.02122
cs.CV 2406.19556
cs.CL 2407.02136
cs.CV 2406.19557
cs.CL 2407.02138
cs.CV 2406.19593
cs.CL 2407.02147
cs.CV 2406.19635
cs.CL 2407.02203
cs.CV 2406.19649
cs.CL 2407.02208
cs.CV 2406.19686
cs.CL 2407.02209
cs.CV 2406.19693
cs.CL 2407.02211
cs.CV 2406.19749
cs.CL 2407.02233
cs.CV 2406.19796
cs.CL 2407.02235
cs.CV 2406.19943
cs.CL 2407.02243
cs.CV 2406.19997
cs.CL 2407.02273
cs.CV 2406.20005
cs.CL 2407.02284
cs.CV 2406.20042
cs.CL 2407.02301
cs.CV 2406.20083
cs.CL 2407.02302
cs.CV 2406.20095
cs.CL 2407.02310
cs.CV 2406.19398
cs.CL 2407.02317
cs.CV 2406.19400
cs.CL 2407.02320
cs.CV 2406.19407
cs.CL 2407.02328
cs.CL 2407.02333
cs.CV 2406.19435
cs.CL 2407.02337
cs.CV 2406.19498
cs.CL 2407.02340
cs.CV 2406.19520
cs.CL 2407.02345
cs.CV 2406.19540
cs.CL 2407.02351
cs.CV 2406.19560
cs.CL 2407.02352
cs.CV 2406.19568
cs.CL 2407.02354
cs.CV 2406.19578
cs.CL 2407.02397
cs.CV 2406.19602
cs.CL 2407.02408
cs.CV 2406.19630
cs.CV 2406.19632
cs.CL 2407.02409
cs.CV 2406.19638
cs.CL 2407.02432
cs.CV 2406.19640
cs.CL 2407.02446
cs.CV 2406.19655
cs.CL 2407.02448
cs.CV 2406.19665
cs.CL 2407.02472
cs.CV 2406.19666
cs.CL 2407.02483
cs.CV 2406.19668
cs.CL 2407.02485
cs.CV 2406.19672
cs.CL 2407.02486
cs.CV 2406.19675
cs.CV 2406.19680
cs.CL 2407.02490
cs.CV 2406.19690
cs.CL 2407.02511
cs.CV 2406.19703
cs.CL 2407.02514
cs.CV 2406.19726
cs.CL 2407.02518
cs.CV 2406.19736
cs.CL 2407.02528
cs.CV 2406.19756
cs.CL 2407.02596
cs.CV 2406.19811
cs.CL 2407.02604
cs.CV 2406.19814
cs.CL 2407.02623
cs.CV 2406.19815
cs.CL 2407.02646
cs.CV 2406.19833
cs.CL 2407.02662
cs.CV 2406.19844
cs.CL 2407.02678
cs.CV 2406.19852
cs.CL 2407.02694
cs.CV 2406.19875
cs.CL 2407.02742
cs.CV 2406.19899
cs.CL 2407.02772
cs.CV 2406.19905
cs.CL 2407.02814
cs.CV 2406.19922
cs.CV 2406.19941
cs.CL 2407.02833
cs.CV 2406.19973
cs.CL 2407.02842
cs.CV 2406.20024
cs.CL 2407.02855
cs.CV 2406.20055
cs.CL 2407.02867
cs.CV 2406.20066
cs.CL 2407.02883
cs.CV 2406.20076
cs.CL 2407.02885
cs.CV 2406.20077
cs.CL 2407.02891
cs.CV 2406.20078
cs.CL 2407.02936
cs.CV 2406.20081
cs.CL 2407.02943
cs.CV 2406.20085
cs.CL 2407.02956
cs.CV 2406.20092
cs.CL 2407.02960
cs.CV 2406.20098
cs.CL 2407.02987
cs.CV 2406.20099
cs.CL 2407.03045
cs.CV 2407.00018
cs.CL 2407.03104
cs.CV 2407.00098
cs.CL 2407.03132
cs.CV 2407.00104
cs.CL 2407.03160
cs.CL 2407.03190
cs.CV 2407.00138
cs.CL 2407.03192
cs.CV 2407.00143
cs.CL 2407.03232
cs.CV 2407.00176
cs.CV 2407.00186
cs.CL 2407.03234
cs.CV 2407.00187
cs.CL 2407.03255
cs.CV 2407.00261
cs.CL 2407.03314
cs.CV 2407.00263
cs.CL 2407.03320
cs.CV 2407.00278
cs.CL 2407.02543
cs.CV 2407.00280
cs.CL 2407.02552
cs.CV 2407.00297
cs.CL 2407.02631
cs.CV 2407.00356
cs.CL 2407.02637
cs.CV 2407.00377
cs.CL 2407.02659
cs.CV 2407.00465
cs.CL 2407.02719
cs.CV 2407.00482
cs.CL 2407.02723
cs.CV 2407.00521
cs.CL 2407.02736
cs.CV 2407.00535
cs.CL 2407.02750
cs.CV 2407.00537
cs.CL 2407.02751
cs.CV 2407.00538
cs.CL 2407.02775
cs.CV 2407.00595
cs.CL 2407.02776
cs.CV 2407.00596
cs.CL 2407.02783
cs.CV 2407.00614
cs.CL 2407.02819
cs.CV 2407.00632
cs.CL 2407.02820
cs.CV 2407.00678
cs.CL 2407.02834
cs.CV 2407.00718
cs.CL 2407.02837
cs.CV 2407.00759
cs.CL 2407.02854
cs.CV 2407.00909
cs.CL 2407.02894
cs.CV 2407.00985
cs.CL 2407.02917
cs.CV 2407.01012
cs.CL 2407.02937
cs.CV 2407.01032
cs.CV 2407.01067
cs.CV 2407.01090
cs.CV 2407.01146
cs.CV 2407.01163
cs.CV 2407.01191
cs.CV 2407.01284
cs.CV 2407.01310
cs.CV 2407.01392
cs.CV 2407.01419
cs.CV 2407.01445
cs.CV 2407.01449
cs.CV 2407.01467
cs.CV 2407.01491
cs.CV 2407.01517
cs.CV 2407.01521
cs.CV 2407.01530
cs.CV 2407.00020
cs.CL 2407.02964
cs.CV 2407.00021
cs.CL 2407.02977
cs.CV 2407.00024
cs.CL 2407.02978
cs.CV 2407.00120
cs.CL 2407.02996
cs.CV 2407.00127
cs.CL 2407.03000
cs.CV 2407.00148
cs.CL 2407.03004
cs.CV 2407.00203
cs.CL 2407.03005
cs.CV 2407.00224
cs.CL 2407.03007
cs.CV 2407.00226
cs.CL 2407.03020
cs.CV 2407.00229
cs.CL 2407.03032
cs.CV 2407.00233
cs.CL 2407.03038
cs.CV 2407.00247
cs.CL 2407.03040
cs.CV 2407.00250
cs.CL 2407.03051
cs.CV 2407.00252
cs.CL 2407.03061
cs.CV 2407.00267
cs.CL 2407.03076
cs.CV 2407.00295
cs.CL 2407.03103
cs.CV 2407.00296
cs.CL 2407.03129
cs.CV 2407.00301
cs.CL 2407.03145
cs.CV 2407.00315
cs.CL 2407.03157
cs.CV 2407.00316
cs.CL 2407.03169
cs.CV 2407.00352
cs.CL 2407.03181
cs.CV 2407.00362
cs.CV 2407.00367
cs.CL 2407.03211
cs.CL 2407.03227
cs.CV 2407.00389
cs.CL 2407.03236
cs.CV 2407.00410
cs.CL 2407.03253
cs.CV 2407.00431
cs.CL 2407.03277
cs.CV 2407.00438
cs.CV 2407.00446
cs.CV 2407.00462
cs.CV 2407.00468
cs.CV 2407.00480
cs.CV 2407.00500
cs.CV 2407.00503
cs.CV 2407.00557
cs.CV 2407.00569
cs.CV 2407.00574
cs.CV 2407.00592
cs.CV 2407.00600
cs.CV 2407.00603
cs.CV 2407.00609
cs.CV 2407.00623
cs.CV 2407.00633
cs.CV 2407.00634
cs.CV 2407.00664
cs.CV 2407.00665
cs.CV 2407.00676
cs.CV 2407.00679
cs.CL 2407.03282
cs.CV 2407.00697
cs.CL 2407.03302
cs.CV 2407.00737
cs.CL 2407.03321
cs.CV 2407.00738
cs.CV 2407.00742
cs.CV 2407.00752
cs.CV 2407.00783
cs.CV 2407.00788
cs.CV 2407.00803
cs.CV 2407.00815
cs.CV 2407.00818
cs.CV 2407.00830
cs.CV 2407.00851
cs.CV 2407.00863
cs.CV 2407.00902
cs.CV 2407.00905
cs.CV 2407.00906
cs.CV 2407.00911
cs.CV 2407.00917
cs.CV 2407.00921
cs.CV 2407.00944
cs.CV 2407.00949
cs.CV 2407.00967
cs.CV 2407.00972
cs.CV 2407.00979
cs.CV 2407.00983
cs.CV 2407.01003
cs.CV 2407.01007
cs.CV 2407.01014
cs.CV 2407.01016
cs.CV 2407.01017
cs.CV 2407.01027
cs.CV 2407.01029
cs.CV 2407.01034
cs.CV 2407.01074
cs.CV 2407.01081
cs.CV 2407.01092
cs.CV 2407.01094
cs.CV 2407.01104
cs.CV 2407.01117
cs.CV 2407.01129
cs.CV 2407.01131
cs.CV 2407.01142
cs.CV 2407.01157
cs.CV 2407.01168
cs.CV 2407.01193
cs.CV 2407.01211
cs.CV 2407.01220
cs.CV 2407.01230
cs.CV 2407.01239
cs.CV 2407.01244
cs.CV 2407.01247
cs.CV 2407.01265
cs.CV 2407.01278
cs.CV 2407.01295
cs.CV 2407.01299
cs.CV 2407.01301
cs.CV 2407.01302
cs.CV 2407.01312
cs.CV 2407.01327
cs.CV 2407.01328
cs.CV 2407.01330
cs.CV 2407.01331
cs.CV 2407.01332
cs.CV 2407.01349
cs.CV 2407.01355
cs.CV 2407.01375
cs.CV 2407.01394
cs.CV 2407.01397
cs.CV 2407.01400
cs.CV 2407.01408
cs.CV 2407.01414
cs.CV 2407.01425
cs.CV 2407.01435
cs.CV 2407.01436
cs.CV 2407.01494
cs.CV 2407.01509
cs.CV 2407.01516
cs.CV 2407.01518
cs.CV 2407.01519
cs.CV 2407.01523
cs.CV 2407.01525
cs.CV 2402.01183
cs.CV 2407.01537
cs.CV 2407.01559
cs.CV 2407.01561
cs.CV 2407.01599
cs.CV 2407.01606
cs.CV 2407.01811
cs.CV 2407.01869
cs.CV 2407.01888
cs.CV 2407.01903
cs.CV 2407.01908
cs.CV 2407.01919
cs.CV 2407.01920
cs.CV 2407.01926
cs.CV 2407.01942
cs.CV 2407.02078
cs.CV 2407.02172
cs.CV 2407.02188
cs.CV 2407.02197
cs.CV 2407.02253
cs.CV 2407.02318
cs.CV 2407.02333
cs.CV 2407.02335
cs.CV 2407.02356
cs.CV 2407.02405
cs.CV 2407.02418
cs.CV 2407.02437
cs.CV 2407.02484
cs.CV 2407.01579
cs.CV 2407.01636
cs.CV 2407.01702
cs.CV 2407.01705
cs.CV 2407.01717
cs.CV 2407.01726
cs.CV 2407.01731
cs.CV 2407.01761
cs.CV 2407.01781
cs.CV 2407.01782
cs.CV 2407.01789
cs.CV 2407.01790
cs.CV 2407.01791
cs.CV 2407.01810
cs.CV 2407.01842
cs.CV 2407.01846
cs.CV 2407.01851
cs.CV 2407.01864
cs.CV 2407.01866
cs.CV 2407.01872
cs.CV 2407.01884
cs.CV 2407.01894
cs.CV 2407.01905
cs.CV 2407.01907
cs.CV 2407.01921
cs.CV 2407.01925
cs.CV 2407.01928
cs.CV 2407.01930
cs.CV 2407.01931
cs.CV 2407.01945
cs.CV 2407.01959
cs.CV 2407.01960
cs.CV 2407.01967
cs.CV 2407.01971
cs.CV 2407.01983
cs.CV 2407.01987
cs.CV 2407.01996
cs.CV 2407.02004
cs.CV 2407.02014
cs.CV 2407.02034
cs.CV 2407.02038
cs.CV 2407.02040
cs.CV 2407.02047
cs.CV 2407.02068
cs.CV 2407.02075
cs.CV 2407.02077
cs.CV 2407.02098
cs.CV 2407.02104
cs.CV 2407.02109
cs.CV 2407.02123
cs.CV 2407.02150
cs.CV 2407.02157
cs.CV 2407.02158
cs.CV 2407.02159
cs.CV 2407.02165
cs.CV 2407.02174
cs.CV 2407.02182
cs.CV 2407.02187
cs.CV 2407.02218
cs.CV 2407.02222
cs.CV 2407.02228
cs.CV 2407.02229
cs.CV 2407.02241
cs.CV 2407.02248
cs.CV 2407.02252
cs.CV 2407.02261
cs.CV 2407.02264
cs.CV 2407.02272
cs.CV 2407.02280
cs.CV 2407.02283
cs.CV 2407.02286
cs.CV 2407.02309
cs.CV 2407.02315
cs.CV 2407.02329
cs.CV 2407.02350
cs.CV 2407.02361
cs.CV 2407.02370
cs.CV 2407.02371
cs.CV 2407.02382
cs.CV 2407.02386
cs.CV 2407.02387
cs.CV 2407.02389
cs.CV 2407.02392
cs.CV 2407.02394
cs.CV 2407.02398
cs.CV 2407.02403
cs.CV 2407.02411
cs.CV 2407.02422
cs.CV 2407.02430
cs.CV 2407.02439
cs.CV 2407.02445
cs.CV 2407.02455
cs.CV 2407.02477
cs.CV 2407.02482
cs.CV 2407.02489
cs.CV 2407.00299
cs.CV 2407.02534
cs.CV 2407.02591
cs.CV 2407.02616
cs.CV 2407.02623
cs.CV 2407.02625
cs.CV 2407.02675
cs.CV 2407.02687
cs.CV 2407.02721
cs.CV 2407.02744
cs.CV 2407.02758
cs.CV 2407.02772
cs.CV 2407.02793
cs.CV 2407.02797
cs.CV 2407.02814
cs.CV 2407.02844
cs.CV 2407.02854
cs.CV 2407.02863
cs.CV 2407.02871
cs.CV 2407.02880
cs.CV 2407.02881
cs.CV 2407.02900
cs.CV 2407.02911
cs.CV 2407.02926
cs.CV 2407.02942
cs.CV 2407.02974
cs.CV 2407.03000
cs.CV 2407.03041
cs.CV 2407.03146
cs.CV 2407.03153
cs.CV 2407.03162
cs.CV 2407.03178
cs.CV 2407.03239
cs.CV 2407.03291
cs.CV 2407.03300
cs.CV 2407.03307
cs.CV 2407.02581
cs.CV 2407.02585
cs.CV 2407.02586
cs.CV 2407.02598
cs.CV 2407.02599
cs.CV 2407.02633
cs.CV 2407.02639
cs.CV 2407.02647
cs.CV 2407.02665
cs.CV 2407.02668
cs.CV 2407.02670
cs.CV 2407.02683
cs.CV 2407.02685
cs.CV 2407.02688
cs.CV 2407.02713
cs.CV 2407.02716
cs.CV 2407.02730
cs.CV 2407.02738
cs.CV 2407.02763
cs.CV 2407.02768
cs.CV 2407.02769
cs.CV 2407.02778
cs.CV 2407.02794
cs.CV 2407.02813
cs.CV 2407.02830
cs.CV 2407.02832
cs.CV 2407.02835
cs.CV 2407.02842
cs.CV 2407.02846
cs.CV 2407.02853
cs.CV 2407.02887
cs.CV 2407.02893
cs.CV 2407.02906
cs.CV 2407.02910
cs.CV 2407.02918
cs.CV 2407.02920
cs.CV 2407.02934
cs.CV 2407.02945
cs.CV 2407.02946
cs.CV 2407.02968
cs.CV 2407.02988
cs.CV 2407.02990
cs.CV 2407.03006
cs.CV 2407.03008
cs.CV 2407.03009
cs.CV 2407.03010
cs.CV 2407.03018
cs.CV 2407.03033
cs.CV 2407.03036
cs.CV 2407.03043
cs.CV 2407.03056
cs.CV 2407.03104
cs.CV 2407.03106
cs.CV 2407.03115
cs.CV 2407.03130
cs.CV 2407.03140
cs.CV 2407.03144
cs.CV 2407.03152
cs.CV 2407.03163
cs.CV 2407.03165
cs.CV 2407.03168
cs.CV 2407.03172
cs.CV 2407.03179
cs.CV 2407.03197
cs.CV 2407.03200
cs.CV 2407.03204
cs.CV 2407.03205
cs.CV 2407.03216
cs.CV 2407.03217
cs.CV 2407.03240
cs.CV 2407.03243
cs.CV 2407.03251
cs.CV 2407.03263
cs.CV 2407.03268
cs.CV 2407.03292
cs.CV 2407.03297
cs.CV 2407.03305
cs.CV 2407.03314
cs.CV 2407.03320
cs.IR 2406.18535
cs.IR 2406.18579
cs.IR 2406.18740
cs.IR 2406.18747
cs.IR 2406.18836
cs.IR 2406.19102
cs.IR 2406.19150
cs.IR 2406.19237
cs.IR 2406.18825
cs.IR 2406.18938
cs.IR 2406.18960
cs.IR 2406.18962
cs.IR 2406.18984
cs.IR 2406.19007
cs.IR 2406.19018
cs.IR 2406.19281
cs.IR 2406.19309
cs.IR 2406.19526
cs.IR 2406.19928
cs.IR 2406.19647
cs.IR 2406.19760
cs.IR 2406.19804
cs.IR 2407.00053
cs.IR 2407.00064
cs.IR 2407.00104
cs.IR 2407.00541
cs.IR 2407.01102
cs.IR 2407.01424
cs.IR 2407.00038
cs.IR 2407.00056
cs.IR 2407.00062
cs.IR 2407.00063
cs.IR 2407.00067
cs.IR 2407.00072
cs.IR 2407.00077
cs.IR 2407.00082
cs.IR 2407.00085
cs.IR 2407.00091
cs.IR 2407.00097
cs.IR 2407.00128
cs.IR 2407.00317
cs.IR 2407.00635
cs.IR 2407.00787
cs.IR 2407.00834
cs.IR 2407.00909
cs.IR 2407.00912
cs.IR 2407.00942
cs.IR 2407.01069
cs.IR 2407.01373
cs.IR 2407.01403
cs.IR 2407.01449
cs.IR 2407.01585
cs.IR 2407.01607
cs.IR 2407.01732
cs.IR 2407.01896
cs.IR 2407.01965
cs.IR 2407.01994
cs.IR 2407.02028
cs.IR 2407.02104
cs.IR 2407.02156
cs.IR 2407.02485
cs.IR 2407.01626
cs.IR 2407.01627
cs.IR 2407.01630
cs.IR 2407.01712
cs.IR 2407.01972
cs.IR 2407.02464
cs.IR 2407.02536
cs.IR 2407.02732
cs.IR 2407.02542
cs.IR 2407.02793
cs.IR 2407.02833
cs.IR 2407.02839
cs.IR 2407.02883
cs.MA 2406.18961
cs.MA 2406.19181
cs.MA 2406.19852
cs.MA 2406.19930
cs.MA 2406.19477
cs.MA 2406.19742
cs.MA 2406.20041
cs.MA 2407.00080
cs.MA 2407.00092
cs.MA 2407.00412
cs.MA 2407.00419
cs.MA 2407.00632
cs.MA 2407.00762
cs.MA 2407.01093
cs.MA 2407.01308
cs.MA 2407.00575
cs.MA 2407.00629
cs.MA 2407.00662
cs.MA 2407.00674
cs.MA 2407.01501
cs.MA 2407.01757
cs.MA 2407.02342
cs.MA 2407.01788
cs.MA 2407.02518
cs.MA 2407.02613
cs.MA 2407.02491
cs.MA 2407.03180
cs.CC 2406.19378
cs.CC 2406.18700
cs.CC 2406.19610
cs.CC 2406.20069
cs.CC 2406.19467
cs.CC 2406.19514
cs.CC 2406.19685
cs.CC 2407.00101
cs.CC 2407.00182
cs.CC 2407.00688
cs.CC 2407.00694
cs.CC 2407.00927
cs.CC 2407.00966
cs.CC 2407.01071
cs.CC 2407.00409
cs.CC 2407.01402
cs.CC 2407.01802
cs.CC 2407.02515
cs.CC 2407.02907
cs.CC 2407.02968
cs.CR 2406.18540
cs.CR 2406.18651
cs.CR 2406.18944
cs.CR 2406.19040
cs.CR 2406.19304
cs.CR 2406.19378
cs.CR 2406.18671
cs.CR 2406.18813
cs.CR 2406.18894
cs.CR 2406.18940
cs.CR 2406.19035
cs.CR 2406.19042
cs.CR 2406.19091
cs.CR 2406.19094
cs.CR 2406.19220
cs.CR 2406.19234
cs.CR 2406.19311
cs.CR 2406.19338
cs.CR 2406.19374
cs.CR 2406.19507
cs.CR 2406.19566
cs.CR 2406.19579
cs.CR 2406.19642
cs.CR 2406.19730
cs.CR 2406.19983
cs.CR 2406.19413
cs.CR 2406.19417
cs.CR 2406.19418
cs.CR 2406.19433
cs.CR 2406.19466
cs.CR 2406.19489
cs.CR 2406.19549
cs.CR 2406.19570
cs.CR 2406.19596
cs.CR 2406.19610
cs.CR 2406.19845
cs.CR 2406.19881
cs.CR 2406.19964
cs.CR 2406.19975
cs.CR 2406.19978
cs.CR 2406.19990
cs.CR 2406.20053
cs.CR 2406.20071
cs.CR 2406.20072
cs.CR 2407.00075
cs.CR 2407.00077
cs.CR 2407.00106
cs.CR 2407.00877
cs.CR 2407.01167
cs.CR 2407.01282
cs.CR 2407.01334
cs.CR 2407.01376
cs.CR 2407.00073
cs.CR 2407.00246
cs.CR 2407.00336
cs.CR 2407.00347
cs.CR 2407.00417
cs.CR 2407.00483
cs.CR 2407.00534
cs.CR 2407.00538
cs.CR 2407.00585
cs.CR 2407.00630
cs.CR 2407.00682
cs.CR 2407.00704
cs.CR 2407.00719
cs.CR 2407.00750
cs.CR 2407.00784
cs.CR 2407.00873
cs.CR 2407.00876
cs.CR 2407.00913
cs.CR 2407.00918
cs.CR 2407.01110
cs.CR 2407.01204
cs.CR 2407.01235
cs.CR 2407.01251
cs.CR 2407.01260
cs.CR 2407.01426
cs.CR 2407.01433
cs.CR 2407.01474
cs.CR 2407.01529
cs.CR 2407.01599
cs.CR 2407.01917
cs.CR 2407.02053
cs.CR 2407.02191
cs.CR 2407.02240
cs.CR 2407.02269
cs.CR 2407.02411
cs.CR 2407.02431
cs.CR 2407.02437
cs.CR 2407.01902
cs.CR 2407.01919
cs.CR 2407.02111
cs.CR 2407.02226
cs.CR 2407.02268
cs.CR 2407.02287
cs.CR 2407.02452
cs.CR 2407.02461
cs.CR 2407.02509
cs.CR 2407.02518
cs.CR 2407.02747
cs.CR 2407.02856
cs.CR 2407.03093
cs.CR 2407.03234
cs.CR 2407.03289
cs.CR 2407.02528
cs.CR 2407.02534
cs.CR 2407.02551
cs.CR 2407.02596
cs.CR 2407.02698
cs.CR 2407.02733
cs.CR 2407.02766
cs.CR 2407.02855
cs.CR 2407.02886
cs.CR 2407.02943
cs.CR 2407.02956
cs.CR 2407.02960
cs.CR 2407.02969
cs.CR 2407.03019
cs.CR 2407.03070
cs.CR 2407.03160
cs.CR 2407.03237
cs.CR 2407.03264
cs.IT 2406.18598
cs.IT 2406.18651
cs.IT 2406.18655
cs.IT 2406.18658
cs.IT 2406.19060
cs.IT 2406.19061
cs.IT 2406.18985
cs.IT 2406.19002
cs.IT 2406.19026
cs.IT 2406.19084
cs.IT 2406.19248
cs.IT 2406.19334
cs.IT 2406.19542
cs.IT 2406.19617
cs.IT 2406.19945
cs.IT 2406.19983
cs.IT 2406.19583
cs.IT 2406.19664
cs.IT 2406.19767
cs.IT 2406.20019
cs.IT 2407.00020
cs.IT 2407.00064
cs.IT 2407.00241
cs.IT 2407.00289
cs.IT 2407.00412
cs.IT 2407.00482
cs.IT 2407.00750
cs.IT 2407.01250
cs.IT 2407.01305
cs.IT 2407.00579
cs.IT 2407.00677
cs.IT 2407.00955
cs.IT 2407.01018
cs.IT 2407.01167
cs.IT 2407.01229
cs.IT 2407.01263
cs.IT 2407.01336
cs.IT 2407.01401
cs.IT 2407.01498
cs.IT 2407.01813
cs.IT 2407.01837
cs.IT 2407.02450
cs.IT 2407.01703
cs.IT 2407.01747
cs.IT 2407.01946
cs.IT 2407.02053
cs.IT 2407.02134
cs.IT 2407.02200
cs.IT 2407.02281
cs.IT 2407.02400
cs.IT 2407.02442
cs.IT 2407.02493
cs.IT 2407.02811
cs.IT 2407.02963
cs.IT 2407.02977
cs.IT 2407.02816
cs.IT 2407.02877
cs.IT 2407.02919
cs.IT 2407.02922
cs.IT 2407.02949
cs.IT 2407.02953
cs.IT 2407.03054
cs.IT 2407.03175
cs.IT 2407.03280
cs.IT 2407.03289
cs.NI 2406.18741
cs.NI 2406.19009
cs.NI 2406.19296
cs.NI 2406.19304
cs.NI 2406.19806
cs.NI 2406.19871
cs.NI 2406.19569
cs.NI 2406.19677
cs.NI 2407.00013
cs.NI 2407.00081
cs.NI 2407.00412
cs.NI 2407.00565
cs.NI 2407.00832
cs.NI 2407.00839
cs.NI 2407.01378
cs.NI 2407.00286
cs.NI 2407.00351
cs.NI 2407.00464
cs.NI 2407.00513
cs.NI 2407.00550
cs.NI 2407.00552
cs.NI 2407.00643
cs.NI 2407.00814
cs.NI 2407.00828
cs.NI 2407.00877
cs.NI 2407.00987
cs.NI 2407.01180
cs.NI 2407.01576
cs.NI 2407.01841
cs.NI 2407.02287
cs.NI 2407.02342
cs.NI 2407.01534
cs.NI 2407.01535
cs.NI 2407.01540
cs.NI 2407.01541
cs.NI 2407.01543
cs.NI 2407.01544
cs.NI 2407.01552
cs.NI 2407.01738
cs.NI 2407.01890
cs.NI 2407.01917
cs.NI 2407.02037
cs.NI 2407.02184
cs.NI 2407.02292
cs.NI 2407.02341
cs.NI 2407.02404
cs.NI 2407.01822
cs.NI 2407.02491
cs.NI 2407.02698
cs.NI 2407.03091
cs.NI 2407.03215
cs.NI 2407.02498
cs.NI 2407.02667
cs.NI 2407.02669
cs.NI 2407.02815
cs.NI 2407.02845
cs.NI 2407.02929
cs.NI 2407.03068
cs.CE 2406.18856
cs.CE 2406.18833
cs.CE 2406.18846
cs.CE 2406.19025
cs.CE 2406.19261
cs.CE 2406.19396
cs.CE 2406.19399
cs.CE 2406.19403
cs.CE 2406.19708
cs.CE 2406.19623
cs.CE 2407.00006
cs.CE 2407.00761
cs.CE 2407.01041
cs.CE 2407.00337
cs.CE 2407.00407
cs.CE 2407.00535
cs.CE 2407.00640
cs.CE 2407.00711
cs.CE 2407.00904
cs.CE 2407.01088
cs.CE 2407.01267
cs.CE 2407.00382
cs.CE 2407.01641
cs.CE 2407.01848
cs.CE 2407.02213
cs.CE 2407.02236
cs.CE 2407.01953
cs.CE 2407.02072
cs.CE 2407.02501
cs.CE 2407.02770
cs.CE 2407.02494
cs.CE 2407.02505
cs.CE 2407.02519
cs.PF 2406.18445
cs.PF 2406.19058
cs.PF 2406.19575
cs.PF 2407.00019
cs.PF 2407.00030
cs.PF 2407.00394
cs.PF 2407.00643
cs.PF 2407.00829
cs.PF 2407.01481
cs.PF 2407.02238
cs.LO 2406.18930
cs.LO 2406.18727
cs.LO 2406.19379
cs.LO 2406.19830
cs.LO 2406.20071
cs.LO 2406.20072
cs.LO 2406.19714
cs.LO 2406.19882
cs.LO 2406.19890
cs.LO 2407.00220
cs.LO 2407.00245
cs.LO 2407.00606
cs.LO 2407.00625
cs.LO 2407.00687
cs.LO 2407.00688
cs.LO 2407.02167
cs.LO 2407.02304
cs.LO 2407.02514
cs.LO 2407.02515
cs.LO 2407.02975
cs.LO 2407.03155
cs.NA 2406.18613
cs.NA 2406.18726
cs.NA 2406.18794
cs.NA 2406.18833
cs.NA 2406.18860
cs.NA 2406.19377
cs.NA 2406.18948
cs.NA 2406.18963
cs.NA 2406.19000
cs.NA 2406.19339
cs.NA 2406.19525
cs.NA 2406.19775
cs.NA 2406.19835
cs.NA 2406.19914
cs.NA 2406.19479
cs.NA 2406.19496
cs.NA 2406.19603
cs.NA 2406.19754
cs.NA 2406.19799
cs.NA 2406.19831
cs.NA 2406.19889
cs.NA 2406.19981
cs.NA 2407.00006
cs.NA 2407.00213
cs.NA 2407.00231
cs.NA 2407.00337
cs.NA 2407.00359
cs.NA 2407.00588
cs.NA 2407.00698
cs.NA 2407.00765
cs.NA 2407.00779
cs.NA 2407.00810
cs.NA 2407.00871
cs.NA 2407.01041
cs.NA 2407.01175
cs.NA 2407.01443
cs.NA 2407.01464
cs.NA 2407.00294
cs.NA 2407.00382
cs.NA 2407.00422
cs.NA 2407.00425
cs.NA 2407.00428
cs.NA 2407.00441
cs.NA 2407.00442
cs.NA 2407.00471
cs.NA 2407.00485
cs.NA 2407.00533
cs.NA 2407.00572
cs.NA 2407.00612
cs.NA 2407.00619
cs.NA 2407.00656
cs.NA 2407.00701
cs.NA 2407.00746
cs.NA 2407.00786
cs.NA 2407.00792
cs.NA 2407.00822
cs.NA 2407.00823
cs.NA 2407.00827
cs.NA 2407.00845
cs.NA 2407.00893
cs.NA 2407.00907
cs.NA 2407.01019
cs.NA 2407.01098
cs.NA 2407.01125
cs.NA 2407.01184
cs.NA 2407.01404
cs.NA 2407.01496
cs.NA 2407.01583
cs.NA 2407.02153
cs.NA 2407.02372
cs.NA 2407.01698
cs.NA 2407.01783
cs.NA 2407.01785
cs.NA 2407.01793
cs.NA 2407.01803
cs.NA 2407.01822
cs.NA 2407.01826
cs.NA 2407.01827
cs.NA 2407.01977
cs.NA 2407.02009
cs.NA 2407.02015
cs.NA 2407.02100
cs.NA 2407.02101
cs.NA 2407.02127
cs.NA 2407.02242
cs.NA 2407.02257
cs.NA 2407.02377
cs.NA 2407.02433
cs.NA 2407.02494
cs.NA 2407.02519
cs.NA 2407.02892
cs.NA 2407.02909
cs.NA 2407.02913
cs.NA 2407.03272
cs.NA 2407.02602
cs.NA 2407.02677
cs.NA 2407.02931
cs.NA 2407.02932
cs.NA 2407.02939
cs.NA 2407.02950
cs.NA 2407.02962
cs.NA 2407.02986
cs.NA 2407.03208
cs.NA 2407.03230
cs.NA 2407.03250
cs.NA 2407.03303
cs.SE 2406.18813
cs.SE 2406.18616
cs.SE 2406.18627
cs.SE 2406.18945
cs.SE 2406.18959
cs.SE 2406.19171
cs.SE 2406.19240
cs.SE 2406.19254
cs.SE 2406.19508
cs.SE 2406.19544
cs.SE 2406.19633
cs.SE 2406.19670
cs.SE 2406.19765
cs.SE 2406.19783
cs.SE 2406.19801
cs.SE 2406.19812
cs.SE 2406.19847
cs.SE 2406.19896
cs.SE 2406.19904
cs.SE 2406.20035
cs.SE 2407.00031
cs.SE 2407.00064
cs.SE 2407.00246
cs.SE 2407.00125
cs.SE 2407.00132
cs.SE 2407.00215
cs.SE 2407.00225
cs.SE 2407.00273
cs.SE 2407.00323
cs.SE 2407.00345
cs.SE 2407.00391
cs.SE 2407.00456
cs.SE 2407.00768
cs.SE 2407.00862
cs.SE 2407.01407
cs.SE 2407.01423
cs.SE 2407.01489
cs.SE 2407.01493
cs.SE 2407.01595
cs.SE 2407.01608
cs.SE 2407.01639
cs.SE 2407.02167
cs.SE 2407.01638
cs.SE 2407.01646
cs.SE 2407.01688
cs.SE 2407.01710
cs.SE 2407.01722
cs.SE 2407.02095
cs.SE 2407.02336
cs.SE 2407.02355
cs.SE 2407.02395
cs.SE 2407.02402
cs.SE 2407.02914
cs.SE 2407.03157
cs.SE 2407.02509
cs.SE 2407.02510
cs.SE 2407.02512
cs.SE 2407.02518
cs.SE 2407.02522
cs.SE 2407.02620
cs.SE 2407.02643
cs.SE 2407.02644
cs.SE 2407.02680
cs.SE 2407.02706
cs.SE 2407.02732
cs.SE 2407.02742
cs.SE 2407.02791
cs.SE 2407.02805
cs.SE 2407.02818
cs.SE 2407.02824
cs.SE 2407.03037
cs.SE 2407.03093
cs.SE 2407.03283
cs.PL 2406.18260
cs.PL 2406.18304
cs.PL 2406.20037
cs.PL 2406.19541
cs.PL 2406.19592
cs.PL 2407.01204
cs.PL 2407.00514
cs.PL 2407.00540
cs.PL 2407.00941
cs.PL 2407.01365
cs.PL 2407.01638
cs.PL 2407.01742
cs.PL 2407.02518
cs.PL 2407.02818
cs.PL 2407.02499
cs.PL 2407.02524
cs.OS 2406.10635
cs.OS 2406.16250
cs.OS 2406.15776
cs.OS 2406.19120
cs.OS 2406.18980
cs.OS 2407.00313
cs.OS 2407.00832
cs.OS 2407.00839
cs.OS 2407.02764
cs.SD 2406.18910
cs.SD 2406.19311
cs.SD 2406.18621
cs.SD 2406.18625
cs.SD 2406.18747
cs.SD 2406.18862
cs.SD 2406.18928
cs.SD 2406.19243
cs.SD 2406.19328
cs.SD 2406.19388
cs.SD 2406.19464
cs.SD 2406.19674
cs.SD 2406.19954
cs.SD 2406.19589
cs.SD 2406.19706
cs.SD 2406.19959
cs.SD 2407.00003
cs.SD 2407.00291
cs.SD 2407.00529
cs.SD 2407.00753
cs.SD 2407.00756
cs.SD 2407.00826
cs.SD 2407.00837
cs.SD 2407.00913
cs.SD 2407.01257
cs.SD 2407.01494
cs.SD 2407.00188
cs.SD 2407.00465
cs.SD 2407.00531
cs.SD 2407.00657
cs.SD 2407.00766
cs.SD 2407.00888
cs.SD 2407.01143
cs.SD 2407.01291
cs.SD 2407.01317
cs.SD 2407.01452
cs.SD 2407.01499
cs.SD 2407.01857
cs.SD 2407.01909
cs.SD 2407.01911
cs.SD 2407.02004
cs.SD 2407.02005
cs.SD 2407.02049
cs.SD 2407.02052
cs.SD 2407.02243
cs.SD 2407.02264
cs.SD 2407.01777
cs.SD 2407.01860
cs.SD 2407.02156
cs.SD 2407.02170
cs.SD 2407.02277
cs.SD 2407.02318
cs.SD 2312.09259
cs.SD 2407.02543
cs.SD 2407.02631
cs.SD 2407.02749
cs.SD 2407.02937
cs.SD 2407.03005
cs.SD 2407.03169
cs.SD 2407.02857
cs.SD 2407.02869
cs.SD 2407.03026
cs.SD 2407.03110
cs.SD 2407.03132
cs.SD 2407.03135
cs.SD 2407.03188
cs.RO 2406.18537
cs.RO 2406.18564
cs.RO 2406.18742
cs.RO 2406.18837
cs.RO 2406.18914
cs.RO 2406.18924
cs.RO 2406.19057
cs.RO 2406.19217
cs.RO 2406.19236
cs.RO 2406.18557
cs.RO 2406.18699
cs.RO 2406.18722
cs.RO 2406.18746
cs.RO 2406.18812
cs.RO 2406.18850
cs.RO 2406.18899
cs.RO 2406.18915
cs.RO 2406.18977
cs.RO 2406.19016
cs.RO 2406.19323
cs.RO 2406.19551
cs.RO 2406.19800
cs.RO 2406.19844
cs.RO 2406.19461
cs.RO 2406.19464
cs.RO 2406.19634
cs.RO 2406.19646
cs.RO 2406.19678
cs.RO 2406.19693
cs.RO 2406.19741
cs.RO 2406.19781
cs.RO 2406.19791
cs.RO 2406.19798
cs.RO 2406.19848
cs.RO 2406.19893
cs.RO 2406.19930
cs.RO 2406.19963
cs.RO 2406.19971
cs.RO 2406.19972
cs.RO 2406.20061
cs.RO 2406.20083
cs.RO 2406.20095
cs.RO 2407.00218
cs.RO 2407.00446
cs.RO 2407.00460
cs.RO 2407.00674
cs.RO 2407.00815
cs.RO 2407.00959
cs.RO 2407.01095
cs.RO 2407.01154
cs.RO 2407.01302
cs.RO 2407.01333
cs.RO 2407.01349
cs.RO 2407.01392
cs.RO 2407.01436
cs.RO 2407.00014
cs.RO 2407.00144
cs.RO 2407.00187
cs.RO 2407.00217
cs.RO 2407.00251
cs.RO 2407.00259
cs.RO 2407.00278
cs.RO 2407.00290
cs.RO 2407.00299
cs.RO 2407.00324
cs.RO 2407.00412
cs.RO 2407.00451
cs.RO 2407.00507
cs.RO 2407.00518
cs.RO 2407.00548
cs.RO 2407.00562
cs.RO 2407.00563
cs.RO 2407.00577
cs.RO 2407.00578
cs.RO 2407.00614
cs.RO 2407.00616
cs.RO 2407.00632
cs.RO 2407.00658
cs.RO 2407.00820
cs.RO 2407.00848
cs.RO 2407.00889
cs.RO 2407.00898
cs.RO 2407.00931
cs.RO 2407.00973
cs.RO 2407.00985
cs.RO 2407.01011
cs.RO 2407.01013
cs.RO 2407.01050
cs.RO 2407.01073
cs.RO 2407.01084
cs.RO 2407.01103
cs.RO 2407.01191
cs.RO 2407.01209
cs.RO 2407.01216
cs.RO 2407.01222
cs.RO 2407.01275
cs.RO 2407.01280
cs.RO 2407.01292
cs.RO 2407.01303
cs.RO 2407.01308
cs.RO 2407.01361
cs.RO 2407.01366
cs.RO 2407.01418
cs.RO 2407.01468
cs.RO 2407.01479
cs.RO 2407.01512
cs.RO 2407.01531
cs.RO 2407.01596
cs.RO 2407.01702
cs.RO 2407.01824
cs.RO 2407.01872
cs.RO 2407.01956
cs.RO 2407.02182
cs.RO 2407.02197
cs.RO 2407.02382
cs.RO 2407.02466
cs.RO 2407.01537
cs.RO 2407.01562
cs.RO 2407.01563
cs.RO 2407.01567
cs.RO 2407.01568
cs.RO 2407.01570
cs.RO 2407.01571
cs.RO 2407.01573
cs.RO 2407.01575
cs.RO 2407.01576
cs.RO 2407.01578
cs.RO 2407.01593
cs.RO 2407.01733
cs.RO 2407.01739
cs.RO 2407.01755
cs.RO 2407.01792
cs.RO 2407.01809
cs.RO 2407.01811
cs.RO 2407.01812
cs.RO 2407.01862
cs.RO 2407.01865
cs.RO 2407.01888
cs.RO 2407.01891
cs.RO 2407.01898
cs.RO 2407.01950
cs.RO 2407.02008
cs.RO 2407.02061
cs.RO 2407.02078
cs.RO 2407.02090
cs.RO 2407.02151
cs.RO 2407.02190
cs.RO 2407.02192
cs.RO 2407.02220
cs.RO 2407.02231
cs.RO 2407.02232
cs.RO 2407.02245
cs.RO 2407.02274
cs.RO 2407.02282
cs.RO 2407.02363
cs.RO 2407.02374
cs.RO 2407.02379
cs.RO 2407.02405
cs.RO 2407.02428
cs.RO 2407.02449
cs.RO 2407.02473
cs.RO 2407.02613
cs.RO 2407.02861
cs.RO 2407.02863
cs.RO 2407.03261
cs.RO 2407.02500
cs.RO 2407.02502
cs.RO 2407.02503
cs.RO 2407.02504
cs.RO 2407.02508
cs.RO 2407.02511
cs.RO 2407.02516
cs.RO 2407.02517
cs.RO 2407.02520
cs.RO 2407.02521
cs.RO 2407.02539
cs.RO 2407.02546
cs.RO 2407.02648
cs.RO 2407.02664
cs.RO 2407.02666
cs.RO 2407.02745
cs.RO 2407.02746
cs.RO 2407.02777
cs.RO 2407.02786
cs.RO 2407.02797
cs.RO 2407.02873
cs.RO 2407.02876
cs.RO 2407.02878
cs.RO 2407.02904
cs.RO 2407.02933
cs.RO 2407.02957
cs.RO 2407.03003
cs.RO 2407.03035
cs.RO 2407.03041
cs.RO 2407.03084
cs.RO 2407.03091
cs.RO 2407.03122
cs.RO 2407.03136
cs.RO 2407.03162
cs.RO 2407.03219
cs.RO 2407.03224
cs.RO 2407.03241
cs.RO 2407.03245
cs.RO 2407.03311
stat.AP 2406.18617
stat.AP 2406.18819
stat.AP 2406.18936
stat.AP 2406.19015
stat.AP 2406.19105
stat.AP 2406.19152
stat.AP 2406.19213
stat.AP 2406.19222
stat.AP 2406.19346
stat.AP 2406.18601
stat.AP 2406.18602
stat.AP 2406.18603
stat.AP 2406.18606
stat.AP 2406.18611
stat.AP 2406.18751
stat.AP 2406.19414
stat.AP 2406.19524
stat.AP 2406.19563
stat.AP 2406.19639
stat.AP 2406.19716
stat.AP 2406.19965
stat.AP 2406.19591
stat.AP 2406.19835
stat.AP 2407.00028
stat.AP 2407.00099
stat.AP 2407.00139
stat.AP 2407.00175
stat.AP 2407.00224
stat.AP 2407.00292
stat.AP 2407.00317
stat.AP 2407.00561
stat.AP 2407.00650
stat.AP 2407.00846
stat.AP 2407.01036
stat.AP 2407.01483
stat.AP 2407.00709
stat.AP 2407.01172
stat.AP 2407.01565
stat.AP 2407.01623
stat.AP 2407.01765
stat.AP 2407.01868
stat.AP 2407.02125
stat.AP 2407.01547
stat.AP 2407.01797
stat.AP 2407.01949
stat.AP 2407.02501
stat.AP 2407.02536
stat.AP 2407.02671
stat.AP 2407.02684
stat.AP 2407.03172
stat.AP 2407.02690
stat.AP 2407.03312
cs.SC 2406.17122
cs.SC 2406.17224
cs.SC 2406.17610
cs.SC 2406.17762
cs.SC 2406.18930
cs.SC 2406.19121
cs.SC 2406.18964
cs.SC 2406.20071
cs.SC 2406.20072
cs.SC 2407.01284
cs.SC 2407.02060
cs.LG 2406.18545
cs.LG 2406.18554
cs.LG 2406.18556
cs.LG 2406.18559
cs.LG 2406.18560
cs.LG 2406.18561
cs.LG 2406.18562
cs.LG 2406.18563
cs.LG 2406.18566
cs.LG 2406.18568
cs.LG 2406.18572
cs.LG 2406.18574
cs.LG 2406.18575
cs.LG 2406.18580
cs.LG 2406.18583
cs.LG 2406.18588
cs.LG 2406.18589
cs.LG 2406.18591
cs.LG 2406.18595
cs.LG 2406.18602
cs.LG 2406.18603
cs.LG 2406.18612
cs.LG 2406.18613
cs.LG 2406.18623
cs.LG 2406.18624
cs.LG 2406.18627
cs.LG 2406.18651
cs.LG 2406.18664
cs.LG 2406.18671
cs.LG 2406.18672
cs.LG 2406.18676
cs.LG 2406.18679
cs.LG 2406.18682
cs.LG 2406.18690
cs.LG 2406.18726
cs.LG 2406.18747
cs.LG 2406.18757
cs.LG 2406.18781
cs.LG 2406.18783
cs.LG 2406.18806
cs.LG 2406.18814
cs.LG 2406.18820
cs.LG 2406.18847
cs.LG 2406.18892
cs.LG 2406.18902
cs.LG 2406.18924
cs.LG 2406.18928
cs.LG 2406.18939
cs.LG 2406.18992
cs.LG 2406.18996
cs.LG 2406.19051
cs.LG 2406.19057
cs.LG 2406.19087
cs.LG 2406.19116
cs.LG 2406.19223
cs.LG 2406.19228
cs.LG 2406.19237
cs.LG 2406.19238
cs.LG 2406.19280
cs.LG 2406.19298
cs.LG 2406.19302
cs.LG 2406.19314
cs.LG 2406.19328
cs.LG 2406.19356
cs.LG 2406.18629
cs.LG 2406.18630
cs.LG 2406.18665
cs.LG 2406.18678
cs.LG 2406.18695
cs.LG 2406.18701
cs.LG 2406.18708
cs.LG 2406.18725
cs.LG 2406.18739
cs.LG 2406.18741
cs.LG 2406.18745
cs.LG 2406.18752
cs.LG 2406.18763
cs.LG 2406.18765
cs.LG 2406.18770
cs.LG 2406.18777
cs.LG 2406.18787
cs.LG 2406.18794
cs.LG 2406.18800
cs.LG 2406.18802
cs.LG 2406.18805
cs.LG 2406.18815
cs.LG 2406.18848
cs.LG 2406.18851
cs.LG 2406.18853
cs.LG 2406.18854
cs.LG 2406.18861
cs.LG 2406.18865
cs.LG 2406.18922
cs.LG 2406.18926
cs.LG 2406.18931
cs.LG 2406.18937
cs.LG 2406.18954
cs.LG 2406.18990
cs.LG 2406.18995
cs.LG 2406.19015
cs.LG 2406.19040
cs.LG 2406.19049
cs.LG 2406.19050
cs.LG 2406.19054
cs.LG 2406.19066
cs.LG 2406.19092
cs.LG 2406.19112
cs.LG 2406.19121
cs.LG 2406.19136
cs.LG 2406.19146
cs.LG 2406.19154
cs.LG 2406.19156
cs.LG 2406.19175
cs.LG 2406.19185
cs.LG 2406.19188
cs.LG 2406.19189
cs.LG 2406.19195
cs.LG 2406.19244
cs.LG 2406.19249
cs.LG 2406.19253
cs.LG 2406.19258
cs.LG 2406.19272
cs.LG 2406.19292
cs.LG 2406.19300
cs.LG 2406.19301
cs.LG 2406.19317
cs.LG 2406.19320
cs.LG 2406.19370
cs.LG 2406.19380
cs.LG 2406.19384
cs.LG 1901.09057
cs.LG 2406.19402
cs.LG 2406.19403
cs.LG 2406.19413
cs.LG 2406.19414
cs.LG 2406.19475
cs.LG 2406.19477
cs.LG 2406.19486
cs.LG 2406.19501
cs.LG 2406.19524
cs.LG 2406.19526
cs.LG 2406.19531
cs.LG 2406.19532
cs.LG 2406.19549
cs.LG 2406.19552
cs.LG 2406.19556
cs.LG 2406.19560
cs.LG 2406.19574
cs.LG 2406.19578
cs.LG 2406.19579
cs.LG 2406.19580
cs.LG 2406.19581
cs.LG 2406.19589
cs.LG 2406.19596
cs.LG 2406.19602
cs.LG 2406.19619
cs.LG 2406.19621
cs.LG 2406.19636
cs.LG 2406.19642
cs.LG 2406.19670
cs.LG 2406.19674
cs.LG 2406.19714
cs.LG 2406.19726
cs.LG 2406.19736
cs.LG 2406.19738
cs.LG 2406.19765
cs.LG 2406.19801
cs.LG 2406.19881
cs.LG 2406.19900
cs.LG 2406.19948
cs.LG 2406.19958
cs.LG 2406.19963
cs.LG 2406.19973
cs.LG 2406.19995
cs.LG 2406.20053
cs.LG 2406.20055
cs.LG 2406.20081
cs.LG 2406.20086
cs.LG 2406.20094
cs.LG 2406.20095
cs.LG 2406.19507
cs.LG 2406.19522
cs.LG 2406.19561
cs.LG 2406.19566
cs.LG 2406.19573
cs.LG 2406.19614
cs.LG 2406.19615
cs.LG 2406.19617
cs.LG 2406.19622
cs.LG 2406.19631
cs.LG 2406.19635
cs.LG 2406.19653
cs.LG 2406.19657
cs.LG 2406.19662
cs.LG 2406.19707
cs.LG 2406.19711
cs.LG 2406.19753
cs.LG 2406.19768
cs.LG 2406.19770
cs.LG 2406.19792
cs.LG 2406.19800
cs.LG 2406.19807
cs.LG 2406.19825
cs.LG 2406.19827
cs.LG 2406.19832
cs.LG 2406.19861
cs.LG 2406.19871
cs.LG 2406.19897
cs.LG 2406.19931
cs.LG 2406.19976
cs.LG 2406.19980
cs.LG 2406.19983
cs.LG 2406.19997
cs.LG 2406.20006
cs.LG 2406.20031
cs.LG 2406.20037
cs.LG 2406.20046
cs.LG 2406.20062
cs.LG 2406.20087
cs.LG 2407.00002
cs.LG 2407.00004
cs.LG 2407.00007
cs.LG 2407.00011
cs.LG 2407.00020
cs.LG 2407.00023
cs.LG 2407.00028
cs.LG 2407.00040
cs.LG 2407.00047
cs.LG 2407.00050
cs.LG 2407.00063
cs.LG 2407.00066
cs.LG 2407.00067
cs.LG 2407.00071
cs.LG 2407.00075
cs.LG 2407.00077
cs.LG 2407.00080
cs.LG 2407.00081
cs.LG 2407.00082
cs.LG 2407.00085
cs.LG 2407.00087
cs.LG 2407.00091
cs.LG 2407.00099
cs.LG 2407.00117
cs.LG 2407.00120
cs.LG 2407.00127
cs.LG 2407.00148
cs.LG 2407.00175
cs.LG 2407.00186
cs.LG 2407.00201
cs.LG 2407.00215
cs.LG 2407.00233
cs.LG 2407.00245
cs.LG 2407.00256
cs.LG 2407.00267
cs.LG 2407.00278
cs.LG 2407.00286
cs.LG 2407.00294
cs.LG 2407.00324
cs.LG 2407.00332
cs.LG 2407.00336
cs.LG 2407.00337
cs.LG 2407.00382
cs.LG 2407.00388
cs.LG 2407.00418
cs.LG 2407.00453
cs.LG 2407.00465
cs.LG 2407.00499
cs.LG 2407.00500
cs.LG 2407.00524
cs.LG 2407.00537
cs.LG 2407.00575
cs.LG 2407.00599
cs.LG 2407.00609
cs.LG 2407.00616
cs.LG 2407.00634
cs.LG 2407.00641
cs.LG 2407.00644
cs.LG 2407.00649
cs.LG 2407.00657
cs.LG 2407.00693
cs.LG 2407.00719
cs.LG 2407.00730
cs.LG 2407.00731
cs.LG 2407.00735
cs.LG 2407.00736
cs.LG 2407.00738
cs.LG 2407.00740
cs.LG 2407.00742
cs.LG 2407.00744
cs.LG 2407.00759
cs.LG 2407.00774
cs.LG 2407.00787
cs.LG 2407.00824
cs.LG 2407.00843
cs.LG 2407.00878
cs.LG 2407.00888
cs.LG 2407.00890
cs.LG 2407.00902
cs.LG 2407.00906
cs.LG 2407.00911
cs.LG 2407.00913
cs.LG 2407.00918
cs.LG 2407.00948
cs.LG 2407.00996
cs.LG 2407.01015
cs.LG 2407.01036
cs.LG 2407.01067
cs.LG 2407.01079
cs.LG 2407.01092
cs.LG 2407.01100
cs.LG 2407.01110
cs.LG 2407.01122
cs.LG 2407.01157
cs.LG 2407.01178
cs.LG 2407.01211
cs.LG 2407.01226
cs.LG 2407.01284
cs.LG 2407.01291
cs.LG 2407.01300
cs.LG 2407.01318
cs.LG 2407.01327
cs.LG 2407.01331
cs.LG 2407.01333
cs.LG 2407.01394
cs.LG 2407.01402
cs.LG 2407.01403
cs.LG 2407.01408
cs.LG 2407.01418
cs.LG 2407.01419
cs.LG 2407.01423
cs.LG 2407.01433
cs.LG 2407.01437
cs.LG 2407.01475
cs.LG 2407.01476
cs.LG 2407.01489
cs.LG 2407.01490
cs.LG 2407.01496
cs.LG 2407.01499
cs.LG 2407.01501
cs.LG 2407.01512
cs.LG 2407.01517
cs.LG 2407.01518
cs.LG 2407.01529
cs.LG 2407.01531
cs.LG 2407.00100
cs.LG 2407.00101
cs.LG 2407.00102
cs.LG 2407.00104
cs.LG 2407.00105
cs.LG 2407.00106
cs.LG 2407.00107
cs.LG 2407.00108
cs.LG 2407.00111
cs.LG 2407.00113
cs.LG 2407.00114
cs.LG 2407.00115
cs.LG 2407.00116
cs.LG 2407.00118
cs.LG 2407.00119
cs.LG 2407.00121
cs.LG 2407.00131
cs.LG 2407.00134
cs.LG 2407.00140
cs.LG 2407.00141
cs.LG 2407.00142
cs.LG 2407.00143
cs.LG 2407.00147
cs.LG 2407.00170
cs.LG 2407.00176
cs.LG 2407.00236
cs.LG 2407.00356
cs.LG 2407.00371
cs.LG 2407.00383
cs.LG 2407.00397
cs.LG 2407.00401
cs.LG 2407.00411
cs.LG 2407.00419
cs.LG 2407.00429
cs.LG 2407.00449
cs.LG 2407.00452
cs.LG 2407.00463
cs.LG 2407.00467
cs.LG 2407.00474
cs.LG 2407.00478
cs.LG 2407.00482
cs.LG 2407.00490
cs.LG 2407.00492
cs.LG 2407.00494
cs.LG 2407.00495
cs.LG 2407.00496
cs.LG 2407.00501
cs.LG 2407.00502
cs.LG 2407.00510
cs.LG 2407.00521
cs.LG 2407.00529
cs.LG 2407.00553
cs.LG 2407.00568
cs.LG 2407.00571
cs.LG 2407.00584
cs.LG 2407.00610
cs.LG 2407.00613
cs.LG 2407.00615
cs.LG 2407.00617
cs.LG 2407.00626
cs.LG 2407.00631
cs.LG 2407.00671
cs.LG 2407.00673
cs.LG 2407.00696
cs.LG 2407.00698
cs.LG 2407.00699
cs.LG 2407.00706
cs.LG 2407.00708
cs.LG 2407.00710
cs.LG 2407.00717
cs.LG 2407.00745
cs.LG 2407.00748
cs.LG 2407.00760
cs.LG 2407.00761
cs.LG 2407.00765
cs.LG 2407.00801
cs.LG 2407.00806
cs.LG 2407.00809
cs.LG 2407.00840
cs.LG 2407.00849
cs.LG 2407.00866
cs.LG 2407.00891
cs.LG 2407.00916
cs.LG 2407.00927
cs.LG 2407.00928
cs.LG 2407.00935
cs.LG 2407.00945
cs.LG 2407.00950
cs.LG 2407.00952
cs.LG 2407.00956
cs.LG 2407.00966
cs.LG 2407.00968
cs.LG 2407.01001
cs.LG 2407.01004
cs.LG 2407.01005
cs.LG 2407.01012
cs.LG 2407.01023
cs.LG 2407.01031
cs.LG 2407.01032
cs.LG 2407.01033
cs.LG 2407.01049
cs.LG 2407.01054
cs.LG 2407.01065
cs.LG 2407.01085
cs.LG 2407.01111
cs.LG 2407.01115
cs.LG 2407.01154
cs.LG 2407.01155
cs.LG 2407.01163
cs.LG 2407.01171
cs.LG 2407.01194
cs.LG 2407.01199
cs.LG 2407.01200
cs.LG 2407.01214
cs.LG 2407.01250
cs.LG 2407.01258
cs.LG 2407.01262
cs.LG 2407.01281
cs.LG 2407.01283
cs.LG 2407.01290
cs.LG 2407.01294
cs.LG 2407.01306
cs.LG 2407.01310
cs.LG 2407.01316
cs.LG 2407.01320
cs.LG 2407.01343
cs.LG 2407.01356
cs.LG 2407.01371
cs.LG 2407.01376
cs.LG 2407.01378
cs.LG 2407.01392
cs.LG 2407.01440
cs.LG 2407.01445
cs.LG 2407.01456
cs.LG 2407.01458
cs.LG 2407.01459
cs.LG 2407.01464
cs.LG 2407.01467
cs.LG 2407.01502
cs.LG 2407.01521
cs.LG 2407.01526
cs.LG 2310.16050
cs.LG 2407.01479
cs.LG 2407.01546
cs.LG 2407.01548
cs.LG 2407.01559
cs.LG 2407.01563
cs.LG 2407.01566
cs.LG 2407.01567
cs.LG 2407.01571
cs.LG 2407.01572
cs.LG 2407.01573
cs.LG 2407.01574
cs.LG 2407.01577
cs.LG 2407.01583
cs.LG 2407.01593
cs.LG 2407.01599
cs.LG 2407.01602
cs.LG 2407.01641
cs.LG 2407.01644
cs.LG 2407.01645
cs.LG 2407.01647
cs.LG 2407.01648
cs.LG 2407.01649
cs.LG 2407.01686
cs.LG 2407.01718
cs.LG 2407.01725
cs.LG 2407.01745
cs.LG 2407.01781
cs.LG 2407.01784
cs.LG 2407.01790
cs.LG 2407.01794
cs.LG 2407.01795
cs.LG 2407.01812
cs.LG 2407.01823
cs.LG 2407.01837
cs.LG 2407.01851
cs.LG 2407.01853
cs.LG 2407.01864
cs.LG 2407.01869
cs.LG 2407.01906
cs.LG 2407.01907
cs.LG 2407.01920
cs.LG 2407.01948
cs.LG 2407.01953
cs.LG 2407.01960
cs.LG 2407.01972
cs.LG 2407.01985
cs.LG 2407.02010
cs.LG 2407.02028
cs.LG 2407.02031
cs.LG 2407.02062
cs.LG 2407.02125
cs.LG 2407.02138
cs.LG 2407.02156
cs.LG 2407.02211
cs.LG 2407.02231
cs.LG 2407.02233
cs.LG 2407.02238
cs.LG 2407.02269
cs.LG 2407.02309
cs.LG 2407.02318
cs.LG 2407.02356
cs.LG 2407.02362
cs.LG 2407.02382
cs.LG 2407.02389
cs.LG 2407.02390
cs.LG 2407.02405
cs.LG 2407.02408
cs.LG 2407.02419
cs.LG 2407.02430
cs.LG 2407.02432
cs.LG 2407.02461
cs.LG 2407.02485
cs.LG 2407.02486
cs.LG 2407.02489
cs.LG 2407.02490
cs.LG 2407.01595
cs.LG 2407.01596
cs.LG 2407.01598
cs.LG 2407.01601
cs.LG 2407.01603
cs.LG 2407.01606
cs.LG 2407.01607
cs.LG 2407.01608
cs.LG 2407.01613
cs.LG 2407.01614
cs.LG 2407.01615
cs.LG 2407.01619
cs.LG 2407.01621
cs.LG 2407.01622
cs.LG 2407.01623
cs.LG 2407.01624
cs.LG 2407.01635
cs.LG 2407.01639
cs.LG 2407.01640
cs.LG 2407.01643
cs.LG 2407.01653
cs.LG 2407.01656
cs.LG 2407.01704
cs.LG 2407.01749
cs.LG 2407.01769
cs.LG 2407.01776
cs.LG 2407.01800
cs.LG 2407.01804
cs.LG 2407.01825
cs.LG 2407.01848
cs.LG 2407.01856
cs.LG 2407.01873
cs.LG 2407.01886
cs.LG 2407.01887
cs.LG 2407.01903
cs.LG 2407.01910
cs.LG 2407.01979
cs.LG 2407.01991
cs.LG 2407.02013
cs.LG 2407.02025
cs.LG 2407.02057
cs.LG 2407.02060
cs.LG 2407.02070
cs.LG 2407.02073
cs.LG 2407.02089
cs.LG 2407.02091
cs.LG 2407.02106
cs.LG 2407.02112
cs.LG 2407.02119
cs.LG 2407.02143
cs.LG 2407.02153
cs.LG 2407.02188
cs.LG 2407.02191
cs.LG 2407.02217
cs.LG 2407.02240
cs.LG 2407.02253
cs.LG 2407.02258
cs.LG 2407.02263
cs.LG 2407.02265
cs.LG 2407.02271
cs.LG 2407.02275
cs.LG 2407.02279
cs.LG 2407.02322
cs.LG 2407.02327
cs.LG 2407.02335
cs.LG 2407.02342
cs.LG 2407.02348
cs.LG 2407.02369
cs.LG 2407.02423
cs.LG 2407.02424
cs.LG 2407.02431
cs.LG 2407.02437
cs.LG 2407.02447
cs.LG 2407.02466
cs.LG 2407.02476
cs.LG 2401.10545
cs.LG 2407.00299
cs.LG 2407.00943
cs.LG 2407.02505
cs.LG 2407.02508
cs.LG 2407.02509
cs.LG 2407.02510
cs.LG 2407.02519
cs.LG 2407.02520
cs.LG 2407.02521
cs.LG 2407.02538
cs.LG 2407.02539
cs.LG 2407.02540
cs.LG 2407.02542
cs.LG 2407.02543
cs.LG 2407.02546
cs.LG 2407.02547
cs.LG 2407.02552
cs.LG 2407.02596
cs.LG 2407.02599
cs.LG 2407.02604
cs.LG 2407.02607
cs.LG 2407.02625
cs.LG 2407.02653
cs.LG 2407.02659
cs.LG 2407.02693
cs.LG 2407.02702
cs.LG 2407.02713
cs.LG 2407.02716
cs.LG 2407.02737
cs.LG 2407.02775
cs.LG 2407.02778
cs.LG 2407.02779
cs.LG 2407.02813
cs.LG 2407.02819
cs.LG 2407.02833
cs.LG 2407.02844
cs.LG 2407.02855
cs.LG 2407.02900
cs.LG 2407.02904
cs.LG 2407.02943
cs.LG 2407.02956
cs.LG 2407.02960
cs.LG 2407.02974
cs.LG 2407.03038
cs.LG 2407.03045
cs.LG 2407.03056
cs.LG 2407.03089
cs.LG 2407.03093
cs.LG 2407.03111
cs.LG 2407.03132
cs.LG 2407.03133
cs.LG 2407.03146
cs.LG 2407.03152
cs.LG 2407.03157
cs.LG 2407.03160
cs.LG 2407.03162
cs.LG 2407.03178
cs.LG 2407.03179
cs.LG 2407.03190
cs.LG 2407.03195
cs.LG 2407.03211
cs.LG 2407.03241
cs.LG 2407.03250
cs.LG 2407.03262
cs.LG 2407.03266
cs.LG 2407.03289
cs.LG 2407.03294
cs.LG 2407.03311
cs.LG 2407.03321
cs.LG 2407.02501
cs.LG 2407.02536
cs.LG 2407.02549
cs.LG 2407.02601
cs.LG 2407.02610
cs.LG 2407.02641
cs.LG 2407.02657
cs.LG 2407.02681
cs.LG 2407.02687
cs.LG 2407.02689
cs.LG 2407.02694
cs.LG 2407.02700
cs.LG 2407.02721
cs.LG 2407.02747
cs.LG 2407.02758
cs.LG 2407.02759
cs.LG 2407.02762
cs.LG 2407.02770
cs.LG 2407.02772
cs.LG 2407.02811
cs.LG 2407.02821
cs.LG 2407.02825
cs.LG 2407.02827
cs.LG 2407.02856
cs.LG 2407.02861
cs.LG 2407.02870
cs.LG 2407.02880
cs.LG 2407.02881
cs.LG 2407.02888
cs.LG 2407.02891
cs.LG 2407.02913
cs.LG 2407.02914
cs.LG 2407.02961
cs.LG 2407.02984
cs.LG 2407.02987
cs.LG 2407.03059
cs.LG 2407.03065
cs.LG 2407.03080
cs.LG 2407.03082
cs.LG 2407.03086
cs.LG 2407.03094
cs.LG 2407.03105
cs.LG 2407.03108
cs.LG 2407.03118
cs.LG 2407.03125
cs.LG 2407.03153
cs.LG 2407.03154
cs.LG 2407.03185
cs.LG 2407.03194
cs.LG 2407.03210
cs.LG 2407.03232
cs.LG 2407.03234
cs.LG 2407.03257
cs.LG 2407.03261
cs.LG 2407.03300
cs.LG 2407.03310
cs.SI 2406.17552
cs.SI 2406.18780
cs.SI 2406.18854
cs.SI 2406.19149
cs.SI 2406.18792
cs.SI 2406.19204
cs.SI 2406.19277
cs.SI 2307.08564
cs.SI 2406.19543
cs.SI 2406.19692
cs.SI 2406.19554
cs.SI 2406.19571
cs.SI 2406.19867
cs.SI 2406.19878
cs.SI 2407.00042
cs.SI 2407.00167
cs.SI 2407.00347
cs.SI 2407.00355
cs.SI 2407.01279
cs.SI 2407.00213
cs.SI 2407.00254
cs.SI 2407.00340
cs.SI 2407.00404
cs.SI 2407.01213
cs.SI 2407.01293
cs.SI 2407.01405
cs.SI 2407.01460
cs.SI 2407.01471
cs.SI 2407.02018
cs.SI 2407.02057
cs.SI 2407.02143
cs.SI 2407.01820
cs.SI 2407.02074
cs.SI 2407.02290
cs.SI 2407.02624
cs.SI 2407.02710
cs.SI 2407.02758
cs.SI 2407.02885
cs.SI 2407.03126
cs.SI 2407.03190
cs.SI 2407.02662
cs.SI 2407.02807
cs.SI 2407.02980
cs.SI 2407.03159
cs.SI 2407.03255
stat.CO 2406.18602
stat.CO 2406.19051
stat.CO 2406.19082
stat.CO 2406.19141
stat.CO 2406.19722
stat.CO 2406.20044
stat.CO 2406.19974
stat.CO 2407.00258
stat.CO 2407.00307
stat.CO 2407.00471
stat.CO 2407.00492
stat.CO 2407.00584
stat.CO 2407.00745
stat.CO 2407.00746
stat.CO 2407.00791
stat.CO 2407.01483
stat.CO 2407.01495
stat.CO 2407.01763
stat.CO 2407.01868
stat.CO 2407.02085
stat.CO 2407.02128
stat.CO 2407.03085
stat.CO 2407.02740
cs.SY 2406.18600
cs.SY 2406.18618
cs.SY 2406.18685
cs.SY 2406.18718
cs.SY 2406.18760
cs.SY 2406.18791
cs.SY 2406.18881
cs.SY 2406.19015
cs.SY 2406.19079
cs.SY 2406.19267
cs.SY 2406.18536
cs.SY 2406.18614
cs.SY 2406.18726
cs.SY 2406.18804
cs.SY 2406.18860
cs.SY 2406.18914
cs.SY 2406.18935
cs.SY 2406.19064
cs.SY 2406.19077
cs.SY 2406.19096
cs.SY 2406.19269
cs.SY 2406.19305
cs.SY 2406.19342
cs.SY 2102.01427
cs.SY 2202.11008
cs.SY 2209.07990
cs.SY 2212.09531
cs.SY 2301.09644
cs.SY 2307.15078
cs.SY 2401.05261
cs.SY 2406.19521
cs.SY 2406.19809
cs.SY 2406.19871
cs.SY 2406.19431
cs.SY 2406.19608
cs.SY 2406.19627
cs.SY 2406.19718
cs.SY 2406.19773
cs.SY 2406.19817
cs.SY 2406.19838
cs.SY 2406.19900
cs.SY 2407.00014
cs.SY 2407.00042
cs.SY 2407.00212
cs.SY 2407.00217
cs.SY 2407.00258
cs.SY 2407.00476
cs.SY 2407.00575
cs.SY 2407.00616
cs.SY 2407.00987
cs.SY 2407.00995
cs.SY 2407.01275
cs.SY 2407.01366
cs.SY 2407.01460
cs.SY 2407.00218
cs.SY 2407.00289
cs.SY 2407.00304
cs.SY 2407.00385
cs.SY 2407.00414
cs.SY 2407.00432
cs.SY 2407.00570
cs.SY 2407.00681
cs.SY 2407.00762
cs.SY 2407.00808
cs.SY 2407.00947
cs.SY 2407.00951
cs.SY 2407.01095
cs.SY 2407.01097
cs.SY 2407.01112
cs.SY 2407.01226
cs.SY 2407.01256
cs.SY 2407.01386
cs.SY 2407.01421
cs.SY 2407.01573
cs.SY 2407.01578
cs.SY 2407.01891
cs.SY 2407.02083
cs.SY 2407.02198
cs.SY 2407.02353
cs.SY 2407.02428
cs.SY 2407.01536
cs.SY 2407.01700
cs.SY 2407.01707
cs.SY 2407.01715
cs.SY 2407.01724
cs.SY 2407.01745
cs.SY 2407.01758
cs.SY 2407.01808
cs.SY 2407.01956
cs.SY 2407.02124
cs.SY 2407.02161
cs.SY 2407.02202
cs.SY 2407.02501
cs.SY 2407.02502
cs.SY 2407.02504
cs.SY 2407.02669
cs.SY 2407.02804
cs.SY 2407.02876
cs.SY 2407.03003
cs.SY 2407.03159
cs.SY 2407.03224
cs.SY 2407.03245
cs.SY 2407.03261
cs.SY 2407.02661
cs.SY 2407.02679
cs.SY 2407.02724
cs.SY 2407.02743
cs.SY 2407.02765
cs.SY 2407.02802
cs.SY 2407.02892
cs.SY 2407.02924
cs.SY 2407.03021
cs.SY 2407.03126
cs.SY 2407.03183
eess.AS 2406.18621
eess.AS 2406.18625
eess.AS 2406.18747
eess.AS 2406.18862
eess.AS 2406.18910
eess.AS 2406.18928
eess.AS 2406.19243
eess.AS 2406.19311
eess.AS 2406.19328
eess.AS 2406.19388
eess.AS 2406.18679
eess.AS 2406.18731
eess.AS 2406.18871
eess.AS 2406.18972
eess.AS 2406.19135
eess.AS 2406.19363
eess.AS 2406.19464
eess.AS 2406.19589
eess.AS 2406.19674
eess.AS 2406.19706
eess.AS 2406.19954
eess.AS 2406.19959
eess.AS 2407.00003
eess.AS 2407.00188
eess.AS 2407.00463
eess.AS 2407.00465
eess.AS 2407.00529
eess.AS 2407.00531
eess.AS 2407.00657
eess.AS 2407.00743
eess.AS 2407.00766
eess.AS 2407.00826
eess.AS 2407.00837
eess.AS 2407.00888
eess.AS 2407.00913
eess.AS 2407.01143
eess.AS 2407.01257
eess.AS 2407.01291
eess.AS 2407.01317
eess.AS 2407.01452
eess.AS 2407.01494
eess.AS 2407.01499
eess.AS 2407.00291
eess.AS 2407.00753
eess.AS 2407.00756
eess.AS 2407.01777
eess.AS 2407.01851
eess.AS 2407.01860
eess.AS 2407.01909
eess.AS 2407.01911
eess.AS 2407.02004
eess.AS 2407.02005
eess.AS 2407.02156
eess.AS 2407.02170
eess.AS 2407.02243
eess.AS 2407.02264
eess.AS 2407.02277
eess.AS 2407.02318
eess.AS 2407.01774
eess.AS 2407.01779
eess.AS 2407.01857
eess.AS 2407.01927
eess.AS 2407.01939
eess.AS 2407.01963
eess.AS 2407.02007
eess.AS 2407.02049
eess.AS 2407.02052
eess.AS 2407.02543
eess.AS 2407.02631
eess.AS 2407.02857
eess.AS 2407.02869
eess.AS 2407.02937
eess.AS 2407.03005
eess.AS 2407.03026
eess.AS 2407.03110
eess.AS 2407.03132
eess.AS 2407.03135
eess.AS 2407.03169
eess.AS 2407.03188
eess.AS 2407.02672
eess.AS 2407.02749
eess.AS 2407.02826
math.OC 2406.18670
math.OC 2406.18683
math.OC 2406.18982
math.OC 2406.19060
math.OC 2406.18618
math.OC 2406.18672
math.OC 2406.18781
math.OC 2406.18789
math.OC 2406.18973
math.OC 2406.19001
math.OC 2406.19010
math.OC 2406.19288
math.OC 2406.19377
math.OC 2406.19516
math.OC 2406.19617
math.OC 2406.19831
math.OC 2406.19861
math.OC 2406.19925
math.OC 2406.19945
math.OC 2406.19976
math.OC 2406.20061
math.OC 2406.19425
math.OC 2406.19475
math.OC 2406.19529
math.OC 2406.19551
math.OC 2406.19579
math.OC 2406.19587
math.OC 2406.19605
math.OC 2406.19607
math.OC 2406.19723
math.OC 2406.19809
math.OC 2406.20004
math.OC 2407.00027
math.OC 2407.00068
math.OC 2407.00241
math.OC 2407.00414
math.OC 2407.00490
math.OC 2407.00560
math.OC 2407.00706
math.OC 2407.00833
math.OC 2407.00887
math.OC 2407.00939
math.OC 2407.01019
math.OC 2407.01237
math.OC 2407.01427
math.OC 2407.01460
math.OC 2407.01526
math.OC 2407.00173
math.OC 2407.00185
math.OC 2407.00212
math.OC 2407.00266
math.OC 2407.00307
math.OC 2407.00359
math.OC 2407.00388
math.OC 2407.00461
math.OC 2407.00527
math.OC 2407.00666
math.OC 2407.00667
math.OC 2407.00780
math.OC 2407.00812
math.OC 2407.00836
math.OC 2407.00843
math.OC 2407.00864
math.OC 2407.01021
math.OC 2407.01051
math.OC 2407.01053
math.OC 2407.01202
math.OC 2407.01234
math.OC 2407.01344
math.OC 2407.01363
math.OC 2407.01504
math.OC 2407.01546
math.OC 2407.01550
math.OC 2407.01573
math.OC 2407.01825
math.OC 2407.01879
math.OC 2407.02083
math.OC 2407.02127
math.OC 2407.02296
math.OC 2407.02019
math.OC 2407.02020
math.OC 2407.02146
math.OC 2407.02163
math.OC 2407.02168
math.OC 2407.02186
math.OC 2407.02223
math.OC 2407.02308
math.OC 2407.02339
math.OC 2407.02592
math.OC 2407.02681
math.OC 2407.02689
math.OC 2407.02765
math.OC 2407.02827
math.OC 2407.02831
math.OC 2407.02864
math.OC 2407.02866
math.OC 2407.02912
math.OC 2407.02640
math.OC 2407.02656
math.OC 2407.02909
math.OC 2407.02959
math.OC 2407.03072
math.OC 2407.03195
math.OC 2407.03213
math.OC 2407.03233
math.OC 2407.03272
math.OC 2407.03294
stat.ML 2406.18630
stat.ML 2406.18651
stat.ML 2406.18672
stat.ML 2406.18777
stat.ML 2406.18787
stat.ML 2406.18829
stat.ML 2406.18865
stat.ML 2406.19049
stat.ML 2406.18612
stat.ML 2406.18623
stat.ML 2406.18806
stat.ML 2406.18814
stat.ML 2406.18902
stat.ML 2406.19051
stat.ML 2406.19402
stat.ML 2406.19414
stat.ML 2406.19503
stat.ML 2406.19566
stat.ML 2406.19587
stat.ML 2406.19722
stat.ML 2406.19824
stat.ML 2406.19861
stat.ML 2406.19897
stat.ML 2406.19936
stat.ML 2406.20044
stat.ML 2406.20062
stat.ML 2406.20088
stat.ML 2406.19524
stat.ML 2406.19531
stat.ML 2406.19619
stat.ML 2406.19948
stat.ML 2406.19958
stat.ML 2407.00143
stat.ML 2407.00175
stat.ML 2407.00256
stat.ML 2407.00271
stat.ML 2407.00364
stat.ML 2407.00397
stat.ML 2407.00490
stat.ML 2407.00492
stat.ML 2407.00529
stat.ML 2407.00584
stat.ML 2407.00706
stat.ML 2407.00710
stat.ML 2407.00745
stat.ML 2407.00765
stat.ML 2407.00843
stat.ML 2407.00927
stat.ML 2407.00950
stat.ML 2407.00957
stat.ML 2407.01036
stat.ML 2407.01111
stat.ML 2407.01115
stat.ML 2407.01171
stat.ML 2407.01316
stat.ML 2407.01371
stat.ML 2407.01495
stat.ML 2407.01526
stat.ML 2407.00644
stat.ML 2407.00649
stat.ML 2407.00730
stat.ML 2407.01015
stat.ML 2407.01079
stat.ML 2406.17008
stat.ML 2407.01566
stat.ML 2407.01602
stat.ML 2407.01606
stat.ML 2407.01607
stat.ML 2407.01613
stat.ML 2407.01621
stat.ML 2407.01623
stat.ML 2407.01656
stat.ML 2407.01698
stat.ML 2407.01776
stat.ML 2407.01856
stat.ML 2407.02191
stat.ML 2407.02236
stat.ML 2407.02240
stat.ML 2407.02279
stat.ML 2407.02357
stat.ML 2407.02419
stat.ML 2407.02428
stat.ML 2407.02458
stat.ML 2407.02464
stat.ML 2407.02476
stat.ML 2407.01644
stat.ML 2407.01686
stat.ML 2407.01718
stat.ML 2407.01794
stat.ML 2407.01837
stat.ML 2407.01985
stat.ML 2407.02010
stat.ML 2407.02125
stat.ML 2407.02539
stat.ML 2407.02681
stat.ML 2407.02689
stat.ML 2407.02694
stat.ML 2407.02700
stat.ML 2407.02740
stat.ML 2407.03059
stat.ML 2407.03065
stat.ML 2407.03082
stat.ML 2407.03085
stat.ML 2407.03133
stat.ML 2407.02540
nlin.AO 2406.17144
nlin.AO 2406.17552
nlin.AO 2406.19104
nlin.AO 2406.18949
nlin.AO 2407.00368
nlin.AO 2407.01089
nlin.AO 2407.01762
nlin.AO 2407.02175
nlin.AO 2407.02181
nlin.AO 2407.02440
nlin.AO 2407.02260
nlin.AO 2407.03071
nlin.AO 2407.03074
nlin.AO 2407.03158
nlin.AO 2407.03151
eess.IV 2406.18538
eess.IV 2406.18558
eess.IV 2406.18586
eess.IV 2406.18628
eess.IV 2406.18547
eess.IV 2406.18548
eess.IV 2406.18549
eess.IV 2406.18555
eess.IV 2406.18556
eess.IV 2406.18840
eess.IV 2406.18919
eess.IV 2406.18950
eess.IV 2406.19043
eess.IV 2406.19081
eess.IV 2406.19239
eess.IV 2406.19336
eess.IV 2406.19560
eess.IV 2406.19666
eess.IV 2406.19485
eess.IV 2406.19492
eess.IV 2406.19556
eess.IV 2406.19557
eess.IV 2406.19574
eess.IV 2406.19649
eess.IV 2406.19686
eess.IV 2406.19749
eess.IV 2406.19796
eess.IV 2406.19870
eess.IV 2406.19943
eess.IV 2406.20005
eess.IV 2407.00008
eess.IV 2407.00021
eess.IV 2407.00104
eess.IV 2407.00120
eess.IV 2407.00201
eess.IV 2407.00467
eess.IV 2407.00538
eess.IV 2407.00614
eess.IV 2407.00851
eess.IV 2407.00949
eess.IV 2407.01211
eess.IV 2407.01355
eess.IV 2407.00098
eess.IV 2407.00129
eess.IV 2407.00186
eess.IV 2407.00261
eess.IV 2407.00280
eess.IV 2407.00297
eess.IV 2407.00537
eess.IV 2407.00543
eess.IV 2407.00544
eess.IV 2407.00596
eess.IV 2407.00678
eess.IV 2407.00718
eess.IV 2407.00759
eess.IV 2407.00991
eess.IV 2407.01090
eess.IV 2407.01146
eess.IV 2407.01318
eess.IV 2407.01350
eess.IV 2407.01367
eess.IV 2407.01419
eess.IV 2407.01469
eess.IV 2407.01517
eess.IV 2407.01530
eess.IV 2407.01578
eess.IV 2407.01596
eess.IV 2407.01774
eess.IV 2407.01789
eess.IV 2407.01872
eess.IV 2407.02159
eess.IV 2407.02182
eess.IV 2407.02321
eess.IV 2407.02387
eess.IV 2407.02405
eess.IV 2407.01559
eess.IV 2407.01561
eess.IV 2407.01840
eess.IV 2407.01869
eess.IV 2407.01908
eess.IV 2407.02356
eess.IV 2407.02418
eess.IV 2407.02484
eess.IV 2407.02604
eess.IV 2407.02681
eess.IV 2407.02683
eess.IV 2407.02712
eess.IV 2407.02738
eess.IV 2407.02830
eess.IV 2407.02913
eess.IV 2407.02918
eess.IV 2407.03308
eess.IV 2407.02616
eess.IV 2407.02625
eess.IV 2407.02653
eess.IV 2407.02675
eess.IV 2407.02744
eess.IV 2407.02844
eess.IV 2407.02871
eess.IV 2407.02900
eess.IV 2407.02911
eess.IV 2407.02926
eess.IV 2407.02942
eess.IV 2407.02974
eess.IV 2407.03034
eess.IV 2407.03307
math.PR 2406.18601
math.PR 2406.18618
math.PR 2406.18772
math.PR 2406.18963
math.PR 2406.19114
math.PR 2406.19198
math.PR 2406.19282
math.PR 2406.18716
math.PR 2406.18724
math.PR 2406.18855
math.PR 2406.18888
math.PR 2406.19088
math.PR 2406.19110
math.PR 2406.19166
math.PR 2406.19214
math.PR 2406.19321
math.PR 2406.19344
math.PR 2406.19383
math.PR 2406.19424
math.PR 2406.19723
math.PR 2406.19879
math.PR 2406.20049
math.PR 2406.19510
math.PR 2406.19517
math.PR 2406.19559
math.PR 2406.19810
math.PR 2406.19846
math.PR 2406.19979
math.PR 2406.20003
math.PR 2406.20097
math.PR 2407.00213
math.PR 2407.00471
math.PR 2407.00712
math.PR 2407.00722
math.PR 2407.00745
math.PR 2407.00920
math.PR 2407.00986
math.PR 2407.01382
math.PR 2407.01441
math.PR 2407.00216
math.PR 2407.00749
math.PR 2407.00793
math.PR 2407.00833
math.PR 2407.00868
math.PR 2407.01022
math.PR 2407.01116
math.PR 2407.01206
math.PR 2407.01217
math.PR 2407.01224
math.PR 2407.01242
math.PR 2407.01321
math.PR 2407.01584
math.PR 2407.01633
math.PR 2407.01794
math.PR 2407.02322
math.PR 2407.02364
math.PR 2407.02415
math.PR 2407.01816
math.PR 2407.01841
math.PR 2407.01999
math.PR 2407.02054
math.PR 2407.02225
math.PR 2407.02246
math.PR 2407.02254
math.PR 2407.02276
math.PR 2407.02289
math.PR 2407.02295
math.PR 2407.02298
math.PR 2407.02359
math.PR 2407.02559
math.PR 2407.02700
math.PR 2407.02765
math.PR 2407.02589
math.PR 2407.02652
math.PR 2407.02686
math.PR 2407.02915
math.PR 2407.03039
math.PR 2407.03141
stat.TH 2406.19061
stat.TH 2406.19186
stat.TH 2406.19282
stat.TH 2406.19510
stat.TH 2406.19550
stat.TH 2406.19566
stat.TH 2406.19619
stat.TH 2406.19936
stat.TH 2406.19958
stat.TH 2406.19424
stat.TH 2406.20088
stat.TH 2406.20090
stat.TH 2407.00529
stat.TH 2407.00650
stat.TH 2407.01171
stat.TH 2407.00240
stat.TH 2407.00712
stat.TH 2407.00953
stat.TH 2407.01040
stat.TH 2407.01631
stat.TH 2407.01718
stat.TH 2407.01794
stat.TH 2407.02191
stat.TH 2407.02254
stat.TH 2407.01751
stat.TH 2407.01874
stat.TH 2407.01974
stat.TH 2407.02299
stat.TH 2407.02357
stat.TH 2407.02458
stat.TH 2407.02816
stat.TH 2407.03279
stat.TH 2407.02754
nlin.CD 2406.19145
nlin.CD 2406.19947
nlin.CD 2407.00011
nlin.CD 2407.00368
nlin.CD 2407.00776
nlin.CD 2407.00778
nlin.CD 2407.01109
nlin.CD 2407.00235
nlin.CD 2407.00854
nlin.CD 2407.02349
nlin.CD 2407.02384
nlin.CD 2407.02545
eess.SP 2406.18542
eess.SP 2406.18985
eess.SP 2406.19009
eess.SP 2406.19084
eess.SP 2406.19239
eess.SP 2406.19334
eess.SP 2406.18578
eess.SP 2406.18592
eess.SP 2406.18598
eess.SP 2406.18624
eess.SP 2406.18760
eess.SP 2406.18791
eess.SP 2406.18951
eess.SP 2406.18993
eess.SP 2406.19036
eess.SP 2406.19072
eess.SP 2406.19078
eess.SP 2406.19183
eess.SP 2406.19205
eess.SP 2406.19216
eess.SP 2406.19246
eess.SP 2406.19289
eess.SP 2406.19486
eess.SP 2406.19573
eess.SP 2406.19664
eess.SP 2406.19677
eess.SP 2406.19767
eess.SP 2406.20003
eess.SP 2406.19483
eess.SP 2406.19590
eess.SP 2406.19721
eess.SP 2406.19769
eess.SP 2406.19856
eess.SP 2406.19868
eess.SP 2406.20007
eess.SP 2407.00040
eess.SP 2407.00182
eess.SP 2407.00351
eess.SP 2407.00579
eess.SP 2407.00697
eess.SP 2407.00933
eess.SP 2407.00955
eess.SP 2407.01018
eess.SP 2407.01199
eess.SP 2407.01200
eess.SP 2407.01336
eess.SP 2407.00196
eess.SP 2407.00447
eess.SP 2407.00481
eess.SP 2407.00549
eess.SP 2407.00763
eess.SP 2407.00896
eess.SP 2407.00964
eess.SP 2407.01006
eess.SP 2407.01083
eess.SP 2407.01086
eess.SP 2407.01188
eess.SP 2407.01195
eess.SP 2407.01305
eess.SP 2407.01307
eess.SP 2209.11462
eess.SP 2407.01840
eess.SP 2407.01857
eess.SP 2407.01860
eess.SP 2407.01927
eess.SP 2407.01939
eess.SP 2407.02008
eess.SP 2407.02184
eess.SP 2407.02224
eess.SP 2407.02400
eess.SP 2407.02455
eess.SP 2407.01549
eess.SP 2407.01801
eess.SP 2407.01823
eess.SP 2407.01912
eess.SP 2407.01943
eess.SP 2407.01957
eess.SP 2407.02160
eess.SP 2407.02198
eess.SP 2407.02251
eess.SP 2407.02285
eess.SP 2407.02353
eess.SP 2407.02672
eess.SP 2407.02815
eess.SP 2407.02816
eess.SP 2407.02877
eess.SP 2407.02913
eess.SP 2407.03131
eess.SP 2407.03177
eess.SP 2407.03261
eess.SP 2407.03264
eess.SP 2407.03291
eess.SP 2407.02636
eess.SP 2407.02693
eess.SP 2407.02712
eess.SP 2407.02804
eess.SP 2407.02930
eess.SP 2407.02963
eess.SP 2407.02967
eess.SP 2407.03050
eess.SP 2407.03075
eess.SP 2407.03089
eess.SP 2407.03228
eess.SP 2407.03274
physics.comp-ph 2406.18821
physics.comp-ph 2406.19333
physics.comp-ph 2406.19058
physics.comp-ph 2406.19479
physics.comp-ph 2406.19536
physics.comp-ph 2406.19547
physics.comp-ph 2406.19662
physics.comp-ph 2406.19704
physics.comp-ph 2406.19872
physics.comp-ph 2406.19920
physics.comp-ph 2406.19996
physics.comp-ph 2406.20047
physics.comp-ph 2406.19957
physics.comp-ph 2406.20011
physics.comp-ph 2407.00294
physics.comp-ph 2407.00343
physics.comp-ph 2407.00394
physics.comp-ph 2407.00485
physics.comp-ph 2407.00530
physics.comp-ph 2407.00661
physics.comp-ph 2407.00707
physics.comp-ph 2407.01044
physics.comp-ph 2407.01132
physics.comp-ph 2407.01313
physics.comp-ph 2407.01380
physics.comp-ph 2407.01485
physics.comp-ph 2407.00086
physics.comp-ph 2407.01487
physics.comp-ph 2407.01592
physics.comp-ph 2407.01605
physics.comp-ph 2407.01701
physics.comp-ph 2407.01914
physics.comp-ph 2407.02213
physics.comp-ph 2407.02230
physics.comp-ph 2407.02300
physics.comp-ph 2407.02311
physics.comp-ph 2407.02414
physics.comp-ph 2407.01618
physics.comp-ph 2407.01620
physics.comp-ph 2407.02454
physics.comp-ph 2407.02650
physics.comp-ph 2407.02785
physics.comp-ph 2407.02808
physics.comp-ph 2407.02838
physics.comp-ph 2407.02950
physics.comp-ph 2407.03058
physics.comp-ph 2407.03090
physics.comp-ph 2407.03191
physics.comp-ph 2407.03319
physics.comp-ph 2407.02966
nlin.SI 2406.19187
nlin.SI 2406.19862
nlin.SI 2406.19864
nlin.SI 2406.19837
nlin.SI 2406.19919
nlin.SI 2407.00074
nlin.SI 2407.00086
nlin.SI 2407.00777
nlin.SI 2407.01450
nlin.SI 2407.01500
nlin.SI 2407.00424
nlin.SI 2407.00622
nlin.SI 2407.01900
nlin.SI 2407.03276
astro-ph.IM 2406.18646
astro-ph.IM 2406.18705
astro-ph.IM 2406.18905
astro-ph.IM 2406.18988
astro-ph.IM 2406.18660
astro-ph.IM 2406.18753
astro-ph.IM 2406.18885
astro-ph.IM 2406.18886
astro-ph.IM 2406.19013
astro-ph.IM 2406.19028
astro-ph.IM 2406.19124
astro-ph.IM 2406.19437
astro-ph.IM 2406.19476
astro-ph.IM 2406.19480
astro-ph.IM 2406.19863
astro-ph.IM 2406.20023
astro-ph.IM 2406.19428
astro-ph.IM 2406.19567
astro-ph.IM 2406.19576
astro-ph.IM 2406.19616
astro-ph.IM 2406.19910
astro-ph.IM 2406.19911
astro-ph.IM 2406.19942
astro-ph.IM 2407.00384
astro-ph.IM 2407.00447
astro-ph.IM 2407.01162
astro-ph.IM 2407.01175
astro-ph.IM 2407.01297
astro-ph.IM 2407.00335
astro-ph.IM 2407.00504
astro-ph.IM 2407.00582
astro-ph.IM 2407.00583
astro-ph.IM 2407.00856
astro-ph.IM 2407.00960
astro-ph.IM 2407.01058
astro-ph.IM 2407.01118
astro-ph.IM 2407.01346
astro-ph.IM 2407.01413
astro-ph.IM 2407.01438
astro-ph.IM 2407.01660
astro-ph.IM 2407.01757
astro-ph.IM 2407.02420
astro-ph.IM 2407.01650
astro-ph.IM 2407.02172
astro-ph.IM 2407.02391
astro-ph.IM 2407.02533
astro-ph.IM 2407.02925
astro-ph.IM 2407.03137
astro-ph.IM 2407.02562
astro-ph.IM 2407.02720
astro-ph.IM 2407.02843
astro-ph.IM 2407.02970
astro-ph.IM 2407.02972
astro-ph.IM 2407.02979
astro-ph.IM 2407.02992
astro-ph.IM 2407.03092
math.DS 2406.17552
math.DS 2406.18596
math.DS 2406.18689
math.DS 2406.18917
math.DS 2406.18973
math.DS 2406.19160
math.DS 2406.19198
math.DS 2406.19252
math.DS 2406.19273
math.DS 2406.18735
math.DS 2406.19019
math.DS 2406.19345
math.DS 2406.19471
math.DS 2406.19599
math.DS 2406.19977
math.DS 2406.19499
math.DS 2406.19527
math.DS 2406.19775
math.DS 2406.19828
math.DS 2406.19929
math.DS 2407.00074
math.DS 2407.00145
math.DS 2407.00854
math.DS 2407.01041
math.DS 2407.01250
math.DS 2407.01357
math.DS 2407.01500
math.DS 2407.00271
math.DS 2407.00276
math.DS 2407.00314
math.DS 2407.00344
math.DS 2407.00387
math.DS 2407.00853
math.DS 2407.00910
math.DS 2407.00914
math.DS 2407.01042
math.DS 2407.01514
math.DS 2407.01602
math.DS 2407.01706
math.DS 2407.01745
math.DS 2407.01952
math.DS 2407.01970
math.DS 2407.01984
math.DS 2407.02110
math.DS 2407.02349
math.DS 2407.02396
math.DS 2407.01806
math.DS 2407.01828
math.DS 2407.01969
math.DS 2407.02011
math.DS 2407.02083
math.DS 2407.02140
math.DS 2407.02434
math.DS 2407.02728
math.DS 2407.02739
math.DS 2407.02771
math.DS 2407.03097
math.DS 2407.03304
math.DS 2407.02782
math.DS 2407.02851
math.DS 2407.02995
math.DS 2407.03184
math.DS 2407.03287
physics.data-an 2406.18821
physics.data-an 2406.19076
physics.data-an 2406.19586
physics.data-an 2406.19420
physics.data-an 2406.19599
physics.data-an 2406.19787
physics.data-an 2407.00123
physics.data-an 2407.00234
physics.data-an 2407.00271
physics.data-an 2407.01249
physics.data-an 2407.00725
physics.data-an 2407.01583
physics.data-an 2407.01656
physics.data-an 2407.02728
physics.data-an 2407.03173
cond-mat.dis-nn 2406.19104
cond-mat.dis-nn 2406.19386
cond-mat.dis-nn 2406.18667
cond-mat.dis-nn 2406.18748
cond-mat.dis-nn 2406.18877
cond-mat.dis-nn 2406.18882
cond-mat.dis-nn 2406.19704
cond-mat.dis-nn 2407.00338
cond-mat.dis-nn 2407.01252
cond-mat.dis-nn 2407.01520
cond-mat.dis-nn 2407.00530
cond-mat.dis-nn 2407.01132
cond-mat.dis-nn 2407.01372
cond-mat.dis-nn 2407.01451
cond-mat.dis-nn 2407.01656
cond-mat.dis-nn 2407.01682
cond-mat.dis-nn 2407.01689
cond-mat.dis-nn 2407.01880
cond-mat.dis-nn 2407.02082
cond-mat.dis-nn 2407.02092
cond-mat.dis-nn 2407.02553
physics.app-ph 2401.05261
physics.app-ph 2406.18600
physics.app-ph 2406.18788
physics.app-ph 2406.18811
physics.app-ph 2406.18818
physics.app-ph 2406.18988
physics.app-ph 2406.19031
physics.app-ph 2406.19173
physics.app-ph 2406.18680
physics.app-ph 2406.18755
physics.app-ph 2406.18875
physics.app-ph 2406.19046
physics.app-ph 2406.19127
physics.app-ph 2406.19523
physics.app-ph 2406.19534
physics.app-ph 2406.19536
physics.app-ph 2406.19594
physics.app-ph 2406.19620
physics.app-ph 2406.19745
physics.app-ph 2406.19813
physics.app-ph 2406.19822
physics.app-ph 2406.20010
physics.app-ph 2406.19933
physics.app-ph 2407.00095
physics.app-ph 2407.00269
physics.app-ph 2407.00440
physics.app-ph 2407.00469
physics.app-ph 2407.00559
physics.app-ph 2407.00778
physics.app-ph 2407.00811
physics.app-ph 2407.00995
physics.app-ph 2407.01108
physics.app-ph 2407.01189
physics.app-ph 2407.01390
physics.app-ph 2407.01432
physics.app-ph 2407.00043
physics.app-ph 2407.00049
physics.app-ph 2407.00054
physics.app-ph 2407.00057
physics.app-ph 2407.00059
physics.app-ph 2407.00070
physics.app-ph 2407.00230
physics.app-ph 2407.00239
physics.app-ph 2407.00293
physics.app-ph 2407.00373
physics.app-ph 2407.00437
physics.app-ph 2407.00470
physics.app-ph 2407.00602
physics.app-ph 2407.00940
physics.app-ph 2407.01020
physics.app-ph 2407.01145
physics.app-ph 2407.01340
physics.app-ph 2407.01597
physics.app-ph 2407.02050
physics.app-ph 2407.02155
physics.app-ph 2407.02207
physics.app-ph 2407.02247
physics.app-ph 2407.01721
physics.app-ph 2407.01723
physics.app-ph 2407.01867
physics.app-ph 2407.02117
physics.app-ph 2407.03014
physics.app-ph 2407.03053
physics.app-ph 2407.03081
physics.app-ph 2407.03201
physics.app-ph 2407.03235
physics.app-ph 2407.03260
physics.app-ph 2407.03266
physics.app-ph 2407.02532
physics.app-ph 2407.02682
physics.app-ph 2407.02741
physics.app-ph 2407.02806
physics.ins-det 2406.18710
physics.ins-det 2406.19124
physics.ins-det 2406.18597
physics.ins-det 2406.18599
physics.ins-det 2406.18600
physics.ins-det 2406.18605
physics.ins-det 2406.18607
physics.ins-det 2406.18608
physics.ins-det 2406.19075
physics.ins-det 2406.19267
physics.ins-det 2406.19421
physics.ins-det 2406.19476
physics.ins-det 2406.19942
physics.ins-det 2406.19944
physics.ins-det 2406.19416
physics.ins-det 2406.19558
physics.ins-det 2406.19652
physics.ins-det 2406.19656
physics.ins-det 2406.19906
physics.ins-det 2407.00239
physics.ins-det 2407.00587
physics.ins-det 2407.01201
physics.ins-det 2407.01430
physics.ins-det 2407.01439
physics.ins-det 2407.00133
physics.ins-det 2407.00178
physics.ins-det 2407.00929
physics.ins-det 2407.01268
physics.ins-det 2407.01434
physics.ins-det 2407.01609
physics.ins-det 2407.01634
physics.ins-det 2407.01616
physics.ins-det 2407.02954
physics.ins-det 2407.02970
physics.ins-det 2407.03024
physics.ins-det 2407.02817
physics.ins-det 2407.03207
physics.ins-det 2407.03215
physics.optics 2406.18609
physics.optics 2406.18674
physics.optics 2406.18719
physics.optics 2406.18705
physics.optics 2406.18720
physics.optics 2406.18788
physics.optics 2406.18824
physics.optics 2406.18988
physics.optics 2406.19031
physics.optics 2406.19126
physics.optics 2406.19173
physics.optics 2406.19293
physics.optics 2406.19368
physics.optics 2406.19387
physics.optics 2406.19404
physics.optics 2406.19728
physics.optics 2406.19771
physics.optics 2406.19991
physics.optics 2406.19992
physics.optics 2406.19534
physics.optics 2406.19620
physics.optics 2406.19745
physics.optics 2406.19813
physics.optics 2406.20010
physics.optics 2407.00049
physics.optics 2407.00054
physics.optics 2407.00057
physics.optics 2407.00059
physics.optics 2407.00070
physics.optics 2407.00078
physics.optics 2407.00190
physics.optics 2407.00260
physics.optics 2407.00758
physics.optics 2407.00776
physics.optics 2407.00845
physics.optics 2407.00974
physics.optics 2407.01107
physics.optics 2407.01225
physics.optics 2407.01296
physics.optics 2407.01432
physics.optics 2407.01439
physics.optics 2407.01487
physics.optics 2407.00269
physics.optics 2407.00272
physics.optics 2407.00282
physics.optics 2407.00339
physics.optics 2407.00343
physics.optics 2407.00421
physics.optics 2407.00430
physics.optics 2407.00440
physics.optics 2407.00469
physics.optics 2407.00559
physics.optics 2407.00652
physics.optics 2407.00669
physics.optics 2407.00811
physics.optics 2407.01008
physics.optics 2407.01520
physics.optics 2407.01552
physics.optics 2407.01597
physics.optics 2407.01855
physics.optics 2407.01936
physics.optics 2407.01990
physics.optics 2407.01995
physics.optics 2407.02093
physics.optics 2407.02108
physics.optics 2407.02117
physics.optics 2407.02196
physics.optics 2407.02207
physics.optics 2407.02224
physics.optics 2407.02278
physics.optics 2407.02366
physics.optics 2407.02388
physics.optics 2407.01634
physics.optics 2407.01973
physics.optics 2407.02000
physics.optics 2407.02050
physics.optics 2407.02176
physics.optics 2407.02214
physics.optics 2407.02247
physics.optics 2407.02321
physics.optics 2407.02331
physics.optics 2407.02529
physics.optics 2407.02592
physics.optics 2407.02595
physics.optics 2407.02627
physics.optics 2407.02650
physics.optics 2407.02788
physics.optics 2407.02806
physics.optics 2407.02817
physics.optics 2407.03124
physics.optics 2407.03128
physics.optics 2407.03191
physics.optics 2407.02774
physics.optics 2407.02787
physics.optics 2407.02925
physics.optics 2407.02940
physics.optics 2407.02965
physics.optics 2407.02976
physics.optics 2407.03014
physics.optics 2407.03053
physics.optics 2407.03069
physics.optics 2407.03081
physics.optics 2407.03218
physics.optics 2407.03235
physics.med-ph 2406.18609
physics.med-ph 2406.18680
physics.med-ph 2406.19239
physics.med-ph 2406.18619
physics.med-ph 2406.18881
physics.med-ph 2406.19099
physics.med-ph 2406.19245
physics.med-ph 2406.19557
physics.med-ph 2406.19869
physics.med-ph 2406.19877
physics.med-ph 2406.20042
physics.med-ph 2406.20084
physics.med-ph 2407.01232
physics.med-ph 2407.01189
physics.med-ph 2407.01926
physics.med-ph 2407.02227
physics.med-ph 2407.03308
q-fin.MF 2406.17155
q-fin.MF 2406.17528
q-fin.MF 2406.19242
q-fin.MF 2406.19401
q-fin.MF 2406.19412
q-fin.MF 2406.19424
q-fin.MF 2406.20027
q-fin.MF 2406.20063
q-fin.MF 2407.01542
q-fin.MF 2407.02831
q-fin.MF 2407.02901
q-fin.MF 2407.03285
q-fin.MF 2407.02496
econ.TH 2406.18685
econ.TH 2406.19063
econ.TH 2406.20029
econ.TH 2407.01458
econ.TH 2407.00037
econ.TH 2407.00055
econ.TH 2407.00636
econ.TH 2407.01528
econ.TH 2407.01538
econ.TH 2407.01844
econ.TH 2407.02323
econ.TH 2407.02948
