cs.DC 2401.05427
cs.DC 2401.05518
cs.DC 2401.05562
cs.DC 2401.05895
cs.DC 2401.06089
cs.DC 2401.05868
cs.DC 2401.05965
cs.DC 2401.06180
cs.DC 2401.06188
cs.DC 2401.06306
cs.DC 2401.06432
cs.DC 2401.06519
cs.DC 2401.06145
cs.DC 2401.06270
cs.DC 2401.06451
cs.DC 2401.06665
cs.DC 2401.06713
cs.DC 2401.06953
cs.DC 2401.07119
cs.DC 2401.07162
cs.DC 2401.07788
cs.DC 2401.07886
cs.DC 2401.07931
cs.DC 2401.08092
cs.DC 2401.08183
cs.DC 2401.08302
cs.DC 2401.08383
cs.DC 2401.06786
cs.DC 2401.07194
cs.DC 2401.07308
cs.DC 2401.07539
cs.DC 2401.07558
cs.DC 2401.07861
cs.DC 2401.08015
cs.DC 2401.08124
cs.DC 2401.08156
cs.DC 2401.08447
cs.DC 2312.12809
cs.DC 2401.08723
cs.DC 2401.08895
cs.DC 2401.09240
cs.DC 2401.08586
cs.DC 2401.08595
cs.DC 2401.08636
cs.DC 2401.08637
cs.DC 2401.08859
cs.DC 2401.09149
cs.DC 2401.09199
cs.DC 2401.09281
cs.DC 2401.09290
cs.DC 2401.09356
cs.DC 2401.09656
cs.DC 2401.10042
cs.DC 2401.10118
cs.DC 2401.10158
cs.DC 2401.09670
cs.DC 2401.09706
cs.DC 2401.09733
cs.DC 2401.09910
cs.DC 2401.10068
cs.DC 2401.10187
cs.IT 2401.05452
cs.IT 2401.05717
cs.IT 2401.06085
cs.IT 2401.06125
cs.IT 2401.05690
cs.IT 2401.05725
cs.IT 2401.05731
cs.IT 2401.05833
cs.IT 2401.05859
cs.IT 2401.05882
cs.IT 2401.05888
cs.IT 2401.05898
cs.IT 2401.05902
cs.IT 2401.06251
cs.IT 2401.06592
cs.IT 2401.06618
cs.IT 2401.06184
cs.IT 2401.06268
cs.IT 2401.06435
cs.IT 2401.06669
cs.IT 2401.06859
cs.IT 2401.06987
cs.IT 2401.07583
cs.IT 2401.07988
cs.IT 2401.08167
cs.IT 2401.08186
cs.IT 2401.08197
cs.IT 2401.08237
cs.IT 2401.08258
cs.IT 2401.06874
cs.IT 2401.06894
cs.IT 2401.06908
cs.IT 2401.07017
cs.IT 2401.07100
cs.IT 2401.07122
cs.IT 2401.07141
cs.IT 2401.07167
cs.IT 2401.07282
cs.IT 2401.07288
cs.IT 2401.07319
cs.IT 2401.07433
cs.IT 2401.07446
cs.IT 2401.07451
cs.IT 2401.07479
cs.IT 2401.07496
cs.IT 2401.07515
cs.IT 2401.07644
cs.IT 2401.07835
cs.IT 2401.07986
cs.IT 2401.08023
cs.IT 2401.08149
cs.IT 2401.08165
cs.IT 2401.08195
cs.IT 2401.08249
cs.IT 2401.08360
cs.IT 2401.08402
cs.IT 2401.08434
cs.IT 2401.08732
cs.IT 2401.09073
cs.IT 2401.08651
cs.IT 2401.08668
cs.IT 2401.08921
cs.IT 2401.08956
cs.IT 2401.08974
cs.IT 2401.09036
cs.IT 2401.09060
cs.IT 2401.09064
cs.IT 2401.09089
cs.IT 2401.09127
cs.IT 2401.09217
cs.IT 2401.09256
cs.IT 2401.09412
cs.IT 2311.00409
cs.IT 2401.09510
cs.IT 2401.09650
cs.IT 2401.09761
cs.IT 2401.10040
cs.IT 2401.10095
cs.IT 2401.09711
cs.IT 2401.09757
cs.IT 2401.10109
cs.IT 2401.10133
cs.IT 2401.10204
cs.CV 2401.05407
cs.CV 2401.05481
cs.CV 2401.05604
cs.CV 2401.05772
cs.CV 2401.05820
cs.CV 2401.05827
cs.CV 2401.05964
cs.CV 2401.06000
cs.CV 2401.06005
cs.CV 2401.06122
cs.CV 2401.05338
cs.CV 2401.05339
cs.CV 2401.05345
cs.CV 2401.05352
cs.CV 2401.05353
cs.CV 2401.05355
cs.CV 2401.05362
cs.CV 2401.05379
cs.CV 2401.05390
cs.CV 2401.05392
cs.CV 2401.05396
cs.CV 2401.05401
cs.CV 2401.05412
cs.CV 2401.05465
cs.CV 2401.05516
cs.CV 2401.05520
cs.CV 2401.05530
cs.CV 2401.05570
cs.CV 2401.05577
cs.CV 2401.05583
cs.CV 2401.05584
cs.CV 2401.05593
cs.CV 2401.05594
cs.CV 2401.05602
cs.CV 2401.05625
cs.CV 2401.05633
cs.CV 2401.05638
cs.CV 2401.05646
cs.CV 2401.05675
cs.CV 2401.05676
cs.CV 2401.05686
cs.CV 2401.05698
cs.CV 2401.05702
cs.CV 2401.05730
cs.CV 2401.05735
cs.CV 2401.05738
cs.CV 2401.05745
cs.CV 2401.05750
cs.CV 2401.05752
cs.CV 2401.05768
cs.CV 2401.05771
cs.CV 2401.05779
cs.CV 2401.05806
cs.CV 2401.05807
cs.CV 2401.05870
cs.CV 2401.05879
cs.CV 2401.05891
cs.CV 2401.05901
cs.CV 2401.05906
cs.CV 2401.05907
cs.CV 2401.05925
cs.CV 2401.05968
cs.CV 2401.05971
cs.CV 2401.05994
cs.CV 2401.06003
cs.CV 2401.06009
cs.CV 2401.06010
cs.CV 2401.06013
cs.CV 2401.06019
cs.CV 2401.06031
cs.CV 2401.06035
cs.CV 2401.06052
cs.CV 2401.06056
cs.CV 2401.06071
cs.CV 2401.06105
cs.CV 2401.06116
cs.CV 2401.06126
cs.CV 2401.06127
cs.CV 2401.06129
cs.CV 2401.06145
cs.CV 2401.06148
cs.CV 2401.06150
cs.CV 2401.06169
cs.CV 2401.06182
cs.CV 2401.06187
cs.CV 2401.06224
cs.CV 2401.06272
cs.CV 2401.06281
cs.CV 2401.06349
cs.CV 2401.06400
cs.CV 2401.06407
cs.CV 2401.06499
cs.CV 2401.06546
cs.CV 2401.06588
cs.CV 2401.06133
cs.CV 2401.06143
cs.CV 2401.06144
cs.CV 2401.06146
cs.CV 2401.06149
cs.CV 2401.06156
cs.CV 2401.06157
cs.CV 2401.06159
cs.CV 2401.06167
cs.CV 2401.06191
cs.CV 2401.06197
cs.CV 2401.06209
cs.CV 2401.06244
cs.CV 2401.06252
cs.CV 2401.06278
cs.CV 2401.06287
cs.CV 2401.06291
cs.CV 2401.06310
cs.CV 2401.06312
cs.CV 2401.06331
cs.CV 2401.06341
cs.CV 2401.06344
cs.CV 2401.06345
cs.CV 2401.06370
cs.CV 2401.06374
cs.CV 2401.06385
cs.CV 2401.06395
cs.CV 2401.06415
cs.CV 2401.06426
cs.CV 2401.06430
cs.CV 2401.06438
cs.CV 2401.06442
cs.CV 2401.06462
cs.CV 2401.06473
cs.CV 2401.06503
cs.CV 2401.06506
cs.CV 2401.06521
cs.CV 2401.06528
cs.CV 2401.06542
cs.CV 2401.06548
cs.CV 2401.06550
cs.CV 2401.06563
cs.CV 2401.06578
cs.CV 2401.06614
cs.CV 2401.06637
cs.CV 2401.06654
cs.CV 2401.06690
cs.CV 2401.06704
cs.CV 2401.06757
cs.CV 2401.06762
cs.CV 2401.06780
cs.CV 2401.06826
cs.CV 2401.06893
cs.CV 2401.07020
cs.CV 2401.07041
cs.CV 2401.07049
cs.CV 2401.07126
cs.CV 2401.07205
cs.CV 2401.07283
cs.CV 2401.07314
cs.CV 2401.07326
cs.CV 2401.07390
cs.CV 2401.07487
cs.CV 2401.07582
cs.CV 2401.07751
cs.CV 2401.07782
cs.CV 2401.07856
cs.CV 2401.07957
cs.CV 2401.07958
cs.CV 2401.07962
cs.CV 2401.07990
cs.CV 2401.08023
cs.CV 2401.08043
cs.CV 2401.08061
cs.CV 2401.08281
cs.CV 2401.08398
cs.CV 2401.08404
cs.CV 2401.08409
cs.CV 2401.08426
cs.CV 2401.08469
cs.CV 2401.08525
cs.CV 2401.08562
cs.CV 2401.08567
cs.CV 2401.06825
cs.CV 2401.06827
cs.CV 2401.06946
cs.CV 2401.06957
cs.CV 2401.06960
cs.CV 2401.06969
cs.CV 2401.06975
cs.CV 2401.06978
cs.CV 2401.06992
cs.CV 2401.06994
cs.CV 2401.06995
cs.CV 2401.06998
cs.CV 2401.06999
cs.CV 2401.07014
cs.CV 2401.07028
cs.CV 2401.07061
cs.CV 2401.07080
cs.CV 2401.07087
cs.CV 2401.07114
cs.CV 2401.07124
cs.CV 2401.07139
cs.CV 2401.07163
cs.CV 2401.07188
cs.CV 2401.07200
cs.CV 2401.07207
cs.CV 2401.07208
cs.CV 2401.07213
cs.CV 2401.07218
cs.CV 2401.07220
cs.CV 2401.07240
cs.CV 2401.07245
cs.CV 2401.07251
cs.CV 2401.07271
cs.CV 2401.07272
cs.CV 2401.07278
cs.CV 2401.07322
cs.CV 2401.07323
cs.CV 2401.07358
cs.CV 2401.07370
cs.CV 2401.07378
cs.CV 2401.07392
cs.CV 2401.07398
cs.CV 2401.07402
cs.CV 2401.07437
cs.CV 2401.07439
cs.CV 2401.07450
cs.CV 2401.07457
cs.CV 2401.07459
cs.CV 2401.07469
cs.CV 2401.07477
cs.CV 2401.07500
cs.CV 2401.07502
cs.CV 2401.07503
cs.CV 2401.07519
cs.CV 2401.07527
cs.CV 2401.07529
cs.CV 2401.07542
cs.CV 2401.07567
cs.CV 2401.07571
cs.CV 2401.07572
cs.CV 2401.07579
cs.CV 2401.07584
cs.CV 2401.07586
cs.CV 2401.07591
cs.CV 2401.07629
cs.CV 2401.07641
cs.CV 2401.07654
cs.CV 2401.07669
cs.CV 2401.07709
cs.CV 2401.07721
cs.CV 2401.07727
cs.CV 2401.07729
cs.CV 2401.07745
cs.CV 2401.07746
cs.CV 2401.07753
cs.CV 2401.07770
cs.CV 2401.07781
cs.CV 2401.07787
cs.CV 2401.07796
cs.CV 2401.07801
cs.CV 2401.07803
cs.CV 2401.07825
cs.CV 2401.07853
cs.CV 2401.07854
cs.CV 2401.07929
cs.CV 2401.07931
cs.CV 2401.07942
cs.CV 2401.07951
cs.CV 2401.08003
cs.CV 2401.08014
cs.CV 2401.08017
cs.CV 2401.08035
cs.CV 2401.08036
cs.CV 2401.08045
cs.CV 2401.08049
cs.CV 2401.08053
cs.CV 2401.08056
cs.CV 2401.08058
cs.CV 2401.08066
cs.CV 2401.08068
cs.CV 2401.08079
cs.CV 2401.08083
cs.CV 2401.08086
cs.CV 2401.08099
cs.CV 2401.08100
cs.CV 2401.08105
cs.CV 2401.08107
cs.CV 2401.08111
cs.CV 2401.08115
cs.CV 2401.08117
cs.CV 2401.08123
cs.CV 2401.08140
cs.CV 2401.08154
cs.CV 2401.08171
cs.CV 2401.08174
cs.CV 2401.08178
cs.CV 2401.08185
cs.CV 2401.08194
cs.CV 2401.08209
cs.CV 2401.08210
cs.CV 2401.08212
cs.CV 2401.08232
cs.CV 2401.08256
cs.CV 2401.08263
cs.CV 2401.08272
cs.CV 2401.08275
cs.CV 2401.08276
cs.CV 2401.08328
cs.CV 2401.08332
cs.CV 2401.08345
cs.CV 2401.08357
cs.CV 2401.08392
cs.CV 2401.08396
cs.CV 2401.08399
cs.CV 2401.08407
cs.CV 2401.08422
cs.CV 2401.08425
cs.CV 2401.08472
cs.CV 2401.08474
cs.CV 2401.08501
cs.CV 2401.08503
cs.CV 2401.08518
cs.CV 2401.08522
cs.CV 2401.08527
cs.CV 2401.08541
cs.CV 2401.08559
cs.CV 2401.08570
cs.CV 2401.08573
cs.CV 2401.08577
cs.CV 2401.08623
cs.CV 2401.08695
cs.CV 2401.08699
cs.CV 2401.08714
cs.CV 2401.08723
cs.CV 2401.08732
cs.CV 2401.08743
cs.CV 2401.08825
cs.CV 2401.08847
cs.CV 2401.08876
cs.CV 2401.08920
cs.CV 2401.08923
cs.CV 2401.08998
cs.CV 2401.09019
cs.CV 2401.09059
cs.CV 2401.09067
cs.CV 2401.09101
cs.CV 2401.09140
cs.CV 2401.09160
cs.CV 2401.09180
cs.CV 2401.09258
cs.CV 2401.09283
cs.CV 2401.09336
cs.CV 2401.09384
cs.CV 2401.08579
cs.CV 2401.08581
cs.CV 2401.08584
cs.CV 2401.08587
cs.CV 2401.08588
cs.CV 2401.08593
cs.CV 2401.08598
cs.CV 2401.08599
cs.CV 2401.08604
cs.CV 2401.08609
cs.CV 2401.08615
cs.CV 2401.08629
cs.CV 2401.08633
cs.CV 2401.08639
cs.CV 2401.08655
cs.CV 2401.08686
cs.CV 2401.08687
cs.CV 2401.08689
cs.CV 2401.08720
cs.CV 2401.08725
cs.CV 2401.08734
cs.CV 2401.08739
cs.CV 2401.08740
cs.CV 2401.08741
cs.CV 2401.08742
cs.CV 2401.08787
cs.CV 2401.08809
cs.CV 2401.08815
cs.CV 2401.08837
cs.CV 2401.08840
cs.CV 2401.08860
cs.CV 2401.08865
cs.CV 2401.08868
cs.CV 2401.08903
cs.CV 2401.08913
cs.CV 2401.08926
cs.CV 2401.08930
cs.CV 2401.08932
cs.CV 2401.08937
cs.CV 2401.08943
cs.CV 2401.08965
cs.CV 2401.08968
cs.CV 2401.08972
cs.CV 2401.08973
cs.CV 2401.09006
cs.CV 2401.09008
cs.CV 2401.09029
cs.CV 2401.09047
cs.CV 2401.09048
cs.CV 2401.09049
cs.CV 2401.09050
cs.CV 2401.09057
cs.CV 2401.09083
cs.CV 2401.09084
cs.CV 2401.09109
cs.CV 2401.09112
cs.CV 2401.09126
cs.CV 2401.09133
cs.CV 2401.09146
cs.CV 2401.09190
cs.CV 2401.09195
cs.CV 2401.09232
cs.CV 2401.09239
cs.CV 2401.09245
cs.CV 2401.09252
cs.CV 2401.09266
cs.CV 2401.09271
cs.CV 2401.09296
cs.CV 2401.09325
cs.CV 2401.09328
cs.CV 2401.09331
cs.CV 2401.09340
cs.CV 2401.09386
cs.CV 2401.09413
cs.CV 2401.09414
cs.CV 2401.09416
cs.CV 2401.09417
cs.CV 2401.09419
cs.CV 2401.09424
cs.CV 2401.09428
cs.CV 2401.09450
cs.CV 2401.09466
cs.CV 2401.09471
cs.CV 2401.09604
cs.CV 2401.09624
cs.CV 2401.09627
cs.CV 2401.09630
cs.CV 2401.09638
cs.CV 2401.09639
cs.CV 2401.09671
cs.CV 2401.09774
cs.CV 2401.09791
cs.CV 2401.09802
cs.CV 2401.09833
cs.CV 2401.09939
cs.CV 2401.09980
cs.CV 2401.09988
cs.CV 2401.10128
cs.CV 2401.10129
cs.CV 2401.10153
cs.CV 2401.10176
cs.CV 2401.10191
cs.CV 2401.09442
cs.CV 2401.09443
cs.CV 2401.09446
cs.CV 2401.09454
cs.CV 2401.09467
cs.CV 2401.09472
cs.CV 2401.09475
cs.CV 2401.09495
cs.CV 2401.09496
cs.CV 2401.09515
cs.CV 2401.09518
cs.CV 2401.09596
cs.CV 2401.09603
cs.CV 2401.09606
cs.CV 2401.09607
cs.CV 2401.09673
cs.CV 2401.09677
cs.CV 2401.09709
cs.CV 2401.09712
cs.CV 2401.09716
cs.CV 2401.09720
cs.CV 2401.09721
cs.CV 2401.09732
cs.CV 2401.09736
cs.CV 2401.09742
cs.CV 2401.09759
cs.CV 2401.09763
cs.CV 2401.09773
cs.CV 2401.09786
cs.CV 2401.09794
cs.CV 2401.09823
cs.CV 2401.09826
cs.CV 2401.09828
cs.CV 2401.09836
cs.CV 2401.09852
cs.CV 2401.09861
cs.CV 2401.09865
cs.CV 2401.09866
cs.CV 2401.09883
cs.CV 2401.09895
cs.CV 2401.09900
cs.CV 2401.09921
cs.CV 2401.09923
cs.CV 2401.09942
cs.CV 2401.09962
cs.CV 2401.09985
cs.CV 2401.09997
cs.CV 2401.10005
cs.CV 2401.10011
cs.CV 2401.10017
cs.CV 2401.10037
cs.CV 2401.10039
cs.CV 2401.10041
cs.CV 2401.10044
cs.CV 2401.10050
cs.CV 2401.10061
cs.CV 2401.10083
cs.CV 2401.10090
cs.CV 2401.10110
cs.CV 2401.10113
cs.CV 2401.10139
cs.CV 2401.10148
cs.CV 2401.10150
cs.CV 2401.10166
cs.CV 2401.10171
cs.CV 2401.10178
cs.CV 2401.10208
cs.CV 2401.10213
cs.CV 2401.10215
cs.CV 2401.10217
cs.CV 2401.10219
cs.CV 2401.10220
cs.CV 2401.10222
cs.CV 2401.10224
cs.CV 2401.10226
cs.CV 2401.10227
cs.CV 2401.10228
cs.CV 2401.10229
cs.CV 2401.10232
cs.AR 2401.05571
cs.AR 2401.05357
cs.AR 2401.05391
cs.AR 2401.05548
cs.AR 2401.05626
cs.AR 2401.06362
cs.AR 2401.06508
cs.AR 2401.07539
cs.AR 2401.08225
cs.AR 2401.06885
cs.AR 2401.07143
cs.AR 2401.07429
cs.AR 2401.07671
cs.AR 2401.08179
cs.AR 2401.08397
cs.AR 2401.09393
cs.AR 2401.08625
cs.AR 2401.08683
cs.AR 2401.08696
cs.AR 2401.08710
cs.AR 2401.08806
cs.AR 2401.09359
cs.AR 2401.09474
cs.AR 2401.09464
cs.AR 2401.09494
cs.AR 2401.09509
cs.AR 2401.09890
cs.AR 2401.10042
cs.AR 2401.10082
cs.AI 2401.05342
cs.AI 2401.05346
cs.AI 2401.05350
cs.AI 2401.05355
cs.AI 2401.05362
cs.AI 2401.05370
cs.AI 2401.05373
cs.AI 2401.05375
cs.AI 2401.05384
cs.AI 2401.05391
cs.AI 2401.05392
cs.AI 2401.05395
cs.AI 2401.05398
cs.AI 2401.05399
cs.AI 2401.05400
cs.AI 2401.05401
cs.AI 2401.05402
cs.AI 2401.05403
cs.AI 2401.05406
cs.AI 2401.05409
cs.AI 2401.05412
cs.AI 2401.05416
cs.AI 2401.05418
cs.AI 2401.05422
cs.AI 2401.05426
cs.AI 2401.05431
cs.AI 2401.05432
cs.AI 2401.05433
cs.AI 2401.05434
cs.AI 2401.05437
cs.AI 2401.05442
cs.AI 2401.05443
cs.AI 2401.05444
cs.AI 2401.05446
cs.AI 2401.05447
cs.AI 2401.05453
cs.AI 2401.05458
cs.AI 2401.05459
cs.AI 2401.05461
cs.AI 2401.05467
cs.AI 2401.05468
cs.AI 2401.05476
cs.AI 2401.05477
cs.AI 2401.05478
cs.AI 2401.05502
cs.AI 2401.05507
cs.AI 2401.05509
cs.AI 2401.05516
cs.AI 2401.05518
cs.AI 2401.05520
cs.AI 2401.05521
cs.AI 2401.05535
cs.AI 2401.05544
cs.AI 2401.05566
cs.AI 2401.05570
cs.AI 2401.05572
cs.AI 2401.05584
cs.AI 2401.05596
cs.AI 2401.05604
cs.AI 2401.05610
cs.AI 2401.05618
cs.AI 2401.05631
cs.AI 2401.05667
cs.AI 2401.05680
cs.AI 2401.05683
cs.AI 2401.05700
cs.AI 2401.05730
cs.AI 2401.05749
cs.AI 2401.05772
cs.AI 2401.05778
cs.AI 2401.05799
cs.AI 2401.05800
cs.AI 2401.05811
cs.AI 2401.05815
cs.AI 2401.05827
cs.AI 2401.05831
cs.AI 2401.05840
cs.AI 2401.05848
cs.AI 2401.05849
cs.AI 2401.05870
cs.AI 2401.05895
cs.AI 2401.05914
cs.AI 2401.05925
cs.AI 2401.05930
cs.AI 2401.05932
cs.AI 2401.05939
cs.AI 2401.05940
cs.AI 2401.05946
cs.AI 2401.05949
cs.AI 2401.05964
cs.AI 2401.05969
cs.AI 2401.05975
cs.AI 2401.05998
cs.AI 2401.06005
cs.AI 2401.06013
cs.AI 2401.06048
cs.AI 2401.06059
cs.AI 2401.06086
cs.AI 2401.06088
cs.AI 2401.06102
cs.AI 2401.06122
cs.AI 2401.06127
cs.AI 2401.05654
cs.AI 2401.05743
cs.AI 2401.05822
cs.AI 2401.05960
cs.AI 2401.06072
cs.AI 2401.06080
cs.AI 2311.02877
cs.AI 2401.06137
cs.AI 2401.06143
cs.AI 2401.06148
cs.AI 2401.06150
cs.AI 2401.06151
cs.AI 2401.06153
cs.AI 2401.06157
cs.AI 2401.06160
cs.AI 2401.06161
cs.AI 2401.06162
cs.AI 2401.06166
cs.AI 2401.06167
cs.AI 2401.06168
cs.AI 2401.06171
cs.AI 2401.06175
cs.AI 2401.06176
cs.AI 2401.06178
cs.AI 2401.06183
cs.AI 2401.06194
cs.AI 2401.06195
cs.AI 2401.06199
cs.AI 2401.06204
cs.AI 2401.06210
cs.AI 2401.06230
cs.AI 2401.06300
cs.AI 2401.06308
cs.AI 2401.06318
cs.AI 2401.06340
cs.AI 2401.06370
cs.AI 2401.06373
cs.AI 2401.06382
cs.AI 2401.06394
cs.AI 2401.06401
cs.AI 2401.06406
cs.AI 2401.06416
cs.AI 2401.06421
cs.AI 2401.06426
cs.AI 2401.06431
cs.AI 2401.06436
cs.AI 2401.06437
cs.AI 2401.06461
cs.AI 2401.06466
cs.AI 2401.06477
cs.AI 2401.06493
cs.AI 2401.06503
cs.AI 2401.06506
cs.AI 2401.06513
cs.AI 2401.06528
cs.AI 2401.06538
cs.AI 2401.06541
cs.AI 2401.06550
cs.AI 2401.06557
cs.AI 2401.06559
cs.AI 2401.06568
cs.AI 2401.06583
cs.AI 2401.06588
cs.AI 2401.06595
cs.AI 2401.06633
cs.AI 2401.06634
cs.AI 2401.06640
cs.AI 2401.06654
cs.AI 2401.06676
cs.AI 2401.06683
cs.AI 2401.06686
cs.AI 2401.06692
cs.AI 2401.06699
cs.AI 2401.06709
cs.AI 2401.06715
cs.AI 2401.06730
cs.AI 2401.06742
cs.AI 2401.06751
cs.AI 2401.06757
cs.AI 2401.06256
cs.AI 2401.06293
cs.AI 2401.06375
cs.AI 2401.06379
cs.AI 2401.06465
cs.AI 2401.06471
cs.AI 2401.06775
cs.AI 2401.06777
cs.AI 2401.06780
cs.AI 2401.06782
cs.AI 2401.06783
cs.AI 2401.06785
cs.AI 2401.06786
cs.AI 2401.06787
cs.AI 2401.06788
cs.AI 2401.06789
cs.AI 2401.06790
cs.AI 2401.06791
cs.AI 2401.06792
cs.AI 2401.06795
cs.AI 2401.06796
cs.AI 2401.06800
cs.AI 2401.06804
cs.AI 2401.06805
cs.AI 2401.06806
cs.AI 2401.06807
cs.AI 2401.06808
cs.AI 2401.06811
cs.AI 2401.06816
cs.AI 2401.06821
cs.AI 2401.06824
cs.AI 2401.06826
cs.AI 2401.06827
cs.AI 2401.06829
cs.AI 2401.06830
cs.AI 2401.06831
cs.AI 2401.06833
cs.AI 2401.06836
cs.AI 2401.06837
cs.AI 2401.06866
cs.AI 2401.06868
cs.AI 2401.06883
cs.AI 2401.06915
cs.AI 2401.06922
cs.AI 2401.06946
cs.AI 2401.06947
cs.AI 2401.06949
cs.AI 2401.06951
cs.AI 2401.06952
cs.AI 2401.06960
cs.AI 2401.06961
cs.AI 2401.06977
cs.AI 2401.06992
cs.AI 2401.07009
cs.AI 2401.07014
cs.AI 2401.07022
cs.AI 2401.07031
cs.AI 2401.07037
cs.AI 2401.07042
cs.AI 2401.07043
cs.AI 2401.07051
cs.AI 2401.07054
cs.AI 2401.07058
cs.AI 2401.07062
cs.AI 2401.07065
cs.AI 2401.07072
cs.AI 2401.07085
cs.AI 2401.07102
cs.AI 2401.07105
cs.AI 2401.07118
cs.AI 2401.07128
cs.AI 2401.07139
cs.AI 2401.07145
cs.AI 2401.07159
cs.AI 2401.07179
cs.AI 2401.07220
cs.AI 2401.07234
cs.AI 2401.07237
cs.AI 2401.07250
cs.AI 2401.07263
cs.AI 2401.07271
cs.AI 2401.07278
cs.AI 2401.07301
cs.AI 2401.07333
cs.AI 2401.07336
cs.AI 2401.07348
cs.AI 2401.07353
cs.AI 2401.07364
cs.AI 2401.07378
cs.AI 2401.07379
cs.AI 2401.07382
cs.AI 2401.07387
cs.AI 2401.07389
cs.AI 2401.07395
cs.AI 2401.07445
cs.AI 2401.07447
cs.AI 2401.07450
cs.AI 2401.07453
cs.AI 2401.07456
cs.AI 2401.07466
cs.AI 2401.07468
cs.AI 2401.07470
cs.AI 2401.07489
cs.AI 2401.07518
cs.AI 2401.07519
cs.AI 2401.07525
cs.AI 2401.07526
cs.AI 2401.07532
cs.AI 2401.07543
cs.AI 2401.07586
cs.AI 2401.07591
cs.AI 2401.07595
cs.AI 2401.07603
cs.AI 2401.07612
cs.AI 2401.07655
cs.AI 2401.07709
cs.AI 2401.07729
cs.AI 2401.07796
cs.AI 2401.07810
cs.AI 2401.07836
cs.AI 2401.07844
cs.AI 2401.07862
cs.AI 2401.07868
cs.AI 2401.07870
cs.AI 2401.07877
cs.AI 2401.07883
cs.AI 2401.07886
cs.AI 2401.07889
cs.AI 2401.07927
cs.AI 2401.07931
cs.AI 2401.07955
cs.AI 2401.07969
cs.AI 2401.07993
cs.AI 2401.08003
cs.AI 2401.08014
cs.AI 2401.08046
cs.AI 2401.08066
cs.AI 2401.08077
cs.AI 2401.08089
cs.AI 2401.08092
cs.AI 2401.08095
cs.AI 2401.08097
cs.AI 2401.08099
cs.AI 2401.08100
cs.AI 2401.08103
cs.AI 2401.08105
cs.AI 2401.08115
cs.AI 2401.08117
cs.AI 2401.08121
cs.AI 2401.08138
cs.AI 2401.08185
cs.AI 2401.08194
cs.AI 2401.08221
cs.AI 2401.08255
cs.AI 2401.08261
cs.AI 2401.08268
cs.AI 2401.08273
cs.AI 2401.08326
cs.AI 2401.08330
cs.AI 2401.08358
cs.AI 2401.08376
cs.AI 2401.08383
cs.AI 2401.08386
cs.AI 2401.08396
cs.AI 2401.08397
cs.AI 2401.08405
cs.AI 2401.08425
cs.AI 2401.08429
cs.AI 2401.08438
cs.AI 2401.08458
cs.AI 2401.08478
cs.AI 2401.08505
cs.AI 2401.08527
cs.AI 2401.08534
cs.AI 2401.08552
cs.AI 2401.08567
cs.AI 2401.08577
cs.AI 2401.06781
cs.AI 2401.06793
cs.AI 2401.06801
cs.AI 2401.06810
cs.AI 2401.06925
cs.AI 2401.06979
cs.AI 2401.07056
cs.AI 2401.07115
cs.AI 2401.07314
cs.AI 2401.07324
cs.AI 2401.07359
cs.AI 2401.07426
cs.AI 2401.07448
cs.AI 2401.07656
cs.AI 2401.07710
cs.AI 2401.07722
cs.AI 2401.07744
cs.AI 2401.07764
cs.AI 2401.07871
cs.AI 2401.07890
cs.AI 2401.07964
cs.AI 2401.08008
cs.AI 2401.08025
cs.AI 2401.08189
cs.AI 2401.08460
cs.AI 2401.08461
cs.AI 2401.08517
cs.AI 2401.08525
cs.AI 2401.08579
cs.AI 2401.08581
cs.AI 2401.08584
cs.AI 2401.08585
cs.AI 2401.08587
cs.AI 2401.08604
cs.AI 2401.08619
cs.AI 2401.08623
cs.AI 2401.08632
cs.AI 2401.08636
cs.AI 2401.08655
cs.AI 2401.08658
cs.AI 2401.08669
cs.AI 2401.08672
cs.AI 2401.08683
cs.AI 2401.08694
cs.AI 2401.08696
cs.AI 2401.08699
cs.AI 2401.08711
cs.AI 2401.08714
cs.AI 2401.08715
cs.AI 2401.08721
cs.AI 2401.08727
cs.AI 2401.08728
cs.AI 2401.08739
cs.AI 2401.08741
cs.AI 2401.08815
cs.AI 2401.08819
cs.AI 2401.08850
cs.AI 2401.08863
cs.AI 2401.08875
cs.AI 2401.08887
cs.AI 2401.08897
cs.AI 2401.08898
cs.AI 2401.08930
cs.AI 2401.08932
cs.AI 2401.08940
cs.AI 2401.08957
cs.AI 2401.08959
cs.AI 2401.08960
cs.AI 2401.08973
cs.AI 2401.08977
cs.AI 2401.08984
cs.AI 2401.08996
cs.AI 2401.09003
cs.AI 2401.09008
cs.AI 2401.09011
cs.AI 2401.09019
cs.AI 2401.09029
cs.AI 2401.09034
cs.AI 2401.09067
cs.AI 2401.09068
cs.AI 2401.09071
cs.AI 2401.09073
cs.AI 2401.09074
cs.AI 2401.09075
cs.AI 2401.09082
cs.AI 2401.09192
cs.AI 2401.09235
cs.AI 2401.09239
cs.AI 2401.09240
cs.AI 2401.09243
cs.AI 2401.09252
cs.AI 2401.09286
cs.AI 2401.09294
cs.AI 2401.09322
cs.AI 2401.09334
cs.AI 2401.09340
cs.AI 2401.09352
cs.AI 2401.09354
cs.AI 2401.09410
cs.AI 2401.09414
cs.AI 2401.08660
cs.AI 2401.08663
cs.AI 2401.08664
cs.AI 2401.08695
cs.AI 2401.08743
cs.AI 2401.08879
cs.AI 2401.08936
cs.AI 2401.08999
cs.AI 2401.09042
cs.AI 2401.09070
cs.AI 2401.09424
cs.AI 2401.09432
cs.AI 2401.09435
cs.AI 2401.09442
cs.AI 2401.09443
cs.AI 2401.09446
cs.AI 2401.09450
cs.AI 2401.09451
cs.AI 2401.09452
cs.AI 2401.09454
cs.AI 2401.09455
cs.AI 2401.09459
cs.AI 2401.09466
cs.AI 2401.09467
cs.AI 2401.09473
cs.AI 2401.09476
cs.AI 2401.09479
cs.AI 2401.09489
cs.AI 2401.09498
cs.AI 2401.09516
cs.AI 2401.09553
cs.AI 2401.09555
cs.AI 2401.09556
cs.AI 2401.09566
cs.AI 2401.09572
cs.AI 2401.09615
cs.AI 2401.09637
cs.AI 2401.09640
cs.AI 2401.09646
cs.AI 2401.09651
cs.AI 2401.09656
cs.AI 2401.09666
cs.AI 2401.09671
cs.AI 2401.09691
cs.AI 2401.09695
cs.AI 2401.09699
cs.AI 2401.09716
cs.AI 2401.09717
cs.AI 2401.09748
cs.AI 2401.09756
cs.AI 2401.09757
cs.AI 2401.09763
cs.AI 2401.09769
cs.AI 2401.09773
cs.AI 2401.09786
cs.AI 2401.09787
cs.AI 2401.09795
cs.AI 2401.09798
cs.AI 2401.09819
cs.AI 2401.09833
cs.AI 2401.09852
cs.AI 2401.09861
cs.AI 2401.09862
cs.AI 2401.09865
cs.AI 2401.09870
cs.AI 2401.09880
cs.AI 2401.09886
cs.AI 2401.09900
cs.AI 2401.09942
cs.AI 2401.09944
cs.AI 2401.09964
cs.AI 2401.09983
cs.AI 2401.09986
cs.AI 2401.09987
cs.AI 2401.10016
cs.AI 2401.10019
cs.AI 2401.10020
cs.AI 2401.10032
cs.AI 2401.10034
cs.AI 2401.10036
cs.AI 2401.10040
cs.AI 2401.10061
cs.AI 2401.10119
cs.AI 2401.10139
cs.AI 2401.10148
cs.AI 2401.10158
cs.AI 2401.10178
cs.AI 2401.10189
cs.AI 2401.10207
cs.AI 2401.10210
cs.AI 2401.10211
cs.AI 2401.10222
cs.AI 2401.10225
cs.AI 2401.09444
cs.AI 2401.09448
cs.AI 2401.09491
cs.AI 2401.09680
cs.AI 2401.09789
cs.AI 2401.09851
cs.AI 2401.09966
cs.AI 2401.10101
cs.MA 2401.02899
cs.MA 2401.05375
cs.MA 2401.05572
cs.MA 2401.05657
cs.MA 2401.05799
cs.MA 2401.06086
cs.MA 2401.05563
cs.MA 2401.05860
cs.MA 2401.06135
cs.MA 2401.06308
cs.MA 2401.06192
cs.MA 2401.07056
cs.MA 2401.07070
cs.MA 2401.07255
cs.MA 2401.08013
cs.MA 2401.07256
cs.MA 2401.09014
cs.MA 2401.09032
cs.MA 2401.08728
cs.MA 2401.09666
cs.MA 2401.10149
cs.CR 2401.05432
cs.CR 2401.05441
cs.CR 2401.05562
cs.CR 2401.05641
cs.CR 2401.05739
cs.CR 2401.05753
cs.CR 2401.05895
cs.CR 2401.05509
cs.CR 2401.05566
cs.CR 2401.05569
cs.CR 2401.05680
cs.CR 2401.05797
cs.CR 2401.05896
cs.CR 2401.05943
cs.CR 2401.05947
cs.CR 2401.05961
cs.CR 2401.06030
cs.CR 2401.06637
cs.CR 2401.06638
cs.CR 2401.06384
cs.CR 2401.06508
cs.CR 2401.06601
cs.CR 2401.06612
cs.CR 2401.06626
cs.CR 2401.06657
cs.CR 2401.06763
cs.CR 2401.06822
cs.CR 2401.07087
cs.CR 2401.07316
cs.CR 2401.07410
cs.CR 2401.07464
cs.CR 2401.07774
cs.CR 2401.07991
cs.CR 2401.08038
cs.CR 2401.08131
cs.CR 2401.08135
cs.CR 2401.08150
cs.CR 2401.08224
cs.CR 2401.08351
cs.CR 2401.08513
cs.CR 2401.08573
cs.CR 2401.06883
cs.CR 2401.07031
cs.CR 2401.07142
cs.CR 2401.07148
cs.CR 2401.07154
cs.CR 2401.07162
cs.CR 2401.07205
cs.CR 2401.07261
cs.CR 2401.07343
cs.CR 2401.07368
cs.CR 2401.07565
cs.CR 2401.07612
cs.CR 2401.07691
cs.CR 2401.07783
cs.CR 2401.07960
cs.CR 2401.07992
cs.CR 2401.07995
cs.CR 2401.08127
cs.CR 2401.08141
cs.CR 2401.08196
cs.CR 2401.08216
cs.CR 2401.08261
cs.CR 2401.08333
cs.CR 2401.08363
cs.CR 2401.08458
cs.CR 2401.08476
cs.CR 2401.08520
cs.CR 2401.08564
cs.CR 2401.08610
cs.CR 2401.08863
cs.CR 2401.08984
cs.CR 2401.08987
cs.CR 2401.08998
cs.CR 2401.09027
cs.CR 2401.09412
cs.CR 2401.08723
cs.CR 2401.08881
cs.CR 2401.08901
cs.CR 2401.08925
cs.CR 2401.08947
cs.CR 2401.08953
cs.CR 2401.09075
cs.CR 2401.09124
cs.CR 2401.09204
cs.CR 2401.09209
cs.CR 2401.09221
cs.CR 2401.09240
cs.CR 2401.09383
cs.CR 2401.09521
cs.CR 2401.09574
cs.CR 2401.09673
cs.CR 2401.09754
cs.CR 2401.09796
cs.CR 2401.09945
cs.CR 2401.10149
cs.CR 2401.10158
cs.CR 2401.10200
cs.CR 2401.09476
cs.CR 2401.09479
cs.CR 2401.09488
cs.CR 2401.09519
cs.CR 2401.09575
cs.CR 2401.09604
cs.CR 2401.09727
cs.CR 2401.09740
cs.CR 2401.09767
cs.CR 2401.09824
cs.CR 2401.10008
cs.CR 2401.10036
cs.CR 2401.10207
cs.LG 2401.05337
cs.LG 2401.05338
cs.LG 2401.05341
cs.LG 2401.05342
cs.LG 2401.05350
cs.LG 2401.05351
cs.LG 2401.05352
cs.LG 2401.05353
cs.LG 2401.05355
cs.LG 2401.05357
cs.LG 2401.05363
cs.LG 2401.05365
cs.LG 2401.05367
cs.LG 2401.05369
cs.LG 2401.05370
cs.LG 2401.05373
cs.LG 2401.05378
cs.LG 2401.05380
cs.LG 2401.05381
cs.LG 2401.05382
cs.LG 2401.05385
cs.LG 2401.05386
cs.LG 2401.05388
cs.LG 2401.05394
cs.LG 2401.05395
cs.LG 2401.05397
cs.LG 2401.05402
cs.LG 2401.05405
cs.LG 2401.05406
cs.LG 2401.05407
cs.LG 2401.05408
cs.LG 2401.05409
cs.LG 2401.05410
cs.LG 2401.05411
cs.LG 2401.05414
cs.LG 2401.05416
cs.LG 2401.05418
cs.LG 2401.05420
cs.LG 2401.05424
cs.LG 2401.05425
cs.LG 2401.05426
cs.LG 2401.05430
cs.LG 2401.05431
cs.LG 2401.05434
cs.LG 2401.05436
cs.LG 2401.05437
cs.LG 2401.05440
cs.LG 2401.05441
cs.LG 2401.05444
cs.LG 2401.05446
cs.LG 2401.05452
cs.LG 2401.05461
cs.LG 2401.05468
cs.LG 2401.05469
cs.LG 2401.05470
cs.LG 2401.05478
cs.LG 2401.05502
cs.LG 2401.05525
cs.LG 2401.05535
cs.LG 2401.05566
cs.LG 2401.05568
cs.LG 2401.05569
cs.LG 2401.05570
cs.LG 2401.05571
cs.LG 2401.05605
cs.LG 2401.05641
cs.LG 2401.05654
cs.LG 2401.05680
cs.LG 2401.05717
cs.LG 2401.05735
cs.LG 2401.05765
cs.LG 2401.05792
cs.LG 2401.05815
cs.LG 2401.05819
cs.LG 2401.05848
cs.LG 2401.05896
cs.LG 2401.05908
cs.LG 2401.05933
cs.LG 2401.05972
cs.LG 2401.05982
cs.LG 2401.06005
cs.LG 2401.06009
cs.LG 2401.06035
cs.LG 2401.06048
cs.LG 2401.06059
cs.LG 2401.06070
cs.LG 2401.06088
cs.LG 2401.06102
cs.LG 2401.06105
cs.LG 2401.06127
cs.LG 2401.05421
cs.LG 2401.05432
cs.LG 2401.05439
cs.LG 2401.05442
cs.LG 2401.05453
cs.LG 2401.05458
cs.LG 2401.05467
cs.LG 2401.05477
cs.LG 2401.05479
cs.LG 2401.05518
cs.LG 2401.05531
cs.LG 2401.05538
cs.LG 2401.05562
cs.LG 2401.05572
cs.LG 2401.05578
cs.LG 2401.05579
cs.LG 2401.05580
cs.LG 2401.05610
cs.LG 2401.05629
cs.LG 2401.05653
cs.LG 2401.05664
cs.LG 2401.05667
cs.LG 2401.05710
cs.LG 2401.05711
cs.LG 2401.05716
cs.LG 2401.05737
cs.LG 2401.05772
cs.LG 2401.05794
cs.LG 2401.05800
cs.LG 2401.05820
cs.LG 2401.05821
cs.LG 2401.05831
cs.LG 2401.05849
cs.LG 2401.05876
cs.LG 2401.05895
cs.LG 2401.05899
cs.LG 2401.05946
cs.LG 2401.05964
cs.LG 2401.05969
cs.LG 2401.06040
cs.LG 2401.06086
cs.LG 2401.06089
cs.LG 2401.06091
cs.LG 2401.06118
cs.LG 2401.06121
cs.LG 2401.06122
cs.LG 2401.06135
cs.LG 2401.06137
cs.LG 2401.06139
cs.LG 2401.06144
cs.LG 2401.06145
cs.LG 2401.06149
cs.LG 2401.06150
cs.LG 2401.06151
cs.LG 2401.06155
cs.LG 2401.06156
cs.LG 2401.06159
cs.LG 2401.06164
cs.LG 2401.06166
cs.LG 2401.06169
cs.LG 2401.06172
cs.LG 2401.06173
cs.LG 2401.06174
cs.LG 2401.06175
cs.LG 2401.06179
cs.LG 2401.06180
cs.LG 2401.06182
cs.LG 2401.06183
cs.LG 2401.06195
cs.LG 2401.06199
cs.LG 2401.06203
cs.LG 2401.06224
cs.LG 2401.06230
cs.LG 2401.06252
cs.LG 2401.06273
cs.LG 2401.06278
cs.LG 2401.06300
cs.LG 2401.06308
cs.LG 2401.06325
cs.LG 2401.06362
cs.LG 2401.06416
cs.LG 2401.06465
cs.LG 2401.06495
cs.LG 2401.06498
cs.LG 2401.06499
cs.LG 2401.06513
cs.LG 2401.06523
cs.LG 2401.06538
cs.LG 2401.06566
cs.LG 2401.06583
cs.LG 2401.06588
cs.LG 2401.06654
cs.LG 2401.06656
cs.LG 2401.06683
cs.LG 2401.06687
cs.LG 2401.06688
cs.LG 2401.06692
cs.LG 2401.06712
cs.LG 2401.06738
cs.LG 2401.06740
cs.LG 2401.06751
cs.LG 2401.06755
cs.LG 2401.06757
cs.LG 2401.06762
cs.LG 2401.06176
cs.LG 2401.06187
cs.LG 2401.06194
cs.LG 2401.06204
cs.LG 2401.06210
cs.LG 2401.06251
cs.LG 2401.06263
cs.LG 2401.06279
cs.LG 2401.06281
cs.LG 2401.06318
cs.LG 2401.06356
cs.LG 2401.06406
cs.LG 2401.06421
cs.LG 2401.06432
cs.LG 2401.06436
cs.LG 2401.06452
cs.LG 2401.06469
cs.LG 2401.06514
cs.LG 2401.06524
cs.LG 2401.06546
cs.LG 2401.06557
cs.LG 2401.06559
cs.LG 2401.06595
cs.LG 2401.06604
cs.LG 2401.06634
cs.LG 2401.06644
cs.LG 2401.06646
cs.LG 2401.06697
cs.LG 2401.06699
cs.LG 2401.06710
cs.LG 2401.06727
cs.LG 2311.17816
cs.LG 2401.06481
cs.LG 2401.06771
cs.LG 2401.06779
cs.LG 2401.06783
cs.LG 2401.06787
cs.LG 2401.06789
cs.LG 2401.06795
cs.LG 2401.06799
cs.LG 2401.06802
cs.LG 2401.06803
cs.LG 2401.06817
cs.LG 2401.06820
cs.LG 2401.06823
cs.LG 2401.06830
cs.LG 2401.06832
cs.LG 2401.06834
cs.LG 2401.06839
cs.LG 2401.06864
cs.LG 2401.06866
cs.LG 2401.06885
cs.LG 2401.06913
cs.LG 2401.06925
cs.LG 2401.06946
cs.LG 2401.06961
cs.LG 2401.06967
cs.LG 2401.06979
cs.LG 2401.07003
cs.LG 2401.07039
cs.LG 2401.07043
cs.LG 2401.07087
cs.LG 2401.07105
cs.LG 2401.07119
cs.LG 2401.07124
cs.LG 2401.07154
cs.LG 2401.07174
cs.LG 2401.07187
cs.LG 2401.07200
cs.LG 2401.07205
cs.LG 2401.07206
cs.LG 2401.07232
cs.LG 2401.07298
cs.LG 2401.07342
cs.LG 2401.07353
cs.LG 2401.07359
cs.LG 2401.07371
cs.LG 2401.07379
cs.LG 2401.07398
cs.LG 2401.07445
cs.LG 2401.07448
cs.LG 2401.07463
cs.LG 2401.07464
cs.LG 2401.07465
cs.LG 2401.07496
cs.LG 2401.07503
cs.LG 2401.07506
cs.LG 2401.07526
cs.LG 2401.07528
cs.LG 2401.07558
cs.LG 2401.07575
cs.LG 2401.07604
cs.LG 2401.07627
cs.LG 2401.07646
cs.LG 2401.07655
cs.LG 2401.07656
cs.LG 2401.07671
cs.LG 2401.07694
cs.LG 2401.07710
cs.LG 2401.07733
cs.LG 2401.07744
cs.LG 2401.07769
cs.LG 2401.07787
cs.LG 2401.07796
cs.LG 2401.07809
cs.LG 2401.07836
cs.LG 2401.07862
cs.LG 2401.07871
cs.LG 2401.07888
cs.LG 2401.07927
cs.LG 2401.07931
cs.LG 2401.07937
cs.LG 2401.07955
cs.LG 2401.07957
cs.LG 2401.07961
cs.LG 2401.07990
cs.LG 2401.07994
cs.LG 2401.08025
cs.LG 2401.08032
cs.LG 2401.08035
cs.LG 2401.08038
cs.LG 2401.08047
cs.LG 2401.08150
cs.LG 2401.08169
cs.LG 2401.08189
cs.LG 2401.08216
cs.LG 2401.08224
cs.LG 2401.08260
cs.LG 2401.08268
cs.LG 2401.08272
cs.LG 2401.08273
cs.LG 2401.08301
cs.LG 2401.08307
cs.LG 2401.08309
cs.LG 2401.08375
cs.LG 2401.08381
cs.LG 2401.08404
cs.LG 2401.08406
cs.LG 2401.08409
cs.LG 2401.08414
cs.LG 2401.08415
cs.LG 2401.08425
cs.LG 2401.08429
cs.LG 2401.08438
cs.LG 2401.08468
cs.LG 2401.08469
cs.LG 2401.08491
cs.LG 2401.08522
cs.LG 2401.08525
cs.LG 2401.08544
cs.LG 2401.08559
cs.LG 2401.08564
cs.LG 2401.08573
cs.LG 2401.08577
cs.LG 2401.06821
cs.LG 2401.06826
cs.LG 2401.06868
cs.LG 2401.06890
cs.LG 2401.06898
cs.LG 2401.06899
cs.LG 2401.06922
cs.LG 2401.06923
cs.LG 2401.06936
cs.LG 2401.06952
cs.LG 2401.06953
cs.LG 2401.06970
cs.LG 2401.06989
cs.LG 2401.07012
cs.LG 2401.07022
cs.LG 2401.07044
cs.LG 2401.07051
cs.LG 2401.07062
cs.LG 2401.07065
cs.LG 2401.07066
cs.LG 2401.07085
cs.LG 2401.07091
cs.LG 2401.07145
cs.LG 2401.07159
cs.LG 2401.07175
cs.LG 2401.07181
cs.LG 2401.07231
cs.LG 2401.07234
cs.LG 2401.07249
cs.LG 2401.07250
cs.LG 2401.07263
cs.LG 2401.07364
cs.LG 2401.07369
cs.LG 2401.07387
cs.LG 2401.07389
cs.LG 2401.07390
cs.LG 2401.07395
cs.LG 2401.07468
cs.LG 2401.07482
cs.LG 2401.07488
cs.LG 2401.07494
cs.LG 2401.07516
cs.LG 2401.07540
cs.LG 2401.07551
cs.LG 2401.07553
cs.LG 2401.07578
cs.LG 2401.07595
cs.LG 2401.07606
cs.LG 2401.07639
cs.LG 2401.07657
cs.LG 2401.07697
cs.LG 2401.07711
cs.LG 2401.07756
cs.LG 2401.07788
cs.LG 2401.07844
cs.LG 2401.07874
cs.LG 2401.07883
cs.LG 2401.07886
cs.LG 2401.07889
cs.LG 2401.07936
cs.LG 2401.07958
cs.LG 2401.07991
cs.LG 2401.07993
cs.LG 2401.08002
cs.LG 2401.08016
cs.LG 2401.08061
cs.LG 2401.08077
cs.LG 2401.08081
cs.LG 2401.08092
cs.LG 2401.08119
cs.LG 2401.08121
cs.LG 2401.08135
cs.LG 2401.08139
cs.LG 2401.08147
cs.LG 2401.08197
cs.LG 2401.08221
cs.LG 2401.08225
cs.LG 2401.08233
cs.LG 2401.08245
cs.LG 2401.08281
cs.LG 2401.08318
cs.LG 2401.08327
cs.LG 2401.08330
cs.LG 2401.08348
cs.LG 2401.08351
cs.LG 2401.08364
cs.LG 2401.08383
cs.LG 2401.08386
cs.LG 2401.08426
cs.LG 2401.08464
cs.LG 2401.08478
cs.LG 2401.08500
cs.LG 2401.08505
cs.LG 2401.08513
cs.LG 2401.08514
cs.LG 2401.08519
cs.LG 2401.08534
cs.LG 2401.08552
cs.LG 2401.08567
cs.LG 2401.08581
cs.LG 2401.08584
cs.LG 2401.08602
cs.LG 2401.08603
cs.LG 2401.08623
cs.LG 2401.08627
cs.LG 2401.08632
cs.LG 2401.08637
cs.LG 2401.08639
cs.LG 2401.08649
cs.LG 2401.08655
cs.LG 2401.08661
cs.LG 2401.08663
cs.LG 2401.08667
cs.LG 2401.08671
cs.LG 2401.08683
cs.LG 2401.08684
cs.LG 2401.08689
cs.LG 2401.08691
cs.LG 2401.08696
cs.LG 2401.08700
cs.LG 2401.08702
cs.LG 2401.08712
cs.LG 2401.08723
cs.LG 2401.08734
cs.LG 2401.08735
cs.LG 2401.08738
cs.LG 2401.08740
cs.LG 2401.08741
cs.LG 2401.08743
cs.LG 2401.08763
cs.LG 2401.08777
cs.LG 2401.08815
cs.LG 2401.08818
cs.LG 2401.08821
cs.LG 2401.08847
cs.LG 2401.08859
cs.LG 2401.08861
cs.LG 2401.08864
cs.LG 2401.08865
cs.LG 2401.08876
cs.LG 2401.08889
cs.LG 2401.08891
cs.LG 2401.08902
cs.LG 2401.08903
cs.LG 2401.08908
cs.LG 2401.08919
cs.LG 2401.08936
cs.LG 2401.08947
cs.LG 2401.08962
cs.LG 2401.08992
cs.LG 2401.08999
cs.LG 2401.09003
cs.LG 2401.09050
cs.LG 2401.09184
cs.LG 2401.09190
cs.LG 2401.09200
cs.LG 2401.09243
cs.LG 2401.09252
cs.LG 2401.09274
cs.LG 2401.09294
cs.LG 2401.09333
cs.LG 2401.09339
cs.LG 2401.09340
cs.LG 2401.09346
cs.LG 2401.09352
cs.LG 2401.09356
cs.LG 2401.09384
cs.LG 2401.09393
cs.LG 2401.09407
cs.LG 2401.09414
cs.LG 2401.09417
cs.LG 2401.08619
cs.LG 2401.08669
cs.LG 2401.08672
cs.LG 2401.08690
cs.LG 2401.08703
cs.LG 2401.08715
cs.LG 2401.08718
cs.LG 2401.08727
cs.LG 2401.08732
cs.LG 2401.08788
cs.LG 2401.08808
cs.LG 2401.08819
cs.LG 2401.08825
cs.LG 2401.08830
cs.LG 2401.08850
cs.LG 2401.08851
cs.LG 2401.08863
cs.LG 2401.08867
cs.LG 2401.08875
cs.LG 2401.08886
cs.LG 2401.08893
cs.LG 2401.08895
cs.LG 2401.08897
cs.LG 2401.08898
cs.LG 2401.08909
cs.LG 2401.08940
cs.LG 2401.08959
cs.LG 2401.08961
cs.LG 2401.08976
cs.LG 2401.08977
cs.LG 2401.08984
cs.LG 2401.08986
cs.LG 2401.08996
cs.LG 2401.08998
cs.LG 2401.09011
cs.LG 2401.09018
cs.LG 2401.09031
cs.LG 2401.09067
cs.LG 2401.09068
cs.LG 2401.09071
cs.LG 2401.09073
cs.LG 2401.09074
cs.LG 2401.09093
cs.LG 2401.09125
cs.LG 2401.09135
cs.LG 2401.09176
cs.LG 2401.09180
cs.LG 2401.09181
cs.LG 2401.09191
cs.LG 2401.09192
cs.LG 2401.09193
cs.LG 2401.09198
cs.LG 2401.09235
cs.LG 2401.09237
cs.LG 2401.09251
cs.LG 2401.09257
cs.LG 2401.09261
cs.LG 2401.09267
cs.LG 2401.09278
cs.LG 2401.09323
cs.LG 2401.09376
cs.LG 2401.09424
cs.LG 2401.09431
cs.LG 2401.09432
cs.LG 2401.09441
cs.LG 2401.09443
cs.LG 2401.09446
cs.LG 2401.09451
cs.LG 2401.09454
cs.LG 2401.09455
cs.LG 2401.09456
cs.LG 2401.09466
cs.LG 2401.09471
cs.LG 2401.09475
cs.LG 2401.09479
cs.LG 2401.09493
cs.LG 2401.09494
cs.LG 2401.09509
cs.LG 2401.09510
cs.LG 2401.09515
cs.LG 2401.09556
cs.LG 2401.09579
cs.LG 2401.09596
cs.LG 2401.09604
cs.LG 2401.09606
cs.LG 2401.09607
cs.LG 2401.09622
cs.LG 2401.09624
cs.LG 2401.09627
cs.LG 2401.09638
cs.LG 2401.09665
cs.LG 2401.09673
cs.LG 2401.09691
cs.LG 2401.09693
cs.LG 2401.09748
cs.LG 2401.09752
cs.LG 2401.09769
cs.LG 2401.09791
cs.LG 2401.09804
cs.LG 2401.09819
cs.LG 2401.09840
cs.LG 2401.09862
cs.LG 2401.09865
cs.LG 2401.09880
cs.LG 2401.09890
cs.LG 2401.09902
cs.LG 2401.09915
cs.LG 2401.09979
cs.LG 2401.09980
cs.LG 2401.10095
cs.LG 2401.10107
cs.LG 2401.10144
cs.LG 2401.10148
cs.LG 2401.10158
cs.LG 2401.10189
cs.LG 2401.10190
cs.LG 2401.10207
cs.LG 2401.10210
cs.LG 2401.10211
cs.LG 2401.10213
cs.LG 2401.10220
cs.LG 2401.10225
cs.LG 2401.10227
cs.LG 2401.09426
cs.LG 2401.09452
cs.LG 2401.09486
cs.LG 2401.09489
cs.LG 2401.09492
cs.LG 2401.09498
cs.LG 2401.09499
cs.LG 2401.09507
cs.LG 2401.09516
cs.LG 2401.09517
cs.LG 2401.09555
cs.LG 2401.09561
cs.LG 2401.09574
cs.LG 2401.09582
cs.LG 2401.09587
cs.LG 2401.09629
cs.LG 2401.09631
cs.LG 2401.09641
cs.LG 2401.09646
cs.LG 2401.09651
cs.LG 2401.09656
cs.LG 2401.09671
cs.LG 2401.09681
cs.LG 2401.09682
cs.LG 2401.09728
cs.LG 2401.09750
cs.LG 2401.09753
cs.LG 2401.09754
cs.LG 2401.09756
cs.LG 2401.09787
cs.LG 2401.09793
cs.LG 2401.09796
cs.LG 2401.09870
cs.LG 2401.09881
cs.LG 2401.09886
cs.LG 2401.09916
cs.LG 2401.09918
cs.LG 2401.09940
cs.LG 2401.09943
cs.LG 2401.09944
cs.LG 2401.09945
cs.LG 2401.09949
cs.LG 2401.09953
cs.LG 2401.09986
cs.LG 2401.09988
cs.LG 2401.10014
cs.LG 2401.10119
cs.LG 2401.10134
cs.LG 2401.10149
cs.LG 2401.10155
cs.LG 2401.10176
cs.LG 2401.10185
cs.LG 2401.10191
cs.LG 2401.10216
cs.CL 2401.05399
cs.CL 2401.05443
cs.CL 2401.05520
cs.CL 2401.05566
cs.CL 2401.05631
cs.CL 2401.05654
cs.CL 2401.05822
cs.CL 2401.05849
cs.CL 2401.06071
cs.CL 2401.06072
cs.CL 2401.06105
cs.CL 2401.06118
cs.CL 2401.06121
cs.CL 2401.05433
cs.CL 2401.05507
cs.CL 2401.05544
cs.CL 2401.05551
cs.CL 2401.05561
cs.CL 2401.05596
cs.CL 2401.05604
cs.CL 2401.05605
cs.CL 2401.05618
cs.CL 2401.05632
cs.CL 2401.05650
cs.CL 2401.05655
cs.CL 2401.05669
cs.CL 2401.05689
cs.CL 2401.05695
cs.CL 2401.05700
cs.CL 2401.05707
cs.CL 2401.05727
cs.CL 2401.05736
cs.CL 2401.05749
cs.CL 2401.05777
cs.CL 2401.05778
cs.CL 2401.05787
cs.CL 2401.05792
cs.CL 2401.05799
cs.CL 2401.05811
cs.CL 2401.05827
cs.CL 2401.05861
cs.CL 2401.05871
cs.CL 2401.05883
cs.CL 2401.05908
cs.CL 2401.05912
cs.CL 2401.05914
cs.CL 2401.05928
cs.CL 2401.05930
cs.CL 2401.05949
cs.CL 2401.05952
cs.CL 2401.05967
cs.CL 2401.05998
cs.CL 2401.06034
cs.CL 2401.06059
cs.CL 2401.06066
cs.CL 2401.06081
cs.CL 2401.06088
cs.CL 2401.06102
cs.CL 2401.06104
cs.CL 2401.06112
cs.CL 2401.06183
cs.CL 2401.06194
cs.CL 2401.06210
cs.CL 2401.06310
cs.CL 2401.06320
cs.CL 2401.06382
cs.CL 2401.06401
cs.CL 2401.06461
cs.CL 2401.06469
cs.CL 2401.06665
cs.CL 2401.06683
cs.CL 2401.06201
cs.CL 2401.06233
cs.CL 2401.06301
cs.CL 2401.06321
cs.CL 2401.06327
cs.CL 2401.06373
cs.CL 2401.06394
cs.CL 2401.06398
cs.CL 2401.06400
cs.CL 2401.06408
cs.CL 2401.06416
cs.CL 2401.06431
cs.CL 2401.06443
cs.CL 2401.06466
cs.CL 2401.06468
cs.CL 2401.06477
cs.CL 2401.06495
cs.CL 2401.06509
cs.CL 2401.06526
cs.CL 2401.06532
cs.CL 2401.06541
cs.CL 2401.06561
cs.CL 2401.06568
cs.CL 2401.06583
cs.CL 2401.06591
cs.CL 2401.06603
cs.CL 2401.06620
cs.CL 2401.06628
cs.CL 2401.06640
cs.CL 2401.06643
cs.CL 2401.06659
cs.CL 2401.06687
cs.CL 2401.06688
cs.CL 2401.06692
cs.CL 2401.06706
cs.CL 2401.06709
cs.CL 2401.06712
cs.CL 2401.06715
cs.CL 2401.06730
cs.CL 2401.06742
cs.CL 2401.06751
cs.CL 2401.06752
cs.CL 2401.06760
cs.CL 2401.06761
cs.CL 2401.06766
cs.CL 2401.06769
cs.CL 2401.06437
cs.CL 2401.06781
cs.CL 2401.06789
cs.CL 2401.06791
cs.CL 2401.06811
cs.CL 2401.06827
cs.CL 2401.07022
cs.CL 2401.07106
cs.CL 2401.07115
cs.CL 2401.07123
cs.CL 2401.07179
cs.CL 2401.07324
cs.CL 2401.07529
cs.CL 2401.07553
cs.CL 2401.07572
cs.CL 2401.07868
cs.CL 2401.07883
cs.CL 2401.07886
cs.CL 2401.07964
cs.CL 2401.07967
cs.CL 2401.07994
cs.CL 2401.08025
cs.CL 2401.08189
cs.CL 2401.08206
cs.CL 2401.08276
cs.CL 2401.08392
cs.CL 2401.08396
cs.CL 2401.08460
cs.CL 2401.08461
cs.CL 2401.08500
cs.CL 2401.08517
cs.CL 2401.08567
cs.CL 2401.08577
cs.CL 2401.06772
cs.CL 2401.06774
cs.CL 2401.06775
cs.CL 2401.06782
cs.CL 2401.06783
cs.CL 2401.06785
cs.CL 2401.06787
cs.CL 2401.06790
cs.CL 2401.06792
cs.CL 2401.06795
cs.CL 2401.06796
cs.CL 2401.06799
cs.CL 2401.06800
cs.CL 2401.06802
cs.CL 2401.06803
cs.CL 2401.06804
cs.CL 2401.06805
cs.CL 2401.06806
cs.CL 2401.06807
cs.CL 2401.06808
cs.CL 2401.06816
cs.CL 2401.06817
cs.CL 2401.06824
cs.CL 2401.06829
cs.CL 2401.06831
cs.CL 2401.06832
cs.CL 2401.06836
cs.CL 2401.06837
cs.CL 2401.06838
cs.CL 2401.06853
cs.CL 2401.06855
cs.CL 2401.06866
cs.CL 2401.06877
cs.CL 2401.06915
cs.CL 2401.06920
cs.CL 2401.06930
cs.CL 2401.06935
cs.CL 2401.06945
cs.CL 2401.06947
cs.CL 2401.06951
cs.CL 2401.06954
cs.CL 2401.06961
cs.CL 2401.06980
cs.CL 2401.07004
cs.CL 2401.07009
cs.CL 2401.07013
cs.CL 2401.07037
cs.CL 2401.07078
cs.CL 2401.07098
cs.CL 2401.07103
cs.CL 2401.07105
cs.CL 2401.07128
cs.CL 2401.07190
cs.CL 2401.07237
cs.CL 2401.07284
cs.CL 2401.07286
cs.CL 2401.07301
cs.CL 2401.07310
cs.CL 2401.07333
cs.CL 2401.07340
cs.CL 2401.07360
cs.CL 2401.07363
cs.CL 2401.07367
cs.CL 2401.07382
cs.CL 2401.07414
cs.CL 2401.07441
cs.CL 2401.07447
cs.CL 2401.07453
cs.CL 2401.07456
cs.CL 2401.07470
cs.CL 2401.07475
cs.CL 2401.07518
cs.CL 2401.07525
cs.CL 2401.07526
cs.CL 2401.07544
cs.CL 2401.07575
cs.CL 2401.07598
cs.CL 2401.07683
cs.CL 2401.07702
cs.CL 2401.07760
cs.CL 2401.07777
cs.CL 2401.07793
cs.CL 2401.07810
cs.CL 2401.07812
cs.CL 2401.07817
cs.CL 2401.07847
cs.CL 2401.07851
cs.CL 2401.07867
cs.CL 2401.07870
cs.CL 2401.07872
cs.CL 2401.07877
cs.CL 2401.07897
cs.CL 2401.07923
cs.CL 2401.07927
cs.CL 2401.07928
cs.CL 2401.07944
cs.CL 2401.07950
cs.CL 2401.07955
cs.CL 2401.07977
cs.CL 2401.08026
cs.CL 2401.08038
cs.CL 2401.08046
cs.CL 2401.08047
cs.CL 2401.08088
cs.CL 2401.08089
cs.CL 2401.08190
cs.CL 2401.08255
cs.CL 2401.08273
cs.CL 2401.08294
cs.CL 2401.08295
cs.CL 2401.08309
cs.CL 2401.08315
cs.CL 2401.08326
cs.CL 2401.08350
cs.CL 2401.08358
cs.CL 2401.08367
cs.CL 2401.08374
cs.CL 2401.08406
cs.CL 2401.08417
cs.CL 2401.08420
cs.CL 2401.08429
cs.CL 2401.08438
cs.CL 2401.08491
cs.CL 2401.08495
cs.CL 2401.08508
cs.CL 2401.08511
cs.CL 2401.08537
cs.CL 2401.08565
cs.CL 2401.08574
cs.CL 2401.08660
cs.CL 2401.08664
cs.CL 2401.08743
cs.CL 2401.08825
cs.CL 2401.08833
cs.CL 2401.08851
cs.CL 2401.08887
cs.CL 2401.08973
cs.CL 2401.09042
cs.CL 2401.09074
cs.CL 2401.09135
cs.CL 2401.09340
cs.CL 2401.08688
cs.CL 2401.08694
cs.CL 2401.08772
cs.CL 2401.08835
cs.CL 2401.08919
cs.CL 2401.08967
cs.CL 2401.08992
cs.CL 2401.09002
cs.CL 2401.09003
cs.CL 2401.09023
cs.CL 2401.09041
cs.CL 2401.09082
cs.CL 2401.09150
cs.CL 2401.09168
cs.CL 2401.09175
cs.CL 2401.09220
cs.CL 2401.09244
cs.CL 2401.09248
cs.CL 2401.09333
cs.CL 2401.09334
cs.CL 2401.09343
cs.CL 2401.09395
cs.CL 2401.09407
cs.CL 2401.09446
cs.CL 2401.09454
cs.CL 2401.09486
cs.CL 2401.09555
cs.CL 2401.09637
cs.CL 2401.09646
cs.CL 2401.09647
cs.CL 2401.09724
cs.CL 2401.09727
cs.CL 2401.09774
cs.CL 2401.09862
cs.CL 2401.09880
cs.CL 2401.09890
cs.CL 2401.10005
cs.CL 2401.10034
cs.CL 2401.10134
cs.CL 2401.10208
cs.CL 2401.09432
cs.CL 2401.09553
cs.CL 2401.09566
cs.CL 2401.09615
cs.CL 2401.09699
cs.CL 2401.09758
cs.CL 2401.09760
cs.CL 2401.09775
cs.CL 2401.09783
cs.CL 2401.09785
cs.CL 2401.09798
cs.CL 2401.09815
cs.CL 2401.09839
cs.CL 2401.09899
cs.CL 2401.09967
cs.CL 2401.09972
cs.CL 2401.09984
cs.CL 2401.10002
cs.CL 2401.10015
cs.CL 2401.10016
cs.CL 2401.10019
cs.CL 2401.10020
cs.CL 2401.10030
cs.CL 2401.10040
cs.CL 2401.10045
cs.CL 2401.10065
cs.CL 2401.10070
cs.CL 2401.10091
cs.CL 2401.10111
cs.CL 2401.10186
cs.CL 2401.10189
cs.CL 2401.10225
cs.NI 2401.05406
cs.NI 2401.05410
cs.NI 2401.05436
cs.NI 2401.05797
cs.NI 2401.05896
cs.NI 2401.05358
cs.NI 2401.05525
cs.NI 2401.05709
cs.NI 2401.06274
cs.NI 2401.06384
cs.NI 2401.06484
cs.NI 2401.06657
cs.NI 2401.06135
cs.NI 2401.06306
cs.NI 2401.06308
cs.NI 2401.06366
cs.NI 2401.06538
cs.NI 2401.06579
cs.NI 2401.06638
cs.NI 2401.06717
cs.NI 2401.06722
cs.NI 2401.06723
cs.NI 2401.06908
cs.NI 2401.06922
cs.NI 2401.07288
cs.NI 2401.07643
cs.NI 2401.07764
cs.NI 2401.08041
cs.NI 2401.08135
cs.NI 2401.07001
cs.NI 2401.07081
cs.NI 2401.07120
cs.NI 2401.07224
cs.NI 2401.07417
cs.NI 2401.07511
cs.NI 2401.07517
cs.NI 2401.07611
cs.NI 2401.07674
cs.NI 2401.07717
cs.NI 2401.07725
cs.NI 2401.07842
cs.NI 2401.08073
cs.NI 2401.08126
cs.NI 2401.08258
cs.NI 2401.08341
cs.NI 2401.08465
cs.NI 2401.09204
cs.NI 2401.09240
cs.NI 2401.09356
cs.NI 2401.08613
cs.NI 2401.08624
cs.NI 2401.08634
cs.NI 2401.08652
cs.NI 2401.08653
cs.NI 2401.08662
cs.NI 2401.08861
cs.NI 2401.08890
cs.NI 2401.09013
cs.NI 2401.09062
cs.NI 2401.09162
cs.NI 2401.09186
cs.NI 2401.09231
cs.NI 2401.09242
cs.NI 2401.09284
cs.NI 2401.09358
cs.NI 2401.09643
cs.NI 2401.09648
cs.NI 2401.09447
cs.NI 2401.09455
cs.NI 2401.09620
cs.NI 2401.09856
cs.NI 2401.10153
cs.NI 2401.10156
cs.NI 2401.10158
cs.NI 2401.10214
stat.TH 2401.05517
stat.TH 2401.05839
stat.TH 2401.05574
stat.TH 2401.05693
stat.TH 2401.06290
stat.TH 2401.06403
stat.TH 2401.06523
stat.TH 2401.06326
stat.TH 2401.06350
stat.TH 2401.06446
stat.TH 2401.06925
stat.TH 2401.07018
stat.TH 2401.07152
stat.TH 2401.07187
stat.TH 2401.07294
stat.TH 2401.08150
stat.TH 2401.07038
stat.TH 2401.07174
stat.TH 2401.07463
stat.TH 2401.07522
stat.TH 2401.07968
stat.TH 2401.08167
stat.TH 2401.08280
stat.TH 2401.08463
stat.TH 2401.08468
stat.TH 2401.09016
stat.TH 2401.09073
stat.TH 2401.09376
stat.TH 2401.08642
stat.TH 2401.08978
stat.TH 2401.09009
stat.TH 2401.09641
stat.TH 2401.10060
stat.TH 2401.09435
