astro-ph.IM 2506.17522
astro-ph.IM 2506.18961
astro-ph.IM 2506.19566
astro-ph.IM 2506.19679
astro-ph.IM 2506.18977
astro-ph.IM 2506.19092
astro-ph.IM 2506.19206
astro-ph.IM 2506.19213
astro-ph.IM 2506.19434
astro-ph.IM 2506.19985
astro-ph.IM 2506.19990
astro-ph.IM 2506.20014
astro-ph.IM 2506.20078
astro-ph.IM 2506.20042
astro-ph.IM 2506.20236
astro-ph.IM 2506.20369
astro-ph.IM 2506.20653
astro-ph.IM 2506.20676
astro-ph.IM 2506.20709
astro-ph.IM 2506.20718
astro-ph.IM 2506.20865
astro-ph.IM 2506.20868
astro-ph.IM 2506.21021
astro-ph.IM 2506.20690
astro-ph.IM 2506.20712
astro-ph.IM 2506.20758
astro-ph.IM 2506.20864
astro-ph.IM 2506.21768
astro-ph.IM 2506.21869
astro-ph.IM 2506.21955
astro-ph.IM 2506.22217
astro-ph.IM 2506.21648
astro-ph.IM 2506.21666
astro-ph.IM 2506.21922
astro-ph.IM 2506.22076
astro-ph.IM 2506.22398
astro-ph.IM 2506.22839
astro-ph.IM 2506.23105
astro-ph.IM 2506.23212
astro-ph.IM 2506.23261
astro-ph.IM 2506.23574
astro-ph.IM 2506.23595
astro-ph.IM 2506.23681
astro-ph.IM 2506.23811
astro-ph.IM 2506.24004
astro-ph.IM 2506.22542
astro-ph.IM 2506.22617
astro-ph.IM 2506.23955
astro-ph.IM 2506.23983
astro-ph.IM 2506.24129
