cs.FL 2504.13433
cs.FL 2504.13354
cs.FL 2504.13584
cs.FL 2504.13784
cs.FL 2504.14623
cs.FL 2504.15668
cs.FL 2504.15975
cs.FL 2504.16288
cs.FL 2504.16624
cs.FL 2504.16703
cs.FL 2504.16596
cs.FL 2504.16708
cs.FL 2504.16819
cs.FL 2504.17017
cs.FL 2504.17299
cs.FL 2504.17443
cs.FL 2504.17536
cs.CG 2504.13436
cs.CG 2504.13819
cs.CG 2504.13704
cs.CG 2504.14275
cs.CG 2504.14743
cs.CG 2504.15292
cs.CG 2504.16437
cs.CG 2504.16642
cs.CG 2504.16762
cs.CG 2504.17289
cs.CG 2504.17342
cs.CG 2504.17381
cs.DM 2504.13584
cs.DM 2504.13722
cs.DM 2504.13813
cs.DM 2504.14258
cs.DM 2504.14370
cs.DM 2504.14408
cs.DM 2504.14501
cs.DM 2504.15087
cs.DM 2504.15264
cs.DM 2504.14052
cs.DM 2504.14124
cs.DM 2504.14256
cs.DM 2504.15294
cs.DM 2504.15828
cs.DM 2504.15949
cs.DM 2504.16106
cs.DM 2504.16393
cs.DM 2504.16863
cs.DM 2504.17097
cs.DM 2504.17286
cs.DM 2504.17443
cs.DM 2504.17458
cs.AR 2504.13385
cs.AR 2504.13568
cs.AR 2504.14365
cs.AR 2504.14956
cs.AR 2504.14070
cs.AR 2504.14091
cs.AR 2504.14152
cs.AR 2504.14399
cs.AR 2504.14560
cs.AR 2504.14625
cs.AR 2504.14866
cs.AR 2504.14893
cs.AR 2504.15185
cs.AR 2504.15293
cs.AR 2504.15377
cs.AR 2504.15678
cs.AR 2504.15817
cs.AR 2504.15659
cs.AR 2504.15721
cs.AR 2504.15804
cs.AR 2504.16324
cs.AR 2504.16459
cs.AR 2504.16112
cs.AR 2504.16173
cs.AR 2504.16266
cs.AR 2504.16269
cs.AR 2504.16339
cs.AR 2504.16473
cs.AR 2504.16896
cs.AR 2504.17116
cs.AR 2504.17226
cs.AR 2504.17333
cs.AR 2504.17376
cs.AR 2504.17584
cs.CC 2504.12551
cs.CC 2504.12302
cs.CC 2504.13669
cs.CC 2504.13268
cs.CC 2504.13536
cs.CC 2504.14256
cs.CC 2504.14723
cs.CC 2504.14841
cs.CC 2504.14957
cs.CC 2504.15087
cs.CC 2504.15206
cs.CC 2504.13986
cs.CC 2504.14074
cs.CC 2504.14390
cs.CC 2504.14729
cs.CC 2504.15143
cs.CC 2504.16437
cs.CC 2504.16663
cs.CC 2504.16820
cs.CC 2504.16311
cs.CC 2504.17041
cs.CC 2504.17263
cs.CC 2504.17297
cs.CC 2504.17633
cs.CC 2504.17412
cs.CC 2504.17756
cs.DS 2504.13430
cs.DS 2504.13489
cs.DS 2504.13669
cs.DS 2504.13757
cs.DS 2504.13842
cs.DS 2504.14696
cs.DS 2504.15087
cs.DS 2504.15244
cs.DS 2504.15251
cs.DS 2504.14251
cs.DS 2504.14258
cs.DS 2504.14683
cs.DS 2504.14723
cs.DS 2504.14803
cs.DS 2504.15001
cs.DS 2504.15115
cs.DS 2504.15153
cs.DS 2504.15292
cs.DS 2504.15582
cs.DS 2504.15603
cs.DS 2504.15294
cs.DS 2504.15445
cs.DS 2504.15547
cs.DS 2504.15580
cs.DS 2504.15700
cs.DS 2504.15885
cs.DS 2504.16065
cs.DS 2504.16106
cs.DS 2504.16206
cs.DS 2504.16229
cs.DS 2504.16288
cs.DS 2504.16321
cs.DS 2504.16327
cs.DS 2504.16382
cs.DS 2504.16393
cs.DS 2504.16437
cs.DS 2504.16463
cs.DS 2504.16470
cs.DS 2504.16481
cs.DS 2504.16507
cs.DS 2504.16706
cs.DS 2504.16720
cs.DS 2504.16744
cs.DS 2504.16803
cs.DS 2504.16837
cs.DS 2504.17097
cs.DS 2504.17338
cs.DS 2504.17443
cs.DS 2504.17536
cs.DS 2504.17019
cs.DS 2504.17033
cs.DS 2504.17297
cs.DS 2504.17327
cs.DS 2504.17392
cs.DS 2504.17563
cs.DS 2504.17615
cs.DS 2504.17633
cs.DS 2504.17708
cs.DS 2504.17716
cs.DS 2504.17743
cs.DS 2504.17776
cs.GT 2504.12823
cs.GT 2504.13210
cs.GT 2504.13228
cs.GT 2504.13430
cs.GT 2504.13920
cs.GT 2504.13939
cs.GT 2504.14725
cs.CE 2504.13448
cs.GT 2504.14163
cs.CE 2504.13521
cs.CE 2504.13598
cs.GT 2504.14195
cs.CE 2504.13801
cs.GT 2504.14793
cs.CE 2504.13274
cs.CE 2504.14338
cs.GT 2504.14823
cs.GT 2504.14824
cs.CE 2504.14928
cs.GT 2504.14948
cs.CE 2504.14963
cs.GT 2504.15157
cs.CE 2504.14897
cs.GT 2504.15809
cs.CE 2504.15285
cs.GT 2504.15438
cs.CE 2504.15492
cs.GT 2504.15568
cs.CE 2504.15814
cs.GT 2504.16222
cs.CE 2504.16180
cs.CE 2504.16275
cs.GT 2504.16327
cs.GT 2504.16480
cs.CE 2504.16713
cs.GT 2504.16528
cs.GT 2504.16556
cs.CE 2504.16261
cs.CE 2504.16361
cs.GT 2504.16592
cs.GT 2504.16752
cs.CE 2504.16518
cs.GT 2504.16852
cs.CE 2504.16600
cs.GT 2504.17129
cs.CE 2504.17124
cs.CE 2504.17142
cs.GT 2504.17392
cs.CE 2504.17428
cs.CE 2504.17455
cs.GR 2504.13204
cs.CE 2504.17489
cs.CE 2504.17110
cs.GR 2504.13206
cs.CE 2504.17313
cs.GR 2504.13207
cs.GR 2504.13226
cs.CE 2504.17354
cs.CE 2504.17656
cs.GR 2504.13339
cs.GR 2504.13378
cs.GR 2504.13386
cs.GR 2504.13436
cs.GR 2504.13448
cs.GR 2504.13846
cs.GR 2504.13893
cs.GR 2504.14135
cs.GR 2504.14216
cs.GR 2504.14219
cs.GR 2504.14257
cs.GR 2504.14272
cs.GR 2504.14373
cs.GR 2504.14590
cs.GR 2504.15028
cs.GR 2504.15782
cs.GR 2504.15329
cs.GR 2504.15437
cs.GR 2504.15657
cs.GR 2504.15933
cs.GR 2504.16564
cs.GR 2504.16843
cs.GR 2504.16086
cs.GR 2504.16606
cs.GR 2504.17062
cs.GR 2504.17614
cs.GR 2504.17728
cs.DB 2504.13445
cs.DB 2504.13446
cs.DB 2504.13905
cs.DB 2504.14764
cs.DB 2504.14937
cs.DB 2504.14993
cs.DB 2504.15077
cs.DB 2504.14435
cs.DB 2504.14524
cs.DB 2504.14837
cs.DB 2504.14861
cs.DB 2504.15247
cs.DB 2504.16063
cs.DB 2504.15715
cs.DB 2504.15742
cs.DB 2504.15979
cs.DB 2504.16335
cs.DB 2504.16668
cs.DB 2504.16397
cs.DB 2504.17448
cs.DB 2504.17662
cs.DB 2504.17106
cs.DB 2504.17178
cs.DB 2504.17181
cs.DB 2504.17203
cs.DB 2504.17438
cs.DB 2504.17523
cs.DC 2504.13198
cs.DC 2504.13387
cs.DC 2504.13397
cs.DC 2504.13443
cs.DC 2504.13479
cs.DC 2504.13757
cs.DC 2504.13782
cs.DC 2504.13821
cs.DC 2504.14097
cs.DC 2504.14960
cs.DC 2504.13850
cs.DC 2504.14145
cs.DC 2504.14314
cs.DC 2504.14322
cs.DC 2504.14338
cs.DC 2504.14351
cs.DC 2504.14374
cs.DC 2504.14542
cs.DC 2504.14611
cs.DC 2504.14628
cs.DC 2504.14668
cs.DC 2504.14775
cs.DC 2504.14786
cs.DC 2504.14802
cs.DC 2504.14941
cs.DC 2504.14966
cs.DC 2504.15021
cs.DC 2504.15162
cs.DC 2504.15300
cs.DC 2504.15301
cs.DC 2504.15366
cs.DC 2504.15700
cs.DC 2504.15930
cs.DC 2504.15293
cs.DC 2504.15295
cs.DC 2504.15296
cs.DC 2504.15298
cs.DC 2504.15299
cs.DC 2504.15302
cs.DC 2504.15303
cs.DC 2504.15449
cs.DC 2504.15508
cs.DC 2504.15637
cs.DC 2504.15720
cs.DC 2504.15724
cs.DC 2504.15856
cs.DC 2504.15986
cs.DC 2504.16112
cs.DC 2504.16382
cs.DC 2504.16438
cs.DC 2504.16227
cs.DC 2504.16267
cs.DC 2504.16324
cs.DC 2504.16344
cs.DC 2504.16357
cs.DC 2504.16529
cs.DC 2504.16552
cs.DC 2504.16732
cs.DC 2504.16792
cs.DC 2504.17194
cs.DC 2504.17448
cs.DC 2504.17471
cs.DC 2504.17520
cs.DC 2504.17096
cs.DC 2504.17097
cs.DC 2504.17338
cs.DC 2504.17583
cs.DC 2504.17598
cs.DC 2504.17672
cs.DC 2504.17675
cs.MA 2504.13201
cs.MA 2504.13203
cs.MA 2504.13443
cs.MA 2504.13701
cs.MA 2504.13722
cs.MA 2504.13861
cs.MA 2504.13920
cs.MA 2504.13973
cs.MA 2504.14110
cs.MA 2504.14163
cs.MA 2504.14395
cs.MA 2504.14557
cs.MA 2504.14773
cs.MA 2504.14787
cs.MA 2504.15300
cs.MA 2504.15425
cs.MA 2504.15970
cs.MA 2504.16028
cs.MA 2504.15301
cs.MA 2504.15676
cs.MA 2504.16010
cs.MA 2504.16115
cs.MA 2504.16129
cs.MA 2504.17128
cs.MA 2504.17520
cs.MA 2504.17409
cs.MA 2504.17575
cs.MA 2504.17669
cs.LO 2504.12302
cs.LO 2504.12464
cs.LO 2504.12846
cs.LO 2504.12546
cs.LO 2504.13842
cs.LO 2504.14158
cs.LO 2504.14252
cs.LO 2504.14270
cs.LO 2504.14283
cs.LO 2504.14413
cs.LO 2504.14561
cs.LO 2504.16042
cs.LO 2504.15417
cs.LO 2504.15529
cs.LO 2504.15645
cs.LO 2504.15844
cs.LO 2504.15960
cs.LO 2504.16536
cs.LO 2504.16567
cs.LO 2504.16703
cs.LO 2504.16735
cs.LO 2504.16820
cs.LO 2504.16853
cs.LO 2504.16938
cs.LO 2504.17017
cs.LO 2504.17020
cs.LO 2504.17350
cs.LO 2504.17605
cs.CV 2504.13186
cs.CV 2504.13200
cs.CV 2504.13278
cs.CV 2504.13321
cs.CV 2504.13331
cs.CV 2504.13340
cs.CV 2504.13378
cs.CV 2504.13386
cs.CV 2504.13390
cs.CV 2504.13391
cs.CV 2504.13406
cs.CV 2504.13415
cs.CV 2504.13476
cs.CV 2504.13519
cs.CV 2504.13532
cs.CV 2504.13553
cs.CV 2504.13574
cs.CV 2504.13597
cs.CV 2504.13599
cs.CV 2504.13622
cs.CV 2504.13647
cs.CV 2504.13697
cs.CV 2504.13713
cs.CV 2504.13785
cs.CV 2504.13837
cs.CV 2504.13191
cs.CV 2504.13208
cs.CV 2504.13211
cs.CV 2504.13214
cs.CV 2504.13220
cs.CV 2504.13224
cs.CV 2504.13231
cs.CV 2504.13242
cs.CV 2504.13275
cs.CV 2504.13282
cs.CV 2504.13297
cs.CV 2504.13310
cs.CV 2504.13365
cs.CV 2504.13392
cs.CV 2504.13393
cs.CV 2504.13399
cs.CV 2504.13402
cs.CV 2504.13405
cs.CV 2504.13407
cs.CV 2504.13412
cs.CV 2504.13419
cs.CV 2504.13428
cs.CV 2504.13432
cs.CV 2504.13440
cs.CV 2504.13442
cs.CV 2504.13452
cs.CV 2504.13457
cs.CV 2504.13458
cs.CV 2504.13460
cs.CV 2504.13469
cs.CV 2504.13490
cs.CV 2504.13499
cs.CV 2504.13524
cs.CV 2504.13540
cs.CV 2504.13548
cs.CV 2504.13560
cs.CV 2504.13561
cs.CV 2504.13579
cs.CV 2504.13580
cs.CV 2504.13590
cs.CV 2504.13593
cs.CV 2504.13596
cs.CV 2504.13604
cs.CV 2504.13608
cs.CV 2504.13617
cs.CV 2504.13621
cs.CV 2504.13638
cs.CV 2504.13645
cs.CV 2504.13648
cs.CV 2504.13650
cs.CV 2504.13682
cs.CV 2504.13690
cs.CV 2504.13692
cs.CV 2504.13710
cs.CV 2504.13717
cs.CV 2504.13726
cs.CV 2504.13736
cs.CV 2504.13745
cs.CV 2504.13748
cs.CV 2504.13754
cs.CV 2504.13759
cs.CV 2504.13763
cs.CV 2504.13776
cs.CV 2504.13788
cs.CV 2504.13820
cs.CV 2504.13836
cs.CV 2504.13865
cs.CV 2504.13866
cs.CV 2504.13884
cs.CV 2504.13975
cs.CV 2504.14078
cs.CV 2504.14117
cs.CV 2504.14123
cs.CV 2504.14135
cs.CV 2504.14219
cs.CV 2504.14257
cs.CV 2504.14373
cs.CV 2504.14409
cs.CV 2504.14440
cs.CV 2504.14541
cs.CV 2504.14554
cs.CV 2504.14588
cs.CV 2504.14634
cs.CV 2504.14662
cs.CV 2504.14727
cs.CV 2504.14795
cs.CV 2504.14798
cs.CV 2504.14800
cs.CV 2504.14815
cs.CV 2504.14882
cs.CV 2504.14906
cs.CV 2504.15028
cs.CV 2504.15051
cs.CV 2504.15129
cs.CV 2504.15133
cs.CV 2504.15252
cs.CV 2504.15262
cs.CV 2504.13915
cs.CV 2504.13987
cs.CV 2504.13995
cs.CV 2504.14011
cs.CV 2504.14032
cs.CV 2504.14054
cs.CV 2504.14075
cs.CV 2504.14092
cs.CV 2504.14096
cs.CV 2504.14108
cs.CV 2504.14113
cs.CV 2504.14129
cs.CV 2504.14131
cs.CV 2504.14132
cs.CV 2504.14137
cs.CV 2504.14138
cs.CV 2504.14139
cs.CV 2504.14151
cs.CV 2504.14178
cs.CV 2504.14200
cs.CV 2504.14202
cs.CV 2504.14221
cs.CV 2504.14224
cs.CV 2504.14231
cs.CV 2504.14238
cs.CV 2504.14240
cs.CV 2504.14245
cs.CV 2504.14249
cs.CV 2504.14253
cs.CV 2504.14254
cs.CV 2504.14260
cs.CV 2504.14267
cs.CV 2504.14278
cs.CV 2504.14280
cs.CV 2504.14289
cs.CV 2504.14290
cs.CV 2504.14294
cs.CV 2504.14301
cs.CV 2504.14306
cs.CV 2504.14309
cs.CV 2504.14311
cs.CV 2504.14335
cs.CV 2504.14337
cs.CV 2504.14348
cs.CV 2504.14359
cs.CV 2504.14371
cs.CV 2504.14386
cs.CV 2504.14391
cs.CV 2504.14395
cs.CV 2504.14396
cs.CV 2504.14423
cs.CV 2504.14429
cs.CV 2504.14432
cs.CV 2504.14445
cs.CV 2504.14446
cs.CV 2504.14450
cs.CV 2504.14460
cs.CV 2504.14467
cs.CV 2504.14470
cs.CV 2504.14471
cs.CV 2504.14481
cs.CV 2504.14491
cs.CV 2504.14509
cs.CV 2504.14516
cs.CV 2504.14526
cs.CV 2504.14534
cs.CV 2504.14535
cs.CV 2504.14548
cs.CV 2504.14553
cs.CV 2504.14566
cs.CV 2504.14582
cs.CV 2504.14583
cs.CV 2504.14600
cs.CV 2504.14606
cs.CV 2504.14618
cs.CV 2504.14621
cs.CV 2504.14626
cs.CV 2504.14638
cs.CV 2504.14642
cs.CV 2504.14658
cs.CV 2504.14664
cs.CV 2504.14665
cs.CV 2504.14666
cs.CV 2504.14687
cs.CV 2504.14693
cs.CV 2504.14699
cs.CV 2504.14708
cs.CV 2504.14709
cs.CV 2504.14715
cs.CV 2504.14717
cs.CV 2504.14736
cs.CV 2504.14737
cs.CV 2504.14753
cs.CV 2504.14783
cs.CV 2504.14785
cs.CV 2504.14807
cs.CV 2504.14825
cs.CV 2504.14826
cs.CV 2504.14847
cs.CV 2504.14848
cs.CV 2504.14860
cs.CV 2504.14868
cs.CV 2504.14875
cs.CV 2504.14877
cs.CV 2504.14884
cs.CV 2504.14888
cs.CV 2504.14899
cs.CV 2504.14913
cs.CV 2504.14919
cs.CV 2504.14920
cs.CV 2504.14933
cs.CV 2504.14952
cs.CV 2504.14967
cs.CV 2504.14975
cs.CV 2504.14977
cs.CV 2504.14988
cs.CV 2504.15003
cs.CV 2504.15007
cs.CV 2504.15009
cs.CV 2504.15026
cs.CV 2504.15032
cs.CV 2504.15041
cs.CV 2504.15049
cs.CV 2504.15054
cs.CV 2504.15085
cs.CV 2504.15095
cs.CV 2504.15105
cs.CV 2504.15108
cs.CV 2504.15118
cs.CV 2504.15121
cs.CV 2504.15122
cs.CV 2504.15134
cs.CV 2504.15145
cs.CV 2504.15152
cs.CV 2504.15155
cs.CV 2504.15159
cs.CV 2504.15165
cs.CV 2504.15170
cs.CV 2504.15176
cs.CV 2504.15179
cs.CV 2504.15182
cs.CV 2504.15192
cs.CV 2504.15193
cs.CV 2504.15199
cs.CV 2504.15232
cs.CV 2504.15259
cs.CV 2504.15267
cs.CV 2504.15270
cs.CV 2504.15271
cs.CV 2504.15278
cs.CV 2504.15279
cs.CV 2504.15280
cs.CV 2504.15281
cs.CV 2504.09697
cs.CV 2504.15305
cs.CV 2504.15317
cs.CV 2504.15323
cs.CV 2504.15329
cs.CV 2504.15434
cs.CV 2504.15479
cs.CV 2504.15481
cs.CV 2504.15496
cs.CV 2504.15545
cs.CV 2504.15562
cs.CV 2504.15594
cs.CV 2504.15616
cs.CV 2504.15649
cs.CV 2504.15654
cs.CV 2504.15664
cs.CV 2504.15667
cs.CV 2504.15899
cs.CV 2504.15953
cs.CV 2504.15970
cs.CV 2504.15975
cs.CV 2504.16062
cs.CV 2504.15309
cs.CV 2504.15362
cs.CV 2504.15371
cs.CV 2504.15376
cs.CV 2504.15378
cs.CV 2504.15380
cs.CV 2504.15384
cs.CV 2504.15397
cs.CV 2504.15404
cs.CV 2504.15415
cs.CV 2504.15470
cs.CV 2504.15473
cs.CV 2504.15485
cs.CV 2504.15513
cs.CV 2504.15599
cs.CV 2504.15609
cs.CV 2504.15612
cs.CV 2504.15619
cs.CV 2504.15624
cs.CV 2504.15627
cs.CV 2504.15650
cs.CV 2504.15661
cs.CV 2504.15665
cs.CV 2504.15669
cs.CV 2504.15681
cs.CV 2504.15694
cs.CV 2504.15707
cs.CV 2504.15723
cs.CV 2504.15728
cs.CV 2504.15751
cs.CV 2504.15756
cs.CV 2504.15770
cs.CV 2504.15776
cs.CV 2504.15782
cs.CV 2504.15783
cs.CV 2504.15786
cs.CV 2504.15792
cs.CV 2504.15796
cs.CV 2504.15823
cs.CV 2504.15835
cs.CV 2504.15863
cs.CV 2504.15865
cs.CV 2504.15883
cs.CV 2504.15888
cs.CV 2504.15918
cs.CV 2504.15921
cs.CV 2504.15928
cs.CV 2504.15929
cs.CV 2504.15931
cs.CV 2504.15932
cs.CV 2504.15958
cs.CV 2504.15991
cs.CV 2504.16003
cs.CV 2504.16016
cs.CV 2504.16023
cs.CV 2504.16030
cs.CV 2504.16047
cs.CV 2504.16061
cs.CV 2504.16064
cs.CV 2504.16072
cs.CV 2504.16080
cs.CV 2504.16081
cs.CV 2504.16082
cs.CV 2504.16083
cs.CV 2504.16096
cs.CV 2504.16237
cs.CV 2504.16275
cs.CV 2504.16276
cs.CV 2504.16306
cs.CV 2504.16430
cs.CV 2504.16606
cs.CV 2504.16667
cs.CV 2504.16745
cs.CV 2504.16763
cs.CV 2504.16774
cs.CV 2504.16798
cs.CV 2504.16929
cs.CV 2504.16102
cs.CV 2504.16103
cs.CV 2504.16114
cs.CV 2504.16117
cs.CV 2504.16127
cs.CV 2504.16128
cs.CV 2504.16134
cs.CV 2504.16145
cs.CV 2504.16150
cs.CV 2504.16171
cs.CV 2504.16181
cs.CV 2504.16242
cs.CV 2504.16290
cs.CV 2504.16304
cs.CV 2504.16315
cs.CV 2504.16362
cs.CV 2504.16364
cs.CV 2504.16368
cs.CV 2504.16389
cs.CV 2504.16404
cs.CV 2504.16419
cs.CV 2504.16433
cs.CV 2504.16443
cs.CV 2504.16455
cs.CV 2504.16467
cs.CV 2504.16471
cs.CV 2504.16487
cs.CV 2504.16499
cs.CV 2504.16505
cs.CV 2504.16515
cs.CV 2504.16516
cs.CV 2504.16520
cs.CV 2504.16538
cs.CV 2504.16545
cs.CV 2504.16557
cs.CV 2504.16564
cs.CV 2504.16570
cs.CV 2504.16591
cs.CV 2504.16612
cs.CV 2504.16616
cs.CV 2504.16636
cs.CV 2504.16637
cs.CV 2504.16640
cs.CV 2504.16655
cs.CV 2504.16656
cs.CV 2504.16658
cs.CV 2504.16665
cs.CV 2504.16684
cs.CV 2504.16692
cs.CV 2504.16722
cs.CV 2504.16723
cs.CV 2504.16727
cs.CV 2504.16739
cs.CV 2504.16740
cs.CV 2504.16749
cs.CV 2504.16761
cs.CV 2504.16788
cs.CV 2504.16801
cs.CV 2504.16840
cs.CV 2504.16851
cs.CV 2504.16870
cs.CV 2504.16907
cs.CV 2504.16915
cs.CV 2504.16922
cs.CV 2504.16930
cs.CV 2504.16936
cs.CV 2504.16940
cs.CV 2504.16942
cs.CV 2504.16972
cs.CV 2504.16974
cs.CV 2504.16979
cs.CV 2504.17062
cs.CV 2504.17114
cs.CV 2504.17122
cs.CV 2504.17160
cs.CV 2504.17179
cs.CV 2504.17258
cs.CV 2504.17314
cs.CV 2504.17353
cs.CV 2504.17379
cs.CV 2504.17618
cs.CV 2504.17628
cs.CV 2504.17655
cs.CV 2504.17693
cs.CV 2504.17710
cs.CV 2504.17728
cs.CV 2504.17039
cs.CV 2504.17040
cs.CV 2504.17067
cs.CV 2504.17069
cs.CV 2504.17076
cs.CV 2504.17111
cs.CV 2504.17132
cs.CV 2504.17162
cs.CV 2504.17163
cs.CV 2504.17177
cs.CV 2504.17180
cs.CV 2504.17207
cs.CV 2504.17213
cs.CV 2504.17223
cs.CV 2504.17224
cs.CV 2504.17229
cs.CV 2504.17234
cs.CV 2504.17253
cs.CV 2504.17263
cs.CV 2504.17269
cs.CV 2504.17280
cs.CV 2504.17306
cs.CV 2504.17315
cs.CV 2504.17343
cs.CV 2504.17349
cs.CV 2504.17364
cs.CV 2504.17365
cs.CV 2504.17371
cs.CV 2504.17395
cs.CV 2504.17397
cs.CV 2504.17399
cs.CV 2504.17401
cs.CV 2504.17414
cs.CV 2504.17432
cs.CV 2504.17441
cs.CV 2504.17447
cs.CV 2504.17457
cs.CV 2504.17474
cs.CV 2504.17502
cs.CV 2504.17515
cs.CV 2504.17522
cs.CV 2504.17524
cs.CV 2504.17525
cs.CV 2504.17540
cs.CV 2504.17545
cs.CV 2504.17547
cs.CV 2504.17551
cs.CV 2504.17582
cs.CV 2504.17594
cs.CV 2504.17595
cs.CV 2504.17609
cs.CV 2504.17619
cs.CV 2504.17626
cs.CV 2504.17636
cs.CV 2504.17643
cs.CV 2504.17670
cs.CV 2504.17695
cs.CV 2504.17696
cs.CV 2504.17712
cs.CV 2504.17732
cs.CV 2504.17735
cs.CV 2504.17761
cs.CV 2504.17787
cs.CV 2504.17788
cs.CV 2504.17789
cs.CV 2504.17791
cs.HC 2504.13261
cs.HC 2504.13351
cs.HC 2504.13370
cs.HC 2504.13392
cs.HC 2504.13182
cs.HC 2504.13183
cs.HC 2504.13277
cs.HC 2504.13330
cs.HC 2504.13334
cs.HC 2504.13389
cs.HC 2504.13404
cs.HC 2504.13421
cs.HC 2504.13477
cs.HC 2504.13486
cs.HC 2504.13557
cs.HC 2504.13567
cs.HC 2504.13587
cs.HC 2504.13667
cs.HC 2504.13684
cs.HC 2504.13700
cs.HC 2504.13735
cs.HC 2504.13777
cs.HC 2504.13793
cs.HC 2504.13805
cs.HC 2504.13924
cs.HC 2504.13947
cs.HC 2504.13955
cs.HC 2504.13973
cs.HC 2504.14045
cs.HC 2504.14068
cs.HC 2504.14177
cs.HC 2504.14223
cs.HC 2504.14469
cs.HC 2504.14602
cs.HC 2504.14603
cs.HC 2504.14807
cs.HC 2504.14928
cs.HC 2504.15007
cs.HC 2504.15133
cs.HC 2504.13840
cs.HC 2504.13841
cs.HC 2504.13843
cs.HC 2504.13844
cs.HC 2504.13845
cs.HC 2504.13846
cs.HC 2504.13847
cs.HC 2504.13848
cs.HC 2504.13849
cs.HC 2504.13851
cs.HC 2504.13852
cs.HC 2504.13854
cs.HC 2504.13855
cs.HC 2504.13856
cs.HC 2504.13857
cs.HC 2504.13858
cs.HC 2504.13859
cs.HC 2504.13860
cs.HC 2504.13861
cs.HC 2504.13862
cs.HC 2504.13863
cs.HC 2504.13864
cs.HC 2504.13865
cs.HC 2504.13866
cs.HC 2504.13867
cs.HC 2504.13868
cs.HC 2504.13870
cs.HC 2504.13871
cs.HC 2504.13872
cs.HC 2504.13873
cs.HC 2504.13874
cs.HC 2504.13876
cs.HC 2504.13877
cs.HC 2504.13878
cs.HC 2504.13879
cs.HC 2504.13880
cs.HC 2504.13881
cs.HC 2504.13882
cs.HC 2504.13883
cs.HC 2504.13884
cs.HC 2504.13885
cs.HC 2504.13886
cs.HC 2504.13887
cs.HC 2504.13888
cs.HC 2504.13889
cs.HC 2504.13890
cs.HC 2504.13891
cs.HC 2504.13892
cs.HC 2504.13893
cs.HC 2504.13894
cs.HC 2504.13895
cs.HC 2504.13896
cs.HC 2504.13897
cs.HC 2504.13898
cs.HC 2504.13899
cs.HC 2504.13900
cs.HC 2504.13903
cs.HC 2504.13904
cs.HC 2504.13905
cs.HC 2504.13906
cs.HC 2504.13908
cs.HC 2504.13909
cs.HC 2504.13916
cs.HC 2504.13917
cs.HC 2504.13918
cs.HC 2504.13921
cs.HC 2504.13922
cs.HC 2504.13925
cs.HC 2504.13926
cs.HC 2504.13928
cs.HC 2504.13934
cs.HC 2504.13936
cs.HC 2504.13937
cs.HC 2504.13938
cs.HC 2504.13940
cs.HC 2504.13942
cs.HC 2504.13944
cs.HC 2504.13946
cs.HC 2504.13948
cs.HC 2504.13952
cs.HC 2504.13964
cs.HC 2504.13965
cs.HC 2504.13969
cs.HC 2504.13994
cs.HC 2504.14038
cs.HC 2504.14055
cs.HC 2504.14058
cs.HC 2504.14065
cs.HC 2504.14071
cs.HC 2504.14105
cs.HC 2504.14112
cs.HC 2504.14115
cs.HC 2504.14125
cs.HC 2504.14222
cs.IR 2504.13655
cs.HC 2504.14269
cs.IR 2504.13482
cs.HC 2504.14320
cs.HC 2504.14406
cs.IR 2504.13572
cs.HC 2504.14427
cs.IR 2504.13614
cs.HC 2504.14507
cs.IR 2504.13703
cs.HC 2504.14522
cs.IR 2504.14098
cs.HC 2504.14536
cs.IR 2504.14175
cs.HC 2504.14539
cs.IR 2504.14203
cs.HC 2504.14562
cs.IR 2504.14587
cs.HC 2504.14571
cs.IR 2504.14808
cs.HC 2504.14580
cs.IR 2504.14861
cs.HC 2504.14594
cs.IR 2504.15205
cs.HC 2504.14631
cs.IR 2504.13993
cs.HC 2504.14649
cs.IR 2504.14130
cs.HC 2504.14689
cs.IR 2504.14147
cs.HC 2504.14695
cs.IR 2504.14208
cs.HC 2504.14764
cs.IR 2504.14214
cs.HC 2504.14769
cs.IR 2504.14233
cs.HC 2504.14776
cs.HC 2504.14779
cs.IR 2504.14243
cs.HC 2504.14822
cs.IR 2504.14401
cs.HC 2504.14827
cs.IR 2504.14493
cs.HC 2504.14873
cs.IR 2504.14550
cs.HC 2504.14927
cs.IR 2504.14565
cs.HC 2504.14996
cs.IR 2504.14788
cs.HC 2504.15098
cs.IR 2504.14839
cs.HC 2504.15101
cs.IR 2504.14845
cs.HC 2504.15132
cs.IR 2504.14903
cs.HC 2504.15189
cs.IR 2504.14991
cs.HC 2504.15329
cs.IR 2504.15057
cs.IR 2504.15068
cs.HC 2504.15815
cs.IR 2504.15135
cs.HC 2504.15918
cs.IR 2504.15715
cs.HC 2504.15408
cs.IR 2504.16063
cs.HC 2504.15429
cs.IR 2504.15330
cs.HC 2504.15480
cs.HC 2504.15482
cs.IR 2504.15476
cs.HC 2504.15494
cs.IR 2504.15625
cs.HC 2504.15533
cs.IR 2504.15629
cs.HC 2504.15549
cs.IR 2504.15689
cs.HC 2504.15647
cs.IR 2504.15800
cs.HC 2504.15743
cs.IR 2504.15849
cs.HC 2504.15746
cs.HC 2504.15797
cs.IR 2504.15909
cs.HC 2504.15859
cs.IR 2504.15965
cs.HC 2504.15886
cs.IR 2504.16077
cs.HC 2504.15894
cs.IR 2504.16639
cs.HC 2504.15970
cs.IR 2504.16711
cs.HC 2504.15984
cs.IR 2504.16741
cs.HC 2504.16021
cs.IR 2504.16121
cs.HC 2504.16031
cs.IR 2504.16144
cs.HC 2504.16086
cs.IR 2504.16264
cs.HC 2504.16092
cs.IR 2504.16335
cs.HC 2504.16117
cs.IR 2504.16352
cs.HC 2504.16180
cs.IR 2504.16420
cs.HC 2504.16255
cs.IR 2504.16454
cs.HC 2504.16273
cs.IR 2504.16524
cs.HC 2504.16419
cs.IR 2504.16563
cs.HC 2504.16504
cs.IR 2504.16576
cs.HC 2504.16546
cs.IR 2504.16609
cs.HC 2504.16670
cs.IR 2504.17220
cs.IR 2504.17334
cs.HC 2504.16193
cs.IR 2504.17349
cs.HC 2504.16295
cs.IR 2504.17547
cs.HC 2504.16323
cs.IR 2504.17045
cs.HC 2504.16373
cs.IR 2504.17304
cs.HC 2504.16378
cs.IR 2504.17427
cs.HC 2504.16416
cs.HC 2504.16423
cs.IR 2504.17454
cs.HC 2504.16459
cs.IR 2504.17519
cs.HC 2504.16502
cs.IR 2504.17529
cs.HC 2504.16533
cs.IR 2504.17699
cs.HC 2504.16548
cs.HC 2504.16562
cs.HC 2504.16572
cs.HC 2504.16573
cs.HC 2504.16615
cs.HC 2504.16671
cs.HC 2504.16741
cs.HC 2504.16770
cs.HC 2504.16824
cs.HC 2504.16883
cs.HC 2504.16898
cs.HC 2504.17113
cs.HC 2504.17117
cs.HC 2504.17238
cs.HC 2504.17393
cs.HC 2504.17018
cs.HC 2504.17023
cs.HC 2504.17055
cs.HC 2504.17150
cs.HC 2504.17170
cs.HC 2504.17171
cs.HC 2504.17173
cs.HC 2504.17204
cs.HC 2504.17267
cs.HC 2504.17331
cs.HC 2504.17334
cs.HC 2504.17352
cs.HC 2504.17663
cs.HC 2504.17677
cs.HC 2504.17697
cs.HC 2504.17705
cs.AI 2504.13183
cs.AI 2504.13186
cs.AI 2504.13191
cs.AI 2504.13192
cs.AI 2504.13193
cs.AI 2504.13194
cs.AI 2504.13196
cs.AI 2504.13199
cs.AI 2504.13200
cs.AI 2504.13203
cs.AI 2504.13205
cs.AI 2504.13208
cs.AI 2504.13209
cs.AI 2504.13211
cs.AI 2504.13216
cs.AI 2504.13217
cs.AI 2504.13218
cs.AI 2504.13219
cs.AI 2504.13224
cs.AI 2504.13227
cs.AI 2504.13231
cs.AI 2504.13234
cs.AI 2504.13241
cs.AI 2504.13261
cs.AI 2504.13277
cs.AI 2504.13296
cs.AI 2504.13310
cs.AI 2504.13340
cs.AI 2504.13344
cs.AI 2504.13351
cs.AI 2504.13365
cs.AI 2504.13368
cs.AI 2504.13371
cs.AI 2504.13375
cs.AI 2504.13376
cs.AI 2504.13391
cs.AI 2504.13399
cs.AI 2504.13406
cs.AI 2504.13407
cs.AI 2504.13414
cs.AI 2504.13415
cs.AI 2504.13429
cs.AI 2504.13448
cs.AI 2504.13460
cs.AI 2504.13472
cs.AI 2504.13477
cs.AI 2504.13480
cs.AI 2504.13495
cs.AI 2504.13515
cs.AI 2504.13521
cs.AI 2504.13534
cs.AI 2504.13541
cs.AI 2504.13545
cs.AI 2504.13548
cs.AI 2504.13551
cs.AI 2504.13558
cs.AI 2504.13560
cs.AI 2504.13568
cs.AI 2504.13587
cs.AI 2504.13590
cs.AI 2504.13597
cs.AI 2504.13612
cs.AI 2504.13614
cs.AI 2504.13626
cs.AI 2504.13629
cs.AI 2504.13647
cs.AI 2504.13655
cs.AI 2504.13656
cs.AI 2504.13667
cs.AI 2504.13676
cs.AI 2504.13677
cs.AI 2504.13682
cs.AI 2504.13700
cs.AI 2504.13717
cs.AI 2504.13730
cs.AI 2504.13745
cs.AI 2504.13751
cs.AI 2504.13754
cs.AI 2504.13756
cs.AI 2504.13763
cs.AI 2504.13774
cs.AI 2504.13785
cs.AI 2504.13787
cs.AI 2504.13791
cs.AI 2504.13797
cs.AI 2504.13803
cs.AI 2504.13804
cs.AI 2504.13818
cs.AI 2504.13822
cs.AI 2504.13828
cs.AI 2504.13835
cs.AI 2504.13202
cs.AI 2504.13210
cs.AI 2504.13263
cs.AI 2504.13314
cs.AI 2504.13359
cs.AI 2504.13360
cs.AI 2504.13443
cs.AI 2504.13517
cs.AI 2504.13554
cs.AI 2504.13631
cs.AI 2504.13644
cs.AI 2504.13707
cs.AI 2504.13837
cs.AI 2504.13848
cs.AI 2504.13853
cs.AI 2504.13856
cs.AI 2504.13858
cs.AI 2504.13859
cs.AI 2504.13865
cs.AI 2504.13866
cs.AI 2504.13868
cs.AI 2504.13871
cs.AI 2504.13877
cs.AI 2504.13884
cs.AI 2504.13888
cs.AI 2504.13889
cs.AI 2504.13891
cs.AI 2504.13898
cs.AI 2504.13899
cs.AI 2504.13900
cs.AI 2504.13904
cs.AI 2504.13908
cs.AI 2504.13918
cs.AI 2504.13926
cs.AI 2504.13928
cs.AI 2504.13940
cs.AI 2504.13941
cs.AI 2504.13942
cs.AI 2504.13944
cs.AI 2504.13945
cs.AI 2504.13947
cs.AI 2504.13948
cs.AI 2504.13949
cs.AI 2504.13950
cs.AI 2504.13951
cs.AI 2504.13955
cs.AI 2504.13957
cs.AI 2504.13958
cs.AI 2504.13959
cs.AI 2504.13961
cs.AI 2504.13969
cs.AI 2504.13971
cs.AI 2504.13972
cs.AI 2504.13974
cs.AI 2504.13975
cs.AI 2504.13976
cs.AI 2504.13979
cs.AI 2504.13981
cs.AI 2504.13984
cs.AI 2504.13986
cs.AI 2504.13987
cs.AI 2504.13989
cs.AI 2504.13990
cs.AI 2504.13993
cs.AI 2504.14011
cs.AI 2504.14015
cs.AI 2504.14032
cs.AI 2504.14038
cs.AI 2504.14039
cs.AI 2504.14046
cs.AI 2504.14053
cs.AI 2504.14054
cs.AI 2504.14070
cs.AI 2504.14071
cs.AI 2504.14089
cs.AI 2504.14094
cs.AI 2504.14098
cs.AI 2504.14100
cs.AI 2504.14103
cs.AI 2504.14105
cs.AI 2504.14110
cs.AI 2504.14112
cs.AI 2504.14125
cs.AI 2504.14130
cs.AI 2504.14139
cs.AI 2504.14145
cs.AI 2504.14147
cs.AI 2504.14150
cs.AI 2504.14151
cs.AI 2504.14154
cs.AI 2504.14156
cs.AI 2504.14174
cs.AI 2504.14200
cs.AI 2504.14202
cs.AI 2504.14204
cs.AI 2504.14205
cs.AI 2504.14206
cs.AI 2504.14223
cs.AI 2504.14259
cs.AI 2504.14300
cs.AI 2504.14301
cs.AI 2504.14302
cs.AI 2504.14320
cs.AI 2504.14335
cs.AI 2504.14345
cs.AI 2504.14359
cs.AI 2504.14365
cs.AI 2504.14366
cs.AI 2504.14367
cs.AI 2504.14372
cs.AI 2504.14386
cs.AI 2504.14395
cs.AI 2504.14406
cs.AI 2504.14409
cs.AI 2504.14411
cs.AI 2504.14423
cs.AI 2504.14427
cs.AI 2504.14429
cs.AI 2504.14432
cs.AI 2504.14439
cs.AI 2504.14452
cs.AI 2504.14493
cs.AI 2504.14494
cs.AI 2504.14509
cs.AI 2504.14514
cs.AI 2504.14519
cs.AI 2504.14522
cs.AI 2504.14530
cs.AI 2504.14548
cs.AI 2504.14560
cs.AI 2504.14569
cs.AI 2504.14573
cs.AI 2504.14588
cs.AI 2504.14594
cs.AI 2504.14602
cs.AI 2504.14618
cs.AI 2504.14625
cs.AI 2504.14636
cs.AI 2504.14640
cs.AI 2504.14645
cs.AI 2504.14657
cs.AI 2504.14677
cs.AI 2504.14681
cs.AI 2504.14686
cs.AI 2504.14690
cs.AI 2504.14693
cs.AI 2504.14694
cs.AI 2504.14699
cs.AI 2504.14704
cs.AI 2504.14708
cs.AI 2504.14709
cs.AI 2504.14727
cs.AI 2504.14737
cs.AI 2504.14739
cs.AI 2504.14751
cs.AI 2504.14757
cs.AI 2504.14762
cs.AI 2504.14779
cs.AI 2504.14783
cs.AI 2504.14797
cs.AI 2504.14804
cs.AI 2504.14805
cs.AI 2504.14808
cs.AI 2504.14815
cs.AI 2504.14825
cs.AI 2504.14832
cs.AI 2504.14839
cs.AI 2504.14848
cs.AI 2504.14860
cs.AI 2504.14875
cs.AI 2504.14879
cs.AI 2504.14889
cs.AI 2504.14904
cs.AI 2504.14913
cs.AI 2504.14915
cs.AI 2504.14936
cs.AI 2504.14945
cs.AI 2504.14963
cs.AI 2504.14985
cs.AI 2504.14995
cs.AI 2504.15035
cs.AI 2504.15041
cs.AI 2504.15044
cs.AI 2504.15051
cs.AI 2504.15062
cs.AI 2504.15063
cs.AI 2504.15066
cs.AI 2504.15080
cs.AI 2504.15090
cs.AI 2504.15093
cs.AI 2504.15099
cs.AI 2504.15101
cs.AI 2504.15105
cs.AI 2504.15120
cs.AI 2504.15129
cs.AI 2504.15130
cs.AI 2504.15133
cs.AI 2504.15135
cs.AI 2504.15144
cs.AI 2504.15152
cs.AI 2504.15165
cs.AI 2504.15181
cs.AI 2504.15192
cs.AI 2504.15199
cs.AI 2504.15205
cs.AI 2504.15208
cs.AI 2504.15209
cs.AI 2504.15210
cs.AI 2504.15225
cs.AI 2504.15226
cs.AI 2504.15236
cs.AI 2504.15259
cs.AI 2504.15266
cs.AI 2504.13842
cs.AI 2504.13924
cs.AI 2504.13973
cs.AI 2504.13988
cs.AI 2504.14044
cs.AI 2504.14045
cs.AI 2504.14047
cs.AI 2504.14107
cs.AI 2504.14119
cs.AI 2504.14123
cs.AI 2504.14126
cs.AI 2504.14128
cs.AI 2504.14171
cs.AI 2504.14177
cs.AI 2504.14191
cs.AI 2504.14209
cs.AI 2504.14232
cs.AI 2504.14239
cs.AI 2504.14241
cs.AI 2504.14248
cs.AI 2504.14274
cs.AI 2504.14282
cs.AI 2504.14298
cs.AI 2504.14325
cs.AI 2504.14350
cs.AI 2504.14356
cs.AI 2504.14379
cs.AI 2504.14448
cs.AI 2504.14520
cs.AI 2504.14523
cs.AI 2504.14556
cs.AI 2504.14596
cs.AI 2504.14603
cs.AI 2504.14624
cs.AI 2504.14650
cs.AI 2504.14706
cs.AI 2504.14773
cs.AI 2504.14810
cs.AI 2504.14838
cs.AI 2504.14858
cs.AI 2504.14870
cs.AI 2504.14928
cs.AI 2504.14947
cs.AI 2504.14964
cs.AI 2504.15046
cs.AI 2504.15075
cs.AI 2504.15125
cs.AI 2504.15146
cs.AI 2504.15188
cs.AI 2504.15211
cs.AI 2504.15228
cs.AI 2504.15252
cs.AI 2504.15257
cs.AI 2504.15261
cs.AI 2504.15275
cs.AI 2504.15286
cs.AI 2504.15296
cs.AI 2504.15299
cs.AI 2504.15301
cs.AI 2504.15303
cs.AI 2504.15310
cs.AI 2504.15311
cs.AI 2504.15315
cs.AI 2504.15317
cs.AI 2504.15322
cs.AI 2504.15323
cs.AI 2504.15324
cs.AI 2504.15325
cs.AI 2504.15328
cs.AI 2504.15330
cs.AI 2504.15369
cs.AI 2504.15376
cs.AI 2504.15417
cs.AI 2504.15424
cs.AI 2504.15425
cs.AI 2504.15431
cs.AI 2504.15440
cs.AI 2504.15485
cs.AI 2504.15497
cs.AI 2504.15499
cs.AI 2504.15515
cs.AI 2504.15524
cs.AI 2504.15546
cs.AI 2504.15549
cs.AI 2504.15564
cs.AI 2504.15585
cs.AI 2504.15587
cs.AI 2504.15604
cs.AI 2504.15634
cs.AI 2504.15637
cs.AI 2504.15640
cs.AI 2504.15654
cs.AI 2504.15659
cs.AI 2504.15663
cs.AI 2504.15707
cs.AI 2504.15724
cs.AI 2504.15743
cs.AI 2504.15766
cs.AI 2504.15773
cs.AI 2504.15779
cs.AI 2504.15784
cs.AI 2504.15801
cs.AI 2504.15804
cs.AI 2504.15806
cs.AI 2504.15812
cs.AI 2504.15823
cs.AI 2504.15827
cs.AI 2504.15865
cs.AI 2504.15876
cs.AI 2504.15883
cs.AI 2504.15894
cs.AI 2504.15895
cs.AI 2504.15905
cs.AI 2504.15912
cs.AI 2504.15918
cs.AI 2504.15924
cs.AI 2504.15927
cs.AI 2504.15928
cs.AI 2504.15929
cs.AI 2504.15941
cs.AI 2504.15956
cs.AI 2504.15972
cs.AI 2504.15983
cs.AI 2504.15995
cs.AI 2504.16000
cs.AI 2504.16005
cs.AI 2504.16020
cs.AI 2504.16021
cs.AI 2504.16026
cs.AI 2504.16027
cs.AI 2504.16032
cs.AI 2504.16041
cs.AI 2504.16047
cs.AI 2504.16053
cs.AI 2504.16061
cs.AI 2504.16072
cs.AI 2504.16078
cs.AI 2504.15304
cs.AI 2504.15313
cs.AI 2504.15360
cs.AI 2504.15364
cs.AI 2504.15434
cs.AI 2504.15457
cs.AI 2504.15466
cs.AI 2504.15552
cs.AI 2504.15610
cs.AI 2504.15668
cs.AI 2504.15699
cs.AI 2504.15716
cs.AI 2504.15719
cs.AI 2504.15780
cs.AI 2504.15785
cs.AI 2504.15791
cs.AI 2504.15829
cs.AI 2504.15847
cs.AI 2504.15903
cs.AI 2504.16042
cs.AI 2504.16093
cs.AI 2504.16096
cs.AI 2504.16097
cs.AI 2504.16099
cs.AI 2504.16100
cs.AI 2504.16101
cs.AI 2504.16110
cs.AI 2504.16112
cs.AI 2504.16113
cs.AI 2504.16116
cs.AI 2504.16117
cs.AI 2504.16118
cs.AI 2504.16120
cs.AI 2504.16122
cs.AI 2504.16128
cs.AI 2504.16129
cs.AI 2504.16130
cs.AI 2504.16131
cs.AI 2504.16132
cs.AI 2504.16133
cs.AI 2504.16138
cs.AI 2504.16139
cs.AI 2504.16140
cs.AI 2504.16142
cs.AI 2504.16144
cs.AI 2504.16145
cs.AI 2504.16148
cs.AI 2504.16152
cs.AI 2504.16153
cs.AI 2504.16171
cs.AI 2504.16172
cs.AI 2504.16173
cs.AI 2504.16188
cs.AI 2504.16193
cs.AI 2504.16204
cs.AI 2504.16213
cs.AI 2504.16214
cs.AI 2504.16226
cs.AI 2504.16263
cs.AI 2504.16268
cs.AI 2504.16275
cs.AI 2504.16276
cs.AI 2504.16277
cs.AI 2504.16316
cs.AI 2504.16343
cs.AI 2504.16350
cs.AI 2504.16352
cs.AI 2504.16353
cs.AI 2504.16357
cs.AI 2504.16364
cs.AI 2504.16378
cs.AI 2504.16381
cs.AI 2504.16394
cs.AI 2504.16404
cs.AI 2504.16416
cs.AI 2504.16419
cs.AI 2504.16420
cs.AI 2504.16427
cs.AI 2504.16432
cs.AI 2504.16438
cs.AI 2504.16448
cs.AI 2504.16460
cs.AI 2504.16464
cs.AI 2504.16472
cs.AI 2504.16479
cs.AI 2504.16485
cs.AI 2504.16489
cs.AI 2504.16515
cs.AI 2504.16516
cs.AI 2504.16537
cs.AI 2504.16548
cs.AI 2504.16562
cs.AI 2504.16573
cs.AI 2504.16574
cs.AI 2504.16576
cs.AI 2504.16584
cs.AI 2504.16601
cs.AI 2504.16604
cs.AI 2504.16640
cs.AI 2504.16651
cs.AI 2504.16667
cs.AI 2504.16677
cs.AI 2504.16680
cs.AI 2504.16722
cs.AI 2504.16723
cs.AI 2504.16727
cs.AI 2504.16738
cs.AI 2504.16754
cs.AI 2504.16763
cs.AI 2504.16768
cs.AI 2504.16778
cs.AI 2504.16787
cs.AI 2504.16788
cs.AI 2504.16791
cs.AI 2504.16795
cs.AI 2504.16828
cs.AI 2504.16834
cs.AI 2504.16837
cs.AI 2504.16902
cs.AI 2504.16907
cs.AI 2504.16913
cs.AI 2504.16918
cs.AI 2504.16922
cs.AI 2504.16925
cs.AI 2504.16929
cs.AI 2504.16115
cs.AI 2504.16209
cs.AI 2504.16273
cs.AI 2504.16622
cs.AI 2504.16635
cs.AI 2504.16728
cs.AI 2504.16736
cs.AI 2504.16760
cs.AI 2504.16891
cs.AI 2504.16940
cs.AI 2504.16942
cs.AI 2504.16946
cs.AI 2504.16947
cs.AI 2504.16948
cs.AI 2504.16968
cs.AI 2504.16972
cs.AI 2504.16977
cs.AI 2504.16979
cs.AI 2504.17004
cs.AI 2504.17020
cs.AI 2504.17023
cs.AI 2504.17028
cs.AI 2504.17029
cs.AI 2504.17040
cs.AI 2504.17044
cs.AI 2504.17055
cs.AI 2504.17058
cs.AI 2504.17069
cs.AI 2504.17070
cs.AI 2504.17077
cs.AI 2504.17114
cs.AI 2504.17119
cs.AI 2504.17122
cs.AI 2504.17124
cs.AI 2504.17129
cs.AI 2504.17137
cs.AI 2504.17140
cs.AI 2504.17160
cs.AI 2504.17162
cs.AI 2504.17170
cs.AI 2504.17180
cs.AI 2504.17198
cs.AI 2504.17210
cs.AI 2504.17213
cs.AI 2504.17219
cs.AI 2504.17243
cs.AI 2504.17247
cs.AI 2504.17255
cs.AI 2504.17261
cs.AI 2504.17264
cs.AI 2504.17277
cs.AI 2504.17304
cs.AI 2504.17306
cs.AI 2504.17311
cs.AI 2504.17315
cs.AI 2504.17331
cs.AI 2504.17346
cs.AI 2504.17354
cs.AI 2504.17355
cs.AI 2504.17366
cs.AI 2504.17384
cs.AI 2504.17393
cs.AI 2504.17401
cs.AI 2504.17421
cs.AI 2504.17424
cs.AI 2504.17426
cs.AI 2504.17428
cs.AI 2504.17447
cs.AI 2504.17449
cs.AI 2504.17461
cs.AI 2504.17471
cs.AI 2504.17474
cs.AI 2504.17490
cs.AI 2504.17493
cs.AI 2504.17497
cs.AI 2504.17528
cs.AI 2504.17534
cs.AI 2504.17539
cs.AI 2504.17540
cs.AI 2504.17550
cs.AI 2504.17551
cs.AI 2504.17609
cs.AI 2504.17617
cs.AI 2504.17619
cs.AI 2504.17624
cs.AI 2504.17641
cs.AI 2504.17655
cs.AI 2504.17663
cs.AI 2504.17669
cs.AI 2504.17671
cs.AI 2504.17675
cs.AI 2504.17677
cs.AI 2504.17685
cs.AI 2504.17696
cs.AI 2504.17703
cs.AI 2504.17717
cs.AI 2504.17720
cs.AI 2504.17721
cs.AI 2504.17751
cs.AI 2504.17771
cs.AI 2504.16937
cs.AI 2504.16938
cs.AI 2504.16939
cs.AI 2504.17006
cs.AI 2504.17017
cs.AI 2504.17087
cs.AI 2504.17179
cs.AI 2504.17282
cs.AI 2504.17295
cs.AI 2504.17356
cs.AI 2504.17402
cs.AI 2504.17404
cs.AI 2504.17531
cs.AI 2504.17544
cs.PF 2504.11482
cs.PF 2504.11652
cs.PF 2504.11716
cs.PF 2504.11750
cs.PF 2504.11826
cs.PF 2504.12087
cs.PF 2504.12471
cs.PF 2504.15021
cs.PF 2504.15199
cs.PF 2504.15377
cs.PF 2504.16469
cs.NA 2504.13320
cs.NA 2504.13487
cs.NA 2504.13513
cs.NA 2504.13623
cs.NA 2504.13278
cs.NA 2504.13312
cs.NA 2504.13335
cs.NA 2504.13373
cs.NA 2504.13374
cs.NA 2504.13379
cs.NA 2504.13396
cs.NA 2504.13463
cs.NA 2504.13552
cs.NA 2504.13753
cs.NA 2504.13809
cs.NA 2504.13814
cs.NA 2504.14343
cs.NA 2504.14721
cs.NA 2504.14790
cs.NA 2504.15110
cs.NA 2504.14116
cs.NA 2504.14297
cs.NA 2504.14308
cs.NA 2504.14498
cs.NA 2504.14768
cs.NA 2504.14930
cs.NA 2504.14939
cs.NA 2504.15073
cs.NA 2504.15100
cs.NA 2504.15151
cs.NA 2504.15173
cs.NA 2504.15177
cs.NA 2504.15201
cs.NA 2504.15285
cs.NA 2504.15588
cs.NA 2504.15350
cs.NA 2504.15365
cs.NA 2504.15407
cs.NA 2504.15516
cs.NA 2504.15566
cs.NA 2504.15733
cs.NA 2504.15810
cs.NA 2504.15816
cs.NA 2504.15951
cs.NA 2504.15963
cs.NA 2504.16012
cs.NA 2504.16029
cs.NA 2504.16070
cs.NA 2504.16344
cs.NA 2504.16600
cs.NA 2504.16899
cs.NA 2504.16172
cs.NA 2504.16231
cs.NA 2504.16246
cs.NA 2504.16291
cs.NA 2504.16451
cs.NA 2504.16523
cs.NA 2504.16608
cs.NA 2504.16713
cs.NA 2504.16756
cs.NA 2504.16797
cs.NA 2504.16823
cs.NA 2504.16862
cs.NA 2504.17112
cs.NA 2504.17596
cs.NA 2504.17012
cs.NA 2504.17233
cs.NA 2504.17329
cs.NA 2504.17649
cs.NA 2504.17729
cs.OS 2504.06151
cs.OS 2504.09474
cs.OS 2504.13994
cs.OS 2504.14603
cs.OS 2504.14489
cs.OS 2504.15302
cs.OS 2504.15499
cs.OS 2504.15465
cs.OS 2504.16251
cs.PL 2504.13794
cs.PL 2504.14038
cs.PL 2504.14283
cs.PL 2504.15144
cs.PL 2504.14340
cs.PL 2504.14480
cs.PL 2504.15036
cs.PL 2504.15637
cs.PL 2504.16027
cs.PL 2504.15550
cs.PL 2504.15678
cs.PL 2504.15845
cs.PL 2504.15936
cs.PL 2504.16214
cs.PL 2504.16579
cs.PL 2504.16775
cs.PL 2504.17336
cs.PL 2504.17444
cs.PL 2504.17460
cs.PL 2504.17646
cs.NI 2504.13397
cs.NI 2504.13190
cs.NI 2504.13193
cs.NI 2504.13194
cs.NI 2504.13361
cs.NI 2504.13424
cs.NI 2504.13479
cs.NI 2504.13589
cs.NI 2504.13594
cs.NI 2504.13971
cs.NI 2504.14667
cs.NI 2504.14017
cs.NI 2504.14022
cs.NI 2504.14088
cs.NI 2504.14326
cs.NI 2504.14411
cs.NI 2504.14430
cs.NI 2504.14443
cs.NI 2504.14686
cs.NI 2504.14720
cs.NI 2504.14745
cs.NI 2504.14749
cs.NI 2504.14833
cs.NI 2504.14959
cs.NI 2504.15039
cs.NI 2504.15079
cs.NI 2504.15298
cs.NI 2504.15738
cs.NI 2504.15577
cs.NI 2504.15774
cs.NI 2504.16039
cs.NI 2504.16108
cs.NI 2504.16146
cs.NI 2504.16227
cs.NI 2504.16267
cs.NI 2504.16480
cs.NI 2504.16896
cs.NI 2504.16094
cs.NI 2504.16322
cs.NI 2504.16688
cs.NI 2504.16729
cs.NI 2504.16848
cs.NI 2504.16897
cs.NI 2504.17133
cs.NI 2504.17046
cs.NI 2504.17307
cs.NI 2504.17310
cs.NI 2504.17590
cs.NI 2504.17725
cs.IT 2504.13191
cs.IT 2504.13235
cs.IT 2504.13543
cs.IT 2504.13325
cs.IT 2504.13342
cs.IT 2504.13363
cs.IT 2504.13381
cs.IT 2504.13423
cs.IT 2504.13601
cs.IT 2504.13731
cs.IT 2504.13740
cs.IT 2504.13741
cs.IT 2504.13762
cs.IT 2504.14381
cs.IT 2504.14659
cs.IT 2504.14702
cs.IT 2504.15202
cs.IT 2504.14035
cs.IT 2504.14084
cs.IT 2504.14087
cs.IT 2504.14262
cs.IT 2504.14330
cs.IT 2504.14408
cs.IT 2504.14410
cs.IT 2504.14463
cs.IT 2504.14605
cs.IT 2504.14615
cs.IT 2504.14653
cs.IT 2504.14674
cs.IT 2504.14696
cs.IT 2504.14730
cs.IT 2504.14778
cs.IT 2504.14842
cs.IT 2504.15006
cs.IT 2504.15031
cs.IT 2504.15043
cs.IT 2504.15204
cs.IT 2504.15231
cs.IT 2504.15324
cs.IT 2504.15475
cs.IT 2504.15515
cs.IT 2504.15543
cs.IT 2504.15880
cs.IT 2504.15947
cs.IT 2504.15394
cs.IT 2504.15589
cs.IT 2504.15706
cs.IT 2504.15737
cs.IT 2504.15779
cs.IT 2504.15873
cs.IT 2504.15961
cs.IT 2504.16071
cs.IT 2504.15774
cs.IT 2504.16099
cs.IT 2504.16107
cs.IT 2504.16146
cs.IT 2504.16225
cs.IT 2504.16279
cs.IT 2504.16311
cs.IT 2504.16355
cs.IT 2504.16469
cs.IT 2504.16498
cs.IT 2504.16577
cs.IT 2504.16617
cs.IT 2504.16929
cs.IT 2504.16299
cs.IT 2504.16380
cs.IT 2504.16726
cs.IT 2504.17118
cs.IT 2504.17185
cs.IT 2504.17237
cs.IT 2504.17403
cs.IT 2504.17676
cs.IT 2504.17790
cs.IT 2504.16960
cs.IT 2504.17008
cs.IT 2504.17236
cs.IT 2504.17244
cs.IT 2504.17337
cs.IT 2504.17511
cs.IT 2504.17514
cs.IT 2504.17589
cs.IT 2504.17629
cs.IT 2504.17634
cs.IT 2504.17673
cs.SC 2504.12465
cs.SC 2504.12724
cs.SC 2504.13506
cs.SC 2504.14990
cs.SC 2504.16632
cs.SC 2504.16697
cs.SC 2504.16771
cs.SC 2504.17534
cs.SC 2504.17268
cs.CR 2504.13416
cs.CR 2504.13484
cs.CR 2504.13598
cs.CR 2504.13775
cs.CR 2504.13192
cs.CR 2504.13196
cs.CR 2504.13198
cs.CR 2504.13199
cs.CR 2504.13201
cs.CR 2504.13203
cs.CR 2504.13205
cs.CR 2504.13209
cs.CR 2504.13212
cs.CR 2504.13267
cs.RO 2504.13207
cs.CR 2504.13301
cs.RO 2504.13372
cs.CR 2504.13358
cs.CR 2504.13371
cs.RO 2504.13413
cs.RO 2504.13541
cs.CR 2504.13385
cs.RO 2504.13554
cs.RO 2504.13596
cs.CR 2504.13398
cs.CR 2504.13408
cs.RO 2504.13348
cs.CR 2504.13474
cs.CR 2504.13526
cs.RO 2504.13351
cs.RO 2504.13370
cs.CR 2504.13527
cs.RO 2504.13406
cs.CR 2504.13537
cs.RO 2504.13420
cs.RO 2504.13461
cs.CR 2504.13547
cs.CR 2504.13551
cs.RO 2504.13582
cs.CR 2504.13573
cs.CR 2504.13676
cs.RO 2504.13618
cs.RO 2504.13619
cs.CR 2504.13737
cs.CR 2504.13747
cs.RO 2504.13637
cs.RO 2504.13647
cs.CR 2504.13767
cs.CR 2504.13811
cs.RO 2504.13659
cs.RO 2504.13672
cs.CR 2406.09110
cs.RO 2504.13697
cs.RO 2504.13711
cs.CR 2504.13938
cs.CR 2504.13957
cs.RO 2504.13713
cs.RO 2504.13785
cs.CR 2504.14044
cs.CR 2504.14183
cs.RO 2504.13800
cs.CR 2504.14368
cs.CR 2504.14696
cs.RO 2504.13803
cs.RO 2504.13807
cs.CR 2504.14815
cs.CR 2504.14833
cs.RO 2504.13854
cs.CR 2504.14957
cs.CR 2504.15025
cs.RO 2504.13856
cs.RO 2504.13866
cs.CR 2504.15026
cs.CR 2504.14016
cs.RO 2504.13872
cs.RO 2504.13881
cs.CR 2504.14061
cs.CR 2504.14064
cs.RO 2504.13906
cs.CR 2504.14069
cs.RO 2504.13916
cs.CR 2504.14122
cs.CR 2504.14162
cs.RO 2504.13964
cs.RO 2504.14151
cs.CR 2504.14220
cs.CR 2504.14235
cs.RO 2504.14241
cs.CR 2504.14328
cs.RO 2504.14330
cs.CR 2504.14381
cs.CR 2504.14421
cs.RO 2504.14556
cs.CR 2504.14436
cs.RO 2504.14562
cs.CR 2504.14497
cs.RO 2504.14805
cs.CR 2504.14541
cs.CR 2504.14554
cs.RO 2504.15278
cs.CR 2504.14654
cs.RO 2504.14007
cs.CR 2504.14760
cs.CR 2504.14761
cs.RO 2504.14078
cs.RO 2504.14103
cs.CR 2504.14777
cs.RO 2504.14133
cs.CR 2504.14809
cs.RO 2504.14135
cs.CR 2504.14812
cs.RO 2504.14170
cs.CR 2504.14832
cs.RO 2504.14259
cs.CR 2504.14881
cs.RO 2504.14305
cs.CR 2504.14886
cs.CR 2504.14965
cs.RO 2504.14376
cs.CR 2504.14985
cs.RO 2504.14440
cs.RO 2504.14477
cs.CR 2504.14993
cs.CR 2504.15035
cs.RO 2504.14478
cs.CR 2504.15063
cs.RO 2504.14495
cs.CR 2504.15139
cs.RO 2504.14570
cs.CR 2504.15144
cs.RO 2504.14573
cs.CR 2504.15202
cs.RO 2504.14588
cs.CR 2504.15233
cs.CR 2504.15246
cs.RO 2504.14602
cs.CR 2504.15284
cs.RO 2504.14604
cs.CR 2504.15343
cs.RO 2504.14634
cs.CR 2504.15580
cs.RO 2504.14680
cs.CR 2504.15632
cs.RO 2504.14681
cs.CR 2504.15676
cs.RO 2504.14712
cs.CR 2504.15822
cs.RO 2504.14739
cs.CR 2504.15949
cs.RO 2504.14755
cs.CR 2504.16000
cs.RO 2504.14806
cs.CR 2504.15375
cs.RO 2504.14820
cs.CR 2504.15391
cs.RO 2504.14857
cs.CR 2504.15395
cs.RO 2504.14862
cs.RO 2504.14894
cs.CR 2504.15447
cs.RO 2504.14989
cs.CR 2504.15497
cs.RO 2504.15089
cs.CR 2504.15499
cs.RO 2504.15129
cs.CR 2504.15512
cs.RO 2504.15130
cs.CR 2504.15565
cs.RO 2504.15138
cs.CR 2504.15585
cs.RO 2504.15226
cs.CR 2504.15592
cs.CR 2504.15622
cs.RO 2504.15229
cs.CR 2504.15674
cs.RO 2504.15235
cs.RO 2504.15263
cs.CR 2504.15695
cs.RO 2504.15329
cs.CR 2504.15717
cs.RO 2504.15369
cs.CR 2504.15738
cs.RO 2504.15423
cs.CR 2504.15817
cs.RO 2504.15453
cs.CR 2504.15880
cs.RO 2504.15611
cs.CR 2504.15942
cs.RO 2504.15776
cs.CR 2504.16057
cs.RO 2504.15863
cs.CR 2504.16251
cs.RO 2504.15886
cs.CR 2504.16364
cs.RO 2504.16054
cs.CR 2504.16407
cs.RO 2504.15305
cs.CR 2504.16438
cs.RO 2504.15320
cs.CR 2504.16709
cs.RO 2504.15327
cs.CR 2504.16743
cs.RO 2504.15414
cs.CR 2504.16887
cs.RO 2504.15418
cs.CR 2504.16085
cs.RO 2504.15425
cs.CR 2504.16087
cs.RO 2504.15455
cs.RO 2504.15472
cs.CR 2504.16088
cs.RO 2504.15517
cs.CR 2504.16089
cs.RO 2504.15535
cs.CR 2504.16091
cs.RO 2504.15541
cs.CR 2504.16108
cs.RO 2504.15561
cs.CR 2504.16110
cs.RO 2504.15595
cs.CR 2504.16113
cs.RO 2504.15600
cs.CR 2504.16116
cs.RO 2504.15643
cs.CR 2504.16118
cs.RO 2504.15654
cs.CR 2504.16120
cs.RO 2504.15666
cs.CR 2504.16125
cs.RO 2504.15714
cs.CR 2504.16219
cs.RO 2504.15740
cs.CR 2504.16226
cs.RO 2504.15766
cs.CR 2504.16316
cs.RO 2504.15850
cs.CR 2504.16355
cs.RO 2504.15869
cs.CR 2504.16359
cs.RO 2504.15876
cs.CR 2504.16429
cs.RO 2504.15899
cs.CR 2504.16449
cs.RO 2504.15953
cs.CR 2504.16474
cs.RO 2504.15962
cs.CR 2504.16489
cs.RO 2504.15976
cs.CR 2504.16550
cs.RO 2504.16037
cs.CR 2504.16571
cs.CR 2504.16584
cs.RO 2504.16055
cs.CR 2504.16617
cs.RO 2504.16062
cs.CR 2504.16651
cs.RO 2504.16102
cs.CR 2504.16695
cs.RO 2504.16103
cs.CR 2504.16836
cs.RO 2504.16127
cs.CR 2504.16902
cs.RO 2504.16129
cs.CR 2504.17130
cs.RO 2504.16328
cs.CR 2504.17198
cs.RO 2504.16459
cs.CR 2504.17211
cs.RO 2504.16693
cs.CR 2504.17219
cs.RO 2504.16183
cs.CR 2504.17473
cs.RO 2504.16224
cs.CR 2504.17523
cs.RO 2504.16319
cs.CR 2504.17548
cs.RO 2504.16320
cs.CR 2504.17609
cs.RO 2504.16346
cs.CR 2504.17650
cs.RO 2504.16369
cs.CR 2504.17666
cs.RO 2504.16374
cs.CR 2504.17059
cs.RO 2504.16377
cs.CR 2504.17121
cs.RO 2504.16383
cs.CR 2504.17185
cs.RO 2504.16406
cs.CR 2504.17194
cs.RO 2504.16464
cs.CR 2504.17256
cs.RO 2504.16475
cs.CR 2504.17271
cs.RO 2504.16595
cs.CR 2504.17539
cs.RO 2504.16649
cs.RO 2504.16680
cs.CR 2504.17684
cs.RO 2504.16734
cs.CR 2504.17692
cs.RO 2504.16738
cs.CR 2504.17759
cs.RO 2504.16782
cs.CR 2504.17785
cs.RO 2504.16843
cs.RO 2504.16914
cs.RO 2504.16916
cs.RO 2504.16923
cs.RO 2504.16925
cs.RO 2504.17006
cs.RO 2504.17129
cs.RO 2504.17154
cs.RO 2504.17179
cs.RO 2504.17399
cs.RO 2504.17418
cs.RO 2504.17791
cs.RO 2504.17070
cs.RO 2504.17080
cs.RO 2504.17103
cs.RO 2504.17186
cs.RO 2504.17201
cs.RO 2504.17216
cs.RO 2504.17249
cs.RO 2504.17410
cs.RO 2504.17424
cs.RO 2504.17569
cs.RO 2504.17647
cs.RO 2504.17693
cs.RO 2504.17748
cs.RO 2504.17771
cs.RO 2504.17784
stat.AP 2504.13451
stat.AP 2504.13586
stat.AP 2504.13653
stat.AP 2504.13685
stat.AP 2504.13382
stat.AP 2504.13908
stat.AP 2504.13956
stat.AP 2504.14017
stat.AP 2504.14179
stat.AP 2504.15140
stat.AP 2504.15211
stat.AP 2504.15268
stat.AP 2504.14050
stat.AP 2504.14622
stat.AP 2504.14938
stat.AP 2504.15794
stat.AP 2504.15402
stat.AP 2504.15617
stat.AP 2504.15923
stat.AP 2504.16230
stat.AP 2504.16279
stat.AP 2504.16767
stat.AP 2504.16789
stat.AP 2504.16216
stat.AP 2504.16435
stat.AP 2504.08824
stat.AP 2504.17043
stat.AP 2504.17079
stat.AP 2504.17104
stat.AP 2504.17013
stat.AP 2504.17101
stat.AP 2504.17479
cs.SE 2504.13358
cs.SE 2504.13420
cs.SE 2504.13547
cs.SE 2504.13272
cs.SE 2504.13472
cs.SE 2504.13515
cs.SE 2504.13656
cs.SE 2504.13751
cs.SE 2504.13769
cs.SE 2504.13772
cs.SE 2504.13846
cs.SE 2504.13903
cs.SE 2504.13994
cs.SE 2504.14119
cs.SE 2504.14631
cs.SE 2504.14655
cs.SE 2504.14760
cs.SE 2504.14761
cs.SE 2504.14777
cs.SE 2504.14024
cs.SE 2504.14026
cs.SE 2504.14331
cs.SE 2504.14336
cs.SE 2504.14500
cs.SE 2504.14627
cs.SE 2504.14640
cs.SE 2504.14641
cs.SE 2504.14663
cs.SE 2504.14757
cs.SE 2504.14797
cs.SE 2504.14852
cs.SE 2504.14872
cs.SE 2504.15080
cs.SE 2504.15210
cs.SE 2504.15254
cs.SE 2504.15439
cs.SE 2504.15494
cs.SE 2504.15637
cs.SE 2504.15659
cs.SE 2504.15695
cs.SE 2504.15742
cs.SE 2504.15284
cs.SE 2504.15286
cs.SE 2504.15424
cs.SE 2504.15427
cs.SE 2504.15474
cs.SE 2504.15507
cs.SE 2504.15546
cs.SE 2504.15564
cs.SE 2504.15632
cs.SE 2504.15867
cs.SE 2504.15912
cs.SE 2504.15917
cs.SE 2504.15922
cs.SE 2504.15948
cs.SE 2504.15972
cs.SE 2504.15989
cs.SE 2504.16027
cs.SE 2504.16429
cs.SE 2504.16579
cs.SE 2504.16768
cs.SE 2504.16180
cs.SE 2504.16215
cs.SE 2504.16292
cs.SE 2504.16310
cs.SE 2504.16331
cs.SE 2504.16343
cs.SE 2504.16354
cs.SE 2504.16472
cs.SE 2504.16483
cs.SE 2504.16485
cs.SE 2504.16526
cs.SE 2504.16644
cs.SE 2504.16670
cs.SE 2504.16742
cs.SE 2504.16743
cs.SE 2504.16753
cs.SE 2504.16777
cs.SE 2504.16779
cs.SE 2504.16821
cs.SE 2504.16833
cs.SE 2504.16877
cs.SE 2504.17066
cs.SE 2504.17106
cs.SE 2504.17226
cs.SE 2504.17759
cs.SE 2504.16933
cs.SE 2504.16934
cs.SE 2504.17038
cs.SE 2504.17051
cs.SE 2504.17198
cs.SE 2504.17287
cs.SE 2504.17419
cs.SE 2504.17426
cs.SE 2504.17428
cs.SE 2504.17473
cs.SE 2504.17510
cs.SE 2504.17542
cs.SE 2504.17610
cs.SE 2504.17662
cs.CL 2504.13202
cs.CL 2504.13203
cs.CL 2504.13277
cs.CL 2504.13308
cs.CL 2504.13359
cs.CL 2504.13388
cs.CL 2504.13406
cs.CL 2504.13416
cs.CL 2504.13472
cs.CL 2504.13480
cs.CL 2504.13551
cs.CL 2504.13644
cs.CL 2504.13667
cs.CL 2504.13707
cs.CL 2504.13752
cs.CL 2504.13756
cs.CL 2504.13818
cs.CL 2504.13837
cs.CL 2504.13187
cs.CL 2504.13189
cs.CL 2504.13216
cs.CL 2504.13217
cs.CL 2504.13227
cs.CL 2504.13237
cs.CL 2504.13261
cs.CL 2504.13284
cs.CL 2504.13367
cs.CL 2504.13425
cs.CL 2504.13439
cs.CL 2504.13471
cs.CL 2504.13475
cs.CL 2504.13500
cs.CL 2504.13534
cs.CL 2504.13545
cs.CL 2504.13562
cs.CL 2504.13592
cs.CL 2504.13603
cs.CL 2504.13615
cs.CL 2504.13626
cs.CL 2504.13629
cs.CL 2504.13630
cs.CL 2504.13643
cs.CL 2504.13653
cs.CL 2504.13655
cs.CL 2504.13677
cs.CL 2504.13685
cs.CL 2504.13730
cs.CL 2504.13775
cs.CL 2504.13816
cs.CL 2504.13825
cs.CL 2504.13828
cs.CL 2504.13834
cs.CL 2504.13835
cs.CL 2504.13847
cs.CL 2504.13861
cs.CL 2504.13865
cs.CL 2504.13882
cs.CL 2504.13887
cs.CL 2504.13888
cs.CL 2504.13890
cs.CL 2504.13892
cs.CL 2504.13904
cs.CL 2504.13924
cs.CL 2504.13932
cs.CL 2504.13955
cs.CL 2504.13958
cs.CL 2504.13959
cs.CL 2504.13984
cs.CL 2504.13989
cs.CL 2504.14053
cs.CL 2504.14107
cs.CL 2504.14110
cs.CL 2504.14123
cs.CL 2504.14126
cs.CL 2504.14128
cs.CL 2504.14147
cs.CL 2504.14177
cs.CL 2504.14183
cs.CL 2504.14191
cs.CL 2504.14232
cs.CL 2504.14239
cs.CL 2504.14245
cs.CL 2504.14260
cs.CL 2504.14359
cs.CL 2504.14361
cs.CL 2504.14363
cs.CL 2504.14370
cs.CL 2504.14439
cs.CL 2504.14520
cs.CL 2504.14526
cs.CL 2504.14594
cs.CL 2504.14640
cs.CL 2504.14655
cs.CL 2504.14773
cs.CL 2504.14822
cs.CL 2504.14858
cs.CL 2504.14870
cs.CL 2504.14904
cs.CL 2504.14928
cs.CL 2504.14945
cs.CL 2504.15068
cs.CL 2504.15072
cs.CL 2504.15135
cs.CL 2504.15254
cs.CL 2504.15266
cs.CL 2504.15270
cs.CL 2504.15280
cs.CL 2504.13914
cs.CL 2504.14037
cs.CL 2504.14039
cs.CL 2504.14066
cs.CL 2504.14089
cs.CL 2504.14117
cs.CL 2504.14150
cs.CL 2504.14154
cs.CL 2504.14165
cs.CL 2504.14175
cs.CL 2504.14194
cs.CL 2504.14203
cs.CL 2504.14212
cs.CL 2504.14218
cs.CL 2504.14223
cs.CL 2504.14225
cs.CL 2504.14287
cs.CL 2504.14321
cs.CL 2504.14366
cs.CL 2504.14367
cs.CL 2504.14452
cs.CL 2504.14462
cs.CL 2504.14468
cs.CL 2504.14482
cs.CL 2504.14492
cs.CL 2504.14496
cs.CL 2504.14530
cs.CL 2504.14538
cs.CL 2504.14597
cs.CL 2504.14619
cs.CL 2504.14620
cs.CL 2504.14630
cs.CL 2504.14633
cs.CL 2504.14657
cs.CL 2504.14669
cs.CL 2504.14690
cs.CL 2504.14692
cs.CL 2504.14707
cs.CL 2504.14738
cs.CL 2504.14766
cs.CL 2504.14772
cs.CL 2504.14804
cs.CL 2504.14808
cs.CL 2504.14856
cs.CL 2504.14871
cs.CL 2504.14891
cs.CL 2504.14905
cs.CL 2504.14963
cs.CL 2504.14969
cs.CL 2504.14992
cs.CL 2504.15013
cs.CL 2504.15022
cs.CL 2504.15027
cs.CL 2504.15047
cs.CL 2504.15052
cs.CL 2504.15093
cs.CL 2504.15120
cs.CL 2504.15133
cs.CL 2504.15160
cs.CL 2504.15168
cs.CL 2504.15205
cs.CL 2504.15219
cs.CL 2504.15220
cs.CL 2504.15236
cs.CL 2504.15241
cs.CL 2504.15253
cs.CL 2504.15330
cs.CL 2504.15362
cs.CL 2504.15376
cs.CL 2504.15415
cs.CL 2504.15448
cs.CL 2504.15466
cs.CL 2504.15485
cs.CL 2504.15585
cs.CL 2504.15629
cs.CL 2504.15659
cs.CL 2504.15780
cs.CL 2504.16000
cs.CL 2504.16081
cs.CL 2504.15349
cs.CL 2504.15392
cs.CL 2504.15431
cs.CL 2504.15432
cs.CL 2504.15471
cs.CL 2504.15475
cs.CL 2504.15509
cs.CL 2504.15521
cs.CL 2504.15524
cs.CL 2504.15527
cs.CL 2504.15544
cs.CL 2504.15548
cs.CL 2504.15573
cs.CL 2504.15604
cs.CL 2504.15630
cs.CL 2504.15640
cs.CL 2504.15642
cs.CL 2504.15683
cs.CL 2504.15688
cs.CL 2504.15777
cs.CL 2504.15784
cs.CL 2504.15801
cs.CL 2504.15815
cs.CL 2504.15843
cs.CL 2504.15848
cs.CL 2504.15895
cs.CL 2504.15900
cs.CL 2504.15941
cs.CL 2504.15983
cs.CL 2504.15987
cs.CL 2504.16005
cs.CL 2504.16007
cs.CL 2504.16046
cs.CL 2504.16053
cs.CL 2504.16056
cs.CL 2504.16060
cs.CL 2504.16063
cs.CL 2504.16073
cs.CL 2504.16074
cs.CL 2504.16084
cs.CL 2504.16092
cs.CL 2504.16112
cs.CL 2504.16121
cs.CL 2504.16134
cs.CL 2504.16204
cs.CL 2504.16234
cs.CL 2504.16264
cs.CL 2504.16315
cs.CL 2504.16430
cs.CL 2504.16628
cs.CL 2504.16728
cs.CL 2504.16828
cs.CL 2504.16891
cs.CL 2504.16188
cs.CL 2504.16271
cs.CL 2504.16286
cs.CL 2504.16312
cs.CL 2504.16353
cs.CL 2504.16358
cs.CL 2504.16379
cs.CL 2504.16394
cs.CL 2504.16408
cs.CL 2504.16411
cs.CL 2504.16414
cs.CL 2504.16427
cs.CL 2504.16448
cs.CL 2504.16460
cs.CL 2504.16511
cs.CL 2504.16537
cs.CL 2504.16574
cs.CL 2504.16601
cs.CL 2504.16604
cs.CL 2504.16627
cs.CL 2504.16677
cs.CL 2504.16754
cs.CL 2504.16768
cs.CL 2504.16778
cs.CL 2504.16786
cs.CL 2504.16787
cs.CL 2504.16795
cs.CL 2504.16813
cs.CL 2504.16832
cs.CL 2504.16855
cs.CL 2504.16856
cs.CL 2504.16858
cs.CL 2504.16884
cs.CL 2504.16913
cs.CL 2504.16918
cs.CL 2504.16921
cs.CL 2504.16939
cs.CL 2504.17004
cs.CL 2504.17038
cs.CL 2504.17365
cs.CL 2504.17449
cs.CL 2504.16956
cs.CL 2504.16977
cs.CL 2504.17025
cs.CL 2504.17052
cs.CL 2504.17075
cs.CL 2504.17083
cs.CL 2504.17091
cs.CL 2504.17119
cs.CL 2504.17130
cs.CL 2504.17137
cs.CL 2504.17192
cs.CL 2504.17200
cs.CL 2504.17220
cs.CL 2504.17238
cs.CL 2504.17252
cs.CL 2504.17264
cs.CL 2504.17279
cs.CL 2504.17309
cs.CL 2504.17311
cs.CL 2504.17332
cs.CL 2504.17353
cs.CL 2504.17360
cs.CL 2504.17366
cs.CL 2504.17390
cs.CL 2504.17445
cs.CL 2504.17480
cs.CL 2504.17550
cs.CL 2504.17562
cs.CL 2504.17565
cs.CL 2504.17574
cs.CL 2504.17653
cs.CL 2504.17665
cs.CL 2504.17671
cs.CL 2504.17674
cs.CL 2504.17685
cs.CL 2504.17704
cs.CL 2504.17720
cs.CL 2504.17753
cs.CL 2504.17768
cs.LG 2504.13186
cs.LG 2504.13193
cs.LG 2504.13201
cs.LG 2504.13203
cs.LG 2504.13208
cs.LG 2504.13210
cs.LG 2504.13216
cs.LG 2504.13220
cs.LG 2504.13227
cs.LG 2504.13232
cs.LG 2504.13282
cs.LG 2504.13320
cs.LG 2504.13333
cs.LG 2504.13336
cs.LG 2504.13351
cs.LG 2504.13365
cs.LG 2504.13391
cs.LG 2504.13397
cs.LG 2504.13408
cs.LG 2504.13412
cs.LG 2504.13414
cs.LG 2504.13415
cs.LG 2504.13452
cs.LG 2504.13472
cs.LG 2504.13479
cs.LG 2504.13495
cs.LG 2504.13519
cs.LG 2504.13527
cs.LG 2504.13541
cs.LG 2504.13545
cs.LG 2504.13554
cs.LG 2504.13582
cs.LG 2504.13589
cs.LG 2504.13623
cs.LG 2504.13645
cs.LG 2504.13677
cs.LG 2504.13685
cs.LG 2504.13717
cs.LG 2504.13730
cs.LG 2504.13759
cs.LG 2504.13804
cs.LG 2504.13811
cs.LG 2504.13825
cs.LG 2504.13218
cs.LG 2504.13219
cs.LG 2504.13228
cs.LG 2504.13229
cs.LG 2504.13233
cs.LG 2504.13234
cs.LG 2504.13236
cs.LG 2504.13241
cs.LG 2504.13266
cs.LG 2504.13292
cs.LG 2504.13296
cs.LG 2504.13302
cs.LG 2504.13331
cs.LG 2504.13355
cs.LG 2504.13368
cs.LG 2504.13388
cs.LG 2504.13413
cs.LG 2504.13416
cs.LG 2504.13422
cs.LG 2504.13426
cs.LG 2504.13429
cs.LG 2504.13453
cs.LG 2504.13462
cs.LG 2504.13465
cs.LG 2504.13476
cs.LG 2504.13478
cs.LG 2504.13480
cs.LG 2504.13483
cs.LG 2504.13484
cs.LG 2504.13521
cs.LG 2504.13522
cs.LG 2504.13529
cs.LG 2504.13531
cs.LG 2504.13543
cs.LG 2504.13558
cs.LG 2504.13569
cs.LG 2504.13574
cs.LG 2504.13576
cs.LG 2504.13586
cs.LG 2504.13598
cs.LG 2504.13610
cs.LG 2504.13612
cs.LG 2504.13633
cs.LG 2504.13691
cs.LG 2504.13733
cs.LG 2504.13752
cs.LG 2504.13755
cs.LG 2504.13756
cs.LG 2504.13774
cs.LG 2504.13786
cs.LG 2504.13787
cs.LG 2504.13792
cs.LG 2504.13797
cs.LG 2504.13801
cs.LG 2504.13818
cs.LG 2504.13822
cs.LG 2504.13850
cs.LG 2504.13873
cs.LG 2504.13883
cs.LG 2504.13936
cs.LG 2504.13946
cs.LG 2504.13955
cs.LG 2504.13962
cs.LG 2504.13978
cs.LG 2504.13993
cs.LG 2504.14002
cs.LG 2504.14007
cs.LG 2504.14015
cs.LG 2504.14026
cs.LG 2504.14032
cs.LG 2504.14053
cs.LG 2504.14054
cs.LG 2504.14055
cs.LG 2504.14058
cs.LG 2504.14066
cs.LG 2504.14071
cs.LG 2504.14076
cs.LG 2504.14089
cs.LG 2504.14100
cs.LG 2504.14115
cs.LG 2504.14126
cs.LG 2504.14131
cs.LG 2504.14135
cs.LG 2504.14150
cs.LG 2504.14152
cs.LG 2504.14154
cs.LG 2504.14157
cs.LG 2504.14164
cs.LG 2504.14248
cs.LG 2504.14280
cs.LG 2504.14282
cs.LG 2504.14370
cs.LG 2504.14378
cs.LG 2504.14379
cs.LG 2504.14409
cs.LG 2504.14412
cs.LG 2504.14422
cs.LG 2504.14425
cs.LG 2504.14446
cs.LG 2504.14448
cs.LG 2504.14452
cs.LG 2504.14459
cs.LG 2504.14468
cs.LG 2504.14493
cs.LG 2504.14530
cs.LG 2504.14541
cs.LG 2504.14556
cs.LG 2504.14568
cs.LG 2504.14605
cs.LG 2504.14628
cs.LG 2504.14657
cs.LG 2504.14686
cs.LG 2504.14696
cs.LG 2504.14708
cs.LG 2504.14717
cs.LG 2504.14720
cs.LG 2504.14744
cs.LG 2504.14772
cs.LG 2504.14773
cs.LG 2504.14795
cs.LG 2504.14807
cs.LG 2504.14808
cs.LG 2504.14810
cs.LG 2504.14875
cs.LG 2504.14898
cs.LG 2504.14938
cs.LG 2504.14963
cs.LG 2504.14995
cs.LG 2504.15021
cs.LG 2504.15075
cs.LG 2504.15093
cs.LG 2504.15100
cs.LG 2504.15129
cs.LG 2504.15133
cs.LG 2504.15156
cs.LG 2504.15193
cs.LG 2504.15199
cs.LG 2504.15217
cs.LG 2504.15220
cs.LG 2504.15236
cs.LG 2504.15252
cs.LG 2504.15253
cs.LG 2504.15261
cs.LG 2504.15275
cs.LG 2504.13875
cs.LG 2504.13927
cs.LG 2504.13932
cs.LG 2504.13941
cs.LG 2504.13945
cs.LG 2504.13949
cs.LG 2504.13950
cs.LG 2504.13951
cs.LG 2504.13956
cs.LG 2504.13958
cs.LG 2504.13961
cs.LG 2504.13966
cs.LG 2504.13974
cs.LG 2504.13975
cs.LG 2504.13981
cs.LG 2504.13982
cs.LG 2504.13983
cs.LG 2504.13984
cs.LG 2504.13989
cs.LG 2504.13990
cs.LG 2504.13991
cs.LG 2504.13992
cs.LG 2504.14025
cs.LG 2504.14046
cs.LG 2504.14051
cs.LG 2504.14068
cs.LG 2504.14094
cs.LG 2504.14095
cs.LG 2504.14098
cs.LG 2504.14143
cs.LG 2504.14174
cs.LG 2504.14188
cs.LG 2504.14204
cs.LG 2504.14205
cs.LG 2504.14206
cs.LG 2504.14237
cs.LG 2504.14250
cs.LG 2504.14264
cs.LG 2504.14268
cs.LG 2504.14286
cs.LG 2504.14300
cs.LG 2504.14302
cs.LG 2504.14307
cs.LG 2504.14316
cs.LG 2504.14361
cs.LG 2504.14363
cs.LG 2504.14365
cs.LG 2504.14368
cs.LG 2504.14372
cs.LG 2504.14375
cs.LG 2504.14388
cs.LG 2504.14416
cs.LG 2504.14439
cs.LG 2504.14469
cs.LG 2504.14508
cs.LG 2504.14514
cs.LG 2504.14519
cs.LG 2504.14545
cs.LG 2504.14569
cs.LG 2504.14572
cs.LG 2504.14587
cs.LG 2504.14610
cs.LG 2504.14636
cs.LG 2504.14645
cs.LG 2504.14655
cs.LG 2504.14662
cs.LG 2504.14667
cs.LG 2504.14677
cs.LG 2504.14694
cs.LG 2504.14697
cs.LG 2504.14701
cs.LG 2504.14704
cs.LG 2504.14716
cs.LG 2504.14727
cs.LG 2504.14728
cs.LG 2504.14732
cs.LG 2504.14741
cs.LG 2504.14751
cs.LG 2504.14762
cs.LG 2504.14782
cs.LG 2504.14790
cs.LG 2504.14796
cs.LG 2504.14798
cs.LG 2504.14800
cs.LG 2504.14805
cs.LG 2504.14814
cs.LG 2504.14815
cs.LG 2504.14854
cs.LG 2504.14879
cs.LG 2504.14882
cs.LG 2504.14889
cs.LG 2504.14907
cs.LG 2504.14917
cs.LG 2504.14937
cs.LG 2504.14945
cs.LG 2504.14946
cs.LG 2504.14955
cs.LG 2504.14960
cs.LG 2504.14994
cs.LG 2504.15037
cs.LG 2504.15051
cs.LG 2504.15077
cs.LG 2504.15090
cs.LG 2504.15099
cs.LG 2504.15110
cs.LG 2504.15163
cs.LG 2504.15171
cs.LG 2504.15206
cs.LG 2504.15208
cs.LG 2504.15209
cs.LG 2504.15214
cs.LG 2504.15223
cs.LG 2504.15225
cs.LG 2504.15240
cs.LG 2504.15243
cs.LG 2504.15244
cs.LG 2504.15251
cs.LG 2504.15266
cs.LG 2504.15284
cs.LG 2504.15313
cs.LG 2504.15324
cs.LG 2504.15327
cs.LG 2504.15362
cs.LG 2504.15370
cs.LG 2504.15375
cs.LG 2504.15376
cs.LG 2504.15386
cs.LG 2504.15388
cs.LG 2504.15414
cs.LG 2504.15425
cs.LG 2504.15431
cs.LG 2504.15465
cs.LG 2504.15472
cs.LG 2504.15473
cs.LG 2504.15512
cs.LG 2504.15517
cs.LG 2504.15541
cs.LG 2504.15549
cs.LG 2504.15561
cs.LG 2504.15564
cs.LG 2504.15577
cs.LG 2504.15578
cs.LG 2504.15580
cs.LG 2504.15585
cs.LG 2504.15599
cs.LG 2504.15632
cs.LG 2504.15637
cs.LG 2504.15654
cs.LG 2504.15657
cs.LG 2504.15659
cs.LG 2504.15674
cs.LG 2504.15679
cs.LG 2504.15683
cs.LG 2504.15691
cs.LG 2504.15707
cs.LG 2504.15722
cs.LG 2504.15743
cs.LG 2504.15753
cs.LG 2504.15777
cs.LG 2504.15779
cs.LG 2504.15796
cs.LG 2504.15815
cs.LG 2504.15826
cs.LG 2504.15863
cs.LG 2504.15865
cs.LG 2504.15933
cs.LG 2504.15942
cs.LG 2504.15979
cs.LG 2504.15991
cs.LG 2504.15993
cs.LG 2504.16000
cs.LG 2504.16010
cs.LG 2504.16027
cs.LG 2504.16068
cs.LG 2504.16075
cs.LG 2504.16083
cs.LG 2504.16084
cs.LG 2504.15300
cs.LG 2504.15310
cs.LG 2504.15312
cs.LG 2504.15315
cs.LG 2504.15322
cs.LG 2504.15323
cs.LG 2504.15325
cs.LG 2504.15328
cs.LG 2504.15366
cs.LG 2504.15369
cs.LG 2504.15399
cs.LG 2504.15439
cs.LG 2504.15458
cs.LG 2504.15477
cs.LG 2504.15479
cs.LG 2504.15487
cs.LG 2504.15491
cs.LG 2504.15525
cs.LG 2504.15539
cs.LG 2504.15562
cs.LG 2504.15582
cs.LG 2504.15587
cs.LG 2504.15594
cs.LG 2504.15613
cs.LG 2504.15615
cs.LG 2504.15616
cs.LG 2504.15623
cs.LG 2504.15634
cs.LG 2504.15664
cs.LG 2504.15686
cs.LG 2504.15736
cs.LG 2504.15758
cs.LG 2504.15771
cs.LG 2504.15773
cs.LG 2504.15806
cs.LG 2504.15812
cs.LG 2504.15827
cs.LG 2504.15846
cs.LG 2504.15854
cs.LG 2504.15897
cs.LG 2504.15905
cs.LG 2504.15920
cs.LG 2504.15924
cs.LG 2504.15930
cs.LG 2504.15956
cs.LG 2504.15995
cs.LG 2504.16020
cs.LG 2504.16032
cs.LG 2504.16041
cs.LG 2504.16054
cs.LG 2504.16078
cs.LG 2504.16097
cs.LG 2504.16098
cs.LG 2504.16100
cs.LG 2504.16101
cs.LG 2504.16115
cs.LG 2504.16121
cs.LG 2504.16128
cs.LG 2504.16129
cs.LG 2504.16130
cs.LG 2504.16131
cs.LG 2504.16137
cs.LG 2504.16142
cs.LG 2504.16143
cs.LG 2504.16152
cs.LG 2504.16172
cs.LG 2504.16185
cs.LG 2504.16188
cs.LG 2504.16192
cs.LG 2504.16226
cs.LG 2504.16227
cs.LG 2504.16237
cs.LG 2504.16266
cs.LG 2504.16269
cs.LG 2504.16270
cs.LG 2504.16290
cs.LG 2504.16316
cs.LG 2504.16320
cs.LG 2504.16331
cs.LG 2504.16334
cs.LG 2504.16355
cs.LG 2504.16356
cs.LG 2504.16357
cs.LG 2504.16371
cs.LG 2504.16397
cs.LG 2504.16404
cs.LG 2504.16449
cs.LG 2504.16474
cs.LG 2504.16493
cs.LG 2504.16503
cs.LG 2504.16538
cs.LG 2504.16555
cs.LG 2504.16588
cs.LG 2504.16595
cs.LG 2504.16612
cs.LG 2504.16651
cs.LG 2504.16680
cs.LG 2504.16684
cs.LG 2504.16688
cs.LG 2504.16732
cs.LG 2504.16786
cs.LG 2504.16798
cs.LG 2504.16864
cs.LG 2504.16879
cs.LG 2504.16886
cs.LG 2504.16891
cs.LG 2504.16917
cs.LG 2504.16922
cs.LG 2504.16923
cs.LG 2504.16109
cs.LG 2504.16136
cs.LG 2504.16140
cs.LG 2504.16141
cs.LG 2504.16214
cs.LG 2504.16234
cs.LG 2504.16238
cs.LG 2504.16255
cs.LG 2504.16262
cs.LG 2504.16263
cs.LG 2504.16268
cs.LG 2504.16272
cs.LG 2504.16275
cs.LG 2504.16276
cs.LG 2504.16277
cs.LG 2504.16283
cs.LG 2504.16318
cs.LG 2504.16360
cs.LG 2504.16415
cs.LG 2504.16430
cs.LG 2504.16431
cs.LG 2504.16432
cs.LG 2504.16438
cs.LG 2504.16447
cs.LG 2504.16450
cs.LG 2504.16501
cs.LG 2504.16506
cs.LG 2504.16553
cs.LG 2504.16559
cs.LG 2504.16580
cs.LG 2504.16585
cs.LG 2504.16624
cs.LG 2504.16628
cs.LG 2504.16639
cs.LG 2504.16667
cs.LG 2504.16668
cs.LG 2504.16682
cs.LG 2504.16683
cs.LG 2504.16693
cs.LG 2504.16711
cs.LG 2504.16748
cs.LG 2504.16755
cs.LG 2504.16763
cs.LG 2504.16767
cs.LG 2504.16828
cs.LG 2504.16831
cs.LG 2504.16834
cs.LG 2504.16866
cs.LG 2504.16871
cs.LG 2504.16875
cs.LG 2504.16929
cs.LG 2504.16941
cs.LG 2504.16943
cs.LG 2504.16956
cs.LG 2504.16969
cs.LG 2504.17006
cs.LG 2504.17017
cs.LG 2504.17044
cs.LG 2504.17102
cs.LG 2504.17112
cs.LG 2504.17128
cs.LG 2504.17142
cs.LG 2504.17166
cs.LG 2504.17173
cs.LG 2504.17177
cs.LG 2504.17179
cs.LG 2504.17203
cs.LG 2504.17236
cs.LG 2504.17252
cs.LG 2504.17321
cs.LG 2504.17356
cs.LG 2504.17376
cs.LG 2504.17420
cs.LG 2504.17529
cs.LG 2504.17540
cs.LG 2504.17546
cs.LG 2504.17548
cs.LG 2504.17562
cs.LG 2504.17584
cs.LG 2504.17586
cs.LG 2504.17622
cs.LG 2504.17656
cs.LG 2504.17663
cs.LG 2504.17671
cs.LG 2504.17674
cs.LG 2504.17690
cs.LG 2504.17710
cs.LG 2504.17719
cs.LG 2504.17735
cs.LG 2504.17768
cs.LG 2504.17771
cs.LG 2504.17782
cs.LG 2504.16961
cs.LG 2504.16968
cs.LG 2504.16970
cs.LG 2504.16972
cs.LG 2504.16980
cs.LG 2504.17004
cs.LG 2504.17028
cs.LG 2504.17058
cs.LG 2504.17065
cs.LG 2504.17066
cs.LG 2504.17068
cs.LG 2504.17073
cs.LG 2504.17074
cs.LG 2504.17079
cs.LG 2504.17099
cs.LG 2504.17109
cs.LG 2504.17140
cs.LG 2504.17160
cs.LG 2504.17196
cs.LG 2504.17210
cs.LG 2504.17219
cs.LG 2504.17232
cs.LG 2504.17243
cs.LG 2504.17247
cs.LG 2504.17258
cs.LG 2504.17261
cs.LG 2504.17274
cs.LG 2504.17276
cs.LG 2504.17277
cs.LG 2504.17300
cs.LG 2504.17305
cs.LG 2504.17314
cs.LG 2504.17355
cs.LG 2504.17370
cs.LG 2504.17403
cs.LG 2504.17421
cs.LG 2504.17448
cs.LG 2504.17449
cs.LG 2504.17461
cs.LG 2504.17471
cs.LG 2504.17490
cs.LG 2504.17492
cs.LG 2504.17493
cs.LG 2504.17497
cs.LG 2504.17503
cs.LG 2504.17520
cs.LG 2504.17526
cs.LG 2504.17528
cs.LG 2504.17534
cs.LG 2504.17568
cs.LG 2504.17577
cs.LG 2504.17578
cs.LG 2504.17601
cs.LG 2504.17613
cs.LG 2504.17617
cs.LG 2504.17618
cs.LG 2504.17641
cs.LG 2504.17655
cs.LG 2504.17660
cs.LG 2504.17664
cs.LG 2504.17703
cs.LG 2504.17709
cs.LG 2504.17717
cs.LG 2504.17721
cs.LG 2504.17723
cs.LG 2504.17739
cs.LG 2504.17740
cs.LG 2504.17749
cs.LG 2504.17752
cs.LG 2504.17780
stat.ML 2504.13232
stat.ML 2504.13292
stat.ML 2504.13633
stat.ML 2504.13733
stat.ML 2504.13320
stat.ML 2504.13333
stat.ML 2504.13336
stat.ML 2504.13623
stat.ML 2504.13804
stat.ML 2504.13134
stat.ML 2504.13961
stat.ML 2504.13966
stat.ML 2504.14015
stat.ML 2504.14050
stat.ML 2504.14094
stat.ML 2504.14150
stat.ML 2504.14154
stat.ML 2504.14161
stat.ML 2504.14264
stat.ML 2504.14316
stat.ML 2504.14418
stat.ML 2504.14422
stat.ML 2504.14572
stat.ML 2504.14610
stat.ML 2504.14697
stat.ML 2504.14701
stat.ML 2504.14772
stat.ML 2504.14783
stat.ML 2504.14795
stat.ML 2504.14854
stat.ML 2504.14882
stat.ML 2504.15110
stat.ML 2504.15243
stat.ML 2504.15244
stat.ML 2504.15251
stat.ML 2504.14164
stat.ML 2504.14425
stat.ML 2504.14744
stat.ML 2504.14898
stat.ML 2504.15156
stat.ML 2504.15325
stat.ML 2504.15328
stat.ML 2504.15386
stat.ML 2504.15388
stat.ML 2504.15543
stat.ML 2504.15582
stat.ML 2504.15615
stat.ML 2504.15736
stat.ML 2504.15854
stat.ML 2504.15924
stat.ML 2504.15956
stat.ML 2504.16005
stat.ML 2504.16020
stat.ML 2504.15691
stat.ML 2504.15722
stat.ML 2504.16000
stat.ML 2504.16075
stat.ML 2504.16100
stat.ML 2504.16172
stat.ML 2504.16192
stat.ML 2504.16270
stat.ML 2504.16415
stat.ML 2504.16430
stat.ML 2504.16450
stat.ML 2504.16555
stat.ML 2504.16580
stat.ML 2504.16585
stat.ML 2504.16667
stat.ML 2504.16682
stat.ML 2504.16683
stat.ML 2504.16864
stat.ML 2504.16185
stat.ML 2504.16356
stat.ML 2504.17004
stat.ML 2504.17008
stat.ML 2504.17013
stat.ML 2504.17066
stat.ML 2504.17160
stat.ML 2504.17274
stat.ML 2504.17546
stat.ML 2504.17655
stat.ML 2504.17112
stat.ML 2504.17166
stat.ML 2504.17622
stat.ML 2504.17719
eess.AS 2504.13308
eess.AS 2504.13535
eess.AS 2504.13791
eess.AS 2504.13765
eess.AS 2504.14076
eess.AS 2504.14735
eess.AS 2504.15052
eess.AS 2504.14183
eess.AS 2504.14409
eess.AS 2504.14437
eess.AS 2504.14817
eess.AS 2504.14843
eess.AS 2504.14906
eess.AS 2504.14915
eess.AS 2504.14981
eess.AS 2504.15509
eess.AS 2504.15822
eess.AS 2504.15575
eess.AS 2504.15663
eess.AS 2504.16213
eess.AS 2504.16234
eess.AS 2504.16223
eess.AS 2504.16289
eess.AS 2504.16441
eess.AS 2504.16936
eess.AS 2504.17440
stat.CO 2504.13291
stat.CO 2504.13320
stat.CO 2504.13685
stat.CO 2504.14038
stat.CO 2504.14552
stat.CO 2504.15402
stat.CO 2504.15923
stat.CO 2504.15588
stat.CO 2504.16585
stat.CO 2504.16535
stat.CO 2504.17147
stat.CO 2504.17651
stat.CO 2504.17546
stat.CO 2504.17733
cs.SI 2504.13261
cs.SI 2504.13277
cs.SI 2504.13284
cs.SI 2504.13421
cs.SI 2504.13279
cs.SI 2504.13538
cs.SI 2504.13632
cs.SI 2504.13641
cs.SI 2504.13674
cs.SI 2504.13902
cs.SI 2504.14037
cs.SI 2504.14565
cs.SI 2504.13931
cs.SI 2504.14093
cs.SI 2504.14172
cs.SI 2504.14438
cs.SI 2504.14501
cs.SI 2504.14904
cs.SI 2504.15072
cs.SI 2504.15131
cs.SI 2504.15215
cs.SI 2504.15504
cs.SI 2504.15927
cs.SI 2504.16323
cs.SI 2504.16604
cs.SI 2504.16617
cs.SI 2504.16307
cs.SI 2504.16366
cs.SI 2504.16945
cs.SI 2504.16964
cs.SI 2504.17099
cs.SI 2504.17146
cs.SI 2504.16942
cs.SI 2504.16944
cs.SI 2504.16946
cs.SI 2504.16947
cs.SI 2504.17701
cs.SD 2504.13765
cs.SD 2504.13308
cs.SD 2504.13535
cs.SD 2504.13791
cs.SD 2504.13944
cs.SD 2504.14055
cs.SD 2504.14058
cs.SD 2504.14071
cs.SD 2504.14409
cs.SD 2504.14482
cs.SD 2504.14832
cs.SD 2504.14906
cs.SD 2504.15035
cs.SD 2504.15118
cs.SD 2504.15214
cs.SD 2504.14076
cs.SD 2504.14735
cs.SD 2504.15071
cs.SD 2504.15217
cs.SD 2504.15509
cs.SD 2504.15575
cs.SD 2504.15822
cs.SD 2504.16234
cs.SD 2504.16276
cs.SD 2504.16289
cs.SD 2504.16441
cs.SD 2504.16459
cs.SD 2504.16213
cs.SD 2504.16839
cs.SD 2504.16936
cs.SD 2504.17724
cs.SD 2504.17156
cs.SD 2504.17586
cs.SD 2504.17782
cs.SY 2504.13267
cs.SY 2504.13315
cs.SY 2504.13413
cs.SY 2504.13461
cs.SY 2504.13529
cs.SY 2504.13637
cs.SY 2504.13648
cs.SY 2504.13276
cs.SY 2504.13286
cs.SY 2504.13288
cs.SY 2504.13305
cs.SY 2504.13324
cs.SY 2504.13372
cs.SY 2504.13403
cs.SY 2504.13701
cs.SY 2504.13920
cs.SY 2504.13936
cs.SY 2504.13956
cs.SY 2504.13990
cs.SY 2504.14040
cs.SY 2504.14133
cs.SY 2504.14360
cs.SY 2504.14438
cs.SY 2504.14514
cs.SY 2504.14570
cs.SY 2504.14590
cs.SY 2504.14641
cs.SY 2504.14704
cs.SY 2504.14755
cs.SY 2504.14894
cs.SY 2504.15019
cs.SY 2504.15098
cs.SY 2504.15196
cs.SY 2504.15226
cs.SY 2504.13912
cs.SY 2504.13933
cs.SY 2504.13935
cs.SY 2504.13943
cs.SY 2504.14334
cs.SY 2504.14394
cs.SY 2504.14407
cs.SY 2504.14412
cs.SY 2504.14486
cs.SY 2504.14718
cs.SY 2504.14721
cs.SY 2504.14725
cs.SY 2504.14747
cs.SY 2504.14750
cs.SY 2504.14874
cs.SY 2504.14900
cs.SY 2504.14956
cs.SY 2504.15081
cs.SY 2504.15198
cs.SY 2504.15305
cs.SY 2504.15320
cs.SY 2504.15412
cs.SY 2504.15418
cs.SY 2504.15472
cs.SY 2504.15483
cs.SY 2504.15600
cs.SY 2504.15623
cs.SY 2504.15753
cs.SY 2504.15758
cs.SY 2504.15914
cs.SY 2504.16037
cs.SY 2504.15396
cs.SY 2504.15423
cs.SY 2504.15453
cs.SY 2504.15540
cs.SY 2504.15578
cs.SY 2504.15611
cs.SY 2504.15704
cs.SY 2504.15768
cs.SY 2504.15793
cs.SY 2504.15803
cs.SY 2504.15805
cs.SY 2504.15830
cs.SY 2504.15838
cs.SY 2504.15954
cs.SY 2504.16028
cs.SY 2504.16048
cs.SY 2504.16224
cs.SY 2504.16319
cs.SY 2504.16328
cs.SY 2504.16369
cs.SY 2504.16581
cs.SY 2504.16916
cs.SY 2504.16923
cs.SY 2504.16211
cs.SY 2504.16222
cs.SY 2504.16385
cs.SY 2504.16413
cs.SY 2504.16417
cs.SY 2504.16445
cs.SY 2504.16477
cs.SY 2504.16498
cs.SY 2504.16588
cs.SY 2504.16815
cs.SY 2504.16874
cs.SY 2504.16879
cs.SY 2504.17080
cs.SY 2504.17093
cs.SY 2504.17102
cs.SY 2504.17103
cs.SY 2504.17124
cs.SY 2504.17154
cs.SY 2504.17268
cs.SY 2504.17417
cs.SY 2504.17569
cs.SY 2504.17647
cs.SY 2504.17709
cs.SY 2504.17718
cs.SY 2504.17118
cs.SY 2504.17128
cs.SY 2504.17129
cs.SY 2504.17139
cs.SY 2504.17211
cs.SY 2504.17347
cs.SY 2504.17406
cs.SY 2504.17418
cs.SY 2504.17512
cs.SY 2504.17571
cs.SY 2504.17603
cs.SY 2504.17632
cs.SY 2504.17736
stat.TH 2504.13273
stat.TH 2504.13322
stat.TH 2504.13423
stat.TH 2504.13502
stat.TH 2504.13520
stat.TH 2504.13620
stat.TH 2504.14659
stat.TH 2504.15150
stat.TH 2504.15251
stat.TH 2504.13977
stat.TH 2504.14077
stat.TH 2504.14161
stat.TH 2504.14555
stat.TH 2504.15186
stat.TH 2504.13336
stat.TH 2504.15388
stat.TH 2504.15411
stat.TH 2504.15753
stat.TH 2504.15872
stat.TH 2504.16029
stat.TH 2504.15515
stat.TH 2504.15556
stat.TH 2504.15558
stat.TH 2504.15944
stat.TH 2504.15946
stat.TH 2504.16279
stat.TH 2504.16555
stat.TH 2504.16780
stat.TH 2504.17008
stat.TH 2504.17126
stat.TH 2504.17175
stat.TH 2504.17274
stat.TH 2504.17202
stat.TH 2504.17451
stat.TH 2504.17559
stat.TH 2504.17611
eess.SP 2504.13190
eess.SP 2504.13363
eess.SP 2504.13502
eess.SP 2504.13523
eess.SP 2504.13633
eess.SP 2504.13697
eess.SP 2504.13741
eess.SP 2504.13321
eess.SP 2504.13394
eess.SP 2504.13455
eess.SP 2504.13485
eess.SP 2504.13494
eess.SP 2504.13570
eess.SP 2504.13609
eess.SP 2504.13624
eess.SP 2504.13666
eess.SP 2504.13670
eess.SP 2504.13723
eess.SP 2504.13921
eess.SP 2504.14463
eess.SP 2504.14468
eess.SP 2504.14653
eess.SP 2504.14947
eess.SP 2504.15012
eess.SP 2504.14085
eess.SP 2504.14100
eess.SP 2504.14226
eess.SP 2504.14279
eess.SP 2504.14281
eess.SP 2504.14341
eess.SP 2504.14464
eess.SP 2504.14584
eess.SP 2504.14659
eess.SP 2504.14780
eess.SP 2504.14835
eess.SP 2504.14885
eess.SP 2504.14951
eess.SP 2504.15033
eess.SP 2504.15040
eess.SP 2504.15042
eess.SP 2504.15178
eess.SP 2504.15260
eess.SP 2504.15331
eess.SP 2504.15737
eess.SP 2504.15863
eess.SP 2504.15961
eess.SP 2504.15967
eess.SP 2504.16036
eess.SP 2504.16039
eess.SP 2504.16071
eess.SP 2504.15430
eess.SP 2504.15514
eess.SP 2504.15520
eess.SP 2504.15628
eess.SP 2504.15947
eess.SP 2504.15774
eess.SP 2504.16211
eess.SP 2504.16652
eess.SP 2504.16688
eess.SP 2504.16097
eess.SP 2504.16098
eess.SP 2504.16099
eess.SP 2504.16100
eess.SP 2504.16101
eess.SP 2504.16107
eess.SP 2504.16119
eess.SP 2504.16130
eess.SP 2504.16142
eess.SP 2504.16143
eess.SP 2504.16146
eess.SP 2504.16212
eess.SP 2504.16221
eess.SP 2504.16309
eess.SP 2504.16351
eess.SP 2504.16376
eess.SP 2504.16386
eess.SP 2504.16392
eess.SP 2504.16521
eess.SP 2504.16577
eess.SP 2504.16613
eess.SP 2504.16675
eess.SP 2504.16710
eess.SP 2504.16800
eess.SP 2504.16814
eess.SP 2504.16906
eess.SP 2504.16955
eess.SP 2504.16972
eess.SP 2504.17352
eess.SP 2504.17403
eess.SP 2504.17752
eess.SP 2504.17155
eess.SP 2504.17187
eess.SP 2504.17323
eess.SP 2504.17408
eess.SP 2504.17423
eess.SP 2504.17433
eess.SP 2504.17521
eess.SP 2504.17573
eess.SP 2504.17676
eess.SP 2504.17724
math.OC 2504.13302
math.OC 2504.13501
math.OC 2504.13633
math.OC 2504.13315
math.OC 2504.13496
math.OC 2504.13503
math.OC 2504.13780
math.OC 2504.13823
math.OC 2504.13933
math.OC 2504.13982
math.OC 2504.13992
math.OC 2504.14227
math.OC 2504.14356
math.OC 2504.14394
math.OC 2504.14407
math.OC 2504.14448
math.OC 2504.14725
math.OC 2504.14741
math.OC 2504.14841
math.OC 2504.15177
math.OC 2504.13920
math.OC 2504.13939
math.OC 2504.13954
math.OC 2504.14056
math.OC 2504.14083
math.OC 2504.14099
math.OC 2504.14211
math.OC 2504.14288
math.OC 2504.14292
math.OC 2504.14333
math.OC 2504.14377
math.OC 2504.14431
math.OC 2504.14488
math.OC 2504.14503
math.OC 2504.14506
math.OC 2504.14673
math.OC 2504.14834
math.OC 2504.14853
math.OC 2504.14892
math.OC 2504.14987
math.OC 2504.15019
math.OC 2504.15062
math.OC 2504.15084
math.OC 2504.15113
math.OC 2504.15117
math.OC 2504.15196
math.OC 2504.15425
math.OC 2504.15522
math.OC 2504.15537
math.OC 2504.15566
math.OC 2504.15626
math.OC 2504.15758
math.OC 2504.15830
math.OC 2504.15838
math.OC 2504.15885
math.OC 2504.16028
math.OC 2504.16070
math.OC 2504.15412
math.OC 2504.15483
math.OC 2504.15526
math.OC 2504.15741
math.OC 2504.15752
math.OC 2504.15753
math.OC 2504.15851
math.OC 2504.15852
math.OC 2504.15914
math.OC 2504.16035
math.OC 2504.16222
math.OC 2504.16257
math.OC 2504.16418
math.OC 2504.16477
math.OC 2504.16642
math.OC 2504.16182
math.OC 2504.16270
math.OC 2504.16281
math.OC 2504.16328
math.OC 2504.16330
math.OC 2504.16371
math.OC 2504.16497
math.OC 2504.16530
math.OC 2504.16581
math.OC 2504.16724
math.OC 2504.16835
math.OC 2504.16867
math.OC 2504.16876
math.OC 2504.16890
math.OC 2504.16899
math.OC 2504.17398
math.OC 2504.17580
math.OC 2504.17649
math.OC 2504.17756
math.OC 2504.17031
math.OC 2504.17093
math.OC 2504.17102
math.OC 2504.17154
math.OC 2504.17193
math.OC 2504.17215
math.OC 2504.17303
nlin.AO 2504.13538
math.OC 2504.17324
nlin.AO 2504.14170
nlin.AO 2504.14635
nlin.AO 2504.14908
math.OC 2504.17341
nlin.AO 2504.14923
math.OC 2504.17417
nlin.AO 2504.14912
math.OC 2504.17469
nlin.AO 2504.15779
math.OC 2504.17543
nlin.AO 2504.16115
math.OC 2504.17566
math.OC 2504.17596
nlin.AO 2504.16383
math.OC 2504.17648
nlin.AO 2504.16442
math.OC 2504.17682
nlin.AO 2504.16599
math.OC 2504.17700
nlin.AO 2504.17491
math.OC 2504.17718
math.OC 2504.17722
nlin.SI 2504.12624
nlin.SI 2504.12822
nlin.SI 2504.14315
nlin.SI 2504.14319
nlin.SI 2504.14644
nlin.SI 2504.14867
nlin.SI 2504.15065
nlin.SI 2504.15919
nlin.SI 2504.16187
nlin.SI 2504.16375
nlin.SI 2504.16816
nlin.SI 2504.16660
nlin.SI 2504.17291
nlin.SI 2504.17294
nlin.SI 2504.17465
nlin.SI 2504.17773
nlin.SI 2504.17537
eess.IV 2504.13214
eess.IV 2504.13457
eess.IV 2504.13476
eess.IV 2504.13574
eess.IV 2504.13717
eess.IV 2504.13720
eess.IV 2504.13736
eess.IV 2504.13776
eess.IV 2504.13186
eess.IV 2504.13200
eess.IV 2504.13340
eess.IV 2504.13390
eess.IV 2504.13391
eess.IV 2504.13415
eess.IV 2504.13519
eess.IV 2504.13553
eess.IV 2504.13597
eess.IV 2504.13599
eess.IV 2504.13622
eess.IV 2504.14032
eess.IV 2504.14753
eess.IV 2504.14783
eess.IV 2504.14796
eess.IV 2504.14947
eess.IV 2504.14952
eess.IV 2504.14210
eess.IV 2504.14795
eess.IV 2504.15473
eess.IV 2504.15496
eess.IV 2504.15756
eess.IV 2504.15311
eess.IV 2504.15317
eess.IV 2504.15390
eess.IV 2504.15481
eess.IV 2504.15545
eess.IV 2504.15649
eess.IV 2504.15667
eess.IV 2504.16319
eess.IV 2504.16404
eess.IV 2504.16237
eess.IV 2504.16745
eess.IV 2504.16774
eess.IV 2504.16960
eess.IV 2504.17540
eess.IV 2504.16951
eess.IV 2504.16953
eess.IV 2504.16958
eess.IV 2504.17053
eess.IV 2504.17114
eess.IV 2504.17122
eess.IV 2504.17255
eess.IV 2504.17379
eess.IV 2504.17628
eess.IV 2504.17698
astro-ph.IM 2504.13262
astro-ph.IM 2504.13271
astro-ph.IM 2504.13810
astro-ph.IM 2504.13238
astro-ph.IM 2504.13504
astro-ph.IM 2504.14332
astro-ph.IM 2504.14444
astro-ph.IM 2504.14590
astro-ph.IM 2504.15277
astro-ph.IM 2504.13999
astro-ph.IM 2504.14180
astro-ph.IM 2504.14441
astro-ph.IM 2504.14449
astro-ph.IM 2504.14451
astro-ph.IM 2504.14585
astro-ph.IM 2504.14914
astro-ph.IM 2504.15787
astro-ph.IM 2504.15875
astro-ph.IM 2504.15893
astro-ph.IM 2504.15916
astro-ph.IM 2504.16079
astro-ph.IM 2504.15321
astro-ph.IM 2504.15560
astro-ph.IM 2504.16058
astro-ph.IM 2504.16161
astro-ph.IM 2504.16452
astro-ph.IM 2504.16712
astro-ph.IM 2504.16249
astro-ph.IM 2504.16257
astro-ph.IM 2504.16388
astro-ph.IM 2504.16791
astro-ph.IM 2406.03601
astro-ph.IM 2504.08976
astro-ph.IM 2504.16988
astro-ph.IM 2504.16991
astro-ph.IM 2504.17074
astro-ph.IM 2504.17288
astro-ph.IM 2504.17600
astro-ph.IM 2504.17631
astro-ph.IM 2504.17762
astro-ph.IM 2504.16955
astro-ph.IM 2504.16959
astro-ph.IM 2504.17029
astro-ph.IM 2504.17138
astro-ph.IM 2504.17688
physics.comp-ph 2504.13341
physics.comp-ph 2504.13422
physics.comp-ph 2504.13749
physics.comp-ph 2504.13799
physics.comp-ph 2504.13575
physics.comp-ph 2504.10560
physics.comp-ph 2504.13453
physics.comp-ph 2504.14028
physics.comp-ph 2504.14063
physics.comp-ph 2504.14067
physics.comp-ph 2504.14187
physics.comp-ph 2504.14405
physics.comp-ph 2504.14422
physics.comp-ph 2504.14473
physics.comp-ph 2504.14722
physics.comp-ph 2504.14479
physics.comp-ph 2504.14978
physics.comp-ph 2504.07344
physics.comp-ph 2504.15459
physics.comp-ph 2504.15574
physics.comp-ph 2504.15841
physics.comp-ph 2504.15887
physics.comp-ph 2504.15963
physics.comp-ph 2504.16009
physics.comp-ph 2504.15670
physics.comp-ph 2504.16068
physics.comp-ph 2504.16225
physics.comp-ph 2504.16297
physics.comp-ph 2504.16381
physics.comp-ph 2504.16553
physics.comp-ph 2504.16816
physics.comp-ph 2504.16823
physics.comp-ph 2504.16865
physics.comp-ph 2504.16893
physics.comp-ph 2504.16924
physics.comp-ph 2504.16418
physics.comp-ph 2504.17077
physics.comp-ph 2504.17092
physics.comp-ph 2504.17272
physics.comp-ph 2504.17368
physics.comp-ph 2504.17439
physics.comp-ph 2504.17142
physics.comp-ph 2504.17476
physics.comp-ph 2504.17726
physics.ins-det 2504.13323
physics.ins-det 2504.13696
physics.ins-det 2504.14585
physics.ins-det 2504.14652
physics.ins-det 2504.15102
physics.ins-det 2504.15103
physics.ins-det 2504.15106
physics.ins-det 2504.15670
physics.ins-det 2504.15858
physics.ins-det 2504.15307
physics.ins-det 2504.15387
physics.ins-det 2504.15464
physics.ins-det 2504.15730
physics.ins-det 2504.15811
physics.ins-det 2504.16160
physics.ins-det 2504.16147
physics.ins-det 2504.16421
physics.ins-det 2504.16482
physics.ins-det 2504.16811
physics.ins-det 2504.16889
physics.ins-det 2504.16957
physics.ins-det 2504.17209
physics.ins-det 2504.17272
physics.ins-det 2504.17319
physics.ins-det 2504.17631
physics.ins-det 2504.17715
nlin.CD 2504.12741
nlin.CD 2504.12530
nlin.CD 2504.12621
nlin.CD 2504.12695
nlin.CD 2504.13333
nlin.CD 2504.13355
nlin.CD 2504.13453
nlin.CD 2504.14465
nlin.CD 2504.15055
nlin.CD 2504.15403
nlin.CD 2504.15487
nlin.CD 2504.15538
nlin.CD 2504.17503
nlin.CD 2504.17291
nlin.CD 2504.17302
nlin.CD 2504.17400
math.DS 2504.13433
math.DS 2504.13307
math.DS 2504.13727
math.DS 2504.13832
math.DS 2504.14036
math.DS 2504.14057
math.DS 2504.14263
math.DS 2504.14454
math.DS 2504.14697
math.DS 2504.14721
math.DS 2504.14759
math.DS 2504.14142
math.DS 2504.14564
math.DS 2504.14632
math.DS 2504.14819
math.DS 2504.15420
math.DS 2504.15451
math.DS 2504.15758
math.DS 2504.15949
math.DS 2504.16035
math.DS 2504.15750
math.DS 2504.15807
math.DS 2504.15819
math.DS 2504.15884
math.DS 2504.16038
math.DS 2504.16222
math.DS 2504.16195
math.DS 2504.16296
math.DS 2504.16456
math.DS 2504.16496
math.DS 2504.16532
math.DS 2504.16549
math.DS 2504.16860
math.DS 2504.16962
math.DS 2504.17268
math.DS 2504.17026
math.DS 2504.17063
math.DS 2504.17105
math.DS 2504.17153
math.DS 2504.17358
math.DS 2504.17498
math.DS 2504.17504
math.DS 2504.17505
math.DS 2504.17555
math.DS 2504.17644
math.DS 2504.17645
physics.app-ph 2504.13285
physics.app-ph 2504.13435
physics.app-ph 2504.13326
physics.app-ph 2504.13523
physics.app-ph 2504.14342
physics.app-ph 2504.14473
physics.app-ph 2504.14908
physics.app-ph 2504.14986
physics.app-ph 2504.15103
physics.app-ph 2504.14781
physics.app-ph 2504.15078
physics.app-ph 2504.15554
physics.app-ph 2504.15631
physics.app-ph 2504.15734
physics.app-ph 2504.16036
physics.app-ph 2504.16067
physics.app-ph 2504.16422
physics.app-ph 2504.16603
physics.app-ph 2504.16686
physics.app-ph 2504.16725
physics.app-ph 2504.16781
physics.app-ph 2504.16928
physics.app-ph 2504.16314
physics.app-ph 2504.16338
physics.app-ph 2504.16491
physics.app-ph 2504.16500
physics.app-ph 2504.16993
physics.app-ph 2504.17144
physics.app-ph 2504.17145
physics.app-ph 2504.17312
physics.app-ph 2504.17501
physics.app-ph 2504.17560
physics.app-ph 2504.17631
physics.app-ph 2504.17711
physics.app-ph 2504.17726
physics.app-ph 2504.17752
physics.app-ph 2504.17124
physics.app-ph 2504.17429
math.PR 2504.13210
math.PR 2504.13215
math.PR 2504.13315
math.PR 2504.13423
math.PR 2504.13501
math.PR 2504.13503
math.PR 2504.13556
math.PR 2504.13673
math.PR 2504.13708
math.PR 2504.13322
math.PR 2504.13468
math.PR 2504.13502
math.PR 2504.13533
math.PR 2504.13620
math.PR 2504.13712
math.PR 2504.13743
math.PR 2504.13833
math.PR 2504.13982
math.PR 2504.14080
math.PR 2504.14142
math.PR 2504.14564
math.PR 2504.14939
math.PR 2504.15083
math.PR 2504.15166
math.PR 2504.15186
math.PR 2504.15202
math.PR 2504.15212
math.PR 2504.13960
math.PR 2504.14036
math.PR 2504.14296
math.PR 2504.14403
math.PR 2504.14447
math.PR 2504.14457
math.PR 2504.14487
math.PR 2504.14595
math.PR 2504.14763
math.PR 2504.14767
math.PR 2504.14813
math.PR 2504.15136
math.PR 2504.15556
math.PR 2504.15718
math.PR 2504.15749
math.PR 2504.15753
math.PR 2504.15557
math.PR 2504.15581
math.PR 2504.15818
math.PR 2504.15837
math.PR 2504.15860
math.PR 2504.15898
math.PR 2504.15992
math.PR 2504.15999
math.PR 2504.16093
math.PR 2504.16172
math.PR 2504.16254
math.PR 2504.16551
math.PR 2504.16687
math.PR 2504.16349
math.PR 2504.16737
math.PR 2504.17042
math.PR 2504.17202
math.PR 2504.17407
math.PR 2504.16976
math.PR 2504.17094
math.PR 2504.17172
math.PR 2504.17175
math.PR 2504.17176
math.PR 2504.17363
math.PR 2504.17477
math.PR 2504.17552
math.PR 2504.17576
math.PR 2504.17679
cond-mat.dis-nn 2504.13770
cond-mat.dis-nn 2504.14589
cond-mat.dis-nn 2504.14910
cond-mat.dis-nn 2504.15158
cond-mat.dis-nn 2504.16052
cond-mat.dis-nn 2504.15705
cond-mat.dis-nn 2504.15878
cond-mat.dis-nn 2504.16924
cond-mat.dis-nn 2504.16252
cond-mat.dis-nn 2504.16631
cond-mat.dis-nn 2504.17120
cond-mat.dis-nn 2504.17627
cond-mat.dis-nn 2504.17659
cond-mat.dis-nn 2504.17010
cond-mat.dis-nn 2504.17786
physics.optics 2504.13185
physics.optics 2504.13287
physics.optics 2504.13318
physics.optics 2504.13326
physics.optics 2504.13437
physics.optics 2504.13666
physics.optics 2504.13184
physics.optics 2504.13264
physics.optics 2504.13349
physics.optics 2504.13417
physics.optics 2504.13447
physics.optics 2504.13518
physics.optics 2504.13662
physics.optics 2504.13681
physics.optics 2504.13830
physics.optics 2504.14034
physics.optics 2504.14083
physics.optics 2504.14086
physics.optics 2504.14210
physics.optics 2504.14236
physics.optics 2504.14574
physics.optics 2504.14581
physics.optics 2504.14614
physics.optics 2504.14910
physics.optics 2504.14986
physics.optics 2504.15249
physics.optics 2504.15258
physics.optics 2504.14156
physics.optics 2504.14157
physics.optics 2504.14196
physics.optics 2504.14342
physics.optics 2504.14589
physics.optics 2504.14598
physics.optics 2504.14639
physics.optics 2504.14794
physics.optics 2504.14895
physics.optics 2504.14901
physics.optics 2504.14908
physics.optics 2504.14950
physics.optics 2504.15012
physics.optics 2504.15044
physics.optics 2504.15467
physics.optics 2504.15501
physics.optics 2504.15553
physics.optics 2504.15713
physics.optics 2504.15939
physics.optics 2504.16006
physics.optics 2504.16066
physics.optics 2504.15331
physics.optics 2504.15361
physics.optics 2504.15463
physics.optics 2504.15554
physics.optics 2504.15571
physics.optics 2504.15593
physics.optics 2504.15651
physics.optics 2504.15734
physics.optics 2504.15858
physics.optics 2504.16119
physics.optics 2504.16196
physics.optics 2504.16317
physics.optics 2504.16333
physics.optics 2504.16199
physics.optics 2504.16247
physics.optics 2504.16390
physics.optics 2504.16422
physics.optics 2504.16603
physics.optics 2504.16652
physics.optics 2504.16731
physics.optics 2504.16769
physics.optics 2504.16928
physics.optics 2504.17014
physics.optics 2504.17161
physics.optics 2504.17255
physics.optics 2504.17266
physics.optics 2504.16993
physics.optics 2504.17077
physics.optics 2504.17144
physics.optics 2504.17230
physics.optics 2504.17339
physics.optics 2504.17368
physics.optics 2504.17385
physics.optics 2504.17527
physics.optics 2504.17560
physics.optics 2504.17588
physics.optics 2504.17620
physics.optics 2504.17657
physics.data-an 2504.12306
physics.data-an 2504.13144
physics.data-an 2504.12343
physics.data-an 2504.12990
physics.data-an 2504.02869
physics.data-an 2504.13935
physics.data-an 2504.14028
physics.data-an 2504.14473
physics.data-an 2504.14830
physics.data-an 2504.14072
physics.data-an 2504.15297
physics.data-an 2504.15779
physics.data-an 2504.16079
physics.data-an 2504.16975
physics.data-an 2504.17275
physics.data-an 2504.17701
physics.data-an 2504.17494
econ.TH 2504.13641
econ.TH 2504.13375
econ.TH 2504.14163
econ.TH 2504.14793
econ.TH 2504.14230
econ.TH 2504.15438
econ.TH 2504.15555
econ.TH 2504.15726
econ.TH 2504.15997
econ.TH 2504.16240
econ.TH 2504.16842
physics.med-ph 2504.12346
econ.TH 2504.16908
physics.med-ph 2504.12438
econ.TH 2504.17061
physics.med-ph 2504.12531
econ.TH 2504.17151
physics.med-ph 2504.12772
econ.TH 2504.17467
physics.med-ph 2504.12981
physics.med-ph 2504.14637
physics.med-ph 2504.14033
physics.med-ph 2504.14227
physics.med-ph 2504.14724
physics.med-ph 2504.15285
physics.med-ph 2504.15287
physics.med-ph 2504.15496
physics.med-ph 2504.15824
physics.med-ph 2504.15969
physics.med-ph 2504.16036
physics.med-ph 2504.16600
physics.med-ph 2504.16534
physics.med-ph 2504.16621
physics.med-ph 2504.16805
physics.med-ph 2504.17114
physics.med-ph 2504.17161
physics.med-ph 2504.17183
physics.med-ph 2504.17251
q-fin.MF 2504.11258
q-fin.MF 2504.11881
q-fin.MF 2504.13094
q-fin.MF 2504.12851
q-fin.MF 2504.16011
q-fin.MF 2504.16542
