cs.FL 2410.23763
cs.CG 2410.22722
cs.FL 2410.23764
cs.CG 2410.23109
cs.FL 2411.00117
cs.CG 2410.23288
cs.FL 2411.00205
cs.CG 2410.23809
cs.FL 2411.01592
cs.CG 2411.01857
cs.FL 2411.02386
cs.CG 2411.02172
cs.FL 2411.03066
cs.CG 2411.01482
cs.FL 2411.03160
cs.CG 2411.02685
cs.FL 2411.03601
cs.CG 2411.03037
cs.CG 2411.02882
cs.CG 2411.03935
cs.DS 2411.00082
cs.DS 2411.00242
cs.DS 2411.00255
cs.DS 2411.00216
cs.DS 2411.00384
cs.DS 2411.01090
cs.DS 2411.01115
cs.DS 2411.01246
cs.DS 2411.01836
cs.DS 2411.02087
cs.DS 2411.02298
cs.DS 2411.00819
cs.DS 2411.01191
cs.DS 2411.01384
cs.DS 2411.01405
cs.DS 2411.01486
cs.DS 2411.02148
cs.DS 2411.02782
cs.DS 2411.02942
cs.DS 2411.03133
cs.DS 2411.03253
cs.DS 2411.03255
cs.DS 2411.02422
cs.DS 2411.02585
cs.DS 2411.02658
cs.DS 2411.02744
cs.DS 2411.02750
cs.DS 2411.02764
cs.DS 2411.02821
cs.DS 2411.02845
cs.DS 2411.02980
cs.DS 2411.03037
cs.DS 2411.03071
cs.DS 2411.03087
cs.DS 2411.03121
cs.DS 2411.03227
cs.DS 2411.03299
cs.DS 2411.03331
cs.DS 2411.03390
cs.DS 2411.04013
cs.DS 2411.04057
cs.DS 2411.04124
cs.DS 2411.03413
cs.DS 2411.03451
cs.DS 2411.03570
cs.DS 2411.03784
cs.DS 2411.03871
cs.DS 2411.03393
cs.DS 2411.04205
cs.DS 2411.04394
cs.DS 2411.04454
cs.DS 2411.04564
cs.DS 2411.04972
cs.DS 2411.04979
cs.DS 2411.04418
cs.DS 2411.04718
cs.DS 2411.04803
cs.DS 2411.04846
cs.DS 2411.04906
cs.GR 2410.23775
cs.GR 2410.23800
cs.GR 2410.24203
cs.GR 2410.24223
cs.GR 2410.24123
cs.GR 2410.24144
cs.GR 2411.00144
cs.GR 2411.00399
cs.GR 2411.00652
cs.GR 2411.00131
cs.GR 2411.00356
cs.GR 2411.01179
cs.GR 2411.01212
cs.GR 2411.01512
cs.GR 2411.01947
cs.GR 2411.02090
cs.GR 2411.02116
cs.GR 2411.02179
cs.GR 2411.01488
cs.GR 2411.02095
cs.GR 2411.02347
cs.GR 2411.02424
cs.GR 2411.02607
cs.GR 2411.02611
cs.GR 2411.03047
cs.GR 2411.04928
cs.GR 2411.05003
cs.GT 2411.00025
cs.GT 2411.00048
cs.GT 2411.00217
cs.GT 2411.00564
cs.GT 2411.00707
cs.GT 2411.00133
cs.GT 2411.00181
cs.GT 2411.00388
cs.GT 2411.00398
cs.GT 2411.01191
cs.GT 2411.01636
cs.GT 2411.01711
cs.GT 2411.01794
cs.GT 2411.00825
cs.GT 2411.00954
cs.GT 2411.01217
cs.GT 2411.01462
cs.GT 2411.01720
cs.GT 2411.01721
cs.GT 2411.01810
cs.GT 2411.01879
cs.GT 2411.02183
cs.GT 2411.02308
cs.GT 2411.02377
cs.GT 2411.02654
cs.GT 2411.02661
cs.GT 2411.02942
cs.GT 2411.03248
cs.GT 2411.03270
cs.GT 2411.03651
cs.GT 2411.03865
cs.GT 2411.03955
cs.GT 2411.03370
cs.GT 2411.03390
cs.GT 2411.03583
cs.GT 2411.03802
cs.GT 2411.03973
cs.GT 2411.04392
cs.GT 2411.04462
cs.GT 2411.04204
cs.GT 2411.04391
cs.GT 2411.04843
cs.DB 2411.00030
cs.DB 2411.00046
cs.DB 2411.00073
cs.DB 2411.00761
cs.DB 2411.00483
cs.DB 2411.00615
cs.DB 2411.00744
cs.DB 2411.01023
cs.DB 2411.01424
cs.DB 2411.01685
cs.DB 2411.02059
cs.DB 2411.02309
cs.DB 2411.00788
cs.DB 2411.00879
cs.DB 2411.00970
cs.DB 2411.01214
cs.DB 2411.01246
cs.DB 2411.01269
cs.DB 2411.01325
cs.DB 2411.01807
cs.DB 2411.02013
cs.DB 2411.02131
cs.DB 2411.02580
cs.DB 2411.02597
cs.DB 2411.02862
cs.DB 2411.02933
cs.DB 2411.02948
cs.DB 2411.03007
cs.DB 2411.03174
cs.DB 2411.03351
cs.DB 2411.04003
cs.DB 2411.03500
cs.DB 2411.04042
cs.DB 2411.04443
cs.DB 2411.04579
cs.DB 2411.04638
cs.DB 2411.04920
cs.DB 2411.04304
cs.DB 2411.04319
cs.DB 2411.04525
cs.AR 2411.00408
cs.AR 2411.00439
cs.AR 2411.00530
cs.AR 2411.00734
cs.AR 2411.00815
cs.AR 2411.00843
cs.AR 2411.02282
cs.AR 2411.02322
cs.AR 2411.01417
cs.AR 2411.01628
cs.AR 2411.02814
cs.AR 2411.02854
cs.AR 2411.03149
cs.AR 2411.03375
cs.AR 2411.04027
cs.AR 2411.03398
cs.AR 2411.03471
cs.AR 2411.03697
cs.AR 2411.03832
cs.AR 2411.03857
cs.AR 2411.04270
cs.AR 2411.04471
cs.AR 2411.04410
cs.DM 2411.00343
cs.DM 2411.00708
cs.DM 2411.00721
cs.DM 2411.00819
cs.DM 2411.01061
cs.DM 2411.01314
cs.DM 2411.01407
cs.DM 2411.01486
cs.DM 2411.01591
cs.DM 2411.01630
cs.DM 2411.02122
cs.DM 2411.02172
cs.DM 2411.02197
cs.DM 2411.00806
cs.DM 2411.02686
cs.DM 2411.02980
cs.DM 2411.03003
cs.DM 2411.03006
cs.DM 2411.03273
cs.DM 2411.03274
cs.DM 2411.03331
cs.DM 2411.03390
cs.DM 2411.03451
cs.DM 2411.03813
cs.DM 2411.03407
cs.DM 2411.03776
cs.DM 2411.03839
cs.DM 2411.04204
cs.DM 2411.04479
cs.AI 2406.08887
cs.AI 2407.00072
cs.AI 2410.24022
cs.AI 2411.00005
cs.AI 2411.00006
cs.AI 2411.00023
cs.AI 2411.00024
cs.AI 2411.00028
cs.AI 2411.00029
cs.AI 2411.00030
cs.AI 2411.00031
cs.AI 2411.00034
cs.AI 2411.00036
cs.AI 2411.00038
cs.AI 2411.00039
cs.AI 2411.00040
cs.AI 2411.00041
cs.AI 2411.00045
cs.AI 2411.00046
cs.AI 2411.00049
cs.AI 2411.00052
cs.AI 2411.00053
cs.AI 2411.00054
cs.AI 2411.00056
cs.AI 2411.00062
cs.AI 2411.00064
cs.AI 2411.00066
cs.AI 2411.00069
cs.AI 2411.00073
cs.AI 2411.00074
cs.AI 2411.00078
cs.AI 2411.00081
cs.AI 2411.00109
cs.AI 2411.00121
cs.AI 2411.00126
cs.AI 2411.00132
cs.AI 2411.00138
cs.AI 2411.00142
cs.AI 2411.00150
cs.AI 2411.00154
cs.AI 2411.00163
cs.AI 2411.00168
cs.AI 2411.00173
cs.AI 2411.00178
cs.AI 2411.00186
cs.AI 2411.00190
cs.AI 2411.00196
cs.AI 2411.00205
cs.AI 2411.00208
cs.AI 2411.00217
cs.AI 2411.00222
cs.AI 2411.00230
cs.AI 2411.00247
cs.AI 2411.00265
cs.AI 2411.00282
cs.AI 2411.00284
cs.AI 2411.00287
cs.AI 2411.00288
cs.AI 2411.00311
cs.AI 2411.00322
cs.AI 2411.00329
cs.AI 2411.00336
cs.AI 2411.00345
cs.AI 2411.00347
cs.AI 2411.00348
cs.AI 2411.00349
cs.AI 2411.00355
cs.AI 2411.00372
cs.AI 2411.00390
cs.AI 2411.00392
cs.AI 2411.00393
cs.AI 2411.00394
cs.AI 2411.00401
cs.AI 2411.00412
cs.AI 2411.00414
cs.AI 2411.00418
cs.AI 2411.00427
cs.AI 2411.00437
cs.AI 2411.00461
cs.AI 2411.00465
cs.AI 2411.00469
cs.AI 2411.00477
cs.AI 2411.00533
cs.AI 2411.00548
cs.AI 2411.00551
cs.AI 2411.00554
cs.AI 2411.00556
cs.AI 2411.00563
cs.AI 2411.00585
cs.AI 2411.00588
cs.AI 2411.00593
cs.AI 2411.00594
cs.AI 2411.00600
cs.AI 2411.00612
cs.AI 2411.00622
cs.AI 2411.00630
cs.AI 2411.00631
cs.AI 2411.00660
cs.AI 2411.00662
cs.AI 2411.00666
cs.AI 2411.00681
cs.AI 2411.00683
cs.AI 2411.00686
cs.AI 2411.00696
cs.AI 2411.00699
cs.AI 2411.00707
cs.AI 2411.00715
cs.AI 2411.00726
cs.AI 2411.00727
cs.AI 2411.00728
cs.AI 2411.00737
cs.AI 2411.00743
cs.AI 2411.00750
cs.AI 2411.00769
cs.AI 2411.00774
cs.AI 2411.00003
cs.AI 2411.00017
cs.AI 2411.00114
cs.AI 2411.00146
cs.AI 2411.00156
cs.AI 2411.00188
cs.AI 2411.00238
cs.AI 2411.00257
cs.AI 2411.00264
cs.AI 2411.00308
cs.AI 2411.00431
cs.AI 2411.00489
cs.AI 2411.00577
cs.AI 2411.00773
cs.AI 2409.18427
cs.AI 2411.00781
cs.AI 2411.00783
cs.AI 2411.00784
cs.AI 2411.00785
cs.AI 2411.00788
cs.AI 2411.00796
cs.AI 2411.00802
cs.AI 2411.00809
cs.AI 2411.00813
cs.AI 2411.00816
cs.AI 2411.00818
cs.AI 2411.00820
cs.AI 2411.00822
cs.AI 2411.00823
cs.AI 2411.00826
cs.AI 2411.00827
cs.AI 2411.00830
cs.AI 2411.00831
cs.AI 2411.00832
cs.AI 2411.00836
cs.AI 2411.00837
cs.AI 2411.00838
cs.AI 2411.00839
cs.AI 2411.00840
cs.AI 2411.00841
cs.AI 2411.00843
cs.AI 2411.00844
cs.AI 2411.00845
cs.AI 2411.00850
cs.AI 2411.00852
cs.AI 2411.00853
cs.AI 2411.00855
cs.AI 2411.00856
cs.AI 2411.00858
cs.AI 2411.00859
cs.AI 2411.00862
cs.AI 2411.00863
cs.AI 2411.00864
cs.AI 2411.00865
cs.AI 2411.00866
cs.AI 2411.00871
cs.AI 2411.00873
cs.AI 2411.00874
cs.AI 2411.00875
cs.AI 2411.00876
cs.AI 2411.00878
cs.AI 2411.00885
cs.AI 2411.00887
cs.AI 2411.00890
cs.AI 2411.00891
cs.AI 2411.00897
cs.AI 2411.00898
cs.AI 2411.00899
cs.AI 2411.00902
cs.AI 2411.00904
cs.AI 2411.00907
cs.AI 2411.00913
cs.AI 2411.00914
cs.AI 2411.00915
cs.AI 2411.00916
cs.AI 2411.00918
cs.AI 2411.00919
cs.AI 2411.00920
cs.AI 2411.00927
cs.AI 2411.00929
cs.AI 2411.00932
cs.AI 2411.00934
cs.AI 2411.00949
cs.AI 2411.00960
cs.AI 2411.00970
cs.AI 2411.00983
cs.AI 2411.00986
cs.AI 2411.00997
cs.AI 2411.01013
cs.AI 2411.01016
cs.AI 2411.01023
cs.AI 2411.01030
cs.AI 2411.01034
cs.AI 2411.01035
cs.AI 2411.01042
cs.AI 2411.01049
cs.AI 2411.01050
cs.AI 2411.01053
cs.AI 2411.01055
cs.AI 2411.01063
cs.AI 2411.01073
cs.AI 2411.01076
cs.AI 2411.01078
cs.AI 2411.01081
cs.AI 2411.01086
cs.AI 2411.01098
cs.AI 2411.01137
cs.AI 2411.01140
cs.AI 2411.01142
cs.AI 2411.01144
cs.AI 2411.01146
cs.AI 2411.01153
cs.AI 2411.01158
cs.AI 2411.01159
cs.AI 2411.01166
cs.AI 2411.01168
cs.AI 2411.01169
cs.AI 2411.01171
cs.AI 2411.01172
cs.AI 2411.01179
cs.AI 2411.01188
cs.AI 2411.01200
cs.AI 2411.01203
cs.AI 2411.01204
cs.AI 2411.01205
cs.AI 2411.01211
cs.AI 2411.01212
cs.AI 2411.01228
cs.AI 2411.01236
cs.AI 2411.01240
cs.AI 2411.01271
cs.AI 2411.01281
cs.AI 2411.01295
cs.AI 2411.01312
cs.AI 2411.01313
cs.AI 2411.01316
cs.AI 2411.01327
cs.AI 2411.01332
cs.AI 2411.01342
cs.AI 2411.01344
cs.AI 2411.01351
cs.AI 2411.01354
cs.AI 2411.01373
cs.AI 2411.01375
cs.AI 2411.01396
cs.AI 2411.01401
cs.AI 2411.01408
cs.AI 2411.01410
cs.AI 2411.01414
cs.AI 2411.01417
cs.AI 2411.01419
cs.AI 2411.01423
cs.AI 2411.01425
cs.AI 2411.01431
cs.AI 2411.01438
cs.AI 2411.01453
cs.AI 2411.01458
cs.AI 2411.01472
cs.AI 2411.01479
cs.AI 2411.01493
cs.AI 2411.01508
cs.AI 2411.01523
cs.AI 2411.01533
cs.AI 2411.01535
cs.AI 2411.01553
cs.AI 2411.01562
cs.AI 2411.01579
cs.AI 2411.01583
cs.AI 2411.01595
cs.AI 2411.01597
cs.AI 2411.01602
cs.AI 2411.01604
cs.AI 2411.01608
cs.AI 2411.01611
cs.AI 2411.01618
cs.AI 2411.01623
cs.AI 2411.01625
cs.AI 2411.01639
cs.AI 2411.01645
cs.AI 2411.01647
cs.AI 2411.01652
cs.AI 2411.01653
cs.AI 2411.01661
cs.AI 2411.01663
cs.AI 2411.01702
cs.AI 2411.01703
cs.AI 2411.01707
cs.AI 2411.01738
cs.AI 2411.01751
cs.AI 2411.01757
cs.AI 2411.01775
cs.AI 2411.01783
cs.AI 2411.01785
cs.AI 2411.01807
cs.AI 2411.01813
cs.AI 2411.01819
cs.AI 2411.01844
cs.AI 2411.01851
cs.AI 2411.01866
cs.AI 2411.01870
cs.AI 2411.01889
cs.AI 2411.01896
cs.AI 2411.01897
cs.AI 2411.01898
cs.AI 2411.01924
cs.AI 2411.01929
cs.AI 2411.01947
cs.AI 2411.01952
cs.AI 2411.01963
cs.AI 2411.01969
cs.AI 2411.01978
cs.AI 2411.01996
cs.AI 2411.02003
cs.AI 2411.02018
cs.AI 2411.02026
cs.AI 2411.02036
cs.AI 2411.02041
cs.AI 2411.02059
cs.AI 2411.02063
cs.AI 2411.02066
cs.AI 2411.02083
cs.AI 2411.02086
cs.AI 2411.02094
cs.AI 2411.02099
cs.AI 2411.02120
cs.AI 2411.02124
cs.AI 2411.02125
cs.AI 2411.02126
cs.AI 2411.02131
cs.AI 2411.02142
cs.AI 2411.02158
cs.AI 2411.02168
cs.AI 2411.02174
cs.AI 2411.02181
cs.AI 2411.02184
cs.AI 2411.02193
cs.AI 2411.02223
cs.AI 2411.02255
cs.AI 2411.02265
cs.AI 2411.02271
cs.AI 2411.02272
cs.AI 2411.02275
cs.AI 2411.02286
cs.AI 2411.02292
cs.AI 2411.02293
cs.AI 2411.02305
cs.AI 2411.02306
cs.AI 2411.02316
cs.AI 2411.02317
cs.AI 2411.02318
cs.AI 2411.02319
cs.AI 2411.02328
cs.AI 2411.02345
cs.AI 2411.02355
cs.AI 2411.02359
cs.AI 2411.02382
cs.AI 2411.02385
cs.AI 2411.02393
cs.AI 2411.02398
cs.AI 2411.00782
cs.AI 2411.00848
cs.AI 2411.01029
cs.AI 2411.01111
cs.AI 2411.01114
cs.AI 2411.01173
cs.AI 2411.01184
cs.AI 2411.01272
cs.AI 2411.01292
cs.AI 2411.01442
cs.AI 2411.01521
cs.AI 2411.01574
cs.AI 2411.01612
cs.AI 2411.01643
cs.AI 2411.01790
cs.AI 2411.01796
cs.AI 2411.02006
cs.AI 2411.02035
cs.AI 2411.02309
cs.AI 2411.02348
cs.AI 2411.02381
cs.AI 2411.02136
cs.AI 2411.02400
cs.AI 2411.02403
cs.AI 2411.02404
cs.AI 2411.02408
cs.AI 2411.02419
cs.AI 2411.02423
cs.AI 2411.02426
cs.AI 2411.02428
cs.AI 2411.02429
cs.AI 2411.02430
cs.AI 2411.02432
cs.AI 2411.02433
cs.AI 2411.02437
cs.AI 2411.02438
cs.AI 2411.02442
cs.AI 2411.02446
cs.AI 2411.02448
cs.AI 2411.02454
cs.AI 2411.02455
cs.AI 2411.02457
cs.AI 2411.02460
cs.AI 2411.02461
cs.AI 2411.02462
cs.AI 2411.02464
cs.AI 2411.02465
cs.AI 2411.02466
cs.AI 2411.02470
cs.AI 2411.02471
cs.AI 2411.02476
cs.AI 2411.02477
cs.AI 2411.02479
cs.AI 2411.02481
cs.AI 2411.02523
cs.AI 2411.02525
cs.AI 2411.02530
cs.AI 2411.02536
cs.AI 2411.02537
cs.AI 2411.02540
cs.AI 2411.02551
cs.AI 2411.02569
cs.AI 2411.02571
cs.AI 2411.02572
cs.AI 2411.02580
cs.AI 2411.02592
cs.AI 2411.02594
cs.AI 2411.02599
cs.AI 2411.02603
cs.AI 2411.02604
cs.AI 2411.02610
cs.AI 2411.02611
cs.AI 2411.02622
cs.AI 2411.02624
cs.AI 2411.02625
cs.AI 2411.02631
cs.AI 2411.02632
cs.AI 2411.02639
cs.AI 2411.02643
cs.AI 2411.02649
cs.AI 2411.02664
cs.AI 2411.02666
cs.AI 2411.02671
cs.AI 2411.02674
cs.AI 2411.02684
cs.AI 2411.02692
cs.AI 2411.02695
cs.AI 2411.02704
cs.AI 2411.02708
cs.AI 2411.02712
cs.AI 2411.02714
cs.AI 2411.02722
cs.AI 2411.02746
cs.AI 2411.02762
cs.AI 2411.02785
cs.AI 2411.02788
cs.AI 2411.02791
cs.AI 2411.02795
cs.AI 2411.02796
cs.AI 2411.02797
cs.AI 2411.02817
cs.AI 2411.02820
cs.AI 2411.02830
cs.AI 2411.02832
cs.AI 2411.02844
cs.AI 2411.02847
cs.AI 2411.02850
cs.AI 2411.02851
cs.AI 2411.02864
cs.AI 2411.02867
cs.AI 2411.02886
cs.AI 2411.02902
cs.AI 2411.02920
cs.AI 2411.02930
cs.AI 2411.02939
cs.AI 2411.02941
cs.AI 2411.02964
cs.AI 2411.02973
cs.AI 2411.02974
cs.AI 2411.02988
cs.AI 2411.02995
cs.AI 2411.03004
cs.AI 2411.03007
cs.AI 2411.03008
cs.AI 2411.03012
cs.AI 2411.03022
cs.AI 2411.03025
cs.AI 2411.03053
cs.AI 2411.03055
cs.AI 2411.03059
cs.AI 2411.03082
cs.AI 2411.03086
cs.AI 2411.03098
cs.AI 2411.03131
cs.AI 2411.03171
cs.AI 2411.03177
cs.AI 2411.03223
cs.AI 2411.03231
cs.AI 2411.03237
cs.AI 2411.03250
cs.AI 2411.03253
cs.AI 2411.03287
cs.AI 2411.03292
cs.AI 2411.03294
cs.AI 2411.03300
cs.AI 2411.03312
cs.AI 2411.02468
cs.AI 2411.02478
cs.AI 2411.02584
cs.AI 2411.02623
cs.AI 2411.02685
cs.AI 2411.02914
cs.AI 2411.02983
cs.AI 2411.02998
cs.AI 2411.03027
cs.AI 2411.03034
cs.AI 2411.03105
cs.AI 2411.03205
cs.AI 2411.03225
cs.AI 2411.03252
cs.AI 2411.03275
cs.AI 2411.03284
cs.AI 2404.19654
cs.AI 2411.03320
cs.AI 2411.03334
cs.AI 2411.03336
cs.AI 2411.03343
cs.AI 2411.03348
cs.AI 2411.03350
cs.AI 2411.03351
cs.AI 2411.03355
cs.AI 2411.03356
cs.AI 2411.03359
cs.AI 2411.03365
cs.AI 2411.03376
cs.AI 2411.03389
cs.AI 2411.03409
cs.AI 2411.03445
cs.AI 2411.03495
cs.AI 2411.03513
cs.AI 2411.03519
cs.AI 2411.03522
cs.AI 2411.03524
cs.AI 2411.03531
cs.AI 2411.03537
cs.AI 2411.03542
cs.AI 2411.03562
cs.AI 2411.03569
cs.AI 2411.03576
cs.AI 2411.03588
cs.AI 2411.03618
cs.AI 2411.03628
cs.AI 2411.03638
cs.AI 2411.03644
cs.AI 2411.03656
cs.AI 2411.03665
cs.AI 2411.03670
cs.AI 2411.03672
cs.AI 2411.03675
cs.AI 2411.03687
cs.AI 2411.03707
cs.AI 2411.03709
cs.AI 2411.03726
cs.AI 2411.03729
cs.AI 2411.03742
cs.AI 2411.03746
cs.AI 2411.03755
cs.AI 2411.03758
cs.AI 2411.03766
cs.AI 2411.03769
cs.AI 2411.03795
cs.AI 2411.03799
cs.AI 2411.03807
cs.AI 2411.03823
cs.AI 2411.03845
cs.AI 2411.03847
cs.AI 2411.03855
cs.AI 2411.03859
cs.AI 2411.03862
cs.AI 2411.03865
cs.AI 2411.03866
cs.AI 2411.03883
cs.AI 2411.03884
cs.AI 2411.03885
cs.AI 2411.03934
cs.AI 2411.03941
cs.AI 2411.03945
cs.AI 2411.03948
cs.AI 2411.03957
cs.AI 2411.03959
cs.AI 2411.03964
cs.AI 2411.03996
cs.AI 2411.03999
cs.AI 2411.04006
cs.AI 2411.04008
cs.AI 2411.04011
cs.AI 2411.04034
cs.AI 2411.04075
cs.AI 2411.04090
cs.AI 2411.04097
cs.AI 2411.04105
cs.AI 2411.04109
cs.AI 2411.04112
cs.AI 2411.04118
cs.AI 2411.03321
cs.AI 2411.03349
cs.AI 2411.03455
cs.AI 2411.03486
cs.AI 2411.03622
cs.AI 2411.03630
cs.AI 2411.03651
cs.AI 2411.03743
cs.AI 2411.03782
cs.AI 2411.03814
cs.AI 2411.03817
cs.AI 2411.03820
cs.AI 2411.03887
cs.AI 2411.03906
cs.AI 2411.03551
cs.AI 2411.04129
cs.AI 2411.04137
cs.AI 2411.04138
cs.AI 2411.04139
cs.AI 2411.04151
cs.AI 2411.04156
cs.AI 2411.04159
cs.AI 2411.04165
cs.AI 2411.04168
cs.AI 2411.04217
cs.AI 2411.04219
cs.AI 2411.04224
cs.AI 2411.04246
cs.AI 2411.04263
cs.AI 2411.04265
cs.AI 2411.04278
cs.AI 2411.04280
cs.AI 2411.04281
cs.AI 2411.04285
cs.AI 2411.04308
cs.AI 2411.04316
cs.AI 2411.04324
cs.AI 2411.04337
cs.AI 2411.04356
cs.AI 2411.04371
cs.AI 2411.04372
cs.AI 2411.04397
cs.AI 2411.04403
cs.AI 2411.04421
cs.AI 2411.04424
cs.AI 2411.04434
cs.AI 2411.04466
cs.AI 2411.04491
cs.AI 2411.04509
cs.AI 2411.04517
cs.AI 2411.04525
cs.AI 2411.04535
cs.AI 2411.04549
cs.AI 2411.04562
cs.AI 2411.04564
cs.AI 2411.04569
cs.AI 2411.04573
cs.AI 2411.04586
cs.AI 2411.04588
cs.AI 2411.04594
cs.AI 2411.04642
cs.AI 2411.04644
cs.AI 2411.04669
cs.AI 2411.04671
cs.AI 2411.04691
cs.AI 2411.04692
cs.AI 2411.04693
cs.AI 2411.04696
cs.AI 2411.04710
cs.AI 2411.04723
cs.AI 2411.04747
cs.AI 2411.04772
cs.AI 2411.04794
cs.AI 2411.04796
cs.AI 2411.04799
cs.AI 2411.04811
cs.AI 2411.04826
cs.AI 2411.04838
cs.AI 2411.04859
cs.AI 2411.04865
cs.AI 2411.04915
cs.AI 2411.04920
cs.AI 2411.04925
cs.AI 2411.04928
cs.AI 2411.04946
cs.AI 2411.04952
cs.AI 2411.04956
cs.AI 2411.04975
cs.AI 2411.04981
cs.AI 2411.04983
cs.AI 2411.04990
cs.AI 2411.04994
cs.AI 2411.04998
cs.AI 2411.05001
cs.AI 2411.05003
cs.AI 2411.04126
cs.AI 2411.04127
cs.AI 2411.04133
cs.AI 2411.04282
cs.AI 2411.04293
cs.AI 2411.04383
cs.AI 2411.04393
cs.AI 2411.04462
cs.AI 2411.04468
cs.AI 2411.04547
cs.AI 2411.04555
cs.AI 2411.04578
cs.AI 2411.04580
cs.AI 2411.04649
cs.AI 2411.04679
cs.AI 2411.04685
cs.AI 2411.04784
cs.AI 2411.04788
cs.AI 2411.04832
cs.AI 2411.04867
cs.AI 2411.04872
cs.AI 2411.04890
cs.AI 2411.04962
cs.AI 2411.04987
cs.AI 2411.04991
cs.DC 2411.00578
cs.DC 2411.00745
cs.DC 2411.00284
cs.DC 2411.00558
cs.DC 2411.00643
cs.DC 2411.00761
cs.DC 2411.00859
cs.DC 2411.01040
cs.DC 2411.01076
cs.DC 2411.01240
cs.DC 2411.01433
cs.DC 2411.01458
cs.DC 2411.01490
cs.DC 2411.01548
cs.DC 2411.01583
cs.DC 2411.01592
cs.DC 2411.01636
cs.DC 2411.01689
cs.DC 2411.01825
cs.DC 2411.02003
cs.DC 2411.02086
cs.DC 2411.02115
cs.DC 2411.02268
cs.DC 2411.02322
cs.DC 2411.02333
cs.DC 2411.00815
cs.DC 2411.00877
cs.DC 2411.00907
cs.DC 2411.01075
cs.DC 2411.01090
cs.DC 2411.01129
cs.DC 2411.01137
cs.DC 2411.01142
cs.DC 2411.01288
cs.DC 2411.01438
cs.DC 2411.01460
cs.DC 2411.01515
cs.DC 2411.01579
cs.DC 2411.01611
cs.DC 2411.01738
cs.DC 2411.01783
cs.DC 2411.01791
cs.DC 2411.01830
cs.DC 2411.02597
cs.DC 2411.03231
cs.DC 2411.02505
cs.DC 2411.02560
cs.DC 2411.02581
cs.DC 2411.02829
cs.DC 2411.02868
cs.DC 2411.02945
cs.DC 2411.03240
cs.DC 2411.03344
cs.DC 2411.03357
cs.DC 2411.03398
cs.DC 2411.03643
cs.DC 2411.03742
cs.DC 2411.03832
cs.DC 2411.04112
cs.DC 2411.03376
cs.DC 2411.03519
cs.DC 2411.03533
cs.DC 2411.03645
cs.DC 2411.03892
cs.DC 2411.03902
cs.DC 2411.03999
cs.DC 2411.04159
cs.DC 2411.04975
cs.DC 2411.04271
cs.DC 2411.04318
cs.DC 2411.04538
cs.DC 2411.04561
cs.DC 2411.04593
cs.DC 2411.04686
cs.HC 2411.00007
cs.HC 2411.00448
cs.HC 2411.00547
cs.HC 2411.00634
cs.HC 2411.00731
cs.HC 2411.00168
cs.HC 2411.00283
cs.HC 2411.00295
cs.HC 2411.00351
cs.HC 2411.00381
cs.HC 2411.00419
cs.HC 2411.00510
cs.HC 2411.00699
cs.HC 2411.00822
cs.HC 2411.00927
cs.HC 2411.00980
cs.HC 2411.01057
cs.HC 2411.01200
cs.HC 2411.01272
cs.HC 2411.01704
cs.HC 2411.01796
cs.HC 2411.01866
cs.HC 2411.02095
cs.HC 2411.02116
cs.HC 2411.02179
cs.HC 2411.02348
cs.HC 2411.00783
cs.HC 2411.00820
cs.HC 2411.00949
cs.HC 2411.00998
cs.HC 2411.01007
cs.HC 2411.01049
cs.HC 2411.01228
cs.HC 2411.01344
cs.HC 2411.01426
cs.HC 2411.01675
cs.HC 2411.01815
cs.HC 2411.01844
cs.HC 2411.01882
cs.HC 2411.01895
cs.HC 2411.02067
cs.HC 2411.02088
cs.HC 2411.02090
cs.HC 2411.02094
cs.HC 2411.02102
cs.HC 2411.02118
cs.HC 2411.02227
cs.HC 2411.02263
cs.HC 2411.02332
cs.HC 2411.02353
cs.HC 2411.02478
cs.HC 2411.02599
cs.HC 2411.02611
cs.HC 2411.02714
cs.HC 2411.02812
cs.HC 2411.02850
cs.HC 2411.02851
cs.HC 2411.03287
cs.HC 2411.03292
cs.HC 2411.02405
cs.HC 2411.02408
cs.HC 2411.02423
cs.HC 2411.02576
cs.HC 2411.02594
cs.HC 2411.02600
cs.HC 2411.02601
cs.HC 2411.02607
cs.HC 2411.02650
cs.HC 2411.02662
cs.HC 2411.02684
cs.HC 2411.02725
cs.HC 2411.02789
cs.HC 2411.02831
cs.HC 2411.03108
cs.HC 2411.03137
cs.HC 2411.03213
cs.HC 2411.03243
cs.HC 2411.03295
cs.HC 2411.03397
cs.HC 2411.03417
cs.HC 2411.03654
cs.HC 2411.03656
cs.HC 2411.03740
cs.HC 2411.03817
cs.HC 2411.04037
cs.HC 2411.04090
cs.HC 2411.03395
cs.HC 2411.03477
cs.HC 2411.03575
cs.HC 2411.03708
cs.HC 2411.03709
cs.HC 2411.03827
cs.HC 2411.03885
cs.HC 2411.04273
cs.HC 2411.04578
cs.HC 2411.04890
cs.HC 2411.04994
cs.HC 2411.04263
cs.HC 2411.04340
cs.HC 2411.04489
cs.HC 2411.04499
cs.HC 2411.04508
cs.HC 2411.04524
cs.HC 2411.04529
cs.HC 2411.04542
cs.HC 2411.04568
cs.HC 2411.04576
cs.HC 2411.04671
cs.HC 2411.04691
cs.HC 2411.04798
cs.CV 2411.00029
cs.CV 2411.00132
cs.CV 2411.00222
cs.CV 2411.00238
cs.CV 2411.00254
cs.CV 2411.00257
cs.CV 2411.00264
cs.CV 2411.00288
cs.CV 2411.00322
cs.CV 2411.00326
cs.CV 2411.00356
cs.CV 2411.00360
cs.CV 2411.00393
cs.CV 2411.00430
cs.CV 2411.00527
cs.CV 2411.00594
cs.CV 2411.00605
cs.CV 2411.00609
cs.CV 2411.00617
cs.CV 2411.00688
cs.CV 2411.00726
cs.CV 2411.00749
cs.CV 2411.00078
cs.CV 2411.00128
cs.CV 2411.00144
cs.CV 2411.00151
cs.CV 2411.00158
cs.CV 2411.00164
cs.CV 2411.00169
cs.CV 2411.00172
cs.CV 2411.00174
cs.CV 2411.00178
cs.CV 2411.00192
cs.CV 2411.00196
cs.CV 2411.00201
cs.CV 2411.00209
cs.CV 2411.00210
cs.CV 2411.00225
cs.CV 2411.00239
cs.CV 2411.00246
cs.CV 2411.00252
cs.CV 2411.00274
cs.CV 2411.00281
cs.CV 2411.00299
cs.CV 2411.00304
cs.CV 2411.00330
cs.CV 2411.00335
cs.CV 2411.00340
cs.CV 2411.00355
cs.CV 2411.00394
cs.CV 2411.00399
cs.CV 2411.00402
cs.CV 2411.00425
cs.CV 2411.00432
cs.CV 2411.00448
cs.CV 2411.00462
cs.CV 2411.00472
cs.CV 2411.00485
cs.CV 2411.00499
cs.CV 2411.00543
cs.CV 2411.00548
cs.CV 2411.00552
cs.CV 2411.00553
cs.CV 2411.00560
cs.CV 2411.00561
cs.CV 2411.00576
cs.CV 2411.00578
cs.CV 2411.00600
cs.CV 2411.00608
cs.CV 2411.00623
cs.CV 2411.00626
cs.CV 2411.00627
cs.CV 2411.00630
cs.CV 2411.00632
cs.CV 2411.00639
cs.CV 2411.00652
cs.CV 2411.00683
cs.CV 2411.00705
cs.CV 2411.00711
cs.CV 2411.00715
cs.CV 2411.00729
cs.CV 2411.00762
cs.CV 2411.00769
cs.CV 2411.00771
cs.CV 2411.00776
cs.CV 2411.00802
cs.CV 2411.00813
cs.CV 2411.00830
cs.CV 2411.00832
cs.CV 2411.00839
cs.CV 2411.00855
cs.CV 2411.00860
cs.CV 2411.00869
cs.CV 2411.00875
cs.CV 2411.00888
cs.CV 2411.00891
cs.CV 2411.00893
cs.CV 2411.00894
cs.CV 2411.00900
cs.CV 2411.00911
cs.CV 2411.00919
cs.CV 2411.00922
cs.CV 2411.00948
cs.CV 2411.00956
cs.CV 2411.01001
cs.CV 2411.01019
cs.CV 2411.01034
cs.CV 2411.01053
cs.CV 2411.01144
cs.CV 2411.01163
cs.CV 2411.01173
cs.CV 2411.01200
cs.CV 2411.01227
cs.CV 2411.01251
cs.CV 2411.01291
cs.CV 2411.01403
cs.CV 2411.01409
cs.CV 2411.01453
cs.CV 2411.01487
cs.CV 2411.01547
cs.CV 2411.01575
cs.CV 2411.01579
cs.CV 2411.01608
cs.CV 2411.01611
cs.CV 2411.01639
cs.CV 2411.01669
cs.CV 2411.01713
cs.CV 2411.01742
cs.CV 2411.01758
cs.CV 2411.01833
cs.CV 2411.01859
cs.CV 2411.01896
cs.CV 2411.01904
cs.CV 2411.01919
cs.CV 2411.01955
cs.CV 2411.02038
cs.CV 2411.02068
cs.CV 2411.02095
cs.CV 2411.02116
cs.CV 2411.02175
cs.CV 2411.02184
cs.CV 2411.02281
cs.CV 2411.02334
cs.CV 2411.02347
cs.CV 2411.00818
cs.CV 2411.00822
cs.CV 2411.00824
cs.CV 2411.00826
cs.CV 2411.00827
cs.CV 2411.00828
cs.CV 2411.00831
cs.CV 2411.00833
cs.CV 2411.00836
cs.CV 2411.00837
cs.CV 2411.00838
cs.CV 2411.00842
cs.CV 2411.00857
cs.CV 2411.00862
cs.CV 2411.00866
cs.CV 2411.00868
cs.CV 2411.00881
cs.CV 2411.00882
cs.CV 2411.00883
cs.CV 2411.00898
cs.CV 2411.00915
cs.CV 2411.00916
cs.CV 2411.00960
cs.CV 2411.00967
cs.CV 2411.00984
cs.CV 2411.00988
cs.CV 2411.00991
cs.CV 2411.00997
cs.CV 2411.01025
cs.CV 2411.01048
cs.CV 2411.01099
cs.CV 2411.01106
cs.CV 2411.01116
cs.CV 2411.01119
cs.CV 2411.01122
cs.CV 2411.01123
cs.CV 2411.01139
cs.CV 2411.01153
cs.CV 2411.01171
cs.CV 2411.01172
cs.CV 2411.01179
cs.CV 2411.01208
cs.CV 2411.01212
cs.CV 2411.01218
cs.CV 2411.01225
cs.CV 2411.01226
cs.CV 2411.01263
cs.CV 2411.01293
cs.CV 2411.01327
cs.CV 2411.01348
cs.CV 2411.01351
cs.CV 2411.01373
cs.CV 2411.01390
cs.CV 2411.01399
cs.CV 2411.01408
cs.CV 2411.01411
cs.CV 2411.01432
cs.CV 2411.01443
cs.CV 2411.01445
cs.CV 2411.01455
cs.CV 2411.01465
cs.CV 2411.01469
cs.CV 2411.01472
cs.CV 2411.01473
cs.CV 2411.01479
cs.CV 2411.01492
cs.CV 2411.01494
cs.CV 2411.01499
cs.CV 2411.01505
cs.CV 2411.01508
cs.CV 2411.01512
cs.CV 2411.01542
cs.CV 2411.01545
cs.CV 2411.01564
cs.CV 2411.01573
cs.CV 2411.01584
cs.CV 2411.01593
cs.CV 2411.01595
cs.CV 2411.01597
cs.CV 2411.01602
cs.CV 2411.01613
cs.CV 2411.01618
cs.CV 2411.01624
cs.CV 2411.01647
cs.CV 2411.01652
cs.CV 2411.01656
cs.CV 2411.01683
cs.CV 2411.01725
cs.CV 2411.01734
cs.CV 2411.01739
cs.CV 2411.01748
cs.CV 2411.01749
cs.CV 2411.01756
cs.CV 2411.01759
cs.CV 2411.01769
cs.CV 2411.01777
cs.CV 2411.01781
cs.CV 2411.01788
cs.CV 2411.01797
cs.CV 2411.01800
cs.CV 2411.01801
cs.CV 2411.01819
cs.CV 2411.01822
cs.CV 2411.01846
cs.CV 2411.01851
cs.CV 2411.01853
cs.CV 2411.01870
cs.CV 2411.01889
cs.CV 2411.01893
cs.CV 2411.01916
cs.CV 2411.01925
cs.CV 2411.01948
cs.CV 2411.01962
cs.CV 2411.01966
cs.CV 2411.01969
cs.CV 2411.01975
cs.CV 2411.01981
cs.CV 2411.01988
cs.CV 2411.02009
cs.CV 2411.02057
cs.CV 2411.02065
cs.CV 2411.02074
cs.CV 2411.02099
cs.CV 2411.02104
cs.CV 2411.02112
cs.CV 2411.02136
cs.CV 2411.02149
cs.CV 2411.02179
cs.CV 2411.02181
cs.CV 2411.02188
cs.CV 2411.02210
cs.CV 2411.02220
cs.CV 2411.02229
cs.CV 2411.02236
cs.CV 2411.02256
cs.CV 2411.02293
cs.CV 2411.02299
cs.CV 2411.02319
cs.CV 2411.02327
cs.CV 2411.02336
cs.CV 2411.02354
cs.CV 2411.02372
cs.CV 2411.02385
cs.CV 2411.02393
cs.CV 2411.02394
cs.CV 2411.02395
cs.CV 2411.02397
cs.CV 2411.02430
cs.CV 2411.02449
cs.CV 2411.02482
cs.CV 2411.02524
cs.CV 2411.02534
cs.CV 2411.02547
cs.CV 2411.02571
cs.CV 2411.02572
cs.CV 2411.02604
cs.CV 2411.02614
cs.CV 2411.02619
cs.CV 2411.02627
cs.CV 2411.02637
cs.CV 2411.02639
cs.CV 2411.02704
cs.CV 2411.02724
cs.CV 2411.02745
cs.CV 2411.02773
cs.CV 2411.02793
cs.CV 2411.02796
cs.CV 2411.02815
cs.CV 2411.02817
cs.CV 2411.02855
cs.CV 2411.02867
cs.CV 2411.02871
cs.CV 2411.02888
cs.CV 2411.02951
cs.CV 2411.02992
cs.CV 2411.03019
cs.CV 2411.03055
cs.CV 2411.03064
cs.CV 2411.03114
cs.CV 2411.03129
cs.CV 2411.03223
cs.CV 2411.03225
cs.CV 2411.02428
cs.CV 2411.02437
cs.CV 2411.02438
cs.CV 2411.02441
cs.CV 2411.02445
cs.CV 2411.02452
cs.CV 2411.02456
cs.CV 2411.02470
cs.CV 2411.02477
cs.CV 2411.02537
cs.CV 2411.02545
cs.CV 2411.02553
cs.CV 2411.02562
cs.CV 2411.02564
cs.CV 2411.02570
cs.CV 2411.02582
cs.CV 2411.02588
cs.CV 2411.02592
cs.CV 2411.02624
cs.CV 2411.02632
cs.CV 2411.02635
cs.CV 2411.02669
cs.CV 2411.02673
cs.CV 2411.02697
cs.CV 2411.02710
cs.CV 2411.02712
cs.CV 2411.02715
cs.CV 2411.02733
cs.CV 2411.02747
cs.CV 2411.02753
cs.CV 2411.02762
cs.CV 2411.02768
cs.CV 2411.02779
cs.CV 2411.02794
cs.CV 2411.02799
cs.CV 2411.02816
cs.CV 2411.02818
cs.CV 2411.02833
cs.CV 2411.02840
cs.CV 2411.02843
cs.CV 2411.02844
cs.CV 2411.02858
cs.CV 2411.02860
cs.CV 2411.02861
cs.CV 2411.02889
cs.CV 2411.02890
cs.CV 2411.02902
cs.CV 2411.02920
cs.CV 2411.02935
cs.CV 2411.02969
cs.CV 2411.02972
cs.CV 2411.02974
cs.CV 2411.02979
cs.CV 2411.02997
cs.CV 2411.02999
cs.CV 2411.03013
cs.CV 2411.03033
cs.CV 2411.03041
cs.CV 2411.03044
cs.CV 2411.03047
cs.CV 2411.03053
cs.CV 2411.03082
cs.CV 2411.03086
cs.CV 2411.03098
cs.CV 2411.03169
cs.CV 2411.03177
cs.CV 2411.03226
cs.CV 2411.03228
cs.CV 2411.03239
cs.CV 2411.03260
cs.CV 2411.03286
cs.CV 2411.03312
cs.CV 2411.03313
cs.CV 2411.03314
cs.CV 2411.03341
cs.CV 2411.03348
cs.CV 2411.03445
cs.CV 2411.03456
cs.CV 2411.03464
cs.CV 2411.03551
cs.CV 2411.03568
cs.CV 2411.03569
cs.CV 2411.03610
cs.CV 2411.03615
cs.CV 2411.03618
cs.CV 2411.03723
cs.CV 2411.03730
cs.CV 2411.03752
cs.CV 2411.03758
cs.CV 2411.03855
cs.CV 2411.03990
cs.CV 2411.04004
cs.CV 2411.04055
cs.CV 2411.04112
cs.CV 2411.03340
cs.CV 2411.03359
cs.CV 2411.03403
cs.CV 2411.03405
cs.CV 2411.03475
cs.CV 2411.03480
cs.CV 2411.03491
cs.CV 2411.03505
cs.CV 2411.03511
cs.CV 2411.03531
cs.CV 2411.03554
cs.CV 2411.03555
cs.CV 2411.03561
cs.CV 2411.03576
cs.CV 2411.03628
cs.CV 2411.03637
cs.CV 2411.03638
cs.CV 2411.03670
cs.CV 2411.03672
cs.CV 2411.03688
cs.CV 2411.03695
cs.CV 2411.03696
cs.CV 2411.03702
cs.CV 2411.03706
cs.CV 2411.03707
cs.CV 2411.03714
cs.CV 2411.03717
cs.CV 2411.03724
cs.CV 2411.03725
cs.CV 2411.03728
cs.CV 2411.03729
cs.CV 2411.03745
cs.CV 2411.03794
cs.CV 2411.03795
cs.CV 2411.03807
cs.CV 2411.03819
cs.CV 2411.03823
cs.CV 2411.03829
cs.CV 2411.03831
cs.CV 2411.03835
cs.CV 2411.03861
cs.CV 2411.03862
cs.CV 2411.03924
cs.CV 2411.03926
cs.CV 2411.03959
cs.CV 2411.03960
cs.CV 2411.03976
cs.CV 2411.03982
cs.CV 2411.03993
cs.CV 2411.04008
cs.CV 2411.04059
cs.CV 2411.04077
cs.CV 2411.04079
cs.CV 2411.04097
cs.CV 2411.04125
cs.CV 2411.04153
cs.CV 2411.04155
cs.CV 2411.04263
cs.CV 2411.04291
cs.CV 2411.04404
cs.CV 2411.04456
cs.CV 2411.04517
cs.CV 2411.04594
cs.CV 2411.04595
cs.CV 2411.04679
cs.CV 2411.04717
cs.CV 2411.04723
cs.CV 2411.04732
cs.CV 2411.04782
cs.CV 2411.04796
cs.CV 2411.04844
cs.CV 2411.04919
cs.CV 2411.04151
cs.CV 2411.04168
cs.CV 2411.04224
cs.CV 2411.04227
cs.CV 2411.04249
cs.CV 2411.04255
cs.CV 2411.04269
cs.CV 2411.04332
cs.CV 2411.04335
cs.CV 2411.04348
cs.CV 2411.04351
cs.CV 2411.04357
cs.CV 2411.04399
cs.CV 2411.04406
cs.CV 2411.04420
cs.CV 2411.04457
cs.CV 2411.04469
cs.CV 2411.04475
cs.CV 2411.04480
cs.CV 2411.04493
cs.CV 2411.04501
cs.CV 2411.04509
cs.CV 2411.04519
cs.CV 2411.04533
cs.CV 2411.04571
cs.CV 2411.04584
cs.CV 2411.04586
cs.CV 2411.04596
cs.CV 2411.04598
cs.CV 2411.04607
cs.CV 2411.04610
cs.CV 2411.04612
cs.CV 2411.04620
cs.CV 2411.04630
cs.CV 2411.04632
cs.CV 2411.04642
cs.CV 2411.04646
cs.CV 2411.04656
cs.CV 2411.04659
cs.CV 2411.04663
cs.CV 2411.04682
cs.CV 2411.04692
cs.CV 2411.04693
cs.CV 2411.04697
cs.CV 2411.04706
cs.CV 2411.04707
cs.CV 2411.04709
cs.CV 2411.04711
cs.CV 2411.04712
cs.CV 2411.04713
cs.CV 2411.04714
cs.CV 2411.04715
cs.CV 2411.04724
cs.CV 2411.04746
cs.CV 2411.04810
cs.CV 2411.04821
cs.CV 2411.04826
cs.CV 2411.04859
cs.CV 2411.04865
cs.CV 2411.04873
cs.CV 2411.04892
cs.CV 2411.04912
cs.CV 2411.04923
cs.CV 2411.04924
cs.CV 2411.04925
cs.CV 2411.04928
cs.CV 2411.04933
cs.CV 2411.04942
cs.CV 2411.04952
cs.CV 2411.04954
cs.CV 2411.04956
cs.CV 2411.04963
cs.CV 2411.04967
cs.CV 2411.04984
cs.CV 2411.04989
cs.CV 2411.04995
cs.CV 2411.04997
cs.CV 2411.04998
cs.CV 2411.05001
cs.CV 2411.05003
cs.CV 2411.05005
cs.CV 2411.05006
cs.CV 2411.05007
cs.IR 2411.00041
cs.IR 2411.00137
cs.IR 2411.00163
cs.IR 2411.00188
cs.IR 2411.00262
cs.IR 2411.00275
cs.IR 2411.00451
cs.IR 2411.00469
cs.IR 2411.00702
cs.IR 2411.00744
cs.IR 2411.00331
cs.IR 2411.00341
cs.IR 2411.00395
cs.IR 2411.00556
cs.IR 2411.00676
cs.IR 2411.00677
cs.IR 2411.00788
cs.IR 2411.01135
cs.IR 2411.01376
cs.IR 2411.01561
cs.IR 2411.01611
cs.IR 2411.00780
cs.IR 2411.00784
cs.IR 2411.00786
cs.IR 2411.01039
cs.IR 2411.01178
cs.IR 2411.01182
cs.IR 2411.01304
cs.IR 2411.01354
cs.IR 2411.01368
cs.IR 2411.01457
cs.IR 2411.01537
cs.IR 2411.01540
cs.IR 2411.01690
cs.IR 2411.01785
cs.IR 2411.01843
cs.IR 2411.02041
cs.IR 2411.02284
cs.IR 2411.02537
cs.IR 2411.02571
cs.IR 2411.02607
cs.IR 2411.02791
cs.IR 2411.02810
cs.IR 2411.02831
cs.IR 2411.02850
cs.IR 2411.02851
cs.IR 2411.02864
cs.IR 2411.02400
cs.IR 2411.02404
cs.IR 2411.02692
cs.IR 2411.02695
cs.IR 2411.02790
cs.IR 2411.02959
cs.IR 2411.02992
cs.IR 2411.03143
cs.IR 2411.03364
cs.IR 2411.03484
cs.IR 2411.03624
cs.IR 2411.03906
cs.IR 2411.03572
cs.IR 2411.03701
cs.IR 2411.03881
cs.IR 2411.03957
cs.IR 2411.04051
cs.IR 2411.04228
cs.IR 2411.04366
cs.IR 2411.04798
cs.IR 2411.04129
cs.IR 2411.04403
cs.IR 2411.04539
cs.IR 2411.04602
cs.IR 2411.04677
cs.MA 2411.00114
cs.MA 2411.00382
cs.MA 2411.00741
cs.MA 2411.00119
cs.MA 2411.00563
cs.MA 2411.00570
cs.MA 2411.00728
cs.MA 2411.01217
cs.MA 2411.01271
cs.MA 2411.01442
cs.MA 2411.01455
cs.MA 2411.01608
cs.MA 2411.01794
cs.MA 2411.02230
cs.MA 2411.00887
cs.MA 2411.01166
cs.MA 2411.01511
cs.MA 2411.01553
cs.MA 2411.02524
cs.MA 2411.02584
cs.MA 2411.02820
cs.MA 2411.03519
cs.MA 2411.04073
cs.MA 2411.03603
cs.MA 2411.03865
cs.MA 2411.04468
cs.MA 2411.04672
cs.MA 2411.04678
cs.MA 2411.04679
cs.MA 2411.04925
cs.CL 2410.24022
cs.CL 2411.00023
cs.CL 2411.00177
cs.CL 2411.00205
cs.CL 2411.00412
cs.CL 2411.00640
cs.CL 2411.00664
cs.CL 2411.00683
cs.CL 2411.00743
cs.CL 2411.00744
cs.CL 2411.00774
cs.CL 2411.00024
cs.CL 2411.00027
cs.CL 2411.00028
cs.CL 2411.00029
cs.CL 2411.00030
cs.CL 2411.00034
cs.CL 2411.00038
cs.CL 2411.00039
cs.CL 2411.00041
cs.CL 2411.00042
cs.CL 2411.00044
cs.CL 2411.00045
cs.CL 2411.00046
cs.CL 2411.00049
cs.CL 2411.00052
cs.CL 2411.00053
cs.CL 2411.00056
cs.CL 2411.00062
cs.CL 2411.00066
cs.CL 2411.00073
cs.CL 2411.00142
cs.CL 2411.00150
cs.CL 2411.00154
cs.CL 2411.00173
cs.CL 2411.00204
cs.CL 2411.00248
cs.CL 2411.00294
cs.CL 2411.00300
cs.CL 2411.00324
cs.CL 2411.00369
cs.CL 2411.00387
cs.CL 2411.00390
cs.CL 2411.00411
cs.CL 2411.00418
cs.CL 2411.00427
cs.CL 2411.00437
cs.CL 2411.00491
cs.CL 2411.00492
cs.CL 2411.00533
cs.CL 2411.00593
cs.CL 2411.00604
cs.CL 2411.00646
cs.CL 2411.00680
cs.CL 2411.00686
cs.CL 2411.00689
cs.CL 2411.00691
cs.CL 2411.00702
cs.CL 2411.00727
cs.CL 2411.00737
cs.CL 2411.00750
cs.CL 2411.00781
cs.CL 2411.00784
cs.CL 2411.00788
cs.CL 2411.00809
cs.CL 2411.00813
cs.CL 2411.00820
cs.CL 2411.00823
cs.CL 2411.00836
cs.CL 2411.00841
cs.CL 2411.00843
cs.CL 2411.00850
cs.CL 2411.00853
cs.CL 2411.00855
cs.CL 2411.00865
cs.CL 2411.00929
cs.CL 2411.00997
cs.CL 2411.01035
cs.CL 2411.01039
cs.CL 2411.01045
cs.CL 2411.01053
cs.CL 2411.01114
cs.CL 2411.01354
cs.CL 2411.01409
cs.CL 2411.01477
cs.CL 2411.01493
cs.CL 2411.01511
cs.CL 2411.01612
cs.CL 2411.01636
cs.CL 2411.01643
cs.CL 2411.01653
cs.CL 2411.01663
cs.CL 2411.01705
cs.CL 2411.01713
cs.CL 2411.01841
cs.CL 2411.02118
cs.CL 2411.02193
cs.CL 2411.02209
cs.CL 2411.02272
cs.CL 2411.02335
cs.CL 2411.02344
cs.CL 2411.02348
cs.CL 2411.00816
cs.CL 2411.00860
cs.CL 2411.00863
cs.CL 2411.00878
cs.CL 2411.00890
cs.CL 2411.00897
cs.CL 2411.00918
cs.CL 2411.00927
cs.CL 2411.00964
cs.CL 2411.00980
cs.CL 2411.00985
cs.CL 2411.01022
cs.CL 2411.01030
cs.CL 2411.01076
cs.CL 2411.01077
cs.CL 2411.01084
cs.CL 2411.01093
cs.CL 2411.01101
cs.CL 2411.01136
cs.CL 2411.01141
cs.CL 2411.01176
cs.CL 2411.01192
cs.CL 2411.01195
cs.CL 2411.01205
cs.CL 2411.01213
cs.CL 2411.01222
cs.CL 2411.01245
cs.CL 2411.01259
cs.CL 2411.01264
cs.CL 2411.01280
cs.CL 2411.01281
cs.CL 2411.01307
cs.CL 2411.01343
cs.CL 2411.01369
cs.CL 2411.01474
cs.CL 2411.01483
cs.CL 2411.01485
cs.CL 2411.01523
cs.CL 2411.01531
cs.CL 2411.01533
cs.CL 2411.01539
cs.CL 2411.01562
cs.CL 2411.01610
cs.CL 2411.01703
cs.CL 2411.01706
cs.CL 2411.01710
cs.CL 2411.01747
cs.CL 2411.01751
cs.CL 2411.01765
cs.CL 2411.01834
cs.CL 2411.01839
cs.CL 2411.01855
cs.CL 2411.01996
cs.CL 2411.02018
cs.CL 2411.02036
cs.CL 2411.02063
cs.CL 2411.02083
cs.CL 2411.02116
cs.CL 2411.02117
cs.CL 2411.02223
cs.CL 2411.02265
cs.CL 2411.02280
cs.CL 2411.02305
cs.CL 2411.02310
cs.CL 2411.02316
cs.CL 2411.02337
cs.CL 2411.02382
cs.CL 2411.02391
cs.CL 2411.02398
cs.CL 2411.02400
cs.CL 2411.02404
cs.CL 2411.02408
cs.CL 2411.02530
cs.CL 2411.02537
cs.CL 2411.02545
cs.CL 2411.02558
cs.CL 2411.02594
cs.CL 2411.02599
cs.CL 2411.02695
cs.CL 2411.02704
cs.CL 2411.02708
cs.CL 2411.02790
cs.CL 2411.02851
cs.CL 2411.02902
cs.CL 2411.02948
cs.CL 2411.03250
cs.CL 2411.03314
cs.CL 2411.02429
cs.CL 2411.02430
cs.CL 2411.02432
cs.CL 2411.02433
cs.CL 2411.02435
cs.CL 2411.02442
cs.CL 2411.02448
cs.CL 2411.02451
cs.CL 2411.02454
cs.CL 2411.02455
cs.CL 2411.02457
cs.CL 2411.02460
cs.CL 2411.02461
cs.CL 2411.02476
cs.CL 2411.02481
cs.CL 2411.02523
cs.CL 2411.02528
cs.CL 2411.02536
cs.CL 2411.02538
cs.CL 2411.02556
cs.CL 2411.02571
cs.CL 2411.02580
cs.CL 2411.02587
cs.CL 2411.02589
cs.CL 2411.02591
cs.CL 2411.02603
cs.CL 2411.02610
cs.CL 2411.02617
cs.CL 2411.02631
cs.CL 2411.02643
cs.CL 2411.02657
cs.CL 2411.02674
cs.CL 2411.02688
cs.CL 2411.02714
cs.CL 2411.02722
cs.CL 2411.02730
cs.CL 2411.02738
cs.CL 2411.02791
cs.CL 2411.02793
cs.CL 2411.02795
cs.CL 2411.02830
cs.CL 2411.02832
cs.CL 2411.02864
cs.CL 2411.02886
cs.CL 2411.02887
cs.CL 2411.02930
cs.CL 2411.02937
cs.CL 2411.02939
cs.CL 2411.02943
cs.CL 2411.02973
cs.CL 2411.02989
cs.CL 2411.03012
cs.CL 2411.03039
cs.CL 2411.03042
cs.CL 2411.03300
cs.CL 2411.03307
cs.CL 2411.03321
cs.CL 2411.03340
cs.CL 2411.03343
cs.CL 2411.03349
cs.CL 2411.03395
cs.CL 2411.03445
cs.CL 2411.03471
cs.CL 2411.03486
cs.CL 2411.03493
cs.CL 2411.03538
cs.CL 2411.03814
cs.CL 2411.03817
cs.CL 2411.03906
cs.CL 2411.03934
cs.CL 2411.04105
cs.CL 2411.03350
cs.CL 2411.03397
cs.CL 2411.03417
cs.CL 2411.03495
cs.CL 2411.03497
cs.CL 2411.03513
cs.CL 2411.03524
cs.CL 2411.03542
cs.CL 2411.03550
cs.CL 2411.03568
cs.CL 2411.03590
cs.CL 2411.03644
cs.CL 2411.03665
cs.CL 2411.03675
cs.CL 2411.03700
cs.CL 2411.03766
cs.CL 2411.03769
cs.CL 2411.03805
cs.CL 2411.03806
cs.CL 2411.03811
cs.CL 2411.03855
cs.CL 2411.03866
cs.CL 2411.03883
cs.CL 2411.03884
cs.CL 2411.03888
cs.CL 2411.03895
cs.CL 2411.03920
cs.CL 2411.03923
cs.CL 2411.03962
cs.CL 2411.03964
cs.CL 2411.03966
cs.CL 2411.04025
cs.CL 2411.04032
cs.CL 2411.04075
cs.CL 2411.04090
cs.CL 2411.04093
cs.CL 2411.04109
cs.CL 2411.04118
cs.CL 2411.03823
cs.CL 2411.04141
cs.CL 2411.04142
cs.CL 2411.04143
cs.CL 2411.04156
cs.CL 2411.04158
cs.CL 2411.04282
cs.CL 2411.04330
cs.CL 2411.04358
cs.CL 2411.04421
cs.CL 2411.04539
cs.CL 2411.04602
cs.CL 2411.04649
cs.CL 2411.04788
cs.CL 2411.04952
cs.CL 2411.04962
cs.CL 2411.04997
cs.CL 2411.05001
cs.CL 2411.04223
cs.CL 2411.04291
cs.CL 2411.04298
cs.CL 2411.04308
cs.CL 2411.04316
cs.CL 2411.04328
cs.CL 2411.04329
cs.CL 2411.04368
cs.CL 2411.04424
cs.CL 2411.04425
cs.CL 2411.04427
cs.CL 2411.04443
cs.CL 2411.04448
cs.CL 2411.04473
cs.CL 2411.04496
cs.CL 2411.04530
cs.CL 2411.04535
cs.CL 2411.04557
cs.CL 2411.04573
cs.CL 2411.04585
cs.CL 2411.04588
cs.CL 2411.04604
cs.CL 2411.04637
cs.CL 2411.04699
cs.CL 2411.04752
cs.CL 2411.04756
cs.CL 2411.04794
cs.CL 2411.04799
cs.CL 2411.04813
cs.CL 2411.04822
cs.CL 2411.04825
cs.CL 2411.04847
cs.CL 2411.04862
cs.CL 2411.04905
cs.CL 2411.04914
cs.CL 2411.04920
cs.CL 2411.04950
cs.CL 2411.04965
cs.CL 2411.04975
cs.CL 2411.04986
cs.CL 2411.04996
cs.CL 2411.05000
cs.IT 2303.00986
cs.IT 2406.08887
cs.IT 2410.22746
cs.IT 2411.00319
cs.IT 2411.00522
cs.IT 2411.00721
cs.IT 2411.00344
cs.IT 2411.00373
cs.IT 2411.00374
cs.IT 2411.00790
cs.IT 2411.00893
cs.IT 2411.01244
cs.IT 2411.01579
cs.IT 2411.01974
cs.IT 2411.02148
cs.IT 2411.02150
cs.IT 2411.02225
cs.IT 2411.02366
cs.IT 2411.01028
cs.IT 2411.01388
cs.IT 2411.01407
cs.IT 2411.01446
cs.IT 2411.01504
cs.IT 2411.01766
cs.IT 2411.01776
cs.IT 2411.01821
cs.IT 2411.01878
cs.IT 2411.02004
cs.IT 2411.02008
cs.IT 2411.02061
cs.IT 2411.02108
cs.IT 2411.02334
cs.IT 2411.02417
cs.IT 2411.02425
cs.IT 2411.02707
cs.IT 2411.02817
cs.IT 2411.02827
cs.IT 2411.02904
cs.IT 2411.03265
cs.IT 2411.02700
cs.IT 2411.02720
cs.IT 2411.02899
cs.IT 2411.02900
cs.IT 2411.03054
cs.IT 2411.03127
cs.IT 2411.03439
cs.IT 2411.03451
cs.IT 2411.03632
cs.IT 2411.03646
cs.IT 2411.03776
cs.IT 2411.03839
cs.IT 2411.04035
cs.IT 2411.03647
cs.IT 2411.03677
cs.IT 2411.03759
cs.IT 2411.03876
cs.IT 2411.04063
cs.IT 2411.04083
cs.IT 2411.04114
cs.IT 2411.04464
cs.IT 2411.04675
cs.IT 2411.04689
cs.IT 2411.04702
cs.IT 2411.04727
cs.IT 2411.04728
cs.IT 2411.04753
cs.IT 2411.04803
cs.IT 2411.04893
cs.IT 2411.04898
cs.IT 2411.04992
cs.IT 2411.04306
cs.IT 2411.04445
cs.IT 2411.04447
cs.IT 2411.04574
cs.IT 2411.04949
cs.CC 2411.00082
cs.CC 2411.00946
cs.NI 2411.00316
cs.CC 2411.00976
cs.NI 2411.00453
cs.CC 2411.01452
cs.NI 2411.00511
cs.CC 2411.01663
cs.NI 2411.00124
cs.NI 2411.00319
cs.NI 2411.00397
cs.NI 2411.00408
cs.NI 2411.00473
cs.NI 2411.00505
cs.NI 2411.00681
cs.NI 2411.00859
cs.NI 2411.01971
cs.NI 2411.02108
cs.NI 2411.00787
cs.NI 2411.00789
cs.NI 2411.00792
cs.NI 2411.01078
cs.NI 2411.01503
cs.NI 2411.01525
cs.NI 2411.01544
cs.NI 2411.01902
cs.CR 2411.00192
cs.NI 2411.01906
cs.NI 2411.01924
cs.CR 2411.00311
cs.NI 2411.01970
cs.CR 2411.00529
cs.NI 2411.02086
cs.CR 2411.00721
cs.NI 2411.02164
cs.CR 2411.00762
cs.NI 2411.02267
cs.CC 2411.01718
cs.NI 2411.02617
cs.CR 2411.00067
cs.CC 2411.01992
cs.CR 2411.00069
cs.NI 2411.02805
cs.CC 2411.02087
cs.CR 2411.00076
cs.NI 2411.02412
cs.CC 2411.02148
cs.CR 2411.00193
cs.CC 2411.02369
cs.NI 2411.02418
cs.CR 2411.00217
cs.CC 2411.01630
cs.NI 2411.02757
cs.CR 2411.00222
cs.CC 2411.01691
cs.CC 2411.01836
cs.NI 2411.03017
cs.CR 2411.00255
cs.CC 2411.02251
cs.NI 2411.03048
cs.CR 2411.00261
cs.CC 2411.02392
cs.NI 2411.03203
cs.CR 2411.00348
cs.CC 2411.02535
cs.NI 2411.03237
cs.CC 2411.02554
cs.CR 2411.00349
cs.CC 2411.02681
cs.NI 2411.03354
cs.CR 2411.00352
cs.NI 2411.03365
cs.CC 2411.02702
cs.NI 2411.03368
cs.CC 2411.02744
cs.NI 2411.03371
cs.CC 2411.02782
cs.CR 2411.00368
cs.NI 2411.03376
cs.CC 2411.02819
cs.CR 2411.00380
cs.NI 2411.04114
cs.CC 2411.03006
cs.CR 2411.00403
cs.CC 2411.03096
cs.NI 2411.03326
cs.CR 2411.00422
cs.CR 2411.00439
cs.NI 2411.03503
cs.CC 2411.03103
cs.CR 2411.00447
cs.NI 2411.03507
cs.CC 2411.03230
cs.NI 2411.03585
cs.CC 2411.03240
cs.NI 2411.03635
cs.CR 2411.00459
cs.CC 2411.03279
cs.NI 2411.03654
cs.CC 2411.03296
cs.CR 2411.00474
cs.CC 2411.02612
cs.NI 2411.03686
cs.CR 2411.00511
cs.CC 2411.02936
cs.NI 2411.03749
cs.CC 2411.03716
cs.CR 2411.01040
cs.NI 2411.03780
cs.CC 2411.03813
cs.NI 2411.03943
cs.CR 2411.01050
cs.CC 2411.04073
cs.CR 2411.01073
cs.NI 2411.04027
cs.CC 2411.04085
cs.CR 2411.01076
cs.NI 2411.04561
cs.CC 2411.03444
cs.NI 2411.04672
cs.CR 2411.01081
cs.CC 2411.04115
cs.NI 2411.04135
cs.CR 2411.01086
cs.CC 2411.04124
cs.CC 2411.04353
cs.NI 2411.04136
cs.CR 2411.01102
cs.NI 2411.04137
cs.CC 2411.04566
cs.CR 2411.01140
cs.NI 2411.04138
cs.CC 2411.04846
cs.NI 2411.04139
cs.CC 2411.04874
cs.NI 2411.04159
cs.CR 2411.01161
cs.NI 2411.04160
cs.CC 2411.04898
cs.CR 2411.01252
cs.NI 2411.04336
cs.CC 2411.04953
cs.CR 2411.01312
cs.NI 2411.04365
cs.CC 2411.04972
cs.NI 2411.04474
cs.CR 2411.01313
cs.CC 2411.04392
cs.NI 2411.04762
cs.CC 2411.04639
cs.CR 2411.01329
cs.CR 2411.01344
cs.CR 2411.01357
cs.CR 2411.01447
cs.CR 2411.01490
cs.CR 2411.01580
cs.CR 2411.01931
cs.CR 2411.02051
cs.CR 2411.02077
cs.CR 2411.02099
cs.CR 2411.02152
cs.CR 2411.00799
cs.CR 2411.01230
cs.CR 2411.01236
cs.CR 2411.01273
cs.CR 2411.01308
cs.CR 2411.01310
cs.CR 2411.01340
cs.CR 2411.01377
cs.CR 2411.01380
cs.CR 2411.01471
cs.CR 2411.01565
cs.CR 2411.01583
cs.CR 2411.01604
cs.CR 2411.01689
cs.CR 2411.01693
cs.CR 2411.01705
cs.CR 2411.01779
cs.CR 2411.01876
cs.CR 2411.01971
cs.CR 2411.02084
cs.CR 2411.02143
cs.CR 2411.02323
cs.CR 2411.02554
cs.CR 2411.02742
cs.CR 2411.02902
cs.CR 2411.02974
cs.CR 2411.03237
cs.CR 2411.03279
cs.CR 2411.03305
cs.CR 2411.03307
cs.CR 2411.02548
cs.CR 2411.02597
cs.CR 2411.02618
cs.CR 2411.02645
cs.CR 2411.02670
cs.CR 2411.02773
cs.CR 2411.02775
cs.CR 2411.02798
cs.CR 2411.02805
cs.CR 2411.02926
cs.CR 2411.03019
cs.CR 2411.03022
cs.CR 2411.03219
cs.CR 2411.03231
cs.CR 2410.16383
cs.CR 2411.03445
cs.CR 2411.03569
cs.CR 2411.03570
cs.CR 2411.03663
cs.CR 2411.03677
cs.CR 2411.03730
cs.CR 2411.03746
cs.CR 2411.03752
cs.CR 2411.03814
cs.CR 2411.03861
cs.CR 2411.03862
cs.CR 2411.03887
cs.CR 2411.03892
cs.CR 2411.04044
cs.CR 2411.03327
cs.CR 2411.03336
cs.CR 2411.03343
cs.CR 2411.03344
cs.CR 2411.03346
cs.CR 2411.03348
cs.CR 2411.03351
cs.CR 2411.03354
cs.CR 2411.03355
cs.CR 2411.03357
cs.CR 2411.03363
cs.CR 2411.03364
cs.CR 2411.03365
cs.CR 2411.03368
cs.CR 2411.03371
cs.CR 2411.03404
cs.CR 2411.03844
cs.CR 2411.03847
cs.CR 2411.03910
cs.CR 2411.04030
cs.CR 2411.04068
cs.CR 2411.04205
cs.CR 2411.04234
cs.CR 2411.04365
cs.CR 2411.04376
cs.CR 2411.04482
cs.CR 2411.04558
cs.CR 2411.04594
cs.CR 2411.04680
cs.CR 2411.04730
cs.CR 2411.04767
cs.CR 2411.04236
cs.CR 2411.04284
cs.CR 2411.04657
cs.CR 2411.04710
cs.CR 2411.04772
cs.CR 2411.04981
cs.LO 2411.00431
cs.LO 2411.00752
cs.LO 2411.00025
cs.LO 2411.00026
cs.LO 2411.00031
cs.LO 2411.00048
cs.LO 2411.00117
cs.LO 2411.00149
cs.LO 2411.00197
cs.LO 2411.00559
cs.LO 2411.00589
cs.LO 2411.01184
cs.LO 2411.02318
cs.LO 2411.00847
cs.LO 2411.01188
cs.LO 2411.01393
cs.LO 2411.01961
cs.LO 2411.03231
cs.LO 2411.02977
cs.LO 2411.03069
cs.LO 2411.03451
cs.LO 2411.03821
cs.LO 2411.04003
cs.LO 2411.04555
cs.LO 2411.04870
cs.LO 2411.04615
cs.CE 2411.00241
cs.CE 2411.00287
cs.CE 2411.00554
cs.CE 2411.00563
cs.CE 2411.00567
cs.CE 2411.00742
cs.CE 2411.00834
cs.CE 2411.00914
cs.CE 2411.01038
cs.CE 2411.01404
cs.CE 2411.02083
cs.CE 2411.02125
cs.CE 2411.02283
cs.CE 2411.01121
cs.CE 2411.01231
cs.CE 2411.01299
cs.CE 2411.01386
cs.CE 2411.01456
cs.CE 2411.01636
cs.CE 2411.01928
cs.CE 2411.02324
cs.CE 2411.02429
cs.CE 2411.02692
cs.CE 2411.03173
cs.CE 2411.02424
cs.CE 2411.02810
cs.CE 2411.03015
cs.CE 2411.03247
cs.CE 2411.03327
cs.CE 2411.03530
cs.CE 2411.03557
cs.CE 2411.03900
cs.CE 2411.04098
cs.CE 2411.03318
cs.CE 2411.03474
cs.CE 2411.03514
cs.CE 2411.03671
cs.CE 2411.03929
cs.CE 2411.04946
cs.CE 2411.04409
cs.CE 2411.04459
cs.CE 2411.04731
cs.CE 2411.04824
cs.CE 2411.04861
cs.NA 2411.00011
cs.NA 2411.00017
cs.NA 2411.00272
cs.NA 2411.00287
cs.NA 2411.00482
cs.NA 2411.00546
cs.NA 2411.00657
cs.NA 2411.00002
cs.NA 2411.00021
cs.NA 2411.00033
cs.NA 2411.00040
cs.NA 2411.00043
cs.NA 2411.00060
cs.NA 2411.00065
cs.NA 2411.00362
cs.NA 2411.00363
cs.NA 2411.00442
cs.NA 2411.00463
cs.NA 2411.00487
cs.NA 2411.00575
cs.NA 2411.00650
cs.NA 2411.00688
cs.NA 2411.01391
cs.NA 2411.01415
cs.NA 2411.01546
cs.NA 2411.01633
cs.NA 2411.01649
cs.NA 2411.01719
cs.NA 2411.01849
cs.NA 2411.01924
cs.NA 2411.01931
cs.NA 2411.01085
cs.NA 2411.01113
cs.NA 2411.01306
cs.NA 2411.01358
cs.NA 2411.01397
cs.NA 2411.01550
cs.NA 2411.01740
cs.NA 2411.01746
cs.NA 2411.01763
cs.NA 2411.01862
cs.NA 2411.01874
cs.NA 2411.01986
cs.NA 2411.01998
cs.NA 2411.02100
cs.NA 2411.02277
cs.NA 2411.02333
cs.NA 2411.02356
cs.NA 2411.02590
cs.NA 2411.02646
cs.NA 2411.02895
cs.NA 2411.02952
cs.NA 2411.03029
cs.NA 2411.03090
cs.NA 2411.03264
cs.NA 2411.03384
cs.NA 2411.03501
cs.NA 2411.03514
cs.NA 2411.03599
cs.NA 2411.03841
cs.NA 2411.03929
cs.NA 2411.03972
cs.NA 2411.03989
cs.NA 2411.04010
cs.NA 2411.04081
cs.NA 2411.04119
cs.NA 2411.03411
cs.NA 2411.03523
cs.NA 2411.03534
cs.NA 2411.03607
cs.NA 2411.03689
cs.NA 2411.03793
cs.NA 2411.04026
cs.NA 2411.04352
cs.NA 2411.04686
cs.NA 2411.04140
cs.NA 2411.04145
cs.NA 2411.04359
cs.NA 2411.04497
cs.NA 2411.04591
cs.NA 2411.04643
cs.NA 2411.04661
cs.NA 2411.04701
cs.NA 2411.04768
cs.NA 2411.04840
cs.PF 2410.22697
cs.PF 2410.23317
cs.PF 2410.23745
cs.PF 2410.23537
cs.PF 2410.23762
cs.PF 2411.00288
cs.PF 2411.00601
cs.PF 2411.00815
cs.PF 2411.01246
cs.PF 2411.01336
cs.PF 2411.02797
cs.PF 2411.02814
cs.OS 2410.20005
cs.OS 2410.23661
cs.OS 2411.00572
cs.OS 2411.01129
cs.OS 2411.02814
cs.SE 2411.00442
cs.SE 2411.00447
cs.SE 2411.00005
cs.SE 2411.00006
cs.SE 2411.00242
cs.SE 2411.00622
cs.SE 2411.00634
cs.SE 2411.00636
cs.SE 2411.00642
cs.SE 2411.01272
cs.SE 2411.01604
cs.SE 2411.00865
cs.SE 2411.00932
cs.SE 2411.00966
cs.SE 2411.01012
cs.SE 2411.01033
cs.SE 2411.01063
cs.SE 2411.01102
cs.SE 2411.01414
cs.SE 2411.01601
cs.SE 2411.01606
cs.SE 2411.01789
cs.SE 2411.01940
cs.SE 2411.02077
cs.SE 2411.02091
cs.SE 2411.02093
cs.SE 2411.02209
cs.SE 2411.02255
cs.SE 2411.02278
cs.SE 2411.02283
cs.SE 2411.02318
cs.SE 2411.02320
cs.SE 2411.02328
cs.SE 2411.02468
cs.SE 2411.02462
cs.SE 2411.03079
cs.SE 2411.03291
cs.SE 2411.03292
cs.SE 2411.03346
cs.SE 2411.03455
cs.SE 2411.03369
cs.SE 2411.03656
cs.SE 2411.03657
cs.SE 2411.03815
cs.SE 2311.15189
cs.SE 2411.04372
cs.SE 2411.04141
cs.SE 2411.04143
cs.SE 2411.04156
cs.SE 2411.04299
cs.SE 2411.04387
cs.SE 2411.04444
cs.SE 2411.04605
cs.SE 2411.04704
cs.SE 2411.04739
cs.SE 2411.04740
cs.PL 2411.00589
cs.PL 2411.00037
cs.PL 2411.00618
cs.PL 2411.00637
cs.PL 2411.00752
cs.PL 2411.02077
cs.PL 2411.02318
cs.PL 2411.02716
cs.PL 2411.02863
cs.PL 2411.04104
cs.PL 2411.04905
stat.AP 2411.00010
stat.AP 2411.00273
stat.AP 2411.00286
stat.AP 2411.00297
stat.AP 2411.00317
stat.AP 2411.00354
stat.AP 2411.00534
stat.AP 2411.00640
stat.AP 2411.00796
stat.AP 2411.01057
stat.AP 2411.01065
stat.AP 2411.01877
stat.AP 2411.02388
stat.AP 2411.01066
stat.AP 2411.01092
stat.AP 2411.01100
stat.AP 2411.01324
stat.AP 2411.01435
stat.AP 2411.01694
stat.AP 2411.01771
stat.AP 2411.01773
stat.AP 2411.02000
stat.AP 2411.02029
stat.AP 2411.02776
stat.AP 2411.03021
stat.AP 2411.03026
stat.AP 2411.03147
stat.AP 2411.03275
stat.AP 2411.02539
stat.AP 2411.02552
stat.AP 2411.03324
stat.AP 2411.03333
stat.AP 2411.03360
stat.AP 2411.03523
stat.AP 2411.03699
stat.AP 2411.03740
stat.AP 2411.03837
stat.AP 2411.03401
stat.AP 2411.03580
stat.AP 2411.03774
stat.AP 2411.03779
stat.AP 2411.03965
stat.AP 2411.04228
stat.AP 2411.04274
stat.AP 2411.04286
stat.AP 2411.04303
stat.AP 2411.04305
stat.AP 2411.04533
stat.AP 2411.04655
stat.AP 2411.04659
stat.AP 2411.04211
cs.SD 2411.00023
cs.SD 2411.00064
cs.SD 2411.00121
cs.SD 2411.00153
cs.SD 2411.00195
cs.SD 2411.00275
cs.SD 2411.00321
cs.SD 2411.00464
cs.SD 2411.00469
cs.SD 2411.00477
cs.SD 2411.00774
cs.SD 2411.00980
cs.SD 2411.01018
cs.SD 2411.01174
cs.SD 2411.01710
cs.SD 2411.02019
cs.SD 2411.02038
cs.SD 2411.02165
cs.SD 2411.02236
cs.SD 2411.01135
cs.SD 2411.01156
cs.SD 2411.01661
cs.SD 2411.01805
cs.SD 2411.02026
cs.SD 2411.02860
cs.SD 2411.03172
cs.SD 2411.02402
cs.SD 2411.02551
cs.SD 2411.02609
cs.SD 2411.02625
cs.SD 2411.02711
cs.SD 2411.02758
cs.SD 2411.02787
cs.SD 2411.02848
cs.SD 2411.02964
cs.SD 2411.03016
cs.SD 2411.03085
cs.SD 2411.03109
cs.SD 2411.03866
cs.SD 2411.03668
cs.SD 2411.03715
cs.SD 2411.03948
cs.SD 2411.04142
cs.SD 2411.04152
cs.SD 2411.04158
cs.SD 2411.04573
cs.SD 2411.04337
cs.SD 2411.04366
cs.RO 2411.00174
cs.RO 2411.00417
cs.RO 2411.00448
cs.RO 2411.00543
cs.RO 2411.00600
cs.RO 2411.00728
cs.RO 2411.00007
cs.RO 2411.00081
cs.RO 2411.00083
cs.RO 2411.00107
cs.RO 2411.00137
cs.RO 2411.00138
cs.RO 2411.00221
cs.RO 2411.00241
cs.RO 2411.00345
cs.RO 2411.00347
cs.RO 2411.00357
cs.RO 2411.00400
cs.RO 2411.00413
cs.RO 2411.00440
cs.RO 2411.00444
cs.RO 2411.00476
cs.RO 2411.00508
cs.RO 2411.00554
cs.RO 2411.00659
cs.RO 2411.00704
cs.RO 2411.00741
cs.RO 2411.00967
cs.RO 2411.01119
cs.RO 2411.01226
cs.RO 2411.01227
cs.RO 2411.01286
cs.RO 2411.01297
cs.RO 2411.01360
cs.RO 2411.01396
cs.RO 2411.01608
cs.RO 2411.01725
cs.RO 2411.01796
cs.RO 2411.01850
cs.RO 2411.02102
cs.RO 2411.02158
cs.RO 2411.02393
cs.RO 2411.00781
cs.RO 2411.00785
cs.RO 2411.00965
cs.RO 2411.01000
cs.RO 2411.01011
cs.RO 2411.01014
cs.RO 2411.01038
cs.RO 2411.01120
cs.RO 2411.01200
cs.RO 2411.01274
cs.RO 2411.01284
cs.RO 2411.01321
cs.RO 2411.01349
cs.RO 2411.01387
cs.RO 2411.01475
cs.RO 2411.01568
cs.RO 2411.01603
cs.RO 2411.01639
cs.RO 2411.01665
cs.RO 2411.01707
cs.RO 2411.01775
cs.RO 2411.01804
cs.RO 2411.01813
cs.RO 2411.01814
cs.RO 2411.01816
cs.RO 2411.01866
cs.RO 2411.01909
cs.RO 2411.01915
cs.RO 2411.01919
cs.RO 2411.01943
cs.RO 2411.01963
cs.RO 2411.01985
cs.RO 2411.02028
cs.RO 2411.02062
cs.RO 2411.02169
cs.RO 2411.02186
cs.RO 2411.02187
cs.RO 2411.02189
cs.RO 2411.02214
cs.RO 2411.02230
cs.RO 2411.02295
cs.RO 2411.02345
cs.RO 2411.02359
cs.RO 2411.02446
cs.RO 2411.02468
cs.RO 2411.02553
cs.RO 2411.02611
cs.RO 2411.02624
cs.RO 2411.02673
cs.RO 2411.02969
cs.RO 2411.02983
cs.RO 2411.03048
cs.RO 2411.03189
cs.RO 2411.03213
cs.RO 2411.02410
cs.RO 2411.02479
cs.RO 2411.02482
cs.RO 2411.02524
cs.RO 2411.02547
cs.RO 2411.02599
cs.RO 2411.02608
cs.RO 2411.02619
cs.RO 2411.02651
cs.RO 2411.02703
cs.RO 2411.02704
cs.RO 2411.02706
cs.RO 2411.02772
cs.RO 2411.02788
cs.RO 2411.02891
cs.RO 2411.02938
cs.RO 2411.02975
cs.RO 2411.03011
cs.RO 2411.03176
cs.RO 2411.03194
cs.RO 2411.03287
cs.RO 2411.03289
cs.RO 2411.03294
cs.RO 2411.03303
cs.RO 2411.03465
cs.RO 2411.03555
cs.RO 2411.03702
cs.RO 2411.03706
cs.RO 2411.03815
cs.RO 2411.03817
cs.RO 2411.03315
cs.RO 2411.03328
cs.RO 2411.03408
cs.RO 2411.03409
cs.RO 2411.03416
cs.RO 2411.03481
cs.RO 2411.03483
cs.RO 2411.03487
cs.RO 2411.03494
cs.RO 2411.03532
cs.RO 2411.03540
cs.RO 2411.03556
cs.RO 2411.03581
cs.RO 2411.03591
cs.RO 2411.03610
cs.RO 2411.03614
cs.RO 2411.03619
cs.RO 2411.03660
cs.RO 2411.03669
cs.RO 2411.03682
cs.RO 2411.03747
cs.RO 2411.03838
cs.RO 2411.03873
cs.RO 2411.03928
cs.RO 2411.03951
cs.RO 2411.03990
cs.RO 2411.04005
cs.RO 2411.04006
cs.RO 2411.04046
cs.RO 2411.04050
cs.RO 2411.04056
cs.RO 2411.04073
cs.RO 2411.04112
cs.RO 2411.04466
cs.RO 2411.04987
cs.RO 2411.05005
cs.RO 2411.04246
cs.RO 2411.04264
cs.RO 2411.04273
cs.RO 2411.04279
cs.RO 2411.04313
cs.RO 2411.04326
cs.RO 2411.04331
cs.RO 2411.04374
cs.RO 2411.04386
cs.RO 2411.04408
cs.RO 2411.04413
cs.RO 2411.04428
cs.RO 2411.04494
cs.RO 2411.04546
cs.RO 2411.04549
cs.RO 2411.04653
cs.RO 2411.04678
cs.RO 2411.04700
cs.RO 2411.04735
cs.RO 2411.04776
cs.RO 2411.04787
cs.RO 2411.04796
cs.RO 2411.04797
cs.RO 2411.04919
cs.RO 2411.04983
cs.RO 2411.04999
cs.SC 2410.21837
cs.SC 2410.23211
cs.SC 2410.23762
cs.SC 2410.23763
cs.SC 2410.23948
cs.SC 2411.00031
cs.SC 2411.00431
cs.SC 2411.03070
cs.LG 2411.00003
cs.LG 2411.00004
cs.LG 2411.00011
cs.LG 2411.00028
cs.LG 2411.00029
cs.LG 2411.00039
cs.LG 2411.00040
cs.LG 2411.00044
cs.LG 2411.00049
cs.LG 2411.00054
cs.LG 2411.00066
cs.LG 2411.00105
cs.LG 2411.00107
cs.LG 2411.00109
cs.LG 2411.00113
cs.LG 2411.00119
cs.LG 2411.00137
cs.LG 2411.00143
cs.LG 2411.00151
cs.LG 2411.00154
cs.LG 2411.00158
cs.LG 2411.00161
cs.LG 2411.00172
cs.LG 2411.00174
cs.LG 2411.00195
cs.LG 2411.00209
cs.LG 2411.00213
cs.LG 2411.00214
cs.LG 2411.00221
cs.LG 2411.00222
cs.LG 2411.00229
cs.LG 2411.00230
cs.LG 2411.00238
cs.LG 2411.00246
cs.LG 2411.00252
cs.LG 2411.00254
cs.LG 2411.00274
cs.LG 2411.00275
cs.LG 2411.00297
cs.LG 2411.00299
cs.LG 2411.00317
cs.LG 2411.00328
cs.LG 2411.00332
cs.LG 2411.00337
cs.LG 2411.00339
cs.LG 2411.00345
cs.LG 2411.00348
cs.LG 2411.00355
cs.LG 2411.00368
cs.LG 2411.00380
cs.LG 2411.00388
cs.LG 2411.00390
cs.LG 2411.00394
cs.LG 2411.00403
cs.LG 2411.00405
cs.LG 2411.00408
cs.LG 2411.00411
cs.LG 2411.00446
cs.LG 2411.00463
cs.LG 2411.00471
cs.LG 2411.00499
cs.LG 2411.00530
cs.LG 2411.00543
cs.LG 2411.00548
cs.LG 2411.00553
cs.LG 2411.00566
cs.LG 2411.00568
cs.LG 2411.00572
cs.LG 2411.00593
cs.LG 2411.00605
cs.LG 2411.00609
cs.LG 2411.00611
cs.LG 2411.00615
cs.LG 2411.00621
cs.LG 2411.00623
cs.LG 2411.00625
cs.LG 2411.00627
cs.LG 2411.00632
cs.LG 2411.00652
cs.LG 2411.00680
cs.LG 2411.00683
cs.LG 2411.00705
cs.LG 2411.00711
cs.LG 2411.00715
cs.LG 2411.00728
cs.LG 2411.00742
cs.LG 2411.00750
cs.LG 2411.00074
cs.LG 2411.00075
cs.LG 2411.00079
cs.LG 2411.00110
cs.LG 2411.00112
cs.LG 2411.00126
cs.LG 2411.00132
cs.LG 2411.00136
cs.LG 2411.00139
cs.LG 2411.00147
cs.LG 2411.00163
cs.LG 2411.00171
cs.LG 2411.00179
cs.LG 2411.00180
cs.LG 2411.00186
cs.LG 2411.00190
cs.LG 2411.00198
cs.LG 2411.00200
cs.LG 2411.00205
cs.LG 2411.00233
cs.LG 2411.00247
cs.LG 2411.00259
cs.LG 2411.00263
cs.LG 2411.00265
cs.LG 2411.00266
cs.LG 2411.00268
cs.LG 2411.00270
cs.LG 2411.00273
cs.LG 2411.00278
cs.LG 2411.00282
cs.LG 2411.00287
cs.LG 2411.00288
cs.LG 2411.00311
cs.LG 2411.00322
cs.LG 2411.00329
cs.LG 2411.00336
cs.LG 2411.00359
cs.LG 2411.00360
cs.LG 2411.00361
cs.LG 2411.00365
cs.LG 2411.00372
cs.LG 2411.00382
cs.LG 2411.00383
cs.LG 2411.00392
cs.LG 2411.00393
cs.LG 2411.00401
cs.LG 2411.00404
cs.LG 2411.00406
cs.LG 2411.00409
cs.LG 2411.00412
cs.LG 2411.00426
cs.LG 2411.00430
cs.LG 2411.00451
cs.LG 2411.00453
cs.LG 2411.00460
cs.LG 2411.00461
cs.LG 2411.00465
cs.LG 2411.00498
cs.LG 2411.00514
cs.LG 2411.00515
cs.LG 2411.00519
cs.LG 2411.00522
cs.LG 2411.00524
cs.LG 2411.00551
cs.LG 2411.00586
cs.LG 2411.00588
cs.LG 2411.00610
cs.LG 2411.00614
cs.LG 2411.00635
cs.LG 2411.00653
cs.LG 2411.00660
cs.LG 2411.00662
cs.LG 2411.00666
cs.LG 2411.00684
cs.LG 2411.00696
cs.LG 2411.00698
cs.LG 2411.00707
cs.LG 2411.00718
cs.LG 2411.00722
cs.LG 2411.00725
cs.LG 2411.00743
cs.LG 2411.00745
cs.LG 2411.00755
cs.LG 2411.00759
cs.LG 2411.00775
cs.LG 2411.00801
cs.LG 2411.00802
cs.LG 2411.00813
cs.LG 2411.00816
cs.LG 2411.00820
cs.LG 2411.00826
cs.LG 2411.00828
cs.LG 2411.00833
cs.LG 2411.00842
cs.LG 2411.00869
cs.LG 2411.00879
cs.LG 2411.00888
cs.LG 2411.00902
cs.LG 2411.00911
cs.LG 2411.00918
cs.LG 2411.00922
cs.LG 2411.00928
cs.LG 2411.00960
cs.LG 2411.00969
cs.LG 2411.00970
cs.LG 2411.01001
cs.LG 2411.01008
cs.LG 2411.01030
cs.LG 2411.01034
cs.LG 2411.01039
cs.LG 2411.01055
cs.LG 2411.01076
cs.LG 2411.01077
cs.LG 2411.01098
cs.LG 2411.01121
cs.LG 2411.01135
cs.LG 2411.01137
cs.LG 2411.01142
cs.LG 2411.01144
cs.LG 2411.01161
cs.LG 2411.01166
cs.LG 2411.01173
cs.LG 2411.01179
cs.LG 2411.01188
cs.LG 2411.01195
cs.LG 2411.01211
cs.LG 2411.01212
cs.LG 2411.01250
cs.LG 2411.01251
cs.LG 2411.01264
cs.LG 2411.01268
cs.LG 2411.01293
cs.LG 2411.01297
cs.LG 2411.01306
cs.LG 2411.01329
cs.LG 2411.01349
cs.LG 2411.01354
cs.LG 2411.01375
cs.LG 2411.01391
cs.LG 2411.01401
cs.LG 2411.01422
cs.LG 2411.01423
cs.LG 2411.01442
cs.LG 2411.01457
cs.LG 2411.01487
cs.LG 2411.01498
cs.LG 2411.01508
cs.LG 2411.01521
cs.LG 2411.01533
cs.LG 2411.01539
cs.LG 2411.01540
cs.LG 2411.01544
cs.LG 2411.01553
cs.LG 2411.01567
cs.LG 2411.01573
cs.LG 2411.01579
cs.LG 2411.01589
cs.LG 2411.01596
cs.LG 2411.01611
cs.LG 2411.01625
cs.LG 2411.01628
cs.LG 2411.01629
cs.LG 2411.01639
cs.LG 2411.01690
cs.LG 2411.01703
cs.LG 2411.01719
cs.LG 2411.01720
cs.LG 2411.01721
cs.LG 2411.01746
cs.LG 2411.01758
cs.LG 2411.01763
cs.LG 2411.01775
cs.LG 2411.01783
cs.LG 2411.01790
cs.LG 2411.01791
cs.LG 2411.01800
cs.LG 2411.01801
cs.LG 2411.01803
cs.LG 2411.01821
cs.LG 2411.01866
cs.LG 2411.01887
stat.CO 2411.00371
cs.LG 2411.01909
stat.CO 2411.00011
cs.LG 2411.01924
stat.CO 2411.00218
cs.LG 2411.01947
stat.CO 2411.00286
cs.LG 2411.01966
stat.CO 2411.00982
cs.LG 2411.01974
stat.CO 2411.00992
cs.LG 2411.01982
stat.CO 2411.01453
cs.LG 2411.01996
stat.CO 2411.02217
cs.LG 2411.02019
stat.CO 2411.02324
cs.LG 2411.02063
stat.CO 2411.01415
cs.LG 2411.02064
stat.CO 2411.01954
cs.LG 2411.02083
stat.CO 2411.02746
cs.LG 2411.02087
stat.CO 2411.02770
cs.LG 2411.02094
stat.CO 2411.03063
cs.LG 2411.02099
stat.CO 2411.03324
cs.LG 2411.02112
stat.CO 2411.03333
cs.LG 2411.02131
stat.CO 2411.03358
cs.LG 2411.02134
stat.CO 2411.03388
cs.LG 2411.02137
cs.LG 2411.02138
stat.CO 2411.03617
cs.LG 2411.02150
stat.CO 2411.03992
cs.LG 2411.02177
stat.CO 2411.04340
cs.LG 2411.02183
stat.CO 2411.04260
cs.LG 2411.02184
stat.CO 2411.04729
cs.LG 2411.02189
cs.LG 2411.02198
cs.LG 2411.02217
cs.LG 2411.02220
cs.LG 2411.02221
cs.LG 2411.02223
cs.LG 2411.02224
cs.LG 2411.02225
cs.LG 2411.02253
cs.LG 2411.02280
cs.LG 2411.02299
cs.LG 2411.02308
cs.LG 2411.02313
cs.LG 2411.02347
cs.LG 2411.02359
cs.LG 2411.02372
cs.LG 2411.02383
cs.LG 2411.02393
cs.LG 2411.02398
cs.LG 2411.00794
cs.LG 2411.00796
cs.LG 2411.00800
cs.LG 2411.00809
cs.LG 2411.00821
cs.LG 2411.00823
cs.LG 2411.00835
cs.LG 2411.00839
cs.LG 2411.00840
cs.LG 2411.00841
cs.LG 2411.00843
cs.LG 2411.00844
cs.LG 2411.00845
cs.LG 2411.00846
cs.LG 2411.00850
cs.LG 2411.00851
cs.LG 2411.00852
cs.LG 2411.00853
cs.LG 2411.00855
cs.LG 2411.00856
cs.LG 2411.00858
cs.LG 2411.00859
cs.LG 2411.00864
cs.LG 2411.00867
cs.LG 2411.00870
cs.LG 2411.00871
cs.LG 2411.00873
cs.LG 2411.00874
cs.LG 2411.00876
cs.LG 2411.00885
cs.LG 2411.00889
cs.LG 2411.00899
cs.LG 2411.00904
cs.LG 2411.00913
cs.LG 2411.00914
cs.LG 2411.00920
cs.LG 2411.00929
cs.LG 2411.00945
cs.LG 2411.00956
cs.LG 2411.00973
cs.LG 2411.00983
cs.LG 2411.00989
cs.LG 2411.00999
cs.LG 2411.01006
cs.LG 2411.01013
cs.LG 2411.01016
cs.LG 2411.01023
cs.LG 2411.01035
cs.LG 2411.01036
cs.LG 2411.01040
cs.LG 2411.01042
cs.LG 2411.01045
cs.LG 2411.01050
cs.LG 2411.01053
cs.LG 2411.01070
cs.LG 2411.01073
cs.LG 2411.01074
cs.LG 2411.01088
cs.LG 2411.01109
cs.LG 2411.01115
cs.LG 2411.01126
cs.LG 2411.01134
cs.LG 2411.01140
cs.LG 2411.01146
cs.LG 2411.01155
cs.LG 2411.01157
cs.LG 2411.01158
cs.LG 2411.01159
cs.LG 2411.01168
cs.LG 2411.01169
cs.LG 2411.01203
cs.LG 2411.01204
cs.LG 2411.01220
cs.LG 2411.01238
cs.LG 2411.01240
cs.LG 2411.01248
cs.LG 2411.01266
cs.LG 2411.01267
cs.LG 2411.01271
cs.LG 2411.01289
cs.LG 2411.01295
cs.LG 2411.01302
cs.LG 2411.01312
cs.LG 2411.01313
cs.LG 2411.01316
cs.LG 2411.01322
cs.LG 2411.01326
cs.LG 2411.01332
cs.LG 2411.01341
cs.LG 2411.01342
cs.LG 2411.01350
cs.LG 2411.01353
cs.LG 2411.01357
cs.LG 2411.01360
cs.LG 2411.01371
cs.LG 2411.01376
cs.LG 2411.01396
cs.LG 2411.01404
cs.LG 2411.01409
cs.LG 2411.01410
cs.LG 2411.01418
cs.LG 2411.01419
cs.LG 2411.01425
cs.LG 2411.01431
cs.LG 2411.01433
cs.LG 2411.01447
cs.LG 2411.01450
cs.LG 2411.01453
cs.LG 2411.01458
cs.LG 2411.01477
cs.LG 2411.01490
cs.LG 2411.01493
cs.LG 2411.01527
cs.LG 2411.01532
cs.LG 2411.01535
cs.LG 2411.01547
cs.LG 2411.01548
cs.LG 2411.01558
cs.LG 2411.01576
cs.LG 2411.01580
cs.LG 2411.01600
cs.LG 2411.01608
cs.LG 2411.01623
cs.LG 2411.01634
cs.LG 2411.01641
cs.LG 2411.01642
cs.LG 2411.01644
cs.LG 2411.01645
cs.LG 2411.01653
cs.LG 2411.01663
cs.LG 2411.01667
cs.LG 2411.01670
cs.LG 2411.01679
cs.LG 2411.01685
cs.LG 2411.01696
cs.LG 2411.01713
cs.LG 2411.01714
cs.LG 2411.01717
cs.LG 2411.01742
cs.LG 2411.01750
cs.LG 2411.01757
cs.LG 2411.01767
cs.LG 2411.01780
cs.LG 2411.01792
cs.LG 2411.01798
cs.LG 2411.01808
cs.LG 2411.01817
cs.LG 2411.01818
cs.LG 2411.01825
cs.LG 2411.01827
cs.LG 2411.01829
cs.LG 2411.01833
cs.LG 2411.01841
cs.LG 2411.01842
cs.LG 2411.01850
cs.LG 2411.01856
cs.LG 2411.01881
cs.LG 2411.01894
cs.LG 2411.01897
cs.LG 2411.01898
cs.LG 2411.01904
cs.LG 2411.01929
cs.LG 2411.01931
cs.LG 2411.01956
cs.LG 2411.01958
cs.LG 2411.01973
cs.LG 2411.01978
cs.LG 2411.01992
cs.LG 2411.02001
cs.LG 2411.02003
cs.LG 2411.02023
cs.LG 2411.02038
cs.LG 2411.02047
cs.LG 2411.02051
cs.LG 2411.02058
cs.LG 2411.02059
cs.LG 2411.02066
cs.LG 2411.02068
cs.LG 2411.02075
cs.LG 2411.02109
cs.LG 2411.02114
cs.LG 2411.02115
cs.LG 2411.02120
cs.LG 2411.02124
cs.LG 2411.02125
cs.LG 2411.02126
cs.LG 2411.02127
cs.LG 2411.02139
cs.LG 2411.02142
cs.LG 2411.02152
cs.LG 2411.02158
cs.LG 2411.02168
cs.LG 2411.02174
cs.LG 2411.02175
cs.LG 2411.02193
cs.LG 2411.02199
cs.LG 2411.02207
cs.LG 2411.02259
cs.LG 2411.02271
cs.LG 2411.02272
cs.LG 2411.02275
cs.LG 2411.02279
cs.LG 2411.02281
cs.LG 2411.02286
cs.LG 2411.02292
cs.LG 2411.02298
cs.LG 2411.02306
cs.LG 2411.02317
cs.LG 2411.02322
cs.LG 2411.02335
cs.LG 2411.02343
cs.LG 2411.02344
cs.LG 2411.02355
cs.LG 2408.06803
cs.LG 2411.02136
cs.LG 2411.02402
cs.LG 2411.02404
cs.LG 2411.02412
cs.LG 2411.02414
cs.LG 2411.02418
cs.LG 2411.02419
cs.LG 2411.02426
cs.LG 2411.02428
cs.LG 2411.02430
cs.LG 2411.02431
cs.LG 2411.02435
cs.LG 2411.02450
cs.LG 2411.02453
cs.LG 2411.02454
cs.LG 2411.02460
cs.LG 2411.02462
cs.LG 2411.02466
cs.LG 2411.02469
cs.LG 2411.02479
cs.LG 2411.02482
cs.LG 2411.02495
cs.LG 2411.02549
cs.LG 2411.02557
cs.LG 2411.02571
cs.LG 2411.02573
cs.LG 2411.02580
cs.LG 2411.02584
cs.LG 2411.02588
cs.LG 2411.02599
cs.LG 2411.02604
cs.LG 2411.02617
cs.LG 2411.02623
cs.LG 2411.02631
cs.LG 2411.02632
cs.LG 2411.02635
cs.LG 2411.02638
cs.LG 2411.02645
cs.LG 2411.02653
cs.LG 2411.02654
cs.LG 2411.02661
cs.LG 2411.02665
cs.LG 2411.02670
cs.LG 2411.02672
cs.LG 2411.02684
cs.LG 2411.02685
cs.LG 2411.02688
cs.LG 2411.02694
cs.LG 2411.02695
cs.LG 2411.02704
cs.LG 2411.02710
cs.LG 2411.02726
cs.LG 2411.02730
cs.LG 2411.02751
cs.LG 2411.02758
cs.LG 2411.02764
cs.LG 2411.02784
cs.LG 2411.02787
cs.LG 2411.02791
cs.LG 2411.02820
cs.LG 2411.02829
cs.LG 2411.02830
cs.LG 2411.02844
cs.LG 2411.02848
cs.LG 2411.02854
cs.LG 2411.02860
cs.LG 2411.02862
cs.LG 2411.02886
cs.LG 2411.02902
cs.LG 2411.02904
cs.LG 2411.02926
cs.LG 2411.02930
cs.LG 2411.02933
cs.LG 2411.02935
cs.LG 2411.02939
cs.LG 2411.02964
cs.LG 2411.02975
cs.LG 2411.02985
cs.LG 2411.02997
cs.LG 2411.02998
cs.LG 2411.03006
cs.LG 2411.03033
cs.LG 2411.03035
cs.LG 2411.03085
cs.LG 2411.03097
cs.LG 2411.03098
cs.LG 2411.03105
cs.LG 2411.03127
cs.LG 2411.03156
cs.LG 2411.03163
cs.LG 2411.03169
cs.LG 2411.03172
cs.LG 2411.03186
cs.LG 2411.03195
cs.LG 2411.03217
cs.LG 2411.03226
cs.LG 2411.03228
cs.LG 2411.03237
cs.LG 2411.03270
cs.LG 2411.03312
cs.LG 2411.02444
cs.LG 2411.02446
cs.LG 2411.02464
cs.LG 2411.02465
cs.LG 2411.02467
cs.LG 2411.02471
cs.LG 2411.02525
cs.LG 2411.02530
cs.LG 2411.02540
cs.LG 2411.02542
cs.LG 2411.02544
cs.LG 2411.02558
cs.LG 2411.02559
cs.LG 2411.02569
cs.LG 2411.02572
cs.LG 2411.02622
cs.LG 2411.02649
cs.LG 2411.02664
cs.LG 2411.02666
cs.LG 2411.02671
cs.LG 2411.02708
cs.LG 2411.02709
cs.LG 2411.02728
cs.LG 2411.02740
cs.LG 2411.02746
cs.LG 2411.02767
cs.LG 2411.02770
cs.LG 2411.02776
cs.LG 2411.02780
cs.LG 2411.02783
cs.LG 2411.02785
cs.LG 2411.02796
cs.LG 2411.02809
cs.LG 2411.02813
cs.LG 2411.02817
cs.LG 2411.02824
cs.LG 2411.02837
cs.LG 2411.02847
cs.LG 2411.02853
cs.LG 2411.02855
cs.LG 2411.02871
cs.LG 2411.02908
cs.LG 2411.02921
cs.LG 2411.02941
cs.LG 2411.02947
cs.LG 2411.02949
cs.LG 2411.02954
cs.LG 2411.02957
cs.LG 2411.02988
cs.LG 2411.02995
cs.LG 2411.03004
cs.LG 2411.03008
cs.LG 2411.03021
cs.LG 2411.03025
cs.LG 2411.03028
cs.LG 2411.03038
cs.LG 2411.03055
cs.LG 2411.03059
cs.LG 2411.03068
cs.LG 2411.03107
cs.LG 2411.03131
cs.LG 2411.03162
cs.LG 2411.03171
cs.LG 2411.03223
cs.LG 2411.03224
cs.LG 2411.03236
cs.LG 2411.03250
cs.LG 2411.03253
cs.LG 2411.03263
cs.LG 2411.03273
cs.LG 2411.03279
cs.LG 2410.16383
cs.LG 2411.03315
cs.LG 2411.03320
cs.LG 2411.03321
cs.LG 2411.03322
cs.LG 2411.03324
cs.LG 2411.03328
cs.LG 2411.03331
cs.LG 2411.03334
cs.LG 2411.03340
cs.LG 2411.03348
cs.LG 2411.03349
cs.LG 2411.03350
cs.LG 2411.03355
cs.LG 2411.03359
cs.LG 2411.03363
cs.LG 2411.03364
cs.LG 2411.03365
cs.LG 2411.03384
cs.LG 2411.03402
cs.LG 2411.03494
cs.LG 2411.03513
cs.LG 2411.03519
cs.LG 2411.03520
cs.LG 2411.03522
cs.LG 2411.03535
cs.LG 2411.03570
cs.LG 2411.03611
cs.LG 2411.03620
cs.LG 2411.03622
cs.LG 2411.03651
cs.LG 2411.03656
cs.LG 2411.03671
cs.LG 2411.03759
cs.LG 2411.03769
cs.LG 2411.03782
cs.LG 2411.03802
cs.LG 2411.03820
cs.LG 2411.03855
cs.LG 2411.03857
cs.LG 2411.03859
cs.LG 2411.03865
cs.LG 2411.03876
cs.LG 2411.03883
cs.LG 2411.03884
cs.LG 2411.03914
cs.LG 2411.03919
cs.LG 2411.03932
cs.LG 2411.03965
cs.LG 2411.03990
cs.LG 2411.04011
cs.LG 2411.04054
cs.LG 2411.04056
cs.LG 2411.04106
cs.LG 2411.04109
cs.LG 2411.04118
cs.LG 2411.03356
cs.LG 2411.03358
cs.LG 2411.03360
cs.LG 2411.03372
cs.LG 2411.03375
cs.LG 2411.03387
cs.LG 2411.03445
cs.LG 2411.03450
cs.LG 2411.03460
cs.LG 2411.03493
cs.LG 2411.03517
cs.LG 2411.03527
cs.LG 2411.03537
cs.LG 2411.03538
cs.LG 2411.03541
cs.LG 2411.03562
cs.LG 2411.03569
cs.LG 2411.03588
cs.LG 2411.03596
cs.LG 2411.03598
cs.LG 2411.03604
cs.LG 2411.03624
cs.LG 2411.03641
cs.LG 2411.03663
cs.LG 2411.03678
cs.LG 2411.03687
cs.LG 2411.03713
cs.LG 2411.03726
cs.LG 2411.03730
cs.LG 2411.03731
cs.LG 2411.03740
cs.LG 2411.03742
cs.LG 2411.03744
cs.LG 2411.03746
cs.LG 2411.03752
cs.LG 2411.03753
cs.LG 2411.03755
cs.LG 2411.03768
cs.LG 2411.03786
cs.LG 2411.03799
cs.LG 2411.03810
cs.LG 2411.03840
cs.LG 2411.03845
cs.LG 2411.03877
cs.LG 2411.03891
cs.LG 2411.03900
cs.LG 2411.03925
cs.LG 2411.03934
cs.LG 2411.03936
cs.LG 2411.03941
cs.LG 2411.03945
cs.LG 2411.03978
cs.LG 2411.03996
cs.LG 2411.04013
cs.LG 2411.04016
cs.LG 2411.04034
cs.LG 2411.04036
cs.LG 2411.04055
cs.LG 2411.04098
cs.LG 2411.04105
cs.LG 2411.04108
cs.LG 2411.04128
cs.LG 2411.04129
cs.LG 2411.04130
cs.LG 2411.04137
cs.LG 2411.04138
cs.LG 2411.04150
cs.LG 2411.04155
cs.LG 2411.04158
cs.LG 2411.04159
cs.LG 2411.04165
cs.LG 2411.04204
cs.LG 2411.04209
cs.LG 2411.04216
cs.LG 2411.04224
cs.LG 2411.04228
cs.LG 2411.04243
cs.LG 2411.04263
cs.LG 2411.04265
cs.LG 2411.04282
cs.LG 2411.04284
cs.LG 2411.04316
cs.LG 2411.04319
cs.LG 2411.04383
cs.LG 2411.04389
cs.LG 2411.04393
cs.LG 2411.04394
cs.LG 2411.04420
cs.LG 2411.04459
cs.LG 2411.04493
cs.LG 2411.04511
cs.LG 2411.04533
cs.LG 2411.04549
cs.LG 2411.04551
cs.LG 2411.04557
cs.LG 2411.04580
cs.LG 2411.04586
cs.LG 2411.04596
cs.LG 2411.04630
cs.LG 2411.04632
cs.LG 2411.04649
cs.LG 2411.04653
cs.LG 2411.04700
cs.LG 2411.04712
cs.LG 2411.04747
cs.LG 2411.04775
cs.LG 2411.04784
cs.LG 2411.04788
cs.LG 2411.04794
cs.LG 2411.04825
cs.LG 2411.04826
cs.LG 2411.04832
cs.LG 2411.04838
cs.LG 2411.04843
cs.LG 2411.04845
cs.LG 2411.04852
cs.LG 2411.04867
cs.LG 2411.04876
cs.LG 2411.04939
cs.LG 2411.04946
cs.LG 2411.04965
cs.LG 2411.04967
cs.LG 2411.04975
cs.LG 2411.04987
cs.LG 2411.04989
cs.LG 2411.04995
cs.LG 2411.04998
cs.LG 2411.04999
cs.LG 2411.05001
cs.LG 2411.05003
cs.LG 2411.05005
cs.LG 2411.05007
cs.LG 2411.04205
cs.LG 2411.04217
cs.LG 2411.04219
cs.LG 2411.04225
cs.LG 2411.04242
cs.LG 2411.04257
cs.LG 2411.04266
cs.LG 2411.04276
cs.LG 2411.04278
cs.LG 2411.04280
cs.LG 2411.04281
cs.LG 2411.04285
cs.LG 2411.04295
cs.LG 2411.04315
cs.LG 2411.04323
cs.LG 2411.04324
cs.LG 2411.04330
cs.LG 2411.04341
cs.LG 2411.04342
cs.LG 2411.04354
cs.LG 2411.04356
cs.LG 2411.04358
cs.LG 2411.04371
cs.LG 2411.04372
cs.LG 2411.04376
cs.LG 2411.04381
cs.LG 2411.04388
cs.LG 2411.04396
cs.LG 2411.04397
cs.LG 2411.04421
cs.LG 2411.04422
cs.LG 2411.04430
cs.LG 2411.04434
cs.LG 2411.04453
cs.LG 2411.04466
cs.LG 2411.04476
cs.LG 2411.04491
cs.LG 2411.04512
cs.LG 2411.04517
cs.LG 2411.04532
cs.LG 2411.04534
cs.LG 2411.04554
cs.LG 2411.04556
cs.LG 2411.04562
cs.LG 2411.04569
cs.LG 2411.04570
cs.LG 2411.04579
cs.LG 2411.04594
cs.LG 2411.04625
cs.LG 2411.04635
cs.LG 2411.04644
cs.LG 2411.04655
cs.LG 2411.04662
cs.LG 2411.04669
cs.LG 2411.04672
cs.LG 2411.04680
cs.LG 2411.04695
cs.LG 2411.04696
cs.LG 2411.04708
cs.LG 2411.04717
cs.LG 2411.04723
cs.LG 2411.04728
cs.LG 2411.04732
cs.LG 2411.04744
cs.LG 2411.04760
cs.LG 2411.04761
cs.LG 2411.04777
cs.LG 2411.04811
cs.LG 2411.04812
cs.LG 2411.04814
cs.LG 2411.04855
cs.LG 2411.04863
cs.LG 2411.04899
cs.LG 2411.04907
cs.LG 2411.04913
cs.LG 2411.04915
cs.LG 2411.04936
cs.LG 2411.04976
cs.LG 2411.04990
cs.LG 2411.04992
cs.SI 2411.00028
cs.SI 2411.00644
cs.SI 2411.00702
cs.SI 2411.00714
cs.SI 2411.00249
cs.SI 2411.00262
cs.SI 2411.00376
cs.SI 2411.00606
cs.SI 2411.00612
cs.SI 2411.00813
cs.SI 2411.00823
cs.SI 2411.00825
cs.SI 2411.01169
cs.SI 2411.01329
cs.SI 2411.01410
cs.SI 2411.02003
cs.SI 2411.02005
cs.SI 2411.02045
cs.SI 2411.00975
cs.SI 2411.01143
cs.SI 2411.01239
cs.SI 2411.01242
cs.SI 2411.01330
cs.SI 2411.01394
cs.SI 2411.01424
cs.SI 2411.01852
cs.SI 2411.01947
cs.SI 2411.02268
cs.SI 2411.01844
cs.SI 2411.02405
cs.SI 2411.02542
cs.SI 2411.02403
cs.SI 2411.02434
cs.SI 2411.02866
cs.SI 2411.03859
cs.SI 2411.03865
cs.SI 2411.03331
cs.SI 2411.03333
cs.SI 2411.03335
cs.SI 2411.04655
cs.SI 2411.04681
cs.SI 2411.04936
cs.SI 2411.04564
cs.SI 2411.04876
cs.SY 2411.00107
cs.SY 2411.00357
cs.SY 2411.00413
cs.SY 2411.00426
cs.SY 2411.00461
cs.SY 2411.00555
cs.SY 2411.00570
cs.SY 2411.00159
cs.SY 2411.00223
cs.SY 2411.00224
cs.SY 2411.00318
cs.SY 2411.00337
cs.SY 2411.00417
cs.SY 2411.00506
cs.SY 2411.00579
cs.SY 2411.00656
cs.SY 2411.00668
cs.SY 2411.00703
cs.SY 2411.00889
cs.SY 2411.01000
cs.SY 2411.01271
cs.SY 2411.01321
cs.SY 2411.01380
cs.SY 2411.01416
cs.SY 2411.01425
cs.SY 2411.01428
cs.SY 2411.01668
cs.SY 2411.01826
cs.SY 2411.01827
cs.SY 2411.02086
cs.SY 2411.02158
cs.SY 2411.02186
cs.SY 2411.02230
cs.SY 2411.02253
cs.SY 2411.02292
cs.SY 2411.02295
cs.SY 2411.02333
cs.SY 2411.00995
cs.SY 2411.01055
cs.SY 2411.01194
cs.SY 2411.01198
cs.SY 2411.01286
cs.SY 2411.01297
cs.SY 2411.01336
cs.SY 2411.01361
cs.SY 2411.01412
cs.SY 2411.01451
cs.SY 2411.01506
cs.SY 2411.01794
cs.SY 2411.01863
cs.SY 2411.01872
cs.SY 2411.01908
cs.SY 2411.01918
cs.SY 2411.01944
cs.SY 2411.02089
cs.SY 2411.02098
cs.SY 2411.02135
cs.SY 2411.02159
cs.SY 2411.02215
cs.SY 2411.02248
cs.SY 2411.02447
cs.SY 2411.02471
cs.SY 2411.02605
cs.SY 2411.02636
cs.SY 2411.02824
cs.SY 2411.02891
cs.SY 2411.02957
cs.SY 2411.02975
cs.SY 2411.03277
cs.SY 2411.03287
cs.SY 2411.03289
cs.SY 2411.02903
cs.SY 2411.02905
cs.SY 2411.02906
cs.SY 2411.02911
cs.SY 2411.03099
cs.SY 2411.03113
cs.SY 2411.03189
cs.SY 2411.03220
cs.SY 2411.03271
cs.SY 2411.03288
cs.SY 2410.16383
cs.SY 2411.03481
cs.SY 2411.03501
cs.SY 2411.03581
cs.SY 2411.03619
cs.SY 2411.03733
cs.SY 2411.03873
cs.SY 2411.04027
cs.SY 2411.04046
cs.SY 2411.04052
cs.SY 2411.03380
cs.SY 2411.03465
cs.SY 2411.03582
cs.SY 2411.03633
cs.SY 2411.03736
cs.SY 2411.03737
cs.SY 2411.03772
cs.SY 2411.03834
cs.SY 2411.03875
cs.SY 2411.03909
cs.SY 2411.03998
cs.SY 2411.04011
cs.SY 2411.04106
cs.SY 2405.00695
cs.SY 2411.04494
cs.SY 2411.04515
cs.SY 2411.04675
cs.SY 2411.04676
cs.SY 2411.04809
cs.SY 2411.04202
cs.SY 2411.04274
cs.SY 2411.04467
cs.SY 2411.04472
cs.SY 2411.04510
cs.SY 2411.04548
cs.SY 2411.04789
cs.SY 2411.04791
cs.SY 2411.04833
cs.SY 2411.04864
eess.AS 2411.00121
eess.AS 2411.00153
eess.AS 2411.00195
eess.AS 2411.00275
eess.AS 2411.00321
eess.AS 2411.00464
eess.AS 2411.00469
eess.AS 2411.00477
eess.AS 2411.00774
eess.AS 2411.00023
eess.AS 2411.00664
eess.AS 2411.00772
eess.AS 2411.00813
eess.AS 2411.00980
eess.AS 2411.01135
eess.AS 2411.01156
eess.AS 2411.01661
eess.AS 2411.01710
eess.AS 2411.01805
eess.AS 2411.01834
eess.AS 2411.02026
eess.AS 2411.02038
eess.AS 2411.02236
eess.AS 2411.01018
eess.AS 2411.01174
eess.AS 2411.02019
eess.AS 2411.02037
eess.AS 2411.02165
eess.AS 2411.02402
eess.AS 2411.02625
eess.AS 2411.03016
eess.AS 2411.03061
eess.AS 2411.03150
eess.AS 2411.03168
eess.AS 2411.03172
eess.AS 2411.03668
eess.AS 2411.03715
eess.AS 2411.03866
eess.AS 2411.03948
eess.AS 2411.04337
eess.AS 2411.04366
eess.AS 2411.04573
eess.AS 2411.04142
eess.AS 2411.04152
eess.AS 2411.04158
eess.AS 2411.04379
stat.ML 2411.00062
stat.ML 2411.00075
stat.ML 2411.00079
stat.ML 2411.00198
stat.ML 2411.00247
stat.ML 2411.00273
stat.ML 2411.00287
stat.ML 2411.00297
stat.ML 2411.00317
stat.ML 2411.00354
stat.ML 2411.00498
stat.ML 2411.00635
stat.ML 2411.00680
stat.ML 2411.00707
stat.ML 2411.00759
stat.ML 2411.00775
stat.ML 2411.00109
stat.ML 2411.00113
stat.ML 2411.00161
stat.ML 2411.00213
stat.ML 2411.00214
stat.ML 2411.00229
stat.ML 2411.00328
stat.ML 2411.00339
stat.ML 2411.00405
stat.ML 2411.00568
stat.ML 2411.00611
stat.ML 2411.00621
stat.ML 2411.00657
stat.ML 2411.00839
stat.ML 2411.00841
stat.ML 2411.00842
stat.ML 2411.00846
stat.ML 2411.00851
stat.ML 2411.00890
stat.ML 2411.00922
stat.ML 2411.00945
stat.ML 2411.00950
stat.ML 2411.00999
stat.ML 2411.01006
stat.ML 2411.01036
stat.ML 2411.01053
stat.ML 2411.01066
stat.ML 2411.01098
stat.ML 2411.01115
stat.ML 2411.01126
stat.ML 2411.01140
stat.ML 2411.01203
stat.ML 2411.01250
stat.ML 2411.01266
stat.ML 2411.01267
stat.ML 2411.01268
stat.ML 2411.01295
stat.ML 2411.01322
stat.ML 2411.01326
stat.ML 2411.01350
stat.ML 2411.01371
stat.ML 2411.01498
stat.ML 2411.01532
stat.ML 2411.01558
stat.ML 2411.01563
stat.ML 2411.01567
stat.ML 2411.01634
stat.ML 2411.01696
stat.ML 2411.01717
stat.ML 2411.01757
stat.ML 2411.01780
stat.ML 2411.01808
stat.ML 2411.01827
stat.ML 2411.01833
stat.ML 2411.01842
stat.ML 2411.01931
stat.ML 2411.01954
stat.ML 2411.01956
stat.ML 2411.01978
stat.ML 2411.02023
stat.ML 2411.02047
stat.ML 2411.02098
stat.ML 2411.02114
stat.ML 2411.02137
stat.ML 2411.02139
stat.ML 2411.02199
stat.ML 2411.02239
stat.ML 2411.02271
stat.ML 2411.02298
stat.ML 2411.02335
stat.ML 2411.00969
stat.ML 2411.01001
stat.ML 2411.01161
stat.ML 2411.01375
stat.ML 2411.01487
stat.ML 2411.01596
stat.ML 2411.01625
stat.ML 2411.01629
stat.ML 2411.01887
stat.ML 2411.01982
stat.ML 2411.02064
stat.ML 2411.02134
stat.ML 2411.02138
stat.ML 2411.02184
stat.ML 2411.02217
stat.ML 2411.02221
stat.ML 2411.02225
stat.ML 2411.02253
stat.ML 2411.02383
stat.ML 2410.15483
stat.ML 2411.02433
stat.ML 2411.02444
stat.ML 2411.02464
stat.ML 2411.02465
stat.ML 2411.02467
stat.ML 2411.02544
stat.ML 2411.02549
stat.ML 2411.02603
stat.ML 2411.02664
stat.ML 2411.02709
stat.ML 2411.02721
stat.ML 2411.02764
stat.ML 2411.02767
stat.ML 2411.02770
stat.ML 2411.02771
stat.ML 2411.02791
stat.ML 2411.02835
stat.ML 2411.02853
stat.ML 2411.03014
stat.ML 2411.03021
stat.ML 2411.03028
stat.ML 2411.03103
stat.ML 2411.03107
stat.ML 2411.03263
stat.ML 2411.02557
stat.ML 2411.02638
stat.ML 2411.02694
stat.ML 2411.02726
stat.ML 2411.02784
stat.ML 2411.02904
stat.ML 2411.03097
stat.ML 2411.03195
stat.ML 2411.03383
stat.ML 2411.03387
stat.ML 2411.03731
stat.ML 2411.03746
stat.ML 2411.03759
stat.ML 2411.03779
stat.ML 2411.03810
stat.ML 2411.03936
stat.ML 2411.04108
stat.ML 2411.03384
stat.ML 2411.03611
stat.ML 2411.03620
stat.ML 2411.03932
stat.ML 2411.04054
stat.ML 2411.04278
stat.ML 2411.04280
stat.ML 2411.04281
stat.ML 2411.04282
stat.ML 2411.04421
stat.ML 2411.04466
stat.ML 2411.04551
stat.ML 2411.04625
stat.ML 2411.04655
stat.ML 2411.04729
stat.ML 2411.04775
stat.ML 2411.04216
stat.ML 2411.04243
stat.ML 2411.04265
stat.ML 2411.04394
stat.ML 2411.04852
stat.ML 2411.04939
nlin.AO 2411.00061
nlin.AO 2411.00155
nlin.AO 2411.00692
nlin.AO 2411.01359
nlin.AO 2411.02010
nlin.AO 2411.01770
nlin.AO 2411.01965
nlin.AO 2411.02130
nlin.AO 2411.03311
nlin.AO 2411.03421
nlin.AO 2411.04681
math.OC 2411.00003
math.OC 2411.00112
math.OC 2411.00171
math.OC 2411.00214
math.OC 2411.00493
math.OC 2411.00504
math.OC 2411.00568
math.OC 2411.00659
math.OC 2411.00688
math.OC 2411.00135
math.OC 2411.00165
math.OC 2411.00166
math.OC 2411.00312
math.OC 2411.00370
math.OC 2411.00438
math.OC 2411.00455
math.OC 2411.00482
math.OC 2411.00540
math.OC 2411.00546
math.OC 2411.00555
math.OC 2411.00633
math.OC 2411.00655
math.OC 2411.00787
math.OC 2411.01088
math.OC 2411.01302
math.OC 2411.01391
math.OC 2411.01550
math.OC 2411.01629
math.OC 2411.01827
math.OC 2411.02200
math.OC 2411.02253
math.OC 2411.00791
math.OC 2411.00834
math.OC 2411.00928
math.OC 2411.00979
math.OC 2411.01021
math.OC 2411.01027
math.OC 2411.01187
math.OC 2411.01211
math.OC 2411.01229
math.OC 2411.01346
math.OC 2411.01370
math.OC 2411.01416
math.OC 2411.01421
math.OC 2411.01428
math.OC 2411.01429
math.OC 2411.01484
math.OC 2411.01546
math.OC 2411.01668
math.OC 2411.01692
math.OC 2411.01772
math.OC 2411.01786
math.OC 2411.01793
math.OC 2411.01803
math.OC 2411.01826
math.OC 2411.01899
math.OC 2411.02015
math.OC 2411.02208
math.OC 2411.02211
math.OC 2410.15483
math.OC 2411.02574
math.OC 2411.02800
math.OC 2411.03006
math.OC 2411.03090
math.OC 2411.03277
math.OC 2411.02549
math.OC 2411.02573
math.OC 2411.02665
math.OC 2411.02719
math.OC 2411.02721
math.OC 2411.02766
math.OC 2411.02806
math.OC 2411.02822
math.OC 2411.03051
math.OC 2411.03103
math.OC 2411.03138
math.OC 2411.03216
math.OC 2411.03380
math.OC 2411.03407
math.OC 2411.03626
math.OC 2411.03759
math.OC 2411.03875
math.OC 2411.03909
math.OC 2411.03998
math.OC 2411.04098
math.OC 2411.03461
math.OC 2411.03520
math.OC 2411.03535
math.OC 2411.03617
math.OC 2411.03851
math.OC 2411.03899
math.OC 2411.03963
math.OC 2411.03986
math.OC 2411.03989
math.OC 2411.04018
math.OC 2411.04212
math.OC 2411.04270
math.OC 2411.04292
math.OC 2411.04452
math.OC 2411.04547
math.OC 2411.04802
math.OC 2411.04913
math.OC 2411.04200
math.OC 2411.04237
math.OC 2411.04262
math.OC 2411.04301
math.OC 2411.04307
math.OC 2411.04317
math.OC 2411.04389
math.OC 2411.04400
math.OC 2411.04506
math.OC 2411.04551
math.OC 2411.04676
math.OC 2411.04809
math.OC 2411.04845
math.OC 2411.04910
math.OC 2411.04917
math.OC 2411.04946
stat.TH 2411.00191
stat.TH 2411.00253
stat.TH 2411.00371
stat.TH 2411.00525
stat.TH 2411.00573
stat.TH 2411.01382
stat.TH 2411.01588
stat.TH 2411.01629
stat.TH 2411.02141
stat.TH 2411.02184
stat.TH 2411.02225
stat.TH 2411.02298
stat.TH 2411.01112
stat.TH 2411.01234
stat.TH 2411.01237
stat.TH 2411.01275
stat.TH 2411.01563
stat.TH 2411.01884
stat.TH 2411.01888
stat.TH 2411.02137
stat.TH 2411.02357
stat.TH 2411.02694
stat.TH 2411.02769
stat.TH 2411.02771
stat.TH 2411.03304
stat.TH 2411.02399
stat.TH 2411.02835
stat.TH 2411.02909
stat.TH 2411.03139
stat.TH 2411.03583
stat.TH 2411.03609
stat.TH 2411.03383
stat.TH 2411.03623
stat.TH 2411.03828
stat.TH 2411.04166
stat.TH 2411.04729
stat.TH 2411.04909
stat.TH 2411.04320
stat.TH 2411.04522
eess.IV 2411.00078
eess.IV 2411.00178
eess.IV 2411.00274
eess.IV 2411.00281
eess.IV 2411.00335
eess.IV 2411.00359
eess.IV 2411.00543
eess.IV 2411.00560
eess.IV 2411.00578
eess.IV 2411.00705
eess.IV 2411.00143
eess.IV 2411.00254
eess.IV 2411.00326
eess.IV 2411.00338
eess.IV 2411.00527
eess.IV 2411.00547
eess.IV 2411.00594
eess.IV 2411.00605
eess.IV 2411.00609
eess.IV 2411.00617
eess.IV 2411.00726
eess.IV 2411.00749
eess.IV 2411.00898
eess.IV 2411.00901
eess.IV 2411.00984
eess.IV 2411.01027
eess.IV 2411.01390
eess.IV 2411.01573
eess.IV 2411.01975
eess.IV 2411.00830
eess.IV 2411.00832
eess.IV 2411.00869
eess.IV 2411.00875
eess.IV 2411.00888
eess.IV 2411.00891
eess.IV 2411.00893
eess.IV 2411.00894
eess.IV 2411.00900
eess.IV 2411.00911
eess.IV 2411.00919
eess.IV 2411.00922
eess.IV 2411.01019
eess.IV 2411.01034
eess.IV 2411.01144
eess.IV 2411.01163
eess.IV 2411.01227
eess.IV 2411.01251
eess.IV 2411.01268
eess.IV 2411.01291
eess.IV 2411.01403
eess.IV 2411.01575
eess.IV 2411.01669
eess.IV 2411.01758
eess.IV 2411.01859
eess.IV 2411.01896
eess.IV 2411.01955
eess.IV 2411.02349
eess.IV 2411.02410
eess.IV 2411.02426
eess.IV 2411.02452
eess.IV 2411.02456
eess.IV 2411.02449
eess.IV 2411.02466
eess.IV 2411.02534
eess.IV 2411.02611
eess.IV 2411.02614
eess.IV 2411.02637
eess.IV 2411.02639
eess.IV 2411.02672
eess.IV 2411.02724
eess.IV 2411.02745
eess.IV 2411.02815
eess.IV 2411.02867
eess.IV 2411.02888
eess.IV 2411.02951
eess.IV 2411.03064
eess.IV 2411.03362
eess.IV 2411.03341
eess.IV 2411.03456
eess.IV 2411.03464
eess.IV 2411.03551
eess.IV 2411.03615
eess.IV 2411.03618
eess.IV 2411.03723
eess.IV 2411.03758
eess.IV 2411.04004
eess.IV 2411.04376
eess.IV 2411.04620
eess.IV 2411.04682
eess.IV 2411.04711
eess.IV 2411.04810
eess.IV 2411.04821
eess.IV 2411.04153
eess.IV 2411.04155
eess.IV 2411.04404
eess.IV 2411.04595
eess.IV 2411.04648
eess.IV 2411.04782
eess.IV 2411.04844
nlin.CD 2410.23499
nlin.CD 2410.23588
nlin.CD 2410.24043
nlin.CD 2410.23408
nlin.CD 2411.01069
nlin.CD 2411.01939
nlin.CD 2411.02171
nlin.CD 2411.01201
nlin.CD 2411.02641
nlin.CD 2411.02949
nlin.CD 2411.03311
nlin.CD 2411.02659
nlin.CD 2411.02919
nlin.CD 2411.03587
nlin.CD 2411.04754
math.PR 2411.00074
math.PR 2411.00218
math.PR 2411.00253
math.PR 2411.00611
math.PR 2411.00633
math.PR 2411.00713
math.PR 2411.00629
math.PR 2411.00663
math.PR 2411.00748
math.PR 2411.00792
math.PR 2411.01032
math.PR 2411.01302
math.PR 2411.01355
math.PR 2411.01836
math.PR 2411.01983
math.PR 2411.02232
math.PR 2411.00930
math.PR 2411.01104
math.PR 2411.01364
math.PR 2411.01467
math.PR 2411.01633
math.PR 2411.01731
math.PR 2411.01847
math.PR 2411.01849
math.PR 2411.02030
math.PR 2411.02033
math.PR 2411.02046
math.PR 2411.02141
math.PR 2411.02156
math.PR 2411.02362
math.PR 2411.02590
math.PR 2411.02721
math.PR 2411.02770
math.PR 2411.02835
math.PR 2411.03153
math.PR 2411.02459
math.PR 2411.02541
math.PR 2411.02898
math.PR 2411.02917
math.PR 2411.03065
math.PR 2411.03104
math.PR 2411.03157
math.PR 2411.03384
math.PR 2411.03623
math.PR 2411.03643
math.PR 2411.03699
math.PR 2411.03986
math.PR 2411.04076
math.PR 2411.03482
math.PR 2411.03512
math.PR 2411.03528
math.PR 2411.03609
math.PR 2411.03634
math.PR 2411.03712
math.PR 2411.03942
math.PR 2411.03955
math.PR 2411.03984
math.PR 2411.04081
math.PR 2411.04116
math.PR 2411.04248
math.PR 2411.04262
math.PR 2411.04300
math.PR 2411.04347
math.PR 2411.04705
math.PR 2411.04845
math.PR 2411.04908
math.PR 2411.04913
math.PR 2411.04917
math.PR 2411.04157
math.PR 2411.04238
math.PR 2411.04322
math.PR 2411.04500
math.PR 2411.04590
math.PR 2411.04603
math.PR 2411.04631
math.PR 2411.04690
math.PR 2411.04773
math.PR 2411.04778
math.PR 2411.04795
math.PR 2411.04802
math.PR 2411.04988
physics.comp-ph 2411.00099
physics.comp-ph 2411.00134
physics.comp-ph 2411.00468
physics.comp-ph 2411.00490
physics.comp-ph 2411.00531
physics.comp-ph 2411.00692
physics.comp-ph 2411.00276
physics.comp-ph 2411.00851
physics.comp-ph 2411.00917
physics.comp-ph 2411.00989
physics.comp-ph 2411.01197
physics.comp-ph 2411.01298
physics.comp-ph 2411.01415
physics.comp-ph 2411.01719
physics.comp-ph 2411.02042
physics.comp-ph 2411.02049
physics.comp-ph 2411.02053
physics.comp-ph 2411.02079
physics.comp-ph 2411.02126
physics.comp-ph 2411.02133
physics.comp-ph 2411.02254
physics.comp-ph 2411.02389
physics.comp-ph 2411.00977
physics.comp-ph 2411.01673
physics.comp-ph 2411.01762
physics.comp-ph 2411.01848
physics.comp-ph 2411.01945
physics.comp-ph 2411.02032
physics.comp-ph 2411.02257
physics.comp-ph 2411.02434
physics.comp-ph 2411.02606
physics.comp-ph 2411.02621
physics.comp-ph 2411.02740
physics.comp-ph 2411.02782
physics.comp-ph 2411.02834
physics.comp-ph 2411.03009
physics.comp-ph 2411.03164
physics.comp-ph 2411.03173
physics.comp-ph 2411.03251
physics.comp-ph 2411.02407
physics.comp-ph 2411.02411
physics.comp-ph 2411.02415
physics.comp-ph 2411.02604
physics.comp-ph 2411.02640
physics.comp-ph 2411.03002
physics.comp-ph 2411.03074
physics.comp-ph 2411.03318
physics.comp-ph 2411.03526
physics.comp-ph 2411.03671
physics.comp-ph 2411.03739
physics.comp-ph 2411.03872
physics.comp-ph 2411.03890
physics.comp-ph 2411.03389
physics.comp-ph 2411.03788
physics.comp-ph 2411.03958
physics.comp-ph 2411.04333
physics.comp-ph 2411.04567
physics.comp-ph 2411.04661
physics.comp-ph 2411.04701
physics.comp-ph 2411.04769
physics.comp-ph 2411.04785
physics.comp-ph 2411.04827
physics.comp-ph 2411.04882
eess.SP 2411.00198
eess.SP 2411.00209
eess.SP 2411.00373
eess.SP 2411.00374
eess.SP 2411.00397
eess.SP 2411.00499
eess.SP 2411.00547
eess.SP 2411.00697
eess.SP 2411.00731
eess.SP 2411.00145
eess.SP 2411.00184
eess.SP 2411.00258
eess.SP 2411.00334
eess.SP 2411.00416
eess.SP 2411.00433
eess.SP 2411.00496
eess.SP 2411.00893
eess.SP 2411.00960
eess.SP 2411.01018
eess.SP 2411.01341
eess.SP 2411.01388
eess.SP 2411.01418
eess.SP 2411.01525
eess.SP 2411.01623
eess.SP 2411.01750
eess.SP 2411.01776
eess.SP 2411.01878
eess.SP 2411.02004
eess.SP 2411.02008
eess.SP 2411.02127
eess.SP 2411.02286
eess.SP 2411.02334
eess.SP 2411.01244
eess.SP 2411.01254
eess.SP 2411.01338
eess.SP 2411.01398
eess.SP 2411.01400
eess.SP 2411.01517
eess.SP 2411.01529
eess.SP 2411.01552
eess.SP 2411.01567
eess.SP 2411.01589
eess.SP 2411.01871
eess.SP 2411.01923
eess.SP 2411.01977
eess.SP 2411.01991
eess.SP 2411.02016
eess.SP 2411.02072
eess.SP 2411.02081
eess.SP 2411.02150
eess.SP 2411.02242
eess.SP 2411.02366
eess.SP 2411.02471
eess.SP 2411.02609
eess.SP 2411.02767
eess.SP 2411.03061
eess.SP 2411.03127
eess.SP 2411.03172
eess.SP 2411.02417
eess.SP 2411.02425
eess.SP 2411.02615
eess.SP 2411.02718
eess.SP 2411.02827
eess.SP 2411.02857
eess.SP 2411.03084
eess.SP 2411.03191
eess.SP 2411.03206
eess.SP 2411.03910
eess.SP 2411.03996
eess.SP 2411.04114
eess.SP 2411.03565
eess.SP 2411.03606
eess.SP 2411.03612
eess.SP 2411.03636
eess.SP 2411.03691
eess.SP 2411.03711
eess.SP 2411.03886
eess.SP 2411.04452
eess.SP 2411.04568
eess.SP 2411.04570
eess.SP 2411.04574
eess.SP 2411.04672
eess.SP 2411.04727
eess.SP 2411.04762
eess.SP 2411.04949
eess.SP 2411.04128
eess.SP 2411.04131
eess.SP 2411.04364
eess.SP 2411.04370
eess.SP 2411.04382
eess.SP 2411.04398
eess.SP 2411.04419
eess.SP 2411.04423
eess.SP 2411.04511
eess.SP 2411.04541
eess.SP 2411.04575
eess.SP 2411.04581
eess.SP 2411.04611
eess.SP 2411.04675
eess.SP 2411.04689
eess.SP 2411.04702
eess.SP 2411.04753
nlin.SI 2411.00059
nlin.SI 2411.00512
nlin.SI 2411.00325
nlin.SI 2411.01389
nlin.SI 2411.01802
nlin.SI 2411.01891
nlin.SI 2411.02290
nlin.SI 2411.01657
nlin.SI 2411.02472
nlin.SI 2411.02519
nlin.SI 2411.03001
nlin.SI 2411.03997
nlin.SI 2411.04891
astro-ph.IM 2411.00088
astro-ph.IM 2411.00236
astro-ph.IM 2411.00410
astro-ph.IM 2411.00602
astro-ph.IM 2411.00654
astro-ph.IM 2411.00009
astro-ph.IM 2411.00057
astro-ph.IM 2411.00072
astro-ph.IM 2411.00484
astro-ph.IM 2411.00486
astro-ph.IM 2411.00607
astro-ph.IM 2411.00808
astro-ph.IM 2411.00952
astro-ph.IM 2411.00991
astro-ph.IM 2411.01058
astro-ph.IM 2411.01626
astro-ph.IM 2411.01761
astro-ph.IM 2411.02081
astro-ph.IM 2411.02252
astro-ph.IM 2411.00917
astro-ph.IM 2411.00924
astro-ph.IM 2411.00987
astro-ph.IM 2411.01363
astro-ph.IM 2411.01752
astro-ph.IM 2411.01809
astro-ph.IM 2411.02238
astro-ph.IM 2411.02247
astro-ph.IM 2411.02380
astro-ph.IM 2411.02487
astro-ph.IM 2411.02586
astro-ph.IM 2411.02634
astro-ph.IM 2411.02653
astro-ph.IM 2411.02812
astro-ph.IM 2411.02912
astro-ph.IM 2411.03056
astro-ph.IM 2411.03142
astro-ph.IM 2411.03186
astro-ph.IM 2411.03246
astro-ph.IM 2411.02401
astro-ph.IM 2411.02501
astro-ph.IM 2411.02656
astro-ph.IM 2411.02859
astro-ph.IM 2411.03040
astro-ph.IM 2411.03050
astro-ph.IM 2411.03134
astro-ph.IM 2411.03144
astro-ph.IM 2411.03165
astro-ph.IM 2411.03251
astro-ph.IM 2411.03254
astro-ph.IM 2411.03256
astro-ph.IM 2411.03258
astro-ph.IM 2411.03418
astro-ph.IM 2411.03631
astro-ph.IM 2411.03791
astro-ph.IM 2411.03994
astro-ph.IM 2411.04078
astro-ph.IM 2411.03334
astro-ph.IM 2411.03374
astro-ph.IM 2411.03457
astro-ph.IM 2411.04435
astro-ph.IM 2411.04436
astro-ph.IM 2411.04947
astro-ph.IM 2411.04164
astro-ph.IM 2411.04188
astro-ph.IM 2411.04193
astro-ph.IM 2411.04196
astro-ph.IM 2411.04750
physics.data-an 2410.23444
astro-ph.IM 2411.04793
physics.data-an 2411.00062
physics.data-an 2411.00085
physics.data-an 2411.00803
physics.data-an 2411.00991
physics.data-an 2411.01522
physics.data-an 2411.02075
physics.data-an 2411.02079
physics.data-an 2411.02373
physics.data-an 2411.01729
physics.data-an 2411.02434
physics.data-an 2411.02606
physics.data-an 2411.02628
physics.data-an 2411.02656
physics.data-an 2411.02740
physics.data-an 2411.02949
physics.data-an 2411.04587
physics.data-an 2411.04684
math.DS 2411.00061
math.DS 2411.00070
math.DS 2411.00312
math.DS 2411.00562
math.DS 2411.00663
math.DS 2411.00721
math.DS 2411.00763
math.DS 2411.00123
math.DS 2411.00152
math.DS 2411.00160
math.DS 2411.00175
math.DS 2411.00488
math.DS 2411.00732
math.DS 2411.00735
math.DS 2411.00989
math.DS 2411.01364
math.DS 2411.01374
math.DS 2411.01770
math.DS 2411.01786
math.DS 2411.01872
math.DS 2411.01951
math.DS 2411.01980
math.DS 2411.02030
math.DS 2411.00905
math.DS 2411.00923
math.DS 2411.01181
math.DS 2411.01495
math.DS 2411.01556
math.DS 2411.01719
math.DS 2411.02024
math.DS 2411.02106
math.DS 2411.02190
math.DS 2409.01244
math.DS 2411.02929
math.DS 2411.02949
math.DS 2411.03221
math.DS 2411.02641
math.DS 2411.02761
math.DS 2411.02865
math.DS 2411.02873
math.DS 2411.03173
math.DS 2411.03188
math.DS 2411.03277
math.DS 2411.03366
math.DS 2411.03509
math.DS 2411.03601
math.DS 2411.03623
math.DS 2411.03689
math.DS 2411.04007
math.DS 2411.04015
math.DS 2411.04020
math.DS 2411.03516
math.DS 2411.03529
math.DS 2411.03560
math.DS 2411.03586
math.DS 2411.03629
math.DS 2411.03778
math.DS 2411.04052
math.DS 1203.6037
math.DS 2411.04140
math.DS 2411.04278
math.DS 2411.04280
math.DS 2411.04297
math.DS 2411.04590
math.DS 2411.04910
math.DS 2411.04990
math.DS 2411.04504
math.DS 2411.04600
math.DS 2411.04716
math.DS 2411.04775
math.DS 2411.04842
math.DS 2411.04929
math.DS 2411.04938
physics.app-ph 2411.00099
physics.app-ph 2411.00203
physics.app-ph 2411.00303
physics.app-ph 2411.00697
physics.app-ph 2411.00746
physics.app-ph 2411.00077
physics.app-ph 2411.00591
physics.app-ph 2411.01196
physics.app-ph 2411.01219
physics.app-ph 2411.01581
physics.app-ph 2411.01724
physics.app-ph 2411.01727
physics.app-ph 2411.01733
physics.app-ph 2411.01806
physics.app-ph 2411.01912
physics.app-ph 2411.01914
physics.app-ph 2411.01937
physics.app-ph 2411.02215
physics.app-ph 2411.02269
physics.app-ph 2411.02321
physics.app-ph 2411.01043
physics.app-ph 2411.01089
physics.app-ph 2411.01206
physics.app-ph 2411.01257
physics.app-ph 2411.01632
physics.app-ph 2411.01635
physics.app-ph 2411.02054
physics.app-ph 2411.02443
physics.app-ph 2411.02606
physics.app-ph 2411.02734
physics.app-ph 2411.02740
physics.app-ph 2411.02877
physics.app-ph 2411.02913
physics.app-ph 2411.02927
physics.app-ph 2411.02934
physics.app-ph 2411.03005
physics.app-ph 2411.03198
physics.app-ph 2411.02605
physics.app-ph 2411.03052
physics.app-ph 2411.03114
physics.app-ph 2411.03218
physics.app-ph 2411.03339
physics.app-ph 2411.03849
physics.app-ph 2411.03853
physics.app-ph 2411.03870
physics.app-ph 2411.04061
physics.app-ph 2411.03378
physics.app-ph 2411.03721
physics.app-ph 2411.04086
physics.app-ph 2411.04113
physics.app-ph 2411.04385
physics.app-ph 2411.04433
physics.app-ph 2411.04441
physics.app-ph 2411.04486
physics.app-ph 2411.04487
physics.app-ph 2411.04546
physics.app-ph 2411.04665
physics.app-ph 2411.04670
physics.app-ph 2411.04742
physics.app-ph 2411.04823
physics.app-ph 2411.04943
physics.app-ph 2411.04980
physics.app-ph 2411.04355
physics.app-ph 2411.04582
physics.app-ph 2411.04660
physics.app-ph 2411.04937
cond-mat.dis-nn 2411.00110
cond-mat.dis-nn 2411.00434
cond-mat.dis-nn 2411.00545
cond-mat.dis-nn 2411.00733
cond-mat.dis-nn 2411.00389
cond-mat.dis-nn 2411.01860
cond-mat.dis-nn 2411.02237
cond-mat.dis-nn 2411.01651
cond-mat.dis-nn 2411.01974
cond-mat.dis-nn 2411.02010
cond-mat.dis-nn 2411.02012
cond-mat.dis-nn 2411.02171
cond-mat.dis-nn 2411.02331
cond-mat.dis-nn 2411.02566
cond-mat.dis-nn 2411.02630
cond-mat.dis-nn 2411.02883
cond-mat.dis-nn 2411.02922
cond-mat.dis-nn 2411.03030
cond-mat.dis-nn 2411.02739
cond-mat.dis-nn 2411.03544
cond-mat.dis-nn 2411.03587
cond-mat.dis-nn 2411.03874
cond-mat.dis-nn 2411.03980
cond-mat.dis-nn 2411.04045
cond-mat.dis-nn 2411.04089
cond-mat.dis-nn 2411.03442
cond-mat.dis-nn 2411.04191
cond-mat.dis-nn 2411.04433
cond-mat.dis-nn 2411.04527
cond-mat.dis-nn 2411.04645
cond-mat.dis-nn 2411.04567
physics.ins-det 2411.00130
physics.ins-det 2411.00170
physics.ins-det 2411.00484
physics.ins-det 2411.00607
physics.ins-det 2411.00501
physics.ins-det 2411.01118
physics.ins-det 2411.01581
physics.ins-det 2411.01641
physics.ins-det 2411.02048
physics.ins-det 2411.02056
physics.ins-det 2411.01258
physics.ins-det 2411.01260
physics.ins-det 2411.01278
physics.ins-det 2411.01626
physics.ins-det 2411.01648
physics.ins-det 2411.01722
physics.ins-det 2411.01968
physics.ins-det 2411.02206
physics.ins-det 2411.02212
physics.ins-det 2411.02912
physics.ins-det 2411.03023
physics.ins-det 2411.02532
physics.ins-det 2411.02565
physics.ins-det 2411.02606
physics.ins-det 2411.03214
physics.ins-det 2411.03478
physics.ins-det 2411.03329
physics.ins-det 2411.03337
physics.ins-det 2411.03338
physics.ins-det 2411.03476
physics.ins-det 2411.03685
physics.ins-det 2411.03722
physics.ins-det 2411.03907
physics.ins-det 2411.03933
physics.ins-det 2411.04175
physics.ins-det 2411.04373
physics.ins-det 2411.04429
physics.ins-det 2411.04483
physics.ins-det 2411.04785
physics.optics 2411.00170
physics.optics 2411.00212
physics.optics 2411.00473
physics.optics 2411.00503
physics.optics 2411.00549
physics.optics 2411.00016
physics.optics 2411.00162
physics.optics 2411.00189
physics.optics 2411.00215
physics.optics 2411.00234
physics.optics 2411.00237
physics.optics 2411.00303
physics.optics 2411.00574
physics.optics 2411.00596
physics.optics 2411.00645
physics.optics 2411.00697
physics.optics 2411.00758
physics.optics 2411.00991
physics.optics 2411.01069
physics.optics 2411.01206
physics.optics 2411.01333
physics.optics 2411.01729
physics.optics 2411.01934
physics.optics 2411.02010
physics.optics 2411.02241
physics.optics 2411.02389
physics.optics 2411.00901
physics.optics 2411.00953
physics.optics 2411.01058
physics.optics 2411.01107
physics.optics 2411.01147
physics.optics 2411.01154
physics.optics 2411.01196
physics.optics 2411.01513
physics.optics 2411.01708
physics.optics 2411.01724
physics.optics 2411.01860
physics.optics 2411.01914
physics.optics 2411.01976
physics.optics 2411.02014
physics.optics 2411.02048
physics.optics 2411.02049
physics.optics 2411.02056
physics.optics 2411.02107
physics.optics 2411.02182
physics.optics 2411.02243
physics.optics 2411.02246
physics.optics 2411.02269
physics.optics 2411.02315
physics.optics 2411.02341
physics.optics 2411.02501
physics.optics 2411.02697
physics.optics 2411.02731
physics.optics 2411.03114
physics.optics 2411.03214
physics.optics 2411.02734
physics.optics 2411.02892
physics.optics 2411.02893
physics.optics 2411.02934
physics.optics 2411.02985
physics.optics 2411.02986
physics.optics 2411.03032
physics.optics 2411.03036
physics.optics 2411.03185
physics.optics 2411.03262
physics.optics 2411.03281
physics.optics 2411.03423
physics.optics 2411.03479
physics.optics 2411.03527
physics.optics 2411.03640
physics.optics 2411.03694
physics.optics 2411.03765
physics.optics 2411.03904
physics.optics 2411.03432
physics.optics 2411.03515
physics.optics 2411.03564
physics.optics 2411.03718
physics.optics 2411.03738
physics.optics 2411.03893
physics.optics 2411.03946
physics.optics 2411.04412
physics.optics 2411.04937
physics.optics 2411.04980
physics.optics 2411.04258
physics.optics 2411.04314
physics.optics 2411.04369
physics.optics 2411.04373
physics.optics 2411.04385
physics.optics 2411.04395
physics.optics 2411.04402
physics.optics 2411.04417
physics.optics 2411.04441
physics.optics 2411.04486
physics.optics 2411.04487
physics.optics 2411.04531
physics.optics 2411.04613
physics.optics 2411.04665
physics.optics 2411.04666
physics.optics 2411.04698
physics.optics 2411.04742
physics.optics 2411.04891
physics.optics 2411.04943
physics.optics 2411.04961
physics.med-ph 2411.00165
physics.med-ph 2411.00594
physics.med-ph 2411.00199
physics.med-ph 2411.00661
physics.med-ph 2411.00671
physics.med-ph 2411.01291
physics.med-ph 2411.02345
physics.med-ph 2411.01004
physics.med-ph 2411.01543
physics.med-ph 2411.03015
physics.med-ph 2411.03249
physics.med-ph 2411.03319
physics.med-ph 2411.03339
physics.med-ph 2411.03414
physics.med-ph 2411.03655
physics.med-ph 2411.03733
physics.med-ph 2411.04401
physics.med-ph 2411.04515
q-fin.MF 2410.23927
q-fin.MF 2411.00713
q-fin.MF 2411.01983
q-fin.MF 2411.04041
q-fin.MF 2411.04616
econ.TH 2411.00564
econ.TH 2411.01879
econ.TH 2411.01068
econ.TH 2411.01315
econ.TH 2411.01566
econ.TH 2411.03026
econ.TH 2411.03241
econ.TH 2411.03583
econ.TH 2411.03608
econ.TH 2411.04262
econ.TH 2411.04841
