cs.FL 2504.20385
cs.FL 2504.20395
cs.FL 2504.20553
cs.FL 2504.20555
cs.FL 2504.21471
cs.FL 2504.21841
cs.FL 2504.21390
cs.FL 2504.21429
cs.FL 2505.00562
cs.FL 2505.00718
cs.FL 2505.00908
cs.FL 2505.00967
cs.FL 2505.01269
cs.FL 2505.01434
cs.CC 2505.02384
cs.CC 2505.01587
cs.CC 2505.01990
cs.CC 2505.02622
cs.CC 2505.03002
cs.CC 2505.04604
cs.CC 2505.04646
cs.CC 2505.05253
cs.CC 2505.06005
cs.CC 2505.06146
cs.CC 2505.05658
cs.DM 2505.01587
cs.DM 2505.02768
cs.DM 2505.02788
cs.DM 2505.02307
cs.DM 2505.03497
cs.DM 2505.04013
cs.DM 2505.04246
cs.DM 2505.04283
cs.DM 2505.04366
cs.DM 2505.04543
cs.DM 2505.05110
cs.DM 2505.05426
cs.DM 2505.05997
cs.DM 2505.06005
cs.DM 2505.06169
cs.DM 2505.05969
cs.DM 2505.06056
cs.AR 2505.02180
cs.AR 2505.02181
cs.AR 2505.02285
cs.AR 2505.02516
cs.AR 2505.02650
cs.AR 2505.01576
cs.AR 2505.02016
cs.AR 2505.02168
cs.AR 2505.02314
cs.AR 2505.03102
cs.AR 2505.03195
cs.AR 2505.03764
cs.AR 2505.04502
cs.AR 2505.04524
cs.AR 2505.03745
cs.AR 2505.03748
cs.AR 2505.03750
cs.AR 2505.03756
cs.AR 2505.03762
cs.AR 2505.03763
cs.AR 2505.03771
cs.AR 2505.03780
cs.AR 2505.03782
cs.AR 2505.04108
cs.AR 2505.04269
cs.AR 2505.04567
cs.AR 2505.05266
cs.AR 2505.05911
cs.AR 2505.06085
cs.AR 2505.05579
cs.AR 2505.05794
cs.AR 2505.05893
cs.DS 2505.01554
cs.DS 2505.01763
cs.DS 2505.01990
cs.DS 2505.02445
cs.DS 2505.01930
cs.DS 2505.01937
cs.DS 2505.01989
cs.DS 2505.02798
cs.DS 2505.02977
cs.DS 2505.03101
cs.DS 2505.03223
cs.DS 2505.03573
cs.DS 2505.02963
cs.DS 2505.03349
cs.DS 2505.03353
cs.DS 2505.03372
cs.DS 2505.03419
cs.DS 2505.03680
cs.DS 2505.03908
cs.DS 2505.04366
cs.DS 2505.04564
cs.DS 2505.04604
cs.DS 2505.03858
cs.DS 2505.03959
cs.DS 2505.04048
cs.DS 2505.04536
cs.DS 2505.04549
cs.DS 2505.05402
cs.DS 2505.04892
cs.DS 2505.04949
cs.DS 2505.04953
cs.DS 2505.05009
cs.DS 2505.05185
cs.DS 2505.05213
cs.DS 2505.05347
cs.DS 2505.05809
cs.DS 2505.05819
cs.DS 2505.06056
cs.DS 2505.06163
cs.DS 2505.05735
cs.DS 2505.05775
cs.DS 2505.05847
cs.DS 2505.05997
cs.DS 2505.06005
cs.DS 2505.06146
cs.DS 2505.06222
cs.CG 2505.00706
cs.CG 2505.01194
cs.CG 2505.01480
cs.CG 2505.01554
cs.CG 2505.02373
cs.CG 2505.02472
cs.CG 2505.03470
cs.CG 2505.04536
cs.CG 2505.04617
cs.CG 2505.05639
cs.CG 2505.06090
cs.GR 2505.01486
cs.GR 2505.01779
cs.GR 2505.01917
cs.GR 2505.01932
cs.GR 2505.02017
cs.GR 2505.02041
cs.GR 2505.02061
cs.GR 2505.02350
cs.GR 2505.02592
cs.GR 2505.03154
cs.GR 2505.03682
cs.GR 2505.04002
cs.GR 2505.04050
cs.GR 2505.04051
cs.GR 2505.04052
cs.GR 2505.04203
cs.GR 2505.04387
cs.GR 2505.04590
cs.GR 2505.04622
cs.GR 2505.04831
cs.GR 2505.04647
cs.GR 2505.04650
cs.GR 2505.04656
cs.GR 2505.04659
cs.GR 2505.04662
cs.GR 2505.04668
cs.GR 2505.04813
cs.GR 2505.04961
cs.GR 2505.04996
cs.GR 2505.05010
cs.GR 2505.05132
cs.GR 2505.05356
cs.GR 2505.05639
cs.GR 2505.06176
cs.GR 2505.06227
cs.CE 2505.01627
cs.CE 2505.01432
cs.CE 2505.01556
cs.CE 2505.01781
cs.CE 2505.01871
cs.CE 2505.02086
cs.CE 2505.02093
cs.CE 2505.02139
cs.CE 2505.02170
cs.CE 2505.02186
cs.CE 2505.02450
cs.CE 2505.02606
cs.CE 2505.03067
cs.CE 2505.03188
cs.CE 2505.03415
cs.CE 2505.03438
cs.CE 2505.04018
cs.CE 2505.04353
cs.CE 2505.04361
cs.CE 2505.04634
cs.CE 2505.04846
cs.CE 2505.04875
cs.CE 2505.05236
cs.CE 2505.05325
cs.CE 2505.05595
cs.CE 2505.05605
cs.CE 2505.05623
cs.CE 2505.05784
cs.CE 2505.05723
cs.DB 2505.02012
cs.DB 2505.02123
cs.DB 2505.02455
cs.DB 2505.02573
cs.DB 2505.02737
cs.DB 2505.01538
cs.DB 2505.01676
cs.DB 2505.01697
cs.DB 2505.02129
cs.DB 2505.02284
cs.DB 2505.02312
cs.DB 2505.02850
cs.DB 2505.03334
cs.DB 2505.02876
cs.DB 2505.02994
cs.DB 2505.03212
cs.DB 2505.03536
cs.DB 2505.04080
cs.DB 2505.04081
cs.DB 2505.04153
cs.DB 2505.04404
cs.DB 2505.05118
cs.DB 2505.05122
cs.DB 2505.05139
cs.DB 2505.05286
cs.DB 2505.05568
cs.DB 2505.05847
cs.DB 2505.05494
cs.DB 2505.05866
cs.DB 2505.05885
cs.DC 2505.01435
cs.DC 2505.01572
cs.DC 2505.01757
cs.DC 2505.01788
cs.DC 2505.01874
cs.DC 2505.02184
cs.DC 2505.02426
cs.DC 2505.02795
cs.DC 2505.01603
cs.DC 2505.01616
cs.DC 2505.01671
cs.DC 2505.01691
cs.DC 2505.01793
cs.DC 2505.01821
cs.DC 2505.01864
cs.DC 2505.01968
cs.DC 2505.02195
cs.DC 2505.02208
cs.DC 2505.02351
cs.DC 2505.02353
cs.DC 2505.02533
cs.DC 2505.02646
cs.DC 2505.02650
cs.DC 2505.02738
cs.DC 2505.02761
cs.DC 2505.02765
cs.DC 2505.02785
cs.DC 2505.02789
cs.DC 2505.03067
cs.DC 2505.03553
cs.DC 2505.03736
cs.DC 2505.02964
cs.DC 2505.02977
cs.DC 2505.03032
cs.DC 2505.03269
cs.DC 2505.03443
cs.DC 2505.03600
cs.DC 2505.03627
cs.DC 2505.03763
cs.DC 2505.04014
cs.DC 2505.04083
cs.DC 2505.04269
cs.DC 2505.03906
cs.DC 2505.03946
cs.DC 2505.03988
cs.DC 2505.04021
cs.DC 2505.04129
cs.DC 2505.04246
cs.DC 2505.04431
cs.DC 2505.04556
cs.DC 2505.04564
cs.DC 2505.04802
cs.DC 2505.04846
cs.DC 2505.04873
cs.DC 2505.05266
cs.DC 2505.05428
cs.DC 2505.04710
cs.DC 2505.04717
cs.DC 2505.04947
cs.DC 2505.05130
cs.DC 2505.05358
cs.DC 2505.05370
cs.DC 2505.05623
cs.DC 2505.05735
cs.DC 2505.06025
cs.DC 2505.06056
cs.DC 2505.06084
cs.DC 2505.06199
cs.DC 2505.05713
cs.DC 2505.05856
cs.DC 2505.05911
cs.DC 2505.05927
cs.DC 2505.06022
cs.DC 2505.06119
cs.GT 2505.02462
cs.GT 2505.01629
cs.GT 2505.02623
cs.GT 2505.02796
cs.GT 2505.02183
cs.GT 2505.02860
cs.GT 2505.02959
cs.GT 2505.02963
cs.GT 2505.03288
cs.GT 2505.03291
cs.GT 2505.03497
cs.GT 2505.03078
cs.GT 2505.03391
cs.GT 2505.03428
cs.GT 2505.04136
cs.GT 2505.04302
cs.GT 2505.04422
cs.GT 2505.05328
cs.GT 2505.05341
cs.GT 2505.05014
cs.GT 2505.05211
cs.GT 2505.05353
cs.GT 2505.05708
cs.GT 2505.05765
cs.GT 2505.05809
cs.GT 2505.05842
cs.GT 2505.06028
cs.GT 2505.06163
cs.HC 2505.01651
cs.HC 2505.01680
cs.HC 2505.01692
cs.HC 2505.01967
cs.HC 2505.02003
cs.HC 2505.02004
cs.HC 2505.02180
cs.HC 2505.02209
cs.HC 2505.02329
cs.HC 2505.02414
cs.HC 2505.02418
cs.HC 2505.02443
cs.HC 2505.02569
cs.HC 2505.01520
cs.HC 2505.01537
cs.HC 2505.01542
cs.HC 2505.01601
cs.HC 2505.01648
cs.HC 2505.01678
cs.HC 2505.01679
cs.HC 2505.01724
cs.HC 2505.01753
cs.HC 2505.01886
cs.HC 2505.02230
cs.HC 2505.02428
cs.HC 2505.02542
cs.HC 2505.02558
cs.HC 2505.02582
cs.HC 2505.02649
cs.HC 2505.02694
cs.HC 2505.02699
cs.HC 2505.02780
cs.HC 2505.02802
cs.HC 2505.02842
cs.HC 2505.02975
cs.HC 2505.03033
cs.HC 2505.03132
cs.HC 2505.03163
cs.HC 2505.03189
cs.HC 2505.03251
cs.HC 2505.03376
cs.HC 2505.03427
cs.HC 2505.03568
cs.HC 2505.03027
cs.HC 2505.03073
cs.HC 2505.03105
cs.HC 2505.03117
cs.HC 2505.03164
cs.HC 2505.03185
cs.HC 2505.03364
cs.HC 2505.03423
cs.HC 2505.03440
cs.HC 2505.03492
cs.HC 2505.03584
cs.HC 2505.03618
cs.HC 2505.03682
cs.HC 2504.16728
cs.HC 2505.04152
cs.HC 2505.04172
cs.HC 2505.04488
cs.HC 2505.04548
cs.HC 2505.04551
cs.HC 2505.03807
cs.HC 2505.03867
cs.HC 2505.04184
cs.HC 2505.04210
cs.HC 2505.04260
cs.HC 2505.04273
cs.HC 2505.04433
cs.HC 2505.04446
cs.HC 2505.04487
cs.HC 2505.04584
cs.HC 2505.04722
cs.HC 2505.04885
cs.HC 2505.05318
cs.HC 2505.05396
cs.HC 2505.04712
cs.HC 2505.04869
cs.HC 2505.04886
cs.HC 2505.04890
cs.HC 2505.05038
cs.HC 2505.05170
cs.HC 2505.05441
cs.HC 2505.05516
cs.HC 2505.05773
cs.HC 2505.05851
cs.HC 2505.06120
cs.HC 2505.06134
cs.HC 2505.05543
cs.HC 2505.05660
cs.HC 2505.05694
cs.HC 2505.05786
cs.HC 2505.05817
cs.HC 2505.05828
cs.HC 2505.05832
cs.HC 2505.05923
cs.HC 2505.05937
cs.HC 2505.06045
cs.HC 2505.06064
cs.CV 2505.01456
cs.CV 2505.01457
cs.CV 2505.01476
cs.CV 2505.01638
cs.CV 2505.01644
cs.CV 2505.01657
cs.CV 2505.01670
cs.CV 2505.01709
cs.CV 2505.01741
cs.CV 2505.01755
cs.CV 2505.01768
cs.CV 2505.01831
cs.CV 2505.01854
cs.CV 2505.01880
cs.CV 2505.01884
cs.CV 2505.01932
cs.CV 2505.01996
cs.CV 2505.02001
cs.CV 2505.02052
cs.CV 2505.02094
cs.CV 2505.02147
cs.CV 2505.02211
cs.CV 2505.02304
cs.CV 2505.02350
cs.CV 2505.02369
cs.CV 2505.02385
cs.CV 2505.02396
cs.CV 2505.02405
cs.CV 2505.02476
cs.CV 2505.02628
cs.CV 2505.02664
cs.CV 2505.02705
cs.CV 2505.02833
cs.CV 2505.01428
cs.CV 2505.01429
cs.CV 2505.01430
cs.CV 2505.01431
cs.CV 2505.01481
cs.CV 2505.01490
cs.CV 2505.01530
cs.CV 2505.01548
cs.CV 2505.01558
cs.CV 2505.01571
cs.CV 2505.01578
cs.CV 2505.01583
cs.CV 2505.01615
cs.CV 2505.01650
cs.CV 2505.01656
cs.CV 2505.01664
cs.CV 2505.01680
cs.CV 2505.01694
cs.CV 2505.01699
cs.CV 2505.01711
cs.CV 2505.01713
cs.CV 2505.01726
cs.CV 2505.01729
cs.CV 2505.01737
cs.CV 2505.01743
cs.CV 2505.01746
cs.CV 2505.01766
cs.CV 2505.01790
cs.CV 2505.01799
cs.CV 2505.01802
cs.CV 2505.01805
cs.CV 2505.01809
cs.CV 2505.01823
cs.CV 2505.01837
cs.CV 2505.01838
cs.CV 2505.01851
cs.CV 2505.01857
cs.CV 2505.01869
cs.CV 2505.01881
cs.CV 2505.01882
cs.CV 2505.01888
cs.CV 2505.01928
cs.CV 2505.01934
cs.CV 2505.01938
cs.CV 2505.01950
cs.CV 2505.01958
cs.CV 2505.01969
cs.CV 2505.01973
cs.CV 2505.01984
cs.CV 2505.01986
cs.CV 2505.02005
cs.CV 2505.02007
cs.CV 2505.02013
cs.CV 2505.02018
cs.CV 2505.02025
cs.CV 2505.02043
cs.CV 2505.02046
cs.CV 2505.02048
cs.CV 2505.02056
cs.CV 2505.02060
cs.CV 2505.02064
cs.CV 2505.02071
cs.CV 2505.02075
cs.CV 2505.02079
cs.CV 2505.02108
cs.CV 2505.02109
cs.CV 2505.02126
cs.CV 2505.02134
cs.CV 2505.02148
cs.CV 2505.02159
cs.CV 2505.02161
cs.CV 2505.02175
cs.CV 2505.02176
cs.CV 2505.02178
cs.CV 2505.02179
cs.CV 2505.02182
cs.CV 2505.02192
cs.CV 2505.02236
cs.CV 2505.02242
cs.CV 2505.02246
cs.CV 2505.02255
cs.CV 2505.02278
cs.CV 2505.02287
cs.CV 2505.02325
cs.CV 2505.02331
cs.CV 2505.02335
cs.CV 2505.02364
cs.CV 2505.02365
cs.CV 2505.02370
cs.CV 2505.02388
cs.CV 2505.02393
cs.CV 2505.02406
cs.CV 2505.02448
cs.CV 2505.02467
cs.CV 2505.02471
cs.CV 2505.02481
cs.CV 2505.02501
cs.CV 2505.02527
cs.CV 2505.02529
cs.CV 2505.02539
cs.CV 2505.02549
cs.CV 2505.02567
cs.CV 2505.02586
cs.CV 2505.02593
cs.CV 2505.02626
cs.CV 2505.02648
cs.CV 2505.02654
cs.CV 2505.02677
cs.CV 2505.02690
cs.CV 2505.02703
cs.CV 2505.02704
cs.CV 2505.02720
cs.CV 2505.02746
cs.CV 2505.02751
cs.CV 2505.02753
cs.CV 2505.02779
cs.CV 2505.02784
cs.CV 2505.02787
cs.CV 2505.02797
cs.CV 2505.02815
cs.CV 2505.02823
cs.CV 2505.02824
cs.CV 2505.02825
cs.CV 2505.02830
cs.CV 2505.02831
cs.CV 2505.02835
cs.CV 2505.02836
cs.CV 2505.02843
cs.CV 2505.02845
cs.CV 2505.02877
cs.CV 2505.03037
cs.CV 2505.03046
cs.CV 2505.03123
cs.CV 2505.03174
cs.CV 2505.03186
cs.CV 2505.03420
cs.CV 2505.03510
cs.CV 2505.03646
cs.CV 2505.03702
cs.CV 2505.03729
cs.CV 2505.02867
cs.CV 2505.02949
cs.CV 2505.02966
cs.CV 2505.02971
cs.CV 2505.02980
cs.CV 2505.03007
cs.CV 2505.03012
cs.CV 2505.03018
cs.CV 2505.03039
cs.CV 2505.03093
cs.CV 2505.03097
cs.CV 2505.03113
cs.CV 2505.03114
cs.CV 2505.03116
cs.CV 2505.03132
cs.CV 2505.03134
cs.CV 2505.03149
cs.CV 2505.03153
cs.CV 2505.03154
cs.CV 2505.03173
cs.CV 2505.03176
cs.CV 2505.03184
cs.CV 2505.03203
cs.CV 2505.03204
cs.CV 2505.03220
cs.CV 2505.03242
cs.CV 2505.03254
cs.CV 2505.03261
cs.CV 2505.03284
cs.CV 2505.03286
cs.CV 2505.03299
cs.CV 2505.03300
cs.CV 2505.03303
cs.CV 2505.03310
cs.CV 2505.03318
cs.CV 2505.03319
cs.CV 2505.03327
cs.CV 2505.03329
cs.CV 2505.03334
cs.CV 2505.03350
cs.CV 2505.03351
cs.CV 2505.03361
cs.CV 2505.03362
cs.CV 2505.03374
cs.CV 2505.03380
cs.CV 2505.03383
cs.CV 2505.03394
cs.CV 2505.03401
cs.CV 2505.03412
cs.CV 2505.03414
cs.CV 2505.03422
cs.CV 2505.03426
cs.CV 2505.03431
cs.CV 2505.03435
cs.CV 2505.03445
cs.CV 2505.03463
cs.CV 2505.03470
cs.CV 2505.03494
cs.CV 2505.03498
cs.CV 2505.03507
cs.CV 2505.03522
cs.CV 2505.03528
cs.CV 2505.03538
cs.CV 2505.03539
cs.CV 2505.03554
cs.CV 2505.03557
cs.CV 2505.03562
cs.CV 2505.03567
cs.CV 2505.03569
cs.CV 2505.03575
cs.CV 2505.03581
cs.CV 2505.03597
cs.CV 2505.03599
cs.CV 2505.03603
cs.CV 2505.03610
cs.CV 2505.03611
cs.CV 2505.03621
cs.CV 2505.03623
cs.CV 2505.03631
cs.CV 2505.03638
cs.CV 2505.03654
cs.CV 2505.03662
cs.CV 2505.03667
cs.CV 2505.03679
cs.CV 2505.03692
cs.CV 2505.03703
cs.CV 2505.03715
cs.CV 2505.03730
cs.CV 2505.03735
cs.CV 2505.03757
cs.CV 2505.03788
cs.CV 2505.03800
cs.CV 2505.03807
cs.CV 2505.03808
cs.CV 2505.03809
cs.CV 2505.03836
cs.CV 2505.03838
cs.CV 2505.03842
cs.CV 2505.03844
cs.CV 2505.03845
cs.CV 2505.03859
cs.CV 2505.03912
cs.CV 2505.04003
cs.CV 2505.04050
cs.CV 2505.04052
cs.CV 2505.04095
cs.CV 2505.04097
cs.CV 2505.04258
cs.CV 2505.04387
cs.CV 2505.04590
cs.CV 2505.04596
cs.CV 2505.04619
cs.CV 2505.04622
cs.CV 2505.04623
cs.CV 2505.03821
cs.CV 2505.03826
cs.CV 2505.03829
cs.CV 2505.03832
cs.CV 2505.03833
cs.CV 2505.03837
cs.CV 2505.03846
cs.CV 2505.03848
cs.CV 2505.03856
cs.CV 2505.03896
cs.CV 2505.03974
cs.CV 2505.03991
cs.CV 2505.04006
cs.CV 2505.04055
cs.CV 2505.04058
cs.CV 2505.04087
cs.CV 2505.04088
cs.CV 2505.04105
cs.CV 2505.04109
cs.CV 2505.04119
cs.CV 2505.04121
cs.CV 2505.04147
cs.CV 2505.04150
cs.CV 2505.04175
cs.CV 2505.04185
cs.CV 2505.04192
cs.CV 2505.04201
cs.CV 2505.04207
cs.CV 2505.04214
cs.CV 2505.04229
cs.CV 2505.04262
cs.CV 2505.04270
cs.CV 2505.04276
cs.CV 2505.04281
cs.CV 2505.04306
cs.CV 2505.04320
cs.CV 2505.04347
cs.CV 2505.04369
cs.CV 2505.04375
cs.CV 2505.04376
cs.CV 2505.04380
cs.CV 2505.04384
cs.CV 2505.04392
cs.CV 2505.04394
cs.CV 2505.04397
cs.CV 2505.04408
cs.CV 2505.04410
cs.CV 2505.04424
cs.CV 2505.04460
cs.CV 2505.04481
cs.CV 2505.04485
cs.CV 2505.04486
cs.CV 2505.04488
cs.CV 2505.04497
cs.CV 2505.04502
cs.CV 2505.04512
cs.CV 2505.04522
cs.CV 2505.04524
cs.CV 2505.04526
cs.CV 2505.04529
cs.CV 2505.04540
cs.CV 2505.04575
cs.CV 2505.04586
cs.CV 2505.04594
cs.CV 2505.04601
cs.CV 2505.04612
cs.CV 2505.04616
cs.CV 2505.04620
cs.CV 2505.04647
cs.CV 2505.04652
cs.CV 2505.04653
cs.CV 2505.04660
cs.CV 2505.04664
cs.CV 2505.04813
cs.CV 2505.04836
cs.CV 2505.04851
cs.CV 2505.04860
cs.CV 2505.04913
cs.CV 2505.04959
cs.CV 2505.04961
cs.CV 2505.04969
cs.CV 2505.04972
cs.CV 2505.04996
cs.CV 2505.05040
cs.CV 2505.05041
cs.CV 2505.05054
cs.CV 2505.05073
cs.CV 2505.05076
cs.CV 2505.05088
cs.CV 2505.05098
cs.CV 2505.05112
cs.CV 2505.05132
cs.CV 2505.05137
cs.CV 2505.05195
cs.CV 2505.05208
cs.CV 2505.05223
cs.CV 2505.05248
cs.CV 2505.05279
cs.CV 2505.05291
cs.CV 2505.05309
cs.CV 2505.05356
cs.CV 2505.05374
cs.CV 2505.04672
cs.CV 2505.04713
cs.CV 2505.04718
cs.CV 2505.04720
cs.CV 2505.04740
cs.CV 2505.04758
cs.CV 2505.04769
cs.CV 2505.04787
cs.CV 2505.04788
cs.CV 2505.04793
cs.CV 2505.04835
cs.CV 2505.04838
cs.CV 2505.04850
cs.CV 2505.04861
cs.CV 2505.04864
cs.CV 2505.04877
cs.CV 2505.04888
cs.CV 2505.04899
cs.CV 2505.04905
cs.CV 2505.04911
cs.CV 2505.04915
cs.CV 2505.04917
cs.CV 2505.04921
cs.CV 2505.04922
cs.CV 2505.04938
cs.CV 2505.04941
cs.CV 2505.04946
cs.CV 2505.04962
cs.CV 2505.04963
cs.CV 2505.04964
cs.CV 2505.04965
cs.CV 2505.04974
cs.CV 2505.04979
cs.CV 2505.05001
cs.CV 2505.05004
cs.CV 2505.05007
cs.CV 2505.05008
cs.CV 2505.05022
cs.CV 2505.05023
cs.CV 2505.05043
cs.CV 2505.05049
cs.CV 2505.05062
cs.CV 2505.05071
cs.CV 2505.05074
cs.CV 2505.05081
cs.CV 2505.05089
cs.CV 2505.05091
cs.CV 2505.05101
cs.CV 2505.05136
cs.CV 2505.05163
cs.CV 2505.05183
cs.CV 2505.05189
cs.CV 2505.05209
cs.CV 2505.05212
cs.CV 2505.05215
cs.CV 2505.05229
cs.CV 2505.05240
cs.CV 2505.05288
cs.CV 2505.05307
cs.CV 2505.05318
cs.CV 2505.05321
cs.CV 2505.05331
cs.CV 2505.05336
cs.CV 2505.05343
cs.CV 2505.05367
cs.CV 2505.05375
cs.CV 2505.05376
cs.CV 2505.05391
cs.CV 2505.05397
cs.CV 2505.05422
cs.CV 2505.05446
cs.CV 2505.05456
cs.CV 2505.05467
cs.CV 2505.05469
cs.CV 2505.05470
cs.CV 2505.05472
cs.CV 2505.05473
cs.CV 2505.05474
cs.CV 2505.05475
cs.CV 2505.04105
cs.CV 2505.05477
cs.CV 2505.05504
cs.CV 2505.05509
cs.CV 2505.05510
cs.CV 2505.05518
cs.CV 2505.05592
cs.CV 2505.05631
cs.CV 2505.05643
cs.CV 2505.05647
cs.CV 2505.05659
cs.CV 2505.05689
cs.CV 2505.05703
cs.CV 2505.05732
cs.CV 2505.05736
cs.CV 2505.05768
cs.CV 2505.05798
cs.CV 2505.05800
cs.CV 2505.05812
cs.CV 2505.05957
cs.CV 2505.06020
cs.CV 2505.06030
cs.CV 2505.06079
cs.CV 2505.06105
cs.CV 2505.06118
cs.CV 2505.06123
cs.CV 2505.06176
cs.CV 2505.06185
cs.CV 2505.06191
cs.CV 2505.06210
cs.CV 2505.06218
cs.CV 2505.06227
cs.CV 2505.05487
cs.CV 2505.05488
cs.CV 2505.05491
cs.CV 2505.05492
cs.CV 2505.05495
cs.CV 2505.05501
cs.CV 2505.05505
cs.CV 2505.05512
cs.CV 2505.05513
cs.CV 2505.05517
cs.CV 2505.05519
cs.CV 2505.05520
cs.CV 2505.05528
cs.CV 2505.05531
cs.CV 2505.05540
cs.CV 2505.05573
cs.CV 2505.05587
cs.CV 2505.05589
cs.CV 2505.05591
cs.CV 2505.05599
cs.CV 2505.05621
cs.CV 2505.05626
cs.CV 2505.05635
cs.CV 2505.05640
cs.CV 2505.05644
cs.CV 2505.05666
cs.CV 2505.05672
cs.CV 2505.05678
cs.CV 2505.05681
cs.CV 2505.05710
cs.CV 2505.05711
cs.CV 2505.05721
cs.CV 2505.05722
cs.CV 2505.05741
cs.CV 2505.05748
cs.CV 2505.05752
cs.CV 2505.05759
cs.CV 2505.05804
cs.CV 2505.05806
cs.CV 2505.05829
cs.CV 2505.05834
cs.CV 2505.05845
cs.CV 2505.05848
cs.CV 2505.05853
cs.CV 2505.05855
cs.CV 2505.05870
cs.CV 2505.05892
cs.CV 2505.05895
cs.CV 2505.05901
cs.CV 2505.05913
cs.CV 2505.05936
cs.CV 2505.05943
cs.CV 2505.06002
cs.CV 2505.06003
cs.CV 2505.06038
cs.CV 2505.06055
cs.CV 2505.06068
cs.CV 2505.06113
cs.CV 2505.06117
cs.CV 2505.06133
cs.CV 2505.06152
cs.CV 2505.06166
cs.CV 2505.06217
cs.CV 2505.06219
cs.AI 2503.02910
cs.AI 2504.18793
cs.AI 2505.01437
cs.AI 2505.01438
cs.AI 2505.01440
cs.AI 2505.01445
cs.AI 2505.01453
cs.AI 2505.01456
cs.AI 2505.01458
cs.AI 2505.01459
cs.AI 2505.01474
cs.AI 2505.01475
cs.AI 2505.01476
cs.AI 2505.01514
cs.AI 2505.01523
cs.AI 2505.01524
cs.AI 2505.01530
cs.AI 2505.01531
cs.AI 2505.01542
cs.AI 2505.01557
cs.AI 2505.01583
cs.AI 2505.01584
cs.AI 2505.01592
cs.AI 2505.01595
cs.AI 2505.01615
cs.AI 2505.01618
cs.AI 2505.01619
cs.AI 2505.01632
cs.AI 2505.01635
cs.AI 2505.01638
cs.AI 2505.01647
cs.AI 2505.01652
cs.AI 2505.01664
cs.AI 2505.01680
cs.AI 2505.01694
cs.AI 2505.01696
cs.AI 2505.01699
cs.AI 2505.01709
cs.AI 2505.01730
cs.AI 2505.01731
cs.AI 2505.01736
cs.AI 2505.01743
cs.AI 2505.01780
cs.AI 2505.01781
cs.AI 2505.01794
cs.AI 2505.01800
cs.AI 2505.01812
cs.AI 2505.01821
cs.AI 2505.01822
cs.AI 2505.01823
cs.AI 2505.01854
cs.AI 2505.01855
cs.AI 2505.01877
cs.AI 2505.01881
cs.AI 2505.01884
cs.AI 2505.01892
cs.AI 2505.01903
cs.AI 2505.01912
cs.AI 2505.01931
cs.AI 2505.01944
cs.AI 2505.01948
cs.AI 2505.01950
cs.AI 2505.01956
cs.AI 2505.01966
cs.AI 2505.01967
cs.AI 2505.01997
cs.AI 2505.01998
cs.AI 2505.02011
cs.AI 2505.02020
cs.AI 2505.02027
cs.AI 2505.02048
cs.AI 2505.02072
cs.AI 2505.02073
cs.AI 2505.02075
cs.AI 2505.02077
cs.AI 2505.02078
cs.AI 2505.02120
cs.AI 2505.02129
cs.AI 2505.02139
cs.AI 2505.02154
cs.AI 2505.02156
cs.AI 2505.02158
cs.AI 2505.02170
cs.AI 2505.02171
cs.AI 2505.02192
cs.AI 2505.02198
cs.AI 2505.02206
cs.AI 2505.02228
cs.AI 2505.02230
cs.AI 2505.02232
cs.AI 2505.02235
cs.AI 2505.02236
cs.AI 2505.02247
cs.AI 2505.02255
cs.AI 2505.02266
cs.AI 2505.02272
cs.AI 2505.02274
cs.AI 2505.02281
cs.AI 2505.02288
cs.AI 2505.02299
cs.AI 2505.02309
cs.AI 2505.02313
cs.AI 2505.02314
cs.AI 2505.02347
cs.AI 2505.02352
cs.AI 2505.02360
cs.AI 2505.02362
cs.AI 2505.02366
cs.AI 2505.02369
cs.AI 2505.02370
cs.AI 2505.02387
cs.AI 2505.02388
cs.AI 2505.02390
cs.AI 2505.02391
cs.AI 2505.02396
cs.AI 2505.02410
cs.AI 2505.02417
cs.AI 2505.02426
cs.AI 2505.02433
cs.AI 2505.02435
cs.AI 2505.02467
cs.AI 2505.02483
cs.AI 2505.02485
cs.AI 2505.02486
cs.AI 2505.02501
cs.AI 2505.02502
cs.AI 2505.02533
cs.AI 2505.02537
cs.AI 2505.02540
cs.AI 2505.02550
cs.AI 2505.02566
cs.AI 2505.02573
cs.AI 2505.02579
cs.AI 2505.02625
cs.AI 2505.02627
cs.AI 2505.02639
cs.AI 2505.02640
cs.AI 2505.02649
cs.AI 2505.02655
cs.AI 2505.02659
cs.AI 2505.02694
cs.AI 2505.02712
cs.AI 2505.02737
cs.AI 2505.02763
cs.AI 2505.02780
cs.AI 2505.02795
cs.AI 2505.02824
cs.AI 2505.01441
cs.AI 2505.01462
cs.AI 2505.01464
cs.AI 2505.01468
cs.AI 2505.01482
cs.AI 2505.01485
cs.AI 2505.01539
cs.AI 2505.01563
cs.AI 2505.01572
cs.AI 2505.01636
cs.AI 2505.01651
cs.AI 2505.01706
cs.AI 2505.01712
cs.AI 2505.01754
cs.AI 2505.01953
cs.AI 2505.01955
cs.AI 2505.02003
cs.AI 2505.02024
cs.AI 2505.02050
cs.AI 2505.02052
cs.AI 2505.02062
cs.AI 2505.02076
cs.AI 2505.02087
cs.AI 2505.02099
cs.AI 2505.02110
cs.AI 2505.02118
cs.AI 2505.02121
cs.AI 2505.02130
cs.AI 2505.02184
cs.AI 2505.02215
cs.AI 2505.02216
cs.AI 2505.02271
cs.AI 2505.02279
cs.AI 2505.02306
cs.AI 2505.02322
cs.AI 2505.02413
cs.AI 2505.02439
cs.AI 2505.02441
cs.AI 2505.02443
cs.AI 2505.02462
cs.AI 2505.02484
cs.AI 2505.02489
cs.AI 2505.02516
cs.AI 2505.02576
cs.AI 2505.02581
cs.AI 2505.02609
cs.AI 2505.02665
cs.AI 2505.02707
cs.AI 2505.02709
cs.AI 2505.02722
cs.AI 2505.02735
cs.AI 2505.02747
cs.AI 2505.02766
cs.AI 2505.02781
cs.AI 2505.02811
cs.AI 2505.02820
cs.AI 2505.02828
cs.AI 2505.02829
cs.AI 2505.02841
cs.AI 2505.02843
cs.AI 2505.02846
cs.AI 2505.02847
cs.AI 2505.02848
cs.AI 2505.02849
cs.AI 2505.02850
cs.AI 2505.02851
cs.AI 2505.02853
cs.AI 2505.02854
cs.AI 2505.02856
cs.AI 2505.02859
cs.AI 2505.02861
cs.AI 2505.02862
cs.AI 2505.02863
cs.AI 2505.02865
cs.AI 2505.02872
cs.AI 2505.02874
cs.AI 2505.02877
cs.AI 2505.02881
cs.AI 2505.02884
cs.AI 2505.02886
cs.AI 2505.02887
cs.AI 2505.02888
cs.AI 2505.02889
cs.AI 2505.02931
cs.AI 2505.02945
cs.AI 2505.02966
cs.AI 2505.03005
cs.AI 2505.03018
cs.AI 2505.03019
cs.AI 2505.03025
cs.AI 2505.03035
cs.AI 2505.03053
cs.AI 2505.03077
cs.AI 2505.03096
cs.AI 2505.03105
cs.AI 2505.03132
cs.AI 2505.03149
cs.AI 2505.03154
cs.AI 2505.03156
cs.AI 2505.03172
cs.AI 2505.03173
cs.AI 2505.03176
cs.AI 2505.03193
cs.AI 2505.03196
cs.AI 2505.03204
cs.AI 2505.03214
cs.AI 2505.03217
cs.AI 2505.03242
cs.AI 2505.03265
cs.AI 2505.03281
cs.AI 2505.03296
cs.AI 2505.03299
cs.AI 2505.03303
cs.AI 2505.03314
cs.AI 2505.03319
cs.AI 2505.03327
cs.AI 2505.03335
cs.AI 2505.03336
cs.AI 2505.03338
cs.AI 2505.03373
cs.AI 2505.03380
cs.AI 2505.03392
cs.AI 2505.03401
cs.AI 2505.03406
cs.AI 2505.03424
cs.AI 2505.03426
cs.AI 2505.03427
cs.AI 2505.03443
cs.AI 2505.03451
cs.AI 2505.03452
cs.AI 2505.03470
cs.AI 2505.03490
cs.AI 2505.03492
cs.AI 2505.03510
cs.AI 2505.03522
cs.AI 2505.03557
cs.AI 2505.03560
cs.AI 2505.03561
cs.AI 2505.03562
cs.AI 2505.03574
cs.AI 2505.03584
cs.AI 2505.03586
cs.AI 2505.03646
cs.AI 2505.03648
cs.AI 2505.03654
cs.AI 2505.03655
cs.AI 2505.03662
cs.AI 2505.03694
cs.AI 2505.03710
cs.AI 2505.03730
cs.AI 2505.03738
cs.AI 2505.03739
cs.AI 2505.02952
cs.AI 2505.03020
cs.AI 2505.03033
cs.AI 2505.03054
cs.AI 2505.03108
cs.AI 2505.03135
cs.AI 2505.03171
cs.AI 2505.03189
cs.AI 2505.03275
cs.AI 2505.03295
cs.AI 2505.03315
cs.AI 2505.03332
cs.AI 2505.03359
cs.AI 2505.03369
cs.AI 2505.03434
cs.AI 2505.03439
cs.AI 2505.03475
cs.AI 2505.03547
cs.AI 2505.03553
cs.AI 2505.03570
cs.AI 2505.03641
cs.AI 2505.03643
cs.AI 2505.03668
cs.AI 2505.03674
cs.AI 2505.03678
cs.AI 2504.13777
cs.AI 2505.03745
cs.AI 2505.03746
cs.AI 2505.03747
cs.AI 2505.03748
cs.AI 2505.03750
cs.AI 2505.03756
cs.AI 2505.03760
cs.AI 2505.03763
cs.AI 2505.03764
cs.AI 2505.03769
cs.AI 2505.03780
cs.AI 2505.03787
cs.AI 2505.03788
cs.AI 2505.03790
cs.AI 2505.03791
cs.AI 2505.03792
cs.AI 2505.03793
cs.AI 2505.03795
cs.AI 2505.03796
cs.AI 2505.03798
cs.AI 2505.03799
cs.AI 2505.03801
cs.AI 2505.03802
cs.AI 2505.03803
cs.AI 2505.03804
cs.AI 2505.03806
cs.AI 2505.03807
cs.AI 2505.03809
cs.AI 2505.03810
cs.AI 2505.03811
cs.AI 2505.03814
cs.AI 2505.03816
cs.AI 2505.03817
cs.AI 2505.03818
cs.AI 2505.03819
cs.AI 2505.03821
cs.AI 2505.03822
cs.AI 2505.03824
cs.AI 2505.03825
cs.AI 2505.03826
cs.AI 2505.03827
cs.AI 2505.03828
cs.AI 2505.03829
cs.AI 2505.03832
cs.AI 2505.03833
cs.AI 2505.03835
cs.AI 2505.03836
cs.AI 2505.03837
cs.AI 2505.03838
cs.AI 2505.03840
cs.AI 2505.03844
cs.AI 2505.03845
cs.AI 2505.03846
cs.AI 2505.03848
cs.AI 2505.03850
cs.AI 2505.03853
cs.AI 2505.03856
cs.AI 2505.03859
cs.AI 2505.03863
cs.AI 2505.03864
cs.AI 2505.03867
cs.AI 2505.03896
cs.AI 2505.03899
cs.AI 2505.03945
cs.AI 2505.03946
cs.AI 2505.03974
cs.AI 2505.03981
cs.AI 2505.03983
cs.AI 2505.03988
cs.AI 2505.04002
cs.AI 2505.04015
cs.AI 2505.04016
cs.AI 2505.04021
cs.AI 2505.04034
cs.AI 2505.04072
cs.AI 2505.04075
cs.AI 2505.04083
cs.AI 2505.04084
cs.AI 2505.04101
cs.AI 2505.04132
cs.AI 2505.04146
cs.AI 2505.04147
cs.AI 2505.04165
cs.AI 2505.04174
cs.AI 2505.04175
cs.AI 2505.04185
cs.AI 2505.04192
cs.AI 2505.04207
cs.AI 2505.04209
cs.AI 2505.04223
cs.AI 2505.04251
cs.AI 2505.04260
cs.AI 2505.04265
cs.AI 2505.04270
cs.AI 2505.04278
cs.AI 2505.04284
cs.AI 2505.04300
cs.AI 2505.04308
cs.AI 2505.04318
cs.AI 2505.04340
cs.AI 2505.04354
cs.AI 2505.04375
cs.AI 2505.04379
cs.AI 2505.04388
cs.AI 2505.04397
cs.AI 2505.04404
cs.AI 2505.04405
cs.AI 2505.04406
cs.AI 2505.04416
cs.AI 2505.04419
cs.AI 2505.04435
cs.AI 2505.04451
cs.AI 2505.04461
cs.AI 2505.04464
cs.AI 2505.04468
cs.AI 2505.04486
cs.AI 2505.04488
cs.AI 2505.04493
cs.AI 2505.04497
cs.AI 2505.04526
cs.AI 2505.04531
cs.AI 2505.04553
cs.AI 2505.04558
cs.AI 2505.04578
cs.AI 2505.04592
cs.AI 2505.04608
cs.AI 2505.04621
cs.AI 2505.04623
cs.AI 2505.03770
cs.AI 2505.03800
cs.AI 2505.03941
cs.AI 2505.03947
cs.AI 2505.03961
cs.AI 2505.03985
cs.AI 2505.03989
cs.AI 2505.04019
cs.AI 2505.04115
cs.AI 2505.04310
cs.AI 2505.04313
cs.AI 2505.04317
cs.AI 2505.04352
cs.AI 2505.04480
cs.AI 2505.04525
cs.AI 2505.04528
cs.AI 2505.04539
cs.AI 2504.06667
cs.AI 2505.04628
cs.AI 2505.04629
cs.AI 2505.04637
cs.AI 2505.04639
cs.AI 2505.04642
cs.AI 2505.04650
cs.AI 2505.04653
cs.AI 2505.04664
cs.AI 2505.04665
cs.AI 2505.04673
cs.AI 2505.04677
cs.AI 2505.04678
cs.AI 2505.04725
cs.AI 2505.04732
cs.AI 2505.04741
cs.AI 2505.04759
cs.AI 2505.04784
cs.AI 2505.04785
cs.AI 2505.04787
cs.AI 2505.04792
cs.AI 2505.04802
cs.AI 2505.04808
cs.AI 2505.04841
cs.AI 2505.04842
cs.AI 2505.04847
cs.AI 2505.04852
cs.AI 2505.04860
cs.AI 2505.04864
cs.AI 2505.04873
cs.AI 2505.04877
cs.AI 2505.04880
cs.AI 2505.04881
cs.AI 2505.04883
cs.AI 2505.04888
cs.AI 2505.04891
cs.AI 2505.04898
cs.AI 2505.04911
cs.AI 2505.04916
cs.AI 2505.04918
cs.AI 2505.04931
cs.AI 2505.04939
cs.AI 2505.04946
cs.AI 2505.04955
cs.AI 2505.04956
cs.AI 2505.04961
cs.AI 2505.04971
cs.AI 2505.04972
cs.AI 2505.04977
cs.AI 2505.04983
cs.AI 2505.04994
cs.AI 2505.05001
cs.AI 2505.05015
cs.AI 2505.05019
cs.AI 2505.05040
cs.AI 2505.05054
cs.AI 2505.05056
cs.AI 2505.05071
cs.AI 2505.05086
cs.AI 2505.05138
cs.AI 2505.05145
cs.AI 2505.05170
cs.AI 2505.05181
cs.AI 2505.05189
cs.AI 2505.05190
cs.AI 2505.05195
cs.AI 2505.05203
cs.AI 2505.05211
cs.AI 2505.05226
cs.AI 2505.05262
cs.AI 2505.05271
cs.AI 2505.05283
cs.AI 2505.05288
cs.AI 2505.05291
cs.AI 2505.05315
cs.AI 2505.05318
cs.AI 2505.05321
cs.AI 2505.05354
cs.AI 2505.05356
cs.AI 2505.05375
cs.AI 2505.05402
cs.AI 2505.05408
cs.AI 2505.05410
cs.AI 2505.05422
cs.AI 2505.05423
cs.AI 2505.05465
cs.AI 2505.05467
cs.AI 2505.05470
cs.AI 2505.04638
cs.AI 2505.04646
cs.AI 2505.04674
cs.AI 2505.04736
cs.AI 2505.04822
cs.AI 2505.04843
cs.AI 2505.04851
cs.AI 2505.04914
cs.AI 2505.04927
cs.AI 2505.04950
cs.AI 2505.04966
cs.AI 2505.04997
cs.AI 2505.05029
cs.AI 2505.05059
cs.AI 2505.05106
cs.AI 2505.05108
cs.AI 2505.05115
cs.AI 2505.05177
cs.AI 2505.05197
cs.AI 2505.05232
cs.AI 2505.05235
cs.AI 2505.05396
cs.AI 2505.05440
cs.AI 2505.05453
cs.AI 2505.04999
cs.AI 2505.05481
cs.AI 2505.05486
cs.AI 2505.05491
cs.AI 2505.05492
cs.AI 2505.05494
cs.AI 2505.05498
cs.AI 2505.05501
cs.AI 2505.05516
cs.AI 2505.05520
cs.AI 2505.05522
cs.AI 2505.05523
cs.AI 2505.05527
cs.AI 2505.05528
cs.AI 2505.05530
cs.AI 2505.05533
cs.AI 2505.05538
cs.AI 2505.05543
cs.AI 2505.05568
cs.AI 2505.05573
cs.AI 2505.05577
cs.AI 2505.05588
cs.AI 2505.05589
cs.AI 2505.05595
cs.AI 2505.05599
cs.AI 2505.05622
cs.AI 2505.05625
cs.AI 2505.05626
cs.AI 2505.05638
cs.AI 2505.05665
cs.AI 2505.05666
cs.AI 2505.05683
cs.AI 2505.05704
cs.AI 2505.05710
cs.AI 2505.05738
cs.AI 2505.05753
cs.AI 2505.05756
cs.AI 2505.05762
cs.AI 2505.05768
cs.AI 2505.05777
cs.AI 2505.05784
cs.AI 2505.05794
cs.AI 2505.05796
cs.AI 2505.05799
cs.AI 2505.05849
cs.AI 2505.05863
cs.AI 2505.05869
cs.AI 2505.05870
cs.AI 2505.05877
cs.AI 2505.05893
cs.AI 2505.05895
cs.AI 2505.05901
cs.AI 2505.05916
cs.AI 2505.05943
cs.AI 2505.05946
cs.AI 2505.05965
cs.AI 2505.05988
cs.AI 2505.06023
cs.AI 2505.06047
cs.AI 2505.06085
cs.AI 2505.06091
cs.AI 2505.06108
cs.AI 2505.06110
cs.AI 2505.06111
cs.AI 2505.06118
cs.AI 2505.06123
cs.AI 2505.06136
cs.AI 2505.06150
cs.AI 2505.06152
cs.AI 2505.06175
cs.AI 2505.06186
cs.AI 2505.06218
cs.AI 2505.05541
cs.AI 2505.05602
cs.AI 2505.05612
cs.AI 2505.05616
cs.AI 2505.05684
cs.AI 2505.05701
cs.AI 2505.05758
cs.AI 2505.05880
cs.AI 2505.05976
cs.AI 2505.06020
cs.AI 2505.06030
cs.AI 2505.06049
cs.AI 2505.06096
cs.AI 2505.06191
cs.LO 2505.01944
cs.LO 2505.02144
cs.LO 2505.02771
cs.LO 2505.03643
cs.LO 2505.03693
cs.LO 2505.04528
cs.LO 2505.04013
cs.LO 2505.04712
cs.LO 2505.04677
cs.LO 2505.04870
cs.LO 2505.05306
cs.LO 2505.05362
cs.LO 2505.05758
cs.LO 2505.05976
cs.LO 2505.06059
cs.LO 2505.05986
cs.LO 2505.05987
cs.LO 2505.05988
cs.LO 2505.05990
cs.LO 2505.06069
cs.LO 2505.06193
cs.IR 2505.01538
cs.IR 2505.01754
cs.IR 2505.02746
cs.IR 2505.02811
cs.IR 2505.01435
cs.IR 2505.01442
cs.IR 2505.01447
cs.IR 2505.01451
cs.IR 2505.01452
cs.IR 2505.01457
cs.IR 2505.01657
cs.IR 2505.01695
cs.IR 2505.01842
cs.IR 2505.01907
cs.IR 2505.01946
cs.IR 2505.02120
cs.IR 2505.02154
cs.IR 2505.02199
cs.IR 2505.02209
cs.IR 2505.02352
cs.IR 2505.02418
cs.IR 2505.02466
cs.IR 2505.02492
cs.IR 2505.02560
cs.IR 2505.02693
cs.IR 2505.02952
cs.IR 2505.03409
cs.IR 2505.02844
cs.IR 2505.03075
cs.IR 2505.03136
cs.IR 2505.03285
cs.IR 2505.03336
cs.IR 2505.03376
cs.IR 2505.03407
cs.IR 2505.03480
cs.IR 2505.03484
cs.IR 2505.03543
cs.IR 2505.03568
cs.IR 2505.03655
cs.IR 2505.03676
cs.IR 2505.03769
cs.IR 2505.04163
cs.IR 2505.04380
cs.IR 2505.03824
cs.IR 2505.03828
cs.IR 2505.03836
cs.IR 2505.03839
cs.IR 2505.03840
cs.IR 2505.04180
cs.IR 2505.04209
cs.IR 2505.04365
cs.IR 2505.04421
cs.IR 2505.04434
cs.IR 2505.04445
cs.IR 2505.04518
cs.IR 2505.04638
cs.IR 2505.04650
cs.IR 2505.04666
cs.IR 2505.04916
cs.IR 2505.04938
cs.IR 2505.05016
cs.IR 2505.04680
cs.IR 2505.04732
cs.IR 2505.04846
cs.IR 2505.04883
cs.IR 2505.04948
cs.IR 2505.04960
cs.IR 2505.05031
cs.IR 2505.05035
cs.IR 2505.05083
cs.IR 2505.05196
cs.IR 2505.05434
cs.IR 2505.05494
cs.IR 2505.05605
cs.IR 2505.05885
cs.IR 2505.06184
cs.IR 2505.05989
cs.MA 2505.01651
cs.MA 2505.01754
cs.MA 2505.01757
cs.MA 2505.02076
cs.MA 2505.02077
cs.MA 2505.02293
cs.MA 2505.02484
cs.MA 2505.02489
cs.MA 2505.01453
cs.MA 2505.01804
cs.MA 2505.01945
cs.MA 2505.02842
cs.MA 2505.02945
cs.MA 2505.03088
cs.MA 2505.03721
cs.MA 2505.02861
cs.MA 2505.03096
cs.MA 2505.03288
cs.MA 2505.03472
cs.MA 2505.03586
cs.MA 2505.03732
cs.MA 2505.03771
cs.MA 2505.03807
cs.MA 2505.03820
cs.MA 2505.03961
cs.MA 2505.04161
cs.MA 2505.04196
cs.MA 2505.04231
cs.MA 2505.04251
cs.MA 2505.04551
cs.MA 2505.03864
cs.MA 2505.04364
cs.MA 2505.04379
cs.MA 2505.04579
cs.MA 2505.04885
cs.MA 2505.04997
cs.MA 2505.05029
cs.MA 2505.05108
cs.MA 2505.05119
cs.MA 2505.05262
cs.MA 2505.05298
cs.MA 2505.05428
cs.MA 2505.05797
cs.MA 2505.05968
cs.MA 2505.06200
cs.PF 2505.01616
cs.PF 2505.02239
cs.PF 2505.02346
cs.PF 2505.02082
cs.PF 2505.02597
cs.PF 2505.02734
cs.PF 2505.03032
cs.PF 2505.03398
cs.PF 2505.03756
cs.PF 2505.03805
cs.PF 2505.03908
cs.PF 2505.03988
cs.PF 2505.04021
cs.PF 2505.04556
cs.PF 2505.04754
cs.PF 2505.06199
cs.PF 2505.05623
cs.PF 2505.06085
cs.NA 2505.01525
cs.NA 2505.01940
cs.NA 2505.02029
cs.NA 2505.02155
cs.NA 2505.02281
cs.NA 2505.02308
cs.NA 2505.02320
cs.NA 2505.02741
cs.NA 2505.01487
cs.NA 2505.01602
cs.NA 2505.01807
cs.NA 2505.01827
cs.NA 2505.02023
cs.NA 2505.02047
cs.NA 2505.02055
cs.NA 2505.02132
cs.NA 2505.02268
cs.NA 2505.02319
cs.NA 2505.02330
cs.NA 2505.02345
cs.NA 2505.02422
cs.NA 2505.02517
cs.NA 2505.02531
cs.NA 2505.02594
cs.NA 2505.02977
cs.NA 2505.03056
cs.NA 2505.03157
cs.NA 2505.03205
cs.NA 2505.03271
cs.NA 2505.03382
cs.NA 2505.02946
cs.NA 2505.03057
cs.NA 2505.03074
cs.NA 2505.03095
cs.NA 2505.03237
cs.NA 2505.03256
cs.NA 2505.03338
cs.NA 2505.03347
cs.NA 2505.03360
cs.NA 2505.03598
cs.NA 2505.03625
cs.NA 2505.03982
cs.NA 2505.04010
cs.NA 2505.04062
cs.NA 2505.04263
cs.NA 2505.04304
cs.NA 2505.04417
cs.NA 2505.04439
cs.NA 2505.04004
cs.NA 2505.04063
cs.NA 2505.04120
cs.NA 2505.04155
cs.NA 2505.04227
cs.NA 2505.04247
cs.NA 2505.04288
cs.NA 2505.04350
cs.NA 2505.04370
cs.NA 2505.04571
cs.NA 2505.04820
cs.NA 2505.05085
cs.NA 2505.05207
cs.NA 2505.04739
cs.NA 2505.04866
cs.NA 2505.04924
cs.NA 2505.05037
cs.NA 2505.05105
cs.NA 2505.05128
cs.NA 2505.05134
cs.NA 2505.05228
cs.NA 2505.05234
cs.NA 2505.05244
cs.NA 2505.05361
cs.NA 2505.05407
cs.NA 2505.05542
cs.NA 2505.05915
cs.NA 2505.05598
cs.NA 2505.05624
cs.NA 2505.05655
cs.NA 2505.05792
cs.NA 2505.05978
cs.NA 2505.05985
cs.NA 2505.06024
cs.NA 2505.06043
cs.NA 2505.06106
cs.NA 2505.06160
cs.NA 2505.06189
cs.NA 2505.06195
cs.RO 2505.01440
cs.RO 2505.01453
cs.RO 2505.01766
cs.RO 2505.01881
cs.RO 2505.01945
cs.RO 2505.01947
cs.RO 2505.02050
cs.RO 2505.02274
cs.RO 2505.02388
cs.RO 2505.02501
cs.RO 2505.02766
cs.RO 2505.01446
cs.RO 2505.01458
cs.RO 2505.01486
cs.RO 2505.01515
cs.RO 2505.01547
cs.RO 2505.01589
cs.RO 2505.01617
cs.RO 2505.01624
cs.RO 2505.01630
cs.RO 2505.01654
cs.RO 2505.01709
cs.RO 2505.01718
cs.RO 2505.01752
cs.RO 2505.01862
cs.RO 2505.01893
cs.RO 2505.01931
cs.RO 2505.01956
cs.RO 2505.01966
cs.RO 2505.01974
cs.RO 2505.01998
cs.RO 2505.02049
cs.RO 2505.02081
cs.RO 2505.02123
cs.RO 2505.02152
cs.RO 2505.02166
cs.RO 2505.02232
cs.RO 2505.02272
cs.RO 2505.02291
cs.RO 2505.02293
cs.RO 2505.02294
cs.RO 2505.02323
cs.RO 2505.02395
cs.RO 2505.02405
cs.RO 2505.02414
cs.RO 2505.02460
cs.RO 2505.02476
cs.RO 2505.02483
cs.RO 2505.02543
cs.RO 2505.02569
cs.RO 2505.02574
cs.RO 2505.02598
cs.RO 2505.02664
cs.RO 2505.02744
cs.RO 2505.02833
cs.RO 2505.02842
cs.RO 2505.03088
cs.RO 2505.03178
cs.RO 2505.03257
cs.RO 2505.03284
cs.RO 2505.03295
cs.RO 2505.03422
cs.RO 2505.03512
cs.RO 2505.03539
cs.RO 2505.03692
cs.RO 2505.02915
cs.RO 2505.03035
cs.RO 2505.03044
cs.RO 2505.03046
cs.RO 2505.03077
cs.RO 2505.03087
cs.RO 2505.03128
cs.RO 2505.03146
cs.RO 2505.03159
cs.RO 2505.03174
cs.RO 2505.03233
cs.RO 2505.03238
cs.RO 2505.03283
cs.RO 2505.03296
cs.RO 2505.03331
cs.RO 2505.03344
cs.RO 2505.03356
cs.RO 2505.03400
cs.RO 2505.03448
cs.RO 2505.03460
cs.RO 2505.03500
cs.RO 2505.03537
cs.RO 2505.03565
cs.RO 2505.03587
cs.RO 2505.03673
cs.RO 2505.03694
cs.RO 2505.03695
cs.RO 2505.03702
cs.RO 2505.03725
cs.RO 2505.03728
cs.RO 2505.03729
cs.RO 2505.03738
cs.RO 2505.04002
cs.RO 2505.04193
cs.RO 2505.04480
cs.RO 2505.04548
cs.RO 2505.04619
cs.RO 2505.03761
cs.RO 2505.03815
cs.RO 2505.03820
cs.RO 2505.03830
cs.RO 2505.03841
cs.RO 2505.03912
cs.RO 2505.03917
cs.RO 2505.03920
cs.RO 2505.03929
cs.RO 2505.03931
cs.RO 2505.04095
cs.RO 2505.04141
cs.RO 2505.04162
cs.RO 2505.04182
cs.RO 2505.04228
cs.RO 2505.04231
cs.RO 2505.04257
cs.RO 2505.04258
cs.RO 2505.04323
cs.RO 2505.04438
cs.RO 2505.04491
cs.RO 2505.04493
cs.RO 2505.04565
cs.RO 2505.04572
cs.RO 2505.04583
cs.RO 2505.04725
cs.RO 2505.04961
cs.RO 2505.04962
cs.RO 2505.05074
cs.RO 2505.05288
cs.RO 2505.05314
cs.RO 2505.05318
cs.RO 2505.04722
cs.RO 2505.04763
cs.RO 2505.04831
cs.RO 2505.04860
cs.RO 2505.04871
cs.RO 2505.04897
cs.RO 2505.04935
cs.RO 2505.04972
cs.RO 2505.04978
cs.RO 2505.04980
cs.RO 2505.04982
cs.RO 2505.04989
cs.RO 2505.04999
cs.RO 2505.05076
cs.RO 2505.05098
cs.RO 2505.05157
cs.RO 2505.05223
cs.RO 2505.05287
cs.RO 2505.05317
cs.RO 2505.05360
cs.RO 2505.05487
cs.RO 2505.05495
cs.RO 2505.05502
cs.RO 2505.05507
cs.RO 2505.05512
cs.RO 2505.05517
cs.RO 2505.05518
cs.RO 2505.05752
cs.RO 2505.05795
cs.RO 2505.05832
cs.RO 2505.05933
cs.RO 2505.06191
cs.RO 2505.06219
cs.RO 2505.05548
cs.RO 2505.05588
cs.RO 2505.05592
cs.RO 2505.05622
cs.RO 2505.05638
cs.RO 2505.05665
cs.RO 2505.05686
cs.RO 2505.05691
cs.RO 2505.05725
cs.RO 2505.05753
cs.RO 2505.05762
cs.RO 2505.05773
cs.RO 2505.05787
cs.RO 2505.05800
cs.RO 2505.05811
cs.RO 2505.05831
cs.RO 2505.05840
cs.RO 2505.05851
cs.RO 2505.05903
cs.RO 2505.06071
cs.RO 2505.06079
cs.RO 2505.06092
cs.RO 2505.06100
cs.RO 2505.06111
cs.RO 2505.06126
cs.RO 2505.06131
cs.RO 2505.06136
cs.RO 2505.06182
cs.RO 2505.06218
cs.CR 2505.01488
cs.CR 2505.01489
cs.CR 2505.01536
cs.CR 2505.01538
cs.CR 2505.01788
cs.CR 2505.01874
cs.CR 2505.02261
cs.CR 2505.02349
cs.CR 2505.02565
cs.CR 2505.02824
cs.CR 2505.02828
cs.CR 2505.01436
cs.CR 2505.01454
cs.CR 2505.01460
cs.CR 2505.01463
cs.CR 2505.01472
cs.CR 2505.01474
cs.CR 2505.01484
cs.CR 2505.01514
cs.CR 2505.01518
cs.CR 2505.01524
cs.CR 2505.01749
cs.CR 2505.01782
cs.CR 2505.01811
cs.CR 2505.01816
cs.CR 2505.01845
cs.CR 2505.01866
cs.CR 2505.01873
cs.CR 2505.01941
cs.CR 2505.01976
cs.CR 2505.02004
cs.CR 2505.02077
cs.CR 2505.02224
cs.CR 2505.02231
cs.CR 2505.02239
cs.CR 2505.02344
cs.CR 2505.02362
cs.CR 2505.02392
cs.CR 2505.02409
cs.CR 2505.02464
cs.CR 2505.02493
cs.CR 2505.02499
cs.CR 2505.02502
cs.CR 2505.02521
cs.CR 2505.02713
cs.CR 2505.02725
cs.CR 2505.02860
cs.CR 2505.03193
cs.CR 2505.03439
cs.CR 2505.03529
cs.CR 2505.03072
cs.CR 2505.03100
cs.CR 2505.03120
cs.CR 2505.03147
cs.CR 2505.03161
cs.CR 2505.03179
cs.CR 2505.03208
cs.CR 2505.03345
cs.CR 2505.03425
cs.CR 2505.03451
cs.CR 2505.03455
cs.CR 2505.03501
cs.CR 2505.03555
cs.CR 2505.03574
cs.CR 2505.03639
cs.CR 2505.04046
cs.CR 2505.04307
cs.CR 2505.04416
cs.CR 2505.04466
cs.CR 2505.03741
cs.CR 2505.03742
cs.CR 2505.03743
cs.CR 2505.03768
cs.CR 2505.03796
cs.CR 2505.03817
cs.CR 2505.03831
cs.CR 2505.03843
cs.CR 2505.03850
cs.CR 2505.03863
cs.CR 2505.03945
cs.CR 2505.04014
cs.CR 2505.04015
cs.CR 2505.04094
cs.CR 2505.04101
cs.CR 2505.04123
cs.CR 2505.04181
cs.CR 2505.04195
cs.CR 2505.04249
cs.CR 2505.04265
cs.CR 2505.04308
cs.CR 2505.04333
cs.CR 2505.04843
cs.CR 2505.04873
cs.CR 2505.04889
cs.CR 2505.05015
cs.CR 2505.05090
cs.CR 2505.05155
cs.CR 2505.05190
cs.CR 2505.05279
cs.CR 2505.05370
cs.CR 2505.04784
cs.CR 2505.04799
cs.CR 2505.04806
cs.CR 2505.04896
cs.CR 2505.04934
cs.CR 2505.04977
cs.CR 2505.05100
cs.CR 2505.05103
cs.CR 2505.05292
cs.CR 2505.05328
cs.CR 2505.05613
cs.CR 2505.05648
cs.CR 2505.05707
cs.CR 2505.05816
cs.CR 2505.05846
cs.CR 2505.06177
cs.CR 2505.05619
cs.CR 2505.05653
cs.CR 2505.05697
cs.CR 2505.05712
cs.CR 2505.05751
cs.CR 2505.05810
cs.CR 2505.05843
cs.CR 2505.05849
cs.CR 2505.05872
cs.CR 2505.05897
cs.CR 2505.05920
cs.CR 2505.05922
cs.CR 2505.05934
cs.CR 2505.05959
cs.CR 2505.06084
cs.CR 2505.06171
cs.CR 2505.06174
cs.PL 2505.00718
cs.PL 2505.00963
cs.PL 2505.01136
cs.PL 2505.01282
cs.PL 2505.01894
cs.PL 2505.02146
cs.PL 2505.02184
cs.PL 2505.02493
cs.PL 2505.01536
cs.PL 2505.01637
cs.PL 2505.01901
cs.PL 2505.02346
cs.PL 2505.02883
cs.PL 2505.03780
cs.PL 2505.04500
cs.PL 2505.04852
cs.PL 2505.05162
cs.PL 2505.05715
cs.PL 2505.05986
cs.PL 2505.06193
cs.NI 2505.01712
cs.NI 2505.01780
cs.NI 2505.02530
cs.NI 2505.02640
cs.NI 2505.01689
cs.NI 2505.01796
cs.NI 2505.01834
cs.NI 2505.01841
cs.NI 2505.02513
cs.NI 2505.02565
cs.NI 2505.03036
cs.NI 2505.03016
cs.NI 2505.03196
cs.NI 2505.03375
cs.NI 2505.03409
cs.NI 2505.03558
cs.NI 2505.04101
cs.NI 2505.04174
cs.NI 2505.03908
cs.NI 2505.04068
cs.NI 2505.04098
cs.NI 2505.04272
cs.NI 2505.04326
cs.NI 2505.04368
cs.NI 2505.04772
cs.NI 2505.04972
cs.NI 2505.05103
cs.NI 2505.04879
cs.NI 2505.05067
cs.NI 2505.05149
cs.NI 2505.05184
cs.NI 2505.05366
cs.NI 2505.05956
cs.NI 2505.05967
cs.NI 2505.05537
cs.NI 2505.05996
cs.NI 2505.06025
cs.NI 2505.06041
cs.IT 2505.01783
cs.IT 2505.01796
cs.IT 2505.02205
cs.IT 2505.02251
cs.IT 2505.02369
cs.IT 2505.02499
cs.IT 2505.02530
cs.IT 2505.02565
cs.IT 2505.02585
cs.IT 2505.01478
cs.IT 2505.01597
cs.IT 2505.01598
cs.IT 2505.01687
cs.IT 2505.01688
cs.IT 2505.01728
cs.IT 2505.01870
cs.IT 2505.01927
cs.IT 2505.01988
cs.IT 2505.02183
cs.IT 2505.02382
cs.IT 2505.02384
cs.IT 2505.02440
cs.IT 2505.02444
cs.IT 2505.02446
cs.IT 2505.02447
cs.IT 2505.02452
cs.IT 2505.02806
cs.IT 2505.02813
cs.IT 2505.03098
cs.IT 2505.03127
cs.IT 2505.03266
cs.IT 2505.03311
cs.IT 2505.03407
cs.IT 2505.03577
cs.IT 2505.03629
cs.IT 2505.02951
cs.IT 2505.03139
cs.IT 2505.03156
cs.IT 2505.03175
cs.IT 2505.03471
cs.IT 2505.03529
cs.IT 2505.03556
cs.IT 2504.16259
cs.IT 2505.02834
cs.IT 2505.04190
cs.IT 2505.04468
cs.IT 2505.04498
cs.IT 2505.03914
cs.IT 2505.04076
cs.IT 2505.04127
cs.IT 2505.04232
cs.IT 2505.04294
cs.IT 2505.04315
cs.IT 2505.04646
cs.IT 2505.05045
cs.IT 2505.05082
cs.IT 2505.05099
cs.IT 2505.05162
cs.IT 2505.05188
cs.IT 2505.05273
cs.IT 2505.04753
cs.IT 2505.04893
cs.IT 2505.04930
cs.IT 2505.04933
cs.IT 2505.04936
cs.IT 2505.04968
cs.IT 2505.05018
cs.IT 2505.05239
cs.IT 2505.05613
cs.IT 2505.05712
cs.IT 2505.05793
cs.IT 2505.05816
cs.IT 2505.05971
cs.IT 2505.06157
cs.IT 2505.05676
cs.IT 2505.05724
cs.IT 2505.05914
cs.IT 2505.05935
cs.IT 2505.06098
cs.IT 2505.06199
cs.IT 2505.06201
cs.OS 2504.17904
cs.OS 2504.17984
cs.OS 2504.19058
cs.OS 2504.18714
cs.OS 2504.19662
cs.OS 2504.20412
cs.OS 2504.20964
cs.OS 2504.21518
cs.OS 2504.21394
cs.OS 2505.01603
cs.CL 2505.01433
cs.CL 2505.01435
cs.CL 2505.01485
cs.CL 2505.01636
cs.CL 2505.01706
cs.CL 2505.01754
cs.CL 2505.01790
cs.CL 2505.01944
cs.CL 2505.01958
cs.CL 2505.02130
cs.CL 2505.02199
cs.CL 2505.02206
cs.CL 2505.02215
cs.CL 2505.02309
cs.CL 2505.02391
cs.CL 2505.02462
cs.CL 2505.02550
cs.CL 2505.02639
cs.CL 2505.02693
cs.CL 2505.02707
cs.CL 2505.02746
cs.CL 2505.02811
cs.CL 2505.02820
cs.CL 2505.02830
cs.CL 2505.02835
cs.CL 2505.01456
cs.CL 2505.01459
cs.CL 2505.01479
cs.CL 2505.01559
cs.CL 2505.01560
cs.CL 2505.01592
cs.CL 2505.01595
cs.CL 2505.01658
cs.CL 2505.01693
cs.CL 2505.01731
cs.CL 2505.01761
cs.CL 2505.01794
cs.CL 2505.01800
cs.CL 2505.01812
cs.CL 2505.01855
cs.CL 2505.01868
cs.CL 2505.01877
cs.CL 2505.01883
cs.CL 2505.01900
cs.CL 2505.01967
cs.CL 2505.01980
cs.CL 2505.02009
cs.CL 2505.02032
cs.CL 2505.02072
cs.CL 2505.02078
cs.CL 2505.02091
cs.CL 2505.02142
cs.CL 2505.02146
cs.CL 2505.02156
cs.CL 2505.02164
cs.CL 2505.02171
cs.CL 2505.02172
cs.CL 2505.02177
cs.CL 2505.02235
cs.CL 2505.02252
cs.CL 2505.02266
cs.CL 2505.02273
cs.CL 2505.02304
cs.CL 2505.02311
cs.CL 2505.02363
cs.CL 2505.02366
cs.CL 2505.02387
cs.CL 2505.02410
cs.CL 2505.02456
cs.CL 2505.02463
cs.CL 2505.02518
cs.CL 2505.02579
cs.CL 2505.02590
cs.CL 2505.02615
cs.CL 2505.02625
cs.CL 2505.02656
cs.CL 2505.02666
cs.CL 2505.02686
cs.CL 2505.02692
cs.CL 2505.02763
cs.CL 2505.02819
cs.CL 2505.02848
cs.CL 2505.02888
cs.CL 2505.02931
cs.CL 2505.02952
cs.CL 2505.03031
cs.CL 2505.03054
cs.CL 2505.03273
cs.CL 2505.03335
cs.CL 2505.03414
cs.CL 2505.03443
cs.CL 2505.03501
cs.CL 2505.03676
cs.CL 2505.02847
cs.CL 2505.02850
cs.CL 2505.02851
cs.CL 2505.02854
cs.CL 2505.02858
cs.CL 2505.02859
cs.CL 2505.02862
cs.CL 2505.02865
cs.CL 2505.02872
cs.CL 2505.02983
cs.CL 2505.03005
cs.CL 2505.03019
cs.CL 2505.03025
cs.CL 2505.03030
cs.CL 2505.03052
cs.CL 2505.03053
cs.CL 2505.03059
cs.CL 2505.03229
cs.CL 2505.03293
cs.CL 2505.03320
cs.CL 2505.03406
cs.CL 2505.03427
cs.CL 2505.03452
cs.CL 2505.03467
cs.CL 2505.03469
cs.CL 2505.03473
cs.CL 2505.03481
cs.CL 2505.03531
cs.CL 2505.03563
cs.CL 2505.03675
cs.CL 2505.03688
cs.CL 2505.03711
cs.CL 2505.03733
cs.CL 2505.03739
cs.CL 2505.03786
cs.CL 2505.03799
cs.CL 2505.03810
cs.CL 2505.03814
cs.CL 2505.03828
cs.CL 2505.03961
cs.CL 2505.03997
cs.CL 2505.04066
cs.CL 2505.04171
cs.CL 2505.04192
cs.CL 2505.04364
cs.CL 2505.04457
cs.CL 2505.04528
cs.CL 2505.03788
cs.CL 2505.03910
cs.CL 2505.03970
cs.CL 2505.03973
cs.CL 2505.03981
cs.CL 2505.04016
cs.CL 2505.04072
cs.CL 2505.04073
cs.CL 2505.04132
cs.CL 2505.04135
cs.CL 2505.04146
cs.CL 2505.04152
cs.CL 2505.04253
cs.CL 2505.04284
cs.CL 2505.04388
cs.CL 2505.04393
cs.CL 2505.04406
cs.CL 2505.04416
cs.CL 2505.04507
cs.CL 2505.04519
cs.CL 2505.04531
cs.CL 2505.04588
cs.CL 2505.04629
cs.CL 2505.04638
cs.CL 2505.04741
cs.CL 2505.04806
cs.CL 2505.04846
cs.CL 2505.04851
cs.CL 2505.04881
cs.CL 2505.04911
cs.CL 2505.04914
cs.CL 2505.04921
cs.CL 2505.04946
cs.CL 2505.04948
cs.CL 2505.04969
cs.CL 2505.05063
cs.CL 2505.05098
cs.CL 2505.05145
cs.CL 2505.05190
cs.CL 2505.05315
cs.CL 2505.05422
cs.CL 2505.05446
cs.CL 2505.05467
cs.CL 2505.04628
cs.CL 2505.04637
cs.CL 2505.04639
cs.CL 2505.04640
cs.CL 2505.04642
cs.CL 2505.04643
cs.CL 2505.04645
cs.CL 2505.04649
cs.CL 2505.04651
cs.CL 2505.04653
cs.CL 2505.04654
cs.CL 2505.04655
cs.CL 2505.04660
cs.CL 2505.04665
cs.CL 2505.04666
cs.CL 2505.04671
cs.CL 2505.04673
cs.CL 2505.04678
cs.CL 2505.04723
cs.CL 2505.04785
cs.CL 2505.04844
cs.CL 2505.04847
cs.CL 2505.04916
cs.CL 2505.04955
cs.CL 2505.04984
cs.CL 2505.04993
cs.CL 2505.04994
cs.CL 2505.05016
cs.CL 2505.05017
cs.CL 2505.05026
cs.CL 2505.05040
cs.CL 2505.05056
cs.CL 2505.05070
cs.CL 2505.05084
cs.CL 2505.05111
cs.CL 2505.05148
cs.CL 2505.05225
cs.CL 2505.05271
cs.CL 2505.05298
cs.CL 2505.05327
cs.CL 2505.05406
cs.CL 2505.05408
cs.CL 2505.05410
cs.CL 2505.05423
cs.CL 2505.05427
cs.CL 2505.05445
cs.CL 2505.05459
cs.CL 2505.05464
cs.CL 2505.05465
cs.CL 2505.05528
cs.CL 2505.05665
cs.CL 2505.05684
cs.CL 2505.05736
cs.CL 2505.05744
cs.CL 2505.05763
cs.CL 2505.05828
cs.CL 2505.05863
cs.CL 2505.06032
cs.CL 2505.06107
cs.CL 2505.06184
cs.CL 2505.06191
cs.CL 2505.05583
cs.CL 2505.05648
cs.CL 2505.05687
cs.CL 2505.05704
cs.CL 2505.05714
cs.CL 2505.05755
cs.CL 2505.05772
cs.CL 2505.05815
cs.CL 2505.05864
cs.CL 2505.05946
cs.CL 2505.05947
cs.CL 2505.05949
cs.CL 2505.05970
cs.CL 2505.05973
cs.CL 2505.06004
cs.CL 2505.06010
cs.CL 2505.06027
cs.CL 2505.06046
cs.CL 2505.06062
cs.CL 2505.06110
cs.CL 2505.06120
cs.CL 2505.06145
cs.CL 2505.06149
cs.CL 2505.06150
cs.CL 2505.06151
cs.CL 2505.06186
cs.SI 2505.01651
cs.SI 2505.02027
cs.SI 2505.02208
cs.SI 2505.02573
cs.SI 2505.01698
cs.SI 2505.02250
cs.SI 2505.02317
cs.SI 2505.02343
cs.SI 2505.02741
cs.SI 2505.02989
cs.SI 2505.03078
cs.SI 2505.03573
cs.SI 2505.03774
cs.SI 2505.04200
cs.SI 2505.04461
cs.SI 2505.03746
cs.SI 2505.03769
cs.SI 2505.03772
cs.SI 2505.03773
cs.SI 2505.03795
cs.SI 2505.03813
cs.SI 2505.03816
cs.SI 2505.03847
cs.SI 2505.04028
cs.SI 2505.04136
cs.SI 2505.04215
cs.SI 2505.04561
cs.SI 2505.04628
cs.SI 2505.05459
cs.SI 2505.04967
cs.SI 2505.05511
cs.SI 2505.06222
cs.SI 2505.05816
cs.SI 2505.05965
cs.SI 2505.06184
cs.SC 2505.02261
cs.SC 2505.02509
cs.SC 2505.03130
cs.SC 2505.03740
cs.SC 2505.04313
cs.SC 2505.05345
cs.SC 2505.06091
cs.SC 2505.05896
stat.AP 2505.01556
stat.AP 2505.01639
stat.AP 2505.01640
stat.AP 2505.01808
stat.AP 2505.01911
stat.AP 2505.02257
stat.AP 2505.02425
stat.AP 2505.02431
stat.AP 2505.02590
stat.AP 2505.02609
stat.AP 2505.02675
stat.AP 2505.02750
stat.AP 2505.01806
stat.AP 2505.01849
stat.AP 2505.02111
stat.AP 2505.02587
stat.AP 2505.02607
stat.AP 2505.03039
stat.AP 2505.03090
stat.AP 2505.03633
stat.AP 2505.03636
stat.AP 2505.02990
stat.AP 2505.03076
stat.AP 2505.03083
stat.AP 2505.03517
stat.AP 2505.03532
stat.AP 2505.03757
stat.AP 2505.03893
stat.AP 2505.04143
stat.AP 2505.04140
stat.AP 2505.04423
stat.AP 2505.04501
stat.AP 2505.04727
stat.AP 2505.04795
stat.AP 2505.04992
stat.AP 2505.04631
stat.AP 2505.04773
stat.AP 2505.05092
stat.AP 2505.05120
stat.AP 2505.05364
stat.AP 2505.05602
stat.AP 2505.05605
stat.AP 2505.05670
stat.AP 2505.05757
stat.AP 2505.05932
stat.AP 2505.05534
stat.AP 2505.05700
eess.AS 2505.01880
eess.AS 2505.02180
eess.AS 2505.02518
eess.AS 2505.02615
eess.AS 2505.02625
eess.AS 2505.02692
eess.AS 2505.01632
eess.AS 2505.01747
eess.AS 2505.01750
eess.AS 2505.03054
eess.AS 2505.03073
eess.AS 2505.03186
eess.AS 2505.03193
eess.AS 2505.03228
eess.AS 2505.03244
eess.AS 2505.03273
eess.AS 2505.03314
eess.AS 2505.03337
eess.AS 2505.03442
eess.AS 2505.03071
eess.AS 2505.03697
eess.AS 2505.04066
eess.AS 2505.04113
eess.AS 2505.04203
eess.AS 2505.04394
eess.AS 2505.04451
eess.AS 2505.04457
eess.AS 2505.04621
eess.AS 2505.04082
eess.AS 2505.04237
eess.AS 2505.04382
eess.AS 2505.04419
eess.AS 2505.04548
eess.AS 2505.04623
eess.AS 2505.04728
eess.AS 2505.04885
eess.AS 2505.04996
eess.AS 2505.05055
eess.AS 2505.05077
eess.AS 2505.05078
eess.AS 2505.05335
eess.AS 2505.05343
eess.AS 2505.04629
eess.AS 2505.05114
eess.AS 2505.05156
eess.AS 2505.05159
eess.AS 2505.05216
eess.AS 2505.05654
eess.AS 2505.05940
eess.AS 2505.06042
eess.AS 2505.05657
stat.ML 2505.01427
stat.ML 2505.01473
stat.ML 2505.01557
stat.ML 2505.01783
stat.ML 2505.01828
stat.ML 2505.01937
stat.ML 2505.01997
stat.ML 2505.02020
stat.ML 2505.02035
stat.ML 2505.02069
stat.ML 2505.02074
stat.ML 2505.02131
stat.ML 2505.02153
stat.ML 2505.02185
stat.ML 2505.02212
stat.ML 2505.02222
stat.ML 2505.02288
stat.ML 2505.02296
stat.ML 2505.02308
stat.ML 2505.02402
stat.ML 2505.02435
stat.ML 2505.02490
stat.ML 2505.02537
stat.ML 2505.02583
stat.ML 2505.02590
stat.ML 2505.02614
stat.ML 2505.02621
stat.ML 2505.02637
stat.ML 2505.02743
stat.ML 2505.02809
stat.ML 2505.01639
stat.ML 2505.01785
stat.ML 2505.01859
stat.ML 2505.01995
stat.ML 2505.02019
stat.ML 2505.02173
stat.ML 2505.02508
stat.ML 2505.02987
stat.ML 2505.03063
stat.ML 2505.03119
stat.ML 2505.03246
stat.ML 2505.03337
stat.ML 2505.03432
stat.ML 2505.03577
stat.ML 2505.03652
stat.ML 2505.03717
stat.ML 2505.02972
stat.ML 2505.03034
stat.ML 2505.03177
stat.ML 2505.03201
stat.ML 2505.03223
stat.ML 2505.03585
stat.ML 2505.03590
stat.ML 2505.03649
stat.ML 2505.03704
stat.ML 2505.03710
stat.ML 2505.03757
stat.ML 2505.03797
stat.ML 2505.03861
stat.ML 2505.04341
stat.ML 2505.04417
stat.ML 2505.04434
stat.ML 2505.04501
stat.ML 2505.04603
stat.ML 2505.04608
stat.ML 2505.03814
stat.ML 2505.03862
stat.ML 2505.04007
stat.ML 2505.04484
stat.ML 2505.04613
stat.ML 2505.04891
stat.ML 2505.04898
stat.ML 2505.04958
stat.ML 2505.05034
stat.ML 2505.05168
stat.ML 2505.05404
stat.ML 2505.04937
stat.ML 2505.04954
stat.ML 2505.04986
stat.ML 2505.04992
stat.ML 2505.05269
stat.ML 2505.05273
stat.ML 2505.05676
stat.ML 2505.05842
stat.ML 2505.05857
stat.ML 2505.06053
stat.ML 2505.05613
cs.SE 2505.01463
cs.SE 2505.01514
cs.SE 2505.01676
cs.SE 2505.01892
cs.SE 2505.02184
cs.SE 2505.02329
cs.SE 2505.02346
cs.SE 2505.02455
cs.SE 2505.02489
cs.SE 2505.02502
cs.SE 2505.02738
cs.SE 2505.01469
cs.SE 2505.01475
cs.SE 2505.01568
cs.SE 2505.01894
cs.SE 2505.01925
cs.SE 2505.01926
cs.SE 2505.01939
cs.SE 2505.01947
cs.SE 2505.02012
cs.SE 2505.02015
cs.SE 2505.02133
cs.SE 2505.02151
cs.SE 2505.02274
cs.SE 2505.02275
cs.SE 2505.02305
cs.SE 2505.02349
cs.SE 2505.02357
cs.SE 2505.02376
cs.SE 2505.02437
cs.SE 2505.02500
cs.SE 2505.02629
cs.SE 2505.02857
cs.SE 2505.03096
cs.SE 2505.03165
cs.SE 2505.03275
cs.SE 2505.03295
cs.SE 2505.03307
cs.SE 2505.02841
cs.SE 2505.02873
cs.SE 2505.02883
cs.SE 2505.02931
cs.SE 2505.02961
cs.SE 2505.03062
cs.SE 2505.03082
cs.SE 2505.03214
cs.SE 2505.03265
cs.SE 2505.03624
cs.SE 2505.03683
cs.SE 2505.03906
cs.SE 2505.04094
cs.SE 2505.04323
cs.SE 2505.04406
cs.SE 2505.03855
cs.SE 2505.03866
cs.SE 2505.03901
cs.SE 2505.04027
cs.SE 2505.04040
cs.SE 2505.04084
cs.SE 2505.04251
cs.SE 2505.04254
cs.SE 2505.04277
cs.SE 2505.04307
cs.SE 2505.04311
cs.SE 2505.04322
cs.SE 2505.04324
cs.SE 2505.04498
cs.SE 2505.04521
cs.SE 2505.04551
cs.SE 2505.04606
cs.SE 2505.04670
cs.SE 2505.04759
cs.SE 2505.04797
cs.SE 2505.04834
cs.SE 2505.04852
cs.SE 2505.05057
cs.SE 2505.05214
cs.SE 2505.05283
cs.SE 2505.05326
cs.SE 2505.05897
cs.SE 2505.05976
cs.SE 2505.05986
cs.SE 2505.05584
cs.SE 2505.05600
cs.SE 2505.05679
cs.SE 2505.05715
cs.SE 2505.05777
cs.SE 2505.06177
cs.LG 2505.01433
cs.LG 2505.01435
cs.LG 2505.01454
cs.LG 2505.01455
cs.LG 2505.01459
cs.LG 2505.01460
cs.LG 2505.01463
cs.LG 2505.01481
cs.LG 2505.01484
cs.LG 2505.01524
cs.LG 2505.01538
cs.LG 2505.01539
cs.LG 2505.01559
cs.LG 2505.01595
cs.LG 2505.01616
cs.LG 2505.01636
cs.LG 2505.01637
cs.LG 2505.01639
cs.LG 2505.01642
cs.LG 2505.01654
cs.LG 2505.01670
cs.LG 2505.01706
cs.LG 2505.01742
cs.LG 2505.01743
cs.LG 2505.01751
cs.LG 2505.01754
cs.LG 2505.01785
cs.LG 2505.01800
cs.LG 2505.01807
cs.LG 2505.01812
cs.LG 2505.01816
cs.LG 2505.01821
cs.LG 2505.01828
cs.LG 2505.01859
cs.LG 2505.01866
cs.LG 2505.01881
cs.LG 2505.01884
cs.LG 2505.01917
cs.LG 2505.01937
cs.LG 2505.01947
cs.LG 2505.01966
cs.LG 2505.01985
cs.LG 2505.01995
cs.LG 2505.02009
cs.LG 2505.02010
cs.LG 2505.02019
cs.LG 2505.02056
cs.LG 2505.02071
cs.LG 2505.02075
cs.LG 2505.02091
cs.LG 2505.02101
cs.LG 2505.02146
cs.LG 2505.02156
cs.LG 2505.02170
cs.LG 2505.02173
cs.LG 2505.02185
cs.LG 2505.02224
cs.LG 2505.02232
cs.LG 2505.02248
cs.LG 2505.02257
cs.LG 2505.02258
cs.LG 2505.02259
cs.LG 2505.02266
cs.LG 2505.02281
cs.LG 2505.02314
cs.LG 2505.02350
cs.LG 2505.02361
cs.LG 2505.02362
cs.LG 2505.02366
cs.LG 2505.02370
cs.LG 2505.02387
cs.LG 2505.02388
cs.LG 2505.02439
cs.LG 2505.02470
cs.LG 2505.02484
cs.LG 2505.02501
cs.LG 2505.02508
cs.LG 2505.02516
cs.LG 2505.02574
cs.LG 2505.02576
cs.LG 2505.02579
cs.LG 2505.02613
cs.LG 2505.02614
cs.LG 2505.02649
cs.LG 2505.02664
cs.LG 2505.02709
cs.LG 2505.02722
cs.LG 2505.02735
cs.LG 2505.02746
cs.LG 2505.02796
cs.LG 2505.02820
cs.LG 2505.02833
cs.LG 2505.01427
cs.LG 2505.01437
cs.LG 2505.01438
cs.LG 2505.01440
cs.LG 2505.01445
cs.LG 2505.01448
cs.LG 2505.01449
cs.LG 2505.01450
cs.LG 2505.01488
cs.LG 2505.01489
cs.LG 2505.01523
cs.LG 2505.01557
cs.LG 2505.01584
cs.LG 2505.01591
cs.LG 2505.01618
cs.LG 2505.01619
cs.LG 2505.01627
cs.LG 2505.01652
cs.LG 2505.01660
cs.LG 2505.01665
cs.LG 2505.01700
cs.LG 2505.01736
cs.LG 2505.01744
cs.LG 2505.01783
cs.LG 2505.01788
cs.LG 2505.01810
cs.LG 2505.01819
cs.LG 2505.01822
cs.LG 2505.01874
cs.LG 2505.01892
cs.LG 2505.01902
cs.LG 2505.01903
cs.LG 2505.01912
cs.LG 2505.01933
cs.LG 2505.01948
cs.LG 2505.01954
cs.LG 2505.01959
cs.LG 2505.01979
cs.LG 2505.01996
cs.LG 2505.01997
cs.LG 2505.02011
cs.LG 2505.02020
cs.LG 2505.02022
cs.LG 2505.02027
cs.LG 2505.02033
cs.LG 2505.02035
cs.LG 2505.02069
cs.LG 2505.02073
cs.LG 2505.02074
cs.LG 2505.02094
cs.LG 2505.02105
cs.LG 2505.02124
cs.LG 2505.02138
cs.LG 2505.02147
cs.LG 2505.02181
cs.LG 2505.02206
cs.LG 2505.02212
cs.LG 2505.02214
cs.LG 2505.02222
cs.LG 2505.02228
cs.LG 2505.02238
cs.LG 2505.02247
cs.LG 2505.02277
cs.LG 2505.02288
cs.LG 2505.02296
cs.LG 2505.02299
cs.LG 2505.02308
cs.LG 2505.02309
cs.LG 2505.02360
cs.LG 2505.02369
cs.LG 2505.02380
cs.LG 2505.02383
cs.LG 2505.02390
cs.LG 2505.02391
cs.LG 2505.02402
cs.LG 2505.02417
cs.LG 2505.02426
cs.LG 2505.02433
cs.LG 2505.02435
cs.LG 2505.02469
cs.LG 2505.02486
cs.LG 2505.02490
cs.LG 2505.02506
cs.LG 2505.02514
cs.LG 2505.02515
cs.LG 2505.02537
cs.LG 2505.02540
cs.LG 2505.02550
cs.LG 2505.02566
cs.LG 2505.02573
cs.LG 2505.02583
cs.LG 2505.02604
cs.LG 2505.02621
cs.LG 2505.02627
cs.LG 2505.02634
cs.LG 2505.02639
cs.LG 2505.02640
cs.LG 2505.02655
cs.LG 2505.02659
cs.LG 2505.02712
cs.LG 2505.02714
cs.LG 2505.02737
cs.LG 2505.02743
cs.LG 2505.02795
cs.LG 2505.02809
cs.LG 2505.02844
cs.LG 2505.02887
cs.LG 2505.02931
cs.LG 2505.02952
cs.LG 2505.02963
cs.LG 2505.02972
cs.LG 2505.02979
cs.LG 2505.02987
cs.LG 2505.03005
cs.LG 2505.03034
cs.LG 2505.03052
cs.LG 2505.03069
cs.LG 2505.03077
cs.LG 2505.03120
cs.LG 2505.03134
cs.LG 2505.03140
cs.LG 2505.03146
cs.LG 2505.03159
cs.LG 2505.03174
cs.LG 2505.03176
cs.LG 2505.03177
cs.LG 2505.03201
cs.LG 2505.03223
cs.LG 2505.03254
cs.LG 2505.03296
cs.LG 2505.03308
cs.LG 2505.03327
cs.LG 2505.03344
cs.LG 2505.03385
cs.LG 2505.03397
cs.LG 2505.03434
cs.LG 2505.03439
cs.LG 2505.03442
cs.LG 2505.03452
cs.LG 2505.03470
cs.LG 2505.03475
cs.LG 2505.03480
cs.LG 2505.03531
cs.LG 2505.03585
cs.LG 2505.03590
cs.LG 2505.03648
cs.LG 2505.03649
cs.LG 2505.03670
cs.LG 2505.03688
cs.LG 2505.03702
cs.LG 2505.03703
cs.LG 2505.03704
cs.LG 2505.03710
cs.LG 2505.03717
cs.LG 2505.03738
cs.LG 2505.02874
cs.LG 2505.02877
cs.LG 2505.02880
cs.LG 2505.02881
cs.LG 2505.02884
cs.LG 2505.02888
cs.LG 2505.02889
cs.LG 2505.02922
cs.LG 2505.02959
cs.LG 2505.02974
cs.LG 2505.02985
cs.LG 2505.03031
cs.LG 2505.03042
cs.LG 2505.03049
cs.LG 2505.03084
cs.LG 2505.03109
cs.LG 2505.03112
cs.LG 2505.03118
cs.LG 2505.03155
cs.LG 2505.03165
cs.LG 2505.03172
cs.LG 2505.03178
cs.LG 2505.03181
cs.LG 2505.03194
cs.LG 2505.03205
cs.LG 2505.03207
cs.LG 2505.03209
cs.LG 2505.03230
cs.LG 2505.03280
cs.LG 2505.03281
cs.LG 2505.03323
cs.LG 2505.03335
cs.LG 2505.03368
cs.LG 2505.03373
cs.LG 2505.03382
cs.LG 2505.03387
cs.LG 2505.03390
cs.LG 2505.03392
cs.LG 2505.03393
cs.LG 2505.03418
cs.LG 2505.03424
cs.LG 2505.03432
cs.LG 2505.03490
cs.LG 2505.03509
cs.LG 2505.03519
cs.LG 2505.03530
cs.LG 2505.03533
cs.LG 2505.03552
cs.LG 2505.03560
cs.LG 2505.03561
cs.LG 2505.03595
cs.LG 2505.03617
cs.LG 2505.03646
cs.LG 2505.03652
cs.LG 2505.03677
cs.LG 2505.03712
cs.LG 2505.03721
cs.LG 2505.03745
cs.LG 2505.03756
cs.LG 2505.03757
cs.LG 2505.03763
cs.LG 2505.03814
cs.LG 2505.03817
cs.LG 2505.03828
cs.LG 2505.03831
cs.LG 2505.03833
cs.LG 2505.03840
cs.LG 2505.03845
cs.LG 2505.03848
cs.LG 2505.03858
cs.LG 2505.03862
cs.LG 2505.03864
cs.LG 2505.03906
cs.LG 2505.04002
cs.LG 2505.04007
cs.LG 2505.04016
cs.LG 2505.04021
cs.LG 2505.04034
cs.LG 2505.04037
cs.LG 2505.04097
cs.LG 2505.04135
cs.LG 2505.04150
cs.LG 2505.04209
cs.LG 2505.04253
cs.LG 2505.04300
cs.LG 2505.04375
cs.LG 2505.04382
cs.LG 2505.04397
cs.LG 2505.04401
cs.LG 2505.04416
cs.LG 2505.04419
cs.LG 2505.04451
cs.LG 2505.04484
cs.LG 2505.04486
cs.LG 2505.04494
cs.LG 2505.04524
cs.LG 2505.04575
cs.LG 2505.04579
cs.LG 2505.04583
cs.LG 2505.04586
cs.LG 2505.04603
cs.LG 2505.04613
cs.LG 2505.04621
cs.LG 2505.04627
cs.LG 2505.03774
cs.LG 2505.03775
cs.LG 2505.03776
cs.LG 2505.03777
cs.LG 2505.03778
cs.LG 2505.03779
cs.LG 2505.03781
cs.LG 2505.03783
cs.LG 2505.03784
cs.LG 2505.03785
cs.LG 2505.03786
cs.LG 2505.03787
cs.LG 2505.03789
cs.LG 2505.03790
cs.LG 2505.03791
cs.LG 2505.03792
cs.LG 2505.03793
cs.LG 2505.03794
cs.LG 2505.03797
cs.LG 2505.03798
cs.LG 2505.03799
cs.LG 2505.03801
cs.LG 2505.03802
cs.LG 2505.03803
cs.LG 2505.03804
cs.LG 2505.03805
cs.LG 2505.03806
cs.LG 2505.03808
cs.LG 2505.03809
cs.LG 2505.03810
cs.LG 2505.03811
cs.LG 2505.03812
cs.LG 2505.03818
cs.LG 2505.03819
cs.LG 2505.03822
cs.LG 2505.03825
cs.LG 2505.03827
cs.LG 2505.03849
cs.LG 2505.03861
cs.LG 2505.03911
cs.LG 2505.03923
cs.LG 2505.03949
cs.LG 2505.03953
cs.LG 2505.03955
cs.LG 2505.03977
cs.LG 2505.03980
cs.LG 2505.03983
cs.LG 2505.03992
cs.LG 2505.03997
cs.LG 2505.04005
cs.LG 2505.04046
cs.LG 2505.04066
cs.LG 2505.04075
cs.LG 2505.04083
cs.LG 2505.04104
cs.LG 2505.04110
cs.LG 2505.04139
cs.LG 2505.04158
cs.LG 2505.04161
cs.LG 2505.04163
cs.LG 2505.04167
cs.LG 2505.04173
cs.LG 2505.04174
cs.LG 2505.04193
cs.LG 2505.04196
cs.LG 2505.04200
cs.LG 2505.04204
cs.LG 2505.04223
cs.LG 2505.04241
cs.LG 2505.04263
cs.LG 2505.04278
cs.LG 2505.04318
cs.LG 2505.04335
cs.LG 2505.04338
cs.LG 2505.04339
cs.LG 2505.04340
cs.LG 2505.04346
cs.LG 2505.04367
cs.LG 2505.04371
cs.LG 2505.04389
cs.LG 2505.04396
cs.LG 2505.04412
cs.LG 2505.04417
cs.LG 2505.04435
cs.LG 2505.04440
cs.LG 2505.04441
cs.LG 2505.04461
cs.LG 2505.04464
cs.LG 2505.04468
cs.LG 2505.04471
cs.LG 2505.04535
cs.LG 2505.04558
cs.LG 2505.04560
cs.LG 2505.04566
cs.LG 2505.04578
cs.LG 2505.04599
cs.LG 2505.04604
cs.LG 2505.04608
cs.LG 2505.04619
cs.LG 2504.03387
cs.LG 2505.04631
cs.LG 2505.04643
cs.LG 2505.04645
cs.LG 2505.04647
cs.LG 2505.04648
cs.LG 2505.04650
cs.LG 2505.04651
cs.LG 2505.04653
cs.LG 2505.04666
cs.LG 2505.04671
cs.LG 2505.04677
cs.LG 2505.04713
cs.LG 2505.04718
cs.LG 2505.04787
cs.LG 2505.04792
cs.LG 2505.04822
cs.LG 2505.04831
cs.LG 2505.04845
cs.LG 2505.04846
cs.LG 2505.04851
cs.LG 2505.04860
cs.LG 2505.04875
cs.LG 2505.04880
cs.LG 2505.04886
cs.LG 2505.04897
cs.LG 2505.04937
cs.LG 2505.04946
cs.LG 2505.04954
cs.LG 2505.04967
cs.LG 2505.04972
cs.LG 2505.04986
cs.LG 2505.04992
cs.LG 2505.04999
cs.LG 2505.05004
cs.LG 2505.05026
cs.LG 2505.05059
cs.LG 2505.05085
cs.LG 2505.05091
cs.LG 2505.05118
cs.LG 2505.05121
cs.LG 2505.05122
cs.LG 2505.05151
cs.LG 2505.05163
cs.LG 2505.05168
cs.LG 2505.05177
cs.LG 2505.05183
cs.LG 2505.05223
cs.LG 2505.05261
cs.LG 2505.05269
cs.LG 2505.05273
cs.LG 2505.05287
cs.LG 2505.05301
cs.LG 2505.05371
cs.LG 2505.05375
cs.LG 2505.05396
cs.LG 2505.05404
cs.LG 2505.05408
cs.LG 2505.05410
cs.LG 2505.05420
cs.LG 2505.05465
cs.LG 2505.05471
cs.LG 2505.04634
cs.LG 2505.04733
cs.LG 2505.04738
cs.LG 2505.04741
cs.LG 2505.04757
cs.LG 2505.04775
cs.LG 2505.04796
cs.LG 2505.04802
cs.LG 2505.04808
cs.LG 2505.04823
cs.LG 2505.04842
cs.LG 2505.04873
cs.LG 2505.04881
cs.LG 2505.04889
cs.LG 2505.04891
cs.LG 2505.04894
cs.LG 2505.04898
cs.LG 2505.04907
cs.LG 2505.04918
cs.LG 2505.04931
cs.LG 2505.04939
cs.LG 2505.04956
cs.LG 2505.04969
cs.LG 2505.04981
cs.LG 2505.05015
cs.LG 2505.05019
cs.LG 2505.05020
cs.LG 2505.05034
cs.LG 2505.05047
cs.LG 2505.05063
cs.LG 2505.05064
cs.LG 2505.05082
cs.LG 2505.05086
cs.LG 2505.05094
cs.LG 2505.05099
cs.LG 2505.05119
cs.LG 2505.05126
cs.LG 2505.05137
cs.LG 2505.05143
cs.LG 2505.05145
cs.LG 2505.05155
cs.LG 2505.05169
cs.LG 2505.05180
cs.LG 2505.05181
cs.LG 2505.05190
cs.LG 2505.05192
cs.LG 2505.05195
cs.LG 2505.05224
cs.LG 2505.05226
cs.LG 2505.05237
cs.LG 2505.05242
cs.LG 2505.05262
cs.LG 2505.05279
cs.LG 2505.05295
cs.LG 2505.05315
cs.LG 2505.05355
cs.LG 2505.05381
cs.LG 2505.05402
cs.LG 2505.05409
cs.LG 2505.05413
cs.LG 2505.05452
cs.LG 2503.03137
cs.LG 2505.05478
cs.LG 2505.05479
cs.LG 2505.05485
cs.LG 2505.05486
cs.LG 2505.05489
cs.LG 2505.05492
cs.LG 2505.05494
cs.LG 2505.05510
cs.LG 2505.05511
cs.LG 2505.05515
cs.LG 2505.05517
cs.LG 2505.05528
cs.LG 2505.05540
cs.LG 2505.05542
cs.LG 2505.05549
cs.LG 2505.05584
cs.LG 2505.05588
cs.LG 2505.05589
cs.LG 2505.05592
cs.LG 2505.05595
cs.LG 2505.05600
cs.LG 2505.05612
cs.LG 2505.05613
cs.LG 2505.05616
cs.LG 2505.05619
cs.LG 2505.05648
cs.LG 2505.05657
cs.LG 2505.05659
cs.LG 2505.05684
cs.LG 2505.05689
cs.LG 2505.05691
cs.LG 2505.05694
cs.LG 2505.05701
cs.LG 2505.05713
cs.LG 2505.05736
cs.LG 2505.05752
cs.LG 2505.05753
cs.LG 2505.05755
cs.LG 2505.05772
cs.LG 2505.05816
cs.LG 2505.05829
cs.LG 2505.05842
cs.LG 2505.05845
cs.LG 2505.05851
cs.LG 2505.05872
cs.LG 2505.05892
cs.LG 2505.05893
cs.LG 2505.05922
cs.LG 2505.05940
cs.LG 2505.05943
cs.LG 2505.05946
cs.LG 2505.05956
cs.LG 2505.05957
cs.LG 2505.05989
cs.LG 2505.06003
cs.LG 2505.06027
cs.LG 2505.06030
cs.LG 2505.06042
cs.LG 2505.06046
cs.LG 2505.06111
cs.LG 2505.06145
cs.LG 2505.06146
cs.LG 2505.06176
cs.LG 2505.06182
cs.LG 2505.06191
cs.LG 2505.06207
cs.LG 2505.06228
cs.LG 2505.05522
cs.LG 2505.05525
cs.LG 2505.05527
cs.LG 2505.05530
cs.LG 2505.05533
cs.LG 2505.05538
cs.LG 2505.05568
cs.LG 2505.05577
cs.LG 2505.05594
cs.LG 2505.05597
cs.LG 2505.05605
cs.LG 2505.05609
cs.LG 2505.05625
cs.LG 2505.05650
cs.LG 2505.05677
cs.LG 2505.05683
cs.LG 2505.05702
cs.LG 2505.05707
cs.LG 2505.05732
cs.LG 2505.05738
cs.LG 2505.05740
cs.LG 2505.05744
cs.LG 2505.05763
cs.LG 2505.05785
cs.LG 2505.05798
cs.LG 2505.05799
cs.LG 2505.05803
cs.LG 2505.05813
cs.LG 2505.05819
cs.LG 2505.05857
cs.LG 2505.05868
cs.LG 2505.05869
cs.LG 2505.05874
cs.LG 2505.05877
cs.LG 2505.05916
cs.LG 2505.05926
cs.LG 2505.05950
cs.LG 2505.05967
cs.LG 2505.05968
cs.LG 2505.05983
cs.LG 2505.06000
cs.LG 2505.06017
cs.LG 2505.06023
cs.LG 2505.06032
cs.LG 2505.06047
cs.LG 2505.06053
cs.LG 2505.06080
cs.LG 2505.06087
cs.LG 2505.06091
cs.LG 2505.06108
cs.LG 2505.06114
cs.LG 2505.06123
cs.LG 2505.06134
cs.LG 2505.06169
cs.LG 2505.06178
cs.LG 2505.06185
cs.LG 2505.06203
cs.LG 2505.06224
eess.SP 2505.01688
eess.SP 2505.01757
eess.SP 2505.02382
eess.SP 2505.02440
eess.SP 2505.02444
eess.SP 2505.02446
eess.SP 2505.02470
eess.SP 2505.02516
eess.SP 2505.02801
eess.SP 2505.02806
eess.SP 2505.02813
eess.SP 2505.01562
eess.SP 2505.01570
eess.SP 2505.01625
eess.SP 2505.01655
eess.SP 2505.01666
eess.SP 2505.01685
eess.SP 2505.01738
eess.SP 2505.01777
eess.SP 2505.01778
eess.SP 2505.01780
eess.SP 2505.01829
eess.SP 2505.01853
eess.SP 2505.01885
eess.SP 2505.01916
eess.SP 2505.02160
eess.SP 2505.02254
eess.SP 2505.02381
eess.SP 2505.02530
eess.SP 2505.02554
eess.SP 2505.02611
eess.SP 2505.02951
eess.SP 2505.03139
eess.SP 2505.03266
eess.SP 2505.03337
eess.SP 2505.03590
eess.SP 2505.02864
eess.SP 2505.03098
eess.SP 2505.03311
eess.SP 2505.03379
eess.SP 2505.03388
eess.SP 2505.03576
eess.SP 2505.03589
eess.SP 2505.03741
eess.SP 2505.04018
eess.SP 2505.04082
eess.SP 2505.04174
eess.SP 2505.04611
eess.SP 2505.04085
eess.SP 2505.04114
eess.SP 2505.04148
eess.SP 2505.04190
eess.SP 2505.04255
eess.SP 2505.04305
eess.SP 2505.04401
eess.SP 2505.04432
eess.SP 2505.04449
eess.SP 2505.04453
eess.SP 2505.04467
eess.SP 2505.04753
eess.SP 2505.04772
eess.SP 2505.04893
eess.SP 2505.04930
eess.SP 2505.04933
eess.SP 2505.04936
eess.SP 2505.04968
eess.SP 2505.05090
eess.SP 2505.04836
eess.SP 2505.04845
eess.SP 2505.04970
eess.SP 2505.05003
eess.SP 2505.05030
eess.SP 2505.05045
eess.SP 2505.05107
eess.SP 2505.05160
eess.SP 2505.05371
eess.SP 2505.05378
eess.SP 2505.05387
eess.SP 2505.05388
eess.SP 2505.05527
eess.SP 2505.05538
eess.SP 2505.05657
eess.SP 2505.05798
eess.SP 2505.05914
eess.SP 2505.05967
eess.SP 2505.06098
eess.SP 2505.05477
eess.SP 2505.05478
eess.SP 2505.05479
eess.SP 2505.05611
eess.SP 2505.05647
eess.SP 2505.05907
eess.SP 2505.05956
eess.SP 2505.05971
eess.SP 2505.06007
eess.SP 2505.06073
eess.SP 2505.06175
stat.CO 2505.01639
stat.CO 2505.01849
stat.CO 2505.01859
stat.CO 2505.01995
stat.CO 2505.02384
stat.CO 2505.01466
stat.CO 2505.01467
stat.CO 2505.02000
stat.CO 2505.02986
stat.CO 2505.03119
stat.CO 2505.02987
stat.CO 2505.04603
stat.CO 2505.03938
stat.CO 2505.04062
stat.CO 2505.04611
stat.CO 2505.04645
stat.CO 2505.04773
stat.CO 2505.05331
stat.CO 2505.05438
stat.CO 2505.05633
stat.CO 2505.05961
math.OC 2505.01611
math.OC 2505.01757
math.OC 2505.01777
math.OC 2505.01804
math.OC 2505.02170
math.OC 2505.02621
math.OC 2505.02623
math.OC 2505.02809
math.OC 2505.01434
math.OC 2505.01443
math.OC 2505.01641
math.OC 2505.01751
math.OC 2505.01787
math.OC 2505.01803
math.OC 2505.01808
math.OC 2505.01813
math.OC 2505.01817
math.OC 2505.01824
math.OC 2505.01828
math.OC 2505.01858
math.OC 2505.01972
math.OC 2505.01975
math.OC 2505.01985
math.OC 2505.02002
math.OC 2505.02101
math.OC 2505.02115
math.OC 2505.02140
math.OC 2505.02158
math.OC 2505.02259
math.OC 2505.02262
math.OC 2505.02281
math.OC 2505.02347
math.OC 2505.02423
math.OC 2505.02485
math.OC 2505.02495
math.OC 2505.02562
math.OC 2505.02575
math.OC 2505.02588
math.OC 2505.02614
math.OC 2505.02636
math.OC 2505.02688
math.OC 2505.02729
math.OC 2505.02790
math.OC 2505.01348
math.OC 2505.02985
math.OC 2505.03043
math.OC 2505.03057
math.OC 2505.03347
math.OC 2505.03373
math.OC 2505.03432
math.OC 2505.03468
math.OC 2505.03482
math.OC 2505.03504
math.OC 2505.03552
math.OC 2505.03573
math.OC 2505.02970
math.OC 2505.03050
math.OC 2505.03222
math.OC 2505.03225
math.OC 2505.03240
math.OC 2505.03342
math.OC 2505.03346
math.OC 2505.03476
math.OC 2505.03506
math.OC 2505.03605
math.OC 2505.03614
math.OC 2505.03659
math.OC 2505.03663
math.OC 2505.03706
math.OC 2505.03717
math.OC 2505.03719
math.OC 2505.03736
math.OC 2505.03760
math.OC 2505.03794
math.OC 2505.03893
math.OC 2505.03953
math.OC 2505.04120
math.OC 2505.04137
math.OC 2505.04221
math.OC 2505.04301
math.OC 2505.04310
math.OC 2505.04571
math.OC 2505.03899
math.OC 2505.03966
math.OC 2505.03979
math.OC 2505.04037
math.OC 2505.04047
math.OC 2505.04065
math.OC 2505.04102
math.OC 2505.04112
math.OC 2505.04145
math.OC 2505.04274
math.OC 2505.04328
math.OC 2505.04348
math.OC 2505.04354
math.OC 2505.04439
math.OC 2505.04494
math.OC 2505.04546
math.OC 2505.04596
math.OC 2402.08599
math.OC 2505.04739
math.OC 2505.04757
math.OC 2505.04820
math.OC 2505.04898
math.OC 2505.04942
math.OC 2505.05030
math.OC 2505.05301
math.OC 2505.04807
math.OC 2505.04988
math.OC 2505.05116
math.OC 2505.05200
math.OC 2505.05261
math.OC 2505.05296
math.OC 2505.05297
math.OC 2505.05418
math.OC 2505.05424
math.OC 2505.05527
math.OC 2505.05742
math.OC 2505.05796
math.OC 2505.05857
math.OC 2505.05981
math.OC 2505.06023
math.OC 2505.06053
math.OC 2505.05493
math.OC 2505.05502
math.OC 2505.05878
math.OC 2505.05951
math.OC 2505.05991
math.OC 2505.06083
math.OC 2505.06161
math.OC 2505.06170
math.OC 2505.06204
math.OC 2505.06211
stat.TH 2505.01937
stat.TH 2505.01995
stat.TH 2505.02002
stat.TH 2505.02302
stat.TH 2505.02402
stat.TH 2505.02508
stat.TH 2505.02562
stat.TH 2505.02636
stat.TH 2505.01825
stat.TH 2505.01987
stat.TH 2505.02197
stat.TH 2505.02637
stat.TH 2505.02653
stat.TH 2505.02987
stat.TH 2505.03205
stat.TH 2505.03712
stat.TH 2505.03523
stat.TH 2505.03577
stat.TH 2505.03582
stat.TH 2505.03862
stat.TH 2505.03899
stat.TH 2505.04218
stat.TH 2505.04613
stat.TH 2505.04168
stat.TH 2505.04312
stat.TH 2505.04341
stat.TH 2505.04884
stat.TH 2505.04898
stat.TH 2505.04721
stat.TH 2505.04957
stat.TH 2505.05080
stat.TH 2505.05168
stat.TH 2505.05207
stat.TH 2505.05613
stat.TH 2505.05670
stat.TH 2505.06088
stat.TH 2505.06190
cs.SD 2505.01632
cs.SD 2505.01747
cs.SD 2505.01750
cs.SD 2505.02331
cs.SD 2505.02469
cs.SD 2505.02518
cs.SD 2505.02615
cs.SD 2505.02625
cs.SD 2505.02692
cs.SD 2505.02707
cs.SD 2505.01880
cs.SD 2505.02180
cs.SD 2505.03054
cs.SD 2505.03073
cs.SD 2505.03186
cs.SD 2505.03193
cs.SD 2505.03228
cs.SD 2505.03244
cs.SD 2505.03273
cs.SD 2505.03314
cs.SD 2505.03337
cs.SD 2505.03442
cs.SD 2505.04082
cs.SD 2505.04203
cs.SD 2505.04548
cs.SD 2505.04623
cs.SD 2505.04113
cs.SD 2505.04451
cs.SD 2505.04457
cs.SD 2505.04621
cs.SD 2505.04996
cs.SD 2505.05114
cs.SD 2505.05216
cs.SD 2505.05343
cs.SD 2505.04728
cs.SD 2505.04885
cs.SD 2505.05055
cs.SD 2505.05077
cs.SD 2505.05078
cs.SD 2505.05335
cs.SD 2505.05657
cs.SD 2505.05654
cs.SD 2505.05940
cs.SD 2505.06042
eess.IV 2505.01650
eess.IV 2505.01870
eess.IV 2505.01893
eess.IV 2505.01917
eess.IV 2505.02476
eess.IV 2505.01476
eess.IV 2505.01638
eess.IV 2505.01644
eess.IV 2505.01670
eess.IV 2505.01741
eess.IV 2505.01742
eess.IV 2505.01755
eess.IV 2505.01768
eess.IV 2505.01831
eess.IV 2505.01836
eess.IV 2505.01854
eess.IV 2505.01884
eess.IV 2505.01951
eess.IV 2505.02001
eess.IV 2505.02095
eess.IV 2505.02211
eess.IV 2505.02256
eess.IV 2505.02385
eess.IV 2505.02396
eess.IV 2505.02470
eess.IV 2505.02613
eess.IV 2505.02628
eess.IV 2505.02705
eess.IV 2505.03261
eess.IV 2505.03327
eess.IV 2505.03380
eess.IV 2505.03539
eess.IV 2505.02843
eess.IV 2505.03037
eess.IV 2505.03123
eess.IV 2505.03637
eess.IV 2505.03785
eess.IV 2505.04085
eess.IV 2505.04318
eess.IV 2505.04466
eess.IV 2505.04502
eess.IV 2505.04524
eess.IV 2505.03838
eess.IV 2505.03844
eess.IV 2505.03845
eess.IV 2505.04003
eess.IV 2505.04097
eess.IV 2505.04172
eess.IV 2505.04199
eess.IV 2505.04230
eess.IV 2505.05088
eess.IV 2505.05367
eess.IV 2505.04652
eess.IV 2505.04657
eess.IV 2505.04658
eess.IV 2505.04664
eess.IV 2505.04820
eess.IV 2505.04913
eess.IV 2505.04959
eess.IV 2505.05041
eess.IV 2505.05054
eess.IV 2505.05073
eess.IV 2505.05112
eess.IV 2505.05208
eess.IV 2505.05248
eess.IV 2505.05291
eess.IV 2505.05309
eess.IV 2505.05374
eess.IV 2505.05501
eess.IV 2505.05505
eess.IV 2505.05531
eess.IV 2505.05644
eess.IV 2505.05710
eess.IV 2505.05752
eess.IV 2505.05798
eess.IV 2505.05829
eess.IV 2505.05870
eess.IV 2505.06073
eess.IV 2505.05504
eess.IV 2505.05509
eess.IV 2505.05518
eess.IV 2505.05631
eess.IV 2505.05643
eess.IV 2505.05659
eess.IV 2505.05689
eess.IV 2505.05703
eess.IV 2505.05745
eess.IV 2505.05768
eess.IV 2505.06105
eess.IV 2505.06118
eess.IV 2505.06210
cs.SY 2505.01436
cs.SY 2505.01453
cs.SY 2505.01576
cs.SY 2505.01617
cs.SY 2505.01738
cs.SY 2505.01780
cs.SY 2505.01803
cs.SY 2505.01824
cs.SY 2505.01887
cs.SY 2505.01890
cs.SY 2505.01892
cs.SY 2505.02004
cs.SY 2505.02115
cs.SY 2505.02241
cs.SY 2505.02293
cs.SY 2505.02323
cs.SY 2505.02395
cs.SY 2505.02414
cs.SY 2505.02439
cs.SY 2505.02460
cs.SY 2505.02543
cs.SY 2505.02574
cs.SY 2505.02598
cs.SY 2505.02813
cs.SY 2505.01551
cs.SY 2505.01566
cs.SY 2505.01569
cs.SY 2505.01674
cs.SY 2505.01675
cs.SY 2505.01715
cs.SY 2505.01740
cs.SY 2505.01757
cs.SY 2505.01758
cs.SY 2505.01762
cs.SY 2505.01818
cs.SY 2505.01850
cs.SY 2505.02251
cs.SY 2505.02258
cs.SY 2505.02420
cs.SY 2505.02599
cs.SY 2505.02603
cs.SY 2505.02668
cs.SY 2505.02842
cs.SY 2505.02845
cs.SY 2505.02860
cs.SY 2505.03016
cs.SY 2505.03057
cs.SY 2505.03078
cs.SY 2505.03283
cs.SY 2505.03565
cs.SY 2505.03643
cs.SY 2505.03695
cs.SY 2505.03706
cs.SY 2505.03719
cs.SY 2505.02978
cs.SY 2505.03069
cs.SY 2505.03088
cs.SY 2505.03090
cs.SY 2505.03127
cs.SY 2505.03248
cs.SY 2505.03257
cs.SY 2505.03468
cs.SY 2505.03482
cs.SY 2505.03489
cs.SY 2505.03493
cs.SY 2505.03559
cs.SY 2505.03594
cs.SY 2505.03596
cs.SY 2505.03612
cs.SY 2505.03651
cs.SY 2505.03709
cs.SY 2505.03815
cs.SY 2505.03830
cs.SY 2505.03841
cs.SY 2505.04114
cs.SY 2505.04148
cs.SY 2505.04182
cs.SY 2505.04231
cs.SY 2505.04379
cs.SY 2505.04596
cs.SY 2505.04128
cs.SY 2505.04177
cs.SY 2505.04245
cs.SY 2505.04373
cs.SY 2505.04472
cs.SY 2505.04532
cs.SY 2505.04580
cs.SY 2505.04954
cs.SY 2505.04980
cs.SY 2505.04982
cs.SY 2505.04988
cs.SY 2505.04725
cs.SY 2505.04829
cs.SY 2505.04904
cs.SY 2505.05036
cs.SY 2505.05087
cs.SY 2505.05153
cs.SY 2505.05203
cs.SY 2505.05231
cs.SY 2505.05251
cs.SY 2505.05258
cs.SY 2505.05305
cs.SY 2505.05314
cs.SY 2505.05323
cs.SY 2505.05478
cs.SY 2505.05502
cs.SY 2505.05548
cs.SY 2505.05592
cs.SY 2505.05638
cs.SY 2505.05840
cs.SY 2505.06025
cs.SY 2505.06041
cs.SY 2505.06071
cs.SY 2505.06161
cs.SY 2505.06200
cs.SY 2505.05498
cs.SY 2505.05507
cs.SY 2505.05521
cs.SY 2505.05717
cs.SY 2505.05726
cs.SY 2505.05742
cs.SY 2505.05783
cs.SY 2505.05795
cs.SY 2505.05796
cs.SY 2505.05835
cs.SY 2505.05859
cs.SY 2505.05886
cs.SY 2505.05918
cs.SY 2505.05933
cs.SY 2505.05982
cs.SY 2505.06070
cs.SY 2505.06122
cs.SY 2505.06207
astro-ph.IM 2505.01512
astro-ph.IM 2505.01642
astro-ph.IM 2505.01673
astro-ph.IM 2505.01686
astro-ph.IM 2505.01710
astro-ph.IM 2505.02589
astro-ph.IM 2505.02748
astro-ph.IM 2505.02773
astro-ph.IM 2505.02818
astro-ph.IM 2505.01596
astro-ph.IM 2505.02122
astro-ph.IM 2505.02805
astro-ph.IM 2505.02898
astro-ph.IM 2505.02906
astro-ph.IM 2505.02924
astro-ph.IM 2505.02948
astro-ph.IM 2505.02988
astro-ph.IM 2505.03269
astro-ph.IM 2505.03385
astro-ph.IM 2505.03491
astro-ph.IM 2505.03509
astro-ph.IM 2505.02928
astro-ph.IM 2505.03063
astro-ph.IM 2505.03094
astro-ph.IM 2505.03395
astro-ph.IM 2505.03474
astro-ph.IM 2505.03477
astro-ph.IM 2505.03508
astro-ph.IM 2505.03849
astro-ph.IM 2505.03881
astro-ph.IM 2505.03936
astro-ph.IM 2505.03994
astro-ph.IM 2505.04067
astro-ph.IM 2505.04399
astro-ph.IM 2505.04413
astro-ph.IM 2505.04437
astro-ph.IM 2505.03927
astro-ph.IM 2505.03932
astro-ph.IM 2505.04239
astro-ph.IM 2505.04681
astro-ph.IM 2505.04765
astro-ph.IM 2505.04990
astro-ph.IM 2505.05281
astro-ph.IM 2505.04676
astro-ph.IM 2505.04887
astro-ph.IM 2505.05274
astro-ph.IM 2505.05310
astro-ph.IM 2505.05346
astro-ph.IM 2505.05546
astro-ph.IM 2505.05560
astro-ph.IM 2505.05590
astro-ph.IM 2505.05690
astro-ph.IM 2505.06155
astro-ph.IM 2505.06228
astro-ph.IM 2505.05514
astro-ph.IM 2505.05571
astro-ph.IM 2505.05820
astro-ph.IM 2505.06167
math.DS 2505.02019
math.DS 2505.02155
math.DS 2505.02308
math.DS 2505.02397
math.DS 2505.02423
math.DS 2505.01839
math.DS 2505.01867
math.DS 2505.01952
math.DS 2505.02021
math.DS 2505.02117
math.DS 2505.02149
math.DS 2505.02189
math.DS 2505.02196
math.DS 2505.02336
math.DS 2505.02482
math.DS 2505.02608
math.DS 2505.02631
math.DS 2505.02183
math.DS 2505.03051
math.DS 2505.03057
math.DS 2505.03298
math.DS 2505.03404
math.DS 2505.03552
math.DS 2505.03561
math.DS 2505.03591
math.DS 2505.02965
math.DS 2505.03079
math.DS 2505.03210
math.DS 2505.03239
math.DS 2505.03301
math.DS 2505.03503
math.DS 2505.03751
math.DS 2505.04077
math.DS 2505.04183
math.DS 2505.04194
math.DS 2505.04213
math.DS 2505.04547
math.DS 2505.03922
math.DS 2505.03933
math.DS 2505.03984
math.DS 2505.04036
math.DS 2505.04221
math.DS 2505.04383
math.DS 2505.04415
math.DS 2505.04725
math.DS 2505.04780
math.DS 2505.04792
math.DS 2505.04815
math.DS 2505.04944
math.DS 2505.05052
math.DS 2505.05069
math.DS 2505.05085
math.DS 2505.05369
math.DS 2505.05620
math.DS 2505.05627
math.DS 2505.05737
math.DS 2505.05770
math.DS 2505.05876
math.DS 2505.05884
math.DS 2505.05980
math.DS 2505.06061
nlin.AO 2505.00736
nlin.AO 2505.02114
nlin.AO 2505.03957
nlin.AO 2505.04533
nlin.AO 2505.04714
nlin.AO 2505.05394
nlin.AO 2505.05420
nlin.AO 2505.05972
nlin.SI 2504.21514
nlin.SI 2504.21094
nlin.SI 2504.21315
nlin.SI 2504.21359
nlin.SI 2505.01138
nlin.SI 2505.01228
nlin.SI 2505.02169
nlin.SI 2505.01771
nlin.SI 2505.02029
nlin.SI 2505.02962
nlin.SI 2505.03429
nlin.SI 2505.03545
nlin.SI 2505.04790
nlin.SI 2505.05096
physics.ins-det 2505.01994
physics.ins-det 2505.01833
physics.ins-det 2505.01961
physics.ins-det 2505.02584
physics.ins-det 2505.02632
physics.ins-det 2505.02671
physics.ins-det 2505.03094
physics.ins-det 2505.03650
physics.ins-det 2505.03491
physics.ins-det 2505.03920
physics.ins-det 2505.04510
physics.ins-det 2505.04582
physics.ins-det 2505.04630
physics.ins-det 2505.04746
physics.ins-det 2505.05144
physics.ins-det 2505.04663
physics.ins-det 2505.05690
physics.ins-det 2505.05790
physics.ins-det 2505.05820
physics.ins-det 2505.06138
physics.ins-det 2505.05524
physics.ins-det 2505.05532
physics.ins-det 2505.05585
physics.ins-det 2505.05586
physics.ins-det 2505.05632
physics.ins-det 2505.05642
physics.ins-det 2505.05696
physics.ins-det 2505.05867
physics.ins-det 2505.05974
physics.ins-det 2505.06129
math.PR 2505.01439
math.PR 2505.01680
math.PR 2505.01876
math.PR 2505.01918
math.PR 2505.02458
math.PR 2505.02653
math.PR 2505.02814
math.PR 2505.01526
math.PR 2505.01594
math.PR 2505.01608
math.PR 2505.01703
math.PR 2505.01704
math.PR 2505.01705
math.PR 2505.01720
math.PR 2505.01739
math.PR 2505.01798
math.PR 2505.01971
math.PR 2505.02058
math.PR 2505.02267
math.PR 2505.02302
math.PR 2505.02400
math.PR 2505.02479
math.PR 2505.02685
math.PR 2505.02723
math.PR 2505.02855
math.PR 2505.02879
math.PR 2505.03202
math.PR 2505.03340
math.PR 2505.03432
math.PR 2505.03649
math.PR 2505.02955
math.PR 2505.02973
math.PR 2505.03006
math.PR 2505.03104
math.PR 2505.03157
math.PR 2505.03168
math.PR 2505.03198
math.PR 2505.03211
math.PR 2505.03298
math.PR 2505.03324
math.PR 2505.03504
math.PR 2505.03636
math.PR 2505.03789
math.PR 2505.03980
math.PR 2505.04036
math.PR 2505.04077
math.PR 2505.04130
math.PR 2505.04243
math.PR 2505.04266
math.PR 2505.04383
math.PR 2505.04436
math.PR 2505.04489
math.PR 2505.04218
math.PR 2505.04289
math.PR 2505.04377
math.PR 2505.04721
math.PR 2505.04754
math.PR 2505.04780
math.PR 2505.04795
math.PR 2505.04866
math.PR 2505.05048
math.PR 2505.05082
math.PR 2505.05113
math.PR 2505.05296
math.PR 2505.05421
math.PR 2505.04774
math.PR 2505.04801
math.PR 2505.04828
math.PR 2505.04928
math.PR 2505.04942
math.PR 2505.05000
math.PR 2505.05188
math.PR 2505.05284
math.PR 2505.05319
math.PR 2505.05447
math.PR 2505.05451
math.PR 2505.05742
math.PR 2505.05770
math.PR 2505.05685
math.PR 2505.05793
math.PR 2505.05921
math.PR 2505.05984
math.PR 2505.06051
math.PR 2505.06088
math.PR 2505.06187
math.PR 2505.06209
physics.comp-ph 2505.01541
physics.comp-ph 2505.01935
physics.comp-ph 2505.02258
physics.comp-ph 2505.02276
physics.comp-ph 2505.02319
physics.comp-ph 2505.02559
physics.comp-ph 2505.02580
physics.comp-ph 2505.02634
physics.comp-ph 2505.01525
physics.comp-ph 2505.01590
physics.comp-ph 2505.01779
physics.comp-ph 2505.01957
physics.comp-ph 2505.02270
physics.comp-ph 2505.02321
physics.comp-ph 2505.02522
physics.comp-ph 2505.02898
physics.comp-ph 2505.02901
physics.comp-ph 2505.02927
physics.comp-ph 2505.03008
physics.comp-ph 2505.03064
physics.comp-ph 2505.03143
physics.comp-ph 2505.03187
physics.comp-ph 2505.03255
physics.comp-ph 2505.03333
physics.comp-ph 2505.03354
physics.comp-ph 2505.03518
physics.comp-ph 2505.03652
physics.comp-ph 2505.02967
physics.comp-ph 2505.03021
physics.comp-ph 2505.03550
physics.comp-ph 2505.04012
physics.comp-ph 2505.04161
physics.comp-ph 2505.04197
physics.comp-ph 2505.04236
physics.comp-ph 2505.04282
physics.comp-ph 2505.04559
physics.comp-ph 2505.03755
physics.comp-ph 2505.03758
physics.comp-ph 2505.04024
physics.comp-ph 2505.04100
physics.comp-ph 2505.04362
physics.comp-ph 2505.04627
physics.comp-ph 2505.04770
physics.comp-ph 2505.05117
physics.comp-ph 2505.05245
physics.comp-ph 2505.05255
physics.comp-ph 2505.05282
physics.comp-ph 2505.05384
physics.comp-ph 2505.05401
physics.comp-ph 2505.05420
physics.comp-ph 2505.04925
physics.comp-ph 2505.05109
physics.comp-ph 2505.05393
physics.comp-ph 2505.05675
physics.comp-ph 2505.05695
physics.comp-ph 2505.05749
physics.comp-ph 2505.05869
physics.comp-ph 2505.05891
physics.comp-ph 2505.05908
physics.comp-ph 2505.05940
physics.comp-ph 2505.06138
physics.comp-ph 2505.06194
physics.comp-ph 2505.05652
physics.comp-ph 2505.05781
physics.comp-ph 2505.05836
physics.comp-ph 2505.06141
cond-mat.dis-nn 2505.02244
cond-mat.dis-nn 2505.02248
cond-mat.dis-nn 2505.02421
cond-mat.dis-nn 2505.02458
cond-mat.dis-nn 2505.02103
cond-mat.dis-nn 2505.02234
cond-mat.dis-nn 2505.03051
cond-mat.dis-nn 2505.03251
cond-mat.dis-nn 2505.03466
cond-mat.dis-nn 2505.03577
cond-mat.dis-nn 2505.03645
cond-mat.dis-nn 2505.03714
cond-mat.dis-nn 2505.02927
cond-mat.dis-nn 2505.03026
cond-mat.dis-nn 2505.00068
cond-mat.dis-nn 2505.04032
cond-mat.dis-nn 2505.03925
cond-mat.dis-nn 2505.04026
cond-mat.dis-nn 2505.04298
cond-mat.dis-nn 2505.04554
cond-mat.dis-nn 2505.04766
cond-mat.dis-nn 2505.05117
cond-mat.dis-nn 2505.05164
cond-mat.dis-nn 2505.06202
physics.optics 2505.01506
physics.optics 2505.01609
physics.optics 2505.01942
physics.optics 2505.02221
physics.optics 2505.02358
physics.optics 2505.02512
physics.optics 2505.02620
physics.optics 2505.02695
physics.optics 2505.02776
physics.optics 2505.01580
physics.optics 2505.01701
physics.optics 2505.01852
physics.optics 2505.01891
physics.optics 2505.01913
physics.optics 2505.02119
physics.optics 2505.02244
physics.optics 2505.02333
physics.optics 2505.02432
physics.optics 2505.02477
physics.optics 2505.02563
physics.optics 2505.02602
physics.optics 2505.02644
physics.optics 2505.02662
physics.optics 2505.02691
physics.optics 2505.02799
physics.optics 2505.02801
physics.optics 2505.02940
physics.optics 2505.03094
physics.optics 2505.03358
physics.optics 2505.03131
physics.optics 2505.03152
physics.optics 2505.03162
physics.optics 2505.03266
physics.optics 2505.03270
physics.optics 2505.03272
physics.optics 2505.03274
physics.optics 2505.03333
physics.optics 2505.03341
physics.optics 2505.03352
physics.optics 2505.03354
physics.optics 2505.03402
physics.optics 2505.03416
physics.optics 2505.03495
physics.optics 2505.03525
physics.optics 2505.03564
physics.optics 2505.03580
physics.optics 2505.03658
physics.optics 2505.03734
physics.optics 2505.03888
physics.optics 2505.03960
physics.optics 2505.04044
physics.optics 2505.04495
physics.optics 2505.04516
physics.optics 2505.03759
physics.optics 2505.03895
physics.optics 2505.03926
physics.optics 2505.04012
physics.optics 2505.04031
physics.optics 2505.04151
physics.optics 2505.04179
physics.optics 2505.04197
physics.optics 2505.04205
physics.optics 2505.04405
physics.optics 2505.04448
physics.optics 2505.04490
physics.optics 2505.04585
physics.optics 2505.04624
physics.optics 2505.04786
physics.optics 2505.04855
physics.optics 2505.04862
physics.optics 2505.04913
physics.optics 2505.05285
physics.optics 2505.05290
physics.optics 2505.05348
physics.optics 2505.05352
physics.optics 2505.04630
physics.optics 2505.04746
physics.optics 2505.04755
physics.optics 2505.04756
physics.optics 2505.04766
physics.optics 2505.04803
physics.optics 2505.04814
physics.optics 2505.04856
physics.optics 2505.04908
physics.optics 2505.04932
physics.optics 2505.04998
physics.optics 2505.05011
physics.optics 2505.05147
physics.optics 2505.05191
physics.optics 2505.05256
physics.optics 2505.05263
physics.optics 2505.05320
physics.optics 2505.05382
physics.optics 2505.05398
physics.optics 2505.05399
physics.optics 2505.05457
physics.optics 2505.05825
physics.optics 2505.05930
physics.optics 2505.05939
physics.optics 2505.05966
physics.optics 2505.06036
physics.optics 2505.06039
physics.optics 2505.06225
physics.optics 2505.05490
physics.optics 2505.05823
physics.optics 2505.05928
physics.optics 2505.06057
physics.optics 2505.06077
econ.TH 2505.00724
econ.TH 2505.01395
econ.TH 2505.00800
econ.TH 2505.02860
econ.TH 2505.03232
econ.TH 2505.03291
econ.TH 2505.04136
econ.TH 2505.04122
econ.TH 2505.05341
econ.TH 2505.05708
nlin.CD 2505.01847
nlin.CD 2505.02117
nlin.CD 2505.01895
nlin.CD 2505.03051
nlin.CD 2505.04541
nlin.CD 2505.03921
nlin.CD 2505.04411
nlin.CD 2505.04420
nlin.CD 2505.05075
nlin.CD 2505.04750
nlin.CD 2505.04874
nlin.CD 2505.05769
nlin.CD 2505.05876
nlin.CD 2505.05852
nlin.CD 2505.05881
physics.app-ph 2505.01549
physics.app-ph 2505.01609
physics.app-ph 2505.01612
physics.app-ph 2505.01840
physics.app-ph 2505.01871
physics.app-ph 2505.01891
physics.app-ph 2505.01998
physics.app-ph 2505.02237
physics.app-ph 2505.02477
physics.app-ph 2505.02563
physics.app-ph 2505.01622
physics.app-ph 2505.03306
physics.app-ph 2505.03402
physics.app-ph 2505.03575
physics.app-ph 2505.03064
physics.app-ph 2505.03622
physics.app-ph 2505.03905
physics.app-ph 2505.03960
physics.app-ph 2505.04012
physics.app-ph 2505.04030
physics.app-ph 2505.04031
physics.app-ph 2505.04035
physics.app-ph 2505.04103
physics.app-ph 2505.04159
physics.app-ph 2505.04405
physics.app-ph 2505.04455
physics.app-ph 2505.04582
physics.app-ph 2505.04045
physics.app-ph 2505.04057
physics.app-ph 2505.04679
physics.app-ph 2505.04746
physics.app-ph 2505.04755
physics.app-ph 2505.04811
physics.app-ph 2505.04863
physics.app-ph 2505.04878
physics.app-ph 2505.05011
physics.app-ph 2505.05263
physics.app-ph 2505.05348
physics.app-ph 2505.05398
physics.app-ph 2505.04821
physics.app-ph 2505.05217
physics.app-ph 2505.05316
physics.app-ph 2505.05344
physics.app-ph 2505.05801
physics.app-ph 2505.06138
physics.app-ph 2505.06225
physics.app-ph 2505.06039
physics.med-ph 2505.01622
physics.med-ph 2505.01833
physics.med-ph 2505.01909
physics.med-ph 2505.01940
physics.med-ph 2505.01970
physics.med-ph 2505.02318
physics.med-ph 2505.02555
physics.med-ph 2505.02695
physics.med-ph 2505.02843
physics.med-ph 2505.03037
physics.med-ph 2505.03463
physics.med-ph 2505.03498
physics.med-ph 2505.03637
physics.med-ph 2505.03632
physics.med-ph 2505.04172
physics.med-ph 2505.03935
physics.med-ph 2505.04550
physics.med-ph 2505.04728
physics.med-ph 2505.05144
physics.med-ph 2505.05372
physics.med-ph 2505.05643
physics.med-ph 2505.05812
physics.med-ph 2505.06223
physics.data-an 2505.02412
physics.data-an 2505.02610
physics.data-an 2505.01473
physics.data-an 2505.03652
physics.data-an 2505.03724
physics.data-an 2505.03666
physics.data-an 2505.04070
physics.data-an 2505.04215
physics.data-an 2505.04627
physics.data-an 2505.05304
physics.data-an 2505.05310
physics.data-an 2505.05346
physics.data-an 2505.05544
physics.data-an 2505.06014
physics.data-an 2505.06139
q-fin.MF 2504.19885
q-fin.MF 2505.01284
q-fin.MF 2505.01876
q-fin.MF 2505.04553
q-fin.MF 2505.05121
q-fin.MF 2505.05113
