cs.CG 2411.03935
cs.CG 2411.05443
cs.CG 2411.05495
cs.CG 2411.07030
cs.CG 2411.07053
cs.CG 2411.06114
cs.CG 2411.06584
cs.CG 2411.06986
cs.CG 2411.07225
cs.CG 2411.08204
cs.CG 2411.08972
cs.FL 2411.05722
cs.FL 2411.05946
cs.FL 2411.06383
cs.FL 2411.06358
cs.FL 2411.06904
cs.FL 2407.12840
cs.FL 2411.07049
cs.FL 2411.08003
cs.FL 2411.07275
cs.FL 2411.07741
cs.FL 2411.08523
cs.FL 2411.08815
cs.FL 2411.09121
cs.FL 2411.09366
cs.DS 2411.05097
cs.DS 2411.05318
cs.DS 2411.05736
cs.DS 2411.05156
cs.DS 2411.05255
cs.DS 2411.05432
cs.DS 2411.05458
cs.DS 2411.05553
cs.DS 2411.05750
cs.DS 2411.06200
cs.DS 2411.06360
cs.DS 2411.06697
cs.DS 2411.06822
cs.DS 2411.07006
cs.DS 2411.07030
cs.DS 2411.06292
cs.DS 2411.06370
cs.DS 2411.06405
cs.DS 2411.06502
cs.DS 2411.06541
cs.DS 2411.06546
cs.DS 2411.06857
cs.DS 2411.07536
cs.DS 2411.07809
cs.DS 2411.07273
cs.DS 2411.07389
cs.DS 2411.07499
cs.DS 2411.07505
cs.DS 2411.07526
cs.DS 2411.07553
cs.DS 2411.07782
cs.DS 2411.08355
cs.DS 2411.08765
cs.DS 2411.08151
cs.DS 2411.08218
cs.DS 2411.08332
cs.DS 2411.08671
cs.DS 2411.08773
cs.DS 2411.08792
cs.DS 2411.08805
cs.DS 2411.08972
cs.DS 2411.08987
cs.DS 2411.08989
cs.DS 2411.09075
cs.DS 2411.09117
cs.DS 2411.09473
cs.DS 2411.09642
cs.DS 2411.09059
cs.DS 2411.09114
cs.DS 2411.09205
cs.DS 2411.09275
cs.DS 2411.09472
cs.DS 2411.09531
cs.GR 2411.05132
cs.GR 2411.05524
cs.GR 2411.05823
cs.GR 2411.06019
cs.GR 2411.06067
cs.GR 2411.06244
cs.GR 2411.06530
cs.GR 2411.07135
cs.GR 2411.07232
cs.GR 2411.06224
cs.GR 2411.06459
cs.GR 2411.06471
cs.GR 2411.07025
cs.GR 2411.07579
cs.GR 2411.08033
cs.GR 2411.08037
cs.GR 2411.08045
cs.GR 2411.08673
cs.GR 2411.08818
cs.GR 2411.08930
cs.GR 2411.09066
cs.GR 2411.09156
cs.GT 2211.03077
cs.GT 2411.05032
cs.GT 2411.05234
cs.GT 2411.05574
cs.GT 2411.05599
cs.GT 2411.05713
cs.GT 2411.05990
cs.GT 2411.06069
cs.GT 2411.06312
cs.GT 2411.06545
cs.GT 2411.06788
cs.GT 2411.07166
cs.GT 2411.06141
cs.GT 2411.06924
cs.GT 2411.07099
cs.GT 2411.07335
cs.GT 2411.07362
cs.GT 2411.07679
cs.GT 2411.08026
cs.GT 2411.07267
cs.GT 2411.07354
cs.GT 2411.07488
cs.GT 2411.08450
cs.GT 2411.08625
cs.GT 2411.08367
cs.GT 2411.08784
cs.GT 2411.09168
cs.GT 2411.09646
cs.GT 2411.08972
cs.GT 2411.09355
cs.GT 2411.09517
cs.DB 2411.05048
cs.DB 2411.05317
cs.DB 2411.05521
cs.DB 2411.06241
cs.DB 2411.06799
cs.DB 2411.06980
cs.DB 2411.07009
cs.DB 2411.06102
cs.DB 2411.06158
cs.DB 2411.06243
cs.DB 2411.06392
cs.DB 2411.07049
cs.DB 2411.07267
cs.DB 2411.07589
cs.DB 2411.07763
cs.DB 2411.07490
cs.DB 2411.08077
cs.DB 2411.08599
cs.DB 2411.08647
cs.DB 2411.08041
cs.DB 2411.08203
cs.DB 2411.08206
cs.DB 2411.08874
cs.DB 2411.09275
cs.AI 2410.23391
cs.AI 2411.05010
cs.AI 2411.05013
cs.AI 2411.05025
cs.AI 2411.05027
cs.AI 2411.05028
cs.AI 2411.05029
cs.AI 2411.05034
cs.AI 2411.05037
cs.AI 2411.05039
cs.AI 2411.05040
cs.AI 2411.05042
cs.AI 2411.05043
cs.AI 2411.05046
cs.AI 2411.05048
cs.AI 2411.05050
cs.AI 2411.05051
cs.AI 2411.05054
cs.AI 2411.05055
cs.AI 2411.05056
cs.AI 2411.05059
cs.AI 2411.05174
cs.AI 2411.05192
cs.AI 2411.05193
cs.AI 2411.05194
cs.AI 2411.05205
cs.AI 2411.05232
cs.AI 2411.05260
cs.AI 2411.05261
cs.AI 2411.05270
cs.AI 2411.05273
cs.AI 2411.05281
cs.AI 2411.05282
cs.AI 2411.05289
cs.AI 2411.05292
cs.AI 2411.05296
cs.AI 2411.05307
cs.AI 2411.05316
cs.AI 2411.05330
cs.AI 2411.05340
cs.AI 2411.05345
cs.AI 2411.05353
cs.AI 2411.05359
cs.AI 2411.05375
cs.AI 2411.05384
cs.AI 2411.05403
cs.AI 2411.05409
cs.AI 2411.05420
cs.AI 2411.05421
cs.AI 2411.05423
cs.AI 2411.05424
cs.AI 2411.05451
cs.AI 2411.05514
cs.AI 2411.05521
cs.AI 2411.05540
cs.AI 2411.05557
cs.AI 2411.05561
cs.AI 2411.05564
cs.AI 2411.05586
cs.AI 2411.05599
cs.AI 2411.05614
cs.AI 2411.05618
cs.AI 2411.05633
cs.AI 2411.05653
cs.AI 2411.05676
cs.AI 2411.05679
cs.AI 2411.05683
cs.AI 2411.05691
cs.AI 2411.05698
cs.AI 2411.05718
cs.AI 2411.05735
cs.AI 2411.05742
cs.AI 2411.05746
cs.AI 2411.05748
cs.AI 2411.05750
cs.AI 2411.05775
cs.AI 2411.05777
cs.AI 2411.05780
cs.AI 2411.05781
cs.AI 2411.05783
cs.AI 2411.05022
cs.AI 2411.05044
cs.AI 2411.05085
cs.AI 2411.05184
cs.AI 2411.05196
cs.AI 2411.05209
cs.AI 2411.05263
cs.AI 2411.05285
cs.AI 2411.05348
cs.AI 2411.05349
cs.AI 2411.05565
cs.AI 2411.05778
cs.AI 2411.05793
cs.AI 2411.05798
cs.AI 2411.05799
cs.AI 2411.05801
cs.AI 2411.05802
cs.AI 2411.05806
cs.AI 2411.05809
cs.AI 2411.05811
cs.AI 2411.05816
cs.AI 2411.05819
cs.AI 2411.05820
cs.AI 2411.05823
cs.AI 2411.05825
cs.AI 2411.05826
cs.AI 2411.05829
cs.AI 2411.05832
cs.AI 2411.05847
cs.AI 2411.05849
cs.AI 2411.05854
cs.AI 2411.05856
cs.AI 2411.05859
cs.AI 2411.05860
cs.AI 2411.05862
cs.AI 2411.05864
cs.AI 2411.05865
cs.AI 2411.05867
cs.AI 2411.05874
cs.AI 2411.05875
cs.AI 2411.05877
cs.AI 2411.05880
cs.AI 2411.05892
cs.AI 2411.05894
cs.AI 2411.05897
cs.AI 2411.05898
cs.AI 2411.05903
cs.AI 2411.05927
cs.AI 2411.05930
cs.AI 2411.05936
cs.AI 2411.05939
cs.AI 2411.05945
cs.AI 2411.05958
cs.AI 2411.05961
cs.AI 2411.05963
cs.AI 2411.05980
cs.AI 2411.05982
cs.AI 2411.05983
cs.AI 2411.06008
cs.AI 2411.06018
cs.AI 2411.06040
cs.AI 2411.06041
cs.AI 2411.06048
cs.AI 2411.06060
cs.AI 2411.06068
cs.AI 2411.06070
cs.AI 2411.06074
cs.AI 2411.06084
cs.AI 2411.06098
cs.AI 2411.06106
cs.AI 2411.06111
cs.AI 2411.06122
cs.AI 2411.06128
cs.AI 2411.06135
cs.AI 2411.06142
cs.AI 2411.06160
cs.AI 2411.06208
cs.AI 2411.06212
cs.AI 2411.06221
cs.AI 2411.06263
cs.AI 2411.06276
cs.AI 2411.06295
cs.AI 2411.06306
cs.AI 2411.06315
cs.AI 2411.06316
cs.AI 2411.06336
cs.AI 2411.06353
cs.AI 2411.06363
cs.AI 2411.06367
cs.AI 2411.06376
cs.AI 2411.06387
cs.AI 2411.06391
cs.AI 2411.06396
cs.AI 2411.06402
cs.AI 2411.06409
cs.AI 2411.06420
cs.AI 2411.06426
cs.AI 2411.06428
cs.AI 2411.06437
cs.AI 2411.06438
cs.AI 2411.06442
cs.AI 2411.06445
cs.AI 2411.06463
cs.AI 2411.06493
cs.AI 2411.06508
cs.AI 2411.06510
cs.AI 2411.06525
cs.AI 2411.06528
cs.AI 2411.06542
cs.AI 2411.06565
cs.AI 2411.06568
cs.AI 2411.06577
cs.AI 2411.06581
cs.AI 2411.06583
cs.AI 2411.06590
cs.AI 2411.06611
cs.AI 2411.06626
cs.AI 2411.06646
cs.AI 2411.06655
cs.AI 2411.06657
cs.AI 2411.06659
cs.AI 2411.06672
cs.AI 2411.06681
cs.AI 2411.06685
cs.AI 2411.06714
cs.AI 2411.06722
cs.AI 2411.06723
cs.AI 2411.06728
cs.AI 2411.06740
cs.AI 2411.06765
cs.AI 2411.06767
cs.AI 2411.06776
cs.AI 2411.06782
cs.AI 2411.06786
cs.AI 2411.06792
cs.AI 2411.06798
cs.AI 2411.06805
cs.AI 2411.06839
cs.AI 2411.06850
cs.AI 2411.06852
cs.AI 2411.06858
cs.AI 2411.06860
cs.AI 2411.06863
cs.AI 2411.06866
cs.AI 2411.06870
cs.AI 2411.06872
cs.AI 2411.06878
cs.AI 2411.06899
cs.AI 2411.06911
cs.AI 2411.06916
cs.AI 2411.06928
cs.AI 2411.06959
cs.AI 2411.06965
cs.AI 2411.06989
cs.AI 2411.07003
cs.AI 2411.07007
cs.AI 2411.07013
cs.AI 2411.07015
cs.AI 2411.07019
cs.AI 2411.07042
cs.AI 2411.07050
cs.AI 2411.07066
cs.AI 2411.07070
cs.AI 2411.07071
cs.AI 2411.07072
cs.AI 2411.07076
cs.AI 2411.07098
cs.AI 2411.07099
cs.AI 2411.07104
cs.AI 2411.07123
cs.AI 2411.07132
cs.AI 2411.07135
cs.AI 2411.07150
cs.AI 2411.07152
cs.AI 2411.07161
cs.AI 2411.07165
cs.AI 2411.07171
cs.AI 2411.07176
cs.AI 2411.07180
cs.AI 2411.07185
cs.AI 2411.07186
cs.AI 2411.07191
cs.AI 2411.07199
cs.AI 2411.07218
cs.AI 2411.07223
cs.AI 2411.07232
cs.AI 2411.07240
cs.AI 2411.05828
cs.AI 2411.05831
cs.AI 2411.05844
cs.AI 2411.05934
cs.AI 2411.05943
cs.AI 2411.05990
cs.AI 2411.06009
cs.AI 2411.06034
cs.AI 2411.06046
cs.AI 2411.06066
cs.AI 2411.06087
cs.AI 2411.06097
cs.AI 2411.06120
cs.AI 2411.06146
cs.AI 2411.06148
cs.AI 2411.06191
cs.AI 2411.06198
cs.AI 2411.06211
cs.AI 2411.06229
cs.AI 2411.06251
cs.AI 2411.06253
cs.AI 2411.06264
cs.AI 2411.06269
cs.AI 2411.06284
cs.AI 2411.06385
cs.AI 2411.06403
cs.AI 2411.06429
cs.AI 2411.06448
cs.AI 2411.06490
cs.AI 2411.06498
cs.AI 2411.06524
cs.AI 2411.06535
cs.AI 2411.06538
cs.AI 2411.06549
cs.AI 2411.06559
cs.AI 2411.06601
cs.AI 2411.06606
cs.AI 2411.06616
cs.AI 2411.06624
cs.AI 2411.06639
cs.AI 2411.06666
cs.AI 2411.06691
cs.AI 2411.06710
cs.AI 2411.06711
cs.AI 2411.06713
cs.AI 2411.06735
cs.AI 2411.06749
cs.AI 2411.06772
cs.AI 2411.06781
cs.AI 2411.06810
cs.AI 2411.06812
cs.AI 2411.06824
cs.AI 2411.06833
cs.AI 2411.06927
cs.AI 2411.06995
cs.AI 2411.07006
cs.AI 2411.07008
cs.AI 2411.07031
cs.AI 2411.07038
cs.AI 2411.07086
cs.AI 2411.07087
cs.AI 2411.07089
cs.AI 2411.07133
cs.AI 2411.07163
cs.AI 2411.07200
cs.AI 2411.07228
cs.AI 2411.07243
cs.AI 2411.07244
cs.AI 2411.07245
cs.AI 2411.07252
cs.AI 2411.07267
cs.AI 2411.07268
cs.AI 2411.07269
cs.AI 2411.07271
cs.AI 2411.07308
cs.AI 2411.07315
cs.AI 2411.07320
cs.AI 2411.07335
cs.AI 2411.07340
cs.AI 2411.07376
cs.AI 2411.07388
cs.AI 2411.07391
cs.AI 2411.07392
cs.AI 2411.07398
cs.AI 2411.07404
cs.AI 2411.07425
cs.AI 2411.07441
cs.AI 2411.07444
cs.AI 2411.07447
cs.AI 2411.07451
cs.AI 2411.07453
cs.AI 2411.07461
cs.AI 2411.07464
cs.AI 2411.07466
cs.AI 2411.07482
cs.AI 2411.07501
cs.AI 2411.07506
cs.AI 2411.07519
cs.AI 2411.07521
cs.AI 2411.07528
cs.AI 2411.07529
cs.AI 2411.07536
cs.AI 2411.07546
cs.AI 2411.07559
cs.AI 2411.07560
cs.AI 2411.07574
cs.AI 2411.07585
cs.AI 2411.07589
cs.AI 2411.07595
cs.AI 2411.07598
cs.AI 2411.07602
cs.AI 2411.07606
cs.AI 2411.07611
cs.AI 2411.07650
cs.AI 2411.07654
cs.AI 2411.07684
cs.AI 2411.07685
cs.AI 2411.07686
cs.AI 2411.07688
cs.AI 2411.07728
cs.AI 2411.07751
cs.AI 2411.07759
cs.AI 2411.07760
cs.AI 2411.07762
cs.AI 2411.07763
cs.AI 2411.07772
cs.AI 2411.07773
cs.AI 2411.07781
cs.AI 2411.07794
cs.AI 2411.07795
cs.AI 2411.07826
cs.AI 2411.07843
cs.AI 2411.07845
cs.AI 2411.07850
cs.AI 2411.07854
cs.AI 2411.07870
cs.AI 2411.07873
cs.AI 2411.07885
cs.AI 2411.07934
cs.AI 2411.07941
cs.AI 2411.07975
cs.AI 2411.07976
cs.AI 2411.07979
cs.AI 2411.07990
cs.AI 2411.08010
cs.AI 2411.08013
cs.AI 2411.08017
cs.AI 2411.08019
cs.AI 2411.08027
cs.AI 2411.08033
cs.AI 2411.08034
cs.AI 2411.07279
cs.AI 2411.07300
cs.AI 2411.07378
cs.AI 2411.07395
cs.AI 2411.07426
cs.AI 2411.07510
cs.AI 2411.07518
cs.AI 2411.07563
cs.AI 2411.07586
cs.AI 2411.07618
cs.AI 2411.07634
cs.AI 2411.07690
cs.AI 2411.07691
cs.AI 2411.07715
cs.AI 2411.07722
cs.AI 2411.07739
cs.AI 2411.07796
cs.AI 2411.07814
cs.AI 2411.07841
cs.AI 2411.07871
cs.AI 2411.07940
cs.AI 2411.07942
cs.AI 2411.07955
cs.AI 2411.07983
cs.AI 2411.08003
cs.AI 2411.08024
cs.AI 2411.08028
cs.AI 2411.08041
cs.AI 2411.08054
cs.AI 2411.08060
cs.AI 2411.08063
cs.AI 2411.08135
cs.AI 2411.08147
cs.AI 2411.08171
cs.AI 2411.08182
cs.AI 2411.08187
cs.AI 2411.08195
cs.AI 2411.08197
cs.AI 2411.08212
cs.AI 2411.08227
cs.AI 2411.08241
cs.AI 2411.08248
cs.AI 2411.08249
cs.AI 2411.08254
cs.AI 2411.08257
cs.AI 2411.08278
cs.AI 2411.08286
cs.AI 2411.08297
cs.AI 2411.08302
cs.AI 2411.08324
cs.AI 2411.08334
cs.AI 2411.08335
cs.AI 2411.08341
cs.AI 2411.08347
cs.AI 2411.08367
cs.AI 2411.08375
cs.AI 2411.08378
cs.AI 2411.08400
cs.AI 2411.08414
cs.AI 2411.08424
cs.AI 2411.08432
cs.AI 2411.08433
cs.AI 2411.08447
cs.AI 2411.08460
cs.AI 2411.08478
cs.AI 2411.08504
cs.AI 2411.08506
cs.AI 2411.08521
cs.AI 2411.08526
cs.AI 2411.08533
cs.AI 2411.08537
cs.AI 2411.08552
cs.AI 2411.08561
cs.AI 2411.08562
cs.AI 2411.08582
cs.AI 2411.08583
cs.AI 2411.08587
cs.AI 2411.08605
cs.AI 2411.08622
cs.AI 2411.08641
cs.AI 2411.08642
cs.AI 2411.08645
cs.AI 2411.08651
cs.AI 2411.08666
cs.AI 2411.08696
cs.AI 2411.08700
cs.AI 2411.08701
cs.AI 2411.08703
cs.AI 2411.08706
cs.AI 2411.08724
cs.AI 2411.08745
cs.AI 2411.08764
cs.AI 2411.08767
cs.AI 2411.08768
cs.AI 2411.08785
cs.AI 2411.08790
cs.AI 2411.08832
cs.AI 2411.08842
cs.AI 2411.08843
cs.AI 2411.08861
cs.AI 2411.08870
cs.AI 2411.08878
cs.AI 2411.08879
cs.AI 2411.08040
cs.AI 2411.08148
cs.AI 2411.08165
cs.AI 2411.08181
cs.AI 2411.08290
cs.AI 2411.08299
cs.AI 2411.08307
cs.AI 2411.08320
cs.AI 2411.08370
cs.AI 2411.08392
cs.AI 2411.08409
cs.AI 2411.08418
cs.AI 2411.08438
cs.AI 2411.08463
cs.AI 2411.08464
cs.AI 2411.08469
cs.AI 2411.08514
cs.AI 2411.08544
cs.AI 2411.08563
cs.AI 2411.08586
cs.AI 2411.08599
cs.AI 2411.08684
cs.AI 2411.08728
cs.AI 2411.08794
cs.AI 2411.08813
cs.AI 2411.08814
cs.AI 2411.08875
cs.AI 2410.03215
cs.AI 2411.08881
cs.AI 2411.08882
cs.AI 2411.08883
cs.AI 2411.08884
cs.AI 2411.08885
cs.AI 2411.08887
cs.AI 2411.08888
cs.AI 2411.08889
cs.AI 2411.08890
cs.AI 2411.08891
cs.AI 2411.08892
cs.AI 2411.08894
cs.AI 2411.08899
cs.AI 2411.08900
cs.AI 2411.08906
cs.AI 2411.08910
cs.AI 2411.08918
cs.AI 2411.08919
cs.AI 2411.08925
cs.AI 2411.08932
cs.AI 2411.08933
cs.AI 2411.08954
cs.AI 2411.08975
cs.AI 2411.08979
cs.AI 2411.08992
cs.AI 2411.09055
cs.AI 2411.09062
cs.AI 2411.09065
cs.AI 2411.09073
cs.AI 2411.09077
cs.AI 2411.09101
cs.AI 2411.09102
cs.AI 2411.09105
cs.AI 2411.09125
cs.AI 2411.09134
cs.AI 2411.09168
cs.AI 2411.09169
cs.AI 2411.09170
cs.AI 2411.09174
cs.AI 2411.09180
cs.AI 2411.09181
cs.AI 2411.09184
cs.AI 2411.09204
cs.AI 2411.09213
cs.AI 2411.09220
cs.AI 2411.09224
cs.AI 2411.09249
cs.AI 2411.09261
cs.AI 2411.09266
cs.AI 2411.09269
cs.AI 2411.09273
cs.AI 2411.09289
cs.AI 2411.09294
cs.AI 2411.09302
cs.AI 2411.09359
cs.AI 2411.09366
cs.AI 2411.09389
cs.AI 2411.09402
cs.AI 2411.09403
cs.AI 2411.09413
cs.AI 2411.09420
cs.AI 2411.09429
cs.AI 2411.09451
cs.AI 2411.09469
cs.AI 2411.09471
cs.AI 2411.09475
cs.AI 2411.09492
cs.AI 2411.09507
cs.AI 2411.09510
cs.AI 2411.09540
cs.AI 2411.09543
cs.AI 2411.09547
cs.AI 2411.09580
cs.AI 2411.09590
cs.AI 2411.09593
cs.AI 2411.09595
cs.AI 2411.09604
cs.AI 2411.09613
cs.AI 2411.09623
cs.AI 2411.09627
cs.AI 2411.09642
cs.AI 2411.09678
cs.AI 2411.09683
cs.AI 2411.09702
cs.AI 2411.08897
cs.AI 2411.08981
cs.AI 2411.09001
cs.AI 2411.09050
cs.AI 2411.09068
cs.AI 2411.09089
cs.AI 2411.09158
cs.AI 2411.09160
cs.AI 2411.09176
cs.AI 2411.09189
cs.AI 2411.09211
cs.AI 2411.09243
cs.AI 2411.09251
cs.AI 2411.09356
cs.AI 2411.09400
cs.AI 2411.09422
cs.AI 2411.09523
cs.AI 2411.09576
cs.AI 2411.09601
cs.AI 2411.09648
cs.AI 2411.09689
cs.AR 2411.05400
cs.AR 2411.05748
cs.AR 2411.05229
cs.AR 2411.05282
cs.AR 2411.06350
cs.AR 2411.06376
cs.AR 2411.06059
cs.AR 2411.06079
cs.AR 2411.06846
cs.AR 2411.07062
cs.AR 2411.07397
cs.AR 2411.07902
cs.AR 2411.07632
cs.AR 2411.07721
cs.AR 2411.07946
cs.AR 2411.08312
cs.AR 2411.08353
cs.AR 2411.08645
cs.AR 2411.08674
cs.AR 2411.09159
cs.AR 2411.09201
cs.AR 2411.09315
cs.AR 2411.09543
cs.AR 2411.09546
cs.DM 2411.04204
cs.DM 2411.04479
cs.DM 2411.05916
cs.DM 2411.06822
cs.DM 2411.06857
cs.DM 2411.06955
cs.DM 2411.07030
cs.DM 2411.07985
cs.DM 2411.07347
cs.DM 2411.07576
cs.DM 2411.08233
cs.DM 2411.08685
cs.DM 2411.08839
cs.DM 2411.08179
cs.DM 2411.08989
cs.DM 2411.08994
cs.DC 2411.05009
cs.DC 2411.05260
cs.DC 2411.05323
cs.DC 2411.05346
cs.DC 2411.05349
cs.DC 2411.05463
cs.DC 2411.05614
cs.DC 2411.05697
cs.DC 2411.05248
cs.DC 2411.05288
cs.DC 2411.05309
cs.DC 2411.05333
cs.DC 2411.05555
cs.DC 2411.05873
cs.DC 2411.06135
cs.DC 2411.06137
cs.DC 2411.06225
cs.DC 2411.06465
cs.DC 2411.06581
cs.DC 2411.06618
cs.DC 2411.06681
cs.DC 2411.06773
cs.DC 2411.06878
cs.DC 2411.06980
cs.DC 2411.07049
cs.DC 2411.07168
cs.DC 2411.07182
cs.DC 2411.06364
cs.DC 2411.06788
cs.DC 2411.06895
cs.DC 2411.07011
cs.DC 2411.07106
cs.DC 2411.07302
cs.DC 2411.07391
cs.DC 2411.07485
cs.DC 2411.07622
cs.DC 2411.07826
cs.DC 2411.07959
cs.DC 2411.07444
cs.DC 2411.07628
cs.DC 2411.07752
cs.DC 2411.08274
cs.DC 2411.08374
cs.DC 2411.08616
cs.DC 2411.08434
cs.DC 2411.08446
cs.DC 2411.08448
cs.DC 2411.08982
cs.DC 2411.09047
cs.DC 2411.09275
cs.DC 2411.09317
cs.DC 2411.08914
cs.DC 2411.09473
cs.CV 2411.05030
cs.CV 2411.05085
cs.CV 2411.05188
cs.CV 2411.05195
cs.CV 2411.05265
cs.CV 2411.05302
cs.CV 2411.05322
cs.CV 2411.05324
cs.CV 2411.05384
cs.CV 2411.05420
cs.CV 2411.05423
cs.CV 2411.05456
cs.CV 2411.05489
cs.CV 2411.05712
cs.CV 2411.05752
cs.CV 2411.05755
cs.CV 2411.05771
cs.CV 2411.05783
cs.CV 2411.05027
cs.CV 2411.05028
cs.CV 2411.05029
cs.CV 2411.05043
cs.CV 2411.05079
cs.CV 2411.05183
cs.CV 2411.05219
cs.CV 2411.05222
cs.CV 2411.05223
cs.CV 2411.05225
cs.CV 2411.05254
cs.CV 2411.05261
cs.CV 2411.05269
cs.CV 2411.05292
cs.CV 2411.05307
cs.CV 2411.05311
cs.CV 2411.05312
cs.CV 2411.05335
cs.CV 2411.05357
cs.CV 2411.05359
cs.CV 2411.05362
cs.CV 2411.05395
cs.CV 2411.05419
cs.CV 2411.05473
cs.CV 2411.05497
cs.CV 2411.05500
cs.CV 2411.05514
cs.CV 2411.05524
cs.CV 2411.05544
cs.CV 2411.05552
cs.CV 2411.05557
cs.CV 2411.05561
cs.CV 2411.05564
cs.CV 2411.05597
cs.CV 2411.05603
cs.CV 2411.05609
cs.CV 2411.05633
cs.CV 2411.05636
cs.CV 2411.05663
cs.CV 2411.05679
cs.CV 2411.05692
cs.CV 2411.05698
cs.CV 2411.05705
cs.CV 2411.05706
cs.CV 2411.05714
cs.CV 2411.05731
cs.CV 2411.05734
cs.CV 2411.05738
cs.CV 2411.05747
cs.CV 2411.05779
cs.CV 2411.05780
cs.CV 2411.05821
cs.CV 2411.05824
cs.CV 2411.05825
cs.CV 2411.05831
cs.CV 2411.05846
cs.CV 2411.05854
cs.CV 2411.05855
cs.CV 2411.05863
cs.CV 2411.05873
cs.CV 2411.05876
cs.CV 2411.05883
cs.CV 2411.05884
cs.CV 2411.05885
cs.CV 2411.05886
cs.CV 2411.05901
cs.CV 2411.05903
cs.CV 2411.05946
cs.CV 2411.05959
cs.CV 2411.05963
cs.CV 2411.05985
cs.CV 2411.06160
cs.CV 2411.06181
cs.CV 2411.06184
cs.CV 2411.06236
cs.CV 2411.06308
cs.CV 2411.06343
cs.CV 2411.06346
cs.CV 2411.06353
cs.CV 2411.06397
cs.CV 2411.06486
cs.CV 2411.06499
cs.CV 2411.06503
cs.CV 2411.06508
cs.CV 2411.06513
cs.CV 2411.06583
cs.CV 2411.06651
cs.CV 2411.06695
cs.CV 2411.06696
cs.CV 2411.06714
cs.CV 2411.06750
cs.CV 2411.06810
cs.CV 2411.06842
cs.CV 2411.06916
cs.CV 2411.06969
cs.CV 2411.07025
cs.CV 2411.07039
cs.CV 2411.07146
cs.CV 2411.07165
cs.CV 2411.07223
cs.CV 2411.05822
cs.CV 2411.05823
cs.CV 2411.05826
cs.CV 2411.05827
cs.CV 2411.05832
cs.CV 2411.05836
cs.CV 2411.05837
cs.CV 2411.05838
cs.CV 2411.05858
cs.CV 2411.05860
cs.CV 2411.05878
cs.CV 2411.05879
cs.CV 2411.05880
cs.CV 2411.05887
cs.CV 2411.05898
cs.CV 2411.05900
cs.CV 2411.05902
cs.CV 2411.05927
cs.CV 2411.05939
cs.CV 2411.05961
cs.CV 2411.05964
cs.CV 2411.05993
cs.CV 2411.06019
cs.CV 2411.06023
cs.CV 2411.06041
cs.CV 2411.06048
cs.CV 2411.06067
cs.CV 2411.06071
cs.CV 2411.06074
cs.CV 2411.06091
cs.CV 2411.06098
cs.CV 2411.06106
cs.CV 2411.06119
cs.CV 2411.06142
cs.CV 2411.06173
cs.CV 2411.06197
cs.CV 2411.06206
cs.CV 2411.06232
cs.CV 2411.06287
cs.CV 2411.06297
cs.CV 2411.06315
cs.CV 2411.06318
cs.CV 2411.06344
cs.CV 2411.06347
cs.CV 2411.06363
cs.CV 2411.06365
cs.CV 2411.06378
cs.CV 2411.06381
cs.CV 2411.06390
cs.CV 2411.06441
cs.CV 2411.06442
cs.CV 2411.06444
cs.CV 2411.06449
cs.CV 2411.06456
cs.CV 2411.06463
cs.CV 2411.06478
cs.CV 2411.06481
cs.CV 2411.06510
cs.CV 2411.06525
cs.CV 2411.06530
cs.CV 2411.06553
cs.CV 2411.06558
cs.CV 2411.06596
cs.CV 2411.06602
cs.CV 2411.06632
cs.CV 2411.06652
cs.CV 2411.06657
cs.CV 2411.06665
cs.CV 2411.06685
cs.CV 2411.06686
cs.CV 2411.06692
cs.CV 2411.06700
cs.CV 2411.06702
cs.CV 2411.06703
cs.CV 2411.06719
cs.CV 2411.06725
cs.CV 2411.06727
cs.CV 2411.06757
cs.CV 2411.06764
cs.CV 2411.06776
cs.CV 2411.06780
cs.CV 2411.06786
cs.CV 2411.06851
cs.CV 2411.06864
cs.CV 2411.06869
cs.CV 2411.06872
cs.CV 2411.06879
cs.CV 2411.06893
cs.CV 2411.06896
cs.CV 2411.06908
cs.CV 2411.06911
cs.CV 2411.06921
cs.CV 2411.06959
cs.CV 2411.06966
cs.CV 2411.06971
cs.CV 2411.06976
cs.CV 2411.06991
cs.CV 2411.07072
cs.CV 2411.07074
cs.CV 2411.07076
cs.CV 2411.07096
cs.CV 2411.07097
cs.CV 2411.07118
cs.CV 2411.07121
cs.CV 2411.07126
cs.CV 2411.07132
cs.CV 2411.07135
cs.CV 2411.07138
cs.CV 2411.07167
cs.CV 2411.07184
cs.CV 2411.07199
cs.CV 2411.07205
cs.CV 2411.07229
cs.CV 2411.07231
cs.CV 2411.07232
cs.CV 2411.07322
cs.CV 2411.07335
cs.CV 2411.07348
cs.CV 2411.07391
cs.CV 2411.07416
cs.CV 2411.07483
cs.CV 2411.07501
cs.CV 2411.07503
cs.CV 2411.07567
cs.CV 2411.07601
cs.CV 2411.07684
cs.CV 2411.07719
cs.CV 2411.07750
cs.CV 2411.07751
cs.CV 2411.07784
cs.CV 2411.07815
cs.CV 2411.07848
cs.CV 2411.07873
cs.CV 2411.07899
cs.CV 2411.07940
cs.CV 2411.07941
cs.CV 2411.07956
cs.CV 2411.07976
cs.CV 2411.08027
cs.CV 2411.07265
cs.CV 2411.07311
cs.CV 2411.07326
cs.CV 2411.07351
cs.CV 2411.07392
cs.CV 2411.07430
cs.CV 2411.07445
cs.CV 2411.07449
cs.CV 2411.07461
cs.CV 2411.07462
cs.CV 2411.07463
cs.CV 2411.07472
cs.CV 2411.07478
cs.CV 2411.07516
cs.CV 2411.07541
cs.CV 2411.07544
cs.CV 2411.07546
cs.CV 2411.07555
cs.CV 2411.07556
cs.CV 2411.07575
cs.CV 2411.07577
cs.CV 2411.07578
cs.CV 2411.07579
cs.CV 2411.07581
cs.CV 2411.07584
cs.CV 2411.07608
cs.CV 2411.07619
cs.CV 2411.07621
cs.CV 2411.07625
cs.CV 2411.07627
cs.CV 2411.07635
cs.CV 2411.07643
cs.CV 2411.07649
cs.CV 2411.07650
cs.CV 2411.07660
cs.CV 2411.07664
cs.CV 2411.07685
cs.CV 2411.07688
cs.CV 2411.07708
cs.CV 2411.07725
cs.CV 2411.07728
cs.CV 2411.07740
cs.CV 2411.07742
cs.CV 2411.07747
cs.CV 2411.07758
cs.CV 2411.07765
cs.CV 2411.07794
cs.CV 2411.07799
cs.CV 2411.07802
cs.CV 2411.07834
cs.CV 2411.07863
cs.CV 2411.07885
cs.CV 2411.07893
cs.CV 2411.07901
cs.CV 2411.07918
cs.CV 2411.07936
cs.CV 2411.07945
cs.CV 2411.07975
cs.CV 2411.08014
cs.CV 2411.08017
cs.CV 2411.08033
cs.CV 2411.08034
cs.CV 2411.08037
cs.CV 2411.08060
cs.CV 2411.08085
cs.CV 2411.08158
cs.CV 2411.08164
cs.CV 2411.08305
cs.CV 2411.08410
cs.CV 2411.08443
cs.CV 2411.08460
cs.CV 2411.08488
cs.CV 2411.08777
cs.CV 2411.08127
cs.CV 2411.08128
cs.CV 2411.08171
cs.CV 2411.08187
cs.CV 2411.08195
cs.CV 2411.08196
cs.CV 2411.08216
cs.CV 2411.08227
cs.CV 2411.08272
cs.CV 2411.08279
cs.CV 2411.08291
cs.CV 2411.08292
cs.CV 2411.08293
cs.CV 2411.08328
cs.CV 2411.08333
cs.CV 2411.08334
cs.CV 2411.08335
cs.CV 2411.08340
cs.CV 2411.08347
cs.CV 2411.08371
cs.CV 2411.08380
cs.CV 2411.08395
cs.CV 2411.08402
cs.CV 2411.08424
cs.CV 2411.08451
cs.CV 2411.08453
cs.CV 2411.08466
cs.CV 2411.08470
cs.CV 2411.08472
cs.CV 2411.08482
cs.CV 2411.08490
cs.CV 2411.08508
cs.CV 2411.08530
cs.CV 2411.08531
cs.CV 2411.08537
cs.CV 2411.08545
cs.CV 2411.08567
cs.CV 2411.08569
cs.CV 2411.08579
cs.CV 2411.08592
cs.CV 2411.08603
cs.CV 2411.08606
cs.CV 2411.08629
cs.CV 2411.08642
cs.CV 2411.08656
cs.CV 2411.08663
cs.CV 2411.08665
cs.CV 2411.08666
cs.CV 2411.08701
cs.CV 2411.08712
cs.CV 2411.08715
cs.CV 2411.08753
cs.CV 2411.08755
cs.CV 2411.08756
cs.CV 2411.08768
cs.CV 2411.08840
cs.CV 2411.08878
cs.CV 2411.08879
cs.CV 2411.08882
cs.CV 2411.08885
cs.CV 2411.08926
cs.CV 2411.08936
cs.CV 2411.08975
cs.CV 2411.08992
cs.CV 2411.09066
cs.CV 2411.09133
cs.CV 2411.09137
cs.CV 2411.09176
cs.CV 2411.09251
cs.CV 2411.09263
cs.CV 2411.09283
cs.CV 2411.09308
cs.CV 2411.09373
cs.CV 2411.09402
cs.CV 2411.09502
cs.CV 2411.09512
cs.CV 2411.09593
cs.CV 2411.09595
cs.CV 2411.09598
cs.CV 2411.09623
cs.CV 2411.09627
cs.CV 2411.09702
cs.CV 2411.08923
cs.CV 2411.08925
cs.CV 2411.08930
cs.CV 2411.08933
cs.CV 2411.08934
cs.CV 2411.08935
cs.CV 2411.08937
cs.CV 2411.08995
cs.CV 2411.09007
cs.CV 2411.09018
cs.CV 2411.09023
cs.CV 2411.09037
cs.CV 2411.09062
cs.CV 2411.09077
cs.CV 2411.09101
cs.CV 2411.09105
cs.CV 2411.09126
cs.CV 2411.09140
cs.CV 2411.09145
cs.CV 2411.09151
cs.CV 2411.09153
cs.CV 2411.09156
cs.CV 2411.09174
cs.CV 2411.09180
cs.CV 2411.09209
cs.CV 2411.09219
cs.CV 2411.09250
cs.CV 2411.09259
cs.CV 2411.09265
cs.CV 2411.09266
cs.CV 2411.09268
cs.CV 2411.09293
cs.CV 2411.09301
cs.CV 2411.09310
cs.CV 2411.09344
cs.CV 2411.09361
cs.CV 2411.09371
cs.CV 2411.09387
cs.CV 2411.09411
cs.CV 2411.09413
cs.CV 2411.09420
cs.CV 2411.09434
cs.CV 2411.09435
cs.CV 2411.09439
cs.CV 2411.09449
cs.CV 2411.09453
cs.CV 2411.09462
cs.CV 2411.09471
cs.CV 2411.09484
cs.CV 2411.09538
cs.CV 2411.09540
cs.CV 2411.09551
cs.CV 2411.09553
cs.CV 2411.09555
cs.CV 2411.09558
cs.CV 2411.09567
cs.CV 2411.09572
cs.CV 2411.09604
cs.CV 2411.09691
cs.CV 2411.09693
cs.CV 2411.09703
cs.HC 2411.05025
cs.HC 2411.05026
cs.HC 2411.05102
cs.HC 2411.05122
cs.HC 2411.05138
cs.HC 2411.05164
cs.HC 2411.05200
cs.HC 2411.05340
cs.HC 2411.05777
cs.HC 2411.05783
cs.HC 2411.05098
cs.HC 2411.05099
cs.HC 2411.05100
cs.HC 2411.05103
cs.HC 2411.05104
cs.HC 2411.05105
cs.HC 2411.05106
cs.HC 2411.05108
cs.HC 2411.05109
cs.HC 2411.05110
cs.HC 2411.05111
cs.HC 2411.05113
cs.HC 2411.05114
cs.HC 2411.05115
cs.HC 2411.05116
cs.HC 2411.05117
cs.HC 2411.05118
cs.HC 2411.05121
cs.HC 2411.05123
cs.HC 2411.05125
cs.HC 2411.05126
cs.HC 2411.05127
cs.HC 2411.05128
cs.HC 2411.05129
cs.HC 2411.05130
cs.HC 2411.05133
cs.HC 2411.05135
cs.HC 2411.05139
cs.HC 2411.05140
cs.HC 2411.05142
cs.HC 2411.05143
cs.HC 2411.05144
cs.HC 2411.05145
cs.HC 2411.05146
cs.HC 2411.05147
cs.HC 2411.05148
cs.HC 2411.05149
cs.HC 2411.05150
cs.HC 2411.05151
cs.HC 2411.05152
cs.HC 2411.05153
cs.HC 2411.05154
cs.HC 2411.05155
cs.HC 2411.05157
cs.HC 2411.05158
cs.HC 2411.05159
cs.HC 2411.05160
cs.HC 2411.05161
cs.HC 2411.05162
cs.HC 2411.05163
cs.HC 2411.05165
cs.HC 2411.05166
cs.HC 2411.05210
cs.HC 2411.05211
cs.HC 2411.05218
cs.HC 2411.05245
cs.HC 2411.05258
cs.HC 2411.05272
cs.HC 2411.05275
cs.HC 2411.05410
cs.HC 2411.05435
cs.HC 2411.05446
cs.HC 2411.05569
cs.HC 2411.05651
cs.HC 2411.05653
cs.HC 2411.05732
cs.HC 2411.05769
cs.HC 2411.05856
cs.HC 2411.05897
cs.HC 2411.06160
cs.HC 2411.06262
cs.HC 2411.06306
cs.HC 2411.06316
cs.HC 2411.06336
cs.HC 2411.06528
cs.HC 2411.06790
cs.HC 2411.06931
cs.HC 2411.06950
cs.HC 2411.07003
cs.HC 2411.07118
cs.HC 2411.06017
cs.HC 2411.06060
cs.HC 2411.06099
cs.HC 2411.06244
cs.HC 2411.06293
cs.HC 2411.06326
cs.HC 2411.06523
cs.HC 2411.06575
cs.HC 2411.06653
cs.HC 2411.06723
cs.HC 2411.06726
cs.HC 2411.06811
cs.HC 2411.07042
cs.HC 2411.07206
cs.HC 2411.07402
cs.HC 2411.07885
cs.HC 2411.07247
cs.HC 2411.07406
cs.HC 2411.07408
cs.HC 2411.07441
cs.HC 2411.07451
cs.HC 2411.07869
cs.HC 2411.08045
cs.HC 2411.08603
cs.HC 2411.08730
cs.HC 2411.08123
cs.HC 2411.08217
cs.HC 2411.08228
cs.HC 2411.08229
cs.HC 2411.08318
cs.HC 2411.08583
cs.HC 2411.08588
cs.HC 2411.08621
cs.HC 2411.08641
cs.HC 2411.08859
cs.HC 2411.09102
cs.HC 2411.09169
cs.HC 2411.09266
cs.HC 2411.09436
cs.HC 2411.08889
cs.HC 2411.08901
cs.HC 2411.09066
cs.HC 2411.09577
cs.CL 2411.05034
cs.CL 2411.05060
cs.CL 2411.05079
cs.CL 2411.05085
cs.CL 2411.05091
cs.CL 2411.05193
cs.CL 2411.05194
cs.CL 2411.05195
cs.CL 2411.05200
cs.CL 2411.05209
cs.CL 2411.05231
cs.CL 2411.05261
cs.CL 2411.05277
cs.CL 2411.05421
cs.CL 2411.05451
cs.CL 2411.05479
cs.CL 2411.05508
cs.CL 2411.05706
cs.CL 2411.05735
cs.CL 2411.05752
cs.CL 2411.05755
cs.CL 2411.05778
cs.CL 2411.05023
cs.CL 2411.05025
cs.CL 2411.05026
cs.CL 2411.05031
cs.CL 2411.05036
cs.CL 2411.05037
cs.CL 2411.05039
cs.CL 2411.05040
cs.CL 2411.05042
cs.CL 2411.05045
cs.CL 2411.05046
cs.CL 2411.05048
cs.CL 2411.05049
cs.CL 2411.05050
cs.CL 2411.05054
cs.CL 2411.05057
cs.CL 2411.05059
cs.CL 2411.05088
cs.CL 2411.05172
cs.CL 2411.05192
cs.CL 2411.05199
cs.CL 2411.05214
cs.CL 2411.05224
cs.CL 2411.05227
cs.CL 2411.05232
cs.CL 2411.05253
cs.CL 2411.05270
cs.CL 2411.05281
cs.CL 2411.05289
cs.CL 2411.05338
cs.CL 2411.05340
cs.CL 2411.05345
cs.CL 2411.05361
cs.CL 2411.05375
cs.CL 2411.05379
cs.CL 2411.05383
cs.CL 2411.05403
cs.CL 2411.05407
cs.CL 2411.05423
cs.CL 2411.05460
cs.CL 2411.05503
cs.CL 2411.05504
cs.CL 2411.05527
cs.CL 2411.05547
cs.CL 2411.05593
cs.CL 2411.05638
cs.CL 2411.05639
cs.CL 2411.05641
cs.CL 2411.05665
cs.CL 2411.05691
cs.CL 2411.05762
cs.CL 2411.05764
cs.CL 2411.05775
cs.CL 2411.05777
cs.CL 2411.05781
cs.CL 2411.05783
cs.CL 2411.05787
cs.CL 2411.05844
cs.CL 2411.05875
cs.CL 2411.05877
cs.CL 2411.05882
cs.CL 2411.05902
cs.CL 2411.05903
cs.CL 2411.05936
cs.CL 2411.05943
cs.CL 2411.05969
cs.CL 2411.05990
cs.CL 2411.06084
cs.CL 2411.06138
cs.CL 2411.06387
cs.CL 2411.06391
cs.CL 2411.06424
cs.CL 2411.06426
cs.CL 2411.06437
cs.CL 2411.06535
cs.CL 2411.06549
cs.CL 2411.06590
cs.CL 2411.06638
cs.CL 2411.06646
cs.CL 2411.06657
cs.CL 2411.06710
cs.CL 2411.06790
cs.CL 2411.06798
cs.CL 2411.06866
cs.CL 2411.06908
cs.CL 2411.06928
cs.CL 2411.07042
cs.CL 2411.07066
cs.CL 2411.07071
cs.CL 2411.07133
cs.CL 2411.07224
cs.CL 2411.05819
cs.CL 2411.05872
cs.CL 2411.05892
cs.CL 2411.05894
cs.CL 2411.05895
cs.CL 2411.05897
cs.CL 2411.05928
cs.CL 2411.05930
cs.CL 2411.05945
cs.CL 2411.05958
cs.CL 2411.05978
cs.CL 2411.05980
cs.CL 2411.05986
cs.CL 2411.05991
cs.CL 2411.06008
cs.CL 2411.06022
cs.CL 2411.06032
cs.CL 2411.06037
cs.CL 2411.06068
cs.CL 2411.06096
cs.CL 2411.06101
cs.CL 2411.06151
cs.CL 2411.06159
cs.CL 2411.06160
cs.CL 2411.06171
cs.CL 2411.06175
cs.CL 2411.06176
cs.CL 2411.06194
cs.CL 2411.06207
cs.CL 2411.06208
cs.CL 2411.06213
cs.CL 2411.06228
cs.CL 2411.06248
cs.CL 2411.06272
cs.CL 2411.06316
cs.CL 2411.06371
cs.CL 2411.06402
cs.CL 2411.06438
cs.CL 2411.06445
cs.CL 2411.06469
cs.CL 2411.06477
cs.CL 2411.06506
cs.CL 2411.06528
cs.CL 2411.06548
cs.CL 2411.06554
cs.CL 2411.06655
cs.CL 2411.06660
cs.CL 2411.06672
cs.CL 2411.06729
cs.CL 2411.06767
cs.CL 2411.06805
cs.CL 2411.06835
cs.CL 2411.06837
cs.CL 2411.06839
cs.CL 2411.06850
cs.CL 2411.06852
cs.CL 2411.06855
cs.CL 2411.06899
cs.CL 2411.06946
cs.CL 2411.06950
cs.CL 2411.06989
cs.CL 2411.07019
cs.CL 2411.07037
cs.CL 2411.07070
cs.CL 2411.07075
cs.CL 2411.07107
cs.CL 2411.07111
cs.CL 2411.07122
cs.CL 2411.07127
cs.CL 2411.07130
cs.CL 2411.07140
cs.CL 2411.07142
cs.CL 2411.07152
cs.CL 2411.07156
cs.CL 2411.07175
cs.CL 2411.07176
cs.CL 2411.07180
cs.CL 2411.07191
cs.CL 2411.07218
cs.CL 2411.07237
cs.CL 2411.07238
cs.CL 2411.07240
cs.CL 2411.07264
cs.CL 2411.07279
cs.CL 2411.07464
cs.CL 2411.07516
cs.CL 2411.07528
cs.CL 2411.07546
cs.CL 2411.07595
cs.CL 2411.07602
cs.CL 2411.07618
cs.CL 2411.07772
cs.CL 2411.07975
cs.CL 2411.08003
cs.CL 2411.07268
cs.CL 2411.07320
cs.CL 2411.07336
cs.CL 2411.07343
cs.CL 2411.07381
cs.CL 2411.07387
cs.CL 2411.07396
cs.CL 2411.07398
cs.CL 2411.07404
cs.CL 2411.07407
cs.CL 2411.07417
cs.CL 2411.07446
cs.CL 2411.07457
cs.CL 2411.07466
cs.CL 2411.07474
cs.CL 2411.07494
cs.CL 2411.07521
cs.CL 2411.07527
cs.CL 2411.07533
cs.CL 2411.07598
cs.CL 2411.07611
cs.CL 2411.07623
cs.CL 2411.07656
cs.CL 2411.07763
cs.CL 2411.07773
cs.CL 2411.07820
cs.CL 2411.07843
cs.CL 2411.07845
cs.CL 2411.07850
cs.CL 2411.07854
cs.CL 2411.07858
cs.CL 2411.07870
cs.CL 2411.07892
cs.CL 2411.07917
cs.CL 2411.07965
cs.CL 2411.07990
cs.CL 2411.08010
cs.CL 2411.08019
cs.CL 2411.08165
cs.CL 2411.08275
cs.CL 2411.08347
cs.CL 2411.08449
cs.CL 2411.08506
cs.CL 2411.08599
cs.CL 2411.08671
cs.CL 2411.08790
cs.CL 2411.08135
cs.CL 2411.08147
cs.CL 2411.08243
cs.CL 2411.08248
cs.CL 2411.08278
cs.CL 2411.08302
cs.CL 2411.08324
cs.CL 2411.08344
cs.CL 2411.08348
cs.CL 2411.08384
cs.CL 2411.08397
cs.CL 2411.08432
cs.CL 2411.08504
cs.CL 2411.08516
cs.CL 2411.08534
cs.CL 2411.08553
cs.CL 2411.08610
cs.CL 2411.08708
cs.CL 2411.08724
cs.CL 2411.08726
cs.CL 2411.08733
cs.CL 2411.08742
cs.CL 2411.08745
cs.CL 2411.08752
cs.CL 2411.08785
cs.CL 2411.08868
cs.CL 2411.08870
cs.CL 2411.08884
cs.CL 2411.08968
cs.CL 2411.09003
cs.CL 2411.09009
cs.CL 2411.09018
cs.CL 2411.09259
cs.CL 2411.09339
cs.CL 2411.09389
cs.CL 2411.09436
cs.CL 2411.09510
cs.CL 2411.09595
cs.CL 2411.09607
cs.CL 2411.09642
cs.CL 2411.09689
cs.CL 2411.08979
cs.CL 2411.09073
cs.CL 2411.09109
cs.CL 2411.09116
cs.CL 2411.09125
cs.CL 2411.09166
cs.CL 2411.09213
cs.CL 2411.09214
cs.CL 2411.09249
cs.CL 2411.09255
cs.CL 2411.09273
cs.CL 2411.09289
cs.CL 2411.09297
cs.CL 2411.09318
cs.CL 2411.09431
cs.CL 2411.09492
cs.CL 2411.09497
cs.CL 2411.09539
cs.CL 2411.09547
cs.CL 2411.09587
cs.CL 2411.09612
cs.CL 2411.09613
cs.CL 2411.09661
cs.CL 2411.09688
cs.CL 2411.09694
cs.IR 2411.05048
cs.IR 2411.05059
cs.IR 2411.05340
cs.IR 2411.05375
cs.IR 2411.05442
cs.IR 2411.05508
cs.IR 2411.05572
cs.IR 2411.05649
cs.IR 2411.05892
cs.IR 2411.05930
cs.IR 2411.05937
cs.IR 2411.06264
cs.IR 2411.06805
cs.IR 2411.06823
cs.IR 2411.06826
cs.IR 2411.07166
cs.IR 2411.05936
cs.IR 2411.06064
cs.IR 2411.06112
cs.IR 2411.06237
cs.IR 2411.06254
cs.IR 2411.06256
cs.IR 2411.06374
cs.IR 2411.06420
cs.IR 2411.06784
cs.IR 2411.06877
cs.IR 2411.07021
cs.IR 2411.07439
cs.IR 2411.07482
cs.IR 2411.07739
cs.IR 2411.07820
cs.IR 2411.07264
cs.IR 2411.07504
cs.IR 2411.07508
cs.IR 2411.07569
cs.IR 2411.07589
cs.IR 2411.07658
cs.IR 2411.07770
cs.IR 2411.08334
cs.IR 2411.08696
cs.IR 2411.08275
cs.IR 2411.08562
cs.IR 2411.08700
cs.IR 2411.09213
cs.IR 2411.08883
cs.IR 2411.08891
cs.IR 2411.09053
cs.IR 2411.09065
cs.IR 2411.09181
cs.IR 2411.09269
cs.IR 2411.09410
cs.IR 2411.09425
cs.IR 2411.09607
cs.MA 2411.05599
cs.MA 2411.05683
cs.MA 2411.05828
cs.MA 2411.05945
cs.MA 2411.05990
cs.MA 2411.06121
cs.MA 2411.06601
cs.MA 2411.06833
cs.MA 2411.07088
cs.MA 2411.07099
cs.MA 2411.07104
cs.MA 2411.07168
cs.MA 2411.05904
cs.MA 2411.06398
cs.MA 2411.06404
cs.MA 2411.07039
cs.MA 2411.07161
cs.MA 2411.07634
cs.MA 2411.07656
cs.MA 2411.07302
cs.MA 2411.07362
cs.MA 2411.07464
cs.MA 2411.08634
cs.MA 2411.08999
cs.MA 2411.09110
cs.MA 2411.09191
cs.MA 2411.09493
cs.MA 2411.09636
cs.MA 2411.09168
cs.MA 2411.09169
cs.CR 2411.04365
cs.CR 2411.05091
cs.CR 2411.05167
cs.CR 2411.05176
cs.CR 2411.05189
cs.CR 2411.05198
cs.CR 2411.05247
cs.CR 2411.05335
cs.CR 2411.05733
cs.CR 2411.05743
cs.CR 2411.05750
cs.CR 2411.05024
cs.CR 2411.05034
cs.CR 2411.05051
cs.CR 2411.05056
cs.CR 2411.05131
cs.CR 2411.05185
cs.CR 2411.05260
cs.CR 2411.05277
cs.CR 2411.05360
cs.CR 2411.05400
cs.CR 2411.05463
cs.CR 2411.05479
cs.CR 2411.05570
cs.CR 2411.05622
cs.CR 2411.05658
cs.CR 2411.05681
cs.CR 2411.05818
cs.CR 2411.05857
cs.CR 2411.05987
cs.CR 2411.06263
cs.CR 2411.06291
cs.CR 2411.06441
cs.CR 2411.06586
cs.CR 2411.06606
cs.CR 2411.06613
cs.CR 2411.06835
cs.CR 2411.06995
cs.CR 2411.07023
cs.CR 2411.07088
cs.CR 2411.07089
cs.CR 2411.07231
cs.CR 2411.05888
cs.CR 2411.05890
cs.CR 2411.05901
cs.CR 2411.05947
cs.CR 2411.05982
cs.CR 2411.06137
cs.CR 2411.06139
cs.CR 2411.06172
cs.CR 2411.06187
cs.CR 2411.06221
cs.CR 2411.06239
cs.CR 2411.06317
cs.CR 2411.06350
cs.CR 2411.06362
cs.CR 2411.06417
cs.CR 2411.06426
cs.CR 2411.06458
cs.CR 2411.06486
cs.CR 2411.06493
cs.CR 2411.06860
cs.CR 2411.07036
cs.CR 2411.07114
cs.CR 2411.07128
cs.CR 2411.07224
cs.CR 2411.07314
cs.CR 2411.07473
cs.CR 2411.07510
cs.CR 2411.07518
cs.CR 2411.07806
cs.CR 2411.07972
cs.CR 2411.07308
cs.CR 2411.07433
cs.CR 2411.07468
cs.CR 2411.07479
cs.CR 2411.07498
cs.CR 2411.07519
cs.CR 2411.07528
cs.CR 2411.07535
cs.CR 2411.07597
cs.CR 2411.07702
cs.CR 2411.07795
cs.CR 2411.08088
cs.CR 2411.08133
cs.CR 2411.08862
cs.CR 2411.08069
cs.CR 2411.08182
cs.CR 2411.08316
cs.CR 2411.08359
cs.CR 2411.08410
cs.CR 2411.08439
cs.CR 2411.08460
cs.CR 2411.08640
cs.CR 2411.08781
cs.CR 2411.08916
cs.CR 2411.08933
cs.CR 2411.09055
cs.CR 2411.09064
cs.CR 2411.09142
cs.CR 2411.09167
cs.CR 2411.09178
cs.CR 2411.09217
cs.CR 2411.09252
cs.CR 2411.09228
cs.CR 2411.09229
cs.CR 2411.09231
cs.CR 2411.09240
cs.CR 2411.09287
cs.CR 2411.09359
cs.CR 2411.09552
cs.CR 2411.09585
cs.CC 2411.05120
cs.CC 2411.05208
cs.CC 2411.05721
cs.CC 2411.05736
cs.CC 2411.05666
cs.CC 2411.06292
cs.CC 2411.06383
cs.CC 2411.06904
cs.CC 2411.06944
cs.CC 2411.05796
cs.CC 2411.06569
cs.CC 2411.07030
cs.CC 2411.06498
cs.CC 2411.07275
cs.CC 2411.07602
cs.CC 2411.07374
cs.CC 2411.07400
cs.CC 2411.07473
cs.CC 2411.07966
cs.CC 2411.07972
cs.CC 2411.08247
cs.CC 2411.08792
cs.CC 2411.08183
cs.CC 2411.09646
cs.CC 2411.09026
cs.CC 2411.09597
cs.CC 2411.09619
cs.IT 2411.05239
cs.IT 2411.05278
cs.IT 2411.05471
cs.IT 2411.05531
cs.IT 2411.05236
cs.IT 2411.05267
cs.IT 2411.05433
cs.IT 2411.05492
cs.IT 2411.05659
cs.IT 2411.04370
cs.IT 2411.05936
cs.IT 2411.06155
cs.IT 2411.06291
cs.IT 2411.06508
cs.IT 2411.06550
cs.IT 2411.06578
cs.IT 2411.06642
cs.IT 2411.06681
cs.IT 2411.06885
cs.IT 2411.07088
cs.IT 2411.07094
cs.IT 2411.07160
cs.IT 2411.05789
cs.IT 2411.05987
cs.IT 2411.06193
cs.IT 2411.06309
cs.IT 2411.06339
cs.IT 2411.06690
cs.IT 2411.07179
cs.IT 2405.05369
cs.IT 2411.07473
cs.IT 2411.07483
cs.IT 2411.07558
cs.IT 2411.07600
cs.IT 2411.08177
cs.IT 2411.08233
cs.IT 2411.08258
cs.IT 2411.08284
cs.IT 2411.08411
cs.IT 2411.08473
cs.IT 2411.08481
cs.IT 2411.08509
cs.IT 2411.08520
cs.IT 2411.08549
cs.IT 2411.08680
cs.IT 2411.08872
cs.IT 2411.08919
cs.IT 2411.09173
cs.IT 2411.08895
cs.IT 2411.08916
cs.IT 2411.08918
cs.IT 2411.08924
cs.IT 2411.09128
cs.IT 2411.09146
cs.IT 2411.09154
cs.IT 2411.09440
cs.IT 2411.09460
cs.IT 2411.09495
cs.IT 2411.09600
cs.IT 2411.09666
cs.NI 2411.05024
cs.NI 2411.05205
cs.NI 2411.05323
cs.NI 2411.05368
cs.NI 2411.05537
cs.NI 2411.05655
cs.NI 2411.05664
cs.NI 2411.05699
cs.NI 2411.05888
cs.NI 2411.06042
cs.NI 2411.06490
cs.NI 2411.07013
cs.NI 2411.07168
cs.NI 2411.07179
cs.NI 2411.06004
cs.NI 2411.06015
cs.NI 2411.06021
cs.NI 2411.06334
cs.NI 2411.06348
cs.NI 2411.06455
cs.NI 2411.06597
cs.NI 2411.06742
cs.NI 2411.06870
cs.NI 2411.07702
cs.NI 2411.07345
cs.NI 2411.07410
cs.NI 2411.07485
cs.NI 2411.07520
cs.NI 2411.07606
cs.NI 2411.07791
cs.NI 2411.08300
cs.NI 2411.08341
cs.NI 2411.08487
cs.NI 2411.08672
cs.NI 2411.08767
cs.NI 2411.08896
cs.NI 2411.08902
cs.NI 2411.08918
cs.NI 2411.09433
cs.NI 2411.08907
cs.NI 2411.09134
cs.NI 2411.09148
cs.NI 2411.09252
cs.NI 2411.09380
cs.NI 2411.09660
cs.PF 2411.05009
cs.PF 2411.05309
cs.PF 2411.05323
cs.PF 2411.05491
cs.PF 2411.06224
cs.PF 2411.06348
cs.PF 2411.06846
cs.PF 2411.07447
cs.PF 2411.07622
cs.PF 2411.07687
cs.PF 2411.08069
cs.PF 2411.08494
cs.PF 2411.09275
cs.CE 2411.05316
cs.CE 2411.05286
cs.CE 2411.05355
cs.CE 2411.05510
cs.CE 2411.05575
cs.CE 2411.05689
cs.CE 2411.05805
cs.CE 2411.05856
cs.CE 2411.05859
cs.CE 2411.05951
cs.CE 2411.06159
cs.CE 2411.06272
cs.CE 2411.06336
cs.CE 2411.06391
cs.CE 2411.06538
cs.CE 2411.06566
cs.CE 2411.07228
cs.CE 2411.05804
cs.CE 2411.06065
cs.CE 2411.06565
cs.CE 2411.06762
cs.CE 2411.07800
cs.CE 2411.07310
cs.CE 2411.07560
cs.CE 2411.08257
cs.CE 2411.08550
cs.CE 2411.08647
cs.CE 2411.08149
cs.CE 2411.08405
cs.CE 2411.08822
cs.CE 2411.08900
cs.CE 2411.09329
cs.CE 2411.08905
cs.LO 2411.05263
cs.LO 2411.05511
cs.LO 2411.05943
cs.LO 2411.06094
cs.LO 2411.06416
cs.LO 2411.06636
cs.LO 2411.07049
cs.LO 2411.06409
cs.LO 2411.06944
cs.LO 2411.07078
cs.LO 2411.07966
cs.LO 2411.07431
cs.LO 2411.07665
cs.LO 2411.07667
cs.LO 2411.07714
cs.LO 2411.08040
cs.LO 2411.08421
cs.LO 2411.08635
cs.LO 2411.08770
cs.LO 2411.08847
cs.LO 2411.09347
cs.LO 2411.09121
cs.LO 2411.09366
cs.LO 2411.09489
cs.PL 2411.05570
cs.PL 2411.05722
cs.PL 2411.06086
cs.PL 2411.06094
cs.PL 2411.06383
cs.PL 2411.06416
cs.PL 2411.07211
cs.PL 2411.07215
cs.PL 2411.07714
cs.PL 2411.07718
cs.PL 2411.07443
cs.PL 2411.07452
cs.PL 2411.08206
cs.PL 2411.08274
cs.PL 2411.08388
cs.PL 2411.08833
cs.PL 2411.09217
cs.PL 2411.09489
cs.PL 2411.09347
cs.PL 2411.09391
cs.NA 2411.05257
cs.NA 2411.05626
cs.NA 2411.05170
cs.NA 2411.05308
cs.NA 2411.05341
cs.NA 2411.05382
cs.NA 2411.05486
cs.NA 2411.05538
cs.NA 2411.05650
cs.NA 2411.05761
cs.NA 2411.06115
cs.NA 2411.06225
cs.NA 2411.06246
cs.NA 2411.06286
cs.NA 2411.06716
cs.NA 2411.06848
cs.NA 2411.07057
cs.NA 2411.07064
cs.NA 2411.07148
cs.NA 2411.06030
cs.NA 2411.06049
cs.NA 2411.06063
cs.NA 2411.06152
cs.NA 2411.06250
cs.NA 2411.06278
cs.NA 2411.06289
cs.NA 2411.06476
cs.NA 2411.06488
cs.NA 2411.06595
cs.NA 2411.06609
cs.NA 2411.06614
cs.NA 2411.06629
cs.NA 2411.06641
cs.NA 2411.06844
cs.NA 2411.06926
cs.NA 2411.06943
cs.NA 2411.06997
cs.NA 2411.07077
cs.NA 2411.07151
cs.NA 2411.07194
cs.NA 2411.07277
cs.NA 2411.07390
cs.NA 2411.07496
cs.NA 2411.07562
cs.NA 2411.07661
cs.NA 2411.07900
cs.NA 2411.07286
cs.NA 2411.07365
cs.NA 2411.07422
cs.NA 2411.07450
cs.NA 2411.07460
cs.NA 2411.07532
cs.NA 2411.07712
cs.NA 2411.07720
cs.NA 2411.07855
cs.NA 2411.08175
cs.NA 2411.08239
cs.NA 2411.08284
cs.NA 2411.08773
cs.NA 2411.08822
cs.NA 2411.08080
cs.NA 2411.08271
cs.NA 2411.08338
cs.NA 2411.08342
cs.NA 2411.08377
cs.NA 2411.08497
cs.NA 2411.08702
cs.NA 2411.08750
cs.NA 2411.08760
cs.NA 2411.08905
cs.NA 2411.09038
cs.NA 2411.09511
cs.NA 2411.09530
cs.NA 2411.09555
cs.NA 2411.09644
cs.NA 2411.08986
cs.NA 2411.09029
cs.NA 2411.09090
cs.NA 2411.09113
cs.NA 2411.09162
cs.NA 2411.09244
cs.NA 2411.09285
cs.NA 2411.09314
cs.NA 2411.09329
cs.NA 2411.09444
cs.NA 2411.09485
cs.NA 2411.09498
cs.NA 2411.09504
cs.NA 2411.09509
cs.NA 2411.09525
cs.NA 2411.09583
cs.NA 2411.09584
cs.NA 2411.09605
cs.NA 2411.09617
cs.SE 2411.05285
cs.SE 2411.05390
cs.SE 2411.05010
cs.SE 2411.05087
cs.SE 2411.05134
cs.SE 2411.05230
cs.SE 2411.05451
cs.SE 2411.05457
cs.SE 2411.05533
cs.SE 2411.05540
cs.SE 2411.05646
cs.SE 2411.06027
cs.SE 2411.06221
cs.SE 2411.06995
cs.SE 2411.05830
cs.SE 2411.06077
cs.SE 2411.06145
cs.SE 2411.06262
cs.SE 2411.06562
cs.SE 2411.06638
cs.SE 2411.06680
cs.SE 2411.06774
cs.SE 2411.06796
cs.SE 2411.07012
cs.SE 2411.07091
cs.SE 2411.07098
cs.SE 2411.07112
cs.SE 2411.07247
cs.SE 2411.07250
cs.SE 2411.07398
cs.SE 2411.07479
cs.SE 2411.07272
cs.SE 2411.07360
cs.SE 2411.07480
cs.SE 2411.07529
cs.SE 2411.07668
cs.SE 2411.07718
cs.SE 2411.07781
cs.SE 2411.07982
cs.SE 2411.08172
cs.SE 2411.08254
cs.SE 2411.08507
cs.SE 2411.08510
cs.SE 2411.08535
cs.SE 2411.08561
cs.SE 2411.08574
cs.SE 2411.08626
cs.SE 2411.08648
cs.SE 2411.08693
cs.SE 2411.08912
cs.SE 2411.09047
cs.SE 2411.09050
cs.SE 2411.08932
cs.SE 2411.09171
cs.SE 2411.09200
cs.SE 2411.09217
cs.SE 2411.09224
cs.SE 2411.09303
cs.SE 2411.09433
cs.SE 2411.09463
cs.SE 2411.09467
cs.SE 2411.09507
cs.SE 2411.09580
cs.SE 2411.09590
cs.SE 2411.09645
cs.SE 2411.09683
cs.OS 2411.01129
cs.OS 2411.02814
cs.OS 2411.05309
cs.OS 2411.06980
cs.OS 2411.08300
cs.SD 2410.20334
cs.SD 2411.05141
cs.SD 2411.05679
cs.SD 2411.05715
cs.SD 2411.05794
cs.SD 2411.05872
cs.SD 2411.05903
cs.SD 2411.06299
cs.SD 2411.06399
cs.SD 2411.06576
cs.SD 2411.06667
cs.SD 2411.07111
cs.SD 2411.05969
cs.SD 2411.06307
cs.SD 2411.06807
cs.SD 2411.06892
cs.SD 2411.06928
cs.SD 2411.06968
cs.SD 2411.07165
cs.SD 2411.07186
cs.SD 2411.07364
cs.SD 2411.07517
cs.SD 2411.07607
cs.SD 2411.07650
cs.SD 2411.07772
cs.SD 2411.07428
cs.SD 2411.07439
cs.SD 2411.07547
cs.SD 2411.07751
cs.SD 2411.08013
cs.SD 2411.08135
cs.SD 2411.08307
cs.SD 2411.08316
cs.SD 2411.08742
cs.SD 2411.08234
cs.SD 2411.08375
cs.SD 2411.08885
cs.SD 2411.08889
cs.SD 2411.09189
cs.SD 2411.09243
cs.SD 2411.09080
cs.SD 2411.09167
cs.SD 2411.09302
cs.SD 2411.09339
cs.SD 2411.09349
cs.SD 2411.09625
cs.RO 2411.05011
cs.RO 2411.05022
cs.RO 2411.05111
cs.RO 2411.05118
cs.RO 2411.05129
cs.RO 2411.05311
cs.RO 2411.05497
cs.RO 2411.05633
cs.RO 2411.05102
cs.RO 2411.05107
cs.RO 2411.05122
cs.RO 2411.05137
cs.RO 2411.05138
cs.RO 2411.05164
cs.RO 2411.05212
cs.RO 2411.05273
cs.RO 2411.05279
cs.RO 2411.05337
cs.RO 2411.05342
cs.RO 2411.05344
cs.RO 2411.05418
cs.RO 2411.05474
cs.RO 2411.05481
cs.RO 2411.05482
cs.RO 2411.05516
cs.RO 2411.05548
cs.RO 2411.05549
cs.RO 2411.05586
cs.RO 2411.05616
cs.RO 2411.05718
cs.RO 2411.05755
cs.RO 2411.05784
cs.RO 2411.04348
cs.RO 2411.05898
cs.RO 2411.06087
cs.RO 2411.06174
cs.RO 2411.06219
cs.RO 2411.06244
cs.RO 2411.06575
cs.RO 2411.06632
cs.RO 2411.06711
cs.RO 2411.06733
cs.RO 2411.07165
cs.RO 2411.07192
cs.RO 2411.05799
cs.RO 2411.05821
cs.RO 2411.05847
cs.RO 2411.05881
cs.RO 2411.05946
cs.RO 2411.06010
cs.RO 2411.06039
cs.RO 2411.06111
cs.RO 2411.06121
cs.RO 2411.06128
cs.RO 2411.06166
cs.RO 2411.06182
cs.RO 2411.06183
cs.RO 2411.06223
cs.RO 2411.06294
cs.RO 2411.06303
cs.RO 2411.06306
cs.RO 2411.06319
cs.RO 2411.06320
cs.RO 2411.06322
cs.RO 2411.06323
cs.RO 2411.06377
cs.RO 2411.06382
cs.RO 2411.06408
cs.RO 2411.06414
cs.RO 2411.06425
cs.RO 2411.06542
cs.RO 2411.06543
cs.RO 2411.06557
cs.RO 2411.06615
cs.RO 2411.06627
cs.RO 2411.06643
cs.RO 2411.06707
cs.RO 2411.06708
cs.RO 2411.06751
cs.RO 2411.06752
cs.RO 2411.06766
cs.RO 2411.06782
cs.RO 2411.06789
cs.RO 2411.06920
cs.RO 2411.06948
cs.RO 2411.06963
cs.RO 2411.07003
cs.RO 2411.07032
cs.RO 2411.07047
cs.RO 2411.07053
cs.RO 2411.07056
cs.RO 2411.07079
cs.RO 2411.07104
cs.RO 2411.07146
cs.RO 2411.07177
cs.RO 2411.07183
cs.RO 2411.07223
cs.RO 2411.07711
cs.RO 2411.07760
cs.RO 2411.07799
cs.RO 2411.07830
cs.RO 2411.07862
cs.RO 2411.07954
cs.RO 2411.08027
cs.RO 2411.07261
cs.RO 2411.07309
cs.RO 2411.07315
cs.RO 2411.07342
cs.RO 2411.07375
cs.RO 2411.07382
cs.RO 2411.07402
cs.RO 2411.07405
cs.RO 2411.07442
cs.RO 2411.07534
cs.RO 2411.07550
cs.RO 2411.07551
cs.RO 2411.07573
cs.RO 2411.07588
cs.RO 2411.07590
cs.RO 2411.07612
cs.RO 2411.07644
cs.RO 2411.07699
cs.RO 2411.07719
cs.RO 2411.07815
cs.RO 2411.07833
cs.RO 2411.07848
cs.RO 2411.07890
cs.RO 2411.07933
cs.RO 2411.08163
cs.RO 2411.08279
cs.RO 2411.08395
cs.RO 2411.08579
cs.RO 2411.08634
cs.RO 2411.08637
cs.RO 2411.08060
cs.RO 2411.08070
cs.RO 2411.08136
cs.RO 2411.08144
cs.RO 2411.08169
cs.RO 2411.08231
cs.RO 2411.08253
cs.RO 2411.08261
cs.RO 2411.08281
cs.RO 2411.08323
cs.RO 2411.08373
cs.RO 2411.08389
cs.RO 2411.08400
cs.RO 2411.08433
cs.RO 2411.08447
cs.RO 2411.08474
cs.RO 2411.08499
cs.RO 2411.08533
cs.RO 2411.08566
cs.RO 2411.08605
cs.RO 2411.08622
cs.RO 2411.08661
cs.RO 2411.08727
cs.RO 2411.08777
cs.RO 2411.08832
cs.RO 2411.08835
cs.RO 2411.08851
cs.RO 2411.09062
cs.RO 2411.09110
cs.RO 2411.09145
cs.RO 2411.09153
cs.RO 2411.09160
cs.RO 2411.08999
cs.RO 2411.09020
cs.RO 2411.09022
cs.RO 2411.09052
cs.RO 2411.09198
cs.RO 2411.09241
cs.RO 2411.09294
cs.RO 2411.09299
cs.RO 2411.09360
cs.RO 2411.09436
cs.RO 2411.09441
cs.RO 2411.09451
cs.RO 2411.09493
cs.RO 2411.09524
cs.RO 2411.09565
cs.RO 2411.09603
cs.RO 2411.09623
cs.RO 2411.09627
cs.RO 2411.09643
cs.RO 2411.09658
stat.AP 2411.05020
stat.AP 2411.05219
stat.AP 2411.05237
stat.AP 2411.05246
stat.AP 2411.05399
stat.AP 2411.05455
stat.AP 2411.05584
stat.AP 2411.05014
stat.AP 2411.05233
stat.AP 2411.05580
stat.AP 2411.05791
stat.AP 2411.05869
stat.AP 2411.05951
stat.AP 2411.06591
stat.AP 2411.05871
stat.AP 2411.06001
stat.AP 2411.06073
stat.AP 2411.06192
stat.AP 2411.06701
stat.AP 2411.06741
stat.AP 2411.06923
stat.AP 2411.07259
stat.AP 2411.07399
stat.AP 2411.07613
stat.AP 2411.08019
stat.AP 2411.07368
stat.AP 2411.07401
stat.AP 2411.07415
stat.AP 2411.07745
stat.AP 2411.07749
stat.AP 2411.07836
stat.AP 2411.07993
stat.AP 2411.08032
stat.AP 2411.08048
stat.AP 2411.08052
stat.AP 2411.08053
stat.AP 2411.08150
stat.AP 2411.08168
stat.AP 2411.08297
stat.AP 2411.08495
stat.AP 2411.08638
stat.AP 2411.08766
stat.AP 2411.08771
stat.AP 2411.08205
stat.AP 2411.08309
stat.AP 2411.08894
stat.AP 2411.09128
stat.AP 2411.09579
stat.AP 2411.09025
stat.AP 2411.09085
stat.AP 2411.09353
cs.LG 2406.03438
cs.LG 2411.05010
cs.LG 2411.05013
cs.LG 2411.05014
cs.LG 2411.05016
cs.LG 2411.05023
cs.LG 2411.05033
cs.LG 2411.05037
cs.LG 2411.05044
cs.LG 2411.05046
cs.LG 2411.05048
cs.LG 2411.05051
cs.LG 2411.05055
cs.LG 2411.05183
cs.LG 2411.05188
cs.LG 2411.05196
cs.LG 2411.05200
cs.LG 2411.05219
cs.LG 2411.05222
cs.LG 2411.05223
cs.LG 2411.05231
cs.LG 2411.05261
cs.LG 2411.05269
cs.LG 2411.05273
cs.LG 2411.05277
cs.LG 2411.05281
cs.LG 2411.05282
cs.LG 2411.05315
cs.LG 2411.05335
cs.LG 2411.05375
cs.LG 2411.05424
cs.LG 2411.05453
cs.LG 2411.05456
cs.LG 2411.05486
cs.LG 2411.05500
cs.LG 2411.05544
cs.LG 2411.05561
cs.LG 2411.05564
cs.LG 2411.05575
cs.LG 2411.05591
cs.LG 2411.05597
cs.LG 2411.05609
cs.LG 2411.05625
cs.LG 2411.05631
cs.LG 2411.05636
cs.LG 2411.05661
cs.LG 2411.05663
cs.LG 2411.05679
cs.LG 2411.05697
cs.LG 2411.05698
cs.LG 2411.05714
cs.LG 2411.05718
cs.LG 2411.05730
cs.LG 2411.05750
cs.LG 2411.05764
cs.LG 2411.05771
cs.LG 2411.05779
cs.LG 2411.05052
cs.LG 2411.05091
cs.LG 2411.05097
cs.LG 2411.05119
cs.LG 2411.05167
cs.LG 2411.05173
cs.LG 2411.05174
cs.LG 2411.05189
cs.LG 2411.05193
cs.LG 2411.05194
cs.LG 2411.05195
cs.LG 2411.05197
cs.LG 2411.05198
cs.LG 2411.05228
cs.LG 2411.05234
cs.LG 2411.05237
cs.LG 2411.05238
cs.LG 2411.05239
cs.LG 2411.05274
cs.LG 2411.05276
cs.LG 2411.05296
cs.LG 2411.05316
cs.LG 2411.05318
cs.LG 2411.05324
cs.LG 2411.05330
cs.LG 2411.05331
cs.LG 2411.05346
cs.LG 2411.05353
cs.LG 2411.05354
cs.LG 2411.05378
cs.LG 2411.05384
cs.LG 2411.05399
cs.LG 2411.05420
cs.LG 2411.05464
cs.LG 2411.05472
cs.LG 2411.05483
cs.LG 2411.05489
cs.LG 2411.05536
cs.LG 2411.05596
cs.LG 2411.05614
cs.LG 2411.05618
cs.LG 2411.05619
cs.LG 2411.05648
cs.LG 2411.05676
cs.LG 2411.05693
cs.LG 2411.05708
cs.LG 2411.05712
cs.LG 2411.05729
cs.LG 2411.05733
cs.LG 2411.05735
cs.LG 2411.05742
cs.LG 2411.05743
cs.LG 2411.05746
cs.LG 2411.05752
cs.LG 2411.05757
cs.LG 2411.05788
cs.LG 2411.05789
cs.LG 2411.05790
cs.LG 2411.05791
cs.LG 2411.05799
cs.LG 2411.05802
cs.LG 2411.05806
cs.LG 2411.05815
cs.LG 2411.05817
cs.LG 2411.05820
cs.LG 2411.05821
cs.LG 2411.05824
cs.LG 2411.05826
cs.LG 2411.05827
cs.LG 2411.05829
cs.LG 2411.05830
cs.LG 2411.05834
cs.LG 2411.05837
cs.LG 2411.05842
cs.LG 2411.05849
cs.LG 2411.05850
cs.LG 2411.05853
cs.LG 2411.05856
cs.LG 2411.05858
cs.LG 2411.05861
cs.LG 2411.05867
cs.LG 2411.05868
cs.LG 2411.05869
cs.LG 2411.05880
cs.LG 2411.05884
cs.LG 2411.05885
cs.LG 2411.05887
cs.LG 2411.05888
cs.LG 2411.05890
cs.LG 2411.05894
cs.LG 2411.05900
cs.LG 2411.05901
cs.LG 2411.05927
cs.LG 2411.05939
cs.LG 2411.05943
cs.LG 2411.05945
cs.LG 2411.05952
cs.LG 2411.05958
cs.LG 2411.05960
cs.LG 2411.05966
cs.LG 2411.05980
cs.LG 2411.05990
cs.LG 2411.05998
cs.LG 2411.06076
cs.LG 2411.06119
cs.LG 2411.06124
cs.LG 2411.06140
cs.LG 2411.06160
cs.LG 2411.06171
cs.LG 2411.06175
cs.LG 2411.06184
cs.LG 2411.06191
cs.LG 2411.06237
cs.LG 2411.06239
cs.LG 2411.06243
cs.LG 2411.06268
cs.LG 2411.06278
cs.LG 2411.06315
cs.LG 2411.06324
cs.LG 2411.06326
cs.LG 2411.06333
cs.LG 2411.06336
cs.LG 2411.06371
cs.LG 2411.06374
cs.LG 2411.06389
cs.LG 2411.06426
cs.LG 2411.06441
cs.LG 2411.06447
cs.LG 2411.06477
cs.LG 2411.06510
cs.LG 2411.06535
cs.LG 2411.06600
cs.LG 2411.06601
cs.LG 2411.06626
cs.LG 2411.06632
cs.LG 2411.06649
cs.LG 2411.06650
cs.LG 2411.06657
cs.LG 2411.06660
cs.LG 2411.06714
cs.LG 2411.06718
cs.LG 2411.06719
cs.LG 2411.06741
cs.LG 2411.06762
cs.LG 2411.06764
cs.LG 2411.06767
cs.LG 2411.06781
cs.LG 2411.06782
cs.LG 2411.06786
cs.LG 2411.06804
cs.LG 2411.06812
cs.LG 2411.06832
cs.LG 2411.06833
cs.LG 2411.06839
cs.LG 2411.06850
cs.LG 2411.06851
cs.LG 2411.06868
cs.LG 2411.06869
cs.LG 2411.06899
cs.LG 2411.06911
cs.LG 2411.06919
cs.LG 2411.06958
cs.LG 2411.06990
cs.LG 2411.06995
cs.LG 2411.07006
cs.LG 2411.07018
cs.LG 2411.07043
cs.LG 2411.07050
cs.LG 2411.07055
cs.LG 2411.07072
cs.LG 2411.07086
cs.LG 2411.07087
cs.LG 2411.07089
cs.LG 2411.07099
cs.LG 2411.07102
cs.LG 2411.07104
cs.LG 2411.07107
cs.LG 2411.07114
cs.LG 2411.07118
cs.LG 2411.07126
cs.LG 2411.07127
cs.LG 2411.07154
cs.LG 2411.07165
cs.LG 2411.07176
cs.LG 2411.07179
cs.LG 2411.07180
cs.LG 2411.07186
cs.LG 2411.07192
cs.LG 2411.07223
cs.LG 2411.07232
cs.LG 2411.05793
cs.LG 2411.05805
cs.LG 2411.05813
cs.LG 2411.05818
cs.LG 2411.05833
cs.LG 2411.05841
cs.LG 2411.05845
cs.LG 2411.05846
cs.LG 2411.05848
cs.LG 2411.05852
cs.LG 2411.05855
cs.LG 2411.05857
cs.LG 2411.05859
cs.LG 2411.05873
cs.LG 2411.05874
cs.LG 2411.05875
cs.LG 2411.05877
cs.LG 2411.05882
cs.LG 2411.05899
cs.LG 2411.05903
cs.LG 2411.05923
cs.LG 2411.05937
cs.LG 2411.05979
cs.LG 2411.05983
cs.LG 2411.06018
cs.LG 2411.06020
cs.LG 2411.06040
cs.LG 2411.06042
cs.LG 2411.06055
cs.LG 2411.06056
cs.LG 2411.06069
cs.LG 2411.06070
cs.LG 2411.06078
cs.LG 2411.06084
cs.LG 2411.06090
cs.LG 2411.06100
cs.LG 2411.06135
cs.LG 2411.06155
cs.LG 2411.06174
cs.LG 2411.06200
cs.LG 2411.06202
cs.LG 2411.06212
cs.LG 2411.06214
cs.LG 2411.06236
cs.LG 2411.06241
cs.LG 2411.06263
cs.LG 2411.06276
cs.LG 2411.06286
cs.LG 2411.06291
cs.LG 2411.06299
cs.LG 2411.06311
cs.LG 2411.06329
cs.LG 2411.06338
cs.LG 2411.06346
cs.LG 2411.06352
cs.LG 2411.06353
cs.LG 2411.06360
cs.LG 2411.06367
cs.LG 2411.06376
cs.LG 2411.06387
cs.LG 2411.06391
cs.LG 2411.06394
cs.LG 2411.06396
cs.LG 2411.06406
cs.LG 2411.06424
cs.LG 2411.06427
cs.LG 2411.06428
cs.LG 2411.06436
cs.LG 2411.06465
cs.LG 2411.06499
cs.LG 2411.06500
cs.LG 2411.06501
cs.LG 2411.06503
cs.LG 2411.06508
cs.LG 2411.06518
cs.LG 2411.06529
cs.LG 2411.06568
cs.LG 2411.06572
cs.LG 2411.06573
cs.LG 2411.06577
cs.LG 2411.06581
cs.LG 2411.06590
cs.LG 2411.06608
cs.LG 2411.06611
cs.LG 2411.06613
cs.LG 2411.06618
cs.LG 2411.06634
cs.LG 2411.06635
cs.LG 2411.06646
cs.LG 2411.06651
cs.LG 2411.06659
cs.LG 2411.06681
cs.LG 2411.06688
cs.LG 2411.06697
cs.LG 2411.06720
cs.LG 2411.06722
cs.LG 2411.06728
cs.LG 2411.06733
cs.LG 2411.06736
cs.LG 2411.06739
cs.LG 2411.06740
cs.LG 2411.06746
cs.LG 2411.06765
cs.LG 2411.06770
cs.LG 2411.06773
cs.LG 2411.06785
cs.LG 2411.06799
cs.LG 2411.06815
cs.LG 2411.06823
cs.LG 2411.06826
cs.LG 2411.06836
cs.LG 2411.06848
cs.LG 2411.06858
cs.LG 2411.06863
cs.LG 2411.06866
cs.LG 2411.06878
cs.LG 2411.06881
cs.LG 2411.06890
cs.LG 2411.06916
cs.LG 2411.06917
cs.LG 2411.06965
cs.LG 2411.07007
cs.LG 2411.07009
cs.LG 2411.07013
cs.LG 2411.07015
cs.LG 2411.07022
cs.LG 2411.07061
cs.LG 2411.07066
cs.LG 2411.07071
cs.LG 2411.07094
cs.LG 2411.07120
cs.LG 2411.07123
cs.LG 2411.07150
cs.LG 2411.07168
cs.LG 2411.07171
cs.LG 2411.07182
cs.LG 2411.07185
cs.LG 2411.07207
cs.LG 2411.07213
cs.LG 2411.07217
cs.LG 2411.07233
cs.LG 2411.07239
cs.LG 2411.07249
cs.LG 2411.07252
cs.LG 2411.07272
cs.LG 2411.07276
cs.LG 2411.07277
cs.LG 2411.07279
cs.LG 2411.07300
cs.LG 2411.07302
cs.LG 2411.07320
cs.LG 2411.07362
cs.LG 2411.07428
cs.LG 2411.07451
cs.LG 2411.07463
cs.LG 2411.07464
cs.LG 2411.07466
cs.LG 2411.07468
cs.LG 2411.07483
cs.LG 2411.07496
cs.LG 2411.07503
cs.LG 2411.07504
cs.LG 2411.07528
cs.LG 2411.07534
cs.LG 2411.07554
cs.LG 2411.07567
cs.LG 2411.07600
cs.LG 2411.07601
cs.LG 2411.07607
cs.LG 2411.07634
cs.LG 2411.07643
cs.LG 2411.07650
cs.LG 2411.07719
cs.LG 2411.07773
cs.LG 2411.07796
cs.LG 2411.07854
cs.LG 2411.07863
cs.LG 2411.07885
cs.LG 2411.07933
cs.LG 2411.07942
cs.LG 2411.07957
cs.LG 2411.07971
cs.LG 2411.07978
cs.LG 2411.07990
cs.LG 2411.08013
cs.LG 2411.08017
cs.LG 2411.08019
cs.LG 2411.08024
cs.LG 2411.07259
cs.LG 2411.07263
cs.LG 2411.07269
cs.LG 2411.07271
cs.LG 2411.07314
cs.LG 2411.07317
cs.LG 2411.07335
cs.LG 2411.07340
cs.LG 2411.07348
cs.LG 2411.07372
cs.LG 2411.07391
cs.LG 2411.07413
cs.LG 2411.07414
cs.LG 2411.07425
cs.LG 2411.07432
cs.LG 2411.07467
cs.LG 2411.07482
cs.LG 2411.07501
cs.LG 2411.07506
cs.LG 2411.07514
cs.LG 2411.07515
cs.LG 2411.07523
cs.LG 2411.07536
cs.LG 2411.07537
cs.LG 2411.07538
cs.LG 2411.07559
cs.LG 2411.07574
cs.LG 2411.07591
cs.LG 2411.07595
cs.LG 2411.07602
cs.LG 2411.07641
cs.LG 2411.07663
cs.LG 2411.07672
cs.LG 2411.07679
cs.LG 2411.07681
cs.LG 2411.07700
cs.LG 2411.07711
cs.LG 2411.07724
cs.LG 2411.07729
cs.LG 2411.07753
cs.LG 2411.07760
cs.LG 2411.07762
cs.LG 2411.07772
cs.LG 2411.07784
cs.LG 2411.07800
cs.LG 2411.07806
cs.LG 2411.07816
cs.LG 2411.07826
cs.LG 2411.07828
cs.LG 2411.07832
cs.LG 2411.07837
cs.LG 2411.07853
cs.LG 2411.07873
cs.LG 2411.07889
cs.LG 2411.07934
cs.LG 2411.07954
cs.LG 2411.07959
cs.LG 2411.07964
cs.LG 2411.07979
cs.LG 2411.08027
cs.LG 2410.23971
cs.LG 2411.08052
cs.LG 2411.08054
cs.LG 2411.08069
cs.LG 2411.08072
cs.LG 2411.08073
cs.LG 2411.08082
cs.LG 2411.08126
cs.LG 2411.08135
cs.LG 2411.08138
cs.LG 2411.08172
cs.LG 2411.08182
cs.LG 2411.08197
cs.LG 2411.08221
cs.LG 2411.08241
cs.LG 2411.08248
cs.LG 2411.08290
cs.LG 2411.08324
cs.LG 2411.08332
cs.LG 2411.08344
cs.LG 2411.08355
cs.LG 2411.08367
cs.LG 2411.08384
cs.LG 2411.08397
cs.LG 2411.08404
cs.LG 2411.08432
cs.LG 2411.08460
cs.LG 2411.08482
cs.LG 2411.08530
cs.LG 2411.08537
cs.LG 2411.08566
cs.LG 2411.08582
cs.LG 2411.08599
cs.LG 2411.08610
cs.LG 2411.08631
cs.LG 2411.08640
cs.LG 2411.08700
cs.LG 2411.08701
cs.LG 2411.08734
cs.LG 2411.08750
cs.LG 2411.08755
cs.LG 2411.08760
cs.LG 2411.08773
cs.LG 2411.08800
cs.LG 2411.08804
cs.LG 2411.08814
cs.LG 2411.08821
cs.LG 2411.08832
cs.LG 2411.08849
cs.LG 2411.08861
cs.LG 2411.08870
cs.LG 2411.08878
cs.LG 2411.08048
cs.LG 2411.08085
cs.LG 2411.08133
cs.LG 2411.08164
cs.LG 2411.08166
cs.LG 2411.08167
cs.LG 2411.08212
cs.LG 2411.08224
cs.LG 2411.08232
cs.LG 2411.08244
cs.LG 2411.08249
cs.LG 2411.08257
cs.LG 2411.08267
cs.LG 2411.08286
cs.LG 2411.08297
cs.LG 2411.08306
cs.LG 2411.08314
cs.LG 2411.08326
cs.LG 2411.08360
cs.LG 2411.08374
cs.LG 2411.08378
cs.LG 2411.08414
cs.LG 2411.08425
cs.LG 2411.08443
cs.LG 2411.08478
cs.LG 2411.08506
cs.LG 2411.08521
cs.LG 2411.08550
cs.LG 2411.08552
cs.LG 2411.08557
cs.LG 2411.08587
cs.LG 2411.08590
cs.LG 2411.08637
cs.LG 2411.08638
cs.LG 2411.08651
cs.LG 2411.08652
cs.LG 2411.08664
cs.LG 2411.08687
cs.LG 2411.08699
cs.LG 2411.08703
cs.LG 2411.08706
cs.LG 2411.08719
cs.LG 2411.08739
cs.LG 2411.08758
cs.LG 2411.08764
cs.LG 2411.08766
cs.LG 2411.08790
cs.LG 2411.08791
cs.LG 2411.08798
cs.LG 2411.08862
cs.LG 2411.08867
cs.LG 2411.08886
cs.LG 2411.08896
cs.LG 2411.08900
cs.LG 2411.08901
cs.LG 2411.08903
cs.LG 2411.08909
cs.LG 2411.08910
cs.LG 2411.08911
cs.LG 2411.08919
cs.LG 2411.08923
cs.LG 2411.08933
cs.LG 2411.08934
cs.LG 2411.08935
cs.LG 2411.08936
cs.LG 2411.08937
cs.LG 2411.08987
cs.LG 2411.08993
cs.LG 2411.08998
cs.LG 2411.09018
cs.LG 2411.09052
cs.LG 2411.09064
cs.LG 2411.09065
cs.LG 2411.09073
cs.LG 2411.09077
cs.LG 2411.09118
cs.LG 2411.09160
cs.LG 2411.09174
cs.LG 2411.09175
cs.LG 2411.09181
cs.LG 2411.09210
cs.LG 2411.09266
cs.LG 2411.09296
cs.LG 2411.09329
cs.LG 2411.09361
cs.LG 2411.09373
cs.LG 2411.09389
cs.LG 2411.09420
cs.LG 2411.09434
cs.LG 2411.09444
cs.LG 2411.09451
cs.LG 2411.09453
cs.LG 2411.09471
cs.LG 2411.09476
cs.LG 2411.09483
cs.LG 2411.09512
cs.LG 2411.09517
cs.LG 2411.09539
cs.LG 2411.09540
cs.LG 2411.09545
cs.LG 2411.09558
cs.LG 2411.09600
cs.LG 2411.09612
cs.LG 2411.09618
cs.LG 2411.09625
cs.LG 2411.09635
cs.LG 2411.09644
cs.LG 2411.09645
cs.LG 2411.09648
cs.LG 2411.09683
cs.LG 2411.09686
cs.LG 2411.08954
cs.LG 2411.08968
cs.LG 2411.08982
cs.LG 2411.09003
cs.LG 2411.09009
cs.LG 2411.09027
cs.LG 2411.09047
cs.LG 2411.09055
cs.LG 2411.09056
cs.LG 2411.09072
cs.LG 2411.09111
cs.LG 2411.09117
cs.LG 2411.09120
cs.LG 2411.09127
cs.LG 2411.09142
cs.LG 2411.09152
cs.LG 2411.09170
cs.LG 2411.09178
cs.LG 2411.09184
cs.LG 2411.09199
cs.LG 2411.09238
cs.LG 2411.09242
cs.LG 2411.09263
cs.LG 2411.09267
cs.LG 2411.09286
cs.LG 2411.09311
cs.LG 2411.09312
cs.LG 2411.09317
cs.LG 2411.09341
cs.LG 2411.09365
cs.LG 2411.09388
cs.LG 2411.09393
cs.LG 2411.09459
cs.LG 2411.09468
cs.LG 2411.09475
cs.LG 2411.09481
cs.LG 2411.09499
cs.LG 2411.09502
cs.LG 2411.09510
cs.LG 2411.09591
cs.LG 2411.09595
cs.LG 2411.09639
cs.LG 2411.09642
cs.LG 2411.09678
cs.LG 2411.09702
cs.SC 2410.23211
cs.SC 2410.23762
cs.SC 2410.23763
cs.SC 2410.23948
cs.SC 2411.00031
cs.SC 2411.00431
cs.SC 2411.03070
cs.SC 2411.05820
cs.SC 2411.06833
cs.SC 2411.06873
cs.SI 2411.05399
cs.SI 2411.05479
cs.SI 2411.05685
cs.SI 2411.05060
cs.SI 2411.05243
cs.SI 2411.05328
cs.SI 2411.05448
cs.SI 2411.05577
cs.SI 2411.05922
cs.SI 2411.06070
cs.SI 2411.06239
cs.SI 2411.06639
cs.SI 2411.06866
cs.SI 2411.06878
cs.SI 2411.06011
cs.SI 2411.06116
cs.SI 2411.06122
cs.SI 2411.06138
cs.SI 2411.06295
cs.SI 2411.06626
cs.SI 2411.07663
cs.SI 2411.07475
cs.SI 2411.07907
cs.SI 1907.08222
cs.SI 2408.11739
cs.SI 2411.08052
cs.SI 2411.08625
cs.SI 2411.08638
cs.SI 2411.08250
cs.SI 2411.08608
cs.SI 2411.09100
cs.SI 2411.09389
cs.SI 2411.09486
cs.SI 2411.09675
stat.CO 2411.05237
stat.CO 2411.05315
stat.CO 2411.05556
stat.CO 2411.05797
stat.CO 2411.05869
stat.CO 2411.05957
stat.CO 2411.06073
stat.CO 2411.06631
stat.CO 2411.05935
stat.CO 2411.06225
stat.CO 2411.07776
stat.CO 2411.08188
stat.CO 2411.08295
stat.CO 2411.08309
stat.CO 2411.08390
stat.CO 2411.08821
stat.CO 2411.09097
stat.CO 2411.09225
eess.AS 2410.20334
eess.AS 2411.05361
eess.AS 2411.05679
eess.AS 2411.05715
eess.AS 2411.05141
eess.AS 2411.05774
eess.AS 2411.05794
eess.AS 2411.05872
eess.AS 2411.05903
eess.AS 2411.05945
eess.AS 2411.05969
eess.AS 2411.06299
eess.AS 2411.06307
eess.AS 2411.06807
eess.AS 2411.06928
eess.AS 2411.06968
eess.AS 2411.07111
eess.AS 2411.07186
eess.AS 2411.05955
eess.AS 2411.05971
eess.AS 2411.06033
eess.AS 2411.06217
eess.AS 2411.06399
eess.AS 2411.06437
eess.AS 2411.06540
eess.AS 2411.06576
eess.AS 2411.06667
eess.AS 2411.07387
eess.AS 2411.07428
eess.AS 2411.07439
eess.AS 2411.07517
eess.AS 2411.07547
eess.AS 2411.07751
eess.AS 2411.08013
eess.AS 2411.07364
eess.AS 2411.07607
eess.AS 2411.07754
eess.AS 2411.08316
eess.AS 2411.08375
eess.AS 2411.08742
eess.AS 2411.08477
eess.AS 2411.08885
eess.AS 2411.08889
eess.AS 2411.09080
eess.AS 2411.09167
eess.AS 2411.09189
eess.AS 2411.09243
eess.AS 2411.09302
eess.AS 2411.09339
eess.AS 2411.09349
eess.AS 2411.09625
eess.AS 2411.09220
eess.AS 2411.09479
cs.SY 2411.05014
cs.SY 2411.05475
cs.SY 2411.05586
cs.SY 2411.05627
cs.SY 2411.05016
cs.SY 2411.05205
cs.SY 2411.05298
cs.SY 2411.05445
cs.SY 2411.05449
cs.SY 2411.05450
cs.SY 2411.05454
cs.SY 2411.05478
cs.SY 2411.05554
cs.SY 2411.05624
cs.SY 2411.05730
cs.SY 2411.05740
cs.SY 2411.05763
cs.SY 2411.05864
cs.SY 2411.05904
cs.SY 2411.05933
cs.SY 2411.06042
cs.SY 2411.06136
cs.SY 2411.06317
cs.SY 2411.06382
cs.SY 2411.06542
cs.SY 2411.06556
cs.SY 2411.06751
cs.SY 2411.06782
cs.SY 2411.06870
cs.SY 2411.06887
cs.SY 2411.07086
cs.SY 2411.07087
cs.SY 2411.07179
cs.SY 2411.05835
cs.SY 2411.05842
cs.SY 2411.05866
cs.SY 2411.05867
cs.SY 2411.05870
cs.SY 2411.05975
cs.SY 2411.05994
cs.SY 2411.05999
cs.SY 2411.06107
cs.SY 2411.06113
cs.SY 2411.06161
cs.SY 2411.06204
cs.SY 2411.06219
cs.SY 2411.06268
cs.SY 2411.06288
cs.SY 2411.06380
cs.SY 2411.06482
cs.SY 2411.06511
cs.SY 2411.06531
cs.SY 2411.06560
cs.SY 2411.06567
cs.SY 2411.06589
cs.SY 2411.06612
cs.SY 2411.06649
cs.SY 2411.06689
cs.SY 2411.06743
cs.SY 2411.06753
cs.SY 2411.06754
cs.SY 2411.06787
cs.SY 2411.06808
cs.SY 2411.06883
cs.SY 2411.06905
cs.SY 2411.07040
cs.SY 2411.07069
cs.SY 2411.07088
cs.SY 2411.07192
cs.SY 2411.07235
cs.SY 2411.07271
cs.SY 2411.07405
cs.SY 2411.07442
cs.SY 2411.07444
cs.SY 2411.07573
cs.SY 2411.07603
cs.SY 2411.07654
cs.SY 2411.07833
cs.SY 2411.07419
cs.SY 2411.07453
cs.SY 2411.07470
cs.SY 2411.07484
cs.SY 2411.07540
cs.SY 2411.07570
cs.SY 2411.07592
cs.SY 2411.07593
cs.SY 2411.07594
cs.SY 2411.07636
cs.SY 2411.07640
cs.SY 2411.07642
cs.SY 2411.07686
cs.SY 2411.07759
cs.SY 2411.07805
cs.SY 2411.07830
cs.SY 2411.07862
cs.SY 2411.07883
cs.SY 2411.07887
cs.SY 2411.07927
cs.SY 2411.07971
cs.SY 2411.07998
cs.SY 2411.08025
cs.SY 2411.08059
cs.SY 2411.08144
cs.SY 2411.08759
cs.SY 2411.08835
cs.SY 2411.08156
cs.SY 2411.08161
cs.SY 2411.08190
cs.SY 2411.08199
cs.SY 2411.08329
cs.SY 2411.08413
cs.SY 2411.08436
cs.SY 2411.08576
cs.SY 2411.08618
cs.SY 2411.08634
cs.SY 2411.08678
cs.SY 2411.08734
cs.SY 2411.08754
cs.SY 2411.08761
cs.SY 2411.08538
cs.SY 2411.08907
cs.SY 2411.08981
cs.SY 2411.08999
cs.SY 2411.09320
cs.SY 2411.09546
cs.SY 2411.09636
cs.SY 2411.09110
cs.SY 2411.09177
cs.SY 2411.09237
cs.SY 2411.09254
cs.SY 2411.09279
cs.SY 2411.09307
cs.SY 2411.09335
cs.SY 2411.09550
cs.SY 2411.09582
cs.SY 2411.09653
math.OC 2411.03871
math.OC 2411.05047
math.OC 2411.05191
math.OC 2411.05198
math.OC 2411.05216
math.OC 2411.05228
math.OC 2411.05417
math.OC 2411.05492
math.OC 2411.05534
math.OC 2411.05538
math.OC 2411.05606
math.OC 2411.05678
math.OC 2411.05771
math.OC 2411.05773
math.OC 2411.05306
math.OC 2411.05332
math.OC 2411.05440
math.OC 2411.05462
math.OC 2411.05485
math.OC 2411.05488
math.OC 2411.05627
math.OC 2411.05789
math.OC 2411.06278
math.OC 2411.06289
math.OC 2411.06573
math.OC 2411.06609
math.OC 2411.06697
math.OC 2411.06808
math.OC 2411.06838
math.OC 2411.07057
math.OC 2411.07061
math.OC 2411.07120
math.OC 2411.07154
math.OC 2411.05834
math.OC 2411.05843
math.OC 2411.05868
math.OC 2411.05896
math.OC 2411.05933
math.OC 2411.05968
math.OC 2411.06028
math.OC 2411.06180
math.OC 2411.06290
math.OC 2411.06333
math.OC 2411.06343
math.OC 2411.06522
math.OC 2411.06645
math.OC 2411.06654
math.OC 2411.06793
math.OC 2411.06856
math.OC 2411.06880
math.OC 2411.06887
math.OC 2411.06910
math.OC 2411.07102
math.OC 2411.07134
math.OC 2202.12328
math.OC 2411.07403
math.OC 2411.07475
math.OC 2411.07538
math.OC 2411.07724
math.OC 2411.07756
math.OC 2411.07947
math.OC 2411.07253
math.OC 2411.07331
math.OC 2411.07361
math.OC 2411.07496
math.OC 2411.07557
math.OC 2411.07596
math.OC 2411.07661
math.OC 2411.07723
math.OC 2411.07825
math.OC 2411.07919
math.OC 2411.07949
math.OC 2411.07989
math.OC 2411.08000
math.OC 2411.08184
math.OC 2411.08232
math.OC 2411.08295
math.OC 2411.08332
math.OC 2411.08405
math.OC 2411.08436
math.OC 2411.08631
math.OC 2411.08668
math.OC 2411.08075
math.OC 2411.08273
math.OC 2411.08355
math.OC 2411.08361
math.OC 2411.08435
math.OC 2411.08459
math.OC 2411.08468
math.OC 2411.08518
math.OC 2411.08595
math.OC 2411.08782
math.OC 2411.08809
math.OC 2411.08994
math.OC 2411.09029
math.OC 2411.09110
math.OC 2411.09305
math.OC 2411.09365
math.OC 2411.09582
math.OC 2411.09653
math.OC 2411.08987
math.OC 2411.09079
math.OC 2411.09091
math.OC 2411.09118
math.OC 2411.09187
math.OC 2411.09190
math.OC 2411.09395
math.OC 2411.09466
math.OC 2411.09503
math.OC 2411.09554
math.OC 2411.09636
math.OC 2411.09644
math.OC 2411.09646
math.OC 2411.09655
stat.ML 2411.05014
stat.ML 2411.05044
stat.ML 2411.05174
stat.ML 2411.05198
stat.ML 2411.05237
stat.ML 2411.05238
stat.ML 2411.05331
stat.ML 2411.05399
stat.ML 2411.05443
stat.ML 2411.05729
stat.ML 2411.05735
stat.ML 2411.05750
stat.ML 2411.05453
stat.ML 2411.05591
stat.ML 2411.05625
stat.ML 2411.05661
stat.ML 2411.05820
stat.ML 2411.05829
stat.ML 2411.05833
stat.ML 2411.05850
stat.ML 2411.05852
stat.ML 2411.05877
stat.ML 2411.05923
stat.ML 2411.05979
stat.ML 2411.05998
stat.ML 2411.06056
stat.ML 2411.06069
stat.ML 2411.06100
stat.ML 2411.06184
stat.ML 2411.06192
stat.ML 2411.06200
stat.ML 2411.06225
stat.ML 2411.06276
stat.ML 2411.06329
stat.ML 2411.06342
stat.ML 2411.06394
stat.ML 2411.06406
stat.ML 2411.06428
stat.ML 2411.06501
stat.ML 2411.06508
stat.ML 2411.06568
stat.ML 2411.06573
stat.ML 2411.06600
stat.ML 2411.06646
stat.ML 2411.06688
stat.ML 2411.06697
stat.ML 2411.06741
stat.ML 2411.06848
stat.ML 2411.06858
stat.ML 2411.06881
stat.ML 2411.06890
stat.ML 2411.07061
stat.ML 2411.05853
stat.ML 2411.05869
stat.ML 2411.06140
stat.ML 2411.06324
stat.ML 2411.06832
stat.ML 2411.06868
stat.ML 2411.06990
stat.ML 2411.07043
stat.ML 2411.07154
stat.ML 2411.07305
stat.ML 2411.07414
stat.ML 2411.07514
stat.ML 2411.07523
stat.ML 2411.07536
stat.ML 2411.07600
stat.ML 2411.07651
stat.ML 2411.07832
stat.ML 2411.07978
stat.ML 2411.08019
stat.ML 2411.07277
stat.ML 2411.07483
stat.ML 2411.07554
stat.ML 2411.07957
stat.ML 2411.08052
stat.ML 2411.08072
stat.ML 2411.08141
stat.ML 2411.08150
stat.ML 2411.08167
stat.ML 2411.08297
stat.ML 2411.08390
stat.ML 2411.08468
stat.ML 2411.08550
stat.ML 2411.08638
stat.ML 2411.08668
stat.ML 2411.08692
stat.ML 2411.08773
stat.ML 2411.08126
stat.ML 2411.08197
stat.ML 2411.08631
stat.ML 2411.08821
stat.ML 2411.08849
stat.ML 2411.08911
stat.ML 2411.08987
stat.ML 2411.09097
stat.ML 2411.09117
stat.ML 2411.09516
stat.ML 2411.09595
stat.ML 2411.09642
stat.ML 2411.08993
stat.ML 2411.08998
stat.ML 2411.09064
stat.ML 2411.09175
stat.ML 2411.09483
stat.ML 2411.09635
stat.ML 2411.09686
eess.IV 2411.05027
eess.IV 2411.05030
eess.IV 2411.05705
eess.IV 2411.05714
eess.IV 2411.05188
eess.IV 2411.05265
eess.IV 2411.05302
eess.IV 2411.05456
eess.IV 2411.05697
eess.IV 2411.05771
eess.IV 2411.05794
eess.IV 2411.05964
eess.IV 2411.06140
eess.IV 2411.06444
eess.IV 2411.06449
eess.IV 2411.06685
eess.IV 2411.06868
eess.IV 2411.06879
eess.IV 2411.06958
eess.IV 2411.05824
eess.IV 2411.05863
eess.IV 2411.05876
eess.IV 2411.05883
eess.IV 2411.05884
eess.IV 2411.05885
eess.IV 2411.05886
eess.IV 2411.05959
eess.IV 2411.05963
eess.IV 2411.06181
eess.IV 2411.06184
eess.IV 2411.06308
eess.IV 2411.06357
eess.IV 2411.06397
eess.IV 2411.06513
eess.IV 2411.06552
eess.IV 2411.06583
eess.IV 2411.06695
eess.IV 2411.06696
eess.IV 2411.06714
eess.IV 2411.06738
eess.IV 2411.06750
eess.IV 2411.06842
eess.IV 2411.06969
eess.IV 2411.07348
eess.IV 2411.07463
eess.IV 2411.07483
eess.IV 2411.07517
eess.IV 2411.07556
eess.IV 2411.07581
eess.IV 2411.07608
eess.IV 2411.07650
eess.IV 2411.07728
eess.IV 2411.07863
eess.IV 2411.07871
eess.IV 2411.07956
eess.IV 2411.08014
eess.IV 2411.07322
eess.IV 2411.07376
eess.IV 2411.07416
eess.IV 2411.07495
eess.IV 2411.07500
eess.IV 2411.07503
eess.IV 2411.07567
eess.IV 2411.07601
eess.IV 2411.07684
eess.IV 2411.07750
eess.IV 2411.07930
eess.IV 2411.07941
eess.IV 2411.07976
eess.IV 2411.08292
eess.IV 2411.08293
eess.IV 2411.08158
eess.IV 2411.08178
eess.IV 2411.08305
eess.IV 2411.08488
eess.IV 2411.08916
eess.IV 2411.09174
eess.IV 2411.09411
eess.IV 2411.09483
eess.IV 2411.09515
eess.IV 2411.08917
eess.IV 2411.08926
eess.IV 2411.08936
eess.IV 2411.08975
eess.IV 2411.08992
eess.IV 2411.09137
eess.IV 2411.09204
eess.IV 2411.09283
eess.IV 2411.09308
eess.IV 2411.09363
eess.IV 2411.09373
eess.IV 2411.09402
eess.IV 2411.09469
eess.IV 2411.09512
eess.IV 2411.09593
eess.IV 2411.09598
nlin.AO 2411.03421
nlin.AO 2411.04681
nlin.AO 2411.05709
nlin.AO 2411.07110
nlin.AO 2411.07323
math.PR 2411.05391
math.PR 2411.05437
math.PR 2411.05538
math.PR 2411.05678
math.PR 2411.05204
math.PR 2411.05235
math.PR 2411.05369
math.PR 2411.05441
math.PR 2411.05534
math.PR 2411.05541
math.PR 2411.05808
math.PR 2411.05870
math.PR 2411.05968
math.PR 2411.06247
math.PR 2411.06348
math.PR 2411.06393
math.PR 2411.06472
math.PR 2411.06541
math.PR 2411.06614
math.PR 2411.06760
math.PR 2411.06857
math.PR 2411.06865
math.PR 2411.07064
math.PR 2411.07134
math.PR 2411.07139
math.PR 2411.05924
math.PR 2411.06006
math.PR 2411.06089
math.PR 2411.06131
math.PR 2411.06195
math.PR 2411.06245
math.PR 2411.06301
math.PR 2411.06571
math.PR 2411.06827
math.PR 2411.06838
math.PR 2411.06861
math.PR 2411.06935
math.PR 2411.06974
math.PR 2411.07103
math.PR 2411.07113
math.PR 2411.07125
math.PR 2411.07157
math.PR 2411.07158
math.PR 2411.03413
math.PR 2411.07271
math.PR 2411.07361
math.PR 2411.07613
math.PR 2411.07636
math.PR 2411.07776
math.PR 2411.07821
math.PR 2411.07949
math.PR 2411.07599
math.PR 2411.07609
math.PR 2411.07671
math.PR 2411.07680
math.PR 2411.07737
math.PR 2411.07809
math.PR 2411.07840
math.PR 2411.07878
math.PR 2411.07947
math.PR 2411.08018
math.PR 2411.08297
math.PR 2411.08311
math.PR 2411.08456
math.PR 2411.08620
math.PR 2411.08653
math.PR 2411.08773
math.PR 2411.08799
math.PR 2411.08863
math.PR 2411.08220
math.PR 2411.08295
math.PR 2411.08303
math.PR 2411.08430
math.PR 2411.08725
math.PR 2411.08796
math.PR 2411.08846
math.PR 2411.08848
math.PR 2411.08967
math.PR 2411.09004
math.PR 2411.09117
math.PR 2411.09419
math.PR 2411.09511
math.PR 2411.09644
math.PR 2411.09672
math.PR 2411.09005
math.PR 2411.09058
math.PR 2411.09075
math.PR 2411.09257
math.PR 2411.09260
math.PR 2411.09381
math.PR 2411.09407
math.PR 2411.09482
math.PR 2411.09516
math.PR 2411.09614
math.PR 2411.09621
math.PR 2411.09629
math.PR 2411.09640
stat.TH 2411.05391
stat.TH 2411.05217
stat.TH 2411.05487
stat.TH 2411.05512
stat.TH 2411.05758
stat.TH 2411.06140
stat.TH 2411.06311
stat.TH 2411.06913
stat.TH 2411.06935
stat.TH 2411.05808
stat.TH 2411.06314
stat.TH 2411.06423
stat.TH 2411.06593
stat.TH 2411.06865
stat.TH 2411.06888
stat.TH 2411.06909
stat.TH 2411.06981
stat.TH 2411.07203
stat.TH 2411.07554
stat.TH 2411.07558
stat.TH 2411.07874
stat.TH 2411.07878
stat.TH 2411.07978
stat.TH 2411.07731
stat.TH 2411.08491
stat.TH 2411.08861
stat.TH 2411.08141
stat.TH 2411.09017
stat.TH 2411.09508
stat.TH 2411.09516
stat.TH 2411.09258
stat.TH 2411.09514
nlin.CD 2411.04754
nlin.CD 2411.05607
nlin.CD 2411.05792
nlin.CD 2411.06304
nlin.CD 2411.06472
nlin.CD 2411.06847
nlin.CD 2411.07005
nlin.CD 2411.06199
nlin.CD 2411.06755
nlin.CD 2411.07522
nlin.CD 2410.23971
nlin.CD 2411.08186
nlin.CD 2411.08496
nlin.CD 2411.08511
nlin.CD 2411.08694
eess.SP 2411.05119
eess.SP 2411.05184
eess.SP 2411.05267
eess.SP 2411.05411
eess.SP 2411.05492
eess.SP 2411.05537
eess.SP 2411.05659
eess.SP 2411.05774
eess.SP 2411.05187
eess.SP 2411.05278
astro-ph.IM 2411.05415
eess.SP 2411.05305
astro-ph.IM 2411.05596
eess.SP 2411.05320
astro-ph.IM 2411.05408
eess.SP 2411.05363
astro-ph.IM 2411.05905
eess.SP 2411.05531
astro-ph.IM 2411.06157
eess.SP 2411.05583
astro-ph.IM 2411.06452
eess.SP 2411.05805
astro-ph.IM 2411.06830
eess.SP 2411.05812
astro-ph.IM 2411.06960
eess.SP 2411.05836
astro-ph.IM 2411.05889
astro-ph.IM 2411.05960
eess.SP 2411.05955
astro-ph.IM 2411.06144
astro-ph.IM 2411.07303
eess.SP 2411.06021
astro-ph.IM 2411.07305
eess.SP 2411.06193
astro-ph.IM 2411.07313
eess.SP 2411.06214
astro-ph.IM 2411.07394
eess.SP 2411.06299
astro-ph.IM 2411.07879
eess.SP 2411.06309
astro-ph.IM 2411.07970
eess.SP 2411.06572
astro-ph.IM 2411.07988
eess.SP 2411.06599
astro-ph.IM 2411.08022
astro-ph.IM 2411.07318
eess.SP 2411.06649
astro-ph.IM 2411.07321
eess.SP 2411.06690
astro-ph.IM 2411.07507
eess.SP 2411.06720
astro-ph.IM 2411.07956
eess.SP 2411.06765
astro-ph.IM 2411.08045
eess.SP 2411.06832
astro-ph.IM 2411.08111
eess.SP 2411.06917
astro-ph.IM 2411.08170
eess.SP 2411.07015
astro-ph.IM 2411.08551
eess.SP 2411.07168
astro-ph.IM 2411.08604
eess.SP 2411.07179
astro-ph.IM 2411.08801
eess.SP 2411.05817
astro-ph.IM 2411.08079
eess.SP 2411.05989
astro-ph.IM 2411.08115
eess.SP 2411.06082
astro-ph.IM 2411.08118
eess.SP 2411.06103
astro-ph.IM 2411.08417
eess.SP 2411.06117
astro-ph.IM 2411.08519
eess.SP 2411.06136
astro-ph.IM 2411.08647
eess.SP 2411.06410
astro-ph.IM 2411.08747
eess.SP 2411.06526
astro-ph.IM 2411.08842
eess.SP 2411.06550
astro-ph.IM 2411.09096
eess.SP 2411.06564
astro-ph.IM 2411.09247
eess.SP 2411.06578
astro-ph.IM 2411.09248
eess.SP 2411.06620
astro-ph.IM 2411.09311
eess.SP 2411.06642
astro-ph.IM 2411.09319
eess.SP 2411.06687
astro-ph.IM 2411.09369
eess.SP 2411.06721
astro-ph.IM 2411.09673
eess.SP 2411.06747
astro-ph.IM 2411.09012
eess.SP 2411.06809
astro-ph.IM 2411.09049
eess.SP 2411.06885
astro-ph.IM 2411.09185
eess.SP 2411.06925
eess.SP 2411.06962
eess.SP 2411.06979
eess.SP 2411.06983
eess.SP 2411.07001
eess.SP 2411.07050
eess.SP 2411.07052
eess.SP 2411.07193
eess.SP 2411.07600
eess.SP 2411.07806
eess.SP 2411.07249
eess.SP 2411.07252
eess.SP 2411.07420
eess.SP 2411.07486
eess.SP 2411.07517
eess.SP 2411.07558
eess.SP 2411.07561
eess.SP 2411.07683
eess.SP 2411.07835
eess.SP 2411.08360
eess.SP 2411.08371
eess.SP 2411.08411
eess.SP 2411.08473
eess.SP 2411.08477
eess.SP 2411.08509
eess.SP 2411.08549
eess.SP 2411.08672
eess.SP 2411.08680
eess.SP 2411.08712
eess.SP 2411.08872
eess.SP 2411.08264
eess.SP 2411.08301
eess.SP 2411.08308
eess.SP 2411.08376
eess.SP 2411.08383
eess.SP 2411.08386
eess.SP 2411.08401
eess.SP 2411.08493
eess.SP 2411.08529
eess.SP 2411.08570
eess.SP 2411.08582
eess.SP 2411.08607
eess.SP 2411.08628
eess.SP 2411.08759
eess.SP 2411.08819
eess.SP 2411.09146
eess.SP 2411.09154
eess.SP 2411.09201
eess.SP 2411.09220
eess.SP 2411.09241
eess.SP 2411.09302
eess.SP 2411.09440
eess.SP 2411.09495
eess.SP 2411.09660
eess.SP 2411.09666
eess.SP 2411.08886
eess.SP 2411.08887
eess.SP 2411.08893
eess.SP 2411.08896
eess.SP 2411.08898
eess.SP 2411.08902
eess.SP 2411.08904
eess.SP 2411.08919
eess.SP 2411.09104
eess.SP 2411.09130
eess.SP 2411.09155
eess.SP 2411.09197
eess.SP 2411.09235
eess.SP 2411.09306
eess.SP 2411.09328
eess.SP 2411.09362
eess.SP 2411.09426
eess.SP 2411.09534
physics.comp-ph 2411.05009
physics.comp-ph 2411.05019
physics.comp-ph 2411.05033
physics.comp-ph 2411.05459
physics.comp-ph 2411.05496
physics.comp-ph 2411.05518
physics.comp-ph 2411.05587
physics.comp-ph 2411.05728
physics.comp-ph 2411.05751
physics.comp-ph 2411.05759
physics.comp-ph 2411.05761
physics.comp-ph 2411.05015
physics.comp-ph 2411.05626
physics.comp-ph 2410.21772
physics.comp-ph 2411.06152
physics.comp-ph 2411.06431
physics.comp-ph 2411.06447
physics.comp-ph 2411.06536
physics.comp-ph 2411.06712
physics.comp-ph 2411.06892
physics.comp-ph 2411.07016
physics.comp-ph 2411.07151
physics.comp-ph 2411.07194
physics.comp-ph 2411.07136
physics.comp-ph 2411.07422
physics.comp-ph 2411.07524
physics.comp-ph 2411.07565
physics.comp-ph 2411.07615
physics.comp-ph 2411.07701
physics.comp-ph 2411.07704
physics.comp-ph 2411.07774
physics.comp-ph 2411.07798
physics.comp-ph 2411.07953
physics.comp-ph 2411.07900
physics.comp-ph 2411.07286
physics.comp-ph 2411.08056
physics.comp-ph 2411.08122
physics.comp-ph 2411.08210
physics.comp-ph 2411.08573
physics.comp-ph 2411.08598
physics.comp-ph 2411.08760
physics.comp-ph 2411.08789
physics.comp-ph 2411.08575
physics.comp-ph 2411.08731
physics.comp-ph 2411.08845
physics.comp-ph 2411.09092
physics.comp-ph 2411.09133
physics.comp-ph 2411.09351
physics.comp-ph 2411.09509
physics.comp-ph 2411.09584
physics.comp-ph 2411.08911
physics.comp-ph 2411.09385
nlin.SI 2411.03997
nlin.SI 2411.04891
nlin.SI 2411.05707
nlin.SI 2411.08030
nlin.SI 2411.07333
nlin.SI 2411.07682
nlin.SI 2411.08787
nlin.SI 2411.08853
cond-mat.dis-nn 2411.04191
cond-mat.dis-nn 2411.04433
cond-mat.dis-nn 2411.04527
cond-mat.dis-nn 2411.04645
cond-mat.dis-nn 2411.04567
cond-mat.dis-nn 2411.05294
cond-mat.dis-nn 2411.05421
cond-mat.dis-nn 2411.05529
cond-mat.dis-nn 2411.05785
cond-mat.dis-nn 2411.05776
cond-mat.dis-nn 2411.06439
cond-mat.dis-nn 2411.06461
cond-mat.dis-nn 2411.06566
cond-mat.dis-nn 2411.06603
cond-mat.dis-nn 2411.06802
cond-mat.dis-nn 2411.07144
cond-mat.dis-nn 2411.07233
cond-mat.dis-nn 2411.06124
cond-mat.dis-nn 2411.06732
cond-mat.dis-nn 2411.06843
cond-mat.dis-nn 2411.07298
cond-mat.dis-nn 2411.07319
cond-mat.dis-nn 2411.07388
cond-mat.dis-nn 2411.07646
cond-mat.dis-nn 2411.07807
cond-mat.dis-nn 2411.07829
cond-mat.dis-nn 2411.07771
cond-mat.dis-nn 2411.09075
cond-mat.dis-nn 2411.09309
cond-mat.dis-nn 2411.09388
cond-mat.dis-nn 2411.09067
cond-mat.dis-nn 2411.09098
cond-mat.dis-nn 2411.09208
cond-mat.dis-nn 2411.09687
physics.data-an 2411.04587
physics.data-an 2411.04684
physics.data-an 2411.05477
physics.data-an 2411.05870
physics.data-an 2411.06461
physics.data-an 2411.07136
physics.data-an 2411.07189
physics.data-an 2411.08039
physics.data-an 2411.08049
physics.data-an 2411.08066
physics.data-an 2411.08338
physics.data-an 2411.09098
math.DS 2411.05016
math.DS 2411.05213
math.DS 2411.05240
math.DS 2411.05264
math.DS 2411.05502
math.DS 2411.05554
math.DS 2411.05598
math.DS 2411.05367
math.DS 2411.05439
math.DS 2411.05792
math.DS 2411.05849
math.DS 2411.05870
math.DS 2411.05871
math.DS 2411.06311
math.DS 2411.06375
math.DS 2411.06511
math.DS 2411.06551
math.DS 2411.06612
math.DS 2411.06755
math.DS 2411.06933
math.DS 2411.06997
math.DS 2411.07033
math.DS 2411.05997
math.DS 2411.06201
math.DS 2411.06209
math.DS 2411.06215
math.DS 2411.06280
math.DS 2411.06304
math.DS 2411.06419
math.DS 2411.06953
math.DS 2411.07041
math.DS 2411.07064
math.DS 2411.07234
math.DS 2411.07255
math.DS 2411.07388
math.DS 2411.07689
math.DS 2411.07986
math.DS 2411.07384
math.DS 2411.07385
math.DS 2411.07418
math.DS 2411.07587
math.DS 2411.07673
math.DS 2411.07821
math.DS 2411.07867
math.DS 2411.08006
math.DS 2411.08084
math.DS 2411.08716
math.DS 2411.08787
math.DS 2411.08180
math.DS 2411.08317
math.DS 2411.08571
math.DS 2411.08591
math.DS 2411.08643
math.DS 2411.08697
math.DS 2411.08748
math.DS 2411.09004
math.DS 2411.09008
math.DS 2411.09030
math.DS 2411.09034
math.DS 2411.09530
math.DS 2411.09602
math.DS 2411.09655
math.DS 2411.08939
math.DS 2411.09108
math.DS 2411.09144
math.DS 2411.09230
math.DS 2411.09342
math.DS 2411.09478
math.DS 2411.09519
math.DS 2411.09535
math.DS 2411.09594
math.DS 2411.09633
physics.app-ph 2411.05319
physics.app-ph 2411.05321
physics.app-ph 2411.05462
physics.app-ph 2411.05496
physics.app-ph 2411.05525
physics.app-ph 2411.05576
physics.app-ph 2411.05644
physics.app-ph 2411.05717
physics.app-ph 2411.05094
physics.app-ph 2411.05414
physics.app-ph 2411.05475
physics.app-ph 2411.05589
physics.app-ph 2411.05610
physics.app-ph 2411.05690
physics.app-ph 2411.05727
physics.app-ph 2411.05984
physics.app-ph 2411.06124
physics.app-ph 2411.06143
physics.app-ph 2411.06220
physics.app-ph 2411.06480
physics.app-ph 2411.06586
physics.app-ph 2411.06731
physics.app-ph 2411.07216
physics.app-ph 2411.05940
physics.app-ph 2411.06439
physics.app-ph 2411.06514
physics.app-ph 2411.07571
physics.app-ph 2411.07629
physics.app-ph 2411.07968
physics.app-ph 2411.07262
physics.app-ph 2411.07440
physics.app-ph 2411.07766
physics.app-ph 2411.07822
physics.app-ph 2411.08476
physics.app-ph 2411.08558
physics.app-ph 2411.08670
physics.app-ph 2411.08683
physics.app-ph 2411.08125
physics.app-ph 2411.08349
physics.app-ph 2411.08538
physics.app-ph 2411.08938
physics.app-ph 2411.08990
physics.app-ph 2411.09019
physics.app-ph 2411.09103
physics.app-ph 2411.09192
physics.app-ph 2411.09277
physics.app-ph 2411.09304
physics.app-ph 2411.09316
physics.ins-det 2411.05542
physics.ins-det 2411.05053
physics.ins-det 2411.05256
physics.ins-det 2411.05615
physics.ins-det 2411.05737
physics.ins-det 2411.05319
physics.ins-det 2411.06658
physics.ins-det 2411.06992
physics.ins-det 2411.07047
physics.ins-det 2411.06977
physics.ins-det 2411.07197
physics.ins-det 2411.07313
physics.ins-det 2411.07489
physics.ins-det 2411.07709
physics.ins-det 2411.07270
physics.ins-det 2411.07620
physics.ins-det 2411.07877
physics.ins-det 2411.07996
physics.ins-det 2411.08022
physics.ins-det 2411.08170
physics.ins-det 2411.08076
physics.ins-det 2411.08408
physics.ins-det 2411.08604
physics.ins-det 2411.08740
physics.ins-det 2411.08823
physics.ins-det 2411.09494
physics.ins-det 2411.09562
physics.ins-det 2411.09611
physics.ins-det 2411.08940
physics.ins-det 2411.08976
physics.ins-det 2411.09345
physics.ins-det 2411.09358
physics.ins-det 2411.09384
physics.ins-det 2411.09474
physics.ins-det 2411.09673
physics.optics 2411.05008
physics.optics 2411.05321
physics.optics 2411.05728
physics.optics 2411.05737
physics.optics 2411.05018
physics.optics 2411.05336
physics.optics 2411.05339
physics.optics 2411.05351
physics.optics 2411.05392
physics.optics 2411.05427
physics.optics 2411.05496
physics.optics 2411.05530
physics.optics 2411.05576
physics.optics 2411.05579
physics.optics 2411.05585
physics.optics 2411.05644
physics.optics 2411.05647
physics.optics 2411.05657
physics.optics 2411.05723
physics.optics 2411.05741
physics.optics 2411.05748
physics.optics 2411.05319
physics.optics 2411.05836
physics.optics 2411.06025
physics.optics 2411.06026
physics.optics 2411.06480
physics.optics 2411.06566
physics.optics 2411.06677
physics.optics 2411.06832
physics.optics 2411.06853
physics.optics 2411.06891
physics.optics 2411.07131
physics.optics 2411.05984
physics.optics 2411.06134
physics.optics 2411.06156
physics.optics 2411.06340
physics.optics 2411.06466
physics.optics 2411.06495
physics.optics 2411.06599
physics.optics 2411.06630
physics.optics 2411.06658
physics.optics 2411.06663
physics.optics 2411.06731
physics.optics 2411.06814
physics.optics 2411.06947
physics.optics 2411.07202
physics.optics 2411.07209
physics.optics 2411.07236
physics.optics 2411.07311
physics.optics 2411.07313
physics.optics 2411.07379
physics.optics 2411.07517
physics.optics 2411.07616
physics.optics 2411.07694
physics.optics 2411.07926
physics.optics 2411.07346
physics.optics 2411.07465
physics.optics 2411.07655
physics.optics 2411.07775
physics.optics 2411.07801
physics.optics 2411.07819
physics.optics 2411.07859
physics.optics 2411.07865
physics.optics 2411.07879
physics.optics 2411.05921
physics.optics 2411.08115
physics.optics 2411.08118
physics.optics 2411.08121
physics.optics 2411.08365
physics.optics 2411.08441
physics.optics 2411.08644
physics.optics 2411.08667
physics.optics 2411.08844
physics.optics 2411.08855
physics.optics 2411.08157
physics.optics 2411.08210
physics.optics 2411.08280
physics.optics 2411.08282
physics.optics 2411.08285
physics.optics 2411.08304
physics.optics 2411.08357
physics.optics 2411.08385
physics.optics 2411.08423
physics.optics 2411.08442
physics.optics 2411.08636
physics.optics 2411.08729
physics.optics 2411.08738
physics.optics 2411.08995
physics.optics 2411.09039
physics.optics 2411.09051
physics.optics 2411.09208
physics.optics 2411.09212
physics.optics 2411.09346
physics.optics 2411.09421
physics.optics 2411.09515
physics.optics 2411.08990
physics.optics 2411.09019
physics.optics 2411.09071
physics.optics 2411.09133
physics.optics 2411.09164
physics.optics 2411.09165
physics.optics 2411.09183
physics.optics 2411.09192
physics.optics 2411.09245
physics.optics 2411.09295
physics.optics 2411.09415
physics.optics 2411.09624
physics.optics 2411.09630
physics.med-ph 2411.05302
physics.med-ph 2411.05021
physics.med-ph 2411.05284
physics.med-ph 2411.05287
physics.med-ph 2411.06340
physics.med-ph 2411.06115
physics.med-ph 2411.06130
physics.med-ph 2411.06252
physics.med-ph 2411.06447
physics.med-ph 2411.06473
physics.med-ph 2411.06598
physics.med-ph 2411.06704
physics.med-ph 2411.06958
physics.med-ph 2411.07376
physics.med-ph 2411.07495
physics.med-ph 2411.07503
physics.med-ph 2411.07877
physics.med-ph 2411.07918
physics.med-ph 2411.07339
physics.med-ph 2411.07353
physics.med-ph 2411.07489
physics.med-ph 2411.07670
physics.med-ph 2411.08819
physics.med-ph 2411.08173
physics.med-ph 2411.08185
physics.med-ph 2411.08237
physics.med-ph 2411.08783
physics.med-ph 2411.08876
physics.med-ph 2411.09204
physics.med-ph 2411.09280
physics.med-ph 2411.09599
physics.med-ph 2411.09618
physics.med-ph 2411.09632
q-fin.MF 2411.04616
q-fin.MF 2411.05417
q-fin.MF 2411.05470
q-fin.MF 2411.05807
q-fin.MF 2411.06484
q-fin.MF 2411.07421
q-fin.MF 2411.07732
q-fin.MF 2411.08763
econ.TH 2411.05574
econ.TH 2411.05032
econ.TH 2411.05506
econ.TH 2411.06095
econ.TH 2411.06285
econ.TH 2411.06312
econ.TH 2411.06545
econ.TH 2411.06998
econ.TH 2411.07166
econ.TH 2411.07732
econ.TH 2411.07851
econ.TH 2411.08026
econ.TH 2411.08263
econ.TH 2411.08419
econ.TH 2411.08471
econ.TH 2411.08483
econ.TH 2411.09517
econ.TH 2411.09149
econ.TH 2411.09191
