cs.DC 2312.00281
cs.DC 2312.00303
cs.DC 2312.00388
cs.DC 2312.00499
cs.DC 2312.00702
cs.DC 2312.00741
cs.DC 2312.01219
cs.DC 2312.01267
cs.DC 2312.01384
cs.DC 2312.01499
cs.DC 2312.01570
cs.DC 2312.01658
cs.DC 2312.01121
cs.DC 2312.01297
cs.DC 2312.01617
cs.DC 2312.01712
cs.DC 2312.01751
cs.DC 2312.02060
cs.DC 2312.02327
cs.DC 2312.02368
cs.DC 2312.02473
cs.DC 2312.02855
cs.DC 2312.02880
cs.DC 2312.02172
cs.DC 2312.02493
cs.DC 2312.02741
cs.DC 2312.02756
cs.DC 2312.02994
cs.DC 2312.03019
cs.DC 2312.03111
cs.DC 2312.03120
cs.DC 2312.03134
cs.DC 2312.03140
cs.DC 2312.03315
cs.DC 2312.03549
cs.DC 2312.03235
cs.DC 2312.03889
cs.DC 2312.03940
cs.DC 2312.04166
cs.DC 2312.04226
cs.DC 2312.04447
cs.DC 2312.04504
cs.DC 2312.04025
cs.DC 2312.04109
cs.DC 2312.04126
cs.DC 2312.04412
cs.IT 2312.00001
cs.IT 2312.00019
cs.IT 2312.00070
cs.IT 2312.00071
cs.IT 2312.00073
cs.IT 2312.00333
cs.IT 2312.00339
cs.IT 2312.00345
cs.IT 2312.00366
cs.IT 2312.00491
cs.IT 2312.00681
cs.IT 2312.00708
cs.IT 2312.00725
cs.IT 2312.00193
cs.IT 2312.00218
cs.IT 2312.00394
cs.IT 2312.00481
cs.IT 2312.00740
cs.IT 2312.00885
cs.IT 2312.00921
cs.IT 2312.01777
cs.IT 2312.01991
cs.IT 2312.02031
cs.IT 2312.02098
cs.IT 2312.00797
cs.IT 2312.00914
cs.IT 2312.00933
cs.IT 2312.00964
cs.IT 2312.00977
cs.IT 2312.01042
cs.IT 2312.01071
cs.IT 2312.01081
cs.IT 2312.01100
cs.IT 2312.01125
cs.IT 2312.01126
cs.IT 2312.01253
cs.IT 2312.01288
cs.IT 2312.01364
cs.IT 2312.01434
cs.IT 2312.01546
cs.IT 2312.01720
cs.IT 2312.01819
cs.IT 2312.01968
cs.IT 2312.02042
cs.IT 2312.02080
cs.IT 2312.02112
cs.IT 2206.14115
cs.IT 2312.02178
cs.IT 2312.02241
cs.IT 2312.02367
cs.IT 2312.02509
cs.IT 2312.02586
cs.IT 2312.02159
cs.IT 2312.02160
cs.IT 2312.02161
cs.IT 2312.02163
cs.IT 2312.02170
cs.IT 2312.02175
cs.IT 2312.02176
cs.IT 2312.02177
cs.IT 2312.02184
cs.IT 2312.02239
cs.IT 2312.02595
cs.IT 2312.02601
cs.IT 2312.02607
cs.IT 2312.02776
cs.IT 2312.02839
cs.IT 2312.02863
cs.IT 2312.03450
cs.IT 2312.03131
cs.IT 2312.03252
cs.IT 2312.03255
cs.IT 2312.03299
cs.IT 2312.03867
cs.IT 2312.04022
cs.IT 2312.04187
cs.IT 2312.04456
cs.IT 2312.03784
cs.IT 2312.03882
cs.IT 2312.03950
cs.IT 2312.04062
cs.IT 2312.04141
cs.IT 2312.04181
cs.IT 2312.04183
cs.IT 2312.04261
cs.IT 2312.04329
cs.IT 2312.04355
cs.IT 2312.04377
cs.IT 2312.04427
cs.IT 2312.04514
cs.AR 2312.00128
cs.AR 2312.00264
cs.AR 2312.00176
cs.AR 2312.01036
cs.AR 2312.01213
cs.AR 2312.01455
cs.AR 2312.01832
cs.AR 2312.02741
cs.AR 2312.02855
cs.AR 2312.02880
cs.AR 2312.02991
cs.AR 2312.03134
cs.AR 2312.03141
cs.AR 2312.03146
cs.AR 2312.03559
cs.AR 2312.04257
cs.AI 2312.00003
cs.AI 2312.00006
cs.AI 2312.00019
cs.AI 2312.00027
cs.AI 2312.00029
cs.AI 2312.00030
cs.AI 2312.00034
cs.AI 2312.00043
cs.AI 2312.00044
cs.AI 2312.00045
cs.AI 2312.00046
cs.AI 2312.00047
cs.AI 2312.00050
cs.AI 2312.00051
cs.AI 2312.00052
cs.AI 2312.00054
cs.AI 2312.00057
cs.AI 2312.00079
cs.AI 2312.00087
cs.AI 2312.00094
cs.AI 2312.00101
cs.AI 2312.00102
cs.AI 2312.00140
cs.AI 2312.00151
cs.AI 2312.00164
cs.AI 2312.00174
cs.AI 2312.00183
cs.AI 2312.00186
cs.AI 2312.00189
cs.AI 2312.00201
cs.AI 2312.00209
cs.AI 2312.00210
cs.AI 2312.00215
cs.AI 2312.00216
cs.AI 2312.00224
cs.AI 2312.00232
cs.AI 2312.00237
cs.AI 2312.00258
cs.AI 2312.00264
cs.AI 2312.00267
cs.AI 2312.00268
cs.AI 2312.00273
cs.AI 2312.00330
cs.AI 2312.00342
cs.AI 2312.00349
cs.AI 2312.00353
cs.AI 2312.00377
cs.AI 2312.00413
cs.AI 2312.00434
cs.AI 2312.00471
cs.AI 2312.00480
cs.AI 2312.00506
cs.AI 2312.00525
cs.AI 2312.00540
cs.AI 2312.00554
cs.AI 2312.00584
cs.AI 2312.00586
cs.AI 2312.00591
cs.AI 2312.00596
cs.AI 2312.00597
cs.AI 2312.00598
cs.AI 2312.00621
cs.AI 2312.00633
cs.AI 2312.00651
cs.AI 2312.00656
cs.AI 2312.00660
cs.AI 2312.00688
cs.AI 2312.00718
cs.AI 2312.00727
cs.AI 2312.00732
cs.AI 2312.00742
cs.AI 2312.00751
cs.AI 2312.00752
cs.AI 2312.00761
cs.AI 2312.00763
cs.AI 2312.00766
cs.AI 2312.00774
cs.AI 2312.00784
cs.AI 2312.00326
cs.AI 2312.00332
cs.AI 2312.00333
cs.AI 2312.00380
cs.AI 2312.00455
cs.AI 2312.00746
cs.AI 1812.05227
cs.AI 2312.00794
cs.AI 2312.00795
cs.AI 2312.00802
cs.AI 2312.00805
cs.AI 2312.00817
cs.AI 2312.00818
cs.AI 2312.00819
cs.AI 2312.00820
cs.AI 2312.00823
cs.AI 2312.00825
cs.AI 2312.00839
cs.AI 2312.00843
cs.AI 2312.00844
cs.AI 2312.00845
cs.AI 2312.00854
cs.AI 2312.00855
cs.AI 2312.00857
cs.AI 2312.00858
cs.AI 2312.00870
cs.AI 2312.00878
cs.AI 2312.00886
cs.AI 2312.00909
cs.AI 2312.00910
cs.AI 2312.00960
cs.AI 2312.00966
cs.AI 2312.01001
cs.AI 2312.01007
cs.AI 2312.01017
cs.AI 2312.01024
cs.AI 2312.01032
cs.AI 2312.01037
cs.AI 2312.01045
cs.AI 2312.01054
cs.AI 2312.01057
cs.AI 2312.01062
cs.AI 2312.01072
cs.AI 2312.01081
cs.AI 2312.01082
cs.AI 2312.01087
cs.AI 2312.01185
cs.AI 2312.01201
cs.AI 2312.01202
cs.AI 2312.01203
cs.AI 2312.01213
cs.AI 2312.01232
cs.AI 2312.01241
cs.AI 2312.01242
cs.AI 2312.01249
cs.AI 2312.01279
cs.AI 2312.01301
cs.AI 2312.01305
cs.AI 2312.01335
cs.AI 2312.01339
cs.AI 2312.01344
cs.AI 2312.01357
cs.AI 2312.01367
cs.AI 2312.01398
cs.AI 2312.01409
cs.AI 2312.01450
cs.AI 2312.01454
cs.AI 2312.01468
cs.AI 2312.01472
cs.AI 2312.01476
cs.AI 2312.01488
cs.AI 2312.01504
cs.AI 2312.01509
cs.AI 2312.01527
cs.AI 2312.01537
cs.AI 2312.01541
cs.AI 2312.01544
cs.AI 2312.01552
cs.AI 2312.01564
cs.AI 2312.01571
cs.AI 2312.01581
cs.AI 2312.01585
cs.AI 2312.01612
cs.AI 2312.01624
cs.AI 2312.01655
cs.AI 2312.01656
cs.AI 2312.01657
cs.AI 2312.01661
cs.AI 2312.01663
cs.AI 2312.01669
cs.AI 2312.01672
cs.AI 2312.01682
cs.AI 2312.01692
cs.AI 2312.01697
cs.AI 2312.01699
cs.AI 2312.01700
cs.AI 2312.01739
cs.AI 2312.01752
cs.AI 2312.01756
cs.AI 2312.01758
cs.AI 2312.01787
cs.AI 2312.01797
cs.AI 2312.01811
cs.AI 2312.01836
cs.AI 2312.01842
cs.AI 2312.01855
cs.AI 2312.01882
cs.AI 2312.01884
cs.AI 2312.01939
cs.AI 2312.01990
cs.AI 2312.02003
cs.AI 2312.02010
cs.AI 2312.02019
cs.AI 2312.02021
cs.AI 2312.02051
cs.AI 2312.02065
cs.AI 2312.02078
cs.AI 2312.02105
cs.AI 2312.02111
cs.AI 2312.02119
cs.AI 2312.02120
cs.AI 2312.02125
cs.AI 2312.02126
cs.AI 2312.02132
cs.AI 2312.02139
cs.AI 2312.02143
cs.AI 2312.02149
cs.AI 2312.02151
cs.AI 2312.02156
cs.AI 2312.02158
cs.AI 2312.00793
cs.AI 2312.00798
cs.AI 2312.00808
cs.AI 2312.00812
cs.AI 2312.01090
cs.AI 2312.01109
cs.AI 2312.01276
cs.AI 2312.01350
cs.AI 2312.01520
cs.AI 2312.01521
cs.AI 2312.01555
cs.AI 2312.01601
cs.AI 2312.01648
cs.AI 2312.01678
cs.AI 2312.01818
cs.AI 2312.01959
cs.AI 2312.02091
cs.AI 2312.02159
cs.AI 2312.02179
cs.AI 2312.02181
cs.AI 2312.02185
cs.AI 2312.02186
cs.AI 2312.02188
cs.AI 2312.02189
cs.AI 2312.02191
cs.AI 2312.02199
cs.AI 2312.02200
cs.AI 2312.02210
cs.AI 2312.02213
cs.AI 2312.02229
cs.AI 2312.02230
cs.AI 2312.02236
cs.AI 2312.02238
cs.AI 2312.02239
cs.AI 2312.02240
cs.AI 2312.02246
cs.AI 2312.02247
cs.AI 2312.02251
cs.AI 2312.02253
cs.AI 2312.02254
cs.AI 2312.02256
cs.AI 2312.02296
cs.AI 2312.02308
cs.AI 2312.02310
cs.AI 2312.02312
cs.AI 2312.02314
cs.AI 2312.02317
cs.AI 2312.02334
cs.AI 2312.02338
cs.AI 2312.02339
cs.AI 2312.02352
cs.AI 2312.02355
cs.AI 2312.02358
cs.AI 2312.02364
cs.AI 2312.02366
cs.AI 2312.02375
cs.AI 2312.02416
cs.AI 2312.02418
cs.AI 2312.02431
cs.AI 2312.02436
cs.AI 2312.02443
cs.AI 2312.02481
cs.AI 2312.02493
cs.AI 2312.02496
cs.AI 2312.02501
cs.AI 2312.02512
cs.AI 2312.02515
cs.AI 2312.02517
cs.AI 2312.02521
cs.AI 2312.02522
cs.AI 2312.02530
cs.AI 2312.02531
cs.AI 2312.02545
cs.AI 2312.02566
cs.AI 2312.02573
cs.AI 2312.02598
cs.AI 2312.02608
cs.AI 2312.02622
cs.AI 2312.02646
cs.AI 2312.02659
cs.AI 2312.02663
cs.AI 2312.02674
cs.AI 2312.02677
cs.AI 2312.02682
cs.AI 2312.02696
cs.AI 2312.02699
cs.AI 2312.02705
cs.AI 2312.02720
cs.AI 2312.02781
cs.AI 2312.02803
cs.AI 2312.02813
cs.AI 2312.02820
cs.AI 2312.02826
cs.AI 2312.02829
cs.AI 2312.02843
cs.AI 2312.02855
cs.AI 2312.02858
cs.AI 2312.02872
cs.AI 2312.02873
cs.AI 2312.02913
cs.AI 2312.02931
cs.AI 2312.02957
cs.AI 2312.02970
cs.AI 2312.02975
cs.AI 2312.02976
cs.AI 2312.02206
cs.AI 2312.02231
cs.AI 2312.02309
cs.AI 2312.02405
cs.AI 2312.02439
cs.AI 2312.02519
cs.AI 2312.02561
cs.AI 2312.02665
cs.AI 2312.02706
cs.AI 2306.08289
cs.AI 2312.02984
cs.AI 2312.02998
cs.AI 2312.03003
cs.AI 2312.03008
cs.AI 2312.03011
cs.AI 2312.03013
cs.AI 2312.03014
cs.AI 2312.03015
cs.AI 2312.03038
cs.AI 2312.03042
cs.AI 2312.03043
cs.AI 2312.03051
cs.AI 2312.03077
cs.AI 2312.03093
cs.AI 2312.03096
cs.AI 2312.03120
cs.AI 2312.03140
cs.AI 2312.03173
cs.AI 2312.03177
cs.AI 2312.03186
cs.AI 2312.03187
cs.AI 2312.03216
cs.AI 2312.03231
cs.AI 2312.03236
cs.AI 2312.03245
cs.AI 2312.03248
cs.AI 2312.03263
cs.AI 2312.03275
cs.AI 2312.03288
cs.AI 2312.03291
cs.AI 2312.03297
cs.AI 2312.03309
cs.AI 2312.03341
cs.AI 2312.03360
cs.AI 2312.03365
cs.AI 2312.03395
cs.AI 2312.03397
cs.AI 2312.03413
cs.AI 2312.03447
cs.AI 2312.03455
cs.AI 2312.03475
cs.AI 2312.03479
cs.AI 2312.03492
cs.AI 2312.03517
cs.AI 2312.03520
cs.AI 2312.03521
cs.AI 2312.03526
cs.AI 2312.03543
cs.AI 2312.03580
cs.AI 2312.03585
cs.AI 2312.03596
cs.AI 2312.03606
cs.AI 2312.03611
cs.AI 2312.03631
cs.AI 2312.03633
cs.AI 2312.03641
cs.AI 2312.03654
cs.AI 2312.03668
cs.AI 2312.03682
cs.AI 2312.03687
cs.AI 2312.03698
cs.AI 2312.03700
cs.AI 2312.03004
cs.AI 2312.03006
cs.AI 2312.03009
cs.AI 2312.03022
cs.AI 2312.03025
cs.AI 2312.03121
cs.AI 2312.03126
cs.AI 2312.03290
cs.AI 2312.03303
cs.AI 2312.03446
cs.AI 2312.03497
cs.AI 2312.03519
cs.AI 2312.03664
cs.AI 2312.03706
cs.AI 2312.03708
cs.AI 2312.03716
cs.AI 2312.03718
cs.AI 2312.03719
cs.AI 2312.03720
cs.AI 2312.03721
cs.AI 2312.03722
cs.AI 2312.03723
cs.AI 2312.03724
cs.AI 2312.03725
cs.AI 2312.03726
cs.AI 2312.03727
cs.AI 2312.03728
cs.AI 2312.03729
cs.AI 2312.03730
cs.AI 2312.03733
cs.AI 2312.03734
cs.AI 2312.03735
cs.AI 2312.03736
cs.AI 2312.03737
cs.AI 2312.03741
cs.AI 2312.03746
cs.AI 2312.03747
cs.AI 2312.03748
cs.AI 2312.03749
cs.AI 2312.03755
cs.AI 2312.03756
cs.AI 2312.03759
cs.AI 2312.03762
cs.AI 2312.03764
cs.AI 2312.03767
cs.AI 2312.03769
cs.AI 2312.03781
cs.AI 2312.03785
cs.AI 2312.03796
cs.AI 2312.03799
cs.AI 2312.03801
cs.AI 2312.03813
cs.AI 2312.03814
cs.AI 2312.03815
cs.AI 2312.03818
cs.AI 2312.03863
cs.AI 2312.03872
cs.AI 2312.03876
cs.AI 2312.03881
cs.AI 2312.03886
cs.AI 2312.03889
cs.AI 2312.03905
cs.AI 2312.03970
cs.AI 2312.03987
cs.AI 2312.03991
cs.AI 2312.03993
cs.AI 2312.04005
cs.AI 2312.04019
cs.AI 2312.04021
cs.AI 2312.04024
cs.AI 2312.04025
cs.AI 2312.04027
cs.AI 2312.04029
cs.AI 2312.04043
cs.AI 2312.04062
cs.AI 2312.04068
cs.AI 2312.04071
cs.AI 2312.04072
cs.AI 2312.04087
cs.AI 2312.04111
cs.AI 2312.04118
cs.AI 2312.04142
cs.AI 2312.04168
cs.AI 2312.04189
cs.AI 2312.04226
cs.AI 2312.04231
cs.AI 2312.04234
cs.AI 2312.04236
cs.AI 2312.04245
cs.AI 2312.04306
cs.AI 2312.04316
cs.AI 2312.04330
cs.AI 2312.04343
cs.AI 2312.04344
cs.AI 2312.04350
cs.AI 2312.04362
cs.AI 2312.04372
cs.AI 2312.04374
cs.AI 2312.04382
cs.AI 2312.04386
cs.AI 2312.04398
cs.AI 2312.04417
cs.AI 2312.04455
cs.AI 2312.04461
cs.AI 2312.04474
cs.AI 2312.04479
cs.AI 2312.04494
cs.AI 2312.04501
cs.AI 2312.04504
cs.AI 2312.04528
cs.AI 2312.04540
cs.AI 2312.04546
cs.AI 2312.04548
cs.AI 2312.04549
cs.AI 2312.04552
cs.AI 2312.04556
cs.AI 2312.04560
cs.AI 2312.03758
cs.AI 2312.04030
cs.AI 2312.04103
cs.AI 2312.04134
cs.AI 2312.04180
cs.AI 2312.04210
cs.AI 2312.04249
cs.AI 2312.04318
cs.AI 2312.04379
cs.AI 2312.04423
cs.CV 2312.00040
cs.CV 2312.00041
cs.CV 2312.00057
cs.CV 2312.00067
cs.CV 2312.00068
cs.CV 2312.00082
cs.CV 2312.00157
cs.CV 2312.00174
cs.CV 2312.00192
cs.CV 2312.00220
cs.CV 2312.00223
cs.CV 2312.00299
cs.CV 2312.00304
cs.CV 2312.00306
cs.CV 2312.00357
cs.CV 2312.00358
cs.CV 2312.00364
cs.CV 2312.00386
cs.CV 2312.00387
cs.CV 2312.00529
cs.CV 2312.00548
cs.CV 2312.00592
cs.CV 2312.00597
cs.CV 2312.00634
cs.CV 2312.00661
cs.CV 2312.00677
cs.CV 2312.00689
cs.CV 2312.00761
cs.CV 2312.00775
cs.CV 2312.00055
cs.CV 2312.00063
cs.CV 2312.00065
cs.CV 2312.00069
cs.CV 2312.00072
cs.CV 2312.00075
cs.CV 2312.00079
cs.CV 2312.00081
cs.CV 2312.00083
cs.CV 2312.00084
cs.CV 2312.00085
cs.CV 2312.00092
cs.CV 2312.00093
cs.CV 2312.00094
cs.CV 2312.00096
cs.CV 2312.00097
cs.CV 2312.00098
cs.CV 2312.00101
cs.CV 2312.00105
cs.CV 2312.00109
cs.CV 2312.00110
cs.CV 2312.00112
cs.CV 2312.00113
cs.CV 2312.00114
cs.CV 2312.00115
cs.CV 2312.00116
cs.CV 2312.00151
cs.CV 2312.00169
cs.CV 2312.00173
cs.CV 2312.00184
cs.CV 2312.00188
cs.CV 2312.00195
cs.CV 2312.00204
cs.CV 2312.00206
cs.CV 2312.00210
cs.CV 2312.00224
cs.CV 2312.00236
cs.CV 2312.00250
cs.CV 2312.00252
cs.CV 2312.00269
cs.CV 2312.00308
cs.CV 2312.00311
cs.CV 2312.00312
cs.CV 2312.00313
cs.CV 2312.00316
cs.CV 2312.00330
cs.CV 2312.00335
cs.CV 2312.00343
cs.CV 2312.00347
cs.CV 2312.00348
cs.CV 2312.00351
cs.CV 2312.00360
cs.CV 2312.00362
cs.CV 2312.00375
cs.CV 2312.00377
cs.CV 2312.00392
cs.CV 2312.00398
cs.CV 2312.00401
cs.CV 2312.00412
cs.CV 2312.00414
cs.CV 2312.00416
cs.CV 2312.00425
cs.CV 2312.00435
cs.CV 2312.00438
cs.CV 2312.00451
cs.CV 2312.00452
cs.CV 2312.00454
cs.CV 2312.00462
cs.CV 2312.00467
cs.CV 2312.00487
cs.CV 2312.00500
cs.CV 2312.00532
cs.CV 2312.00534
cs.CV 2312.00570
cs.CV 2312.00583
cs.CV 2312.00588
cs.CV 2312.00589
cs.CV 2312.00591
cs.CV 2312.00593
cs.CV 2312.00596
cs.CV 2312.00598
cs.CV 2312.00627
cs.CV 2312.00633
cs.CV 2312.00639
cs.CV 2312.00648
cs.CV 2312.00651
cs.CV 2312.00663
cs.CV 2312.00671
cs.CV 2312.00674
cs.CV 2312.00690
cs.CV 2312.00692
cs.CV 2312.00694
cs.CV 2312.00699
cs.CV 2312.00700
cs.CV 2312.00703
cs.CV 2312.00732
cs.CV 2312.00739
cs.CV 2312.00766
cs.CV 2312.00777
cs.CV 2312.00778
cs.CV 2312.00784
cs.CV 2312.00785
cs.CV 2312.00786
cs.CV 2312.00823
cs.CV 2312.00834
cs.CV 2312.00836
cs.CV 2312.00837
cs.CV 2312.00840
cs.CV 2312.00849
cs.CV 2312.00851
cs.CV 2312.00852
cs.CV 2312.00923
cs.CV 2312.01061
cs.CV 2312.01128
cs.CV 2312.01152
cs.CV 2312.01188
cs.CV 2312.01212
cs.CV 2312.01239
cs.CV 2312.01301
cs.CV 2312.01307
cs.CV 2312.01338
cs.CV 2312.01351
cs.CV 2312.01460
cs.CV 2312.01464
cs.CV 2312.01564
cs.CV 2312.01573
cs.CV 2312.01575
cs.CV 2312.01581
cs.CV 2312.01638
cs.CV 2312.01644
cs.CV 2312.01656
cs.CV 2312.01679
cs.CV 2312.01689
cs.CV 2312.01726
cs.CV 2312.01740
cs.CV 2312.01753
cs.CV 2312.01761
cs.CV 2312.01831
cs.CV 2312.01853
cs.CV 2312.01860
cs.CV 2312.01994
cs.CV 2312.01999
cs.CV 2312.02017
cs.CV 2312.02121
cs.CV 2312.00794
cs.CV 2312.00795
cs.CV 2312.00803
cs.CV 2312.00824
cs.CV 2312.00825
cs.CV 2312.00826
cs.CV 2312.00827
cs.CV 2312.00833
cs.CV 2312.00844
cs.CV 2312.00845
cs.CV 2312.00846
cs.CV 2312.00853
cs.CV 2312.00856
cs.CV 2312.00858
cs.CV 2312.00860
cs.CV 2312.00863
cs.CV 2312.00869
cs.CV 2312.00870
cs.CV 2312.00878
cs.CV 2312.00937
cs.CV 2312.00944
cs.CV 2312.00947
cs.CV 2312.00950
cs.CV 2312.00968
cs.CV 2312.00971
cs.CV 2312.00987
cs.CV 2312.01001
cs.CV 2312.01003
cs.CV 2312.01017
cs.CV 2312.01026
cs.CV 2312.01027
cs.CV 2312.01060
cs.CV 2312.01068
cs.CV 2312.01083
cs.CV 2312.01085
cs.CV 2312.01097
cs.CV 2312.01099
cs.CV 2312.01104
cs.CV 2312.01105
cs.CV 2312.01117
cs.CV 2312.01118
cs.CV 2312.01129
cs.CV 2312.01148
cs.CV 2312.01163
cs.CV 2312.01167
cs.CV 2312.01169
cs.CV 2312.01177
cs.CV 2312.01187
cs.CV 2312.01191
cs.CV 2312.01196
cs.CV 2312.01215
cs.CV 2312.01220
cs.CV 2312.01232
cs.CV 2312.01255
cs.CV 2312.01261
cs.CV 2312.01262
cs.CV 2312.01274
cs.CV 2312.01280
cs.CV 2312.01283
cs.CV 2312.01284
cs.CV 2312.01305
cs.CV 2312.01315
cs.CV 2312.01324
cs.CV 2312.01335
cs.CV 2312.01361
cs.CV 2312.01367
cs.CV 2312.01381
cs.CV 2312.01397
cs.CV 2312.01407
cs.CV 2312.01408
cs.CV 2312.01409
cs.CV 2312.01431
cs.CV 2312.01435
cs.CV 2312.01444
cs.CV 2312.01450
cs.CV 2312.01490
cs.CV 2312.01504
cs.CV 2312.01508
cs.CV 2312.01522
cs.CV 2312.01529
cs.CV 2312.01531
cs.CV 2312.01536
cs.CV 2312.01540
cs.CV 2312.01558
cs.CV 2312.01561
cs.CV 2312.01571
cs.CV 2312.01576
cs.CV 2312.01597
cs.CV 2312.01598
cs.CV 2312.01605
cs.CV 2312.01616
cs.CV 2312.01623
cs.CV 2312.01629
cs.CV 2312.01632
cs.CV 2312.01640
cs.CV 2312.01650
cs.CV 2312.01659
cs.CV 2312.01663
cs.CV 2312.01671
cs.CV 2312.01682
cs.CV 2312.01696
cs.CV 2312.01697
cs.CV 2312.01701
cs.CV 2312.01711
cs.CV 2312.01713
cs.CV 2312.01725
cs.CV 2312.01732
cs.CV 2312.01734
cs.CV 2312.01741
cs.CV 2312.01742
cs.CV 2312.01745
cs.CV 2312.01746
cs.CV 2312.01756
cs.CV 2312.01758
cs.CV 2312.01764
cs.CV 2312.01768
cs.CV 2312.01771
cs.CV 2312.01789
cs.CV 2312.01790
cs.CV 2312.01800
cs.CV 2312.01835
cs.CV 2312.01841
cs.CV 2312.01850
cs.CV 2312.01871
cs.CV 2312.01882
cs.CV 2312.01886
cs.CV 2312.01897
cs.CV 2312.01904
cs.CV 2312.01915
cs.CV 2312.01919
cs.CV 2312.01938
cs.CV 2312.01943
cs.CV 2312.01964
cs.CV 2312.01985
cs.CV 2312.01987
cs.CV 2312.01998
cs.CV 2312.02010
cs.CV 2312.02015
cs.CV 2312.02021
cs.CV 2312.02029
cs.CV 2312.02051
cs.CV 2312.02052
cs.CV 2312.02069
cs.CV 2312.02078
cs.CV 2312.02087
cs.CV 2312.02103
cs.CV 2312.02109
cs.CV 2312.02111
cs.CV 2312.02116
cs.CV 2312.02124
cs.CV 2312.02126
cs.CV 2312.02128
cs.CV 2312.02133
cs.CV 2312.02134
cs.CV 2312.02135
cs.CV 2312.02136
cs.CV 2312.02137
cs.CV 2312.02139
cs.CV 2312.02141
cs.CV 2312.02142
cs.CV 2312.02144
cs.CV 2312.02145
cs.CV 2312.02147
cs.CV 2312.02149
cs.CV 2312.02150
cs.CV 2312.02151
cs.CV 2312.02152
cs.CV 2312.02153
cs.CV 2312.02155
cs.CV 2312.02156
cs.CV 2312.02157
cs.CV 2312.02158
cs.CV 2312.02185
cs.CV 2312.02202
cs.CV 2312.02211
cs.CV 2312.02216
cs.CV 2312.02225
cs.CV 2312.02247
cs.CV 2312.02298
cs.CV 2312.02312
cs.CV 2312.02365
cs.CV 2312.02396
cs.CV 2312.02439
cs.CV 2312.02469
cs.CV 2312.02470
cs.CV 2312.02493
cs.CV 2312.02494
cs.CV 2312.02541
cs.CV 2312.02605
cs.CV 2312.02615
cs.CV 2312.02753
cs.CV 2312.02762
cs.CV 2312.02908
cs.CV 2312.02910
cs.CV 2312.02941
cs.CV 2312.02956
cs.CV 2312.02975
cs.CV 2312.02976
cs.CV 2312.02167
cs.CV 2312.02168
cs.CV 2312.02173
cs.CV 2312.02186
cs.CV 2312.02188
cs.CV 2312.02189
cs.CV 2312.02190
cs.CV 2312.02191
cs.CV 2312.02192
cs.CV 2312.02194
cs.CV 2312.02196
cs.CV 2312.02197
cs.CV 2312.02199
cs.CV 2312.02200
cs.CV 2312.02201
cs.CV 2312.02205
cs.CV 2312.02207
cs.CV 2312.02208
cs.CV 2312.02209
cs.CV 2312.02212
cs.CV 2312.02214
cs.CV 2312.02218
cs.CV 2312.02219
cs.CV 2312.02220
cs.CV 2312.02221
cs.CV 2312.02222
cs.CV 2312.02224
cs.CV 2312.02226
cs.CV 2312.02228
cs.CV 2312.02232
cs.CV 2312.02233
cs.CV 2312.02235
cs.CV 2312.02237
cs.CV 2312.02238
cs.CV 2312.02240
cs.CV 2312.02244
cs.CV 2312.02246
cs.CV 2312.02249
cs.CV 2312.02252
cs.CV 2312.02253
cs.CV 2312.02255
cs.CV 2312.02256
cs.CV 2312.02284
cs.CV 2312.02290
cs.CV 2312.02310
cs.CV 2312.02320
cs.CV 2312.02338
cs.CV 2312.02344
cs.CV 2312.02345
cs.CV 2312.02350
cs.CV 2312.02362
cs.CV 2312.02364
cs.CV 2312.02366
cs.CV 2312.02409
cs.CV 2312.02420
cs.CV 2312.02428
cs.CV 2312.02432
cs.CV 2312.02433
cs.CV 2312.02434
cs.CV 2312.02437
cs.CV 2312.02464
cs.CV 2312.02480
cs.CV 2312.02481
cs.CV 2312.02483
cs.CV 2312.02501
cs.CV 2312.02503
cs.CV 2312.02512
cs.CV 2312.02520
cs.CV 2312.02521
cs.CV 2312.02528
cs.CV 2312.02535
cs.CV 2312.02545
cs.CV 2312.02546
cs.CV 2312.02548
cs.CV 2312.02549
cs.CV 2312.02567
cs.CV 2312.02568
cs.CV 2312.02576
cs.CV 2312.02608
cs.CV 2312.02613
cs.CV 2312.02616
cs.CV 2312.02617
cs.CV 2312.02625
cs.CV 2312.02638
cs.CV 2312.02647
cs.CV 2312.02663
cs.CV 2312.02672
cs.CV 2312.02684
cs.CV 2312.02694
cs.CV 2312.02696
cs.CV 2312.02699
cs.CV 2312.02700
cs.CV 2312.02702
cs.CV 2312.02703
cs.CV 2312.02705
cs.CV 2312.02719
cs.CV 2312.02725
cs.CV 2312.02751
cs.CV 2312.02772
cs.CV 2312.02781
cs.CV 2312.02813
cs.CV 2312.02819
cs.CV 2312.02821
cs.CV 2312.02843
cs.CV 2312.02877
cs.CV 2312.02878
cs.CV 2312.02896
cs.CV 2312.02902
cs.CV 2312.02912
cs.CV 2312.02914
cs.CV 2312.02916
cs.CV 2312.02918
cs.CV 2312.02919
cs.CV 2312.02923
cs.CV 2312.02928
cs.CV 2312.02934
cs.CV 2312.02936
cs.CV 2312.02949
cs.CV 2312.02957
cs.CV 2312.02963
cs.CV 2312.02966
cs.CV 2312.02967
cs.CV 2312.02970
cs.CV 2312.02973
cs.CV 2312.02974
cs.CV 2312.02980
cs.CV 2312.02981
cs.CV 2312.02984
cs.CV 2312.02999
cs.CV 2312.03001
cs.CV 2312.03005
cs.CV 2312.03009
cs.CV 2312.03013
cs.CV 2312.03014
cs.CV 2312.03020
cs.CV 2312.03025
cs.CV 2312.03028
cs.CV 2312.03043
cs.CV 2312.03102
cs.CV 2312.03110
cs.CV 2312.03133
cs.CV 2312.03231
cs.CV 2312.03296
cs.CV 2312.03318
cs.CV 2312.03345
cs.CV 2312.03368
cs.CV 2312.03401
cs.CV 2312.03437
cs.CV 2312.03447
cs.CV 2312.03455
cs.CV 2312.03477
cs.CV 2312.03490
cs.CV 2312.03519
cs.CV 2312.03640
cs.CV 2312.03647
cs.CV 2312.03692
cs.CV 2312.03704
cs.CV 2312.02985
cs.CV 2312.03011
cs.CV 2312.03015
cs.CV 2312.03018
cs.CV 2312.03026
cs.CV 2312.03027
cs.CV 2312.03029
cs.CV 2312.03030
cs.CV 2312.03031
cs.CV 2312.03032
cs.CV 2312.03033
cs.CV 2312.03035
cs.CV 2312.03045
cs.CV 2312.03046
cs.CV 2312.03047
cs.CV 2312.03048
cs.CV 2312.03050
cs.CV 2312.03052
cs.CV 2312.03053
cs.CV 2312.03079
cs.CV 2312.03085
cs.CV 2312.03119
cs.CV 2312.03154
cs.CV 2312.03160
cs.CV 2312.03187
cs.CV 2312.03203
cs.CV 2312.03207
cs.CV 2312.03209
cs.CV 2312.03222
cs.CV 2312.03226
cs.CV 2312.03227
cs.CV 2312.03266
cs.CV 2312.03286
cs.CV 2312.03288
cs.CV 2312.03289
cs.CV 2312.03298
cs.CV 2312.03322
cs.CV 2312.03325
cs.CV 2312.03327
cs.CV 2312.03339
cs.CV 2312.03341
cs.CV 2312.03350
cs.CV 2312.03357
cs.CV 2312.03372
cs.CV 2312.03378
cs.CV 2312.03391
cs.CV 2312.03406
cs.CV 2312.03408
cs.CV 2312.03409
cs.CV 2312.03420
cs.CV 2312.03430
cs.CV 2312.03431
cs.CV 2312.03441
cs.CV 2312.03442
cs.CV 2312.03443
cs.CV 2312.03459
cs.CV 2312.03461
cs.CV 2312.03502
cs.CV 2312.03509
cs.CV 2312.03511
cs.CV 2312.03517
cs.CV 2312.03520
cs.CV 2312.03526
cs.CV 2312.03528
cs.CV 2312.03533
cs.CV 2312.03540
cs.CV 2312.03543
cs.CV 2312.03548
cs.CV 2312.03556
cs.CV 2312.03558
cs.CV 2312.03562
cs.CV 2312.03568
cs.CV 2312.03584
cs.CV 2312.03585
cs.CV 2312.03587
cs.CV 2312.03594
cs.CV 2312.03596
cs.CV 2312.03606
cs.CV 2312.03608
cs.CV 2312.03611
cs.CV 2312.03626
cs.CV 2312.03628
cs.CV 2312.03631
cs.CV 2312.03641
cs.CV 2312.03661
cs.CV 2312.03667
cs.CV 2312.03678
cs.CV 2312.03698
cs.CV 2312.03700
cs.CV 2312.03701
cs.CV 2312.03703
cs.CV 2312.03766
cs.CV 2312.04000
cs.CV 2312.04024
cs.CV 2312.04095
cs.CV 2312.04210
cs.CV 2312.04215
cs.CV 2312.04316
cs.CV 2312.04344
cs.CV 2312.04385
cs.CV 2312.04494
cs.CV 2312.04533
cs.CV 2312.04540
cs.CV 2312.04549
cs.CV 2312.03763
cs.CV 2312.03767
cs.CV 2312.03771
cs.CV 2312.03772
cs.CV 2312.03774
cs.CV 2312.03775
cs.CV 2312.03777
cs.CV 2312.03781
cs.CV 2312.03782
cs.CV 2312.03790
cs.CV 2312.03793
cs.CV 2312.03795
cs.CV 2312.03798
cs.CV 2312.03799
cs.CV 2312.03804
cs.CV 2312.03805
cs.CV 2312.03806
cs.CV 2312.03808
cs.CV 2312.03812
cs.CV 2312.03816
cs.CV 2312.03817
cs.CV 2312.03818
cs.CV 2312.03849
cs.CV 2312.03869
cs.CV 2312.03884
cs.CV 2312.03913
cs.CV 2312.03936
cs.CV 2312.03938
cs.CV 2312.03946
cs.CV 2312.03970
cs.CV 2312.03993
cs.CV 2312.03996
cs.CV 2312.04005
cs.CV 2312.04008
cs.CV 2312.04016
cs.CV 2312.04028
cs.CV 2312.04029
cs.CV 2312.04036
cs.CV 2312.04043
cs.CV 2312.04044
cs.CV 2312.04060
cs.CV 2312.04063
cs.CV 2312.04066
cs.CV 2312.04076
cs.CV 2312.04086
cs.CV 2312.04087
cs.CV 2312.04089
cs.CV 2312.04106
cs.CV 2312.04113
cs.CV 2312.04117
cs.CV 2312.04118
cs.CV 2312.04119
cs.CV 2312.04125
cs.CV 2312.04140
cs.CV 2312.04143
cs.CV 2312.04145
cs.CV 2312.04152
cs.CV 2312.04160
cs.CV 2312.04168
cs.CV 2312.04189
cs.CV 2312.04197
cs.CV 2312.04225
cs.CV 2312.04231
cs.CV 2312.04233
cs.CV 2312.04236
cs.CV 2312.04248
cs.CV 2312.04265
cs.CV 2312.04266
cs.CV 2312.04293
cs.CV 2312.04296
cs.CV 2312.04302
cs.CV 2312.04314
cs.CV 2312.04326
cs.CV 2312.04328
cs.CV 2312.04334
cs.CV 2312.04337
cs.CV 2312.04364
cs.CV 2312.04369
cs.CV 2312.04393
cs.CV 2312.04398
cs.CV 2312.04403
cs.CV 2312.04410
cs.CV 2312.04424
cs.CV 2312.04429
cs.CV 2312.04433
cs.CV 2312.04461
cs.CV 2312.04465
cs.CV 2312.04466
cs.CV 2312.04479
cs.CV 2312.04483
cs.CV 2312.04484
cs.CV 2312.04519
cs.CV 2312.04521
cs.CV 2312.04524
cs.CV 2312.04527
cs.CV 2312.04529
cs.CV 2312.04530
cs.CV 2312.04534
cs.CV 2312.04539
cs.CV 2312.04543
cs.CV 2312.04547
cs.CV 2312.04548
cs.CV 2312.04551
cs.CV 2312.04552
cs.CV 2312.04553
cs.CV 2312.04554
cs.CV 2312.04557
cs.CV 2312.04558
cs.CV 2312.04559
cs.CV 2312.04560
cs.CV 2312.04561
cs.CV 2312.04563
cs.CV 2312.04564
cs.CV 2312.04565
cs.CV 2312.04566
cs.CV 2312.04567
cs.MA 2312.00436
cs.MA 2312.00886
cs.MA 2312.01227
cs.MA 2312.01472
cs.MA 2312.01811
cs.MA 2312.01818
cs.MA 2312.01058
cs.MA 2312.01779
cs.MA 2312.02231
cs.MA 2312.02613
cs.MA 2312.02505
cs.MA 2312.03121
cs.MA 2312.03246
cs.MA 2312.03292
cs.MA 2312.03488
cs.MA 2312.03644
cs.MA 2312.03696
cs.MA 2312.04073
cs.MA 2312.04371
cs.MA 2312.04504
cs.MA 2312.04540
cs.MA 2312.04245
cs.LG 2312.00024
cs.LG 2312.00025
cs.LG 2312.00026
cs.LG 2312.00032
cs.LG 2312.00035
cs.LG 2312.00036
cs.LG 2312.00038
cs.LG 2312.00039
cs.LG 2312.00040
cs.LG 2312.00041
cs.LG 2312.00042
cs.LG 2312.00048
cs.LG 2312.00050
cs.LG 2312.00051
cs.LG 2312.00053
cs.LG 2312.00054
cs.LG 2312.00055
cs.LG 2312.00067
cs.LG 2312.00079
cs.LG 2312.00080
cs.LG 2312.00083
cs.LG 2312.00093
cs.LG 2312.00099
cs.LG 2312.00101
cs.LG 2312.00105
cs.LG 2312.00116
cs.LG 2312.00123
cs.LG 2312.00125
cs.LG 2312.00128
cs.LG 2312.00137
cs.LG 2312.00191
cs.LG 2312.00206
cs.LG 2312.00207
cs.LG 2312.00238
cs.LG 2312.00252
cs.LG 2312.00258
cs.LG 2312.00305
cs.LG 2312.00313
cs.LG 2312.00344
cs.LG 2312.00352
cs.LG 2312.00356
cs.LG 2312.00357
cs.LG 2312.00358
cs.LG 2312.00362
cs.LG 2312.00386
cs.LG 2312.00427
cs.LG 2312.00454
cs.LG 2312.00455
cs.LG 2312.00456
cs.LG 2312.00507
cs.LG 2312.00509
cs.LG 2312.00535
cs.LG 2312.00538
cs.LG 2312.00585
cs.LG 2312.00639
cs.LG 2312.00640
cs.LG 2312.00671
cs.LG 2312.00688
cs.LG 2312.00694
cs.LG 2312.00700
cs.LG 2312.00742
cs.LG 2312.00763
cs.LG 2312.00774
cs.LG 2312.00775
cs.LG 2312.00784
cs.LG 2312.00003
cs.LG 2312.00066
cs.LG 2312.00076
cs.LG 2312.00088
cs.LG 2312.00090
cs.LG 2312.00095
cs.LG 2312.00102
cs.LG 2312.00103
cs.LG 2312.00111
cs.LG 2312.00157
cs.LG 2312.00170
cs.LG 2312.00189
cs.LG 2312.00192
cs.LG 2312.00194
cs.LG 2312.00198
cs.LG 2312.00209
cs.LG 2312.00232
cs.LG 2312.00234
cs.LG 2312.00237
cs.LG 2312.00246
cs.LG 2312.00267
cs.LG 2312.00268
cs.LG 2312.00271
cs.LG 2312.00276
cs.LG 2312.00277
cs.LG 2312.00279
cs.LG 2312.00290
cs.LG 2312.00296
cs.LG 2312.00304
cs.LG 2312.00336
cs.LG 2312.00342
cs.LG 2312.00359
cs.LG 2312.00364
cs.LG 2312.00373
cs.LG 2312.00379
cs.LG 2312.00388
cs.LG 2312.00396
cs.LG 2312.00404
cs.LG 2312.00411
cs.LG 2312.00434
cs.LG 2312.00471
cs.LG 2312.00477
cs.LG 2312.00484
cs.LG 2312.00485
cs.LG 2312.00486
cs.LG 2312.00502
cs.LG 2312.00516
cs.LG 2312.00540
cs.LG 2312.00548
cs.LG 2312.00561
cs.LG 2312.00581
cs.LG 2312.00586
cs.LG 2312.00592
cs.LG 2312.00600
cs.LG 2312.00616
cs.LG 2312.00622
cs.LG 2312.00626
cs.LG 2312.00645
cs.LG 2312.00655
cs.LG 2312.00656
cs.LG 2312.00660
cs.LG 2312.00662
cs.LG 2312.00710
cs.LG 2312.00718
cs.LG 2312.00727
cs.LG 2312.00752
cs.LG 2312.00761
cs.LG 2312.00765
cs.LG 2312.00794
cs.LG 2312.00795
cs.LG 2312.00799
cs.LG 2312.00802
cs.LG 2312.00803
cs.LG 2312.00804
cs.LG 2312.00808
cs.LG 2312.00811
cs.LG 2312.00812
cs.LG 2312.00824
cs.LG 2312.00842
cs.LG 2312.00845
cs.LG 2312.00854
cs.LG 2312.00870
cs.LG 2312.00886
cs.LG 2312.00910
cs.LG 2312.00912
cs.LG 2312.00918
cs.LG 2312.00960
cs.LG 2312.00975
cs.LG 2312.00991
cs.LG 2312.01005
cs.LG 2312.01017
cs.LG 2312.01021
cs.LG 2312.01043
cs.LG 2312.01045
cs.LG 2312.01046
cs.LG 2312.01047
cs.LG 2312.01081
cs.LG 2312.01092
cs.LG 2312.01097
cs.LG 2312.01121
cs.LG 2312.01128
cs.LG 2312.01133
cs.LG 2312.01167
cs.LG 2312.01185
cs.LG 2312.01187
cs.LG 2312.01210
cs.LG 2312.01217
cs.LG 2312.01236
cs.LG 2312.01239
cs.LG 2312.01255
cs.LG 2312.01272
cs.LG 2312.01275
cs.LG 2312.01279
cs.LG 2312.01281
cs.LG 2312.01288
cs.LG 2312.01296
cs.LG 2312.01306
cs.LG 2312.01324
cs.LG 2312.01338
cs.LG 2312.01361
cs.LG 2312.01379
cs.LG 2312.01397
cs.LG 2312.01398
cs.LG 2312.01445
cs.LG 2312.01450
cs.LG 2312.01454
cs.LG 2312.01457
cs.LG 2312.01476
cs.LG 2312.01479
cs.LG 2312.01490
cs.LG 2312.01504
cs.LG 2312.01520
cs.LG 2312.01521
cs.LG 2312.01522
cs.LG 2312.01523
cs.LG 2312.01529
cs.LG 2312.01530
cs.LG 2312.01547
cs.LG 2312.01555
cs.LG 2312.01587
cs.LG 2312.01588
cs.LG 2312.01605
cs.LG 2312.01648
cs.LG 2312.01659
cs.LG 2312.01662
cs.LG 2312.01678
cs.LG 2312.01679
cs.LG 2312.01691
cs.LG 2312.01818
cs.LG 2312.01850
cs.LG 2312.01853
cs.LG 2312.01898
cs.LG 2312.01904
cs.LG 2312.01941
cs.LG 2312.01947
cs.LG 2312.01957
cs.LG 2312.01959
cs.LG 2312.02021
cs.LG 2312.02027
cs.LG 2312.02052
cs.LG 2312.02063
cs.LG 2312.02074
cs.LG 2312.02078
cs.LG 2312.02111
cs.LG 2312.02124
cs.LG 2312.02125
cs.LG 2312.02133
cs.LG 2312.02139
cs.LG 2312.02151
cs.LG 2312.00817
cs.LG 2312.00818
cs.LG 2312.00819
cs.LG 2312.00820
cs.LG 2312.00823
cs.LG 2312.00839
cs.LG 2312.00840
cs.LG 2312.00843
cs.LG 2312.00851
cs.LG 2312.00852
cs.LG 2312.00855
cs.LG 2312.00857
cs.LG 2312.00907
cs.LG 2312.00923
cs.LG 2312.00935
cs.LG 2312.00963
cs.LG 2312.00966
cs.LG 2312.00992
cs.LG 2312.00995
cs.LG 2312.01020
cs.LG 2312.01022
cs.LG 2312.01024
cs.LG 2312.01029
cs.LG 2312.01037
cs.LG 2312.01057
cs.LG 2312.01072
cs.LG 2312.01082
cs.LG 2312.01093
cs.LG 2312.01103
cs.LG 2312.01107
cs.LG 2312.01110
cs.LG 2312.01137
cs.LG 2312.01172
cs.LG 2312.01178
cs.LG 2312.01188
cs.LG 2312.01197
cs.LG 2312.01201
cs.LG 2312.01203
cs.LG 2312.01227
cs.LG 2312.01238
cs.LG 2312.01242
cs.LG 2312.01260
cs.LG 2312.01267
cs.LG 2312.01286
cs.LG 2312.01294
cs.LG 2312.01299
cs.LG 2312.01301
cs.LG 2312.01342
cs.LG 2312.01344
cs.LG 2312.01357
cs.LG 2312.01386
cs.LG 2312.01392
cs.LG 2312.01429
cs.LG 2312.01432
cs.LG 2312.01456
cs.LG 2312.01472
cs.LG 2312.01473
cs.LG 2312.01488
cs.LG 2312.01502
cs.LG 2312.01507
cs.LG 2312.01537
cs.LG 2312.01538
cs.LG 2312.01541
cs.LG 2312.01544
cs.LG 2312.01564
cs.LG 2312.01567
cs.LG 2312.01577
cs.LG 2312.01581
cs.LG 2312.01585
cs.LG 2312.01606
cs.LG 2312.01612
cs.LG 2312.01619
cs.LG 2312.01624
cs.LG 2312.01634
cs.LG 2312.01653
cs.LG 2312.01657
cs.LG 2312.01658
cs.LG 2312.01674
cs.LG 2312.01687
cs.LG 2312.01692
cs.LG 2312.01699
cs.LG 2312.01721
cs.LG 2312.01728
cs.LG 2312.01729
cs.LG 2312.01739
cs.LG 2312.01753
cs.LG 2312.01792
cs.LG 2312.01795
cs.LG 2312.01811
cs.LG 2312.01816
cs.LG 2312.01878
cs.LG 2312.01884
cs.LG 2312.01887
cs.LG 2312.01939
cs.LG 2312.01991
cs.LG 2312.01994
cs.LG 2312.02012
cs.LG 2312.02019
cs.LG 2312.02037
cs.LG 2312.02079
cs.LG 2312.02095
cs.LG 2312.02102
cs.LG 2312.02119
cs.LG 2312.02132
cs.LG 2312.02146
cs.LG 2208.11665
cs.LG 2312.02168
cs.LG 2312.02178
cs.LG 2312.02181
cs.LG 2312.02184
cs.LG 2312.02186
cs.LG 2312.02199
cs.LG 2312.02203
cs.LG 2312.02205
cs.LG 2312.02220
cs.LG 2312.02225
cs.LG 2312.02229
cs.LG 2312.02239
cs.LG 2312.02246
cs.LG 2312.02248
cs.LG 2312.02251
cs.LG 2312.02253
cs.LG 2312.02255
cs.LG 2312.02264
cs.LG 2312.02277
cs.LG 2312.02296
cs.LG 2312.02298
cs.LG 2312.02309
cs.LG 2312.02310
cs.LG 2312.02331
cs.LG 2312.02344
cs.LG 2312.02352
cs.LG 2312.02364
cs.LG 2312.02368
cs.LG 2312.02372
cs.LG 2312.02375
cs.LG 2312.02387
cs.LG 2312.02396
cs.LG 2312.02401
cs.LG 2312.02406
cs.LG 2312.02418
cs.LG 2312.02429
cs.LG 2312.02450
cs.LG 2312.02471
cs.LG 2312.02478
cs.LG 2312.02494
cs.LG 2312.02519
cs.LG 2312.02537
cs.LG 2312.02544
cs.LG 2312.02547
cs.LG 2312.02608
cs.LG 2312.02649
cs.LG 2312.02652
cs.LG 2312.02665
cs.LG 2312.02671
cs.LG 2312.02683
cs.LG 2312.02684
cs.LG 2312.02696
cs.LG 2312.02748
cs.LG 2312.02753
cs.LG 2312.02783
cs.LG 2312.02786
cs.LG 2312.02796
cs.LG 2312.02828
cs.LG 2312.02843
cs.LG 2312.02849
cs.LG 2312.02850
cs.LG 2312.02855
cs.LG 2312.02914
cs.LG 2312.02916
cs.LG 2312.02941
cs.LG 2312.02956
cs.LG 2312.02957
cs.LG 2312.02959
cs.LG 2312.02974
cs.LG 2312.02975
cs.LG 2312.02179
cs.LG 2312.02182
cs.LG 2312.02185
cs.LG 2312.02195
cs.LG 2312.02204
cs.LG 2312.02210
cs.LG 2312.02213
cs.LG 2312.02227
cs.LG 2312.02230
cs.LG 2312.02236
cs.LG 2312.02243
cs.LG 2312.02247
cs.LG 2312.02254
cs.LG 2312.02299
cs.LG 2312.02300
cs.LG 2312.02308
cs.LG 2312.02312
cs.LG 2312.02327
cs.LG 2312.02339
cs.LG 2312.02355
cs.LG 2312.02380
cs.LG 2312.02400
cs.LG 2312.02407
cs.LG 2312.02416
cs.LG 2312.02438
cs.LG 2312.02462
cs.LG 2312.02469
cs.LG 2312.02470
cs.LG 2312.02473
cs.LG 2312.02490
cs.LG 2312.02491
cs.LG 2312.02515
cs.LG 2312.02517
cs.LG 2312.02522
cs.LG 2312.02530
cs.LG 2312.02554
cs.LG 2312.02566
cs.LG 2312.02573
cs.LG 2312.02592
cs.LG 2312.02596
cs.LG 2312.02611
cs.LG 2312.02614
cs.LG 2312.02615
cs.LG 2312.02619
cs.LG 2312.02622
cs.LG 2312.02646
cs.LG 2312.02658
cs.LG 2312.02661
cs.LG 2312.02674
cs.LG 2312.02682
cs.LG 2312.02708
cs.LG 2312.02720
cs.LG 2312.02730
cs.LG 2312.02739
cs.LG 2312.02770
cs.LG 2312.02780
cs.LG 2312.02798
cs.LG 2312.02804
cs.LG 2312.02826
cs.LG 2312.02829
cs.LG 2312.02852
cs.LG 2312.02858
cs.LG 2312.02859
cs.LG 2312.02867
cs.LG 2312.02871
cs.LG 2312.02872
cs.LG 2312.02873
cs.LG 2312.02901
cs.LG 2312.02997
cs.LG 2312.03001
cs.LG 2312.03004
cs.LG 2312.03006
cs.LG 2312.03009
cs.LG 2312.03012
cs.LG 2312.03013
cs.LG 2312.03015
cs.LG 2312.03016
cs.LG 2312.03020
cs.LG 2312.03022
cs.LG 2312.03025
cs.LG 2312.03057
cs.LG 2312.03102
cs.LG 2312.03126
cs.LG 2312.03134
cs.LG 2312.03160
cs.LG 2312.03167
cs.LG 2312.03179
cs.LG 2312.03187
cs.LG 2312.03194
cs.LG 2312.03243
cs.LG 2312.03262
cs.LG 2312.03288
cs.LG 2312.03296
cs.LG 2312.03303
cs.LG 2312.03307
cs.LG 2312.03311
cs.LG 2312.03325
cs.LG 2312.03328
cs.LG 2312.03330
cs.LG 2312.03351
cs.LG 2312.03360
cs.LG 2312.03395
cs.LG 2312.03404
cs.LG 2312.03406
cs.LG 2312.03455
cs.LG 2312.03477
cs.LG 2312.03483
cs.LG 2312.03485
cs.LG 2312.03491
cs.LG 2312.03497
cs.LG 2312.03511
cs.LG 2312.03516
cs.LG 2312.03526
cs.LG 2312.03556
cs.LG 2312.03561
cs.LG 2312.03580
cs.LG 2312.03596
cs.LG 2312.03606
cs.LG 2312.03611
cs.LG 2312.03619
cs.LG 2312.03632
cs.LG 2312.03633
cs.LG 2312.03641
cs.LG 2312.03647
cs.LG 2312.03651
cs.LG 2312.03654
cs.LG 2312.03666
cs.LG 2312.03668
cs.LG 2312.03671
cs.LG 2312.03673
cs.LG 2312.03690
cs.LG 2312.03692
cs.LG 2312.03700
cs.LG 2312.02984
cs.LG 2312.03002
cs.LG 2312.03005
cs.LG 2312.03008
cs.LG 2312.03014
cs.LG 2312.03017
cs.LG 2312.03037
cs.LG 2312.03038
cs.LG 2312.03041
cs.LG 2312.03044
cs.LG 2312.03051
cs.LG 2312.03096
cs.LG 2312.03120
cs.LG 2312.03140
cs.LG 2312.03147
cs.LG 2312.03151
cs.LG 2312.03166
cs.LG 2312.03176
cs.LG 2312.03177
cs.LG 2312.03186
cs.LG 2312.03196
cs.LG 2312.03212
cs.LG 2312.03213
cs.LG 2312.03216
cs.LG 2312.03218
cs.LG 2312.03231
cs.LG 2312.03236
cs.LG 2312.03248
cs.LG 2312.03253
cs.LG 2312.03256
cs.LG 2312.03259
cs.LG 2312.03277
cs.LG 2312.03291
cs.LG 2312.03292
cs.LG 2312.03309
cs.LG 2312.03318
cs.LG 2312.03344
cs.LG 2312.03386
cs.LG 2312.03397
cs.LG 2312.03413
cs.LG 2312.03414
cs.LG 2312.03415
cs.LG 2312.03464
cs.LG 2312.03466
cs.LG 2312.03475
cs.LG 2312.03492
cs.LG 2312.03510
cs.LG 2312.03612
cs.LG 2312.03642
cs.LG 2312.03644
cs.LG 2312.03656
cs.LG 2312.03675
cs.LG 2312.03682
cs.LG 2312.03691
cs.LG 2312.03715
cs.LG 2312.03722
cs.LG 2312.03723
cs.LG 2312.03725
cs.LG 2312.03731
cs.LG 2312.03732
cs.LG 2312.03736
cs.LG 2312.03742
cs.LG 2312.03743
cs.LG 2312.03746
cs.LG 2312.03747
cs.LG 2312.03755
cs.LG 2312.03756
cs.LG 2312.03761
cs.LG 2312.03763
cs.LG 2312.03792
cs.LG 2312.03806
cs.LG 2312.03807
cs.LG 2312.03813
cs.LG 2312.03815
cs.LG 2312.03818
cs.LG 2312.03823
cs.LG 2312.03824
cs.LG 2312.03843
cs.LG 2312.03853
cs.LG 2312.03871
cs.LG 2312.03872
cs.LG 2312.03873
cs.LG 2312.03876
cs.LG 2312.03891
cs.LG 2312.03895
cs.LG 2312.03936
cs.LG 2312.03940
cs.LG 2312.03950
cs.LG 2312.03957
cs.LG 2312.04021
cs.LG 2312.04030
cs.LG 2312.04032
cs.LG 2312.04036
cs.LG 2312.04064
cs.LG 2312.04068
cs.LG 2312.04103
cs.LG 2312.04110
cs.LG 2312.04118
cs.LG 2312.04135
cs.LG 2312.04145
cs.LG 2312.04155
cs.LG 2312.04159
cs.LG 2312.04163
cs.LG 2312.04168
cs.LG 2312.04174
cs.LG 2312.04193
cs.LG 2312.04204
cs.LG 2312.04215
cs.LG 2312.04281
cs.LG 2312.04291
cs.LG 2312.04312
cs.LG 2312.04318
cs.LG 2312.04323
cs.LG 2312.04344
cs.LG 2312.04350
cs.LG 2312.04356
cs.LG 2312.04370
cs.LG 2312.04371
cs.LG 2312.04374
cs.LG 2312.04398
cs.LG 2312.04402
cs.LG 2312.04432
cs.LG 2312.04447
cs.LG 2312.04455
cs.LG 2312.04461
cs.LG 2312.04474
cs.LG 2312.04510
cs.LG 2312.04533
cs.LG 2312.04542
cs.LG 2312.04548
cs.LG 2312.04549
cs.LG 2312.04552
cs.LG 2312.04554
cs.LG 2312.04556
cs.LG 2312.03762
cs.LG 2312.03764
cs.LG 2312.03780
cs.LG 2312.03788
cs.LG 2312.03796
cs.LG 2312.03801
cs.LG 2312.03814
cs.LG 2312.03865
cs.LG 2312.03867
cs.LG 2312.03878
cs.LG 2312.03881
cs.LG 2312.03885
cs.LG 2312.03886
cs.LG 2312.03889
cs.LG 2312.03903
cs.LG 2312.03905
cs.LG 2312.03911
cs.LG 2312.03928
cs.LG 2312.03951
cs.LG 2312.03979
cs.LG 2312.03989
cs.LG 2312.03991
cs.LG 2312.03998
cs.LG 2312.04000
cs.LG 2312.04024
cs.LG 2312.04027
cs.LG 2312.04038
cs.LG 2312.04055
cs.LG 2312.04065
cs.LG 2312.04067
cs.LG 2312.04070
cs.LG 2312.04083
cs.LG 2312.04095
cs.LG 2312.04111
cs.LG 2312.04142
cs.LG 2312.04166
cs.LG 2312.04167
cs.LG 2312.04171
cs.LG 2312.04209
cs.LG 2312.04216
cs.LG 2312.04234
cs.LG 2312.04273
cs.LG 2312.04275
cs.LG 2312.04307
cs.LG 2312.04311
cs.LG 2312.04327
cs.LG 2312.04330
cs.LG 2312.04339
cs.LG 2312.04343
cs.LG 2312.04346
cs.LG 2312.04386
cs.LG 2312.04404
cs.LG 2312.04416
cs.LG 2312.04464
cs.LG 2312.04469
cs.LG 2312.04501
cs.LG 2312.04504
cs.LG 2312.04528
cs.LG 2312.04535
cs.LG 2312.04540
cs.LG 2312.04546
cs.CR 2312.00013
cs.CR 2312.00105
cs.CR 2312.00157
cs.CR 2312.00173
cs.CR 2312.00198
cs.CR 2312.00507
cs.CR 2312.00645
cs.CR 2312.00006
cs.CR 2312.00009
cs.CR 2312.00016
cs.CR 2312.00018
cs.CR 2312.00019
cs.CR 2312.00021
cs.CR 2312.00023
cs.CR 2312.00024
cs.CR 2312.00025
cs.CR 2312.00026
cs.CR 2312.00027
cs.CR 2312.00029
cs.CR 2312.00031
cs.CR 2312.00032
cs.CR 2312.00033
cs.CR 2312.00034
cs.CR 2312.00035
cs.CR 2312.00036
cs.CR 2312.00039
cs.CR 2312.00040
cs.CR 2312.00041
cs.CR 2312.00048
cs.CR 2312.00050
cs.CR 2312.00051
cs.CR 2312.00057
cs.CR 2312.00163
cs.CR 2312.00245
cs.CR 2312.00273
cs.CR 2312.00281
cs.CR 2312.00374
cs.CR 2312.00483
cs.CR 2312.00499
cs.CR 2312.00508
cs.CR 2312.00519
cs.CR 2312.00545
cs.CR 2312.00580
cs.CR 2312.00681
cs.CR 2312.00686
cs.CR 2312.00702
cs.CR 2312.00714
cs.CR 2312.00741
cs.CR 2312.00747
cs.CR 2312.00802
cs.CR 2312.00843
cs.CR 2312.00855
cs.CR 2312.01260
cs.CR 2312.01549
cs.CR 2312.01585
cs.CR 2312.02042
cs.CR 2312.02102
cs.CR 2312.02112
cs.CR 2312.02119
cs.CR 2312.02132
cs.CR 2312.00942
cs.CR 2312.00989
cs.CR 2312.01045
cs.CR 2312.01080
cs.CR 2312.01091
cs.CR 2312.01113
cs.CR 2312.01170
cs.CR 2312.01195
cs.CR 2312.01200
cs.CR 2312.01219
cs.CR 2312.01241
cs.CR 2312.01256
cs.CR 2312.01281
cs.CR 2312.01330
cs.CR 2312.01354
cs.CR 2312.01681
cs.CR 2312.01752
cs.CR 2312.01872
cs.CR 2312.01941
cs.CR 2312.01951
cs.CR 2312.02003
cs.CR 2312.02074
cs.CR 2312.02164
cs.CR 2312.02220
cs.CR 2312.02327
cs.CR 2312.02400
cs.CR 2312.02490
cs.CR 2312.02607
cs.CR 2312.02611
cs.CR 2312.02708
cs.CR 2312.02710
cs.CR 2312.02780
cs.CR 2312.02171
cs.CR 2312.02348
cs.CR 2312.02456
cs.CR 2312.02509
cs.CR 2312.02514
cs.CR 2312.02542
cs.CR 2312.02585
cs.CR 2312.02589
cs.CR 2312.02642
cs.CR 2312.02673
cs.CR 2312.02752
cs.CR 2312.02845
cs.CR 2312.02869
cs.CR 2312.02882
cs.CR 2312.02921
cs.CR 2312.02660
cs.CR 2312.03100
cs.CR 2312.03262
cs.CR 2312.02993
cs.CR 2312.03111
cs.CR 2312.03205
cs.CR 2312.03245
cs.CR 2312.03293
cs.CR 2312.03419
cs.CR 2312.03429
cs.CR 2312.03636
cs.CR 2312.03692
cs.CR 2312.03709
cs.CR 2312.03736
cs.CR 2312.03979
cs.CR 2312.04155
cs.CR 2312.04346
cs.CR 2312.04404
cs.CR 2312.04447
cs.CR 2312.04469
cs.CR 2312.04470
cs.CR 2312.03792
cs.CR 2312.03853
cs.CR 2312.03920
cs.CR 2312.03964
cs.CR 2312.04035
cs.CR 2312.04068
cs.CR 2312.04096
cs.CR 2312.04100
cs.CR 2312.04114
cs.CR 2312.04135
cs.CR 2312.04173
cs.CR 2312.04226
cs.CR 2312.04356
cs.CR 2312.04432
cs.CR 2312.04512
cs.CR 2312.04542
cs.CL 2312.00027
cs.CL 2312.00029
cs.CL 2312.00079
cs.CL 2312.00115
cs.CL 2312.00174
cs.CL 2312.00194
cs.CL 2312.00220
cs.CL 2312.00273
cs.CL 2312.00277
cs.CL 2312.00326
cs.CL 2312.00347
cs.CL 2312.00372
cs.CL 2312.00413
cs.CL 2312.00662
cs.CL 2312.00763
cs.CL 2312.00784
cs.CL 2312.00100
cs.CL 2312.00168
cs.CL 2312.00214
cs.CL 2312.00292
cs.CL 2312.00293
cs.CL 2312.00349
cs.CL 2312.00353
cs.CL 2312.00407
cs.CL 2312.00480
cs.CL 2312.00513
cs.CL 2312.00525
cs.CL 2312.00536
cs.CL 2312.00552
cs.CL 2312.00554
cs.CL 2312.00567
cs.CL 2312.00575
cs.CL 2312.00584
cs.CL 2312.00678
cs.CL 2312.00680
cs.CL 2312.00688
cs.CL 2312.00738
cs.CL 2312.00751
cs.CL 2312.00774
cs.CL 2312.00789
cs.CL 2312.00819
cs.CL 2312.00968
cs.CL 2312.01037
cs.CL 2312.01052
cs.CL 2312.01054
cs.CL 2312.01057
cs.CL 2312.01082
cs.CL 2312.01090
cs.CL 2312.01151
cs.CL 2312.01202
cs.CL 2312.01217
cs.CL 2312.01276
cs.CL 2312.01429
cs.CL 2312.01454
cs.CL 2312.01504
cs.CL 2312.01509
cs.CL 2312.01529
cs.CL 2312.01532
cs.CL 2312.01564
cs.CL 2312.01648
cs.CL 2312.01678
cs.CL 2312.01701
cs.CL 2312.01921
cs.CL 2312.02051
cs.CL 2312.02119
cs.CL 2312.02149
cs.CL 2312.00804
cs.CL 2312.00805
cs.CL 2312.00849
cs.CL 2312.00874
cs.CL 2312.00912
cs.CL 2312.00949
cs.CL 2312.00960
cs.CL 2312.01006
cs.CL 2312.01032
cs.CL 2312.01040
cs.CL 2312.01044
cs.CL 2312.01050
cs.CL 2312.01053
cs.CL 2312.01087
cs.CL 2312.01114
cs.CL 2312.01143
cs.CL 2312.01185
cs.CL 2312.01221
cs.CL 2312.01225
cs.CL 2312.01244
cs.CL 2312.01279
cs.CL 2312.01306
cs.CL 2312.01308
cs.CL 2312.01314
cs.CL 2312.01339
cs.CL 2312.01356
cs.CL 2312.01398
cs.CL 2312.01500
cs.CL 2312.01515
cs.CL 2312.01523
cs.CL 2312.01552
cs.CL 2312.01575
cs.CL 2312.01582
cs.CL 2312.01592
cs.CL 2312.01642
cs.CL 2312.01661
cs.CL 2312.01672
cs.CL 2312.01700
cs.CL 2312.01714
cs.CL 2312.01787
cs.CL 2312.01823
cs.CL 2312.01837
cs.CL 2312.01858
cs.CL 2312.01954
cs.CL 2312.01957
cs.CL 2312.02065
cs.CL 2312.02073
cs.CL 2312.02118
cs.CL 2312.02120
cs.CL 2312.02125
cs.CL 2312.02143
cs.CL 2312.02179
cs.CL 2312.02188
cs.CL 2312.02206
cs.CL 2312.02219
cs.CL 2312.02227
cs.CL 2312.02249
cs.CL 2312.02251
cs.CL 2312.02310
cs.CL 2312.02439
cs.CL 2312.02532
cs.CL 2312.02549
cs.CL 2312.02554
cs.CL 2312.02614
cs.CL 2312.02706
cs.CL 2312.02730
cs.CL 2312.02780
cs.CL 2312.02798
cs.CL 2312.02869
cs.CL 2312.02901
cs.CL 2312.02974
cs.CL 2312.02181
cs.CL 2312.02296
cs.CL 2312.02314
cs.CL 2312.02317
cs.CL 2312.02331
cs.CL 2312.02334
cs.CL 2312.02337
cs.CL 2312.02382
cs.CL 2312.02406
cs.CL 2312.02418
cs.CL 2312.02431
cs.CL 2312.02436
cs.CL 2312.02441
cs.CL 2312.02496
cs.CL 2312.02578
cs.CL 2312.02590
cs.CL 2312.02598
cs.CL 2312.02748
cs.CL 2312.02783
cs.CL 2312.02803
cs.CL 2312.02820
cs.CL 2312.02913
cs.CL 2312.02931
cs.CL 2312.02969
cs.CL 2312.03003
cs.CL 2312.03016
cs.CL 2312.03022
cs.CL 2312.03025
cs.CL 2312.03052
cs.CL 2312.03093
cs.CL 2312.03140
cs.CL 2312.03171
cs.CL 2312.03173
cs.CL 2312.03217
cs.CL 2312.03290
cs.CL 2312.03303
cs.CL 2312.03414
cs.CL 2312.03656
cs.CL 2312.03664
cs.CL 2312.03668
cs.CL 2312.03700
cs.CL 2312.03042
cs.CL 2312.03077
cs.CL 2312.03088
cs.CL 2312.03095
cs.CL 2312.03122
cs.CL 2312.03194
cs.CL 2312.03195
cs.CL 2312.03312
cs.CL 2312.03330
cs.CL 2312.03342
cs.CL 2312.03360
cs.CL 2312.03361
cs.CL 2312.03367
cs.CL 2312.03379
cs.CL 2312.03458
cs.CL 2312.03463
cs.CL 2312.03480
cs.CL 2312.03483
cs.CL 2312.03523
cs.CL 2312.03549
cs.CL 2312.03567
cs.CL 2312.03577
cs.CL 2312.03633
cs.CL 2312.03689
cs.CL 2312.03699
cs.CL 2312.03758
cs.CL 2312.03788
cs.CL 2312.03815
cs.CL 2312.03818
cs.CL 2312.03872
cs.CL 2312.03905
cs.CL 2312.04068
cs.CL 2312.04103
cs.CL 2312.04134
cs.CL 2312.04302
cs.CL 2312.04339
cs.CL 2312.04348
cs.CL 2312.04469
cs.CL 2312.04554
cs.CL 2312.03705
cs.CL 2312.03706
cs.CL 2312.03707
cs.CL 2312.03708
cs.CL 2312.03709
cs.CL 2312.03710
cs.CL 2312.03715
cs.CL 2312.03716
cs.CL 2312.03718
cs.CL 2312.03719
cs.CL 2312.03720
cs.CL 2312.03721
cs.CL 2312.03722
cs.CL 2312.03723
cs.CL 2312.03724
cs.CL 2312.03725
cs.CL 2312.03726
cs.CL 2312.03727
cs.CL 2312.03728
cs.CL 2312.03729
cs.CL 2312.03730
cs.CL 2312.03731
cs.CL 2312.03732
cs.CL 2312.03733
cs.CL 2312.03734
cs.CL 2312.03735
cs.CL 2312.03736
cs.CL 2312.03737
cs.CL 2312.03738
cs.CL 2312.03739
cs.CL 2312.03740
cs.CL 2312.03741
cs.CL 2312.03742
cs.CL 2312.03743
cs.CL 2312.03744
cs.CL 2312.03746
cs.CL 2312.03747
cs.CL 2312.03748
cs.CL 2312.03749
cs.CL 2312.03750
cs.CL 2312.03751
cs.CL 2312.03752
cs.CL 2312.03753
cs.CL 2312.03755
cs.CL 2312.03756
cs.CL 2312.03759
cs.CL 2312.03766
cs.CL 2312.03769
cs.CL 2312.03789
cs.CL 2312.03813
cs.CL 2312.03863
cs.CL 2312.03897
cs.CL 2312.03912
cs.CL 2312.03987
cs.CL 2312.04021
cs.CL 2312.04032
cs.CL 2312.04052
cs.CL 2312.04059
cs.CL 2312.04127
cs.CL 2312.04193
cs.CL 2312.04219
cs.CL 2312.04262
cs.CL 2312.04306
cs.CL 2312.04333
cs.CL 2312.04344
cs.CL 2312.04350
cs.CL 2312.04362
cs.CL 2312.04372
cs.CL 2312.04440
cs.CL 2312.04455
cs.CL 2312.04474
cs.CL 2312.04510
cs.CL 2312.04511
cs.CL 2312.04515
cs.CL 2312.04556
cs.NI 2312.00034
cs.NI 2312.00163
cs.NI 2312.00279
cs.NI 2312.00333
cs.NI 2312.00388
cs.NI 2312.00545
cs.NI 2312.00580
cs.NI 2312.00259
cs.NI 2312.00303
cs.NI 2312.00334
cs.NI 2312.00345
cs.NI 2312.00491
cs.NI 2312.00518
cs.NI 2312.00587
cs.NI 2312.00914
cs.NI 2312.01297
cs.NI 2312.01941
cs.NI 2312.02112
cs.NI 2312.00902
cs.NI 2312.00957
cs.NI 2312.01049
cs.NI 2312.01066
cs.NI 2312.01204
cs.NI 2312.01292
cs.NI 2312.01445
cs.NI 2312.01826
cs.NI 2312.01869
cs.NI 2312.01895
cs.NI 2312.01970
cs.NI 2312.02164
cs.NI 2312.02468
cs.NI 2312.02471
cs.NI 2312.02728
cs.NI 2312.02746
cs.NI 2312.03131
cs.NI 2312.03305
cs.NI 2312.03374
cs.NI 2312.03635
cs.NI 2312.03920
cs.NI 2312.03950
cs.NI 2312.04054
cs.NI 2312.04159
cs.NI 2312.04294
cs.NI 2312.04418
stat.TH 2312.00070
stat.TH 2312.00071
stat.TH 2312.00073
stat.TH 2312.00130
stat.TH 2312.00305
stat.TH 2312.00590
stat.TH 2312.00001
stat.TH 2312.00219
stat.TH 2312.00955
stat.TH 2312.01046
stat.TH 2312.01266
stat.TH 2312.01234
stat.TH 2312.02033
stat.TH 2312.02177
stat.TH 2312.02513
stat.TH 2312.02870
stat.TH 2312.02905
stat.TH 2312.02417
stat.TH 2312.02575
stat.TH 2312.02662
stat.TH 2312.02849
stat.TH 2312.03006
stat.TH 2312.03091
stat.TH 2312.03142
stat.TH 2312.03145
stat.TH 2312.04444
stat.TH 2312.04462
cs.RO 2312.00055
cs.RO 2312.00316
cs.RO 2312.00500
cs.RO 2312.00548
cs.RO 2312.00583
cs.RO 2312.00592
cs.RO 2312.00663
cs.RO 2312.00068
cs.RO 2312.00175
cs.RO 2312.00215
cs.RO 2312.00262
cs.RO 2312.00265
cs.RO 2312.00289
cs.RO 2312.00314
cs.RO 2312.00344
cs.RO 2312.00597
cs.RO 2312.00775
cs.RO 2312.00808
cs.RO 2312.01097
cs.RO 2312.01117
cs.RO 2312.01227
cs.RO 2312.01262
cs.RO 2312.01302
cs.RO 2312.01554
cs.RO 2312.01616
cs.RO 2312.01659
cs.RO 2312.01811
cs.RO 2312.01939
cs.RO 2312.02029
cs.RO 2312.02126
cs.RO 2312.00938
cs.RO 2312.00948
cs.RO 2312.00951
cs.RO 2312.00962
cs.RO 2312.01015
cs.RO 2312.01054
cs.RO 2312.01059
cs.RO 2312.01130
cs.RO 2312.01131
cs.RO 2312.01135
cs.RO 2312.01183
cs.RO 2312.01214
cs.RO 2312.01236
cs.RO 2312.01249
cs.RO 2312.01307
cs.RO 2312.01326
cs.RO 2312.01358
cs.RO 2312.01421
cs.RO 2312.01468
cs.RO 2312.01474
cs.RO 2312.01498
cs.RO 2312.01543
cs.RO 2312.01550
cs.RO 2312.01583
cs.RO 2312.01631
cs.RO 2312.01747
cs.RO 2312.01797
cs.RO 2312.01809
cs.RO 2312.01836
cs.RO 2312.01853
cs.RO 2312.01855
cs.RO 2312.01860
cs.RO 2312.01907
cs.RO 2312.01988
cs.RO 2312.01990
cs.RO 2312.02008
cs.RO 2312.02208
cs.RO 2312.02409
cs.RO 2312.02430
cs.RO 2312.02478
cs.RO 2312.02522
cs.RO 2312.02682
cs.RO 2312.02684
cs.RO 2312.02328
cs.RO 2312.02352
cs.RO 2312.02353
cs.RO 2312.02390
cs.RO 2312.02396
cs.RO 2312.02419
cs.RO 2312.02424
cs.RO 2312.02448
cs.RO 2312.02467
cs.RO 2312.02485
cs.RO 2312.02488
cs.RO 2312.02510
cs.RO 2312.02531
cs.RO 2312.02593
cs.RO 2312.02599
cs.RO 2312.02603
cs.RO 2312.02635
cs.RO 2312.02641
cs.RO 2312.02649
cs.RO 2312.02677
cs.RO 2312.02697
cs.RO 2312.02711
cs.RO 2312.02731
cs.RO 2312.02937
cs.RO 2312.02944
cs.RO 2312.02975
cs.RO 2312.02976
cs.RO 2312.03009
cs.RO 2312.03348
cs.RO 2312.03466
cs.RO 2312.03024
cs.RO 2312.03223
cs.RO 2312.03225
cs.RO 2312.03263
cs.RO 2312.03275
cs.RO 2312.03296
cs.RO 2312.03297
cs.RO 2312.03328
cs.RO 2312.03345
cs.RO 2312.03395
cs.RO 2312.03477
cs.RO 2312.03488
cs.RO 2312.03493
cs.RO 2312.03506
cs.RO 2312.03521
cs.RO 2312.03651
cs.RO 2312.03673
cs.RO 2312.04224
cs.RO 2312.04379
cs.RO 2312.04393
cs.RO 2312.04474
cs.RO 2312.04484
cs.RO 2312.04530
cs.RO 2312.04535
cs.RO 2312.04540
cs.RO 2312.04563
cs.RO 2312.03864
cs.RO 2312.03908
cs.RO 2312.04031
cs.RO 2312.04037
cs.RO 2312.04056
cs.RO 2312.04072
cs.RO 2312.04161
cs.RO 2312.04190
cs.RO 2312.04308
cs.RO 2312.04316
cs.RO 2312.04374
cs.RO 2312.04402
cs.RO 2312.04533
cs.RO 2312.04549
eess.IV 2312.00067
eess.IV 2312.00174
eess.IV 2312.00206
eess.IV 2312.00308
eess.IV 2312.00432
eess.IV 2312.00082
eess.IV 2312.00223
eess.IV 2312.00357
eess.IV 2312.00386
eess.IV 2312.00387
eess.IV 2312.00529
eess.IV 2312.00560
eess.IV 2312.00634
eess.IV 2312.00661
eess.IV 2312.00677
eess.IV 2312.00689
eess.IV 2312.01005
eess.IV 2312.01361
eess.IV 2312.01464
eess.IV 2312.01529
eess.IV 2312.01558
eess.IV 2312.01566
eess.IV 2312.01662
eess.IV 2312.01904
eess.IV 2312.01994
eess.IV 2312.00836
eess.IV 2312.00837
eess.IV 2312.00921
eess.IV 2312.00926
eess.IV 2312.00936
eess.IV 2312.00953
eess.IV 2312.01043
eess.IV 2312.01061
eess.IV 2312.01077
eess.IV 2312.01128
eess.IV 2312.01152
eess.IV 2312.01212
eess.IV 2312.01239
eess.IV 2312.01338
eess.IV 2312.01351
eess.IV 2312.01460
eess.IV 2312.01573
eess.IV 2312.01610
eess.IV 2312.01638
eess.IV 2312.01644
eess.IV 2312.01679
eess.IV 2312.01689
eess.IV 2312.01726
eess.IV 2312.01727
eess.IV 2312.01740
eess.IV 2312.01831
eess.IV 2312.01999
eess.IV 2312.02017
eess.IV 2312.02199
eess.IV 2312.02211
eess.IV 2312.02225
eess.IV 2312.02608
eess.IV 2312.02669
eess.IV 2312.02319
eess.IV 2312.02365
eess.IV 2312.02541
eess.IV 2312.02605
eess.IV 2312.02753
eess.IV 2312.02762
eess.IV 2312.02941
eess.IV 2312.02956
eess.IV 2312.02999
eess.IV 2312.03227
eess.IV 2312.03455
eess.IV 2312.03671
eess.IV 2312.03001
eess.IV 2312.03013
eess.IV 2312.03020
eess.IV 2312.03028
eess.IV 2312.03043
eess.IV 2312.03102
eess.IV 2312.03133
eess.IV 2312.03185
eess.IV 2312.03356
eess.IV 2312.03368
eess.IV 2312.03401
eess.IV 2312.03490
eess.IV 2312.03640
eess.IV 2312.03647
eess.IV 2312.03989
eess.IV 2312.04018
eess.IV 2312.04140
eess.IV 2312.04210
eess.IV 2312.04327
eess.IV 2312.04398
eess.IV 2312.04553
eess.IV 2312.04022
eess.IV 2312.04215
eess.IV 2312.04382
eess.IV 2312.04385
eess.IV 2312.04460
math.DS 2312.00017
math.DS 2312.00758
math.DS 2312.00137
math.DS 2312.00217
math.DS 2312.00395
math.DS 2312.00729
math.DS 2312.00790
math.DS 2312.00813
math.DS 2312.00954
math.DS 2312.01012
math.DS 2312.01471
math.DS 2312.01486
math.DS 2312.01690
math.DS 2312.02043
math.DS 2312.02098
math.DS 2312.00906
math.DS 2312.00967
math.DS 2312.01165
math.DS 2312.01222
math.DS 2312.01312
math.DS 2312.01322
math.DS 2312.01390
math.DS 2312.01452
math.DS 2312.01505
math.DS 2312.01517
math.DS 2312.01676
math.DS 2312.01695
math.DS 2312.02414
math.DS 2312.02668
math.DS 2312.02825
math.DS 2312.02306
math.DS 2312.02533
math.DS 2312.02689
math.DS 2312.02738
math.DS 2312.03344
math.DS 2312.03081
math.DS 2312.03181
math.DS 2312.03200
math.DS 2312.03329
math.DS 2312.03412
math.DS 2312.03514
math.DS 2312.03652
math.DS 2312.04038
math.DS 2312.04407
math.DS 2312.04508
math.DS 2312.03887
math.DS 2312.03907
math.DS 2312.03947
math.DS 2312.03962
math.DS 2312.03976
math.DS 2312.04112
math.DS 2312.04133
math.DS 2312.04244
math.DS 2312.04544
math.DS 2312.04550
eess.AS 2312.00039
eess.AS 2312.00091
eess.AS 2312.00476
eess.AS 2312.00174
eess.AS 2312.00231
eess.AS 2312.00249
eess.AS 2312.00698
eess.AS 2312.00795
eess.AS 2312.01053
eess.AS 2312.01092
eess.AS 2312.01479
eess.AS 2312.01515
eess.AS 2312.01554
eess.AS 2312.01568
eess.AS 2312.01645
eess.AS 2312.01842
eess.AS 2312.01744
eess.AS 2312.01808
eess.AS 2312.02229
eess.AS 2312.02512
eess.AS 2312.02773
eess.AS 2312.02581
eess.AS 2312.02683
eess.AS 2312.03231
eess.AS 2312.03312
eess.AS 2312.03410
eess.AS 2312.03455
eess.AS 2312.03464
eess.AS 2312.03479
eess.AS 2312.03491
eess.AS 2312.03632
eess.AS 2312.03666
eess.AS 2312.03034
eess.AS 2312.03129
eess.AS 2312.03324
eess.AS 2312.03620
eess.AS 2312.03668
eess.AS 2312.03694
eess.AS 2312.04131
eess.AS 2312.04324
eess.AS 2312.04370
eess.SP 2312.00088
eess.SP 2312.00199
eess.SP 2312.00218
eess.SP 2312.00334
eess.SP 2312.00484
eess.SP 2312.00553
eess.SP 2312.00437
eess.SP 2312.00479
eess.SP 2312.00482
eess.SP 2312.00535
eess.SP 2312.00550
eess.SP 2312.00568
eess.SP 2312.00797
eess.SP 2312.00857
eess.SP 2312.00926
eess.SP 2312.00977
eess.SP 2312.01042
eess.SP 2312.01071
eess.SP 2312.01100
eess.SP 2312.01125
eess.SP 2312.01126
eess.SP 2312.01137
eess.SP 2312.01227
eess.SP 2312.01288
eess.SP 2312.01292
eess.SP 2312.01499
eess.SP 2312.01546
eess.SP 2312.01795
eess.SP 2312.01887
eess.SP 2312.01928
eess.SP 2312.01968
eess.SP 2312.02042
eess.SP 2312.02080
eess.SP 2312.02082
eess.SP 2312.02102
eess.SP 2312.02112
eess.SP 2312.00799
eess.SP 2312.00802
eess.SP 2312.00919
eess.SP 2312.00981
eess.SP 2312.01009
eess.SP 2312.01123
eess.SP 2312.01251
eess.SP 2312.01336
eess.SP 2312.01423
eess.SP 2312.01427
eess.SP 2312.01777
eess.SP 2312.01888
eess.SP 2312.01940
eess.SP 2312.02050
eess.SP 2312.02159
eess.SP 2312.02163
eess.SP 2312.02170
eess.SP 2312.02176
eess.SP 2312.02239
eess.SP 2312.02300
eess.SP 2312.02380
eess.SP 2312.02471
eess.SP 2312.02599
eess.SP 2312.02661
eess.SP 2312.02746
eess.SP 2312.02776
eess.SP 2312.02826
eess.SP 2312.02832
eess.SP 2312.02839
eess.SP 2312.02178
eess.SP 2312.02241
eess.SP 2312.02298
eess.SP 2312.02343
eess.SP 2312.02372
eess.SP 2312.02487
eess.SP 2312.02834
eess.SP 2312.02844
eess.SP 2312.02984
eess.SP 2312.03196
eess.SP 2312.03255
eess.SP 2312.03299
eess.SP 2312.03374
eess.SP 2312.03438
eess.SP 2312.03284
eess.SP 2312.03371
eess.SP 2312.03423
eess.SP 2312.03436
eess.SP 2312.03450
eess.SP 2312.03555
eess.SP 2312.03761
eess.SP 2312.03882
eess.SP 2312.03950
eess.SP 2312.04062
eess.SP 2312.04183
eess.SP 2312.04355
eess.SP 2312.04377
eess.SP 2312.04514
eess.SP 2312.03900
eess.SP 2312.03922
eess.SP 2312.03977
eess.SP 2312.03978
eess.SP 2312.03986
eess.SP 2312.04155
eess.SP 2312.04229
cs.SY 2312.00088
cs.SY 2312.00134
cs.SY 2312.00175
cs.SY 2312.00289
cs.SY 2312.00727
cs.SY 2312.00315
cs.SY 2312.00526
cs.SY 2312.00658
cs.SY 2312.00781
cs.SY 2312.00790
cs.SY 2312.00812
cs.SY 2312.00942
cs.SY 2312.00951
cs.SY 2312.01214
cs.SY 2312.01249
cs.SY 2312.01313
cs.SY 2312.01456
cs.SY 2312.01544
cs.SY 2312.01586
cs.SY 2312.01662
cs.SY 2312.01869
cs.SY 2312.01907
cs.SY 2312.01970
cs.SY 2312.02025
cs.SY 2312.00890
cs.SY 2312.00956
cs.SY 2312.01004
cs.SY 2312.01193
cs.SY 2312.01285
cs.SY 2312.01345
cs.SY 2312.01403
cs.SY 2312.01441
cs.SY 2312.01499
cs.SY 2312.01625
cs.SY 2312.01785
cs.SY 2312.01920
cs.SY 2312.01928
cs.SY 2312.01996
cs.SY 2312.02082
cs.SY 2312.02178
cs.SY 2312.02505
cs.SY 2312.02641
cs.SY 2312.02770
cs.SY 2312.02872
cs.SY 2312.02937
cs.SY 2312.02944
cs.SY 2312.02975
cs.SY 2312.02313
cs.SY 2312.02415
cs.SY 2312.02478
cs.SY 2312.02498
cs.SY 2312.02556
cs.SY 2312.02650
cs.SY 2312.02690
cs.SY 2312.02734
cs.SY 2312.02758
cs.SY 2312.02809
cs.SY 2312.02892
cs.SY 2312.02915
cs.SY 2312.02939
cs.SY 2312.03124
cs.SY 2312.03223
cs.SY 2312.03225
cs.SY 2312.03263
cs.SY 2312.03573
cs.SY 2312.03084
cs.SY 2312.03089
cs.SY 2312.03097
cs.SY 2312.03137
cs.SY 2312.03246
cs.SY 2312.03348
cs.SY 2312.03365
cs.SY 2312.03376
cs.SY 2312.03422
cs.SY 2312.03451
cs.SY 2312.03532
cs.SY 2312.03576
cs.SY 2312.03588
cs.SY 2312.03600
cs.SY 2312.03603
cs.SY 2312.03604
cs.SY 2312.03609
cs.SY 2312.04056
cs.SY 2312.04083
cs.SY 2312.04190
cs.SY 2312.04229
cs.SY 2312.04371
cs.SY 2312.04418
cs.SY 2312.04549
cs.SY 2312.03776
cs.SY 2312.03787
cs.SY 2312.03850
cs.SY 2312.03868
cs.SY 2312.03927
cs.SY 2312.04009
cs.SY 2312.04014
cs.SY 2312.04046
cs.SY 2312.04049
cs.SY 2312.04053
cs.SY 2312.04081
cs.SY 2312.04102
cs.SY 2312.04148
cs.SY 2312.04158
cs.SY 2312.04182
cs.SY 2312.04198
cs.SY 2312.04224
cs.SY 2312.04242
cs.SY 2312.04503
cs.SY 2312.04509
math.OC 2312.00003
math.OC 2312.00070
math.OC 2312.00209
math.OC 2312.00315
math.OC 2312.00328
math.OC 2312.00436
math.OC 2312.00538
math.OC 2312.00561
math.OC 2312.00622
math.OC 2312.00140
math.OC 2312.00272
math.OC 2312.00391
math.OC 2312.00521
math.OC 2312.00613
math.OC 2312.00640
math.OC 2312.00646
math.OC 2312.00890
math.OC 2312.00949
math.OC 2312.00956
math.OC 2312.00991
math.OC 2312.01110
math.OC 2312.01165
math.OC 2312.01193
math.OC 2312.01251
math.OC 2312.01311
math.OC 2312.01385
math.OC 2312.01432
math.OC 2312.01441
math.OC 2312.01658
math.OC 2312.01668
math.OC 2312.01705
math.OC 2312.01857
math.OC 2312.01900
math.OC 2312.02074
math.OC 2312.02101
math.OC 2312.00848
math.OC 2312.00896
math.OC 2312.00905
math.OC 2312.00908
math.OC 2312.00946
math.OC 2312.01014
math.OC 2312.01035
math.OC 2312.01047
math.OC 2312.01127
math.OC 2312.01228
math.OC 2312.01273
math.OC 2312.01296
math.OC 2312.01313
math.OC 2312.01334
math.OC 2312.01341
math.OC 2312.01400
math.OC 2312.01404
math.OC 2312.01428
math.OC 2312.01489
math.OC 2312.01548
math.OC 2312.01574
math.OC 2312.01586
math.OC 2312.01603
math.OC 2312.01609
math.OC 2312.01641
math.OC 2312.01683
math.OC 2312.01709
math.OC 2312.01775
math.OC 2312.01780
math.OC 2312.01898
math.OC 2312.01929
math.OC 2312.01995
math.OC 2312.02016
math.OC 2312.02027
math.OC 2312.02094
math.OC 2312.02182
math.OC 2312.02279
math.OC 2312.02291
math.OC 2312.02324
math.OC 2312.02650
math.OC 2312.02723
math.OC 2312.02734
math.OC 2312.02804
math.OC 2312.02828
math.OC 2312.02849
math.OC 2312.02852
math.OC 2312.02277
math.OC 2312.02341
math.OC 2312.02430
math.OC 2312.02461
math.OC 2312.02612
math.OC 2312.02715
math.OC 2312.02736
math.OC 2312.02818
math.OC 2312.02846
math.OC 2312.03008
math.OC 2312.03147
math.OC 2312.03253
math.OC 2312.03413
math.OC 2312.03696
math.OC 2312.03169
math.OC 2312.03201
math.OC 2312.03304
math.OC 2312.03389
math.OC 2312.03438
math.OC 2312.03573
math.OC 2312.03583
math.OC 2312.03607
math.OC 2312.03618
math.OC 2312.03665
math.OC 2312.03868
math.OC 2312.03885
math.OC 2312.04045
math.OC 2312.04209
math.OC 2312.04290
math.OC 2312.03807
math.OC 2312.03899
math.OC 2312.03958
math.OC 2312.04075
math.OC 2312.04090
math.OC 2312.04094
math.OC 2312.04192
math.OC 2312.04251
math.OC 2312.04272
math.OC 2312.04300
math.OC 2312.04312
math.OC 2312.04368
math.OC 2312.04371
math.OC 2312.04380
math.OC 2312.04419
math.PR 2312.00001
math.PR 2312.00402
math.PR 2312.00417
math.PR 2312.00541
math.PR 2312.00613
math.PR 2312.00070
math.PR 2312.00071
math.PR 2312.00073
math.PR 2312.00287
math.PR 2312.00339
math.PR 2312.00389
math.PR 2312.00595
math.PR 2312.00704
math.PR 2312.00711
math.PR 2312.00904
math.PR 2312.00908
math.PR 2312.01390
math.PR 2312.01986
math.PR 2312.02027
math.PR 2312.00927
math.PR 2312.01171
math.PR 2312.01207
math.PR 2312.01248
math.PR 2312.01265
math.PR 2312.01368
math.PR 2312.01418
math.PR 2312.01618
math.PR 2312.01730
math.PR 2312.01749
math.PR 2312.01803
math.PR 2312.01866
math.PR 2312.01894
math.PR 2312.01950
math.PR 2312.01952
math.PR 2312.02059
math.PR 2312.02096
math.PR 2312.02098
math.PR 2312.02101
math.PR 2312.02176
math.PR 2312.02182
math.PR 2312.02324
math.PR 2312.02685
math.PR 2312.02715
math.PR 2312.02804
math.PR 2312.02828
math.PR 2312.02960
math.PR 2312.02455
math.PR 2312.02643
math.PR 2312.02698
math.PR 2312.02709
math.PR 2312.02723
math.PR 2312.02727
math.PR 2312.02745
math.PR 2312.02766
math.PR 2312.02805
math.PR 2312.02884
math.PR 2312.02904
math.PR 2312.02952
math.PR 2312.02965
math.PR 2312.03444
math.PR 2312.03663
math.PR 2312.03269
math.PR 2312.03300
math.PR 2312.03472
math.PR 2312.03550
math.PR 2312.03669
math.PR 2312.03680
math.PR 2312.03906
math.PR 2312.03929
math.PR 2312.03962
math.PR 2312.04094
math.PR 2312.04297
math.PR 2312.04550
math.PR 2312.03870
math.PR 2312.03941
math.PR 2312.03944
math.PR 2312.03945
math.PR 2312.03992
math.PR 2312.04001
math.PR 2312.04006
math.PR 2312.04099
math.PR 2312.04172
math.PR 2312.04218
math.PR 2312.04243
math.PR 2312.04246
math.PR 2312.04438
math.PR 2312.04457
math.PR 2312.04472
math.PR 2312.04523
math.PR 2312.04536
