cs.CE 2404.16980
cs.CE 2404.17227
cs.CE 2404.17627
cs.CE 2404.18543
cs.CE 2404.18654
cs.CE 2404.18763
cs.CE 2404.17645
cs.CE 2404.17754
cs.CE 2404.17859
cs.CE 2404.18223
cs.CE 2404.18300
cs.CE 2404.18470
cs.CE 2404.18767
cs.CE 2404.19349
cs.CE 2404.19391
cs.CE 2404.19555
cs.CE 2405.00518
cs.CE 2405.00007
cs.CE 2405.00011
cs.CE 2405.00026
cs.CE 2405.00437
cs.CE 2405.00566
cs.CE 2405.00522
cs.CE 2405.00808
cs.CE 2405.01319
cs.CE 2405.01420
cs.CE 2405.00814
cs.CE 2405.01076
cs.CE 2405.01185
cs.DB 2404.17136
cs.DB 2404.17757
cs.DB 2404.17758
cs.DB 2404.18209
cs.DB 2404.18388
cs.DB 2404.17679
cs.DB 2404.18428
cs.DB 2404.18673
cs.DB 2404.18681
cs.DB 2404.19234
cs.DB 2404.19519
cs.DB 2404.19052
cs.DB 2404.19243
cs.DB 2404.19591
cs.DB 2405.00186
cs.DB 2405.00197
cs.DB 2405.00154
cs.DB 2405.00527
cs.DB 2405.00568
cs.DB 2405.00960
cs.DB 2405.01510
cs.DB 2405.00764
cs.DB 2405.01312
cs.DB 2405.01418
cs.DB 2405.01448
cs.AI 2404.16833
cs.AI 2404.16840
cs.AI 2404.16847
cs.AI 2404.16852
cs.AI 2404.16866
cs.AI 2404.16870
cs.AI 2404.16873
cs.AI 2404.16876
cs.AI 2404.16877
cs.AI 2404.16879
cs.AI 2404.16880
cs.AI 2404.16884
cs.AI 2404.16885
cs.AI 2404.16886
cs.AI 2404.16887
cs.AI 2404.16890
cs.AI 2404.16891
cs.AI 2404.16893
cs.AI 2404.16894
cs.AI 2404.16897
cs.AI 2404.16898
cs.AI 2404.16903
cs.AI 2404.16906
cs.AI 2404.16908
cs.AI 2404.16913
cs.AI 2404.16914
cs.AI 2404.16917
cs.AI 2404.16954
cs.AI 2404.16989
cs.AI 2404.17000
cs.AI 2404.17010
cs.AI 2404.17018
cs.AI 2404.17020
cs.AI 2404.17027
cs.AI 2404.17028
cs.AI 2404.17046
cs.AI 2404.17059
cs.AI 2404.17098
cs.AI 2404.17120
cs.AI 2404.17122
cs.CV 2404.16897
cs.AI 2404.17126
cs.AI 2404.17136
cs.CV 2404.16917
cs.AI 2404.17173
cs.CV 2404.17063
cs.AI 2404.17183
cs.CV 2404.17064
cs.AI 2404.17186
cs.CV 2404.17083
cs.AI 2404.17196
cs.CV 2404.17104
cs.AI 2404.17225
cs.CV 2404.17151
cs.AI 2404.17276
cs.CV 2404.17212
cs.AI 2404.17302
cs.CV 2404.17215
cs.AI 2404.17323
cs.CV 2404.17235
cs.AI 2404.17335
cs.CV 2404.17252
cs.AI 2404.17336
cs.CV 2404.17302
cs.AI 2404.17342
cs.CV 2404.17350
cs.AI 2404.17365
cs.CV 2404.17357
cs.AI 2404.17369
cs.CV 2404.17371
cs.AI 2404.17378
cs.CV 2404.17426
cs.AI 2404.17390
cs.CV 2404.17521
cs.AI 2404.17391
cs.CV 2404.16833
cs.AI 2404.17400
cs.CV 2404.16844
cs.AI 2404.17438
cs.CV 2404.16845
cs.AI 2404.17443
cs.CV 2404.16882
cs.AI 2404.17454
cs.CV 2404.16885
cs.AI 2404.17461
cs.CV 2404.16944
cs.AI 2404.17475
cs.CV 2404.16972
cs.AI 2404.17487
cs.CV 2404.16994
cs.CV 2404.17029
cs.AI 2404.17489
cs.CV 2404.17031
cs.AI 2404.17493
cs.CV 2404.17033
cs.AI 2404.17513
cs.CV 2404.17041
cs.AI 2404.17522
cs.CV 2404.17092
cs.AI 2404.17525
cs.CV 2404.17100
cs.AI 2404.17535
cs.CV 2404.17105
cs.AI 2404.17546
cs.CV 2404.17118
cs.AI 2404.16957
cs.CV 2404.17147
cs.AI 2404.17053
cs.CV 2404.17148
cs.AI 2404.17129
cs.CV 2404.17149
cs.AI 2404.17316
cs.CV 2404.17152
cs.AI 2404.17524
cs.CV 2404.17159
cs.AI 2305.04673
cs.CV 2404.17170
cs.AI 2308.07977
cs.CV 2404.17173
cs.AI 2402.07415
cs.AI 2404.17585
cs.CV 2404.17176
cs.AI 2404.17586
cs.CV 2404.17184
cs.AI 2404.17590
cs.CV 2404.17186
cs.AI 2404.17591
cs.CV 2404.17199
cs.AI 2404.17593
cs.CV 2404.17202
cs.AI 2404.17598
cs.CV 2404.17205
cs.AI 2404.17605
cs.CV 2404.17221
cs.AI 2404.17607
cs.CV 2404.17230
cs.AI 2404.17608
cs.CV 2404.17243
cs.CV 2404.17245
cs.AI 2404.17609
cs.CV 2404.17251
cs.AI 2404.17611
cs.CV 2404.17253
cs.AI 2404.17617
cs.CV 2404.17254
cs.AI 2404.17625
cs.CV 2404.17255
cs.AI 2404.17642
cs.CV 2404.17273
cs.CV 2404.17275
cs.AI 2404.17644
cs.CV 2404.17310
cs.AI 2404.17670
cs.AI 2404.17674
cs.AI 2404.17687
cs.AI 2404.17688
cs.AI 2404.17718
cs.AI 2404.17723
cs.AI 2404.17732
cs.AI 2404.17733
cs.AI 2404.17735
cs.AI 2404.17753
cs.CV 2404.17324
cs.AI 2404.17760
cs.CV 2404.17335
cs.CV 2404.17340
cs.AI 2404.17766
cs.CV 2404.17360
cs.AI 2404.17768
cs.CV 2404.17364
cs.AI 2404.17778
cs.CV 2404.17381
cs.AI 2404.17780
cs.CV 2404.17400
cs.AI 2404.17790
cs.CV 2404.17419
cs.AI 2404.17794
cs.CV 2404.17427
cs.AI 2404.17799
cs.CV 2404.17433
cs.AI 2404.17802
cs.CV 2404.17484
cs.AI 2404.17807
cs.CV 2404.17486
cs.AI 2404.17809
cs.CV 2404.17488
cs.CV 2404.17498
cs.AI 2404.17820
cs.CV 2404.17503
cs.AI 2404.17842
cs.CV 2404.17507
cs.AI 2404.17854
cs.CV 2404.17528
cs.AI 2404.17865
cs.CV 2404.17534
cs.AI 2404.17871
cs.CV 2404.17565
cs.AI 2404.17886
cs.CV 2404.17569
cs.AI 2404.17890
cs.CV 2404.17571
cs.AI 2404.17892
cs.CV 2404.17587
cs.AI 2404.17912
cs.CV 2404.17617
cs.AI 2404.17916
cs.CV 2404.17620
cs.AI 2404.17926
cs.CV 2404.17621
cs.AI 2404.17929
cs.CV 2404.17651
cs.AI 2404.17930
cs.CV 2404.17670
cs.AI 2404.17937
cs.CV 2404.17697
cs.AI 2404.17943
cs.CV 2404.17699
cs.AI 2404.17947
cs.AI 2404.17962
cs.CV 2404.17704
cs.AI 2404.17970
cs.CV 2404.17718
cs.AI 2404.17975
cs.AI 2404.17984
cs.CV 2404.17736
cs.AI 2404.17985
cs.CV 2404.17742
cs.CV 2404.17745
cs.CV 2404.17768
cs.CV 2404.17773
cs.CV 2404.17805
cs.CV 2404.17830
cs.CV 2404.17878
cs.CV 2404.17890
cs.CV 2404.17926
cs.CV 2404.17931
cs.CV 2404.17974
cs.CV 2404.18006
cs.CV 2404.18058
cs.CV 2404.18066
cs.CV 2404.18083
cs.CV 2404.18096
cs.CV 2404.18161
cs.CV 2404.18178
cs.CV 2404.18198
cs.CV 2404.18246
cs.CV 2404.18343
cs.CV 2404.18381
cs.CV 2404.18411
cs.AI 2404.17999
cs.AI 2404.18001
cs.AI 2404.18065
cs.AI 2404.18066
cs.CV 2404.18416
cs.AI 2404.18081
cs.CV 2404.18458
cs.AI 2404.18083
cs.CV 2404.18504
cs.AI 2404.18094
cs.CV 2404.18532
cs.AI 2404.18134
cs.CV 2404.18599
cs.AI 2404.18144
cs.CV 2404.18624
cs.AI 2404.18149
cs.CV 2404.18669
cs.AI 2404.18161
cs.CV 2404.18699
cs.AI 2404.18174
cs.CV 2404.18746
cs.AI 2404.18178
cs.CV 2404.18820
cs.AI 2404.18183
cs.CV 2404.18825
cs.AI 2404.18185
cs.CV 2404.18926
cs.AI 2404.18191
cs.CV 2404.17610
cs.AI 2404.18197
cs.CV 2404.17672
cs.AI 2404.18198
cs.CV 2404.17732
cs.AI 2404.18203
cs.CV 2404.17747
cs.AI 2404.18212
cs.AI 2404.18213
cs.CV 2404.17753
cs.AI 2404.18214
cs.CV 2404.17760
cs.CV 2404.17762
cs.AI 2404.18231
cs.CV 2404.17765
cs.AI 2404.18255
cs.CV 2404.17771
cs.AI 2404.18264
cs.CV 2404.17774
cs.AI 2404.18276
cs.CV 2404.17793
cs.AI 2404.18291
cs.CV 2404.17825
cs.AI 2404.18304
cs.CV 2404.17837
cs.AI 2404.18311
cs.CV 2404.17845
cs.AI 2404.18326
cs.CV 2404.17854
cs.CV 2404.17861
cs.AI 2404.18328
cs.CV 2404.17865
cs.AI 2404.18352
cs.CV 2404.17867
cs.AI 2404.18353
cs.CV 2404.17876
cs.AI 2404.18359
cs.CV 2404.17883
cs.AI 2404.18385
cs.CV 2404.17888
cs.AI 2404.18400
cs.CV 2404.17894
cs.AI 2404.18413
cs.CV 2404.17900
cs.AI 2404.18419
cs.CV 2404.17910
cs.AI 2404.18423
cs.AI 2404.18443
cs.AI 2404.18444
cs.AI 2404.18445
cs.AI 2404.18460
cs.AI 2404.18465
cs.AI 2404.18470
cs.AI 2404.18508
cs.AI 2404.18518
cs.AI 2404.18519
cs.AI 2404.18527
cs.AI 2404.18531
cs.AI 2404.18532
cs.AI 2404.18534
cs.AI 2404.18539
cs.AI 2404.18541
cs.AI 2404.18552
cs.AI 2404.18553
cs.AI 2404.18555
cs.AI 2404.18558
cs.AI 2404.18564
cs.AI 2404.18591
cs.AI 2404.18604
cs.AI 2404.18624
cs.AI 2404.18649
cs.AI 2404.18655
cs.CV 2404.17917
cs.AI 2404.18669
cs.CV 2404.17922
cs.AI 2404.18713
cs.CV 2404.17929
cs.AI 2404.18730
cs.CV 2404.17930
cs.AI 2404.18731
cs.CV 2404.17936
cs.AI 2404.18736
cs.CV 2404.17961
cs.AI 2404.18747
cs.CV 2404.17967
cs.AI 2404.18772
cs.CV 2404.17978
cs.AI 2404.18774
cs.CV 2404.17993
cs.AI 2404.18784
cs.CV 2404.18020
cs.AI 2404.18791
cs.CV 2404.18025
cs.AI 2404.18796
cs.CV 2404.18033
cs.AI 2404.18821
cs.CV 2404.18060
cs.AI 2404.18824
cs.CV 2404.18062
cs.AI 2404.18825
cs.CV 2404.18065
cs.AI 2404.18831
cs.CV 2404.18106
cs.AI 2404.18848
cs.CV 2404.18109
cs.AI 2404.18864
cs.CV 2404.18112
cs.AI 2404.18870
cs.CV 2404.18114
cs.AI 2404.18873
cs.CV 2404.18136
cs.AI 2404.18886
cs.CV 2404.18143
cs.AI 2404.18891
cs.CV 2404.18149
cs.AI 2404.18922
cs.CV 2404.18150
cs.AI 2404.18928
cs.CV 2404.18152
cs.AI 2404.17648
cs.CV 2404.18155
cs.AI 2404.17716
cs.CV 2404.18156
cs.AI 2404.17725
cs.CV 2404.18174
cs.AI 2404.17749
cs.CV 2404.18199
cs.AI 2404.17757
cs.CV 2404.18203
cs.AI 2404.17758
cs.CV 2404.18206
cs.AI 2404.17833
cs.CV 2404.18212
cs.AI 2404.17924
cs.CV 2404.18213
cs.AI 2404.17977
cs.CV 2404.18235
cs.AI 2404.18021
cs.CV 2404.18245
cs.AI 2404.18074
cs.CV 2404.18252
cs.AI 2404.18130
cs.AI 2404.18202
cs.CG 2404.17349
cs.AI 2404.18262
cs.CV 2404.18253
cs.CG 2404.17422
cs.AI 2404.18270
cs.CV 2404.18260
cs.CG 2404.18610
cs.AI 2404.18296
cs.CV 2404.18279
cs.CG 2404.18629
cs.AI 2404.18416
cs.CV 2404.18284
cs.CG 2404.18030
cs.AI 2404.18533
cs.CV 2404.18291
cs.CG 2404.18738
cs.AI 2404.18638
cs.CG 2404.18906
cs.CV 2404.18316
cs.CG 2404.19257
cs.AI 2404.18672
cs.CV 2404.18327
cs.CG 2404.19164
cs.AI 2404.18766
cs.CV 2404.18352
cs.CG 2405.00362
cs.AI 2404.18940
cs.CV 2404.18394
cs.AI 2404.18942
cs.CG 2405.00246
cs.AI 2404.18943
cs.CV 2404.18397
cs.AI 2404.18947
cs.CG 2405.01160
cs.AI 2404.18952
cs.CG 2405.01214
cs.AI 2404.18955
cs.CG 2405.01180
cs.AI 2404.18961
cs.CG 2405.01290
cs.AI 2404.18975
cs.AI 2404.18976
cs.AI 2404.18978
cs.AI 2404.18981
cs.AI 2404.19007
cs.AI 2404.19031
cs.AI 2404.19038
cs.AI 2404.19048
cs.AI 2404.19075
cs.AI 2404.19076
cs.AI 2404.19087
cs.AI 2404.19093
cs.AI 2404.19100
cs.AI 2404.19130
cs.AI 2404.19171
cs.AI 2404.19192
cs.AI 2404.19204
cs.AI 2404.19205
cs.AI 2404.19230
cs.AI 2404.19232
cs.AI 2404.19244
cs.AI 2404.19245
cs.AI 2404.19253
cs.AI 2404.19254
cs.AI 2404.19288
cs.AI 2404.19306
cs.AI 2404.19330
cs.CV 2404.18399
cs.AI 2404.19341
cs.CV 2404.18401
cs.AI 2404.19346
cs.CV 2404.18409
cs.AI 2404.19349
cs.CV 2404.18413
cs.CV 2404.18419
cs.AI 2404.19359
cs.CV 2404.18423
cs.CV 2404.18426
cs.AI 2404.19361
cs.CV 2404.18433
cs.AI 2404.19384
cs.CV 2404.18439
cs.AI 2404.19403
cs.CV 2404.18448
cs.AI 2404.19432
cs.CV 2404.18454
cs.AI 2404.19456
cs.CV 2404.18459
cs.AI 2404.19484
cs.CV 2404.18461
cs.AI 2404.19500
cs.CV 2404.18539
cs.AI 2404.19518
cs.CV 2404.18552
cs.AI 2404.19541
cs.CV 2404.18583
cs.AI 2404.19543
cs.CV 2404.18591
cs.AI 2404.19573
cs.CV 2404.18598
cs.AI 2404.19640
cs.CV 2404.18604
cs.AI 2404.19651
cs.CV 2404.18617
cs.AI 2404.19652
cs.CV 2404.18620
cs.AI 2404.19665
cs.CV 2404.18628
cs.AI 2404.19675
cs.CV 2404.18630
cs.AI 2404.19696
cs.CV 2404.18648
cs.AI 2404.19708
cs.CV 2404.18649
cs.AI 2404.19725
cs.CV 2404.18663
cs.AI 2404.19729
cs.CV 2404.18664
cs.AI 2404.19733
cs.CV 2404.18665
cs.AI 2404.19744
cs.CV 2404.18695
cs.AI 2404.19748
cs.CV 2404.18706
cs.AI 2404.19753
cs.AI 2404.19756
cs.CV 2404.18722
cs.AI 2404.18982
cs.CV 2404.18731
cs.AI 2404.19065
cs.CV 2404.18747
cs.AI 2404.19146
cs.CV 2404.18750
cs.AI 2404.19234
cs.CV 2404.18758
cs.AI 2404.19256
cs.CV 2404.18760
cs.AI 2404.19303
cs.CV 2404.18763
cs.AI 2404.19336
cs.CV 2404.18772
cs.AI 2404.19370
cs.CV 2404.18801
cs.AI 2404.19454
cs.CV 2404.18831
cs.AI 2404.19485
cs.CV 2404.18842
cs.AI 2404.19721
cs.CV 2404.18849
cs.AI 2306.10216
cs.CV 2404.18861
cs.AI 2405.00021
cs.CV 2404.18873
cs.AI 2405.00026
cs.CV 2404.18876
cs.AI 2405.00031
cs.CV 2404.18890
cs.AI 2405.00055
cs.CV 2404.18891
cs.AI 2405.00066
cs.CV 2404.18895
cs.AI 2405.00070
cs.CV 2404.18919
cs.AI 2405.00076
cs.CV 2404.18924
cs.AI 2405.00117
cs.CV 2404.18928
cs.AI 2405.00134
cs.CV 2404.18929
cs.AI 2405.00156
cs.CV 2404.18930
cs.AI 2405.00166
cs.CV 2404.18961
cs.AI 2405.00181
cs.CV 2404.18976
cs.AI 2405.00182
cs.CV 2404.19065
cs.AI 2405.00201
cs.CV 2404.19075
cs.AI 2405.00204
cs.CV 2404.19083
cs.AI 2405.00216
cs.AI 2405.00218
cs.CV 2404.19132
cs.AI 2405.00229
cs.CV 2404.19201
cs.AI 2405.00233
cs.CV 2404.19247
cs.AI 2405.00236
cs.CV 2404.19303
cs.AI 2405.00242
cs.CV 2404.19398
cs.AI 2405.00248
cs.CV 2404.19460
cs.AI 2405.00252
cs.CV 2404.19481
cs.AI 2405.00263
cs.CV 2404.19568
cs.AI 2405.00282
cs.CV 2404.19579
cs.AI 2405.00287
cs.CV 2404.19598
cs.AI 2405.00289
cs.AI 2405.00291
cs.CV 2404.19604
cs.AI 2405.00307
cs.CV 2404.19605
cs.AI 2405.00314
cs.CV 2404.19622
cs.AI 2405.00319
cs.CV 2404.19640
cs.AI 2405.00330
cs.CV 2404.19651
cs.AI 2405.00332
cs.CV 2404.19693
cs.AI 2405.00351
cs.CV 2404.18933
cs.AI 2405.00367
cs.CV 2404.18934
cs.AI 2405.00392
cs.AI 2405.00395
cs.CV 2404.18935
cs.AI 2405.00418
cs.CV 2404.18952
cs.AI 2405.00420
cs.CV 2404.18962
cs.AI 2405.00433
cs.CV 2404.19015
cs.AI 2405.00442
cs.CV 2404.19024
cs.AI 2405.00449
cs.CV 2404.19026
cs.AI 2405.00453
cs.CV 2404.19031
cs.AI 2405.00456
cs.CV 2404.19038
cs.AI 2405.00461
cs.CV 2404.19040
cs.AI 2405.00468
cs.CV 2404.19043
cs.AI 2405.00492
cs.CV 2404.19066
cs.AI 2405.00516
cs.CV 2404.19108
cs.AI 2405.00543
cs.CV 2404.19110
cs.AI 2405.00557
cs.CV 2404.19113
cs.AI 2405.00568
cs.CV 2404.19126
cs.AI 2405.00570
cs.CV 2404.19128
cs.AI 2405.00571
cs.CV 2404.19134
cs.AI 2405.00578
cs.CV 2404.19148
cs.AI 2405.00588
cs.CV 2404.19149
cs.AI 2405.00622
cs.CV 2404.19168
cs.AI 2405.00623
cs.DM 2404.16997
cs.CV 2404.19171
cs.AI 2405.00629
cs.DM 2404.17150
cs.CV 2404.19174
cs.AI 2405.00632
cs.CV 2404.19204
cs.DM 2404.17279
cs.CV 2404.19205
cs.AI 2405.00657
cs.CV 2404.19221
cs.DM 2404.17306
cs.AI 2405.00664
cs.CV 2404.19227
cs.AI 2405.00675
cs.DM 2404.17349
cs.CV 2404.19242
cs.AI 2405.00099
cs.DM 2404.17564
cs.AI 2405.00183
cs.CV 2404.19248
cs.AI 2405.00186
cs.DM 2404.16878
cs.AI 2405.00197
cs.CV 2404.19250
cs.DM 2404.17011
cs.AI 2405.00205
cs.CV 2404.19259
cs.AI 2405.00254
cs.DM 2404.17080
cs.CV 2404.19265
cs.AI 2405.00285
cs.DM 2404.17428
cs.CV 2404.19276
cs.AI 2405.00352
cs.DM 2404.17933
cs.CV 2404.19277
cs.AI 2405.00358
cs.DM 2404.18027
cs.CV 2404.19279
cs.AI 2405.00451
cs.DM 2404.18802
cs.AI 2405.00494
cs.CV 2404.19286
cs.DM 2404.17711
cs.AI 2405.00523
cs.CV 2404.19287
cs.AI 2405.00532
cs.CV 2404.19289
cs.DM 2404.17872
cs.AI 2405.00644
cs.CV 2404.19294
cs.DM 2404.18028
cs.AI 2404.14441
cs.CV 2404.19299
cs.AI 2405.00679
cs.DM 2404.18645
cs.AI 2405.00682
cs.CV 2404.19311
cs.AI 2405.00686
cs.DM 2404.18904
cs.CV 2404.19317
cs.AI 2405.00688
cs.DM 2404.19556
cs.CV 2404.19326
cs.AI 2405.00689
cs.CV 2404.19329
cs.AI 2405.00690
cs.DM 2404.19564
cs.CV 2404.19330
cs.DM 2404.19621
cs.AI 2405.00699
cs.CV 2404.19334
cs.AI 2405.00704
cs.DM 2404.19222
cs.CV 2404.19341
cs.AI 2405.00706
cs.DM 2404.19314
cs.AI 2405.00708
cs.CV 2404.19360
cs.DM 2404.19453
cs.AI 2405.00709
cs.CV 2404.19379
cs.AI 2405.00711
cs.DM 2404.19479
cs.CV 2404.19382
cs.AI 2405.00715
cs.DM 2405.00429
cs.CV 2404.19383
cs.AI 2405.00716
cs.DM 2405.00764
cs.CV 2404.19384
cs.AI 2405.00717
cs.CV 2404.19394
cs.DM 2405.00778
cs.AI 2405.00718
cs.DM 2405.01344
cs.CV 2404.19401
cs.DM 2405.01039
cs.AI 2405.00722
cs.CV 2404.19417
cs.AI 2405.00723
cs.CV 2404.19427
cs.AI 2405.00726
cs.CV 2404.19444
cs.AI 2405.00728
cs.CV 2404.19475
cs.AI 2405.00732
cs.CV 2404.19489
cs.AI 2405.00734
cs.CV 2404.19500
cs.AI 2405.00738
cs.CV 2404.19513
cs.AI 2405.00740
cs.CV 2404.19525
cs.AI 2405.00741
cs.CV 2404.19527
cs.AI 2405.00746
cs.CV 2404.19531
cs.AI 2405.00747
cs.CV 2404.19534
cs.AI 2405.00748
cs.CV 2404.19541
cs.AI 2405.00750
cs.CV 2404.19542
cs.AI 2405.00751
cs.CV 2404.19567
cs.AI 2405.00753
cs.CV 2404.19574
cs.AI 2405.00760
cs.CV 2404.19586
cs.AI 2405.00790
cs.CV 2404.19595
cs.AI 2405.00791
cs.CV 2404.19609
cs.AI 2405.00823
cs.AI 2405.00839
cs.CV 2404.19615
cs.AI 2405.00841
cs.CV 2404.19639
cs.AI 2405.00874
cs.CV 2404.19644
cs.AI 2405.00876
cs.CV 2404.19652
cs.AI 2405.00877
cs.CV 2404.19654
cs.AI 2405.00892
cs.AI 2405.00899
cs.CV 2404.19656
cs.AI 2405.00902
cs.CV 2404.19666
cs.AI 2405.00906
cs.CV 2404.19696
cs.AI 2405.00908
cs.CV 2404.19702
cs.AI 2405.00915
cs.CV 2404.19706
cs.CV 2404.19722
cs.AI 2405.00950
cs.CV 2404.19748
cs.AI 2405.00957
cs.CV 2404.19752
cs.AI 2405.00958
cs.CV 2404.19753
cs.AI 2405.00966
cs.CV 2404.19758
cs.AI 2405.00970
cs.CV 2404.19759
cs.AI 2405.00972
cs.CV 2404.19760
cs.AI 2405.00985
cs.CV 2405.00130
cs.AI 2405.01004
cs.CV 2405.00142
cs.AI 2405.01013
cs.CV 2405.00145
cs.AI 2405.01016
cs.CV 2405.00236
cs.AI 2405.01022
cs.CV 2405.00239
cs.AI 2405.01035
cs.CV 2405.00314
cs.AI 2405.01053
cs.CV 2405.00318
cs.AI 2405.01055
cs.CV 2405.00351
cs.AI 2405.01060
cs.CV 2405.00430
cs.AI 2405.01066
cs.CV 2405.00472
cs.AI 2405.01067
cs.CV 2405.00515
cs.AI 2405.01073
cs.CV 2405.00542
cs.AI 2405.01102
cs.CV 2405.00588
cs.AI 2405.01108
cs.AI 2405.01113
cs.CV 2405.00604
cs.AI 2405.01121
cs.CV 2405.00672
cs.AI 2405.01134
cs.CV 2405.00021
cs.AI 2405.01148
cs.CV 2405.00023
cs.AI 2405.01156
cs.CV 2405.00025
cs.AI 2405.01158
cs.CV 2405.00027
cs.AI 2405.01175
cs.CV 2405.00029
cs.AI 2405.01186
cs.CV 2405.00031
cs.AI 2405.01189
cs.CV 2405.00117
cs.AI 2405.01198
cs.CV 2405.00156
cs.AI 2405.01204
cs.CV 2405.00168
cs.AI 2405.01216
cs.CV 2405.00181
cs.AI 2405.01229
cs.CV 2405.00187
cs.AI 2405.01242
cs.CV 2405.00196
cs.AI 2405.01266
cs.CV 2405.00228
cs.AI 2405.01273
cs.CV 2405.00242
cs.AI 2405.01286
cs.CV 2405.00244
cs.AI 2405.01293
cs.CV 2405.00250
cs.AI 2405.01299
cs.CV 2405.00251
cs.AI 2405.01305
cs.CV 2405.00256
cs.AI 2405.01392
cs.CV 2405.00260
cs.AI 2405.01402
cs.CV 2405.00264
cs.AI 2405.01403
cs.CV 2405.00293
cs.AI 2405.01409
cs.CV 2405.00313
cs.AI 2405.01413
cs.CV 2405.00340
cs.AI 2405.01419
cs.CV 2405.00354
cs.AI 2405.01440
cs.CV 2405.00355
cs.AI 2405.01458
cs.CV 2405.00378
cs.AI 2405.01460
cs.CV 2405.00384
cs.AI 2405.01468
cs.CV 2405.00420
cs.AI 2405.01469
cs.CV 2405.00431
cs.AI 2405.01472
cs.CV 2405.00448
cs.AI 2405.01474
cs.CV 2405.00452
cs.AI 2405.01481
cs.CV 2405.00466
cs.AI 2405.01483
cs.CV 2405.00468
cs.AI 2405.01490
cs.CV 2405.00479
cs.AI 2405.01502
cs.CV 2405.00483
cs.AI 2405.01509
cs.CV 2405.00485
cs.AI 2405.01524
cs.CV 2405.00507
cs.AI 2405.01525
cs.CV 2405.00514
cs.AI 2405.01531
cs.CV 2405.00571
cs.AI 2405.01534
cs.CV 2405.00574
cs.AI 2405.00843
cs.CV 2405.00587
cs.AI 2405.00960
cs.CV 2405.00620
cs.AI 2405.00981
cs.AI 2405.01029
cs.CV 2405.00630
cs.AI 2405.01259
cs.CV 2405.00631
cs.AI 2405.01394
cs.CV 2405.00646
cs.AI 2405.01398
cs.CV 2405.00650
cs.AI 2405.01453
cs.CV 2405.00666
cs.CV 2405.00670
cs.CV 2405.00676
cs.CV 2405.00682
cs.CV 2405.00685
cs.CV 2405.00686
cs.CV 2405.00739
cs.CV 2405.00797
cs.CV 2405.00956
cs.CV 2405.00980
cs.CV 2405.00984
cs.CV 2405.01004
cs.CV 2405.01012
cs.CV 2405.01054
cs.CV 2405.01060
cs.CV 2405.01073
cs.CV 2405.01124
cs.CV 2405.01192
cs.CV 2405.01205
cs.CV 2405.01333
cs.CV 2405.01460
cs.CV 2405.01468
cs.CV 2405.01474
cs.CV 2405.01503
cs.CV 2405.01524
cs.CV 2405.01527
cs.CV 2405.01531
cs.CV 2405.01534
cs.CV 2405.00740
cs.CV 2405.00749
cs.CV 2405.00754
cs.CV 2405.00760
cs.CV 2405.00791
cs.CV 2405.00794
cs.CV 2405.00857
cs.CV 2405.00858
cs.CV 2405.00876
cs.CV 2405.00878
cs.CV 2405.00892
cs.CV 2405.00900
cs.CV 2405.00906
cs.CV 2405.00908
cs.CV 2405.00915
cs.CV 2405.00942
cs.CV 2405.00951
cs.CV 2405.00954
cs.CV 2405.00962
cs.CV 2405.00983
cs.CV 2405.00989
cs.CV 2405.00998
cs.CV 2405.01002
cs.CV 2405.01008
cs.CV 2405.01016
cs.CV 2405.01028
cs.CV 2405.01040
cs.CV 2405.01065
cs.CV 2405.01066
cs.CV 2405.01071
cs.CV 2405.01083
cs.CV 2405.01085
cs.CV 2405.01088
cs.CV 2405.01090
cs.CV 2405.01095
cs.CV 2405.01101
cs.CV 2405.01105
cs.CV 2405.01108
cs.CV 2405.01112
cs.CV 2405.01113
cs.CV 2405.01126
cs.CV 2405.01130
cs.CV 2405.01156
cs.CV 2405.01170
cs.CV 2405.01175
cs.CV 2405.01199
cs.CV 2405.01204
cs.CV 2405.01217
cs.CV 2405.01228
cs.CV 2405.01230
cs.CV 2405.01258
cs.CV 2405.01273
cs.CV 2405.01311
cs.CV 2405.01326
cs.CV 2405.01337
cs.CV 2405.01353
cs.CV 2405.01356
cs.CV 2405.01373
cs.CV 2405.01409
cs.CV 2405.01413
cs.CV 2405.01434
cs.CV 2405.01439
cs.CV 2405.01461
cs.CV 2405.01469
cs.CV 2405.01483
cs.CV 2405.01494
cs.CV 2405.01496
cs.CV 2405.01521
cs.CV 2405.01533
cs.CV 2405.01536
cs.CV 2405.01538
cs.GT 2404.17497
cs.GT 2404.16836
cs.GT 2404.17413
cs.GT 2404.17683
cs.GT 2404.18154
cs.GT 2404.17671
cs.GT 2404.18132
cs.GT 2404.18133
cs.GT 2404.18148
cs.GT 2404.18584
cs.GT 2404.18755
cs.GT 2310.03278
cs.GT 2404.10188
cs.GT 2404.19116
cs.GT 2404.19256
cs.GT 2404.19236
cs.GT 2404.19361
cs.GT 2404.19402
cs.GT 2404.19683
cs.GT 2404.19740
cs.GT 2405.00056
cs.GT 2405.00243
cs.GT 2405.00282
cs.GT 2405.00295
cs.GT 2405.00342
cs.GT 2405.00353
cs.GT 2405.00377
cs.GT 2405.00394
cs.GT 2405.00579
cs.GT 2404.19238
cs.GT 2405.01047
cs.GT 2405.01035
cs.GT 2405.01437
cs.DC 2404.17057
cs.DC 2404.17465
cs.DC 2404.17101
cs.DC 2404.17553
cs.DC 2404.17690
cs.DC 2404.17766
cs.DC 2404.17990
cs.DC 2404.18363
cs.DC 2404.18592
cs.DC 2404.17783
cs.DC 2404.17944
cs.DC 2404.17980
cs.DC 2404.18023
cs.DC 2404.18048
cs.DC 2404.18322
cs.DC 2404.18356
cs.DC 2404.18361
cs.DC 2404.18392
cs.DC 2404.18864
cs.DC 2404.19019
cs.DC 2404.19331
cs.DC 2404.19725
cs.DC 2404.19139
cs.DC 2404.19143
cs.DC 2404.19209
cs.DC 2404.19429
cs.DC 2404.19612
cs.DC 2404.19634
cs.DC 2404.19638
cs.DC 2404.19717
cs.DC 2405.00262
cs.DC 2405.00426
cs.DC 2405.00001
cs.DC 2405.00003
cs.DC 2405.00004
cs.DC 2405.00005
cs.DC 2405.00009
cs.DC 2405.00010
cs.DC 2405.00013
cs.DC 2405.00015
cs.DC 2405.00016
cs.DC 2405.00017
cs.DC 2405.00018
cs.DC 2405.00024
cs.DC 2405.00028
cs.DC 2405.00030
cs.DC 2405.00326
cs.DC 2405.00436
cs.DC 2405.00549
cs.DC 2404.19238
cs.DC 2405.00790
cs.DC 2405.00839
cs.DC 2405.00965
cs.DC 2405.01031
cs.DC 2405.01067
cs.DC 2405.01250
cs.DC 2405.00825
cs.DC 2405.00921
cs.DC 2405.00940
cs.DC 2405.01248
cs.DC 2405.01366
cs.DC 2405.01420
cs.CR 2404.16915
cs.CR 2404.16967
cs.CR 2404.17079
cs.CR 2404.17110
cs.CR 2404.17142
cs.CR 2404.17332
cs.CR 2404.16837
cs.CR 2404.16838
cs.CR 2404.16839
cs.CR 2404.16840
cs.CR 2404.16841
cs.CR 2404.16842
cs.CR 2404.16843
cs.CR 2404.16846
cs.CR 2404.16847
cs.CR 2404.16848
cs.CR 2404.16849
cs.CR 2404.16850
cs.CR 2404.16851
cs.CR 2404.16853
cs.CR 2404.16854
cs.CR 2404.16856
cs.CR 2404.16857
cs.CR 2404.16860
cs.CR 2404.16865
cs.CR 2404.16870
cs.CR 2404.16872
cs.CR 2404.16873
cs.CR 2404.16891
cs.CR 2404.16894
cs.CR 2404.17196
cs.CR 2404.17225
cs.CR 2404.17399
cs.CR 2404.17497
cs.CR 2404.17227
cs.CR 2404.17674
cs.CR 2404.17714
cs.CR 2404.17721
cs.CR 2404.17947
cs.CR 2404.18191
cs.CR 2404.18502
cs.CR 2404.18534
cs.CR 2404.18887
cs.CR 2404.17617
cs.CR 2404.17787
cs.CR 2404.17839
cs.CR 2404.17864
cs.CR 2404.17960
cs.CR 2404.17970
cs.CR 2404.17984
cs.CR 2404.17989
cs.CR 2404.18082
cs.CR 2404.18090
cs.CR 2404.18251
cs.CR 2404.18308
cs.CR 2404.18328
cs.CR 2404.18350
cs.CR 2404.18353
cs.CR 2404.18365
cs.CR 2404.18388
cs.CR 2404.18396
cs.CR 2404.18407
cs.CR 2404.18453
cs.CR 2404.18541
cs.CR 2404.18567
cs.CR 2404.18694
cs.CR 2404.18814
cs.CR 2404.18816
cs.CR 2404.18817
cs.CR 2404.19025
cs.CR 2404.19186
cs.CR 2404.19227
cs.CR 2404.19307
cs.CR 2404.19420
cs.CR 2404.19460
cs.CR 2404.19548
cs.CR 2404.19582
cs.CR 2404.19597
cs.CR 2404.19631
cs.CR 2404.19754
cs.CR 2404.19064
cs.CR 2404.19114
cs.CR 2404.19121
cs.CR 2404.19246
cs.CR 2404.19418
cs.CR 2404.19434
cs.CR 2404.19480
cs.CR 2404.19677
cs.CR 2404.19715
cs.CR 2404.19744
cs.CR 2405.00009
cs.CR 2405.00466
cs.CR 2405.00610
cs.CR 2405.00663
cs.CR 2405.00066
cs.CR 2405.00078
cs.CR 2405.00138
cs.CR 2405.00218
cs.CR 2405.00267
cs.CR 2405.00298
cs.CR 2405.00308
cs.CR 2405.00329
cs.CR 2405.00392
cs.CR 2405.00393
cs.CR 2405.00395
cs.CR 2405.00418
cs.CR 2405.00426
cs.CR 2405.00441
cs.CR 2405.00482
cs.CR 2405.00526
cs.CR 2405.00531
cs.CR 2405.00596
cs.CR 2405.00522
cs.CR 2405.00725
cs.CR 2405.00955
cs.CR 2405.01031
cs.CR 2405.01073
cs.CR 2405.01103
cs.CR 2405.01202
cs.CR 2405.01207
cs.CR 2405.01229
cs.CR 2405.01312
cs.CR 2405.01324
cs.CR 2405.01349
cs.CR 2405.01494
cs.CR 2405.01495
cs.CR 2405.00742
cs.CR 2405.00793
cs.CR 2405.00844
cs.CR 2405.00865
cs.CR 2405.01030
cs.CR 2405.01046
cs.CR 2405.01080
cs.CR 2405.01111
cs.CR 2405.01118
cs.CR 2405.01144
cs.CR 2405.01289
cs.CR 2405.01329
cs.CR 2405.01411
cs.CR 2405.01412
cs.CR 2405.01446
cs.CR 2405.01459
cs.CR 2405.01460
cs.CR 2405.01509
cs.CL 2404.16852
cs.CL 2404.16873
cs.CL 2404.16880
cs.CL 2404.16891
cs.CL 2404.16914
cs.CL 2404.16921
cs.CL 2404.16924
cs.CL 2404.16958
cs.CL 2404.17136
cs.CL 2404.17524
cs.CL 2404.17525
cs.CL 2404.17546
cs.CL 2404.17552
cs.CL 2404.16859
cs.CL 2404.16905
cs.CL 2404.16966
cs.CL 2404.17000
cs.CL 2404.17010
cs.CL 2404.17027
cs.CL 2404.17120
cs.CL 2404.17122
cs.CL 2404.17123
cs.CL 2404.17140
cs.CL 2404.17143
cs.CL 2404.17178
cs.CL 2404.17183
cs.CL 2404.17194
cs.CL 2404.17216
cs.CL 2404.17218
cs.CL 2404.17283
cs.CL 2404.17287
cs.CL 2404.17336
cs.CL 2404.17337
cs.CL 2404.17342
cs.CL 2404.17343
cs.CL 2404.17394
cs.CL 2404.17401
cs.CL 2404.17460
cs.CL 2404.17475
cs.CL 2404.17481
cs.CL 2404.17513
cs.CL 2404.17607
cs.CL 2404.17730
cs.CL 2404.17929
cs.CL 2404.18021
cs.CL 2404.18081
cs.CL 2404.18094
cs.CL 2404.18130
cs.CL 2404.18185
cs.CL 2404.18239
cs.CL 2404.18400
cs.CL 2404.18416
cs.CL 2404.18470
cs.CL 2404.18518
cs.CL 2404.18722
cs.CL 2404.18922
cs.CL 2404.18928
cs.CL 2404.17642
cs.CL 2404.17662
cs.CL 2404.17729
cs.CL 2404.17733
cs.CL 2404.17778
cs.CL 2404.17779
cs.CL 2404.17785
cs.CL 2404.17790
cs.CL 2404.17802
cs.CL 2404.17807
cs.CL 2404.17808
cs.CL 2404.17809
cs.CL 2404.17832
cs.CL 2404.17835
cs.CL 2404.17841
cs.CL 2404.17858
cs.CL 2404.17862
cs.CL 2404.17874
cs.CL 2404.17877
cs.CL 2404.17897
cs.CL 2404.17912
cs.CL 2404.17918
cs.CL 2404.17949
cs.CL 2404.17968
cs.CL 2404.17975
cs.CL 2404.17985
cs.CL 2404.17991
cs.CL 2404.17999
cs.CL 2404.18031
cs.CL 2404.18040
cs.CL 2404.18043
cs.CL 2404.18057
cs.CL 2404.18071
cs.CL 2404.18072
cs.CL 2404.18085
cs.CL 2404.18154
cs.CL 2404.18180
cs.CL 2404.18191
cs.CL 2404.18216
cs.CL 2404.18228
cs.CL 2404.18231
cs.CL 2404.18243
cs.CL 2404.18255
cs.CL 2404.18257
cs.CL 2404.18264
cs.CL 2404.18271
cs.CL 2404.18276
cs.CL 2404.18286
cs.CL 2404.18359
cs.CL 2404.18371
cs.CL 2404.18384
cs.CL 2404.18398
cs.CL 2404.18410
cs.CL 2404.18443
cs.CL 2404.18460
cs.CL 2404.18466
cs.CL 2404.18510
cs.CL 2404.18532
cs.CL 2404.18534
cs.CL 2404.18543
cs.CL 2404.18557
cs.CL 2404.18564
cs.CL 2404.18570
cs.CL 2404.18585
cs.CL 2404.18615
cs.CL 2404.18624
cs.CL 2404.18655
cs.CL 2404.18684
cs.CL 2404.18708
cs.CL 2404.18726
cs.CL 2404.18739
cs.CL 2404.18759
cs.CL 2404.18784
cs.CL 2404.18796
cs.CL 2404.18810
cs.CL 2404.18824
cs.CL 2404.18832
cs.CL 2404.18851
cs.CL 2404.18865
cs.CL 2404.18870
cs.CL 2404.18880
cs.CL 2404.18911
cs.CL 2404.18923
cs.CL 2404.18963
cs.CL 2404.18976
cs.CL 2404.19065
cs.CL 2404.19071
cs.CL 2404.19128
cs.CL 2404.19221
cs.CL 2404.19234
cs.CL 2404.19317
cs.CL 2404.19318
cs.CL 2404.19360
cs.CL 2404.19484
cs.CL 2404.19696
cs.CL 2404.19708
cs.CL 2404.19721
cs.CL 2404.19753
cs.CL 2404.18942
cs.CL 2404.18971
cs.CL 2404.18977
cs.CL 2404.18988
cs.CL 2404.19007
cs.CL 2404.19048
cs.CL 2404.19055
cs.CL 2404.19063
cs.CL 2404.19094
cs.CL 2404.19119
cs.CL 2404.19124
cs.CL 2404.19154
cs.CL 2404.19159
cs.CL 2404.19175
cs.CL 2404.19178
cs.CL 2404.19192
cs.CL 2404.19232
cs.CL 2404.19245
cs.CL 2404.19252
cs.CL 2404.19254
cs.CL 2404.19260
cs.CL 2404.19296
cs.CL 2404.19310
cs.CL 2404.19315
cs.CL 2404.19316
cs.CL 2404.19319
cs.CL 2404.19328
cs.CL 2404.19335
cs.CL 2404.19359
cs.CL 2404.19363
cs.CL 2404.19364
cs.CL 2404.19369
cs.CL 2404.19409
cs.CL 2404.19430
cs.CL 2404.19432
cs.CL 2404.19442
cs.CL 2404.19482
cs.CL 2404.19486
cs.CL 2404.19505
cs.CL 2404.19509
cs.CL 2404.19543
cs.CL 2404.19553
cs.CL 2404.19563
cs.CL 2404.19597
cs.CL 2404.19705
cs.CL 2404.19713
cs.CL 2404.19714
cs.CL 2404.19733
cs.CL 2404.19737
cs.CL 2405.00021
cs.CL 2405.00099
cs.CL 2405.00123
cs.CL 2405.00438
cs.CL 2405.00449
cs.CL 2405.00461
cs.CL 2405.00489
cs.CL 2405.00494
cs.CL 2405.00516
cs.CL 2405.00523
cs.CL 2405.00566
cs.CL 2405.00675
cs.CL 2405.00134
cs.CL 2405.00155
cs.CL 2405.00175
cs.CL 2405.00200
cs.CL 2405.00201
cs.CL 2405.00204
cs.CL 2405.00208
cs.CL 2405.00216
cs.CL 2405.00253
cs.CL 2405.00263
cs.CL 2405.00273
cs.CL 2405.00289
cs.CL 2405.00291
cs.CL 2405.00301
cs.CL 2405.00302
cs.CL 2405.00321
cs.CL 2405.00332
cs.CL 2405.00361
cs.CL 2405.00390
cs.CL 2405.00402
cs.CL 2405.00465
cs.CL 2405.00467
cs.CL 2405.00492
cs.CL 2405.00536
cs.CL 2405.00543
cs.CL 2405.00557
cs.CL 2405.00578
cs.CL 2405.00588
cs.CL 2405.00602
cs.CL 2405.00611
cs.CL 2405.00622
cs.CL 2405.00632
cs.CL 2405.00657
cs.CL 2405.00659
cs.CL 2405.00664
cs.CL 2405.00522
cs.CL 2405.00688
cs.CL 2405.00693
cs.CL 2405.00740
cs.CL 2405.00899
cs.CL 2405.00942
cs.CL 2405.00949
cs.CL 2405.00975
cs.CL 2405.00977
cs.CL 2405.00978
cs.CL 2405.00981
cs.CL 2405.01040
cs.CL 2405.01097
cs.CL 2405.01229
cs.CL 2405.01259
cs.CL 2405.01310
cs.CL 2405.01413
cs.CL 2405.01483
cs.CL 2405.01509
cs.CL 2405.00704
cs.CL 2405.00705
cs.CL 2405.00706
cs.CL 2405.00708
cs.CL 2405.00709
cs.CL 2405.00710
cs.CL 2405.00711
cs.CL 2405.00715
cs.CL 2405.00716
cs.CL 2405.00717
cs.CL 2405.00718
cs.CL 2405.00722
cs.CL 2405.00728
cs.CL 2405.00732
cs.CL 2405.00801
cs.CL 2405.00821
cs.CL 2405.00823
cs.CL 2405.00828
cs.CL 2405.00864
cs.CL 2405.00888
cs.CL 2405.00903
cs.CL 2405.00948
cs.CL 2405.00966
cs.CL 2405.00970
cs.CL 2405.00972
cs.CL 2405.00980
cs.CL 2405.00982
cs.CL 2405.00988
cs.CL 2405.00997
cs.CL 2405.01022
cs.CL 2405.01121
cs.CL 2405.01139
cs.CL 2405.01159
cs.CL 2405.01216
cs.CL 2405.01249
cs.CL 2405.01280
cs.CL 2405.01293
cs.CL 2405.01299
cs.CL 2405.01345
cs.CL 2405.01359
cs.CL 2405.01376
cs.CL 2405.01379
cs.CL 2405.01403
cs.CL 2405.01458
cs.CL 2405.01470
cs.CL 2405.01474
cs.CL 2405.01481
cs.CL 2405.01490
cs.CL 2405.01502
cs.CL 2405.01511
cs.CL 2405.01525
cs.CL 2405.01535
cs.FL 2404.17343
cs.FL 2404.17492
cs.FL 2404.17530
cs.FL 2404.17969
cs.FL 2404.18280
cs.FL 2404.18282
cs.FL 2404.19136
cs.FL 2405.00131
cs.FL 2405.01183
cs.FL 2405.00826
cs.FL 2405.01178
cs.IR 2404.17177
cs.IR 2404.16924
cs.IR 2404.17097
cs.IR 2404.17238
cs.IR 2404.17288
cs.IR 2404.17313
cs.IR 2404.18257
cs.IR 2404.18443
cs.IR 2404.17589
cs.IR 2404.17590
cs.IR 2404.17591
cs.IR 2404.17592
cs.IR 2404.17597
cs.IR 2404.17598
cs.IR 2404.17606
cs.IR 2404.17607
cs.IR 2404.17723
cs.IR 2404.17761
cs.IR 2404.17769
cs.IR 2404.17826
cs.IR 2404.17844
cs.IR 2404.18166
cs.IR 2404.18185
cs.IR 2404.18214
cs.IR 2404.18304
cs.IR 2404.18319
cs.IR 2404.18424
cs.IR 2404.18465
cs.IR 2404.18542
cs.IR 2404.18546
cs.IR 2404.18640
cs.IR 2404.18797
cs.IR 2404.18812
cs.IR 2404.18946
cs.IR 2404.18971
cs.IR 2404.19052
cs.IR 2404.19095
cs.IR 2404.19146
cs.IR 2404.19360
cs.IR 2404.19620
cs.IR 2404.19705
cs.IR 2404.19020
cs.IR 2404.19093
cs.IR 2404.19130
cs.IR 2404.19357
cs.IR 2404.19596
cs.IR 2405.00029
cs.IR 2405.00080
cs.IR 2405.00175
cs.IR 2405.00186
cs.IR 2405.00197
cs.IR 2405.00280
cs.IR 2405.00449
cs.IR 2405.00287
cs.IR 2405.00322
cs.IR 2405.00338
cs.IR 2405.00367
cs.IR 2405.00469
cs.IR 2405.00505
cs.IR 2405.00554
cs.IR 2405.00982
cs.IR 2405.01097
cs.IR 2405.01458
cs.IR 2405.00824
cs.IR 2405.00975
cs.IR 2405.00977
cs.IR 2405.00978
cs.IR 2405.00986
cs.IR 2405.01063
cs.IR 2405.01116
cs.IR 2405.01117
cs.IR 2405.01122
cs.IR 2405.01143
cs.IR 2405.01310
cs.IR 2405.01417
cs.DS 2404.17012
cs.DS 2404.17080
cs.DS 2404.17101
cs.DS 2404.17564
cs.DS 2404.17195
cs.DS 2404.17214
cs.DS 2404.17274
cs.DS 2404.17502
cs.DS 2404.17509
cs.DS 2404.17544
cs.DS 2404.17679
cs.DS 2404.17872
cs.DS 2404.18142
cs.DS 2404.18447
cs.DS 2404.18603
cs.DS 2404.18645
cs.DS 2404.18735
cs.DS 2404.18869
cs.DS 2404.18904
cs.DS 2404.17669
cs.DS 2404.17714
cs.DS 2404.17882
cs.DS 2404.17927
cs.DS 2404.17954
cs.DS 2404.17996
cs.DS 2404.18126
cs.DS 2404.18337
cs.DS 2404.18497
cs.DS 2404.18522
cs.DS 2404.18692
cs.DS 2404.18783
cs.DS 2404.18893
cs.DS 2404.19257
cs.DS 2404.19556
cs.DS 2404.18968
cs.DS 2404.19019
cs.DS 2404.19081
cs.DS 2404.19422
cs.DS 2405.00012
cs.DS 2405.00082
cs.DS 2405.00267
cs.DS 2405.00329
cs.DS 2405.00131
cs.DS 2405.00262
cs.DS 2405.00359
cs.DS 2405.00427
cs.DS 2405.00429
cs.DS 2405.00937
cs.DS 2405.01013
cs.DS 2405.01250
cs.DS 2405.00807
cs.DS 2405.00808
cs.DS 2405.00818
cs.DS 2405.00832
cs.DS 2405.01339
cs.DS 2405.01344
cs.DS 2405.01425
cs.DS 2405.01517
cs.CC 2404.17274
cs.CC 2404.17492
cs.CC 2404.17012
cs.CC 2404.17013
cs.CC 2404.17223
cs.CC 2404.18104
cs.CC 2404.18645
cs.CC 2404.18735
cs.CC 2404.17775
cs.CC 2404.19005
cs.CC 2404.19402
cs.CC 2404.19104
cs.CC 2405.00012
cs.CC 2405.00065
cs.CC 2405.00131
cs.CC 2405.00162
cs.CC 2405.00165
cs.CC 2405.00327
cs.CC 2405.00770
cs.CC 2405.00789
cs.CC 2405.01017
cs.CC 2405.01344
cs.CC 2405.01091
cs.GR 2404.16845
cs.GR 2404.16896
cs.GR 2404.17619
cs.GR 2404.17620
cs.GR 2404.17672
cs.GR 2404.17774
cs.GR 2404.17878
cs.GR 2404.18178
cs.GR 2404.18454
cs.GR 2404.18598
cs.GR 2404.18928
cs.GR 2404.18610
cs.GR 2404.18629
cs.GR 2404.18669
cs.GR 2404.19204
cs.GR 2404.19541
cs.GR 2404.19622
cs.GR 2404.19760
cs.GR 2404.19398
cs.GR 2404.19619
cs.GR 2405.00027
cs.GR 2405.00362
cs.GR 2405.00666
cs.GR 2405.00127
cs.GR 2405.00672
cs.GR 2405.00956
cs.GR 2405.01290
cs.GR 2405.01536
cs.GR 2405.00938
cs.IT 2404.16839
cs.IT 2404.16920
cs.IT 2404.17067
cs.IT 2404.17023
cs.IT 2404.17069
cs.IT 2404.17175
cs.IT 2404.17263
cs.IT 2404.17270
cs.IT 2404.17318
cs.IT 2404.17519
cs.IT 2404.17595
cs.IT 2404.17686
cs.IT 2404.17787
cs.IT 2404.17951
cs.IT 2404.18154
cs.IT 2404.18297
cs.IT 2404.18344
cs.IT 2404.18516
cs.IT 2404.17767
cs.IT 2404.17946
cs.IT 2404.17973
cs.IT 2404.18032
cs.IT 2404.18042
cs.IT 2404.18053
cs.IT 2404.18088
cs.IT 2404.18187
cs.IT 2404.18310
cs.IT 2404.18315
cs.IT 2404.18406
cs.IT 2404.18434
cs.IT 2404.18437
cs.IT 2404.18438
cs.IT 2404.18447
cs.IT 2404.18469
cs.IT 2404.18587
cs.IT 2404.18656
cs.IT 2404.18688
cs.IT 2404.18705
cs.IT 2404.18850
cs.IT 2404.10188
cs.IT 2404.19105
cs.IT 2404.19402
cs.IT 2404.19611
cs.IT 2404.18990
cs.IT 2404.19090
cs.IT 2404.19117
cs.IT 2404.19186
cs.IT 2404.19238
cs.IT 2404.19292
cs.IT 2404.19358
cs.IT 2404.19431
cs.IT 2404.19449
cs.IT 2404.19468
cs.IT 2404.19507
cs.IT 2404.19532
cs.IT 2404.19552
cs.IT 2404.19578
cs.IT 2404.19618
cs.IT 2404.19749
cs.IT 2404.19750
cs.IT 2404.19755
cs.IT 2405.00041
cs.IT 2405.00105
cs.IT 2405.00385
cs.IT 2405.00454
cs.IT 2405.00524
cs.IT 2405.00572
cs.IT 2405.00109
cs.IT 2405.00135
cs.IT 2405.00258
cs.IT 2405.00309
cs.IT 2405.00365
cs.IT 2405.00368
cs.IT 2405.00391
cs.IT 2405.00423
cs.IT 2405.00474
cs.IT 2405.00545
cs.IT 2405.00584
cs.IT 2405.00616
cs.IT 2405.00665
cs.IT 2405.00681
cs.IT 2405.00778
cs.IT 2405.00842
cs.IT 2405.00960
cs.IT 2405.01033
cs.IT 2405.01151
cs.IT 2405.01197
cs.IT 2405.01521
cs.IT 2405.00830
cs.IT 2405.00945
cs.IT 2405.00979
cs.IT 2405.01000
cs.IT 2405.01043
cs.IT 2405.01074
cs.IT 2405.01104
cs.IT 2405.01136
cs.IT 2405.01146
cs.IT 2405.01150
cs.IT 2405.01167
cs.IT 2405.01172
cs.IT 2405.01190
cs.IT 2405.01215
cs.IT 2405.01244
cs.IT 2405.01352
cs.IT 2405.01421
cs.IT 2405.01495
cs.IT 2405.01515
cs.NA 2404.16900
cs.NA 2404.16991
cs.NA 2404.17039
cs.NA 2404.17057
cs.NA 2404.17344
cs.NA 2404.17359
cs.NA 2404.17542
cs.NA 2404.16978
cs.NA 2404.17102
cs.NA 2404.17163
cs.NA 2404.17168
cs.NA 2404.17290
cs.NA 2404.17372
cs.NA 2404.17471
cs.NA 2404.17473
cs.NA 2404.17583
cs.NA 2404.17789
cs.NA 2404.17959
cs.NA 2404.18015
cs.NA 2404.18117
cs.NA 2404.18300
cs.NA 2404.18432
cs.NA 2404.18780
cs.NA 2404.18834
cs.NA 2404.17661
cs.NA 2404.17681
cs.NA 2404.17702
cs.NA 2404.17750
cs.NA 2404.17796
cs.NA 2404.17868
cs.NA 2404.17870
cs.NA 2404.17958
cs.NA 2404.18003
cs.NA 2404.18016
cs.NA 2404.18037
cs.NA 2404.18039
cs.NA 2404.18054
cs.NA 2404.18069
cs.NA 2404.18102
cs.NA 2404.18124
cs.NA 2404.18338
cs.NA 2404.18348
cs.NA 2404.18390
cs.NA 2404.18463
cs.NA 2404.18505
cs.NA 2404.18568
cs.NA 2404.18569
cs.NA 2404.18603
cs.NA 2404.18626
cs.NA 2404.18639
cs.NA 2404.18676
cs.NA 2404.18723
cs.NA 2404.18800
cs.NA 2404.18838
cs.NA 2404.18839
cs.NA 2404.18841
cs.NA 2404.18901
cs.NA 2404.19053
cs.NA 2404.19075
cs.NA 2404.19267
cs.NA 2404.19392
cs.NA 2404.19407
cs.NA 2404.19487
cs.NA 2404.19600
cs.NA 2404.19602
cs.NA 2404.19645
cs.NA 2404.19689
cs.NA 2404.19059
cs.NA 2404.19115
cs.NA 2404.19133
cs.NA 2404.19156
cs.NA 2404.19170
cs.NA 2404.19188
cs.NA 2404.19249
cs.NA 2404.19290
cs.NA 2404.19459
cs.NA 2404.19491
cs.NA 2404.19512
cs.NA 2404.19545
cs.NA 2404.19559
cs.NA 2404.19626
cs.NA 2405.00007
cs.NA 2405.00545
cs.NA 2405.00198
cs.NA 2405.00283
cs.NA 2405.00300
cs.NA 2405.00382
cs.NA 2405.00399
cs.NA 2405.00422
cs.NA 2405.00495
cs.NA 2405.00529
cs.NA 2405.00539
cs.NA 2405.00559
cs.NA 2405.00569
cs.NA 2405.00782
cs.NA 2405.00814
cs.NA 2405.00891
cs.NA 2405.00929
cs.NA 2405.00951
cs.NA 2405.01038
cs.NA 2405.01098
cs.NA 2405.01232
cs.NA 2405.01372
cs.NA 2405.01465
cs.NA 2405.00803
cs.NA 2405.00806
cs.NA 2405.00815
cs.NA 2405.00904
cs.NA 2405.00933
cs.NA 2405.01079
cs.NA 2405.01082
cs.NA 2405.01109
cs.NA 2405.01298
cs.NA 2405.01346
cs.NA 2405.01406
cs.NA 2405.01443
cs.AR 2404.17094
cs.AR 2404.16990
cs.AR 2404.18066
cs.AR 2404.18361
cs.AR 2404.18396
cs.AR 2404.18407
cs.AR 2404.17701
cs.AR 2404.18562
cs.AR 2404.19195
cs.AR 2404.19203
cs.AR 2404.19246
cs.AR 2404.19331
cs.AR 2404.19448
cs.AR 2404.19489
cs.AR 2404.19180
cs.AR 2404.19354
cs.AR 2404.19381
cs.AR 2404.19735
cs.AR 2405.00314
cs.AR 2405.00062
cs.AR 2405.00738
cs.AR 2405.00790
cs.AR 2405.00820
cs.AR 2405.01419
cs.LG 2404.16833
cs.LG 2404.16838
cs.LG 2404.16844
cs.LG 2404.16866
cs.LG 2404.16870
cs.LG 2404.16873
cs.LG 2404.16882
cs.LG 2404.16883
cs.LG 2404.16885
cs.LG 2404.16894
cs.LG 2404.16896
cs.LG 2404.16900
cs.LG 2404.16907
cs.LG 2404.16911
cs.LG 2404.16920
cs.LG 2404.16969
cs.LG 2404.17019
cs.LG 2404.17023
cs.LG 2404.17048
cs.LG 2404.17069
cs.LG 2404.17110
cs.LG 2404.17120
cs.LG 2404.17147
cs.LG 2404.17186
cs.LG 2404.17217
cs.LG 2404.17275
cs.LG 2404.17323
cs.LG 2404.17365
cs.LG 2404.17398
cs.LG 2404.17399
cs.LG 2404.17426
cs.LG 2404.17429
cs.LG 2404.17442
cs.LG 2404.17465
cs.LG 2404.17466
cs.LG 2404.17483
cs.LG 2404.17488
cs.LG 2404.17495
cs.LG 2404.17508
cs.LG 2404.17552
cs.LG 2404.17553
cs.LG 2404.16852
cs.LG 2404.16876
cs.LG 2404.16877
cs.LG 2404.16879
cs.LG 2404.16881
cs.LG 2404.16884
cs.LG 2404.16886
cs.LG 2404.16887
cs.LG 2404.16890
cs.LG 2404.16893
cs.LG 2404.16897
cs.LG 2404.16898
cs.LG 2404.16899
cs.LG 2404.16908
cs.LG 2404.16913
cs.LG 2404.16914
cs.LG 2404.16917
cs.LG 2404.16918
cs.LG 2404.16921
cs.LG 2404.16954
cs.LG 2404.16956
cs.LG 2404.16958
cs.LG 2404.16967
cs.LG 2404.16989
cs.LG 2404.17034
cs.LG 2404.17047
cs.LG 2404.17099
cs.LG 2404.17113
cs.LG 2404.17126
cs.LG 2404.17144
cs.LG 2404.17157
cs.LG 2404.17158
cs.LG 2404.17164
cs.LG 2404.17169
cs.LG 2404.17174
cs.LG 2404.17177
cs.LG 2404.17187
cs.LG 2404.17249
cs.LG 2404.17252
cs.LG 2404.17276
cs.LG 2404.17284
cs.LG 2404.17293
cs.LG 2404.17344
cs.LG 2404.17350
cs.LG 2404.17358
cs.LG 2404.17371
cs.LG 2404.17391
cs.LG 2404.17451
cs.LG 2404.17452
cs.LG 2404.17454
cs.LG 2404.17461
cs.LG 2404.17487
cs.LG 2404.17489
cs.LG 2404.17493
cs.LG 2404.17511
cs.LG 2404.17525
cs.LG 2404.17535
cs.LG 2404.17546
cs.LG 2404.17563
cs.LG 2209.13131
cs.LG 2308.07977
cs.LG 2404.03984
cs.LG 2404.17582
cs.LG 2404.17583
cs.LG 2404.17584
cs.LG 2404.17585
cs.LG 2404.17589
cs.LG 2404.17591
cs.LG 2404.17592
cs.LG 2404.17598
cs.LG 2404.17601
cs.LG 2404.17606
cs.LG 2404.17607
cs.LG 2404.17608
cs.LG 2404.17611
cs.LG 2404.17613
cs.LG 2404.17615
cs.LG 2404.17617
cs.LG 2404.17621
cs.LG 2404.17644
cs.LG 2404.17645
cs.LG 2404.17652
cs.LG 2404.17667
cs.LG 2404.17670
cs.LG 2404.17683
cs.LG 2404.17684
cs.LG 2404.17701
cs.LG 2404.17704
cs.LG 2404.17709
cs.LG 2404.17714
cs.LG 2404.17718
cs.LG 2404.17723
cs.LG 2404.17732
cs.LG 2404.17745
cs.LG 2404.17752
cs.LG 2404.17760
cs.LG 2404.17806
cs.LG 2404.17820
cs.LG 2404.17856
cs.LG 2404.17868
cs.LG 2404.17884
cs.LG 2404.17892
cs.LG 2404.17910
cs.LG 2404.17912
cs.LG 2404.17926
cs.LG 2404.17960
cs.LG 2404.17962
cs.LG 2404.17968
cs.LG 2404.17999
cs.LG 2404.18017
cs.LG 2404.18041
cs.LG 2404.18043
cs.LG 2404.18060
cs.LG 2404.18071
cs.LG 2404.18077
cs.LG 2404.18081
cs.LG 2404.18178
cs.LG 2404.18185
cs.LG 2404.18191
cs.LG 2404.18197
cs.LG 2404.18198
cs.LG 2404.18216
cs.LG 2404.18219
cs.LG 2404.18228
cs.LG 2404.18233
cs.LG 2404.18251
cs.LG 2404.18253
cs.LG 2404.18267
cs.LG 2404.18271
cs.LG 2404.18296
cs.LG 2404.18316
cs.LG 2404.18362
cs.LG 2404.18404
cs.LG 2404.18416
cs.LG 2404.18440
cs.LG 2404.18445
cs.LG 2404.18458
cs.LG 2404.18514
cs.LG 2404.18531
cs.LG 2404.18532
cs.LG 2404.18543
cs.LG 2404.18624
cs.LG 2404.18663
cs.LG 2404.18673
cs.LG 2404.18731
cs.LG 2404.18758
cs.LG 2404.18769
cs.LG 2404.18801
cs.LG 2404.18807
cs.LG 2404.18813
cs.LG 2404.18821
cs.LG 2404.18824
cs.LG 2404.18840
cs.LG 2404.18881
cs.LG 2404.18891
cs.LG 2404.18893
cs.LG 2404.18905
cs.LG 2404.18911
cs.LG 2404.18926
cs.LG 2404.18928
cs.LG 2404.17609
cs.LG 2404.17620
cs.LG 2404.17625
cs.LG 2404.17626
cs.LG 2404.17651
cs.LG 2404.17673
cs.LG 2404.17674
cs.LG 2404.17687
cs.LG 2404.17690
cs.LG 2404.17699
cs.LG 2404.17735
cs.LG 2404.17746
cs.LG 2404.17766
cs.LG 2404.17768
cs.LG 2404.17773
cs.LG 2404.17789
cs.LG 2404.17799
cs.LG 2404.17801
cs.LG 2404.17805
cs.LG 2404.17830
cs.LG 2404.17847
cs.LG 2404.17875
cs.LG 2404.17886
cs.LG 2404.17916
cs.LG 2404.17925
cs.LG 2404.17931
cs.LG 2404.17937
cs.LG 2404.17940
cs.LG 2404.17943
cs.LG 2404.17947
cs.LG 2404.17951
cs.LG 2404.17990
cs.LG 2404.17997
cs.LG 2404.18008
cs.LG 2404.18063
cs.LG 2404.18101
cs.LG 2404.18134
cs.LG 2404.18144
cs.LG 2404.18159
cs.LG 2404.18161
cs.LG 2404.18190
cs.LG 2404.18209
cs.LG 2404.18211
cs.LG 2404.18239
cs.LG 2404.18246
cs.LG 2404.18273
cs.LG 2404.18287
cs.LG 2404.18311
cs.LG 2404.18314
cs.LG 2404.18326
cs.LG 2404.18400
cs.LG 2404.18414
cs.LG 2404.18444
cs.LG 2404.18490
cs.LG 2404.18504
cs.LG 2404.18508
cs.LG 2404.18519
cs.LG 2404.18525
cs.LG 2404.18527
cs.LG 2404.18528
cs.LG 2404.18530
cs.LG 2404.18537
cs.LG 2404.18538
cs.LG 2404.18550
cs.LG 2404.18553
cs.LG 2404.18572
cs.LG 2404.18573
cs.LG 2404.18631
cs.LG 2404.18670
cs.LG 2404.18685
cs.LG 2404.18699
cs.LG 2404.18702
cs.LG 2404.18730
cs.LG 2404.18736
cs.LG 2404.18773
cs.LG 2404.18780
cs.LG 2404.18825
cs.LG 2404.18848
cs.LG 2404.18869
cs.LG 2404.18886
cs.LG 2404.18896
cs.LG 2404.18909
cs.LG 2404.18922
cs.LG 2404.10188
cs.LG 2404.18247
cs.LG 2404.18933
cs.LG 2404.18942
cs.LG 2404.18944
cs.LG 2404.18952
cs.LG 2404.18960
cs.LG 2404.18962
cs.LG 2404.19065
cs.LG 2404.19073
cs.LG 2404.19075
cs.LG 2404.19087
cs.LG 2404.19094
cs.LG 2404.19095
cs.LG 2404.19100
cs.LG 2404.19113
cs.LG 2404.19114
cs.LG 2404.19128
cs.LG 2404.19130
cs.LG 2404.19145
cs.LG 2404.19157
cs.LG 2404.19165
cs.LG 2404.19220
cs.LG 2404.19238
cs.LG 2404.19256
cs.LG 2404.19289
cs.LG 2404.19292
cs.LG 2404.19301
cs.LG 2404.19349
cs.LG 2404.19351
cs.LG 2404.19354
cs.LG 2404.19370
cs.LG 2404.19397
cs.LG 2404.19429
cs.LG 2404.19486
cs.LG 2404.19557
cs.LG 2404.19579
cs.LG 2404.19591
cs.LG 2404.19596
cs.LG 2404.19654
cs.LG 2404.19664
cs.LG 2404.19668
cs.LG 2404.19671
cs.LG 2404.19675
cs.LG 2404.19689
cs.LG 2404.19696
cs.LG 2404.19739
cs.LG 2404.19749
cs.LG 2404.19753
cs.LG 2404.18932
cs.LG 2404.18947
cs.LG 2404.18948
cs.LG 2404.18949
cs.LG 2404.18961
cs.LG 2404.18963
cs.LG 2404.18975
cs.LG 2404.18976
cs.LG 2404.18978
cs.LG 2404.19109
cs.LG 2404.19112
cs.LG 2404.19132
cs.LG 2404.19141
cs.LG 2404.19218
cs.LG 2404.19228
cs.LG 2404.19247
cs.LG 2404.19261
cs.LG 2404.19283
cs.LG 2404.19284
cs.LG 2404.19288
cs.LG 2404.19306
cs.LG 2404.19346
cs.LG 2404.19420
cs.LG 2404.19452
cs.LG 2404.19456
cs.LG 2404.19460
cs.LG 2404.19462
cs.LG 2404.19467
cs.LG 2404.19484
cs.LG 2404.19487
cs.LG 2404.19501
cs.LG 2404.19508
cs.LG 2404.19519
cs.LG 2404.19536
cs.LG 2404.19582
cs.LG 2404.19605
cs.LG 2404.19620
cs.LG 2404.19630
cs.LG 2404.19631
cs.LG 2404.19640
cs.LG 2404.19649
cs.LG 2404.19651
cs.LG 2404.19660
cs.LG 2404.19669
cs.LG 2404.19673
cs.LG 2404.19708
cs.LG 2404.19710
cs.LG 2404.19719
cs.LG 2404.19725
cs.LG 2404.19756
cs.LG 2404.17123
cs.LG 2405.00017
cs.LG 2405.00025
cs.LG 2405.00027
cs.LG 2405.00055
cs.LG 2405.00065
cs.LG 2405.00082
cs.LG 2405.00099
cs.LG 2405.00130
cs.LG 2405.00156
cs.LG 2405.00158
cs.LG 2405.00205
cs.LG 2405.00216
cs.LG 2405.00218
cs.LG 2405.00236
cs.LG 2405.00239
cs.LG 2405.00251
cs.LG 2405.00252
cs.LG 2405.00254
cs.LG 2405.00263
cs.LG 2405.00282
cs.LG 2405.00285
cs.LG 2405.00287
cs.LG 2405.00304
cs.LG 2405.00318
cs.LG 2405.00332
cs.LG 2405.00358
cs.LG 2405.00385
cs.LG 2405.00387
cs.LG 2405.00389
cs.LG 2405.00394
cs.LG 2405.00420
cs.LG 2405.00442
cs.LG 2405.00451
cs.LG 2405.00482
cs.LG 2405.00505
cs.LG 2405.00532
cs.LG 2405.00588
cs.LG 2405.00592
cs.LG 2405.00602
cs.LG 2405.00622
cs.LG 2405.00627
cs.LG 2405.00636
cs.LG 2405.00642
cs.LG 2405.00646
cs.LG 2405.00647
cs.LG 2405.00657
cs.LG 2405.00664
cs.LG 2405.00074
cs.LG 2405.00076
cs.LG 2405.00077
cs.LG 2405.00080
cs.LG 2405.00123
cs.LG 2405.00136
cs.LG 2405.00142
cs.LG 2405.00166
cs.LG 2405.00172
cs.LG 2405.00182
cs.LG 2405.00184
cs.LG 2405.00202
cs.LG 2405.00213
cs.LG 2405.00217
cs.LG 2405.00219
cs.LG 2405.00220
cs.LG 2405.00303
cs.LG 2405.00311
cs.LG 2405.00314
cs.LG 2405.00319
cs.LG 2405.00334
cs.LG 2405.00348
cs.LG 2405.00349
cs.LG 2405.00410
cs.LG 2405.00417
cs.LG 2405.00433
cs.LG 2405.00438
cs.LG 2405.00449
cs.LG 2405.00454
cs.LG 2405.00456
cs.LG 2405.00476
cs.LG 2405.00489
cs.LG 2405.00491
cs.LG 2405.00516
cs.LG 2405.00524
cs.LG 2405.00555
cs.LG 2405.00556
cs.LG 2405.00570
cs.LG 2405.00577
cs.LG 2405.00614
cs.LG 2405.00625
cs.LG 2405.00629
cs.LG 2405.00645
cs.LG 2405.00662
cs.LG 2405.00675
cs.LG 2405.00678
cs.LG 2405.00688
cs.LG 2405.00695
cs.LG 2405.00697
cs.LG 2405.00699
cs.LG 2405.00705
cs.LG 2405.00708
cs.LG 2405.00709
cs.LG 2405.00710
cs.LG 2405.00712
cs.LG 2405.00715
cs.LG 2405.00719
cs.LG 2405.00720
cs.LG 2405.00721
cs.LG 2405.00723
cs.LG 2405.00724
cs.LG 2405.00725
cs.LG 2405.00727
cs.LG 2405.00732
cs.LG 2405.00734
cs.LG 2405.00736
cs.LG 2405.00738
cs.LG 2405.00740
cs.LG 2405.00742
cs.LG 2405.00749
cs.LG 2405.00751
cs.LG 2405.00754
cs.LG 2405.00755
cs.LG 2405.00770
cs.LG 2405.00781
cs.LG 2405.00782
cs.LG 2405.00790
cs.LG 2405.00816
cs.LG 2405.00820
cs.LG 2405.00842
cs.LG 2405.00846
cs.LG 2405.00871
cs.LG 2405.00876
cs.LG 2405.00906
cs.LG 2405.00908
cs.LG 2405.00914
cs.LG 2405.00915
cs.LG 2405.00934
cs.LG 2405.00964
cs.LG 2405.00972
cs.LG 2405.00988
cs.LG 2405.00989
cs.LG 2405.01002
cs.LG 2405.01004
cs.LG 2405.01015
cs.LG 2405.01029
cs.LG 2405.01035
cs.LG 2405.01054
cs.LG 2405.01063
cs.LG 2405.01098
cs.LG 2405.01108
cs.LG 2405.01109
cs.LG 2405.01124
cs.LG 2405.01134
cs.LG 2405.01200
cs.LG 2405.01233
cs.LG 2405.01242
cs.LG 2405.01249
cs.LG 2405.01277
cs.LG 2405.01284
cs.LG 2405.01292
cs.LG 2405.01299
cs.LG 2405.01314
cs.LG 2405.01392
cs.LG 2405.01402
cs.LG 2405.01404
cs.LG 2405.01413
cs.LG 2405.01425
cs.LG 2405.01435
cs.LG 2405.01440
cs.LG 2405.01453
cs.LG 2405.01458
cs.LG 2405.01460
cs.LG 2405.01463
cs.LG 2405.01481
cs.LG 2405.01484
cs.LG 2405.01491
cs.LG 2405.01494
cs.LG 2405.01502
cs.LG 2405.01521
cs.LG 2405.01536
cs.LG 2405.01538
cs.LG 2405.00739
cs.LG 2405.00743
cs.LG 2405.00746
cs.LG 2405.00747
cs.LG 2405.00792
cs.LG 2405.00819
cs.LG 2405.00837
cs.LG 2405.00839
cs.LG 2405.00853
cs.LG 2405.00877
cs.LG 2405.00879
cs.LG 2405.00885
cs.LG 2405.00902
cs.LG 2405.00909
cs.LG 2405.00910
cs.LG 2405.00922
cs.LG 2405.00937
cs.LG 2405.00946
cs.LG 2405.00949
cs.LG 2405.00950
cs.LG 2405.00955
cs.LG 2405.00957
cs.LG 2405.00958
cs.LG 2405.00965
cs.LG 2405.00984
cs.LG 2405.00985
cs.LG 2405.00987
cs.LG 2405.01009
cs.LG 2405.01010
cs.LG 2405.01013
cs.LG 2405.01031
cs.LG 2405.01033
cs.LG 2405.01041
cs.LG 2405.01052
cs.LG 2405.01053
cs.LG 2405.01055
cs.LG 2405.01060
cs.LG 2405.01067
cs.LO 2404.17065
cs.LG 2405.01073
cs.LO 2404.17094
cs.LG 2405.01102
cs.LO 2404.17421
cs.LG 2405.01114
cs.LO 2404.17757
cs.LG 2405.01125
cs.LO 2404.17758
cs.LG 2405.01142
cs.LO 2404.18048
cs.LG 2405.01147
cs.LO 2404.18417
cs.LG 2405.01155
cs.LO 2404.18795
cs.LG 2405.01157
cs.LO 2404.18813
cs.LG 2405.01158
cs.LO 2404.18904
cs.LG 2405.01186
cs.LO 2404.17834
cs.LG 2405.01189
cs.LO 2404.17901
cs.LG 2405.01196
cs.LO 2404.18007
cs.LG 2405.01198
cs.LO 2404.18067
cs.LG 2405.01205
cs.LO 2404.18098
cs.LG 2405.01207
cs.LO 2404.18151
cs.LG 2405.01229
cs.LO 2404.18205
cs.LG 2405.01247
cs.LO 2404.18280
cs.LG 2405.01251
cs.LO 2404.18874
cs.LG 2405.01260
cs.LO 2404.19614
cs.LG 2405.01261
cs.LO 2404.19503
cs.LO 2404.19523
cs.LG 2405.01263
cs.LO 2404.19632
cs.LG 2405.01270
cs.LO 2404.19724
cs.LO 2405.00165
cs.LO 2405.00183
cs.LO 2405.00205
cs.LO 2405.00398
cs.LG 2405.01306
cs.LO 2405.00237
cs.LG 2405.01319
cs.LO 2405.00440
cs.LG 2405.01327
cs.LO 2405.00480
cs.LG 2405.01349
cs.LO 2405.00687
cs.LG 2405.01350
cs.LO 2405.00912
cs.LG 2405.01365
cs.LO 2405.00921
cs.LG 2405.01389
cs.LO 2405.01092
cs.LG 2405.01451
cs.LO 2405.01174
cs.LG 2405.01462
cs.LO 2405.01183
cs.LG 2405.01468
cs.LO 2405.01322
cs.LG 2405.01480
cs.LO 2405.01375
cs.LG 2405.01488
cs.LO 2405.01478
cs.LG 2405.01507
cs.LG 2405.01524
cs.LG 2405.01531
cs.LG 2405.01534
cs.OS 2404.13886
cs.OS 2404.16393
cs.OS 2404.16856
cs.OS 2405.00038
cs.OS 2405.00078
cs.OS 2405.01263
cs.PL 2404.16333
cs.PL 2404.16041
cs.PL 2404.16062
cs.PL 2404.16075
cs.PL 2404.16077
cs.PL 2404.16143
cs.PL 2404.16213
cs.PL 2404.16381
cs.PL 2404.17065
cs.PL 2404.16997
cs.PL 2404.17297
cs.PL 2404.17833
cs.PL 2404.17864
cs.PL 2404.18226
cs.PL 2404.18353
cs.PL 2404.18756
cs.PL 2404.18874
cs.PL 2404.18170
cs.PL 2404.18249
cs.PL 2404.18417
cs.PL 2404.18852
cs.PL 2404.19336
cs.PL 2404.19350
cs.PL 2405.00229
cs.PL 2405.00498
cs.PL 2405.00038
cs.MA 2404.17053
cs.MA 2404.17350
cs.MA 2404.17438
cs.MA 2404.17017
cs.MA 2404.17477
cs.MA 2404.17627
cs.MA 2404.17780
cs.MA 2404.18089
cs.MA 2404.18798
cs.MA 2404.19256
cs.MA 2404.19292
cs.MA 2404.19547
cs.MA 2404.19564
cs.MA 2404.19749
cs.MA 2404.19518
cs.MA 2404.19745
cs.MA 2405.00282
cs.MA 2405.00243
cs.MA 2405.00823
cs.MA 2405.00839
cs.MA 2405.00902
cs.MA 2405.00921
cs.MA 2405.00940
cs.MA 2405.01107
cs.MA 2405.01260
cs.MA 2405.01392
cs.SE 2404.16837
cs.SE 2404.16915
cs.SE 2404.16947
cs.SE 2404.16992
cs.SE 2404.17009
cs.SE 2404.17020
cs.SE 2404.17036
cs.SE 2404.17046
cs.SE 2404.17110
cs.SE 2404.17153
cs.SE 2404.17244
cs.SE 2404.17332
cs.SE 2404.17338
cs.SE 2404.17347
cs.SE 2404.17403
cs.SE 2404.17417
cs.SE 2404.17465
cs.SE 2404.17522
cs.SE 2404.17604
cs.SE 2404.17839
cs.SE 2404.18098
cs.SE 2404.18534
cs.SE 2404.18573
cs.SE 2404.18663
cs.SE 2404.18801
cs.SE 2404.18816
cs.SE 2404.18852
cs.SE 2404.18864
cs.SE 2404.18881
cs.SE 2404.17739
cs.SE 2404.17818
cs.SE 2404.17842
cs.SE 2404.17866
cs.SE 2404.17871
cs.SE 2404.17896
cs.SE 2404.17955
cs.SE 2404.17964
cs.SE 2404.17966
cs.SE 2404.18001
cs.SE 2404.18125
cs.SE 2404.18186
cs.SE 2404.18496
cs.SE 2404.18515
cs.SE 2404.18531
cs.SE 2404.18558
cs.SE 2404.18577
cs.SE 2404.18596
cs.SE 2404.18677
cs.SE 2404.18682
cs.SE 2404.18756
cs.SE 2404.18771
cs.SE 2404.18887
cs.SE 2404.19428
cs.SE 2404.19452
cs.SE 2404.19591
cs.SE 2404.19631
cs.SE 2404.19665
cs.SE 2404.19735
cs.SE 2404.19025
cs.SE 2404.19100
cs.SE 2404.19226
cs.SE 2404.19307
cs.SE 2404.19318
cs.SE 2404.19368
cs.SE 2404.19614
cs.SE 2404.19633
cs.SE 2404.19643
cs.SE 2405.00074
cs.SE 2405.00218
cs.SE 2405.00253
cs.SE 2405.00145
cs.SE 2405.00163
cs.SE 2405.00415
cs.SE 2405.00428
cs.SE 2405.00453
cs.SE 2405.00565
cs.SE 2405.00648
cs.SE 2405.01030
cs.SE 2405.01097
cs.SE 2405.00796
cs.SE 2405.00874
cs.SE 2405.01051
cs.SE 2405.01064
cs.SE 2405.01103
cs.SE 2405.01145
cs.SE 2405.01176
cs.SE 2405.01202
cs.SE 2405.01309
cs.SE 2405.01369
cs.SE 2405.01391
cs.SE 2405.01466
cs.SE 2405.01477
cs.PF 2404.16970
cs.PF 2404.17962
cs.PF 2404.19735
cs.PF 2404.19331
cs.PF 2405.00314
cs.PF 2405.00326
cs.PF 2405.00790
cs.PF 2405.00839
cs.PF 2405.01157
cs.PF 2405.01378
cs.PF 2405.01420
cs.RO 2404.16879
cs.RO 2404.16893
cs.RO 2404.16985
cs.RO 2404.16989
cs.RO 2404.17045
cs.RO 2404.17118
cs.RO 2404.17225
cs.RO 2404.17394
cs.RO 2404.17465
cs.RO 2404.16952
cs.RO 2404.16986
cs.RO 2404.17038
cs.RO 2404.17044
cs.RO 2404.17070
cs.RO 2404.17125
cs.RO 2404.17198
cs.RO 2404.17215
cs.RO 2404.17224
cs.RO 2404.17229
cs.RO 2404.17269
cs.RO 2404.17298
cs.RO 2404.17302
cs.RO 2404.17367
cs.RO 2404.17379
cs.RO 2404.17395
cs.RO 2404.17438
cs.RO 2404.17520
cs.RO 2404.17521
cs.RO 2404.17550
cs.RO 2404.17673
cs.RO 2404.17687
cs.RO 2404.17725
cs.RO 2404.17793
cs.RO 2404.17922
cs.RO 2404.18112
cs.RO 2404.18439
cs.RO 2404.18560
cs.RO 2404.18663
cs.RO 2404.18750
cs.RO 2404.17668
cs.RO 2404.17684
cs.RO 2404.17685
cs.RO 2404.17697
cs.RO 2404.17718
cs.RO 2404.17745
cs.RO 2404.17759
cs.RO 2404.17791
cs.RO 2404.17811
cs.RO 2404.17815
cs.RO 2404.17820
cs.RO 2404.17906
cs.RO 2404.17974
cs.RO 2404.18006
cs.RO 2404.18012
cs.RO 2404.18047
cs.RO 2404.18083
cs.RO 2404.18105
cs.RO 2404.18135
cs.RO 2404.18181
cs.RO 2404.18192
cs.RO 2404.18201
cs.RO 2404.18208
cs.RO 2404.18221
cs.RO 2404.18225
cs.RO 2404.18321
cs.RO 2404.18331
cs.RO 2404.18363
cs.RO 2404.18374
cs.RO 2404.18375
cs.RO 2404.18381
cs.RO 2404.18383
cs.RO 2404.18395
cs.RO 2404.18411
cs.RO 2404.18464
cs.RO 2404.18477
cs.RO 2404.18575
cs.RO 2404.18580
cs.RO 2404.18612
cs.RO 2404.18687
cs.RO 2404.18713
cs.RO 2404.18720
cs.RO 2404.18721
cs.RO 2404.18729
cs.RO 2404.18790
cs.RO 2404.18863
cs.RO 2404.18926
cs.RO 2404.18972
cs.RO 2404.19201
cs.RO 2404.19379
cs.RO 2404.19518
cs.RO 2404.19045
cs.RO 2404.19070
cs.RO 2404.19077
cs.RO 2404.19087
cs.RO 2404.19138
cs.RO 2404.19173
cs.RO 2404.19217
cs.RO 2404.19253
cs.RO 2404.19264
cs.RO 2404.19281
cs.RO 2404.19349
cs.RO 2404.19403
cs.RO 2404.19412
cs.RO 2404.19448
cs.RO 2404.19564
cs.RO 2404.19585
cs.RO 2404.19594
cs.RO 2404.19664
cs.RO 2405.00024
cs.RO 2405.00062
cs.RO 2405.00136
cs.RO 2405.00250
cs.RO 2405.00285
cs.RO 2405.00189
cs.RO 2405.00199
cs.RO 2405.00236
cs.RO 2405.00269
cs.RO 2405.00316
cs.RO 2405.00362
cs.RO 2405.00383
cs.RO 2405.00461
cs.RO 2405.00515
cs.RO 2405.00552
cs.RO 2405.00586
cs.RO 2405.00600
cs.RO 2405.00604
cs.RO 2405.00698
cs.RO 2405.00746
cs.RO 2405.00924
cs.RO 2405.01114
cs.RO 2405.01258
cs.RO 2405.01534
cs.RO 2405.01538
cs.RO 2405.00685
cs.RO 2405.00687
cs.RO 2405.00688
cs.RO 2405.00689
cs.RO 2405.00690
cs.RO 2405.00691
cs.RO 2405.00693
cs.RO 2405.00694
cs.RO 2405.00695
cs.RO 2405.00696
cs.RO 2405.00797
cs.RO 2405.00841
cs.RO 2405.00846
cs.RO 2405.00867
cs.RO 2405.00882
cs.RO 2405.00943
cs.RO 2405.00956
cs.RO 2405.01019
cs.RO 2405.01044
cs.RO 2405.01054
cs.RO 2405.01107
cs.RO 2405.01115
cs.RO 2405.01134
cs.RO 2405.01192
cs.RO 2405.01266
cs.RO 2405.01284
cs.RO 2405.01316
cs.RO 2405.01328
cs.RO 2405.01333
cs.RO 2405.01354
cs.RO 2405.01361
cs.RO 2405.01392
cs.RO 2405.01402
cs.RO 2405.01440
cs.RO 2405.01472
cs.RO 2405.01504
cs.RO 2405.01527
cs.NI 2404.16856
cs.NI 2404.16875
cs.NI 2404.17077
cs.NI 2404.17553
cs.NI 2404.16920
cs.NI 2404.16970
cs.NI 2404.17317
cs.NI 2404.17434
cs.NI 2404.17439
cs.NI 2404.17462
cs.NI 2404.17472
cs.NI 2404.17485
cs.NI 2404.17532
cs.NI 2404.17547
cs.NI 2404.17766
cs.NI 2404.18187
cs.NI 2404.18521
cs.NI 2404.17686
cs.NI 2404.18077
cs.NI 2404.18084
cs.NI 2404.18254
cs.NI 2404.18313
cs.NI 2404.18373
cs.NI 2404.18386
cs.NI 2404.18418
cs.NI 2404.18476
cs.NI 2404.19238
cs.NI 2404.19314
cs.NI 2404.19611
cs.NI 2404.19749
cs.NI 2404.19372
cs.NI 2404.19492
cs.NI 2404.19671
cs.NI 2404.19686
cs.NI 2405.00080
cs.NI 2405.00220
cs.NI 2405.00222
cs.NI 2405.00524
cs.NI 2405.00665
cs.NI 2405.00227
cs.NI 2405.00266
cs.NI 2405.00387
cs.NI 2405.00558
cs.NI 2405.00681
cs.NI 2405.00714
cs.NI 2405.00885
cs.NI 2405.01263
cs.NI 2405.01412
cs.NI 2405.00999
cs.NI 2405.01007
cs.NI 2405.01057
cs.NI 2405.01221
cs.NI 2405.01231
cs.NI 2405.01279
cs.NI 2405.01301
cs.NI 2405.01324
cs.NI 2405.01435
cs.NI 2405.01492
cs.SD 2404.16905
cs.SD 2404.17107
cs.SD 2404.17252
cs.SD 2404.17490
cs.SD 2404.17552
cs.SD 2404.16969
cs.SD 2404.17022
cs.SD 2404.17161
cs.SD 2404.17280
cs.SD 2404.17968
cs.SD 2404.17608
cs.SD 2404.17721
cs.SD 2404.17806
cs.SD 2404.17821
cs.SD 2404.17983
cs.SD 2404.18002
cs.SD 2404.18081
cs.SD 2404.18094
cs.SD 2404.18355
cs.SD 2404.18514
cs.SD 2404.18791
cs.SD 2404.19375
cs.SD 2404.19615
cs.SD 2404.19622
cs.SD 2404.19723
cs.SD 2404.19187
cs.SD 2404.19212
cs.SD 2404.19214
cs.SD 2404.19441
cs.SD 2405.00367
cs.SD 2405.00384
cs.SD 2405.00233
cs.SD 2405.00248
cs.SD 2405.00307
cs.SD 2405.00603
cs.SD 2405.00934
cs.SD 2405.00966
cs.SD 2405.01207
cs.SD 2405.01293
cs.SD 2405.00930
cs.SD 2405.01004
cs.SD 2405.01242
cs.SY 2404.16849
cs.SY 2404.16879
cs.SY 2404.17044
cs.SY 2404.17094
cs.SY 2404.17125
cs.SY 2404.17317
cs.SY 2404.17367
cs.SY 2404.17532
cs.SY 2404.17541
cs.SY 2404.17554
cs.SY 2404.16883
cs.SY 2404.16974
cs.SY 2404.17045
cs.SY 2404.17331
cs.SY 2404.17474
cs.SY 2404.17479
cs.SY 2404.03984
cs.SY 2404.17139
cs.SY 2404.17627
cs.SY 2404.17683
cs.SY 2404.17962
cs.SY 2404.18418
cs.SY 2404.18453
cs.SY 2404.18580
cs.SY 2404.18687
cs.SY 2404.18713
cs.SY 2404.17892
cs.SY 2404.18013
cs.SY 2404.18118
cs.SY 2404.18176
cs.SY 2404.18210
cs.SY 2404.18267
cs.SY 2404.18305
cs.SY 2404.18312
cs.SY 2404.18362
cs.SY 2404.18436
cs.SY 2404.18593
cs.SY 2404.18782
cs.SY 2404.18813
cs.SY 2404.18821
cs.SY 2404.18972
cs.SY 2404.19087
cs.SY 2404.19203
cs.SY 2404.19206
cs.SY 2404.19236
cs.SY 2404.19251
cs.SY 2404.19407
cs.SY 2404.19412
cs.SY 2404.19594
cs.SY 2404.19028
cs.SY 2404.19096
cs.SY 2404.19189
cs.SY 2404.19195
cs.SY 2404.19223
cs.SY 2404.19263
cs.SY 2404.19356
cs.SY 2404.19387
cs.SY 2404.19415
cs.SY 2404.19520
cs.SY 2404.19547
cs.SY 2404.19569
cs.SY 2404.19625
cs.SY 2405.00003
cs.SY 2405.00136
cs.SY 2405.00230
cs.SY 2405.00316
cs.SY 2405.00387
cs.SY 2405.00389
cs.SY 2405.00447
cs.SY 2405.00495
cs.SY 2405.00572
cs.SY 2405.00055
cs.SY 2405.00056
cs.SY 2405.00141
cs.SY 2405.00157
cs.SY 2405.00627
cs.SY 2405.00637
cs.SY 2405.00681
cs.SY 2405.00694
cs.SY 2405.00867
cs.SY 2405.00882
cs.SY 2405.00911
cs.SY 2405.00947
cs.SY 2405.00958
cs.SY 2405.01007
cs.SY 2405.01052
cs.SY 2405.01074
cs.SY 2405.01107
cs.SY 2405.01115
cs.SY 2405.01119
cs.SY 2405.01125
cs.SY 2405.01171
cs.SY 2405.01260
cs.SY 2405.01292
cs.SY 2405.01402
cs.SY 2405.01437
cs.SY 2405.01471
cs.SY 2405.01504
cs.SY 2405.00822
cs.SY 2405.00871
cs.SY 2405.00924
cs.SY 2405.00973
cs.SY 2405.01011
cs.SY 2405.01087
cs.SY 2405.01094
cs.SY 2405.01149
cs.SY 2405.01200
cs.SY 2405.01264
cs.SY 2405.01314
cs.SY 2405.01442
cs.SC 2404.16361
cs.SC 2404.17508
cs.SC 2404.18117
cs.SC 2404.19136
cs.SC 2405.00912
cs.SI 2404.16859
cs.SI 2404.16862
cs.SI 2404.17082
cs.SI 2404.17128
cs.SI 2404.17511
cs.SI 2404.17042
cs.SI 2404.17059
cs.SI 2404.17607
cs.SI 2404.17943
cs.SI 2404.18817
cs.SI 2404.18833
cs.SI 2404.18602
cs.SI 2404.18826
cs.SI 2404.10188
cs.SI 2404.18942
cs.SI 2404.18971
cs.SI 2404.19095
cs.SI 2404.19257
cs.SI 2404.19634
cs.SI 2404.18940
cs.SI 2404.18944
cs.SI 2404.18984
cs.SI 2405.00172
cs.SI 2405.00601
cs.SI 2405.00636
cs.SI 2405.00129
cs.SI 2405.00280
cs.SI 2405.00459
cs.SI 2405.00808
cs.SI 2405.00957
cs.SI 2405.01015
cs.SI 2405.01247
cs.SI 2405.01350
cs.SI 2405.00816
cs.SI 2405.01119
cs.SI 2405.01165
cs.SI 2405.01510
stat.ML 2404.16954
stat.ML 2404.16956
stat.ML 2404.17019
stat.ML 2404.17158
stat.ML 2404.17211
stat.ML 2404.17249
stat.ML 2404.17293
stat.ML 2404.17358
stat.ML 2404.17451
stat.ML 2404.17452
stat.ML 2404.17464
stat.ML 2404.17487
stat.ML 2404.17489
stat.ML 2404.17561
stat.ML 2404.17563
stat.ML 2404.17398
stat.ML 2404.17429
stat.ML 2404.17442
stat.ML 2404.17483
stat.ML 2404.16918
stat.ML 2404.17592
stat.ML 2404.17615
stat.ML 2404.17714
stat.ML 2404.17746
stat.ML 2404.17763
stat.ML 2404.17769
stat.ML 2404.17939
stat.ML 2404.17951
stat.ML 2404.17997
stat.ML 2404.18134
stat.ML 2404.18190
stat.ML 2404.18444
stat.ML 2404.18490
stat.ML 2404.18537
stat.ML 2404.18702
stat.ML 2404.18735
stat.ML 2404.18869
stat.ML 2404.18893
stat.ML 2404.18905
stat.ML 2404.18909
stat.ML 2404.18922
stat.ML 2404.17644
stat.ML 2404.17709
stat.ML 2404.17856
stat.ML 2404.18233
stat.ML 2404.18769
stat.ML 2404.17546
stat.ML 2404.18992
stat.ML 2404.19112
stat.ML 2404.19127
stat.ML 2404.19145
stat.ML 2404.19274
stat.ML 2404.19288
stat.ML 2404.19292
stat.ML 2404.19496
stat.ML 2404.19517
stat.ML 2404.19620
stat.ML 2404.19640
stat.ML 2404.19649
stat.ML 2404.19661
stat.ML 2404.19719
stat.ML 2404.19756
stat.ML 2404.19073
stat.ML 2404.19157
stat.ML 2404.19220
stat.ML 2404.19301
stat.ML 2404.19557
stat.ML 2405.00017
stat.ML 2405.00065
stat.ML 2405.00081
stat.ML 2405.00129
stat.ML 2405.00158
stat.ML 2405.00172
stat.ML 2405.00202
stat.ML 2405.00417
stat.ML 2405.00424
stat.ML 2405.00454
stat.ML 2405.00675
stat.ML 2405.00385
stat.ML 2405.00442
stat.ML 2405.00592
stat.ML 2405.00642
stat.ML 2405.00742
stat.ML 2405.00781
stat.ML 2405.00792
stat.ML 2405.00837
stat.ML 2405.00853
stat.ML 2405.00914
stat.ML 2405.00937
stat.ML 2405.00950
stat.ML 2405.01010
stat.ML 2405.01031
stat.ML 2405.01157
stat.ML 2405.01196
stat.ML 2405.01251
stat.ML 2405.01281
stat.ML 2405.01304
stat.ML 2405.01365
stat.ML 2405.01425
stat.ML 2405.01484
stat.ML 2405.01488
stat.ML 2405.01507
stat.ML 2405.01015
stat.ML 2405.01124
stat.ML 2405.01404
stat.AP 2404.17008
stat.AP 2404.17180
stat.AP 2404.17293
stat.AP 2404.17380
stat.AP 2404.17554
stat.AP 2404.17576
stat.AP 2404.17582
stat.AP 2404.17626
stat.AP 2404.17690
stat.AP 2404.17734
stat.AP 2404.17925
stat.AP 2404.18008
stat.AP 2404.18009
stat.AP 2404.18024
stat.AP 2404.18355
stat.AP 2404.18527
stat.AP 2404.18660
stat.AP 2404.18670
stat.AP 2404.18702
stat.AP 2404.18730
stat.AP 2404.18793
stat.AP 2404.18857
stat.AP 2404.17700
stat.AP 2404.17737
stat.AP 2404.17857
stat.AP 2404.18259
stat.AP 2404.18493
stat.AP 2404.18979
stat.AP 2404.18980
stat.AP 2404.19325
stat.AP 2404.19495
stat.AP 2405.00190
stat.AP 2405.00308
stat.AP 2405.00333
stat.AP 2405.00366
stat.AP 2405.00489
stat.AP 2405.00188
stat.AP 2405.00582
stat.AP 2405.00697
stat.AP 2405.00827
stat.AP 2405.01190
stat.AP 2405.00859
stat.AP 2405.01140
stat.AP 2405.01342
stat.AP 2405.01422
stat.AP 2405.01450
math.OC 2404.16900
math.OC 2404.17387
math.OC 2404.17474
eess.IV 2404.16852
eess.IV 2404.16913
math.OC 2404.17006
eess.IV 2404.17029
math.OC 2404.17109
math.OC 2404.17190
eess.IV 2404.17126
math.OC 2404.17375
math.OC 2404.17386
math.OC 2404.17455
math.OC 2404.17541
math.OC 2404.17543
math.OC 2404.17789
math.OC 2404.18041
math.OC 2404.18191
math.OC 2404.18348
math.OC 2404.18671
math.OC 2404.18684
math.OC 2404.18744
math.OC 2404.18794
math.OC 2404.18863
math.OC 2404.17600
eess.IV 2404.17170
math.OC 2404.17683
eess.IV 2404.17400
eess.IV 2404.17484
eess.IV 2404.16900
eess.IV 2404.16953
math.OC 2404.17689
eess.IV 2404.17015
math.OC 2404.17696
eess.IV 2404.17064
math.OC 2404.17717
eess.IV 2404.17083
math.OC 2404.17939
eess.IV 2404.17235
math.OC 2404.17986
eess.IV 2404.17357
math.OC 2404.18015
eess.IV 2404.17426
math.OC 2404.18034
eess.IV 2404.17745
math.OC 2404.18080
eess.IV 2404.17867
math.OC 2404.18093
eess.IV 2404.17917
math.OC 2404.18097
eess.IV 2404.17930
math.OC 2404.18121
eess.IV 2404.18152
math.OC 2404.18332
eess.IV 2404.18699
math.OC 2404.18380
eess.IV 2404.18924
math.OC 2404.18452
eess.IV 2404.17621
math.OC 2404.18535
eess.IV 2404.17670
eess.IV 2404.17704
eess.IV 2404.17742
eess.IV 2404.17851
math.OC 2404.18560
eess.IV 2404.17878
math.OC 2404.18561
eess.IV 2404.17890
math.OC 2404.18625
eess.IV 2404.17926
math.OC 2404.18652
eess.IV 2404.17994
math.OC 2404.18654
eess.IV 2404.18058
math.OC 2404.18724
eess.IV 2404.18096
math.OC 2404.18770
eess.IV 2404.18178
math.OC 2404.18834
eess.IV 2404.18294
math.OC 2404.18868
eess.IV 2404.18458
math.OC 2404.18889
eess.IV 2404.18599
eess.IV 2404.18820
eess.IV 2404.18946
eess.IV 2404.19108
eess.IV 2404.19242
math.OC 2404.19261
eess.IV 2404.19265
math.OC 2404.19308
math.OC 2404.19415
eess.IV 2404.19500
math.OC 2404.19547
eess.IV 2404.19567
math.OC 2404.18953
eess.IV 2404.19595
math.OC 2404.19185
eess.IV 2404.19609
math.OC 2404.19206
eess.IV 2404.19666
math.OC 2404.19241
eess.IV 2404.18950
math.OC 2404.19255
eess.IV 2404.18981
math.OC 2404.19378
eess.IV 2404.19075
math.OC 2404.19392
eess.IV 2404.19083
math.OC 2404.19407
math.OC 2404.19517
eess.IV 2404.19167
eess.IV 2404.19201
eess.IV 2404.19481
eess.IV 2404.19568
eess.IV 2404.19579
eess.IV 2404.19598
eess.IV 2404.19604
eess.IV 2405.00027
eess.IV 2405.00031
eess.IV 2405.00670
eess.IV 2405.00069
eess.IV 2405.00075
eess.IV 2405.00130
eess.IV 2405.00239
eess.IV 2405.00472
eess.IV 2405.00542
eess.IV 2405.00567
eess.IV 2405.00739
eess.IV 2405.00885
eess.IV 2405.01040
eess.IV 2405.01060
eess.IV 2405.01095
eess.IV 2405.01113
eess.IV 2405.01124
eess.IV 2405.01125
eess.IV 2405.01170
eess.IV 2405.01258
math.OC 2405.00268
math.OC 2405.00450
eess.IV 2405.00683
math.OC 2405.00058
eess.IV 2405.01503
math.OC 2405.00061
math.OC 2405.00065
math.OC 2405.00067
math.OC 2405.00068
math.OC 2405.00122
math.OC 2405.00126
math.OC 2405.00148
math.OC 2405.00162
math.OC 2405.00176
math.OC 2405.00224
math.OC 2405.00230
math.OC 2405.00282
math.OC 2405.00371
math.OC 2405.00389
math.OC 2405.00447
math.OC 2405.00486
math.OC 2405.00656
math.OC 2405.00782
math.OC 2405.00837
math.OC 2405.00838
math.OC 2405.00842
math.OC 2405.00867
math.OC 2405.00951
math.OC 2405.00985
math.OC 2405.01031
math.OC 2405.01127
math.OC 2405.01229
math.OC 2405.01404
math.OC 2405.01480
math.OC 2405.00891
math.OC 2405.00911
math.OC 2405.00914
math.OC 2405.00947
math.OC 2405.01047
math.OC 2405.01123
math.OC 2405.01208
math.OC 2405.01232
math.OC 2405.01241
math.OC 2405.01292
math.OC 2405.01387
math.OC 2405.01410
math.OC 2405.01424
math.OC 2405.01438
stat.TH 2404.16881
stat.TH 2404.16956
stat.TH 2404.17358
stat.TH 2404.17562
stat.TH 2404.17209
stat.TH 2404.17211
stat.TH 2404.17222
stat.TH 2404.17441
stat.TH 2404.17468
stat.TH 2404.17491
stat.TH 2404.17856
stat.TH 2404.18421
stat.TH 2404.18444
stat.TH 2404.18500
stat.TH 2404.18779
stat.TH 2404.18869
stat.TH 2404.17682
stat.TH 2404.17705
stat.TH 2404.17812
stat.TH 2404.17843
stat.TH 2404.17850
stat.TH 2404.18024
stat.TH 2404.18173
stat.TH 2404.18194
stat.TH 2404.18735
stat.TH 2404.18786
stat.TH 2404.18823
stat.TH 2404.19145
stat.TH 2404.19261
stat.TH 2404.19378
stat.TH 2404.19465
stat.TH 2404.19649
stat.TH 2404.19700
stat.TH 2404.19707
stat.TH 2404.19176
stat.TH 2404.19196
stat.TH 2404.19367
stat.TH 2404.19496
stat.TH 2404.19528
stat.TH 2405.00058
stat.TH 2405.00081
stat.TH 2405.00357
stat.TH 2405.00118
stat.TH 2405.00364
stat.TH 2405.00985
stat.TH 2405.01124
stat.TH 2405.01281
stat.TH 2405.01372
stat.TH 2405.01425
stat.TH 2405.01471
stat.TH 2405.00842
stat.TH 2405.00928
stat.TH 2405.00964
stat.TH 2405.00974
stat.TH 2405.01026
stat.TH 2405.01206
stat.TH 2405.01304
stat.TH 2405.01368
stat.CO 2404.16928
stat.CO 2404.17464
stat.CO 2404.17482
stat.CO 2404.17615
stat.CO 2404.17626
stat.CO 2404.17763
stat.CO 2404.17772
stat.CO 2404.17856
stat.CO 2404.18003
stat.CO 2404.18024
stat.CO 2404.18779
stat.CO 2404.18838
stat.CO 2404.18857
stat.CO 2404.18556
stat.CO 2404.19053
stat.CO 2404.19224
stat.CO 2405.00366
stat.CO 2405.00581
stat.CO 2405.00397
stat.CO 2405.01342
stat.CO 2405.01372
stat.CO 2405.00835
stat.CO 2405.01465
math.PR 2404.17006
math.PR 2404.17012
math.PR 2404.17114
math.PR 2404.17236
math.PR 2404.17309
math.PR 2404.17429
math.PR 2404.17441
math.PR 2404.17155
math.PR 2404.17197
math.PR 2404.17262
math.PR 2404.17278
math.PR 2404.17389
math.PR 2404.17404
math.PR 2404.17512
math.PR 2404.17527
math.PR 2404.17573
math.PR 2404.17692
math.PR 2404.17746
math.PR 2404.17959
math.PR 2404.17986
math.PR 2404.18140
math.PR 2404.18194
math.PR 2404.18233
math.PR 2404.18735
math.PR 2404.18761
math.PR 2404.18823
math.PR 2404.18869
math.PR 2404.18908
math.PR 2404.17950
math.PR 2404.17953
math.PR 2404.18044
math.PR 2404.18164
math.PR 2404.18242
math.PR 2404.18299
math.PR 2404.18364
math.PR 2404.18478
math.PR 2404.18489
math.PR 2404.18588
math.PR 2404.18634
math.PR 2404.18661
math.PR 2404.18778
math.PR 2404.18803
math.PR 2404.18902
math.PR 2404.18918
math.PR 2404.18920
math.PR 2404.19099
math.PR 2404.19196
math.PR 2404.19362
math.PR 2404.19681
math.PR 2404.19122
math.PR 2404.19215
math.PR 2404.19399
math.PR 2404.19447
math.PR 2404.19490
math.PR 2404.19499
math.PR 2404.19583
math.PR 2404.19662
math.PR 2404.19672
math.PR 2405.00067
math.PR 2405.00126
math.PR 2405.00329
math.PR 2405.00357
math.PR 2405.00364
math.PR 2405.00386
math.PR 2405.00583
math.PR 2405.00606
math.PR 2405.00610
math.PR 2405.00667
math.PR 2405.00081
math.PR 2405.00194
math.PR 2405.00363
math.PR 2405.00414
math.PR 2405.00806
math.PR 2405.01232
math.PR 2405.01343
math.PR 2405.01346
math.PR 2405.01441
math.PR 2405.01045
math.PR 2405.01127
math.PR 2405.01239
math.PR 2405.01318
math.PR 2405.01519
math.PR 2405.01523
eess.AS 2404.16905
eess.AS 2404.16969
eess.AS 2404.17022
eess.AS 2404.17161
eess.AS 2404.17280
eess.AS 2404.17107
eess.AS 2404.17490
eess.AS 2404.17552
eess.AS 2404.17608
eess.AS 2404.17721
eess.AS 2404.17806
eess.AS 2404.17821
eess.AS 2404.17968
eess.AS 2404.17983
eess.AS 2404.18002
eess.AS 2404.18081
eess.AS 2404.18355
eess.AS 2404.18514
eess.AS 2404.18791
eess.AS 2404.17810
eess.AS 2404.18501
eess.AS 2404.19187
eess.AS 2404.19212
eess.AS 2404.19214
eess.AS 2404.19441
eess.AS 2404.19615
eess.AS 2404.19622
eess.AS 2404.19375
eess.AS 2404.19723
eess.AS 2405.00233
eess.AS 2405.00248
eess.AS 2405.00307
eess.AS 2405.00367
eess.AS 2405.00384
eess.AS 2405.00603
eess.AS 2405.00930
eess.AS 2405.00966
eess.AS 2405.01004
eess.AS 2405.01207
eess.AS 2405.01242
eess.AS 2405.01293
eess.AS 2405.00934
eess.SP 2404.16844
eess.SP 2404.16848
eess.SP 2404.16920
eess.SP 2404.17069
eess.SP 2404.17144
eess.SP 2404.17161
eess.SP 2404.17175
eess.SP 2404.17263
eess.SP 2404.17270
eess.SP 2404.17318
eess.SP 2404.17325
eess.SP 2404.17490
eess.SP 2404.17519
eess.SP 2404.17554
eess.SP 2404.17089
eess.SP 2404.17138
eess.SP 2404.17411
eess.SP 2404.17585
eess.SP 2404.17973
eess.SP 2404.18032
eess.SP 2404.18105
eess.SP 2404.18406
eess.SP 2404.18705
eess.SP 2404.18850
eess.SP 2404.17667
eess.SP 2404.17736
eess.SP 2404.17755
eess.SP 2404.17823
eess.SP 2404.17903
eess.SP 2404.18010
eess.SP 2404.18046
eess.SP 2404.18516
eess.SP 2404.18650
eess.SP 2404.18799
eess.SP 2404.18990
eess.SP 2404.19073
eess.SP 2404.19090
eess.SP 2404.19117
eess.SP 2404.19467
eess.SP 2404.19541
eess.SP 2404.19749
eess.SP 2404.19750
eess.SP 2404.19182
eess.SP 2404.19297
eess.SP 2404.19463
eess.SP 2404.19477
eess.SP 2404.19538
eess.SP 2404.19611
eess.SP 2404.19646
eess.SP 2405.00077
eess.SP 2405.00135
eess.SP 2405.00213
eess.SP 2405.00233
eess.SP 2405.00365
eess.SP 2405.00391
eess.SP 2405.00426
eess.SP 2405.00577
eess.SP 2405.00665
eess.SP 2405.00121
eess.SP 2405.00180
eess.SP 2405.00345
eess.SP 2405.00372
eess.SP 2405.00407
eess.SP 2405.00572
eess.SP 2405.00598
eess.SP 2405.00830
eess.SP 2405.00837
eess.SP 2405.00842
eess.SP 2405.00945
eess.SP 2405.00979
eess.SP 2405.01000
eess.SP 2405.01104
eess.SP 2405.01136
eess.SP 2405.01146
eess.SP 2405.01167
eess.SP 2405.01172
eess.SP 2405.01215
eess.SP 2405.01230
eess.SP 2405.01260
eess.SP 2405.01352
eess.SP 2405.01365
eess.SP 2405.01515
eess.SP 2405.01521
eess.SP 2405.00678
eess.SP 2405.00681
eess.SP 2405.00682
eess.SP 2405.00712
eess.SP 2405.00714
eess.SP 2405.00719
eess.SP 2405.00720
eess.SP 2405.00721
eess.SP 2405.00723
eess.SP 2405.00724
eess.SP 2405.00725
eess.SP 2405.00726
eess.SP 2405.00727
eess.SP 2405.00733
eess.SP 2405.00734
eess.SP 2405.00736
eess.SP 2405.00741
eess.SP 2405.00833
eess.SP 2405.00887
eess.SP 2405.01023
eess.SP 2405.01161
eess.SP 2405.01197
eess.SP 2405.01220
eess.SP 2405.01303
eess.SP 2405.01358
eess.SP 2405.01362
math.DS 2404.16861
math.DS 2404.17082
math.DS 2404.17220
math.DS 2404.17506
math.DS 2404.17076
math.DS 2404.17321
math.DS 2404.17356
math.DS 2404.17414
math.DS 2404.17500
math.DS 2404.17603
math.DS 2404.17702
math.DS 2404.17726
math.DS 2404.18613
math.DS 2404.17899
math.DS 2404.17932
math.DS 2404.18140
math.DS 2404.18487
math.DS 2404.18488
math.DS 2404.18495
math.DS 2404.18704
math.DS 2404.18734
math.DS 2404.18815
math.DS 2404.19078
math.DS 2404.19136
math.DS 2404.19626
math.DS 2404.19099
math.DS 2404.19450
math.DS 2404.19455
math.DS 2405.00165
math.DS 2405.00249
math.DS 2405.00363
math.DS 2405.00539
math.DS 2405.00607
math.DS 2405.00610
math.DS 2405.00317
math.DS 2405.00323
math.DS 2405.00463
math.DS 2405.00520
math.DS 2405.00605
math.DS 2405.00707
math.DS 2405.01106
math.DS 2405.01321
math.DS 2405.00782
math.DS 2405.00939
math.DS 2405.01343
