cs.FL 2211.06818
cs.FL 2408.16335
cs.FL 2408.17133
cs.FL 2408.17326
cs.FL 2408.17368
cs.FL 2409.01079
cs.FL 2409.01221
cs.FL 2409.02259
cs.FL 2409.02747
cs.FL 2409.03327
cs.FL 2409.03169
cs.FL 2409.03569
cs.CG 2408.16575
cs.CG 2408.16716
cs.CG 2408.16112
cs.CG 2408.17126
cs.CG 2408.17369
cs.CG 2408.16946
cs.CG 2408.17343
cs.CG 2409.00829
cs.CG 2409.01732
cs.CG 2409.01475
cs.CG 2409.01723
cs.CG 2409.01889
cs.CG 2409.02858
cs.CG 2409.02901
cs.CG 2409.02833
cs.CG 2409.03575
cs.CG 2409.03579
cs.DS 2408.16655
cs.DS 2408.16092
cs.DS 2408.16108
cs.DS 2408.16298
cs.DS 2408.16566
cs.DS 2408.16692
cs.DS 2408.16950
cs.DS 2408.17148
cs.DS 2408.17165
cs.DS 2408.17425
cs.DS 2408.17042
cs.DS 2408.17126
cs.DS 2408.17369
cs.DS 2409.00459
cs.DS 2409.00828
cs.DS 2409.00876
cs.DS 2409.00966
cs.DS 2409.01452
cs.DS 2409.01889
cs.DS 2409.01942
cs.DS 2409.00245
cs.DS 2409.00770
cs.DS 2409.00771
cs.DS 2409.00794
cs.DS 2409.01010
cs.DS 2409.01688
cs.DS 2409.02206
cs.DS 2409.02259
cs.DS 2409.02571
cs.DS 2409.02833
cs.DS 2409.02208
cs.DS 2409.02406
cs.DS 2409.02455
cs.DS 2409.02757
cs.DS 2409.02852
cs.DS 2409.02858
cs.DS 2409.03491
cs.DS 2409.03545
cs.DS 2409.03684
cs.DS 2409.02943
cs.DS 2409.03020
cs.DS 2409.03071
cs.DS 2409.03526
cs.DS 2409.03596
cs.DS 2409.03675
cs.DS 2409.03681
cs.GR 2408.16005
cs.GR 2408.16659
cs.GR 2408.16762
cs.GR 2408.16767
cs.GR 2408.16110
cs.GR 2408.16258
cs.GR 2408.16982
cs.GR 2408.17143
cs.GR 2409.00042
cs.GR 2409.00255
cs.GR 2409.00829
cs.GR 2409.01502
cs.GR 2409.01591
cs.GR 2409.02095
cs.GR 2409.02108
cs.GR 2409.00043
cs.GR 2409.00184
cs.GR 2409.00831
cs.GR 2409.01421
cs.GR 2409.02376
cs.GR 2409.02482
cs.GR 2409.02771
cs.GR 2409.02115
cs.GR 2409.03032
cs.GR 2409.03061
cs.GR 2409.03164
cs.GR 2409.03190
cs.GR 2409.03718
cs.GR 2409.03143
cs.GT 2408.16081
cs.GT 2408.16271
cs.GT 2408.17180
cs.GT 2408.17196
cs.GT 2409.00717
cs.GT 2409.00832
cs.GT 2409.00236
cs.GT 2409.00243
cs.GT 2409.00376
cs.GT 2409.00444
cs.GT 2409.00559
cs.GT 2409.01452
cs.GT 2409.01525
cs.GT 2409.01963
cs.GT 2409.02609
cs.GT 2409.02663
cs.GT 2409.02706
cs.GT 2409.02777
cs.GT 2409.02960
cs.GT 2409.03607
cs.GT 2409.03751
cs.GT 2409.03129
cs.GT 2409.03594
cs.DB 2408.16288
cs.DB 2408.16430
cs.DB 2408.16036
cs.DB 2408.16170
cs.DB 2408.16173
cs.DB 2408.16237
cs.DB 2408.16422
cs.DB 2408.17157
cs.DB 2408.17209
cs.DB 2408.17320
cs.DB 2408.17378
cs.DB 2409.02038
cs.DB 2409.00847
cs.DB 2409.01088
cs.DB 2409.01102
cs.DB 2409.01388
cs.DB 2409.01517
cs.DB 2409.01648
cs.DB 2409.01675
cs.DB 2409.01736
cs.DB 2409.02088
cs.DB 2409.02571
cs.DB 2409.02808
cs.DB 2409.02968
cs.DB 2409.03478
cs.AI 2408.16003
cs.AI 2408.16008
cs.AI 2408.16011
cs.AI 2408.16017
cs.AI 2408.16018
cs.AI 2408.16021
cs.AI 2408.16027
cs.AI 2408.16029
cs.AI 2408.16030
cs.AI 2408.16031
cs.AI 2408.16032
cs.AI 2408.16036
cs.AI 2408.16068
cs.AI 2408.16073
cs.AI 2408.16074
cs.AI 2408.16088
cs.AI 2408.16119
cs.AI 2408.16123
cs.AI 2408.16126
cs.AI 2408.16163
cs.AI 2408.16169
cs.AI 2408.16173
cs.AI 2408.16187
cs.AI 2408.16189
cs.AI 2408.16200
cs.AI 2408.16202
cs.AI 2408.16213
cs.AI 2408.16221
cs.AI 2408.16224
cs.AI 2408.16231
cs.AI 2408.16232
cs.AI 2408.16256
cs.AI 2408.16261
cs.AI 2408.16264
cs.AI 2408.16272
cs.AI 2408.16288
cs.AI 2408.16293
cs.AI 2408.16307
cs.AI 2408.16313
cs.AI 2408.16333
cs.AI 2408.16343
cs.AI 2408.16353
cs.AI 2408.16414
cs.AI 2408.16426
cs.AI 2408.16429
cs.AI 2408.16442
cs.AI 2408.16495
cs.AI 2408.16517
cs.AI 2408.16537
cs.AI 2408.16577
cs.AI 2408.16586
cs.AI 2408.16601
cs.AI 2408.16620
cs.AI 2408.16621
cs.AI 2408.16629
cs.AI 2408.16632
cs.AI 2408.16633
cs.AI 2408.16634
cs.AI 2408.16647
cs.AI 2408.16667
cs.AI 2408.16672
cs.AI 2408.16673
cs.AI 2408.16717
cs.AI 2408.16737
cs.AI 2408.16749
cs.AI 2408.16757
cs.AI 2408.16765
cs.AI 2408.16767
cs.AI 2408.16768
cs.AI 2408.16081
cs.AI 2408.16331
cs.AI 2408.16725
cs.AI 2408.16772
cs.AI 2408.16776
cs.AI 2408.16779
cs.AI 2408.16780
cs.AI 2408.16792
cs.AI 2408.16798
cs.AI 2408.16803
cs.AI 2408.16806
cs.AI 2408.16871
cs.AI 2408.16913
cs.AI 2408.16928
cs.AI 2408.16932
cs.AI 2408.16942
cs.AI 2408.16945
cs.AI 2408.16952
cs.AI 2408.16958
cs.AI 2408.16961
cs.AI 2408.16966
cs.AI 2408.16967
cs.AI 2408.16975
cs.AI 2408.16978
cs.AI 2408.17003
cs.AI 2408.17010
cs.AI 2408.17011
cs.AI 2408.17017
cs.AI 2408.17059
cs.AI 2408.17064
cs.AI 2408.17090
cs.AI 2408.17103
cs.AI 2408.17119
cs.AI 2408.17129
cs.AI 2408.17131
cs.AI 2408.17136
cs.AI 2408.17145
cs.AI 2408.17150
cs.AI 2408.17162
cs.AI 2408.17175
cs.AI 2408.17183
cs.AI 2408.17186
cs.AI 2408.17235
cs.AI 2408.17251
cs.AI 2408.17253
cs.AI 2408.17267
cs.AI 2408.17286
cs.AI 2408.17298
cs.AI 2408.17307
cs.AI 2408.17313
cs.AI 2408.17322
cs.AI 2408.17324
cs.AI 2408.17344
cs.AI 2408.17352
cs.AI 2408.17354
cs.AI 2408.17355
cs.AI 2408.17356
cs.AI 2408.17366
cs.AI 2408.17377
cs.AI 2408.17379
cs.AI 2408.17383
cs.AI 2408.17404
cs.AI 2408.17422
cs.AI 2408.17431
cs.AI 2408.17443
cs.AI 2408.16984
cs.AI 2408.17101
cs.AI 2408.17180
cs.AI 2408.17190
cs.AI 2408.17198
cs.AI 2408.17233
cs.AI 2408.17280
cs.AI 2408.17316
cs.AI 2408.17380
cs.AI 2408.17401
cs.AI 2408.07341
cs.AI 2408.14792
cs.AI 2409.00001
cs.AI 2409.00005
cs.AI 2409.00007
cs.AI 2409.00009
cs.AI 2409.00012
cs.AI 2409.00014
cs.AI 2409.00015
cs.AI 2409.00021
cs.AI 2409.00022
cs.AI 2409.00030
cs.AI 2409.00031
cs.AI 2409.00041
cs.AI 2409.00054
cs.AI 2409.00061
cs.AI 2409.00064
cs.AI 2409.00069
cs.AI 2409.00070
cs.AI 2409.00082
cs.AI 2409.00083
cs.AI 2409.00084
cs.AI 2409.00087
cs.AI 2409.00089
cs.AI 2409.00090
cs.AI 2409.00091
cs.AI 2409.00092
cs.AI 2409.00094
cs.AI 2409.00096
cs.AI 2409.00097
cs.AI 2409.00099
cs.AI 2409.00103
cs.AI 2409.00105
cs.AI 2409.00106
cs.AI 2409.00107
cs.AI 2409.00112
cs.AI 2409.00113
cs.AI 2409.00115
cs.AI 2409.00119
cs.AI 2409.00120
cs.AI 2409.00121
cs.AI 2409.00122
cs.AI 2409.00124
cs.AI 2409.00125
cs.AI 2409.00127
cs.AI 2409.00128
cs.AI 2409.00130
cs.AI 2409.00131
cs.AI 2409.00133
cs.AI 2409.00134
cs.AI 2409.00135
cs.AI 2409.00137
cs.AI 2409.00138
cs.AI 2409.00140
cs.AI 2409.00142
cs.AI 2409.00143
cs.AI 2409.00147
cs.AI 2409.00149
cs.AI 2409.00151
cs.AI 2409.00158
cs.AI 2409.00159
cs.AI 2409.00160
cs.AI 2409.00162
cs.AI 2409.00163
cs.AI 2409.00196
cs.AI 2409.00230
cs.AI 2409.00237
cs.AI 2409.00240
cs.AI 2409.00255
cs.AI 2409.00264
cs.AI 2409.00284
cs.AI 2409.00286
cs.AI 2409.00294
cs.AI 2409.00310
cs.AI 2409.00315
cs.AI 2409.00316
cs.AI 2409.00327
cs.AI 2409.00331
cs.AI 2409.00335
cs.AI 2409.00338
cs.AI 2409.00356
cs.AI 2409.00358
cs.AI 2409.00391
cs.AI 2409.00418
cs.AI 2409.00438
cs.AI 2409.00448
cs.AI 2409.00488
cs.AI 2409.00489
cs.AI 2409.00510
cs.AI 2409.00513
cs.AI 2409.00518
cs.AI 2409.00544
cs.AI 2409.00547
cs.AI 2409.00551
cs.AI 2409.00553
cs.AI 2409.00557
cs.AI 2409.00564
cs.AI 2409.00571
cs.AI 2409.00584
cs.AI 2409.00592
cs.AI 2409.00614
cs.AI 2409.00617
cs.AI 2409.00620
cs.AI 2409.00625
cs.AI 2409.00639
cs.AI 2409.00658
cs.AI 2409.00667
cs.AI 2409.00687
cs.AI 2409.00695
cs.AI 2409.00696
cs.AI 2409.00700
cs.AI 2409.00707
cs.AI 2409.00717
cs.AI 2409.00718
cs.AI 2409.00721
cs.AI 2409.00724
cs.AI 2409.00726
cs.AI 2409.00742
cs.AI 2409.00743
cs.AI 2409.00750
cs.AI 2409.00755
cs.AI 2409.00787
cs.AI 2409.00807
cs.AI 2409.00810
cs.AI 2409.00839
cs.AI 2409.00844
cs.AI 2409.00847
cs.AI 2409.00856
cs.AI 2409.00858
cs.AI 2409.00861
cs.AI 2409.00873
cs.AI 2409.00879
cs.AI 2409.00887
cs.AI 2409.00899
cs.AI 2409.00904
cs.AI 2409.00909
cs.AI 2409.00919
cs.AI 2409.00920
cs.AI 2409.00921
cs.AI 2409.00923
cs.AI 2409.00940
cs.AI 2409.00946
cs.AI 2409.00947
cs.AI 2409.00951
cs.AI 2409.00968
cs.AI 2409.00974
cs.AI 2409.00980
cs.AI 2409.00985
cs.AI 2409.00991
cs.AI 2409.01013
cs.AI 2409.01014
cs.AI 2409.01038
cs.AI 2409.01046
cs.AI 2409.01053
cs.AI 2409.01073
cs.AI 2409.01074
cs.AI 2409.01081
cs.AI 2409.01083
cs.AI 2409.01086
cs.AI 2409.01087
cs.AI 2409.01092
cs.AI 2409.01093
cs.AI 2409.01104
cs.AI 2409.01124
cs.AI 2409.01133
cs.AI 2409.01137
cs.AI 2409.01138
cs.AI 2409.01145
cs.AI 2409.01148
cs.AI 2409.01160
cs.AI 2409.01175
cs.AI 2409.01201
cs.AI 2409.01216
cs.AI 2409.01241
cs.AI 2409.01245
cs.AI 2409.01256
cs.AI 2409.01281
cs.AI 2409.01303
cs.AI 2409.01315
cs.AI 2409.01326
cs.AI 2409.01330
cs.AI 2409.01345
cs.AI 2409.01362
cs.AI 2409.01366
cs.AI 2409.01369
cs.AI 2409.01382
cs.AI 2409.01387
cs.AI 2409.01392
cs.AI 2409.01411
cs.AI 2409.01437
cs.AI 2409.01466
cs.AI 2409.01491
cs.AI 2409.01502
cs.AI 2409.01514
cs.AI 2409.01524
cs.AI 2409.01531
cs.AI 2409.01532
cs.AI 2409.01534
cs.AI 2409.01540
cs.AI 2409.01545
cs.AI 2409.01548
cs.AI 2409.01552
cs.AI 2409.01555
cs.AI 2409.01556
cs.AI 2409.01560
cs.AI 2409.01572
cs.AI 2409.01573
cs.AI 2409.01579
cs.AI 2409.01581
cs.AI 2409.01586
cs.AI 2409.01596
cs.AI 2409.01605
cs.AI 2409.01610
cs.AI 2409.01622
cs.AI 2409.01630
cs.AI 2409.01633
cs.AI 2409.01635
cs.AI 2409.01652
cs.AI 2409.01668
cs.AI 2409.01672
cs.AI 2409.01676
cs.AI 2409.01679
cs.AI 2409.01688
cs.AI 2409.01695
cs.AI 2409.01713
cs.AI 2409.01754
cs.AI 2409.01790
cs.AI 2409.01808
cs.AI 2409.01864
cs.AI 2409.01871
cs.AI 2409.01872
cs.AI 2409.01876
cs.AI 2409.01893
cs.AI 2409.01901
cs.AI 2409.01909
cs.AI 2409.01914
cs.AI 2409.01928
cs.AI 2409.01931
cs.AI 2409.01952
cs.AI 2409.01974
cs.AI 2409.01992
cs.AI 2409.01995
cs.AI 2409.02008
cs.AI 2409.02017
cs.AI 2409.02018
cs.AI 2409.02038
cs.AI 2409.02045
cs.AI 2409.02049
cs.AI 2409.02060
cs.AI 2409.02095
cs.AI 2409.02098
cs.AI 2409.00129
cs.AI 2409.00265
cs.AI 2409.00359
cs.AI 2409.00447
cs.AI 2409.00494
cs.AI 2409.00706
cs.AI 2409.00727
cs.AI 2409.00735
cs.AI 2409.00754
cs.AI 2409.00824
cs.AI 2409.00830
cs.AI 2409.00837
cs.AI 2409.00853
cs.AI 2409.01007
cs.AI 2409.01066
cs.AI 2409.01178
cs.AI 2409.01247
cs.AI 2409.01344
cs.AI 2409.01374
cs.AI 2409.01612
cs.AI 2409.01806
cs.AI 2409.01815
cs.AI 2409.01903
cs.AI 2409.01927
cs.AI 2409.02069
cs.AI 2409.02100
cs.AI 2211.01294
cs.AI 2409.02114
cs.AI 2409.02118
cs.AI 2409.02119
cs.AI 2409.02122
cs.AI 2409.02123
cs.AI 2409.02124
cs.AI 2409.02127
cs.AI 2409.02128
cs.AI 2409.02130
cs.AI 2409.02134
cs.AI 2409.02136
cs.AI 2409.02138
cs.AI 2409.02139
cs.AI 2409.02140
cs.AI 2409.02141
cs.AI 2409.02145
cs.AI 2409.02148
cs.AI 2409.02152
cs.AI 2409.02219
cs.AI 2409.02239
cs.AI 2409.02245
cs.AI 2409.02251
cs.AI 2409.02261
cs.AI 2409.02270
cs.AI 2409.02284
cs.AI 2409.02302
cs.AI 2409.02313
cs.AI 2409.02322
cs.AI 2409.02326
cs.AI 2409.02337
cs.AI 2409.02343
cs.AI 2409.02370
cs.AI 2409.02376
cs.AI 2409.02389
cs.AI 2409.02390
cs.AI 2409.02391
cs.AI 2409.02404
cs.AI 2409.02413
cs.AI 2409.02423
cs.AI 2409.02428
cs.AI 2409.02448
cs.AI 2409.02449
cs.AI 2409.02451
cs.AI 2409.02483
cs.AI 2409.02485
cs.AI 2409.02486
cs.AI 2409.02489
cs.AI 2409.02495
cs.AI 2409.02512
cs.AI 2409.02530
cs.AI 2409.02555
cs.AI 2409.02569
cs.AI 2409.02572
cs.AI 2409.02574
cs.AI 2409.02580
cs.AI 2409.02598
cs.AI 2409.02629
cs.AI 2409.02649
cs.AI 2409.02657
cs.AI 2409.02669
cs.AI 2409.02672
cs.AI 2409.02681
cs.AI 2409.02685
cs.AI 2409.02686
cs.AI 2409.02691
cs.AI 2409.02693
cs.AI 2409.02702
cs.AI 2409.02720
cs.AI 2409.02747
cs.AI 2409.02779
cs.AI 2409.02808
cs.AI 2409.02810
cs.AI 2409.02836
cs.AI 2409.02840
cs.AI 2409.02850
cs.AI 2409.02871
cs.AI 2409.02883
cs.AI 2409.02889
cs.AI 2409.02908
cs.AI 2409.02917
cs.AI 2409.02920
cs.AI 2409.02291
cs.AI 2409.02387
cs.AI 2409.02522
cs.AI 2409.02549
cs.AI 2409.02561
cs.AI 2409.02632
cs.AI 2409.02697
cs.AI 2409.02711
cs.AI 2409.02760
cs.AI 2409.02864
cs.AI 2409.02877
cs.AI 2409.02938
cs.AI 2409.02958
cs.AI 2409.02960
cs.AI 2409.02976
cs.AI 2409.02977
cs.AI 2409.03043
cs.AI 2409.03060
cs.AI 2409.03062
cs.AI 2409.03077
cs.AI 2409.03147
cs.AI 2409.03155
cs.AI 2409.03166
cs.AI 2409.03183
cs.AI 2409.03203
cs.AI 2409.03206
cs.AI 2409.03215
cs.AI 2409.03219
cs.AI 2409.03239
cs.AI 2409.03254
cs.AI 2409.03256
cs.AI 2409.03257
cs.AI 2409.03261
cs.AI 2409.03274
cs.AI 2409.03291
cs.AI 2409.03295
cs.AI 2409.03320
cs.AI 2409.03346
cs.AI 2409.03375
cs.AI 2409.03377
cs.AI 2409.03381
cs.AI 2409.03384
cs.AI 2409.03404
cs.AI 2409.03429
cs.AI 2409.03439
cs.AI 2409.03444
cs.AI 2409.03454
cs.AI 2409.03463
cs.AI 2409.03470
cs.AI 2409.03500
cs.AI 2409.03516
cs.AI 2409.03543
cs.AI 2409.03550
cs.AI 2409.03563
cs.AI 2409.03597
cs.AI 2409.03646
cs.AI 2409.03669
cs.AI 2409.03685
cs.AI 2409.03707
cs.AI 2409.03715
cs.AI 2409.03717
cs.AI 2409.03733
cs.AI 2409.03735
cs.AI 2409.03753
cs.AI 2409.03757
cs.AI 2409.03167
cs.AI 2409.03260
cs.AI 2409.03271
cs.AI 2409.03277
cs.AI 2409.03284
cs.AI 2409.03402
cs.AI 2409.03671
cs.AR 2408.16096
cs.AR 2408.16246
cs.AR 2408.17211
cs.AR 2403.16750
cs.AR 2409.00086
cs.AR 2409.01712
cs.AR 2409.01881
cs.AR 2409.01952
cs.AR 2409.00495
cs.AR 2409.00661
cs.AR 2409.01141
cs.AR 2409.01387
cs.AR 2409.01836
cs.AR 2409.02553
cs.AR 2409.02227
cs.AR 2409.03119
cs.AR 2409.03384
cs.AR 2409.03508
cs.DM 2408.16085
cs.DM 2408.16121
cs.DM 2408.16344
cs.DM 2408.16457
cs.DM 2408.16566
cs.DM 2408.16733
cs.DM 2408.17107
cs.DM 2408.17229
cs.DM 2408.17272
cs.DM 2408.17369
cs.DM 2408.17283
cs.DM 2409.00672
cs.DM 2409.00827
cs.DM 2409.01475
cs.DM 2409.01656
cs.DM 2409.01692
cs.DM 2409.01723
cs.DM 2409.01732
cs.DM 2409.01733
cs.DM 2409.00350
cs.DM 2409.01006
cs.DM 2409.01681
cs.DM 2409.01727
cs.DM 2409.02457
cs.DM 2409.02733
cs.DM 2409.02206
cs.DM 2409.02520
cs.DM 2409.03018
cs.DM 2409.03394
cs.DM 2409.03510
cs.DM 2409.03670
cs.DM 2409.03690
cs.DC 2408.16100
cs.DC 2408.16159
cs.DC 2408.16424
cs.DC 2408.16592
cs.DC 2408.16084
cs.DC 2408.16094
cs.DC 2408.16849
cs.DC 2408.16978
cs.DC 2408.17211
cs.DC 2409.00327
cs.DC 2409.00605
cs.DC 2409.00848
cs.DC 2409.01387
cs.DC 2409.01683
cs.DC 2409.01707
cs.DC 2409.01722
cs.DC 2409.02008
cs.DC 2409.02044
cs.DC 2409.02088
cs.DC 2409.00287
cs.DC 2409.00550
cs.DC 2409.00577
cs.DC 2409.00657
cs.DC 2409.00688
cs.DC 2409.00801
cs.DC 2409.00822
cs.DC 2409.00876
cs.DC 2409.00918
cs.DC 2409.01075
cs.DC 2409.01143
cs.DC 2409.01305
cs.DC 2409.01576
cs.DC 2409.01749
cs.DC 2409.01990
cs.DC 2409.02085
cs.DC 2409.02137
cs.DC 2409.02227
cs.DC 2409.02294
cs.DC 2409.02346
cs.DC 2409.02214
cs.DC 2409.02217
cs.DC 2409.02423
cs.DC 2409.02548
cs.DC 2409.02830
cs.DC 2409.03094
cs.DC 2409.03095
cs.DC 2409.03029
cs.DC 2409.03365
cs.DC 2409.03391
cs.HC 2408.16099
cs.HC 2408.16331
cs.HC 2408.16430
cs.HC 2408.16725
cs.HC 2408.16755
cs.HC 2408.16007
cs.HC 2408.16072
cs.HC 2408.16077
cs.HC 2408.16078
cs.HC 2408.16079
cs.HC 2408.16080
cs.HC 2408.16119
cs.HC 2408.16145
cs.HC 2408.16315
cs.HC 2408.16346
cs.HC 2408.16465
cs.HC 2408.16479
cs.HC 2408.16702
cs.HC 2408.16865
cs.HC 2408.16949
cs.HC 2408.17424
cs.HC 2408.16782
cs.HC 2408.16837
cs.HC 2408.16900
cs.HC 2408.16961
cs.HC 2408.17012
cs.HC 2408.17119
cs.HC 2408.17186
cs.HC 2408.17314
cs.HC 2408.17408
cs.HC 2409.00026
cs.HC 2409.00035
cs.HC 2409.00043
cs.HC 2409.00064
cs.HC 2409.00083
cs.HC 2409.00086
cs.HC 2409.00101
cs.HC 2409.00112
cs.HC 2409.00255
cs.HC 2409.00721
cs.HC 2409.00858
cs.HC 2409.00983
cs.HC 2409.01138
cs.HC 2409.01174
cs.HC 2409.01342
cs.HC 2409.01754
cs.HC 2409.01762
cs.HC 2409.01903
cs.HC 2409.01947
cs.HC 2409.01962
cs.HC 2409.02074
cs.HC 2409.00012
cs.HC 2409.00017
cs.HC 2409.00031
cs.HC 2409.00042
cs.HC 2409.00047
cs.HC 2409.00048
cs.HC 2409.00051
cs.HC 2409.00056
cs.HC 2409.00069
cs.HC 2409.00079
cs.HC 2409.00203
cs.HC 2409.00211
cs.HC 2409.00383
cs.HC 2409.00413
cs.HC 2409.00615
cs.HC 2409.00737
cs.HC 2409.00739
cs.HC 2409.00784
cs.HC 2409.00862
cs.HC 2409.00890
cs.HC 2409.00962
cs.HC 2409.00982
cs.HC 2409.01027
cs.HC 2409.01056
cs.HC 2409.01176
cs.HC 2409.01240
cs.HC 2409.01283
cs.HC 2409.01302
cs.HC 2409.01339
cs.HC 2409.01399
cs.HC 2409.01709
cs.HC 2409.01803
cs.HC 2409.01867
cs.HC 2409.01907
cs.HC 2409.02017
cs.HC 2409.02036
cs.HC 2409.02053
cs.HC 2409.02224
cs.HC 2409.02291
cs.HC 2409.02376
cs.HC 2409.02449
cs.HC 2409.02485
cs.HC 2409.02556
cs.HC 2409.02569
cs.HC 2409.02632
cs.HC 2409.02647
cs.HC 2409.02244
cs.HC 2409.02358
cs.HC 2409.02364
cs.HC 2409.02579
cs.HC 2409.02691
cs.HC 2409.02823
cs.HC 2409.02907
cs.HC 2409.03148
cs.HC 2409.03219
cs.HC 2409.03271
cs.HC 2409.03470
cs.HC 2409.03646
cs.HC 2409.03753
cs.HC 2409.03012
cs.HC 2409.03044
cs.HC 2409.03054
cs.HC 2409.03072
cs.HC 2409.03086
cs.HC 2409.03153
cs.HC 2409.03247
cs.HC 2409.03251
cs.HC 2409.03611
cs.CL 2408.16081
cs.CL 2408.16180
cs.CL 2408.16208
cs.CL 2408.16213
cs.CL 2408.16221
cs.CL 2408.16667
cs.CL 2408.16672
cs.CL 2408.16725
cs.CL 2408.16768
cs.CL 2408.16012
cs.CL 2408.16073
cs.CL 2408.16089
cs.CL 2408.16098
cs.CL 2408.16131
cs.CL 2408.16163
cs.CL 2408.16209
cs.CL 2408.16241
cs.CL 2408.16264
cs.CL 2408.16276
cs.CL 2408.16287
cs.CL 2408.16293
cs.CL 2408.16326
cs.CL 2408.16345
cs.CL 2408.16390
cs.CL 2408.16440
cs.CL 2408.16444
cs.CL 2408.16446
cs.CL 2408.16482
cs.CL 2408.16493
cs.CL 2408.16502
cs.CL 2408.16518
cs.CL 2408.16542
cs.CL 2408.16570
cs.CL 2408.16586
cs.CL 2408.16737
cs.CL 2408.16740
cs.CL 2408.16749
cs.CL 2408.16751
cs.CL 2408.16753
cs.CL 2408.16756
cs.CL 2408.16809
cs.CL 2408.16966
cs.CL 2408.17175
cs.CL 2408.17280
cs.CL 2408.17316
cs.CL 2408.17322
cs.CL 2408.17324
cs.CL 2408.17443
cs.CL 2408.16779
cs.CL 2408.16857
cs.CL 2408.16889
cs.CL 2408.16893
cs.CL 2408.16928
cs.CL 2408.16932
cs.CL 2408.16937
cs.CL 2408.16942
cs.CL 2408.16967
cs.CL 2408.16991
cs.CL 2408.17017
cs.CL 2408.17024
cs.CL 2408.17026
cs.CL 2408.17070
cs.CL 2408.17072
cs.CL 2408.17181
cs.CL 2408.17308
cs.CL 2408.17325
cs.CL 2408.17362
cs.CL 2408.17377
cs.CL 2408.17428
cs.CL 2408.17437
cs.CL 2408.14792
cs.CL 2409.00010
cs.CL 2409.00065
cs.CL 2409.00119
cs.CL 2409.00124
cs.CL 2409.00137
cs.CL 2409.00255
cs.CL 2409.00347
cs.CL 2409.00483
cs.CL 2409.00543
cs.CL 2409.00597
cs.CL 2409.00721
cs.CL 2409.00727
cs.CL 2409.00729
cs.CL 2409.00819
cs.CL 2409.00830
cs.CL 2409.00844
cs.CL 2409.00856
cs.CL 2409.00920
cs.CL 2409.00986
cs.CL 2409.01071
cs.CL 2409.01073
cs.CL 2409.01193
cs.CL 2409.01344
cs.CL 2409.01380
cs.CL 2409.01483
cs.CL 2409.01545
cs.CL 2409.01548
cs.CL 2409.01628
cs.CL 2409.01690
cs.CL 2409.01754
cs.CL 2409.01763
cs.CL 2409.01806
cs.CL 2409.01835
cs.CL 2409.01864
cs.CL 2409.01901
cs.CL 2409.02026
cs.CL 2409.00054
cs.CL 2409.00060
cs.CL 2409.00061
cs.CL 2409.00063
cs.CL 2409.00064
cs.CL 2409.00068
cs.CL 2409.00070
cs.CL 2409.00071
cs.CL 2409.00077
cs.CL 2409.00082
cs.CL 2409.00084
cs.CL 2409.00085
cs.CL 2409.00088
cs.CL 2409.00090
cs.CL 2409.00091
cs.CL 2409.00092
cs.CL 2409.00094
cs.CL 2409.00096
cs.CL 2409.00097
cs.CL 2409.00098
cs.CL 2409.00099
cs.CL 2409.00103
cs.CL 2409.00105
cs.CL 2409.00106
cs.CL 2409.00112
cs.CL 2409.00113
cs.CL 2409.00116
cs.CL 2409.00120
cs.CL 2409.00128
cs.CL 2409.00131
cs.CL 2409.00133
cs.CL 2409.00135
cs.CL 2409.00138
cs.CL 2409.00142
cs.CL 2409.00147
cs.CL 2409.00151
cs.CL 2409.00158
cs.CL 2409.00159
cs.CL 2409.00162
cs.CL 2409.00164
cs.CL 2409.00202
cs.CL 2409.00209
cs.CL 2409.00214
cs.CL 2409.00217
cs.CL 2409.00222
cs.CL 2409.00238
cs.CL 2409.00262
cs.CL 2409.00269
cs.CL 2409.00272
cs.CL 2409.00275
cs.CL 2409.00279
cs.CL 2409.00286
cs.CL 2409.00292
cs.CL 2409.00315
cs.CL 2409.00323
cs.CL 2409.00331
cs.CL 2409.00335
cs.CL 2409.00352
cs.CL 2409.00355
cs.CL 2409.00358
cs.CL 2409.00369
cs.CL 2409.00399
cs.CL 2409.00414
cs.CL 2409.00509
cs.CL 2409.00527
cs.CL 2409.00544
cs.CL 2409.00551
cs.CL 2409.00557
cs.CL 2409.00598
cs.CL 2409.00608
cs.CL 2409.00614
cs.CL 2409.00617
cs.CL 2409.00625
cs.CL 2409.00626
cs.CL 2409.00696
cs.CL 2409.00781
cs.CL 2409.00787
cs.CL 2409.00788
cs.CL 2409.00800
cs.CL 2409.00855
cs.CL 2409.00861
cs.CL 2409.00872
cs.CL 2409.00887
cs.CL 2409.00935
cs.CL 2409.00940
cs.CL 2409.00965
cs.CL 2409.00997
cs.CL 2409.01011
cs.CL 2409.01035
cs.CL 2409.01037
cs.CL 2409.01053
cs.CL 2409.01087
cs.CL 2409.01152
cs.CL 2409.01217
cs.CL 2409.01227
cs.CL 2409.01232
cs.CL 2409.01281
cs.CL 2409.01345
cs.CL 2409.01357
cs.CL 2409.01366
cs.CL 2409.01389
cs.CL 2409.01392
cs.CL 2409.01466
cs.CL 2409.01482
cs.CL 2409.01495
cs.CL 2409.01497
cs.CL 2409.01524
cs.CL 2409.01539
cs.CL 2409.01552
cs.CL 2409.01556
cs.CL 2409.01575
cs.CL 2409.01579
cs.CL 2409.01584
cs.CL 2409.01586
cs.CL 2409.01658
cs.CL 2409.01659
cs.CL 2409.01666
cs.CL 2409.01780
cs.CL 2409.01787
cs.CL 2409.01790
cs.CL 2409.01808
cs.CL 2409.01854
cs.CL 2409.01882
cs.CL 2409.01893
cs.CL 2409.01941
cs.CL 2409.01944
cs.CL 2409.02038
cs.CL 2409.02050
cs.CL 2409.02060
cs.CL 2409.02076
cs.CL 2409.02078
cs.CL 2409.02098
cs.CL 2409.01247
cs.CL 2409.02114
cs.CL 2409.02118
cs.CL 2409.02119
cs.CL 2409.02122
cs.CL 2409.02136
cs.CL 2409.02141
cs.CL 2409.02228
cs.CL 2409.02239
cs.CL 2409.02244
cs.CL 2409.02259
cs.CL 2409.02343
cs.CL 2409.02387
cs.CL 2409.02428
cs.CL 2409.02474
cs.CL 2409.02596
cs.CL 2409.02645
cs.CL 2409.02690
cs.CL 2409.02718
cs.CL 2409.02877
cs.CL 2409.02908
cs.CL 2409.02920
cs.CL 2409.02257
cs.CL 2409.02326
cs.CL 2409.02361
cs.CL 2409.02370
cs.CL 2409.02375
cs.CL 2409.02384
cs.CL 2409.02393
cs.CL 2409.02413
cs.CL 2409.02449
cs.CL 2409.02465
cs.CL 2409.02481
cs.CL 2409.02519
cs.CL 2409.02569
cs.CL 2409.02617
cs.CL 2409.02649
cs.CL 2409.02667
cs.CL 2409.02686
cs.CL 2409.02712
cs.CL 2409.02725
cs.CL 2409.02727
cs.CL 2409.02751
cs.CL 2409.02795
cs.CL 2409.02813
cs.CL 2409.02834
cs.CL 2409.02836
cs.CL 2409.02840
cs.CL 2409.02841
cs.CL 2409.02865
cs.CL 2409.02889
cs.CL 2409.02897
cs.CL 2409.03131
cs.CL 2409.03140
cs.CL 2409.03166
cs.CL 2409.03271
cs.CL 2409.03277
cs.CL 2409.03284
cs.CL 2409.03512
cs.CL 2409.03643
cs.CL 2409.03650
cs.CL 2409.03668
cs.CL 2409.03733
cs.CL 2409.03757
cs.CL 2409.03021
cs.CL 2409.03046
cs.CL 2409.03059
cs.CL 2409.03115
cs.CL 2409.03155
cs.CL 2409.03161
cs.CL 2409.03171
cs.CL 2409.03183
cs.CL 2409.03203
cs.CL 2409.03215
cs.CL 2409.03225
cs.CL 2409.03238
cs.CL 2409.03256
cs.CL 2409.03257
cs.CL 2409.03258
cs.CL 2409.03291
cs.CL 2409.03295
cs.CL 2409.03327
cs.CL 2409.03346
cs.CL 2409.03363
cs.CL 2409.03375
cs.CL 2409.03381
cs.CL 2409.03440
cs.CL 2409.03444
cs.CL 2409.03454
cs.CL 2409.03563
cs.CL 2409.03621
cs.CL 2409.03659
cs.CL 2409.03662
cs.CL 2409.03701
cs.CL 2409.03707
cs.CL 2409.03708
cs.CL 2409.03752
cs.CL 2409.03753
cs.CV 2408.16113
cs.CV 2408.16117
cs.CV 2408.16150
cs.CV 2408.16258
cs.CV 2408.16277
cs.CV 2408.16303
cs.CV 2408.16340
cs.CV 2408.16355
cs.CV 2408.16467
cs.CV 2408.16471
cs.CV 2408.16481
cs.CV 2408.16622
cs.CV 2408.16003
cs.CV 2408.16005
cs.CV 2408.16061
cs.CV 2408.16123
cs.CV 2408.16130
cs.CV 2408.16154
cs.CV 2408.16176
cs.CV 2408.16190
cs.CV 2408.16195
cs.CV 2408.16200
cs.CV 2408.16201
cs.CV 2408.16213
cs.CV 2408.16219
cs.CV 2408.16224
cs.CV 2408.16227
cs.CV 2408.16232
cs.CV 2408.16233
cs.CV 2408.16235
cs.CV 2408.16236
cs.CV 2408.16247
cs.CV 2408.16254
cs.CV 2408.16265
cs.CV 2408.16266
cs.CV 2408.16268
cs.CV 2408.16272
cs.CV 2408.16273
cs.CV 2408.16289
cs.CV 2408.16296
cs.CV 2408.16305
cs.CV 2408.16310
cs.CV 2408.16313
cs.CV 2408.16314
cs.CV 2408.16322
cs.CV 2408.16325
cs.CV 2408.16343
cs.CV 2408.16357
cs.CV 2408.16380
cs.CV 2408.16395
cs.CV 2408.16412
cs.CV 2408.16426
cs.CV 2408.16431
cs.CV 2408.16442
cs.CV 2408.16445
cs.CV 2408.16448
cs.CV 2408.16450
cs.CV 2408.16451
cs.CV 2408.16469
cs.CV 2408.16472
cs.CV 2408.16478
cs.CV 2408.16486
cs.CV 2408.16500
cs.CV 2408.16501
cs.CV 2408.16503
cs.CV 2408.16504
cs.CV 2408.16506
cs.CV 2408.16520
cs.CV 2408.16530
cs.CV 2408.16536
cs.CV 2408.16540
cs.CV 2408.16544
cs.CV 2408.16547
cs.CV 2408.16563
cs.CV 2408.16582
cs.CV 2408.16621
cs.CV 2408.16623
cs.CV 2408.16638
cs.CV 2408.16645
cs.CV 2408.16647
cs.CV 2408.16661
cs.CV 2408.16662
cs.CV 2408.16684
cs.CV 2408.16690
cs.CV 2408.16700
cs.CV 2408.16704
cs.CV 2408.16719
cs.CV 2408.16729
cs.CV 2408.16730
cs.CV 2408.16757
cs.CV 2408.16760
cs.CV 2408.16762
cs.CV 2408.16766
cs.CV 2408.16767
cs.CV 2408.16768
cs.CV 2408.16769
cs.CV 2408.16770
cs.CV 2408.16859
cs.CV 2408.16883
cs.CV 2408.16886
cs.CV 2408.17005
cs.CV 2408.17011
cs.CV 2408.17073
cs.CV 2408.17090
cs.CV 2408.17108
cs.CV 2408.17237
cs.CV 2408.17311
cs.CV 2408.17322
cs.CV 2408.17421
cs.CV 2408.16807
cs.CV 2408.16809
cs.CV 2408.16827
cs.CV 2408.16845
cs.CV 2408.16866
cs.CV 2408.16879
cs.CV 2408.16881
cs.CV 2408.16892
cs.CV 2408.16907
cs.CV 2408.16924
cs.CV 2408.16930
cs.CV 2408.16952
cs.CV 2408.16959
cs.CV 2408.16964
cs.CV 2408.16965
cs.CV 2408.16971
cs.CV 2408.16979
cs.CV 2408.16982
cs.CV 2408.16986
cs.CV 2408.17006
cs.CV 2408.17027
cs.CV 2408.17036
cs.CV 2408.17046
cs.CV 2408.17052
cs.CV 2408.17054
cs.CV 2408.17057
cs.CV 2408.17059
cs.CV 2408.17060
cs.CV 2408.17062
cs.CV 2408.17064
cs.CV 2408.17065
cs.CV 2408.17081
cs.CV 2408.17083
cs.CV 2408.17095
cs.CV 2408.17098
cs.CV 2408.17115
cs.CV 2408.17131
cs.CV 2408.17135
cs.CV 2408.17143
cs.CV 2408.17149
cs.CV 2408.17150
cs.CV 2408.17154
cs.CV 2408.17168
cs.CV 2408.17182
cs.CV 2408.17197
cs.CV 2408.17207
cs.CV 2408.17222
cs.CV 2408.17223
cs.CV 2408.17231
cs.CV 2408.17251
cs.CV 2408.17253
cs.CV 2408.17267
cs.CV 2408.17284
cs.CV 2408.17297
cs.CV 2408.17337
cs.CV 2408.17339
cs.CV 2408.17347
cs.CV 2408.17363
cs.CV 2408.17399
cs.CV 2408.17422
cs.CV 2408.17424
cs.CV 2408.17433
cs.CV 2408.17443
cs.CV 2409.00022
cs.CV 2409.00025
cs.CV 2409.00042
cs.CV 2409.00048
cs.CV 2409.00050
cs.CV 2409.00082
cs.CV 2409.00106
cs.CV 2409.00140
cs.CV 2409.00143
cs.CV 2409.00204
cs.CV 2409.00238
cs.CV 2409.00340
cs.CV 2409.00442
cs.CV 2409.00499
cs.CV 2409.00562
cs.CV 2409.00565
cs.CV 2409.00584
cs.CV 2409.00587
cs.CV 2409.00647
cs.CV 2409.00649
cs.CV 2409.00718
cs.CV 2409.00804
cs.CV 2409.00884
cs.CV 2409.00951
cs.CV 2409.00956
cs.CV 2409.01011
cs.CV 2409.01013
cs.CV 2409.01035
cs.CV 2409.01038
cs.CV 2409.01062
cs.CV 2409.01128
cs.CV 2409.01175
cs.CV 2409.01195
cs.CV 2409.01249
cs.CV 2409.01329
cs.CV 2409.01421
cs.CV 2409.01496
cs.CV 2409.01532
cs.CV 2409.01544
cs.CV 2409.01622
cs.CV 2409.01652
cs.CV 2409.01661
cs.CV 2409.01962
cs.CV 2409.02035
cs.CV 2409.02044
cs.CV 2409.02070
cs.CV 2409.02084
cs.CV 2409.00001
cs.CV 2409.00006
cs.CV 2409.00014
cs.CV 2409.00020
cs.CV 2409.00028
cs.CV 2409.00029
cs.CV 2409.00037
cs.CV 2409.00045
cs.CV 2409.00196
cs.CV 2409.00206
cs.CV 2409.00216
cs.CV 2409.00231
cs.CV 2409.00240
cs.CV 2409.00250
cs.CV 2409.00255
cs.CV 2409.00263
cs.CV 2409.00283
cs.CV 2409.00295
cs.CV 2409.00301
cs.CV 2409.00304
cs.CV 2409.00313
cs.CV 2409.00314
cs.CV 2409.00316
cs.CV 2409.00317
cs.CV 2409.00330
cs.CV 2409.00339
cs.CV 2409.00341
cs.CV 2409.00342
cs.CV 2409.00343
cs.CV 2409.00345
cs.CV 2409.00346
cs.CV 2409.00349
cs.CV 2409.00353
cs.CV 2409.00362
cs.CV 2409.00372
cs.CV 2409.00381
cs.CV 2409.00388
cs.CV 2409.00395
cs.CV 2409.00397
cs.CV 2409.00410
cs.CV 2409.00449
cs.CV 2409.00473
cs.CV 2409.00486
cs.CV 2409.00487
cs.CV 2409.00489
cs.CV 2409.00492
cs.CV 2409.00510
cs.CV 2409.00511
cs.CV 2409.00513
cs.CV 2409.00518
cs.CV 2409.00522
cs.CV 2409.00530
cs.CV 2409.00543
cs.CV 2409.00547
cs.CV 2409.00556
cs.CV 2409.00558
cs.CV 2409.00585
cs.CV 2409.00589
cs.CV 2409.00590
cs.CV 2409.00591
cs.CV 2409.00603
cs.CV 2409.00606
cs.CV 2409.00618
cs.CV 2409.00620
cs.CV 2409.00622
cs.CV 2409.00633
cs.CV 2409.00638
cs.CV 2409.00639
cs.CV 2409.00654
cs.CV 2409.00665
cs.CV 2409.00673
cs.CV 2409.00674
cs.CV 2409.00685
cs.CV 2409.00690
cs.CV 2409.00694
cs.CV 2409.00695
cs.CV 2409.00698
cs.CV 2409.00707
cs.CV 2409.00726
cs.CV 2409.00731
cs.CV 2409.00736
cs.CV 2409.00741
cs.CV 2409.00744
cs.CV 2409.00749
cs.CV 2409.00751
cs.CV 2409.00755
cs.CV 2409.00768
cs.CV 2409.00774
cs.CV 2409.00777
cs.CV 2409.00779
cs.CV 2409.00786
cs.CV 2409.00807
cs.CV 2409.00821
cs.CV 2409.00829
cs.CV 2409.00839
cs.CV 2409.00845
cs.CV 2409.00863
cs.CV 2409.00869
cs.CV 2409.00873
cs.CV 2409.00877
cs.CV 2409.00896
cs.CV 2409.00903
cs.CV 2409.00904
cs.CV 2409.00909
cs.CV 2409.00912
cs.CV 2409.00917
cs.CV 2409.00924
cs.CV 2409.00926
cs.CV 2409.00942
cs.CV 2409.00947
cs.CV 2409.00953
cs.CV 2409.00971
cs.CV 2409.00973
cs.CV 2409.00983
cs.CV 2409.00986
cs.CV 2409.00988
cs.CV 2409.00991
cs.CV 2409.01003
cs.CV 2409.01014
cs.CV 2409.01020
cs.CV 2409.01022
cs.CV 2409.01030
cs.CV 2409.01055
cs.CV 2409.01068
cs.CV 2409.01071
cs.CV 2409.01072
cs.CV 2409.01073
cs.CV 2409.01082
cs.CV 2409.01086
cs.CV 2409.01093
cs.CV 2409.01100
cs.CV 2409.01109
cs.CV 2409.01113
cs.CV 2409.01133
cs.CV 2409.01138
cs.CV 2409.01148
cs.CV 2409.01151
cs.CV 2409.01156
cs.CV 2409.01162
cs.CV 2409.01171
cs.CV 2409.01179
cs.CV 2409.01184
cs.CV 2409.01199
cs.CV 2409.01212
cs.CV 2409.01216
cs.CV 2409.01219
cs.CV 2409.01236
cs.CV 2409.01256
cs.CV 2409.01274
cs.CV 2409.01282
cs.CV 2409.01314
cs.CV 2409.01317
cs.CV 2409.01322
cs.CV 2409.01327
cs.CV 2409.01330
cs.CV 2409.01341
cs.CV 2409.01347
cs.CV 2409.01348
cs.CV 2409.01353
cs.CV 2409.01437
cs.CV 2409.01445
cs.CV 2409.01448
cs.CV 2409.01459
cs.CV 2409.01472
cs.CV 2409.01491
cs.CV 2409.01500
cs.CV 2409.01502
cs.CV 2409.01506
cs.CV 2409.01514
cs.CV 2409.01522
cs.CV 2409.01534
cs.CV 2409.01540
cs.CV 2409.01541
cs.CV 2409.01555
cs.CV 2409.01557
cs.CV 2409.01560
cs.CV 2409.01564
cs.CV 2409.01571
cs.CV 2409.01572
cs.CV 2409.01573
cs.CV 2409.01577
cs.CV 2409.01591
cs.CV 2409.01595
cs.CV 2409.01596
cs.CV 2409.01604
cs.CV 2409.01609
cs.CV 2409.01610
cs.CV 2409.01627
cs.CV 2409.01641
cs.CV 2409.01662
cs.CV 2409.01667
cs.CV 2409.01672
cs.CV 2409.01679
cs.CV 2409.01686
cs.CV 2409.01690
cs.CV 2409.01691
cs.CV 2409.01696
cs.CV 2409.01704
cs.CV 2409.01725
cs.CV 2409.01726
cs.CV 2409.01728
cs.CV 2409.01761
cs.CV 2409.01764
cs.CV 2409.01781
cs.CV 2409.01782
cs.CV 2409.01807
cs.CV 2409.01814
cs.CV 2409.01816
cs.CV 2409.01821
cs.CV 2409.01825
cs.CV 2409.01835
cs.CV 2409.01856
cs.CV 2409.01871
cs.CV 2409.01872
cs.CV 2409.01876
cs.CV 2409.01879
cs.CV 2409.01883
cs.CV 2409.01901
cs.CV 2409.01928
cs.CV 2409.01935
cs.CV 2409.01936
cs.CV 2409.01966
cs.CV 2409.01971
cs.CV 2409.01975
cs.CV 2409.01998
cs.CV 2409.02006
cs.CV 2409.02007
cs.CV 2409.02011
cs.CV 2409.02018
cs.CV 2409.02020
cs.CV 2409.02045
cs.CV 2409.02046
cs.CV 2409.02048
cs.CV 2409.02049
cs.CV 2409.02056
cs.CV 2409.02081
cs.CV 2409.02095
cs.CV 2409.02097
cs.CV 2409.02101
cs.CV 2409.02104
cs.CV 2409.02108
cs.CV 2409.01392
cs.CV 2409.02134
cs.CV 2409.02146
cs.CV 2409.02241
cs.CV 2409.02259
cs.CV 2409.02290
cs.CV 2409.02309
cs.CV 2409.02324
cs.CV 2409.02334
cs.CV 2409.02337
cs.CV 2409.02390
cs.CV 2409.02406
cs.CV 2409.02426
cs.CV 2409.02453
cs.CV 2409.02497
cs.CV 2409.02529
cs.CV 2409.02599
cs.CV 2409.02648
cs.CV 2409.02675
cs.CV 2409.02770
cs.CV 2409.02792
cs.CV 2409.02813
cs.CV 2409.02826
cs.CV 2409.02865
cs.CV 2409.02885
cs.CV 2409.02889
cs.CV 2409.02140
cs.CV 2409.02224
cs.CV 2409.02243
cs.CV 2409.02251
cs.CV 2409.02253
cs.CV 2409.02261
cs.CV 2409.02274
cs.CV 2409.02278
cs.CV 2409.02281
cs.CV 2409.02284
cs.CV 2409.02310
cs.CV 2409.02335
cs.CV 2409.02368
cs.CV 2409.02371
cs.CV 2409.02374
cs.CV 2409.02376
cs.CV 2409.02382
cs.CV 2409.02385
cs.CV 2409.02389
cs.CV 2409.02415
cs.CV 2409.02418
cs.CV 2409.02429
cs.CV 2409.02438
cs.CV 2409.02448
cs.CV 2409.02482
cs.CV 2409.02483
cs.CV 2409.02486
cs.CV 2409.02490
cs.CV 2409.02492
cs.CV 2409.02494
cs.CV 2409.02508
cs.CV 2409.02513
cs.CV 2409.02543
cs.CV 2409.02545
cs.CV 2409.02546
cs.CV 2409.02555
cs.CV 2409.02562
cs.CV 2409.02566
cs.CV 2409.02567
cs.CV 2409.02574
cs.CV 2409.02581
cs.CV 2409.02584
cs.CV 2409.02598
cs.CV 2409.02608
cs.CV 2409.02611
cs.CV 2409.02629
cs.CV 2409.02634
cs.CV 2409.02638
cs.CV 2409.02647
cs.CV 2409.02653
cs.CV 2409.02657
cs.CV 2409.02664
cs.CV 2409.02676
cs.CV 2409.02683
cs.CV 2409.02699
cs.CV 2409.02714
cs.CV 2409.02715
cs.CV 2409.02716
cs.CV 2409.02720
cs.CV 2409.02729
cs.CV 2409.02825
cs.CV 2409.02828
cs.CV 2409.02838
cs.CV 2409.02846
cs.CV 2409.02851
cs.CV 2409.02866
cs.CV 2409.02867
cs.CV 2409.02882
cs.CV 2409.02883
cs.CV 2409.02910
cs.CV 2409.02914
cs.CV 2409.02917
cs.CV 2409.02919
cs.CV 2409.03012
cs.CV 2409.03087
cs.CV 2409.03110
cs.CV 2409.03114
cs.CV 2409.03179
cs.CV 2409.03277
cs.CV 2409.03303
cs.CV 2409.03336
cs.CV 2409.03367
cs.CV 2409.03434
cs.CV 2409.03519
cs.CV 2409.03555
cs.CV 2409.03556
cs.CV 2409.03598
cs.CV 2409.03685
cs.CV 2409.02958
cs.CV 2409.02979
cs.CV 2409.03022
cs.CV 2409.03025
cs.CV 2409.03032
cs.CV 2409.03034
cs.CV 2409.03043
cs.CV 2409.03061
cs.CV 2409.03062
cs.CV 2409.03106
cs.CV 2409.03109
cs.CV 2409.03190
cs.CV 2409.03192
cs.CV 2409.03198
cs.CV 2409.03200
cs.CV 2409.03206
cs.CV 2409.03209
cs.CV 2409.03212
cs.CV 2409.03213
cs.CV 2409.03223
cs.CV 2409.03228
cs.CV 2409.03236
cs.CV 2409.03245
cs.CV 2409.03249
cs.CV 2409.03252
cs.CV 2409.03254
cs.CV 2409.03261
cs.CV 2409.03270
cs.CV 2409.03272
cs.CV 2409.03320
cs.CV 2409.03326
cs.CV 2409.03354
cs.CV 2409.03358
cs.CV 2409.03385
cs.CV 2409.03404
cs.CV 2409.03412
cs.CV 2409.03420
cs.CV 2409.03424
cs.CV 2409.03431
cs.CV 2409.03438
cs.CV 2409.03451
cs.CV 2409.03455
cs.CV 2409.03456
cs.CV 2409.03458
cs.CV 2409.03460
cs.CV 2409.03470
cs.CV 2409.03487
cs.CV 2409.03501
cs.CV 2409.03509
cs.CV 2409.03514
cs.CV 2409.03516
cs.CV 2409.03521
cs.CV 2409.03525
cs.CV 2409.03530
cs.CV 2409.03543
cs.CV 2409.03550
cs.CV 2409.03553
cs.CV 2409.03583
cs.CV 2409.03600
cs.CV 2409.03605
cs.CV 2409.03634
cs.CV 2409.03643
cs.CV 2409.03644
cs.CV 2409.03718
cs.CV 2409.03745
cs.CV 2409.03754
cs.CV 2409.03755
cs.CV 2409.03757
cs.IR 2408.16032
cs.IR 2408.16036
cs.IR 2408.16296
cs.IR 2408.16446
cs.IR 2408.16009
cs.IR 2408.16238
cs.IR 2408.16312
cs.IR 2408.16430
cs.IR 2408.16578
cs.IR 2408.16672
cs.IR 2408.16877
cs.IR 2408.16885
cs.IR 2408.17180
cs.IR 2408.17008
cs.IR 2408.17103
cs.IR 2408.17214
cs.IR 2408.17309
cs.IR 2408.17332
cs.IR 2408.17344
cs.IR 2409.00085
cs.IR 2409.00727
cs.IR 2409.00830
cs.IR 2409.00847
cs.IR 2409.00890
cs.IR 2409.01082
cs.IR 2409.01152
cs.IR 2409.01357
cs.IR 2409.01445
cs.IR 2409.00009
cs.IR 2409.00010
cs.IR 2409.00400
cs.IR 2409.00636
cs.IR 2409.00702
cs.IR 2409.00720
cs.IR 2409.00851
cs.IR 2409.00860
cs.IR 2409.01012
cs.IR 2409.01137
cs.IR 2409.01140
cs.IR 2409.01192
cs.IR 2409.01563
cs.IR 2409.01605
cs.IR 2409.02343
cs.IR 2409.02455
cs.IR 2409.02571
cs.IR 2409.02727
cs.IR 2409.02864
cs.IR 2409.02425
cs.IR 2409.02580
cs.IR 2409.02599
cs.IR 2409.02685
cs.IR 2409.02856
cs.IR 2409.02965
cs.IR 2409.03284
cs.IR 2409.03708
cs.IR 2409.03753
cs.IR 2409.03140
cs.IR 2409.03294
cs.IR 2409.03449
cs.IR 2409.03504
cs.MA 2408.16147
cs.MA 2408.16424
cs.MA 2408.16462
cs.MA 2408.16667
cs.MA 2408.16417
cs.MA 2408.17096
cs.MA 2408.17180
cs.MA 2409.00036
cs.MA 2409.00636
cs.MA 2409.00717
cs.MA 2409.00766
cs.MA 2409.00824
cs.MA 2409.01411
cs.MA 2409.01927
cs.MA 2409.00134
cs.MA 2409.00742
cs.MA 2409.00993
cs.MA 2409.02863
cs.MA 2409.02434
cs.MA 2409.02645
cs.MA 2409.03052
cs.MA 2409.03149
cs.MA 2409.02960
cs.CC 2408.16378
cs.CC 2408.16406
cs.CC 2408.16655
cs.CC 2408.16687
cs.CC 2408.17439
cs.CC 2409.00771
cs.CC 2409.00846
cs.CC 2409.01706
cs.CC 2409.01708
cs.CC 2409.02406
cs.CC 2409.03526
cs.CC 2409.03675
cs.CC 2409.03751
cs.NI 2408.16027
cs.NI 2408.16120
cs.NI 2408.16280
cs.NI 2408.16833
cs.NI 2408.16882
cs.NI 2408.16940
cs.NI 2408.17307
cs.NI 2408.16842
cs.NI 2408.16995
cs.NI 2408.17028
cs.NI 2408.17047
cs.NI 2408.17097
cs.NI 2408.17128
cs.NI 2409.00078
cs.NI 2409.00277
cs.NI 2409.00577
cs.NI 2409.00950
cs.NI 2409.00969
cs.NI 2409.01092
cs.NI 2409.01107
cs.NI 2409.00040
cs.NI 2409.00086
cs.NI 2409.00146
cs.NI 2409.00324
cs.NI 2409.00405
cs.NI 2409.00466
cs.NI 2409.00689
cs.NI 2409.00719
cs.NI 2409.00897
cs.NI 2409.01004
cs.NI 2409.01136
cs.NI 2409.01259
cs.NI 2409.01265
cs.NI 2409.01488
cs.NI 2409.01683
cs.NI 2409.01701
cs.NI 2409.01765
cs.NI 2409.02008
cs.NI 2409.02808
cs.NI 2409.02839
cs.NI 2409.02237
cs.NI 2409.02381
cs.NI 2409.02396
cs.NI 2409.02518
cs.NI 2409.02788
cs.NI 2409.02844
cs.NI 2409.02849
cs.NI 2409.03141
cs.NI 2409.03474
cs.NI 2409.03057
cs.NI 2409.03111
cs.NI 2409.03393
cs.NI 2409.03663
cs.IT 2408.16655
cs.IT 2408.16166
cs.IT 2408.16251
cs.IT 2408.16365
cs.IT 2408.16377
cs.IT 2408.16455
cs.IT 2408.16584
cs.IT 2408.16799
cs.IT 2408.16858
cs.IT 2408.17272
cs.IT 2408.17435
cs.IT 2408.16772
cs.IT 2408.16774
cs.IT 2408.16786
cs.IT 2408.16853
cs.IT 2408.17050
cs.IT 2408.17169
cs.IT 2408.17269
cs.IT 2408.17397
cs.IT 2409.00033
cs.IT 2409.00050
cs.IT 2409.00322
cs.IT 2409.00575
cs.IT 2409.00797
cs.IT 2409.00836
cs.IT 2409.00839
cs.IT 2409.00925
cs.IT 2409.00934
cs.IT 2409.01129
cs.IT 2409.01650
cs.IT 2409.00005
cs.IT 2409.00016
cs.IT 2409.00036
cs.IT 2409.00266
cs.IT 2409.00298
cs.IT 2409.00319
cs.IT 2409.00364
cs.IT 2409.00402
cs.IT 2409.00461
cs.IT 2409.00503
cs.IT 2409.00512
cs.IT 2409.00628
cs.IT 2409.00634
cs.IT 2409.00728
cs.IT 2409.00852
cs.IT 2409.00889
cs.IT 2409.00941
cs.IT 2409.00978
cs.IT 2409.01119
cs.IT 2409.01166
cs.IT 2409.01223
cs.IT 2409.01309
cs.IT 2409.01566
cs.IT 2409.01812
cs.IT 2409.01957
cs.IT 2409.01965
cs.IT 2409.01247
cs.IT 2409.02193
cs.IT 2409.02640
cs.IT 2409.02732
cs.IT 2409.02852
cs.IT 2409.02388
cs.IT 2409.02454
cs.IT 2409.02564
cs.IT 2409.02616
cs.IT 2409.02912
cs.IT 2409.03189
cs.IT 2409.03664
cs.IT 2409.03051
cs.IT 2409.03243
cs.IT 2409.03370
cs.IT 2409.03386
cs.IT 2409.03436
cs.IT 2409.03467
cs.IT 2409.03474
cs.IT 2409.03491
cs.IT 2409.03541
cs.IT 2409.03551
cs.IT 2409.03561
cs.IT 2409.03576
cs.IT 2409.03700
cs.IT 2409.03732
cs.CR 2408.16003
cs.CR 2408.16108
cs.CR 2408.16353
cs.CR 2408.16458
cs.CR 2408.16508
cs.CR 2408.16582
cs.CR 2408.16634
cs.CR 2408.16769
cs.CR 2408.16017
cs.CR 2408.16018
cs.CR 2408.16021
cs.CR 2408.16025
cs.CR 2408.16028
cs.CR 2408.16033
cs.CR 2408.16034
cs.CR 2408.16100
cs.CR 2408.16124
cs.CR 2408.16137
cs.CR 2408.16140
cs.CR 2408.16220
cs.CR 2408.16304
cs.CR 2408.16387
cs.CR 2408.16400
cs.CR 2408.16515
cs.CR 2408.16529
cs.CR 2408.16555
cs.CR 2408.16714
cs.CR 2408.16913
cs.CR 2408.17050
cs.CR 2408.17340
cs.CR 2408.17354
cs.CR 2408.17356
cs.CR 2408.16833
cs.CR 2408.16841
cs.CR 2408.16885
cs.CR 2408.16940
cs.CR 2408.16945
cs.CR 2408.16950
cs.CR 2408.17003
cs.CR 2408.17031
cs.CR 2408.17045
cs.CR 2408.17049
cs.CR 2408.17063
cs.CR 2408.17106
cs.CR 2408.17112
cs.CR 2408.17121
cs.CR 2408.17136
cs.CR 2408.17151
cs.CR 2408.17184
cs.CR 2408.17235
cs.CR 2408.17248
cs.CR 2408.17263
cs.CR 2408.17272
cs.CR 2408.17285
cs.CR 2408.17307
cs.CR 2409.00029
cs.CR 2409.00138
cs.CR 2409.00399
cs.CR 2409.00497
cs.CR 2409.00598
cs.CR 2409.00787
cs.CR 2409.00897
cs.CR 2409.01062
cs.CR 2409.01329
cs.CR 2409.01541
cs.CR 2409.01771
cs.CR 2409.01994
cs.CR 2409.00089
cs.CR 2409.00137
cs.CR 2409.00322
cs.CR 2409.00327
cs.CR 2409.00340
cs.CR 2409.00404
cs.CR 2409.00426
cs.CR 2409.00475
cs.CR 2409.00546
cs.CR 2409.00571
cs.CR 2409.00667
cs.CR 2409.00712
cs.CR 2409.00740
cs.CR 2409.00810
cs.CR 2409.00816
cs.CR 2409.00825
cs.CR 2409.00922
cs.CR 2409.00960
cs.CR 2409.00974
cs.CR 2409.01059
cs.CR 2409.01107
cs.CR 2409.01193
cs.CR 2409.01214
cs.CR 2409.01234
cs.CR 2409.01358
cs.CR 2409.01378
cs.CR 2409.01380
cs.CR 2409.01470
cs.CR 2409.01484
cs.CR 2409.01587
cs.CR 2409.01614
cs.CR 2409.01661
cs.CR 2409.01722
cs.CR 2409.01788
cs.CR 2409.01824
cs.CR 2409.01855
cs.CR 2409.01881
cs.CR 2409.01887
cs.CR 2409.01924
cs.CR 2409.01952
cs.CR 2409.01958
cs.CR 2409.01976
cs.CR 2409.01992
cs.CR 2409.02074
cs.CR 2409.02139
cs.CR 2409.02251
cs.CR 2409.02404
cs.CR 2409.02430
cs.CR 2409.02629
cs.CR 2409.02715
cs.CR 2409.02753
cs.CR 2409.02802
cs.CR 2409.02863
cs.CR 2409.02222
cs.CR 2409.02292
cs.CR 2409.02386
cs.CR 2409.02485
cs.CR 2409.02553
cs.CR 2409.02572
cs.CR 2409.02650
cs.CR 2409.02718
cs.CR 2409.02735
cs.CR 2409.02817
cs.CR 2409.02839
cs.CR 2409.02905
cs.CR 2409.02918
cs.CR 2409.02968
cs.CR 2409.03077
cs.CR 2409.03109
cs.CR 2409.03111
cs.CR 2409.03141
cs.CR 2409.03291
cs.CR 2409.03405
cs.CR 2409.03467
cs.CR 2409.03530
cs.CR 2409.03612
cs.CR 2409.03635
cs.CR 2409.03735
cs.CR 2409.03741
cs.CR 2409.03131
cs.CR 2409.03189
cs.CR 2409.03274
cs.CR 2409.03298
cs.CR 2409.03344
cs.CR 2409.03434
cs.CR 2409.03464
cs.CR 2409.03544
cs.CR 2409.03568
cs.CR 2409.03624
cs.CR 2409.03720
cs.CR 2409.03743
cs.CE 2408.16417
cs.CE 2408.16626
cs.CE 2408.16709
cs.CE 2408.17161
cs.CE 2408.17227
cs.CE 2408.17334
cs.CE 2408.17018
cs.CE 2408.17075
cs.CE 2408.17206
cs.CE 2409.00032
cs.CE 2409.00207
cs.CE 2409.00485
cs.CE 2409.00876
cs.CE 2409.01348
cs.CE 2409.01825
cs.CE 2409.00018
cs.CE 2409.00329
cs.CE 2409.00671
cs.CE 2409.01060
cs.CE 2409.01253
cs.CE 2409.00843
cs.CE 2409.02115
cs.CE 2409.02247
cs.CE 2409.02816
cs.CE 2409.02836
cs.CE 2409.02300
cs.CE 2409.02478
cs.CE 2409.02606
cs.CE 2409.03041
cs.CE 2409.03089
cs.CE 2409.03674
cs.PF 2408.16036
cs.PF 2408.16215
cs.PF 2408.16551
cs.PF 2408.16607
cs.PF 2408.16993
cs.PF 2408.17211
cs.PF 2409.00550
cs.PF 2409.01712
cs.PF 2409.00854
cs.PF 2409.02830
cs.PF 2409.03391
cs.PF 2409.03218
cs.NA 2408.16166
cs.NA 2408.16252
cs.NA 2408.16414
cs.NA 2408.16496
cs.NA 2408.16556
cs.NA 2408.16086
cs.NA 2408.16105
cs.NA 2408.16243
cs.NA 2408.16282
cs.NA 2408.16416
cs.NA 2408.16483
cs.NA 2408.16511
cs.NA 2408.16569
cs.NA 2408.16572
cs.NA 2408.16580
cs.NA 2408.16591
cs.NA 2408.16624
cs.NA 2408.16631
cs.NA 2408.16652
cs.NA 2408.16701
cs.NA 2408.16723
cs.NA 2408.17018
cs.NA 2408.17288
cs.NA 2408.17295
cs.NA 2408.16872
cs.NA 2408.16920
cs.NA 2408.17037
cs.NA 2408.17074
cs.NA 2408.17116
cs.NA 2408.17225
cs.NA 2408.17273
cs.NA 2408.17312
cs.NA 2408.17333
cs.NA 2408.17381
cs.NA 2408.17390
cs.NA 2408.17414
cs.NA 2408.17425
cs.NA 2409.00018
cs.NA 2409.00037
cs.NA 2409.00207
cs.NA 2409.00619
cs.NA 2409.00841
cs.NA 2409.00901
cs.NA 2409.01067
cs.NA 2409.01432
cs.NA 2409.01464
cs.NA 2409.01536
cs.NA 2409.01694
cs.NA 2409.01899
cs.NA 2409.01933
cs.NA 2409.00208
cs.NA 2409.00281
cs.NA 2409.00299
cs.NA 2409.00354
cs.NA 2409.00434
cs.NA 2409.00500
cs.NA 2409.00524
cs.NA 2409.00621
cs.NA 2409.00722
cs.NA 2409.00748
cs.NA 2409.00767
cs.NA 2409.00809
cs.NA 2409.00818
cs.NA 2409.00883
cs.NA 2409.00893
cs.NA 2409.00972
cs.NA 2409.00999
cs.NA 2409.01015
cs.NA 2409.01023
cs.NA 2409.01032
cs.NA 2409.01064
cs.NA 2409.01097
cs.NA 2409.01125
cs.NA 2409.01131
cs.NA 2409.01211
cs.NA 2409.01215
cs.NA 2409.01433
cs.NA 2409.01520
cs.NA 2409.01567
cs.NA 2409.01759
cs.NA 2409.01784
cs.NA 2409.01834
cs.NA 2409.01910
cs.NA 2409.01949
cs.NA 2409.02005
cs.NA 2409.02027
cs.NA 2409.02300
cs.NA 2409.02342
cs.NA 2409.02524
cs.NA 2409.02916
cs.NA 2409.02252
cs.NA 2409.02469
cs.NA 2409.02552
cs.NA 2409.02652
cs.NA 2409.02673
cs.NA 2409.02703
cs.NA 2409.02810
cs.NA 2409.02860
cs.NA 2409.02964
cs.NA 2409.03042
cs.NA 2409.03064
cs.NA 2409.03231
cs.NA 2409.03382
cs.NA 2409.03507
cs.NA 2409.03642
cs.NA 2409.03041
cs.NA 2409.03079
cs.NA 2409.03095
cs.NA 2409.03139
cs.NA 2409.03246
cs.NA 2409.03357
cs.NA 2409.03366
cs.NA 2409.03383
cs.NA 2409.03416
cs.NA 2409.03506
cs.NA 2409.03549
cs.NA 2409.03567
cs.NA 2409.03686
cs.SE 2408.16025
cs.SE 2408.16028
cs.SE 2408.16417
cs.SE 2408.16706
cs.SE 2408.16151
cs.SE 2408.16198
cs.SE 2408.16353
cs.SE 2408.16452
cs.SE 2408.16470
cs.SE 2408.16498
cs.SE 2408.16559
cs.SE 2408.16601
cs.SE 2408.16683
cs.SE 2408.17368
cs.SE 2408.16777
cs.SE 2408.16796
cs.SE 2408.17001
cs.SE 2408.17183
cs.SE 2408.17404
cs.SE 2311.03058
cs.SE 2409.00323
cs.SE 2409.00494
cs.SE 2409.00551
cs.SE 2409.00557
cs.SE 2409.00921
cs.SE 2409.01214
cs.SE 2409.01788
cs.SE 2409.02074
cs.SE 2409.00038
cs.SE 2409.00199
cs.SE 2409.00411
cs.SE 2409.00465
cs.SE 2409.00514
cs.SE 2409.00582
cs.SE 2409.00630
cs.SE 2409.00676
cs.SE 2409.00747
cs.SE 2409.00764
cs.SE 2409.00856
cs.SE 2409.00875
cs.SE 2409.00882
cs.SE 2409.00899
cs.SE 2409.00985
cs.SE 2409.01001
cs.SE 2409.01118
cs.SE 2409.01276
cs.SE 2409.01312
cs.SE 2409.01382
cs.SE 2409.01600
cs.SE 2409.01804
cs.SE 2409.01909
cs.SE 2409.01994
cs.SE 2409.02094
cs.SE 2409.02386
cs.SE 2409.02518
cs.SE 2409.02864
cs.SE 2409.02137
cs.SE 2409.02366
cs.SE 2409.02432
cs.SE 2409.02433
cs.SE 2409.02474
cs.SE 2409.02620
cs.SE 2409.02693
cs.SE 2409.02753
cs.SE 2409.03220
cs.SE 2409.02977
cs.SE 2409.03031
cs.SE 2409.03093
cs.SE 2409.03267
cs.SE 2409.03351
cs.SE 2409.03405
cs.LO 2408.15475
cs.LO 2408.15977
cs.LO 2408.15817
cs.LO 2408.16081
cs.LO 2408.16102
cs.LO 2408.16779
cs.LO 2409.00837
cs.LO 2409.00861
cs.LO 2409.01006
cs.LO 2409.00666
cs.LO 2409.01231
cs.LO 2409.01546
cs.LO 2409.02289
cs.LO 2409.02595
cs.LO 2409.02603
cs.PL 2408.16234
cs.PL 2408.16257
cs.PL 2408.16259
cs.PL 2408.16699
cs.PL 2408.16706
cs.PL 2408.17044
cs.PL 2408.17138
cs.PL 2408.17208
cs.PL 2408.17340
cs.PL 2409.00529
cs.PL 2409.00568
cs.PL 2409.00856
cs.PL 2409.01587
cs.PL 2409.01804
cs.PL 2409.02094
cs.PL 2409.00708
cs.PL 2409.00921
cs.PL 2409.01161
cs.PL 2409.01841
cs.PL 2409.02137
cs.PL 2409.02294
cs.PL 2409.02398
cs.PL 2409.02771
cs.PL 2409.03119
cs.PL 2409.03439
cs.PL 2409.03152
cs.PL 2409.03397
cs.OS 2408.13772
cs.OS 2408.17351
cs.OS 2409.01241
cs.OS 2409.01580
cs.OS 2409.02381
cs.OS 2409.03488
cs.SD 2408.16132
cs.SD 2408.16180
cs.SD 2408.16204
cs.SD 2408.16221
cs.SD 2408.16287
cs.SD 2408.16410
cs.SD 2408.16423
cs.SD 2408.16532
cs.SD 2408.16542
cs.SD 2408.16564
cs.SD 2408.16725
cs.SD 2408.16732
cs.SD 2408.16030
cs.SD 2408.16126
cs.SD 2408.16373
cs.SD 2408.16546
cs.SD 2408.16568
cs.SD 2408.16650
cs.SD 2408.16969
cs.SD 2408.17068
cs.SD 2408.17142
cs.SD 2408.17175
cs.SD 2408.17009
cs.SD 2408.17352
cs.SD 2408.17358
cs.SD 2408.17434
cs.SD 2409.00099
cs.SD 2409.00217
cs.SD 2409.00275
cs.SD 2409.00292
cs.SD 2409.00387
cs.SD 2409.00481
cs.SD 2409.00486
cs.SD 2409.00552
cs.SD 2409.00562
cs.SD 2409.00724
cs.SD 2409.00851
cs.SD 2409.00971
cs.SD 2409.01160
cs.SD 2409.01201
cs.SD 2409.01209
cs.SD 2409.01217
cs.SD 2409.01438
cs.SD 2409.01776
cs.SD 2409.01813
cs.SD 2409.01995
cs.SD 2409.02041
cs.SD 2409.02050
cs.SD 2409.00356
cs.SD 2409.00391
cs.SD 2409.00408
cs.SD 2409.00587
cs.SD 2409.00700
cs.SD 2409.00750
cs.SD 2409.00819
cs.SD 2409.00919
cs.SD 2409.00933
cs.SD 2409.00946
cs.SD 2409.01352
cs.SD 2409.01545
cs.SD 2409.01548
cs.SD 2409.01668
cs.SD 2409.01695
cs.SD 2409.01864
cs.SD 2409.01885
cs.SD 2409.02302
cs.SD 2409.02384
cs.SD 2409.02451
cs.SD 2409.02466
cs.SD 2409.02565
cs.SD 2409.02596
cs.SD 2409.02615
cs.SD 2409.02239
cs.SD 2409.02245
cs.SD 2409.02266
cs.SD 2409.02421
cs.SD 2409.02489
cs.SD 2409.02517
cs.SD 2409.02800
cs.SD 2409.02845
cs.SD 2409.02915
cs.SD 2409.03701
cs.SD 2409.03055
cs.SD 2409.03283
cs.SD 2409.03336
cs.SD 2409.03377
cs.SD 2409.03597
cs.SD 2409.03713
cs.SD 2409.03715
cs.SD 2409.03717
stat.AP 2408.16129
stat.AP 2408.16594
stat.AP 2408.16004
stat.AP 2408.16011
stat.AP 2405.11012
stat.AP 2408.16773
stat.AP 2408.16791
stat.AP 2408.16868
stat.AP 2408.17016
stat.AP 2408.17022
stat.AP 2408.17278
stat.AP 2408.17227
stat.AP 2408.17230
stat.AP 2408.17239
stat.AP 2409.00039
stat.AP 2409.00291
stat.AP 2409.00444
stat.AP 2409.00453
stat.AP 2409.00483
stat.AP 2409.01208
stat.AP 2409.01316
stat.AP 2409.01412
stat.AP 2409.01735
stat.AP 2409.01874
stat.AP 2409.01908
stat.AP 2409.00232
stat.AP 2409.00300
stat.AP 2409.00451
stat.AP 2409.00566
stat.AP 2409.01194
stat.AP 2409.01396
stat.AP 2409.01578
stat.AP 2409.02332
stat.AP 2409.02397
stat.AP 2409.02521
stat.AP 2409.02681
stat.AP 2409.02778
stat.AP 2409.02872
stat.AP 2409.02888
stat.AP 2409.02378
stat.AP 2409.02971
stat.AP 2409.03296
cs.RO 2408.16322
cs.RO 2408.16442
cs.RO 2408.16501
cs.RO 2408.16559
cs.RO 2408.16755
cs.RO 2408.16770
cs.RO 2408.16069
cs.RO 2408.16076
cs.RO 2408.16125
cs.RO 2408.16206
cs.RO 2408.16228
cs.RO 2408.16307
cs.RO 2408.16354
cs.RO 2408.16370
cs.RO 2408.16375
cs.RO 2408.16420
cs.RO 2408.16567
cs.RO 2408.16633
cs.RO 2408.16703
cs.RO 2408.16726
cs.RO 2408.16754
cs.RO 2408.17207
cs.RO 2408.17422
cs.RO 2408.16776
cs.RO 2408.16844
cs.RO 2408.16865
cs.RO 2408.16867
cs.RO 2408.16875
cs.RO 2408.16890
cs.RO 2408.16938
cs.RO 2408.16944
cs.RO 2408.16949
cs.RO 2408.17005
cs.RO 2408.17034
cs.RO 2408.17041
cs.RO 2408.17061
cs.RO 2408.17066
cs.RO 2408.17287
cs.RO 2408.17355
cs.RO 2408.17373
cs.RO 2408.17379
cs.RO 2408.17435
cs.RO 2409.00206
cs.RO 2409.00362
cs.RO 2409.00536
cs.RO 2409.00744
cs.RO 2409.00869
cs.RO 2409.01178
cs.RO 2409.01245
cs.RO 2409.01324
cs.RO 2409.01411
cs.RO 2409.01427
cs.RO 2409.01974
cs.RO 2409.00215
cs.RO 2409.00303
cs.RO 2409.00499
cs.RO 2409.00572
cs.RO 2409.00588
cs.RO 2409.00593
cs.RO 2409.00616
cs.RO 2409.00641
cs.RO 2409.00643
cs.RO 2409.00678
cs.RO 2409.00705
cs.RO 2409.00766
cs.RO 2409.00858
cs.RO 2409.00864
cs.RO 2409.00866
cs.RO 2409.00867
cs.RO 2409.00895
cs.RO 2409.00923
cs.RO 2409.00951
cs.RO 2409.00992
cs.RO 2409.01002
cs.RO 2409.01036
cs.RO 2409.01038
cs.RO 2409.01046
cs.RO 2409.01080
cs.RO 2409.01083
cs.RO 2409.01091
cs.RO 2409.01104
cs.RO 2409.01117
cs.RO 2409.01139
cs.RO 2409.01144
cs.RO 2409.01159
cs.RO 2409.01174
cs.RO 2409.01198
cs.RO 2409.01241
cs.RO 2409.01242
cs.RO 2409.01277
cs.RO 2409.01319
cs.RO 2409.01326
cs.RO 2409.01458
cs.RO 2409.01504
cs.RO 2409.01549
cs.RO 2409.01559
cs.RO 2409.01581
cs.RO 2409.01617
cs.RO 2409.01630
cs.RO 2409.01646
cs.RO 2409.01652
cs.RO 2409.01768
cs.RO 2409.01792
cs.RO 2409.01900
cs.RO 2409.01915
cs.RO 2409.01947
cs.RO 2409.01953
cs.RO 2409.02035
cs.RO 2409.02084
cs.RO 2409.02115
cs.RO 2409.02389
cs.RO 2409.02395
cs.RO 2409.02522
cs.RO 2409.02561
cs.RO 2409.02598
cs.RO 2409.02647
cs.RO 2409.02273
cs.RO 2409.02290
cs.RO 2409.02305
cs.RO 2409.02312
cs.RO 2409.02324
cs.RO 2409.02334
cs.RO 2409.02337
cs.RO 2409.02383
cs.RO 2409.02436
cs.RO 2409.02437
cs.RO 2409.02444
cs.RO 2409.02502
cs.RO 2409.02503
cs.RO 2409.02531
cs.RO 2409.02556
cs.RO 2409.02635
cs.RO 2409.02636
cs.RO 2409.02669
cs.RO 2409.02680
cs.RO 2409.02724
cs.RO 2409.02738
cs.RO 2409.02863
cs.RO 2409.02871
cs.RO 2409.02920
cs.RO 2409.03061
cs.RO 2409.03153
cs.RO 2409.03272
cs.RO 2409.03358
cs.RO 2409.03402
cs.RO 2409.03757
cs.RO 2409.03005
cs.RO 2409.03107
cs.RO 2409.03114
cs.RO 2409.03120
cs.RO 2409.03160
cs.RO 2409.03166
cs.RO 2409.03170
cs.RO 2409.03193
cs.RO 2409.03230
cs.RO 2409.03299
cs.RO 2409.03332
cs.RO 2409.03369
cs.RO 2409.03403
cs.RO 2409.03421
cs.RO 2409.03429
cs.RO 2409.03439
cs.RO 2409.03445
cs.RO 2409.03457
cs.RO 2409.03535
cs.RO 2409.03556
cs.RO 2409.03614
cs.RO 2409.03685
cs.RO 2409.03737
cs.SC 2408.10369
cs.SC 2408.14487
cs.SC 2408.15611
cs.SC 2408.15917
cs.SC 2408.17334
cs.SC 2409.01416
stat.CO 2408.16763
stat.CO 2408.16101
stat.CO 2408.16594
stat.CO 2405.11012
stat.CO 2408.17153
stat.CO 2408.17346
stat.CO 2408.17102
stat.CO 2409.00470
stat.CO 2409.00568
stat.CO 2409.01410
stat.CO 2409.02086
stat.CO 2409.00013
stat.CO 2409.00407
stat.CO 2409.01293
stat.CO 2409.01316
stat.CO 2409.01547
stat.CO 2409.01574
stat.CO 2409.02135
stat.CO 2409.02269
stat.CO 2409.02477
stat.CO 2409.02353
stat.CO 2409.02399
stat.CO 2409.03136
stat.CO 2409.03495
stat.CO 2409.03094
cs.LG 2408.16017
cs.LG 2408.16018
cs.LG 2408.16021
cs.LG 2408.16022
cs.LG 2408.16025
cs.LG 2408.16028
cs.LG 2408.16030
cs.LG 2408.16034
cs.LG 2408.16035
cs.LG 2408.16087
cs.LG 2408.16109
cs.LG 2408.16123
cs.LG 2408.16126
cs.LG 2408.16130
cs.LG 2408.16154
cs.LG 2408.16170
cs.LG 2408.16181
cs.LG 2408.16186
cs.LG 2408.16189
cs.LG 2408.16201
cs.LG 2408.16212
cs.LG 2408.16215
cs.LG 2408.16228
cs.LG 2408.16232
cs.LG 2408.16246
cs.LG 2408.16293
cs.LG 2408.16315
cs.LG 2408.16349
cs.LG 2408.16430
cs.LG 2408.16532
cs.LG 2408.16542
cs.LG 2408.16543
cs.LG 2408.16553
cs.LG 2408.16555
cs.LG 2408.16567
cs.LG 2408.16578
cs.LG 2408.16605
cs.LG 2408.16621
cs.LG 2408.16623
cs.LG 2408.16638
cs.LG 2408.16650
cs.LG 2408.16683
cs.LG 2408.16725
cs.LG 2408.16751
cs.LG 2408.16753
cs.LG 2408.16762
cs.LG 2408.16002
cs.LG 2408.16027
cs.LG 2408.16029
cs.LG 2408.16031
cs.LG 2408.16032
cs.LG 2408.16040
cs.LG 2408.16046
cs.LG 2408.16088
cs.LG 2408.16090
cs.LG 2408.16113
cs.LG 2408.16115
cs.LG 2408.16118
cs.LG 2408.16122
cs.LG 2408.16138
cs.LG 2408.16147
cs.LG 2408.16160
cs.LG 2408.16167
cs.LG 2408.16168
cs.LG 2408.16169
cs.LG 2408.16187
cs.LG 2408.16191
cs.LG 2408.16202
cs.LG 2408.16204
cs.LG 2408.16208
cs.LG 2408.16218
cs.LG 2408.16245
cs.LG 2408.16249
cs.LG 2408.16256
cs.LG 2408.16261
cs.LG 2408.16262
cs.LG 2408.16278
cs.LG 2408.16284
cs.LG 2408.16285
cs.LG 2408.16286
cs.LG 2408.16288
cs.LG 2408.16291
cs.LG 2408.16321
cs.LG 2408.16333
cs.LG 2408.16336
cs.LG 2408.16337
cs.LG 2408.16379
cs.LG 2408.16389
cs.LG 2408.16391
cs.LG 2408.16393
cs.LG 2408.16403
cs.LG 2408.16414
cs.LG 2408.16425
cs.LG 2408.16429
cs.LG 2408.16457
cs.LG 2408.16463
cs.LG 2408.16495
cs.LG 2408.16517
cs.LG 2408.16527
cs.LG 2408.16535
cs.LG 2408.16537
cs.LG 2408.16573
cs.LG 2408.16577
cs.LG 2408.16589
cs.LG 2408.16592
cs.LG 2408.16599
cs.LG 2408.16612
cs.LG 2408.16613
cs.LG 2408.16620
cs.LG 2408.16653
cs.LG 2408.16667
cs.LG 2408.16673
cs.LG 2408.16686
cs.LG 2408.16698
cs.LG 2408.16707
cs.LG 2408.16717
cs.LG 2408.16765
cs.LG 2408.16772
cs.LG 2408.16773
cs.LG 2408.16792
cs.LG 2408.16800
cs.LG 2408.16829
cs.LG 2408.16842
cs.LG 2408.16845
cs.LG 2408.16862
cs.LG 2408.16868
cs.LG 2408.16875
cs.LG 2408.16877
cs.LG 2408.16882
cs.LG 2408.16889
cs.LG 2408.16890
cs.LG 2408.16892
cs.LG 2408.16893
cs.LG 2408.16929
cs.LG 2408.16941
cs.LG 2408.16944
cs.LG 2408.16945
cs.LG 2408.16975
cs.LG 2408.16978
cs.LG 2408.17008
cs.LG 2408.17011
cs.LG 2408.17059
cs.LG 2408.17064
cs.LG 2408.17095
cs.LG 2408.17151
cs.LG 2408.17166
cs.LG 2408.17180
cs.LG 2408.17198
cs.LG 2408.17235
cs.LG 2408.17240
cs.LG 2408.17246
cs.LG 2408.17271
cs.LG 2408.17276
cs.LG 2408.17285
cs.LG 2408.17298
cs.LG 2408.17307
cs.LG 2408.17329
cs.LG 2408.17337
cs.LG 2408.17355
cs.LG 2408.17358
cs.LG 2408.17380
cs.LG 2408.17387
cs.LG 2408.17432
cs.LG 2408.16798
cs.LG 2408.16803
cs.LG 2408.16806
cs.LG 2408.16849
cs.LG 2408.16852
cs.LG 2408.16871
cs.LG 2408.16883
cs.LG 2408.16896
cs.LG 2408.16913
cs.LG 2408.16939
cs.LG 2408.16947
cs.LG 2408.16958
cs.LG 2408.16966
cs.LG 2408.16969
cs.LG 2408.16981
cs.LG 2408.16987
cs.LG 2408.16993
cs.LG 2408.16999
cs.LG 2408.17010
cs.LG 2408.17016
cs.LG 2408.17053
cs.LG 2408.17090
cs.LG 2408.17108
cs.LG 2408.17118
cs.LG 2408.17129
cs.LG 2408.17139
cs.LG 2408.17145
cs.LG 2408.17148
cs.LG 2408.17162
cs.LG 2408.17163
cs.LG 2408.17165
cs.LG 2408.17171
cs.LG 2408.17185
cs.LG 2408.17216
cs.LG 2408.17221
cs.LG 2408.17244
cs.LG 2408.17255
cs.LG 2408.17258
cs.LG 2408.17274
cs.LG 2408.17286
cs.LG 2408.17311
cs.LG 2408.17313
cs.LG 2408.17322
cs.LG 2408.17324
cs.LG 2408.17354
cs.LG 2408.17356
cs.LG 2408.17366
cs.LG 2408.17376
cs.LG 2408.17383
cs.LG 2408.17384
cs.LG 2408.17394
cs.LG 2408.17396
cs.LG 2409.00001
cs.LG 2409.00003
cs.LG 2409.00007
cs.LG 2409.00021
cs.LG 2409.00025
cs.LG 2409.00029
cs.LG 2409.00030
cs.LG 2409.00032
cs.LG 2409.00033
cs.LG 2409.00035
cs.LG 2409.00036
cs.LG 2409.00041
cs.LG 2409.00044
cs.LG 2409.00046
cs.LG 2409.00048
cs.LG 2409.00050
cs.LG 2409.00052
cs.LG 2409.00053
cs.LG 2409.00077
cs.LG 2409.00078
cs.LG 2409.00081
cs.LG 2409.00082
cs.LG 2409.00083
cs.LG 2409.00086
cs.LG 2409.00091
cs.LG 2409.00093
cs.LG 2409.00096
cs.LG 2409.00098
cs.LG 2409.00101
cs.LG 2409.00105
cs.LG 2409.00106
cs.LG 2409.00107
cs.LG 2409.00112
cs.LG 2409.00115
cs.LG 2409.00116
cs.LG 2409.00118
cs.LG 2409.00121
cs.LG 2409.00122
cs.LG 2409.00124
cs.LG 2409.00130
cs.LG 2409.00134
cs.LG 2409.00141
cs.LG 2409.00151
cs.LG 2409.00158
cs.LG 2409.00196
cs.LG 2409.00199
cs.LG 2409.00209
cs.LG 2409.00220
cs.LG 2409.00240
cs.LG 2409.00244
cs.LG 2409.00257
cs.LG 2409.00260
cs.LG 2409.00276
cs.LG 2409.00294
cs.LG 2409.00295
cs.LG 2409.00296
cs.LG 2409.00300
cs.LG 2409.00315
cs.LG 2409.00322
cs.LG 2409.00335
cs.LG 2409.00352
cs.LG 2409.00395
cs.LG 2409.00400
cs.LG 2409.00408
cs.LG 2409.00459
cs.LG 2409.00473
cs.LG 2409.00478
cs.LG 2409.00486
cs.LG 2409.00493
cs.LG 2409.00527
cs.LG 2409.00543
cs.LG 2409.00547
cs.LG 2409.00561
cs.LG 2409.00588
cs.LG 2409.00598
cs.LG 2409.00608
cs.LG 2409.00610
cs.LG 2409.00622
cs.LG 2409.00651
cs.LG 2409.00664
cs.LG 2409.00668
cs.LG 2409.00673
cs.LG 2409.00707
cs.LG 2409.00724
cs.LG 2409.00735
cs.LG 2409.00750
cs.LG 2409.00751
cs.LG 2409.00774
cs.LG 2409.00787
cs.LG 2409.00795
cs.LG 2409.00804
cs.LG 2409.00810
cs.LG 2409.00821
cs.LG 2409.00851
cs.LG 2409.00858
cs.LG 2409.00861
cs.LG 2409.00901
cs.LG 2409.00908
cs.LG 2409.00913
cs.LG 2409.00951
cs.LG 2409.00966
cs.LG 2409.00968
cs.LG 2409.01010
cs.LG 2409.01012
cs.LG 2409.01035
cs.LG 2409.01074
cs.LG 2409.01082
cs.LG 2409.01088
cs.LG 2409.01104
cs.LG 2409.01109
cs.LG 2409.01124
cs.LG 2409.01137
cs.LG 2409.01138
cs.LG 2409.01140
cs.LG 2409.01141
cs.LG 2409.01151
cs.LG 2409.01193
cs.LG 2409.01217
cs.LG 2409.01227
cs.LG 2409.01235
cs.LG 2409.01243
cs.LG 2409.01266
cs.LG 2409.01282
cs.LG 2409.01293
cs.LG 2409.01306
cs.LG 2409.01314
cs.LG 2409.01315
cs.LG 2409.01317
cs.LG 2409.01326
cs.LG 2409.01348
cs.LG 2409.01352
cs.LG 2409.01366
cs.LG 2409.01387
cs.LG 2409.01394
cs.LG 2409.01407
cs.LG 2409.01413
cs.LG 2409.01433
cs.LG 2409.01444
cs.LG 2409.01445
cs.LG 2409.01448
cs.LG 2409.01464
cs.LG 2409.01482
cs.LG 2409.01514
cs.LG 2409.01519
cs.LG 2409.01523
cs.LG 2409.01540
cs.LG 2409.01564
cs.LG 2409.01570
cs.LG 2409.01574
cs.LG 2409.01592
cs.LG 2409.01596
cs.LG 2409.01612
cs.LG 2409.01614
cs.LG 2409.01626
cs.LG 2409.01656
cs.LG 2409.01661
cs.LG 2409.01672
cs.LG 2409.01687
cs.LG 2409.01688
cs.LG 2409.01712
cs.LG 2409.01762
cs.LG 2409.01794
cs.LG 2409.01806
cs.LG 2409.01813
cs.LG 2409.01821
cs.LG 2409.01825
cs.LG 2409.01829
cs.LG 2409.01832
cs.LG 2409.01869
cs.LG 2409.01885
cs.LG 2409.01908
cs.LG 2409.01931
cs.LG 2409.01932
cs.LG 2409.01936
cs.LG 2409.01941
cs.LG 2409.01962
cs.LG 2409.01978
cs.LG 2409.01985
cs.LG 2409.01990
cs.LG 2409.02011
cs.LG 2409.02049
cs.LG 2409.02060
cs.LG 2409.02074
cs.LG 2409.02084
cs.LG 2409.02097
cs.LG 2409.02098
cs.LG 2409.00034
cs.LG 2409.00055
cs.LG 2409.00119
cs.LG 2409.00125
cs.LG 2409.00127
cs.LG 2409.00140
cs.LG 2409.00143
cs.LG 2409.00149
cs.LG 2409.00155
cs.LG 2409.00160
cs.LG 2409.00163
cs.LG 2409.00230
cs.LG 2409.00237
cs.LG 2409.00248
cs.LG 2409.00252
cs.LG 2409.00284
cs.LG 2409.00297
cs.LG 2409.00310
cs.LG 2409.00328
cs.LG 2409.00338
cs.LG 2409.00347
cs.LG 2409.00374
cs.LG 2409.00393
cs.LG 2409.00417
cs.LG 2409.00418
cs.LG 2409.00421
cs.LG 2409.00438
cs.LG 2409.00448
cs.LG 2409.00458
cs.LG 2409.00485
cs.LG 2409.00488
cs.LG 2409.00553
cs.LG 2409.00563
cs.LG 2409.00565
cs.LG 2409.00575
cs.LG 2409.00584
cs.LG 2409.00592
cs.LG 2409.00604
cs.LG 2409.00607
cs.LG 2409.00629
cs.LG 2409.00640
cs.LG 2409.00644
cs.LG 2409.00670
cs.LG 2409.00687
cs.LG 2409.00717
cs.LG 2409.00729
cs.LG 2409.00730
cs.LG 2409.00733
cs.LG 2409.00743
cs.LG 2409.00753
cs.LG 2409.00841
cs.LG 2409.00844
cs.LG 2409.00848
cs.LG 2409.00879
cs.LG 2409.00880
cs.LG 2409.00894
cs.LG 2409.00920
cs.LG 2409.00979
cs.LG 2409.00980
cs.LG 2409.00994
cs.LG 2409.01025
cs.LG 2409.01062
cs.LG 2409.01081
cs.LG 2409.01089
cs.LG 2409.01115
cs.LG 2409.01128
cs.LG 2409.01129
cs.LG 2409.01154
cs.LG 2409.01163
cs.LG 2409.01175
cs.LG 2409.01185
cs.LG 2409.01207
cs.LG 2409.01213
cs.LG 2409.01245
cs.LG 2409.01249
cs.LG 2409.01251
cs.LG 2409.01303
cs.LG 2409.01308
cs.LG 2409.01329
cs.LG 2409.01354
cs.LG 2409.01362
cs.LG 2409.01367
cs.LG 2409.01369
cs.LG 2409.01410
cs.LG 2409.01416
cs.LG 2409.01420
cs.LG 2409.01427
cs.LG 2409.01428
cs.LG 2409.01435
cs.LG 2409.01446
cs.LG 2409.01447
cs.LG 2409.01449
cs.LG 2409.01477
cs.LG 2409.01483
cs.LG 2409.01498
cs.LG 2409.01531
cs.LG 2409.01532
cs.LG 2409.01568
cs.LG 2409.01585
cs.LG 2409.01588
cs.LG 2409.01607
cs.LG 2409.01628
cs.LG 2409.01633
cs.LG 2409.01635
cs.LG 2409.01676
cs.LG 2409.01685
cs.LG 2409.01713
cs.LG 2409.01730
cs.LG 2409.01731
cs.LG 2409.01763
cs.LG 2409.01793
cs.LG 2409.01890
cs.LG 2409.01899
cs.LG 2409.01914
cs.LG 2409.01930
cs.LG 2409.01968
cs.LG 2409.01977
cs.LG 2409.01980
cs.LG 2409.01989
cs.LG 2409.02026
cs.LG 2409.02052
cs.LG 2409.02064
cs.LG 2409.02066
cs.LG 2409.02079
cs.LG 2409.02115
cs.LG 2409.02120
cs.LG 2409.02132
cs.LG 2409.02137
cs.LG 2409.02140
cs.LG 2409.02143
cs.LG 2409.02148
cs.LG 2409.02149
cs.LG 2409.02150
cs.LG 2409.02154
cs.LG 2409.02231
cs.LG 2409.02245
cs.LG 2409.02251
cs.LG 2409.02257
cs.LG 2409.02266
cs.LG 2409.02281
cs.LG 2409.02309
cs.LG 2409.02327
cs.LG 2409.02342
cs.LG 2409.02349
cs.LG 2409.02374
cs.LG 2409.02388
cs.LG 2409.02413
cs.LG 2409.02425
cs.LG 2409.02430
cs.LG 2409.02471
cs.LG 2409.02482
cs.LG 2409.02485
cs.LG 2409.02492
cs.LG 2409.02517
cs.LG 2409.02555
cs.LG 2409.02572
cs.LG 2409.02584
cs.LG 2409.02599
cs.LG 2409.02629
cs.LG 2409.02644
cs.LG 2409.02647
cs.LG 2409.02668
cs.LG 2409.02669
cs.LG 2409.02684
cs.LG 2409.02686
cs.LG 2409.02697
cs.LG 2409.02709
cs.LG 2409.02712
cs.LG 2409.02714
cs.LG 2409.02715
cs.LG 2409.02740
cs.LG 2409.02778
cs.LG 2409.02817
cs.LG 2409.02836
cs.LG 2409.02842
cs.LG 2409.02856
cs.LG 2409.02871
cs.LG 2409.02877
cs.LG 2409.02882
cs.LG 2409.02891
cs.LG 2409.02111
cs.LG 2409.02114
cs.LG 2409.02118
cs.LG 2409.02119
cs.LG 2409.02122
cs.LG 2409.02123
cs.LG 2409.02124
cs.LG 2409.02126
cs.LG 2409.02127
cs.LG 2409.02128
cs.LG 2409.02130
cs.LG 2409.02134
cs.LG 2409.02135
cs.LG 2409.02136
cs.LG 2409.02138
cs.LG 2409.02139
cs.LG 2409.02141
cs.LG 2409.02145
cs.LG 2409.02146
cs.LG 2409.02189
cs.LG 2409.02228
cs.LG 2409.02246
cs.LG 2409.02259
cs.LG 2409.02270
cs.LG 2409.02303
cs.LG 2409.02313
cs.LG 2409.02322
cs.LG 2409.02332
cs.LG 2409.02339
cs.LG 2409.02343
cs.LG 2409.02346
cs.LG 2409.02347
cs.LG 2409.02363
cs.LG 2409.02392
cs.LG 2409.02404
cs.LG 2409.02410
cs.LG 2409.02416
cs.LG 2409.02426
cs.LG 2409.02428
cs.LG 2409.02431
cs.LG 2409.02446
cs.LG 2409.02495
cs.LG 2409.02512
cs.LG 2409.02529
cs.LG 2409.02530
cs.LG 2409.02588
cs.LG 2409.02596
cs.LG 2409.02604
cs.LG 2409.02628
cs.LG 2409.02672
cs.LG 2409.02681
cs.LG 2409.02708
cs.LG 2409.02728
cs.LG 2409.02730
cs.LG 2409.02747
cs.LG 2409.02772
cs.LG 2409.02792
cs.LG 2409.02802
cs.LG 2409.02850
cs.LG 2409.02869
cs.LG 2409.02901
cs.LG 2409.02908
cs.LG 2409.02943
cs.LG 2409.02958
cs.LG 2409.02963
cs.LG 2409.02965
cs.LG 2409.02969
cs.LG 2409.02980
cs.LG 2409.03005
cs.LG 2409.03021
cs.LG 2409.03034
cs.LG 2409.03043
cs.LG 2409.03107
cs.LG 2409.03115
cs.LG 2409.03118
cs.LG 2409.03129
cs.LG 2409.03140
cs.LG 2409.03149
cs.LG 2409.03167
cs.LG 2409.03187
cs.LG 2409.03212
cs.LG 2409.03215
cs.LG 2409.03218
cs.LG 2409.03219
cs.LG 2409.03238
cs.LG 2409.03251
cs.LG 2409.03253
cs.LG 2409.03260
cs.LG 2409.03291
cs.LG 2409.03299
cs.LG 2409.03302
cs.LG 2409.03335
cs.LG 2409.03358
cs.LG 2409.03365
cs.LG 2409.03375
cs.LG 2409.03377
cs.LG 2409.03466
cs.LG 2409.03470
cs.LG 2409.03478
cs.LG 2409.03492
cs.LG 2409.03495
cs.LG 2409.03505
cs.LG 2409.03543
cs.LG 2409.03550
cs.LG 2409.03556
cs.LG 2409.03563
cs.LG 2409.03614
cs.LG 2409.03618
cs.LG 2409.03655
cs.LG 2409.03662
cs.LG 2409.03663
cs.LG 2409.03669
cs.LG 2409.03674
cs.LG 2409.03684
cs.LG 2409.03685
cs.LG 2409.03703
cs.LG 2409.03713
cs.LG 2409.03717
cs.LG 2409.03731
cs.LG 2409.03753
cs.LG 2409.03757
cs.LG 2409.02938
cs.LG 2409.02957
cs.LG 2409.02971
cs.LG 2409.02973
cs.LG 2409.02976
cs.LG 2409.03024
cs.LG 2409.03052
cs.LG 2409.03060
cs.LG 2409.03077
cs.LG 2409.03103
cs.SI 2408.16288
cs.LG 2409.03137
cs.SI 2408.16508
cs.LG 2409.03141
cs.SI 2408.16629
cs.LG 2409.03142
cs.SI 2408.16022
cs.LG 2409.03147
cs.SI 2408.16295
cs.LG 2409.03148
cs.SI 2408.16308
cs.LG 2409.03151
cs.SI 2408.16877
cs.LG 2409.03164
cs.SI 2408.16933
cs.LG 2409.03180
cs.SI 2408.17051
cs.LG 2409.03204
cs.LG 2409.03220
cs.SI 2408.17107
cs.LG 2409.03231
cs.SI 2409.00004
cs.LG 2409.03237
cs.SI 2409.00110
cs.LG 2409.03239
cs.SI 2409.00159
cs.LG 2409.03276
cs.SI 2409.00211
cs.LG 2409.03282
cs.SI 2409.00338
cs.LG 2409.03301
cs.SI 2409.00670
cs.LG 2409.03303
cs.SI 2409.00687
cs.LG 2409.03306
cs.SI 2409.01262
cs.LG 2409.03463
cs.SI 2409.01384
cs.LG 2409.03489
cs.SI 2409.00823
cs.LG 2409.03507
cs.SI 2409.01052
cs.LG 2409.03542
cs.SI 2409.01145
cs.LG 2409.03545
cs.SI 2409.01363
cs.LG 2409.03555
cs.SI 2409.01454
cs.LG 2409.03577
cs.SI 2409.01880
cs.LG 2409.03588
cs.SI 2409.02077
cs.LG 2409.03598
cs.SI 2409.02519
cs.LG 2409.03612
cs.SI 2409.02659
cs.LG 2409.03632
cs.SI 2409.02728
cs.LG 2409.03646
cs.SI 2409.02152
cs.LG 2409.03650
cs.SI 2409.02304
cs.LG 2409.03657
cs.SI 2409.02525
cs.LG 2409.03658
cs.SI 2409.02690
cs.LG 2409.03667
cs.SI 2409.02702
cs.LG 2409.03668
cs.SI 2409.03111
cs.LG 2409.03672
cs.SI 2409.02965
cs.LG 2409.03682
cs.SI 2409.03067
cs.LG 2409.03697
cs.SI 2409.03127
cs.LG 2409.03710
cs.LG 2409.03733
cs.LG 2409.03734
cs.LG 2409.03735
cs.LG 2409.03740
cs.LG 2409.03741
cs.LG 2409.03749
cs.SY 2408.16215
cs.SY 2408.16370
cs.SY 2408.16703
cs.SY 2408.16144
cs.SY 2408.16193
cs.SY 2408.16197
cs.SY 2408.16338
cs.SY 2408.16494
cs.SY 2408.16507
cs.SY 2408.16724
cs.SY 2408.17050
cs.SY 2408.17096
cs.SY 2408.17112
cs.SY 2408.17156
cs.SY 2408.17186
cs.SY 2408.17246
cs.SY 2408.17350
cs.SY 2408.17435
cs.SY 2408.16846
cs.SY 2408.16870
cs.SY 2408.16899
cs.SY 2408.16905
cs.SY 2408.16923
cs.SY 2408.16957
cs.SY 2408.17133
cs.SY 2408.17140
cs.SY 2408.17161
cs.SY 2408.17348
cs.SY 2409.00015
cs.SY 2409.00036
cs.SY 2409.00052
cs.SY 2409.00057
cs.SY 2409.00058
cs.SY 2409.00086
cs.SY 2409.00326
cs.SY 2409.00367
cs.SY 2409.00393
cs.SY 2409.00469
cs.SY 2409.00485
cs.SY 2409.00493
cs.SY 2409.00501
cs.SY 2409.00753
cs.SY 2409.00936
cs.SY 2409.01036
cs.SY 2409.01066
cs.SY 2409.01069
cs.SY 2409.01080
cs.SY 2409.01111
cs.SY 2409.01163
cs.SY 2409.01243
cs.SY 2409.01277
cs.SY 2409.01458
cs.SY 2409.01525
cs.SY 2409.00002
cs.SY 2409.00049
cs.SY 2409.00107
cs.SY 2409.00123
cs.SY 2409.00257
cs.SY 2409.00282
cs.SY 2409.00334
cs.SY 2409.00368
cs.SY 2409.00424
cs.SY 2409.00429
cs.SY 2409.00536
cs.SY 2409.00538
cs.SY 2409.00581
cs.SY 2409.00594
cs.SY 2409.00949
cs.SY 2409.01205
cs.SY 2409.01222
cs.SY 2409.01284
cs.SY 2409.01324
cs.SY 2409.01411
cs.SY 2409.01465
cs.SY 2409.01602
cs.SY 2409.01608
cs.SY 2409.01760
cs.SY 2409.01809
cs.SY 2409.01859
cs.SY 2409.01896
cs.SY 2409.01932
cs.SY 2409.01955
cs.SY 2409.01974
cs.SY 2409.02237
cs.SY 2409.02262
cs.SY 2409.02270
cs.SY 2409.02324
cs.SY 2409.02428
cs.SY 2409.02444
cs.SY 2409.02636
cs.SY 2409.02663
cs.SY 2409.02148
cs.SY 2409.02218
cs.SY 2409.02272
cs.SY 2409.02336
cs.SY 2409.02345
cs.SY 2409.02350
cs.SY 2409.02352
cs.SY 2409.02408
cs.SY 2409.02424
cs.SY 2409.02473
cs.SY 2409.02745
cs.SY 2409.03005
cs.SY 2409.03013
cs.SY 2409.03107
cs.SY 2409.03146
cs.SY 2409.03149
cs.SY 2409.03160
cs.SY 2409.03237
cs.SY 2409.03251
cs.SY 2409.03378
cs.SY 2409.03495
cs.SY 2409.03559
cs.SY 2409.03672
cs.SY 2409.03692
cs.SY 2409.03740
cs.SY 2409.03028
cs.SY 2409.03163
cs.SY 2409.03175
cs.SY 2409.03201
cs.SY 2409.03227
cs.SY 2409.03244
cs.SY 2409.03273
cs.SY 2409.03398
cs.SY 2409.03433
cs.SY 2409.03475
cs.SY 2409.03628
cs.SY 2409.03630
cs.SY 2409.03727
cs.SY 2409.03731
stat.ML 2408.16068
stat.ML 2408.16101
stat.ML 2408.16115
stat.ML 2408.16138
stat.ML 2408.16218
stat.ML 2408.16249
stat.ML 2408.16429
stat.ML 2408.16751
stat.ML 2408.16765
stat.ML 2408.16035
stat.ML 2408.16189
stat.ML 2408.16543
stat.ML 2408.16773
stat.ML 2408.16852
stat.ML 2408.16913
stat.ML 2408.16981
stat.ML 2408.16999
stat.ML 2408.17016
stat.ML 2408.17165
stat.ML 2408.17396
stat.ML 2408.16862
stat.ML 2408.16868
stat.ML 2408.17276
stat.ML 2408.17387
stat.ML 2409.00118
stat.ML 2409.00125
stat.ML 2409.00127
stat.ML 2409.00141
stat.ML 2409.00172
stat.ML 2409.00297
stat.ML 2409.00300
stat.ML 2409.00328
stat.ML 2409.00493
stat.ML 2409.00544
stat.ML 2409.00553
stat.ML 2409.00668
stat.ML 2409.00730
stat.ML 2409.00733
stat.ML 2409.00817
stat.ML 2409.00855
stat.ML 2409.00894
stat.ML 2409.00915
stat.ML 2409.00979
stat.ML 2409.01208
stat.ML 2409.01266
stat.ML 2409.01293
stat.ML 2409.01369
stat.ML 2409.01428
stat.ML 2409.01547
stat.ML 2409.01574
stat.ML 2409.01688
stat.ML 2409.01794
stat.ML 2409.01908
stat.ML 2409.01974
stat.ML 2409.01978
stat.ML 2409.00220
stat.ML 2409.00561
stat.ML 2409.00901
stat.ML 2409.00908
stat.ML 2409.01074
stat.ML 2409.01243
stat.ML 2409.01464
stat.ML 2409.01519
stat.ML 2409.01570
stat.ML 2409.01656
stat.ML 2409.01687
stat.ML 2409.01829
stat.ML 2409.01832
stat.ML 2409.01985
stat.ML 2409.00843
stat.ML 2409.02135
stat.ML 2409.02154
stat.ML 2409.02245
stat.ML 2409.02363
stat.ML 2409.02392
stat.ML 2409.02416
stat.ML 2409.02485
stat.ML 2409.02574
stat.ML 2409.02628
stat.ML 2409.02684
stat.ML 2409.02732
stat.ML 2409.02772
stat.ML 2409.02802
stat.ML 2409.02850
stat.ML 2409.02327
stat.ML 2409.02342
stat.ML 2409.02471
stat.ML 2409.02644
stat.ML 2409.02668
stat.ML 2409.02778
stat.ML 2409.03136
stat.ML 2409.03137
stat.ML 2409.03142
stat.ML 2409.03151
stat.ML 2409.03231
stat.ML 2409.03237
stat.ML 2409.03710
stat.ML 2409.03734
stat.ML 2409.03749
stat.ML 2409.03149
stat.ML 2409.03335
stat.ML 2409.03492
stat.ML 2409.03495
stat.ML 2409.03505
stat.ML 2409.03618
stat.ML 2409.03669
stat.ML 2409.03703
eess.AS 2408.16030
eess.AS 2408.16126
eess.AS 2408.16204
eess.AS 2408.16287
eess.AS 2408.16373
eess.AS 2408.16542
eess.AS 2408.16546
eess.AS 2408.16564
eess.AS 2408.16568
eess.AS 2408.16650
eess.AS 2408.16725
eess.AS 2408.16732
eess.AS 2408.16132
eess.AS 2408.16180
eess.AS 2408.16221
eess.AS 2408.16410
eess.AS 2408.16423
eess.AS 2408.16532
eess.AS 2408.16969
eess.AS 2408.17009
eess.AS 2408.17352
eess.AS 2408.17358
eess.AS 2408.17434
eess.AS 2408.17068
eess.AS 2408.17142
eess.AS 2408.17166
eess.AS 2408.17175
eess.AS 2408.17431
eess.AS 2408.17432
eess.AS 2409.00099
eess.AS 2409.00121
eess.AS 2409.00151
eess.AS 2409.00217
eess.AS 2409.00275
eess.AS 2409.00292
eess.AS 2409.00356
eess.AS 2409.00391
eess.AS 2409.00408
eess.AS 2409.00486
eess.AS 2409.00587
eess.AS 2409.00700
eess.AS 2409.00724
eess.AS 2409.00750
eess.AS 2409.00819
eess.AS 2409.00851
eess.AS 2409.00919
eess.AS 2409.00933
eess.AS 2409.00946
eess.AS 2409.00971
eess.AS 2409.00986
eess.AS 2409.01217
eess.AS 2409.01352
eess.AS 2409.01545
eess.AS 2409.01548
eess.AS 2409.01668
eess.AS 2409.01695
eess.AS 2409.01864
eess.AS 2409.01885
eess.AS 2409.02050
eess.AS 2409.00387
eess.AS 2409.00481
eess.AS 2409.00552
eess.AS 2409.00562
eess.AS 2409.01160
eess.AS 2409.01201
eess.AS 2409.01209
eess.AS 2409.01438
eess.AS 2409.01776
eess.AS 2409.01813
eess.AS 2409.01995
eess.AS 2409.02041
eess.AS 2409.02239
eess.AS 2409.02245
eess.AS 2409.02266
eess.AS 2409.02384
eess.AS 2409.02421
eess.AS 2409.02489
eess.AS 2409.02517
eess.AS 2409.02596
eess.AS 2409.02800
eess.AS 2409.02845
eess.AS 2409.02915
eess.AS 2409.02302
eess.AS 2409.02451
eess.AS 2409.02466
eess.AS 2409.02565
eess.AS 2409.02615
eess.AS 2409.03055
eess.AS 2409.03283
eess.AS 2409.03336
eess.AS 2409.03377
eess.AS 2409.03597
eess.AS 2409.03701
eess.AS 2409.03715
eess.AS 2409.03269
eess.AS 2409.03520
eess.AS 2409.03610
eess.AS 2409.03636
eess.AS 2409.03655
math.OC 2408.16076
math.OC 2408.16113
math.OC 2408.16117
math.OC 2408.16167
math.OC 2408.16262
math.OC 2408.16286
math.OC 2408.16300
math.OC 2408.16385
math.OC 2408.16480
math.OC 2408.16543
math.OC 2408.16622
math.OC 2408.16624
math.OC 2408.16626
math.OC 2408.16087
math.OC 2408.16181
math.OC 2408.16186
math.OC 2408.16215
math.OC 2408.16424
math.OC 2408.16462
math.OC 2408.16656
math.OC 2408.16680
math.OC 2408.16852
math.OC 2408.16890
math.OC 2408.16899
math.OC 2408.16981
math.OC 2408.17109
math.OC 2408.17145
math.OC 2408.17387
math.OC 2408.16918
math.OC 2408.16927
math.OC 2408.16989
math.OC 2408.17030
math.OC 2408.17113
math.OC 2408.17156
math.OC 2408.17173
math.OC 2408.17196
math.OC 2408.17213
math.OC 2408.17246
math.OC 2408.17288
math.OC 2408.17295
math.OC 2408.17342
math.OC 2408.17350
math.OC 2408.17348
math.OC 2409.00013
math.OC 2409.00037
math.OC 2409.00068
math.OC 2409.00107
math.OC 2409.00123
math.OC 2409.00281
math.OC 2409.00424
math.OC 2409.00429
math.OC 2409.00479
math.OC 2409.00537
math.OC 2409.00566
math.OC 2409.01032
math.OC 2409.01153
math.OC 2409.01163
math.OC 2409.01411
math.OC 2409.01465
math.OC 2409.01607
math.OC 2409.01640
math.OC 2409.01896
math.OC 2409.02066
math.OC 2409.00075
math.OC 2409.00126
math.OC 2409.00227
math.OC 2409.00276
math.OC 2409.00367
math.OC 2409.00370
math.OC 2409.00432
math.OC 2409.00459
math.OC 2409.00493
math.OC 2409.00498
math.OC 2409.00526
math.OC 2409.00573
math.OC 2409.00605
math.OC 2409.00655
math.OC 2409.00859
math.OC 2409.00892
math.OC 2409.00913
math.OC 2409.00936
math.OC 2409.00968
math.OC 2409.01177
math.OC 2409.01373
math.OC 2409.01413
math.OC 2409.01490
math.OC 2409.01518
math.OC 2409.01535
math.OC 2409.01593
math.OC 2409.01649
math.OC 2409.01684
math.OC 2409.01697
math.OC 2409.01747
math.OC 2409.01770
math.OC 2409.01820
math.OC 2409.01833
math.OC 2409.01869
math.OC 2409.01888
math.OC 2409.01973
math.OC 2409.02025
math.OC 2409.02148
math.OC 2409.02246
math.OC 2409.02399
math.OC 2409.02635
math.OC 2409.02658
math.OC 2409.02260
math.OC 2409.02477
math.OC 2409.02491
math.OC 2409.02637
math.OC 2409.02640
math.OC 2409.02969
math.OC 2409.03028
math.OC 2409.03121
math.OC 2409.03196
math.OC 2409.03221
math.OC 2409.03237
math.OC 2409.03244
math.OC 2409.03461
math.OC 2409.03682
math.OC 2409.03698
math.OC 2409.03740
math.OC 2409.02963
math.OC 2409.03064
math.OC 2409.03092
math.OC 2409.03146
math.OC 2409.03188
math.OC 2409.03262
math.OC 2409.03337
math.OC 2409.03518
math.OC 2409.03559
math.OC 2409.03619
math.OC 2409.03739
nlin.AO 2408.16015
nlin.AO 2408.16155
nlin.AO 2408.13336
nlin.AO 2409.01469
nlin.AO 2409.02658
nlin.AO 2409.02814
nlin.AO 2409.02816
nlin.AO 2409.02758
nlin.AO 2409.02884
nlin.AO 2409.03290
stat.TH 2408.16011
stat.TH 2408.16023
stat.TH 2408.16189
stat.TH 2408.16381
stat.TH 2408.16384
stat.TH 2408.16765
stat.TH 2408.16852
stat.TH 2408.17078
stat.TH 2408.16799
stat.TH 2408.17087
stat.TH 2409.00322
stat.TH 2409.00679
stat.TH 2409.00733
stat.TH 2409.00817
stat.TH 2409.00966
stat.TH 2409.01464
stat.TH 2409.01567
stat.TH 2409.01570
stat.TH 2409.01599
stat.TH 2409.01687
stat.TH 2409.01983
stat.TH 2409.00491
stat.TH 2409.00906
stat.TH 2409.00915
stat.TH 2409.01220
stat.TH 2409.01451
stat.TH 2409.02014
stat.TH 2409.02247
stat.TH 2409.02269
stat.TH 2409.02573
stat.TH 2409.02320
stat.TH 2409.02911
stat.TH 2409.03410
stat.TH 2409.03417
stat.TH 2409.03461
stat.TH 2409.03730
eess.IV 2408.16113
eess.IV 2408.16623
eess.IV 2408.16117
eess.IV 2408.16150
eess.IV 2408.16277
eess.IV 2408.16303
eess.IV 2408.16340
eess.IV 2408.16355
eess.IV 2408.16471
eess.IV 2408.16481
eess.IV 2408.16550
eess.IV 2408.16553
eess.IV 2408.16562
eess.IV 2408.16622
eess.IV 2408.16800
eess.IV 2408.17057
eess.IV 2408.17106
eess.IV 2408.17339
eess.IV 2408.16859
eess.IV 2408.16886
eess.IV 2408.17011
eess.IV 2408.17073
eess.IV 2408.17099
eess.IV 2408.17421
eess.IV 2408.07341
eess.IV 2409.00025
eess.IV 2409.00543
eess.IV 2409.00749
eess.IV 2409.00807
eess.IV 2409.00986
eess.IV 2409.01020
eess.IV 2409.01022
eess.IV 2409.01199
eess.IV 2409.02044
eess.IV 2409.00109
eess.IV 2409.00157
eess.IV 2409.00204
eess.IV 2409.00375
eess.IV 2409.00442
eess.IV 2409.00647
eess.IV 2409.00649
eess.IV 2409.00718
eess.IV 2409.00798
eess.IV 2409.00804
eess.IV 2409.00884
eess.IV 2409.00956
eess.IV 2409.01009
eess.IV 2409.01013
eess.IV 2409.01195
eess.IV 2409.01544
eess.IV 2409.01618
eess.IV 2409.01622
eess.IV 2409.01988
eess.IV 2409.02070
eess.IV 2409.02290
eess.IV 2409.02492
eess.IV 2409.02647
eess.IV 2409.02142
eess.IV 2409.02309
eess.IV 2409.02348
eess.IV 2409.02453
eess.IV 2409.02497
eess.IV 2409.02675
eess.IV 2409.02743
eess.IV 2409.02770
eess.IV 2409.02809
eess.IV 2409.02826
eess.IV 2409.02885
eess.IV 2409.03010
eess.IV 2409.03143
eess.IV 2409.02961
eess.IV 2409.03087
eess.IV 2409.03110
eess.IV 2409.03179
eess.IV 2409.03265
eess.IV 2409.03367
eess.IV 2409.03519
math.PR 2408.16011
math.PR 2408.16035
math.PR 2408.16574
math.PR 2408.16594
math.PR 2408.16618
math.PR 2408.16765
math.PR 2408.16133
math.PR 2408.16252
math.PR 2408.16385
math.PR 2408.16480
math.PR 2408.16585
math.PR 2408.16636
math.PR 2408.16649
math.PR 2408.16989
math.PR 2408.16908
math.PR 2408.16955
math.PR 2408.17058
math.PR 2408.17078
math.PR 2408.17109
math.PR 2408.17170
math.PR 2408.17219
math.PR 2408.17242
math.PR 2409.00126
math.PR 2409.00213
math.PR 2409.01155
math.PR 2409.01177
math.PR 2409.01226
math.PR 2409.01337
math.PR 2409.01593
math.PR 2409.01623
math.PR 2409.01640
math.PR 2409.02013
math.PR 2409.00235
math.PR 2409.00422
math.PR 2409.00450
math.PR 2409.00479
math.PR 2409.00541
math.PR 2409.00542
math.PR 2409.00548
math.PR 2409.00554
math.PR 2409.00609
math.PR 2409.00652
math.PR 2409.00715
math.PR 2409.00732
math.PR 2409.00849
math.PR 2409.00934
math.PR 2409.00966
math.PR 2409.00995
math.PR 2409.01044
math.PR 2409.01048
math.PR 2409.01270
math.PR 2409.01290
math.PR 2409.01340
math.PR 2409.01346
math.PR 2409.01510
math.PR 2409.01550
math.PR 2409.01606
math.PR 2409.01660
math.PR 2409.01692
math.PR 2409.01720
math.PR 2409.01819
math.PR 2409.01845
math.PR 2409.01956
math.PR 2409.02096
math.PR 2409.02314
math.PR 2409.02435
math.PR 2409.02698
math.PR 2409.02853
math.PR 2409.02876
math.PR 2409.02911
math.PR 2409.02153
math.PR 2409.02215
math.PR 2409.02479
math.PR 2409.02532
math.PR 2409.02610
math.PR 2409.02660
math.PR 2409.02717
math.PR 2409.02723
math.PR 2409.02843
math.PR 2409.02861
math.PR 2409.02902
math.PR 2409.03353
math.PR 2409.03382
math.PR 2409.03472
math.PR 2409.03518
math.PR 2409.03642
math.PR 2409.03664
math.PR 2409.03705
math.PR 2409.03730
math.PR 2409.03099
math.PR 2409.03235
math.PR 2409.03317
math.PR 2409.03324
math.PR 2409.03459
math.PR 2409.03607
math.PR 2409.03613
math.PR 2409.03626
math.PR 2409.03687
math.PR 2409.03756
nlin.CD 2408.16352
nlin.CD 2408.17088
nlin.CD 2408.17310
nlin.CD 2406.09885
nlin.CD 2409.00258
nlin.CD 2409.00952
nlin.CD 2409.01394
nlin.CD 2409.00023
nlin.CD 2409.00651
nlin.CD 2409.00668
nlin.CD 2409.00785
nlin.CD 2409.00932
nlin.CD 2409.01244
nlin.CD 2409.01719
nlin.CD 2409.01878
nlin.CD 2409.00484
nlin.CD 2409.02515
nlin.CD 2409.02658
nlin.CD 2409.02764
nlin.CD 2409.02498
nlin.CD 2409.03002
nlin.CD 2409.03036
nlin.CD 2409.03033
physics.comp-ph 2408.16230
physics.comp-ph 2408.16329
physics.comp-ph 2408.16414
physics.comp-ph 2408.16483
physics.comp-ph 2408.16484
physics.comp-ph 2408.16588
physics.comp-ph 2408.16611
physics.comp-ph 2408.16650
physics.comp-ph 2408.16693
physics.comp-ph 2408.16698
physics.comp-ph 2408.16746
physics.comp-ph 2408.16142
physics.comp-ph 2408.16157
physics.comp-ph 2408.16175
physics.comp-ph 2408.16509
physics.comp-ph 2408.16722
physics.comp-ph 2408.17004
physics.comp-ph 2408.17023
physics.comp-ph 2408.17116
physics.comp-ph 2408.17130
physics.comp-ph 2408.17270
physics.comp-ph 2408.17429
physics.comp-ph 2408.16915
physics.comp-ph 2408.16972
physics.comp-ph 2408.17137
physics.comp-ph 2409.00153
physics.comp-ph 2409.00207
physics.comp-ph 2409.00221
physics.comp-ph 2409.00273
physics.comp-ph 2409.00278
physics.comp-ph 2409.00360
physics.comp-ph 2409.00703
physics.comp-ph 2409.01135
physics.comp-ph 2409.01323
physics.comp-ph 2409.01439
physics.comp-ph 2409.01509
physics.comp-ph 2409.01592
physics.comp-ph 2409.01671
physics.comp-ph 2409.01674
physics.comp-ph 2409.01862
physics.comp-ph 2409.01884
physics.comp-ph 2409.01931
physics.comp-ph 2409.02105
physics.comp-ph 2409.00165
physics.comp-ph 2409.00213
physics.comp-ph 2409.00957
physics.comp-ph 2409.01049
physics.comp-ph 2409.01076
physics.comp-ph 2409.01124
physics.comp-ph 2409.01315
physics.comp-ph 2409.01417
physics.comp-ph 2409.01536
physics.comp-ph 2409.01827
physics.comp-ph 2409.02247
physics.comp-ph 2409.02323
physics.comp-ph 2409.02339
physics.comp-ph 2409.02349
physics.comp-ph 2409.02467
physics.comp-ph 2409.02504
physics.comp-ph 2409.02538
physics.comp-ph 2409.02658
physics.comp-ph 2409.02737
physics.comp-ph 2409.02749
physics.comp-ph 2409.02769
physics.comp-ph 2409.02786
physics.comp-ph 2409.02790
physics.comp-ph 2409.02803
physics.comp-ph 2409.02814
physics.comp-ph 2409.02774
physics.comp-ph 2409.02930
physics.comp-ph 2409.03239
physics.comp-ph 2409.03112
physics.comp-ph 2409.03430
nlin.SI 2408.15659
nlin.SI 2408.15897
nlin.SI 2408.15662
nlin.SI 2408.16554
nlin.SI 2408.16720
nlin.SI 2409.01124
nlin.SI 2409.01501
nlin.SI 2409.01537
nlin.SI 2409.00406
nlin.SI 2409.00711
nlin.SI 2409.01063
nlin.SI 2409.01328
nlin.SI 2409.02539
nlin.SI 2409.02793
nlin.SI 2409.02755
nlin.SI 2409.03158
nlin.SI 2409.03091
nlin.SI 2409.03534
eess.SP 2408.16113
eess.SP 2408.16122
eess.SP 2408.16251
eess.SP 2408.16280
eess.SP 2408.16291
eess.SP 2408.16315
eess.SP 2408.16377
eess.SP 2408.16455
eess.SP 2408.16532
eess.SP 2408.16573
eess.SP 2408.16622
eess.SP 2408.16703
eess.SP 2408.16707
eess.SP 2408.16194
eess.SP 2408.16239
eess.SP 2408.16347
eess.SP 2408.16399
eess.SP 2408.16401
eess.SP 2408.16415
eess.SP 2408.16464
eess.SP 2408.16605
eess.SP 2408.16606
eess.SP 2408.16710
eess.SP 2408.16728
eess.SP 2408.16774
eess.SP 2408.16786
eess.SP 2408.16853
eess.SP 2408.16854
eess.SP 2408.16867
eess.SP 2408.16868
eess.SP 2408.16969
eess.SP 2408.17035
eess.SP 2408.17050
eess.SP 2408.17269
eess.SP 2408.17274
eess.SP 2408.17397
eess.SP 2408.16778
eess.SP 2408.16850
eess.SP 2408.16882
eess.SP 2408.17014
eess.SP 2408.17096
eess.SP 2408.17252
eess.SP 2408.17329
eess.SP 2408.17449
eess.SP 2409.00016
eess.SP 2409.00123
eess.SP 2409.00310
eess.SP 2409.00364
eess.SP 2409.00402
eess.SP 2409.00466
eess.SP 2409.00488
eess.SP 2409.00512
eess.SP 2409.00526
eess.SP 2409.00565
eess.SP 2409.00634
eess.SP 2409.00798
eess.SP 2409.00941
eess.SP 2409.00978
eess.SP 2409.01002
eess.SP 2409.01119
eess.SP 2409.01166
eess.SP 2409.01243
eess.SP 2409.01488
eess.SP 2409.01566
eess.SP 2409.01570
eess.SP 2409.01676
eess.SP 2409.01701
eess.SP 2409.01776
eess.SP 2409.01850
eess.SP 2409.01957
eess.SP 2409.01965
eess.SP 2409.01985
eess.SP 2409.00003
eess.SP 2409.00007
eess.SP 2409.00025
eess.SP 2409.00030
eess.SP 2409.00032
eess.SP 2409.00033
eess.SP 2409.00035
eess.SP 2409.00041
eess.SP 2409.00050
eess.SP 2409.00052
eess.SP 2409.00053
eess.SP 2409.00057
eess.SP 2409.00058
eess.SP 2409.00062
eess.SP 2409.00066
eess.SP 2409.00074
eess.SP 2409.00078
eess.SP 2409.00080
eess.SP 2409.00083
eess.SP 2409.00087
eess.SP 2409.00093
eess.SP 2409.00101
eess.SP 2409.00114
eess.SP 2409.00115
eess.SP 2409.00118
eess.SP 2409.00121
eess.SP 2409.00122
eess.SP 2409.00124
eess.SP 2409.00130
eess.SP 2409.00141
eess.SP 2409.00277
eess.SP 2409.00337
eess.SP 2409.00501
eess.SP 2409.00517
eess.SP 2409.00716
eess.SP 2409.00723
eess.SP 2409.00724
eess.SP 2409.00738
eess.SP 2409.00797
eess.SP 2409.00799
eess.SP 2409.00836
eess.SP 2409.00905
eess.SP 2409.00925
eess.SP 2409.00950
eess.SP 2409.00969
eess.SP 2409.01018
eess.SP 2409.01111
eess.SP 2409.01114
eess.SP 2409.01127
eess.SP 2409.01263
eess.SP 2409.01631
eess.SP 2409.01647
eess.SP 2409.01694
eess.SP 2409.01797
eess.SP 2409.01933
eess.SP 2409.01962
eess.SP 2409.02055
eess.SP 2409.02212
eess.SP 2409.02303
eess.SP 2409.02396
eess.SP 2409.02454
eess.SP 2409.02564
eess.SP 2409.02720
eess.SP 2409.02728
eess.SP 2409.02866
eess.SP 2409.02912
eess.SP 2409.02155
eess.SP 2409.02276
eess.SP 2409.02430
eess.SP 2409.02447
eess.SP 2409.02464
eess.SP 2409.02597
eess.SP 2409.02748
eess.SP 2409.02785
eess.SP 2409.02797
eess.SP 2409.02832
eess.SP 2409.02957
eess.SP 2409.03282
eess.SP 2409.03386
eess.SP 2409.03520
eess.SP 2409.03657
eess.SP 2409.03667
eess.SP 2409.03013
eess.SP 2409.03250
eess.SP 2409.03259
eess.SP 2409.03318
eess.SP 2409.03378
eess.SP 2409.03560
physics.data-an 2408.15505
physics.data-an 2408.15755
physics.data-an 2408.15845
physics.data-an 2408.16010
physics.data-an 2204.10597
physics.data-an 2409.00668
physics.data-an 2409.01817
physics.data-an 2409.01674
physics.data-an 2409.02573
physics.data-an 2409.02576
physics.data-an 2409.03094
physics.data-an 2409.03290
physics.data-an 2409.03372
physics.data-an 2409.03479
astro-ph.IM 2408.16084
astro-ph.IM 2408.16642
astro-ph.IM 2408.16026
astro-ph.IM 2408.16135
astro-ph.IM 2408.16179
astro-ph.IM 2408.16396
astro-ph.IM 2408.16596
astro-ph.IM 2408.16735
astro-ph.IM 2408.16805
astro-ph.IM 2408.16829
astro-ph.IM 2408.16830
astro-ph.IM 2408.17275
astro-ph.IM 2408.17289
astro-ph.IM 2408.17430
astro-ph.IM 2408.16797
astro-ph.IM 2408.16822
astro-ph.IM 2408.17123
astro-ph.IM 2408.17146
astro-ph.IM 2408.17220
astro-ph.IM 2408.17328
astro-ph.IM 2408.17371
astro-ph.IM 2409.00067
astro-ph.IM 2409.00150
astro-ph.IM 2409.00169
astro-ph.IM 2409.00253
astro-ph.IM 2409.00504
astro-ph.IM 2409.00540
astro-ph.IM 2409.00713
astro-ph.IM 2409.00927
astro-ph.IM 2409.01121
astro-ph.IM 2409.01157
astro-ph.IM 2409.01825
astro-ph.IM 2409.01891
astro-ph.IM 2409.02019
astro-ph.IM 2409.00153
astro-ph.IM 2409.00167
astro-ph.IM 2409.00190
astro-ph.IM 2409.00570
astro-ph.IM 2409.00791
astro-ph.IM 2409.00989
astro-ph.IM 2409.01026
astro-ph.IM 2409.01629
astro-ph.IM 2409.01714
astro-ph.IM 2409.01848
astro-ph.IM 2409.01999
astro-ph.IM 2409.02015
astro-ph.IM 2409.02042
astro-ph.IM 2409.02185
astro-ph.IM 2409.02195
astro-ph.IM 2409.02329
astro-ph.IM 2409.02356
astro-ph.IM 2409.02531
astro-ph.IM 2409.02875
astro-ph.IM 2409.02906
astro-ph.IM 2409.02154
astro-ph.IM 2409.02164
astro-ph.IM 2409.02170
astro-ph.IM 2409.02271
astro-ph.IM 2409.02294
astro-ph.IM 2409.02296
astro-ph.IM 2409.02297
astro-ph.IM 2409.02307
astro-ph.IM 2409.02405
astro-ph.IM 2409.02527
astro-ph.IM 2409.02631
astro-ph.IM 2409.02752
astro-ph.IM 2409.02831
astro-ph.IM 2409.02847
astro-ph.IM 2409.03196
astro-ph.IM 2409.03232
astro-ph.IM 2409.03329
astro-ph.IM 2409.03352
astro-ph.IM 2409.03356
astro-ph.IM 2409.03389
astro-ph.IM 2409.03466
astro-ph.IM 2409.03661
astro-ph.IM 2409.03019
astro-ph.IM 2409.03374
astro-ph.IM 2409.03411
astro-ph.IM 2409.03425
astro-ph.IM 2409.03427
astro-ph.IM 2409.03476
astro-ph.IM 2409.03485
math.DS 2408.16139
math.DS 2408.16172
math.DS 2408.16000
math.DS 2408.16001
math.DS 2408.16019
math.DS 2408.16114
math.DS 2408.16409
math.DS 2408.16618
math.DS 2408.16935
math.DS 2408.17058
math.DS 2408.17173
math.DS 2408.17242
math.DS 2408.17350
math.DS 2408.17444
math.DS 2408.17388
math.DS 2409.00076
math.DS 2409.00579
math.DS 2409.00795
math.DS 2409.00885
math.DS 2409.00961
math.DS 2409.01273
math.DS 2409.01293
math.DS 2409.01336
math.DS 2409.01520
math.DS 2409.01621
math.DS 2409.01751
math.DS 2409.02013
math.DS 2409.00396
math.DS 2409.00445
math.DS 2409.00762
math.DS 2409.00806
math.DS 2409.00958
math.DS 2409.00959
math.DS 2409.01261
math.DS 2409.01361
math.DS 2409.01598
math.DS 2409.01798
math.DS 2409.01851
math.DS 2409.02039
math.DS 2409.02350
math.DS 2409.02359
math.DS 2409.02498
math.DS 2409.02526
math.DS 2409.02570
math.DS 2409.02755
math.DS 2409.02868
math.DS 2409.02318
math.DS 2409.02400
math.DS 2409.02462
math.DS 2409.02764
math.DS 2409.02781
math.DS 2409.02970
math.DS 2409.03078
math.DS 2409.03187
math.DS 2409.03231
math.DS 2409.03408
math.DS 2409.03506
math.DS 2409.03549
math.DS 2409.03036
math.DS 2409.03047
math.DS 2409.03066
math.DS 2409.03132
math.DS 2409.03158
math.DS 2409.03207
math.DS 2409.03300
math.DS 2409.03310
math.DS 2409.03692
cond-mat.dis-nn 2408.16054
cond-mat.dis-nn 2408.16267
cond-mat.dis-nn 2408.16476
cond-mat.dis-nn 2408.16499
cond-mat.dis-nn 2408.16799
cond-mat.dis-nn 2408.16926
cond-mat.dis-nn 2408.17325
cond-mat.dis-nn 2408.16874
cond-mat.dis-nn 2408.16876
cond-mat.dis-nn 2408.17023
cond-mat.dis-nn 2408.17360
cond-mat.dis-nn 2409.00699
cond-mat.dis-nn 2409.01434
cond-mat.dis-nn 2409.01496
cond-mat.dis-nn 2409.01969
cond-mat.dis-nn 2409.01989
cond-mat.dis-nn 2409.02107
cond-mat.dis-nn 2409.00412
cond-mat.dis-nn 2409.01233
cond-mat.dis-nn 2409.01262
cond-mat.dis-nn 2409.02176
cond-mat.dis-nn 2409.02317
cond-mat.dis-nn 2409.02373
cond-mat.dis-nn 2409.02758
cond-mat.dis-nn 2409.02819
cond-mat.dis-nn 2409.02848
cond-mat.dis-nn 2409.02186
cond-mat.dis-nn 2409.03108
cond-mat.dis-nn 2409.03118
cond-mat.dis-nn 2409.03187
cond-mat.dis-nn 2409.03240
cond-mat.dis-nn 2409.03325
cond-mat.dis-nn 2409.03513
cond-mat.dis-nn 2409.03656
cond-mat.dis-nn 2409.03665
cond-mat.dis-nn 2409.03023
cond-mat.dis-nn 2409.03480
cond-mat.dis-nn 2409.03591
cond-mat.dis-nn 2409.03670
physics.ins-det 2408.16178
physics.ins-det 2408.16184
physics.ins-det 2408.16678
physics.ins-det 2408.16037
physics.ins-det 2408.16093
physics.ins-det 2408.16165
physics.ins-det 2408.16405
physics.ins-det 2408.17391
physics.ins-det 2408.17451
physics.ins-det 2408.16789
physics.ins-det 2408.17094
physics.ins-det 2408.17114
physics.ins-det 2408.17215
physics.ins-det 2409.00256
physics.ins-det 2409.00927
physics.ins-det 2409.01439
physics.ins-det 2409.01753
physics.ins-det 2409.01857
physics.ins-det 2409.01967
physics.ins-det 2409.00150
physics.ins-det 2409.00504
physics.ins-det 2409.00663
physics.ins-det 2409.01051
physics.ins-det 2409.01058
physics.ins-det 2409.01238
physics.ins-det 2409.01866
physics.ins-det 2409.01875
physics.ins-det 2409.02030
physics.ins-det 2409.02287
physics.ins-det 2409.02439
physics.ins-det 2409.02280
physics.ins-det 2409.02356
physics.ins-det 2409.02811
physics.ins-det 2409.02878
physics.ins-det 2409.03356
physics.ins-det 2409.03334
physics.ins-det 2409.03352
physics.ins-det 2409.03580
physics.app-ph 2408.16059
physics.app-ph 2408.16165
physics.app-ph 2408.16194
physics.app-ph 2408.16231
physics.app-ph 2408.16323
physics.app-ph 2408.16405
physics.app-ph 2408.16492
physics.app-ph 2408.16611
physics.app-ph 2408.16663
physics.app-ph 2408.16697
physics.app-ph 2408.16366
physics.app-ph 2408.16408
physics.app-ph 2408.16789
physics.app-ph 2408.17132
physics.app-ph 2408.17167
physics.app-ph 2408.17315
physics.app-ph 2408.16801
physics.app-ph 2408.16884
physics.app-ph 2408.16931
physics.app-ph 2408.17282
physics.app-ph 2409.00114
physics.app-ph 2409.00195
physics.app-ph 2409.00567
physics.app-ph 2409.00635
physics.app-ph 2409.00637
physics.app-ph 2409.00683
physics.app-ph 2409.00803
physics.app-ph 2409.00955
physics.app-ph 2409.01158
physics.app-ph 2409.01487
physics.app-ph 2409.01823
physics.app-ph 2409.01925
physics.app-ph 2409.02100
physics.app-ph 2409.00139
physics.app-ph 2409.00256
physics.app-ph 2409.00344
physics.app-ph 2409.00469
physics.app-ph 2409.00693
physics.app-ph 2409.00703
physics.app-ph 2409.00783
physics.app-ph 2409.00963
physics.app-ph 2409.01150
physics.app-ph 2409.01323
physics.app-ph 2409.01716
physics.app-ph 2409.01745
physics.app-ph 2409.01964
physics.app-ph 2409.02287
physics.app-ph 2409.02507
physics.app-ph 2409.02558
physics.app-ph 2409.02674
physics.app-ph 2409.02682
physics.app-ph 2409.02710
physics.app-ph 2409.02713
physics.app-ph 2409.02874
physics.app-ph 2409.02887
physics.app-ph 2409.02262
physics.app-ph 2409.02484
physics.app-ph 2409.02528
physics.app-ph 2409.02560
physics.app-ph 2409.02689
physics.app-ph 2409.02731
physics.app-ph 2409.02829
physics.app-ph 2409.03088
physics.app-ph 2409.03229
physics.app-ph 2409.03311
physics.app-ph 2409.03479
physics.app-ph 2409.03547
physics.app-ph 2409.03608
physics.app-ph 2409.03053
physics.app-ph 2409.03154
physics.app-ph 2409.03162
physics.app-ph 2409.03293
physics.app-ph 2409.03589
physics.app-ph 2409.03601
physics.app-ph 2409.03604
physics.med-ph 2408.16317
physics.med-ph 2408.16413
physics.med-ph 2408.16496
physics.med-ph 2408.16659
physics.med-ph 2408.16800
physics.med-ph 2408.17085
physics.med-ph 2409.00278
physics.med-ph 2409.00310
physics.med-ph 2409.01195
physics.med-ph 2409.01238
physics.med-ph 2409.00166
physics.med-ph 2409.01717
physics.med-ph 2409.02247
physics.med-ph 2409.02395
physics.med-ph 2409.03412
physics.med-ph 2409.03010
physics.med-ph 2409.03100
physics.optics 2408.16171
physics.optics 2408.16329
physics.optics 2408.16413
physics.optics 2408.16476
physics.optics 2408.16226
physics.optics 2408.16231
physics.optics 2408.16290
physics.optics 2408.16302
physics.optics 2408.16342
physics.optics 2408.16678
physics.optics 2408.16688
physics.optics 2408.16746
physics.optics 2408.16789
physics.optics 2408.16868
physics.optics 2408.17079
physics.optics 2408.17365
physics.optics 2408.17025
physics.optics 2408.17315
physics.optics 2408.17327
physics.optics 2409.00028
physics.optics 2409.00057
physics.optics 2409.00058
physics.optics 2409.00139
physics.optics 2409.00157
physics.optics 2409.00165
physics.optics 2409.00166
physics.optics 2409.00693
physics.optics 2409.00760
physics.optics 2409.00783
physics.optics 2409.00963
physics.optics 2409.01135
physics.optics 2409.01275
physics.optics 2409.01455
physics.optics 2409.01857
physics.optics 2409.00027
physics.optics 2409.00201
physics.optics 2409.00309
physics.optics 2409.00567
physics.optics 2409.00600
physics.optics 2409.00782
physics.optics 2409.00803
physics.optics 2409.00898
physics.optics 2409.01033
physics.optics 2409.01054
physics.optics 2409.01077
physics.optics 2409.01106
physics.optics 2409.01158
physics.optics 2409.01190
physics.optics 2409.01191
physics.optics 2409.01210
physics.optics 2409.01252
physics.optics 2409.01289
physics.optics 2409.01422
physics.optics 2409.01485
physics.optics 2409.01508
physics.optics 2409.01526
physics.optics 2409.01611
physics.optics 2409.01802
physics.optics 2409.01831
physics.optics 2409.01850
physics.optics 2409.01950
physics.optics 2409.02000
physics.optics 2409.02067
physics.optics 2409.02071
physics.optics 2409.02089
physics.optics 2409.02092
physics.optics 2409.02275
physics.optics 2409.02323
physics.optics 2409.02339
physics.optics 2409.02402
physics.optics 2409.02287
physics.optics 2409.02511
physics.optics 2409.02535
physics.optics 2409.02542
physics.optics 2409.02641
physics.optics 2409.02713
physics.optics 2409.02874
physics.optics 2409.03143
physics.optics 2409.03266
physics.optics 2409.03383
physics.optics 2409.03473
physics.optics 2409.03547
physics.optics 2409.03045
physics.optics 2409.03432
physics.optics 2409.03479
physics.optics 2409.03724
q-fin.MF 2408.13048
q-fin.MF 2408.13266
q-fin.MF 2408.15416
q-fin.MF 2408.16891
q-fin.MF 2409.00095
q-fin.MF 2409.00535
q-fin.MF 2409.01478
econ.TH 2408.13822
econ.TH 2408.14263
econ.TH 2408.13580
econ.TH 2408.15033
econ.TH 2408.14949
econ.TH 2408.15196
econ.TH 2408.16015
econ.TH 2408.16898
econ.TH 2408.17335
econ.TH 2408.17398
econ.TH 2409.02087
econ.TH 2409.00832
econ.TH 2409.01147
econ.TH 2409.02031
