cs.DM 2412.04672
cs.DM 2412.04970
cs.DM 2412.06109
cs.DM 2412.06518
cs.DM 2412.06671
cs.DM 2412.07106
cs.DM 2412.07974
cs.DM 2412.08256
cs.DM 2412.08584
cs.DM 2412.09567
cs.FL 2412.04970
cs.FL 2412.05162
cs.FL 2412.05198
cs.FL 2412.06095
cs.FL 2412.06754
cs.FL 2412.05476
cs.FL 2412.06283
cs.FL 2412.06977
cs.FL 2412.07908
cs.FL 2412.08433
cs.FL 2412.09186
cs.CC 2412.04672
cs.CC 2412.04970
cs.CC 2412.05017
cs.CC 2412.06072
cs.CC 2412.06189
cs.CC 2412.06241
cs.CC 2412.06468
cs.CC 2412.05562
cs.CC 2412.06148
cs.CC 2412.06395
cs.CC 2412.06552
cs.CC 2412.06867
cs.CC 2412.07058
cs.CC 2412.07936
cs.CC 2412.08324
cs.CC 2412.08556
cs.CC 2412.09005
cs.CC 2412.09186
cs.CC 2412.09433
cs.CG 2412.04889
cs.CG 2412.04943
cs.CG 2412.05157
cs.CG 2412.04491
cs.CG 2412.04646
cs.CG 2412.04899
cs.CG 2412.04906
cs.CG 2412.05190
cs.CG 2412.05900
cs.CG 2412.06490
cs.CG 2412.06730
cs.CG 2412.05523
cs.CG 2412.05684
cs.CG 2412.06316
cs.CG 2412.07046
cs.CG 2412.07964
cs.CG 2412.08209
cs.CG 2412.08584
cs.CG 2412.08165
cs.CG 2412.09177
cs.DS 2412.04767
cs.DS 2412.04771
cs.DS 2412.05182
cs.DS 2412.04943
cs.DS 2412.04965
cs.DS 2412.05497
cs.DS 2412.05523
cs.DS 2412.05545
cs.DS 2412.05674
cs.DS 2412.05790
cs.DS 2412.06026
cs.DS 2412.06063
cs.DS 2412.06730
cs.DS 2412.05526
cs.DS 2412.05804
cs.DS 2412.05807
cs.DS 2412.06121
cs.DS 2412.06361
cs.DS 2412.06518
cs.DS 2412.07046
cs.DS 2412.07093
cs.DS 2412.07106
cs.DS 2412.07685
cs.DS 2412.06952
cs.DS 2412.07435
cs.DS 2412.07789
cs.DS 2412.07964
cs.DS 2412.09256
cs.DS 2412.09303
cs.DS 2412.09567
cs.AR 2412.04919
cs.AR 2412.04485
cs.AR 2412.04569
cs.AR 2412.05211
cs.AR 2412.05323
cs.AR 2412.05393
cs.AR 2412.05540
cs.AR 2412.05286
cs.AR 2412.05290
cs.AR 2412.05301
cs.AR 2412.05302
cs.AR 2412.05311
cs.AR 2412.05320
cs.AR 2412.05327
cs.AR 2412.05413
cs.AR 2412.05784
cs.AR 2412.05877
cs.AR 2412.06321
cs.AR 2412.06542
cs.AR 2412.07135
cs.AR 2412.06947
cs.AR 2412.08585
cs.AR 2412.07822
cs.AR 2412.08137
cs.AR 2412.08602
cs.AR 2412.08769
cs.AR 2412.09144
cs.AR 2412.09299
cs.GT 2412.05214
cs.GT 2412.04627
cs.GT 2412.05321
cs.GT 2412.05691
cs.GT 2412.06037
cs.GT 2412.06482
cs.GT 2412.05450
cs.GT 2412.05636
cs.GT 2412.05747
cs.GT 2412.06222
cs.GT 2412.06444
cs.GT 2412.06513
cs.GT 2412.07688
cs.GT 2412.06990
cs.GT 2412.07120
cs.GT 2412.07813
cs.GT 2412.08342
cs.GT 2412.08547
cs.GT 2412.08572
cs.GT 2412.08610
cs.GT 2412.08855
cs.GT 2412.09316
cs.GT 2412.09321
cs.GT 2412.08798
cs.GT 2412.09005
cs.CE 2412.04521
cs.CE 2412.04526
cs.CE 2412.04577
cs.CE 2412.04707
cs.CE 2412.04782
cs.CE 2412.04798
cs.CE 2412.04856
cs.CE 2412.04938
cs.CE 2412.05037
cs.CE 2412.05168
cs.CE 2412.02065
cs.CE 2412.05321
cs.CE 2412.05403
cs.CE 2412.05475
cs.CE 2412.05576
cs.CE 2412.05731
cs.CE 2412.05318
cs.CE 2412.05630
cs.CE 2412.05835
cs.CE 2412.05852
cs.CE 2412.06041
cs.CE 2412.06485
cs.CE 2412.06874
cs.CE 2412.07166
cs.CE 2412.07347
cs.CE 2412.07421
cs.CE 2412.07502
cs.CE 2412.07521
cs.CE 2412.07591
cs.CE 2412.08435
cs.CE 2412.08032
cs.CE 2412.08072
cs.CE 2412.08186
cs.CE 2412.08217
cs.CE 2412.08459
cs.CE 2412.08783
cs.CE 2412.09109
cs.CE 2412.08878
cs.CE 2412.08992
cs.CE 2412.09022
cs.CE 2412.09136
cs.CE 2412.09453
cs.GR 2412.04827
cs.GR 2412.05066
cs.GR 2412.05278
cs.GR 2412.04634
cs.GR 2412.05289
cs.GR 2412.05560
cs.GR 2412.05694
cs.GR 2412.05700
cs.GR 2412.05718
cs.GR 2412.06201
cs.GR 2412.06234
cs.GR 2412.06250
cs.GR 2412.06257
cs.GR 2412.06273
cs.GR 2412.06285
cs.GR 2412.06511
cs.GR 2412.06592
cs.GR 2412.06767
cs.GR 2412.06785
cs.GR 2412.05335
cs.GR 2412.05880
cs.GR 2412.06164
cs.GR 2412.06702
cs.GR 2412.07065
cs.GR 2412.07371
cs.GR 2412.07696
cs.GR 2412.07739
cs.GR 2412.07755
cs.GR 2412.07766
cs.GR 2412.08504
cs.GR 2412.08563
cs.GR 2412.08152
cs.GR 2412.08188
cs.GR 2412.08343
cs.GR 2412.08484
cs.GR 2412.08603
cs.GR 2412.09545
cs.GR 2412.09597
cs.DB 2412.04846
cs.GR 2412.09608
cs.DB 2412.05208
cs.GR 2412.09548
cs.DB 2412.05218
cs.DB 2412.05240
cs.DB 2412.04698
cs.DB 2412.04805
cs.DB 2412.04853
cs.DB 2412.05078
cs.DB 2412.05091
cs.DB 2412.05587
cs.DB 2412.05600
cs.DB 2412.06649
cs.DB 2412.06711
cs.DB 2412.05561
cs.DB 2412.05864
cs.DB 2412.06102
cs.DB 2412.06189
cs.DB 2412.06335
cs.DB 2412.06541
cs.DB 2412.06637
cs.DB 2412.06653
cs.DB 2412.06724
cs.DB 2412.07217
cs.DB 2412.07246
cs.DB 2412.07412
cs.DB 2412.07214
cs.DB 2412.07548
cs.DB 2412.07729
cs.DB 2412.07962
cs.DB 2412.07986
cs.DB 2412.07786
cs.DB 2412.07789
cs.DB 2412.08194
cs.DB 2412.08218
cs.DB 2412.08324
cs.DB 2412.08583
cs.DB 2412.09125
cs.DB 2412.08810
cs.DB 2412.09337
cs.DB 2412.09355
cs.DB 2412.09411
cs.DB 2412.09448
cs.DC 2412.04496
cs.DC 2412.04504
cs.DC 2412.04514
cs.DC 2412.04650
cs.DC 2412.04742
cs.DC 2412.05078
cs.DC 2412.04747
cs.DC 2412.04771
cs.DC 2412.04793
cs.DC 2412.04868
cs.DC 2412.04969
cs.DC 2411.04936
cs.DC 2412.05286
cs.DC 2412.05302
cs.DC 2412.05408
cs.DC 2412.05512
cs.DC 2412.05527
cs.DC 2412.05529
cs.DC 2412.05546
cs.DC 2412.05894
cs.DC 2412.06105
cs.DC 2412.06120
cs.DC 2412.06414
cs.DC 2412.05824
cs.DC 2412.05949
cs.DC 2412.06044
cs.DC 2412.06073
cs.DC 2412.06161
cs.DC 2412.06832
cs.DC 2412.06908
cs.DC 2412.06952
cs.DC 2412.07197
cs.DC 2412.07435
cs.DC 2412.07631
cs.DC 2412.07036
cs.DC 2412.07151
cs.DC 2412.07210
cs.DC 2412.07252
cs.DC 2412.07570
cs.DC 2412.07817
cs.DC 2412.07890
cs.DC 2412.07971
cs.DC 2412.08091
cs.DC 2412.08138
cs.DC 2412.08460
cs.DC 2412.07894
cs.DC 2412.08062
cs.DC 2412.08284
cs.DC 2412.08294
cs.DC 2412.08308
cs.DC 2412.08367
cs.DC 2412.08534
cs.DC 2412.08938
cs.DC 2412.09144
cs.DC 2412.08792
cs.DC 2412.08832
cs.DC 2412.08902
cs.DC 2412.09474
cs.HC 2412.04492
cs.HC 2412.04707
cs.HC 2412.04728
cs.HC 2412.04741
cs.HC 2412.04796
cs.HC 2412.04820
cs.HC 2412.04999
cs.HC 2412.05103
cs.HC 2412.05187
cs.HC 2412.05214
cs.HC 2412.04582
cs.HC 2412.04629
cs.HC 2412.04667
cs.HC 2412.04760
cs.HC 2412.04908
cs.HC 2412.04913
cs.HC 2412.04949
cs.HC 2412.05039
cs.HC 2412.05055
cs.HC 2412.05119
cs.HC 2412.05147
cs.HC 2412.05181
cs.HC 2412.05296
cs.HC 2412.05403
cs.HC 2412.05832
cs.HC 2412.06018
cs.HC 2412.06040
cs.HC 2412.06116
cs.HC 2412.06257
cs.HC 2412.06617
cs.HC 2412.06759
cs.HC 2412.05445
cs.HC 2412.05559
cs.HC 2412.05738
cs.HC 2412.05802
cs.HC 2412.05816
cs.HC 2412.05861
cs.HC 2412.06085
cs.HC 2412.06238
cs.HC 2412.06271
cs.HC 2412.06336
cs.HC 2412.06469
cs.HC 2412.06543
cs.HC 2412.06596
cs.HC 2412.06603
cs.HC 2412.07105
cs.HC 2412.06793
cs.HC 2412.06808
cs.HC 2412.06821
cs.HC 2412.06945
cs.HC 2412.06960
cs.HC 2412.06989
cs.HC 2412.07045
cs.HC 2412.07065
cs.HC 2412.07200
cs.HC 2412.07228
cs.HC 2412.07231
cs.HC 2412.07241
cs.HC 2412.07267
cs.HC 2412.07338
cs.HC 2412.07344
cs.HC 2412.07345
cs.HC 2412.07355
cs.HC 2412.07673
cs.HC 2412.07722
cs.HC 2412.07956
cs.HC 2412.08020
cs.HC 2412.08029
cs.HC 2412.08578
cs.HC 2412.07781
cs.HC 2412.07788
cs.HC 2412.07912
cs.HC 2412.07940
cs.HC 2412.07951
cs.HC 2412.08036
cs.HC 2412.08185
cs.HC 2412.08223
cs.HC 2412.08227
cs.HC 2412.08259
cs.HC 2412.08360
cs.HC 2412.08507
cs.HC 2412.08680
cs.HC 2412.09008
cs.HC 2412.09034
cs.HC 2412.09152
cs.HC 2412.09315
cs.HC 2412.08676
cs.HC 2412.08745
cs.HC 2412.08921
cs.HC 2412.08950
cs.HC 2412.09000
cs.HC 2412.09001
cs.HC 2412.09006
cs.HC 2412.09015
cs.HC 2412.09086
cs.HC 2412.09147
cs.HC 2412.09176
cs.HC 2412.09204
cs.HC 2412.09251
cs.AI 2412.04473
cs.AI 2412.04476
cs.AI 2412.04477
cs.AI 2412.04478
cs.AI 2412.04482
cs.AI 2412.04483
cs.AI 2412.04484
cs.AI 2412.04485
cs.AI 2412.04486
cs.AI 2412.04488
cs.AI 2412.04492
cs.AI 2412.04497
cs.AI 2412.04498
cs.AI 2412.04503
cs.AI 2412.04531
cs.AI 2412.04532
cs.AI 2412.04576
cs.AI 2412.04628
cs.AI 2412.04634
cs.AI 2412.04637
cs.AI 2412.04641
cs.AI 2412.04642
cs.AI 2412.04652
cs.AI 2412.04653
cs.AI 2412.04661
cs.AI 2412.04664
cs.AI 2412.04668
cs.AI 2412.04671
cs.AI 2412.04673
cs.AI 2412.04677
cs.AI 2412.04682
cs.AI 2412.04690
cs.AI 2412.04697
cs.AI 2412.04703
cs.AI 2412.04704
cs.AI 2412.04714
cs.AI 2412.04717
cs.AI 2412.04726
cs.AI 2412.04766
cs.AI 2412.04775
cs.AI 2412.04783
cs.AI 2412.04806
cs.AI 2412.04832
cs.AI 2412.04835
cs.AI 2412.04845
cs.AI 2412.04847
cs.AI 2412.04868
cs.AI 2412.04884
cs.AI 2412.04888
cs.AI 2412.04903
cs.AI 2412.04905
cs.AI 2412.04924
cs.AI 2412.04929
cs.AI 2412.04935
cs.AI 2412.04936
cs.AI 2412.04937
cs.AI 2412.04942
cs.AI 2412.04948
cs.AI 2412.04950
cs.AI 2412.04974
cs.AI 2412.04990
cs.AI 2412.05010
cs.AI 2412.05013
cs.AI 2412.05022
cs.AI 2412.05024
cs.AI 2412.05042
cs.AI 2412.05098
cs.AI 2412.05139
cs.AI 2412.05145
cs.AI 2412.05148
cs.AI 2412.05152
cs.AI 2412.05154
cs.AI 2412.05161
cs.AI 2412.05169
cs.AI 2412.05184
cs.AI 2412.05203
cs.AI 2412.05206
cs.AI 2412.05214
cs.AI 2412.05225
cs.AI 2412.05243
cs.AI 2412.05244
cs.AI 2412.05251
cs.AI 2412.05252
cs.AI 2412.05256
cs.AI 2412.05269
cs.AI 2412.05270
cs.AI 2412.05275
cs.AI 2412.05280
cs.AI 2412.04571
cs.AI 2412.04604
cs.AI 2412.04606
cs.AI 2412.04645
cs.AI 2412.04655
cs.AI 2412.04683
cs.AI 2412.04692
cs.AI 2412.04707
cs.AI 2412.04718
cs.AI 2412.04731
cs.AI 2412.04741
cs.AI 2412.04758
cs.AI 2412.04759
cs.AI 2412.04764
cs.AI 2412.04782
cs.AI 2412.04788
cs.AI 2412.04792
cs.AI 2412.04799
cs.AI 2412.04846
cs.AI 2412.04857
cs.AI 2412.04858
cs.AI 2412.04893
cs.AI 2412.04919
cs.AI 2412.04923
cs.AI 2412.04964
cs.AI 2412.04984
cs.AI 2412.05049
cs.AI 2412.05112
cs.AI 2412.05114
cs.AI 2412.05127
cs.AI 2412.05130
cs.AI 2412.05137
cs.AI 2412.05159
cs.AI 2412.05167
cs.AI 2412.05187
cs.AI 2412.05196
cs.AI 2412.05200
cs.AI 2412.05208
cs.AI 2412.05248
cs.AI 2412.05255
cs.AI 2412.05265
cs.AI 2006.14244
cs.AI 2410.14728
cs.AI 2412.02065
cs.AI 2412.05282
cs.AI 2412.05299
cs.AI 2412.05301
cs.AI 2412.05311
cs.AI 2412.05313
cs.AI 2412.05322
cs.AI 2412.05327
cs.AI 2412.05329
cs.AI 2412.05331
cs.AI 2412.05339
cs.AI 2412.05341
cs.AI 2412.05342
cs.AI 2412.05351
cs.AI 2412.05355
cs.AI 2412.05388
cs.AI 2412.05393
cs.AI 2412.05408
cs.AI 2412.05421
cs.AI 2412.05426
cs.AI 2412.05445
cs.AI 2412.05447
cs.AI 2412.05449
cs.AI 2412.05467
cs.AI 2412.05498
cs.AI 2412.05505
cs.AI 2412.05534
cs.AI 2412.05536
cs.AI 2412.05540
cs.AI 2412.05547
cs.AI 2412.05552
cs.AI 2412.05555
cs.AI 2412.05558
cs.AI 2412.05560
cs.AI 2412.05562
cs.AI 2412.05563
cs.AI 2412.05573
cs.AI 2412.05583
cs.AI 2412.05584
cs.AI 2412.05585
cs.AI 2412.05587
cs.AI 2412.05591
cs.AI 2412.05594
cs.AI 2412.05628
cs.AI 2412.05631
cs.AI 2412.05632
cs.AI 2412.05641
cs.AI 2412.05666
cs.AI 2412.05667
cs.AI 2412.05674
cs.AI 2412.05681
cs.AI 2412.05685
cs.AI 2412.05686
cs.AI 2412.05688
cs.AI 2412.05710
cs.AI 2412.05717
cs.AI 2412.05723
cs.AI 2412.05724
cs.AI 2412.05725
cs.AI 2412.05731
cs.AI 2412.05734
cs.AI 2412.05747
cs.AI 2412.05748
cs.AI 2412.05749
cs.AI 2412.05753
cs.AI 2412.05766
cs.AI 2412.05768
cs.AI 2412.05777
cs.AI 2412.05780
cs.AI 2412.05781
cs.AI 2412.05796
cs.AI 2412.05797
cs.AI 2412.05818
cs.AI 2412.05821
cs.AI 2412.05823
cs.AI 2412.05830
cs.AI 2412.05842
cs.AI 2412.05846
cs.AI 2412.05852
cs.AI 2412.05864
cs.AI 2412.05868
cs.AI 2412.05876
cs.AI 2412.05881
cs.AI 2412.05882
cs.AI 2412.05892
cs.AI 2412.05893
cs.AI 2412.05897
cs.AI 2412.05934
cs.AI 2412.05937
cs.AI 2412.05947
cs.AI 2412.05967
cs.AI 2412.05968
cs.AI 2412.05994
cs.AI 2412.06016
cs.AI 2412.06018
cs.AI 2412.06033
cs.AI 2412.06044
cs.AI 2412.06060
cs.AI 2412.06061
cs.AI 2412.06069
cs.AI 2412.06071
cs.AI 2412.06080
cs.AI 2412.06087
cs.AI 2412.06088
cs.AI 2412.06090
cs.AI 2412.06097
cs.AI 2412.06099
cs.AI 2412.06113
cs.AI 2412.06141
cs.AI 2412.06143
cs.AI 2412.06146
cs.AI 2412.06148
cs.AI 2412.06154
cs.AI 2412.06165
cs.AI 2412.06176
cs.AI 2412.06179
cs.AI 2412.06181
cs.AI 2412.06207
cs.AI 2412.06211
cs.AI 2412.06212
cs.AI 2412.06215
cs.AI 2412.06219
cs.AI 2412.06239
cs.AI 2412.06262
cs.AI 2412.06272
cs.AI 2412.06289
cs.AI 2412.06303
cs.AI 2412.06308
cs.AI 2412.06314
cs.AI 2412.06332
cs.AI 2412.06333
cs.AI 2412.06341
cs.AI 2412.06368
cs.AI 2412.06370
cs.AI 2412.06390
cs.AI 2412.06410
cs.AI 2412.06412
cs.AI 2412.06419
cs.AI 2412.06451
cs.AI 2412.06474
cs.AI 2412.06483
cs.AI 2412.06486
cs.AI 2412.06510
cs.AI 2412.06530
cs.AI 2412.06531
cs.AI 2412.06540
cs.AI 2412.06602
cs.AI 2412.06624
cs.AI 2412.06639
cs.AI 2412.06643
cs.AI 2412.06649
cs.AI 2412.06685
cs.AI 2412.06693
cs.AI 2412.06694
cs.AI 2412.06703
cs.AI 2412.06709
cs.AI 2412.06717
cs.AI 2412.06742
cs.AI 2412.06759
cs.AI 2412.06774
cs.AI 2412.06775
cs.AI 2412.06777
cs.AI 2412.06779
cs.AI 2412.06784
cs.AI 2412.06787
cs.AI 2412.05296
cs.AI 2412.05437
cs.AI 2412.05481
cs.AI 2412.05520
cs.AI 2412.05528
cs.AI 2412.05586
cs.AI 2412.05592
cs.AI 2412.05718
cs.AI 2412.05838
cs.AI 2412.06040
cs.AI 2412.06162
cs.AI 2412.06167
cs.AI 2412.06229
cs.AI 2412.06312
cs.AI 2412.06394
cs.AI 2412.06435
cs.AI 2412.06512
cs.AI 2412.06559
cs.AI 2412.06681
cs.AI 2412.06771
cs.AI 2412.05450
cs.AI 2412.06534
cs.AI 2412.06793
cs.AI 2412.06795
cs.AI 2412.06808
cs.AI 2412.06809
cs.AI 2412.06822
cs.AI 2412.06825
cs.AI 2412.06827
cs.AI 2412.06828
cs.AI 2412.06831
cs.AI 2412.06832
cs.AI 2412.06833
cs.AI 2412.06834
cs.AI 2412.06835
cs.AI 2412.06836
cs.AI 2412.06837
cs.AI 2412.06839
cs.AI 2412.06841
cs.AI 2412.06843
cs.AI 2412.06845
cs.AI 2412.06846
cs.AI 2412.06847
cs.AI 2412.06849
cs.AI 2412.06852
cs.AI 2412.06853
cs.AI 2412.06855
cs.AI 2412.06858
cs.AI 2412.06859
cs.AI 2412.06860
cs.AI 2412.06861
cs.AI 2412.06864
cs.AI 2412.06865
cs.AI 2412.06866
cs.AI 2412.06867
cs.AI 2412.06868
cs.AI 2412.06869
cs.AI 2412.06871
cs.AI 2412.06874
cs.AI 2412.06875
cs.AI 2412.06877
cs.AI 2412.06926
cs.AI 2412.06936
cs.AI 2412.06947
cs.AI 2412.06949
cs.AI 2412.06958
cs.AI 2412.06974
cs.AI 2412.06975
cs.AI 2412.06989
cs.AI 2412.07000
cs.AI 2412.07012
cs.AI 2412.07017
cs.AI 2412.07021
cs.AI 2412.07022
cs.AI 2412.07030
cs.AI 2412.07031
cs.AI 2412.07042
cs.AI 2412.07066
cs.AI 2412.07078
cs.AI 2412.07080
cs.AI 2412.07081
cs.AI 2412.07094
cs.AI 2412.07096
cs.AI 2412.07097
cs.AI 2412.07116
cs.AI 2412.07127
cs.AI 2412.07147
cs.AI 2412.07148
cs.AI 2412.07163
cs.AI 2412.07165
cs.AI 2412.07167
cs.AI 2412.07174
cs.AI 2412.07182
cs.AI 2412.07183
cs.AI 2412.07186
cs.AI 2412.07188
cs.AI 2412.07197
cs.AI 2412.07200
cs.AI 2412.07201
cs.AI 2412.07207
cs.AI 2412.07210
cs.AI 2412.07213
cs.AI 2412.07214
cs.AI 2412.07222
cs.AI 2412.07224
cs.AI 2412.07236
cs.AI 2412.07237
cs.AI 2412.07241
cs.AI 2412.07243
cs.AI 2412.07249
cs.AI 2412.07255
cs.AI 2412.07273
cs.AI 2412.07282
cs.AI 2412.07289
cs.AI 2412.07333
cs.AI 2412.07338
cs.AI 2412.07380
cs.AI 2412.07387
cs.AI 2412.07388
cs.AI 2412.07393
cs.AI 2412.07402
cs.AI 2412.07405
cs.AI 2412.07408
cs.AI 2412.07411
cs.AI 2412.07412
cs.AI 2412.07429
cs.AI 2412.07430
cs.AI 2412.07431
cs.AI 2412.07441
cs.AI 2412.07454
cs.AI 2412.07493
cs.AI 2412.07538
cs.AI 2412.07541
cs.AI 2412.07583
cs.AI 2412.07584
cs.AI 2412.07585
cs.AI 2412.07626
cs.AI 2412.07629
cs.AI 2412.07636
cs.AI 2412.07658
cs.AI 2412.07679
cs.AI 2412.07684
cs.AI 2412.07686
cs.AI 2412.07696
cs.AI 2412.07713
cs.AI 2412.07730
cs.AI 2412.07739
cs.AI 2412.07747
cs.AI 2412.07752
cs.AI 2412.07754
cs.AI 2412.07755
cs.AI 2412.07773
cs.AI 2412.07776
cs.AI 2412.06810
cs.AI 2412.06820
cs.AI 2412.06993
cs.AI 2412.07144
cs.AI 2412.07259
cs.AI 2412.07278
cs.AI 2412.07331
cs.AI 2412.07446
cs.AI 2412.07448
cs.AI 2412.07472
cs.AI 2412.07617
cs.AI 2412.07618
cs.AI 2412.07639
cs.AI 2411.03449
cs.AI 2412.07779
cs.AI 2412.07782
cs.AI 2412.07786
cs.AI 2412.07787
cs.AI 2412.07791
cs.AI 2412.07793
cs.AI 2412.07794
cs.AI 2412.07796
cs.AI 2412.07801
cs.AI 2412.07804
cs.AI 2412.07806
cs.AI 2412.07808
cs.AI 2412.07809
cs.AI 2412.07813
cs.AI 2412.07818
cs.AI 2412.07819
cs.AI 2412.07820
cs.AI 2412.07836
cs.AI 2412.07872
cs.AI 2412.07878
cs.AI 2412.07883
cs.AI 2412.07888
cs.AI 2412.07895
cs.AI 2412.07904
cs.AI 2412.07909
cs.AI 2412.07922
cs.AI 2412.07935
cs.AI 2412.07947
cs.AI 2412.07948
cs.AI 2412.07951
cs.AI 2412.07956
cs.AI 2412.07961
cs.AI 2412.07979
cs.AI 2412.07980
cs.AI 2412.07990
cs.AI 2412.08014
cs.AI 2412.08020
cs.AI 2412.08021
cs.AI 2412.08029
cs.AI 2412.08053
cs.AI 2412.08054
cs.AI 2412.08061
cs.AI 2412.08063
cs.AI 2412.08068
cs.AI 2412.08069
cs.AI 2412.08072
cs.AI 2412.08081
cs.AI 2412.08085
cs.AI 2412.08090
cs.AI 2412.08098
cs.AI 2412.08099
cs.AI 2412.08109
cs.AI 2412.08112
cs.AI 2412.08117
cs.AI 2412.08120
cs.AI 2412.08127
cs.AI 2412.08131
cs.AI 2412.08133
cs.AI 2412.08138
cs.AI 2412.08139
cs.AI 2412.08144
cs.AI 2412.08145
cs.AI 2412.08147
cs.AI 2412.08148
cs.AI 2412.08156
cs.AI 2412.08174
cs.AI 2412.08179
cs.AI 2412.08186
cs.AI 2412.08187
cs.AI 2412.08195
cs.AI 2412.08197
cs.AI 2412.08221
cs.AI 2412.08228
cs.AI 2412.08231
cs.AI 2412.08258
cs.AI 2412.08261
cs.AI 2412.08271
cs.AI 2412.08282
cs.AI 2412.08292
cs.AI 2412.08347
cs.AI 2412.08360
cs.AI 2412.08378
cs.AI 2412.08385
cs.AI 2412.08392
cs.AI 2412.08428
cs.AI 2412.08434
cs.AI 2412.08435
cs.AI 2412.08460
cs.AI 2412.08463
cs.AI 2412.08467
cs.AI 2412.08477
cs.AI 2412.08490
cs.AI 2412.08504
cs.AI 2412.08513
cs.AI 2412.08515
cs.AI 2412.08520
cs.AI 2412.08556
cs.AI 2412.08565
cs.AI 2412.08585
cs.AI 2412.08587
cs.AI 2412.08591
cs.AI 2412.08604
cs.AI 2412.08608
cs.AI 2412.08610
cs.AI 2412.08618
cs.AI 2412.08619
cs.AI 2412.08637
cs.AI 2412.08643
cs.AI 2412.07880
cs.AI 2412.07941
cs.AI 2412.07958
cs.AI 2412.07975
cs.AI 2412.07977
cs.AI 2412.07978
cs.AI 2412.07981
cs.AI 2412.08273
cs.AI 2412.08445
cs.AI 2412.08457
cs.AI 2412.08542
cs.AI 2412.08574
cs.AI 1704.01148
cs.AI 2412.06206
cs.AI 2412.08653
cs.AI 2412.08654
cs.AI 2412.08680
cs.AI 2412.08681
cs.AI 2412.08725
cs.AI 2412.08731
cs.AI 2412.08737
cs.AI 2412.08739
cs.AI 2412.08742
cs.AI 2412.08751
cs.AI 2412.08755
cs.AI 2412.08761
cs.AI 2412.08771
cs.AI 2412.08795
cs.AI 2412.08810
cs.AI 2412.08832
cs.AI 2412.08842
cs.AI 2412.08845
cs.AI 2412.08846
cs.AI 2412.08849
cs.AI 2412.08851
cs.AI 2412.08862
cs.AI 2412.08871
cs.AI 2412.08873
cs.AI 2412.08885
cs.AI 2412.08893
cs.AI 2412.08894
cs.AI 2412.08900
cs.AI 2412.08901
cs.AI 2412.08905
cs.AI 2412.08911
cs.AI 2412.08920
cs.AI 2412.08946
cs.AI 2412.08947
cs.AI 2412.08950
cs.AI 2412.08965
cs.AI 2412.08972
cs.AI 2412.08973
cs.AI 2412.09000
cs.AI 2412.09012
cs.AI 2412.09025
cs.AI 2412.09030
cs.AI 2412.09032
cs.AI 2412.09044
cs.AI 2412.09046
cs.AI 2412.09058
cs.AI 2412.09078
cs.AI 2412.09086
cs.AI 2412.09094
cs.AI 2412.09102
cs.AI 2412.09126
cs.AI 2412.09165
cs.AI 2412.09223
cs.AI 2412.09230
cs.AI 2412.09240
cs.AI 2412.09263
cs.AI 2412.09269
cs.AI 2412.09278
cs.AI 2412.09283
cs.AI 2412.09286
cs.AI 2412.09311
cs.AI 2412.09317
cs.AI 2412.09318
cs.AI 2412.09328
cs.AI 2412.09329
cs.AI 2412.09335
cs.AI 2412.09353
cs.AI 2412.09370
cs.AI 2412.09380
cs.AI 2412.09387
cs.AI 2412.09388
cs.AI 2412.09389
cs.AI 2412.09417
cs.AI 2412.09429
cs.AI 2412.09433
cs.AI 2412.09468
cs.AI 2412.09475
cs.AI 2412.09486
cs.AI 2412.09492
cs.AI 2412.09507
cs.AI 2412.09521
cs.AI 2412.09544
cs.AI 2412.09569
cs.AI 2412.09578
cs.AI 2412.09579
cs.AI 2412.09582
cs.AI 2412.09596
cs.AI 2412.09600
cs.AI 2412.09601
cs.AI 2412.09602
cs.AI 2412.09612
cs.AI 2412.09627
cs.AI 2412.08805
cs.AI 2412.08841
cs.AI 2412.08897
cs.AI 2412.09056
cs.AI 2412.09101
cs.AI 2412.09104
cs.AI 2412.09125
cs.AI 2412.09237
cs.AI 2412.09264
cs.AI 2412.09315
cs.AI 2412.09385
cs.AI 2412.09407
cs.AI 2412.09413
cs.AI 2412.09480
cs.MA 2412.04659
cs.MA 2412.04859
cs.MA 2412.04923
cs.MA 2412.05255
cs.MA 2412.05937
cs.MA 2412.06425
cs.MA 2412.06681
cs.MA 2412.06333
cs.MA 2412.06706
cs.MA 2412.06834
cs.MA 2412.06855
cs.MA 2412.07512
cs.MA 2412.08235
cs.MA 2412.08562
cs.MA 2412.09005
cs.MA 2412.09407
cs.MA 2412.09429
cs.PF 2412.04698
cs.PF 2412.05270
cs.PF 2412.05496
cs.PF 2412.05538
cs.PF 2412.05784
cs.PF 2412.07421
cs.PF 2412.07558
cs.PF 2412.07015
cs.PF 2412.07803
cs.PF 2412.07892
cs.PF 2412.08792
cs.PF 2412.09144
cs.PF 2412.08915
cs.LO 2412.04970
cs.LO 2412.05481
cs.LO 2412.06109
cs.LO 2412.06706
cs.LO 2412.06047
cs.LO 2412.06117
cs.LO 2412.06407
cs.LO 2412.06431
cs.LO 2412.06754
cs.LO 2412.07244
cs.LO 2412.07570
cs.LO 2412.07341
cs.LO 2412.07351
cs.LO 2412.08232
cs.LO 2412.08583
cs.LO 2412.07986
cs.LO 2412.08234
cs.LO 2412.08362
cs.LO 2412.08624
cs.LO 2412.09125
cs.LO 2412.08739
cs.LO 2412.09153
cs.LO 2412.09223
cs.CV 2412.04508
cs.CV 2412.04591
cs.CV 2412.04594
cs.CV 2412.04639
cs.CV 2412.04707
cs.CV 2412.04727
cs.CV 2412.04755
cs.CV 2412.04766
cs.CV 2412.04802
cs.CV 2412.04812
cs.CV 2412.04835
cs.CV 2412.04879
cs.CV 2412.04884
cs.CV 2412.04896
cs.CV 2412.04912
cs.CV 2412.04935
cs.CV 2412.04986
cs.CV 2412.05010
cs.CV 2412.05035
cs.CV 2412.05053
cs.CV 2412.05065
cs.CV 2412.05084
cs.CV 2412.05186
cs.CV 2412.05187
cs.CV 2412.05216
cs.CV 2412.05237
cs.CV 2412.05255
cs.CV 2412.05268
cs.CV 2412.04531
cs.CV 2412.04533
cs.CV 2412.04558
cs.CV 2412.04580
cs.CV 2412.04592
cs.CV 2412.04616
cs.CV 2412.04623
cs.CV 2412.04652
cs.CV 2412.04653
cs.CV 2412.04664
cs.CV 2412.04665
cs.CV 2412.04666
cs.CV 2412.04668
cs.CV 2412.04673
cs.CV 2412.04678
cs.CV 2412.04680
cs.CV 2412.04714
cs.CV 2412.04715
cs.CV 2412.04719
cs.CV 2412.04729
cs.CV 2412.04739
cs.CV 2412.04748
cs.CV 2412.04749
cs.CV 2412.04769
cs.CV 2412.04776
cs.CV 2412.04783
cs.CV 2412.04786
cs.CV 2412.04789
cs.CV 2412.04814
cs.CV 2412.04826
cs.CV 2412.04827
cs.CV 2412.04828
cs.CV 2412.04831
cs.CV 2412.04842
cs.CV 2412.04852
cs.CV 2412.04855
cs.CV 2412.04867
cs.CV 2412.04880
cs.CV 2412.04887
cs.CV 2412.04898
cs.CV 2412.04903
cs.CV 2412.04915
cs.CV 2412.04925
cs.CV 2412.04929
cs.CV 2412.04930
cs.CV 2412.04931
cs.CV 2412.04939
cs.CV 2412.04945
cs.CV 2412.04954
cs.CV 2412.04955
cs.CV 2412.04990
cs.CV 2412.05003
cs.CV 2412.05012
cs.CV 2412.05042
cs.CV 2412.05043
cs.CV 2412.05066
cs.CV 2412.05074
cs.CV 2412.05076
cs.CV 2412.05081
cs.CV 2412.05095
cs.CV 2412.05101
cs.CV 2412.05134
cs.CV 2412.05148
cs.CV 2412.05150
cs.CV 2412.05154
cs.CV 2412.05158
cs.CV 2412.05161
cs.CV 2412.05179
cs.CV 2412.05180
cs.CV 2412.05185
cs.CV 2412.05203
cs.CV 2412.05243
cs.CV 2412.05252
cs.CV 2412.05256
cs.CV 2412.05263
cs.CV 2412.05271
cs.CV 2412.05274
cs.CV 2412.05275
cs.CV 2412.05276
cs.CV 2412.05277
cs.CV 2412.05278
cs.CV 2412.05279
cs.CV 2412.05280
cs.CV 2412.05322
cs.CV 2412.05329
cs.CV 2412.05335
cs.CV 2412.05343
cs.CV 2412.05345
cs.CV 2412.05348
cs.CV 2412.05426
cs.CV 2412.05466
cs.CV 2412.05490
cs.CV 2412.05507
cs.CV 2412.05515
cs.CV 2412.05517
cs.CV 2412.05536
cs.CV 2412.05558
cs.CV 2412.05580
cs.CV 2412.05666
cs.CV 2412.05686
cs.CV 2412.05758
cs.CV 2412.05825
cs.CV 2412.05853
cs.CV 2412.05901
cs.CV 2412.05951
cs.CV 2412.05968
cs.CV 2412.06011
cs.CV 2412.06038
cs.CV 2412.06045
cs.CV 2412.06101
cs.CV 2412.06135
cs.CV 2412.06195
cs.CV 2412.06208
cs.CV 2412.06219
cs.CV 2412.06224
cs.CV 2412.06313
cs.CV 2412.06314
cs.CV 2412.06359
cs.CV 2412.06445
cs.CV 2412.06487
cs.CV 2412.06488
cs.CV 2412.06507
cs.CV 2412.06530
cs.CV 2412.06599
cs.CV 2412.06624
cs.CV 2412.06666
cs.CV 2412.06690
cs.CV 2412.06693
cs.CV 2412.06712
cs.CV 2412.06745
cs.CV 2412.06771
cs.CV 2412.06782
cs.CV 2412.06784
cs.CV 2412.05292
cs.CV 2412.05293
cs.CV 2412.05325
cs.CV 2412.05331
cs.CV 2412.05337
cs.CV 2412.05341
cs.CV 2412.05347
cs.CV 2412.05351
cs.CV 2412.05355
cs.CV 2412.05386
cs.CV 2412.05394
cs.CV 2412.05433
cs.CV 2412.05435
cs.CV 2412.05460
cs.CV 2412.05462
cs.CV 2412.05479
cs.CV 2412.05487
cs.CV 2412.05488
cs.CV 2412.05530
cs.CV 2412.05531
cs.CV 2412.05538
cs.CV 2412.05546
cs.CV 2412.05548
cs.CV 2412.05551
cs.CV 2412.05552
cs.CV 2412.05553
cs.CV 2412.05557
cs.CV 2412.05560
cs.CV 2412.05566
cs.CV 2412.05570
cs.CV 2412.05572
cs.CV 2412.05573
cs.CV 2412.05574
cs.CV 2412.05584
cs.CV 2412.05585
cs.CV 2412.05594
cs.CV 2412.05596
cs.CV 2412.05600
cs.CV 2412.05602
cs.CV 2412.05605
cs.CV 2412.05611
cs.CV 2412.05619
cs.CV 2412.05628
cs.CV 2412.05632
cs.CV 2412.05633
cs.CV 2412.05660
cs.CV 2412.05676
cs.CV 2412.05679
cs.CV 2412.05685
cs.CV 2412.05696
cs.CV 2412.05700
cs.CV 2412.05707
cs.CV 2412.05721
cs.CV 2412.05722
cs.CV 2412.05724
cs.CV 2412.05725
cs.CV 2412.05728
cs.CV 2412.05756
cs.CV 2412.05771
cs.CV 2412.05780
cs.CV 2412.05781
cs.CV 2412.05796
cs.CV 2412.05808
cs.CV 2412.05818
cs.CV 2412.05819
cs.CV 2412.05826
cs.CV 2412.05827
cs.CV 2412.05833
cs.CV 2412.05837
cs.CV 2412.05840
cs.CV 2412.05848
cs.CV 2412.05871
cs.CV 2412.05876
cs.CV 2412.05881
cs.CV 2412.05888
cs.CV 2412.05893
cs.CV 2412.05897
cs.CV 2412.05899
cs.CV 2412.05908
cs.CV 2412.05926
cs.CV 2412.05929
cs.CV 2412.05939
cs.CV 2412.05943
cs.CV 2412.05961
cs.CV 2412.05969
cs.CV 2412.05976
cs.CV 2412.05980
cs.CV 2412.05983
cs.CV 2412.05984
cs.CV 2412.05996
cs.CV 2412.06003
cs.CV 2412.06014
cs.CV 2412.06016
cs.CV 2412.06028
cs.CV 2412.06029
cs.CV 2412.06075
cs.CV 2412.06080
cs.CV 2412.06082
cs.CV 2412.06088
cs.CV 2412.06089
cs.CV 2412.06097
cs.CV 2412.06127
cs.CV 2412.06129
cs.CV 2412.06138
cs.CV 2412.06141
cs.CV 2412.06142
cs.CV 2412.06143
cs.CV 2412.06146
cs.CV 2412.06149
cs.CV 2412.06153
cs.CV 2412.06163
cs.CV 2412.06171
cs.CV 2412.06172
cs.CV 2412.06174
cs.CV 2412.06182
cs.CV 2412.06184
cs.CV 2412.06190
cs.CV 2412.06191
cs.CV 2412.06201
cs.CV 2412.06204
cs.CV 2412.06209
cs.CV 2412.06211
cs.CV 2412.06215
cs.CV 2412.06227
cs.CV 2412.06234
cs.CV 2412.06235
cs.CV 2412.06243
cs.CV 2412.06244
cs.CV 2412.06248
cs.CV 2412.06250
cs.CV 2412.06257
cs.CV 2412.06258
cs.CV 2412.06262
cs.CV 2412.06263
cs.CV 2412.06268
cs.CV 2412.06273
cs.CV 2412.06284
cs.CV 2412.06285
cs.CV 2412.06286
cs.CV 2412.06292
cs.CV 2412.06293
cs.CV 2412.06295
cs.CV 2412.06299
cs.CV 2412.06306
cs.CV 2412.06322
cs.CV 2412.06323
cs.CV 2412.06324
cs.CV 2412.06329
cs.CV 2412.06334
cs.CV 2412.06340
cs.CV 2412.06341
cs.CV 2412.06352
cs.CV 2412.06365
cs.CV 2412.06403
cs.CV 2412.06413
cs.CV 2412.06418
cs.CV 2412.06424
cs.CV 2412.06439
cs.CV 2412.06454
cs.CV 2412.06458
cs.CV 2412.06461
cs.CV 2412.06465
cs.CV 2412.06470
cs.CV 2412.06474
cs.CV 2412.06491
cs.CV 2412.06499
cs.CV 2412.06510
cs.CV 2412.06511
cs.CV 2412.06534
cs.CV 2412.06549
cs.CV 2412.06578
cs.CV 2412.06590
cs.CV 2412.06592
cs.CV 2412.06613
cs.CV 2412.06614
cs.CV 2412.06632
cs.CV 2412.06639
cs.CV 2412.06642
cs.CV 2412.06643
cs.CV 2412.06646
cs.CV 2412.06647
cs.CV 2412.06661
cs.CV 2412.06664
cs.CV 2412.06673
cs.CV 2412.06674
cs.CV 2412.06698
cs.CV 2412.06699
cs.CV 2412.06708
cs.CV 2412.06709
cs.CV 2412.06717
cs.CV 2412.06720
cs.CV 2412.06727
cs.CV 2412.06740
cs.CV 2412.06742
cs.CV 2412.06743
cs.CV 2412.06753
cs.CV 2412.06760
cs.CV 2412.06767
cs.CV 2412.06770
cs.CV 2412.06774
cs.CV 2412.06775
cs.CV 2412.06777
cs.CV 2412.06780
cs.CV 2412.06781
cs.CV 2412.06785
cs.CV 2412.06786
cs.CV 2412.06787
cs.CV 2412.06806
cs.CV 2412.06840
cs.CV 2412.06859
cs.CV 2412.06869
cs.CV 2412.06927
cs.CV 2412.07030
cs.CV 2412.07041
cs.CV 2412.07079
cs.CV 2412.07102
cs.CV 2412.07105
cs.CV 2412.07156
cs.CV 2412.07169
cs.CV 2412.07229
cs.CV 2412.07256
cs.CV 2412.07264
cs.CV 2412.07384
cs.CV 2412.07387
cs.CV 2412.07487
cs.CV 2412.07526
cs.CV 2412.07590
cs.CV 2412.07655
cs.CV 2412.07676
cs.CV 2412.07736
cs.CV 2412.07775
cs.CV 2412.06868
cs.CV 2412.06878
cs.CV 2412.06968
cs.CV 2412.06974
cs.CV 2412.06978
cs.CV 2412.06981
cs.CV 2412.07009
cs.CV 2412.07012
cs.CV 2412.07022
cs.CV 2412.07049
cs.CV 2412.07072
cs.CV 2412.07077
cs.CV 2412.07080
cs.CV 2412.07091
cs.CV 2412.07112
cs.CV 2412.07114
cs.CV 2412.07119
cs.CV 2412.07129
cs.CV 2412.07132
cs.CV 2412.07136
cs.CV 2412.07140
cs.CV 2412.07141
cs.CV 2412.07147
cs.CV 2412.07148
cs.CV 2412.07149
cs.CV 2412.07152
cs.CV 2412.07155
cs.CV 2412.07157
cs.CV 2412.07160
cs.CV 2412.07161
cs.CV 2412.07163
cs.CV 2412.07168
cs.CV 2412.07175
cs.CV 2412.07182
cs.CV 2412.07183
cs.CV 2412.07191
cs.CV 2412.07195
cs.CV 2412.07196
cs.CV 2412.07199
cs.CV 2412.07203
cs.CV 2412.07205
cs.CV 2412.07219
cs.CV 2412.07222
cs.CV 2412.07225
cs.CV 2412.07226
cs.CV 2412.07230
cs.CV 2412.07233
cs.CV 2412.07237
cs.CV 2412.07247
cs.CV 2412.07249
cs.CV 2412.07253
cs.CV 2412.07260
cs.CV 2412.07262
cs.CV 2412.07274
cs.CV 2412.07277
cs.CV 2412.07288
cs.CV 2412.07293
cs.CV 2412.07302
cs.CV 2412.07313
cs.CV 2412.07320
cs.CV 2412.07333
cs.CV 2412.07360
cs.CV 2412.07369
cs.CV 2412.07371
cs.CV 2412.07375
cs.CV 2412.07377
cs.CV 2412.07385
cs.CV 2412.07391
cs.IR 2010.13301
cs.CV 2412.07392
cs.IR 2412.04474
cs.CV 2412.07406
cs.CV 2412.07408
cs.IR 2412.04506
cs.CV 2412.07411
cs.IR 2412.04629
cs.CV 2412.07431
cs.IR 2412.04746
cs.CV 2412.07481
cs.IR 2412.04846
cs.CV 2412.07494
cs.IR 2412.05206
cs.CV 2412.07499
cs.IR 2412.05248
cs.CV 2412.07509
cs.IR 2412.04484
cs.CV 2412.07511
cs.IR 2412.04637
cs.CV 2412.07517
cs.IR 2412.04661
cs.CV 2412.07518
cs.IR 2412.05447
cs.CV 2412.07527
cs.IR 2412.05579
cs.CV 2412.07534
cs.IR 2412.05708
cs.CV 2412.07565
cs.IR 2412.05710
cs.CV 2412.07579
cs.IR 2412.05937
cs.CV 2412.07583
cs.IR 2412.06009
cs.CV 2412.07584
cs.IR 2412.06272
cs.CV 2412.07589
cs.IR 2412.05289
cs.CV 2412.07594
cs.IR 2412.05339
cs.CV 2412.07608
cs.IR 2412.05543
cs.CV 2412.07612
cs.IR 2412.05547
cs.CV 2412.07616
cs.IR 2412.05868
cs.CV 2412.07626
cs.IR 2412.05921
cs.CV 2412.07658
cs.IR 2412.06069
cs.CV 2412.07659
cs.IR 2412.06078
cs.CV 2412.07660
cs.IR 2412.06308
cs.CV 2412.07674
cs.IR 2412.06649
cs.CV 2412.07679
cs.IR 2412.06695
cs.CV 2412.07689
cs.IR 2412.07030
cs.CV 2412.07693
cs.IR 2412.07420
cs.CV 2412.07696
cs.IR 2412.07462
cs.CV 2412.07704
cs.IR 2412.07626
cs.CV 2412.07720
cs.IR 2412.06791
cs.CV 2412.07721
cs.IR 2412.06809
cs.CV 2412.07730
cs.IR 2412.06949
cs.CV 2412.07739
cs.IR 2412.06954
cs.CV 2412.07741
cs.IR 2412.07213
cs.CV 2412.07744
cs.IR 2412.07382
cs.CV 2412.07746
cs.IR 2412.07403
cs.IR 2412.07573
cs.CV 2412.07750
cs.CV 2412.07751
cs.CV 2412.07754
cs.IR 2412.07713
cs.IR 2412.08066
cs.CV 2412.07755
cs.IR 2412.08185
cs.CV 2412.07759
cs.IR 2412.08258
cs.CV 2412.07760
cs.IR 2412.08385
cs.CV 2412.07761
cs.CV 2412.07766
cs.IR 2412.08480
cs.CV 2412.07767
cs.IR 2412.08593
cs.IR 2412.07796
cs.CV 2412.07768
cs.IR 2412.07998
cs.CV 2412.07769
cs.IR 2412.08071
cs.CV 2412.07770
cs.IR 2412.08103
cs.CV 2412.07771
cs.CV 2412.07772
cs.IR 2412.08300
cs.CV 2412.07774
cs.IR 2412.08516
cs.CV 2412.07776
cs.IR 2412.08604
cs.CV 2412.07783
cs.IR 2412.08802
cs.CV 2412.07804
cs.IR 2412.08911
cs.CV 2412.07806
cs.IR 2412.08922
cs.CV 2412.07818
cs.CV 2412.07888
cs.IR 2412.08950
cs.CV 2412.07909
cs.IR 2412.09165
cs.CV 2412.07979
cs.IR 2412.09560
cs.CV 2412.08020
cs.IR 2412.08780
cs.CV 2412.08050
cs.IR 2412.08847
cs.CV 2412.08135
cs.IR 2412.09243
cs.CV 2412.08152
cs.CV 2412.08156
cs.CV 2412.08188
cs.CV 2412.08195
cs.CV 2412.08196
cs.CV 2412.08240
cs.CV 2412.08241
cs.CV 2412.08247
cs.CV 2412.08321
cs.CV 2412.08345
cs.CV 2412.08350
cs.CV 2412.08468
cs.CV 2412.08484
cs.CV 2412.08589
cs.CV 2412.08603
cs.CV 2412.08635
cs.CV 2412.08639
cs.CV 2412.07797
cs.CV 2412.07801
cs.CV 2412.07802
cs.CV 2412.07825
cs.CV 2412.07889
cs.CV 2412.07899
cs.CV 2412.07922
cs.CV 2412.07944
cs.CV 2412.07966
cs.CV 2412.07980
cs.CV 2412.07984
cs.CV 2412.07996
cs.CV 2412.08014
cs.CV 2412.08029
cs.CV 2412.08034
cs.CV 2412.08048
cs.CV 2412.08053
cs.CV 2412.08073
cs.CV 2412.08074
cs.CV 2412.08081
cs.CV 2412.08082
cs.CV 2412.08101
cs.CV 2412.08108
cs.CV 2412.08110
cs.CV 2412.08111
cs.CV 2412.08116
cs.CV 2412.08120
cs.CV 2412.08125
cs.CV 2412.08131
cs.CV 2412.08139
cs.CV 2412.08148
cs.CV 2412.08149
cs.CV 2412.08158
cs.CV 2412.08161
cs.CV 2412.08169
cs.CV 2412.08175
cs.CV 2412.08176
cs.CV 2412.08189
cs.CV 2412.08197
cs.CV 2412.08200
cs.CV 2412.08210
cs.CV 2412.08221
cs.CV 2412.08228
cs.CV 2412.08231
cs.CV 2412.08243
cs.CV 2412.08266
cs.CV 2412.08271
cs.CV 2412.08276
cs.CV 2412.08307
cs.CV 2412.08313
cs.CV 2412.08315
cs.CV 2412.08326
cs.CV 2412.08331
cs.CV 2412.08341
cs.CV 2412.08344
cs.CV 2412.08357
cs.CV 2412.08376
cs.CV 2412.08378
cs.CV 2412.08388
cs.CV 2412.08406
cs.CV 2412.08410
cs.CV 2412.08412
cs.CV 2412.08421
cs.CV 2412.08441
cs.CV 2412.08443
cs.CV 2412.08464
cs.CV 2412.08467
cs.CV 2412.08477
cs.CV 2412.08479
cs.CV 2412.08480
cs.CV 2412.08482
cs.CV 2412.08486
cs.CV 2412.08489
cs.CV 2412.08503
cs.CV 2412.08506
cs.CV 2412.08511
cs.CV 2412.08524
cs.CV 2412.08536
cs.CV 2412.08545
cs.CV 2412.08563
cs.CV 2412.08564
cs.CV 2412.08573
cs.CV 2412.08575
cs.CV 2412.08580
cs.CV 2412.08582
cs.CV 2412.08591
cs.CV 2412.08594
cs.CV 2412.08613
cs.CV 2412.08614
cs.CV 2412.08618
cs.CV 2412.08619
cs.CV 2412.08628
cs.CV 2412.08629
cs.CV 2412.08637
cs.CV 2412.08640
cs.CV 2412.08641
cs.CV 2412.08643
cs.CV 2412.08645
cs.CV 2412.08646
cs.CV 2412.08647
cs.CV 2412.08648
cs.CV 2412.08683
cs.CV 2412.08800
cs.CV 2412.08802
cs.CV 2412.08940
cs.CV 2412.08941
cs.CV 2412.08979
cs.CV 2412.09115
cs.CV 2412.09168
cs.CV 2412.09200
cs.CV 2412.09317
cs.CV 2412.09330
cs.CV 2412.09331
cs.CV 2412.09346
cs.CV 2412.09386
cs.CV 2412.09405
cs.CV 2412.09427
cs.CV 2412.09441
cs.CV 2412.09445
cs.CV 2412.09492
cs.CV 2412.09548
cs.CV 2412.09582
cs.CV 2412.08670
cs.CV 2412.08671
cs.CV 2412.08684
cs.CV 2412.08685
cs.CV 2412.08687
cs.CV 2412.08737
cs.CV 2412.08746
cs.CV 2412.08755
cs.CV 2412.08763
cs.CV 2412.08771
cs.CV 2412.08774
cs.CV 2412.08781
cs.CV 2412.08806
cs.CV 2412.08849
cs.CV 2412.08859
cs.CV 2412.08871
cs.CV 2412.08879
cs.CV 2412.08896
cs.CV 2412.08907
cs.CV 2412.08912
cs.CV 2412.08913
cs.CV 2412.08922
cs.CV 2412.08929
cs.CV 2412.08933
cs.CV 2412.08939
cs.CV 2412.08947
cs.CV 2412.08948
cs.CV 2412.08949
cs.CV 2412.08965
cs.CV 2412.08973
cs.CV 2412.08975
cs.CV 2412.08976
cs.CV 2412.09008
cs.CV 2412.09013
cs.CV 2412.09023
cs.CV 2412.09026
cs.CV 2412.09043
cs.CV 2412.09044
cs.CV 2412.09050
cs.CV 2412.09055
cs.CV 2412.09063
cs.CV 2412.09072
cs.CV 2412.09073
cs.CV 2412.09074
cs.CV 2412.09082
cs.CV 2412.09105
cs.CV 2412.09122
cs.CV 2412.09150
cs.CV 2412.09160
cs.CV 2412.09169
cs.CV 2412.09177
cs.CV 2412.09182
cs.CV 2412.09191
cs.CV 2412.09193
cs.CV 2412.09199
cs.CV 2412.09202
cs.CV 2412.09209
cs.CV 2412.09213
cs.CV 2412.09220
cs.CV 2412.09224
cs.CV 2412.09229
cs.CV 2412.09230
cs.CV 2412.09240
cs.CV 2412.09258
cs.CV 2412.09262
cs.CV 2412.09276
cs.CV 2412.09278
cs.CV 2412.09283
cs.CV 2412.09296
cs.CV 2412.09311
cs.CV 2412.09319
cs.CV 2412.09323
cs.CV 2412.09324
cs.CV 2412.09333
cs.CV 2412.09349
cs.CV 2412.09353
cs.CV 2412.09388
cs.CV 2412.09389
cs.CV 2412.09401
cs.CV 2412.09402
cs.CV 2412.09428
cs.CV 2412.09439
cs.CV 2412.09442
cs.CV 2412.09465
cs.CV 2412.09475
cs.CV 2412.09501
cs.CV 2412.09507
cs.CV 2412.09511
cs.CV 2412.09513
cs.CV 2412.09521
cs.CV 2412.09529
cs.CV 2412.09530
cs.CV 2412.09545
cs.CV 2412.09549
cs.CV 2412.09551
cs.CV 2412.09573
cs.CV 2412.09585
cs.CV 2412.09586
cs.CV 2412.09593
cs.CV 2412.09596
cs.CV 2412.09597
cs.CV 2412.09599
cs.CV 2412.09600
cs.CV 2412.09601
cs.CV 2412.09602
cs.CV 2412.09603
cs.CV 2412.09604
cs.CV 2412.09606
cs.CV 2412.09607
cs.CV 2412.09608
cs.CV 2412.09611
cs.CV 2412.09612
cs.CV 2412.09613
cs.CV 2412.09614
cs.CV 2412.09616
cs.CV 2412.09618
cs.CV 2412.09619
cs.CV 2412.09620
cs.CV 2412.09621
cs.CV 2412.09622
cs.CV 2412.09623
cs.CV 2412.09624
cs.CV 2412.09625
cs.CV 2412.09626
cs.CV 2412.09627
cs.NA 2412.04596
cs.NA 2412.04630
cs.NA 2412.04938
cs.NA 2412.05125
cs.NA 2412.05142
cs.NA 2412.05144
cs.NA 2412.04595
cs.NA 2412.04600
cs.NA 2412.04651
cs.NA 2412.04980
cs.NA 2412.05082
cs.NA 2412.05233
cs.NA 2412.05241
cs.NA 2412.05330
cs.NA 2412.05680
cs.NA 2412.05852
cs.NA 2412.06164
cs.NA 2412.06730
cs.NA 2412.06755
cs.NA 2412.05368
cs.NA 2412.05399
cs.NA 2412.05402
cs.NA 2412.05409
cs.NA 2412.05539
cs.NA 2412.05598
cs.NA 2412.05663
cs.NA 2412.05711
cs.NA 2412.05719
cs.NA 2412.05799
cs.NA 2412.05854
cs.NA 2412.05907
cs.NA 2412.05912
cs.NA 2412.05913
cs.NA 2412.05920
cs.NA 2412.05965
cs.NA 2412.06111
cs.NA 2412.06242
cs.NA 2412.06291
cs.NA 2412.06310
cs.NA 2412.06468
cs.NA 2412.06514
cs.NA 2412.06525
cs.NA 2412.06551
cs.NA 2412.06678
cs.NA 2412.06692
cs.NA 2412.07007
cs.NA 2412.07127
cs.NA 2412.07288
cs.NA 2412.07347
cs.NA 2412.07421
cs.NA 2412.07435
cs.NA 2412.07465
cs.NA 2412.07514
cs.NA 2412.06813
cs.NA 2412.07118
cs.NA 2412.07179
cs.NA 2412.07206
cs.NA 2412.07227
cs.NA 2412.07321
cs.NA 2412.07342
cs.NA 2412.07394
cs.NA 2412.07478
cs.NA 2412.07541
cs.NA 2412.07568
cs.NA 2412.07613
cs.NA 2412.07723
cs.NA 2412.07929
cs.NA 2412.08079
cs.NA 2412.08186
cs.NA 2412.08220
cs.NA 2412.08264
cs.NA 2412.08459
cs.NA 2412.08027
cs.NA 2412.08044
cs.NA 2412.08059
cs.NA 2412.08076
cs.NA 2412.08182
cs.NA 2412.08299
cs.NA 2412.08355
cs.NA 2412.08365
cs.NA 2412.08375
cs.NA 2412.08379
cs.NA 2412.08438
cs.NA 2412.08579
cs.NA 2412.08595
cs.NA 2410.10502
cs.NA 2412.08820
cs.NA 2412.08987
cs.NA 2412.09183
cs.NA 2412.09523
cs.NA 2412.08891
cs.NA 2412.08981
cs.NA 2412.09095
cs.NA 2412.09097
cs.NA 2412.09156
cs.NA 2412.09200
cs.NA 2412.09207
cs.NA 2412.09316
cs.NA 2412.09400
cs.NA 2412.09484
cs.RO 2412.04658
cs.RO 2412.04908
cs.RO 2412.04974
cs.RO 2412.05066
cs.RO 2412.05187
cs.RO 2412.05256
cs.RO 2412.04536
cs.RO 2412.04649
cs.RO 2412.04659
cs.RO 2412.04700
cs.RO 2412.04728
cs.RO 2412.04820
cs.RO 2412.04829
cs.RO 2412.04835
cs.RO 2412.04888
cs.RO 2412.04987
cs.RO 2412.05013
cs.RO 2412.05022
cs.RO 2412.05024
cs.RO 2412.05053
cs.RO 2412.05197
cs.RO 2412.05268
cs.RO 2412.05337
cs.RO 2412.05552
cs.RO 2412.05675
cs.RO 2412.05718
cs.RO 2412.05748
cs.RO 2412.06080
cs.RO 2412.06142
cs.RO 2412.06220
cs.RO 2412.06454
cs.RO 2412.06491
cs.RO 2412.06601
cs.RO 2412.06636
cs.RO 2412.06702
cs.RO 2412.06708
cs.RO 2412.05313
cs.RO 2412.05408
cs.RO 2412.05412
cs.RO 2412.05426
cs.RO 2412.05486
cs.RO 2412.05507
cs.RO 2412.05515
cs.RO 2412.05625
cs.RO 2412.05712
cs.RO 2412.05717
cs.RO 2412.05754
cs.RO 2412.05789
cs.RO 2412.05839
cs.RO 2412.05873
cs.RO 2412.05940
cs.RO 2412.06035
cs.RO 2412.06101
cs.RO 2412.06116
cs.RO 2412.06192
cs.RO 2412.06197
cs.RO 2412.06224
cs.RO 2412.06231
cs.RO 2412.06313
cs.RO 2412.06359
cs.RO 2412.06388
cs.RO 2412.06405
cs.RO 2412.06425
cs.RO 2412.06488
cs.RO 2412.06776
cs.RO 2412.06779
cs.RO 2412.06782
cs.RO 2412.06784
cs.RO 2412.06808
cs.RO 2412.07205
cs.RO 2412.07237
cs.RO 2412.07344
cs.RO 2412.07392
cs.RO 2412.07544
cs.RO 2412.07746
cs.RO 2412.07755
cs.RO 2412.06823
cs.RO 2412.06917
cs.RO 2412.06931
cs.RO 2412.06983
cs.RO 2412.06985
cs.RO 2412.07105
cs.RO 2412.07154
cs.RO 2412.07215
cs.RO 2412.07332
cs.RO 2412.07477
cs.RO 2412.07485
cs.RO 2412.07487
cs.RO 2412.07493
cs.RO 2412.07513
cs.RO 2412.07556
cs.RO 2412.07567
cs.RO 2412.07655
cs.RO 2412.07664
cs.RO 2412.07683
cs.RO 2412.07686
cs.RO 2412.07773
cs.RO 2412.07689
cs.RO 2412.07817
cs.RO 2412.07899
cs.RO 2412.08120
cs.RO 2412.08591
cs.RO 2412.08643
cs.RO 2412.07823
cs.RO 2412.07826
cs.RO 2412.07859
cs.RO 2412.07956
cs.RO 2412.07959
cs.RO 2412.07976
cs.RO 2412.07990
cs.RO 2412.08019
cs.RO 2412.08020
cs.RO 2412.08096
cs.RO 2412.08102
cs.RO 2412.08121
cs.RO 2412.08133
cs.RO 2412.08135
cs.RO 2412.08195
cs.RO 2412.08261
cs.RO 2412.08270
cs.RO 2412.08275
cs.RO 2412.08346
cs.RO 2412.08398
cs.RO 2412.08428
cs.RO 2412.08468
cs.RO 2412.08496
cs.RO 2412.08522
cs.RO 2412.08562
cs.RO 2412.08568
cs.RO 2412.08644
cs.RO 2412.08654
cs.RO 2412.08934
cs.RO 2412.09121
cs.RO 2412.09602
cs.RO 2412.09620
cs.RO 2412.09624
cs.RO 2412.08757
cs.RO 2412.08830
cs.RO 2412.08855
cs.RO 2412.08909
cs.RO 2412.08971
cs.RO 2412.08983
cs.RO 2412.09114
cs.RO 2412.09117
cs.RO 2412.09149
cs.RO 2412.09265
cs.RO 2412.09286
cs.RO 2412.09342
cs.RO 2412.09387
cs.RO 2412.09417
cs.RO 2412.09424
cs.RO 2412.09440
cs.RO 2412.09466
cs.RO 2412.09496
cs.RO 2412.09505
cs.RO 2412.09520
cs.RO 2412.09584
cs.RO 2412.09617
cs.PL 2412.03578
cs.PL 2412.03612
cs.PL 2412.05496
cs.PL 2412.05784
cs.PL 2412.06102
cs.PL 2412.06754
cs.PL 2412.06269
cs.PL 2412.06274
cs.PL 2412.06391
cs.PL 2412.06874
cs.PL 2412.06947
cs.PL 2412.06994
cs.PL 2412.07235
cs.PL 2412.07086
cs.PL 2412.08035
cs.PL 2412.08232
cs.PL 2412.08233
cs.PL 2412.08235
cs.PL 2412.08739
cs.PL 2412.08654
cs.NI 2412.04518
cs.NI 2412.04601
cs.NI 2412.04868
cs.NI 2412.04874
cs.NI 2412.04563
cs.NI 2412.04742
cs.NI 2412.04832
cs.NI 2412.04989
cs.NI 2412.05408
cs.NI 2412.06414
cs.NI 2412.06456
cs.NI 2412.06728
cs.NI 2412.05385
cs.NI 2412.05512
cs.NI 2412.05649
cs.NI 2412.05993
cs.NI 2412.06007
cs.NI 2412.06196
cs.NI 2412.07059
cs.NI 2412.07197
cs.NI 2412.07029
cs.NI 2412.07094
cs.NI 2412.07189
cs.NI 2412.07270
cs.NI 2412.07503
cs.NI 2412.07542
cs.NI 2412.07809
cs.NI 2412.07889
cs.NI 2412.07964
cs.NI 2412.08642
cs.NI 2412.07865
cs.NI 2412.08296
cs.NI 2412.08478
cs.NI 2412.08540
cs.NI 2412.08761
cs.NI 2412.09507
cs.NI 2412.08978
cs.NI 2412.08982
cs.NI 2412.09564
cs.OS 2411.18845
cs.OS 2412.01059
cs.OS 2412.02110
cs.OS 2412.02192
cs.OS 2412.05784
cs.OS 2412.08938
cs.IT 2412.04734
cs.IT 2412.04755
cs.IT 2412.04989
cs.IT 2412.05109
cs.IT 2412.04720
cs.IT 2412.04795
cs.IT 2412.04866
cs.IT 2412.04876
cs.IT 2412.04877
cs.IT 2412.05006
cs.IT 2412.05011
cs.IT 2412.05058
cs.IT 2412.05249
cs.IT 2412.05306
cs.IT 2412.05554
cs.IT 2412.05556
cs.IT 2412.05582
cs.IT 2412.05595
cs.IT 2412.05711
cs.IT 2412.05936
cs.IT 2412.06038
cs.IT 2412.06049
cs.IT 2412.06091
cs.IT 2412.06095
cs.IT 2412.06126
cs.IT 2412.06189
cs.IT 2412.06468
cs.IT 2412.06538
cs.IT 2412.05647
cs.IT 2412.05865
cs.IT 2412.05878
cs.IT 2412.05942
cs.IT 2412.06072
cs.IT 2412.06178
cs.IT 2412.06223
cs.IT 2412.06275
cs.IT 2412.06353
cs.IT 2412.06497
cs.IT 2412.06728
cs.IT 2412.07005
cs.IT 2412.07180
cs.IT 2412.07278
cs.IT 2412.07520
cs.IT 2412.07582
cs.IT 2412.07592
cs.IT 2412.07359
cs.IT 2412.07489
cs.IT 2412.07508
cs.IT 2412.07519
cs.IT 2412.07907
cs.IT 2412.08400
cs.IT 2412.08432
cs.IT 2412.08586
cs.IT 2412.08596
cs.IT 2412.07911
cs.IT 2412.08129
cs.IT 2412.08222
cs.IT 2412.08250
cs.IT 2412.08277
cs.IT 2412.08391
cs.IT 2412.08512
cs.IT 2412.08642
cs.IT 2412.09117
cs.IT 2412.09218
cs.IT 2412.09222
cs.IT 2412.09498
cs.IT 2412.09581
cs.IT 2412.08817
cs.IT 2412.08860
cs.IT 2412.08954
cs.IT 2412.09068
cs.CR 2412.04776
cs.CR 2412.04785
cs.CR 2412.05010
cs.CR 2412.05026
cs.CR 2412.05049
cs.CR 2412.05091
cs.CR 2412.05183
cs.CR 2412.04473
cs.CR 2412.04495
cs.CR 2412.04496
cs.CR 2412.04510
cs.CR 2412.04518
cs.CR 2412.04601
cs.CR 2412.04697
cs.CR 2412.04756
cs.CR 2412.04848
cs.CR 2412.04900
cs.CR 2412.04901
cs.CR 2412.04902
cs.CR 2412.04979
cs.CR 2412.04999
cs.CR 2412.05138
cs.CR 2412.05164
cs.CR 2412.05228
cs.CR 2412.05351
cs.CR 2412.05512
cs.CR 2412.05529
cs.CR 2412.05533
cs.CR 2412.05676
cs.CR 2412.05767
cs.CR 2412.05883
cs.CR 2412.05894
cs.CR 2412.05949
cs.CR 2412.06015
cs.CR 2412.06149
cs.CR 2412.06166
cs.CR 2412.06606
cs.CR 2412.06619
cs.CR 2412.06689
cs.CR 2412.06728
cs.CR 2412.06759
cs.CR 2412.05321
cs.CR 2412.05346
cs.CR 2412.05502
cs.CR 2412.05527
cs.CR 2412.05532
cs.CR 2412.05617
cs.CR 2412.05688
cs.CR 2412.05695
cs.CR 2412.05734
cs.CR 2412.05737
cs.CR 2412.05830
cs.CR 2412.05887
cs.CR 2412.05892
cs.CR 2412.05904
cs.CR 2412.05934
cs.CR 2412.06026
cs.CR 2412.06056
cs.CR 2412.06090
cs.CR 2412.06091
cs.CR 2412.06113
cs.CR 2412.06120
cs.CR 2412.06157
cs.CR 2412.06181
cs.CR 2412.06203
cs.CR 2412.06219
cs.CR 2412.06239
cs.CR 2412.06254
cs.CR 2412.06255
cs.CR 2412.06261
cs.CR 2412.06290
cs.CR 2412.06325
cs.CR 2412.06556
cs.CR 2412.06700
cs.CR 2412.06726
cs.CR 2412.07005
cs.CR 2412.07082
cs.CR 2412.07093
cs.CR 2412.07277
cs.CR 2412.07300
cs.CR 2412.07687
cs.CR 2412.06788
cs.CR 2412.06927
cs.CR 2412.07097
cs.CR 2412.07135
cs.CR 2412.07192
cs.CR 2412.07202
cs.CR 2412.07261
cs.CR 2412.07538
cs.CR 2412.07575
cs.CR 2412.07636
cs.CR 2412.07671
cs.CR 2412.07672
cs.CR 2412.07917
cs.CR 2412.07996
cs.CR 2412.08054
cs.CR 2412.08068
cs.CR 2412.08099
cs.CR 2412.08100
cs.CR 2412.08108
cs.CR 2412.08367
cs.CR 2412.08534
cs.CR 2412.08544
cs.CR 2412.08608
cs.CR 2412.07954
cs.CR 2412.07962
cs.CR 2412.08084
cs.CR 2412.08145
cs.CR 2412.08156
cs.CR 2412.08177
cs.CR 2412.08201
cs.CR 2412.08257
cs.CR 2412.08301
cs.CR 2412.08514
cs.CR 2412.08669
cs.CR 2412.08755
cs.CR 2412.09119
cs.CR 2412.08680
cs.CR 2412.08769
cs.CR 2412.08777
cs.CR 2412.08936
cs.CR 2412.08957
cs.CR 2412.08969
cs.CR 2412.08993
cs.CR 2412.09057
cs.CR 2412.09110
cs.CR 2412.09144
cs.CR 2412.09222
cs.CR 2412.09259
cs.CR 2412.09450
cs.SC 2412.02257
cs.SC 2412.03127
cs.SC 2412.04928
cs.SC 2412.05586
cs.SC 2412.08235
cs.SC 2412.07939
cs.SC 2412.08576
cs.SI 2412.04325
cs.SI 2412.04492
cs.SI 2412.04999
cs.SI 2412.05124
cs.SI 2412.05132
cs.SI 2412.04735
cs.SI 2412.05176
cs.SI 2412.05641
cs.SI 2412.05741
cs.SI 2412.06216
cs.SI 2412.06935
cs.SI 2412.07027
cs.SI 2412.07338
cs.SI 2412.07378
cs.SI 2412.07402
cs.SI 2412.08038
cs.SI 2412.08051
cs.SI 2412.08174
cs.SI 2412.08316
cs.SI 2412.08921
cs.SI 2412.09567
cs.SI 2412.09011
cs.SI 2412.09404
cs.SI 2412.09578
cs.SE 2412.04510
cs.SE 2412.05159
cs.SE 2412.04478
cs.SE 2412.04523
cs.SE 2412.04590
cs.SE 2412.04657
cs.SE 2412.04687
cs.SE 2412.04704
cs.SE 2412.05075
cs.SE 2412.05098
cs.SE 2412.05240
cs.SE 2412.05254
cs.SE 2412.05259
cs.SE 2412.05467
cs.SE 2412.05617
cs.SE 2412.05887
cs.SE 2412.06102
cs.SE 2412.06261
cs.SE 2412.06382
cs.SE 2412.06512
cs.SE 2412.06603
cs.SE 2412.05288
cs.SE 2412.05299
cs.SE 2412.05366
cs.SE 2412.05555
cs.SE 2412.05587
cs.SE 2412.05775
cs.SE 2412.05829
cs.SE 2412.05958
cs.SE 2412.05978
cs.SE 2412.06099
cs.SE 2412.06166
cs.SE 2412.06251
cs.SE 2412.06294
cs.SE 2412.06307
cs.SE 2412.06430
cs.SE 2412.06564
cs.SE 2412.06567
cs.SE 2412.06757
cs.SE 2412.06759
cs.SE 2412.06800
cs.SE 2412.06869
cs.SE 2412.06832
cs.SE 2412.06874
cs.SE 2412.06908
cs.SE 2412.06948
cs.SE 2412.06994
cs.SE 2412.07221
cs.SE 2412.07235
cs.SE 2412.07564
cs.SE 2412.07620
cs.SE 2412.07668
cs.SE 2412.07698
cs.SE 2412.08035
cs.SE 2412.08167
cs.SE 2412.08233
cs.SE 2412.08520
cs.SE 2412.07817
cs.SE 2412.07892
cs.SE 2412.07927
cs.SE 2412.08041
cs.SE 2412.08061
cs.SE 2412.08063
cs.SE 2412.08068
cs.SE 2412.08069
cs.SE 2412.08098
cs.SE 2412.08100
cs.SE 2412.08109
cs.SE 2412.08159
cs.SE 2412.08281
cs.SE 2412.08314
cs.SE 2412.08352
cs.SE 2412.08581
cs.SE 2412.08593
cs.SE 2412.08654
cs.SE 2412.08969
cs.SE 2412.09110
cs.SE 2412.09289
cs.SE 2412.08842
cs.SE 2412.08862
cs.SE 2412.09058
cs.SE 2412.09284
cs.SE 2412.09360
cs.SE 2412.09422
stat.AP 2412.04663
stat.AP 2412.04735
stat.AP 2412.04744
stat.AP 2412.04535
stat.AP 2412.04765
stat.AP 2412.04860
stat.AP 2412.05348
stat.AP 2412.05508
stat.AP 2412.06442
stat.AP 2412.06528
stat.AP 2412.06604
stat.AP 2412.05398
stat.AP 2412.05763
stat.AP 2412.05911
stat.AP 2412.06054
stat.AP 2412.06128
stat.AP 2412.06226
stat.AP 2412.06622
stat.AP 2412.06810
stat.AP 2412.06825
stat.AP 2412.06831
stat.AP 2412.06836
stat.AP 2412.06837
stat.AP 2412.07170
stat.AP 2412.07488
stat.AP 2412.07524
stat.AP 2412.07687
stat.AP 2412.06807
stat.AP 2412.06934
stat.AP 2412.07134
stat.AP 2412.07635
stat.AP 2412.07657
stat.AP 2412.07735
stat.AP 2412.07795
stat.AP 2412.07895
stat.AP 2412.08088
stat.AP 2412.08380
stat.AP 2412.07879
stat.AP 2412.07882
stat.AP 2412.08106
stat.AP 2412.08303
stat.AP 2412.08364
stat.AP 2412.08416
stat.AP 2412.08439
stat.AP 2412.08606
stat.AP 2412.08657
stat.AP 2412.08661
stat.AP 2412.08762
stat.AP 2412.08809
stat.AP 2412.08895
stat.AP 2412.09325
stat.AP 2412.09327
stat.AP 2412.09328
stat.AP 2412.09419
stat.AP 2412.09430
stat.AP 2412.08793
stat.AP 2412.08840
stat.AP 2412.08869
stat.AP 2412.08927
stat.AP 2412.09226
stat.AP 2412.09432
stat.AP 2412.09497
stat.AP 2412.09583
cs.CL 2412.04482
cs.CL 2412.04606
cs.CL 2412.04614
cs.CL 2412.04619
cs.CL 2412.04626
cs.CL 2412.04628
cs.CL 2412.04697
cs.CL 2412.04741
cs.CL 2412.04756
cs.CL 2412.04787
cs.CL 2412.04806
cs.CL 2412.04903
cs.CL 2412.04954
cs.CL 2412.05167
cs.CL 2412.05248
cs.CL 2412.05251
cs.CL 2412.05255
cs.CL 2412.04492
cs.CL 2412.04494
cs.CL 2412.04497
cs.CL 2412.04498
cs.CL 2412.04503
cs.CL 2412.04504
cs.CL 2412.04505
cs.CL 2412.04506
cs.CL 2412.04509
cs.CL 2412.04512
cs.CL 2412.04537
cs.CL 2412.04573
cs.CL 2412.04576
cs.CL 2412.04602
cs.CL 2412.04690
cs.CL 2412.04703
cs.CL 2412.04717
cs.CL 2412.04726
cs.CL 2412.04757
cs.CL 2412.04774
cs.CL 2412.04784
cs.CL 2412.04836
cs.CL 2412.04859
cs.CL 2412.04862
cs.CL 2412.04871
cs.CL 2412.04905
cs.CL 2412.04922
cs.CL 2412.04936
cs.CL 2412.04937
cs.CL 2412.04942
cs.CL 2412.04947
cs.CL 2412.04948
cs.CL 2412.04975
cs.CL 2412.05023
cs.CL 2412.05028
cs.CL 2412.05139
cs.CL 2412.05145
cs.CL 2412.05149
cs.CL 2412.05155
cs.CL 2412.05184
cs.CL 2412.05206
cs.CL 2412.05210
cs.CL 2412.05223
cs.CL 2412.05225
cs.CL 2412.05232
cs.CL 2412.05237
cs.CL 2412.05288
cs.CL 2412.05299
cs.CL 2412.05301
cs.CL 2412.05339
cs.CL 2412.05536
cs.CL 2412.05552
cs.CL 2412.05562
cs.CL 2412.05585
cs.CL 2412.05723
cs.CL 2412.05818
cs.CL 2412.05861
cs.CL 2412.05868
cs.CL 2412.05896
cs.CL 2412.05939
cs.CL 2412.06033
cs.CL 2412.06141
cs.CL 2412.06148
cs.CL 2412.06162
cs.CL 2412.06229
cs.CL 2412.06394
cs.CL 2412.06412
cs.CL 2412.06432
cs.CL 2412.06512
cs.CL 2412.06538
cs.CL 2412.06559
cs.CL 2412.06619
cs.CL 2412.06676
cs.CL 2412.06712
cs.CL 2412.06720
cs.CL 2412.06724
cs.CL 2412.06745
cs.CL 2412.06748
cs.CL 2412.06775
cs.CL 2412.05315
cs.CL 2412.05342
cs.CL 2412.05353
cs.CL 2412.05388
cs.CL 2412.05434
cs.CL 2412.05449
cs.CL 2412.05453
cs.CL 2412.05499
cs.CL 2412.05563
cs.CL 2412.05571
cs.CL 2412.05579
cs.CL 2412.05591
cs.CL 2412.05631
cs.CL 2412.05644
cs.CL 2412.05655
cs.CL 2412.05672
cs.CL 2412.05693
cs.CL 2412.05708
cs.CL 2412.05710
cs.CL 2412.05749
cs.CL 2412.05768
cs.CL 2412.05797
cs.CL 2412.05821
cs.CL 2412.05843
cs.CL 2412.05845
cs.CL 2412.05850
cs.CL 2412.05862
cs.CL 2412.05916
cs.CL 2412.05964
cs.CL 2412.05967
cs.CL 2412.06000
cs.CL 2412.06009
cs.CL 2412.06060
cs.CL 2412.06071
cs.CL 2412.06095
cs.CL 2412.06106
cs.CL 2412.06107
cs.CL 2412.06134
cs.CL 2412.06136
cs.CL 2412.06144
cs.CL 2412.06179
cs.CL 2412.06198
cs.CL 2412.06206
cs.CL 2412.06245
cs.CL 2412.06249
cs.CL 2412.06272
cs.CL 2412.06287
cs.CL 2412.06332
cs.CL 2412.06419
cs.CL 2412.06441
cs.CL 2412.06464
cs.CL 2412.06483
cs.CL 2412.06484
cs.CL 2412.06575
cs.CL 2412.06593
cs.CL 2412.06602
cs.CL 2412.06654
cs.CL 2412.06693
cs.CL 2412.06738
cs.CL 2412.06769
cs.CL 2412.06832
cs.CL 2412.06849
cs.CL 2412.06858
cs.CL 2412.06874
cs.CL 2412.07112
cs.CL 2412.07116
cs.CL 2412.07121
cs.CL 2412.07144
cs.CL 2412.07148
cs.CL 2412.07200
cs.CL 2412.07292
cs.CL 2412.07355
cs.CL 2412.07446
cs.CL 2412.07573
cs.CL 2412.07618
cs.CL 2412.07672
cs.CL 2412.06794
cs.CL 2412.06822
cs.CL 2412.06828
cs.CL 2412.06831
cs.CL 2412.06843
cs.CL 2412.06845
cs.CL 2412.06864
cs.CL 2412.06877
cs.CL 2412.06926
cs.CL 2412.06951
cs.CL 2412.06967
cs.CL 2412.06975
cs.CL 2412.07017
cs.CL 2412.07019
cs.CL 2412.07030
cs.CL 2412.07078
cs.CL 2412.07096
cs.CL 2412.07108
cs.CL 2412.07111
cs.CL 2412.07113
cs.CL 2412.07171
cs.CL 2412.07201
cs.CL 2412.07220
cs.CL 2412.07238
cs.CL 2412.07246
cs.CL 2412.07251
cs.CL 2412.07255
cs.CL 2412.07282
cs.CL 2412.07289
cs.CL 2412.07298
cs.CL 2412.07303
cs.CL 2412.07334
cs.CL 2412.07367
cs.CL 2412.07380
cs.CL 2412.07386
cs.CL 2412.07388
cs.CL 2412.07393
cs.CL 2412.07412
cs.CL 2412.07419
cs.CL 2412.07420
cs.CL 2412.07429
cs.CL 2412.07430
cs.CL 2412.07462
cs.CL 2412.07515
cs.CL 2412.07619
cs.CL 2412.07629
cs.CL 2412.07633
cs.CL 2412.07646
cs.CL 2412.07675
cs.CL 2412.07678
cs.CL 2412.07682
cs.CL 2412.07724
cs.CL 2412.07743
cs.CL 2412.07801
cs.CL 2412.07919
cs.CL 2412.07940
cs.CL 2412.07975
cs.CL 2412.08038
cs.CL 2412.08054
cs.CL 2412.08099
cs.CL 2412.08108
cs.CL 2412.08110
cs.CL 2412.08111
cs.CL 2412.08112
cs.CL 2412.08117
cs.CL 2412.08125
cs.CL 2412.08158
cs.CL 2412.08169
cs.CL 2412.08237
cs.CL 2412.08316
cs.CL 2412.08467
cs.CL 2412.08542
cs.CL 2412.08564
cs.CL 2412.07812
cs.CL 2412.07906
cs.CL 2412.07923
cs.CL 2412.07937
cs.CL 2412.07961
cs.CL 2412.07965
cs.CL 2412.07992
cs.CL 2412.08024
cs.CL 2412.08049
cs.CL 2412.08090
cs.CL 2412.08127
cs.CL 2412.08163
cs.CL 2412.08187
cs.CL 2412.08196
cs.CL 2412.08255
cs.CL 2412.08263
cs.CL 2412.08268
cs.CL 2412.08274
cs.CL 2412.08279
cs.CL 2412.08283
cs.CL 2412.08285
cs.CL 2412.08291
cs.CL 2412.08317
cs.CL 2412.08329
cs.CL 2412.08347
cs.CL 2412.08385
cs.CL 2412.08389
cs.CL 2412.08392
cs.CL 2412.08393
cs.CL 2412.08414
cs.CL 2412.08430
cs.CL 2412.08434
cs.CL 2412.08473
cs.CL 2412.08508
cs.CL 2412.08519
cs.CL 2412.08520
cs.CL 2412.08521
cs.CL 2412.08528
cs.CL 2412.08529
cs.CL 2412.08548
cs.CL 2412.08578
cs.CL 2412.08587
cs.CL 2412.08599
cs.CL 2412.08615
cs.CL 2412.08635
cs.CL 2412.08639
cs.CL 2412.08651
cs.CL 2412.08737
cs.CL 2412.08937
cs.CL 2412.08946
cs.CL 2412.08948
cs.CL 2412.09282
cs.CL 2412.09353
cs.CL 2412.09378
cs.CL 2412.09413
cs.CL 2412.09429
cs.CL 2412.09467
cs.CL 2412.09560
cs.CL 2412.09563
cs.CL 2412.09578
cs.CL 2412.09596
cs.CL 2412.09601
cs.CL 2412.09612
cs.CL 2412.09614
cs.CL 2412.08686
cs.CL 2412.08742
cs.CL 2412.08753
cs.CL 2412.08795
cs.CL 2412.08802
cs.CL 2412.08821
cs.CL 2412.08846
cs.CL 2412.08864
cs.CL 2412.08900
cs.CL 2412.08905
cs.CL 2412.08920
cs.CL 2412.08955
cs.CL 2412.08970
cs.CL 2412.08972
cs.CL 2412.08985
cs.CL 2412.09012
cs.CL 2412.09014
cs.CL 2412.09025
cs.CL 2412.09034
cs.CL 2412.09036
cs.CL 2412.09045
cs.CL 2412.09046
cs.CL 2412.09049
cs.CL 2412.09078
cs.CL 2412.09084
cs.CL 2412.09094
cs.CL 2412.09102
cs.CL 2412.09165
cs.CL 2412.09173
cs.CL 2412.09203
cs.CL 2412.09247
cs.CL 2412.09263
cs.CL 2412.09269
cs.CL 2412.09280
cs.CL 2412.09318
cs.CL 2412.09341
cs.CL 2412.09362
cs.CL 2412.09370
cs.CL 2412.09383
cs.CL 2412.09415
cs.CL 2412.09416
cs.CL 2412.09460
cs.CL 2412.09569
cs.CL 2412.09572
cs.CL 2412.09587
cs.CL 2412.09605
eess.AS 2412.04534
eess.AS 2412.04610
eess.AS 2412.04746
eess.AS 2412.04836
eess.AS 2412.04917
eess.AS 2412.05123
eess.AS 2412.05167
eess.AS 2412.04724
eess.AS 2412.05015
eess.AS 2412.05296
eess.AS 2412.05436
eess.AS 2412.05558
eess.AS 2412.05694
eess.AS 2412.05831
eess.AS 2412.05951
eess.AS 2412.06001
eess.AS 2412.06208
eess.AS 2412.06209
eess.AS 2412.06296
eess.AS 2412.06602
eess.AS 2412.06617
eess.AS 2412.06660
eess.AS 2412.06703
eess.AS 2412.05589
eess.AS 2412.06259
eess.AS 2412.06965
eess.AS 2412.06967
eess.AS 2412.07316
eess.AS 2412.07345
eess.AS 2412.07406
eess.AS 2412.07648
eess.AS 2312.00502
eess.AS 2412.07948
eess.AS 2412.08112
eess.AS 2412.08117
eess.AS 2412.08161
eess.AS 2412.08237
eess.AS 2412.08247
eess.AS 2412.08283
eess.AS 2412.08312
eess.AS 2412.08343
eess.AS 2412.08356
eess.AS 2412.08504
eess.AS 2412.08549
eess.AS 2412.08550
eess.AS 2412.08577
eess.AS 2412.08608
eess.AS 2412.08306
eess.AS 2412.08683
eess.AS 2412.08856
eess.AS 2412.08944
eess.AS 2412.08988
eess.AS 2412.09032
eess.AS 2412.09168
eess.AS 2412.09195
eess.AS 2412.09317
eess.AS 2412.09405
eess.AS 2412.09428
eess.AS 2412.09467
eess.AS 2412.08651
eess.AS 2412.08918
stat.ML 2412.04605
stat.ML 2412.04641
stat.ML 2412.04648
stat.ML 2412.04736
stat.ML 2412.04767
stat.ML 2412.04781
stat.ML 2412.04882
stat.ML 2412.04914
stat.ML 2412.04929
stat.ML 2412.05108
stat.ML 2412.05109
stat.ML 2412.05175
stat.ML 2412.05135
stat.ML 2412.05343
stat.ML 2412.05390
stat.ML 2412.05418
stat.ML 2412.05421
stat.ML 2412.05439
stat.ML 2412.05481
stat.ML 2412.05534
stat.ML 2412.05590
stat.ML 2412.05669
stat.ML 2412.05674
stat.ML 2412.05783
stat.ML 2412.05788
stat.ML 2412.06020
stat.ML 2412.06063
stat.ML 2412.06070
stat.ML 2412.06126
stat.ML 2412.06160
stat.ML 2412.06165
stat.ML 2412.06168
stat.ML 2412.06173
stat.ML 2412.06368
stat.ML 2412.06381
stat.ML 2412.06410
stat.ML 2412.06438
stat.ML 2412.06538
stat.ML 2412.06540
stat.ML 2412.06604
stat.ML 2412.06629
stat.ML 2412.06655
stat.ML 2412.06711
stat.ML 2412.05506
stat.ML 2412.05723
stat.ML 2412.05726
stat.ML 2412.05759
stat.ML 2412.05906
stat.ML 2412.06033
stat.ML 2412.06158
stat.ML 2412.06233
stat.ML 2412.06478
stat.ML 2412.06810
stat.ML 2412.06829
stat.ML 2412.06870
stat.ML 2412.07075
stat.ML 2412.07106
stat.ML 2412.07120
stat.ML 2412.07169
stat.ML 2412.07193
stat.ML 2412.07299
stat.ML 2412.07306
stat.ML 2412.07312
stat.ML 2412.07378
stat.ML 2412.07446
stat.ML 2412.07544
stat.ML 2412.07586
stat.ML 2412.07611
stat.ML 2412.07643
stat.ML 2412.07684
stat.ML 2412.07728
stat.ML 2412.07041
stat.ML 2412.07057
stat.ML 2412.07081
stat.ML 2412.07242
stat.ML 2412.07265
stat.ML 2412.07469
stat.ML 2412.07488
stat.ML 2412.07763
stat.ML 2412.07905
stat.ML 2412.07972
stat.ML 2412.07987
stat.ML 2412.07999
stat.ML 2412.08012
stat.ML 2412.08016
stat.ML 2412.08025
stat.ML 2412.08051
stat.ML 2412.08052
stat.ML 2412.08064
stat.ML 2412.08088
stat.ML 2412.08114
stat.ML 2412.08147
stat.ML 2412.08310
stat.ML 2412.08435
stat.ML 2412.08453
stat.ML 2412.08579
stat.ML 2412.08604
stat.ML 2412.07877
stat.ML 2412.07902
stat.ML 2412.08060
stat.ML 2412.08731
stat.ML 2412.08772
stat.ML 2412.08776
stat.ML 2412.08794
stat.ML 2412.08824
stat.ML 2412.08951
stat.ML 2412.09053
stat.ML 2412.09068
stat.ML 2412.09080
stat.ML 2412.09235
stat.ML 2412.09250
stat.ML 2412.09265
stat.ML 2412.09477
stat.ML 2412.09498
stat.ML 2412.09538
stat.ML 2412.09544
stat.ML 2412.09556
stat.ML 2412.08661
stat.ML 2412.08843
stat.ML 2412.08961
stat.ML 2412.09164
stat.ML 2412.09369
stat.ML 2412.09594
cs.LG 2408.00673
cs.LG 2412.04184
cs.LG 2412.04475
cs.LG 2412.04483
cs.LG 2412.04502
cs.LG 2412.04504
cs.LG 2412.04506
cs.LG 2412.04512
cs.LG 2412.04523
cs.LG 2412.04531
cs.LG 2412.04537
cs.LG 2412.04568
cs.LG 2412.04610
cs.LG 2412.04622
cs.LG 2412.04637
cs.LG 2412.04653
cs.LG 2412.04657
cs.LG 2412.04658
cs.LG 2412.04692
cs.LG 2412.04703
cs.LG 2412.04749
cs.LG 2412.04757
cs.LG 2412.04758
cs.LG 2412.04764
cs.LG 2412.04766
cs.LG 2412.04784
cs.LG 2412.04786
cs.LG 2412.04832
cs.LG 2412.04835
cs.LG 2412.04846
cs.LG 2412.04847
cs.LG 2412.04898
cs.LG 2412.04903
cs.LG 2412.04905
cs.LG 2412.04929
cs.LG 2412.04930
cs.LG 2412.04936
cs.LG 2412.04954
cs.LG 2412.04984
cs.LG 2412.05043
cs.LG 2412.05103
cs.LG 2412.05132
cs.LG 2412.05134
cs.LG 2412.05135
cs.LG 2412.05145
cs.LG 2412.05148
cs.LG 2412.05164
cs.LG 2412.05185
cs.LG 2412.05204
cs.LG 2412.05216
cs.LG 2412.05233
cs.LG 2412.05243
cs.LG 2412.05252
cs.LG 2412.05256
cs.LG 2412.05265
cs.LG 2412.05276
cs.LG 2412.05280
cs.LG 2412.04521
cs.LG 2412.04526
cs.LG 2412.04532
cs.LG 2412.04538
cs.LG 2412.04565
cs.LG 2412.04577
cs.LG 2412.04578
cs.LG 2412.04594
cs.LG 2412.04596
cs.LG 2412.04614
cs.LG 2412.04619
cs.LG 2412.04626
cs.LG 2412.04628
cs.LG 2412.04641
cs.LG 2412.04642
cs.LG 2412.04650
cs.LG 2412.04671
cs.LG 2412.04677
cs.LG 2412.04682
cs.LG 2412.04733
cs.LG 2412.04737
cs.LG 2412.04738
cs.LG 2412.04752
cs.LG 2412.04755
cs.LG 2412.04767
cs.LG 2412.04775
cs.LG 2412.04778
cs.LG 2412.04780
cs.LG 2412.04781
cs.LG 2412.04785
cs.LG 2412.04787
cs.LG 2412.04806
cs.LG 2412.04821
cs.LG 2412.04833
cs.LG 2412.04845
cs.LG 2412.04861
cs.LG 2412.04882
cs.LG 2412.04884
cs.LG 2412.04910
cs.LG 2412.04914
cs.LG 2412.04950
cs.LG 2412.04974
cs.LG 2412.04981
cs.LG 2412.04986
cs.LG 2412.05000
cs.LG 2412.05004
cs.LG 2412.05010
cs.LG 2412.05029
cs.LG 2412.05109
cs.LG 2412.05117
cs.LG 2412.05126
cs.LG 2412.05133
cs.LG 2412.05144
cs.LG 2412.05152
cs.LG 2412.05153
cs.LG 2412.05169
cs.LG 2412.05175
cs.LG 2412.05183
cs.LG 2412.05186
cs.LG 2412.05218
cs.LG 2412.05244
cs.LG 2412.05251
cs.LG 2412.05269
cs.LG 2412.05270
cs.LG 2412.02065
cs.LG 2412.05288
cs.LG 2412.05292
cs.LG 2412.05293
cs.LG 2412.05302
cs.LG 2412.05305
cs.LG 2412.05313
cs.LG 2412.05327
cs.LG 2412.05330
cs.LG 2412.05333
cs.LG 2412.05337
cs.LG 2412.05341
cs.LG 2412.05345
cs.LG 2412.05346
cs.LG 2412.05348
cs.LG 2412.05351
cs.LG 2412.05388
cs.LG 2412.05403
cs.LG 2412.05426
cs.LG 2412.05434
cs.LG 2412.05437
cs.LG 2412.05481
cs.LG 2412.05488
cs.LG 2412.05499
cs.LG 2412.05506
cs.LG 2412.05515
cs.LG 2412.05525
cs.LG 2412.05552
cs.LG 2412.05560
cs.LG 2412.05561
cs.LG 2412.05562
cs.LG 2412.05566
cs.LG 2412.05582
cs.LG 2412.05586
cs.LG 2412.05591
cs.LG 2412.05666
cs.LG 2412.05674
cs.LG 2412.05676
cs.LG 2412.05681
cs.LG 2412.05686
cs.LG 2412.05689
cs.LG 2412.05708
cs.LG 2412.05717
cs.LG 2412.05718
cs.LG 2412.05719
cs.LG 2412.05723
cs.LG 2412.05726
cs.LG 2412.05731
cs.LG 2412.05734
cs.LG 2412.05748
cs.LG 2412.05758
cs.LG 2412.05759
cs.LG 2412.05788
cs.LG 2412.05796
cs.LG 2412.05818
cs.LG 2412.05843
cs.LG 2412.05861
cs.LG 2412.05894
cs.LG 2412.05906
cs.LG 2412.05939
cs.LG 2412.05951
cs.LG 2412.05967
cs.LG 2412.06000
cs.LG 2412.06009
cs.LG 2412.06014
cs.LG 2412.06016
cs.LG 2412.06018
cs.LG 2412.06033
cs.LG 2412.06045
cs.LG 2412.06064
cs.LG 2412.06071
cs.LG 2412.06075
cs.LG 2412.06078
cs.LG 2412.06090
cs.LG 2412.06101
cs.LG 2412.06106
cs.LG 2412.06126
cs.LG 2412.06141
cs.LG 2412.06146
cs.LG 2412.06148
cs.LG 2412.06158
cs.LG 2412.06166
cs.LG 2412.06203
cs.LG 2412.06231
cs.LG 2412.06233
cs.LG 2412.06235
cs.LG 2412.06237
cs.LG 2412.06249
cs.LG 2412.06313
cs.LG 2412.06329
cs.LG 2412.06332
cs.LG 2412.06333
cs.LG 2412.06342
cs.LG 2412.06436
cs.LG 2412.06445
cs.LG 2412.06464
cs.LG 2412.06470
cs.LG 2412.06474
cs.LG 2412.06478
cs.LG 2412.06487
cs.LG 2412.06507
cs.LG 2412.06534
cs.LG 2412.06549
cs.LG 2412.06559
cs.LG 2412.06602
cs.LG 2412.06617
cs.LG 2412.06629
cs.LG 2412.06639
cs.LG 2412.06646
cs.LG 2412.06649
cs.LG 2412.06693
cs.LG 2412.06717
cs.LG 2412.06740
cs.LG 2412.06771
cs.LG 2412.06774
cs.LG 2412.06777
cs.LG 2412.06781
cs.LG 2412.06784
cs.LG 2412.05312
cs.LG 2412.05329
cs.LG 2412.05334
cs.LG 2412.05390
cs.LG 2412.05393
cs.LG 2412.05418
cs.LG 2412.05421
cs.LG 2412.05430
cs.LG 2412.05438
cs.LG 2412.05447
cs.LG 2412.05466
cs.LG 2412.05467
cs.LG 2412.05469
cs.LG 2412.05475
cs.LG 2412.05496
cs.LG 2412.05498
cs.LG 2412.05529
cs.LG 2412.05533
cs.LG 2412.05534
cs.LG 2412.05545
cs.LG 2412.05569
cs.LG 2412.05576
cs.LG 2412.05583
cs.LG 2412.05590
cs.LG 2412.05641
cs.LG 2412.05657
cs.LG 2412.05669
cs.LG 2412.05675
cs.LG 2412.05735
cs.LG 2412.05766
cs.LG 2412.05767
cs.LG 2412.05770
cs.LG 2412.05776
cs.LG 2412.05777
cs.LG 2412.05783
cs.LG 2412.05813
cs.LG 2412.05823
cs.LG 2412.05825
cs.LG 2412.05842
cs.LG 2412.05846
cs.LG 2412.05882
cs.LG 2412.05883
cs.LG 2412.05896
cs.LG 2412.05901
cs.LG 2412.05937
cs.LG 2412.05938
cs.LG 2412.05994
cs.LG 2412.06015
cs.LG 2412.06061
cs.LG 2412.06063
cs.LG 2412.06079
cs.LG 2412.06087
cs.LG 2412.06105
cs.LG 2412.06112
cs.LG 2412.06139
cs.LG 2412.06147
cs.LG 2412.06154
cs.LG 2412.06160
cs.LG 2412.06165
cs.LG 2412.06168
cs.LG 2412.06173
cs.LG 2412.06176
cs.LG 2412.06195
cs.LG 2412.06205
cs.LG 2412.06207
cs.LG 2412.06210
cs.LG 2412.06212
cs.LG 2412.06264
cs.LG 2412.06265
cs.LG 2412.06289
cs.LG 2412.06303
cs.LG 2412.06354
cs.LG 2412.06368
cs.LG 2412.06370
cs.LG 2412.06380
cs.LG 2412.06381
cs.LG 2412.06382
cs.LG 2412.06389
cs.LG 2412.06390
cs.LG 2412.06410
cs.LG 2412.06414
cs.LG 2412.06432
cs.LG 2412.06438
cs.LG 2412.06451
cs.LG 2412.06472
cs.LG 2412.06486
cs.LG 2412.06494
cs.LG 2412.06531
cs.LG 2412.06538
cs.LG 2412.06540
cs.LG 2412.06545
cs.LG 2412.06555
cs.LG 2412.06566
cs.LG 2412.06568
cs.LG 2412.06597
cs.LG 2412.06604
cs.LG 2412.06606
cs.LG 2412.06619
cs.LG 2412.06655
cs.LG 2412.06676
cs.LG 2412.06684
cs.LG 2412.06685
cs.LG 2412.06686
cs.LG 2412.06689
cs.LG 2412.06711
cs.LG 2412.06712
cs.LG 2412.06745
cs.LG 2412.06748
cs.LG 2412.06791
cs.LG 2412.06794
cs.LG 2412.06805
cs.LG 2412.06818
cs.LG 2412.06841
cs.LG 2412.06847
cs.LG 2412.06870
cs.LG 2412.06878
cs.LG 2412.06926
cs.LG 2412.06936
cs.LG 2412.06946
cs.LG 2412.06947
cs.LG 2412.06949
cs.LG 2412.06951
cs.LG 2412.06959
cs.LG 2412.06981
cs.LG 2412.06990
cs.LG 2412.06993
cs.LG 2412.07030
cs.LG 2412.07041
cs.LG 2412.07051
cs.LG 2412.07057
cs.LG 2412.07066
cs.LG 2412.07079
cs.LG 2412.07081
cs.LG 2412.07082
cs.LG 2412.07091
cs.LG 2412.07120
cs.LG 2412.07148
cs.LG 2412.07156
cs.LG 2412.07175
cs.LG 2412.07184
cs.LG 2412.07192
cs.LG 2412.07195
cs.LG 2412.07205
cs.LG 2412.07219
cs.LG 2412.07223
cs.LG 2412.07228
cs.LG 2412.07231
cs.LG 2412.07241
cs.LG 2412.07242
cs.LG 2412.07249
cs.LG 2412.07261
cs.LG 2412.07265
cs.LG 2412.07282
cs.LG 2412.07331
cs.LG 2412.07378
cs.LG 2412.07382
cs.LG 2412.07384
cs.LG 2412.07391
cs.LG 2412.07411
cs.LG 2412.07428
cs.LG 2412.07435
cs.LG 2412.07446
cs.LG 2412.07469
cs.LG 2412.07477
cs.LG 2412.07488
cs.LG 2412.07514
cs.LG 2412.07538
cs.LG 2412.07587
cs.LG 2412.07639
cs.LG 2412.07655
cs.LG 2412.07658
cs.LG 2412.07675
cs.LG 2412.07686
cs.LG 2412.07696
cs.LG 2412.07698
cs.LG 2412.07730
cs.LG 2412.07737
cs.LG 2412.07746
cs.LG 2412.07754
cs.LG 2412.07763
cs.LG 2412.07770
cs.LG 2412.07773
cs.LG 2412.07776
cs.LG 2412.06815
cs.LG 2412.06819
cs.LG 2412.06825
cs.LG 2412.06827
cs.LG 2412.06829
cs.LG 2412.06833
cs.LG 2412.06835
cs.LG 2412.06836
cs.LG 2412.06837
cs.LG 2412.06838
cs.LG 2412.06839
cs.LG 2412.06840
cs.LG 2412.06842
cs.LG 2412.06846
cs.LG 2412.06849
cs.LG 2412.06852
cs.LG 2412.06853
cs.LG 2412.06857
cs.LG 2412.06858
cs.LG 2412.06859
cs.LG 2412.06860
cs.LG 2412.06861
cs.LG 2412.06862
cs.LG 2412.06865
cs.LG 2412.06866
cs.LG 2412.06867
cs.LG 2412.06869
cs.LG 2412.06871
cs.LG 2412.06875
cs.LG 2412.06924
cs.LG 2412.06940
cs.LG 2412.06958
cs.LG 2412.06966
cs.LG 2412.07000
cs.LG 2412.07003
cs.LG 2412.07005
cs.LG 2412.07010
cs.LG 2412.07021
cs.LG 2412.07026
cs.LG 2412.07027
cs.LG 2412.07039
cs.LG 2412.07050
cs.LG 2412.07062
cs.LG 2412.07067
cs.LG 2412.07069
cs.LG 2412.07093
cs.LG 2412.07106
cs.LG 2412.07116
cs.LG 2412.07121
cs.LG 2412.07127
cs.LG 2412.07138
cs.LG 2412.07165
cs.LG 2412.07167
cs.LG 2412.07169
cs.LG 2412.07174
cs.LG 2412.07177
cs.LG 2412.07186
cs.LG 2412.07187
cs.LG 2412.07188
cs.LG 2412.07193
cs.LG 2412.07197
cs.LG 2412.07207
cs.LG 2412.07217
cs.LG 2412.07224
cs.LG 2412.07229
cs.LG 2412.07236
cs.LG 2412.07243
cs.LG 2412.07244
cs.LG 2412.07268
cs.LG 2412.07273
cs.LG 2412.07312
cs.LG 2412.07322
cs.LG 2412.07324
cs.LG 2412.07326
cs.LG 2412.07405
cs.LG 2412.07407
cs.LG 2412.07415
cs.LG 2412.07437
cs.LG 2412.07441
cs.LG 2412.07454
cs.LG 2412.07468
cs.LG 2412.07486
cs.LG 2412.07507
cs.LG 2412.07520
cs.LG 2412.07539
cs.LG 2412.07544
cs.LG 2412.07559
cs.LG 2412.07585
cs.LG 2412.07586
cs.LG 2412.07605
cs.LG 2412.07637
cs.LG 2412.07638
cs.LG 2412.07684
cs.LG 2412.07687
cs.LG 2412.07747
cs.LG 2412.07752
cs.LG 2412.07762
cs.LG 2412.07775
cs.LG 2412.06943
cs.LG 2412.07778
cs.LG 2412.07781
cs.LG 2412.07782
cs.LG 2412.07783
cs.LG 2412.07787
cs.LG 2412.07789
cs.LG 2412.07806
cs.LG 2412.07812
cs.LG 2412.07813
cs.LG 2412.07815
cs.LG 2412.07821
cs.LG 2412.07822
cs.LG 2412.07823
cs.LG 2412.07867
cs.LG 2412.07877
cs.LG 2412.07881
cs.LG 2412.07888
cs.LG 2412.07894
cs.LG 2412.07902
cs.LG 2412.07915
cs.LG 2412.07956
cs.LG 2412.07959
cs.LG 2412.07961
cs.LG 2412.07975
cs.LG 2412.07990
cs.LG 2412.07991
cs.LG 2412.07992
cs.LG 2412.07996
cs.LG 2412.08009
cs.LG 2412.08019
cs.LG 2412.08020
cs.LG 2412.08025
cs.LG 2412.08048
cs.LG 2412.08050
cs.LG 2412.08060
cs.LG 2412.08072
cs.LG 2412.08073
cs.LG 2412.08074
cs.LG 2412.08081
cs.LG 2412.08090
cs.LG 2412.08098
cs.LG 2412.08100
cs.LG 2412.08101
cs.LG 2412.08110
cs.LG 2412.08111
cs.LG 2412.08112
cs.LG 2412.08116
cs.LG 2412.08117
cs.LG 2412.08120
cs.LG 2412.08125
cs.LG 2412.08127
cs.LG 2412.08131
cs.LG 2412.08135
cs.LG 2412.08139
cs.LG 2412.08158
cs.LG 2412.08161
cs.LG 2412.08175
cs.LG 2412.08187
cs.LG 2412.08194
cs.LG 2412.08201
cs.LG 2412.08221
cs.LG 2412.08222
cs.LG 2412.08225
cs.LG 2412.08228
cs.LG 2412.08240
cs.LG 2412.08261
cs.LG 2412.08285
cs.LG 2412.08296
cs.LG 2412.08301
cs.LG 2412.08312
cs.LG 2412.08313
cs.LG 2412.08341
cs.LG 2412.08350
cs.LG 2412.08356
cs.LG 2412.08385
cs.LG 2412.08398
cs.LG 2412.08426
cs.LG 2412.08453
cs.LG 2412.08457
cs.LG 2412.08480
cs.LG 2412.08514
cs.LG 2412.08534
cs.LG 2412.08542
cs.LG 2412.08589
cs.LG 2412.08595
cs.LG 2412.08604
cs.LG 2412.08629
cs.LG 2412.08635
cs.LG 2412.08637
cs.LG 2412.08642
cs.LG 2412.08643
cs.LG 2412.07808
cs.LG 2412.07809
cs.LG 2412.07811
cs.LG 2412.07819
cs.LG 2412.07820
cs.LG 2412.07872
cs.LG 2412.07878
cs.LG 2412.07883
cs.LG 2412.07885
cs.LG 2412.07890
cs.LG 2412.07895
cs.LG 2412.07904
cs.LG 2412.07909
cs.LG 2412.07935
cs.LG 2412.07942
cs.LG 2412.07947
cs.LG 2412.07971
cs.LG 2412.07972
cs.LG 2412.07979
cs.LG 2412.07997
cs.LG 2412.08010
cs.LG 2412.08012
cs.LG 2412.08016
cs.LG 2412.08021
cs.LG 2412.08031
cs.LG 2412.08038
cs.LG 2412.08052
cs.LG 2412.08054
cs.LG 2412.08066
cs.LG 2412.08079
cs.LG 2412.08085
cs.LG 2412.08099
cs.LG 2412.08114
cs.LG 2412.08128
cs.LG 2412.08138
cs.LG 2412.08144
cs.LG 2412.08147
cs.LG 2412.08160
cs.LG 2412.08167
cs.LG 2412.08174
cs.LG 2412.08193
cs.LG 2412.08198
cs.LG 2412.08282
cs.LG 2412.08286
cs.LG 2412.08287
cs.LG 2412.08289
cs.LG 2412.08292
cs.LG 2412.08293
cs.LG 2412.08310
cs.LG 2412.08366
cs.LG 2412.08394
cs.LG 2412.08419
cs.LG 2412.08424
cs.LG 2412.08435
cs.LG 2412.08442
cs.LG 2412.08460
cs.LG 2412.08463
cs.LG 2412.08501
cs.LG 2412.08513
cs.LG 2412.08515
cs.LG 2412.08526
cs.LG 2412.08541
cs.LG 2412.08544
cs.LG 2412.08549
cs.LG 2412.08555
cs.LG 2412.08559
cs.LG 2412.08565
cs.LG 2412.08585
cs.LG 2412.08590
cs.LG 2412.08592
cs.LG 2412.08633
cs.LG 2412.05781
cs.LG 2412.08649
cs.LG 2412.08650
cs.LG 2412.08651
cs.LG 2412.08661
cs.LG 2412.08670
cs.LG 2412.08671
cs.LG 2412.08672
cs.LG 2412.08680
cs.LG 2412.08686
cs.LG 2412.08725
cs.LG 2412.08746
cs.LG 2412.08751
cs.LG 2412.08755
cs.LG 2412.08763
cs.LG 2412.08771
cs.LG 2412.08780
cs.LG 2412.08781
cs.LG 2412.08843
cs.LG 2412.08847
cs.LG 2412.08850
cs.LG 2412.08851
cs.LG 2412.08869
cs.LG 2412.08878
cs.LG 2412.08897
cs.LG 2412.08944
cs.LG 2412.08961
cs.LG 2412.08969
cs.LG 2412.08976
cs.LG 2412.08984
cs.LG 2412.09002
cs.LG 2412.09006
cs.LG 2412.09049
cs.LG 2412.09073
cs.LG 2412.09094
cs.LG 2412.09104
cs.LG 2412.09115
cs.LG 2412.09126
cs.LG 2412.09149
cs.LG 2412.09150
cs.LG 2412.09164
cs.LG 2412.09183
cs.LG 2412.09195
cs.LG 2412.09265
cs.LG 2412.09286
cs.LG 2412.09342
cs.LG 2412.09369
cs.LG 2412.09386
cs.LG 2412.09404
cs.LG 2412.09405
cs.LG 2412.09417
cs.LG 2412.09423
cs.LG 2412.09453
cs.LG 2412.09486
cs.LG 2412.09499
cs.LG 2412.09500
cs.LG 2412.09520
cs.LG 2412.09545
cs.LG 2412.09556
cs.LG 2412.09557
cs.LG 2412.09564
cs.LG 2412.09569
cs.LG 2412.09594
cs.LG 2412.09600
cs.LG 2412.09602
cs.LG 2412.09607
cs.LG 2412.09627
cs.LG 2412.08681
cs.LG 2412.08731
cs.LG 2412.08747
cs.LG 2412.08761
cs.LG 2412.08776
cs.LG 2412.08794
cs.LG 2412.08812
cs.LG 2412.08819
cs.LG 2412.08824
cs.LG 2412.08835
cs.LG 2412.08868
cs.LG 2412.08873
cs.LG 2412.08880
cs.LG 2412.08890
cs.LG 2412.08893
cs.LG 2412.08894
cs.LG 2412.08901
cs.LG 2412.08906
cs.LG 2412.08911
cs.LG 2412.08937
cs.LG 2412.08940
cs.LG 2412.08941
cs.LG 2412.08946
cs.LG 2412.08951
cs.LG 2412.08979
cs.LG 2412.09009
cs.LG 2412.09010
cs.LG 2412.09028
cs.LG 2412.09030
cs.LG 2412.09035
cs.LG 2412.09037
cs.LG 2412.09053
cs.LG 2412.09059
cs.LG 2412.09065
cs.LG 2412.09079
cs.LG 2412.09090
cs.LG 2412.09116
cs.LG 2412.09118
cs.LG 2412.09119
cs.LG 2412.09121
cs.LG 2412.09142
cs.LG 2412.09232
cs.LG 2412.09250
cs.LG 2412.09254
cs.LG 2412.09261
cs.LG 2412.09282
cs.LG 2412.09289
cs.LG 2412.09292
cs.LG 2412.09308
cs.LG 2412.09328
cs.LG 2412.09346
cs.LG 2412.09376
cs.LG 2412.09379
cs.LG 2412.09380
cs.LG 2412.09399
cs.LG 2412.09420
cs.LG 2412.09441
cs.LG 2412.09444
cs.LG 2412.09468
cs.LG 2412.09469
cs.LG 2412.09472
cs.LG 2412.09477
cs.LG 2412.09483
cs.LG 2412.09538
cs.LG 2412.09544
cs.LG 2412.09563
cs.LG 2412.09565
cs.LG 2412.09579
cs.LG 2412.09582
cs.SD 2412.04724
cs.SD 2412.05015
cs.SD 2412.05167
cs.SD 2412.04534
cs.SD 2412.04610
cs.SD 2412.04746
cs.SD 2412.04917
cs.SD 2412.05123
cs.SD 2412.05296
cs.SD 2412.05589
cs.SD 2412.05694
cs.SD 2412.05831
cs.SD 2412.06209
cs.SD 2412.06259
cs.SD 2412.06602
cs.SD 2412.05436
cs.SD 2412.05558
cs.SD 2412.05951
cs.SD 2412.06001
cs.SD 2412.06208
cs.SD 2412.06296
cs.SD 2412.06617
cs.SD 2412.06660
cs.SD 2412.06703
cs.SD 2412.06967
cs.SD 2412.07345
cs.SD 2412.07406
cs.SD 2412.06965
cs.SD 2412.07316
cs.SD 2412.08161
cs.SD 2412.08306
cs.SD 2412.08343
cs.SD 2412.08549
cs.SD 2412.07948
cs.SD 2412.08112
cs.SD 2412.08117
cs.SD 2412.08237
cs.SD 2412.08247
cs.SD 2412.08312
cs.SD 2412.08356
cs.SD 2412.08504
cs.SD 2412.08550
cs.SD 2412.08577
cs.SD 2412.08608
cs.SD 2406.01529
cs.SD 2412.08651
cs.SD 2412.09428
cs.SD 2412.08683
cs.SD 2412.08856
cs.SD 2412.08944
cs.SD 2412.08988
cs.SD 2412.09032
cs.SD 2412.09168
cs.SD 2412.09195
cs.SD 2412.09317
cs.SD 2412.09467
stat.CO 2412.04956
stat.CO 2412.05125
stat.CO 2412.05135
stat.CO 2412.05620
stat.CO 2412.05673
stat.CO 2412.05759
stat.CO 2412.06004
stat.CO 2412.06374
stat.CO 2412.06305
stat.CO 2412.06629
stat.CO 2412.06837
stat.CO 2412.07735
stat.CO 2412.07194
stat.CO 2412.08051
stat.CO 2412.07929
stat.CO 2412.08895
stat.CO 2412.08788
stat.CO 2412.08876
cs.SY 2412.04502
cs.SY 2412.04504
cs.SY 2412.04534
cs.SY 2412.04659
cs.SY 2412.04829
cs.SY 2412.05102
cs.SY 2412.04489
cs.SY 2412.04620
cs.SY 2412.04658
cs.SY 2412.04730
cs.SY 2412.05136
cs.SY 2407.17226
cs.SY 2412.05290
cs.SY 2412.05385
cs.SY 2412.05675
cs.SY 2412.05777
cs.SY 2412.05940
cs.SY 2412.06035
cs.SY 2412.06112
cs.SY 2412.06139
cs.SY 2412.06177
cs.SY 2412.06197
cs.SY 2412.06279
cs.SY 2412.06282
cs.SY 2412.06482
cs.SY 2412.06636
cs.SY 2412.06662
cs.SY 2412.06716
cs.SY 2412.06725
cs.SY 2412.06735
cs.SY 2412.05651
cs.SY 2412.05729
cs.SY 2412.05748
cs.SY 2412.05769
cs.SY 2412.05820
cs.SY 2412.05956
cs.SY 2412.05957
cs.SY 2412.06186
cs.SY 2412.06220
cs.SY 2412.06327
cs.SY 2412.06342
cs.SY 2412.06401
cs.SY 2412.06421
cs.SY 2412.06601
cs.SY 2412.06732
cs.SY 2412.06816
cs.SY 2412.07105
cs.SY 2412.06956
cs.SY 2412.07212
cs.SY 2412.07232
cs.SY 2412.07290
cs.SY 2412.07349
cs.SY 2412.07464
cs.SY 2412.07471
cs.SY 2412.07545
cs.SY 2412.07688
cs.SY 2412.07787
cs.SY 2412.07817
cs.SY 2412.08133
cs.SY 2412.08293
cs.SY 2412.08370
cs.SY 2412.08428
cs.SY 2412.08472
cs.SY 2412.08568
cs.SY 2412.07891
cs.SY 2412.07917
cs.SY 2412.07982
cs.SY 2412.08005
cs.SY 2412.08065
cs.SY 2412.08104
cs.SY 2412.08122
cs.SY 2412.08164
cs.SY 2412.08219
cs.SY 2412.08278
cs.SY 2412.08321
cs.SY 2412.08328
cs.SY 2412.08332
cs.SY 2412.08505
cs.SY 2412.08761
cs.SY 2412.08830
cs.SY 2412.08893
cs.SY 2412.08909
cs.SY 2412.08983
cs.SY 2412.09028
cs.SY 2412.09041
cs.SY 2412.09058
cs.SY 2412.09114
cs.SY 2412.09342
cs.SY 2412.09387
cs.SY 2412.09556
cs.SY 2412.08783
cs.SY 2412.08801
cs.SY 2412.08898
cs.SY 2412.09019
cs.SY 2412.09052
cs.SY 2412.09109
cs.SY 2412.09181
cs.SY 2412.09238
cs.SY 2412.09279
cs.SY 2412.09418
cs.SY 2412.09499
cs.SY 2412.09502
eess.SP 2412.04538
eess.SP 2412.04720
eess.SP 2412.04783
eess.SP 2412.04861
eess.SP 2412.04866
eess.SP 2412.04877
eess.SP 2412.04917
eess.SP 2412.05006
eess.SP 2412.05058
eess.SP 2412.05074
eess.SP 2412.05249
eess.SP 2412.04711
eess.SP 2412.04734
eess.SP 2412.04751
eess.SP 2412.04822
eess.SP 2412.04841
eess.SP 2412.05103
eess.SP 2412.05174
eess.SP 2412.05201
eess.SP 2412.05409
eess.SP 2412.05475
eess.SP 2412.05647
eess.SP 2412.05681
eess.SP 2412.06178
eess.SP 2412.06282
eess.SP 2412.06336
eess.SP 2412.06353
eess.SP 2412.06380
eess.SP 2412.06728
eess.SP 2412.05306
eess.SP 2412.05403
eess.SP 2412.05405
eess.SP 2412.05427
eess.SP 2412.05554
eess.SP 2412.05556
eess.SP 2412.05582
eess.SP 2412.05623
eess.SP 2412.05626
eess.SP 2412.05629
eess.SP 2412.05635
eess.SP 2412.05640
eess.SP 2412.05743
eess.SP 2412.05803
eess.SP 2412.05841
eess.SP 2412.05895
eess.SP 2412.05925
eess.SP 2412.06038
eess.SP 2412.06049
eess.SP 2412.06279
eess.SP 2412.06330
eess.SP 2412.06373
eess.SP 2412.06376
eess.SP 2412.06658
eess.SP 2412.06667
eess.SP 2412.06683
eess.SP 2412.06713
eess.SP 2412.06716
eess.SP 2412.06725
eess.SP 2412.06861
eess.SP 2412.07264
eess.SP 2412.07489
eess.SP 2412.07519
eess.SP 2412.07542
eess.SP 2412.06817
eess.SP 2412.07040
eess.SP 2412.07059
eess.SP 2412.07074
eess.SP 2412.07173
eess.SP 2412.07180
eess.SP 2412.07239
eess.SP 2412.07240
eess.SP 2412.07245
eess.SP 2412.07248
eess.SP 2412.07269
eess.SP 2412.07336
eess.SP 2412.07356
eess.SP 2412.07366
eess.SP 2412.07370
eess.SP 2412.07428
eess.SP 2412.07497
eess.SP 2412.07525
eess.SP 2412.07555
eess.SP 2412.07582
eess.SP 2412.07588
eess.SP 2412.07681
eess.SP 2412.07732
eess.SP 2412.07737
eess.SP 2412.07878
eess.SP 2412.07911
eess.SP 2412.08070
eess.SP 2412.08122
eess.SP 2412.07881
eess.SP 2412.07907
eess.SP 2412.08003
eess.SP 2412.08095
eess.SP 2412.08251
eess.SP 2412.08320
eess.SP 2412.08612
eess.SP 2412.08650
eess.SP 2412.09117
eess.SP 2412.09405
eess.SP 2412.08679
eess.SP 2412.08741
eess.SP 2412.08752
eess.SP 2412.08885
eess.SP 2412.08895
eess.SP 2412.08908
eess.SP 2412.09020
eess.SP 2412.09041
eess.SP 2412.09085
eess.SP 2412.09581
stat.TH 2412.04918
stat.TH 2412.04981
stat.TH 2412.05109
stat.TH 2412.04693
stat.TH 2412.05108
stat.TH 2412.05604
stat.TH 2412.05673
stat.TH 2412.05736
stat.TH 2412.06628
stat.TH 2412.05608
stat.TH 2412.05620
stat.TH 2412.06004
stat.TH 2412.06126
stat.TH 2412.06343
stat.TH 2412.06528
stat.TH 2412.06582
stat.TH 2411.04394
stat.TH 2412.06816
stat.TH 2412.06848
stat.TH 2412.07184
stat.TH 2412.07643
stat.TH 2412.07987
stat.TH 2412.08051
stat.TH 2412.08277
stat.TH 2412.08400
stat.TH 2412.08458
stat.TH 2412.07874
stat.TH 2412.07999
stat.TH 2412.08064
stat.TH 2412.08224
stat.TH 2412.08386
stat.TH 2412.08440
stat.TH 2412.08456
stat.TH 2412.08475
stat.TH 2412.08827
stat.TH 2412.08843
stat.TH 2412.08961
stat.TH 2412.09544
stat.TH 2412.08820
stat.TH 2412.09080
stat.TH 2412.09129
stat.TH 2412.09151
stat.TH 2412.09364
stat.TH 2412.09498
math.OC 2412.04538
math.OC 2412.04620
math.OC 2412.04848
math.OC 2412.05017
math.OC 2412.05217
math.OC 2412.04499
math.OC 2412.04500
math.OC 2412.04502
math.OC 2412.04625
math.OC 2412.04630
math.OC 2412.04797
math.OC 2412.05125
math.OC 2412.05143
math.OC 2412.05146
math.OC 2412.05189
math.OC 2412.05204
math.OC 2412.05234
math.OC 2407.17226
math.OC 2412.05336
math.OC 2412.05525
math.OC 2412.05545
math.OC 2412.05595
math.OC 2412.05906
math.OC 2412.06177
math.OC 2412.06327
math.OC 2412.06388
math.OC 2412.05294
math.OC 2412.05324
math.OC 2412.05349
math.OC 2412.05497
math.OC 2412.05604
math.OC 2412.05614
math.OC 2412.05665
math.OC 2412.05689
math.OC 2412.05697
math.OC 2412.05790
math.OC 2412.05918
math.OC 2412.05928
math.OC 2412.05931
math.OC 2412.05952
math.OC 2412.05953
math.OC 2412.06070
math.OC 2412.06074
math.OC 2412.06253
math.OC 2412.06319
math.OC 2412.06385
math.OC 2412.06436
math.OC 2412.06479
math.OC 2412.06481
math.OC 2412.06482
math.OC 2412.06502
math.OC 2412.06533
math.OC 2412.06636
math.OC 2412.06662
math.OC 2412.06691
math.OC 2412.06730
math.OC 2412.06731
math.OC 2412.06735
math.OC 2412.06816
math.OC 2412.06990
math.OC 2412.07100
math.OC 2412.07357
math.OC 2412.07361
math.OC 2412.07637
math.OC 2412.07075
math.OC 2412.07159
math.OC 2412.07301
math.OC 2412.07306
math.OC 2412.07317
math.OC 2412.07335
math.OC 2412.07401
math.OC 2412.07438
math.OC 2412.07460
math.OC 2412.07634
math.OC 2412.07685
math.OC 2412.07731
math.OC 2412.07859
math.OC 2412.08060
math.OC 2412.08104
math.OC 2412.08287
math.OC 2412.08353
math.OC 2412.08483
math.OC 2412.08484
math.OC 2412.08613
math.OC 2412.07855
math.OC 2412.07960
math.OC 2412.08023
math.OC 2412.08025
math.OC 2412.08046
math.OC 2412.08124
math.OC 2412.08206
math.OC 2412.08264
math.OC 2412.08380
math.OC 2412.08420
math.OC 2412.08454
math.OC 2412.08472
math.OC 2412.08561
math.OC 2412.09052
math.OC 2412.09087
math.OC 2412.09090
math.OC 2412.09109
math.OC 2412.09119
math.OC 2412.09157
math.OC 2412.09235
math.OC 2412.09285
math.OC 2412.09316
math.OC 2412.09498
math.OC 2412.09544
math.OC 2412.09594
math.OC 2412.08772
math.OC 2412.08858
math.OC 2412.09004
math.OC 2412.09077
math.OC 2412.09175
math.OC 2412.09180
math.OC 2412.09183
math.OC 2412.09293
math.OC 2412.09438
math.OC 2412.09556
eess.IV 2408.13358
eess.IV 2412.04639
eess.IV 2412.04664
eess.IV 2412.04679
eess.IV 2412.04880
eess.IV 2412.05043
eess.IV 2412.04508
eess.IV 2412.04525
eess.IV 2412.04591
eess.IV 2412.04648
eess.IV 2412.04688
eess.IV 2412.04727
eess.IV 2412.04766
eess.IV 2412.04802
eess.IV 2412.04812
eess.IV 2412.04879
eess.IV 2412.04896
eess.IV 2412.04912
eess.IV 2412.04935
eess.IV 2412.05035
eess.IV 2412.05065
eess.IV 2412.05084
eess.IV 2412.05216
eess.IV 2412.05290
eess.IV 2412.05325
eess.IV 2412.05341
eess.IV 2412.05347
eess.IV 2412.05488
eess.IV 2412.05560
eess.IV 2412.05583
eess.IV 2412.05833
eess.IV 2412.05901
eess.IV 2412.06003
eess.IV 2412.06243
eess.IV 2412.06262
eess.IV 2412.06271
eess.IV 2412.06451
eess.IV 2412.05322
eess.IV 2412.05330
eess.IV 2412.05343
eess.IV 2412.05345
eess.IV 2412.05348
eess.IV 2412.05490
eess.IV 2412.05517
eess.IV 2412.05536
eess.IV 2412.05580
eess.IV 2412.05666
eess.IV 2412.05758
eess.IV 2412.05853
eess.IV 2412.05968
eess.IV 2412.06011
eess.IV 2412.06012
eess.IV 2412.06045
eess.IV 2412.06135
eess.IV 2412.06314
eess.IV 2412.06445
eess.IV 2412.06487
eess.IV 2412.06507
eess.IV 2412.06530
eess.IV 2412.06599
eess.IV 2412.06624
eess.IV 2412.06666
eess.IV 2412.06690
eess.IV 2412.07195
eess.IV 2412.07222
eess.IV 2412.07225
eess.IV 2412.07262
eess.IV 2412.07264
eess.IV 2412.07302
eess.IV 2412.07693
eess.IV 2412.07751
eess.IV 2412.06980
eess.IV 2412.07079
eess.IV 2412.07082
eess.IV 2412.07156
eess.IV 2412.07256
eess.IV 2412.07384
eess.IV 2412.07387
eess.IV 2412.07526
eess.IV 2412.07590
eess.IV 2412.07718
eess.IV 2412.07736
eess.IV 2412.08029
eess.IV 2412.08073
eess.IV 2412.08200
eess.IV 2412.08210
eess.IV 2412.08582
eess.IV 2412.07804
eess.IV 2412.07806
eess.IV 2412.07818
eess.IV 2412.07821
eess.IV 2412.07888
eess.IV 2412.08050
eess.IV 2412.08070
eess.IV 2412.08211
eess.IV 2412.08240
eess.IV 2412.08241
eess.IV 2412.08262
eess.IV 2412.08345
eess.IV 2412.08350
eess.IV 2412.08670
eess.IV 2412.08671
eess.IV 2412.08684
eess.IV 2412.08913
eess.IV 2412.09333
eess.IV 2412.09403
eess.IV 2412.08800
eess.IV 2412.09231
eess.IV 2412.09330
eess.IV 2412.09331
eess.IV 2412.09386
eess.IV 2412.09405
eess.IV 2412.09427
eess.IV 2412.09445
nlin.AO 2412.03421
nlin.AO 2412.03609
nlin.AO 2412.05309
nlin.AO 2412.06067
nlin.AO 2412.06704
nlin.AO 2412.05504
nlin.AO 2412.05450
nlin.AO 2412.09007
nlin.AO 2412.08966
nlin.SI 2412.05165
nlin.SI 2412.05224
nlin.SI 2412.05014
nlin.SI 2412.05915
nlin.SI 2412.06057
nlin.SI 2412.06670
nlin.SI 2412.02472
nlin.SI 2412.07310
nlin.SI 2412.08202
nlin.SI 2412.09100
physics.comp-ph 2412.04568
physics.comp-ph 2412.04578
physics.comp-ph 2412.04595
physics.comp-ph 2412.04631
physics.comp-ph 2412.04647
physics.comp-ph 2412.04677
physics.comp-ph 2412.04691
physics.comp-ph 2412.04869
physics.comp-ph 2412.05173
physics.comp-ph 2412.04480
physics.comp-ph 2412.04676
physics.comp-ph 2412.04874
physics.comp-ph 2412.05031
physics.comp-ph 2412.05329
physics.comp-ph 2412.05472
physics.comp-ph 2412.05550
physics.comp-ph 2412.05598
physics.comp-ph 2412.05616
physics.comp-ph 2412.05643
physics.comp-ph 2412.05719
physics.comp-ph 2412.05773
physics.comp-ph 2412.05912
physics.comp-ph 2412.06006
physics.comp-ph 2412.06110
physics.comp-ph 2412.06152
physics.comp-ph 2412.06158
physics.comp-ph 2412.06270
physics.comp-ph 2412.06449
physics.comp-ph 2412.06577
physics.comp-ph 2412.06631
physics.comp-ph 2412.06677
physics.comp-ph 2412.06686
physics.comp-ph 2412.05443
physics.comp-ph 2412.05714
physics.comp-ph 2412.06077
physics.comp-ph 2412.06300
physics.comp-ph 2412.06546
physics.comp-ph 2412.06571
physics.comp-ph 2412.07010
physics.comp-ph 2412.07048
physics.comp-ph 2412.07073
physics.comp-ph 2412.07109
physics.comp-ph 2412.07389
physics.comp-ph 2412.07426
physics.comp-ph 2412.07126
physics.comp-ph 2412.07266
physics.comp-ph 2412.07596
physics.comp-ph 2412.05131
physics.comp-ph 2412.07836
physics.comp-ph 2412.08265
physics.comp-ph 2412.08381
physics.comp-ph 2412.08481
physics.comp-ph 2412.08494
physics.comp-ph 2412.08543
physics.comp-ph 2412.07860
physics.comp-ph 2412.08229
physics.comp-ph 2412.08660
physics.comp-ph 2412.08899
physics.comp-ph 2412.09009
physics.comp-ph 2412.09051
physics.comp-ph 2412.09285
physics.comp-ph 2412.09398
physics.comp-ph 2412.09484
physics.comp-ph 2412.09504
physics.comp-ph 2412.08650
physics.comp-ph 2412.09139
physics.comp-ph 2412.09233
math.DS 2412.04480
math.DS 2412.04499
math.DS 2412.04615
math.DS 2412.04672
math.DS 2412.04750
math.DS 2412.04953
math.DS 2412.05077
math.DS 2412.04517
math.DS 2412.05283
math.DS 2412.05509
math.DS 2412.05521
math.DS 2412.05902
math.DS 2412.06291
math.DS 2412.06765
math.DS 2412.05326
math.DS 2412.05492
math.DS 2412.05567
math.DS 2412.05603
math.DS 2412.05639
math.DS 2412.05659
math.DS 2412.05805
math.DS 2412.06008
math.DS 2412.06037
math.DS 2412.06423
math.DS 2412.06443
math.DS 2412.06579
math.DS 2410.01474
math.DS 2412.06893
math.DS 2412.06986
math.DS 2412.07047
math.DS 2412.07476
math.DS 2412.06911
math.DS 2412.07055
math.DS 2412.07100
math.DS 2412.07307
math.DS 2412.07484
math.DS 2412.07644
math.DS 2412.07700
math.DS 2412.08399
math.DS 2412.07928
math.DS 2412.08170
math.DS 2412.08426
math.DS 2412.08779
math.DS 2412.08784
math.DS 2412.08791
math.DS 2412.09079
math.DS 2412.09180
math.DS 2412.08815
math.DS 2412.08884
math.DS 2412.09140
math.DS 2412.09197
math.DS 2412.09205
math.DS 2412.09218
math.DS 2412.09437
astro-ph.IM 2412.04567
astro-ph.IM 2412.04568
astro-ph.IM 2412.04631
astro-ph.IM 2412.04638
astro-ph.IM 2412.04675
astro-ph.IM 2412.04951
astro-ph.IM 2412.05264
astro-ph.IM 2412.04514
astro-ph.IM 2412.04909
astro-ph.IM 2412.05047
astro-ph.IM 2412.05048
astro-ph.IM 2412.05452
astro-ph.IM 2412.05542
astro-ph.IM 2412.05601
astro-ph.IM 2412.05606
astro-ph.IM 2412.06124
astro-ph.IM 2412.06130
astro-ph.IM 2412.06386
astro-ph.IM 2412.06404
astro-ph.IM 2412.06433
astro-ph.IM 2412.06658
astro-ph.IM 2412.06750
astro-ph.IM 2412.05473
astro-ph.IM 2412.05786
astro-ph.IM 2412.05806
astro-ph.IM 2412.06412
astro-ph.IM 2412.06669
astro-ph.IM 2412.06675
astro-ph.IM 2412.06920
astro-ph.IM 2412.06946
astro-ph.IM 2412.07020
astro-ph.IM 2412.07034
astro-ph.IM 2412.07068
astro-ph.IM 2412.07103
astro-ph.IM 2412.07364
astro-ph.IM 2412.07532
astro-ph.IM 2412.06830
astro-ph.IM 2412.06897
astro-ph.IM 2412.06905
astro-ph.IM 2412.06982
astro-ph.IM 2412.07023
astro-ph.IM 2412.07060
astro-ph.IM 2412.07416
astro-ph.IM 2412.06132
astro-ph.IM 2412.07777
astro-ph.IM 2412.07836
astro-ph.IM 2412.07868
astro-ph.IM 2412.08055
astro-ph.IM 2412.08230
astro-ph.IM 2412.08254
astro-ph.IM 2412.08589
astro-ph.IM 2412.07858
astro-ph.IM 2412.07973
astro-ph.IM 2412.08244
astro-ph.IM 2412.08265
astro-ph.IM 2412.08490
astro-ph.IM 2412.08601
astro-ph.IM 2412.08672
astro-ph.IM 2412.08811
astro-ph.IM 2412.08836
astro-ph.IM 2412.08889
astro-ph.IM 2412.09002
astro-ph.IM 2412.09091
astro-ph.IM 2412.09527
astro-ph.IM 2412.08715
astro-ph.IM 2412.08716
astro-ph.IM 2412.08809
astro-ph.IM 2412.08883
astro-ph.IM 2412.09152
astro-ph.IM 2412.09528
physics.ins-det 2412.03586
physics.ins-det 2412.03947
physics.ins-det 2412.04186
physics.ins-det 2412.03845
physics.ins-det 2412.04909
physics.ins-det 2412.05041
physics.ins-det 2412.04501
physics.ins-det 2412.04507
physics.ins-det 2412.04686
physics.ins-det 2412.05106
physics.ins-det 2412.05160
physics.ins-det 2412.05264
physics.ins-det 2412.05361
physics.ins-det 2412.05379
physics.ins-det 2412.05542
physics.ins-det 2412.06260
physics.ins-det 2412.06460
physics.ins-det 2412.06687
physics.ins-det 2412.07020
physics.ins-det 2412.07279
physics.ins-det 2412.07364
physics.ins-det 2412.06973
physics.ins-det 2412.07035
physics.ins-det 2412.07379
physics.ins-det 2412.07606
physics.ins-det 2412.09374
physics.ins-det 2412.08662
physics.ins-det 2412.08750
physics.ins-det 2412.08811
physics.ins-det 2412.08836
physics.ins-det 2412.09017
nlin.CD 2412.04725
nlin.CD 2412.04963
nlin.CD 2412.05040
nlin.CD 2412.05044
nlin.CD 2412.05541
nlin.CD 2412.06911
nlin.CD 2412.07064
nlin.CD 2412.07208
nlin.CD 2412.07547
nlin.CD 2412.07934
nlin.CD 2412.08097
nlin.CD 2412.08384
nlin.CD 2412.08966
math.PR 2412.04489
math.PR 2412.04500
math.PR 2412.04515
math.PR 2412.04602
math.PR 2412.04672
math.PR 2412.04689
math.PR 2412.05109
math.PR 2412.05234
math.PR 2412.05251
math.PR 2412.04527
math.PR 2412.04539
math.PR 2412.04579
math.PR 2412.04589
math.PR 2412.04607
math.PR 2412.04918
math.PR 2412.04973
math.PR 2412.05030
math.PR 2412.05064
math.PR 2412.05142
math.PR 2412.05239
math.PR 2412.05321
math.PR 2412.05354
math.PR 2412.05539
math.PR 2412.05817
math.PR 2412.06004
math.PR 2412.06008
math.PR 2412.06070
math.PR 2412.06160
math.PR 2412.06291
math.PR 2412.06366
math.PR 2412.06522
math.PR 2412.05491
math.PR 2412.05503
math.PR 2412.05521
math.PR 2412.05698
math.PR 2412.05706
math.PR 2412.05709
math.PR 2412.05746
math.PR 2412.05764
math.PR 2412.05950
math.PR 2412.05999
math.PR 2412.06086
math.PR 2412.06246
math.PR 2412.06374
math.PR 2412.06420
math.PR 2412.06452
math.PR 2412.06480
math.PR 2412.06615
math.PR 2412.06701
math.PR 2412.06737
math.PR 2412.06749
math.PR 2412.06772
math.PR 2412.06829
math.PR 2412.07098
math.PR 2412.07312
math.PR 2412.07396
math.PR 2412.07404
math.PR 2412.07442
math.PR 2412.07461
math.PR 2412.07592
math.PR 2412.07613
math.PR 2412.07643
math.PR 2412.07667
math.PR 2412.06826
math.PR 2412.06995
math.PR 2412.07001
math.PR 2412.07124
math.PR 2412.07258
math.PR 2412.07398
math.PR 2412.07690
math.PR 2412.07710
math.PR 2412.07873
math.PR 2412.07901
math.PR 2412.07904
math.PR 2412.07929
math.PR 2412.07994
math.PR 2412.07999
math.PR 2412.08064
math.PR 2412.08178
math.PR 2412.08630
math.PR 2412.07936
math.PR 2412.08236
math.PR 2412.08334
math.PR 2412.08400
math.PR 2412.08497
math.PR 2412.08502
math.PR 2412.08657
math.PR 2412.08727
math.PR 2412.08779
math.PR 2412.08814
math.PR 2412.09325
math.PR 2412.09327
math.PR 2412.09367
math.PR 2412.08886
math.PR 2412.08932
math.PR 2412.08964
math.PR 2412.09087
math.PR 2412.09145
math.PR 2412.09188
math.PR 2412.09235
math.PR 2412.09290
math.PR 2412.09471
math.PR 2412.09532
math.PR 2412.09535
physics.data-an 2412.04781
physics.data-an 2412.05333
physics.data-an 2412.05863
physics.data-an 2412.06110
physics.data-an 2412.06992
physics.data-an 2412.07547
physics.data-an 2412.07901
physics.data-an 2412.08254
physics.data-an 2412.08265
physics.data-an 2412.08660
physics.data-an 2412.08661
physics.data-an 2412.08672
physics.data-an 2412.09244
econ.TH 2412.03554
econ.TH 2412.06037
econ.TH 2412.06222
econ.TH 2412.05344
econ.TH 2412.05691
econ.TH 2412.07061
econ.TH 2412.08342
econ.TH 2412.07946
econ.TH 2412.09321
physics.app-ph 2412.04732
physics.app-ph 2412.05089
physics.app-ph 2412.05121
physics.app-ph 2412.05618
physics.app-ph 2412.05699
physics.app-ph 2412.05872
physics.app-ph 2412.05922
physics.app-ph 2412.05954
physics.app-ph 2412.05972
physics.app-ph 2412.06217
physics.app-ph 2412.06221
physics.app-ph 2412.06236
physics.app-ph 2412.06278
physics.app-ph 2412.06282
physics.app-ph 2412.06339
physics.app-ph 2412.06364
physics.app-ph 2412.06416
physics.app-ph 2412.06448
physics.app-ph 2412.06667
physics.app-ph 2412.06741
physics.app-ph 2412.05361
physics.app-ph 2412.05610
physics.app-ph 2412.05637
physics.app-ph 2412.06180
physics.app-ph 2412.06214
physics.app-ph 2412.06232
physics.app-ph 2412.06256
physics.app-ph 2412.06493
physics.app-ph 2412.06547
physics.app-ph 2412.06591
physics.app-ph 2412.06714
physics.app-ph 2412.06798
physics.app-ph 2412.06801
physics.app-ph 2412.06997
physics.app-ph 2412.07257
physics.app-ph 2412.07340
physics.app-ph 2412.07447
physics.app-ph 2412.07473
physics.app-ph 2412.07609
physics.app-ph 2412.07354
physics.app-ph 2412.07365
physics.app-ph 2412.07389
physics.app-ph 2412.07557
physics.app-ph 2412.07921
physics.app-ph 2412.08058
physics.app-ph 2412.08181
physics.app-ph 2412.08448
physics.app-ph 2412.08461
physics.app-ph 2412.07798
physics.app-ph 2412.08017
physics.app-ph 2412.08383
physics.app-ph 2412.08409
physics.app-ph 2412.05948
physics.app-ph 2412.08881
physics.app-ph 2412.08930
physics.app-ph 2412.08945
physics.app-ph 2412.09190
physics.app-ph 2412.09277
physics.app-ph 2412.09291
physics.app-ph 2412.09533
physics.app-ph 2412.09557
physics.app-ph 2412.09038
cond-mat.dis-nn 2210.16268
cond-mat.dis-nn 2412.05031
cond-mat.dis-nn 2412.05272
cond-mat.dis-nn 2412.05132
cond-mat.dis-nn 2412.05418
cond-mat.dis-nn 2412.06030
cond-mat.dis-nn 2412.06133
cond-mat.dis-nn 2412.06232
cond-mat.dis-nn 2412.06475
cond-mat.dis-nn 2412.06554
cond-mat.dis-nn 2412.06768
cond-mat.dis-nn 2412.05439
cond-mat.dis-nn 2412.05773
cond-mat.dis-nn 2412.06899
cond-mat.dis-nn 2412.06935
cond-mat.dis-nn 2412.07131
cond-mat.dis-nn 2412.07383
cond-mat.dis-nn 2412.07117
cond-mat.dis-nn 2412.07921
cond-mat.dis-nn 2412.07942
cond-mat.dis-nn 2412.08017
cond-mat.dis-nn 2412.08381
cond-mat.dis-nn 2412.08747
cond-mat.dis-nn 2412.09106
cond-mat.dis-nn 2412.09221
cond-mat.dis-nn 2412.09268
cond-mat.dis-nn 2412.09285
physics.optics 2412.04635
physics.optics 2412.04679
physics.optics 2412.04691
physics.optics 2412.04694
physics.optics 2412.04701
physics.optics 2412.04709
physics.optics 2412.04804
physics.optics 2412.04809
physics.optics 2412.04530
physics.optics 2412.04897
physics.optics 2412.05057
physics.optics 2412.05089
physics.optics 2412.05116
physics.optics 2412.05121
physics.optics 2412.05316
physics.optics 2412.05361
physics.optics 2412.05472
physics.optics 2412.05847
physics.optics 2412.05977
physics.optics 2412.06152
physics.optics 2412.06225
physics.optics 2412.06364
physics.optics 2412.06641
physics.optics 2412.06751
physics.optics 2412.06752
physics.optics 2412.05542
physics.optics 2412.05622
physics.optics 2412.05677
physics.optics 2412.05690
physics.med-ph 2412.04879
physics.optics 2412.05699
physics.med-ph 2412.05063
physics.optics 2412.05866
physics.optics 2412.05872
physics.med-ph 2412.05084
physics.optics 2412.05922
physics.med-ph 2412.04639
physics.med-ph 2412.04669
physics.optics 2412.05972
physics.optics 2412.06053
physics.med-ph 2412.04706
physics.optics 2412.06108
physics.med-ph 2412.05141
physics.med-ph 2412.06012
physics.optics 2412.06132
physics.optics 2412.06217
physics.med-ph 2412.06260
physics.optics 2412.06221
physics.optics 2412.06236
physics.med-ph 2412.06599
physics.med-ph 2412.06666
physics.optics 2412.06278
physics.optics 2412.06282
physics.med-ph 2412.06093
physics.med-ph 2412.06610
physics.optics 2412.06309
physics.med-ph 2412.07006
physics.optics 2412.06339
physics.optics 2412.06427
physics.med-ph 2412.07465
physics.med-ph 2412.07631
physics.optics 2412.06448
physics.optics 2412.06508
physics.med-ph 2412.07821
physics.optics 2412.06537
physics.med-ph 2412.08499
physics.med-ph 2412.08741
physics.optics 2412.06570
physics.med-ph 2412.09351
physics.med-ph 2412.09484
physics.optics 2412.06634
physics.med-ph 2412.08945
physics.optics 2412.06741
physics.med-ph 2412.09042
physics.optics 2412.06755
physics.optics 2412.07299
physics.optics 2412.07632
physics.optics 2412.07640
physics.optics 2412.06792
physics.optics 2412.06798
physics.optics 2412.06801
physics.optics 2412.06806
physics.optics 2412.07004
physics.optics 2412.07088
physics.optics 2412.07209
physics.optics 2412.07257
physics.optics 2412.07346
physics.optics 2412.07417
physics.optics 2412.07424
physics.optics 2412.07440
physics.optics 2412.07443
physics.optics 2412.07447
physics.optics 2412.07492
physics.optics 2412.07528
physics.optics 2412.07531
physics.optics 2412.07560
physics.optics 2412.07571
physics.optics 2412.07593
physics.optics 2412.07627
physics.optics 2412.07714
physics.optics 2412.07785
physics.optics 2412.07914
physics.optics 2412.07934
physics.optics 2412.07983
physics.optics 2412.08083
physics.optics 2412.08086
physics.optics 2412.08181
physics.optics 2412.08184
physics.optics 2412.08297
physics.optics 2412.08325
physics.optics 2412.08339
physics.optics 2412.08358
physics.optics 2412.08368
physics.optics 2412.08405
physics.optics 2412.08418
physics.optics 2412.08471
physics.optics 2412.08554
physics.optics 2412.08665
physics.optics 2412.08718
physics.optics 2412.09038
physics.optics 2412.09208
physics.optics 2412.09233
physics.optics 2412.09252
physics.optics 2412.09268
physics.optics 2412.08655
physics.optics 2412.08706
physics.optics 2412.08848
physics.optics 2412.08881
physics.optics 2412.08930
physics.optics 2412.09060
physics.optics 2412.09096
physics.optics 2412.09106
physics.optics 2412.09133
physics.optics 2412.09214
physics.optics 2412.09270
physics.optics 2412.09351
physics.optics 2412.09392
physics.optics 2412.09403
physics.optics 2412.09421
physics.optics 2412.09580
q-fin.MF 2412.02446
q-fin.MF 2412.04589
q-fin.MF 2412.05070
q-fin.MF 2412.06343
q-fin.MF 2412.07461
q-fin.MF 2412.09157
q-fin.MF 2412.09171
