cs.DB 2403.19723
cs.DB 2403.19884
cs.DB 2403.19906
cs.DB 2403.20014
cs.DB 2403.20063
cs.DB 2404.00776
cs.DB 2404.00007
cs.DB 2404.00065
cs.DB 2404.00137
cs.DB 2404.00746
cs.DB 2404.00766
cs.DB 2404.00966
cs.DB 2404.01514
cs.DB 2404.01593
cs.DB 2404.01347
cs.DB 2404.01585
cs.DB 2404.01710
cs.DB 2404.02276
cs.DB 2404.02930
cs.DB 2404.03299
cs.DB 2404.02933
cs.DB 2404.03194
cs.CE 2403.19854
cs.CE 2403.20135
cs.CE 2403.20301
cs.CE 2404.00021
cs.CE 2404.00074
cs.CE 2404.00254
cs.CE 2404.00424
cs.CE 2404.00203
cs.CE 2404.00306
cs.CE 2404.00902
cs.CE 2404.01337
cs.CE 2404.01338
cs.CE 2404.02053
cs.CE 2404.02106
cs.CE 2404.01624
cs.CE 2404.02029
cs.CE 2404.02174
cs.CE 2404.02466
cs.CE 2404.03099
cs.CE 2404.03330
cs.CE 2404.03523
cs.CG 2403.19737
cs.CG 2403.20123
cs.CG 2404.00427
cs.CG 2404.01057
cs.CG 2404.01112
cs.CG 2404.01007
cs.CG 2404.01504
cs.CG 2404.01568
cs.CG 2404.02679
cs.CG 2404.03380
cs.CG 2404.03572
cs.CG 2404.03511
cs.AI 2403.19669
cs.AI 2403.19709
cs.AI 2403.19710
cs.AI 2403.19716
cs.AI 2403.19721
cs.AI 2403.19723
cs.AI 2403.19725
cs.AI 2403.19726
cs.AI 2403.19727
cs.AI 2403.19736
cs.AI 2403.19758
cs.AI 2403.19770
cs.AI 2403.19792
cs.AI 2403.19800
cs.AI 2403.19802
cs.AI 2403.19820
cs.AI 2403.19822
cs.AI 2403.19833
cs.AI 2403.19837
cs.AI 2403.19838
cs.AI 2403.19839
cs.AI 2403.19866
cs.AI 2403.19867
cs.AI 2403.19871
cs.AI 2403.19888
cs.AI 2403.19889
cs.AI 2403.19905
cs.AI 2403.19907
cs.AI 2403.19913
cs.AI 2403.19918
cs.AI 2403.19925
cs.AI 2403.19943
cs.AI 2403.19946
cs.AI 2403.19962
cs.AI 2403.19979
cs.AI 2403.20012
cs.AI 2403.20014
cs.AI 2403.20015
cs.AI 2403.20058
cs.AI 2403.20109
cs.AI 2403.20150
cs.AI 2403.20156
cs.AI 2403.20158
cs.AI 2403.20183
cs.AI 2403.20188
cs.AI 2403.20199
cs.AI 2403.20208
cs.AI 2403.20216
cs.AI 2403.20221
cs.AI 2403.20250
cs.AI 2403.20252
cs.AI 2403.20261
cs.AI 2403.20262
cs.AI 2403.20266
cs.AI 2403.20280
cs.AI 2403.20288
cs.AI 2403.20300
cs.AI 2403.20308
cs.AI 2403.20318
cs.AI 2403.20320
cs.AI 2403.20327
cs.AI 2403.20329
cs.AI 2403.20331
cs.AI 2403.19760
cs.AI 2403.19790
cs.AI 2403.19826
cs.AI 2403.19856
cs.AI 2403.19857
cs.AI 2403.19881
cs.AI 2403.19883
cs.AI 2403.19941
cs.AI 2403.19992
cs.AI 2403.19995
cs.AI 2403.20089
cs.AI 2403.20097
cs.AI 2403.20127
cs.AI 2403.20137
cs.AI 2403.20151
cs.AI 2403.20177
cs.AI 2403.20204
cs.AI 2403.20212
cs.AI 2403.20234
cs.AI 2403.20306
cs.AI 2312.00938
cs.AI 2404.00012
cs.AI 2404.00013
cs.AI 2404.00014
cs.AI 2404.00018
cs.AI 2404.00019
cs.AI 2404.00022
cs.AI 2404.00026
cs.AI 2404.00027
cs.AI 2404.00029
cs.AI 2404.00039
cs.AI 2404.00042
cs.AI 2404.00044
cs.AI 2404.00045
cs.AI 2404.00057
cs.AI 2404.00060
cs.AI 2404.00076
cs.AI 2404.00081
cs.AI 2404.00107
cs.AI 2404.00137
cs.AI 2404.00139
cs.AI 2404.00143
cs.AI 2404.00166
cs.AI 2404.00172
cs.AI 2404.00178
cs.AI 2404.00185
cs.AI 2404.00188
cs.AI 2404.00195
cs.AI 2404.00207
cs.AI 2404.00216
cs.AI 2404.00228
cs.AI 2404.00231
cs.AI 2404.00242
cs.AI 2404.00246
cs.AI 2404.00247
cs.AI 2404.00257
cs.AI 2404.00261
cs.AI 2404.00271
cs.AI 2404.00282
cs.AI 2404.00285
cs.AI 2404.00306
cs.AI 2404.00312
cs.AI 2404.00330
cs.AI 2404.00344
cs.AI 2404.00364
cs.AI 2404.00369
cs.AI 2404.00383
cs.AI 2404.00385
cs.AI 2404.00399
cs.AI 2404.00406
cs.AI 2404.00413
cs.AI 2404.00417
cs.AI 2404.00424
cs.AI 2404.00437
cs.AI 2404.00438
cs.AI 2404.00442
cs.AI 2404.00461
cs.AI 2404.00474
cs.AI 2404.00482
cs.AI 2404.00486
cs.AI 2404.00487
cs.AI 2404.00488
cs.AI 2404.00489
cs.AI 2404.00492
cs.AI 2404.00495
cs.AI 2404.00505
cs.AI 2404.00526
cs.AI 2404.00530
cs.AI 2404.00540
cs.AI 2404.00544
cs.AI 2404.00576
cs.AI 2404.00579
cs.AI 2404.00588
cs.AI 2404.00593
cs.AI 2404.00599
cs.AI 2404.00600
cs.AI 2404.00604
cs.AI 2404.00614
cs.AI 2404.00636
cs.AI 2404.00651
cs.AI 2404.00656
cs.AI 2404.00657
cs.AI 2404.00672
cs.AI 2404.00673
cs.AI 2404.00675
cs.AI 2404.00684
cs.AI 2404.00685
cs.AI 2404.00712
cs.AI 2404.00722
cs.AI 2404.00725
cs.AI 2404.00746
cs.AI 2404.00748
cs.AI 2404.00752
cs.AI 2404.00777
cs.AI 2404.00781
cs.AI 2404.00806
cs.AI 2404.00815
cs.AI 2404.00816
cs.AI 2404.00855
cs.AI 2404.00856
cs.AI 2404.00862
cs.AI 2404.00884
cs.AI 2404.00897
cs.AI 2404.00903
cs.AI 2404.00913
cs.AI 2404.00914
cs.AI 2404.00923
cs.AI 2404.00929
cs.AI 2404.00942
cs.AI 2404.00943
cs.AI 2404.00971
cs.AI 2404.00977
cs.AI 2404.00983
cs.AI 2404.00989
cs.AI 2404.00998
cs.AI 2404.01012
cs.AI 2404.01013
cs.AI 2404.01019
cs.AI 2404.01030
cs.AI 2404.01036
cs.AI 2404.01041
cs.AI 2404.01054
cs.AI 2404.01070
cs.AI 2404.01084
cs.AI 2404.01089
cs.AI 2404.01099
cs.AI 2404.01109
cs.AI 2404.01127
cs.AI 2404.01131
cs.AI 2404.01135
cs.AI 2404.01143
cs.AI 2404.01154
cs.DM 2403.15602
cs.AI 2404.01156
cs.DM 2404.00084
cs.AI 2404.01163
cs.DM 2404.00416
cs.AI 2404.01217
cs.DM 2404.01057
cs.AI 2404.01223
cs.DM 2404.01930
cs.AI 2404.01258
cs.DM 2404.01909
cs.AI 2404.01260
cs.DM 2404.02264
cs.AI 2404.01261
cs.DM 2404.02288
cs.AI 2404.01268
cs.DM 2404.02369
cs.AI 2404.01291
cs.DM 2404.02551
cs.AI 2404.01295
cs.DM 2404.02692
cs.AI 2404.01299
cs.DM 2404.03280
cs.AI 2404.01300
cs.AI 2404.00017
cs.AI 2404.00051
cs.AI 2404.00099
cs.AI 2404.00140
cs.AI 2404.00276
cs.AI 2404.00320
cs.AI 2404.00341
cs.AI 2404.00560
cs.AI 2404.00586
cs.AI 2404.00756
cs.AI 2404.00886
cs.AI 2404.01266
cs.AI 2310.15079
cs.AI 2404.00450
cs.AI 2404.01317
cs.AI 2404.01319
cs.AI 2404.01320
cs.AI 2404.01322
cs.AI 2404.01327
cs.AI 2404.01331
cs.AI 2404.01332
cs.AI 2404.01335
cs.AI 2404.01336
cs.AI 2404.01339
cs.AI 2404.01340
cs.AI 2404.01341
cs.AI 2404.01342
cs.AI 2404.01343
cs.AI 2404.01349
cs.AI 2404.01351
cs.AI 2404.01352
cs.AI 2404.01353
cs.AI 2404.01356
cs.AI 2404.01358
cs.AI 2404.01359
cs.AI 2404.01361
cs.AI 2404.01363
cs.AI 2404.01364
cs.AI 2404.01365
cs.AI 2404.01397
cs.AI 2404.01402
cs.AI 2404.01409
cs.AI 2404.01413
cs.AI 2404.01430
cs.AI 2404.01438
cs.AI 2404.01439
cs.AI 2404.01440
cs.AI 2404.01446
cs.AI 2404.01453
cs.AI 2404.01459
cs.AI 2404.01464
cs.AI 2404.01475
cs.AI 2404.01476
cs.AI 2404.01486
cs.AI 2404.01492
cs.AI 2404.01509
cs.AI 2404.01524
cs.AI 2404.01536
cs.AI 2404.01548
cs.AI 2404.01551
cs.AI 2404.01557
cs.AI 2404.01558
cs.AI 2404.01569
cs.AI 2404.01582
cs.AI 2404.01588
cs.AI 2404.01589
cs.AI 2404.01596
cs.AI 2404.01598
cs.AI 2404.01602
cs.AI 2404.01620
cs.AI 2404.01622
cs.AI 2404.01628
cs.AI 2404.01636
cs.AI 2404.01643
cs.AI 2404.01652
cs.AI 2404.01654
cs.AI 2404.01657
cs.AI 2404.01685
cs.AI 2404.01709
cs.AI 2404.01712
cs.AI 2404.01713
cs.AI 2404.01714
cs.AI 2404.01716
cs.AI 2404.01740
cs.AI 2404.01741
cs.AI 2404.01745
cs.AI 2404.01746
cs.AI 2404.01752
cs.AI 2404.01754
cs.AI 2404.01768
cs.AI 2404.01775
cs.AI 2404.01812
cs.AI 2404.01828
cs.AI 2404.01833
cs.AI 2404.01849
cs.AI 2404.01855
cs.AI 2404.01863
cs.AI 2404.01869
cs.AI 2404.01878
cs.AI 2404.01889
cs.AI 2404.01897
cs.AI 2404.01914
cs.AI 2404.01923
cs.AI 2404.01925
cs.AI 2404.01954
cs.AI 2404.01965
cs.AI 2404.01976
cs.AI 2404.01986
cs.AI 2404.02018
cs.AI 2404.02037
cs.AI 2404.02043
cs.AI 2404.02047
cs.AI 2404.02060
cs.AI 2404.02062
cs.AI 2404.02063
cs.AI 2404.02067
cs.AI 2404.02090
cs.AI 2404.02127
cs.AI 2404.02151
cs.AI 2404.02157
cs.AI 2404.01308
cs.AI 2404.01503
cs.AI 2404.01526
cs.AI 2404.01677
cs.AI 2404.01794
cs.AI 2404.02039
cs.AI 2404.02078
cs.AI 2404.02174
cs.AI 2404.02176
cs.AI 2404.02179
cs.AI 2404.02180
cs.AI 2404.02181
cs.AI 2404.02183
cs.AI 2404.02187
cs.AI 2404.02189
cs.AI 2404.02205
cs.AI 2404.02213
cs.AI 2404.02225
cs.AI 2404.02227
cs.AI 2404.02235
cs.AI 2404.02249
cs.AI 2404.02255
cs.AI 2404.02261
cs.AI 2404.02263
cs.AI 2404.02269
cs.AI 2404.02287
cs.AI 2404.02304
cs.AI 2404.02305
cs.AI 2404.02314
cs.AI 2404.02319
cs.AI 2404.02330
cs.AI 2404.02335
cs.AI 2404.02353
cs.AI 2404.02361
cs.AI 2404.02370
cs.AI 2404.02389
cs.AI 2404.02402
cs.AI 2404.02406
cs.AI 2404.02407
cs.AI 2404.02418
cs.AI 2404.02429
cs.AI 2404.02444
cs.AI 2404.02447
cs.AI 2404.02448
cs.AI 2404.02450
cs.AI 2404.02456
cs.AI 2404.02460
cs.AI 2404.02466
cs.AI 2404.02474
cs.AI 2404.02476
cs.AI 2404.02477
cs.AI 2404.02478
cs.AI 2404.02484
cs.AI 2404.02491
cs.AI 2404.02505
cs.AI 2404.02508
cs.AI 2404.02510
cs.AI 2404.02515
cs.AI 2404.02523
cs.AI 2404.02530
cs.AI 2404.02534
cs.AI 2404.02543
cs.AI 2404.02545
cs.AI 2404.02548
cs.AI 2404.02552
cs.AI 2404.02569
cs.AI 2404.02580
cs.AI 2404.02587
cs.AI 2404.02589
cs.AI 2404.02618
cs.AI 2404.02625
cs.AI 2404.02637
cs.AI 2404.02648
cs.AI 2404.02650
cs.AI 2404.02656
cs.AI 2404.02657
cs.AI 2404.02675
cs.AI 2404.02681
cs.AI 2404.02684
cs.AI 2404.02690
cs.AI 2404.02702
cs.AI 2404.02719
cs.AI 2404.02728
cs.AI 2404.02729
cs.AI 2404.02755
cs.AI 2404.02759
cs.AI 2404.02761
cs.AI 2404.02785
cs.AI 2404.02800
cs.AI 2404.02806
cs.AI 2404.02807
cs.AI 2404.02817
cs.AI 2404.02823
cs.AI 2404.02830
cs.AI 2404.02869
cs.AI 2404.02877
cs.AI 2404.02883
cs.AI 2404.02900
cs.AI 2404.02904
cs.AI 2404.02905
cs.AI 2404.02454
cs.AI 2404.02499
cs.AI 2404.02532
cs.AI 2404.02579
cs.AI 2404.02611
cs.AI 2404.02831
cs.AI 2404.02838
cs.AI 2404.02872
cs.AI 2404.02254
cs.AI 2404.02912
cs.AI 2404.02923
cs.AI 2404.02928
cs.AI 2404.02929
cs.AI 2404.02931
cs.AI 2404.02933
cs.AI 2404.02934
cs.AI 2404.02935
cs.AI 2404.02937
cs.AI 2404.02942
cs.AI 2404.02943
cs.AI 2404.02944
cs.AI 2404.02945
cs.AI 2404.02947
cs.AI 2404.02948
cs.AI 2404.02949
cs.AI 2404.02954
cs.AI 2404.02990
cs.AI 2404.03011
cs.AI 2404.03021
cs.AI 2404.03023
cs.AI 2404.03027
cs.AI 2404.03037
cs.AI 2404.03044
cs.AI 2404.03058
cs.AI 2404.03080
cs.AI 2404.03084
cs.AI 2404.03085
cs.AI 2404.03088
cs.AI 2404.03098
cs.AI 2404.03099
cs.AI 2404.03114
cs.AI 2404.03133
cs.AI 2404.03147
cs.AI 2404.03150
cs.AI 2404.03163
cs.AI 2404.03164
cs.AI 2404.03184
cs.AI 2404.03189
cs.AI 2404.03190
cs.AI 2404.03204
cs.AI 2404.03239
cs.AI 2404.03253
cs.AI 2404.03259
cs.AI 2404.03263
cs.AI 2404.03264
cs.AI 2404.03275
cs.AI 2404.03276
cs.AI 2404.03304
cs.AI 2404.03323
cs.AI 2404.03325
cs.AI 2404.03348
cs.AI 2404.03354
cs.AI 2404.03359
cs.AI 2404.03382
cs.AI 2404.03386
cs.AI 2404.03414
cs.AI 2404.03418
cs.AI 2404.03419
cs.AI 2404.03425
cs.AI 2404.03474
cs.AI 2404.03491
cs.AI 2404.03493
cs.AI 2404.03514
cs.AI 2404.03543
cs.AI 2404.03549
cs.AI 2404.03574
cs.AI 2404.03587
cs.AI 2404.03590
cs.AI 2404.03592
cs.AI 2404.03596
cs.AI 2404.03606
cs.AI 2404.03608
cs.AI 2404.03611
cs.AI 2404.03623
cs.AI 2404.03635
cs.AI 2404.03647
cs.AI 2404.03653
cs.AI 2404.03657
cs.AI 2404.03054
cs.AI 2404.03441
cs.AI 2404.03499
cs.AI 2404.03502
cs.AI 2404.03624
cs.CV 2403.19669
cs.CV 2403.19716
cs.CV 2403.19837
cs.CV 2403.19863
cs.CV 2403.19880
cs.CV 2403.19882
cs.CV 2403.19888
cs.CV 2403.19896
cs.CV 2403.19915
cs.CV 2403.19966
cs.CV 2403.19983
cs.CV 2403.20018
cs.CV 2403.20035
cs.CV 2403.20047
cs.CV 2403.20058
cs.CV 2403.20101
cs.CV 2403.20168
cs.CV 2403.19738
cs.CV 2403.19768
cs.CV 2403.19773
cs.CV 2403.19776
cs.CV 2403.19780
cs.CV 2403.19782
cs.CV 2403.19786
cs.CV 2403.19787
cs.CV 2403.19797
cs.CV 2403.19811
cs.CV 2403.19838
cs.CV 2403.19866
cs.CV 2403.19885
cs.CV 2403.19893
cs.CV 2403.19897
cs.CV 2403.19898
cs.CV 2403.19902
cs.CV 2403.19904
cs.CV 2403.19905
cs.CV 2403.19912
cs.CV 2403.19919
cs.CV 2403.19920
cs.CV 2403.19924
cs.CV 2403.19926
cs.CV 2403.19935
cs.CV 2403.19944
cs.CV 2403.19949
cs.CV 2403.19963
cs.CV 2403.19964
cs.CV 2403.19967
cs.CV 2403.19969
cs.CV 2403.19975
cs.CV 2403.19976
cs.CV 2403.19979
cs.CV 2403.19980
cs.CV 2403.19985
cs.CV 2403.20002
cs.CV 2403.20012
cs.CV 2403.20013
cs.CV 2403.20022
cs.CV 2403.20026
cs.CV 2403.20031
cs.CV 2403.20032
cs.CV 2403.20034
cs.CV 2403.20078
cs.CV 2403.20079
cs.CV 2403.20080
cs.CV 2403.20086
cs.CV 2403.20092
cs.CV 2403.20105
cs.CV 2403.20106
cs.CV 2403.20112
cs.CV 2403.20126
cs.CV 2403.20142
cs.CV 2403.20153
cs.CV 2403.20159
cs.CV 2403.20173
cs.CV 2403.20183
cs.CV 2403.20186
cs.CV 2403.20193
cs.CV 2403.20195
cs.CV 2403.20213
cs.CV 2403.20225
cs.CV 2403.20231
cs.CV 2403.20236
cs.CV 2403.20249
cs.CV 2403.20251
cs.CV 2403.20253
cs.CV 2403.20254
cs.CV 2403.20260
cs.CV 2403.20271
cs.CV 2403.20273
cs.CV 2403.20275
cs.CV 2403.20287
cs.CV 2403.20309
cs.CV 2403.20312
cs.CV 2403.20317
cs.CV 2403.20318
cs.CV 2403.20320
cs.CV 2403.20330
cs.CV 2403.20331
cs.CV 2312.00938
cs.CV 2404.00032
cs.CV 2404.00043
cs.CV 2404.00048
cs.CV 2404.00103
cs.CV 2404.00132
cs.CV 2404.00144
cs.CV 2404.00228
cs.CV 2404.00252
cs.CV 2404.00318
cs.CV 2404.00327
cs.CV 2404.00417
cs.CV 2404.00418
cs.CV 2404.00471
cs.CV 2404.00498
cs.CV 2404.00509
cs.CV 2404.00511
cs.CV 2404.00521
cs.CV 2404.00549
cs.CV 2404.00558
cs.CV 2404.00576
cs.CV 2404.00618
cs.CV 2404.00672
cs.CV 2404.00717
cs.CV 2404.00726
cs.CV 2404.00767
cs.CV 2404.00837
cs.CV 2404.00860
cs.CV 2404.00938
cs.CV 2404.00986
cs.CV 2404.01036
cs.CV 2404.01081
cs.CV 2404.01101
cs.CV 2404.01102
cs.CV 2404.01192
cs.CV 2404.01220
cs.CV 2404.01232
cs.CV 2404.01240
cs.CV 2404.01247
cs.CV 2404.00086
cs.CV 2404.00095
cs.CV 2404.00098
cs.CV 2404.00107
cs.CV 2404.00114
cs.CV 2404.00122
cs.CV 2404.00130
cs.CV 2404.00146
cs.CV 2404.00149
cs.CV 2404.00163
cs.CV 2404.00166
cs.CV 2404.00168
cs.CV 2404.00172
cs.CV 2404.00179
cs.CV 2404.00185
cs.CV 2404.00191
cs.CV 2404.00226
cs.CV 2404.00230
cs.CV 2404.00231
cs.CV 2404.00234
cs.CV 2404.00257
cs.CV 2404.00260
cs.CV 2404.00262
cs.CV 2404.00269
cs.CV 2404.00272
cs.CV 2404.00279
cs.CV 2404.00285
cs.CV 2404.00288
cs.CV 2404.00292
cs.CV 2404.00299
cs.CV 2404.00301
cs.CV 2404.00308
cs.CV 2404.00312
cs.CV 2404.00313
cs.CV 2404.00322
cs.CV 2404.00323
cs.CV 2404.00330
cs.CV 2404.00335
cs.CV 2404.00345
cs.CV 2404.00349
cs.CV 2404.00351
cs.CV 2404.00358
cs.CV 2404.00360
cs.CV 2404.00362
cs.CV 2404.00366
cs.CV 2404.00368
cs.CV 2404.00373
cs.CV 2404.00380
cs.CV 2404.00384
cs.CV 2404.00385
cs.CV 2404.00409
cs.CV 2404.00412
cs.CV 2404.00419
cs.CV 2404.00427
cs.CV 2404.00429
cs.CV 2404.00469
cs.CV 2404.00485
cs.CV 2404.00491
cs.CV 2404.00504
cs.CV 2404.00510
cs.CV 2404.00513
cs.CV 2404.00524
cs.CV 2404.00532
cs.CV 2404.00540
cs.CV 2404.00544
cs.CV 2404.00546
cs.CV 2404.00548
cs.CV 2404.00552
cs.CV 2404.00562
cs.CV 2404.00563
cs.CV 2404.00578
cs.CV 2404.00588
cs.CV 2404.00593
cs.CV 2404.00597
cs.CV 2404.00603
cs.CV 2404.00611
cs.CV 2404.00626
cs.CV 2404.00633
cs.CV 2404.00636
cs.CV 2404.00645
cs.CV 2404.00648
cs.CV 2404.00650
cs.CV 2404.00653
cs.CV 2404.00658
cs.CV 2404.00661
cs.CV 2404.00667
cs.CV 2404.00670
cs.CV 2404.00674
cs.CV 2404.00675
cs.CV 2404.00676
cs.CV 2404.00678
cs.CV 2404.00679
cs.CV 2404.00680
cs.CV 2404.00694
cs.CV 2404.00701
cs.CV 2404.00710
cs.CV 2404.00714
cs.CV 2404.00722
cs.CV 2404.00724
cs.CV 2404.00741
cs.CV 2404.00742
cs.CV 2404.00777
cs.CV 2404.00785
cs.CV 2404.00801
cs.CV 2404.00807
cs.CV 2404.00815
cs.CV 2404.00834
cs.CV 2404.00838
cs.CV 2404.00842
cs.CV 2404.00846
cs.CV 2404.00847
cs.CV 2404.00849
cs.CV 2404.00851
cs.CV 2404.00852
cs.CV 2404.00855
cs.CV 2404.00857
cs.CV 2404.00874
cs.CV 2404.00875
cs.CV 2404.00876
cs.CV 2404.00878
cs.CV 2404.00879
cs.CV 2404.00891
cs.CV 2404.00901
cs.CV 2404.00906
cs.CV 2404.00909
cs.CV 2404.00913
cs.CV 2404.00915
cs.CV 2404.00916
cs.CV 2404.00918
cs.CV 2404.00921
cs.CV 2404.00922
cs.CV 2404.00923
cs.CV 2404.00924
cs.CV 2404.00925
cs.CV 2404.00928
cs.CV 2404.00931
cs.CV 2404.00936
cs.CV 2404.00946
cs.CV 2404.00949
cs.CV 2404.00959
cs.CV 2404.00964
cs.CV 2404.00973
cs.CV 2404.00974
cs.CV 2404.00979
cs.CV 2404.00980
cs.CV 2404.00987
cs.CV 2404.00989
cs.CV 2404.00992
cs.CV 2404.00994
cs.CV 2404.00995
cs.CV 2404.01013
cs.CV 2404.01014
cs.CV 2404.01024
cs.CV 2404.01030
cs.CV 2404.01050
cs.CV 2404.01051
cs.CV 2404.01053
cs.CV 2404.01064
cs.CV 2404.01065
cs.CV 2404.01074
cs.CV 2404.01079
cs.CV 2404.01089
cs.CV 2404.01094
cs.CV 2404.01112
cs.CV 2404.01120
cs.CV 2404.01121
cs.CV 2404.01123
cs.CV 2404.01127
cs.CV 2404.01133
cs.CV 2404.01139
cs.CV 2404.01143
cs.CV 2404.01151
cs.CV 2404.01154
cs.CV 2404.01156
cs.CV 2404.01160
cs.CV 2404.01168
cs.CV 2404.01174
cs.CV 2404.01179
cs.CV 2404.01188
cs.CV 2404.01194
cs.CV 2404.01197
cs.CV 2404.01203
cs.CV 2404.01207
cs.CV 2404.01223
cs.CV 2404.01225
cs.CV 2404.01241
cs.CV 2404.01243
cs.CV 2404.01248
cs.CV 2404.01249
cs.CV 2404.01258
cs.CV 2404.01260
cs.CV 2404.01272
cs.CV 2404.01278
cs.CV 2404.01282
cs.CV 2404.01284
cs.CV 2404.01291
cs.CV 2404.01292
cs.CV 2404.01294
cs.CV 2404.01296
cs.CV 2404.01297
cs.CV 2404.01298
cs.CV 2404.01299
cs.CV 2404.01300
cs.CV 2404.01351
cs.CV 2404.01352
cs.CV 2404.01402
cs.CV 2404.01464
cs.CV 2404.01486
cs.CV 2404.01563
cs.CV 2404.01657
cs.CV 2404.01674
cs.CV 2404.01714
cs.CV 2404.01723
cs.CV 2404.01727
cs.CV 2404.01748
cs.CV 2404.01765
cs.CV 2404.01780
cs.CV 2404.01816
cs.CV 2404.01853
cs.CV 2404.01929
cs.CV 2404.01946
cs.CV 2404.02059
cs.CV 2404.02112
cs.CV 2404.01330
cs.CV 2404.01367
cs.CV 2404.01397
cs.CV 2404.01409
cs.CV 2404.01415
cs.CV 2404.01424
cs.CV 2404.01437
cs.CV 2404.01438
cs.CV 2404.01440
cs.CV 2404.01446
cs.CV 2404.01476
cs.CV 2404.01491
cs.CV 2404.01492
cs.CV 2404.01501
cs.CV 2404.01509
cs.CV 2404.01518
cs.CV 2404.01524
cs.CV 2404.01543
cs.CV 2404.01547
cs.CV 2404.01548
cs.CV 2404.01568
cs.CV 2404.01571
cs.CV 2404.01576
cs.CV 2404.01579
cs.CV 2404.01580
cs.CV 2404.01587
cs.CV 2404.01591
cs.CV 2404.01604
cs.CV 2404.01612
cs.CV 2404.01614
cs.CV 2404.01628
cs.CV 2404.01636
cs.CV 2404.01643
cs.CV 2404.01645
cs.CV 2404.01647
cs.CV 2404.01654
cs.CV 2404.01655
cs.CV 2404.01656
cs.CV 2404.01673
cs.CV 2404.01686
cs.CV 2404.01690
cs.CV 2404.01692
cs.CV 2404.01699
cs.CV 2404.01700
cs.CV 2404.01703
cs.CV 2404.01705
cs.CV 2404.01709
cs.CV 2404.01717
cs.CV 2404.01725
cs.CV 2404.01743
cs.CV 2404.01745
cs.CV 2404.01750
cs.CV 2404.01751
cs.CV 2404.01758
cs.CV 2404.01775
cs.CV 2404.01790
cs.CV 2404.01801
cs.CV 2404.01810
cs.CV 2404.01819
cs.CV 2404.01842
cs.CV 2404.01843
cs.CV 2404.01862
cs.CV 2404.01878
cs.CV 2404.01882
cs.CV 2404.01887
cs.CV 2404.01889
cs.CV 2404.01891
cs.CV 2404.01892
cs.CV 2404.01911
cs.CV 2404.01924
cs.CV 2404.01925
cs.CV 2404.01933
cs.CV 2404.01941
cs.CV 2404.01943
cs.CV 2404.01945
cs.CV 2404.01948
cs.CV 2404.01952
cs.CV 2404.01959
cs.CV 2404.01964
cs.CV 2404.01976
cs.CV 2404.01984
cs.CV 2404.01988
cs.CV 2404.01990
cs.CV 2404.01994
cs.CV 2404.01995
cs.CV 2404.01998
cs.CV 2404.02041
cs.CV 2404.02046
cs.CV 2404.02065
cs.CV 2404.02067
cs.CV 2404.02072
cs.CV 2404.02082
cs.CV 2404.02084
cs.CV 2404.02098
cs.CV 2404.02101
cs.CV 2404.02106
cs.CV 2404.02117
cs.CV 2404.02125
cs.CV 2404.02132
cs.CV 2404.02135
cs.CV 2404.02145
cs.CV 2404.02148
cs.CV 2404.02152
cs.CV 2404.02154
cs.CV 2404.02155
cs.CV 2404.02157
cs.CV 2404.02189
cs.CV 2404.02344
cs.CV 2404.02348
cs.CV 2404.02394
cs.CV 2404.02424
cs.CV 2404.02518
cs.CV 2404.02614
cs.CV 2404.02731
cs.CV 2404.02785
cs.CV 2404.02813
cs.CV 2404.02889
cs.CV 2404.02185
cs.CV 2404.02225
cs.CV 2404.02227
cs.CV 2404.02233
cs.CV 2404.02241
cs.CV 2404.02242
cs.CV 2404.02257
cs.CV 2404.02263
cs.CV 2404.02282
cs.CV 2404.02285
cs.CV 2404.02287
cs.CV 2404.02345
cs.CV 2404.02353
cs.CV 2404.02370
cs.CV 2404.02388
cs.CV 2404.02391
cs.CV 2404.02396
cs.CV 2404.02405
cs.CV 2404.02410
cs.CV 2404.02415
cs.CV 2404.02447
cs.CV 2404.02457
cs.CV 2404.02460
cs.CV 2404.02462
cs.CV 2404.02508
cs.CV 2404.02514
cs.CV 2404.02517
cs.CV 2404.02523
cs.CV 2404.02527
cs.CV 2404.02530
cs.CV 2404.02544
cs.CV 2404.02558
cs.CV 2404.02562
cs.CV 2404.02573
cs.CV 2404.02580
cs.CV 2404.02585
cs.CV 2404.02617
cs.CV 2404.02618
cs.CV 2404.02624
cs.CV 2404.02634
cs.CV 2404.02638
cs.CV 2404.02656
cs.CV 2404.02659
cs.CV 2404.02668
cs.CV 2404.02678
cs.CV 2404.02686
cs.CV 2404.02697
cs.CV 2404.02726
cs.CV 2404.02733
cs.CV 2404.02738
cs.CV 2404.02742
cs.CV 2404.02747
cs.CV 2404.02755
cs.CV 2404.02759
cs.CV 2404.02788
cs.CV 2404.02790
cs.CV 2404.02830
cs.CV 2404.02845
cs.CV 2404.02877
cs.CV 2404.02883
cs.CV 2404.02885
cs.CV 2404.02897
cs.CV 2404.02899
cs.CV 2404.02900
cs.CV 2404.02903
cs.CV 2404.02904
cs.CV 2404.02905
cs.CV 2404.02999
cs.CV 2404.03010
cs.CV 2404.03022
cs.CV 2404.03067
cs.CV 2404.03126
cs.CV 2404.03188
cs.CV 2404.03200
cs.CV 2404.03253
cs.CV 2404.03415
cs.CV 2404.03425
cs.CV 2404.03541
cs.CV 2404.03617
cs.CV 2404.03634
cs.CV 2404.02973
cs.CV 2404.02990
cs.CV 2404.03015
cs.CV 2404.03042
cs.CV 2404.03043
cs.CV 2404.03070
cs.CV 2404.03097
cs.CV 2404.03109
cs.CV 2404.03110
cs.CV 2404.03118
cs.CV 2404.03121
cs.CV 2404.03138
cs.CV 2404.03144
cs.CV 2404.03145
cs.CV 2404.03159
cs.CV 2404.03161
cs.CV 2404.03179
cs.CV 2404.03181
cs.CV 2404.03183
cs.CV 2404.03187
cs.CV 2404.03190
cs.CV 2404.03191
cs.CV 2404.03202
cs.CV 2404.03210
cs.CV 2404.03214
cs.CV 2404.03219
cs.CV 2404.03225
cs.CV 2404.03242
cs.CV 2404.03248
cs.CV 2404.03251
cs.CV 2404.03256
cs.CV 2404.03277
cs.CV 2404.03296
cs.CV 2404.03323
cs.CV 2404.03327
cs.CV 2404.03340
cs.CV 2404.03349
cs.CV 2404.03384
cs.CV 2404.03392
cs.CV 2404.03394
cs.CV 2404.03398
cs.CV 2404.03407
cs.CV 2404.03413
cs.CV 2404.03417
cs.CV 2404.03421
cs.CV 2404.03443
cs.CV 2404.03446
cs.CV 2404.03451
cs.CV 2404.03462
cs.CV 2404.03474
cs.CV 2404.03477
cs.CV 2404.03482
cs.CV 2404.03507
cs.CV 2404.03518
cs.CV 2404.03527
cs.CV 2404.03531
cs.CV 2404.03537
cs.CV 2404.03539
cs.CV 2404.03566
cs.CV 2404.03572
cs.CV 2404.03574
cs.CV 2404.03575
cs.CV 2404.03584
cs.CV 2404.03590
cs.CV 2404.03611
cs.CV 2404.03613
cs.CV 2404.03618
cs.CV 2404.03620
cs.CV 2404.03631
cs.CV 2404.03632
cs.CV 2404.03635
cs.CV 2404.03642
cs.CV 2404.03645
cs.CV 2404.03650
cs.CV 2404.03652
cs.CV 2404.03653
cs.CV 2404.03654
cs.CV 2404.03656
cs.CV 2404.03657
cs.CV 2404.03658
cs.DC 2403.19792
cs.DC 2403.20135
cs.DC 2403.20297
cs.DC 2403.20306
cs.DC 2404.00346
cs.DC 2404.00466
cs.DC 2404.00507
cs.DC 2404.00836
cs.DC 2404.01153
cs.DC 2404.01270
cs.DC 2404.00113
cs.DC 2404.00270
cs.DC 2404.00438
cs.DC 2404.00704
cs.DC 2404.01523
cs.DC 2404.01606
cs.DC 2404.01875
cs.DC 2404.01908
cs.DC 2404.01459
cs.DC 2404.01593
cs.DC 2404.01741
cs.DC 2404.02015
cs.DC 2404.02300
cs.DC 2404.02357
cs.DC 2404.02395
cs.DC 2404.02637
cs.DC 2404.02844
cs.DC 2404.02218
cs.DC 2404.02445
cs.DC 2404.02482
cs.DC 2404.02673
cs.DC 2404.02840
cs.DC 2404.02945
cs.DC 2404.03299
cs.DC 2404.03524
cs.DC 2404.03019
cs.DC 2404.03079
cs.DC 2404.03107
cs.DC 2404.03201
cs.DC 2404.03226
cs.DC 2404.03254
cs.DC 2404.03298
cs.DC 2404.03591
cs.GT 2403.19911
cs.GT 2403.19831
cs.GT 2403.20133
cs.GT 2403.20161
cs.GT 2404.00527
cs.GT 2404.00806
cs.GT 2404.01066
cs.GT 2404.01205
cs.GT 2404.00045
cs.GT 2404.00150
cs.GT 2404.00153
cs.GT 2404.00732
cs.GT 2404.00733
cs.GT 2404.00831
cs.GT 2404.00475
cs.GT 2404.01404
cs.GT 2404.01741
cs.GT 2404.01997
cs.GT 2404.02142
cs.GT 2404.02216
cs.GT 2404.02687
cs.GT 2404.02898
cs.GT 2404.02174
cs.GT 2404.03084
cs.GT 2404.03314
cs.GT 2404.03476
cs.CR 2403.19717
cs.CR 2403.19792
cs.CR 2403.19851
cs.CR 2403.19805
cs.CR 2403.19859
cs.CR 2403.20059
cs.CR 2403.20120
cs.CR 2403.20136
cs.CR 2403.20190
cs.CR 2403.20218
cs.CR 2404.00057
cs.CR 2404.00287
cs.CR 2404.00350
cs.CR 2404.00461
cs.CR 2404.00777
cs.CR 2404.00850
cs.CR 2404.01041
cs.CR 2404.01099
cs.CR 2404.01141
cs.CR 2404.01205
cs.CR 2404.01206
cs.CR 2404.01245
cs.CR 2404.01270
cs.CR 2404.00056
cs.CR 2404.00062
cs.CR 2404.00068
cs.CR 2404.00076
cs.CR 2404.00108
cs.CR 2404.00125
cs.CR 2404.00139
cs.CR 2404.00190
cs.CR 2404.00196
cs.CR 2404.00235
cs.CR 2404.00423
cs.CR 2404.00473
cs.CR 2404.00538
cs.CR 2404.00602
cs.CR 2404.00644
cs.CR 2404.00673
cs.CR 2404.00696
cs.CR 2404.00869
cs.CR 2404.01101
cs.CR 2404.01106
cs.CR 2404.01109
cs.CR 2404.01135
cs.CR 2404.01177
cs.CR 2404.01231
cs.CR 2204.01665
cs.CR 2404.01574
cs.CR 2404.01642
cs.CR 2404.01741
cs.CR 2404.01907
cs.CR 2404.01959
cs.CR 2404.01318
cs.CR 2404.01606
cs.CR 2404.01619
cs.CR 2404.01625
cs.CR 2404.01689
cs.CR 2404.01760
cs.CR 2404.01803
cs.CR 2404.01808
cs.CR 2404.01833
cs.CR 2404.01910
cs.CR 2404.02062
cs.CR 2404.02138
cs.CR 2404.02150
cs.CR 2404.02151
cs.CR 2404.02677
cs.CR 2404.02726
cs.CR 2404.02866
cs.CR 2404.02291
cs.CR 2404.02344
cs.CR 2404.02372
cs.CR 2404.02406
cs.CR 2404.02425
cs.CR 2404.02440
cs.CR 2404.02519
cs.CR 2404.02608
cs.CR 2404.02637
cs.CR 2404.02832
cs.CR 2404.02889
cs.CR 2404.03180
cs.CR 2404.03220
cs.CR 2404.03272
cs.CR 2404.03295
cs.CR 2404.03299
cs.CR 2404.03340
cs.CR 2404.03348
cs.CR 2404.03411
cs.CR 2404.03524
cs.CR 2404.03530
cs.CR 2404.02923
cs.CR 2404.02928
cs.CR 2404.02930
cs.CR 2404.03027
cs.CR 2404.03162
cs.CR 2404.03216
cs.CR 2404.03233
cs.CR 2404.03276
cs.CR 2404.03387
cs.CR 2404.03442
cs.CR 2404.03509
cs.CR 2404.03526
cs.FL 2403.19526
cs.FL 2404.01219
cs.FL 2404.02040
cs.FL 2404.02264
cs.FL 2404.03430
cs.FL 2404.03039
cs.IR 2403.19710
cs.IR 2403.19716
cs.IR 2403.19889
cs.IR 2403.20197
cs.IR 2403.19841
cs.IR 2403.19899
cs.IR 2403.20095
cs.IR 2403.20107
cs.IR 2403.20222
cs.IR 2403.20296
cs.IR 2403.20298
cs.IR 2404.00026
cs.IR 2404.00344
cs.IR 2404.00458
cs.IR 2404.00595
cs.IR 2404.00596
cs.IR 2404.00712
cs.IR 2404.01037
cs.IR 2404.01058
cs.IR 2404.01177
cs.IR 2404.01218
cs.IR 2404.00236
cs.IR 2404.00243
cs.IR 2404.00245
cs.IR 2404.00261
cs.IR 2404.00268
cs.IR 2404.00579
cs.IR 2404.00590
cs.IR 2404.00621
cs.IR 2404.00684
cs.IR 2404.00702
cs.IR 2404.00903
cs.IR 2404.00947
cs.IR 2404.00972
cs.IR 2404.01008
cs.IR 2404.01012
cs.IR 2404.01036
cs.IR 2404.01176
cs.IR 2404.00450
cs.IR 2404.01337
cs.IR 2404.01338
cs.IR 2404.01358
cs.IR 2404.01462
cs.IR 2404.01532
cs.IR 2404.01582
cs.IR 2404.01616
cs.IR 2404.01626
cs.IR 2404.02126
cs.IR 2404.01574
cs.IR 2404.01735
cs.IR 2404.01855
cs.IR 2404.02059
cs.IR 2404.02261
cs.IR 2404.02402
cs.IR 2404.02474
cs.IR 2404.02581
cs.IR 2404.02810
cs.IR 2404.02249
cs.IR 2404.02309
cs.IR 2404.02489
cs.IR 2404.02543
cs.IR 2404.02587
cs.IR 2404.02616
cs.IR 2404.02805
cs.IR 2404.02921
cs.IR 2404.03528
cs.IR 2404.03606
cs.IR 2404.03164
cs.IR 2404.03192
cs.IR 2404.03267
cs.IR 2404.03326
cs.IR 2404.03354
cs.IR 2404.03637
cs.CL 2403.19669
cs.CL 2403.19709
cs.CL 2403.19758
cs.CL 2403.19837
cs.CL 2403.19839
cs.CL 2403.19995
cs.CL 2403.20014
cs.CL 2403.20026
cs.CL 2403.20184
cs.CL 2403.20222
cs.CL 2403.20331
cs.CL 2403.19708
cs.CL 2403.19710
cs.CL 2403.19713
cs.CL 2403.19716
cs.CL 2403.19723
cs.CL 2403.19725
cs.CL 2403.19726
cs.CL 2403.19727
cs.CL 2403.19728
cs.CL 2403.19754
cs.CL 2403.19802
cs.CL 2403.19822
cs.CL 2403.19827
cs.CL 2403.19836
cs.CL 2403.19851
cs.CL 2403.19887
cs.CL 2403.19889
cs.CL 2403.19913
cs.CL 2403.19928
cs.CL 2403.19930
cs.CL 2403.19936
cs.CL 2403.19962
cs.CL 2403.20005
cs.CL 2403.20009
cs.CL 2403.20015
cs.CL 2403.20041
cs.CL 2403.20046
cs.CL 2403.20056
cs.CL 2403.20084
cs.CL 2403.20088
cs.CL 2403.20101
cs.CL 2403.20103
cs.CL 2403.20134
cs.CL 2403.20145
cs.CL 2403.20147
cs.CL 2403.20157
cs.CL 2403.20158
cs.CL 2403.20180
cs.CL 2403.20196
cs.CL 2403.20215
cs.CL 2403.20252
cs.CL 2403.20262
cs.CL 2403.20266
cs.CL 2403.20279
cs.CL 2403.20284
cs.CL 2403.20288
cs.CL 2403.20289
cs.CL 2403.20308
cs.CL 2403.20322
cs.CL 2403.20327
cs.CL 2403.20329
cs.CL 2404.00011
cs.CL 2404.00012
cs.CL 2404.00017
cs.CL 2404.00026
cs.CL 2404.00027
cs.CL 2404.00051
cs.CL 2404.00076
cs.CL 2404.00226
cs.CL 2404.00227
cs.CL 2404.00236
cs.CL 2404.00282
cs.CL 2404.00419
cs.CL 2404.00461
cs.CL 2404.00474
cs.CL 2404.00566
cs.CL 2404.00569
cs.CL 2404.00589
cs.CL 2404.00590
cs.CL 2404.00600
cs.CL 2404.00657
cs.CL 2404.00672
cs.CL 2404.00685
cs.CL 2404.00725
cs.CL 2404.00790
cs.CL 2404.00859
cs.CL 2404.00913
cs.CL 2404.00925
cs.CL 2404.00938
cs.CL 2404.01012
cs.CL 2404.01099
cs.CL 2404.01240
cs.CL 2404.01245
cs.CL 2404.01266
cs.CL 2404.01273
cs.CL 2404.01291
cs.CL 2404.01299
cs.CL 2404.00124
cs.CL 2404.00141
cs.CL 2404.00152
cs.CL 2404.00165
cs.CL 2404.00176
cs.CL 2404.00184
cs.CL 2404.00188
cs.CL 2404.00189
cs.CL 2404.00205
cs.CL 2404.00207
cs.CL 2404.00209
cs.CL 2404.00211
cs.CL 2404.00213
cs.CL 2404.00216
cs.CL 2404.00217
cs.CL 2404.00224
cs.CL 2404.00242
cs.CL 2404.00246
cs.CL 2404.00264
cs.CL 2404.00267
cs.CL 2404.00284
cs.CL 2404.00297
cs.CL 2404.00303
cs.CL 2404.00344
cs.CL 2404.00361
cs.CL 2404.00376
cs.CL 2404.00386
cs.CL 2404.00397
cs.CL 2404.00399
cs.CL 2404.00401
cs.CL 2404.00403
cs.CL 2404.00406
cs.CL 2404.00415
cs.CL 2404.00437
cs.CL 2404.00439
cs.CL 2404.00450
cs.CL 2404.00457
cs.CL 2404.00458
cs.CL 2404.00459
cs.CL 2404.00463
cs.CL 2404.00482
cs.CL 2404.00484
cs.CL 2404.00486
cs.CL 2404.00488
cs.CL 2404.00489
cs.CL 2404.00492
cs.CL 2404.00495
cs.CL 2404.00500
cs.CL 2404.00511
cs.CL 2404.00530
cs.CL 2404.00557
cs.CL 2404.00565
cs.CL 2404.00570
cs.CL 2404.00571
cs.CL 2404.00594
cs.CL 2404.00595
cs.CL 2404.00596
cs.CL 2404.00599
cs.CL 2404.00604
cs.CL 2404.00610
cs.CL 2404.00614
cs.CL 2404.00620
cs.CL 2404.00629
cs.CL 2404.00656
cs.CL 2404.00681
cs.CL 2404.00699
cs.CL 2404.00727
cs.CL 2404.00739
cs.CL 2404.00748
cs.CL 2404.00750
cs.CL 2404.00752
cs.CL 2404.00758
cs.CL 2404.00826
cs.CL 2404.00828
cs.CL 2404.00829
cs.CL 2404.00862
cs.CL 2404.00884
cs.CL 2404.00899
cs.CL 2404.00914
cs.CL 2404.00929
cs.CL 2404.00930
cs.CL 2404.00934
cs.CL 2404.00942
cs.CL 2404.00943
cs.CL 2404.00950
cs.CL 2404.00978
cs.CL 2404.00990
cs.CL 2404.00998
cs.CL 2404.00999
cs.CL 2404.01009
cs.CL 2404.01015
cs.CL 2404.01019
cs.CL 2404.01029
cs.CL 2404.01037
cs.CL 2404.01054
cs.CL 2404.01067
cs.CL 2404.01070
cs.CL 2404.01077
cs.CL 2404.01084
cs.CL 2404.01104
cs.CL 2404.01129
cs.CL 2404.01140
cs.CL 2404.01147
cs.CL 2404.01157
cs.CL 2404.01158
cs.CL 2404.01165
cs.CL 2404.01182
cs.CL 2404.01189
cs.CL 2404.01196
cs.CL 2404.01204
cs.CL 2404.01210
cs.CL 2404.01226
cs.CL 2404.01230
cs.CL 2404.01232
cs.CL 2404.01234
cs.CL 2404.01242
cs.CL 2404.01247
cs.CL 2404.01253
cs.CL 2404.01261
cs.CL 2404.01263
cs.CL 2404.01268
cs.CL 2404.01288
cs.CL 2404.01295
cs.CL 2404.01306
cs.CL 2404.01353
cs.CL 2404.01358
cs.CL 2404.01365
cs.CL 2404.01413
cs.CL 2404.01462
cs.CL 2404.01476
cs.CL 2404.01677
cs.CL 2404.01716
cs.CL 2404.01737
cs.CL 2404.01800
cs.CL 2404.01822
cs.CL 2404.01857
cs.CL 2404.01994
cs.CL 2404.02078
cs.CL 2404.02138
cs.CL 2404.01317
cs.CL 2404.01322
cs.CL 2404.01327
cs.CL 2404.01331
cs.CL 2404.01332
cs.CL 2404.01334
cs.CL 2404.01336
cs.CL 2404.01337
cs.CL 2404.01338
cs.CL 2404.01339
cs.CL 2404.01342
cs.CL 2404.01343
cs.CL 2404.01344
cs.CL 2404.01345
cs.CL 2404.01349
cs.CL 2404.01361
cs.CL 2404.01399
cs.CL 2404.01430
cs.CL 2404.01439
cs.CL 2404.01443
cs.CL 2404.01453
cs.CL 2404.01461
cs.CL 2404.01474
cs.CL 2404.01481
cs.CL 2404.01490
cs.CL 2404.01532
cs.CL 2404.01536
cs.CL 2404.01549
cs.CL 2404.01569
cs.CL 2404.01582
cs.CL 2404.01588
cs.CL 2404.01589
cs.CL 2404.01602
cs.CL 2404.01616
cs.CL 2404.01626
cs.CL 2404.01651
cs.CL 2404.01652
cs.CL 2404.01657
cs.CL 2404.01663
cs.CL 2404.01667
cs.CL 2404.01679
cs.CL 2404.01701
cs.CL 2404.01706
cs.CL 2404.01713
cs.CL 2404.01715
cs.CL 2404.01720
cs.CL 2404.01722
cs.CL 2404.01744
cs.CL 2404.01753
cs.CL 2404.01767
cs.CL 2404.01768
cs.CL 2404.01785
cs.CL 2404.01786
cs.CL 2404.01799
cs.CL 2404.01854
cs.CL 2404.01856
cs.CL 2404.01860
cs.CL 2404.01869
cs.CL 2404.01903
cs.CL 2404.01907
cs.CL 2404.01914
cs.CL 2404.01921
cs.CL 2404.01923
cs.CL 2404.01940
cs.CL 2404.01953
cs.CL 2404.01954
cs.CL 2404.01961
cs.CL 2404.01991
cs.CL 2404.01992
cs.CL 2404.02000
cs.CL 2404.02009
cs.CL 2404.02013
cs.CL 2404.02022
cs.CL 2404.02037
cs.CL 2404.02043
cs.CL 2404.02053
cs.CL 2404.02054
cs.CL 2404.02060
cs.CL 2404.02068
cs.CL 2404.02088
cs.CL 2404.02103
cs.CL 2404.02115
cs.CL 2404.02124
cs.CL 2404.02126
cs.CL 2404.02127
cs.CL 2404.02183
cs.CL 2404.02258
cs.CL 2404.02370
cs.CL 2404.02372
cs.CL 2404.02406
cs.CL 2404.02489
cs.CL 2404.02532
cs.CL 2404.02616
cs.CL 2404.02650
cs.CL 2404.02677
cs.CL 2404.02690
cs.CL 2404.02822
cs.CL 2404.02882
cs.CL 2404.02904
cs.CL 2404.02204
cs.CL 2404.02255
cs.CL 2404.02261
cs.CL 2404.02269
cs.CL 2404.02305
cs.CL 2404.02319
cs.CL 2404.02323
cs.CL 2404.02330
cs.CL 2404.02335
cs.CL 2404.02340
cs.CL 2404.02342
cs.CL 2404.02356
cs.CL 2404.02375
cs.CL 2404.02389
cs.CL 2404.02392
cs.CL 2404.02393
cs.CL 2404.02402
cs.CL 2404.02403
cs.CL 2404.02408
cs.CL 2404.02418
cs.CL 2404.02421
cs.CL 2404.02422
cs.CL 2404.02431
cs.CL 2404.02438
cs.CL 2404.02444
cs.CL 2404.02452
cs.CL 2404.02456
cs.CL 2404.02466
cs.CL 2404.02474
cs.CL 2404.02490
cs.CL 2404.02491
cs.CL 2404.02505
cs.CL 2404.02507
cs.CL 2404.02512
cs.CL 2404.02529
cs.CL 2404.02534
cs.CL 2404.02540
cs.CL 2404.02570
cs.DS 2403.19512
cs.CL 2404.02575
cs.DS 2403.19911
cs.CL 2404.02581
cs.DS 2403.20283
cs.CL 2404.02588
cs.DS 2403.19867
cs.CL 2404.02589
cs.DS 2403.19878
cs.CL 2404.02592
cs.DS 2403.20165
cs.CL 2404.02619
cs.DS 2403.20256
cs.CL 2404.02622
cs.DS 2403.20307
cs.CL 2404.02625
cs.DS 2403.20326
cs.CL 2404.02655
cs.CL 2404.02657
cs.CL 2404.02681
cs.CL 2404.02684
cs.CL 2404.02699
cs.CL 2404.02710
cs.DS 2404.00270
cs.CL 2404.02717
cs.CL 2404.02761
cs.CL 2404.02772
cs.CL 2404.02800
cs.CL 2404.02823
cs.DS 2404.01198
cs.CL 2404.02835
cs.DS 2404.00041
cs.CL 2404.02837
cs.CL 2404.02893
cs.DS 2404.00416
cs.CL 2404.02933
cs.DS 2404.00527
cs.CL 2404.03027
cs.DS 2404.00529
cs.CL 2404.03048
cs.DS 2404.00683
cs.CL 2404.03086
cs.DS 2404.00768
cs.CL 2404.03114
cs.CL 2404.03161
cs.CL 2404.03192
cs.DS 2404.01341
cs.CL 2404.03204
cs.DS 2404.01640
cs.CL 2404.03411
cs.DS 2404.01936
cs.CL 2404.03441
cs.DS 2404.02414
cs.CL 2404.03543
cs.DS 2404.02551
cs.CL 2404.03605
cs.DS 2404.02673
cs.CL 2404.03635
cs.DS 2404.02771
cs.CL 2404.03653
cs.DS 2404.02354
cs.DS 2404.02364
cs.DS 2404.02784
cs.CL 2404.02929
cs.DS 2404.02881
cs.DS 2404.03604
cs.DS 2404.03641
cs.CL 2404.02931
cs.DS 2404.03472
cs.CL 2404.02934
cs.CL 2404.02935
cs.CL 2404.02936
cs.CL 2404.02983
cs.CL 2404.03021
cs.CL 2404.03022
cs.CL 2404.03028
cs.CL 2404.03036
cs.CL 2404.03049
cs.CL 2404.03052
cs.CL 2404.03073
cs.CL 2404.03080
cs.CL 2404.03092
cs.CL 2404.03098
cs.CL 2404.03134
cs.CL 2404.03150
cs.CL 2404.03163
cs.CL 2404.03184
cs.CL 2404.03189
cs.CL 2404.03196
cs.CL 2404.03259
cs.CL 2404.03278
cs.CL 2404.03301
cs.CL 2404.03302
cs.CL 2404.03304
cs.CL 2404.03312
cs.CL 2404.03324
cs.CL 2404.03344
cs.CL 2404.03353
cs.CL 2404.03361
cs.CL 2404.03381
cs.CL 2404.03414
cs.CL 2404.03428
cs.CL 2404.03429
cs.CL 2404.03437
cs.CL 2404.03471
cs.CL 2404.03486
cs.CL 2404.03491
cs.CL 2404.03514
cs.CL 2404.03528
cs.CL 2404.03532
cs.CL 2404.03555
cs.CL 2404.03558
cs.CL 2404.03561
cs.CL 2404.03563
cs.CL 2404.03565
cs.CL 2404.03577
cs.CL 2404.03592
cs.CL 2404.03598
cs.CL 2404.03602
cs.CL 2404.03608
cs.CL 2404.03622
cs.CL 2404.03623
cs.CL 2404.03626
cs.CL 2404.03646
cs.CL 2404.03648
cs.GR 2403.19456
cs.GR 2403.19495
cs.GR 2403.19586
cs.GR 2403.19611
cs.GR 2403.19272
cs.GR 2404.00054
cs.GR 2404.00409
cs.GR 2404.00593
cs.GR 2404.00676
cs.GR 2404.00678
cs.GR 2404.01050
cs.GR 2404.01063
cs.GR 2404.01123
cs.GR 2404.01168
cs.GR 2404.01223
cs.GR 2404.00441
cs.GR 2404.01330
cs.GR 2404.01352
cs.GR 2404.01440
cs.GR 2404.01543
cs.GR 2404.01622
cs.GR 2404.01931
cs.GR 2404.02185
cs.GR 2404.02396
cs.GR 2404.02634
cs.GR 2404.02759
cs.GR 2404.02826
cs.GR 2404.02899
cs.GR 2404.03138
cs.GR 2404.03219
cs.GR 2404.03620
cs.IT 2403.19785
cs.IT 2403.19817
cs.IT 2403.19868
cs.IT 2403.19895
cs.IT 2403.19955
cs.IT 2403.20025
cs.IT 2403.20091
cs.CC 2403.19817
cs.IT 2403.20170
cs.CC 2403.19680
cs.CC 2403.19911
cs.IT 2403.20198
cs.CC 2403.20000
cs.IT 2403.20228
cs.CC 2403.20283
cs.IT 2404.00294
cs.IT 2404.00910
cs.IT 2404.00982
cs.CC 2403.20305
cs.IT 2404.00265
cs.CC 2404.00126
cs.IT 2404.00309
cs.CC 2404.00926
cs.IT 2404.00404
cs.CC 2404.00935
cs.IT 2404.00598
cs.CC 2404.00006
cs.IT 2404.00612
cs.CC 2404.00812
cs.IT 2404.00613
cs.CC 2404.01022
cs.IT 2404.00628
cs.CC 2404.01080
cs.IT 2404.00631
cs.CC 2204.01665
cs.IT 2404.00665
cs.CC 2404.02414
cs.IT 2404.00836
cs.CC 2404.03272
cs.IT 2404.00872
cs.CC 2404.02912
cs.IT 2404.00953
cs.IT 2404.01059
cs.IT 2404.01111
cs.IT 2404.01136
cs.IT 2404.01148
cs.IT 2404.01229
cs.IT 2404.01276
cs.IT 2404.01364
cs.IT 2404.01392
cs.IT 2404.01730
cs.IT 2404.01760
cs.IT 2404.01804
cs.IT 2404.01839
cs.IT 2404.01872
cs.IT 2404.01875
cs.IT 2404.01366
cs.IT 2404.01470
cs.IT 2404.01672
cs.IT 2404.01784
cs.IT 2404.01796
cs.IT 2404.01904
cs.IT 2404.02160
cs.IT 2404.02161
cs.IT 2404.02162
cs.IT 2404.02301
cs.IT 2404.02486
cs.IT 2404.02648
cs.IT 2404.02663
cs.IT 2404.02791
cs.IT 2404.02159
cs.IT 2404.02163
cs.IT 2404.02166
cs.IT 2404.02167
cs.IT 2404.02179
cs.IT 2404.02251
cs.IT 2404.02262
cs.IT 2404.02286
cs.IT 2404.02383
cs.IT 2404.02471
cs.IT 2404.02531
cs.IT 2404.02700
cs.IT 2404.02708
cs.IT 2404.02723
cs.IT 2404.02811
cs.IT 2404.02826
cs.IT 2404.02898
cs.IT 2404.02910
cs.IT 2404.02943
cs.IT 2404.03022
cs.IT 2404.03099
cs.IT 2404.03176
cs.IT 2404.03319
cs.IT 2404.03524
cs.IT 2404.03619
cs.IT 2404.03068
cs.IT 2404.03131
cs.IT 2404.03279
cs.IT 2404.03285
cs.IT 2404.03294
cs.IT 2404.03395
cs.IT 2404.03440
cs.IT 2404.03455
cs.AR 2403.20137
cs.AR 2403.20306
cs.AR 2403.20050
cs.AR 2403.20230
cs.AR 2403.20297
cs.AR 2404.00125
cs.AR 2404.00387
cs.AR 2404.00477
cs.AR 2404.00980
cs.AR 2404.01237
cs.AR 2404.00639
cs.AR 2404.00786
cs.AR 2404.01861
cs.AR 2404.01757
cs.AR 2404.01908
cs.AR 2404.02248
cs.AR 2404.02357
cs.AR 2404.02463
cs.AR 2404.03136
cs.AR 2404.03172
cs.AR 2404.03113
cs.LO 2403.19837
cs.LO 2403.19884
cs.LO 2403.20133
cs.LO 2403.20132
cs.LO 2404.00007
cs.LO 2404.00408
cs.LO 2404.00756
cs.LO 2404.01080
cs.LO 2404.00446
cs.LO 2404.00581
cs.LO 2404.01953
cs.LO 2404.01761
cs.LO 2404.02454
cs.LO 2404.02232
cs.LO 2404.02683
cs.LO 2404.03311
cs.LO 2404.03377
cs.LO 2404.03418
cs.LO 2404.03515
cs.LO 2404.03553
cs.NA 2403.19829
cs.NA 2403.20135
cs.NA 2403.20137
cs.NA 2403.20139
cs.NA 2403.20152
cs.NA 2403.20238
cs.NA 2403.20290
cs.NA 2403.19854
cs.NA 2403.19874
cs.NA 2403.19927
cs.NA 2403.20030
cs.NA 2403.20197
cs.NA 2404.00074
cs.NA 2404.00162
cs.NA 2404.00315
cs.NA 2404.00390
cs.NA 2404.00427
cs.NA 2404.00502
cs.NA 2404.00523
cs.NA 2404.01016
cs.NA 2404.01032
cs.NA 2404.01172
cs.NA 2404.00154
cs.NA 2404.00248
cs.NA 2404.00255
cs.NA 2404.00326
cs.NA 2404.00391
cs.NA 2404.00414
cs.NA 2404.00655
cs.NA 2404.00810
cs.NA 2404.00960
cs.NA 2404.01145
cs.NA 2404.01163
cs.NA 2404.01228
cs.NA 2404.01251
cs.NA 2404.01431
cs.NA 2404.01680
cs.NA 2404.01919
cs.NA 2404.02008
cs.NA 2404.01407
cs.NA 2404.01594
cs.NA 2404.01599
cs.NA 2404.01732
cs.NA 2404.01738
cs.NA 2404.01747
cs.NA 2404.01823
cs.NA 2404.01864
cs.NA 2404.01870
cs.NA 2404.01884
cs.NA 2404.02083
cs.NA 2404.02133
cs.NA 2404.02156
cs.NA 2404.02320
cs.NA 2404.02334
cs.NA 2404.02482
cs.NA 2404.02546
cs.NA 2404.02609
cs.NA 2404.02892
cs.NA 2404.02433
cs.NA 2404.02493
cs.NA 2404.02521
cs.NA 2404.02556
cs.NA 2404.02641
cs.NA 2404.02758
cs.NA 2404.02768
cs.NA 2404.02770
cs.NA 2404.02804
cs.NA 2404.02843
cs.NA 2404.03035
cs.NA 2404.03050
cs.NA 2404.03081
cs.NA 2404.03124
cs.NA 2404.03182
cs.NA 2404.03342
cs.NA 2404.03045
cs.NA 2404.03119
cs.NA 2404.03125
cs.NA 2404.03218
cs.NA 2404.03265
cs.NA 2404.03338
cs.NA 2404.03393
cs.NA 2404.03450
cs.NA 2404.03603
cs.PL 2403.20132
cs.PL 2403.14242
cs.PL 2404.00786
cs.PL 2404.01096
cs.PL 2404.00212
cs.PL 2404.00338
cs.PL 2404.01903
cs.PL 2404.01484
cs.PL 2404.02464
cs.PL 2404.02680
cs.PL 2404.03171
cs.PL 2404.03515
cs.PL 2404.03430
cs.PL 2404.03614
cs.PL 2404.03641
cs.SE 2403.20319
cs.SE 2404.00599
cs.SE 2404.00897
cs.SE 2404.00227
cs.SE 2404.00287
cs.SE 2404.00311
cs.SE 2404.00350
cs.SE 2404.00420
cs.SE 2404.00566
cs.SE 2404.00640
cs.SE 2404.00725
cs.SE 2404.00762
cs.SE 2404.00795
cs.SE 2404.00971
cs.SE 2404.01023
cs.SE 2404.01055
cs.SE 2404.01096
cs.SE 2404.01240
cs.SE 2404.01283
cs.SE 2404.01363
cs.SE 2404.01549
cs.SE 2404.01836
cs.SE 2404.01535
cs.SE 2404.01554
cs.SE 2404.01558
cs.SE 2404.01754
cs.SE 2404.01789
cs.SE 2404.01849
cs.SE 2404.01858
cs.SE 2404.01886
cs.SE 2404.01934
cs.SE 2404.01950
cs.SE 2404.02056
cs.SE 2404.02183
cs.SE 2404.02230
cs.SE 2404.02377
cs.SE 2404.02464
cs.SE 2404.02470
cs.SE 2404.02525
cs.SE 2404.02548
cs.SE 2404.02561
cs.SE 2404.02599
cs.SE 2404.02806
cs.SE 2404.02841
cs.SE 2404.03442
cs.SE 2404.03624
cs.SE 2404.03061
cs.SE 2404.03114
cs.SE 2404.03122
cs.SE 2404.03171
cs.SE 2404.03172
cs.SE 2404.03543
cs.SE 2404.03629
cs.OS 2403.11805
cs.OS 2403.15884
cs.OS 2403.16971
cs.OS 2404.00057
cs.OS 2404.00507
cs.OS 2404.01363
cs.OS 2404.03245
cs.SD 2403.20184
cs.SD 2403.20289
cs.SD 2403.19763
cs.SD 2403.20130
cs.SD 2403.20202
cs.SD 2404.00082
cs.SD 2404.00124
cs.SD 2404.00656
cs.SD 2404.00989
cs.SD 2404.00470
cs.SD 2404.00569
cs.SD 2404.00775
cs.SD 2404.00789
cs.SD 2404.00791
cs.SD 2404.00856
cs.SD 2404.01058
cs.SD 2404.01611
cs.SD 2404.01616
cs.SD 2404.01737
cs.SD 2404.01751
cs.SD 2404.01981
cs.SD 2404.02000
cs.SD 2404.02088
cs.SD 2404.01620
cs.SD 2404.01740
cs.SD 2404.02063
cs.SD 2404.02342
cs.SD 2404.02456
cs.SD 2404.02592
cs.SD 2404.02781
cs.SD 2404.02252
cs.SD 2404.02702
cs.SD 2404.03073
cs.SD 2404.03179
cs.SD 2404.03204
cs.SD 2404.03312
cs.SD 2404.03436
cs.SD 2404.03520
cs.SD 2404.03606
cs.RO 2403.19885
cs.RO 2403.19913
cs.RO 2403.19992
cs.RO 2403.19995
cs.RO 2403.20034
cs.RO 2403.20177
cs.RO 2403.20275
cs.RO 2403.20300
cs.RO 2403.19770
cs.RO 2403.19784
cs.RO 2403.19795
cs.RO 2403.19840
cs.RO 2403.19862
cs.RO 2403.19875
cs.RO 2403.19879
cs.RO 2403.19886
cs.RO 2403.19916
cs.RO 2403.19918
cs.RO 2403.19940
cs.RO 2403.19946
cs.RO 2403.19948
cs.RO 2403.20001
cs.RO 2403.20016
cs.RO 2403.20085
cs.RO 2403.20116
cs.RO 2403.20117
cs.RO 2403.20128
cs.RO 2403.20328
cs.RO 2310.18239
cs.RO 2404.00019
cs.RO 2404.00066
cs.RO 2404.00282
cs.RO 2404.00418
cs.RO 2404.00462
cs.RO 2404.00623
cs.RO 2404.00756
cs.RO 2404.00815
cs.RO 2404.00891
cs.RO 2404.00915
cs.RO 2404.00923
cs.RO 2404.00938
cs.RO 2404.01158
cs.RO 2404.00024
cs.RO 2404.00123
cs.RO 2404.00133
cs.RO 2404.00143
cs.RO 2404.00186
cs.RO 2404.00204
cs.RO 2404.00210
cs.RO 2404.00232
cs.RO 2404.00237
cs.RO 2404.00318
cs.RO 2404.00340
cs.RO 2404.00343
cs.RO 2404.00353
cs.RO 2404.00354
cs.RO 2404.00356
cs.RO 2404.00364
cs.RO 2404.00369
cs.RO 2404.00426
cs.RO 2404.00442
cs.RO 2404.00443
cs.RO 2404.00447
cs.RO 2404.00451
cs.RO 2404.00494
cs.RO 2404.00514
cs.RO 2404.00520
cs.RO 2404.00591
cs.RO 2404.00691
cs.RO 2404.00717
cs.RO 2404.00769
cs.RO 2404.00783
cs.RO 2404.00796
cs.RO 2404.00797
cs.RO 2404.00808
cs.RO 2404.00814
cs.RO 2404.00830
cs.RO 2404.00890
cs.RO 2404.00892
cs.RO 2404.00893
cs.RO 2404.01081
cs.RO 2404.01110
cs.RO 2404.01116
cs.RO 2404.01150
cs.RO 2404.01166
cs.RO 2404.01170
cs.RO 2404.01184
cs.RO 2404.01219
cs.RO 2404.01220
cs.RO 2404.01237
cs.RO 2404.01397
cs.RO 2404.01440
cs.RO 2404.01557
cs.RO 2404.01571
cs.RO 2404.01598
cs.RO 2404.01636
cs.RO 2404.01702
cs.RO 2404.01943
cs.RO 2404.01400
cs.RO 2404.01402
cs.RO 2404.01441
cs.RO 2404.01486
cs.RO 2404.01537
cs.RO 2404.01550
cs.RO 2404.01584
cs.RO 2404.01596
cs.RO 2404.01618
cs.RO 2404.01661
cs.RO 2404.01674
cs.RO 2404.01727
cs.RO 2404.01746
cs.RO 2404.01752
cs.RO 2404.01781
cs.RO 2404.01812
cs.RO 2404.01836
cs.RO 2404.01867
cs.RO 2404.01885
cs.RO 2404.01900
cs.RO 2404.01932
cs.RO 2404.01986
cs.RO 2404.02010
cs.RO 2404.02018
cs.RO 2404.02077
cs.RO 2404.02171
cs.RO 2404.02227
cs.RO 2404.02263
cs.RO 2404.02407
cs.RO 2404.02599
cs.RO 2404.02903
cs.RO 2404.02176
cs.RO 2404.02265
cs.RO 2404.02284
cs.RO 2404.02289
cs.RO 2404.02294
cs.RO 2404.02318
cs.RO 2404.02324
cs.RO 2404.02362
cs.RO 2404.02472
cs.RO 2404.02515
cs.RO 2404.02516
cs.RO 2404.02524
cs.RO 2404.02567
cs.RO 2404.02569
cs.RO 2404.02644
cs.RO 2404.02645
cs.RO 2404.02728
cs.RO 2404.02771
cs.RO 2404.02795
cs.RO 2404.02817
cs.RO 2404.02887
cs.RO 2404.03017
cs.RO 2404.03092
cs.RO 2404.03190
cs.RO 2404.03251
cs.RO 2404.03462
cs.RO 2404.03493
cs.RO 2404.03629
cs.RO 2404.03067
cs.RO 2404.03094
cs.RO 2404.03103
cs.RO 2404.03133
cs.RO 2404.03149
cs.RO 2404.03186
cs.RO 2404.03274
cs.RO 2404.03275
cs.RO 2404.03307
cs.RO 2404.03325
cs.RO 2404.03336
cs.RO 2404.03363
cs.RO 2404.03386
cs.RO 2404.03412
cs.RO 2404.03415
cs.RO 2404.03427
cs.RO 2404.03444
cs.RO 2404.03489
cs.RO 2404.03498
cs.RO 2404.03556
cs.RO 2404.03567
cs.RO 2404.03570
cs.RO 2404.03587
cs.RO 2404.03634
cs.PF 2403.18686
cs.PF 2404.00021
cs.PF 2404.01157
cs.PF 2404.01229
cs.PF 2404.00039
cs.PF 2404.00346
cs.PF 2404.01523
cs.PF 2404.01585
cs.PF 2404.01473
cs.PF 2404.02276
cs.PF 2404.02482
cs.PF 2404.02945
cs.LG 2403.19706
cs.LG 2403.19708
cs.LG 2403.19709
cs.LG 2403.19710
cs.LG 2403.19713
cs.LG 2403.19718
cs.LG 2403.19720
cs.LG 2403.19725
cs.LG 2403.19728
cs.LG 2403.19736
cs.LG 2403.19770
cs.LG 2403.19776
cs.LG 2403.19781
cs.LG 2403.19783
cs.LG 2403.19844
cs.LG 2403.19845
cs.LG 2403.19851
cs.LG 2403.19867
cs.LG 2403.19882
cs.LG 2403.19887
cs.LG 2403.19889
cs.LG 2403.19895
cs.LG 2403.19897
cs.LG 2403.19913
cs.LG 2403.19918
cs.LG 2403.19928
cs.LG 2403.19962
cs.LG 2403.19964
cs.LG 2403.19969
cs.LG 2403.19979
cs.LG 2403.20009
cs.LG 2403.20016
cs.LG 2403.20020
cs.LG 2403.20033
cs.LG 2403.20058
cs.LG 2403.20078
cs.LG 2403.20101
cs.LG 2403.20106
cs.LG 2403.20112
cs.LG 2403.20130
cs.LG 2403.20139
cs.LG 2403.20184
cs.LG 2403.20188
cs.LG 2403.20190
cs.LG 2403.20195
cs.LG 2403.20197
cs.LG 2403.20202
cs.LG 2403.20212
cs.LG 2403.20230
cs.LG 2403.20233
cs.LG 2403.20250
cs.LG 2403.20252
cs.LG 2403.20253
cs.LG 2403.20261
cs.LG 2403.20262
cs.LG 2403.20266
cs.LG 2403.20284
cs.LG 2403.20287
cs.LG 2403.20298
cs.LG 2403.20320
cs.LG 2403.20328
cs.LG 2403.20329
cs.LG 2403.20331
cs.LG 2403.19669
cs.LG 2403.19717
cs.LG 2403.19721
cs.LG 2403.19792
cs.LG 2403.19800
cs.LG 2403.19806
cs.LG 2403.19816
cs.LG 2403.19820
cs.LG 2403.19837
cs.LG 2403.19839
cs.LG 2403.19849
cs.LG 2403.19852
cs.LG 2403.19863
cs.LG 2403.19871
cs.LG 2403.19888
cs.LG 2403.19896
cs.LG 2403.19907
cs.LG 2403.19925
cs.LG 2403.19943
cs.LG 2403.19950
cs.LG 2403.19996
cs.LG 2403.20047
cs.LG 2403.20075
cs.LG 2403.20109
cs.LG 2403.20122
cs.LG 2403.20124
cs.LG 2403.20149
cs.LG 2403.20150
cs.LG 2403.20156
cs.LG 2403.20208
cs.LG 2403.20221
cs.LG 2403.20246
cs.LG 2403.20280
cs.LG 2403.20324
cs.LG 2210.05014
cs.LG 2404.00015
cs.LG 2404.00016
cs.LG 2404.00019
cs.LG 2404.00026
cs.LG 2404.00027
cs.LG 2404.00030
cs.LG 2404.00031
cs.LG 2404.00034
cs.LG 2404.00039
cs.LG 2404.00042
cs.LG 2404.00043
cs.LG 2404.00044
cs.LG 2404.00045
cs.LG 2404.00048
cs.LG 2404.00050
cs.LG 2404.00051
cs.LG 2404.00054
cs.LG 2404.00056
cs.LG 2404.00060
cs.LG 2404.00068
cs.LG 2404.00076
cs.LG 2404.00081
cs.LG 2404.00082
cs.LG 2404.00130
cs.LG 2404.00137
cs.LG 2404.00140
cs.LG 2404.00145
cs.LG 2404.00158
cs.LG 2404.00165
cs.LG 2404.00172
cs.LG 2404.00178
cs.LG 2404.00179
cs.LG 2404.00204
cs.LG 2404.00207
cs.LG 2404.00211
cs.LG 2404.00218
cs.LG 2404.00220
cs.LG 2404.00231
cs.LG 2404.00232
cs.LG 2404.00235
cs.LG 2404.00247
cs.LG 2404.00257
cs.LG 2404.00264
cs.LG 2404.00297
cs.LG 2404.00323
cs.LG 2404.00327
cs.LG 2404.00385
cs.LG 2404.00390
cs.LG 2404.00399
cs.LG 2404.00411
cs.LG 2404.00412
cs.LG 2404.00413
cs.LG 2404.00420
cs.LG 2404.00431
cs.LG 2404.00437
cs.LG 2404.00438
cs.LG 2404.00463
cs.LG 2404.00470
cs.LG 2404.00471
cs.LG 2404.00473
cs.LG 2404.00481
cs.LG 2404.00482
cs.LG 2404.00488
cs.LG 2404.00489
cs.LG 2404.00492
cs.LG 2404.00529
cs.LG 2404.00530
cs.LG 2404.00545
cs.LG 2404.00551
cs.LG 2404.00593
cs.LG 2404.00604
cs.LG 2404.00639
cs.LG 2404.00640
cs.LG 2404.00673
cs.LG 2404.00696
cs.LG 2404.00725
cs.LG 2404.00726
cs.LG 2404.00729
cs.LG 2404.00751
cs.LG 2404.00756
cs.LG 2404.00777
cs.LG 2404.00785
cs.LG 2404.00797
cs.LG 2404.00836
cs.LG 2404.00837
cs.LG 2404.00846
cs.LG 2404.00852
cs.LG 2404.00914
cs.LG 2404.00928
cs.LG 2404.00942
cs.LG 2404.01012
cs.LG 2404.01036
cs.LG 2404.01049
cs.LG 2404.01050
cs.LG 2404.01058
cs.LG 2404.01074
cs.LG 2404.01100
cs.LG 2404.01101
cs.LG 2404.01102
cs.LG 2404.01145
cs.LG 2404.01147
cs.LG 2404.01153
cs.LG 2404.01179
cs.LG 2404.01184
cs.LG 2404.01200
cs.LG 2404.01220
cs.LG 2404.01223
cs.LG 2404.01231
cs.LG 2404.01233
cs.LG 2404.01245
cs.LG 2404.01260
cs.LG 2404.01268
cs.LG 2404.01291
cs.LG 2404.01292
cs.LG 2404.01299
cs.LG 2404.01300
cs.LG 2404.00013
cs.LG 2404.00069
cs.LG 2404.00074
cs.LG 2404.00075
cs.LG 2404.00085
cs.LG 2404.00103
cs.LG 2404.00162
cs.LG 2404.00173
cs.LG 2404.00195
cs.LG 2404.00225
cs.LG 2404.00228
cs.LG 2404.00254
cs.LG 2404.00271
cs.LG 2404.00282
cs.LG 2404.00357
cs.LG 2404.00371
cs.LG 2404.00408
cs.LG 2404.00417
cs.LG 2404.00418
cs.LG 2404.00456
cs.LG 2404.00461
cs.LG 2404.00462
cs.LG 2404.00464
cs.LG 2404.00466
cs.LG 2404.00474
cs.LG 2404.00477
cs.LG 2404.00498
cs.LG 2404.00502
cs.LG 2404.00505
cs.LG 2404.00506
cs.LG 2404.00509
cs.LG 2404.00521
cs.LG 2404.00522
cs.LG 2404.00525
cs.LG 2404.00528
cs.LG 2404.00539
cs.LG 2404.00572
cs.LG 2404.00576
cs.LG 2404.00589
cs.LG 2404.00618
cs.LG 2404.00623
cs.LG 2404.00638
cs.LG 2404.00651
cs.LG 2404.00657
cs.LG 2404.00666
cs.LG 2404.00672
cs.LG 2404.00688
cs.LG 2404.00712
cs.LG 2404.00774
cs.LG 2404.00776
cs.LG 2404.00781
cs.LG 2404.00790
cs.LG 2404.00798
cs.LG 2404.00816
cs.LG 2404.00848
cs.LG 2404.00859
cs.LG 2404.00860
cs.LG 2404.00880
cs.LG 2404.00882
cs.LG 2404.00883
cs.LG 2404.00885
cs.LG 2404.00897
cs.LG 2404.00898
cs.LG 2404.00962
cs.LG 2404.00983
cs.LG 2404.00986
cs.LG 2404.01039
cs.LG 2404.01041
cs.LG 2404.01060
cs.LG 2404.01078
cs.LG 2404.01099
cs.LG 2404.01122
cs.LG 2404.01141
cs.LG 2404.01198
cs.LG 2404.01206
cs.LG 2404.01216
cs.LG 2404.01217
cs.LG 2404.01218
cs.LG 2404.01224
cs.LG 2404.01257
cs.LG 2404.01270
cs.LG 2404.01273
cs.LG 2310.15079
cs.LG 2404.00450
cs.LG 2404.01308
cs.LG 2404.01317
cs.LG 2404.01318
cs.LG 2404.01327
cs.LG 2404.01330
cs.LG 2404.01332
cs.LG 2404.01334
cs.LG 2404.01337
cs.LG 2404.01338
cs.LG 2404.01345
cs.LG 2404.01358
cs.LG 2404.01360
cs.LG 2404.01361
cs.LG 2404.01367
cs.LG 2404.01430
cs.LG 2404.01436
cs.LG 2404.01439
cs.LG 2404.01448
cs.LG 2404.01459
cs.LG 2404.01464
cs.LG 2404.01476
cs.LG 2404.01486
cs.LG 2404.01501
cs.LG 2404.01509
cs.LG 2404.01518
cs.LG 2404.01521
cs.LG 2404.01530
cs.LG 2404.01536
cs.LG 2404.01551
cs.LG 2404.01557
cs.LG 2404.01569
cs.LG 2404.01574
cs.LG 2404.01588
cs.LG 2404.01608
cs.LG 2404.01617
cs.LG 2404.01628
cs.LG 2404.01636
cs.LG 2404.01645
cs.LG 2404.01657
cs.LG 2404.01669
cs.LG 2404.01685
cs.LG 2404.01697
cs.LG 2404.01716
cs.LG 2404.01746
cs.LG 2404.01775
cs.LG 2404.01790
cs.LG 2404.01814
cs.LG 2404.01830
cs.LG 2404.01832
cs.LG 2404.01867
cs.LG 2404.01875
cs.LG 2404.01883
cs.LG 2404.01897
cs.LG 2404.01903
cs.LG 2404.01907
cs.LG 2404.01932
cs.LG 2404.01946
cs.LG 2404.01959
cs.LG 2404.01964
cs.LG 2404.01976
cs.LG 2404.01986
cs.LG 2404.01994
cs.LG 2404.01998
cs.LG 2404.01999
cs.LG 2404.02000
cs.LG 2404.02040
cs.LG 2404.02062
cs.LG 2404.02067
cs.LG 2404.02072
cs.LG 2404.02078
cs.LG 2404.02115
cs.LG 2404.02127
cs.LG 2404.02138
cs.LG 2404.02141
cs.LG 2404.02151
cs.LG 2404.01306
cs.LG 2404.01335
cs.LG 2404.01340
cs.LG 2404.01341
cs.LG 2404.01351
cs.LG 2404.01353
cs.LG 2404.01356
cs.LG 2404.01364
cs.LG 2404.01365
cs.LG 2404.01413
cs.LG 2404.01462
cs.LG 2404.01466
cs.LG 2404.01475
cs.LG 2404.01487
cs.LG 2404.01517
cs.LG 2404.01542
cs.LG 2404.01578
cs.LG 2404.01595
cs.LG 2404.01598
cs.LG 2404.01601
cs.LG 2404.01611
cs.LG 2404.01632
cs.LG 2404.01642
cs.LG 2404.01646
cs.LG 2404.01650
cs.LG 2404.01676
cs.LG 2404.01693
cs.LG 2404.01695
cs.LG 2404.01712
cs.LG 2404.01714
cs.LG 2404.01730
cs.LG 2404.01748
cs.LG 2404.01769
cs.LG 2404.01804
cs.LG 2404.01805
cs.LG 2404.01822
cs.LG 2404.01828
cs.LG 2404.01847
cs.LG 2404.01853
cs.LG 2404.01857
cs.LG 2404.01863
cs.LG 2404.01872
cs.LG 2404.01877
cs.LG 2404.01930
cs.LG 2404.01936
cs.LG 2404.01958
cs.LG 2404.01965
cs.LG 2404.01975
cs.LG 2404.01981
cs.LG 2404.02003
cs.LG 2404.02047
cs.LG 2404.02052
cs.LG 2404.02058
cs.LG 2404.02108
cs.LG 2404.02112
cs.LG 2404.02113
cs.LG 2404.02171
cs.LG 2404.02175
cs.LG 2404.02177
cs.LG 2404.02183
cs.LG 2404.02204
cs.LG 2404.02227
cs.LG 2404.02239
cs.LG 2404.02249
cs.LG 2404.02254
cs.LG 2404.02261
cs.LG 2404.02289
cs.LG 2404.02294
cs.LG 2404.02319
cs.LG 2404.02343
cs.LG 2404.02353
cs.LG 2404.02364
cs.LG 2404.02372
cs.LG 2404.02378
cs.LG 2404.02387
cs.LG 2404.02396
cs.LG 2404.02402
cs.LG 2404.02403
cs.LG 2404.02407
cs.LG 2404.02422
cs.LG 2404.02438
cs.LG 2404.02448
cs.LG 2404.02456
cs.LG 2404.02474
cs.LG 2404.02476
cs.LG 2404.02491
cs.LG 2404.02499
cs.LG 2404.02508
cs.LG 2404.02511
cs.LG 2404.02538
cs.LG 2404.02555
cs.LG 2404.02595
cs.LG 2404.02621
cs.LG 2404.02625
cs.LG 2404.02684
cs.LG 2404.02692
cs.LG 2404.02717
cs.LG 2404.02726
cs.LG 2404.02728
cs.LG 2404.02729
cs.LG 2404.02759
cs.LG 2404.02761
cs.LG 2404.02822
cs.LG 2404.02823
cs.LG 2404.02873
cs.LG 2404.02883
cs.LG 2404.02900
cs.LG 2404.02904
cs.LG 2404.02180
cs.LG 2404.02181
cs.LG 2404.02184
cs.LG 2404.02187
cs.LG 2404.02189
cs.LG 2404.02234
cs.LG 2404.02235
cs.LG 2404.02258
cs.LG 2404.02300
cs.LG 2404.02304
cs.LG 2404.02314
cs.LG 2404.02325
cs.LG 2404.02359
cs.LG 2404.02360
cs.LG 2404.02395
cs.LG 2404.02424
cs.LG 2404.02429
cs.LG 2404.02446
cs.LG 2404.02450
cs.LG 2404.02461
cs.LG 2404.02478
cs.LG 2404.02484
cs.LG 2404.02510
cs.LG 2404.02545
cs.LG 2404.02572
cs.LG 2404.02577
cs.LG 2404.02583
cs.LG 2404.02591
cs.LG 2404.02629
cs.LG 2404.02649
cs.LG 2404.02650
cs.LG 2404.02660
cs.LG 2404.02688
cs.LG 2404.02690
cs.LG 2404.02696
cs.LG 2404.02719
cs.LG 2404.02722
cs.LG 2404.02754
cs.LG 2404.02779
cs.LG 2404.02785
cs.LG 2404.02810
cs.LG 2404.02827
cs.LG 2404.02852
cs.LG 2404.02865
cs.LG 2404.02866
cs.LG 2404.02869
cs.LG 2404.02882
cs.LG 2404.02892
cs.LG 2404.02896
cs.LG 2404.02923
cs.LG 2404.02934
cs.LG 2404.02935
cs.LG 2404.02936
cs.LG 2404.02988
cs.LG 2404.03010
cs.LG 2404.03019
cs.LG 2404.03022
cs.LG 2404.03054
cs.LG 2404.03073
cs.LG 2404.03085
cs.LG 2404.03098
cs.LG 2404.03101
cs.LG 2404.03163
cs.LG 2404.03164
cs.LG 2404.03171
cs.LG 2404.03188
cs.LG 2404.03204
cs.LG 2404.03225
cs.LG 2404.03227
cs.LG 2404.03239
cs.LG 2404.03250
cs.LG 2404.03253
cs.LG 2404.03310
cs.LG 2404.03325
cs.LG 2404.03331
cs.LG 2404.03340
cs.LG 2404.03372
cs.LG 2404.03386
cs.LG 2404.03441
cs.LG 2404.03446
cs.LG 2404.03453
cs.LG 2404.03471
cs.LG 2404.03493
cs.LG 2404.03506
cs.LG 2404.03528
cs.LG 2404.03543
cs.LG 2404.03558
cs.LG 2404.03574
cs.LG 2404.03592
cs.LG 2404.03626
cs.LG 2404.03635
cs.LG 2404.03647
cs.LG 2404.02926
cs.LG 2404.02937
cs.LG 2404.02942
cs.LG 2404.02943
cs.LG 2404.02944
cs.LG 2404.02945
cs.LG 2404.02947
cs.LG 2404.02948
cs.LG 2404.02949
cs.LG 2404.02954
cs.LG 2404.02986
cs.LG 2404.03011
cs.LG 2404.03012
cs.LG 2404.03037
cs.LG 2404.03044
cs.LG 2404.03050
cs.LG 2404.03058
cs.LG 2404.03081
cs.LG 2404.03082
cs.LG 2404.03084
cs.LG 2404.03088
cs.LG 2404.03099
cs.LG 2404.03105
cs.LG 2404.03115
cs.LG 2404.03139
cs.LG 2404.03147
cs.LG 2404.03176
cs.LG 2404.03180
cs.LG 2404.03200
cs.LG 2404.03208
cs.LG 2404.03211
cs.LG 2404.03222
cs.LG 2404.03240
cs.LG 2404.03263
cs.LG 2404.03272
cs.LG 2404.03273
cs.LG 2404.03290
cs.LG 2404.03299
cs.LG 2404.03309
cs.LG 2404.03320
cs.LG 2404.03329
cs.LG 2404.03348
cs.LG 2404.03359
cs.LG 2404.03368
cs.LG 2404.03380
cs.LG 2404.03382
cs.LG 2404.03411
cs.LG 2404.03419
cs.LG 2404.03426
cs.LG 2404.03434
cs.LG 2404.03473
cs.LG 2404.03495
cs.LG 2404.03524
cs.LG 2404.03578
cs.LG 2404.03586
cs.LG 2404.03596
cs.LG 2404.03605
cs.LG 2404.03617
cs.SC 2403.16269
cs.SC 2403.16519
cs.SC 2403.18719
cs.SC 2404.01182
cs.SC 2404.01798
cs.SC 2404.03530
cs.SI 2403.19852
cs.SI 2403.19903
cs.SI 2404.00018
cs.SI 2404.00141
cs.SI 2404.01216
cs.SI 2404.01268
cs.SI 2404.00793
cs.SI 2404.01358
cs.SI 2404.01578
cs.SI 2404.01651
cs.SI 2404.01679
cs.SI 2404.01822
cs.SI 2404.01319
cs.SI 2404.01320
cs.SI 2404.01328
cs.SI 2404.01329
cs.SI 2404.01467
cs.SI 2404.01489
cs.SI 2404.01669
cs.SI 2404.02109
cs.SI 2404.02164
cs.SI 2404.02173
cs.SI 2404.02249
cs.SI 2404.02894
cs.SI 2404.02205
cs.SI 2404.02338
cs.SI 2404.03116
cs.SI 2404.03139
cs.SI 2404.03332
cs.SI 2404.03437
cs.SI 2404.03528
cs.SI 2404.03071
cs.SY 2403.19806
cs.SY 2403.20075
cs.SY 2403.20128
cs.SY 2403.20149
cs.SY 2403.20198
cs.SY 2403.20258
cs.SY 2403.20294
cs.SY 2403.19901
cs.SY 2403.19903
cs.SY 2403.19956
cs.SY 2403.20029
cs.SY 2403.20141
cs.SY 2404.00112
cs.SY 2404.00204
cs.SY 2404.00340
cs.SY 2404.00369
cs.SY 2404.00481
cs.SY 2404.00525
cs.SY 2404.00543
cs.SY 2404.00568
cs.SY 2404.00608
cs.SY 2404.00622
cs.SY 2404.00733
cs.SY 2404.00783
cs.SY 2404.00797
cs.SY 2404.00814
cs.SY 2404.01110
cs.SY 2404.01167
cs.SY 2404.01255
cs.SY 2404.01259
cs.SY 2404.00036
cs.SY 2404.00040
cs.SY 2404.00066
cs.SY 2404.00200
cs.SY 2404.00247
cs.SY 2404.00370
cs.SY 2404.00394
cs.SY 2404.00434
cs.SY 2404.00553
cs.SY 2404.00559
cs.SY 2404.00625
cs.SY 2404.00729
cs.SY 2404.00850
cs.SY 2404.00961
cs.SY 2404.00968
cs.SY 2404.01066
cs.SY 2404.01100
cs.SY 2404.01103
cs.SY 2404.01125
cs.SY 2404.01155
cs.SY 2404.01164
cs.SY 2404.01205
cs.SY 2404.01441
cs.SY 2404.01523
cs.SY 2404.01530
cs.SY 2404.01550
cs.SY 2404.01551
cs.SY 2404.01632
cs.SY 2404.01636
cs.SY 2404.01661
cs.SY 2404.01741
cs.SY 2404.01796
cs.SY 2404.01803
cs.SY 2404.01829
cs.SY 2404.01850
cs.SY 2404.01445
cs.SY 2404.01468
cs.SY 2404.01575
cs.SY 2404.01609
cs.SY 2404.01726
cs.SY 2404.01814
cs.SY 2404.01820
cs.SY 2404.01861
cs.SY 2404.01871
cs.SY 2404.01901
cs.SY 2404.01949
cs.SY 2404.02014
cs.SY 2404.02023
cs.SY 2404.02111
cs.SY 2404.02291
cs.SY 2404.02327
cs.SY 2404.02472
cs.SY 2404.02502
cs.SY 2404.02687
cs.SY 2404.02770
cs.SY 2404.02898
cs.SY 2404.02336
cs.SY 2404.02374
cs.SY 2404.02407
cs.SY 2404.02458
cs.SY 2404.02486
cs.SY 2404.02555
cs.SY 2404.02568
cs.SY 2404.02574
cs.SY 2404.02596
cs.SY 2404.02721
cs.SY 2404.02727
cs.SY 2404.02763
cs.SY 2404.02911
cs.SY 2404.02923
cs.SY 2404.02944
cs.SY 2404.03103
cs.SY 2404.03115
cs.SY 2404.03137
cs.SY 2404.03172
cs.SY 2404.03211
cs.SY 2404.03222
cs.SY 2404.03307
cs.SY 2404.03314
cs.SY 2404.03320
cs.SY 2404.03368
cs.SY 2404.03444
cs.SY 2404.03468
cs.SY 2404.02920
cs.SY 2404.02988
cs.SY 2404.03017
cs.SY 2404.03074
cs.SY 2404.03197
cs.SY 2404.03308
cs.SY 2404.03358
cs.SY 2404.03409
cs.SY 2404.03525
cs.SY 2404.03594
cs.MA 2403.19781
cs.MA 2403.20161
cs.MA 2403.20300
cs.MA 2404.00045
cs.MA 2404.00143
cs.MA 2404.00203
cs.MA 2404.00369
cs.MA 2404.00631
cs.MA 2404.00717
cs.MA 2404.00733
cs.MA 2404.01041
cs.MA 2404.00622
cs.MA 2404.01114
cs.MA 2404.01131
cs.MA 2404.01752
cs.MA 2404.01999
cs.MA 2404.01551
cs.MA 2404.01557
cs.MA 2404.02183
cs.MA 2404.02289
cs.MA 2404.02448
cs.MA 2404.02361
cs.MA 2404.03596
cs.MA 2404.03066
cs.MA 2404.03101
cs.MA 2404.03431
cs.MA 2404.03554
stat.ML 2403.19720
stat.ML 2403.19752
stat.ML 2403.19851
stat.ML 2403.20149
stat.ML 2403.20197
stat.ML 2403.20200
stat.ML 2403.20033
stat.ML 2403.20233
stat.ML 2403.20250
stat.ML 2404.00015
stat.ML 2404.00042
stat.ML 2404.00085
stat.ML 2404.00099
stat.ML 2404.00221
stat.ML 2404.00438
stat.ML 2404.00474
stat.ML 2404.00505
stat.ML 2404.00522
stat.ML 2404.00688
stat.ML 2404.00735
stat.ML 2404.00768
stat.ML 2404.00776
stat.ML 2404.00793
stat.ML 2404.00912
stat.ML 2404.01100
stat.ML 2404.01111
stat.ML 2404.01141
stat.ML 2404.01198
stat.ML 2404.01216
stat.ML 2404.01233
stat.ML 2404.01245
stat.ML 2404.00145
stat.ML 2404.00218
stat.ML 2404.00220
stat.ML 2404.00481
stat.ML 2404.00551
stat.ML 2404.00751
stat.ML 2404.01153
stat.ML 2404.01200
stat.ML 2404.01308
stat.ML 2404.01413
stat.ML 2404.01509
stat.ML 2404.01595
stat.ML 2404.01730
stat.ML 2404.01866
stat.ML 2404.01930
stat.ML 2404.02141
stat.ML 2404.02151
stat.ML 2404.01436
stat.ML 2404.01521
stat.ML 2404.01608
stat.ML 2404.01697
stat.ML 2404.01830
stat.ML 2404.01832
stat.ML 2404.01883
stat.ML 2404.02179
stat.ML 2404.02343
stat.ML 2404.02438
stat.ML 2404.02446
stat.ML 2404.02591
stat.ML 2404.02866
stat.ML 2404.02254
stat.ML 2404.02538
stat.ML 2404.02873
stat.ML 2404.02270
stat.ML 2404.02954
stat.ML 2404.02986
stat.ML 2404.03050
stat.ML 2404.03099
stat.ML 2404.03163
stat.ML 2404.03250
stat.ML 2404.03272
stat.ML 2404.03273
stat.ML 2404.03329
stat.ML 2404.03331
stat.ML 2404.03524
stat.ML 2404.03578
stat.ML 2404.03586
stat.ML 2404.03506
eess.IV 2403.19721
eess.IV 2403.19944
eess.IV 2403.20142
eess.IV 2403.20195
eess.IV 2403.19880
eess.IV 2403.19882
eess.IV 2403.19966
eess.IV 2403.19983
eess.IV 2403.20018
eess.IV 2403.20035
eess.IV 2403.20058
eess.IV 2403.20168
eess.IV 2404.00032
eess.IV 2404.00122
eess.IV 2404.00257
eess.IV 2404.00260
eess.IV 2404.00362
eess.IV 2404.00471
eess.IV 2404.00510
eess.IV 2404.00545
eess.IV 2404.00777
eess.IV 2404.00807
eess.IV 2404.00861
eess.IV 2404.01024
eess.IV 2404.01121
eess.IV 2404.01123
eess.IV 2404.01170
eess.IV 2404.01298
eess.IV 2404.00067
eess.IV 2404.00132
eess.IV 2404.00144
eess.IV 2404.00252
eess.IV 2404.00253
eess.IV 2404.00327
eess.IV 2404.00352
eess.IV 2404.00432
eess.IV 2404.00549
eess.IV 2404.00558
eess.IV 2404.00726
eess.IV 2404.00767
eess.IV 2404.00837
eess.IV 2404.00896
eess.IV 2404.00951
eess.IV 2404.01082
eess.IV 2404.01102
eess.IV 2404.01192
eess.IV 2404.01330
eess.IV 2404.01518
eess.IV 2404.01604
eess.IV 2404.01654
eess.IV 2404.01717
eess.IV 2404.02135
eess.IV 2404.01360
eess.IV 2404.01464
eess.IV 2404.01553
eess.IV 2404.01563
eess.IV 2404.01671
eess.IV 2404.01723
eess.IV 2404.01765
eess.IV 2404.01816
eess.IV 2404.01929
eess.IV 2404.01946
eess.IV 2404.02185
eess.IV 2404.02348
eess.IV 2404.02382
eess.IV 2404.02384
eess.IV 2404.02394
eess.IV 2404.02481
eess.IV 2404.02518
eess.IV 2404.02614
eess.IV 2404.02731
eess.IV 2404.02744
eess.IV 2404.02813
eess.IV 2404.03210
eess.IV 2404.03251
eess.IV 2404.03296
eess.IV 2404.03327
eess.IV 2404.02999
eess.IV 2404.03010
eess.IV 2404.03126
eess.IV 2404.03188
eess.IV 2404.03209
eess.IV 2404.03253
eess.IV 2404.03425
eess.IV 2404.03541
eess.IV 2404.03547
eess.IV 2404.03595
stat.AP 2403.19757
stat.AP 2403.19853
stat.AP 2403.19988
stat.AP 2403.20057
stat.AP 2403.20214
stat.AP 2403.19929
stat.AP 2404.00013
stat.AP 2404.00319
stat.AP 2404.00359
stat.AP 2404.00538
stat.AP 2404.00670
stat.AP 2404.00109
stat.AP 2404.01333
stat.AP 2404.01387
stat.AP 2404.01467
stat.AP 2404.01468
stat.AP 2404.01469
stat.AP 2404.01478
stat.AP 2404.02120
stat.AP 2404.02228
stat.AP 2404.02270
stat.AP 2404.02283
stat.AP 2404.02594
stat.AP 2404.02691
stat.AP 2404.02778
stat.AP 2404.03029
stat.AP 2404.03034
stat.AP 2404.03404
stat.AP 2404.03086
stat.AP 2404.03160
stat.TH 2403.19818
stat.TH 2403.20027
stat.TH 2403.19720
stat.TH 2403.20200
stat.TH 2404.00221
stat.TH 2404.00744
stat.TH 2404.00768
stat.TH 2404.00864
stat.TH 2404.00935
stat.TH 2404.01153
stat.TH 2404.00157
stat.TH 2404.00294
stat.TH 2404.00398
stat.TH 2404.00630
stat.TH 2404.00753
stat.TH 2404.00784
stat.TH 2404.00888
stat.TH 2404.00912
stat.TH 2404.01233
stat.TH 2404.01245
stat.TH 2404.01333
stat.TH 2404.01734
stat.TH 2404.01977
stat.TH 2404.01390
stat.TH 2404.02070
stat.TH 2404.02169
stat.TH 2404.02414
stat.TH 2404.02453
stat.TH 2404.02513
stat.TH 2404.02542
stat.TH 2404.02643
stat.TH 2404.02736
stat.TH 2404.03059
stat.TH 2404.03272
stat.TH 2404.03273
stat.TH 2404.03453
stat.TH 2404.03064
stat.TH 2404.03346
stat.TH 2404.03484
stat.TH 2404.03548
cs.NI 2403.19248
cs.NI 2403.19729
cs.NI 2403.19730
cs.NI 2403.19731
cs.NI 2403.19825
cs.NI 2403.19833
cs.NI 2403.19914
cs.NI 2403.19931
cs.NI 2403.19973
cs.NI 2403.20045
cs.NI 2403.20188
cs.NI 2403.20199
cs.NI 2404.00056
cs.NI 2404.00505
cs.NI 2404.00954
cs.NI 2404.01229
cs.NI 2404.00904
cs.NI 2404.00988
cs.NI 2404.01551
cs.NI 2404.01713
cs.NI 2404.01523
cs.NI 2404.01530
cs.NI 2404.01570
cs.NI 2404.01583
cs.NI 2404.01617
cs.NI 2404.01630
cs.NI 2404.01638
cs.NI 2404.01683
cs.NI 2404.01704
cs.NI 2404.02898
cs.NI 2404.02158
cs.NI 2404.02648
cs.NI 2404.03066
cs.NI 2404.03088
cs.NI 2404.02908
cs.NI 2404.03013
cs.NI 2404.03025
cs.NI 2404.03033
cs.NI 2404.03284
cs.NI 2404.03321
eess.SP 2403.19704
eess.SP 2403.19785
eess.SP 2403.19800
eess.SP 2403.19816
eess.SP 2403.19849
eess.SP 2403.19943
eess.SP 2403.19971
eess.SP 2403.19996
eess.SP 2403.20025
eess.SP 2403.20091
eess.SP 2403.20197
eess.SP 2403.20228
eess.SP 2403.20294
eess.SP 2403.20324
eess.SP 2403.19705
eess.SP 2403.19706
eess.SP 2403.19853
eess.SP 2403.19865
eess.SP 2403.19951
eess.SP 2403.20006
eess.SP 2403.20020
eess.SP 2403.20237
eess.SP 2404.00076
eess.SP 2404.00136
eess.SP 2404.00265
eess.SP 2404.00309
eess.SP 2404.00371
eess.SP 2404.00414
eess.SP 2404.00426
eess.SP 2404.00598
eess.SP 2404.00612
eess.SP 2404.00628
eess.SP 2404.00631
eess.SP 2404.00872
eess.SP 2404.00953
eess.SP 2404.01059
eess.SP 2404.01148
eess.SP 2404.00128
eess.SP 2404.00582
eess.SP 2404.00780
eess.SP 2404.00827
eess.SP 2404.00954
eess.SP 2404.00982
eess.SP 2404.01088
eess.SP 2404.01119
eess.SP 2404.01195
eess.SP 2404.01479
eess.SP 2404.01517
eess.SP 2404.01654
eess.SP 2404.01672
eess.SP 2404.01784
eess.SP 2404.02143
eess.SP 2404.01815
eess.SP 2404.01850
eess.SP 2404.01875
eess.SP 2404.02159
eess.SP 2404.02286
eess.SP 2404.02461
eess.SP 2404.02531
eess.SP 2404.02661
eess.SP 2404.02811
eess.SP 2404.02349
eess.SP 2404.02432
eess.SP 2404.02467
eess.SP 2404.02477
eess.SP 2404.02621
eess.SP 2404.02663
eess.SP 2404.02757
eess.SP 2404.03068
eess.SP 2404.03088
eess.SP 2404.03096
eess.SP 2404.03279
eess.SP 2404.03285
eess.SP 2404.03329
eess.SP 2404.03368
eess.SP 2404.03440
eess.SP 2404.03468
eess.SP 2404.03547
eess.SP 2404.03595
eess.SP 2404.03072
eess.SP 2404.03077
eess.SP 2404.03154
eess.SP 2404.03227
eess.SP 2404.03313
eess.SP 2404.03401
eess.SP 2404.03408
eess.SP 2404.03449
eess.SP 2404.03549
stat.CO 2403.20007
stat.CO 2403.20313
stat.CO 2403.20152
stat.CO 2404.00912
stat.CO 2404.01688
stat.CO 2404.02141
stat.CO 2404.01431
stat.CO 2404.01902
stat.CO 2404.02313
stat.CO 2404.02774
stat.CO 2404.03116
eess.AS 2403.19763
eess.AS 2403.20130
eess.AS 2403.20202
eess.AS 2403.20289
eess.AS 2403.19709
eess.AS 2403.19971
eess.AS 2403.20090
eess.AS 2403.20184
eess.AS 2404.00124
eess.AS 2404.00470
eess.AS 2404.00569
eess.AS 2404.00656
eess.AS 2404.00775
eess.AS 2404.00789
eess.AS 2404.00791
eess.AS 2404.00856
eess.AS 2404.00989
eess.AS 2404.01058
eess.AS 2404.00082
eess.AS 2404.00685
eess.AS 2404.00809
eess.AS 2404.00861
eess.AS 2404.00863
eess.AS 2404.01033
eess.AS 2404.01611
eess.AS 2404.01616
eess.AS 2404.01620
eess.AS 2404.01657
eess.AS 2404.01740
eess.AS 2404.01751
eess.AS 2404.01981
eess.AS 2404.02000
eess.AS 2404.02063
eess.AS 2404.02088
eess.AS 2404.01716
eess.AS 2404.01737
eess.AS 2404.02252
eess.AS 2404.02342
eess.AS 2404.02456
eess.AS 2404.02592
eess.AS 2404.02710
eess.AS 2404.02677
eess.AS 2404.02781
eess.AS 2404.03073
eess.AS 2404.03179
eess.AS 2404.03312
eess.AS 2404.03520
eess.AS 2404.03606
eess.AS 2404.03204
eess.AS 2404.03436
math.DS 2403.20139
math.DS 2403.20299
math.DS 2403.19858
math.DS 2403.19954
math.DS 2403.19958
math.DS 2403.19960
math.DS 2403.20054
math.DS 2403.20069
math.DS 2403.20111
math.DS 2403.20211
math.DS 2404.00003
math.DS 2404.00038
math.DS 2404.00199
math.DS 2404.00365
math.DS 2404.00508
math.DS 2404.00664
math.DS 2404.00721
math.DS 2404.00804
math.DS 2404.00977
math.DS 2404.00993
math.DS 2404.01032
math.DS 2404.00077
math.DS 2404.00078
math.DS 2404.00307
math.DS 2404.00337
math.DS 2404.00535
math.DS 2404.00601
math.DS 2404.00662
math.DS 2404.00700
math.DS 2404.00731
math.DS 2404.00958
math.DS 2404.01000
math.DS 2404.01073
math.DS 2404.01422
math.DS 2404.01468
math.DS 2404.01559
math.DS 2404.01972
math.DS 2404.01463
math.DS 2404.01721
math.DS 2404.01824
math.DS 2404.02036
math.DS 2404.02066
math.DS 2404.02336
math.DS 2404.02358
math.DS 2404.02381
math.DS 2404.02816
math.DS 2404.02182
math.DS 2404.02209
math.DS 2404.02223
math.DS 2404.02312
math.DS 2404.02341
math.DS 2404.02352
math.DS 2404.02371
math.DS 2404.02550
math.DS 2404.02694
math.DS 2404.02704
math.DS 2404.03066
math.DS 2404.03158
math.DS 2404.03409
math.DS 2404.03464
math.DS 2404.03594
math.DS 2404.03649
math.DS 2404.03169
math.DS 2404.03241
math.DS 2404.03316
math.DS 2404.03350
math.DS 2404.03357
math.DS 2404.03559
math.OC 2403.19847
math.OC 2403.19871
math.OC 2403.19966
math.OC 2403.20028
math.OC 2403.20128
math.OC 2403.20227
math.OC 2403.19769
math.OC 2403.19834
math.OC 2403.19869
math.OC 2403.20104
math.OC 2403.20113
math.OC 2403.20181
math.OC 2403.20205
math.OC 2403.20238
math.OC 2403.20258
math.OC 2403.20290
math.OC 2403.20292
math.OC 2403.20294
math.OC 2404.00039
math.OC 2404.00041
math.OC 2404.00059
math.OC 2404.00146
math.OC 2404.00153
math.OC 2404.00200
math.OC 2404.00208
math.OC 2404.00370
math.OC 2404.00438
math.OC 2404.00520
math.OC 2404.00666
math.OC 2404.00721
math.OC 2404.00810
math.OC 2404.00967
math.OC 2404.01090
math.OC 2404.01100
math.OC 2404.01224
math.OC 2404.01257
math.OC 2404.00002
math.OC 2404.00003
math.OC 2404.00005
math.OC 2404.00008
math.OC 2404.00010
math.OC 2404.00038
math.OC 2404.00042
math.OC 2404.00046
math.OC 2404.00053
math.OC 2404.00055
math.OC 2404.00112
math.OC 2404.00158
math.OC 2404.00170
math.OC 2404.00178
math.OC 2404.00199
math.OC 2404.00382
math.OC 2404.00390
math.OC 2404.00543
math.OC 2404.00568
math.OC 2404.00605
math.OC 2404.00608
math.OC 2404.00635
math.OC 2404.00697
math.OC 2404.00713
math.OC 2404.00764
math.OC 2404.00765
math.OC 2404.00805
math.OC 2404.00824
math.OC 2404.00881
math.OC 2404.00940
math.OC 2404.01018
math.OC 2404.01167
math.OC 2404.01209
math.OC 2404.01255
math.OC 2404.01259
math.OC 2404.01267
math.OC 2404.01390
math.OC 2404.01436
math.OC 2404.01498
math.OC 2404.01550
math.OC 2404.01714
math.OC 2404.01814
math.OC 2404.01539
math.OC 2404.01586
math.OC 2404.01613
math.OC 2404.01766
math.OC 2404.01827
math.OC 2404.01829
math.OC 2404.01841
math.OC 2404.01896
math.OC 2404.02006
math.OC 2404.02031
math.OC 2404.02080
math.OC 2404.02086
math.OC 2404.02343
math.OC 2404.02458
math.OC 2404.02551
math.OC 2404.02564
math.OC 2404.02623
math.OC 2404.02721
math.OC 2404.02727
math.OC 2404.02828
math.OC 2404.02873
math.OC 2404.02881
math.OC 2404.02239
math.OC 2404.02298
math.OC 2404.02320
math.OC 2404.02322
math.OC 2404.02327
math.OC 2404.02378
math.OC 2404.02442
math.OC 2404.02448
math.OC 2404.02476
math.OC 2404.02502
math.OC 2404.02511
math.OC 2404.02546
math.OC 2404.02605
math.OC 2404.02635
math.OC 2404.02816
math.OC 2404.02820
math.OC 2404.02825
math.OC 2404.02871
math.OC 2404.02876
math.OC 2404.02901
math.OC 2403.19667
math.OC 2404.03017
math.OC 2404.03074
math.OC 2404.03094
math.OC 2404.03105
math.OC 2404.03218
math.OC 2404.03290
math.OC 2404.03309
math.OC 2404.03594
math.OC 2404.03610
math.OC 2404.02996
math.OC 2404.03035
math.OC 2404.03091
math.OC 2404.03137
math.OC 2404.03271
math.OC 2404.03282
math.OC 2404.03331
math.OC 2404.03355
math.OC 2404.03371
math.OC 2404.03372
math.OC 2404.03383
math.OC 2404.03467
math.OC 2404.03521
math.OC 2404.03536
math.OC 2404.03604
math.OC 2404.03647
math.PR 2403.19803
math.PR 2403.19858
math.PR 2403.19978
math.PR 2403.20054
math.PR 2403.20094
math.PR 2403.20200
math.PR 2403.20238
math.PR 2403.20257
math.PR 2403.20259
math.PR 2403.20292
math.PR 2403.20325
math.PR 2403.19719
math.PR 2403.19860
math.PR 2403.19932
math.PR 2403.20010
math.PR 2403.20027
math.PR 2403.20185
math.PR 2403.20192
math.PR 2403.20206
math.PR 2403.20243
math.PR 2404.00046
math.PR 2404.00084
math.PR 2404.00294
math.PR 2404.00314
math.PR 2404.00768
math.PR 2404.00784
math.PR 2404.00793
math.PR 2404.00822
math.PR 2404.00832
math.PR 2404.01142
math.PR 2404.00239
math.PR 2404.00293
math.PR 2404.00348
math.PR 2404.00435
math.PR 2404.00709
math.PR 2404.01115
math.PR 2404.01118
math.PR 2404.01149
math.PR 2404.01545
math.PR 2404.02001
math.PR 2404.01348
math.PR 2404.01666
math.PR 2404.01762
math.PR 2404.01795
math.PR 2404.01916
math.PR 2404.02076
math.PR 2404.02262
math.PR 2404.02308
math.PR 2404.02487
math.PR 2404.02870
math.PR 2404.02266
math.PR 2404.02267
math.PR 2404.02351
math.PR 2404.02401
math.PR 2404.02547
math.PR 2404.02554
math.PR 2404.02590
math.PR 2404.02855
math.PR 2404.02862
math.PR 2404.02888
math.PR 2404.03513
math.PR 2404.03548
math.PR 2404.02984
math.PR 2404.03243
math.PR 2404.03400
math.PR 2404.03453
math.PR 2404.03534
math.PR 2404.03627
