cs.DB 2404.07354
cs.DB 2404.07663
cs.DB 2404.08669
cs.DB 2404.09674
cs.DB 2404.08727
cs.DB 2404.08901
cs.DB 2404.09109
cs.DB 2404.09637
cs.DB 2404.10150
cs.DB 2404.10086
cs.DB 2404.10413
cs.DB 2404.11581
cs.DB 2404.11105
cs.DB 2404.11450
cs.DB 2404.12107
cs.DB 2404.12128
cs.CE 2404.08186
cs.CE 2404.08320
cs.CE 2404.08371
cs.CE 2404.08664
cs.CE 2404.08850
cs.CE 2404.08935
cs.CE 2404.08976
cs.CE 2404.09260
cs.CE 2404.09393
cs.CE 2404.09419
cs.CE 2404.10010
cs.CE 2404.10022
cs.CE 2404.10324
cs.CE 2404.10354
cs.CE 2404.10573
cs.CE 2404.10686
cs.CE 2404.10175
cs.CE 2404.10208
cs.CE 2404.11439
cs.CE 2404.12001
cs.CE 2404.12063
cs.CE 2404.12086
cs.CE 2404.12244
cs.CE 2404.12317
cs.CG 2404.07562
cs.CG 2404.08104
cs.CG 2404.08754
cs.CG 2404.09411
cs.CG 2404.09661
cs.CG 2404.09771
cs.CG 2404.09835
cs.CG 2307.00071
cs.CG 2404.12287
cs.DM 2404.08072
cs.DM 2404.08400
cs.DM 2404.08415
cs.DM 2404.08577
cs.DM 2404.09444
cs.DM 2404.09437
cs.DM 2404.09981
cs.DM 2404.10143
cs.DM 2404.10390
cs.DM 2404.10426
cs.DM 2404.10638
cs.DM 2404.10670
cs.DM 2404.10888
cs.DM 2404.10961
cs.DM 2404.11389
cs.DM 2404.12287
cs.AI 2309.09296
cs.AI 2404.08001
cs.AI 2404.08006
cs.AI 2404.08013
cs.AI 2404.08017
cs.AI 2404.08018
cs.AI 2404.08021
cs.AI 2404.08027
cs.AI 2404.08029
cs.AI 2404.08030
cs.AI 2404.08031
cs.AI 2404.08061
cs.AI 2404.08064
cs.AI 2404.08068
cs.AI 2404.08078
cs.AI 2404.08080
cs.AI 2404.08092
cs.AI 2404.08093
cs.AI 2404.08111
cs.AI 2404.08113
cs.AI 2404.08126
cs.AI 2404.08127
cs.AI 2404.08144
cs.AI 2404.08161
cs.AI 2404.08164
cs.AI 2404.08189
cs.AI 2404.08221
cs.AI 2404.08233
cs.AI 2404.08237
cs.AI 2404.08239
cs.AI 2404.08242
cs.AI 2404.08262
cs.AI 2404.08263
cs.AI 2404.08285
cs.AI 2404.08309
cs.AI 2404.08313
cs.AI 2404.08322
cs.AI 2404.08359
cs.AI 2404.08361
cs.AI 2404.08376
cs.AI 2404.08382
cs.AI 2404.08398
cs.AI 2404.08401
cs.AI 2404.08408
cs.AI 2404.08412
cs.AI 2404.08414
cs.AI 2404.08417
cs.AI 2404.08424
cs.AI 2404.08434
cs.AI 2404.08458
cs.AI 2404.08461
cs.AI 2404.08471
cs.AI 2404.08476
cs.AI 2404.08491
cs.AI 2404.08495
cs.AI 2404.08501
cs.AI 2404.08513
cs.AI 2404.08517
cs.AI 2404.08523
cs.AI 2404.08544
cs.AI 2404.08555
cs.AI 2404.08561
cs.AI 2404.08562
cs.AI 2404.08567
cs.AI 2404.08570
cs.AI 2404.08579
cs.AI 2404.08582
cs.AI 2404.08589
cs.AI 2404.08590
cs.AI 2404.08611
cs.AI 2404.08627
cs.AI 2404.08630
cs.AI 2404.08634
cs.AI 2404.08020
cs.AI 2404.08295
cs.AI 2404.08404
cs.AI 2404.08511
cs.AI 2404.08543
cs.AI 2007.07268
cs.AI 2204.08502
cs.AI 2204.09069
cs.AI 2301.07150
cs.AI 2403.07076
cs.AI 2404.08652
cs.AI 2404.08654
cs.AI 2404.08655
cs.AI 2404.08656
cs.AI 2404.08664
cs.AI 2404.08668
cs.AI 2404.08672
cs.AI 2404.08673
cs.AI 2404.08674
cs.AI 2404.08675
cs.AI 2404.08677
cs.AI 2404.08679
cs.AI 2404.08684
cs.AI 2404.08687
cs.AI 2404.08690
cs.AI 2404.08692
cs.AI 2404.08695
cs.AI 2404.08699
cs.AI 2404.08700
cs.AI 2404.08704
cs.AI 2404.08705
cs.AI 2404.08707
cs.AI 2404.08708
cs.AI 2404.08710
cs.AI 2404.08721
cs.AI 2404.08726
cs.AI 2404.08727
cs.AI 2404.08747
cs.AI 2404.08755
cs.AI 2404.08760
cs.AI 2404.08786
cs.AI 2404.08789
cs.AI 2404.08799
cs.AI 2404.08811
cs.AI 2404.08814
cs.AI 2404.08825
cs.AI 2404.08828
cs.AI 2404.08836
cs.AI 2404.08844
cs.AI 2404.08856
cs.AI 2404.08857
cs.AI 2404.08858
cs.AI 2404.08866
cs.AI 2404.08872
cs.AI 2404.08886
cs.AI 2404.08892
cs.AI 2404.08931
cs.AI 2404.08937
cs.AI 2404.08939
cs.AI 2404.08964
cs.AI 2404.08978
cs.AI 2404.08985
cs.AI 2404.08986
cs.AI 2404.08990
cs.AI 2404.08991
cs.AI 2404.08995
cs.AI 2404.09001
cs.AI 2404.09005
cs.AI 2404.09016
cs.AI 2404.09022
cs.AI 2404.09042
cs.AI 2404.09045
cs.AI 2404.09051
cs.AI 2404.09067
cs.AI 2404.09077
cs.AI 2404.09091
cs.AI 2404.09101
cs.AI 2404.09105
cs.AI 2404.09110
cs.AI 2404.09114
cs.AI 2404.09123
cs.AI 2404.09136
cs.AI 2404.09138
cs.AI 2404.09145
cs.AI 2404.09146
cs.AI 2404.09155
cs.AI 2404.09158
cs.AI 2404.09163
cs.AI 2404.09167
cs.AI 2404.09172
cs.AI 2404.09173
cs.AI 2404.09192
cs.AI 2404.09204
cs.AI 2404.09210
cs.AI 2404.09221
cs.AI 2404.09248
cs.AI 2404.09259
cs.AI 2404.09263
cs.AI 2404.09265
cs.AI 2404.09275
cs.AI 2404.09286
cs.AI 2404.09292
cs.AI 2404.09302
cs.AI 2404.09313
cs.AI 2404.09317
cs.AI 2404.09322
cs.AI 2404.09326
cs.AI 2404.09331
cs.AI 2404.09336
cs.AI 2404.09339
cs.AI 2404.09352
cs.AI 2404.09356
cs.AI 2404.09359
cs.AI 2404.09366
cs.AI 2404.09384
cs.AI 2404.09387
cs.AI 2404.09391
cs.AI 2404.09401
cs.AI 2404.09402
cs.AI 2404.09405
cs.AI 2404.09432
cs.AI 2404.09445
cs.AI 2404.09462
cs.AI 2404.09465
cs.AI 2404.09470
cs.AI 2404.09475
cs.AI 2404.09480
cs.AI 2404.09516
cs.AI 2404.09521
cs.AI 2404.09529
cs.AI 2404.09530
cs.AI 2404.09533
cs.AI 2404.09536
cs.AI 2404.09537
cs.AI 2404.09544
cs.AI 2404.09557
cs.AI 2404.09559
cs.AI 2404.09562
cs.AI 2404.09565
cs.AI 2404.09574
cs.AI 2404.09576
cs.AI 2404.09577
cs.AI 2404.09579
cs.AI 2404.09595
cs.AI 2404.09601
cs.AI 2404.09606
cs.AI 2404.09610
cs.AI 2404.09613
cs.AI 2404.09619
cs.AI 2404.09622
cs.AI 2404.09625
cs.AI 2404.09636
cs.AI 2404.09652
cs.AI 2404.09682
cs.AI 2404.09687
cs.AI 2404.09690
cs.AI 2404.09695
cs.AI 2404.09696
cs.AI 2404.09707
cs.AI 2404.09715
cs.AI 2404.09717
cs.AI 2404.09722
cs.AI 2404.09738
cs.AI 2404.09752
cs.AI 2404.09760
cs.AI 2404.09763
cs.AI 2404.09828
cs.AI 2404.09830
cs.AI 2404.09833
cs.AI 2404.09857
cs.AI 2404.09889
cs.AI 2404.09921
cs.AI 2404.09931
cs.AI 2404.09932
cs.AI 2404.09937
cs.AI 2404.09941
cs.AI 2404.09946
cs.AI 2404.09956
cs.AI 2404.09967
cs.AI 2404.09990
cs.AI 2404.09992
cs.AI 2404.09995
cs.AI 2404.08706
cs.AI 2404.08791
cs.AI 2404.08837
cs.AI 2404.08850
cs.AI 2404.09304
cs.AI 2404.09305
cs.AI 2404.09468
cs.AI 2404.09554
cs.AI 2404.09587
cs.AI 2404.09631
cs.AI 2404.09848
cs.AI 2404.09877
cs.AI 2404.09897
cs.AI 2404.09939
cs.AI 2404.10014
cs.AI 2404.10017
cs.AI 2404.10019
cs.AI 2404.10031
cs.AI 2404.10054
cs.AI 2404.10096
cs.AI 2404.10135
cs.AI 2404.10136
cs.AI 2404.10142
cs.AI 2404.10162
cs.AI 2404.10163
cs.AI 2404.10170
cs.AI 2404.10177
cs.AI 2404.10179
cs.AI 2404.10180
cs.AI 2404.10198
cs.AI 2404.10199
cs.AI 2404.10202
cs.AI 2404.10211
cs.AI 2404.10218
cs.AI 2404.10220
cs.AI 2404.10225
cs.AI 2404.10241
cs.AI 2404.10242
cs.AI 2404.10259
cs.AI 2404.10260
cs.AI 2404.10267
cs.AI 2404.10271
cs.AI 2404.10275
cs.AI 2404.10281
cs.AI 2404.10289
cs.AI 2404.10296
cs.AI 2404.10297
cs.AI 2404.10299
cs.AI 2404.10307
cs.AI 2404.10308
cs.AI 2404.10311
cs.AI 2404.10320
cs.AI 2404.10332
cs.AI 2404.10356
cs.AI 2404.10378
cs.AI 2404.10384
cs.AI 2404.10386
cs.AI 2404.10393
cs.AI 2404.10405
cs.AI 2404.10425
cs.AI 2404.10433
cs.AI 2404.10443
cs.AI 2404.10445
cs.AI 2404.10454
cs.AI 2404.10458
cs.AI 2404.10464
cs.AI 2404.10499
cs.AI 2404.10500
cs.AI 2404.10501
cs.AI 2404.10503
cs.AI 2404.10508
cs.AI 2404.10513
cs.AI 2404.10534
cs.AI 2404.10539
cs.AI 2404.10552
cs.AI 2404.10574
cs.AI 2404.10575
cs.AI 2404.10591
cs.AI 2404.10597
cs.AI 2404.10606
cs.AI 2404.10636
cs.AI 2404.10645
cs.AI 2404.10662
cs.AI 2404.10679
cs.AI 2404.10704
cs.AI 2404.10717
cs.AI 2404.10730
cs.AI 2404.10774
cs.AI 2404.10775
cs.AI 2404.10024
cs.AI 2404.10097
cs.AI 2404.10102
cs.AI 2404.10160
cs.AI 2404.10200
cs.AI 2404.10209
cs.AI 2404.10226
cs.AI 2404.10234
cs.AI 2404.10274
cs.AI 2404.10317
cs.AI 2404.10329
cs.AI 2404.10337
cs.AI 2404.10387
cs.AI 2404.10416
cs.AI 2404.10429
cs.AI 2404.10498
cs.AI 2404.10505
cs.AI 2404.10551
cs.AI 2404.10573
cs.AI 2404.10579
cs.AI 2404.10618
cs.AI 2404.10646
cs.AI 2404.10683
cs.AI 2404.10731
cs.AI 2404.10733
cs.AI 2404.10740
cs.AI 2404.10763
cs.AI 2404.10782
cs.AI 2404.10786
cs.AI 2404.10788
cs.AI 2404.10789
cs.AI 2404.10790
cs.AI 2404.10795
cs.AI 2404.10800
cs.AI 2404.10824
cs.AI 2404.10830
cs.AI 2404.10843
cs.AI 2404.10848
cs.AI 2404.10849
cs.AI 2404.10880
cs.AI 2404.10896
cs.AI 2404.10924
cs.AI 2404.10934
cs.AI 2404.10942
cs.AI 2404.10946
cs.AI 2404.10952
cs.AI 2404.10960
cs.AI 2404.10976
cs.AI 2404.10978
cs.AI 2404.10981
cs.AI 2404.11008
cs.AI 2404.11014
cs.AI 2404.11015
cs.AI 2404.11016
cs.AI 2404.11018
cs.AI 2404.11049
cs.AI 2404.11056
cs.AI 2404.11064
cs.AI 2404.11068
cs.AI 2404.11072
cs.AI 2404.11075
cs.AI 2404.11086
cs.AI 2404.11095
cs.AI 2404.11116
cs.AI 2404.11121
cs.AI 2404.11124
cs.AI 2404.11171
cs.AI 2404.11172
cs.AI 2404.11181
cs.AI 2404.11207
cs.AI 2404.11213
cs.AI 2404.11214
cs.AI 2404.11216
cs.AI 2404.11225
cs.AI 2404.11230
cs.AI 2404.11243
cs.AI 2404.11269
cs.AI 2404.11280
cs.AI 2404.11313
cs.AI 2404.11317
cs.AI 2404.11335
cs.AI 2404.11343
cs.AI 2404.11350
cs.AI 2404.11370
cs.AI 2404.11422
cs.AI 2404.11446
cs.AI 2404.11457
cs.AI 2404.11461
cs.AI 2404.11475
cs.AI 2404.11477
cs.AI 2404.11488
cs.AI 2404.11492
cs.AI 2404.11496
cs.AI 2404.11499
cs.AI 2404.11500
cs.AI 2404.11502
cs.AI 2404.11534
cs.AI 2404.11536
cs.AI 2404.11553
cs.AI 2404.11565
cs.AI 2404.11577
cs.AI 2404.11578
cs.AI 2404.11589
cs.AI 2404.11605
cs.AI 2404.11606
cs.AI 2404.10883
cs.AI 2404.10889
cs.AI 2404.10890
cs.AI 2404.10901
cs.AI 2404.10906
cs.AI 2404.10907
cs.AI 2404.10933
cs.AI 2404.10991
cs.AI 2404.11027
cs.AI 2404.11041
cs.AI 2404.11046
cs.AI 2404.11122
cs.AI 2404.11144
cs.AI 2404.11148
cs.AI 2404.11160
cs.AI 2404.11208
cs.AI 2404.11209
cs.AI 2404.11276
cs.AI 2404.11290
cs.AI 2404.11296
cs.AI 2404.11341
cs.AI 2404.11408
cs.AI 2404.11431
cs.AI 2404.11443
cs.AI 2404.11447
cs.AI 2404.11458
cs.AI 2404.11476
cs.AI 2404.11483
cs.AI 2404.11515
cs.AI 2404.11581
cs.AI 2404.11584
cs.AI 2404.11585
cs.AI 2404.11597
cs.AI 2206.06267
cs.AI 2404.11630
cs.AI 2404.11667
cs.AI 2404.11730
cs.AI 2404.11754
cs.AI 2404.11770
cs.AI 2404.11773
cs.AI 2404.11782
cs.AI 2404.11795
cs.AI 2404.11797
cs.AI 2404.11800
cs.AI 2404.11803
cs.AI 2404.11811
cs.AI 2404.11812
cs.AI 2404.11874
cs.AI 2404.11888
cs.AI 2404.11916
cs.AI 2404.11917
cs.AI 2404.11925
cs.AI 2404.11929
cs.AI 2404.11932
cs.AI 2404.11936
cs.AI 2404.11949
cs.AI 2404.11960
cs.AI 2404.11999
cs.AI 2404.12008
cs.AI 2404.12010
cs.AI 2404.12023
cs.AI 2404.12030
cs.AI 2404.12041
cs.AI 2404.12056
cs.AI 2404.12065
cs.AI 2404.12077
cs.AI 2404.12120
cs.AI 2404.12125
cs.AI 2404.12145
cs.AI 2404.12168
cs.AI 2404.12172
cs.AI 2404.12237
cs.AI 2404.12241
cs.AI 2404.12256
cs.AI 2404.12257
cs.AI 2404.12259
cs.AI 2404.12267
cs.AI 2404.12272
cs.AI 2404.12274
cs.AI 2404.12291
cs.AI 2404.12299
cs.AI 2404.12317
cs.AI 2404.12322
cs.AI 2404.12353
cs.AI 2404.12365
cs.AI 2404.12378
cs.AI 2404.12382
cs.AI 2404.12390
cs.AI 2404.11677
cs.AI 2404.11698
cs.AI 2404.11706
cs.AI 2404.11714
cs.AI 2404.11716
cs.AI 2404.11720
cs.AI 2404.11742
cs.AI 2404.11744
cs.AI 2404.11792
cs.AI 2404.11833
cs.AI 2404.11835
cs.AI 2404.11854
cs.AI 2404.11875
cs.AI 2404.11891
cs.AI 2404.11898
cs.AI 2404.11907
cs.AI 2404.11924
cs.AI 2404.11962
cs.AI 2404.11964
cs.AI 2404.11973
cs.AI 2404.11988
cs.AI 2404.11996
cs.AI 2404.12045
cs.AI 2404.12076
cs.AI 2404.12090
cs.AI 2404.12127
cs.AI 2404.12134
cs.AI 2404.12138
cs.AI 2404.12143
cs.AI 2404.12149
cs.AI 2404.12185
cs.AI 2404.12228
cs.AI 2404.12240
cs.AI 2404.12273
cs.AI 2404.12278
cs.AI 2404.12349
cs.AI 2404.12361
cs.CV 2404.08079
cs.CV 2404.08201
cs.CV 2404.08238
cs.CV 2404.08264
cs.CV 2404.08279
cs.CV 2404.08350
cs.CV 2404.08535
cs.CV 2404.08549
cs.CV 2404.08580
cs.CV 2404.08011
cs.CV 2404.08013
cs.CV 2404.08017
cs.CV 2404.08027
cs.CV 2404.08030
cs.CV 2404.08031
cs.CV 2404.08081
cs.CV 2404.08088
cs.CV 2404.08111
cs.CV 2404.08127
cs.CV 2404.08135
cs.CV 2404.08181
cs.CV 2404.08184
cs.CV 2404.08187
cs.CV 2404.08195
cs.CV 2404.08197
cs.CV 2404.08226
cs.CV 2404.08229
cs.CV 2404.08237
cs.CV 2404.08252
cs.CV 2404.08255
cs.CV 2404.08273
cs.CV 2404.08277
cs.CV 2404.08281
cs.CV 2404.08285
cs.CV 2404.08291
cs.CV 2404.08292
cs.CV 2404.08293
cs.CV 2404.08298
cs.CV 2404.08312
cs.CV 2404.08327
cs.CV 2404.08330
cs.CV 2404.08341
cs.CV 2404.08347
cs.CV 2404.08351
cs.CV 2404.08353
cs.CV 2404.08363
cs.CV 2404.08392
cs.CV 2404.08399
cs.CV 2404.08401
cs.CV 2404.08406
cs.CV 2404.08419
cs.CV 2404.08421
cs.CV 2404.08433
cs.CV 2404.08449
cs.CV 2404.08450
cs.CV 2404.08452
cs.CV 2404.08471
cs.CV 2404.08477
cs.CV 2404.08489
cs.CV 2404.08504
cs.CV 2404.08506
cs.CV 2404.08514
cs.CV 2404.08515
cs.CV 2404.08526
cs.CV 2404.08531
cs.CV 2404.08540
cs.CV 2404.08544
cs.CV 2404.08557
cs.CV 2404.08561
cs.CV 2404.08582
cs.CV 2404.08584
cs.CV 2404.08585
cs.CV 2404.08589
cs.CV 2404.08590
cs.CV 2404.08603
cs.CV 2404.08611
cs.CV 2404.08636
cs.CV 2404.08639
cs.CV 2404.08640
cs.CV 2404.08703
cs.CV 2404.08748
cs.CV 2404.08755
cs.CV 2404.08805
cs.CV 2404.08827
cs.CV 2404.08831
cs.CV 2404.08995
cs.CV 2404.09000
cs.CV 2404.09001
cs.CV 2404.09016
cs.CV 2404.09042
cs.CV 2404.09210
cs.CV 2404.09226
cs.CV 2404.09245
cs.CV 2404.09349
cs.CV 2404.09425
cs.CV 2404.09445
cs.CV 2404.09486
cs.CV 2404.09516
cs.CV 2404.09571
cs.CV 2404.09601
cs.CV 2404.09645
cs.CV 2404.09666
cs.CV 2404.09683
cs.CV 2404.09761
cs.CV 2404.09774
cs.CV 2404.09809
cs.CV 2404.09828
cs.CV 2404.09886
cs.CV 2404.09991
cs.CV 2404.08749
cs.CV 2404.08756
cs.CV 2404.08761
cs.CV 2404.08767
cs.CV 2404.08778
cs.CV 2404.08785
cs.CV 2404.08788
cs.CV 2404.08799
cs.CV 2404.08814
cs.CV 2404.08820
cs.CV 2404.08853
cs.CV 2404.08858
cs.CV 2404.08886
cs.CV 2404.08892
cs.CV 2404.08894
cs.CV 2404.08915
cs.CV 2404.08916
cs.CV 2404.08917
cs.CV 2404.08921
cs.CV 2404.08923
cs.CV 2404.08926
cs.CV 2404.08928
cs.CV 2404.08931
cs.CV 2404.08936
cs.CV 2404.08937
cs.CV 2404.08951
cs.CV 2404.08958
cs.CV 2404.08964
cs.CV 2404.08965
cs.CV 2404.08966
cs.CV 2404.08968
cs.CV 2404.08979
cs.CV 2404.08981
cs.CV 2404.08990
cs.CV 2404.09003
cs.CV 2404.09010
cs.CV 2404.09011
cs.CV 2404.09051
cs.CV 2404.09067
cs.CV 2404.09081
cs.CV 2404.09105
cs.CV 2404.09111
cs.CV 2404.09115
cs.CV 2404.09146
cs.CV 2404.09158
cs.CV 2404.09161
cs.CV 2404.09172
cs.CV 2404.09178
cs.CV 2404.09179
cs.CV 2404.09193
cs.CV 2404.09204
cs.CV 2404.09216
cs.CV 2404.09227
cs.CV 2404.09231
cs.CV 2404.09254
cs.CV 2404.09259
cs.CV 2404.09263
cs.CV 2404.09269
cs.CV 2404.09271
cs.CV 2404.09275
cs.CV 2404.09277
cs.CV 2404.09290
cs.CV 2404.09292
cs.CV 2404.09293
cs.CV 2404.09301
cs.CV 2404.09308
cs.CV 2404.09326
cs.CV 2404.09342
cs.CV 2404.09359
cs.CV 2404.09376
cs.CV 2404.09378
cs.CV 2404.09387
cs.CV 2404.09389
cs.CV 2404.09401
cs.CV 2404.09406
cs.CV 2404.09412
cs.CV 2404.09415
cs.CV 2404.09426
cs.CV 2404.09431
cs.CV 2404.09432
cs.CV 2404.09447
cs.CV 2404.09451
cs.CV 2404.09454
cs.CV 2404.09458
cs.CV 2404.09461
cs.CV 2404.09465
cs.CV 2404.09469
cs.CV 2404.09472
cs.CV 2404.09474
cs.CV 2404.09475
cs.CV 2404.09476
cs.CV 2404.09490
cs.CV 2404.09496
cs.CV 2404.09498
cs.CV 2404.09499
cs.CV 2404.09502
cs.CV 2404.09504
cs.CV 2404.09507
cs.CV 2404.09509
cs.CV 2404.09512
cs.CV 2404.09515
cs.CV 2404.09530
cs.CV 2404.09531
cs.CV 2404.09532
cs.CV 2404.09533
cs.CV 2404.09540
cs.CV 2404.09555
cs.CV 2404.09556
cs.CV 2404.09570
cs.CV 2404.09585
cs.CV 2404.09586
cs.CV 2404.09591
cs.CV 2404.09616
cs.CV 2404.09619
cs.CV 2404.09624
cs.CV 2404.09632
cs.CV 2404.09633
cs.CV 2404.09640
cs.CV 2404.09654
cs.CV 2404.09690
cs.CV 2404.09692
cs.CV 2404.09697
cs.CV 2404.09707
cs.CV 2404.09732
cs.CV 2404.09735
cs.CV 2404.09736
cs.CV 2404.09748
cs.CV 2404.09752
cs.CV 2404.09768
cs.CV 2404.09778
cs.CV 2404.09790
cs.CV 2404.09797
cs.CV 2404.09807
cs.CV 2404.09819
cs.CV 2404.09826
cs.CV 2404.09831
cs.CV 2404.09833
cs.CV 2404.09842
cs.CV 2404.09846
cs.CV 2404.09857
cs.CV 2404.09870
cs.CV 2404.09872
cs.CV 2404.09884
cs.CV 2404.09917
cs.CV 2404.09918
cs.CV 2404.09921
cs.CV 2404.09931
cs.CV 2404.09933
cs.CV 2404.09940
cs.CV 2404.09941
cs.CV 2404.09942
cs.CV 2404.09951
cs.CV 2404.09957
cs.CV 2404.09961
cs.CV 2404.09964
cs.CV 2404.09967
cs.CV 2404.09976
cs.CV 2404.09977
cs.CV 2404.09979
cs.CV 2404.09987
cs.CV 2404.09988
cs.CV 2404.09990
cs.CV 2404.09992
cs.CV 2404.09993
cs.CV 2404.09995
cs.CV 2404.06486
cs.CV 2404.10124
cs.CV 2404.10175
cs.CV 2404.10178
cs.CV 2404.10220
cs.CV 2404.10226
cs.CV 2404.10234
cs.CV 2404.10282
cs.CV 2404.10290
cs.CV 2404.10387
cs.CV 2404.10474
cs.CV 2404.10498
cs.CV 2404.10548
cs.CV 2404.10575
cs.CV 2404.10588
cs.CV 2404.10618
cs.CV 2404.10700
cs.CV 2404.10710
cs.CV 2404.10714
cs.CV 2404.10763
cs.CV 2404.10766
cs.CV 2404.10034
cs.CV 2404.10054
cs.CV 2404.10073
cs.CV 2404.10078
cs.CV 2404.10096
cs.CV 2404.10108
cs.CV 2404.10130
cs.CV 2404.10133
cs.CV 2404.10141
cs.CV 2404.10146
cs.CV 2404.10147
cs.CV 2404.10156
cs.CV 2404.10157
cs.CV 2404.10163
cs.CV 2404.10166
cs.CV 2404.10170
cs.CV 2404.10172
cs.CV 2404.10177
cs.CV 2404.10193
cs.CV 2404.10210
cs.CV 2404.10212
cs.CV 2404.10213
cs.CV 2404.10227
cs.CV 2404.10237
cs.CV 2404.10241
cs.CV 2404.10242
cs.CV 2404.10263
cs.CV 2404.10267
cs.CV 2404.10272
cs.CV 2404.10279
cs.CV 2404.10292
cs.CV 2404.10305
cs.CV 2404.10307
cs.CV 2404.10312
cs.CV 2404.10314
cs.CV 2404.10318
cs.CV 2404.10319
cs.CV 2404.10322
cs.CV 2404.10332
cs.CV 2404.10335
cs.CV 2404.10342
cs.CV 2404.10343
cs.CV 2404.10357
cs.CV 2404.10358
cs.CV 2404.10370
cs.CV 2404.10378
cs.CV 2404.10383
cs.CV 2404.10394
cs.CV 2404.10405
cs.CV 2404.10407
cs.CV 2404.10408
cs.CV 2404.10411
cs.CV 2404.10433
cs.CV 2404.10438
cs.CV 2404.10441
cs.CV 2404.10454
cs.CV 2404.10476
cs.CV 2404.10484
cs.CV 2404.10490
cs.CV 2404.10499
cs.CV 2404.10501
cs.CV 2404.10518
cs.CV 2404.10527
cs.CV 2404.10534
cs.CV 2404.10539
cs.CV 2404.10540
cs.CV 2404.10571
cs.CV 2404.10572
cs.CV 2404.10574
cs.CV 2404.10584
cs.CV 2404.10595
cs.CV 2404.10600
cs.CV 2404.10603
cs.CV 2404.10620
cs.CV 2404.10625
cs.CV 2404.10626
cs.CV 2404.10633
cs.CV 2404.10664
cs.CV 2404.10667
cs.CV 2404.10681
cs.CV 2404.10685
cs.CV 2404.10688
cs.CV 2404.10690
cs.CV 2404.10699
cs.CV 2404.10713
cs.CV 2404.10716
cs.CV 2404.10717
cs.CV 2404.10718
cs.CV 2404.10758
cs.CV 2404.10760
cs.CV 2404.10765
cs.CV 2404.10772
cs.CV 2404.10775
cs.CV 2307.00071
cs.CV 2404.10790
cs.CV 2404.10892
cs.CV 2404.11046
cs.CV 2404.11152
cs.CV 2404.11209
cs.CV 2404.11273
cs.CV 2404.11327
cs.CV 2404.11336
cs.CV 2404.11361
cs.CV 2404.11428
cs.CV 2404.11459
cs.CV 2404.11511
cs.CV 2404.11599
cs.CV 2404.10836
cs.CV 2404.10838
cs.CV 2404.10841
cs.CV 2404.10856
cs.CV 2404.10864
cs.CV 2404.10865
cs.CV 2404.10880
cs.CV 2404.10894
cs.CV 2404.10896
cs.CV 2404.10904
cs.CV 2404.10927
cs.CV 2404.10940
cs.CV 2404.10947
cs.CV 2404.10966
cs.CV 2404.10978
cs.CV 2404.10980
cs.CV 2404.10985
cs.CV 2404.10989
cs.CV 2404.10992
cs.CV 2404.11003
cs.CV 2404.11008
cs.CV 2404.11016
cs.CV 2404.11025
cs.CV 2404.11031
cs.CV 2404.11051
cs.CV 2404.11052
cs.CV 2404.11054
cs.CV 2404.11064
cs.CV 2404.11070
cs.CV 2404.11098
cs.CV 2404.11100
cs.CV 2404.11104
cs.CV 2404.11108
cs.CV 2404.11111
cs.CV 2404.11118
cs.CV 2404.11120
cs.CV 2404.11127
cs.CV 2404.11129
cs.CV 2404.11139
cs.CV 2404.11151
cs.CV 2404.11155
cs.CV 2404.11156
cs.CV 2404.11159
cs.CV 2404.11161
cs.CV 2404.11202
cs.CV 2404.11205
cs.CV 2404.11207
cs.CV 2404.11214
cs.CV 2404.11226
cs.CV 2404.11230
cs.CV 2404.11236
cs.CV 2404.11243
cs.CV 2404.11249
cs.CV 2404.11256
cs.CV 2404.11265
cs.CV 2404.11266
cs.CV 2404.11291
cs.CV 2404.11299
cs.CV 2404.11302
cs.CV 2404.11309
cs.CV 2404.11317
cs.CV 2404.11318
cs.CV 2404.11322
cs.CV 2404.11326
cs.CV 2404.11335
cs.CV 2404.11339
cs.CV 2404.11355
cs.CV 2404.11357
cs.CV 2404.11358
cs.CV 2404.11375
cs.CV 2404.11401
cs.CV 2404.11416
cs.CV 2404.11419
cs.CV 2404.11426
cs.CV 2404.11429
cs.CV 2404.11461
cs.CV 2404.11474
cs.CV 2404.11475
cs.CV 2404.11488
cs.CV 2404.11492
cs.CV 2404.11525
cs.CV 2404.11537
cs.CV 2404.11554
cs.CV 2404.11565
cs.CV 2404.11569
cs.CV 2404.11576
cs.CV 2404.11589
cs.CV 2404.11590
cs.CV 2404.11593
cs.CV 2404.11605
cs.CV 2404.11613
cs.CV 2404.11614
cs.CV 2404.11615
cs.CV 2404.11667
cs.CV 2404.11683
cs.CV 2404.11725
cs.CV 2404.11735
cs.CV 2404.11741
cs.CV 2404.11769
cs.CV 2404.11776
cs.CV 2404.11795
cs.CV 2404.11843
cs.CV 2404.11889
cs.CV 2404.11925
cs.CV 2404.11929
cs.CV 2404.11936
cs.CV 2404.11946
cs.CV 2404.11947
cs.CV 2404.11962
cs.CV 2404.11974
cs.CV 2404.12062
cs.CV 2404.12130
cs.CV 2404.12163
cs.CV 2404.12251
cs.CV 2404.12339
cs.CV 2404.12341
cs.CV 2404.12387
cs.CV 2404.11630
cs.CV 2404.11669
cs.CV 2404.11727
cs.CV 2404.11732
cs.CV 2404.11737
cs.CV 2404.11762
cs.CV 2404.11764
cs.CV 2404.11770
cs.CV 2404.11778
cs.CV 2404.11797
cs.CV 2404.11798
cs.CV 2404.11803
cs.CV 2404.11812
cs.CV 2404.11819
cs.CV 2404.11824
cs.CV 2404.11848
cs.CV 2404.11864
cs.CV 2404.11865
cs.CV 2404.11868
cs.CV 2404.11871
cs.CV 2404.11884
cs.CV 2404.11895
cs.CV 2404.11897
cs.CV 2404.11903
cs.CV 2404.11949
cs.CV 2404.11957
cs.CV 2404.11958
cs.CV 2404.11979
cs.CV 2404.11981
cs.CV 2404.11987
cs.CV 2404.11998
cs.CV 2404.12015
cs.CV 2404.12020
cs.CV 2404.12024
cs.CV 2404.12031
cs.CV 2404.12037
cs.CV 2404.12055
cs.CV 2404.12064
cs.CV 2404.12081
cs.CV 2404.12083
cs.CV 2404.12091
cs.CV 2404.12103
cs.CV 2404.12104
cs.CV 2404.12120
cs.CV 2404.12139
cs.CV 2404.12142
cs.CV 2404.12144
cs.CV 2404.12154
cs.CV 2404.12168
cs.CV 2404.12172
cs.CV 2404.12183
cs.CV 2404.12192
cs.CV 2404.12203
cs.CV 2404.12209
cs.CV 2404.12210
cs.CV 2404.12216
cs.CV 2404.12235
cs.CV 2404.12246
cs.CV 2404.12252
cs.CV 2404.12257
cs.CV 2404.12258
cs.CV 2404.12260
cs.CV 2404.12285
cs.CV 2404.12292
cs.CV 2404.12295
cs.CV 2404.12309
cs.CV 2404.12322
cs.CV 2404.12330
cs.CV 2404.12333
cs.CV 2404.12347
cs.CV 2404.12352
cs.CV 2404.12353
cs.CV 2404.12359
cs.CV 2404.12368
cs.CV 2404.12372
cs.CV 2404.12378
cs.CV 2404.12379
cs.CV 2404.12382
cs.CV 2404.12383
cs.CV 2404.12385
cs.CV 2404.12386
cs.CV 2404.12388
cs.CV 2404.12389
cs.CV 2404.12390
cs.CV 2404.12391
cs.GT 2404.08126
cs.GT 2404.08261
cs.GT 2404.08474
cs.GT 2404.09005
cs.GT 2404.09253
cs.GT 2404.09873
cs.GT 2404.08710
cs.GT 2404.08963
cs.GT 2404.09097
cs.GT 2404.09477
cs.GT 2404.09627
cs.GT 2404.09699
cs.GT 2404.09832
cs.GT 2404.10271
cs.GT 2404.10679
cs.GT 2404.10767
cs.GT 2404.11144
cs.GT 2404.10900
cs.GT 2404.10929
cs.GT 2404.11407
cs.GT 2404.11543
cs.GT 2404.11545
cs.GT 2404.11582
cs.GT 2404.11883
cs.GT 2404.12366
cs.GT 2404.11853
cs.GT 2404.12121
cs.DC 2404.08003
cs.DC 2404.08028
cs.DC 2404.08306
cs.DC 2404.08398
cs.DC 2404.08573
cs.DC 2404.08070
cs.DC 2404.08245
cs.DC 2404.08299
cs.DC 2404.08311
cs.DC 2404.08324
cs.DC 2404.08364
cs.DC 2404.08509
cs.DC 2404.08808
cs.DC 2404.08950
cs.DC 2404.08973
cs.DC 2404.09232
cs.DC 2404.09302
cs.DC 2404.09443
cs.DC 2404.09557
cs.DC 2404.09627
cs.DC 2404.09686
cs.DC 2404.08871
cs.DC 2404.09264
cs.DC 2404.09267
cs.DC 2404.09285
cs.DC 2404.09322
cs.DC 2404.09526
cs.DC 2404.09536
cs.DC 2404.09679
cs.DC 2404.09782
cs.DC 2404.10012
cs.DC 2404.10110
cs.DC 2404.10255
cs.DC 2404.10389
cs.DC 2404.10491
cs.DC 2404.10498
cs.DC 2404.10748
cs.DC 2404.10752
cs.DC 2404.10087
cs.DC 2404.10091
cs.DC 2404.10107
cs.DC 2404.10151
cs.DC 2404.10253
cs.DC 2404.10270
cs.DC 2404.10386
cs.DC 2404.10536
cs.DC 2404.10617
cs.DC 2404.10635
cs.DC 2404.10641
cs.DC 2404.10861
cs.DC 2404.10957
cs.DC 2404.11015
cs.DC 2404.11035
cs.DC 2404.11068
cs.DC 2404.11105
cs.DC 2404.11354
cs.DC 2404.11420
cs.DC 2404.10786
cs.DC 2404.10928
cs.DC 2404.11169
cs.DC 2404.11308
cs.DC 2404.11352
cs.DC 2404.11481
cs.DC 2404.11556
cs.DC 2404.11698
cs.DC 2404.11728
cs.DC 2404.11740
cs.DC 2404.11938
cs.DC 2404.12023
cs.DC 2404.12086
cs.DC 2404.12130
cs.DC 2404.12135
cs.DC 2404.12237
cs.DC 2404.11631
cs.CR 2404.08064
cs.CR 2404.08255
cs.CR 2404.08273
cs.CR 2404.08517
cs.CR 2404.08144
cs.CR 2404.08160
cs.CR 2404.08165
cs.CR 2404.08231
cs.CR 2404.08232
cs.CR 2404.08250
cs.CR 2404.08306
cs.CR 2404.08309
cs.CR 2404.08310
cs.CR 2404.08562
cs.CR 2404.08631
cs.CR 2404.08642
cs.CR 2404.08690
cs.CR 2404.08715
cs.CR 2404.08847
cs.CR 2404.09165
cs.CR 2404.09315
cs.CR 2404.09349
cs.CR 2404.09391
cs.CR 2404.09413
cs.CR 2404.09536
cs.CR 2404.09722
cs.CR 2404.09750
cs.CR 2404.09816
cs.CR 2404.09836
cs.CR 2404.08716
cs.CR 2404.08723
cs.CR 2404.08793
cs.CR 2404.08808
cs.CR 2404.08818
cs.CR 2404.08987
cs.CR 2404.09005
cs.CR 2404.09026
cs.CR 2404.09052
cs.CR 2404.09058
cs.CR 2404.09066
cs.CR 2404.09088
cs.CR 2404.09093
cs.CR 2404.09095
cs.CR 2404.09214
cs.CR 2404.09265
cs.CR 2404.09286
cs.CR 2404.09288
cs.CR 2404.09352
cs.CR 2404.09395
cs.CR 2404.09404
cs.CR 2404.09430
cs.CR 2404.09442
cs.CR 2404.09450
cs.CR 2404.09481
cs.CR 2404.09518
cs.CR 2404.09599
cs.CR 2404.09625
cs.CR 2404.09681
cs.CR 2404.09724
cs.CR 2404.09802
cs.CR 2404.09895
cs.CR 2404.10026
cs.CR 2404.10029
cs.CR 2404.10095
cs.CR 2404.10201
cs.CR 2404.10255
cs.CR 2404.10012
cs.CR 2404.10092
cs.CR 2404.10187
cs.CR 2404.10404
cs.CR 2404.10491
cs.CR 2404.10543
cs.CR 2404.10602
cs.CR 2404.10610
cs.CR 2404.10659
cs.CR 2404.10715
cs.CR 2404.10764
cs.CR 2404.10957
cs.CR 2404.10988
cs.CR 2404.10995
cs.CR 2404.11056
cs.CR 2404.11450
cs.CR 2404.11467
cs.CR 2404.10780
cs.CR 2404.10781
cs.CR 2404.10782
cs.CR 2404.10788
cs.CR 2404.10789
cs.CR 2404.10790
cs.CR 2404.10792
cs.CR 2404.10796
cs.CR 2404.10800
cs.CR 2404.11107
cs.CR 2404.11121
cs.CR 2404.11189
cs.CR 2404.11281
cs.CR 2404.11284
cs.CR 2404.11325
cs.CR 2404.11338
cs.CR 2404.11372
cs.CR 2404.11388
cs.CR 2404.11410
cs.CR 2404.11473
cs.CR 2404.11665
cs.CR 2404.11763
cs.CR 2404.11905
cs.CR 2404.11962
cs.CR 2404.12014
cs.CR 2404.12075
cs.CR 2404.12086
cs.CR 2404.12125
cs.CR 2404.12135
cs.CR 2404.12186
cs.CR 2404.12369
cs.CR 2404.11815
cs.CR 2404.11977
cs.CR 2404.12011
cs.CR 2404.12043
cs.CR 2404.12093
cs.CR 2404.12208
cs.CR 2404.12300
cs.FL 2404.08469
cs.FL 2404.08819
cs.FL 2404.09674
cs.FL 2404.09862
cs.FL 2404.09888
cs.FL 2404.10516
cs.FL 2404.10653
cs.FL 2404.10752
cs.FL 2404.11578
cs.FL 2404.11096
cs.FL 2404.11746
cs.CL 2404.07999
cs.CL 2404.08001
cs.CL 2404.08008
cs.CL 2404.08018
cs.CL 2404.08020
cs.CL 2404.08080
cs.CL 2404.08111
cs.CL 2404.08134
cs.CL 2404.08164
cs.CL 2404.08189
cs.CL 2404.08309
cs.CL 2404.08417
cs.CL 2404.08480
cs.CL 2404.08495
cs.CL 2404.08509
cs.CL 2404.08511
cs.CL 2404.08517
cs.CL 2404.08555
cs.CL 2404.08066
cs.CL 2404.08078
cs.CL 2404.08092
cs.CL 2404.08118
cs.CL 2404.08148
cs.CL 2404.08155
cs.CL 2404.08156
cs.CL 2404.08191
cs.CL 2404.08259
cs.CL 2404.08262
cs.CL 2404.08263
cs.CL 2404.08313
cs.CL 2404.08335
cs.CL 2404.08345
cs.CL 2404.08354
cs.CL 2404.08359
cs.CL 2404.08368
cs.CL 2404.08382
cs.CL 2404.08403
cs.CL 2404.08488
cs.CL 2404.08491
cs.CL 2404.08538
cs.CL 2404.08559
cs.CL 2404.08567
cs.CL 2404.08579
cs.CL 2404.08617
cs.CL 2404.08627
cs.CL 2404.08634
cs.CL 2007.07268
cs.CL 2301.07150
cs.CL 2404.08664
cs.CL 2404.08665
cs.CL 2404.08672
cs.CL 2404.08675
cs.CL 2404.08677
cs.CL 2404.08692
cs.CL 2404.08707
cs.CL 2404.08720
cs.CL 2404.08727
cs.CL 2404.08763
cs.CL 2404.08793
cs.CL 2404.08801
cs.CL 2404.08819
cs.CL 2404.08846
cs.CL 2404.08877
cs.CL 2404.08885
cs.CL 2404.08886
cs.CL 2404.08940
cs.CL 2404.08958
cs.CL 2404.09022
cs.CL 2404.09066
cs.CL 2404.09091
cs.CL 2404.09123
cs.CL 2404.09155
cs.CL 2404.09173
cs.CL 2404.09248
cs.CL 2404.09249
cs.CL 2404.09275
cs.CL 2404.09356
cs.CL 2404.09375
cs.CL 2404.09384
cs.CL 2404.09385
cs.CL 2404.09516
cs.CL 2404.09529
cs.CL 2404.09645
cs.CL 2404.09656
cs.CL 2404.09690
cs.CL 2404.09695
cs.CL 2404.09737
cs.CL 2404.09841
cs.CL 2404.09868
cs.CL 2404.09889
cs.CL 2404.09897
cs.CL 2404.09932
cs.CL 2404.09956
cs.CL 2404.09992
cs.CL 2404.08654
cs.CL 2404.08655
cs.CL 2404.08656
cs.CL 2404.08661
cs.CL 2404.08666
cs.CL 2404.08673
cs.CL 2404.08674
cs.CL 2404.08676
cs.CL 2404.08679
cs.CL 2404.08680
cs.CL 2404.08681
cs.CL 2404.08683
cs.CL 2404.08684
cs.CL 2404.08685
cs.CL 2404.08686
cs.CL 2404.08690
cs.CL 2404.08695
cs.CL 2404.08698
cs.CL 2404.08699
cs.CL 2404.08700
cs.CL 2404.08704
cs.CL 2404.08705
cs.CL 2404.08760
cs.CL 2404.08806
cs.CL 2404.08816
cs.CL 2404.08817
cs.CL 2404.08821
cs.CL 2404.08836
cs.CL 2404.08856
cs.CL 2404.08865
cs.CL 2404.08888
cs.CL 2404.08938
cs.CL 2404.08949
cs.CL 2404.08974
cs.CL 2404.08977
cs.CL 2404.08997
cs.CL 2404.09002
cs.CL 2404.09027
cs.CL 2404.09043
cs.CL 2404.09045
cs.CL 2404.09047
cs.CL 2404.09077
cs.CL 2404.09127
cs.CL 2404.09129
cs.CL 2404.09135
cs.CL 2404.09136
cs.CL 2404.09138
cs.CL 2404.09145
cs.CL 2404.09163
cs.CL 2404.09170
cs.CL 2404.09206
cs.CL 2404.09220
cs.CL 2404.09221
cs.CL 2404.09260
cs.CL 2404.09296
cs.CL 2404.09299
cs.CL 2404.09329
cs.CL 2404.09336
cs.CL 2404.09338
cs.CL 2404.09339
cs.CL 2404.09366
cs.CL 2404.09371
cs.CL 2404.09383
cs.CL 2404.09405
cs.CL 2404.09416
cs.CL 2404.09480
cs.CL 2404.09486
cs.CL 2404.09492
cs.CL 2404.09565
cs.CL 2404.09576
cs.CL 2404.09577
cs.CL 2404.09579
cs.CL 2404.09593
cs.CL 2404.09615
cs.CL 2404.09682
cs.CL 2404.09696
cs.CL 2404.09717
cs.CL 2404.09753
cs.CL 2404.09754
cs.CL 2404.09763
cs.CL 2404.09785
cs.CL 2404.09824
cs.CL 2404.09830
cs.CL 2404.09894
cs.CL 2404.09911
cs.CL 2404.09937
cs.CL 2404.09971
cs.CL 2404.09980
cs.CL 2404.09982
cs.CL 2404.10032
cs.CL 2404.10054
cs.CL 2404.10102
cs.CL 2404.10141
cs.CL 2404.10226
cs.CL 2404.10228
cs.CL 2404.10237
cs.CL 2404.10271
cs.CL 2404.10419
cs.CL 2404.10501
cs.CL 2404.10579
cs.CL 2404.10636
cs.CL 2404.10706
cs.CL 2404.10757
cs.CL 2404.10763
cs.CL 2404.10112
cs.CL 2404.10136
cs.CL 2404.10150
cs.CL 2404.10174
cs.CL 2404.10180
cs.CL 2404.10198
cs.CL 2404.10199
cs.CL 2404.10229
cs.CL 2404.10259
cs.CL 2404.10268
cs.CL 2404.10297
cs.CL 2404.10306
cs.CL 2404.10315
cs.CL 2404.10346
cs.CL 2404.10384
cs.CL 2404.10440
cs.CL 2404.10464
cs.CL 2404.10475
cs.CL 2404.10500
cs.CL 2404.10503
cs.CL 2404.10508
cs.CL 2404.10513
cs.CL 2404.10552
cs.CL 2404.10555
cs.CL 2404.10630
cs.CL 2404.10642
cs.CL 2404.10652
cs.CL 2404.10696
cs.CL 2404.10704
cs.CL 2404.10710
cs.CL 2404.10719
cs.CL 2404.10774
cs.CL 2404.10838
cs.CL 2404.10933
cs.CL 2404.10934
cs.CL 2404.10981
cs.CL 2404.11018
cs.CL 2404.11023
cs.CL 2404.11036
cs.CL 2404.11049
cs.CL 2404.11205
cs.CL 2404.11447
cs.CL 2404.11457
cs.CL 2404.11538
cs.CL 2404.11584
cs.CL 2404.10830
cs.CL 2404.10848
cs.CL 2404.10857
cs.CL 2404.10859
cs.CL 2404.10877
cs.CL 2404.10887
cs.CL 2404.10917
cs.CL 2404.10922
cs.CL 2404.10924
cs.CL 2404.10939
cs.CL 2404.10952
cs.CL 2404.10960
cs.CL 2404.10975
cs.CL 2404.11045
cs.CL 2404.11055
cs.CL 2404.11061
cs.CL 2404.11086
cs.CL 2404.11095
cs.CL 2404.11109
cs.CL 2404.11124
cs.CL 2404.11132
cs.CL 2404.11141
cs.CL 2404.11184
cs.CL 2404.11201
cs.CL 2404.11206
cs.CL 2404.11216
cs.CL 2404.11225
cs.CL 2404.11262
cs.CL 2404.11288
cs.CL 2404.11315
cs.CL 2404.11349
cs.CL 2404.11384
cs.CL 2404.11446
cs.CL 2404.11449
cs.CL 2404.11459
cs.CL 2404.11470
cs.CL 2404.11499
cs.CL 2404.11500
cs.CL 2404.11502
cs.CL 2404.11531
cs.CL 2404.11532
cs.CL 2404.11539
cs.CL 2404.11553
cs.CL 2404.11588
cs.CL 2404.11619
cs.CL 2404.11870
cs.CL 2404.12077
cs.CL 2404.12104
cs.CL 2404.12132
cs.CL 2404.12150
cs.CL 2404.12273
cs.CL 2404.12390
cs.CL 2404.11672
cs.CL 2404.11682
cs.CL 2404.11691
cs.CL 2404.11717
cs.CL 2404.11726
cs.CL 2404.11730
cs.CL 2404.11752
cs.CL 2404.11757
cs.CL 2404.11782
cs.CL 2404.11793
cs.CL 2404.11809
cs.CL 2404.11826
cs.CL 2404.11845
cs.CL 2404.11912
cs.CL 2404.11916
cs.CL 2404.11932
cs.CL 2404.11968
cs.CL 2404.11972
cs.CL 2404.11978
cs.CL 2404.11999
cs.CL 2404.12006
cs.CL 2404.12010
cs.CL 2404.12013
cs.CL 2404.12014
cs.CL 2404.12022
cs.CL 2404.12038
cs.CL 2404.12041
cs.CL 2404.12042
cs.CL 2404.12050
cs.CL 2404.12059
cs.CL 2404.12065
cs.CL 2404.12096
cs.CL 2404.12145
cs.CL 2404.12152
cs.CL 2404.12171
cs.CL 2404.12174
cs.CL 2404.12177
cs.CL 2404.12195
cs.CL 2404.12224
cs.CL 2404.12241
cs.CL 2404.12242
cs.CL 2404.12253
cs.CL 2404.12274
cs.CL 2404.12283
cs.CL 2404.12289
cs.CL 2404.12291
cs.CL 2404.12299
cs.CL 2404.12318
cs.CL 2404.12342
cs.CL 2404.12365
cs.CL 2404.12387
cs.IR 2404.08020
cs.IR 2404.08118
cs.IR 2404.08189
cs.IR 2404.08359
cs.IR 2404.08443
cs.IR 2404.08071
cs.IR 2404.08134
cs.IR 2404.08137
cs.IR 2404.08301
cs.IR 2404.08361
cs.IR 2404.08535
cs.IR 2404.08628
cs.IR 2404.08630
cs.IR 2404.08680
cs.IR 2404.08695
cs.IR 2404.08720
cs.IR 2404.08886
cs.IR 2404.09077
cs.IR 2404.09286
cs.IR 2404.09980
cs.IR 2404.08660
cs.IR 2404.08662
cs.IR 2404.08664
cs.IR 2404.08665
cs.IR 2404.08668
cs.IR 2404.08669
cs.IR 2404.08671
cs.IR 2404.08672
cs.IR 2404.08675
cs.IR 2404.08677
cs.IR 2404.08678
cs.IR 2404.08682
cs.IR 2404.08687
cs.IR 2404.08691
cs.IR 2404.08692
cs.IR 2404.08694
cs.IR 2404.08796
cs.IR 2404.08829
cs.IR 2404.08847
cs.IR 2404.08860
cs.IR 2404.08869
cs.IR 2404.08887
cs.IR 2404.08896
cs.IR 2404.08940
cs.IR 2404.09091
cs.IR 2404.09253
cs.IR 2404.09473
cs.IR 2404.09520
cs.IR 2404.09578
cs.IR 2404.09709
cs.IR 2404.09889
cs.IR 2404.10097
cs.IR 2404.10150
cs.IR 2404.10234
cs.IR 2404.10384
cs.IR 2404.10321
cs.IR 2404.10327
cs.IR 2404.10371
cs.IR 2404.10496
cs.IR 2404.10795
cs.IR 2404.10890
cs.IR 2404.10876
cs.IR 2404.10944
cs.IR 2404.10981
cs.IR 2404.11119
cs.IR 2404.11180
cs.IR 2404.11343
cs.IR 2404.11456
cs.IR 2404.11457
cs.IR 2404.11519
cs.IR 2404.11862
cs.IR 2404.12169
cs.IR 2404.12190
cs.IR 2404.12309
cs.IR 2404.12365
cs.IR 2404.12366
cs.IR 2404.11731
cs.IR 2404.11773
cs.IR 2404.11791
cs.IR 2404.11818
cs.IR 2404.11960
cs.IR 2404.11982
cs.IR 2404.11993
cs.IR 2404.12008
cs.IR 2404.12237
cs.DS 2404.08158
cs.DS 2404.08415
cs.DS 2404.08520
cs.DS 2404.08577
cs.DS 2404.08085
cs.DS 2404.08162
cs.DS 2404.08173
cs.DS 2404.08287
cs.DS 2404.08468
cs.DS 2404.08599
cs.DS 2404.08972
cs.DS 2404.09607
cs.DS 2404.09674
cs.DS 2404.09711
cs.DS 2404.09769
cs.DS 2404.10095
cs.DS 2404.10148
cs.DS 2404.10670
cs.DS 2404.10023
cs.DS 2404.10201
cs.DS 2404.10426
cs.DS 2404.10469
cs.DS 2404.10497
cs.DS 2404.10514
cs.DS 2404.10638
cs.DS 2404.10997
cs.DS 2404.11325
cs.DS 2404.11389
cs.DS 2404.10955
cs.DS 2404.10959
cs.DS 2404.10964
cs.DS 2404.11103
cs.DS 2404.11364
cs.DS 2404.11504
cs.DS 2404.11591
cs.DS 2404.11607
cs.DS 2404.11862
cs.DS 2404.12107
cs.DS 2404.11673
cs.DS 2404.11879
cs.DS 2404.12080
cs.GR 2404.08292
cs.GR 2404.08312
cs.GR 2404.09105
cs.GR 2404.09150
cs.GR 2404.09458
cs.GR 2404.09499
cs.GR 2404.09531
cs.GR 2404.09661
cs.GR 2404.09748
cs.GR 2404.09092
cs.GR 2404.09758
cs.GR 2404.10396
cs.GR 2404.10685
cs.GR 2404.10777
cs.GR 2404.11565
cs.GR 2404.11285
cs.GR 2404.11852
cs.GR 2404.12062
cs.GR 2404.12103
cs.GR 2404.12347
cs.GR 2404.12359
cs.GR 2404.12382
cs.GR 2404.12385
cs.GR 2404.12391
cs.GR 2404.11810
cs.GR 2404.11894
cs.CC 2404.08404
cs.CC 2404.08158
cs.CC 2404.08370
cs.CC 2404.08819
cs.CC 2404.08870
cs.CC 2404.09236
cs.CC 2404.09798
cs.CC 2404.10023
cs.CC 2404.10670
cs.CC 2404.10380
cs.CC 2404.10712
cs.CC 2404.10913
cs.CC 2404.10959
cs.CC 2404.11096
cs.CC 2404.11218
cs.CC 2404.11389
cs.CC 2404.10839
cs.CC 2404.10961
cs.CC 2404.11841
cs.CC 2404.11709
cs.IT 2404.08131
cs.IT 2404.08455
cs.IT 2404.08483
cs.IT 2404.08188
cs.IT 2404.08333
cs.IT 2404.08343
cs.IT 2404.08396
cs.IT 2404.08402
cs.IT 2404.08607
cs.IT 2404.08638
cs.IT 2404.08644
cs.IT 2404.08829
cs.IT 2404.08878
cs.IT 2404.08913
cs.IT 2404.09029
cs.IT 2404.09140
cs.IT 2404.09729
cs.IT 2404.09937
cs.IT 2404.08909
cs.IT 2404.09062
cs.IT 2404.09141
cs.IT 2404.09165
cs.IT 2404.09198
cs.IT 2404.09201
cs.IT 2404.09392
cs.IT 2404.09455
cs.IT 2404.09506
cs.IT 2404.09561
cs.IT 2404.09605
cs.IT 2404.09620
cs.IT 2404.09734
cs.IT 2404.09814
cs.IT 2404.09922
cs.IT 2404.09943
cs.IT 1406.0134
cs.IT 2404.10169
cs.IT 2404.10201
cs.IT 2404.10065
cs.IT 2404.10085
cs.IT 2404.10348
cs.IT 2404.10367
cs.IT 2404.10452
cs.IT 2404.10598
cs.IT 2404.10605
cs.IT 2404.10666
cs.IT 2404.11024
cs.IT 2404.10798
cs.IT 2404.10893
cs.IT 2404.10950
cs.IT 2404.10969
cs.IT 2404.11035
cs.IT 2404.11097
cs.IT 2404.11136
cs.IT 2404.11314
cs.IT 2404.11328
cs.IT 2404.11409
cs.IT 2404.11463
cs.IT 2404.11953
cs.IT 2404.12148
cs.IT 2404.12170
cs.IT 2404.12208
cs.IT 2404.11881
cs.IT 2404.12071
cs.IT 2404.12133
cs.AR 2404.08228
cs.AR 2404.08811
cs.AR 2404.08818
cs.AR 2404.08871
cs.AR 2404.09471
cs.AR 2404.09613
cs.AR 2404.08950
cs.AR 2404.09317
cs.AR 2404.09497
cs.AR 2404.09818
cs.AR 2404.10076
cs.AR 2404.10355
cs.AR 2404.10558
cs.AR 2404.10792
cs.AR 2404.10896
cs.AR 2404.11284
cs.AR 2404.10875
cs.AR 2404.10921
cs.AR 2404.11044
cs.AR 2404.11066
cs.AR 2404.11592
cs.AR 2404.11721
cs.AR 2404.11788
cs.AR 2404.11852
cs.AR 2404.11887
cs.AR 2404.12306
cs.AR 2404.12336
cs.NA 2404.08171
cs.NA 2404.08223
cs.NA 2404.08321
cs.NA 2404.08442
cs.NA 2404.08456
cs.NA 2404.08463
cs.NA 2404.08464
cs.NA 2404.08485
cs.NA 2404.08747
cs.NA 2404.09101
cs.NA 2404.09149
cs.NA 2404.09276
cs.NA 2404.09319
cs.NA 2404.09363
cs.NA 2404.09730
cs.NA 2404.08810
cs.NA 2404.08823
cs.NA 2404.08834
cs.NA 2404.08852
cs.NA 2404.08867
cs.NA 2404.08891
cs.NA 2404.08902
cs.NA 2404.09039
cs.NA 2404.09050
cs.NA 2404.09168
cs.NA 2404.09209
cs.NA 2404.09266
cs.NA 2404.09300
cs.NA 2404.09311
cs.NA 2404.09382
cs.NA 2404.09421
cs.NA 2404.09448
cs.NA 2404.09459
cs.NA 2404.09892
cs.NA 2404.09907
cs.NA 2404.10368
cs.NA 2404.10476
cs.NA 2404.10634
cs.NA 2404.10117
cs.NA 2404.10123
cs.NA 2404.10159
cs.NA 2404.10221
cs.NA 2404.10238
cs.NA 2404.10244
cs.NA 2404.10350
cs.NA 2404.10360
cs.NA 2404.10391
cs.NA 2404.10396
cs.NA 2404.10442
cs.NA 2404.10472
cs.NA 2404.10489
cs.NA 2404.10511
cs.NA 2404.10756
cs.NA 2404.10769
cs.NA 2404.10863
cs.NA 2404.11088
cs.NA 2404.11257
cs.NA 2404.11435
cs.NA 2404.11552
cs.NA 2404.10898
cs.NA 2404.11126
cs.NA 2404.11130
cs.NA 2404.11174
cs.NA 2404.11191
cs.NA 2404.11390
cs.NA 2404.11448
cs.NA 2404.11484
cs.NA 2404.11487
cs.NA 2404.11603
cs.NA 2404.11766
cs.NA 2404.12063
cs.NA 2404.12205
cs.NA 2404.12219
cs.NA 2404.12355
cs.NA 2404.11712
cs.NA 2404.11718
cs.NA 2404.11755
cs.NA 2404.11822
cs.NA 2404.11828
cs.NA 2404.11886
cs.NA 2404.11890
cs.NA 2404.11935
cs.NA 2404.11983
cs.NA 2404.11986
cs.NA 2404.12087
cs.NA 2404.12155
cs.NA 2404.12160
cs.NA 2404.12230
cs.NA 2404.12262
cs.NA 2404.12284
cs.LO 2404.08308
cs.LO 2404.08494
cs.LO 2404.09305
cs.LO 2404.09862
cs.LO 2404.09484
cs.LO 2404.09652
cs.LO 2404.09873
cs.LO 2404.10591
cs.LO 2404.10616
cs.LO 2404.10637
cs.LO 2404.10648
cs.LO 2404.11445
cs.LO 2404.11709
cs.LO 2404.11744
cs.LO 2404.12035
cs.LO 2404.11841
cs.LO 2404.12048
cs.LO 2404.12229
cs.PL 2404.07235
cs.PL 2404.08029
cs.PL 2404.08494
cs.PL 2404.08106
cs.PL 2404.08163
cs.PL 2404.08217
cs.PL 2404.08817
cs.PL 2404.09066
cs.PL 2404.08751
cs.PL 2404.08885
cs.PL 2404.10250
cs.PL 2404.10952
cs.LG 2309.09296
cs.LG 2404.08001
cs.LG 2404.08006
cs.LG 2404.08011
cs.LG 2404.08013
cs.LG 2404.08019
cs.LG 2404.08020
cs.LG 2404.08023
cs.LG 2404.08027
cs.LG 2404.08031
cs.LG 2404.08064
cs.LG 2404.08073
cs.LG 2404.08078
cs.LG 2404.08093
cs.LG 2404.08120
cs.LG 2404.08127
cs.LG 2404.08158
cs.LG 2404.08164
cs.LG 2404.08172
cs.LG 2404.08176
cs.LG 2404.08246
cs.LG 2404.08263
cs.LG 2404.08279
cs.LG 2404.08295
cs.LG 2404.08301
cs.LG 2404.08303
cs.LG 2404.08314
cs.LG 2404.08325
cs.LG 2404.08335
cs.LG 2404.08347
cs.LG 2404.08350
cs.LG 2404.08392
cs.LG 2404.08403
cs.LG 2404.08404
cs.LG 2404.08456
cs.LG 2404.08458
cs.LG 2404.08471
cs.LG 2404.08476
cs.LG 2404.08483
cs.LG 2404.08509
cs.LG 2404.08517
cs.LG 2404.08535
cs.LG 2404.08557
cs.LG 2404.08562
cs.LG 2404.08566
cs.LG 2404.08570
cs.LG 2404.08579
cs.LG 2404.08602
cs.LG 2404.08627
cs.LG 2404.08634
cs.LG 2404.07999
cs.LG 2404.08002
cs.LG 2404.08003
cs.LG 2404.08004
cs.LG 2404.08005
cs.LG 2404.08007
cs.LG 2404.08008
cs.LG 2404.08010
cs.LG 2404.08016
cs.LG 2404.08021
cs.LG 2404.08024
cs.LG 2404.08028
cs.LG 2404.08029
cs.LG 2404.08061
cs.LG 2404.08068
cs.LG 2404.08069
cs.LG 2404.08079
cs.LG 2404.08080
cs.LG 2404.08089
cs.LG 2404.08091
cs.LG 2404.08108
cs.LG 2404.08131
cs.LG 2404.08154
cs.LG 2404.08168
cs.LG 2404.08189
cs.LG 2404.08221
cs.LG 2404.08230
cs.LG 2404.08233
cs.LG 2404.08254
cs.LG 2404.08271
cs.LG 2404.08376
cs.LG 2404.08397
cs.LG 2404.08408
cs.LG 2404.08417
cs.LG 2404.08423
cs.LG 2404.08434
cs.LG 2404.08444
cs.LG 2404.08447
cs.LG 2404.08453
cs.LG 2404.08461
cs.LG 2404.08472
cs.LG 2404.08480
cs.LG 2404.08495
cs.LG 2404.08513
cs.LG 2404.08522
cs.LG 2404.08523
cs.LG 2404.08555
cs.LG 2404.08564
cs.LG 2404.08573
cs.LG 2404.08601
cs.LG 2404.08608
cs.LG 2404.08624
cs.LG 2404.08652
cs.LG 2404.08655
cs.LG 2404.08657
cs.LG 2404.08660
cs.LG 2404.08662
cs.LG 2404.08664
cs.LG 2404.08665
cs.LG 2404.08666
cs.LG 2404.08670
cs.LG 2404.08671
cs.LG 2404.08672
cs.LG 2404.08673
cs.LG 2404.08676
cs.LG 2404.08679
cs.LG 2404.08683
cs.LG 2404.08685
cs.LG 2404.08686
cs.LG 2404.08690
cs.LG 2404.08698
cs.LG 2404.08699
cs.LG 2404.08705
cs.LG 2404.08708
cs.LG 2404.08711
cs.LG 2404.08712
cs.LG 2404.08713
cs.LG 2404.08715
cs.LG 2404.08717
cs.LG 2404.08722
cs.LG 2404.08747
cs.LG 2404.08761
cs.LG 2404.08767
cs.LG 2404.08778
cs.LG 2404.08785
cs.LG 2404.08788
cs.LG 2404.08791
cs.LG 2404.08792
cs.LG 2404.08797
cs.LG 2404.08799
cs.LG 2404.08805
cs.LG 2404.08811
cs.LG 2404.08814
cs.LG 2404.08820
cs.LG 2404.08829
cs.LG 2404.08831
cs.LG 2404.08836
cs.LG 2404.08839
cs.LG 2404.08847
cs.LG 2404.08850
cs.LG 2404.08853
cs.LG 2404.08855
cs.LG 2404.08856
cs.LG 2404.08860
cs.LG 2404.08865
cs.LG 2404.08877
cs.LG 2404.08878
cs.LG 2404.08885
cs.LG 2404.08886
cs.LG 2404.08887
cs.LG 2404.08888
cs.LG 2404.08892
cs.LG 2404.08894
cs.LG 2404.08901
cs.LG 2404.08903
cs.LG 2404.08913
cs.LG 2404.08915
cs.LG 2404.08916
cs.LG 2404.08931
cs.LG 2404.08935
cs.LG 2404.08937
cs.LG 2404.08940
cs.LG 2404.08950
cs.LG 2404.08951
cs.LG 2404.08958
cs.LG 2404.08964
cs.LG 2404.08968
cs.LG 2404.08969
cs.LG 2404.08977
cs.LG 2404.08979
cs.LG 2404.08981
cs.LG 2404.09000
cs.LG 2404.09005
cs.LG 2404.09010
cs.LG 2404.09011
cs.LG 2404.09029
cs.LG 2404.09030
cs.LG 2404.09045
cs.LG 2404.09066
cs.LG 2404.09077
cs.LG 2404.09080
cs.LG 2404.09081
cs.LG 2404.09091
cs.LG 2404.09113
cs.LG 2404.09134
cs.LG 2404.09136
cs.LG 2404.09138
cs.LG 2404.09151
cs.LG 2404.09161
cs.LG 2404.09177
cs.LG 2404.09213
cs.LG 2404.09221
cs.LG 2404.09226
cs.LG 2404.09249
cs.LG 2404.09275
cs.LG 2404.09326
cs.LG 2404.09331
cs.LG 2404.09339
cs.LG 2404.09350
cs.LG 2404.09359
cs.LG 2404.09363
cs.LG 2404.09384
cs.LG 2404.09387
cs.LG 2404.09389
cs.LG 2404.09392
cs.LG 2404.09406
cs.LG 2404.09413
cs.LG 2404.09415
cs.LG 2404.09430
cs.LG 2404.09432
cs.LG 2404.09438
cs.LG 2404.09447
cs.LG 2404.09454
cs.LG 2404.09461
cs.LG 2404.09465
cs.LG 2404.09466
cs.LG 2404.09469
cs.LG 2404.09481
cs.LG 2404.09510
cs.LG 2404.09526
cs.LG 2404.09532
cs.LG 2404.09533
cs.LG 2404.09536
cs.LG 2404.09565
cs.LG 2404.09586
cs.LG 2404.09616
cs.LG 2404.09617
cs.LG 2404.09625
cs.LG 2404.09632
cs.LG 2404.09657
cs.LG 2404.09679
cs.LG 2404.09683
cs.LG 2404.09690
cs.LG 2404.09707
cs.LG 2404.09708
cs.LG 2404.09709
cs.LG 2404.09717
cs.LG 2404.09729
cs.LG 2404.09752
cs.LG 2404.09753
cs.LG 2404.09761
cs.LG 2404.09779
cs.LG 2404.09802
cs.LG 2404.09812
cs.LG 2404.09828
cs.LG 2404.09832
cs.LG 2404.09841
cs.LG 2404.09847
cs.LG 2404.09848
cs.LG 2404.09884
cs.LG 2404.09897
cs.LG 2404.09916
cs.LG 2404.09927
cs.LG 2404.09937
cs.LG 2404.09957
cs.LG 2404.09962
cs.LG 2404.09964
cs.LG 2404.09967
cs.LG 2404.09995
cs.LG 2404.08701
cs.LG 2404.08702
cs.LG 2404.08707
cs.LG 2404.08709
cs.LG 2404.08720
cs.LG 2404.08721
cs.LG 2404.08750
cs.LG 2404.08754
cs.LG 2404.08755
cs.LG 2404.08763
cs.LG 2404.08789
cs.LG 2404.08801
cs.LG 2404.08809
cs.LG 2404.08819
cs.LG 2404.08828
cs.LG 2404.08838
cs.LG 2404.08846
cs.LG 2404.08866
cs.LG 2404.08893
cs.LG 2404.08970
cs.LG 2404.08973
cs.LG 2404.08978
cs.LG 2404.08980
cs.LG 2404.08985
cs.LG 2404.08995
cs.LG 2404.09016
cs.LG 2404.09022
cs.LG 2404.09042
cs.LG 2404.09053
cs.LG 2404.09101
cs.LG 2404.09114
cs.LG 2404.09123
cs.LG 2404.09140
cs.LG 2404.09155
cs.LG 2404.09173
cs.LG 2404.09207
cs.LG 2404.09210
cs.LG 2404.09232
cs.LG 2404.09240
cs.LG 2404.09243
cs.LG 2404.09247
cs.LG 2404.09248
cs.LG 2404.09256
cs.LG 2404.09302
cs.LG 2404.09349
cs.LG 2404.09365
cs.LG 2404.09386
cs.LG 2404.09391
cs.LG 2404.09402
cs.LG 2404.09403
cs.LG 2404.09411
cs.LG 2404.09443
cs.LG 2404.09445
cs.LG 2404.09453
cs.LG 2404.09456
cs.LG 2404.09463
cs.LG 2404.09470
cs.LG 2404.09491
cs.LG 2404.09494
cs.LG 2404.09516
cs.LG 2404.09519
cs.LG 2404.09521
cs.LG 2404.09524
cs.LG 2404.09529
cs.LG 2404.09541
cs.LG 2404.09544
cs.LG 2404.09562
cs.LG 2404.09574
cs.LG 2404.09601
cs.LG 2404.09604
cs.LG 2404.09606
cs.LG 2404.09610
cs.LG 2404.09636
cs.LG 2404.09656
cs.LG 2404.09664
cs.LG 2404.09686
cs.LG 2404.09695
cs.LG 2404.09703
cs.LG 2404.09715
cs.LG 2404.09722
cs.LG 2404.09730
cs.LG 2404.09737
cs.LG 2404.09760
cs.LG 2404.09774
cs.LG 2404.09788
cs.LG 2404.09794
cs.LG 2404.09809
cs.LG 2404.09816
cs.LG 2404.09821
cs.LG 2404.09861
cs.LG 2404.09871
cs.LG 2404.09886
cs.LG 2404.09896
cs.LG 2404.09932
cs.LG 2404.09946
cs.LG 2404.09953
cs.LG 2404.10003
cs.LG 2404.10010
cs.LG 2404.10017
cs.LG 2404.10019
cs.LG 2404.10024
cs.LG 2404.10026
cs.LG 2404.10029
cs.LG 2404.10030
cs.LG 2404.10031
cs.LG 2404.10034
cs.LG 2404.10044
cs.LG 2404.10091
cs.LG 2404.10097
cs.LG 2404.10099
cs.LG 2404.10108
cs.LG 2404.10122
cs.LG 2404.10136
cs.LG 2404.10148
cs.LG 2404.10155
cs.LG 2404.10157
cs.LG 2404.10163
cs.LG 2404.10166
cs.LG 2404.10177
cs.LG 2404.10179
cs.LG 2404.10180
cs.LG 2404.10201
cs.LG 2404.10204
cs.LG 2404.10207
cs.LG 2404.10209
cs.LG 2404.10220
cs.LG 2404.10226
cs.LG 2404.10242
cs.LG 2404.10259
cs.LG 2404.10261
cs.LG 2404.10274
cs.LG 2404.10301
cs.LG 2404.10304
cs.LG 2404.10310
cs.LG 2404.10314
cs.LG 2404.10319
cs.LG 2404.10351
cs.LG 2404.10354
cs.LG 2404.10365
cs.LG 2404.10370
cs.LG 2404.10378
cs.LG 2404.10386
cs.LG 2404.10405
cs.LG 2404.10413
cs.LG 2404.10433
cs.LG 2404.10444
cs.LG 2404.10472
cs.LG 2404.10494
cs.LG 2404.10501
cs.LG 2404.10513
cs.LG 2404.10540
cs.LG 2404.10546
cs.LG 2404.10548
cs.LG 2404.10574
cs.LG 2404.10580
cs.LG 2404.10589
cs.LG 2404.10600
cs.LG 2404.10606
cs.LG 2404.10617
cs.LG 2404.10618
cs.LG 2404.10620
cs.LG 2404.10630
cs.LG 2404.10631
cs.LG 2404.10635
cs.LG 2404.10636
cs.LG 2404.10642
cs.LG 2404.10664
cs.LG 2404.10678
cs.LG 2404.10688
cs.LG 2404.10690
cs.LG 2404.10700
cs.LG 2404.10715
cs.LG 2404.10726
cs.LG 2404.10727
cs.LG 2404.10746
cs.LG 2404.10757
cs.LG 2404.10764
cs.LG 2404.10769
cs.LG 2404.10004
cs.LG 2404.10032
cs.LG 2404.10094
cs.LG 2404.10110
cs.LG 2404.10115
cs.LG 2404.10124
cs.LG 2404.10135
cs.LG 2404.10162
cs.LG 2404.10176
cs.LG 2404.10202
cs.LG 2404.10211
cs.LG 2404.10228
cs.LG 2404.10255
cs.LG 2404.10271
cs.LG 2404.10275
cs.LG 2404.10282
cs.LG 2404.10296
cs.LG 2404.10299
cs.LG 2404.10308
cs.LG 2404.10320
cs.LG 2404.10324
cs.LG 2404.10341
cs.LG 2404.10353
cs.LG 2404.10356
cs.LG 2404.10363
cs.LG 2404.10393
cs.LG 2404.10401
cs.LG 2404.10420
cs.LG 2404.10436
cs.LG 2404.10443
cs.LG 2404.10445
cs.LG 2404.10450
cs.LG 2404.10457
cs.LG 2404.10458
cs.LG 2404.10474
cs.LG 2404.10481
cs.LG 2404.10483
cs.LG 2404.10512
cs.LG 2404.10547
cs.LG 2404.10550
cs.LG 2404.10561
cs.LG 2404.10575
cs.LG 2404.10588
cs.LG 2404.10645
cs.LG 2404.10662
cs.LG 2404.10684
cs.LG 2404.10689
cs.LG 2404.10728
cs.LG 2404.10730
cs.LG 2404.10745
cs.LG 2404.10759
cs.LG 2404.10761
cs.LG 2404.10771
cs.LG 2404.10776
cs.LG 2307.00071
cs.LG 2404.10779
cs.LG 2404.10784
cs.LG 2404.10786
cs.LG 2404.10789
cs.LG 2404.10790
cs.LG 2404.10792
cs.LG 2404.10796
cs.LG 2404.10800
cs.LG 2404.10830
cs.LG 2404.10842
cs.LG 2404.10848
cs.LG 2404.10851
cs.LG 2404.10859
cs.LG 2404.10876
cs.LG 2404.10883
cs.LG 2404.10906
cs.LG 2404.10921
cs.LG 2404.10933
cs.LG 2404.10935
cs.LG 2404.10936
cs.LG 2404.10949
cs.LG 2404.10978
cs.LG 2404.10980
cs.LG 2404.10989
cs.LG 2404.10991
cs.LG 2404.10995
cs.LG 2404.11023
cs.LG 2404.11041
cs.LG 2404.11046
cs.LG 2404.11052
cs.LG 2404.11093
cs.LG 2404.11100
cs.LG 2404.11116
cs.LG 2404.11130
cs.LG 2404.11148
cs.LG 2404.11161
cs.LG 2404.11207
cs.LG 2404.11216
cs.LG 2404.11277
cs.LG 2404.11299
cs.LG 2404.11302
cs.LG 2404.11330
cs.LG 2404.11335
cs.LG 2404.11341
cs.LG 2404.11354
cs.LG 2404.11384
cs.LG 2404.11428
cs.LG 2404.11449
cs.LG 2404.11461
cs.LG 2404.11470
cs.LG 2404.11476
cs.LG 2404.11477
cs.LG 2404.11483
cs.LG 2404.11492
cs.LG 2404.11509
cs.LG 2404.11526
cs.LG 2404.11553
cs.LG 2404.11569
cs.LG 2404.11589
cs.LG 2404.11597
cs.LG 2404.10824
cs.LG 2404.10843
cs.LG 2404.10845
cs.LG 2404.10881
cs.LG 2404.10934
cs.LG 2404.10942
cs.LG 2404.10957
cs.LG 2404.10976
cs.LG 2404.10984
cs.LG 2404.10997
cs.LG 2404.11013
cs.LG 2404.11015
cs.LG 2404.11018
cs.LG 2404.11019
cs.LG 2404.11032
cs.LG 2404.11036
cs.LG 2404.11049
cs.LG 2404.11056
cs.LG 2404.11068
cs.LG 2404.11075
cs.LG 2404.11114
cs.LG 2404.11117
cs.LG 2404.11163
cs.LG 2404.11171
cs.LG 2404.11172
cs.LG 2404.11181
cs.LG 2404.11224
cs.LG 2404.11269
cs.LG 2404.11311
cs.LG 2404.11350
cs.LG 2404.11374
cs.LG 2404.11422
cs.LG 2404.11534
cs.LG 2404.11536
cs.LG 2404.11538
cs.LG 2404.11568
cs.LG 2404.11577
cs.LG 2404.11578
cs.LG 2404.11599
cs.LG 2404.11606
cs.LG 2404.11624
cs.LG 2404.11661
cs.LG 2404.11674
cs.LG 2404.11768
cs.LG 2404.11782
cs.LG 2404.11788
cs.LG 2404.11797
cs.LG 2404.11803
cs.LG 2404.11809
cs.LG 2404.11811
cs.LG 2404.11843
cs.LG 2404.11868
cs.LG 2404.11890
cs.LG 2404.11912
cs.LG 2404.11949
cs.LG 2404.11962
cs.LG 2404.11965
cs.LG 2404.11993
cs.LG 2404.12010
cs.LG 2404.12025
cs.LG 2404.12064
cs.LG 2404.12070
cs.LG 2404.12077
cs.LG 2404.12096
cs.LG 2404.12097
cs.LG 2404.12104
cs.LG 2404.12141
cs.LG 2404.12142
cs.LG 2404.12172
cs.LG 2404.12187
cs.LG 2404.12195
cs.LG 2404.12228
cs.LG 2404.12256
cs.LG 2404.12257
cs.LG 2404.12260
cs.LG 2404.12273
cs.LG 2404.12290
cs.LG 2404.12294
cs.LG 2404.12299
cs.LG 2404.12308
cs.LG 2404.12309
cs.LG 2404.12356
cs.LG 2404.12365
cs.LG 2404.12367
cs.LG 2404.12368
cs.LG 2404.12378
cs.LG 2404.12386
cs.LG 2404.12391
cs.LG 2404.11665
cs.LG 2404.11667
cs.LG 2404.11735
cs.LG 2404.11753
cs.LG 2404.11754
cs.LG 2404.11760
cs.LG 2404.11766
cs.LG 2404.11769
cs.LG 2404.11776
cs.LG 2404.11795
cs.LG 2404.11816
cs.LG 2404.11825
cs.LG 2404.11834
cs.LG 2404.11869
cs.LG 2404.11870
cs.LG 2404.11874
cs.LG 2404.11888
cs.LG 2404.11905
cs.LG 2404.11917
cs.LG 2404.11922
cs.LG 2404.11925
cs.LG 2404.11936
cs.LG 2404.11944
cs.LG 2404.11947
cs.LG 2404.12063
cs.LG 2404.12130
cs.LG 2404.12150
cs.LG 2404.12186
cs.LG 2404.12190
cs.LG 2404.12215
cs.LG 2404.12219
cs.LG 2404.12238
cs.LG 2404.12251
cs.LG 2404.12267
cs.LG 2404.12282
cs.LG 2404.12293
cs.LG 2404.12312
cs.LG 2404.12314
cs.LG 2404.12315
cs.LG 2404.12341
cs.LG 2404.12355
cs.LG 2404.12358
cs.LG 2404.12362
cs.LG 2404.12366
cs.LG 2404.12369
cs.LG 2404.12376
cs.OS 2403.15884
cs.OS 2403.16971
cs.OS 2404.00057
cs.OS 2404.00507
cs.OS 2404.01363
cs.OS 2404.03245
cs.OS 2404.08716
cs.SE 2404.08029
cs.SE 2404.08147
cs.SE 2404.08018
cs.SE 2404.08151
cs.SE 2404.08303
cs.SE 2404.08517
cs.SE 2404.08525
cs.SE 2404.08619
cs.SE 2404.08817
cs.SE 2404.09058
cs.SE 2404.09305
cs.SE 2404.09486
cs.SE 2404.09894
cs.SE 2404.09916
cs.SE 2404.08877
cs.SE 2404.08947
cs.SE 2404.08948
cs.SE 2404.09151
cs.SE 2404.09223
cs.SE 2404.09241
cs.SE 2404.09246
cs.SE 2404.09249
cs.SE 2404.09357
cs.SE 2404.09384
cs.SE 2404.09398
cs.SE 2404.09537
cs.SE 2404.09789
cs.SE 2404.09836
cs.SE 2404.09866
cs.SE 2404.09868
cs.SE 2404.09919
cs.SE 2404.09952
cs.SE 2404.09983
cs.SE 2404.10086
cs.SE 2404.10713
cs.SE 2404.10002
cs.SE 2404.10100
cs.SE 2404.10155
cs.SE 2404.10185
cs.SE 2404.10194
cs.SE 2404.10225
cs.SE 2404.10304
cs.SE 2404.10328
cs.SE 2404.10362
cs.SE 2404.10376
cs.SE 2404.10678
cs.SE 2404.10703
cs.SE 2404.11107
cs.SE 2404.11338
cs.SE 2404.10779
cs.SE 2404.10912
cs.SE 2404.11033
cs.SE 2404.11040
cs.SE 2404.11050
cs.SE 2404.11106
cs.SE 2404.11223
cs.SE 2404.11294
cs.SE 2404.11376
cs.SE 2404.11411
cs.SE 2404.11467
cs.SE 2404.11498
cs.SE 2404.11542
cs.SE 2404.11595
cs.SE 2404.11671
cs.SE 2404.11763
cs.SE 2404.12000
cs.SE 2404.12035
cs.SE 2404.12226
cs.SE 2404.12335
cs.MA 2404.08398
cs.MA 2404.09557
cs.MA 2404.09652
cs.MA 2404.09715
cs.MA 2404.09024
cs.MA 2404.09324
cs.MA 2404.09708
cs.MA 2404.10263
cs.MA 2404.10635
cs.MA 2404.10641
cs.MA 2404.10684
cs.MA 2404.10775
cs.MA 2404.10014
cs.MA 2404.10397
cs.MA 2404.10421
cs.MA 2404.10786
cs.MA 2404.10976
cs.MA 2404.11144
cs.MA 2404.11354
cs.MA 2404.11014
cs.MA 2404.11351
cs.MA 2404.12065
cs.MA 2404.12317
cs.MA 2404.11831
cs.MA 2404.12135
cs.PF 2404.05741
cs.PF 2404.07170
cs.PF 2404.06827
cs.PF 2404.08961
cs.PF 2404.08826
cs.PF 2404.09471
cs.PF 2404.10270
cs.PF 2404.10413
cs.PF 2404.10631
cs.PF 2404.11788
cs.RO 2404.08004
cs.RO 2404.08021
cs.RO 2404.08065
cs.RO 2404.08157
cs.RO 2404.08187
cs.RO 2404.08271
cs.RO 2404.08295
cs.RO 2404.08334
cs.RO 2404.08353
cs.RO 2404.08478
cs.RO 2404.08561
cs.RO 2404.08006
cs.RO 2404.08093
cs.RO 2404.08174
cs.RO 2404.08227
cs.RO 2404.08246
cs.RO 2404.08296
cs.RO 2404.08362
cs.RO 2404.08390
cs.RO 2404.08424
cs.RO 2404.08558
cs.RO 2404.08563
cs.RO 2404.08570
cs.RO 2404.08785
cs.RO 2404.08789
cs.RO 2404.08990
cs.RO 2404.09271
cs.RO 2404.09305
cs.RO 2404.09406
cs.RO 2404.09465
cs.RO 2404.09857
cs.RO 2404.09888
cs.RO 2404.08714
cs.RO 2404.08825
cs.RO 2404.08827
cs.RO 2404.08844
cs.RO 2404.08854
cs.RO 2404.08855
cs.RO 2404.08939
cs.RO 2404.08944
cs.RO 2404.08986
cs.RO 2404.09001
cs.RO 2404.09080
cs.RO 2404.09094
cs.RO 2404.09150
cs.RO 2404.09153
cs.RO 2404.09169
cs.RO 2404.09200
cs.RO 2404.09222
cs.RO 2404.09228
cs.RO 2404.09230
cs.RO 2404.09331
cs.RO 2404.09542
cs.RO 2404.09557
cs.RO 2404.09584
cs.RO 2404.09622
cs.RO 2404.09644
cs.RO 2404.09645
cs.RO 2404.09647
cs.RO 2404.09653
cs.RO 2404.09657
cs.RO 2404.09677
cs.RO 2404.09688
cs.RO 2404.09691
cs.RO 2404.09705
cs.RO 2404.09765
cs.RO 2404.09822
cs.RO 2404.09844
cs.RO 2404.09851
cs.RO 2404.09927
cs.RO 2404.09991
cs.RO 2404.09621
cs.RO 2404.10054
cs.RO 2404.10227
cs.RO 2404.10593
cs.RO 2404.10645
cs.RO 2404.10733
cs.RO 2404.10018
cs.RO 2404.10140
cs.RO 2404.10179
cs.RO 2404.10218
cs.RO 2404.10220
cs.RO 2404.10231
cs.RO 2404.10295
cs.RO 2404.10392
cs.RO 2404.10395
cs.RO 2404.10399
cs.RO 2404.10425
cs.RO 2404.10446
cs.RO 2404.10541
cs.RO 2404.10591
cs.RO 2404.10606
cs.RO 2404.10622
cs.RO 2404.10632
cs.RO 2404.10658
cs.RO 2404.10675
cs.RO 2404.10734
cs.RO 2404.11031
cs.RO 2404.11181
cs.RO 2404.11322
cs.RO 2404.11336
cs.RO 2404.11498
cs.RO 2404.11605
cs.RO 2404.10829
cs.RO 2404.10849
cs.RO 2404.10879
cs.RO 2404.10938
cs.RO 2404.10999
cs.RO 2404.11000
cs.RO 2404.11140
cs.RO 2404.11246
cs.RO 2404.11267
cs.RO 2404.11271
cs.RO 2404.11310
cs.RO 2404.11320
cs.RO 2404.11327
cs.RO 2404.11557
cs.RO 2404.11735
cs.RO 2404.11744
cs.RO 2404.11800
cs.RO 2404.11803
cs.RO 2404.11876
cs.RO 2404.11882
cs.RO 2404.11958
cs.RO 2404.12025
cs.RO 2404.12055
cs.RO 2404.12172
cs.RO 2404.12359
cs.RO 2404.11683
cs.RO 2404.11699
cs.RO 2404.11807
cs.RO 2404.11817
cs.RO 2404.11945
cs.RO 2404.11946
cs.RO 2404.12018
cs.RO 2404.12079
cs.RO 2404.12115
cs.RO 2404.12220
cs.RO 2404.12256
cs.RO 2404.12261
cs.RO 2404.12281
cs.RO 2404.12308
cs.RO 2404.12339
cs.RO 2404.12377
cs.SD 2404.08022
cs.SD 2404.08813
cs.SD 2404.09342
cs.SD 2404.09841
cs.SD 2404.08857
cs.SD 2404.09177
cs.SD 2404.09192
cs.SD 2404.09466
cs.SD 2404.09956
cs.SD 2404.10112
cs.SD 2404.10299
cs.SD 2404.10301
cs.SD 2404.10316
cs.SD 2404.10578
cs.SD 2404.10922
cs.SD 2404.10989
cs.SD 2404.11399
cs.SD 2404.10842
cs.SD 2404.11116
cs.SD 2404.11275
cs.SD 2404.11619
cs.SD 2404.11938
cs.SD 2404.12251
cs.SD 2404.12299
cs.SD 2404.11976
cs.SD 2404.12062
cs.SD 2404.12077
cs.SD 2404.12132
cs.NI 2404.08003
cs.NI 2404.08060
cs.NI 2404.08113
cs.NI 2404.08314
cs.NI 2404.08588
cs.NI 2404.08637
cs.NI 2404.09240
cs.NI 2404.09392
cs.NI 2404.08642
cs.NI 2404.08643
cs.NI 2404.08644
cs.NI 2404.08645
cs.NI 2404.08648
cs.NI 2404.08652
cs.NI 2404.08744
cs.NI 2404.08878
cs.NI 2404.08899
cs.NI 2404.09087
cs.NI 2404.09110
cs.NI 2404.09134
cs.NI 2404.09186
cs.NI 2404.09354
cs.NI 2404.09408
cs.NI 2404.09539
cs.NI 2404.09660
cs.NI 2404.09665
cs.NI 2404.09770
cs.NI 2404.09905
cs.NI 2404.09998
cs.NI 2404.10602
cs.NI 2404.10188
cs.NI 2404.10365
cs.NI 2404.10556
cs.NI 2404.10643
cs.NI 2404.10792
cs.NI 2404.10845
cs.NI 2404.11035
cs.NI 2404.11136
cs.NI 2404.11388
cs.NI 2404.11410
cs.NI 2404.11280
cs.NI 2404.11394
cs.NI 2404.11728
cs.NI 2404.12023
cs.NI 2404.12305
cs.SC 2404.05457
cs.SC 2404.05177
cs.SC 2404.08295
cs.SC 2404.08404
cs.SC 2404.08751
cs.SC 2404.09749
cs.SC 2404.10482
cs.SC 2404.10143
cs.SC 2404.10839
cs.SC 2404.10906
cs.SI 2404.08110
cs.SI 2404.08263
cs.SI 2404.08299
cs.SI 2404.08098
cs.SI 2404.08236
cs.SI 2404.08322
cs.SI 2404.08662
cs.SI 2404.08665
cs.SI 2404.08869
cs.SI 2404.08959
cs.SI 2404.08960
cs.SI 2404.08967
cs.SI 2404.09167
cs.SI 2404.10228
cs.SI 2404.10259
cs.SI 2404.10353
cs.SI 2404.10706
cs.SI 2404.10148
cs.SI 2404.10359
cs.SI 2404.10468
cs.SI 2404.11032
cs.SI 2404.10784
cs.SI 2404.10795
cs.SI 2404.10897
cs.SI 2404.11067
cs.SI 2404.11465
cs.SI 2404.11869
cs.SI 2404.12107
cs.SI 2404.12171
cs.SI 2404.12356
cs.SI 2404.11862
cs.SY 2404.08120
cs.SY 2404.08174
cs.SY 2404.08285
cs.SY 2404.08362
cs.SY 2404.08372
cs.SY 2404.08390
cs.SY 2404.08453
cs.SY 2404.08469
cs.SY 2404.08487
cs.SY 2404.08588
cs.SY 2404.08086
cs.SY 2404.08095
cs.SY 2404.08107
cs.SY 2404.08175
cs.SY 2404.08268
cs.SY 2404.08326
cs.SY 2404.08334
cs.SY 2404.08344
cs.SY 2404.08360
cs.SY 2404.08440
cs.SY 2404.08478
cs.SY 2404.08497
cs.SY 2404.08714
cs.SY 2404.08943
cs.SY 2404.08961
cs.SY 2404.08986
cs.SY 2404.09200
cs.SY 2404.09203
cs.SY 2404.09519
cs.SY 2404.09557
cs.SY 2404.09808
cs.SY 2404.09851
cs.SY 2404.09871
cs.SY 2404.09888
cs.SY 2404.09905
cs.SY 2404.08667
cs.SY 2404.08879
cs.SY 2404.08889
cs.SY 2404.08955
cs.SY 2404.09007
cs.SY 2404.09030
cs.SY 2404.09037
cs.SY 2404.09071
cs.SY 2404.09128
cs.SY 2404.09149
cs.SY 2404.09188
cs.SY 2404.09282
cs.SY 2404.09316
cs.SY 2404.09320
cs.SY 2404.09566
cs.SY 2404.09567
cs.SY 2404.09621
cs.SY 2404.09786
cs.SY 2404.09801
cs.SY 2404.09838
cs.SY 2404.09845
cs.SY 2404.09850
cs.SY 2404.09876
cs.SY 2404.09893
cs.SY 2404.09898
cs.SY 2404.09998
cs.SY 2404.10018
cs.SY 2404.10231
cs.SY 2404.10324
cs.SY 2404.10605
cs.SY 2404.10693
cs.SY 2404.10754
cs.SY 2404.10021
cs.SY 2404.10022
cs.SY 2404.10064
cs.SY 2404.10071
cs.SY 2404.10240
cs.SY 2404.10311
cs.SY 2404.10313
cs.SY 2404.10439
cs.SY 2404.10509
cs.SY 2404.10520
cs.SY 2404.10665
cs.SY 2404.10676
cs.SY 2404.10687
cs.SY 2404.10747
cs.SY 2404.09307
cs.SY 2404.10786
cs.SY 2404.10844
cs.SY 2404.10911
cs.SY 2404.10991
cs.SY 2404.11194
cs.SY 2404.10850
cs.SY 2404.10851
cs.SY 2404.10914
cs.SY 2404.11149
cs.SY 2404.11304
cs.SY 2404.11336
cs.SY 2404.11520
cs.SY 2404.11807
cs.SY 2404.12018
cs.SY 2404.12178
cs.SY 2404.12308
cs.SY 2404.11707
cs.SY 2404.11771
cs.SY 2404.11882
cs.SY 2404.11900
cs.SY 2404.11959
cs.SY 2404.11995
cs.SY 2404.12025
cs.SY 2404.12030
cs.SY 2404.12097
cs.SY 2404.12165
cs.SY 2404.12187
cs.SY 2404.12296
cs.SY 2404.12329
stat.ML 2404.07662
stat.ML 2404.08073
stat.ML 2404.08131
stat.ML 2404.08136
stat.ML 2404.08168
stat.ML 2404.08278
stat.ML 2404.08472
stat.ML 2404.08613
stat.ML 2404.08164
stat.ML 2404.08458
stat.ML 2404.08476
stat.ML 2404.08602
stat.ML 2404.08670
stat.ML 2404.08679
stat.ML 2404.08803
stat.ML 2404.08809
stat.ML 2404.08839
stat.ML 2404.08913
stat.ML 2404.08980
stat.ML 2404.09053
stat.ML 2404.09101
stat.ML 2404.09119
stat.ML 2404.09123
stat.ML 2404.09247
stat.ML 2404.09353
stat.ML 2404.09402
stat.ML 2404.09438
stat.ML 2404.09636
stat.ML 2404.09703
stat.ML 2404.09788
stat.ML 2404.09821
stat.ML 2404.09946
stat.ML 2404.09953
stat.ML 2404.08715
stat.ML 2404.08717
stat.ML 2404.08747
stat.ML 2404.08792
stat.ML 2404.08969
stat.ML 2404.09113
stat.ML 2404.09413
stat.ML 2404.09779
stat.ML 2404.09847
stat.ML 2404.09962
stat.ML 2404.10044
stat.ML 2404.10148
stat.ML 2404.10444
stat.ML 2404.10550
stat.ML 2404.10561
stat.ML 2404.10728
stat.ML 2404.10759
stat.ML 2404.10122
stat.ML 2404.10207
stat.ML 2404.10261
stat.ML 2404.10351
stat.ML 2404.10727
stat.ML 2404.10843
stat.ML 2404.10881
stat.ML 2404.10899
stat.ML 2404.10935
stat.ML 2404.10985
stat.ML 2404.11024
stat.ML 2404.11224
stat.ML 2404.11341
stat.ML 2404.11487
stat.ML 2404.11534
stat.ML 2404.11599
stat.ML 2404.11330
stat.ML 2404.11509
stat.ML 2404.11667
stat.ML 2404.11917
stat.ML 2404.12070
stat.ML 2404.12215
stat.ML 2404.12219
stat.ML 2404.12267
stat.ML 2404.12312
stat.ML 2404.12376
stat.ML 2404.11965
stat.ML 2404.12290
stat.ML 2404.12294
stat.ML 2404.12356
eess.IV 2404.08005
eess.IV 2404.08010
eess.IV 2404.08515
eess.IV 2404.08201
eess.IV 2404.08238
eess.IV 2404.08279
eess.IV 2404.08350
eess.IV 2404.08549
eess.IV 2404.08580
eess.IV 2404.09003
eess.IV 2404.09029
eess.IV 2404.09105
eess.IV 2404.09179
eess.IV 2404.09290
eess.IV 2404.09436
eess.IV 2404.09500
eess.IV 2404.09765
eess.IV 2404.09905
eess.IV 2404.09961
eess.IV 2404.09979
eess.IV 2404.08693
eess.IV 2404.08703
eess.IV 2404.08713
eess.IV 2404.08748
eess.IV 2404.08805
eess.IV 2404.08831
eess.IV 2404.09000
eess.IV 2404.09226
eess.IV 2404.09425
eess.IV 2404.09433
eess.IV 2404.09571
eess.IV 2404.09666
eess.IV 2404.09683
eess.IV 2404.09761
eess.IV 2404.10182
eess.IV 2404.10312
eess.IV 2404.10343
eess.IV 2404.10564
eess.IV 2404.10664
eess.IV 2404.10026
eess.IV 2404.10030
eess.IV 2404.10239
eess.IV 2404.10290
eess.IV 2404.10506
eess.IV 2404.10548
eess.IV 2404.10640
eess.IV 2404.10700
eess.IV 2404.10714
eess.IV 2404.10766
eess.IV 2404.10836
eess.IV 2404.10927
eess.IV 2404.11278
eess.IV 2404.11525
eess.IV 2404.11537
eess.IV 2404.11569
eess.IV 2404.10777
eess.IV 2404.10892
eess.IV 2404.10965
eess.IV 2404.10970
eess.IV 2404.11058
eess.IV 2404.11152
eess.IV 2404.11221
eess.IV 2404.11273
eess.IV 2404.11313
eess.IV 2404.11361
eess.IV 2404.11428
eess.IV 2404.11511
eess.IV 2404.11941
eess.IV 2404.12142
eess.IV 2404.12257
eess.IV 2404.11725
eess.IV 2404.11843
eess.IV 2404.11889
eess.IV 2404.11929
eess.IV 2404.11974
eess.IV 2404.12163
stat.AP 2404.08325
stat.AP 2404.08476
stat.AP 2404.08208
stat.AP 2404.08336
stat.AP 2404.08533
stat.AP 2404.08667
stat.AP 2404.08715
stat.AP 2404.08893
stat.AP 2404.09053
stat.AP 2404.09119
stat.AP 2404.09126
stat.AP 2404.09353
stat.AP 2404.09362
stat.AP 2404.09386
stat.AP 2404.09528
stat.AP 2404.09716
stat.AP 2404.09960
stat.AP 2404.08670
stat.AP 2404.08738
stat.AP 2404.08927
stat.AP 2404.09156
stat.AP 2404.09157
stat.AP 2404.09318
stat.AP 2404.09334
stat.AP 2404.10004
stat.AP 2404.10275
stat.AP 2404.10381
stat.AP 2404.10626
stat.AP 2404.10629
stat.AP 2404.10137
stat.AP 2404.10243
stat.AP 2404.10530
stat.AP 2404.10580
stat.AP 2404.10915
stat.AP 2404.11057
stat.AP 2404.11006
stat.AP 2404.11212
stat.AP 2404.11406
stat.AP 2404.11506
stat.AP 2404.11552
stat.AP 2404.11678
stat.AP 2404.11781
stat.AP 2404.11675
stat.AP 2404.11802
math.OC 2404.07895
math.OC 2404.08006
math.OC 2404.08079
math.OC 2404.08080
math.OC 2404.08089
math.OC 2404.08136
math.OC 2404.08289
math.OC 2404.08447
math.OC 2404.08624
math.OC 2404.07998
math.OC 2404.08073
math.OC 2404.08120
math.OC 2404.08157
math.OC 2404.08171
math.OC 2404.08178
math.OC 2404.08210
math.OC 2404.08290
math.OC 2404.08297
math.OC 2404.08316
math.OC 2404.08367
math.OC 2404.08383
math.OC 2404.08503
math.OC 2404.08621
math.OC 2404.08792
math.OC 2404.08953
math.OC 2404.08961
math.OC 2404.09209
math.OC 2404.09215
math.OC 2404.09279
math.OC 2404.09437
math.OC 2404.09470
math.OC 2404.09786
math.OC 2404.09849
math.OC 2404.09876
math.OC 2404.09903
math.OC 2404.08842
math.OC 2404.08900
math.OC 2404.08943
math.OC 2404.09061
math.OC 2404.09307
math.OC 2404.09323
math.OC 2404.09363
math.OC 2404.09438
math.OC 2404.09460
math.OC 2404.09503
math.OC 2404.09617
math.OC 2404.09710
math.OC 2404.09746
math.OC 2404.09776
math.OC 2404.09810
math.OC 2404.09869
math.OC 2404.09996
math.OC 2404.10262
math.OC 2404.10350
math.OC 2404.10398
math.OC 2404.10567
math.OC 2404.10575
math.OC 2404.10015
math.OC 2404.10029
math.OC 2404.10099
math.OC 2404.10215
math.OC 2404.10230
math.OC 2404.10285
math.OC 2404.10326
math.OC 2404.10372
math.OC 2404.10428
math.OC 2404.10467
math.OC 2404.10559
math.OC 2404.10686
math.OC 2404.10797
math.OC 2404.10824
math.OC 2404.10843
math.OC 2404.10851
math.OC 2404.10881
math.OC 2404.10898
math.OC 2404.11010
math.OC 2404.11013
math.OC 2404.11130
math.OC 2404.11137
math.OC 2404.10920
math.OC 2404.10930
math.OC 2404.10987
math.OC 2404.10993
math.OC 2404.10995
math.OC 2404.11112
math.OC 2404.11185
math.OC 2404.11194
math.OC 2404.11354
math.OC 2404.11377
math.OC 2404.11382
math.OC 2404.11404
math.OC 2404.11435
math.OC 2404.11482
math.OC 2404.11520
math.OC 2404.11678
math.OC 2404.11707
math.OC 2404.11766
math.OC 2404.12312
math.OC 2404.12332
math.OC 2404.12376
math.OC 2404.11695
math.OC 2404.11786
math.OC 2404.11790
math.OC 2404.11893
math.OC 2404.11967
math.OC 2404.12129
math.OC 2404.12188
math.OC 2404.12205
math.OC 2404.12213
stat.TH 2404.08172
stat.TH 2404.08602
stat.TH 2404.08278
stat.TH 2404.08355
stat.TH 2404.08717
stat.TH 2404.08792
stat.TH 2404.09113
stat.TH 2404.09118
stat.TH 2404.09581
stat.TH 2404.09605
stat.TH 2404.09962
stat.TH 2404.08913
stat.TH 2404.09142
stat.TH 2404.09306
stat.TH 2404.09725
stat.TH 2404.09741
stat.TH 2404.09938
stat.TH 2404.10122
stat.TH 2404.10169
stat.TH 2404.10191
stat.TH 2404.10444
stat.TH 2404.10448
stat.TH 2404.11427
stat.TH 2404.11510
stat.TH 2404.11552
stat.TH 2404.11024
stat.TH 2404.11083
stat.TH 2404.11438
stat.TH 2404.11464
stat.TH 2404.11781
stat.TH 2404.12137
stat.TH 2404.12181
stat.CO 2404.08245
stat.CO 2404.08426
stat.CO 2404.08480
stat.CO 2404.08136
stat.CO 2404.09118
stat.CO 2404.09810
stat.CO 2404.09863
stat.CO 2404.09883
stat.CO 2404.08898
stat.CO 2404.10436
stat.CO 2404.10262
stat.CO 2404.10915
stat.CO 2404.11125
stat.CO 2404.11406
stat.CO 2404.10899
stat.CO 2404.12290
eess.SP 2404.08060
eess.SP 2404.08061
eess.SP 2404.08091
eess.SP 2404.08136
eess.SP 2404.08172
eess.SP 2404.08188
eess.SP 2404.08333
eess.SP 2404.08343
eess.SP 2404.08350
eess.SP 2404.08408
eess.SP 2404.08607
eess.SP 2404.08176
eess.SP 2404.08199
eess.SP 2404.08212
eess.SP 2404.08282
eess.SP 2404.08286
eess.SP 2404.08366
eess.SP 2404.08369
eess.SP 2404.08455
eess.SP 2404.08483
eess.SP 2404.08490
eess.SP 2404.08516
eess.SP 2404.08566
eess.SP 2404.08610
eess.SP 2404.08878
eess.SP 2404.09062
eess.SP 2404.09140
eess.SP 2404.09256
eess.SP 2404.09385
eess.SP 2404.09392
eess.SP 2404.09506
eess.SP 2404.09620
eess.SP 2404.09660
eess.SP 2404.09734
eess.SP 2404.09801
eess.SP 2404.08739
eess.SP 2404.08976
eess.SP 2404.08993
eess.SP 2404.08994
eess.SP 2404.09131
eess.SP 2404.09215
eess.SP 2404.09218
eess.SP 2404.09244
eess.SP 2404.09493
eess.SP 2404.09510
eess.SP 2404.09590
eess.SP 2404.09595
eess.SP 2404.09598
eess.SP 2404.09729
eess.SP 2404.09733
eess.SP 2404.09808
eess.SP 2404.09854
eess.SP 2404.09969
eess.SP 2404.10316
eess.SP 2404.10365
eess.SP 2404.10556
eess.SP 2404.10558
eess.SP 2404.10598
eess.SP 2404.10643
eess.SP 2404.10689
eess.SP 2404.10171
eess.SP 2404.10232
eess.SP 2404.10233
eess.SP 2404.10235
eess.SP 2404.10291
eess.SP 2404.10388
eess.SP 2404.10583
eess.SP 2404.10590
eess.SP 2404.10850
eess.SP 2404.10914
eess.SP 2404.10970
eess.SP 2404.11070
eess.SP 2404.11075
eess.SP 2404.11168
eess.SP 2404.11171
eess.SP 2404.11200
eess.SP 2404.11314
eess.SP 2404.11328
eess.SP 2404.11350
eess.SP 2404.10844
eess.SP 2404.10911
eess.SP 2404.10936
eess.SP 2404.11004
eess.SP 2404.11213
eess.SP 2404.11383
eess.SP 2404.11385
eess.SP 2404.11413
eess.SP 2404.11790
eess.SP 2404.11881
eess.SP 2404.12071
eess.SP 2404.12133
eess.SP 2404.12134
eess.SP 2404.11836
eess.SP 2404.11858
eess.SP 2404.11861
eess.SP 2404.11941
eess.SP 2404.12060
eess.SP 2404.12089
eess.SP 2404.12148
eess.SP 2404.12170
math.PR 2404.08116
math.PR 2404.08316
math.PR 2404.08476
math.PR 2404.08499
math.PR 2404.08602
math.PR 2404.08387
math.PR 2404.08554
math.PR 2404.08575
math.PR 2404.07945
math.PR 2404.08717
math.PR 2404.08792
math.PR 2404.08826
math.PR 2404.08961
math.PR 2404.09059
math.PR 2404.09076
math.PR 2404.09168
math.PR 2404.09552
math.PR 2404.09572
math.PR 2404.09680
math.PR 2404.09687
math.PR 2404.09725
math.PR 2404.09947
math.PR 2404.08803
math.PR 2404.08868
math.PR 2404.08873
math.PR 2404.09064
math.PR 2404.09118
math.PR 2404.09287
math.PR 2404.09289
math.PR 2404.09333
math.PR 2404.09409
math.PR 2404.09525
math.PR 2404.09549
math.PR 2404.09568
math.PR 2404.09581
math.PR 2404.09589
math.PR 2404.09783
math.PR 2404.09800
math.PR 2404.09928
math.PR 2404.09944
math.PR 2404.10148
math.PR 2404.10251
math.PR 2404.10537
math.PR 2404.10611
math.PR 2404.10759
math.PR 2404.10106
math.PR 2404.10325
math.PR 2404.10361
math.PR 2404.10398
math.PR 2404.10654
math.PR 2404.10744
math.PR 2404.10797
math.PR 2404.10870
math.PR 2404.11274
math.PR 2404.10802
math.PR 2404.10916
math.PR 2404.11010
math.PR 2404.11147
math.PR 2404.11167
math.PR 2404.11170
math.PR 2404.11222
math.PR 2404.11432
math.PR 2404.11521
math.PR 2404.11529
math.PR 2404.11564
math.PR 2404.11695
math.PR 2404.11700
math.PR 2404.12067
math.PR 2404.12088
math.PR 2404.12147
math.PR 2404.12181
math.PR 2404.12277
math.PR 2404.12293
math.PR 2404.12332
math.PR 2404.11708
math.PR 2404.11963
math.PR 2404.12070
math.PR 2404.12234
math.PR 2404.12279
math.DS 2404.05226
math.DS 2404.08297
math.DS 2404.08499
math.DS 2404.08500
math.DS 2404.08146
math.DS 2404.08270
math.DS 2404.08289
math.DS 2404.08428
math.DS 2404.08512
math.DS 2404.08717
math.DS 2404.08864
math.DS 2404.08893
math.DS 2404.09803
math.DS 2404.09817
math.DS 2404.09849
math.DS 2404.08790
math.DS 2404.08989
math.DS 2404.09025
math.DS 2404.09046
math.DS 2404.09076
math.DS 2404.09233
math.DS 2404.09348
math.DS 2404.09424
math.DS 2404.09612
math.DS 2404.09713
math.DS 2404.09718
math.DS 2404.09745
math.DS 2404.09751
math.DS 2404.10428
math.DS 2404.10504
math.DS 2404.10769
math.DS 2404.10247
math.DS 2404.10273
math.DS 2404.10410
math.DS 2404.10698
math.DS 2404.10749
math.DS 2404.10873
math.DS 2404.11191
math.DS 2404.11293
math.DS 2404.11455
math.DS 2404.11503
math.DS 2404.11546
math.DS 2404.10867
math.DS 2404.10986
math.DS 2404.11094
math.DS 2404.11211
math.DS 2404.11340
math.DS 2404.11507
math.DS 2404.11512
math.DS 2404.12073
math.DS 2404.12078
math.DS 2404.11700
math.DS 2404.12012
math.DS 2404.12201
eess.AS 2404.08022
eess.AS 2404.08264
eess.AS 2404.08064
eess.AS 2404.08813
eess.AS 2404.08857
eess.AS 2404.09177
eess.AS 2404.09192
eess.AS 2404.09342
eess.AS 2404.09466
eess.AS 2404.09956
eess.AS 2404.09313
eess.AS 2404.09385
eess.AS 2404.09841
eess.AS 2404.10112
eess.AS 2404.10180
eess.AS 2404.10299
eess.AS 2404.10301
eess.AS 2404.10316
eess.AS 2404.10440
eess.AS 2404.10578
eess.AS 2404.10310
eess.AS 2404.10419
eess.AS 2404.10842
eess.AS 2404.10922
eess.AS 2404.10989
eess.AS 2404.11116
eess.AS 2404.11275
eess.AS 2404.11399
eess.AS 2404.11938
eess.AS 2404.11976
eess.AS 2404.12062
eess.AS 2404.12077
eess.AS 2404.12132
eess.AS 2404.12251
eess.AS 2404.12299
eess.AS 2404.11619
eess.AS 2404.11621
