cs.DC 2401.14527
cs.DC 2401.14489
cs.DC 2401.14550
cs.DC 2401.14576
cs.DC 2401.14968
cs.DC 2401.15607
cs.DC 2401.16265
cs.DC 2401.16350
cs.DC 2401.15541
cs.DC 2401.15550
cs.DC 2401.15870
cs.DC 2401.15874
cs.DC 2401.15960
cs.DC 2401.15985
cs.DC 2401.16292
cs.DC 2401.16339
cs.DC 2401.16445
cs.DC 2401.16492
cs.DC 2401.16603
cs.DC 2401.16677
cs.DC 2401.16685
cs.DC 2401.16694
cs.DC 2401.16757
cs.DC 2401.16906
cs.DC 2401.16915
cs.DC 2401.16529
cs.DC 2401.16545
cs.DC 2401.16547
cs.DC 2401.16551
cs.DC 2401.16893
cs.DC 2401.16956
cs.DC 2401.16971
cs.DC 2401.16975
cs.DC 2401.17018
cs.DC 2401.17115
cs.DC 2401.17125
cs.DC 2401.17460
cs.DC 2401.17493
cs.DC 2401.17581
cs.DC 2401.17474
cs.DC 2401.17644
cs.DC 2401.17747
cs.DC 2402.00138
cs.DC 2402.00208
cs.DC 2402.00665
cs.DC 2402.00025
cs.DC 2402.00034
cs.DC 2402.00219
cs.DC 2402.00398
cs.DC 2402.00466
cs.DC 2402.00691
cs.DC 2402.00729
cs.IT 2401.14577
cs.IT 2401.14792
cs.IT 2401.14482
cs.IT 2401.14517
cs.IT 2401.14594
cs.IT 2401.14611
cs.IT 2401.14633
cs.IT 2401.14634
cs.IT 2401.14663
cs.IT 2401.14666
cs.IT 2401.14671
cs.IT 2401.14710
cs.IT 2401.14723
cs.IT 2401.14749
cs.IT 2401.14780
cs.IT 2401.14799
cs.IT 2401.14805
cs.IT 2401.14810
cs.IT 2401.14916
cs.IT 2401.14962
cs.IT 2401.14965
cs.IT 2401.15034
cs.IT 2401.15056
cs.IT 2401.15088
cs.IT 2401.15462
cs.IT 2401.15500
cs.IT 2401.15530
cs.IT 2401.15562
cs.IT 2401.15566
cs.IT 2401.15571
cs.IT 2401.15906
cs.IT 2401.15919
cs.IT 2401.15994
cs.IT 2401.16236
cs.IT 2401.16302
cs.IT 2401.15166
cs.IT 2401.15195
cs.IT 2401.15202
cs.IT 2401.15265
cs.IT 2401.15280
cs.IT 2401.15291
cs.IT 2401.15308
cs.IT 2401.15344
cs.IT 2401.15355
cs.IT 2401.15368
cs.IT 2401.15381
cs.IT 2401.15495
cs.IT 2401.15517
cs.IT 2401.15534
cs.IT 2401.15560
cs.IT 2401.15666
cs.IT 2401.15677
cs.IT 2401.15678
cs.IT 2401.15722
cs.IT 2401.15733
cs.IT 2401.15752
cs.IT 2401.15867
cs.IT 2401.15910
cs.IT 2401.15912
cs.IT 2401.15915
cs.IT 2401.15939
cs.IT 2401.15946
cs.IT 2401.16063
cs.IT 2401.16181
cs.IT 2401.16187
cs.IT 2401.16213
cs.IT 2401.16238
cs.IT 2401.16241
cs.IT 2401.16288
cs.IT 2401.16312
cs.IT 2401.16342
cs.IT 2401.16390
cs.IT 2401.16414
cs.IT 2401.16417
cs.IT 2401.16623
cs.IT 2401.16661
cs.IT 2401.16701
cs.IT 2401.16919
cs.IT 2401.16922
cs.IT 2401.16993
cs.IT 2401.17094
cs.IT 2401.17139
cs.IT 2401.16530
cs.IT 2401.16540
cs.IT 2401.16579
cs.IT 2401.16628
cs.IT 2401.16630
cs.IT 2401.16643
cs.IT 2401.16647
cs.IT 2401.16707
cs.IT 2401.16709
cs.IT 2401.16726
cs.IT 2401.16743
cs.IT 2401.16751
cs.IT 2401.16778
cs.IT 2401.16804
cs.IT 2401.16826
cs.IT 2401.16833
cs.IT 2401.16853
cs.IT 2401.16858
cs.IT 2401.16866
cs.IT 2401.16901
cs.IT 2401.16908
cs.IT 2401.16911
cs.IT 2401.16915
cs.IT 2401.16926
cs.IT 2401.16952
cs.IT 2401.16958
cs.IT 2401.16965
cs.IT 2401.16977
cs.IT 2401.17011
cs.IT 2401.17014
cs.IT 2401.17049
cs.IT 2401.17057
cs.IT 2401.17084
cs.IT 2401.17089
cs.IT 2401.17108
cs.IT 2401.17188
cs.IT 2401.17235
cs.IT 2401.17247
cs.IT 2401.17252
cs.IT 2401.17442
cs.IT 2401.17447
cs.IT 2401.17829
cs.IT 2401.17880
cs.IT 2401.17419
cs.IT 2401.17556
cs.IT 2401.17577
cs.IT 2401.17594
cs.IT 2401.17649
cs.IT 2401.17681
cs.IT 2401.17691
cs.IT 2401.17801
cs.IT 2401.18063
cs.IT 2401.18069
cs.IT 2402.00060
cs.IT 2402.00242
cs.IT 2402.00305
cs.IT 2402.00315
cs.IT 2402.00318
cs.IT 2402.00378
cs.IT 2402.00501
cs.IT 2402.00224
cs.IT 2402.00381
cs.IT 2402.00455
cs.IT 2402.00465
cs.IT 2402.00562
cs.IT 2402.00646
cs.IT 2402.00771
cs.IT 2402.00845
cs.AR 2401.14428
cs.AR 2401.14620
cs.AR 2401.14888
cs.AR 2401.16204
cs.AR 2401.15332
cs.AR 2401.15639
cs.AR 2401.16202
cs.AR 2401.16279
cs.AR 2401.16387
cs.AR 2401.16975
cs.AR 2401.16448
cs.AR 2401.16526
cs.AR 2401.16677
cs.AR 2401.16792
cs.AR 2401.16872
cs.AR 2401.17005
cs.AR 2401.17450
cs.AR 2401.17819
cs.AR 2401.17582
cs.AR 2401.17724
cs.AR 2401.17984
cs.AR 2402.00069
cs.AR 2402.00386
cs.AR 2402.00395
cs.AR 2402.00496
cs.AR 2402.00533
cs.AR 2402.00629
cs.AR 2402.00649
cs.CV 2401.14414
cs.CV 2401.14425
cs.CV 2401.14444
cs.CV 2401.14469
cs.CV 2401.14502
cs.CV 2401.14535
cs.CV 2401.14705
cs.CV 2401.14749
cs.CV 2401.14831
cs.CV 2401.14846
cs.CV 2401.14948
cs.CV 2401.15022
cs.CV 2401.14434
cs.CV 2401.14486
cs.CV 2401.14487
cs.CV 2401.14497
cs.CV 2401.14510
cs.CV 2401.14555
cs.CV 2401.14565
cs.CV 2401.14579
cs.CV 2401.14587
cs.CV 2401.14626
cs.CV 2401.14641
cs.CV 2401.14661
cs.CV 2401.14675
cs.CV 2401.14686
cs.CV 2401.14707
cs.CV 2401.14718
cs.CV 2401.14719
cs.CV 2401.14726
cs.CV 2401.14729
cs.CV 2401.14733
cs.CV 2401.14754
cs.CV 2401.14762
cs.CV 2401.14772
cs.CV 2401.14785
cs.CV 2401.14786
cs.CV 2401.14792
cs.CV 2401.14807
cs.CV 2401.14828
cs.CV 2401.14832
cs.CV 2401.14838
cs.CV 2401.14845
cs.CV 2401.14856
cs.CV 2401.14861
cs.CV 2401.14895
cs.CV 2401.14919
cs.CV 2401.14938
cs.CV 2401.14966
cs.CV 2401.15002
cs.CV 2401.15029
cs.CV 2401.15048
cs.CV 2401.15055
cs.CV 2401.15071
cs.CV 2401.15075
cs.CV 2401.15111
cs.CV 2401.15164
cs.CV 2401.15235
cs.CV 2401.15307
cs.CV 2401.15313
cs.CV 2401.15318
cs.CV 2401.15335
cs.CV 2401.15354
cs.CV 2401.15380
cs.CV 2401.15434
cs.CV 2401.15513
cs.CV 2401.15613
cs.CV 2401.15615
cs.CV 2401.15663
cs.CV 2401.15803
cs.CV 2401.15877
cs.CV 2401.15883
cs.CV 2401.15889
cs.CV 2401.15913
cs.CV 2401.15952
cs.CV 2401.15990
cs.CV 2401.16039
cs.CV 2401.16123
cs.CV 2401.16158
cs.CV 2401.16258
cs.CV 2401.16318
cs.CV 2401.16363
cs.CV 2401.16386
cs.CV 2401.15113
cs.CV 2401.15118
cs.CV 2401.15120
cs.CV 2401.15175
cs.AI 2311.13544
cs.CV 2401.15204
cs.AI 2401.14412
cs.CV 2401.15223
cs.AI 2401.14413
cs.CV 2401.15236
cs.AI 2401.14417
cs.CV 2401.15261
cs.AI 2401.14424
cs.CV 2401.15266
cs.AI 2401.14425
cs.CV 2401.15275
cs.AI 2401.14426
cs.CV 2401.15282
cs.AI 2401.14434
cs.CV 2401.15287
cs.AI 2401.14436
cs.CV 2401.15288
cs.AI 2401.14440
cs.CV 2401.15293
cs.AI 2401.14444
cs.CV 2401.15296
cs.AI 2401.14446
cs.CV 2401.15319
cs.AI 2401.14447
cs.CV 2401.15348
cs.AI 2401.14469
cs.CV 2401.15362
cs.AI 2401.14484
cs.CV 2401.15365
cs.AI 2401.14488
cs.CV 2401.15366
cs.AI 2401.14489
cs.CV 2401.15414
cs.AI 2401.14504
cs.CV 2401.15448
cs.AI 2401.14521
cs.CV 2401.15455
cs.AI 2401.14523
cs.CV 2401.15458
cs.AI 2401.14524
cs.CV 2401.15472
cs.AI 2401.14530
cs.CV 2401.15473
cs.AI 2401.14542
cs.CV 2401.15489
cs.AI 2401.14559
cs.CV 2401.15501
cs.AI 2401.14571
cs.CV 2401.15526
cs.AI 2401.14589
cs.CV 2401.15554
cs.AI 2401.14616
cs.CV 2401.15563
cs.AI 2401.14617
cs.CV 2401.15568
cs.AI 2401.14630
cs.CV 2401.15578
cs.CV 2401.15583
cs.AI 2401.14665
cs.CV 2401.15616
cs.CV 2401.15636
cs.AI 2401.14694
cs.CV 2401.15638
cs.CV 2401.15646
cs.AI 2401.14696
cs.CV 2401.15647
cs.AI 2401.14698
cs.CV 2401.15649
cs.AI 2401.14702
cs.CV 2401.15652
cs.AI 2401.14707
cs.CV 2401.15657
cs.AI 2401.14717
cs.CV 2401.15668
cs.CV 2401.15675
cs.AI 2401.14749
cs.CV 2401.15685
cs.AI 2401.14777
cs.CV 2401.15687
cs.AI 2401.14831
cs.CV 2401.15688
cs.AI 2401.14856
cs.CV 2401.15708
cs.AI 2401.14876
cs.CV 2401.15721
cs.CV 2401.15726
cs.AI 2401.14915
cs.CV 2401.15739
cs.AI 2401.14931
cs.CV 2401.15741
cs.AI 2401.14948
cs.CV 2401.15753
cs.AI 2401.14953
cs.CV 2401.15785
cs.AI 2401.14968
cs.CV 2401.15805
cs.AI 2401.15006
cs.CV 2401.15817
cs.AI 2401.15042
cs.CV 2401.15820
cs.AI 2401.15043
cs.CV 2401.15834
cs.AI 2401.15075
cs.CV 2401.15841
cs.AI 2401.14461
cs.CV 2401.15842
cs.AI 2401.14511
cs.CV 2401.15847
cs.AI 2401.14636
cs.CV 2401.15855
cs.AI 2401.14743
cs.CV 2401.15859
cs.AI 2401.14811
cs.CV 2401.15863
cs.AI 2401.14923
cs.CV 2401.15864
cs.CV 2401.15865
cs.AI 2401.14933
cs.CV 2401.15875
cs.AI 2401.14279
cs.CV 2401.15885
cs.AI 2401.15098
cs.CV 2401.15886
cs.AI 2401.15103
cs.CV 2401.15893
cs.CV 2401.15896
cs.AI 2401.15105
cs.CV 2401.15900
cs.AI 2401.15106
cs.CV 2401.15902
cs.AI 2401.15108
cs.CV 2401.15914
cs.AI 2401.15109
cs.CV 2401.15934
cs.AI 2401.15118
cs.CV 2401.15938
cs.AI 2401.15119
cs.CV 2401.15942
cs.AI 2401.15120
cs.CV 2401.15944
cs.AI 2401.15121
cs.CV 2401.15947
cs.AI 2401.15122
cs.CV 2401.15969
cs.AI 2401.15123
cs.CV 2401.15975
cs.AI 2401.15124
cs.CV 2401.15977
cs.AI 2401.15132
cs.CV 2401.15987
cs.AI 2401.15170
cs.CV 2401.15996
cs.AI 2401.15199
cs.CV 2401.16027
cs.AI 2401.15210
cs.CV 2401.16035
cs.AI 2401.15222
cs.CV 2401.16051
cs.AI 2401.15238
cs.CV 2401.16058
cs.AI 2401.15241
cs.CV 2401.16076
cs.AI 2401.15245
cs.CV 2401.16087
cs.AI 2401.15268
cs.CV 2401.16104
cs.AI 2401.15269
cs.CV 2401.16110
cs.AI 2401.15270
cs.CV 2401.16122
cs.AI 2401.15284
cs.CV 2401.16131
cs.AI 2401.15293
cs.CV 2401.16144
cs.AI 2401.15296
cs.CV 2401.16157
cs.AI 2401.15299
cs.CV 2401.16160
cs.AI 2401.15318
cs.CV 2401.16173
cs.AI 2401.15323
cs.CV 2401.16189
cs.AI 2401.15335
cs.CV 2401.16224
cs.AI 2401.15337
cs.CV 2401.16227
cs.AI 2401.15347
cs.CV 2401.16232
cs.AI 2401.15351
cs.CV 2401.16280
cs.AI 2401.15378
cs.CV 2401.16284
cs.AI 2401.15390
cs.CV 2401.16298
cs.AI 2401.15463
cs.CV 2401.16304
cs.AI 2401.15469
cs.CV 2401.16305
cs.AI 2401.15480
cs.CV 2401.16329
cs.AI 2401.15487
cs.CV 2401.16347
cs.AI 2401.15489
cs.CV 2401.16352
cs.AI 2401.15496
cs.CV 2401.16355
cs.AI 2401.15509
cs.CV 2401.16375
cs.AI 2401.15545
cs.CV 2401.16393
cs.AI 2401.15564
cs.CV 2401.16402
cs.AI 2401.15568
cs.CV 2401.16416
cs.AI 2401.15617
cs.CV 2401.16420
cs.AI 2401.15620
cs.CV 2401.16423
cs.AI 2401.15625
cs.CV 2401.16424
cs.AI 2401.15626
cs.CV 2401.16520
cs.AI 2401.15647
cs.CV 2401.16534
cs.AI 2401.15670
cs.CV 2401.16549
cs.AI 2401.15675
cs.CV 2401.16575
cs.AI 2401.15713
cs.CV 2401.16663
cs.AI 2401.15721
cs.CV 2401.16694
cs.AI 2401.15741
cs.CV 2401.16720
cs.CV 2401.16766
cs.AI 2401.15753
cs.CV 2401.16779
cs.AI 2401.15766
cs.CV 2401.16928
cs.AI 2401.15773
cs.CV 2401.16936
cs.AI 2401.15801
cs.CV 2401.17013
cs.AI 2401.15803
cs.CV 2401.17032
cs.AI 2401.15810
cs.CV 2401.17056
cs.AI 2401.15820
cs.CV 2401.17064
cs.AI 2401.15834
cs.CV 2401.17075
cs.AI 2401.15842
cs.CV 2401.17104
cs.AI 2401.15847
cs.CV 2401.17151
cs.AI 2401.15856
cs.CV 2401.17185
cs.AI 2401.15859
cs.CV 2401.17200
cs.CV 2401.17217
cs.AI 2401.15861
cs.CV 2401.17246
cs.AI 2401.15863
cs.CV 2401.17263
cs.AI 2401.15889
cs.CV 2401.16456
cs.AI 2401.15894
cs.CV 2401.16459
cs.AI 2401.15896
cs.CV 2401.16465
cs.AI 2401.15914
cs.CV 2401.16468
cs.CV 2401.16519
cs.AI 2401.15931
cs.CV 2401.16522
cs.AI 2401.15935
cs.CV 2401.16559
cs.AI 2401.15944
cs.CV 2401.16600
cs.AI 2401.15952
cs.CV 2401.16634
cs.AI 2401.15957
cs.CV 2401.16688
cs.AI 2401.15963
cs.CV 2401.16700
cs.AI 2401.15966
cs.CV 2401.16702
cs.AI 2401.15969
cs.CV 2401.16712
cs.AI 2401.15970
cs.CV 2401.16722
cs.AI 2401.16011
cs.CV 2401.16741
cs.AI 2401.16013
cs.CV 2401.16753
cs.AI 2401.16024
cs.CV 2401.16762
cs.AI 2401.16094
cs.CV 2401.16764
cs.AI 2401.16102
cs.CV 2401.16810
cs.CV 2401.16811
cs.AI 2401.16107
cs.CV 2401.16822
cs.AI 2401.16123
cs.CV 2401.16861
cs.AI 2401.16136
cs.CV 2401.16867
cs.AI 2401.16137
cs.CV 2401.16876
cs.AI 2401.16144
cs.CV 2401.16886
cs.AI 2401.16157
cs.CV 2401.16923
cs.AI 2401.16176
cs.CV 2401.16937
cs.AI 2401.16182
cs.CV 2401.16972
cs.AI 2401.16185
cs.CV 2401.16991
cs.AI 2401.16186
cs.CV 2401.17023
cs.AI 2401.16190
cs.CV 2401.17026
cs.AI 2401.16198
cs.CV 2401.17033
cs.AI 2401.16209
cs.CV 2401.17038
cs.AI 2401.16215
cs.CV 2401.17050
cs.CV 2401.17053
cs.AI 2401.16240
cs.CV 2401.17058
cs.AI 2401.16251
cs.CV 2401.17061
cs.AI 2401.16258
cs.CV 2401.17086
cs.AI 2401.16282
cs.CV 2401.17093
cs.AI 2401.16285
cs.CV 2401.17098
cs.AI 2401.16293
cs.CV 2401.17109
cs.AI 2401.16294
cs.CV 2401.17186
cs.AI 2401.16298
cs.CV 2401.17203
cs.AI 2401.16299
cs.CV 2401.17207
cs.AI 2401.16310
cs.CV 2401.17212
cs.AI 2401.16318
cs.CV 2401.17221
cs.AI 2401.16332
cs.CV 2401.17231
cs.AI 2401.16335
cs.CV 2401.17258
cs.AI 2401.16350
cs.CV 2401.17270
cs.AI 2401.16352
cs.CV 2401.17271
cs.CV 2401.17317
cs.AI 2401.16367
cs.CV 2401.17320
cs.AI 2401.16402
cs.CV 2401.17484
cs.AI 2401.16405
cs.CV 2401.17542
cs.AI 2401.16421
cs.CV 2401.17544
cs.AI 2401.15081
cs.CV 2401.17571
cs.AI 2401.15188
cs.CV 2401.17583
cs.AI 2401.15196
cs.CV 2401.17593
cs.AI 2401.15356
cs.CV 2401.17600
cs.AI 2401.15443
cs.CV 2401.17695
cs.AI 2401.15621
cs.CV 2401.17790
cs.AI 2401.15911
cs.CV 2401.17343
cs.AI 2401.16045
cs.CV 2401.17400
cs.AI 2401.16119
cs.CV 2401.17417
cs.AI 2401.16124
cs.CV 2401.17497
cs.AI 2401.16270
cs.CV 2401.17499
cs.CV 2401.17509
cs.AI 2401.16287
cs.CV 2401.17515
cs.AI 2401.16398
cs.CV 2401.17547
cs.AI 2401.16412
cs.CV 2401.17592
cs.AI 2210.01595
cs.CV 2401.17603
cs.AI 2401.16438
cs.CV 2401.17604
cs.AI 2401.16440
cs.CV 2401.17609
cs.AI 2401.16441
cs.CV 2401.17617
cs.CV 2401.17629
cs.AI 2401.16443
cs.CV 2401.17642
cs.AI 2401.16444
cs.CV 2401.17654
cs.AI 2401.16448
cs.CV 2401.17664
cs.AI 2401.16450
cs.CV 2401.17699
cs.AI 2401.16452
cs.CV 2401.17714
cs.CV 2401.17728
cs.AI 2401.16453
cs.CV 2401.17736
cs.AI 2401.16454
cs.CV 2401.17759
cs.AI 2401.16457
cs.CV 2401.17766
cs.AI 2401.16458
cs.CV 2401.17773
cs.AI 2401.16461
cs.CV 2401.17776
cs.AI 2401.16462
cs.CV 2401.17789
cs.AI 2401.16467
cs.CV 2401.17797
cs.AI 2401.16501
cs.CV 2401.17803
cs.AI 2401.16521
cs.CV 2401.17807
cs.AI 2401.16541
cs.CV 2401.17821
cs.CV 2401.17828
cs.AI 2401.16553
cs.CV 2401.17851
cs.AI 2401.16561
cs.CV 2401.17857
cs.AI 2401.16569
cs.CV 2401.17862
cs.AI 2401.16577
cs.CV 2401.17868
cs.AI 2401.16578
cs.CV 2401.17874
cs.AI 2401.16587
cs.CV 2401.17879
cs.AI 2401.16618
cs.CV 2401.17881
cs.AI 2401.16633
cs.CV 2401.17883
cs.CV 2401.17895
cs.AI 2401.16635
cs.CV 2401.17904
cs.CV 2401.17910
cs.AI 2401.16638
cs.CV 2401.17916
cs.AI 2401.16646
cs.CV 2401.17948
cs.AI 2401.16650
cs.CV 2401.17972
cs.AI 2401.16669
cs.CV 2401.17981
cs.AI 2401.16672
cs.CV 2401.17985
cs.AI 2401.16708
cs.CV 2401.17992
cs.AI 2401.16731
cs.CV 2401.18032
cs.AI 2401.16742
cs.CV 2401.18054
cs.AI 2401.16755
cs.CV 2401.18075
cs.AI 2401.16757
cs.CV 2401.18083
cs.AI 2401.16765
cs.CV 2401.18084
cs.AI 2401.16766
cs.CV 2401.18085
cs.AI 2401.16772
cs.CV 2402.00004
cs.AI 2401.16784
cs.CV 2402.00015
cs.AI 2401.16788
cs.CV 2402.00019
cs.AI 2401.16795
cs.CV 2402.00028
cs.AI 2401.16807
cs.CV 2402.00038
cs.AI 2401.16808
cs.CV 2402.00052
cs.AI 2401.16867
cs.CV 2402.00084
cs.AI 2401.16889
cs.CV 2402.00137
cs.AI 2401.16960
cs.CV 2402.00175
cs.AI 2401.16974
cs.CV 2402.00186
cs.AI 2401.16982
cs.CV 2402.00240
cs.AI 2401.17010
cs.CV 2402.00351
cs.AI 2401.17050
cs.CV 2402.00375
cs.AI 2401.17053
cs.CV 2402.00376
cs.AI 2401.17095
cs.CV 2402.00411
cs.AI 2401.17123
cs.CV 2402.00433
cs.AI 2401.17129
cs.CV 2402.00467
cs.AI 2401.17133
cs.CV 2402.00525
cs.AI 2401.17139
cs.CV 2402.00570
cs.CV 2402.00576
cs.AI 2401.17169
cs.CV 2402.00580
cs.AI 2401.17173
cs.CV 2402.00593
cs.AI 2401.17178
cs.CV 2402.00608
cs.AI 2401.17186
cs.CV 2402.00676
cs.AI 2401.17188
cs.CV 2402.00680
cs.AI 2401.17200
cs.CV 2402.00023
cs.AI 2401.17221
cs.CV 2402.00033
cs.AI 2401.17230
cs.CV 2402.00035
cs.AI 2401.17244
cs.CV 2402.00036
cs.AI 2401.17263
cs.CV 2402.00126
cs.AI 2401.17264
cs.CV 2402.00128
cs.AI 2401.17268
cs.CV 2402.00129
cs.AI 2401.16580
cs.CV 2402.00163
cs.AI 2401.16657
cs.CV 2402.00225
cs.AI 2401.16744
cs.CV 2402.00243
cs.AI 2401.17044
cs.CV 2402.00250
cs.AI 2401.17045
cs.CV 2402.00253
cs.AI 2401.17159
cs.CV 2402.00261
cs.AI 2401.17319
cs.CV 2402.00281
cs.AI 2401.17342
cs.CV 2402.00290
cs.AI 2401.17343
cs.AI 2401.17350
cs.CV 2402.00293
cs.AI 2401.17373
cs.CV 2402.00295
cs.AI 2401.17377
cs.CV 2402.00300
cs.AI 2401.17390
cs.CV 2402.00304
cs.AI 2401.17396
cs.CV 2402.00319
cs.AI 2401.17401
cs.CV 2402.00321
cs.AI 2401.17417
cs.CV 2402.00341
cs.AI 2401.17424
cs.CV 2402.00353
cs.AI 2401.17426
cs.CV 2402.00357
cs.AI 2401.17434
cs.CV 2402.00407
cs.CV 2402.00418
cs.AI 2401.17435
cs.CV 2402.00422
cs.AI 2401.17441
cs.CV 2402.00448
cs.AI 2401.17443
cs.CV 2402.00453
cs.AI 2401.17455
cs.CV 2402.00481
cs.AI 2401.17459
cs.AI 2401.17461
cs.CV 2402.00534
cs.AI 2401.17477
cs.CV 2402.00541
cs.AI 2401.17500
cs.CV 2402.00564
cs.AI 2401.17505
cs.CV 2402.00575
cs.AI 2401.17513
cs.CV 2402.00606
cs.AI 2401.17542
cs.CV 2402.00626
cs.AI 2401.17548
cs.CV 2402.00627
cs.AI 2401.17583
cs.AI 2401.17585
cs.CV 2402.00631
cs.AI 2401.17592
cs.AI 2401.17600
cs.CV 2402.00637
cs.AI 2401.17617
cs.CV 2402.00672
cs.AI 2401.17626
cs.CV 2402.00692
cs.AI 2401.17633
cs.CV 2402.00695
cs.AI 2401.17645
cs.CV 2402.00700
cs.AI 2401.17657
cs.CV 2402.00703
cs.AI 2401.17661
cs.CV 2402.00712
cs.AI 2401.17671
cs.CV 2402.00724
cs.AI 2401.17690
cs.CV 2402.00740
cs.AI 2401.17700
cs.CV 2402.00752
cs.AI 2401.17711
cs.CV 2402.00763
cs.AI 2401.17733
cs.CV 2402.00769
cs.AI 2401.17739
cs.CV 2402.00827
cs.AI 2401.17741
cs.CV 2402.00847
cs.CV 2402.00863
cs.AI 2401.17752
cs.CV 2402.00864
cs.AI 2401.17776
cs.CV 2402.00865
cs.AI 2401.17791
cs.CV 2402.00867
cs.AI 2401.17802
cs.CV 2402.00868
cs.AI 2401.17805
cs.AI 2401.17809
cs.AI 2401.17812
cs.AI 2401.17827
cs.AI 2401.17828
cs.AI 2401.17838
cs.AI 2401.17839
cs.AI 2401.17842
cs.AI 2401.17865
cs.AI 2401.17866
cs.AI 2401.17870
cs.AI 2401.17895
cs.AI 2401.17914
cs.AI 2401.17972
cs.AI 2401.17975
cs.AI 2401.17976
cs.AI 2401.17981
cs.AI 2401.17985
cs.AI 2401.18018
cs.AI 2401.18028
cs.AI 2401.18034
cs.AI 2401.18040
cs.AI 2401.18045
cs.AI 2401.18070
cs.AI 2401.17436
cs.AI 2401.17511
cs.AI 2401.17527
cs.AI 2401.17710
cs.AI 2401.17749
cs.AI 2401.17783
cs.AI 2402.00017
cs.AI 2402.00024
cs.AI 2402.00025
cs.AI 2402.00029
cs.AI 2402.00030
cs.AI 2402.00031
cs.AI 2402.00033
cs.AI 2402.00034
cs.AI 2402.00037
cs.AI 2402.00045
cs.AI 2402.00059
cs.AI 2402.00066
cs.AI 2402.00068
cs.AI 2402.00069
cs.AI 2402.00070
cs.AI 2402.00084
cs.AI 2402.00085
cs.AI 2402.00086
cs.AI 2402.00089
cs.AI 2402.00092
cs.AI 2402.00094
cs.AI 2402.00135
cs.AI 2402.00138
cs.AI 2402.00163
cs.AI 2402.00219
cs.AI 2402.00232
cs.AI 2402.00234
cs.AI 2402.00251
cs.AI 2402.00254
cs.AI 2402.00260
cs.AI 2402.00284
cs.AI 2402.00306
cs.AI 2402.00312
cs.AI 2402.00319
cs.AI 2402.00334
cs.AI 2402.00348
cs.AI 2402.00350
cs.AI 2402.00355
cs.AI 2402.00362
cs.AI 2402.00366
cs.AI 2402.00388
cs.AI 2402.00389
cs.AI 2402.00390
cs.AI 2402.00393
cs.AI 2402.00396
cs.AI 2402.00397
cs.AI 2402.00402
cs.AI 2402.00411
cs.AI 2402.00412
cs.AI 2402.00414
cs.AI 2402.00435
cs.AI 2402.00447
cs.AI 2402.00448
cs.AI 2402.00459
cs.AI 2402.00474
cs.AI 2402.00518
cs.AI 2402.00588
cs.AI 2402.00607
cs.AI 2402.00627
cs.AI 2402.00672
cs.AI 2402.00676
cs.AI 2402.00677
cs.AI 2402.00678
cs.AI 2402.00689
cs.AI 2402.00699
cs.AI 2402.00707
cs.AI 2402.00722
cs.AI 2402.00742
cs.AI 2402.00751
cs.AI 2402.00759
cs.AI 2402.00789
cs.AI 2402.00793
cs.AI 2402.00794
cs.AI 2402.00795
cs.AI 2402.00798
cs.AI 2402.00808
cs.AI 2402.00816
cs.AI 2402.00822
cs.AI 2402.00823
cs.AI 2402.00828
cs.AI 2402.00831
cs.AI 2402.00835
cs.AI 2402.00839
cs.AI 2402.00854
cs.AI 2402.00861
cs.AI 2402.00015
cs.AI 2402.00041
cs.AI 2402.00042
cs.AI 2402.00043
cs.AI 2402.00046
cs.AI 2402.00048
cs.AI 2402.00052
cs.AI 2402.00053
cs.AI 2402.00060
cs.AI 2402.00064
cs.AI 2402.00065
cs.AI 2402.00076
cs.AI 2402.00083
cs.AI 2402.00262
cs.AI 2402.00468
cs.AI 2402.00485
cs.AI 2402.00491
cs.AI 2402.00591
cs.AI 2402.00658
cs.AI 2402.00715
cs.AI 2402.00738
cs.MA 2401.14421
cs.MA 2401.14825
cs.MA 2401.15026
cs.MA 2401.15036
cs.MA 2401.15059
cs.MA 2401.14436
cs.MA 2401.14522
cs.MA 2401.14903
cs.MA 2401.15480
cs.MA 2401.15598
cs.MA 2401.15838
cs.MA 2401.16236
cs.MA 2401.16412
cs.MA 2401.16216
cs.MA 2401.16222
cs.MA 2401.16464
cs.MA 2401.16844
cs.MA 2401.17044
cs.MA 2401.16461
cs.MA 2401.17443
cs.MA 2401.17460
cs.MA 2401.18030
cs.MA 2401.18065
cs.MA 2401.17405
cs.MA 2401.17880
cs.MA 2402.00091
cs.MA 2402.00588
cs.MA 2402.00595
cs.MA 2402.00598
cs.MA 2402.00334
cs.MA 2402.00787
cs.CR 2401.14427
cs.CR 2401.14446
cs.CR 2401.14713
cs.CR 2401.14840
cs.CR 2401.14884
cs.CR 2401.14961
cs.CR 2401.15048
cs.CR 2401.14420
cs.CR 2401.14520
cs.CR 2401.14527
cs.CR 2401.14635
cs.CR 2401.14886
cs.CR 2401.14979
cs.CR 2401.15038
cs.CR 2401.15039
cs.CR 2401.15041
cs.CR 2401.15321
cs.CR 2401.15534
cs.CR 2401.15917
cs.CR 2401.15957
cs.CR 2401.16094
cs.CR 2401.16116
cs.CR 2401.16232
cs.CR 2401.16277
cs.CR 2401.16390
cs.CR 2401.15127
cs.CR 2401.15138
cs.CR 2401.15239
cs.CR 2401.15285
cs.CR 2401.15289
cs.CR 2401.15335
cs.CR 2401.15529
cs.CR 2401.15625
cs.CR 2401.15704
cs.CR 2401.15774
cs.CR 2401.15828
cs.CR 2401.15869
cs.CR 2401.15878
cs.CR 2401.15883
cs.CR 2401.15906
cs.CR 2401.15956
cs.CR 2401.15967
cs.CR 2401.15970
cs.CR 2401.16001
cs.CR 2401.16136
cs.CR 2401.16170
cs.CR 2401.16185
cs.CR 2401.16234
cs.CR 2401.16251
cs.CR 2401.16302
cs.CR 2401.16353
cs.CR 2401.16596
cs.CR 2401.16649
cs.CR 2401.16742
cs.CR 2401.16766
cs.CR 2401.17127
cs.CR 2401.17133
cs.CR 2401.17252
cs.CR 2401.17264
cs.CR 2401.16583
cs.CR 2401.16603
cs.CR 2401.16687
cs.CR 2401.16732
cs.CR 2401.16759
cs.CR 2401.16765
cs.CR 2401.16820
cs.CR 2401.16906
cs.CR 2401.16919
cs.CR 2401.16947
cs.CR 2401.16982
cs.CR 2401.16993
cs.CR 2401.17010
cs.CR 2401.17136
cs.CR 2401.17523
cs.CR 2401.17823
cs.CR 2401.18053
cs.CR 2401.17319
cs.CR 2401.17459
cs.CR 2401.17538
cs.CR 2401.17546
cs.CR 2401.17555
cs.CR 2401.17581
cs.CR 2401.17606
cs.CR 2401.17618
cs.CR 2401.17628
cs.CR 2401.17746
cs.CR 2401.17819
cs.CR 2401.17917
cs.CR 2401.18024
cs.CR 2402.00013
cs.CR 2402.00205
cs.CR 2402.00267
cs.CR 2402.00315
cs.CR 2402.00342
cs.CR 2402.00576
cs.CR 2402.00626
cs.CR 2402.00695
cs.CR 2402.00751
cs.CR 2402.00203
cs.CR 2402.00220
cs.CR 2402.00356
cs.CR 2402.00568
cs.CR 2402.00641
cs.CR 2402.00675
cs.CR 2402.00684
cs.CR 2402.00687
cs.CR 2402.00689
cs.CR 2402.00709
cs.CR 2402.00790
cs.CR 2402.00839
cs.LG 2311.13544
cs.LG 2401.14416
cs.LG 2401.14423
cs.LG 2401.14427
cs.LG 2401.14432
cs.LG 2401.14434
cs.LG 2401.14440
cs.LG 2401.14442
cs.LG 2401.14447
cs.LG 2401.14461
cs.LG 2401.14486
cs.LG 2401.14493
cs.LG 2401.14497
cs.LG 2401.14502
cs.LG 2401.14504
cs.LG 2401.14512
cs.LG 2401.14530
cs.LG 2401.14534
cs.LG 2401.14555
cs.LG 2401.14577
cs.LG 2401.14628
cs.LG 2401.14654
cs.LG 2401.14657
cs.LG 2401.14661
cs.LG 2401.14707
cs.LG 2401.14717
cs.LG 2401.14722
cs.LG 2401.14749
cs.LG 2401.14792
cs.LG 2401.14810
cs.LG 2401.14811
cs.LG 2401.14819
cs.LG 2401.14845
cs.LG 2401.14884
cs.LG 2401.14907
cs.LG 2401.14923
cs.LG 2401.14973
cs.LG 2401.14975
cs.LG 2401.15018
cs.LG 2401.15022
cs.LG 2401.15043
cs.LG 2401.14411
cs.LG 2401.14412
cs.LG 2401.14413
cs.LG 2401.14417
cs.LG 2401.14421
cs.LG 2401.14422
cs.LG 2401.14424
cs.LG 2401.14426
cs.LG 2401.14429
cs.LG 2401.14439
cs.LG 2401.14469
cs.LG 2401.14483
cs.LG 2401.14488
cs.LG 2401.14498
cs.LG 2401.14521
cs.LG 2401.14535
cs.LG 2401.14539
cs.LG 2401.14544
cs.LG 2401.14557
cs.LG 2401.14578
cs.LG 2401.14580
cs.LG 2401.14585
cs.LG 2401.14591
cs.LG 2401.14609
cs.LG 2401.14619
cs.LG 2401.14645
cs.LG 2401.14694
cs.LG 2401.14695
cs.LG 2401.14696
cs.LG 2401.14702
cs.LG 2401.14732
cs.LG 2401.14758
cs.LG 2401.14840
cs.LG 2401.14846
cs.LG 2401.14847
cs.LG 2401.14876
cs.LG 2401.14893
cs.LG 2401.14948
cs.LG 2401.14953
cs.LG 2401.14961
cs.LG 2401.14989
cs.LG 2401.14992
cs.LG 2401.15024
cs.LG 2401.15030
cs.LG 2401.15059
cs.LG 2401.15062
cs.LG 2401.15077
cs.LG 2401.15088
cs.LG 2401.15092
cs.LG 2401.15105
cs.LG 2401.15107
cs.LG 2401.15111
cs.LG 2401.15113
cs.LG 2401.15116
cs.LG 2401.15127
cs.LG 2401.15139
cs.LG 2401.15164
cs.LG 2401.15222
cs.LG 2401.15223
cs.LG 2401.15235
cs.LG 2401.15236
cs.LG 2401.15239
cs.LG 2401.15245
cs.LG 2401.15254
cs.LG 2401.15262
cs.LG 2401.15285
cs.LG 2401.15293
cs.LG 2401.15294
cs.LG 2401.15305
cs.LG 2401.15318
cs.LG 2401.15321
cs.LG 2401.15335
cs.LG 2401.15434
cs.LG 2401.15455
cs.LG 2401.15478
cs.LG 2401.15496
cs.LG 2401.15502
cs.LG 2401.15508
cs.LG 2401.15541
cs.LG 2401.15563
cs.LG 2401.15566
cs.LG 2401.15568
cs.LG 2401.15623
cs.LG 2401.15632
cs.LG 2401.15645
cs.LG 2401.15670
cs.LG 2401.15695
cs.LG 2401.15719
cs.LG 2401.15721
cs.LG 2401.15739
cs.LG 2401.15742
cs.LG 2401.15743
cs.LG 2401.15753
cs.LG 2401.15767
cs.LG 2401.15771
cs.LG 2401.15780
cs.LG 2401.15785
cs.LG 2401.15791
cs.LG 2401.15792
cs.LG 2401.15800
cs.LG 2401.15801
cs.LG 2401.15817
cs.LG 2401.15838
cs.LG 2401.15853
cs.LG 2401.15863
cs.LG 2401.15874
cs.LG 2401.15883
cs.LG 2401.15889
cs.LG 2401.15890
cs.LG 2401.15897
cs.LG 2401.15913
cs.LG 2401.15963
cs.LG 2401.15969
cs.LG 2401.15990
cs.LG 2401.16016
cs.LG 2401.16039
cs.LG 2401.16092
cs.LG 2401.16123
cs.LG 2401.16184
cs.LG 2401.16198
cs.LG 2401.16251
cs.LG 2401.16282
cs.LG 2401.16304
cs.LG 2401.16347
cs.LG 2401.16405
cs.LG 2401.16407
cs.LG 2401.16410
cs.LG 2401.16412
cs.LG 2401.16418
cs.LG 2401.16423
cs.LG 2401.15089
cs.LG 2401.15098
cs.LG 2401.15103
cs.LG 2401.15108
cs.LG 2401.15119
cs.LG 2401.15121
cs.LG 2401.15122
cs.LG 2401.15123
cs.LG 2401.15199
cs.LG 2401.15203
cs.LG 2401.15207
cs.LG 2401.15238
cs.LG 2401.15240
cs.LG 2401.15246
cs.LG 2401.15248
cs.LG 2401.15268
cs.LG 2401.15270
cs.LG 2401.15273
cs.LG 2401.15290
cs.LG 2401.15292
cs.LG 2401.15295
cs.LG 2401.15299
cs.LG 2401.15304
cs.LG 2401.15330
cs.LG 2401.15337
cs.LG 2401.15377
cs.LG 2401.15417
cs.LG 2401.15422
cs.LG 2401.15444
cs.LG 2401.15447
cs.LG 2401.15469
cs.LG 2401.15480
cs.LG 2401.15482
cs.LG 2401.15500
cs.LG 2401.15520
cs.LG 2401.15530
cs.LG 2401.15543
cs.LG 2401.15544
cs.LG 2401.15584
cs.LG 2401.15587
cs.LG 2401.15603
cs.LG 2401.15604
cs.LG 2401.15610
cs.LG 2401.15615
cs.LG 2401.15617
cs.LG 2401.15672
cs.LG 2401.15691
cs.LG 2401.15713
cs.LG 2401.15773
cs.LG 2401.15814
cs.LG 2401.15846
cs.LG 2401.15856
cs.LG 2401.15866
cs.LG 2401.15872
cs.LG 2401.15879
cs.LG 2401.15894
cs.LG 2401.15903
cs.LG 2401.15917
cs.LG 2401.15935
cs.LG 2401.15948
cs.LG 2401.15949
cs.LG 2401.15952
cs.LG 2401.15957
cs.LG 2401.15964
cs.LG 2401.15973
cs.LG 2401.15989
cs.LG 2401.16011
cs.LG 2401.16024
cs.LG 2401.16025
cs.LG 2401.16088
cs.LG 2401.16094
cs.LG 2401.16102
cs.LG 2401.16133
cs.LG 2401.16137
cs.LG 2401.16164
cs.LG 2401.16176
cs.LG 2401.16193
cs.LG 2401.16197
cs.LG 2401.16215
cs.LG 2401.16235
cs.LG 2401.16236
cs.LG 2401.16244
cs.LG 2401.16258
cs.LG 2401.16291
cs.LG 2401.16294
cs.LG 2401.16299
cs.LG 2401.16318
cs.LG 2401.16327
cs.LG 2401.16335
cs.LG 2401.16350
cs.LG 2401.16367
cs.LG 2401.16373
cs.LG 2401.16383
cs.LG 2401.16386
cs.LG 2401.16419
cs.LG 2401.16421
cs.LG 2401.16422
cs.LG 2305.10496
cs.LG 2401.16429
cs.LG 2401.16432
cs.LG 2401.16433
cs.LG 2401.16434
cs.LG 2401.16437
cs.LG 2401.16443
cs.LG 2401.16445
cs.LG 2401.16458
cs.LG 2401.16461
cs.LG 2401.16464
cs.LG 2401.16467
cs.LG 2401.16468
cs.LG 2401.16492
cs.LG 2401.16611
cs.LG 2401.16612
cs.LG 2401.16613
cs.LG 2401.16634
cs.LG 2401.16640
cs.LG 2401.16655
cs.LG 2401.16677
cs.LG 2401.16678
cs.LG 2401.16683
cs.LG 2401.16687
cs.LG 2401.16719
cs.LG 2401.16736
cs.LG 2401.16742
cs.LG 2401.16776
cs.LG 2401.16782
cs.LG 2401.16803
cs.LG 2401.16818
cs.LG 2401.16832
cs.LG 2401.16876
cs.LG 2401.16920
cs.LG 2401.16937
cs.LG 2401.16981
cs.LG 2401.16985
cs.LG 2401.16986
cs.LG 2401.17010
cs.LG 2401.17029
cs.LG 2401.17032
cs.LG 2401.17077
cs.LG 2401.17098
cs.LG 2401.17109
cs.LG 2401.17116
cs.LG 2401.17133
cs.LG 2401.17136
cs.LG 2401.17172
cs.LG 2401.17174
cs.LG 2401.17177
cs.LG 2401.17205
cs.LG 2401.17221
cs.LG 2401.17231
cs.LG 2401.17268
cs.LG 2401.17269
cs.LG 2401.16426
cs.LG 2401.16438
cs.LG 2401.16439
cs.LG 2401.16440
cs.LG 2401.16441
cs.LG 2401.16449
cs.LG 2401.16452
cs.LG 2401.16453
cs.LG 2401.16457
cs.LG 2401.16462
cs.LG 2401.16497
cs.LG 2401.16501
cs.LG 2401.16520
cs.LG 2401.16521
cs.LG 2401.16537
cs.LG 2401.16549
cs.LG 2401.16569
cs.LG 2401.16594
cs.LG 2401.16635
cs.LG 2401.16645
cs.LG 2401.16649
cs.LG 2401.16650
cs.LG 2401.16661
cs.LG 2401.16664
cs.LG 2401.16669
cs.LG 2401.16685
cs.LG 2401.16692
cs.LG 2401.16694
cs.LG 2401.16708
cs.LG 2401.16720
cs.LG 2401.16729
cs.LG 2401.16754
cs.LG 2401.16755
cs.LG 2401.16757
cs.LG 2401.16760
cs.LG 2401.16766
cs.LG 2401.16771
cs.LG 2401.16772
cs.LG 2401.16775
cs.LG 2401.16777
cs.LG 2401.16784
cs.LG 2401.16785
cs.LG 2401.16791
cs.LG 2401.16795
cs.LG 2401.16796
cs.LG 2401.16800
cs.LG 2401.16808
cs.LG 2401.16836
cs.LG 2401.16843
cs.LG 2401.16852
cs.LG 2401.16914
cs.LG 2401.16936
cs.LG 2401.16945
cs.LG 2401.16974
cs.LG 2401.17013
cs.LG 2401.17027
cs.LG 2401.17035
cs.LG 2401.17036
cs.LG 2401.17037
cs.LG 2401.17042
cs.LG 2401.17052
cs.LG 2401.17062
cs.LG 2401.17095
cs.LG 2401.17118
cs.LG 2401.17123
cs.LG 2401.17124
cs.LG 2401.17127
cs.LG 2401.17139
cs.LG 2401.17173
cs.LG 2401.17178
cs.LG 2401.17200
cs.LG 2401.17263
cs.LG 2401.17267
cs.LG 2401.17319
cs.LG 2401.17345
cs.LG 2401.17417
cs.LG 2401.17424
cs.LG 2401.17477
cs.LG 2401.17484
cs.LG 2401.17546
cs.LG 2401.17573
cs.LG 2401.17574
cs.LG 2401.17583
cs.LG 2401.17585
cs.LG 2401.17626
cs.LG 2401.17629
cs.LG 2401.17675
cs.LG 2401.17733
cs.LG 2401.17737
cs.LG 2401.17738
cs.LG 2401.17739
cs.LG 2401.17760
cs.LG 2401.17781
cs.LG 2401.17789
cs.LG 2401.17809
cs.LG 2401.17868
cs.LG 2401.17880
cs.LG 2401.17919
cs.LG 2401.17958
cs.LG 2401.17967
cs.LG 2401.17972
cs.LG 2401.17992
cs.LG 2401.18006
cs.LG 2401.18012
cs.LG 2401.18017
cs.LG 2401.18039
cs.LG 2401.18054
cs.LG 2401.18058
cs.LG 2401.18059
cs.LG 2401.18070
cs.LG 2401.17342
cs.LG 2401.17350
cs.LG 2401.17401
cs.LG 2401.17408
cs.LG 2401.17426
cs.LG 2401.17435
cs.LG 2401.17441
cs.LG 2401.17443
cs.LG 2401.17460
cs.LG 2401.17504
cs.LG 2401.17505
cs.LG 2401.17523
cs.LG 2401.17539
cs.LG 2401.17541
cs.LG 2401.17542
cs.LG 2401.17544
cs.LG 2401.17548
cs.LG 2401.17580
cs.LG 2401.17612
cs.LG 2401.17615
cs.LG 2401.17653
cs.LG 2401.17657
cs.LG 2401.17695
cs.LG 2401.17705
cs.LG 2401.17743
cs.LG 2401.17752
cs.LG 2401.17780
cs.LG 2401.17790
cs.LG 2401.17791
cs.LG 2401.17802
cs.LG 2401.17823
cs.LG 2401.17835
cs.LG 2401.17838
cs.LG 2401.17865
cs.LG 2401.17870
cs.LG 2401.17975
cs.LG 2401.18018
cs.LG 2401.18035
cs.LG 2401.18047
cs.LG 2401.18057
cs.LG 2401.18079
cs.LG 2402.00011
cs.LG 2402.00014
cs.LG 2402.00019
cs.LG 2402.00023
cs.LG 2402.00024
cs.LG 2402.00035
cs.LG 2402.00036
cs.LG 2402.00038
cs.LG 2402.00041
cs.LG 2402.00043
cs.LG 2402.00044
cs.LG 2402.00045
cs.LG 2402.00046
cs.LG 2402.00053
cs.LG 2402.00054
cs.LG 2402.00067
cs.LG 2402.00070
cs.LG 2402.00077
cs.LG 2402.00093
cs.LG 2402.00094
cs.LG 2402.00097
cs.LG 2402.00123
cs.LG 2402.00138
cs.LG 2402.00168
cs.LG 2402.00176
cs.LG 2402.00219
cs.LG 2402.00222
cs.LG 2402.00234
cs.LG 2402.00253
cs.LG 2402.00261
cs.LG 2402.00284
cs.LG 2402.00299
cs.LG 2402.00300
cs.LG 2402.00310
cs.LG 2402.00376
cs.LG 2402.00393
cs.LG 2402.00418
cs.LG 2402.00421
cs.LG 2402.00435
cs.LG 2402.00501
cs.LG 2402.00515
cs.LG 2402.00534
cs.LG 2402.00544
cs.LG 2402.00564
cs.LG 2402.00568
cs.LG 2402.00623
cs.LG 2402.00626
cs.LG 2402.00645
cs.LG 2402.00653
cs.LG 2402.00676
cs.LG 2402.00677
cs.LG 2402.00678
cs.LG 2402.00695
cs.LG 2402.00699
cs.LG 2402.00707
cs.LG 2402.00722
cs.LG 2402.00724
cs.LG 2402.00760
cs.LG 2402.00769
cs.LG 2402.00774
cs.LG 2402.00776
cs.LG 2402.00786
cs.LG 2402.00787
cs.LG 2402.00794
cs.LG 2402.00811
cs.LG 2402.00825
cs.LG 2402.00831
cs.LG 2402.00835
cs.LG 2402.00839
cs.LG 2402.00865
cs.LG 2402.00031
cs.LG 2402.00059
cs.LG 2402.00066
cs.LG 2402.00068
cs.LG 2402.00071
cs.LG 2402.00072
cs.LG 2402.00084
cs.LG 2402.00085
cs.LG 2402.00086
cs.LG 2402.00092
cs.LG 2402.00137
cs.LG 2402.00152
cs.LG 2402.00153
cs.LG 2402.00162
cs.LG 2402.00195
cs.LG 2402.00197
cs.LG 2402.00201
cs.LG 2402.00205
cs.LG 2402.00208
cs.LG 2402.00232
cs.LG 2402.00236
cs.LG 2402.00238
cs.LG 2402.00240
cs.LG 2402.00251
cs.LG 2402.00254
cs.LG 2402.00258
cs.LG 2402.00306
cs.LG 2402.00313
cs.LG 2402.00315
cs.LG 2402.00318
cs.LG 2402.00324
cs.LG 2402.00326
cs.LG 2402.00332
cs.LG 2402.00342
cs.LG 2402.00347
cs.LG 2402.00348
cs.LG 2402.00351
cs.LG 2402.00355
cs.LG 2402.00388
cs.LG 2402.00396
cs.LG 2402.00397
cs.LG 2402.00433
cs.LG 2402.00447
cs.LG 2402.00450
cs.LG 2402.00518
cs.LG 2402.00522
cs.LG 2402.00531
cs.LG 2402.00576
cs.LG 2402.00580
cs.LG 2402.00592
cs.LG 2402.00607
cs.LG 2402.00608
cs.LG 2402.00638
cs.LG 2402.00654
cs.LG 2402.00659
cs.LG 2402.00705
cs.LG 2402.00711
cs.LG 2402.00728
cs.LG 2402.00732
cs.LG 2402.00743
cs.LG 2402.00751
cs.LG 2402.00759
cs.LG 2402.00761
cs.LG 2402.00782
cs.LG 2402.00789
cs.LG 2402.00793
cs.LG 2402.00795
cs.LG 2402.00798
cs.LG 2402.00803
cs.LG 2402.00807
cs.LG 2402.00809
cs.LG 2402.00816
cs.LG 2402.00823
cs.LG 2402.00849
cs.LG 2402.00851
cs.LG 2402.00853
cs.LG 2402.00854
cs.LG 2402.00857
cs.NI 2401.14791
cs.NI 2401.14823
cs.NI 2401.14829
cs.NI 2401.15008
cs.NI 2401.15288
cs.NI 2401.16390
cs.NI 2401.15756
cs.NI 2401.15767
cs.CL 2401.14447
cs.NI 2401.15839
cs.NI 2401.15924
cs.CL 2401.14523
cs.NI 2401.16009
cs.CL 2401.14664
cs.NI 2401.16028
cs.CL 2401.14887
cs.CL 2401.14890
cs.NI 2401.16341
cs.CL 2401.14975
cs.NI 2401.16843
cs.CL 2401.15024
cs.NI 2401.17124
cs.CL 2401.15055
cs.NI 2401.17252
cs.CL 2401.15077
cs.NI 2401.16710
cs.CL 2401.14440
cs.NI 2401.17503
cs.CL 2401.14490
cs.NI 2401.17691
cs.CL 2401.14493
cs.NI 2401.17451
cs.CL 2401.14524
cs.CL 2401.14526
cs.NI 2401.17457
cs.CL 2401.14530
cs.NI 2401.17566
cs.CL 2401.14556
cs.NI 2401.17721
cs.CL 2401.14559
cs.NI 2401.17751
cs.CL 2401.14569
cs.NI 2401.17812
cs.CL 2401.14589
cs.NI 2401.18053
cs.CL 2401.14616
cs.NI 2402.00715
cs.CL 2401.14624
cs.NI 2402.00839
cs.CL 2401.14625
cs.NI 2402.00845
cs.CL 2401.14630
cs.NI 2402.00002
cs.NI 2402.00003
cs.CL 2401.14637
cs.NI 2402.00008
cs.CL 2401.14640
cs.NI 2402.00365
cs.CL 2401.14654
cs.NI 2402.00540
cs.CL 2401.14656
cs.NI 2402.00831
cs.CL 2401.14680
cs.CL 2401.14681
cs.CL 2401.14688
cs.CL 2401.14698
cs.CL 2401.14717
cs.CL 2401.14777
cs.CL 2401.14818
cs.CL 2401.14869
cs.CL 2401.14931
cs.CL 2401.15006
cs.CL 2401.15042
cs.CL 2401.15043
cs.CL 2401.15050
cs.CL 2401.15068
cs.CL 2401.15479
cs.CL 2401.15545
cs.CL 2401.15560
cs.CL 2401.15635
cs.CL 2401.15641
cs.CL 2401.15713
cs.CL 2401.15847
cs.CL 2401.15963
cs.CL 2401.16137
cs.CL 2401.16167
cs.CL 2401.16212
cs.CL 2401.16287
cs.CL 2401.16335
cs.CL 2401.16367
cs.CL 2401.16420
cs.CL 2401.16421
cs.CL 2401.15170
cs.CL 2401.15222
cs.CL 2401.15241
cs.CL 2401.15269
cs.CL 2401.15312
cs.CL 2401.15316
cs.CL 2401.15328
cs.CL 2401.15347
cs.CL 2401.15351
cs.CL 2401.15360
cs.CL 2401.15371
cs.CL 2401.15378
cs.CL 2401.15385
cs.CL 2401.15391
cs.CL 2401.15393
cs.CL 2401.15400
cs.CL 2401.15439
cs.CL 2401.15449
cs.CL 2401.15463
cs.CL 2401.15471
cs.CL 2401.15476
cs.CL 2401.15496
cs.CL 2401.15498
cs.CL 2401.15499
cs.CL 2401.15509
cs.CL 2401.15532
cs.CL 2401.15535
cs.CL 2401.15555
cs.CL 2401.15569
cs.CL 2401.15579
cs.CL 2401.15585
cs.CL 2401.15626
cs.CL 2401.15656
cs.CL 2401.15670
cs.CL 2401.15717
cs.CL 2401.15724
cs.CL 2401.15770
cs.CL 2401.15777
cs.CL 2401.15780
cs.CL 2401.15798
cs.CL 2401.15840
cs.CL 2401.15854
cs.CL 2401.15861
cs.CL 2401.15884
cs.CL 2401.15927
cs.CL 2401.15966
cs.CL 2401.16012
cs.CL 2401.16055
cs.CL 2401.16078
cs.CL 2401.16086
cs.CL 2401.16092
cs.CL 2401.16107
cs.CL 2401.16158
cs.CL 2401.16182
cs.CL 2401.16184
cs.CL 2401.16209
cs.CL 2401.16240
cs.CL 2401.16247
cs.CL 2401.16265
cs.CL 2401.16282
cs.CL 2401.16285
cs.CL 2401.16293
cs.CL 2401.16313
cs.CL 2401.16332
cs.CL 2401.16348
cs.CL 2401.16349
cs.CL 2401.16380
cs.CL 2401.16403
cs.CL 2401.16405
cs.CL 2401.16429
cs.CL 2401.16430
cs.CL 2401.16441
cs.CL 2401.16454
cs.CL 2401.16458
cs.CL 2401.16467
cs.CL 2401.16558
cs.CL 2401.16569
cs.CL 2401.16635
cs.CL 2401.16657
cs.CL 2401.16659
cs.CL 2401.16713
cs.CL 2401.17093
cs.CL 2401.17139
cs.CL 2401.17221
cs.CL 2401.17263
cs.CL 2401.16475
cs.CL 2401.16541
cs.CL 2401.16553
cs.CL 2401.16561
cs.CL 2401.16575
cs.CL 2401.16577
cs.CL 2401.16578
cs.CL 2401.16582
cs.CL 2401.16587
cs.CL 2401.16589
cs.CL 2401.16638
cs.CL 2401.16640
cs.CL 2401.16646
cs.CL 2401.16656
cs.CL 2401.16658
cs.CL 2401.16678
cs.CL 2401.16727
cs.CL 2401.16731
cs.CL 2401.16736
cs.CL 2401.16745
cs.CL 2401.16748
cs.CL 2401.16788
cs.CL 2401.16818
cs.CL 2401.16862
cs.CL 2401.16895
cs.CL 2401.16960
cs.CL 2401.16968
cs.CL 2401.17039
cs.CL 2401.17043
cs.CL 2401.17072
cs.CL 2401.17092
cs.CL 2401.17099
cs.CL 2401.17167
cs.CL 2401.17169
cs.CL 2401.17181
cs.CL 2401.17196
cs.CL 2401.17206
cs.CL 2401.17228
cs.CL 2401.17244
cs.CL 2401.17256
cs.CL 2401.17268
cs.CL 2401.17435
cs.CL 2401.17505
cs.CL 2401.17511
cs.CL 2401.17902
cs.CL 2401.18018
cs.CL 2401.17373
cs.CL 2401.17377
cs.CL 2401.17390
cs.CL 2401.17396
cs.CL 2401.17461
cs.CL 2401.17464
cs.CL 2401.17477
cs.CL 2401.17498
cs.CL 2401.17514
cs.CL 2401.17536
cs.CL 2401.17574
cs.CL 2401.17585
cs.CL 2401.17588
cs.CL 2401.17597
cs.CL 2401.17600
cs.CL 2401.17602
cs.CL 2401.17623
cs.CL 2401.17632
cs.CL 2401.17633
cs.CL 2401.17658
cs.CL 2401.17671
cs.CL 2401.17686
cs.CL 2401.17692
cs.CL 2401.17703
cs.CL 2401.17716
cs.CL 2401.17755
cs.CL 2401.17809
cs.CL 2401.17824
cs.CL 2401.17827
cs.CL 2401.17839
cs.CL 2401.17858
cs.CL 2401.17882
cs.CL 2401.17897
cs.CL 2401.17911
cs.CL 2401.17919
cs.CL 2401.17922
cs.CL 2401.17974
cs.CL 2401.17979
cs.CL 2401.18001
cs.CL 2401.18028
cs.CL 2401.18034
cs.CL 2401.18040
cs.CL 2401.18045
cs.CL 2401.18046
cs.CL 2401.18058
cs.CL 2401.18059
cs.CL 2401.18070
cs.CL 2402.00024
cs.CL 2402.00070
cs.CL 2402.00126
cs.CL 2402.00234
cs.CL 2402.00251
cs.CL 2402.00253
cs.CL 2402.00396
cs.CL 2402.00453
cs.CL 2402.00518
cs.CL 2402.00658
cs.CL 2402.00711
cs.CL 2402.00743
cs.CL 2402.00744
cs.CL 2402.00798
cs.CL 2402.00075
cs.CL 2402.00123
cs.CL 2402.00143
cs.CL 2402.00149
cs.CL 2402.00157
cs.CL 2402.00159
cs.CL 2402.00160
cs.CL 2402.00179
cs.CL 2402.00235
cs.CL 2402.00263
cs.CL 2402.00271
cs.CL 2402.00322
cs.CL 2402.00345
cs.CL 2402.00367
cs.CL 2402.00371
cs.CL 2402.00385
cs.CL 2402.00402
cs.CL 2402.00412
cs.CL 2402.00414
cs.CL 2402.00421
cs.CL 2402.00446
cs.CL 2402.00474
cs.CL 2402.00530
cs.CL 2402.00559
cs.CL 2402.00620
cs.CL 2402.00632
cs.CL 2402.00667
cs.CL 2402.00707
cs.CL 2402.00723
cs.CL 2402.00742
cs.CL 2402.00745
cs.CL 2402.00746
cs.CL 2402.00786
cs.CL 2402.00794
cs.CL 2402.00835
cs.CL 2402.00838
cs.CL 2402.00841
cs.CL 2402.00856
cs.CL 2402.00858
cs.CL 2402.00861
cs.RO 2401.14429
cs.RO 2401.14488
cs.RO 2401.14885
cs.RO 2401.14935
cs.RO 2401.14478
cs.RO 2401.14502
cs.RO 2401.14546
cs.RO 2401.14554
cs.RO 2401.14673
cs.RO 2401.14831
cs.RO 2401.14857
cs.RO 2401.14858
cs.RO 2401.14879
cs.RO 2401.14907
cs.RO 2401.14964
cs.RO 2401.15026
cs.RO 2401.15036
cs.RO 2401.15107
cs.RO 2401.15185
cs.RO 2401.15561
cs.RO 2401.16122
cs.RO 2401.16189
cs.RO 2401.16305
cs.RO 2401.15159
cs.RO 2401.15174
cs.RO 2401.15219
cs.RO 2401.15313
cs.RO 2401.15315
cs.RO 2401.15380
cs.RO 2401.15399
cs.RO 2401.15484
cs.RO 2401.15508
cs.RO 2401.15600
cs.RO 2401.15620
cs.RO 2401.15674
cs.RO 2401.15760
cs.RO 2401.15762
cs.RO 2401.15783
cs.RO 2401.15803
cs.RO 2401.15818
cs.RO 2401.16013
cs.RO 2401.16205
cs.RO 2401.16301
cs.RO 2401.16337
cs.RO 2210.01595
cs.RO 2401.16700
cs.RO 2401.16712
cs.RO 2401.16923
cs.RO 2401.17058
cs.RO 2401.16463
cs.RO 2401.16560
cs.RO 2401.16566
cs.RO 2401.16585
cs.RO 2401.16599
cs.RO 2401.16618
cs.RO 2401.16653
cs.RO 2401.16699
cs.RO 2401.16719
cs.RO 2401.16801
cs.RO 2401.16802
cs.RO 2401.16827
cs.RO 2401.16889
cs.RO 2401.16899
cs.RO 2401.16948
cs.RO 2401.17032
cs.RO 2401.17056
cs.RO 2401.17064
cs.RO 2401.17082
cs.RO 2401.17083
cs.RO 2401.17117
cs.RO 2401.17121
cs.RO 2401.17149
cs.RO 2401.17154
cs.RO 2401.17161
cs.RO 2401.17185
cs.RO 2401.17191
cs.RO 2401.17214
cs.RO 2401.18083
cs.RO 2401.18084
cs.RO 2401.17399
cs.RO 2401.17404
cs.RO 2401.17418
cs.RO 2401.17463
cs.RO 2401.17481
cs.RO 2401.17484
cs.RO 2401.17500
cs.RO 2401.17517
cs.RO 2401.17583
cs.RO 2401.17663
cs.RO 2401.17676
cs.RO 2401.17698
cs.RO 2401.17732
cs.RO 2401.17741
cs.RO 2401.17745
cs.RO 2401.17799
cs.RO 2401.17826
cs.RO 2401.17907
cs.RO 2401.17914
cs.RO 2401.17996
cs.RO 2402.00031
cs.RO 2402.00129
cs.RO 2402.00334
cs.RO 2402.00352
cs.RO 2402.00761
cs.RO 2402.00823
cs.RO 2402.00004
cs.RO 2402.00020
cs.RO 2402.00032
cs.RO 2402.00044
cs.RO 2402.00135
cs.RO 2402.00186
cs.RO 2402.00190
cs.RO 2402.00199
cs.RO 2402.00260
cs.RO 2402.00279
cs.RO 2402.00296
cs.RO 2402.00330
cs.RO 2402.00366
cs.RO 2402.00393
cs.RO 2402.00399
cs.RO 2402.00438
cs.RO 2402.00467
cs.RO 2402.00537
cs.RO 2402.00585
cs.RO 2402.00588
cs.RO 2402.00612
cs.RO 2402.00663
cs.RO 2402.00676
cs.RO 2402.00677
cs.RO 2402.00678
cs.RO 2402.00683
cs.RO 2402.00708
cs.RO 2402.00722
cs.RO 2402.00775
cs.RO 2402.00808
stat.TH 2401.14577
stat.TH 2401.14593
stat.TH 2401.14883
stat.TH 2401.15063
stat.TH 2401.14531
stat.TH 2401.14584
stat.TH 2401.14669
stat.TH 2401.14709
stat.TH 2401.14836
stat.TH 2401.14841
stat.TH 2401.15033
stat.TH 2401.15254
stat.TH 2401.15281
stat.TH 2401.15461
stat.TH 2401.15567
stat.TH 2401.15730
stat.TH 2401.15791
stat.TH 2401.15792
stat.TH 2401.15801
stat.TH 2401.15806
stat.TH 2401.15890
stat.TH 2401.15911
stat.TH 2401.15262
stat.TH 2401.15491
stat.TH 2401.15737
stat.TH 2401.15778
stat.TH 2401.15813
stat.TH 2401.15816
stat.TH 2401.15950
stat.TH 2401.16127
stat.TH 2401.16447
stat.TH 2401.16596
stat.TH 2401.16651
stat.TH 2401.16661
stat.TH 2401.16922
stat.TH 2401.16667
stat.TH 2401.16701
stat.TH 2401.16970
stat.TH 2401.17143
stat.TH 2401.17334
stat.TH 2401.17473
stat.TH 2401.17518
stat.TH 2401.17905
stat.TH 2401.17909
stat.TH 2401.17829
stat.TH 2401.17961
stat.TH 2401.17963
stat.TH 2402.00188
stat.TH 2402.00713
stat.TH 2402.00305
stat.TH 2402.00382
stat.TH 2402.00423
stat.TH 2402.00686
math.DS 2401.14445
math.DS 2401.14642
math.DS 2401.14651
math.DS 2401.14679
math.DS 2401.14760
math.DS 2401.14784
math.DS 2401.15046
math.DS 2401.14947
math.DS 2401.15387
math.DS 2401.15475
math.DS 2401.15802
math.DS 2401.15988
math.DS 2401.16053
math.DS 2401.16220
math.DS 2401.16255
math.DS 2401.16372
math.DS 2401.16377
math.DS 2401.15140
math.DS 2401.15252
math.DS 2401.15339
math.DS 2401.15349
math.DS 2401.15375
math.DS 2401.15450
math.DS 2401.15460
math.DS 2401.15586
math.DS 2401.15712
math.DS 2401.15736
math.DS 2401.16397
math.DS 2401.16563
math.DS 2401.16683
math.DS 2401.16484
math.DS 2401.16510
math.DS 2401.16636
math.DS 2401.16774
math.DS 2401.16839
math.DS 2401.16848
math.DS 2401.16903
math.DS 2401.16962
math.DS 2401.16983
math.DS 2401.17090
math.DS 2401.17119
math.DS 2401.17241
math.DS 2401.17360
math.DS 2401.17635
math.DS 2401.18048
math.DS 2401.17679
math.DS 2401.17708
math.DS 2401.17765
math.DS 2401.17918
math.DS 2401.17936
math.DS 2401.17954
math.DS 2401.18031
math.DS 2402.00196
math.DS 2402.00215
math.DS 2402.00230
math.DS 2402.00400
math.DS 2402.00406
math.DS 2402.00796
math.DS 2402.00018
eess.IV 2401.14641
math.DS 2402.00022
eess.IV 2401.14786
math.DS 2402.00087
eess.IV 2401.14831
math.DS 2402.00173
eess.IV 2401.14970
math.DS 2402.00178
eess.IV 2401.14414
eess.IV 2401.14705
math.DS 2402.00229
math.DS 2402.00237
eess.IV 2401.14814
math.DS 2402.00690
eess.IV 2401.15022
eess.IV 2401.15183
eess.IV 2401.15204
eess.IV 2401.15366
eess.IV 2401.15636
eess.IV 2401.15647
eess.IV 2401.15864
eess.IV 2401.16035
eess.IV 2401.16087
eess.IV 2401.16104
eess.IV 2401.16227
eess.IV 2401.16325
eess.IV 2401.16407
eess.IV 2401.15105
eess.IV 2401.15111
eess.IV 2401.15235
eess.IV 2401.15307
eess.IV 2401.15354
eess.IV 2401.15434
eess.IV 2401.15513
eess.IV 2401.15613
eess.IV 2401.15663
eess.IV 2401.15804
eess.IV 2401.15913
eess.IV 2401.15932
eess.IV 2401.15984
eess.IV 2401.15990
eess.IV 2401.16039
eess.IV 2401.16067
eess.IV 2401.16363
eess.IV 2401.16468
eess.IV 2401.16569
eess.IV 2401.16592
eess.IV 2401.16700
eess.IV 2401.16712
eess.IV 2401.16830
eess.IV 2401.16923
eess.IV 2401.16972
eess.IV 2401.16714
eess.IV 2401.16782
eess.IV 2401.16847
eess.IV 2401.16928
eess.IV 2401.17104
eess.IV 2401.17246
eess.IV 2401.17317
eess.IV 2401.17573
eess.IV 2401.17759
eess.IV 2401.17388
eess.IV 2401.17571
eess.IV 2401.17593
eess.IV 2401.18021
eess.IV 2402.00023
eess.IV 2402.00028
eess.IV 2402.00148
eess.IV 2402.00238
eess.IV 2402.00812
eess.IV 2402.00019
eess.IV 2402.00038
eess.IV 2402.00175
eess.IV 2402.00320
eess.IV 2402.00375
eess.IV 2402.00376
eess.IV 2402.00570
eess.IV 2402.00593
eess.IV 2402.00680
cs.SY 2401.14411
cs.SY 2401.14421
cs.SY 2401.14498
cs.SY 2401.14612
cs.SY 2401.14669
cs.SY 2401.14749
cs.SY 2401.14829
cs.SY 2401.14871
cs.SY 2401.14879
cs.SY 2401.14898
cs.SY 2401.14907
cs.SY 2401.15035
cs.SY 2401.15038
cs.SY 2401.14441
cs.SY 2401.14504
cs.SY 2401.14505
cs.SY 2401.14712
cs.SY 2401.14750
cs.SY 2401.14909
cs.SY 2401.14949
cs.SY 2401.14988
cs.SY 2401.15096
cs.SY 2401.15108
cs.SY 2401.15185
cs.SY 2401.15216
cs.SY 2401.15219
cs.SY 2401.15273
cs.SY 2401.15299
cs.SY 2401.15313
cs.SY 2401.15417
cs.SY 2401.15508
cs.SY 2401.15598
cs.SY 2401.15600
cs.SY 2401.15620
cs.SY 2401.15719
cs.SY 2401.15745
cs.SY 2401.15792
cs.SY 2401.15803
cs.SY 2401.15826
cs.SY 2401.15938
cs.SY 2401.15955
cs.SY 2401.16085
cs.SY 2401.16220
cs.SY 2401.16372
cs.SY 2401.15088
cs.SY 2401.15129
cs.SY 2401.15193
cs.SY 2401.15206
cs.SY 2401.15278
cs.SY 2401.15321
cs.SY 2401.15441
cs.SY 2401.15475
cs.SY 2401.15486
cs.SY 2401.15511
cs.SY 2401.15525
cs.SY 2401.15561
cs.SY 2401.15564
cs.SY 2401.15607
cs.SY 2401.15729
cs.SY 2401.15742
cs.SY 2401.15824
cs.SY 2401.15844
cs.SY 2401.15848
cs.SY 2401.15853
cs.SY 2401.15857
cs.SY 2401.16004
cs.SY 2401.16183
cs.SY 2401.16321
cs.SY 2401.16330
cs.SY 2401.16391
cs.SY 2401.16515
cs.SY 2401.16595
cs.SY 2401.16655
cs.SY 2401.16719
cs.SY 2401.16800
cs.SY 2401.16844
cs.SY 2401.16879
cs.SY 2401.16889
cs.SY 2401.16963
cs.SY 2401.17118
cs.SY 2401.17161
cs.SY 2401.17257
cs.SY 2401.16434
cs.SY 2401.16446
cs.SY 2401.16557
cs.SY 2401.16568
cs.SY 2401.16605
cs.SY 2401.16626
cs.SY 2401.16682
cs.SY 2401.16703
cs.SY 2401.16725
cs.SY 2401.16793
cs.SY 2401.16823
cs.SY 2401.16871
cs.SY 2401.17065
cs.SY 2401.17122
cs.SY 2401.17157
cs.SY 2401.17450
cs.SY 2401.17545
cs.SY 2401.17573
cs.SY 2401.17583
cs.SY 2401.17643
cs.SY 2401.17691
cs.SY 2401.17721
cs.SY 2401.18063
cs.SY 2401.17313
cs.SY 2401.17314
cs.SY 2401.17316
cs.SY 2401.17519
cs.SY 2401.17522
cs.SY 2401.17591
cs.SY 2401.17793
cs.SY 2401.17837
cs.SY 2401.17933
cs.SY 2401.17994
cs.SY 2401.17999
cs.SY 2401.18067
cs.SY 2401.17117
cs.SY 2402.00003
cs.SY 2402.00032
cs.SY 2402.00042
cs.SY 2402.00051
cs.SY 2402.00135
cs.SY 2402.00313
cs.SY 2402.00761
cs.SY 2402.00772
cs.SY 2402.00845
cs.SY 2402.00049
cs.SY 2402.00050
cs.SY 2402.00063
cs.SY 2402.00074
cs.SY 2402.00080
cs.SY 2402.00091
cs.SY 2402.00132
cs.SY 2402.00325
cs.SY 2402.00346
cs.SY 2402.00352
cs.SY 2402.00384
cs.SY 2402.00565
cs.SY 2402.00671
cs.SY 2402.00681
cs.SY 2402.00697
cs.SY 2402.00773
eess.AS 2401.14444
eess.AS 2401.14542
eess.AS 2401.14664
eess.AS 2401.14717
eess.AS 2401.14826
eess.AS 2401.14890
eess.AS 2401.14978
eess.AS 2401.14410
eess.AS 2401.14416
eess.AS 2401.15018
eess.AS 2401.15023
eess.AS 2401.15164
eess.AS 2401.15323
eess.AS 2401.15377
eess.AS 2401.15532
eess.AS 2401.15579
eess.AS 2401.15672
eess.AS 2401.15704
eess.AS 2401.15953
eess.AS 2401.15993
eess.AS 2401.16423
eess.AS 2401.15676
eess.AS 2401.16658
eess.AS 2401.16803
eess.AS 2401.16812
eess.AS 2401.17129
eess.AS 2401.17133
eess.AS 2401.17230
eess.AS 2401.16819
eess.AS 2401.16850
eess.AS 2401.17317
eess.AS 2401.17320
eess.AS 2401.17604
eess.AS 2401.17619
eess.AS 2401.17632
eess.AS 2401.17738
eess.AS 2401.17796
eess.AS 2401.17800
eess.AS 2401.18045
eess.AS 2401.17380
eess.AS 2401.17690
eess.AS 2401.17902
eess.AS 2402.00235
eess.AS 2402.00340
eess.AS 2402.00744
eess.AS 2402.00067
eess.AS 2402.00282
eess.AS 2402.00288
eess.AS 2402.00337
eess.AS 2402.00811
eess.AS 2402.00820
eess.AS 2402.00828
eess.AS 2402.00859
math.PR 2401.14443
math.PR 2401.14531
math.PR 2401.14544
math.PR 2401.14558
math.PR 2401.15031
math.PR 2401.14473
math.PR 2401.14647
math.PR 2401.14784
math.PR 2401.14788
math.PR 2401.14860
math.PR 2401.14883
math.PR 2401.14942
math.PR 2401.15016
math.PR 2401.15021
math.PR 2401.15272
math.PR 2401.15349
math.PR 2401.15382
math.PR 2401.15423
math.PR 2401.15456
math.PR 2401.15512
math.PR 2401.15727
math.PR 2401.15730
math.PR 2401.15737
math.PR 2401.16070
math.PR 2401.15092
math.PR 2401.15208
math.PR 2401.15314
math.PR 2401.15427
math.PR 2401.15445
math.PR 2401.15462
math.PR 2401.15551
math.PR 2401.15567
math.PR 2401.15701
math.PR 2401.15719
math.PR 2401.15744
math.PR 2401.15904
math.PR 2401.15905
math.PR 2401.16010
math.PR 2401.16153
math.PR 2401.16207
math.PR 2401.16311
math.PR 2401.16338
math.PR 2401.16357
math.PR 2401.16365
math.PR 1904.00976
math.PR 2312.16729
math.PR 2401.16447
math.PR 2401.16922
math.PR 2401.17210
math.PR 2401.17241
math.PR 2401.16524
math.PR 2401.16535
math.PR 2401.16556
math.PR 2401.16570
math.PR 2401.16617
math.PR 2401.16787
math.PR 2401.16815
math.PR 2401.16834
math.PR 2401.17148
math.PR 2401.17243
math.PR 2401.17248
math.PR 2401.17316
math.PR 2401.17447
math.PR 2401.17455
math.PR 2401.17719
math.PR 2401.17958
math.PR 2401.17446
math.PR 2401.17530
math.PR 2401.17560
math.PR 2401.17576
math.PR 2401.17668
math.PR 2401.17688
math.PR 2401.17722
math.PR 2401.17900
math.PR 2401.17905
math.PR 2401.17947
math.PR 2401.17997
math.PR 2402.00027
math.PR 2402.00060
math.PR 2402.00246
math.PR 2402.00280
math.PR 2402.00423
math.PR 2402.00265
math.PR 2402.00507
math.PR 2402.00601
math.PR 2402.00696
math.PR 2402.00713
math.PR 2402.00767
math.PR 2402.00833
math.OC 2401.14414
math.OC 2401.14554
math.OC 2401.14585
math.OC 2401.14602
math.OC 2401.14820
math.OC 2401.14909
math.OC 2401.14476
math.OC 2401.14499
math.OC 2401.14534
math.OC 2401.14596
math.OC 2401.14612
math.OC 2401.14725
math.OC 2401.14776
math.OC 2401.14824
math.OC 2401.14871
math.OC 2401.14898
math.OC 2401.14987
math.OC 2401.14994
math.OC 2401.15007
math.OC 2401.15178
math.OC 2401.15240
math.OC 2401.15273
math.OC 2401.15313
math.OC 2401.15475
math.OC 2401.15482
math.OC 2401.15522
math.OC 2401.15566
math.OC 2401.15590
math.OC 2401.15598
math.OC 2401.15607
math.OC 2401.15694
math.OC 2401.15719
math.OC 2401.15815
math.OC 2401.15838
math.OC 2401.15853
math.OC 2401.15876
math.OC 2401.16164
math.OC 2401.16236
eess.SP 2401.14410
math.OC 2401.16373
eess.SP 2401.14429
math.OC 2401.16381
math.OC 2401.15082
math.OC 2401.15099
math.OC 2401.15107
eess.SP 2401.14611
math.OC 2401.15185
eess.SP 2401.14666
math.OC 2401.15276
math.OC 2401.15389
math.OC 2401.15405
eess.SP 2401.15038
math.OC 2401.15425
math.OC 2401.15452
eess.SP 2401.15039
math.OC 2401.15659
eess.SP 2401.14448
math.OC 2401.15740
math.OC 2401.15745
eess.SP 2401.14592
math.OC 2401.15772
eess.SP 2401.14614
math.OC 2401.15826
eess.SP 2401.14970
math.OC 2401.15827
eess.SP 2401.15028
math.OC 2401.15835
math.OC 2401.15837
math.OC 2401.15901
eess.SP 2401.15035
math.OC 2401.15925
eess.SP 2401.15138
math.OC 2401.16149
eess.SP 2401.15166
math.OC 2401.16175
eess.SP 2401.15280
math.OC 2401.16188
eess.SP 2401.15344
math.OC 2401.16252
eess.SP 2401.15415
math.OC 2401.16372
math.OC 2401.16546
eess.SP 2401.15517
math.OC 2401.16556
math.OC 2401.16655
eess.SP 2401.15607
math.OC 2401.16842
eess.SP 2401.15620
math.OC 2401.16896
eess.SP 2401.15756
math.OC 2401.16945
eess.SP 2401.15766
math.OC 2401.17239
eess.SP 2401.16187
math.OC 2401.16428
eess.SP 2401.16238
math.OC 2401.16431
eess.SP 2401.16241
math.OC 2401.16595
math.OC 2401.16689
math.OC 2401.16716
math.OC 2401.16870
math.OC 2401.16879
math.OC 2401.16925
math.OC 2401.16963
math.OC 2401.17034
math.OC 2401.17051
math.OC 2401.17067
math.OC 2401.17069
math.OC 2401.17128
math.OC 2401.17177
math.OC 2401.17257
math.OC 2401.16675
math.OC 2401.17337
math.OC 2401.17408
math.OC 2401.17460
math.OC 2401.17530
math.OC 2401.17782
math.OC 2401.17349
math.OC 2401.17472
math.OC 2401.17493
math.OC 2401.17540
math.OC 2401.17569
math.OC 2401.17621
math.OC 2401.17696
math.OC 2401.17719
math.OC 2401.17731
math.OC 2401.17787
math.OC 2401.17825
eess.SP 2401.16390
math.OC 2401.17852
eess.SP 2401.16407
math.OC 2401.17899
eess.SP 2401.15154
math.OC 2401.17937
eess.SP 2401.15168
math.OC 2401.18030
eess.SP 2401.15216
math.OC 2401.16085
eess.SP 2401.15376
math.OC 2402.00041
eess.SP 2401.15379
math.OC 2402.00207
math.OC 2402.00355
math.OC 2402.00717
math.OC 2402.00773
math.OC 2402.00047
math.OC 2402.00166
math.OC 2402.00217
math.OC 2402.00289
math.OC 2402.00311
math.OC 2402.00339
math.OC 2402.00377
math.OC 2402.00389
math.OC 2402.00436
math.OC 2402.00471
math.OC 2402.00508
math.OC 2402.00526
math.OC 2402.00726
math.OC 2402.00735
eess.SP 2401.15386
math.OC 2402.00772
eess.SP 2401.15519
eess.SP 2401.15562
eess.SP 2401.15598
eess.SP 2401.15619
eess.SP 2401.15731
eess.SP 2401.15743
eess.SP 2401.15815
eess.SP 2401.15919
eess.SP 2401.15955
eess.SP 2401.16017
eess.SP 2401.16044
eess.SP 2401.16049
eess.SP 2401.16085
eess.SP 2401.16141
eess.SP 2401.16159
eess.SP 2401.16434
eess.SP 2401.16515
eess.SP 2401.16520
eess.SP 2401.16530
eess.SP 2401.16775
eess.SP 2401.16778
eess.SP 2401.16830
eess.SP 2401.16886
eess.SP 2401.16901
eess.SP 2401.16908
eess.SP 2401.16958
eess.SP 2401.16965
eess.SP 2401.17014
eess.SP 2401.17049
eess.SP 2401.17108
eess.SP 2401.17247
eess.SP 2401.17252
eess.SP 2401.16517
eess.SP 2401.16564
eess.SP 2401.16601
eess.SP 2401.16627
eess.SP 2401.16706
eess.SP 2401.16837
eess.SP 2401.16997
eess.SP 2401.17180
eess.SP 2401.17451
eess.SP 2401.17577
eess.SP 2401.17681
eess.SP 2401.17751
eess.SP 2401.17760
eess.SP 2401.17767
eess.SP 2401.18063
eess.SP 2401.17442
eess.SP 2401.17575
eess.SP 2401.17639
eess.SP 2401.17643
eess.SP 2401.17669
eess.SP 2401.17693
eess.SP 2401.17763
eess.SP 2401.17781
eess.SP 2401.17841
eess.SP 2401.17844
eess.SP 2401.17889
eess.SP 2401.17939
eess.SP 2401.17949
eess.SP 2401.17950
eess.SP 2401.17951
eess.SP 2401.18006
eess.SP 2401.18011
eess.SP 2401.18022
eess.SP 2402.00067
eess.SP 2402.00080
eess.SP 2402.00153
eess.SP 2402.00197
eess.SP 2402.00224
eess.SP 2402.00259
eess.SP 2402.00318
eess.SP 2402.00381
eess.SP 2402.00395
eess.SP 2402.00398
eess.SP 2402.00455
eess.SP 2402.00646
eess.SP 2402.00771
eess.SP 2402.00803
eess.SP 2402.00812
eess.SP 2402.00820
eess.SP 2402.00845
eess.SP 2402.00182
eess.SP 2402.00329
eess.SP 2402.00535
eess.SP 2402.00569
eess.SP 2402.00616
eess.SP 2402.00750
