cs.DC 2403.04803
cs.DC 2403.05278
cs.DC 2403.05408
cs.DC 2403.05417
cs.DC 2403.04870
cs.DC 2403.04976
cs.DC 2403.05828
cs.DC 2403.05890
cs.DC 2403.06677
cs.DC 2403.06898
cs.DC 2403.05542
cs.DC 2403.05692
cs.DC 2403.05861
cs.DC 2403.05961
cs.DC 2403.06077
cs.DC 2403.06134
cs.DC 2403.06218
cs.DC 2403.06348
cs.DC 2403.06478
cs.DC 2403.06504
cs.DC 2403.06583
cs.DC 2403.06900
cs.DC 2403.06931
cs.DC 2403.07036
cs.DC 2403.07248
cs.DC 2403.07412
cs.DC 2403.07573
cs.DC 2403.07112
cs.DC 2403.07120
cs.DC 2403.07128
cs.DC 2403.07410
cs.DC 2403.07450
cs.DC 2403.07585
cs.DC 2403.07648
cs.DC 2403.07838
cs.DC 2403.07858
cs.DC 2403.08068
cs.DC 2403.08245
cs.DC 2403.08515
cs.DC 2403.07882
cs.DC 2403.07905
cs.DC 2403.07909
cs.DC 2403.08062
cs.DC 2403.08131
cs.DC 2403.08374
cs.DC 2403.08444
cs.DC 2403.08810
cs.DC 2403.08837
cs.DC 2403.08900
cs.DC 2403.08940
cs.DC 2403.09284
cs.DC 2403.08777
cs.DC 2403.08790
cs.DC 2403.08798
cs.DC 2403.09141
cs.DC 2403.09347
cs.DC 2403.09445
cs.IT 2403.04778
cs.IT 2403.05044
cs.IT 2403.05445
cs.IT 2403.05490
cs.IT 2403.04925
cs.IT 2403.05133
cs.IT 2403.05321
cs.IT 2310.04491
cs.IT 2403.06483
cs.IT 2403.06499
cs.IT 2403.06528
cs.IT 2403.06615
cs.IT 2403.06971
cs.IT 2403.05740
cs.IT 2403.05783
cs.IT 2403.05870
cs.IT 2403.05892
cs.IT 2403.05893
cs.IT 2403.05970
cs.IT 2403.05974
cs.IT 2403.06072
cs.IT 2403.06073
cs.IT 2403.06074
cs.IT 2403.06185
cs.IT 2403.06206
cs.IT 2403.06438
cs.IT 2403.06629
cs.IT 2403.06633
cs.IT 2403.06720
cs.IT 2403.06839
cs.IT 2402.19389
cs.IT 2403.07735
cs.IT 2403.07868
cs.IT 2403.07189
cs.IT 2403.07209
cs.IT 2403.07274
cs.IT 2403.07305
cs.IT 2403.07320
cs.IT 2403.07338
cs.IT 2403.07386
cs.IT 2403.07409
cs.IT 2403.07754
cs.IT 2403.07889
cs.IT 2403.08133
cs.IT 2403.08727
cs.IT 2403.08741
cs.IT 2403.07919
cs.IT 2403.08123
cs.IT 2403.08278
cs.IT 2403.08339
cs.IT 2403.08343
cs.IT 2403.08411
cs.IT 2403.08648
cs.IT 2403.08719
cs.IT 2403.08810
cs.IT 2403.08890
cs.IT 2403.09123
cs.IT 2403.09411
cs.IT 2403.09570
cs.IT 2403.08805
cs.IT 2403.08900
cs.IT 2403.08926
cs.IT 2403.08989
cs.IT 2403.09004
cs.IT 2403.09022
cs.IT 2403.09058
cs.IT 2403.09252
cs.IT 2403.09270
cs.IT 2403.09275
cs.IT 2403.09357
cs.IT 2403.09614
cs.AR 2403.04982
cs.AR 2403.05037
cs.AR 2403.05465
cs.AR 2403.05828
cs.AR 2403.05763
cs.AR 2403.06120
cs.AR 2403.06664
cs.AR 2403.06938
cs.AR 2403.07039
cs.AR 2403.07257
cs.AR 2403.07731
cs.AR 2403.07889
cs.AR 2403.07953
cs.AR 2403.08040
cs.AR 2403.08056
cs.AR 2403.08193
cs.AR 2403.08549
cs.AR 2403.08810
cs.AR 2403.08980
cs.AR 2403.09054
cs.AR 2403.09459
cs.AR 2403.09026
cs.AR 2403.09070
cs.AR 2403.09358
cs.AI 2403.00225
cs.AI 2403.04769
cs.AI 2403.04775
cs.AI 2403.04780
cs.AI 2403.04782
cs.AI 2403.04785
cs.AI 2403.04787
cs.AI 2403.04789
cs.AI 2403.04790
cs.AI 2403.04793
cs.AI 2403.04795
cs.AI 2403.04799
cs.AI 2403.04803
cs.AI 2403.04807
cs.AI 2403.04810
cs.AI 2403.04814
cs.AI 2403.04894
cs.AI 2403.04899
cs.AI 2403.04917
cs.AI 2403.04929
cs.AI 2403.04934
cs.AI 2403.04940
cs.AI 2403.04954
cs.AI 2403.04960
cs.AI 2403.04963
cs.AI 2403.04965
cs.AI 2403.04977
cs.AI 2403.05004
cs.AI 2403.05006
cs.AI 2403.05010
cs.AI 2403.05014
cs.AI 2403.05020
cs.AI 2403.05026
cs.AI 2403.05030
cs.AI 2403.05033
cs.AI 2403.05045
cs.AI 2403.05050
cs.AI 2403.05053
cs.AI 2403.05063
cs.AI 2403.05064
cs.AI 2403.05066
cs.AI 2403.05100
cs.AI 2403.05101
cs.AI 2403.05104
cs.AI 2403.05105
cs.AI 2403.05108
cs.AI 2403.05110
cs.AI 2403.05125
cs.AI 2403.05129
cs.AI 2403.05132
cs.AI 2403.05149
cs.AI 2403.05152
cs.AI 2403.05158
cs.AI 2403.05164
cs.AI 2403.05168
cs.AI 2403.05171
cs.AI 2403.05175
cs.AI 2403.05189
cs.AI 2403.05209
cs.AI 2403.05217
cs.AI 2403.05220
cs.AI 2403.05235
cs.AI 2403.05239
cs.AI 2403.05245
cs.AI 2403.05266
cs.AI 2403.05297
cs.AI 2403.05300
cs.AI 2403.05313
cs.AI 2403.05326
cs.AI 2403.05334
cs.AI 2403.05379
cs.AI 2403.05396
cs.AI 2403.05406
cs.AI 2403.05465
cs.AI 2403.05468
cs.AI 2403.05490
cs.AI 2403.05518
cs.AI 2403.05527
cs.AI 2403.05530
cs.AI 2403.05535
cs.AI 2403.04772
cs.AI 2403.04859
cs.AI 2403.04866
cs.AI 2403.04893
cs.AI 2403.04919
cs.AI 2403.04931
cs.AI 2403.04957
cs.AI 2403.04964
cs.AI 2403.05000
cs.AI 2403.05025
cs.AI 2403.05029
cs.AI 2403.05112
cs.AI 2403.05130
cs.AI 2403.05131
cs.AI 2403.05229
cs.AI 2403.05260
cs.AI 2403.05265
cs.AI 2403.05307
cs.AI 2403.05318
cs.AI 2403.05407
cs.AI 2403.05525
cs.AI 2403.05541
cs.AI 2403.05544
cs.AI 2403.05547
cs.AI 2403.05548
cs.AI 2403.05550
cs.AI 2403.05552
cs.AI 2403.05562
cs.AI 2403.05565
cs.AI 2403.05572
cs.AI 2403.05574
cs.AI 2403.05576
cs.AI 2403.05578
cs.AI 2403.05579
cs.AI 2403.05581
cs.AI 2403.05583
cs.AI 2403.05584
cs.AI 2403.05585
cs.AI 2403.05589
cs.AI 2403.05592
cs.AI 2403.05593
cs.AI 2403.05606
cs.AI 2403.05612
cs.AI 2403.05645
cs.AI 2403.05652
cs.AI 2403.05658
cs.AI 2403.05681
cs.AI 2403.05701
cs.AI 2403.05715
cs.AI 2403.05720
cs.AI 2403.05750
cs.AI 2403.05751
cs.AI 2403.05752
cs.AI 2403.05759
cs.AI 2403.05763
cs.AI 2403.05764
cs.AI 2403.05767
cs.AI 2403.05770
cs.AI 2403.05788
cs.AI 2403.05789
cs.AI 2403.05794
cs.AI 2403.05810
cs.AI 2403.05812
cs.AI 2403.05814
cs.AI 2403.05828
cs.AI 2403.05839
cs.AI 2403.05842
cs.AI 2403.05845
cs.AI 2403.05911
cs.AI 2403.05916
cs.AI 2403.05918
cs.AI 2403.05920
cs.AI 2403.05932
cs.AI 2403.05950
cs.AI 2403.05973
cs.AI 2403.05996
cs.AI 2403.06003
cs.AI 2403.06014
cs.AI 2403.06018
cs.AI 2403.06025
cs.AI 2403.06026
cs.AI 2403.06031
cs.AI 2403.06039
cs.AI 2403.06041
cs.AI 2403.06054
cs.AI 2403.06063
cs.AI 2403.06064
cs.AI 2403.06088
cs.AI 2403.06095
cs.AI 2403.06097
cs.AI 2403.06108
cs.AI 2403.06115
cs.AI 2403.06131
cs.AI 2403.06135
cs.AI 2403.06139
cs.AI 2403.06143
cs.AI 2403.06145
cs.AI 2403.06149
cs.AI 2403.06168
cs.AI 2403.06174
cs.AI 2403.06201
cs.AI 2403.06206
cs.AI 2403.06213
cs.AI 2403.06225
cs.AI 2403.06235
cs.AI 2403.06239
cs.AI 2403.06247
cs.AI 2403.06259
cs.AI 2403.06265
cs.AI 2403.06267
cs.AI 2403.06268
cs.AI 2403.06275
cs.AI 2403.06289
cs.AI 2403.06313
cs.AI 2403.06317
cs.AI 2403.06322
cs.AI 2403.06326
cs.AI 2403.06332
cs.AI 2403.06349
cs.AI 2403.06356
cs.AI 2403.06360
cs.AI 2403.06382
cs.AI 2403.06397
cs.AI 2403.06398
cs.AI 2403.06408
cs.AI 2403.06410
cs.AI 2403.06420
cs.AI 2403.06425
cs.AI 2403.06433
cs.AI 2403.06447
cs.AI 2403.06448
cs.AI 2403.06465
cs.AI 2403.06466
cs.AI 2403.06479
cs.AI 2403.06514
cs.AI 2403.06517
cs.AI 2403.06520
cs.AI 2403.06524
cs.AI 2403.06534
cs.AI 2403.06535
cs.AI 2403.06545
cs.AI 2403.06586
cs.AI 2403.06592
cs.AI 2403.06601
cs.AI 2403.06609
cs.AI 2403.06611
cs.AI 2403.06621
cs.AI 2403.06631
cs.AI 2403.06642
cs.AI 2403.06659
cs.AI 2403.06660
cs.AI 2403.06670
cs.AI 2403.06674
cs.AI 2403.06675
cs.AI 2403.06677
cs.AI 2403.06725
cs.AI 2403.06735
cs.AI 2403.06745
cs.AI 2403.06754
cs.AI 2403.06764
cs.AI 2403.06786
cs.AI 2403.06817
cs.AI 2403.06826
cs.AI 2403.06828
cs.AI 2403.06832
cs.AI 2403.06835
cs.AI 2403.06840
cs.AI 2403.06869
cs.AI 2403.06872
cs.AI 2403.06880
cs.AI 2403.06901
cs.AI 2403.06906
cs.AI 2403.06914
cs.AI 2403.06925
cs.AI 2403.06936
cs.AI 2403.06952
cs.AI 2403.06963
cs.AI 2403.05632
cs.AI 2403.05636
cs.AI 2403.05641
cs.AI 2403.05680
cs.AI 2403.05683
cs.AI 2403.05732
cs.AI 2403.05801
cs.AI 2403.05921
cs.AI 2403.06086
cs.AI 2403.06221
cs.AI 2403.06294
cs.AI 2403.06483
cs.AI 2403.06568
cs.AI 2403.06734
cs.AI 2403.06843
cs.AI 2403.06910
cs.AI 2403.06993
cs.AI 2403.06994
cs.AI 2403.06999
cs.AI 2403.07008
cs.AI 2403.07017
cs.AI 2403.07022
cs.AI 2403.07028
cs.AI 2403.07032
cs.AI 2403.07033
cs.AI 2403.07039
cs.AI 2403.07040
cs.AI 2403.07078
cs.AI 2403.07087
cs.AI 2403.07090
cs.AI 2403.07136
cs.AI 2403.07151
cs.AI 2403.07175
cs.AI 2403.07183
cs.AI 2403.07191
cs.AI 2403.07193
cs.AI 2403.07194
cs.AI 2403.07201
cs.AI 2403.07230
cs.AI 2403.07255
cs.AI 2403.07261
cs.AI 2403.07262
cs.AI 2403.07271
cs.AI 2403.07277
cs.AI 2403.07292
cs.AI 2403.07294
cs.AI 2403.07308
cs.AI 2403.07309
cs.AI 2403.07322
cs.AI 2403.07332
cs.AI 2403.07342
cs.AI 2403.07350
cs.AI 2403.07355
cs.AI 2403.07362
cs.AI 2403.07376
cs.AI 2403.07380
cs.AI 2403.07384
cs.AI 2403.07389
cs.AI 2403.07398
cs.AI 2403.07403
cs.AI 2403.07404
cs.AI 2403.07440
cs.AI 2403.07483
cs.AI 2403.07500
cs.AI 2403.07540
cs.AI 2403.07553
cs.AI 2403.07559
cs.AI 2403.07573
cs.AI 2403.07586
cs.AI 2403.07605
cs.AI 2403.07608
cs.AI 2403.07611
cs.AI 2403.07622
cs.AI 2403.07630
cs.AI 2403.07657
cs.AI 2403.07687
cs.AI 2403.07688
cs.AI 2403.07691
cs.AI 2403.07693
cs.AI 2403.07704
cs.AI 2403.07708
cs.AI 2403.07711
cs.AI 2403.07718
cs.AI 2403.07720
cs.AI 2403.07724
cs.AI 2403.07733
cs.AI 2403.07741
cs.AI 2403.07743
cs.AI 2403.07745
cs.AI 2403.07747
cs.AI 2403.07748
cs.AI 2403.07750
cs.AI 2403.07788
cs.AI 2403.07797
cs.AI 2403.07805
cs.AI 2403.07815
cs.AI 2403.07816
cs.AI 2403.07818
cs.AI 2403.07839
cs.AI 2403.07865
cs.AI 2403.07869
cs.AI 2403.06995
cs.AI 2403.06996
cs.AI 2403.07003
cs.AI 2403.07004
cs.AI 2403.07005
cs.AI 2403.07010
cs.AI 2403.07131
cs.AI 2403.07363
cs.AI 2403.07510
cs.AI 2403.07548
cs.AI 2403.07566
cs.AI 2403.07587
cs.AI 2403.07769
cs.AI 1910.09706
cs.AI 1910.10266
cs.AI 2010.01916
cs.AI 2309.08112
cs.AI 2402.01724
cs.AI 2403.07879
cs.AI 2403.07883
cs.AI 2403.07884
cs.AI 2403.07885
cs.AI 2403.07886
cs.AI 2403.07887
cs.AI 2403.07888
cs.AI 2403.07890
cs.AI 2403.07904
cs.AI 2403.07905
cs.AI 2403.07911
cs.AI 2403.07918
cs.AI 2403.07920
cs.AI 2403.07921
cs.AI 2403.07923
cs.AI 2403.07924
cs.AI 2403.07932
cs.AI 2403.07938
cs.AI 2403.07944
cs.AI 2403.07949
cs.AI 2403.07952
cs.AI 2403.07953
cs.AI 2403.07955
cs.AI 2403.07956
cs.AI 2403.07957
cs.AI 2403.07958
cs.AI 2403.07959
cs.AI 2403.07965
cs.AI 2403.07968
cs.AI 2403.07969
cs.AI 2403.07979
cs.AI 2403.08004
cs.AI 2403.08011
cs.AI 2403.08017
cs.AI 2403.08032
cs.AI 2403.08035
cs.AI 2403.08036
cs.AI 2403.08049
cs.AI 2403.08059
cs.AI 2403.08077
cs.AI 2403.08081
cs.AI 2403.08103
cs.AI 2403.08111
cs.AI 2403.08115
cs.AI 2403.08118
cs.AI 2403.08124
cs.AI 2403.08133
cs.AI 2403.08136
cs.AI 2403.08137
cs.AI 2403.08151
cs.AI 2403.08153
cs.AI 2403.08161
cs.AI 2403.08174
cs.AI 2403.08197
cs.AI 2403.08199
cs.AI 2403.08211
cs.AI 2403.08214
cs.AI 2403.08215
cs.AI 2403.08222
cs.AI 2403.08238
cs.AI 2403.08251
cs.AI 2403.08261
cs.AI 2403.08264
cs.AI 2403.08265
cs.AI 2403.08271
cs.AI 2403.08273
cs.AI 2403.08281
cs.AI 2403.08291
cs.AI 2403.08292
cs.AI 2403.08293
cs.AI 2403.08295
cs.AI 2403.08299
cs.AI 2403.08309
cs.AI 2403.08312
cs.AI 2403.08319
cs.AI 2403.08332
cs.AI 2403.08333
cs.AI 2403.08335
cs.AI 2403.08337
cs.AI 2403.08352
cs.AI 2403.08364
cs.AI 2403.08370
cs.AI 2403.08375
cs.AI 2403.08414
cs.AI 2403.08424
cs.AI 2403.08426
cs.AI 2403.08429
cs.AI 2403.08430
cs.AI 2403.08438
cs.AI 2403.08502
cs.AI 2403.08505
cs.AI 2403.08506
cs.AI 2403.08528
cs.AI 2403.08536
cs.AI 2403.08551
cs.AI 2403.08554
cs.AI 2403.08556
cs.AI 2403.08562
cs.AI 2403.08564
cs.AI 2403.08593
cs.AI 2403.08607
cs.AI 2403.08613
cs.AI 2403.08618
cs.AI 2403.08635
cs.AI 2403.08688
cs.AI 2403.08699
cs.AI 2403.08728
cs.AI 2403.08739
cs.AI 2403.08743
cs.AI 2403.08755
cs.AI 2403.08763
cs.AI 2403.08770
cs.AI 2403.07916
cs.AI 2403.07964
cs.AI 2403.08386
cs.AI 2403.08425
cs.AI 2310.10404
cs.AI 2403.08773
cs.AI 2403.08774
cs.AI 2403.08775
cs.AI 2403.08776
cs.AI 2403.08782
cs.AI 2403.08783
cs.AI 2403.08786
cs.AI 2403.08788
cs.AI 2403.08789
cs.AI 2403.08790
cs.AI 2403.08797
cs.AI 2403.08807
cs.AI 2403.08808
cs.AI 2403.08810
cs.AI 2403.08813
cs.AI 2403.08818
cs.AI 2403.08820
cs.AI 2403.08824
cs.AI 2403.08828
cs.AI 2403.08833
cs.AI 2403.08834
cs.AI 2403.08835
cs.AI 2403.08836
cs.AI 2403.08837
cs.AI 2403.08838
cs.AI 2403.08840
cs.AI 2403.08844
cs.AI 2403.08845
cs.AI 2403.08879
cs.AI 2403.08882
cs.AI 2403.08885
cs.AI 2403.08906
cs.AI 2403.08915
cs.AI 2403.08933
cs.AI 2403.08936
cs.AI 2403.08937
cs.AI 2403.08944
cs.AI 2403.08950
cs.AI 2403.08955
cs.AI 2403.08956
cs.AI 2403.08962
cs.AI 2403.08967
cs.AI 2403.08974
cs.AI 2403.08984
cs.AI 2403.09024
cs.AI 2403.09029
cs.AI 2403.09039
cs.AI 2403.09053
cs.AI 2403.09054
cs.AI 2403.09057
cs.AI 2403.09063
cs.AI 2403.09072
cs.AI 2403.09085
cs.AI 2403.09092
cs.AI 2403.09113
cs.AI 2403.09131
cs.AI 2403.09141
cs.AI 2403.09142
cs.AI 2403.09171
cs.AI 2403.09184
cs.AI 2403.09190
cs.AI 2403.09193
cs.AI 2403.09199
cs.AI 2403.09206
cs.AI 2403.09209
cs.AI 2403.09215
cs.AI 2403.09227
cs.AI 2403.09288
cs.AI 2403.09290
cs.AI 2403.09313
cs.AI 2403.09317
cs.AI 2403.09326
cs.AI 2403.09333
cs.AI 2403.09338
cs.AI 2403.09344
cs.AI 2403.09346
cs.AI 2403.09359
cs.AI 2403.09407
cs.AI 2403.09409
cs.AI 2403.09410
cs.AI 2403.09412
cs.AI 2403.09422
cs.AI 2403.09439
cs.AI 2403.09442
cs.AI 2403.09480
cs.AI 2403.09488
cs.AI 2403.09498
cs.AI 2403.09499
cs.AI 2403.09502
cs.AI 2403.09506
cs.AI 2403.09513
cs.AI 2403.09530
cs.AI 2403.09539
cs.AI 2403.09549
cs.AI 2403.09565
cs.AI 2403.09567
cs.AI 2403.09603
cs.AI 2403.09605
cs.AI 2403.09606
cs.AI 2403.09621
cs.AI 2403.09629
cs.AI 2403.09631
cs.AI 2403.09635
cs.AI 2403.08802
cs.AI 2403.08843
cs.AI 2403.08910
cs.AI 2403.09232
cs.AI 2403.09249
cs.AI 2403.09289
cs.AI 2403.09361
cs.AI 2403.09404
cs.AI 2403.09481
cs.AI 2403.09510
cs.AI 2403.09580
cs.CV 2403.04781
cs.CV 2403.04800
cs.CV 2403.04865
cs.CV 2403.04962
cs.CV 2403.04971
cs.CV 2403.04997
cs.CV 2403.04998
cs.CV 2403.05023
cs.CV 2403.05024
cs.CV 2403.05087
cs.CV 2403.05100
cs.CV 2403.05111
cs.CV 2403.05123
cs.CV 2403.05131
cs.CV 2403.05175
cs.CV 2403.05181
cs.CV 2403.05196
cs.CV 2403.05209
cs.CV 2403.05211
cs.CV 2403.05245
cs.MA 2403.04910
cs.CV 2403.05246
cs.MA 2403.04923
cs.CV 2403.05256
cs.MA 2403.05272
cs.MA 2403.05974
cs.CV 2403.05340
cs.MA 2403.06041
cs.MA 2403.06294
cs.CV 2403.05353
cs.MA 2403.06535
cs.CV 2403.05380
cs.MA 2403.06660
cs.CV 2403.05384
cs.MA 2403.06007
cs.CV 2403.05408
cs.MA 2403.06223
cs.CV 2403.05452
cs.MA 2403.06264
cs.CV 2403.05466
cs.MA 2403.06376
cs.CV 2403.05468
cs.MA 2403.06502
cs.CV 2403.05490
cs.MA 2403.06750
cs.CV 2403.05532
cs.MA 2403.07005
cs.CV 2403.04809
cs.CV 2403.04822
cs.MA 2403.07017
cs.CV 2403.04880
cs.MA 2403.07131
cs.CV 2403.04884
cs.MA 2403.07769
cs.CV 2403.04899
cs.MA 2403.07559
cs.MA 2403.07640
cs.CV 2403.04908
cs.CV 2403.04924
cs.MA 2403.07748
cs.MA 2403.08291
cs.CV 2403.04926
cs.MA 2403.08610
cs.CV 2403.04932
cs.CV 2403.04940
cs.CV 2403.04943
cs.CV 2403.04954
cs.MA 2403.08251
cs.CV 2403.04965
cs.MA 2403.08813
cs.CV 2403.04968
cs.MA 2403.08879
cs.CV 2403.04969
cs.MA 2403.08984
cs.CV 2403.04993
cs.CV 2403.05005
cs.CV 2403.05016
cs.MA 2403.09510
cs.CV 2403.05018
cs.MA 2403.08841
cs.CV 2403.05019
cs.CV 2403.05021
cs.CV 2403.05034
cs.CV 2403.05047
cs.MA 2403.08882
cs.CV 2403.05049
cs.MA 2403.08936
cs.CV 2403.05050
cs.CV 2403.05053
cs.CV 2403.05055
cs.CV 2403.05056
cs.CV 2403.05061
cs.CV 2403.05062
cs.CV 2403.05069
cs.CV 2403.05086
cs.CV 2403.05093
cs.CV 2403.05094
cs.CV 2403.05102
cs.CV 2403.05105
cs.CV 2403.05114
cs.CV 2403.05117
cs.CV 2403.05121
cs.CV 2403.05124
cs.CV 2403.05125
cs.CV 2403.05135
cs.CV 2403.05139
cs.CV 2403.05141
cs.CV 2403.05146
cs.CV 2403.05154
cs.CV 2403.05155
cs.CV 2403.05159
cs.CV 2403.05160
cs.CV 2403.05168
cs.CV 2403.05170
cs.CV 2403.05172
cs.CV 2403.05218
cs.CV 2403.05220
cs.CV 2403.05231
cs.CV 2403.05234
cs.CV 2403.05239
cs.CV 2403.05247
cs.CV 2403.05261
cs.CV 2403.05262
cs.CV 2403.05280
cs.CV 2403.05297
cs.CV 2403.05325
cs.CV 2403.05327
cs.CV 2403.05329
cs.CV 2403.05344
cs.CV 2403.05346
cs.CV 2403.05351
cs.CV 2403.05352
cs.CV 2403.05369
cs.CV 2403.05379
cs.CV 2403.05381
cs.CV 2403.05388
cs.CV 2403.05394
cs.CV 2403.05396
cs.CV 2403.05402
cs.CV 2403.05416
cs.CV 2403.05419
cs.CV 2403.05422
cs.CV 2403.05433
cs.CV 2403.05435
cs.CV 2403.05438
cs.CV 2403.05451
cs.CV 2403.05489
cs.CV 2403.05521
cs.CV 2403.05523
cs.CV 2403.05535
cs.CV 2403.03170
cs.CV 2403.05578
cs.CV 2403.05594
cs.CV 2403.05595
cs.CV 2403.05606
cs.CV 2403.05610
cs.CV 2403.05680
cs.CV 2403.05696
cs.CV 2403.05702
cs.CV 2403.05726
cs.CV 2403.05753
cs.CV 2403.05805
cs.CV 2403.05847
cs.CV 2403.05906
cs.CV 2403.05912
cs.CV 2403.05955
cs.CV 2403.06013
cs.CV 2403.06014
cs.CV 2403.06020
cs.CV 2403.06041
cs.CV 2403.06054
cs.CV 2403.06066
cs.CV 2403.06069
cs.CV 2403.06128
cs.CV 2403.06197
cs.CV 2403.06227
cs.CV 2403.06242
cs.CV 2403.06251
cs.CV 2403.06355
cs.CV 2403.06396
cs.CV 2403.06424
cs.CV 2403.06459
cs.CV 2403.06498
cs.CV 2403.06532
cs.CV 2403.06538
cs.CV 2403.06545
cs.CV 2403.06631
cs.CV 2403.06645
cs.CV 2403.06668
cs.CV 2403.06682
cs.CV 2403.06687
cs.CV 2403.06726
cs.CV 2403.06734
cs.CV 2403.06748
cs.CV 2403.06797
cs.CV 2403.06798
cs.CV 2403.06801
cs.CV 2403.06807
cs.CV 2403.06860
cs.CV 2403.06869
cs.CV 2403.06877
cs.CV 2403.06950
cs.CV 2403.05658
cs.CV 2403.05659
cs.CV 2403.05660
cs.CV 2403.05687
cs.CV 2403.05690
cs.CV 2403.05694
cs.CV 2403.05703
cs.CV 2403.05758
cs.CV 2403.05768
cs.CV 2403.05770
cs.CV 2403.05773
cs.CV 2403.05780
cs.CV 2403.05796
cs.CV 2403.05807
cs.CV 2403.05808
cs.CV 2403.05810
cs.CV 2403.05817
cs.CV 2403.05839
cs.CV 2403.05846
cs.CV 2403.05852
cs.CV 2403.05854
cs.CV 2403.05856
cs.CV 2403.05874
cs.CV 2403.05886
cs.CV 2403.05894
cs.CV 2403.05895
cs.CV 2403.05896
cs.CV 2403.05897
cs.CV 2403.05907
cs.CV 2403.05916
cs.CV 2403.05924
cs.CV 2403.05930
cs.CV 2403.05932
cs.CV 2403.05937
cs.CV 2403.05949
cs.CV 2403.05950
cs.CV 2403.05963
cs.CV 2403.05966
cs.CV 2403.06024
cs.CV 2403.06025
cs.CV 2403.06048
cs.CV 2403.06059
cs.CV 2403.06070
cs.CV 2403.06071
cs.CV 2403.06075
cs.CV 2403.06088
cs.CV 2403.06089
cs.CV 2403.06090
cs.CV 2403.06092
cs.CV 2403.06093
cs.CV 2403.06098
cs.CV 2403.06102
cs.CV 2403.06104
cs.CV 2403.06107
cs.CV 2403.06119
cs.CV 2403.06122
cs.CV 2403.06124
cs.CV 2403.06126
cs.CV 2403.06130
cs.CV 2403.06135
cs.CV 2403.06136
cs.CV 2403.06138
cs.CV 2403.06145
cs.CV 2403.06151
cs.CV 2403.06154
cs.CV 2403.06159
cs.CV 2403.06164
cs.CV 2403.06166
cs.CV 2403.06168
cs.CV 2403.06189
cs.CV 2403.06194
cs.CV 2403.06199
cs.CV 2403.06200
cs.CV 2403.06205
cs.CV 2403.06213
cs.CV 2403.06225
cs.CV 2403.06233
cs.CV 2403.06243
cs.CV 2403.06247
cs.CV 2403.06258
cs.CV 2403.06268
cs.CV 2403.06269
cs.CV 2403.06275
cs.CV 2403.06288
cs.CV 2403.06289
cs.CV 2403.06292
cs.CV 2403.06295
cs.CV 2403.06317
cs.CV 2403.06322
cs.CV 2403.06339
cs.CV 2403.06349
cs.CV 2403.06351
cs.CV 2403.06352
cs.CV 2403.06356
cs.CV 2403.06361
cs.CV 2403.06363
cs.CV 2403.06365
cs.CV 2403.06375
cs.CV 2403.06378
cs.CV 2403.06381
cs.CV 2403.06382
cs.CV 2403.06394
cs.CV 2403.06400
cs.CV 2403.06401
cs.CV 2403.06403
cs.CV 2403.06406
cs.CV 2403.06407
cs.CV 2403.06417
cs.CV 2403.06421
cs.CV 2403.06430
cs.CV 2403.06433
cs.CV 2403.06443
cs.CV 2403.06444
cs.CV 2403.06452
cs.CV 2403.06453
cs.CV 2403.06457
cs.CV 2403.06461
cs.CV 2403.06462
cs.CV 2403.06467
cs.CV 2403.06470
cs.CV 2403.06471
cs.CV 2403.06479
cs.CV 2403.06488
cs.CV 2403.06495
cs.CV 2403.06497
cs.CV 2403.06501
cs.CV 2403.06505
cs.CV 2403.06510
cs.CV 2403.06514
cs.CV 2403.06516
cs.CV 2403.06517
cs.CV 2403.06529
cs.CV 2403.06534
cs.CV 2403.06536
cs.CV 2403.06546
cs.CV 2403.06552
cs.CV 2403.06567
cs.CV 2403.06577
cs.CV 2403.06592
cs.CV 2403.06600
cs.CV 2403.06601
cs.CV 2403.06606
cs.CV 2403.06616
cs.CV 2403.06621
cs.CV 2403.06658
cs.CV 2403.06661
cs.CV 2403.06670
cs.CV 2403.06674
cs.CV 2403.06676
cs.CV 2403.06679
cs.CV 2403.06681
cs.CV 2403.06683
cs.CV 2403.06698
cs.CV 2403.06702
cs.CV 2403.06728
cs.CV 2403.06735
cs.CV 2403.06738
cs.CV 2403.06741
cs.CV 2403.06758
cs.CV 2403.06759
cs.CV 2403.06764
cs.CV 2403.06775
cs.CV 2403.06786
cs.CV 2403.06793
cs.CV 2403.06800
cs.CV 2403.06803
cs.CV 2403.06804
cs.CV 2403.06810
cs.CV 2403.06813
cs.CV 2403.06831
cs.CV 2403.06835
cs.CV 2403.06837
cs.CV 2403.06845
cs.CV 2403.06846
cs.CV 2403.06862
cs.CV 2403.06866
cs.CV 2403.06874
cs.CV 2403.06884
cs.CV 2403.06892
cs.CV 2403.06895
cs.CV 2403.06902
cs.CV 2403.06904
cs.CV 2403.06908
cs.CV 2403.06912
cs.CV 2403.06946
cs.CV 2403.06947
cs.CV 2403.06951
cs.CV 2403.06952
cs.CV 2403.06953
cs.CV 2403.06961
cs.CV 2403.06973
cs.CV 2403.06974
cs.CV 2403.06976
cs.CV 2403.06977
cs.CV 2403.06978
cs.CV 2403.07030
cs.CV 2403.07036
cs.CV 2403.07076
cs.CV 2403.07078
cs.CV 2403.07092
cs.CV 2403.07105
cs.CV 2403.07116
cs.CV 2403.07126
cs.CV 2403.07132
cs.CV 2403.07134
cs.CV 2403.07137
cs.CV 2403.07247
cs.CV 2403.07296
cs.CV 2403.07303
cs.CV 2403.07314
cs.CV 2403.07339
cs.CV 2403.07350
cs.CV 2403.07355
cs.CV 2403.07362
cs.CV 2403.07390
cs.CV 2403.07428
cs.CV 2403.07434
cs.CV 2403.07463
cs.CV 2403.07494
cs.CV 2403.07553
cs.CV 2403.07563
cs.CV 2403.07569
cs.CV 2403.07715
cs.CV 2403.07743
cs.CV 2403.07786
cs.CV 2403.07788
cs.CV 2403.07800
cs.CV 2403.07834
cs.CV 2403.07851
cs.CV 2403.07032
cs.CV 2403.07071
cs.CV 2403.07113
cs.CV 2403.07142
cs.CV 2403.07153
cs.CV 2403.07198
cs.CV 2403.07203
cs.CV 2403.07214
cs.CV 2403.07219
cs.CV 2403.07222
cs.CV 2403.07231
cs.CV 2403.07234
cs.CV 2403.07240
cs.CV 2403.07241
cs.CV 2403.07244
cs.CV 2403.07246
cs.CV 2403.07263
cs.CV 2403.07277
cs.CV 2403.07284
cs.CV 2403.07286
cs.CV 2403.07289
cs.CV 2403.07290
cs.CV 2403.07292
cs.CV 2403.07301
cs.CV 2403.07304
cs.CV 2403.07319
cs.CV 2403.07326
cs.CV 2403.07332
cs.CV 2403.07346
cs.CV 2403.07347
cs.CV 2403.07354
cs.CV 2403.07356
cs.CV 2403.07359
cs.CV 2403.07366
cs.CV 2403.07369
cs.CV 2403.07371
cs.CV 2403.07372
cs.CV 2403.07376
cs.CV 2403.07380
cs.CV 2403.07389
cs.CV 2403.07392
cs.CV 2403.07403
cs.CV 2403.07406
cs.CV 2403.07407
cs.CV 2403.07408
cs.CV 2403.07420
cs.CV 2403.07432
cs.CV 2403.07436
cs.CV 2403.07437
cs.CV 2403.07469
cs.CV 2403.07487
cs.CV 2403.07500
cs.CV 2403.07508
cs.CV 2403.07513
cs.CV 2403.07514
cs.CV 2403.07516
cs.CV 2403.07518
cs.CV 2403.07532
cs.CV 2403.07535
cs.CV 2403.07536
cs.CV 2403.07542
cs.CV 2403.07547
cs.CV 2403.07560
cs.CV 2403.07564
cs.CV 2403.07570
cs.CV 2403.07576
cs.CV 2403.07578
cs.CV 2403.07589
cs.CV 2403.07592
cs.CV 2403.07593
cs.CV 2403.07598
cs.CV 2403.07601
cs.CV 2403.07605
cs.CV 2403.07621
cs.CV 2403.07622
cs.CV 2403.07630
cs.CV 2403.07636
cs.CV 2403.07684
cs.CV 2403.07687
cs.CV 2403.07692
cs.CV 2403.07700
cs.CV 2403.07705
cs.CV 2403.07706
cs.CV 2403.07711
cs.CV 2403.07719
cs.CV 2403.07720
cs.CV 2403.07733
cs.CV 2403.07741
cs.CV 2403.07746
cs.CV 2403.07750
cs.CV 2403.07752
cs.CV 2403.07764
cs.CV 2403.07773
cs.CV 2403.07798
cs.CV 2403.07807
cs.CV 2403.07818
cs.CV 2403.07839
cs.CV 2403.07854
cs.CV 2403.07860
cs.CV 2403.07874
cs.CV 2403.07877
cs.CV 2403.07938
cs.CV 2403.07940
cs.CV 2403.07942
cs.CV 2403.07951
cs.CV 2403.08002
cs.CV 2403.08004
cs.CV 2403.08016
cs.CV 2403.08042
cs.CV 2403.08109
cs.CV 2403.08119
cs.CV 2403.08162
cs.CV 2403.08204
cs.CV 2403.08208
cs.CV 2403.08216
cs.CV 2403.08239
cs.CV 2403.08247
cs.CV 2403.08280
cs.CV 2403.08321
cs.CV 2403.08352
cs.CV 2403.08355
cs.CV 2403.08417
cs.CV 2403.08464
cs.CV 2403.08479
cs.CV 2403.08505
cs.CV 2403.08506
cs.CV 2403.08550
cs.CV 2403.08551
cs.CV 2403.08566
cs.CV 2403.08689
cs.CV 2403.08700
cs.CV 2403.08730
cs.CV 2403.08748
cs.CV 2403.08749
cs.CV 2403.08758
cs.CV 2403.08761
cs.CV 2403.07883
cs.CV 2403.07884
cs.CV 2403.07885
cs.CV 2403.07887
cs.CV 2403.07888
cs.CV 2403.07891
cs.CV 2403.07901
cs.CV 2403.07912
cs.CV 2403.07914
cs.CV 2403.07939
cs.CV 2403.07944
cs.CV 2403.07952
cs.CV 2403.08003
cs.CV 2403.08007
cs.CV 2403.08017
cs.CV 2403.08018
cs.CV 2403.08019
cs.CV 2403.08032
cs.CV 2403.08059
cs.CV 2403.08077
cs.CV 2403.08086
cs.CV 2403.08092
cs.CV 2403.08108
cs.CV 2403.08125
cs.CV 2403.08142
cs.CV 2403.08156
cs.CV 2403.08157
cs.CV 2403.08161
cs.CV 2403.08170
cs.CV 2403.08182
cs.CV 2403.08214
cs.CV 2403.08215
cs.CV 2403.08224
cs.CV 2403.08227
cs.CV 2403.08236
cs.CV 2403.08252
cs.CV 2403.08255
cs.CV 2403.08256
cs.CV 2403.08261
cs.CV 2403.08262
cs.CV 2403.08266
cs.CV 2403.08268
cs.CV 2403.08270
cs.CV 2403.08271
cs.CV 2403.08273
cs.CV 2403.08277
cs.CV 2403.08282
cs.CV 2403.08283
cs.CV 2403.08284
cs.CV 2403.08294
cs.CV 2403.08310
cs.CV 2403.08318
cs.CV 2403.08330
cs.CV 2403.08344
cs.CV 2403.08350
cs.CV 2403.08360
cs.CV 2403.08368
cs.CV 2403.08378
cs.CV 2403.08380
cs.CV 2403.08381
cs.CV 2403.08383
cs.CV 2403.08384
cs.CV 2403.08407
cs.CV 2403.08420
cs.CV 2403.08426
cs.CV 2403.08433
cs.CV 2403.08436
cs.CV 2403.08453
cs.CV 2403.08460
cs.CV 2403.08477
cs.CV 2403.08487
cs.CV 2403.08498
cs.CV 2403.08499
cs.CV 2403.08502
cs.CV 2403.08504
cs.CV 2403.08511
cs.CV 2403.08512
cs.CV 2403.08528
cs.CV 2403.08536
cs.CV 2403.08542
cs.CV 2403.08556
cs.CV 2403.08557
cs.CV 2403.08568
cs.CV 2403.08580
cs.CV 2403.08586
cs.CV 2403.08591
cs.CV 2403.08629
cs.CV 2403.08632
cs.CV 2403.08639
cs.CV 2403.08640
cs.CV 2403.08649
cs.CV 2403.08650
cs.CV 2403.08651
cs.CV 2403.08682
cs.CV 2403.08695
cs.CV 2403.08721
cs.CV 2403.08728
cs.CV 2403.08733
cs.CV 2403.08746
cs.CV 2403.08755
cs.CV 2403.08760
cs.CV 2403.08764
cs.CV 2403.08766
cs.CV 2403.08768
cs.CV 2403.08770
cs.CV 2403.08796
cs.CV 2403.08848
cs.CV 2403.08851
cs.CV 2403.08947
cs.CV 2403.08979
cs.CV 2403.09029
cs.CV 2403.09048
cs.CV 2403.09062
cs.CV 2403.09066
cs.CV 2403.09096
cs.CV 2403.09100
cs.CV 2403.09101
cs.CV 2403.09107
cs.CV 2403.09117
cs.CV 2403.09136
cs.CV 2403.09157
cs.CV 2403.09240
cs.CV 2403.09262
cs.CV 2403.09302
cs.CV 2403.09303
cs.CV 2403.09355
cs.CV 2403.09392
cs.CV 2403.09414
cs.CV 2403.09559
cs.CV 2403.09635
cs.CV 2403.09637
cs.CV 2403.08773
cs.CV 2403.08776
cs.CV 2403.08778
cs.CV 2403.08782
cs.CV 2403.08783
cs.CV 2403.08787
cs.CV 2403.08788
cs.CV 2403.08789
cs.CV 2403.08792
cs.CV 2403.08793
cs.CV 2403.08801
cs.CV 2403.08806
cs.CV 2403.08821
cs.CV 2403.08833
cs.CV 2403.08840
cs.CV 2403.08857
cs.CV 2403.08876
cs.CV 2403.08885
cs.CV 2403.08887
cs.CV 2403.08902
cs.CV 2403.08915
cs.CV 2403.08919
cs.CV 2403.08933
cs.CV 2403.08939
cs.CV 2403.08962
cs.CV 2403.08967
cs.CV 2403.08974
cs.CV 2403.08995
cs.CV 2403.08997
cs.CV 2403.09025
cs.CV 2403.09027
cs.CV 2403.09034
cs.CV 2403.09036
cs.CV 2403.09037
cs.CV 2403.09050
cs.CV 2403.09055
cs.CV 2403.09056
cs.CV 2403.09063
cs.CV 2403.09065
cs.CV 2403.09069
cs.CV 2403.09072
cs.CV 2403.09079
cs.CV 2403.09093
cs.CV 2403.09108
cs.CV 2403.09124
cs.CV 2403.09128
cs.CV 2403.09139
cs.CV 2403.09140
cs.CV 2403.09172
cs.CV 2403.09176
cs.CV 2403.09183
cs.CV 2403.09190
cs.CV 2403.09192
cs.CV 2403.09193
cs.CV 2403.09194
cs.CV 2403.09195
cs.CV 2403.09196
cs.CV 2403.09199
cs.CV 2403.09212
cs.CV 2403.09230
cs.CV 2403.09233
cs.CV 2403.09236
cs.CV 2403.09257
cs.CV 2403.09274
cs.CV 2403.09281
cs.CV 2403.09288
cs.CV 2403.09290
cs.CV 2403.09294
cs.CV 2403.09296
cs.CV 2403.09307
cs.CV 2403.09313
cs.CV 2403.09315
cs.CV 2403.09317
cs.CV 2403.09323
cs.CV 2403.09327
cs.CV 2403.09333
cs.CV 2403.09334
cs.CV 2403.09338
cs.CV 2403.09344
cs.CV 2403.09346
cs.CV 2403.09359
cs.CV 2403.09363
cs.CV 2403.09367
cs.CV 2403.09377
cs.CV 2403.09380
cs.CV 2403.09394
cs.CV 2403.09400
cs.CV 2403.09401
cs.CV 2403.09410
cs.CV 2403.09412
cs.CV 2403.09413
cs.CV 2403.09419
cs.CV 2403.09422
cs.CV 2403.09432
cs.CV 2403.09433
cs.CV 2403.09434
cs.CV 2403.09437
cs.CV 2403.09439
cs.CV 2403.09451
cs.CV 2403.09468
cs.CV 2403.09471
cs.CV 2403.09480
cs.CV 2403.09486
cs.CV 2403.09493
cs.CV 2403.09500
cs.CV 2403.09506
cs.CV 2403.09508
cs.CV 2403.09530
cs.CV 2403.09543
cs.CV 2403.09551
cs.CV 2403.09554
cs.CV 2403.09572
cs.CV 2403.09577
cs.CV 2403.09593
cs.CV 2403.09605
cs.CV 2403.09611
cs.CV 2403.09616
cs.CV 2403.09620
cs.CV 2403.09622
cs.CV 2403.09623
cs.CV 2403.09625
cs.CV 2403.09626
cs.CV 2403.09630
cs.CV 2403.09631
cs.CV 2403.09632
cs.CV 2403.09634
cs.CV 2403.09638
cs.CV 2403.09639
