cs.FL 2411.09121
cs.FL 2411.09366
cs.FL 2411.10188
cs.FL 2411.10601
cs.FL 2411.12386
cs.FL 2411.12537
cs.FL 2411.13400
cs.FL 2411.13318
cs.FL 2411.13412
cs.CG 2411.10207
cs.CG 2411.10043
cs.CG 2411.10319
cs.CG 2411.10388
cs.CG 2411.11244
cs.CG 2411.11274
cs.CG 2411.12099
cs.CG 2411.12351
cs.CG 2411.13171
cs.CG 2411.13887
cs.CG 2411.13985
cs.CG 2411.14038
cs.DS 2411.09854
cs.DS 2411.10319
cs.DS 2411.09979
cs.DS 2411.10284
cs.DS 2411.10484
cs.DS 2411.10719
cs.DS 2411.10737
cs.DS 2411.10870
cs.DS 2411.10906
cs.DS 2411.10908
cs.DS 2411.11174
cs.DS 2411.11238
cs.DS 2411.11298
cs.DS 2411.11516
cs.DS 2411.11627
cs.DS 2411.11665
cs.DS 2411.11718
cs.DS 2411.11722
cs.DS 2411.10653
cs.DS 2411.10707
cs.DS 2411.10949
cs.DS 2411.11049
cs.DS 2411.11051
cs.DS 2411.11054
cs.DS 2411.11136
cs.DS 2411.11277
cs.DS 2411.11426
cs.DS 2411.11544
cs.DS 2411.11741
cs.DS 2411.11781
cs.DS 2411.12360
cs.DS 2411.12582
cs.DS 2411.12696
cs.DS 2411.12700
cs.DS 2411.12730
cs.DS 2411.12035
cs.DS 2411.12069
cs.DS 2411.12099
cs.DS 2411.12160
cs.DS 2411.12241
cs.DS 2411.12365
cs.DS 2411.12438
cs.DS 2411.12439
cs.DS 2411.12694
cs.DS 2411.13083
cs.DS 2411.13141
cs.DS 2411.13171
cs.DS 2411.13513
cs.DS 2411.12976
cs.DS 2411.13374
cs.DS 2411.13462
cs.DS 2411.13601
cs.DS 2411.13682
cs.DS 2411.14336
cs.DS 2411.14349
cs.DS 2411.14431
cs.DS 2411.13708
cs.DS 2411.13728
cs.DS 2411.13817
cs.DS 2411.14006
cs.DS 2411.14305
cs.DS 2411.14344
cs.DS 2411.14387
cs.GT 2411.09712
cs.GT 2411.09817
cs.GT 2411.10284
cs.GT 2411.10294
cs.GT 2411.09867
cs.GT 2411.10399
cs.GR 2411.10061
cs.GR 2411.10452
cs.GT 2411.10434
cs.GR 2411.10825
cs.GR 2411.10886
cs.GT 2411.10558
cs.GR 2411.11196
cs.GT 2411.10719
cs.GR 2411.11374
cs.GT 2411.10791
cs.GR 2411.10818
cs.GT 2411.10811
cs.GR 2411.11244
cs.GT 2411.10892
cs.GR 2411.12089
cs.GT 2411.11131
cs.GR 2411.12168
cs.GT 2411.11549
cs.GR 2411.12514
cs.GT 2411.11789
cs.GR 2411.11938
cs.GT 2411.12385
cs.GR 2411.12015
cs.GT 2411.12696
cs.GR 2303.07210
cs.GT 2411.12725
cs.GR 2411.13536
cs.GT 2411.13162
cs.GR 2411.12743
cs.GT 2411.13296
cs.GR 2411.14384
cs.GT 2411.13513
cs.GR 2411.14430
cs.GT 2411.13720
cs.GT 2411.13993
cs.GT 2411.14007
cs.DB 2411.09997
cs.DB 2411.10229
cs.DB 2411.09999
cs.DB 2411.10005
cs.DB 2411.10342
cs.DB 2411.11375
cs.DB 2411.11781
cs.DB 2411.11829
cs.DB 2411.10468
cs.DB 2411.11091
cs.DB 2411.11325
cs.DB 2411.11326
cs.DB 2411.11916
cs.DB 2411.12229
cs.DB 2411.13245
cs.DB 2411.13278
cs.DB 2411.13704
cs.DB 2411.14277
cs.DB 2411.14330
cs.DB 2411.14331
cs.AR 2411.10005
cs.AR 2411.09760
cs.AR 2411.10285
cs.AR 2411.10481
cs.AR 2411.11036
cs.AR 2411.11624
cs.AR 2411.11678
cs.AR 2411.11745
cs.AR 2411.10988
cs.AR 2411.10990
cs.AR 2411.11022
cs.AR 2411.11384
cs.AR 2411.11545
cs.AR 2411.12401
cs.AR 2411.12583
cs.AR 2411.11852
cs.AR 2411.11856
cs.AR 2411.12213
cs.AR 2411.12444
cs.AR 2411.12710
cs.AR 2411.12923
cs.AR 2411.13239
cs.AR 2411.12983
cs.AR 2411.13050
cs.AR 2411.13054
cs.AR 2411.13571
cs.AR 2411.13715
cs.AR 2411.14006
cs.AR 2411.13717
cs.AR 2411.13900
cs.AR 2411.14082
cs.AR 2411.14299
cs.AI 2204.09344
cs.AI 2411.09355
cs.AI 2411.09706
cs.AI 2411.09709
cs.AI 2411.09718
cs.AI 2411.09722
cs.AI 2411.09723
cs.AI 2411.09730
cs.AI 2411.09767
cs.AI 2411.09788
cs.AI 2411.09807
cs.AI 2411.09820
cs.AI 2411.09822
cs.AI 2411.09834
cs.AI 2411.09837
cs.AI 2411.09844
cs.AI 2411.09849
cs.AI 2411.09850
cs.AI 2411.09852
cs.AI 2411.09891
cs.AI 2411.09900
cs.AI 2411.09921
cs.AI 2411.09933
cs.AI 2411.09945
cs.AI 2411.09952
cs.AI 2411.09955
cs.AI 2411.09968
cs.AI 2411.09969
cs.AI 2411.09972
cs.AI 2411.09986
cs.AI 2411.09996
cs.AI 2411.10000
cs.AI 2411.10004
cs.AI 2411.10006
cs.AI 2411.10010
cs.AI 2411.10015
cs.AI 2411.10028
cs.AI 2411.10032
cs.AI 2411.10036
cs.AI 2411.10048
cs.AI 2411.10050
cs.AI 2411.10055
cs.AI 2411.10057
cs.AI 2411.10071
cs.AI 2411.10072
cs.AI 2411.10087
cs.AI 2411.10091
cs.AI 2411.10100
cs.AI 2411.10108
cs.AI 2411.10137
cs.AI 2411.10152
cs.AI 2411.10171
cs.AI 2411.10172
cs.AI 2411.10174
cs.AI 2411.10175
cs.AI 2411.10191
cs.AI 2411.10213
cs.AI 2411.10224
cs.AI 2411.10231
cs.AI 2411.10232
cs.AI 2411.10234
cs.AI 2411.10257
cs.AI 2411.10279
cs.AI 2411.10285
cs.AI 2411.10290
cs.AI 2411.10293
cs.AI 2411.10308
cs.AI 2411.10329
cs.AI 2411.10340
cs.AI 2411.10367
cs.AI 2411.10368
cs.AI 2411.10369
cs.AI 2411.10371
cs.AI 2411.10385
cs.AI 2411.10389
cs.AI 2411.10397
cs.AI 2411.10411
cs.AI 2411.10416
cs.AI 2411.10422
cs.AI 2411.10436
cs.AI 2411.10446
cs.AI 2411.09874
cs.AI 2411.09909
cs.AI 2411.10008
cs.AI 2411.10053
cs.AI 2411.10063
cs.AI 2411.10084
cs.AI 2411.10109
cs.AI 2411.10115
cs.AI 2411.10156
cs.AI 2411.10168
cs.AI 2411.10173
cs.AI 2411.10176
cs.AI 2411.10184
cs.AI 2411.10197
cs.AI 2411.10255
cs.AI 2411.10272
cs.AI 2411.10323
cs.AI 2411.10364
cs.AI 2411.10431
cs.AI 2411.10448
cs.AI 2411.10449
cs.AI 2411.10450
cs.AI 2411.10453
cs.AI 2411.10454
cs.AI 2411.10461
cs.AI 2411.10463
cs.AI 2411.10464
cs.AI 2411.10473
cs.AI 2411.10475
cs.AI 2411.10478
cs.AI 2411.10480
cs.AI 2411.10486
cs.AI 2411.10488
cs.AI 2411.10489
cs.AI 2411.10490
cs.AI 2411.10496
cs.AI 2411.10500
cs.AI 2411.10504
cs.AI 2411.10534
cs.AI 2411.10555
cs.AI 2411.10561
cs.AI 2411.10564
cs.AI 2411.10581
cs.AI 2411.10588
cs.AI 2411.10596
cs.AI 2411.10599
cs.AI 2411.10606
cs.AI 2411.10617
cs.AI 2411.10624
cs.AI 2411.10627
cs.AI 2411.10629
cs.AI 2411.10636
cs.AI 2411.10639
cs.AI 2411.10651
cs.AI 2411.10666
cs.AI 2411.10676
cs.AI 2411.10692
cs.AI 2411.10696
cs.AI 2411.10741
cs.AI 2411.10744
cs.AI 2411.10746
cs.AI 2411.10753
cs.AI 2411.10754
cs.AI 2411.10772
cs.AI 2411.10830
cs.AI 2411.10841
cs.AI 2411.10842
cs.AI 2411.10843
cs.AI 2411.10861
cs.AI 2411.10867
cs.AI 2411.10877
cs.AI 2411.10878
cs.AI 2411.10879
cs.AI 2411.10886
cs.AI 2411.10888
cs.AI 2411.10895
cs.AI 2411.10918
cs.AI 2411.10919
cs.AI 2411.10924
cs.AI 2411.10928
cs.AI 2411.10957
cs.AI 2411.10958
cs.AI 2411.10979
cs.AI 2411.10991
cs.AI 2411.11002
cs.AI 2411.11006
cs.AI 2411.11016
cs.AI 2411.11027
cs.AI 2411.11029
cs.AI 2411.11046
cs.AI 2411.11053
cs.AI 2411.11099
cs.AI 2411.11101
cs.AI 2411.11105
cs.AI 2411.11144
cs.AI 2411.11148
cs.AI 2411.11161
cs.AI 2411.11162
cs.AI 2411.11171
cs.AI 2411.11179
cs.AI 2411.11182
cs.AI 2411.11196
cs.AI 2411.11206
cs.AI 2411.11213
cs.AI 2411.11217
cs.AI 2411.11235
cs.AI 2411.11247
cs.AI 2411.11249
cs.AI 2411.11262
cs.AI 2411.11282
cs.AI 2411.11283
cs.AI 2411.11285
cs.AI 2411.11289
cs.AI 2411.11295
cs.AI 2411.11302
cs.AI 2411.11303
cs.AI 2411.11305
cs.AI 2411.11312
cs.AI 2411.11344
cs.AI 2411.11354
cs.DM 2411.09806
cs.AI 2411.11364
cs.DM 2411.10093
cs.AI 2411.11391
cs.DM 2411.10207
cs.AI 2411.11409
cs.DM 2411.10393
cs.AI 2411.11436
cs.DM 2411.10182
cs.AI 2411.11448
cs.DM 2411.10453
cs.AI 2411.11458
cs.DM 2411.10860
cs.AI 2411.11510
cs.DM 2411.10904
cs.AI 2411.11511
cs.DM 2411.11136
cs.AI 2411.11531
cs.DM 2411.11627
cs.AI 2411.11543
cs.DM 2411.11298
cs.AI 2411.11548
cs.DM 2411.11338
cs.AI 2411.11560
cs.DM 2411.11873
cs.AI 2411.11576
cs.DM 2411.12512
cs.AI 2411.11616
cs.DM 2411.12606
cs.AI 2411.11620
cs.AI 2411.11635
cs.AI 2411.11636
cs.AI 2411.11641
cs.AI 2411.11647
cs.AI 2411.11667
cs.AI 2411.11683
cs.AI 2411.11688
cs.AI 2411.11694
cs.AI 2411.11706
cs.AI 2411.11707
cs.AI 2411.11714
cs.DM 2411.12863
cs.AI 2411.11731
cs.DM 2411.13141
cs.AI 2411.11738
cs.DM 2411.13206
cs.AI 2411.11739
cs.DM 2411.14057
cs.AI 2411.11758
cs.DM 2411.14238
cs.AI 2411.11768
cs.DM 2411.13888
cs.AI 2411.11770
cs.AI 2411.11774
cs.AI 2411.11795
cs.AI 2411.11798
cs.AI 2411.11799
cs.AI 2411.11808
cs.AI 2411.11826
cs.AI 2411.11843
cs.AI 2411.10613
cs.AI 2411.10654
cs.AI 2411.11057
cs.AI 2411.11318
cs.AI 2411.11451
cs.AI 2411.11494
cs.AI 2411.11504
cs.AI 2411.11520
cs.AI 2411.11672
cs.AI 2411.11681
cs.AI 2411.11730
cs.AI 2411.11852
cs.AI 2411.11853
cs.AI 2411.11856
cs.AI 2411.11862
cs.AI 2411.11869
cs.AI 2411.11875
cs.AI 2411.11879
cs.AI 2411.11892
cs.AI 2411.11908
cs.AI 2411.11910
cs.AI 2411.11911
cs.AI 2411.11912
cs.AI 2411.11930
cs.AI 2411.11932
cs.AI 2411.11933
cs.AI 2411.11937
cs.AI 2411.11938
cs.AI 2411.11942
cs.AI 2411.11943
cs.AI 2411.11984
cs.AI 2411.12000
cs.AI 2411.12038
cs.AI 2411.12042
cs.AI 2411.12045
cs.AI 2411.12056
cs.AI 2411.12072
cs.AI 2411.12073
cs.AI 2411.12115
cs.AI 2411.12136
cs.AI 2411.12142
cs.AI 2411.12150
cs.AI 2411.12155
cs.AI 2411.12156
cs.AI 2411.12164
cs.AI 2411.12173
cs.AI 2411.12181
cs.AI 2411.12182
cs.AI 2411.12184
cs.AI 2411.12196
cs.AI 2411.12198
cs.AI 2411.12220
cs.AI 2411.12222
cs.AI 2411.12240
cs.AI 2411.12255
cs.AI 2411.12275
cs.AI 2411.12276
cs.AI 2411.12290
cs.AI 2411.12307
cs.AI 2411.12319
cs.AI 2411.12350
cs.AI 2411.12357
cs.AI 2411.12395
cs.AI 2411.12405
cs.AI 2411.12460
cs.AI 2411.12469
cs.AI 2411.12476
cs.AI 2411.12483
cs.AI 2411.12498
cs.AI 2411.12502
cs.AI 2411.12517
cs.AI 2411.12525
cs.AI 2411.12539
cs.AI 2411.12558
cs.AI 2411.12560
cs.AI 2411.12571
cs.AI 2411.12584
cs.AI 2411.12587
cs.AI 2411.12589
cs.AI 2411.12591
cs.AI 2411.12593
cs.AI 2411.12600
cs.AI 2411.12603
cs.AI 2411.12629
cs.AI 2411.12633
cs.AI 2411.12643
cs.AI 2411.12644
cs.AI 2411.12650
cs.AI 2411.12663
cs.AI 2411.12678
cs.AI 2411.12681
cs.AI 2411.12685
cs.AI 2411.12697
cs.AI 2411.12701
cs.AI 2411.12712
cs.AI 2411.12713
cs.AI 2411.12724
cs.AI 2411.12732
cs.AI 2411.12736
cs.AI 2411.11891
cs.AI 2411.11894
cs.AI 2411.11913
cs.AI 2411.12019
cs.AI 2411.12064
cs.AI 2411.12128
cs.AI 2411.12246
cs.AI 2411.12256
cs.AI 2411.12308
cs.AI 2411.12433
cs.AI 2411.12671
cs.AI 2411.11934
cs.AI 2411.12746
cs.AI 2411.12747
cs.AI 2411.12756
cs.AI 2411.12758
cs.AI 2411.12759
cs.AI 2411.12761
cs.AI 2411.12762
cs.AI 2411.12763
cs.AI 2411.12764
cs.AI 2411.12767
cs.AI 2411.12768
cs.AI 2411.12775
cs.AI 2411.12778
cs.AI 2411.12787
cs.AI 2411.12790
cs.AI 2411.12828
cs.AI 2411.12833
cs.AI 2411.12843
cs.AI 2411.12847
cs.AI 2411.12872
cs.AI 2411.12876
cs.AI 2411.12877
cs.AI 2411.12880
cs.AI 2411.12913
cs.AI 2411.12919
cs.AI 2411.12921
cs.AI 2411.12924
cs.AI 2411.12925
cs.AI 2411.12943
cs.AI 2411.12967
cs.AI 2411.12980
cs.AI 2411.13006
cs.AI 2411.13008
cs.AI 2411.13022
cs.AI 2411.13032
cs.AI 2411.13036
cs.AI 2411.13045
cs.AI 2411.13053
cs.AI 2411.13057
cs.AI 2411.13072
cs.AI 2411.13079
cs.AI 2411.13093
cs.AI 2411.13100
cs.AI 2411.13116
cs.AI 2411.13144
cs.AI 2411.13147
cs.AI 2411.13149
cs.AI 2411.13152
cs.AI 2411.13154
cs.AI 2411.13157
cs.AI 2411.13173
cs.AI 2411.13181
cs.AI 2411.13187
cs.AI 2411.13207
cs.AI 2411.13209
cs.AI 2411.13215
cs.AI 2411.13223
cs.AI 2411.13225
cs.AI 2411.13239
cs.AI 2411.13243
cs.AI 2411.13251
cs.AI 2411.13262
cs.AI 2411.13269
cs.AI 2411.13280
cs.AI 2411.13281
cs.AI 2411.13284
cs.AI 2411.13311
cs.AI 2411.13322
cs.AI 2411.13323
cs.AI 2411.13326
cs.AI 2411.13332
cs.AI 2411.13343
cs.AI 2411.13409
cs.AI 2411.13420
cs.AI 2411.13428
cs.AI 2411.13438
cs.AI 2411.13453
cs.AI 2411.13459
cs.AI 2411.13477
cs.AI 2411.13485
cs.AI 2411.13518
cs.AI 2411.13528
cs.AI 2411.13536
cs.AI 2411.13537
cs.AI 2411.13547
cs.AI 2411.12808
cs.AI 2411.12820
cs.AI 2411.12859
cs.AI 2411.12950
cs.AI 2411.12964
cs.AI 2411.12977
cs.AI 2411.12990
cs.AI 2411.13365
cs.AI 2411.13451
cs.AI 2411.13543
cs.AI 2210.08868
cs.AI 2410.03182
cs.AI 2411.12174
cs.AI 2411.13559
cs.AI 2411.13562
cs.AI 2411.13578
cs.AI 2411.13583
cs.AI 2411.13584
cs.AI 2411.13585
cs.AI 2411.13586
cs.AI 2411.13587
cs.AI 2411.13588
cs.AI 2411.13590
cs.AI 2411.13591
cs.AI 2411.13592
cs.AI 2411.13597
cs.AI 2411.13599
cs.AI 2411.13602
cs.AI 2411.13603
cs.AI 2411.13608
cs.AI 2411.13611
cs.AI 2411.13613
cs.AI 2411.13614
cs.AI 2411.13619
cs.AI 2411.13627
cs.AI 2411.13674
cs.AI 2411.13676
cs.AI 2411.13677
cs.AI 2411.13715
cs.AI 2411.13724
cs.AI 2411.13740
cs.AI 2411.13757
cs.AI 2411.13766
cs.AI 2411.13768
cs.AI 2411.13773
cs.AI 2411.13775
cs.AI 2411.13778
cs.AI 2411.13779
cs.AI 2411.13814
cs.AI 2411.13821
cs.AI 2411.13846
cs.AI 2411.13865
cs.AI 2411.13874
cs.AI 2411.13883
cs.AI 2411.13902
cs.AI 2411.13903
cs.AI 2411.13907
cs.AI 2411.13934
cs.AI 2411.13941
cs.AI 2411.13949
cs.AI 2411.13951
cs.AI 2411.13979
cs.AI 2411.13981
cs.AI 2411.13982
cs.AI 2411.13997
cs.AI 2411.14034
cs.AI 2411.14039
cs.AI 2411.14042
cs.AI 2411.14054
cs.AI 2411.14062
cs.AI 2411.14064
cs.AI 2411.14092
cs.AI 2411.14117
cs.AI 2411.14133
cs.AI 2411.14141
cs.AI 2411.14157
cs.AI 2411.14164
cs.AI 2411.14193
cs.AI 2411.14199
cs.AI 2411.14205
cs.AI 2411.14207
cs.AI 2411.14215
cs.AI 2411.14219
cs.AI 2411.14243
cs.AI 2411.14251
cs.AI 2411.14252
cs.AI 2411.14254
cs.AI 2411.14257
cs.AI 2411.14258
cs.AI 2411.14263
cs.AI 2411.14277
cs.AI 2411.14303
cs.AI 2411.14343
cs.AI 2411.14354
cs.AI 2411.14367
cs.AI 2411.14371
cs.AI 2411.14374
cs.AI 2411.14403
cs.AI 2411.14425
cs.AI 2411.14429
cs.AI 2411.13560
cs.AI 2411.13566
cs.AI 2411.13653
cs.AI 2411.13749
cs.AI 2411.13867
cs.AI 2411.13932
cs.AI 2411.14012
cs.AI 2411.14033
cs.AI 2411.14214
cs.AI 2411.14368
cs.AI 2411.14404
cs.DC 2411.10385
cs.DC 2411.10399
cs.DC 2411.09809
cs.DC 2411.09957
cs.DC 2411.09981
cs.DC 2411.10003
cs.DC 2411.10026
cs.DC 2411.10143
cs.DC 2411.10249
cs.DC 2411.10289
cs.DC 2411.10290
cs.DC 2411.10340
cs.DC 2411.10560
cs.DC 2411.11039
cs.DC 2411.11277
cs.DC 2411.11713
cs.DC 2411.11781
cs.DC 2411.10532
cs.DC 2411.10815
cs.DC 2411.11217
cs.DC 2411.11468
cs.DC 2411.11493
cs.DC 2411.11540
cs.DC 2411.11547
cs.DC 2411.11560
cs.DC 2411.11665
cs.DC 2411.11718
cs.DC 2411.12038
cs.DC 2411.12162
cs.DC 2411.12244
cs.DC 2411.12650
cs.DC 2411.12161
cs.DC 2411.12303
cs.DC 2411.12456
cs.DC 2411.12559
cs.DC 2411.13055
cs.DC 2411.13039
cs.DC 2411.13121
cs.DC 2411.13239
cs.DC 2411.13334
cs.DC 2411.13377
cs.DC 2411.13441
cs.DC 2411.13532
cs.DC 2411.12694
cs.DC 2411.13583
cs.DC 2411.13740
cs.DC 2411.13820
cs.DC 2411.14006
cs.DC 2411.13809
cs.DC 2411.13861
cs.DC 2411.13979
cs.DC 2411.14070
cs.DC 2411.14420
cs.HC 2411.09706
cs.HC 2411.09707
cs.HC 2411.09789
cs.HC 2411.09955
cs.HC 2411.10109
cs.HC 2411.10176
cs.HC 2411.09751
cs.HC 2411.09788
cs.HC 2411.09873
cs.HC 2411.09875
cs.HC 2411.09879
cs.HC 2411.09951
cs.HC 2411.09969
cs.HC 2411.09997
cs.HC 2411.10091
cs.HC 2411.10192
cs.HC 2411.10230
cs.HC 2411.10234
cs.HC 2411.10246
cs.HC 2411.10280
cs.HC 2411.10362
cs.HC 2411.10408
cs.HC 2411.10450
cs.HC 2411.10863
cs.HC 2411.10869
cs.HC 2411.11182
cs.HC 2411.11227
cs.HC 2411.11761
cs.HC 2411.11845
cs.HC 2411.10448
cs.HC 2411.10449
cs.HC 2411.10452
cs.HC 2411.10454
cs.HC 2411.10461
cs.HC 2411.10462
cs.HC 2411.10463
cs.HC 2411.10464
cs.HC 2411.10465
cs.HC 2411.10467
cs.HC 2411.10469
cs.HC 2411.10472
cs.HC 2411.10473
cs.HC 2411.10474
cs.HC 2411.10475
cs.HC 2411.10482
cs.HC 2411.10484
cs.HC 2411.10485
cs.HC 2411.10488
cs.HC 2411.10490
cs.HC 2411.10534
cs.HC 2411.10655
cs.HC 2411.10687
cs.HC 2411.10940
cs.HC 2411.10964
cs.HC 2411.11102
cs.HC 2411.11137
cs.HC 2411.11145
cs.HC 2411.11302
cs.HC 2411.11382
cs.HC 2411.11449
cs.HC 2411.11658
cs.HC 2411.11752
cs.HC 2411.11768
cs.HC 2411.11774
cs.HC 2411.11835
cs.HC 2411.11872
cs.HC 2411.11874
cs.HC 2411.11879
cs.HC 2411.12089
cs.HC 2411.12142
cs.HC 2411.12271
cs.HC 2411.12293
cs.HC 2411.12405
cs.HC 2411.12517
cs.HC 2411.12612
cs.HC 2411.12083
cs.HC 2411.12194
cs.HC 2411.12214
cs.HC 2411.12225
cs.HC 2411.12227
cs.HC 2411.12288
cs.HC 2411.12289
cs.HC 2411.12299
cs.HC 2411.12483
cs.HC 2411.12514
cs.HC 2411.12527
cs.HC 2411.12542
cs.HC 2411.12619
cs.HC 2411.12674
cs.HC 2411.12808
cs.HC 2411.12846
cs.HC 2411.12901
cs.HC 2411.12924
cs.HC 2411.13189
cs.HC 2411.13209
cs.HC 2411.13249
cs.HC 2411.13262
cs.HC 2411.12760
cs.HC 2411.12761
cs.HC 2411.12763
cs.HC 2411.12765
cs.HC 2411.12766
cs.HC 2411.12770
cs.HC 2411.12771
cs.HC 2411.12777
cs.HC 2411.12778
cs.HC 2411.12829
cs.HC 2411.12844
cs.HC 2411.12877
cs.HC 2411.12993
cs.HC 2411.13032
cs.HC 2411.13065
cs.HC 2411.13118
cs.HC 2411.13224
cs.HC 2411.13327
cs.HC 2411.13422
cs.HC 2411.13693
cs.HC 2411.13699
cs.HC 2411.13760
cs.HC 2411.13851
cs.HC 2411.14009
cs.HC 2411.14368
cs.HC 2411.13616
cs.HC 2411.13694
cs.HC 2411.13846
cs.HC 2411.13946
cs.HC 2411.14131
cs.HC 2411.14233
cs.HC 2411.14298
cs.CV 2411.09749
cs.CV 2411.09751
cs.CV 2411.09767
cs.CV 2411.09821
cs.CV 2411.09838
cs.CV 2411.09914
cs.CV 2411.09998
cs.CV 2411.10004
cs.CV 2411.10061
cs.CV 2411.10063
cs.CV 2411.10175
cs.CV 2411.10323
cs.CV 2411.10403
cs.CV 2411.10436
cs.CV 2411.10442
cs.CV 2411.09723
cs.CV 2411.09758
cs.CV 2411.09766
cs.CV 2411.09798
cs.CV 2411.09822
cs.CV 2411.09823
cs.CV 2411.09850
cs.CV 2411.09858
cs.CV 2411.09863
cs.CV 2411.09871
cs.CV 2411.09893
cs.CV 2411.09894
cs.CV 2411.09911
cs.CV 2411.09921
cs.CV 2411.09924
cs.CV 2411.09933
cs.CV 2411.09952
cs.CV 2411.09955
cs.CV 2411.09968
cs.CV 2411.09971
cs.CV 2411.09986
cs.CV 2411.10013
cs.CV 2411.10015
cs.CV 2411.10019
cs.CV 2411.10028
cs.CV 2411.10029
cs.CV 2411.10032
cs.CV 2411.10033
cs.CV 2411.10036
cs.CV 2411.10068
cs.CV 2411.10070
cs.CV 2411.10071
cs.CV 2411.10072
cs.CV 2411.10074
cs.CV 2411.10077
cs.CV 2411.10081
cs.CV 2411.10086
cs.CV 2411.10100
cs.CV 2411.10130
cs.CV 2411.10133
cs.CV 2411.10136
cs.CV 2411.10141
cs.CV 2411.10150
cs.CV 2411.10161
cs.CV 2411.10180
cs.CV 2411.10183
cs.CV 2411.10185
cs.CV 2411.10187
cs.CV 2411.10189
cs.CV 2411.10193
cs.CV 2411.10198
cs.CV 2411.10200
cs.CV 2411.10203
cs.CV 2411.10224
cs.CV 2411.10231
cs.CV 2411.10232
cs.CV 2411.10237
cs.CV 2411.10251
cs.CL 2411.09763
cs.CL 2411.09933
cs.CV 2411.10252
cs.CL 2411.10055
cs.CV 2411.10257
cs.CL 2411.10060
cs.CL 2411.10115
cs.CV 2411.10261
cs.CL 2411.10129
cs.CV 2411.10273
cs.CL 2411.10168
cs.CV 2411.10275
cs.CV 2411.10281
cs.CL 2411.10246
cs.CV 2411.10293
cs.CL 2411.10272
cs.CV 2411.10308
cs.CL 2411.10323
cs.CV 2411.10309
cs.CL 2411.10329
cs.CV 2411.10316
cs.CL 2411.10397
cs.CV 2411.10321
cs.CL 2411.10414
cs.CV 2411.10322
cs.CL 2411.09826
cs.CV 2411.10330
cs.CL 2411.09834
cs.CV 2411.10332
cs.CL 2411.09853
cs.CV 2411.10334
cs.CL 2411.09884
cs.CV 2411.10345
cs.CL 2411.09937
cs.CL 2411.09944
cs.CL 2411.09947
cs.CL 2411.09972
cs.CL 2411.09978
cs.CL 2411.10006
cs.CV 2411.10346
cs.CL 2411.10018
cs.CV 2411.10357
cs.CL 2411.10020
cs.CV 2411.10368
cs.CL 2411.10069
cs.CV 2411.10369
cs.CL 2411.10080
cs.CV 2411.10377
cs.CL 2411.10083
cs.CL 2411.10137
cs.CV 2411.10389
cs.CL 2411.10145
cs.CV 2411.10411
cs.CL 2411.10163
cs.CL 2411.10172
cs.CV 2411.10414
cs.CL 2411.10227
cs.CL 2411.10242
cs.CL 2411.10298
cs.CL 2411.10328
cs.CL 2411.10371
cs.CL 2411.10416
cs.CL 2411.10436
cs.CL 2411.10442
cs.CV 2411.10433
cs.CL 2411.10473
cs.CV 2411.10440
cs.CV 2411.05673
cs.CL 2411.10480
cs.CV 2411.10476
cs.CL 2411.10503
cs.CV 2411.10489
cs.CL 2411.10543
cs.CV 2411.10500
cs.CL 2411.10545
cs.CV 2411.10507
cs.CV 2411.10535
cs.CL 2411.10573
cs.CV 2411.10570
cs.CV 2411.10595
cs.CL 2411.10639
cs.CV 2411.10596
cs.CL 2411.10640
cs.CV 2411.10651
cs.CL 2411.10713
cs.CV 2411.10661
cs.CL 2411.10753
cs.CV 2411.10684
cs.CL 2411.10828
cs.CV 2411.10739
cs.CL 2411.10857
cs.CV 2411.10752
cs.CL 2411.10937
cs.CV 2411.10755
cs.CL 2411.11203
cs.CV 2411.10772
cs.CL 2411.11362
cs.CV 2411.10773
cs.CL 2411.11437
cs.CL 2411.11465
cs.CL 2411.11504
cs.CV 2411.10775
cs.CL 2411.11758
cs.CV 2411.10818
cs.CL 2411.11767
cs.CV 2411.10831
cs.CL 2411.11829
cs.CV 2411.10843
cs.CL 2411.10477
cs.CV 2411.10896
cs.CL 2411.10533
cs.CV 2411.10919
cs.CL 2411.10541
cs.CV 2411.10921
cs.CL 2411.10557
cs.CV 2411.10932
cs.CL 2411.10581
cs.CV 2411.10940
cs.CL 2411.10588
cs.CV 2411.10948
cs.CL 2411.10629
cs.CV 2411.10958
cs.CL 2411.10636
cs.CV 2411.10988
cs.CL 2411.10666
cs.CV 2411.11082
cs.CL 2411.10670
cs.CV 2411.11110
cs.CL 2411.10681
cs.CV 2411.11116
cs.CL 2411.10724
cs.CV 2411.11162
cs.CL 2411.10730
cs.CV 2411.11189
cs.CL 2411.10761
cs.CV 2411.11190
cs.CL 2411.10813
cs.CV 2411.11252
cs.CL 2411.10869
cs.CV 2411.11282
cs.CL 2411.10878
cs.CV 2411.11376
cs.CL 2411.10879
cs.CV 2411.11458
cs.CL 2411.10912
cs.CV 2411.11667
cs.CL 2411.10914
cs.CV 2411.11727
cs.CL 2411.10915
cs.CV 2411.11740
cs.CL 2411.10927
cs.CV 2411.11795
cs.CL 2411.10928
cs.CV 2411.11799
cs.CV 2411.11819
cs.CL 2411.10934
cs.CV 2411.11839
cs.CL 2411.10950
cs.CV 2411.10480
cs.CL 2411.10954
cs.CV 2411.10492
cs.CL 2411.10955
cs.CV 2411.10495
cs.CL 2411.11027
cs.CV 2411.10497
cs.CL 2411.11053
cs.CV 2411.10498
cs.CL 2411.11055
cs.CV 2411.10499
cs.CL 2411.11061
cs.CV 2411.10501
cs.CL 2411.11072
cs.CV 2411.10503
cs.CL 2411.11081
cs.CV 2411.10504
cs.CL 2411.11171
cs.CV 2411.10508
cs.CL 2411.11206
cs.CV 2411.10509
cs.CL 2411.11235
cs.CV 2411.10513
cs.CL 2411.11247
cs.CV 2411.10546
cs.CL 2411.11260
cs.CV 2411.10564
cs.CL 2411.11266
cs.CV 2411.10582
cs.CL 2411.11289
cs.CV 2411.10591
cs.CL 2411.11295
cs.CV 2411.10616
cs.CL 2411.11344
cs.CV 2411.10627
cs.CL 2411.11371
cs.CV 2411.10639
cs.CL 2411.11424
cs.CV 2411.10640
cs.CL 2411.11479
cs.CV 2411.10649
cs.CL 2411.11496
cs.CV 2411.10668
cs.CL 2411.11531
cs.CV 2411.10669
cs.CL 2411.11581
cs.CV 2411.10679
cs.CL 2411.11623
cs.CV 2411.10682
cs.CL 2411.11635
cs.CV 2411.10685
cs.CL 2411.11694
cs.CV 2411.10686
cs.CL 2411.11707
cs.CV 2411.10693
cs.CL 2411.11731
cs.CV 2411.10701
cs.CL 2411.11736
cs.CV 2411.10705
cs.CL 2411.11770
cs.CV 2411.10708
cs.CL 2411.11843
cs.CV 2411.10709
cs.CL 2411.11853
cs.CV 2411.10715
cs.CL 2411.11875
cs.CV 2411.10742
cs.CL 2411.11895
cs.CL 2411.11910
cs.CV 2411.10745
cs.CL 2411.11932
cs.CV 2411.10746
cs.CL 2411.12174
cs.CV 2411.10781
cs.CL 2411.12235
cs.CV 2411.10788
cs.CL 2411.12275
cs.CV 2411.10789
cs.CV 2411.10794
cs.CV 2411.10800
cs.CV 2411.10803
cs.CV 2411.10814
cs.CV 2411.10825
cs.CV 2411.10836
cs.CV 2411.10845
cs.CV 2411.10848
cs.CV 2411.10857
cs.CV 2411.10863
cs.CV 2411.10867
cs.CV 2411.10881
cs.CV 2411.10886
cs.CV 2411.10888
cs.CV 2411.10891
cs.CL 2411.12357
cs.CV 2411.10894
cs.CV 2411.10902
cs.CV 2411.10913
cs.CV 2411.10922
cs.CV 2411.10924
cs.CV 2411.10936
cs.CV 2411.10937
cs.CV 2411.10945
cs.CV 2411.10947
cs.CV 2411.10951
cs.CL 2411.12483
cs.CV 2411.10961
cs.CL 2411.12484
cs.CV 2411.10962
cs.CL 2411.12537
cs.CV 2411.10979
cs.CL 2411.12539
cs.CV 2411.10983
cs.CL 2411.12571
cs.CV 2411.11002
cs.CL 2411.12619
cs.CV 2411.11003
cs.CL 2411.12643
cs.CV 2411.11004
cs.CL 2411.12650
cs.CV 2411.11011
cs.CL 2411.12671
cs.CV 2411.11016
cs.CL 2411.11984
cs.CV 2411.11024
cs.CL 2411.12000
cs.CV 2411.11029
cs.CL 2411.12056
cs.CL 2411.12074
cs.CV 2411.11045
cs.CL 2411.12103
cs.CV 2411.11066
cs.CL 2411.12142
cs.CV 2411.11069
cs.CL 2411.12147
cs.CV 2411.11079
cs.CL 2411.12156
cs.CV 2411.11087
cs.CL 2411.12157
cs.CV 2411.11098
cs.CL 2411.12240
cs.CV 2411.11105
cs.CL 2411.12254
cs.CV 2411.11135
cs.CL 2411.12262
cs.CV 2411.11150
cs.CL 2411.12287
cs.CV 2411.11151
cs.CL 2411.12307
cs.CV 2411.11179
cs.CL 2411.12372
cs.CV 2411.11196
cs.CL 2411.12395
cs.CV 2411.11199
cs.CL 2411.12405
cs.CV 2411.11214
cs.CL 2411.12449
cs.CV 2411.11219
cs.CL 2411.12458
cs.CV 2411.11222
cs.CL 2411.12460
cs.CV 2411.11223
cs.CL 2411.12473
cs.CV 2411.11231
cs.CL 2411.12493
cs.CV 2411.11233
cs.CV 2411.11254
cs.CV 2411.11262
cs.CV 2411.11278
cs.CV 2411.11285
cs.CV 2411.11287
cs.CV 2411.11288
cs.CV 2411.11291
cs.CV 2411.11305
cs.CV 2411.11329
cs.CV 2411.11335
cs.CV 2411.11343
cs.CV 2411.11351
cs.CV 2411.11354
cs.CV 2411.11356
cs.CV 2411.11357
cs.CV 2411.11360
cs.CV 2411.11361
cs.CV 2411.11362
cs.CV 2411.11363
cs.CV 2411.11370
cs.CV 2411.11374
cs.CV 2411.11396
cs.CV 2411.11409
cs.CV 2411.11421
cs.CV 2411.11435
cs.CV 2411.11454
cs.CV 2411.11455
cs.CV 2411.11466
cs.CV 2411.11471
cs.CV 2411.11475
cs.CV 2411.11477
cs.CV 2411.11481
cs.CV 2411.11487
cs.CV 2411.11505
cs.CV 2411.11507
cs.CV 2411.11514
cs.CL 2411.12580
cs.CV 2411.11515
cs.CV 2411.11525
cs.CV 2411.11543
cs.CV 2411.11548
cs.CV 2411.11562
cs.CV 2411.11613
cs.CV 2411.11619
cs.CV 2411.11636
cs.CV 2411.11691
cs.CV 2411.11693
cs.CV 2411.11706
cs.CV 2411.11717
cs.CV 2411.11738
cs.CV 2411.11758
cs.CV 2411.11826
cs.CV 2411.11844
cs.CV 2411.11845
cs.CV 2411.11911
cs.CV 2411.11924
cs.CV 2411.11976
cs.CV 2411.12146
cs.CV 2411.12174
cs.CV 2411.12175
cs.CV 2411.12181
cs.CV 2411.12273
cs.CV 2411.12276
cs.CV 2411.12278
cs.CV 2411.12286
cs.CV 2411.12313
cs.CV 2411.12338
cs.CV 2411.12361
cs.CV 2411.12383
cs.CV 2411.12514
cs.CV 2411.12516
cs.CV 2411.12520
cs.CV 2411.12523
cs.CV 2411.12547
cs.CV 2411.12575
cs.CV 2411.12633
cs.CV 2411.12667
cs.CV 2411.12681
cs.CV 2411.12707
cs.CV 2411.12724
cs.CV 2411.11903
cs.CV 2411.11904
cs.CV 2411.11906
cs.CV 2411.11909
cs.CV 2411.11912
cs.CV 2411.11917
cs.CV 2411.11919
cs.CV 2411.11921
cs.CV 2411.11922
cs.CV 2411.11925
cs.CV 2411.11926
cs.CV 2411.11927
cs.CV 2411.11930
cs.CV 2411.11934
cs.CV 2411.11935
cs.CL 2411.12587
cs.CV 2411.11939
cs.CL 2411.12685
cs.CV 2411.11941
cs.CV 2411.11943
cs.CV 2411.12002
cs.CV 2411.12028
cs.CV 2411.12044
cs.CV 2411.12070
cs.CV 2411.12072
cs.CV 2411.12073
cs.CV 2411.12089
cs.CV 2411.12115
cs.CV 2411.12151
cs.CV 2411.12168
cs.CV 2411.12177
cs.CV 2411.12188
cs.CV 2411.12195
cs.CV 2411.12197
cs.CV 2411.12198
cs.CV 2411.12199
cs.CV 2411.12201
cs.CV 2411.12248
cs.CV 2411.12250
cs.CV 2411.12259
cs.CV 2411.12270
cs.CV 2411.12279
cs.CV 2411.12290
cs.CV 2411.12293
cs.CV 2411.12301
cs.CL 2411.12703
cs.CV 2411.12306
cs.CL 2411.12712
cs.CV 2411.12309
cs.CL 2411.12719
cs.CV 2411.12319
cs.CL 2411.12720
cs.CV 2411.12321
cs.CL 2411.12728
cs.CV 2411.12331
cs.CL 2411.12736
cs.CV 2411.12350
cs.CL 2411.12752
cs.CV 2411.12355
cs.CL 2411.12775
cs.CV 2411.12415
cs.CL 2411.12829
cs.CV 2411.12426
cs.CL 2411.12843
cs.CV 2411.12431
cs.CL 2411.12844
cs.CV 2411.12440
cs.CL 2411.12882
cs.CV 2411.12448
cs.CL 2411.12892
cs.CV 2411.12450
cs.CL 2411.12925
cs.CV 2411.12452
cs.CL 2411.12977
cs.CV 2411.12471
cs.CL 2411.13009
cs.CV 2411.12510
cs.CV 2411.12525
cs.CL 2411.13017
cs.CV 2411.12530
cs.CL 2411.13045
cs.CV 2411.12558
cs.CL 2411.13281
cs.CV 2411.12560
cs.CL 2411.13400
cs.CL 2411.13424
cs.CL 2411.13425
cs.CL 2411.13451
cs.CL 2411.12758
cs.CL 2411.12759
cs.CL 2411.12762
cs.CL 2411.12764
cs.CL 2411.12767
cs.CL 2411.12768
cs.CL 2411.12828
cs.CL 2411.12865
cs.CL 2411.12901
cs.CL 2411.12946
cs.CL 2411.12986
cs.CL 2411.12992
cs.CL 2411.13082
cs.CL 2411.13100
cs.CL 2411.13157
cs.CL 2411.13159
cs.CL 2411.13226
cs.CL 2411.13237
cs.CL 2411.13244
cs.CL 2411.13282
cs.CL 2411.13343
cs.CL 2411.13405
cs.CL 2411.13407
cs.CL 2411.13409
cs.CL 2411.13453
cs.CL 2411.13476
cs.CL 2411.13477
cs.CL 2411.13485
cs.CL 2411.13504
cs.CL 2411.13518
cs.CL 2411.13534
cs.CL 2402.11842
cs.CL 2405.19581
cs.CL 2411.13577
cs.CL 2411.13591
cs.CL 2411.13604
cs.CL 2411.13691
cs.CL 2411.13699
cs.CL 2411.13760
cs.CL 2411.13865
cs.CL 2411.13868
cs.CL 2411.13958
cs.CL 2411.14012
cs.CL 2411.14062
cs.CL 2411.14100
cs.CL 2411.14137
cs.CL 2411.14251
cs.CL 2411.14279
cs.CL 2411.13584
cs.CL 2411.13676
cs.CL 2411.13687
cs.CL 2411.13738
cs.CL 2411.13775
cs.CL 2411.13779
cs.CV 2411.12584
cs.CL 2411.13800
cs.CL 2411.13802
cs.CV 2411.12586
cs.CL 2411.13820
cs.CV 2411.12589
cs.CL 2411.13826
cs.CV 2411.12590
cs.CL 2411.13902
cs.CV 2411.12591
cs.CL 2411.13904
cs.CV 2411.12592
cs.CL 2411.14042
cs.CV 2411.12593
cs.CL 2411.14054
cs.CV 2411.12602
cs.CL 2411.14055
cs.CV 2411.12603
cs.CL 2411.14072
cs.CV 2411.12604
cs.CL 2411.14073
cs.CV 2411.12615
cs.CL 2411.14103
cs.CV 2411.12620
cs.CL 2411.14121
cs.CV 2411.12635
cs.CL 2411.14198
cs.CL 2411.14199
cs.CL 2411.14215
cs.CL 2411.14252
cs.CL 2411.14257
cs.CL 2411.14258
cs.CL 2411.14272
cs.CL 2411.14318
cs.CL 2411.14343
cs.CL 2411.14393
cs.CV 2411.12663
cs.CL 2411.14398
cs.CV 2411.12676
cs.CV 2411.12678
cs.CL 2411.14405
cs.CV 2411.12713
cs.CV 2411.12755
cs.CV 2411.12756
cs.CV 2411.12833
cs.CV 2411.12846
cs.CV 2411.12874
cs.CV 2411.12897
cs.CV 2411.12901
cs.CV 2411.12919
cs.CV 2411.13006
cs.CV 2411.13022
cs.CV 2411.13033
cs.CV 2411.13047
cs.CV 2411.13073
cs.CV 2411.13108
cs.CV 2411.13144
cs.CV 2411.13179
cs.CV 2411.13198
cs.CV 2411.13205
cs.CV 2411.13276
cs.CV 2411.13362
cs.CV 2411.13383
cs.CV 2411.13409
cs.CV 2411.13490
cs.CV 2411.13535
cs.CV 2411.13553
cs.CV 2411.12773
cs.CV 2411.12780
cs.CV 2411.12781
cs.CV 2411.12783
cs.CV 2411.12785
cs.CV 2411.12787
cs.CV 2411.12788
cs.CV 2411.12789
cs.CV 2411.12790
cs.CV 2411.12791
cs.CV 2411.12792
cs.CV 2411.12811
cs.CV 2411.12814
cs.CV 2411.12817
cs.CV 2411.12831
cs.CV 2411.12832
cs.CV 2411.12841
cs.CV 2411.12872
cs.CV 2411.12915
cs.CV 2411.12943
cs.CV 2411.12951
cs.CV 2411.12980
cs.CV 2411.12981
cs.CV 2411.13001
cs.CV 2411.13005
cs.CV 2411.13019
cs.CV 2411.13021
cs.CV 2411.13024
cs.CV 2411.13025
cs.CV 2411.13026
cs.CV 2411.13036
cs.CV 2411.13040
cs.CV 2411.13042
cs.CV 2411.13053
cs.CV 2411.13056
cs.CV 2411.13059
cs.CV 2411.13069
cs.CV 2411.13076
cs.CV 2411.13081
cs.CV 2411.13089
cs.CV 2411.13093
cs.CV 2411.13105
cs.CV 2411.13112
cs.CV 2411.13120
cs.CV 2411.13127
cs.CV 2411.13136
cs.CV 2411.13145
cs.CV 2411.13147
cs.CV 2411.13149
cs.CV 2411.13150
cs.CV 2411.13152
cs.CV 2411.13181
cs.CV 2411.13183
cs.CV 2411.13186
cs.CV 2411.13211
cs.CV 2411.13243
cs.CV 2411.13251
cs.CV 2411.13260
cs.CV 2411.13281
cs.CV 2411.13284
cs.CV 2411.13287
cs.CV 2411.13291
cs.CV 2411.13302
cs.CV 2411.13311
cs.CV 2411.13317
cs.CV 2411.13340
cs.CV 2411.13350
cs.CV 2411.13378
cs.CV 2411.13503
cs.CV 2411.13525
cs.CV 2411.13528
cs.CV 2411.13536
cs.CV 2411.13544
cs.CV 2411.13545
cs.CV 2411.13548
cs.CV 2411.13549
cs.CV 2411.13550
cs.CV 2411.13552
cs.CV 2411.13602
cs.CV 2411.13615
cs.CV 2411.13677
cs.CV 2411.13754
cs.CV 2411.13855
cs.CV 2411.13862
cs.CV 2411.14006
cs.CV 2411.14017
cs.CV 2411.14049
cs.CV 2411.14078
cs.CV 2411.14092
cs.CV 2411.14133
cs.CV 2411.14141
cs.CV 2411.14163
cs.CV 2411.14184
cs.CV 2411.14202
cs.CV 2411.14243
cs.CV 2411.14250
cs.CV 2411.14269
cs.CV 2411.14322
cs.CV 2411.14345
cs.CV 2411.14353
cs.CV 2411.14354
cs.CV 2411.14358
cs.CV 2411.14374
cs.CV 2411.14385
cs.CV 2411.14412
cs.CV 2411.14418
cs.CV 2411.13572
cs.CV 2411.13578
cs.CV 2411.13582
cs.CV 2411.13588
cs.CV 2411.13590
cs.CV 2411.13591
cs.CV 2411.13595
cs.CV 2411.13597
cs.CV 2411.13604
cs.CV 2411.13607
cs.CV 2411.13609
cs.CV 2411.13610
cs.CV 2411.13619
cs.CV 2411.13620
cs.CV 2411.13623
cs.CV 2411.13626
cs.CV 2411.13628
cs.CV 2411.13631
cs.CV 2411.13632
cs.CV 2411.13674
cs.CV 2411.13683
cs.CV 2411.13697
cs.CV 2411.13716
cs.CV 2411.13731
cs.CV 2411.13753
cs.CV 2411.13774
cs.CV 2411.13787
cs.CV 2411.13794
cs.CV 2411.13797
cs.CV 2411.13807
cs.CV 2411.13836
cs.CV 2411.13840
cs.CV 2411.13842
cs.CV 2411.13847
cs.CV 2411.13852
cs.CV 2411.13860
cs.CV 2411.13873
cs.CV 2411.13886
cs.CV 2411.13901
cs.CV 2411.13909
cs.CV 2411.13918
cs.CV 2411.13927
cs.CV 2411.13929
cs.CV 2411.13949
cs.CV 2411.13961
cs.CV 2411.13975
cs.CV 2411.13981
cs.CV 2411.13982
cs.CV 2411.13997
cs.CV 2411.14001
cs.CV 2411.14002
cs.CV 2411.14039
cs.CV 2411.14053
cs.CV 2411.14062
cs.CV 2411.14064
cs.CV 2411.14095
cs.CV 2411.14119
cs.CV 2411.14120
cs.CV 2411.14125
cs.CV 2411.14137
cs.CV 2411.14158
cs.CV 2411.14164
cs.CV 2411.14169
cs.CV 2411.14179
cs.CV 2411.14193
cs.CV 2411.14201
cs.CV 2411.14205
cs.CV 2411.14208
cs.CV 2411.14213
cs.CV 2411.14219
cs.CV 2411.14228
cs.CV 2411.14279
cs.CV 2411.14280
cs.CV 2411.14295
cs.CV 2411.14347
cs.CV 2411.14384
cs.CV 2411.14401
cs.CV 2411.14402
cs.CV 2411.14423
cs.CV 2411.14429
cs.CV 2411.14430
cs.CV 2411.14432
cs.IR 2411.09973
cs.IR 2411.10227
cs.IR 2411.09705
cs.IR 2411.09852
cs.IR 2411.10055
cs.IR 2411.10057
cs.IR 2411.10513
cs.IR 2411.10878
cs.IR 2411.11677
cs.IR 2411.11692
cs.IR 2411.10676
cs.IR 2411.11090
cs.IR 2411.11225
cs.IR 2411.11240
cs.IR 2411.11502
cs.IR 2411.11508
cs.IR 2411.11739
cs.IR 2411.11767
cs.IR 2411.11891
cs.IR 2411.12056
cs.IR 2411.12064
cs.IR 2411.12092
cs.IR 2411.12227
cs.IR 2411.12229
cs.IR 2411.12307
cs.IR 2411.12449
cs.IR 2411.11871
cs.IR 2411.11875
cs.IR 2411.11895
cs.IR 2411.12121
cs.IR 2411.12179
cs.IR 2411.12205
cs.IR 2411.12235
cs.IR 2411.12295
cs.IR 2411.12354
cs.IR 2411.12441
cs.IR 2411.12649
cs.IR 2411.12756
cs.IR 2411.12764
cs.IR 2411.12949
cs.IR 2411.13477
cs.IR 2411.12880
cs.IR 2411.12921
cs.IR 2411.12989
cs.IR 2411.13045
cs.IR 2411.13052
cs.IR 2411.13057
cs.IR 2411.13154
cs.IR 2411.13173
cs.IR 2411.13212
cs.IR 2411.13322
cs.IR 2411.13415
cs.IR 2411.14100
cs.IR 2411.14199
cs.IR 2411.13700
cs.IR 2411.13789
cs.IR 2411.13865
cs.IR 2411.13892
cs.MA 2411.09837
cs.MA 2411.09856
cs.MA 2411.10148
cs.MA 2411.10173
cs.MA 2411.09954
cs.MA 2411.10422
cs.MA 2411.11192
cs.MA 2411.11616
cs.MA 2411.10459
cs.MA 2411.10558
cs.MA 2411.10943
cs.MA 2411.12357
cs.MA 2411.13239
cs.MA 2411.13934
cs.MA 2411.14009
cs.MA 2411.14369
cs.MA 2411.13983
cs.MA 2411.14168
cs.MA 2411.14371
cs.CC 2411.10093
cs.CC 2411.10107
cs.CC 2411.10653
cs.CC 2411.10719
cs.CC 2411.10860
cs.CC 2411.10949
cs.CC 2411.11627
cs.CC 2411.11722
cs.CC 2411.11805
cs.CC 2411.10453
cs.CC 2411.10870
cs.CC 2411.10996
cs.CC 2411.11611
cs.CC 2411.12131
cs.CC 2411.12730
cs.CC 2411.12512
cs.CC 2411.13015
cs.CC 2411.13141
cs.CC 2411.13348
cs.CC 2411.14416
cs.CC 2411.14267
cs.CC 2411.14268
cs.CC 2411.14276
cs.CC 2411.14314
cs.CC 2411.14361
cs.CC 2411.14431
cs.IT 2411.09720
cs.IT 2411.10067
cs.IT 2411.10179
cs.IT 2411.10228
cs.IT 2411.10385
cs.IT 2411.09803
cs.IT 2411.09866
cs.IT 2411.09868
cs.IT 2411.10082
cs.IT 2411.10429
cs.IT 2411.10633
cs.IT 2411.10935
cs.IT 2411.11162
cs.IT 2411.11611
cs.IT 2411.10524
cs.IT 2411.10702
cs.IT 2411.10925
cs.IT 2411.10960
cs.IT 2411.11070
cs.IT 2411.11385
cs.IT 2411.11453
cs.IT 2411.11539
cs.IT 2411.11698
cs.IT 2411.11726
cs.IT 2411.11798
cs.IT 2411.11857
cs.IT 2411.11882
cs.IT 2411.12030
cs.IT 2411.12127
cs.IT 2411.12312
cs.IT 2411.12700
cs.IT 2411.12728
cs.IT 2411.12669
cs.IT 2411.12670
cs.IT 2411.12672
cs.IT 2411.12907
cs.IT 2411.12911
cs.IT 2411.13015
cs.IT 2411.13097
cs.IT 2411.13475
cs.IT 2411.13509
cs.IT 2411.12888
cs.IT 2411.13000
cs.IT 2411.13201
cs.IT 2411.13360
cs.IT 2411.13375
cs.IT 2411.13493
cs.IT 2411.13765
cs.IT 2411.13922
cs.IT 2411.14276
cs.IT 2411.14292
cs.IT 2411.14424
cs.IT 2411.13785
cs.IT 2411.13876
cs.IT 2411.13878
cs.IT 2411.14030
cs.IT 2411.14087
cs.IT 2411.14088
cs.IT 2411.14123
cs.NI 2411.09849
cs.NI 2411.09913
cs.NI 2411.09996
cs.NI 2411.10258
cs.NI 2411.10385
cs.NI 2411.09812
cs.NI 2411.09959
cs.NI 2411.10138
cs.NI 2411.10228
cs.NI 2411.10650
cs.NI 2411.11031
cs.NI 2411.11194
cs.NI 2411.11426
cs.NI 2411.10560
cs.NI 2411.10926
cs.NI 2411.10952
cs.NI 2411.10997
cs.NI 2411.11034
cs.NI 2411.11185
cs.NI 2411.11342
cs.NI 2411.11378
cs.NI 2411.11857
cs.NI 2411.12162
cs.NI 2411.12469
cs.NI 2411.12077
cs.NI 2411.12265
cs.NI 2411.12284
cs.NI 2411.12442
cs.NI 2411.12621
cs.NI 2411.13104
cs.NI 2411.13345
cs.NI 2411.12851
cs.NI 2411.12879
cs.NI 2411.13227
cs.NI 2411.13400
cs.NI 2411.13440
cs.NI 2411.13470
cs.NI 2411.13583
cs.NI 2411.13693
cs.NI 2411.13694
cs.NI 2411.13740
cs.NI 2411.13668
cs.NI 2411.13773
cs.NI 2411.13799
cs.NI 2411.13989
cs.NI 2411.14000
cs.NI 2411.14222
cs.NI 2411.14264
cs.NI 2411.14281
cs.NI 2411.14283
cs.CR 2204.09344
cs.CR 2410.23477
cs.CR 2411.09749
cs.CR 2411.09863
cs.CR 2411.10399
cs.CR 2411.10429
cs.CR 2411.09770
cs.CR 2411.09772
cs.CR 2411.09776
cs.CR 2411.09813
cs.CR 2411.09895
cs.CR 2411.09906
cs.CR 2411.09914
cs.CR 2411.09945
cs.CR 2411.09995
cs.CR 2411.10034
cs.CR 2411.10059
cs.CR 2411.10132
cs.CR 2411.10174
cs.CR 2411.10188
cs.CR 2411.10258
cs.CR 2411.10279
cs.CR 2411.10287
cs.CR 2411.10329
cs.CR 2407.10445
cs.CR 2410.22678
cs.CR 2410.22725
cs.CR 2411.10469
cs.CR 2411.10512
cs.CR 2411.10595
cs.CR 2411.10673
cs.CR 2411.10730
cs.CR 2411.11144
cs.CR 2411.11169
cs.CR 2411.11197
cs.CR 2411.11202
cs.CR 2411.11203
cs.CR 2411.11532
cs.CR 2411.11603
cs.CR 2411.11647
cs.CR 2411.11677
cs.CR 2411.10489
cs.CR 2411.10500
cs.CR 2411.10612
cs.CR 2411.10614
cs.CR 2411.10665
cs.CR 2411.10680
cs.CR 2411.10683
cs.CR 2411.10770
cs.CR 2411.10855
cs.CR 2411.10883
cs.CR 2411.10887
cs.CR 2411.10898
cs.CR 2411.10918
cs.CR 2411.11006
cs.CR 2411.11017
cs.CR 2411.11044
cs.CR 2411.11060
cs.CR 2411.11114
cs.CR 2411.11194
cs.CR 2411.11195
cs.CR 2411.11200
cs.CR 2411.11317
cs.CR 2411.11389
cs.CR 2411.11423
cs.CR 2411.11434
cs.CR 2411.11478
cs.CR 2411.11521
cs.CR 2411.11551
cs.CR 2411.11567
cs.CR 2411.11624
cs.CR 2411.11646
cs.CR 2411.11688
cs.CR 2411.11702
cs.CR 2411.11796
cs.CR 2411.12512
cs.CR 2411.12697
cs.CR 2411.11929
cs.CR 2411.12045
cs.CR 2411.12162
cs.CR 2411.12223
cs.CR 2411.12328
cs.CR 2411.12360
cs.CR 2411.12389
cs.CR 2411.12435
cs.CR 2411.12454
cs.CR 2411.12508
cs.CR 2411.12632
cs.CR 2411.12701
cs.CR 2411.12721
cs.CR 2411.12858
cs.CR 2411.12914
cs.CR 2411.13004
cs.CR 2411.12882
cs.CR 2411.13023
cs.CR 2411.13047
cs.CR 2411.13138
cs.CR 2411.13144
cs.CR 2411.13207
cs.CR 2411.13249
cs.CR 2411.13425
cs.CR 2411.13447
cs.CR 2411.13459
cs.CR 2411.13553
cs.CR 2411.13567
cs.CR 2411.13682
cs.CR 2411.13694
cs.CR 2411.13778
cs.CR 2411.14133
cs.CR 2411.14174
cs.CR 2411.14412
cs.CR 2411.14424
cs.CR 2411.13580
cs.CR 2411.13581
cs.CR 2411.13583
cs.CR 2411.13585
cs.CR 2411.13598
cs.CR 2411.13612
cs.CR 2411.13627
cs.CR 2411.13693
cs.CR 2411.13699
cs.CR 2411.13757
cs.CR 2411.13784
cs.CR 2411.13819
cs.CR 2411.13827
cs.CR 2411.13874
cs.CR 2411.14025
cs.CR 2411.14029
cs.CR 2411.14110
cs.CR 2411.14243
cs.CR 2411.14245
cs.CR 2411.14278
cs.CR 2411.14394
cs.CE 2411.10303
cs.CE 2411.10307
cs.CE 2411.10716
cs.CE 2411.10729
cs.CE 2411.10768
cs.CE 2411.10822
cs.CE 2411.10848
cs.CE 2411.10869
cs.CE 2411.10956
cs.CE 2411.11592
cs.CE 2411.10618
cs.CE 2411.10998
cs.CE 2411.12207
cs.CE 2411.12650
cs.CE 2411.12043
cs.CE 2411.12346
cs.CE 2411.12347
cs.CE 2411.12571
cs.CE 2411.12690
cs.CE 2411.12747
cs.CE 2411.13389
cs.CE 2411.13571
cs.CE 2411.13573
cs.CE 2411.13951
cs.CE 2411.13958
cs.CE 2411.14242
cs.LO 2411.10393
cs.LO 2411.10037
cs.LO 2411.10229
cs.LO 2401.04606
cs.LO 2411.10601
cs.LO 2411.11549
cs.LO 2411.10624
cs.LO 2411.10826
cs.LO 2411.11113
cs.LO 2411.11428
cs.LO 2411.11662
cs.LO 2411.11766
cs.LO 2411.11809
cs.LO 2411.11885
cs.LO 2411.12498
cs.LO 2411.12271
cs.LO 2411.12840
cs.LO 2411.12857
cs.LO 2411.13318
cs.LO 2411.13412
cs.LO 2411.12923
cs.LO 2411.13125
cs.LO 2411.13215
cs.LO 2411.13500
cs.LO 2411.14267
cs.LO 2411.13672
cs.LO 2411.14067
cs.LO 2411.14163
cs.LO 2411.14374
cs.PF 2411.10069
cs.PF 2411.10958
cs.PF 2411.11244
cs.PF 2411.12583
cs.PF 2411.12692
cs.PF 2411.13490
cs.PF 2411.13668
cs.PF 2411.14006
cs.PF 2411.13854
cs.NA 2411.09704
cs.NA 2411.09728
cs.NA 2411.09734
cs.NA 2411.10363
cs.NA 2411.09769
cs.NA 2411.09828
cs.NA 2411.09898
cs.NA 2411.09922
cs.NA 2411.09964
cs.NA 2411.10151
cs.NA 2411.10283
cs.NA 2411.10617
cs.NA 2411.10999
cs.NA 2411.11270
cs.NA 2411.11441
cs.NA 2411.10675
cs.NA 2411.10732
cs.NA 2411.10758
cs.NA 2411.10833
cs.NA 2411.11012
cs.NA 2411.11041
cs.NA 2411.11115
cs.NA 2411.11129
cs.NA 2411.11167
cs.NA 2411.11172
cs.NA 2411.11204
cs.NA 2411.11229
cs.NA 2411.11241
cs.NA 2411.11321
cs.NA 2411.11403
cs.NA 2411.11538
cs.NA 2411.11583
cs.NA 2411.11858
cs.NA 2411.12043
cs.NA 2411.12108
cs.NA 2411.12627
cs.NA 2411.12654
cs.NA 2411.12033
cs.NA 2411.12051
cs.NA 2411.12090
cs.NA 2411.12153
cs.NA 2411.12305
cs.NA 2411.12430
cs.NA 2411.12443
cs.NA 2411.12457
cs.NA 2411.12467
cs.NA 2411.12601
cs.NA 2411.12634
cs.NA 2411.12679
cs.NA 2411.12687
cs.NA 2411.12726
cs.NA 2411.13094
cs.NA 2411.12884
cs.NA 2411.12974
cs.NA 2411.13067
cs.NA 2411.13175
cs.NA 2411.13240
cs.NA 2411.13277
cs.NA 2411.13315
cs.NA 2411.13338
cs.NA 2411.13341
cs.NA 2411.13443
cs.NA 2411.13487
cs.NA 2411.13524
cs.NA 2411.13531
cs.NA 2411.13567
cs.NA 2411.13848
cs.NA 2411.14031
cs.NA 2411.14093
cs.NA 2411.14143
cs.NA 2411.13561
cs.NA 2411.13569
cs.NA 2411.13571
cs.NA 2411.13573
cs.NA 2411.13617
cs.NA 2411.13772
cs.NA 2411.13906
cs.NA 2411.13913
cs.NA 2411.13957
cs.NA 2411.14084
cs.NA 2411.14141
cs.NA 2411.14151
cs.NA 2411.14226
cs.NA 2411.14262
cs.NA 2411.14315
cs.NA 2411.14332
cs.NA 2411.14333
cs.NA 2411.14399
cs.NA 2411.14409
cs.SE 2411.10340
cs.SE 2411.09718
cs.SE 2411.09846
cs.SE 2411.09916
cs.SE 2411.09974
cs.SE 2411.10129
cs.SE 2411.10169
cs.SE 2411.10213
cs.SE 2411.10344
cs.SE 2411.10351
cs.SE 2411.10384
cs.SE 2411.10455
cs.SE 2411.10861
cs.SE 2411.11017
cs.SE 2411.11324
cs.SE 2411.11646
cs.SE 2411.10487
cs.SE 2411.10565
cs.SE 2411.10583
cs.SE 2411.10599
cs.SE 2411.10637
cs.SE 2411.10656
cs.SE 2411.10714
cs.SE 2411.10753
cs.SE 2411.10837
cs.SE 2411.10842
cs.SE 2411.10873
cs.SE 2411.10877
cs.SE 2411.10890
cs.SE 2411.10895
cs.SE 2411.11033
cs.SE 2411.11202
cs.SE 2411.11380
cs.SE 2411.11401
cs.SE 2411.11410
cs.SE 2411.11532
cs.SE 2411.11582
cs.SE 2411.11659
cs.SE 2411.12032
cs.SE 2411.11892
cs.SE 2411.11908
cs.SE 2411.12137
cs.SE 2411.12357
cs.SE 2411.12380
cs.SE 2411.12386
cs.SE 2411.12644
cs.SE 2411.12650
cs.SE 2411.12740
cs.SE 2411.12758
cs.SE 2411.12882
cs.SE 2411.13125
cs.SE 2411.12749
cs.SE 2411.12924
cs.SE 2411.13017
cs.SE 2411.13200
cs.SE 2411.13269
cs.SE 2411.13323
cs.SE 2411.13346
cs.SE 2411.13547
cs.SE 2411.14368
cs.SE 2411.14369
cs.SE 2411.13611
cs.SE 2411.13614
cs.SE 2411.13722
cs.SE 2411.13768
cs.SE 2411.13777
cs.SE 2411.13941
cs.SE 2411.13950
cs.SE 2411.13990
cs.SE 2411.14174
cs.SE 2411.14303
cs.SE 2411.14367
cs.SE 2411.14372
cs.PL 2411.09999
cs.PL 2411.10393
cs.PL 2411.11662
cs.PL 2411.11809
cs.PL 2411.10559
cs.PL 2411.10659
cs.PL 2411.10835
cs.PL 2411.11036
cs.PL 2411.11469
cs.PL 2411.11617
cs.PL 2411.11856
cs.PL 2411.12822
cs.PL 2411.12857
cs.PL 2411.13220
cs.PL 2411.14072
cs.PL 2411.14174
cs.PL 2411.14330
cs.PL 2411.14365
cs.PL 2411.13732
cs.PL 2411.14284
cs.OS 2411.05309
cs.OS 2411.06980
cs.OS 2411.08300
cs.OS 2411.10612
cs.OS 2411.12893
cs.SD 2411.10027
cs.SD 2411.10034
cs.SD 2411.09943
cs.SD 2411.10879
cs.SD 2411.10927
cs.SD 2411.11222
cs.SD 2411.11353
cs.SD 2411.11358
cs.SD 2411.11123
cs.SD 2411.11232
cs.SD 2411.11258
cs.SD 2411.11312
cs.SD 2411.11541
cs.SD 2411.11692
cs.SD 2411.12254
cs.SD 2411.12719
cs.SD 2411.12008
cs.SD 2411.12058
cs.SD 2411.12209
cs.SD 2411.12363
cs.SD 2411.12641
cs.SD 2411.13089
cs.SD 2411.13159
cs.SD 2411.13217
cs.SD 2411.13224
cs.SD 2411.13179
cs.SD 2411.13209
cs.SD 2411.13314
cs.SD 2411.13424
cs.SD 2411.13577
cs.SD 2411.13674
cs.SD 2411.13592
cs.SD 2411.13766
cs.SD 2411.13811
cs.SD 2411.14207
stat.AP 2411.09234
stat.AP 2411.09730
stat.AP 2411.09771
stat.AP 2411.10377
stat.AP 2411.09726
stat.AP 2411.09800
stat.AP 2411.09878
stat.AP 2411.10400
stat.AP 2411.10482
stat.AP 2411.10628
stat.AP 2411.10647
stat.AP 2411.10651
stat.AP 2411.10959
stat.AP 2411.10971
stat.AP 2411.11014
stat.AP 2411.11343
stat.AP 2411.11437
stat.AP 2411.11032
stat.AP 2411.11073
stat.AP 2411.11112
stat.AP 2411.11126
stat.AP 2411.11390
stat.AP 2411.11461
stat.AP 2411.11630
stat.AP 2411.12086
stat.AP 2411.12159
stat.AP 2411.12367
stat.AP 2411.12477
stat.AP 2411.12543
stat.AP 2411.12585
stat.AP 2411.12016
stat.AP 2411.12193
stat.AP 2411.12258
stat.AP 2411.12277
stat.AP 2411.12845
stat.AP 2411.13361
stat.AP 2411.13479
stat.AP 2411.13203
stat.AP 2411.13356
stat.AP 2411.13370
stat.AP 2411.14196
stat.AP 2411.14351
stat.AP 2411.13568
stat.AP 2411.13608
stat.AP 2411.13663
stat.AP 2411.13696
stat.AP 2411.13995
cs.SC 2411.03070
cs.SC 2411.05820
cs.SC 2411.06833
cs.SC 2411.06873
cs.SC 2411.11889
cs.SC 2411.13300
cs.SC 2411.13218
cs.SC 2411.13627
cs.RO 2411.09891
cs.RO 2411.09971
cs.RO 2411.10176
cs.RO 2411.10203
cs.RO 2411.10316
cs.RO 2411.09810
cs.RO 2411.09870
cs.RO 2411.09887
cs.RO 2411.09892
cs.RO 2411.09904
cs.RO 2411.09929
cs.RO 2411.09935
cs.RO 2411.09942
cs.RO 2411.09953
cs.RO 2411.09975
cs.RO 2411.10016
cs.RO 2411.10038
cs.RO 2411.10049
cs.RO 2411.10148
cs.RO 2411.10164
cs.RO 2411.10170
cs.RO 2411.10171
cs.RO 2411.10195
cs.RO 2411.10291
cs.RO 2411.10336
cs.RO 2411.10446
cs.RO 2411.10475
cs.RO 2411.10546
cs.RO 2411.10760
cs.RO 2411.10886
cs.RO 2411.10941
cs.RO 2411.11004
cs.RO 2411.11142
cs.RO 2411.11151
cs.RO 2411.11196
cs.RO 2411.11406
cs.RO 2411.11409
cs.RO 2411.11481
cs.RO 2411.11497
cs.RO 2411.11637
cs.RO 2411.10535
cs.RO 2411.10585
cs.RO 2411.10603
cs.RO 2411.10699
cs.RO 2411.10722
cs.RO 2411.10899
cs.RO 2411.10935
cs.RO 2411.10966
cs.RO 2411.10974
cs.RO 2411.10991
cs.RO 2411.11182
cs.RO 2411.11192
cs.RO 2411.11211
cs.RO 2411.11216
cs.RO 2411.11218
cs.RO 2411.11252
cs.RO 2411.11306
cs.RO 2411.11323
cs.RO 2411.11394
cs.RO 2411.11405
cs.RO 2411.11483
cs.RO 2411.11510
cs.RO 2411.11607
cs.RO 2411.11609
cs.RO 2411.11616
cs.RO 2411.11683
cs.RO 2411.11714
cs.RO 2411.11733
cs.RO 2411.11734
cs.RO 2411.11762
cs.RO 2411.11777
cs.RO 2411.11788
cs.RO 2411.11812
cs.RO 2411.11833
cs.RO 2411.11839
cs.RO 2411.11911
cs.RO 2411.11913
cs.RO 2411.12042
cs.RO 2411.12155
cs.RO 2411.12250
cs.RO 2411.12308
cs.RO 2411.11982
cs.RO 2411.12014
cs.RO 2411.12047
cs.RO 2411.12150
cs.RO 2411.12175
cs.RO 2411.12185
cs.RO 2411.12206
cs.RO 2411.12255
cs.RO 2411.12286
cs.RO 2411.12310
cs.RO 2411.12338
cs.RO 2411.12359
cs.RO 2411.12361
cs.RO 2411.12425
cs.RO 2411.12478
cs.RO 2411.12503
cs.RO 2411.12520
cs.RO 2411.12535
cs.RO 2411.12549
cs.RO 2411.12573
cs.RO 2411.12633
cs.RO 2411.12658
cs.RO 2411.12664
cs.RO 2411.12711
cs.RO 2411.12734
cs.RO 2411.11844
cs.RO 2411.12765
cs.RO 2411.12829
cs.RO 2411.12844
cs.RO 2411.13215
cs.RO 2411.13251
cs.RO 2411.13310
cs.RO 2411.13365
cs.RO 2411.12837
cs.RO 2411.12960
cs.RO 2411.12962
cs.RO 2411.12967
cs.RO 2411.12968
cs.RO 2411.12970
cs.RO 2411.12982
cs.RO 2411.13020
cs.RO 2411.13072
cs.RO 2411.13079
cs.RO 2411.13109
cs.RO 2411.13148
cs.RO 2411.13156
cs.RO 2411.13164
cs.RO 2411.13205
cs.RO 2411.13262
cs.RO 2411.13289
cs.RO 2411.13306
cs.RO 2411.13335
cs.RO 2411.13369
cs.RO 2411.13438
cs.RO 2411.13449
cs.RO 2411.13506
cs.RO 2411.13507
cs.RO 2411.13834
cs.RO 2411.13862
cs.RO 2411.13983
cs.RO 2411.14367
cs.RO 2411.14371
cs.RO 2411.14404
cs.RO 2411.13587
cs.RO 2411.13613
cs.RO 2411.13677
cs.RO 2411.13755
cs.RO 2411.13770
cs.RO 2411.13851
cs.RO 2411.13856
cs.RO 2411.13859
cs.RO 2411.13885
cs.RO 2411.13908
cs.RO 2411.13916
cs.RO 2411.13942
cs.RO 2411.13945
cs.RO 2411.13952
cs.RO 2411.13962
cs.RO 2411.13978
cs.RO 2411.13988
cs.RO 2411.13994
cs.RO 2411.13996
cs.RO 2411.14008
cs.RO 2411.14009
cs.RO 2411.14086
cs.RO 2411.14092
cs.RO 2411.14155
cs.RO 2411.14162
cs.RO 2411.14165
cs.RO 2411.14246
cs.RO 2411.14249
cs.RO 2411.14256
cs.RO 2411.14290
cs.RO 2411.14321
cs.RO 2411.14322
cs.RO 2411.14356
cs.RO 2411.14358
cs.RO 2411.14369
cs.RO 2411.14373
cs.RO 2411.14381
cs.RO 2411.14386
cs.RO 2411.14400
cs.RO 2411.14403
cs.RO 2411.14427
cs.LG 2411.09355
cs.LG 2411.09705
cs.LG 2411.09707
cs.LG 2411.09709
cs.LG 2411.09714
cs.LG 2411.09718
cs.LG 2411.09726
cs.LG 2411.09758
cs.LG 2411.09772
cs.LG 2411.09776
cs.LG 2411.09784
cs.LG 2411.09789
cs.LG 2411.09798
cs.LG 2411.09812
cs.LG 2411.09813
cs.LG 2411.09849
cs.LG 2411.09850
cs.LG 2411.09851
cs.LG 2411.09852
cs.LG 2411.09853
cs.LG 2411.09892
cs.LG 2411.09896
cs.LG 2411.09904
cs.LG 2411.09943
cs.LG 2411.09945
cs.LG 2411.09955
cs.LG 2411.09961
cs.LG 2411.09979
cs.LG 2411.10013
cs.LG 2411.10015
cs.LG 2411.10019
cs.LG 2411.10053
cs.LG 2411.10057
cs.LG 2411.10058
cs.LG 2411.10063
cs.LG 2411.10064
cs.LG 2411.10071
cs.LG 2411.10096
cs.LG 2411.10101
cs.LG 2411.10109
cs.LG 2411.10125
cs.LG 2411.10128
cs.LG 2411.10129
cs.LG 2411.10144
cs.LG 2411.10153
cs.LG 2411.10154
cs.LG 2411.10180
cs.LG 2411.10204
cs.LG 2411.10231
cs.LG 2411.10240
cs.LG 2411.10242
cs.LG 2411.10257
cs.LG 2411.10258
cs.LG 2411.10272
cs.LG 2411.10281
cs.LG 2411.10290
cs.LG 2411.10293
cs.LG 2411.10345
cs.LG 2411.10389
cs.LG 2411.10429
cs.LG 2411.10435
cs.LG 2411.09720
cs.LG 2411.09722
cs.LG 2411.09728
cs.LG 2411.09730
cs.LG 2411.09731
cs.LG 2411.09734
cs.LG 2411.09749
cs.LG 2411.09802
cs.LG 2411.09804
cs.LG 2411.09807
cs.LG 2411.09816
cs.LG 2411.09820
cs.LG 2411.09821
cs.LG 2411.09827
cs.LG 2411.09837
cs.LG 2411.09842
cs.LG 2411.09844
cs.LG 2411.09847
cs.LG 2411.09854
cs.LG 2411.09856
cs.LG 2411.09891
cs.LG 2411.09900
cs.LG 2411.09915
cs.LG 2411.09928
cs.LG 2411.09973
cs.LG 2411.09998
cs.LG 2411.10000
cs.LG 2411.10010
cs.LG 2411.10023
cs.LG 2411.10048
cs.LG 2411.10050
cs.LG 2411.10087
cs.LG 2411.10152
cs.LG 2411.10175
cs.LG 2411.10191
cs.LG 2411.10212
cs.LG 2411.10254
cs.LG 2411.10268
cs.LG 2411.10325
cs.LG 2411.10337
cs.LG 2411.10356
cs.LG 2411.10367
cs.LG 2411.10383
cs.LG 2411.10385
cs.LG 2411.10397
cs.LG 2411.10418
cs.LG 2411.10423
cs.LG 2411.10438
cs.LG 2411.10450
cs.LG 2411.10458
cs.LG 2411.10469
cs.LG 2411.10476
cs.LG 2411.10480
cs.LG 2411.10501
cs.LG 2411.10503
cs.LG 2411.10509
cs.LG 2411.10541
cs.LG 2411.10570
cs.LG 2411.10591
cs.LG 2411.10601
cs.LG 2411.10613
cs.LG 2411.10614
cs.LG 2411.10636
cs.LG 2411.10639
cs.LG 2411.10650
cs.LG 2411.10654
cs.LG 2411.10676
cs.LG 2411.10684
cs.LG 2411.10686
cs.LG 2411.10695
cs.LG 2411.10701
cs.LG 2411.10702
cs.LG 2411.10755
cs.LG 2411.10768
cs.LG 2411.10772
cs.LG 2411.10781
cs.LG 2411.10794
cs.LG 2411.10828
cs.LG 2411.10843
cs.LG 2411.10879
cs.LG 2411.10898
cs.LG 2411.10911
cs.LG 2411.10913
cs.LG 2411.10915
cs.LG 2411.10959
cs.LG 2411.10997
cs.LG 2411.11044
cs.LG 2411.11074
cs.LG 2411.11088
cs.LG 2411.11132
cs.LG 2411.11171
cs.LG 2411.11180
cs.LG 2411.11182
cs.LG 2411.11185
cs.LG 2411.11191
cs.LG 2411.11196
cs.LG 2411.11200
cs.LG 2411.11203
cs.LG 2411.11206
cs.LG 2411.11221
cs.LG 2411.11233
cs.LG 2411.11268
cs.LG 2411.11276
cs.LG 2411.11300
cs.LG 2411.11348
cs.LG 2411.11371
cs.LG 2411.11405
cs.LG 2411.11409
cs.LG 2411.11464
cs.LG 2411.11494
cs.LG 2411.11513
cs.LG 2411.11515
cs.LG 2411.11520
cs.LG 2411.11521
cs.LG 2411.11536
cs.LG 2411.11548
cs.LG 2411.11556
cs.LG 2411.11567
cs.LG 2411.11576
cs.LG 2411.11590
cs.LG 2411.11614
cs.LG 2411.11616
cs.LG 2411.11619
cs.LG 2411.11672
cs.LG 2411.11678
cs.LG 2411.11681
cs.LG 2411.11682
cs.LG 2411.11730
cs.LG 2411.11748
cs.LG 2411.11767
cs.LG 2411.11786
cs.LG 2411.11801
cs.LG 2411.11808
cs.LG 2411.11838
cs.LG 2411.10471
cs.LG 2411.10478
cs.LG 2411.10479
cs.LG 2411.10481
cs.LG 2411.10483
cs.LG 2411.10486
cs.LG 2411.10496
cs.LG 2411.10507
cs.LG 2411.10510
cs.LG 2411.10512
cs.LG 2411.10543
cs.LG 2411.10544
cs.LG 2411.10545
cs.LG 2411.10548
cs.LG 2411.10555
cs.LG 2411.10573
cs.LG 2411.10595
cs.LG 2411.10606
cs.LG 2411.10617
cs.LG 2411.10619
cs.LG 2411.10622
cs.LG 2411.10634
cs.LG 2411.10645
cs.LG 2411.10651
cs.LG 2411.10661
cs.LG 2411.10673
cs.LG 2411.10692
cs.LG 2411.10696
cs.LG 2411.10703
cs.LG 2411.10713
cs.LG 2411.10716
cs.LG 2411.10720
cs.LG 2411.10729
cs.LG 2411.10741
cs.LG 2411.10754
cs.LG 2411.10764
cs.LG 2411.10765
cs.LG 2411.10784
cs.LG 2411.10809
cs.LG 2411.10817
cs.LG 2411.10819
cs.LG 2411.10821
cs.LG 2411.10822
cs.LG 2411.10830
cs.LG 2411.10841
cs.LG 2411.10861
cs.LG 2411.10889
cs.LG 2411.10896
cs.LG 2411.10906
cs.LG 2411.10919
cs.LG 2411.10921
cs.LG 2411.10932
cs.LG 2411.10948
cs.LG 2411.10957
cs.LG 2411.10958
cs.LG 2411.10982
cs.LG 2411.11020
cs.LG 2411.11038
cs.LG 2411.11039
cs.LG 2411.11046
cs.LG 2411.11048
cs.LG 2411.11099
cs.LG 2411.11101
cs.LG 2411.11144
cs.LG 2411.11148
cs.LG 2411.11149
cs.LG 2411.11159
cs.LG 2411.11161
cs.LG 2411.11162
cs.LG 2411.11174
cs.LG 2411.11176
cs.LG 2411.11188
cs.LG 2411.11197
cs.LG 2411.11213
cs.LG 2411.11224
cs.LG 2411.11238
cs.LG 2411.11242
cs.LG 2411.11249
cs.LG 2411.11256
cs.LG 2411.11259
cs.LG 2411.11265
cs.LG 2411.11275
cs.LG 2411.11283
cs.LG 2411.11284
cs.LG 2411.11293
cs.LG 2411.11296
cs.LG 2411.11303
cs.LG 2411.11304
cs.LG 2411.11315
cs.LG 2411.11324
cs.LG 2411.11327
cs.LG 2411.11340
cs.LG 2411.11350
cs.LG 2411.11364
cs.LG 2411.11375
cs.LG 2411.11391
cs.LG 2411.11406
cs.LG 2411.11407
cs.LG 2411.11414
cs.LG 2411.11436
cs.LG 2411.11448
cs.LG 2411.11457
cs.LG 2411.11465
cs.LG 2411.11467
cs.LG 2411.11474
cs.LG 2411.11497
cs.LG 2411.11511
cs.LG 2411.11516
cs.LG 2411.11530
cs.LG 2411.11592
cs.LG 2411.11603
cs.LG 2411.11620
cs.LG 2411.11641
cs.LG 2411.11647
cs.LG 2411.11667
cs.LG 2411.11668
cs.LG 2411.11677
cs.LG 2411.11697
cs.LG 2411.11713
cs.LG 2411.11727
cs.LG 2411.11740
cs.LG 2411.11745
cs.LG 2411.11761
cs.LG 2411.11764
cs.LG 2411.11779
cs.LG 2411.11793
cs.LG 2411.11794
cs.LG 2411.11829
cs.LG 2411.11217
cs.LG 2411.11848
cs.LG 2411.11852
cs.LG 2411.11862
cs.LG 2411.11863
cs.LG 2411.11869
cs.LG 2411.11871
cs.LG 2411.11879
cs.LG 2411.11886
cs.LG 2411.11896
cs.LG 2411.11912
cs.LG 2411.11915
cs.LG 2411.11935
cs.LG 2411.11984
cs.LG 2411.12008
cs.LG 2411.12010
cs.LG 2411.12011
cs.LG 2411.12013
cs.LG 2411.12019
cs.LG 2411.12029
cs.LG 2411.12036
cs.LG 2411.12056
cs.LG 2411.12068
cs.LG 2411.12070
cs.LG 2411.12072
cs.LG 2411.12073
cs.LG 2411.12074
cs.LG 2411.12103
cs.LG 2411.12115
cs.LG 2411.12135
cs.LG 2411.12142
cs.LG 2411.12146
cs.LG 2411.12150
cs.LG 2411.12154
cs.LG 2411.12159
cs.LG 2411.12183
cs.LG 2411.12184
cs.LG 2411.12188
cs.LG 2411.12193
cs.LG 2411.12254
cs.LG 2411.12255
cs.LG 2411.12256
cs.LG 2411.12265
cs.LG 2411.12304
cs.LG 2411.12308
cs.LG 2411.12352
cs.LG 2411.12372
cs.LG 2411.12435
cs.LG 2411.12438
cs.LG 2411.12469
cs.LG 2411.12516
cs.LG 2411.12547
cs.LG 2411.12563
cs.LG 2411.12570
cs.LG 2411.12580
cs.LG 2411.12589
cs.LG 2411.12590
cs.LG 2411.12597
cs.LG 2411.12601
cs.LG 2411.12603
cs.LG 2411.12612
cs.LG 2411.12615
cs.LG 2411.12633
cs.LG 2411.12640
cs.LG 2411.12663
cs.LG 2411.12676
cs.LG 2411.12719
cs.LG 2411.12726
cs.LG 2411.12730
cs.LG 2411.12736
cs.LG 2411.11907
cs.LG 2411.11910
cs.LG 2411.11911
cs.LG 2411.11918
cs.LG 2411.11924
cs.LG 2411.11932
cs.LG 2411.11933
cs.LG 2411.11937
cs.LG 2411.11940
cs.LG 2411.11976
cs.LG 2411.11980
cs.LG 2411.12030
cs.LG 2411.12032
cs.LG 2411.12038
cs.LG 2411.12042
cs.LG 2411.12052
cs.LG 2411.12060
cs.LG 2411.12071
cs.LG 2411.12078
cs.LG 2411.12098
cs.LG 2411.12102
cs.LG 2411.12118
cs.LG 2411.12126
cs.LG 2411.12127
cs.LG 2411.12136
cs.LG 2411.12155
cs.LG 2411.12164
cs.LG 2411.12173
cs.LG 2411.12174
cs.LG 2411.12182
cs.LG 2411.12220
cs.LG 2411.12222
cs.LG 2411.12244
cs.LG 2411.12274
cs.LG 2411.12276
cs.LG 2411.12313
cs.LG 2411.12329
cs.LG 2411.12330
cs.LG 2411.12334
cs.LG 2411.12364
cs.LG 2411.12377
cs.LG 2411.12451
cs.LG 2411.12476
cs.LG 2411.12484
cs.LG 2411.12498
cs.LG 2411.12502
cs.LG 2411.12523
cs.LG 2411.12537
cs.LG 2411.12539
cs.LG 2411.12556
cs.LG 2411.12600
cs.LG 2411.12626
cs.LG 2411.12636
cs.LG 2411.12643
cs.LG 2411.12665
cs.LG 2411.12667
cs.LG 2411.12689
cs.LG 2411.12697
cs.LG 2411.12700
cs.LG 2411.12724
cs.LG 2411.12732
cs.LG 2411.12746
cs.LG 2411.12747
cs.LG 2411.12748
cs.LG 2411.12753
cs.LG 2411.12756
cs.LG 2411.12760
cs.LG 2411.12768
cs.LG 2411.12771
cs.LG 2411.12786
cs.LG 2411.12841
cs.LG 2411.12854
cs.LG 2411.12872
cs.LG 2411.12874
cs.LG 2411.12878
cs.LG 2411.12886
cs.LG 2411.12898
cs.LG 2411.12901
cs.LG 2411.12919
cs.LG 2411.12924
cs.LG 2411.12935
cs.LG 2411.12940
cs.LG 2411.12943
cs.LG 2411.12946
cs.LG 2411.12965
cs.LG 2411.12986
cs.LG 2411.12990
cs.LG 2411.12995
cs.LG 2411.13000
cs.LG 2411.13022
cs.LG 2411.13052
cs.LG 2411.13053
cs.LG 2411.13120
cs.LG 2411.13157
cs.LG 2411.13207
cs.LG 2411.13211
cs.LG 2411.13223
cs.LG 2411.13248
cs.LG 2411.13251
cs.LG 2411.13284
cs.LG 2411.13322
cs.LG 2411.13323
cs.LG 2411.13365
cs.LG 2411.13405
cs.LG 2411.13420
cs.LG 2411.13425
cs.LG 2411.13451
cs.LG 2411.13459
cs.LG 2411.13462
cs.LG 2411.13479
cs.LG 2411.13485
cs.LG 2411.13513
cs.LG 2411.13520
cs.LG 2411.13536
cs.LG 2411.13548
cs.LG 2411.13553
cs.LG 2411.12824
cs.LG 2411.12843
cs.LG 2411.12847
cs.LG 2411.12853
cs.LG 2411.12858
cs.LG 2411.12873
cs.LG 2411.12876
cs.LG 2411.12892
cs.LG 2411.12897
cs.LG 2411.12913
cs.LG 2411.12914
cs.LG 2411.12925
cs.LG 2411.12930
cs.LG 2411.12948
cs.LG 2411.12972
cs.LG 2411.12973
cs.LG 2411.13004
cs.LG 2411.13008
cs.LG 2411.13009
cs.LG 2411.13010
cs.LG 2411.13014
cs.LG 2411.13028
cs.LG 2411.13029
cs.LG 2411.13055
cs.LG 2411.13073
cs.LG 2411.13083
cs.LG 2411.13097
cs.LG 2411.13104
cs.LG 2411.13116
cs.LG 2411.13117
cs.LG 2411.13137
cs.LG 2411.13153
cs.LG 2411.13163
cs.LG 2411.13169
cs.LG 2411.13187
cs.LG 2411.13264
cs.LG 2411.13332
cs.LG 2411.13358
cs.LG 2411.13366
cs.LG 2411.13376
cs.LG 2411.13410
cs.LG 2411.13428
cs.LG 2411.13496
cs.LG 2411.13537
cs.LG 2411.13546
cs.LG 2411.13512
cs.LG 2411.13559
cs.LG 2411.13564
cs.LG 2411.13577
cs.LG 2411.13578
cs.LG 2411.13581
cs.LG 2411.13590
cs.LG 2411.13594
cs.LG 2411.13595
cs.LG 2411.13598
cs.LG 2411.13604
cs.LG 2411.13612
cs.LG 2411.13615
cs.LG 2411.13619
cs.LG 2411.13670
cs.LG 2411.13674
cs.LG 2411.13676
cs.LG 2411.13677
cs.LG 2411.13700
cs.LG 2411.13715
cs.LG 2411.13731
cs.LG 2411.13738
cs.LG 2411.13742
cs.LG 2411.13757
cs.LG 2411.13779
cs.LG 2411.13787
cs.LG 2411.13815
cs.LG 2411.13826
cs.LG 2411.13852
cs.LG 2411.13855
cs.LG 2411.13865
cs.LG 2411.13869
cs.LG 2411.13903
cs.LG 2411.13922
cs.LG 2411.13945
cs.LG 2411.13970
cs.LG 2411.13993
cs.LG 2411.13999
cs.LG 2411.14013
cs.LG 2411.14017
cs.LG 2411.14062
cs.LG 2411.14092
cs.LG 2411.14106
cs.LG 2411.14163
cs.LG 2411.14166
cs.LG 2411.14192
cs.LG 2411.14193
cs.LG 2411.14199
cs.LG 2411.14215
cs.LG 2411.14246
cs.LG 2411.14257
cs.LG 2411.14305
cs.LG 2411.14317
cs.LG 2411.14341
cs.LG 2411.14344
cs.LG 2411.14351
cs.LG 2411.14353
cs.LG 2411.14378
cs.LG 2411.14390
cs.LG 2411.14401
cs.LG 2411.14402
cs.LG 2411.14430
cs.LG 2411.13682
cs.LG 2411.13688
cs.LG 2411.13690
cs.LG 2411.13691
cs.LG 2411.13711
cs.LG 2411.13724
cs.LG 2411.13730
cs.LG 2411.13733
cs.LG 2411.13740
cs.LG 2411.13754
cs.LG 2411.13760
cs.LG 2411.13778
cs.LG 2411.13786
cs.LG 2411.13814
cs.LG 2411.13821
cs.LG 2411.13848
cs.LG 2411.13868
cs.LG 2411.13881
cs.LG 2411.13883
cs.LG 2411.13890
cs.LG 2411.13899
cs.LG 2411.13907
cs.LG 2411.13914
cs.LG 2411.13919
cs.LG 2411.13921
cs.LG 2411.13934
cs.LG 2411.13951
cs.LG 2411.13953
cs.LG 2411.14003
cs.LG 2411.14014
cs.LG 2411.14019
cs.LG 2411.14035
cs.LG 2411.14046
cs.LG 2411.14049
cs.LG 2411.14085
cs.LG 2411.14094
cs.LG 2411.14117
cs.LG 2411.14133
cs.LG 2411.14202
cs.LG 2411.14251
cs.LG 2411.14254
cs.LG 2411.14263
cs.LG 2411.14288
cs.LG 2411.14296
cs.LG 2411.14345
cs.LG 2411.14349
cs.LG 2411.14354
cs.LG 2411.14375
cs.LG 2411.14411
cs.LG 2411.14421
cs.LG 2411.14424
stat.CO 2411.09728
stat.CO 2411.10651
stat.CO 2411.10754
stat.CO 2411.10785
stat.CO 2411.10971
stat.CO 2411.11032
stat.CO 2411.11270
stat.CO 2411.11498
stat.CO 2411.11580
stat.CO 2411.11165
stat.CO 2411.11918
stat.CO 2411.12068
stat.CO 2411.12407
stat.CO 2411.12479
stat.CO 2411.12726
stat.CO 2411.11983
stat.CO 2411.12753
stat.CO 2411.13396
stat.CO 2411.12938
stat.CO 2411.13601
stat.CO 2411.14005
cs.SI 2411.10249
cs.SI 2411.10290
cs.SI 2411.09946
cs.SI 2411.10294
cs.SI 2411.10575
cs.SI 2411.10609
cs.SI 2411.10743
cs.SI 2411.11020
cs.SI 2411.11149
cs.SI 2411.11468
cs.SI 2411.10632
cs.SI 2411.10868
cs.SI 2411.11074
cs.SI 2411.11205
cs.SI 2411.11500
cs.SI 2411.11536
cs.SI 2411.11900
cs.SI 2411.12055
cs.SI 2411.12179
cs.SI 2411.12180
cs.SI 2411.12335
cs.SI 2411.12067
cs.SI 2411.12436
cs.SI 2411.12588
cs.SI 2411.12767
cs.SI 2411.13364
cs.SI 2411.12775
cs.SI 2411.12949
cs.SI 2411.13134
cs.SI 2411.13517
cs.SI 2411.13771
cs.SI 2411.13888
cs.SI 2411.14230
cs.SI 2411.14336
cs.SI 2411.13681
cs.SY 2411.09787
cs.SY 2411.09812
cs.SY 2411.09906
cs.SY 2411.09954
cs.SY 2411.10431
cs.SY 2411.09712
cs.SY 2411.09717
cs.SY 2411.09764
cs.SY 2411.09783
cs.SY 2411.09881
cs.SY 2411.09913
cs.SY 2411.09956
cs.SY 2411.09990
cs.SY 2411.10031
cs.SY 2411.10058
cs.SY 2411.10096
cs.SY 2411.10166
cs.SY 2411.10240
cs.SY 2411.10243
cs.SY 2411.10262
cs.SY 2411.10359
cs.SY 2411.10444
cs.SY 2411.10580
cs.SY 2411.10592
cs.SY 2411.10603
cs.SY 2411.10702
cs.SY 2411.10820
cs.SY 2411.10882
cs.SY 2411.10941
cs.SY 2411.11192
cs.SY 2411.11216
cs.SY 2411.11218
cs.SY 2411.11510
cs.SY 2411.11542
cs.SY 2411.11549
cs.SY 2411.11582
cs.SY 2411.11598
cs.SY 2411.11698
cs.SY 2411.11762
cs.SY 2411.11788
cs.SY 2411.10528
cs.SY 2411.10727
cs.SY 2411.10739
cs.SY 2411.10769
cs.SY 2411.10805
cs.SY 2411.10929
cs.SY 2411.10965
cs.SY 2411.11093
cs.SY 2411.11108
cs.SY 2411.11119
cs.SY 2411.11142
cs.SY 2411.11180
cs.SY 2411.11221
cs.SY 2411.11230
cs.SY 2411.11310
cs.SY 2411.11411
cs.SY 2411.11574
cs.SY 2411.11587
cs.SY 2411.11596
cs.SY 2411.11610
cs.SY 2411.11652
cs.SY 2411.11687
cs.SY 2411.11778
cs.SY 2411.11791
cs.SY 2411.11803
cs.SY 2411.11980
cs.SY 2411.12014
cs.SY 2411.12100
cs.SY 2411.12154
cs.SY 2411.12159
cs.SY 2411.12162
cs.SY 2411.12239
cs.SY 2411.12478
cs.SY 2411.12480
cs.SY 2411.12736
cs.SY 2411.11868
cs.SY 2411.11893
cs.SY 2411.11998
cs.SY 2411.12006
cs.SY 2411.12104
cs.SY 2411.12130
cs.SY 2411.12152
cs.SY 2411.12183
cs.SY 2411.12292
cs.SY 2411.12312
cs.SY 2411.12353
cs.SY 2411.12653
cs.SY 2411.12666
cs.SY 2411.12682
cs.SY 2411.12930
cs.SY 2411.12962
cs.SY 2411.12970
cs.SY 2411.13234
cs.SY 2411.13365
cs.SY 2411.13369
cs.SY 2411.13441
cs.SY 2411.13506
cs.SY 2411.13507
cs.SY 2411.12812
cs.SY 2411.12869
cs.SY 2411.12899
cs.SY 2411.12906
cs.SY 2411.12935
cs.SY 2411.12939
cs.SY 2411.12955
cs.SY 2411.12963
cs.SY 2411.12999
cs.SY 2411.13140
cs.SY 2411.13184
cs.SY 2411.13213
cs.SY 2411.13252
cs.SY 2411.13307
cs.SY 2411.13310
cs.SY 2411.13344
cs.SY 2411.13345
cs.SY 2411.13404
cs.SY 2411.13456
cs.SY 2411.13916
cs.SY 2411.13951
cs.SY 2411.13983
cs.SY 2411.14246
cs.SY 2411.13710
cs.SY 2411.13751
cs.SY 2411.13806
cs.SY 2411.13834
cs.SY 2411.13924
cs.SY 2411.13935
cs.SY 2411.14052
cs.SY 2411.14077
cs.SY 2411.14319
cs.SY 2411.14346
cs.SY 2411.14365
eess.AS 2411.09943
eess.AS 2411.10034
eess.AS 2411.10027
eess.AS 2411.10375
eess.AS 2411.10879
eess.AS 2411.10927
eess.AS 2411.11123
eess.AS 2411.11222
eess.AS 2411.11232
eess.AS 2411.11258
eess.AS 2411.11312
eess.AS 2411.11541
eess.AS 2411.11692
eess.AS 2411.10828
eess.AS 2411.10854
eess.AS 2411.11308
eess.AS 2411.11353
eess.AS 2411.11358
eess.AS 2411.12008
eess.AS 2411.12058
eess.AS 2411.12209
eess.AS 2411.12254
eess.AS 2411.12363
eess.AS 2411.12641
eess.AS 2411.12719
eess.AS 2411.12268
eess.AS 2411.13089
eess.AS 2411.13159
eess.AS 2411.13179
eess.AS 2411.13209
eess.AS 2411.13217
eess.AS 2411.13224
eess.AS 2411.13314
eess.AS 2411.13424
eess.AS 2411.12830
eess.AS 2411.13766
eess.AS 2411.13811
eess.AS 2411.14207
eess.AS 2411.13577
eess.AS 2411.13849
eess.AS 2411.14013
eess.AS 2411.14100
eess.AS 2411.14153
stat.ML 2411.09722
stat.ML 2411.09730
stat.ML 2411.09731
stat.ML 2411.09847
stat.ML 2411.09900
stat.ML 2411.10009
stat.ML 2411.10089
stat.ML 2411.10438
stat.ML 2411.09961
stat.ML 2411.10128
stat.ML 2411.10153
stat.ML 2411.10154
stat.ML 2411.10555
stat.ML 2411.10596
stat.ML 2411.10617
stat.ML 2411.10622
stat.ML 2411.10634
stat.ML 2411.10645
stat.ML 2411.10651
stat.ML 2411.10754
stat.ML 2411.10772
stat.ML 2411.10784
stat.ML 2411.10817
stat.ML 2411.10889
stat.ML 2411.10957
stat.ML 2411.10959
stat.ML 2411.10982
stat.ML 2411.10997
stat.ML 2411.11073
stat.ML 2411.11099
stat.ML 2411.11162
stat.ML 2411.11174
stat.ML 2411.11213
stat.ML 2411.11224
stat.ML 2411.11238
stat.ML 2411.11242
stat.ML 2411.11256
stat.ML 2411.11340
stat.ML 2411.11464
stat.ML 2411.11504
stat.ML 2411.11511
stat.ML 2411.11516
stat.ML 2411.11697
stat.ML 2411.11794
stat.ML 2411.11824
stat.ML 2411.10695
stat.ML 2411.11088
stat.ML 2411.11132
stat.ML 2411.11203
stat.ML 2411.11300
stat.ML 2411.11590
stat.ML 2411.11682
stat.ML 2411.11748
stat.ML 2411.11786
stat.ML 2411.11838
stat.ML 2411.12013
stat.ML 2411.12060
stat.ML 2411.12102
stat.ML 2411.12127
stat.ML 2411.12193
stat.ML 2411.12438
stat.ML 2411.12502
stat.ML 2411.12555
stat.ML 2411.12653
stat.ML 2411.12665
stat.ML 2411.12700
stat.ML 2411.12725
stat.ML 2411.12726
stat.ML 2411.12029
stat.ML 2411.12036
stat.ML 2411.12068
stat.ML 2411.12135
stat.ML 2411.12154
stat.ML 2411.12159
stat.ML 2411.12563
stat.ML 2411.12753
stat.ML 2411.12843
stat.ML 2411.12886
stat.ML 2411.12925
stat.ML 2411.13028
stat.ML 2411.13029
stat.ML 2411.13083
stat.ML 2411.13169
stat.ML 2411.13361
stat.ML 2411.13443
stat.ML 2411.13462
stat.ML 2411.12786
stat.ML 2411.12854
stat.ML 2411.12878
stat.ML 2411.12965
stat.ML 2411.12995
stat.ML 2411.13396
stat.ML 2411.13479
stat.ML 2411.13653
stat.ML 2411.13688
stat.ML 2411.13711
stat.ML 2411.13733
stat.ML 2411.13763
stat.ML 2411.13821
stat.ML 2411.13868
stat.ML 2411.13887
stat.ML 2411.14003
stat.ML 2411.14166
stat.ML 2411.14288
stat.ML 2411.14305
stat.ML 2411.13922
stat.ML 2411.14341
stat.ML 2411.14351
nlin.AO 2411.07323
nlin.AO 2411.09004
nlin.AO 2411.09098
nlin.AO 2411.09168
nlin.AO 2411.09169
nlin.AO 2411.09840
nlin.AO 2411.10387
nlin.AO 2411.11402
nlin.AO 2411.12094
nlin.AO 2411.13606
math.OC 2411.09734
math.OC 2411.09828
math.OC 2411.10359
math.OC 2411.10438
math.OC 2411.09719
math.OC 2411.09830
math.OC 2411.10062
math.OC 2411.10158
math.OC 2411.10295
math.OC 2411.10297
math.OC 2411.10301
math.OC 2411.10310
math.OC 2411.10378
math.OC 2411.10593
math.OC 2411.10695
math.OC 2411.10707
math.OC 2411.10737
math.OC 2411.10830
math.OC 2411.10868
math.OC 2411.11012
math.OC 2411.11211
math.OC 2411.11224
math.OC 2411.11242
math.OC 2411.11415
math.OC 2411.11451
math.OC 2411.11550
math.OC 2411.11587
math.OC 2411.11610
math.OC 2411.10580
math.OC 2411.10592
math.OC 2411.10658
math.OC 2411.10766
math.OC 2411.10795
math.OC 2411.10808
math.OC 2411.10832
math.OC 2411.10900
math.OC 2411.10938
math.OC 2411.10941
math.OC 2411.11019
math.OC 2411.11062
math.OC 2411.11239
math.OC 2411.11286
math.OC 2411.11486
math.OC 2411.11528
math.OC 2411.11542
math.OC 2411.11628
math.OC 2411.11639
math.OC 2411.11664
math.OC 2411.11722
math.OC 2411.11732
math.OC 2411.11747
math.OC 2411.11864
math.OC 2411.11871
math.OC 2411.12051
math.OC 2411.12153
math.OC 2411.12206
math.OC 2411.12419
math.OC 2411.12430
math.OC 2411.12682
math.OC 2411.12718
math.OC 2411.12736
math.OC 2411.12080
math.OC 2411.12085
math.OC 2411.12100
math.OC 2411.12234
math.OC 2411.12239
math.OC 2411.12300
math.OC 2411.12314
math.OC 2411.12317
math.OC 2411.12376
math.OC 2411.12406
math.OC 2411.12416
math.OC 2411.12437
math.OC 2411.12480
math.OC 2411.04293
math.OC 2411.12786
math.OC 2411.12995
math.OC 2411.13083
math.OC 2411.13169
math.OC 2411.13293
math.OC 2411.13404
math.OC 2411.13443
math.OC 2411.12898
math.OC 2411.13111
math.OC 2411.13151
math.OC 2411.13219
math.OC 2411.13234
math.OC 2411.13267
math.OC 2411.13276
math.OC 2411.13394
math.OC 2411.13579
math.OC 2411.13711
math.OC 2411.13765
math.OC 2411.13783
math.OC 2411.14224
math.OC 2411.14239
math.OC 2411.13758
math.OC 2411.13805
math.OC 2411.13843
math.OC 2411.13869
math.OC 2411.13884
math.OC 2411.13999
math.OC 2411.14021
math.OC 2411.14031
math.OC 2411.14093
math.OC 2411.14166
math.OC 2411.14320
math.OC 2411.14339
math.OC 2411.14342
math.OC 2411.14370
math.OC 2411.14382
eess.IV 2411.09798
eess.IV 2411.09924
eess.IV 2411.10116
eess.IV 2411.10368
eess.IV 2411.10405
eess.IV 2411.09767
eess.IV 2411.09838
eess.IV 2411.09936
eess.IV 2411.10004
eess.IV 2411.10178
eess.IV 2411.10403
eess.IV 2411.10492
eess.IV 2411.10701
eess.IV 2411.10788
eess.IV 2411.10808
eess.IV 2411.10863
eess.IV 2411.11029
eess.IV 2411.11199
eess.IV 2411.11562
eess.IV 2411.11693
eess.IV 2411.10476
eess.IV 2411.10570
eess.IV 2411.10684
eess.IV 2411.10752
eess.IV 2411.10755
eess.IV 2411.10772
eess.IV 2411.10773
eess.IV 2411.10775
eess.IV 2411.10787
eess.IV 2411.10831
eess.IV 2411.10843
eess.IV 2411.11110
eess.IV 2411.11116
eess.IV 2411.11175
eess.IV 2411.11189
eess.IV 2411.11190
eess.IV 2411.11282
eess.IV 2411.11376
eess.IV 2411.11458
eess.IV 2411.11755
eess.IV 2411.11795
eess.IV 2411.11799
eess.IV 2411.11819
eess.IV 2411.12448
eess.IV 2411.12450
eess.IV 2411.12061
eess.IV 2411.12146
eess.IV 2411.12181
eess.IV 2411.12273
eess.IV 2411.12278
eess.IV 2411.12383
eess.IV 2411.12547
eess.IV 2411.12575
eess.IV 2411.12681
eess.IV 2411.12791
eess.IV 2411.12846
eess.IV 2411.13042
eess.IV 2411.13081
eess.IV 2411.13276
eess.IV 2411.12755
eess.IV 2411.12756
eess.IV 2411.12776
eess.IV 2411.12833
eess.IV 2411.12874
eess.IV 2411.12919
eess.IV 2411.13006
eess.IV 2411.13022
eess.IV 2411.13033
eess.IV 2411.13108
eess.IV 2411.13198
eess.IV 2411.13230
eess.IV 2411.13362
eess.IV 2411.13383
eess.IV 2411.13490
eess.IV 2411.13535
eess.IV 2411.13860
eess.IV 2411.13557
eess.IV 2411.13602
eess.IV 2411.13855
eess.IV 2411.13862
eess.IV 2411.14017
eess.IV 2411.14109
eess.IV 2411.14135
eess.IV 2411.14147
eess.IV 2411.14172
eess.IV 2411.14184
eess.IV 2411.14250
eess.IV 2411.14269
eess.IV 2411.14353
eess.IV 2411.14385
eess.IV 2411.14418
stat.TH 2411.09731
stat.TH 2411.09961
stat.TH 2411.10009
stat.TH 2411.10121
stat.TH 2411.10394
stat.TH 2411.10633
stat.TH 2411.10647
stat.TH 2411.10908
stat.TH 2411.10959
stat.TH 2411.11132
stat.TH 2411.11174
stat.TH 2411.11614
stat.TH 2411.11664
stat.TH 2411.11737
stat.TH 2411.11748
stat.TH 2411.10646
stat.TH 2411.10785
stat.TH 2411.11271
stat.TH 2411.11464
stat.TH 2411.11824
stat.TH 2411.12029
stat.TH 2411.12068
stat.TH 2411.12127
stat.TH 2411.12512
stat.TH 2411.12578
stat.TH 2411.12623
stat.TH 2411.12119
stat.TH 2411.12366
stat.TH 2411.12532
stat.TH 2411.12673
stat.TH 2401.07876
stat.TH 2411.12786
stat.TH 2411.12965
stat.TH 2411.13392
stat.TH 2411.13462
stat.TH 2411.12840
stat.TH 2411.12936
stat.TH 2411.13080
stat.TH 2411.13199
stat.TH 2411.13606
stat.TH 2411.13764
stat.TH 2411.13868
stat.TH 2411.14185
stat.TH 2411.14285
stat.TH 2411.14288
stat.TH 2411.13567
stat.TH 2411.13763
stat.TH 2411.13939
stat.TH 2411.13974
stat.TH 2411.14080
nlin.CD 2411.09667
nlin.CD 2411.10320
nlin.CD 2411.09931
nlin.CD 2411.10105
nlin.CD 2411.10769
nlin.CD 2411.10451
nlin.CD 2411.10540
nlin.CD 2411.12057
nlin.CD 2411.12403
nlin.CD 2411.12536
nlin.CD 2411.11888
nlin.CD 2411.12472
nlin.CD 2411.12648
nlin.CD 2411.13194
nlin.CD 2411.12750
nlin.CD 2411.12928
nlin.CD 2411.12940
nlin.CD 2411.13103
nlin.CD 2411.13629
nlin.CD 2411.13792
nlin.CD 2411.14132
nlin.CD 2411.14297
math.PR 2411.09717
math.PR 2411.10139
math.PR 2411.10263
math.PR 2411.10288
math.PR 2411.10295
math.PR 2411.09716
math.PR 2411.09949
math.PR 2411.09976
math.PR 2411.09988
math.PR 2411.10113
math.PR 2411.10235
math.PR 2411.10271
math.PR 2411.10296
math.PR 2411.10311
math.PR 2411.10318
math.PR 2411.10333
math.PR 2411.10419
math.PR 2411.11172
math.PR 2411.11270
math.PR 2411.11271
math.PR 2411.11482
math.PR 2411.11653
math.PR 2411.11741
math.PR 2411.10502
math.PR 2411.10586
math.PR 2411.10633
math.PR 2411.10829
math.PR 2411.11085
math.PR 2411.11125
math.PR 2411.11341
math.PR 2411.11345
math.PR 2411.11393
math.PR 2411.11408
math.PR 2411.11415
math.PR 2411.11425
math.PR 2411.11429
math.PR 2411.11552
math.PR 2411.11676
math.PR 2411.11759
math.PR 2411.11876
math.PR 2411.12037
math.PR 2411.12082
math.PR 2411.12109
math.PR 2411.12323
math.PR 2411.12715
math.PR 2411.12003
math.PR 2411.12055
math.PR 2411.12076
math.PR 2411.12149
math.PR 2411.12189
math.PR 2411.12192
math.PR 2411.12272
math.PR 2411.12315
math.PR 2411.12419
math.PR 2411.12474
math.PR 2411.12522
math.PR 2411.12623
math.PR 2411.12717
math.PR 2411.12840
math.PR 2411.12936
math.PR 2411.13048
math.PR 2411.13080
math.PR 2411.13342
math.PR 2411.13452
math.PR 2411.13500
math.PR 2411.12996
math.PR 2411.13030
math.PR 2411.13062
math.PR 2411.13068
math.PR 2411.13099
math.PR 2411.13133
math.PR 2411.13257
math.PR 2411.13266
math.PR 2411.13403
math.PR 2411.13419
math.PR 2411.13430
math.PR 2411.13465
math.PR 2411.13505
math.PR 2411.13558
math.PR 2411.13804
math.PR 2411.13939
math.PR 2411.14138
math.PR 2411.14181
math.PR 2411.14266
math.PR 2411.14317
math.PR 2411.14334
math.PR 2411.13589
math.PR 2411.13707
math.PR 2411.13765
math.PR 2411.13788
math.PR 2411.13875
math.PR 2411.13923
math.PR 2411.13926
math.PR 2411.13964
math.PR 2411.13972
math.PR 2411.14090
math.PR 2411.14105
math.PR 2411.14111
math.PR 2411.14177
math.PR 2411.14236
math.PR 2411.14336
math.PR 2411.14350
physics.comp-ph 2411.09864
physics.comp-ph 2411.10048
physics.comp-ph 2411.10105
physics.comp-ph 2411.09704
physics.comp-ph 2411.10220
physics.comp-ph 2411.10532
physics.comp-ph 2411.10538
physics.comp-ph 2411.10556
physics.comp-ph 2411.10790
physics.comp-ph 2411.11104
physics.comp-ph 2411.11245
physics.comp-ph 2411.11257
physics.comp-ph 2411.11368
physics.comp-ph 2411.11600
physics.comp-ph 2411.11693
physics.comp-ph 2411.11797
physics.comp-ph 2411.11725
physics.comp-ph 2411.11801
physics.comp-ph 2411.12032
physics.comp-ph 2411.12108
physics.comp-ph 2411.12280
physics.comp-ph 2411.12368
physics.comp-ph 2411.12417
physics.comp-ph 2411.12488
physics.comp-ph 2411.11858
physics.comp-ph 2411.11865
physics.comp-ph 2411.12627
physics.comp-ph 2411.12654
physics.comp-ph 2411.12607
physics.comp-ph 2411.12864
physics.comp-ph 2411.12875
physics.comp-ph 2411.12937
physics.comp-ph 2411.13190
physics.comp-ph 2411.13290
physics.comp-ph 2411.13357
physics.comp-ph 2411.13423
physics.comp-ph 2411.13515
physics.comp-ph 2411.13532
physics.comp-ph 2411.13185
physics.comp-ph 2411.13324
physics.comp-ph 2411.13361
physics.comp-ph 2411.13739
physics.comp-ph 2411.13772
physics.comp-ph 2411.13915
physics.comp-ph 2411.14220
physics.comp-ph 2411.14262
physics.comp-ph 2411.13725
physics.comp-ph 2411.13850
physics.comp-ph 2411.14159
eess.SP 2411.09760
eess.SP 2411.09868
eess.SP 2411.09874
eess.SP 2411.10259
eess.SP 2411.10287
eess.SP 2411.10385
eess.SP 2411.10429
eess.SP 2411.09707
eess.SP 2411.09709
eess.SP 2411.09777
eess.SP 2411.09789
eess.SP 2411.09849
eess.SP 2411.09938
eess.SP 2411.09965
eess.SP 2411.09996
eess.SP 2411.10014
eess.SP 2411.10101
eess.SP 2411.10263
eess.SP 2411.10412
eess.SP 2411.10524
eess.SP 2411.10619
eess.SP 2411.10702
eess.SP 2411.10703
eess.SP 2411.10716
eess.SP 2411.10729
eess.SP 2411.10739
eess.SP 2411.10765
eess.SP 2411.11034
eess.SP 2411.11070
eess.SP 2411.11175
eess.SP 2411.11308
eess.SP 2411.11350
eess.SP 2411.11453
eess.SP 2411.11539
eess.SP 2411.11619
eess.SP 2411.11726
eess.SP 2411.11764
eess.SP 2411.11798
eess.SP 2411.10450
eess.SP 2411.10458
eess.SP 2411.10650
eess.SP 2411.10657
eess.SP 2411.10723
eess.SP 2411.10882
eess.SP 2411.10905
eess.SP 2411.10907
eess.SP 2411.11007
eess.SP 2411.11028
eess.SP 2411.11030
eess.SP 2411.11094
eess.SP 2411.11320
eess.SP 2411.11499
eess.SP 2411.11576
eess.SP 2411.11699
eess.SP 2411.11894
eess.SP 2411.12104
eess.SP 2411.12213
eess.SP 2411.12268
eess.SP 2411.12621
eess.SP 2411.12632
eess.SP 2411.12669
eess.SP 2411.12672
eess.SP 2411.11857
eess.SP 2411.11862
eess.SP 2411.11863
eess.SP 2411.11866
eess.SP 2411.11869
eess.SP 2411.11872
eess.SP 2411.11874
eess.SP 2411.11879
eess.SP 2411.11886
eess.SP 2411.11896
eess.SP 2411.12092
eess.SP 2411.12166
eess.SP 2411.12228
eess.SP 2411.12296
eess.SP 2411.12298
eess.SP 2411.12342
eess.SP 2411.12400
eess.SP 2411.12464
eess.SP 2411.12469
eess.SP 2411.12541
eess.SP 2411.12557
eess.SP 2411.12688
eess.SP 2411.12888
eess.SP 2411.13000
eess.SP 2411.13137
eess.SP 2411.13201
eess.SP 2411.13276
eess.SP 2411.13360
eess.SP 2411.13440
eess.SP 2411.12852
eess.SP 2411.12985
eess.SP 2411.13172
eess.SP 2411.13188
eess.SP 2411.13191
eess.SP 2411.13192
eess.SP 2411.13217
eess.SP 2411.13288
eess.SP 2411.13295
eess.SP 2411.13298
eess.SP 2411.13305
eess.SP 2411.13339
eess.SP 2411.13475
eess.SP 2411.13557
eess.SP 2411.13560
eess.SP 2411.13785
eess.SP 2411.13922
eess.SP 2411.14030
eess.SP 2411.14088
eess.SP 2411.14269
eess.SP 2411.13769
eess.SP 2411.13903
eess.SP 2411.13931
eess.SP 2411.13944
eess.SP 2411.13970
eess.SP 2411.13987
eess.SP 2411.14360
nlin.SI 2411.08030
nlin.SI 2411.07333
nlin.SI 2411.07682
nlin.SI 2411.08787
nlin.SI 2411.08853
nlin.SI 2411.09227
nlin.SI 2411.11473
nlin.SI 2411.11602
nlin.SI 2411.10807
nlin.SI 2411.13928
nlin.SI 2411.14015
nlin.SI 2411.14204
nlin.SI 2411.13713
astro-ph.IM 2411.09733
astro-ph.IM 2411.09750
astro-ph.IM 2411.09752
astro-ph.IM 2411.09753
astro-ph.IM 2411.10066
astro-ph.IM 2411.10124
astro-ph.IM 2411.10140
astro-ph.IM 2411.10409
astro-ph.IM 2411.09729
astro-ph.IM 2411.09790
astro-ph.IM 2411.09815
astro-ph.IM 2411.10428
astro-ph.IM 2411.10493
astro-ph.IM 2411.10871
astro-ph.IM 2411.10874
astro-ph.IM 2411.11529
astro-ph.IM 2411.11571
astro-ph.IM 2411.10515
astro-ph.IM 2411.10519
astro-ph.IM 2411.11173
astro-ph.IM 2411.11279
astro-ph.IM 2411.11281
astro-ph.IM 2411.11765
astro-ph.IM 2411.11818
astro-ph.IM 2411.11956
astro-ph.IM 2411.12207
astro-ph.IM 2411.12524
astro-ph.IM 2411.12629
astro-ph.IM 2411.12708
astro-ph.IM 2411.12723
astro-ph.IM 2411.11946
astro-ph.IM 2411.11978
astro-ph.IM 2411.11987
astro-ph.IM 2411.12233
astro-ph.IM 2411.12324
astro-ph.IM 2411.12391
astro-ph.IM 2411.12491
astro-ph.IM 2411.12598
astro-ph.IM 2411.12705
astro-ph.IM 2411.13270
astro-ph.IM 2411.13321
astro-ph.IM 2411.13402
astro-ph.IM 2411.12774
astro-ph.IM 2411.12834
astro-ph.IM 2411.12922
astro-ph.IM 2411.13016
astro-ph.IM 2411.13308
astro-ph.IM 2411.13386
astro-ph.IM 2411.13387
astro-ph.IM 2401.02413
astro-ph.IM 2411.13759
astro-ph.IM 2411.13915
astro-ph.IM 2411.13978
astro-ph.IM 2411.14056
astro-ph.IM 2411.14399
astro-ph.IM 2411.13709
astro-ph.IM 2411.13746
astro-ph.IM 2411.13891
astro-ph.IM 2411.14078
astro-ph.IM 2411.14191
astro-ph.IM 2411.14392
physics.data-an 2411.09234
physics.data-an 2411.09851
physics.data-an 2411.10409
physics.data-an 2411.10471
physics.data-an 2411.10910
physics.data-an 2411.11556
physics.data-an 2411.11991
physics.data-an 2411.12897
physics.data-an 2411.12938
physics.data-an 2411.13402
physics.data-an 2411.13561
physics.data-an 2411.13596
physics.data-an 2411.13881
physics.data-an 2411.13915
math.DS 2411.09721
math.DS 2411.10190
math.DS 2411.10387
math.DS 2411.10419
math.DS 2411.09715
math.DS 2411.10269
math.DS 2411.10320
math.DS 2411.10324
math.DS 2411.10339
math.DS 2411.10407
math.DS 2411.10451
math.DS 2411.10551
math.DS 2411.10617
math.DS 2411.10766
math.DS 2411.10832
math.DS 2411.10884
math.DS 2411.11392
math.DS 2411.11422
math.DS 2411.11634
math.DS 2411.11806
math.DS 2411.11814
math.DS 2411.10749
math.DS 2411.10875
math.DS 2411.10885
math.DS 2411.10904
math.DS 2411.10910
math.DS 2411.11209
math.DS 2411.11290
math.DS 2411.11402
math.DS 2411.11598
math.DS 2411.11615
math.DS 2411.11772
math.DS 2411.11836
math.DS 2411.11975
math.DS 2411.12003
math.DS 2411.12123
math.DS 2411.12206
math.DS 2411.12264
math.DS 2411.12348
math.DS 2411.12568
math.DS 2411.12569
math.DS 2411.12302
math.DS 2411.12408
math.DS 2411.12411
math.DS 2411.13130
math.DS 2411.13246
math.DS 2411.13275
math.DS 2411.13312
math.DS 2411.13508
math.DS 2411.13522
math.DS 2411.12856
math.DS 2411.13214
math.DS 2411.13286
math.DS 2411.13336
math.DS 2411.13486
math.DS 2411.13540
math.DS 2411.13561
math.DS 2411.13569
math.DS 2411.13680
math.DS 2411.13923
math.DS 2411.13939
math.DS 2411.14350
math.DS 2411.13624
math.DS 2411.13679
math.DS 2411.13858
math.DS 2411.14132
math.DS 2411.14203
math.DS 2411.14240
math.DS 2411.14297
math.DS 2411.14312
physics.app-ph 2411.09795
physics.app-ph 2411.09991
physics.app-ph 2411.10030
physics.app-ph 2411.10054
physics.app-ph 2411.10196
physics.app-ph 2411.10208
physics.app-ph 2411.10361
physics.app-ph 2411.09711
physics.app-ph 2411.09713
physics.app-ph 2411.09885
physics.app-ph 2411.10001
physics.app-ph 2411.10374
physics.app-ph 2411.10437
physics.app-ph 2411.10865
physics.app-ph 2411.10901
physics.app-ph 2411.11332
physics.app-ph 2411.11561
physics.app-ph 2411.10731
physics.app-ph 2411.11138
physics.app-ph 2411.11518
physics.app-ph 2411.11887
physics.app-ph 2411.12046
physics.app-ph 2411.12075
physics.app-ph 2411.12105
physics.app-ph 2411.12356
physics.app-ph 2411.12463
physics.app-ph 2411.12186
physics.app-ph 2411.12283
physics.app-ph 2411.12369
physics.app-ph 2411.12447
physics.app-ph 2411.12624
physics.app-ph 2411.13035
physics.app-ph 2411.13413
physics.app-ph 2411.12988
physics.app-ph 2411.13128
physics.app-ph 2411.13265
physics.app-ph 2411.13304
physics.app-ph 2411.13309
physics.app-ph 2411.13448
physics.app-ph 2411.13803
physics.app-ph 2411.13943
physics.app-ph 2411.13956
physics.app-ph 2411.14101
physics.app-ph 2411.14060
physics.app-ph 2411.14180
cond-mat.dis-nn 2411.09754
cond-mat.dis-nn 2411.09784
cond-mat.dis-nn 2411.10355
cond-mat.dis-nn 2411.10360
cond-mat.dis-nn 2411.10376
cond-mat.dis-nn 2411.10430
cond-mat.dis-nn 2411.10247
cond-mat.dis-nn 2411.10277
cond-mat.dis-nn 2411.10445
cond-mat.dis-nn 2411.10793
cond-mat.dis-nn 2411.10909
cond-mat.dis-nn 2411.10587
cond-mat.dis-nn 2411.10643
cond-mat.dis-nn 2411.10930
cond-mat.dis-nn 2411.11089
cond-mat.dis-nn 2411.11147
cond-mat.dis-nn 2411.11347
cond-mat.dis-nn 2411.11991
cond-mat.dis-nn 2411.11878
cond-mat.dis-nn 2411.12540
cond-mat.dis-nn 2411.04293
cond-mat.dis-nn 2411.12934
cond-mat.dis-nn 2411.13469
cond-mat.dis-nn 2411.13342
cond-mat.dis-nn 2411.13511
cond-mat.dis-nn 2411.13512
cond-mat.dis-nn 2411.13644
cond-mat.dis-nn 2411.13667
cond-mat.dis-nn 2411.14105
cond-mat.dis-nn 2411.14144
cond-mat.dis-nn 2411.14259
cond-mat.dis-nn 2411.14357
cond-mat.dis-nn 2411.13853
cond-mat.dis-nn 2411.14390
physics.ins-det 2411.10409
physics.ins-det 2411.10306
physics.ins-det 2411.11712
physics.ins-det 2411.10796
physics.ins-det 2411.11178
physics.ins-det 2411.11678
physics.ins-det 2411.11804
physics.ins-det 2411.12065
physics.ins-det 2411.12447
physics.ins-det 2411.12660
physics.ins-det 2411.11942
physics.ins-det 2411.12095
physics.ins-det 2411.12320
physics.ins-det 2411.12988
physics.ins-det 2411.13018
physics.ins-det 2411.13087
physics.ins-det 2411.13776
physics.ins-det 2411.14313
physics.ins-det 2411.13596
physics.ins-det 2411.13734
physics.ins-det 2411.13889
physics.optics 2411.09711
physics.optics 2411.09965
physics.optics 2411.10021
physics.optics 2411.10211
physics.optics 2411.10355
physics.optics 2411.10360
physics.optics 2411.10398
physics.optics 2411.10428
physics.optics 2411.09795
physics.optics 2411.09860
physics.optics 2411.09876
physics.optics 2411.10039
physics.optics 2411.10131
physics.optics 2411.10361
physics.optics 2411.10405
physics.optics 2411.10435
physics.optics 2411.10638
physics.optics 2411.10677
physics.optics 2411.11042
physics.optics 2411.11591
physics.optics 2411.11671
physics.optics 2411.10667
physics.optics 2411.10674
physics.optics 2411.10721
physics.optics 2411.10865
physics.optics 2411.10884
physics.optics 2411.10994
physics.optics 2411.11009
physics.optics 2411.11018
physics.optics 2411.11052
physics.optics 2411.11064
physics.optics 2411.11107
physics.optics 2411.11121
physics.optics 2411.11210
physics.optics 2411.11381
physics.optics 2411.11556
physics.optics 2411.11679
physics.optics 2411.11700
physics.optics 2411.11712
physics.optics 2411.11750
physics.optics 2411.11754
physics.optics 2411.11769
physics.optics 2411.12039
physics.optics 2411.12059
physics.optics 2411.12105
physics.optics 2411.12387
physics.optics 2411.12424
physics.optics 2411.12488
physics.optics 2411.12577
physics.optics 2411.12610
physics.optics 2411.11887
physics.optics 2411.12017
physics.optics 2411.12046
physics.optics 2411.12075
physics.optics 2411.12226
physics.optics 2411.12352
physics.optics 2411.12356
physics.optics 2411.12374
physics.optics 2411.12463
physics.optics 2411.12639
physics.optics 2411.12656
physics.optics 2411.12702
physics.optics 2411.12904
physics.optics 2411.12942
physics.optics 2411.13106
physics.optics 2411.13120
physics.optics 2411.13313
physics.optics 2411.12823
physics.optics 2411.12905
physics.optics 2411.13035
physics.optics 2411.13046
physics.optics 2411.13064
physics.optics 2411.13098
physics.optics 2411.13221
physics.optics 2411.13290
physics.optics 2411.13297
physics.optics 2411.13331
physics.optics 2411.13353
physics.optics 2411.13413
physics.optics 2411.13495
physics.optics 2411.13661
physics.optics 2411.13695
physics.optics 2411.13832
physics.optics 2411.13936
physics.optics 2411.13943
physics.optics 2411.14060
physics.optics 2411.14075
physics.optics 2411.14229
physics.optics 2411.13703
physics.optics 2411.13715
physics.optics 2411.13803
physics.optics 2411.14048
physics.optics 2411.14069
physics.optics 2411.14101
physics.optics 2411.14104
physics.optics 2411.14309
physics.optics 2411.14324
physics.optics 2411.14410
physics.med-ph 2411.10116
physics.med-ph 2411.10308
physics.med-ph 2411.10025
physics.med-ph 2411.11365
physics.med-ph 2411.11441
physics.med-ph 2411.12447
physics.med-ph 2411.12238
physics.med-ph 2411.12291
physics.med-ph 2411.12869
physics.med-ph 2411.13087
physics.med-ph 2411.13120
physics.med-ph 2411.13241
physics.med-ph 2411.12751
physics.med-ph 2411.12862
physics.med-ph 2411.13832
physics.med-ph 2411.14407
q-fin.MF 2411.08763
q-fin.MF 2411.10386
q-fin.MF 2411.11408
q-fin.MF 2411.11522
q-fin.MF 2411.10726
q-fin.MF 2411.12375
q-fin.MF 2411.12013
q-fin.MF 2411.13558
q-fin.MF 2411.13792
q-fin.MF 2411.13579
q-fin.MF 2411.13937
econ.TH 2411.09817
econ.TH 2411.11131
econ.TH 2411.11810
econ.TH 2411.11183
econ.TH 2411.11625
econ.TH 2411.11828
econ.TH 2411.12725
econ.TH 2411.12533
econ.TH 2411.12714
econ.TH 2411.12860
econ.TH 2411.13293
econ.TH 2411.13684
econ.TH 2411.13823
