cs.FL 2501.08684
cs.FL 2501.08823
cs.FL 2501.08689
cs.FL 2501.10344
cs.FL 2501.10270
cs.FL 2501.10981
cs.FL 2501.11789
cs.FL 2501.12302
cs.FL 2501.12932
cs.FL 2501.13817
cs.CG 2501.08745
cs.CG 2501.09908
cs.CG 2501.10335
cs.CG 2501.10876
cs.CG 2501.11156
cs.CG 2501.12044
cs.CG 2501.10728
cs.CG 2501.12261
cs.CG 2501.12306
cs.CG 2501.12814
cs.CG 2501.12821
cs.CG 2501.13873
cs.CG 2501.13201
cs.CG 2501.13737
cs.CC 2501.09545
cs.CC 2501.09828
cs.CC 2501.10633
cs.CC 2501.10688
cs.CC 2501.12007
cs.CC 2501.12044
cs.CC 2501.12062
cs.CC 2501.12293
cs.CC 2501.11192
cs.CC 2501.11683
cs.CC 2501.12260
cs.CC 2501.12282
cs.CC 2501.12365
cs.CC 2501.12834
cs.CC 2501.13038
cs.CC 2501.13050
cs.CC 2501.13762
cs.DM 2501.09689
cs.DM 2501.09256
cs.DM 2501.09560
cs.DM 2501.10102
cs.DM 2501.10154
cs.DM 2501.10633
cs.DM 2501.10824
cs.DM 2501.10828
cs.DM 2501.11157
cs.DM 2501.11192
cs.DM 2501.11281
cs.DM 2501.11386
cs.DM 2501.11467
cs.DM 2501.11541
cs.DM 2501.11617
cs.DM 2501.12365
cs.DM 2501.11419
cs.DM 2501.11697
cs.DM 2501.12062
cs.DM 2501.12565
cs.DM 2501.12771
cs.DM 2501.12479
cs.DM 2501.12549
cs.DM 2501.13202
cs.DM 2501.13481
cs.DM 2501.13520
cs.DM 2501.13617
cs.DM 2501.13760
cs.DM 2501.13842
cs.DM 2501.13903
cs.DM 2501.13907
cs.DM 2501.13463
cs.DS 2501.09189
cs.DS 2501.09691
cs.DS 2501.09091
cs.DS 2501.09293
cs.DS 2501.09851
cs.DS 2501.09856
cs.DS 2501.10102
cs.DS 2501.10183
cs.DS 2501.10230
cs.DS 2501.10884
cs.DS 2501.10918
cs.DS 2501.11129
cs.DS 2501.11226
cs.DS 2501.11673
cs.DS 2501.12261
cs.DS 2501.12293
cs.DS 2501.10632
cs.DS 2501.10633
cs.DS 2501.10810
cs.DS 2501.11157
cs.DS 2501.11380
cs.DS 2501.11541
cs.DS 2501.11582
cs.DS 2501.12044
cs.DS 2501.12316
cs.DS 2501.12549
cs.DS 2501.12725
cs.DS 2501.12771
cs.DS 2501.13093
cs.DS 2501.12490
cs.DS 2501.12503
cs.DS 2501.12708
cs.DS 2501.12770
cs.DS 2501.12848
cs.DS 2501.12929
cs.DS 2501.13194
cs.DS 2501.13907
cs.DS 2501.13217
cs.DS 2501.13346
cs.DS 2501.13596
cs.AR 2501.09531
cs.AR 2501.09118
cs.AR 2501.09242
cs.AR 2501.09588
cs.AR 2501.09605
cs.AR 2501.09954
cs.AR 2501.10093
cs.AR 2501.10138
cs.AR 2501.10155
cs.AR 2501.09902
cs.AR 2501.10161
cs.AR 2501.10187
cs.AR 2501.10189
cs.AR 2501.10301
cs.AR 2501.10430
cs.AR 2501.10983
cs.AR 2501.11159
cs.AR 2501.11554
cs.AR 2501.11839
cs.AR 2501.12084
cs.AR 2501.10658
cs.AR 2501.10682
cs.AR 2501.10864
cs.AR 2501.11211
cs.AR 2501.11286
cs.AR 2501.11867
cs.AR 2501.12032
cs.AR 2501.12644
cs.AR 2501.12890
cs.AR 2501.12634
cs.AR 2501.12703
cs.AR 2501.12818
cs.AR 2501.13139
cs.AR 2501.13553
cs.AR 2501.13181
cs.AR 2501.13238
cs.AR 2501.13379
cs.AR 2501.13828
cs.GT 2501.09254
cs.GT 2501.09330
cs.GT 2501.09740
cs.GT 2501.10181
cs.GT 2501.10388
cs.GT 2501.11024
cs.GT 2501.12199
cs.GT 2501.10464
cs.GT 2501.10884
cs.GT 2501.11897
cs.GT 2501.12015
cs.GT 2501.12503
cs.GT 2501.12669
cs.GT 2501.13014
cs.GT 2501.12576
cs.GT 2501.12827
cs.GT 2501.13043
cs.GT 2501.13346
cs.GT 2501.13358
cs.GT 2501.13364
cs.GT 2501.13481
cs.GT 2501.13686
cs.GR 2501.09038
cs.GR 2501.09042
cs.GR 2501.09054
cs.GR 2501.09302
cs.GR 2501.09433
cs.GR 2501.09579
cs.GR 2501.09756
cs.GR 2501.09782
cs.GR 2501.10455
cs.GR 2501.10462
cs.GR 2501.12369
cs.GR 2501.10474
cs.GR 2501.12119
cs.GR 2501.12909
cs.GR 2501.13104
cs.GR 2501.12581
cs.GR 2501.12750
cs.GR 2501.13812
cs.GR 2501.13918
cs.GR 2501.13928
cs.DB 2501.09334
cs.DB 2501.09211
cs.DB 2501.09736
cs.DB 2501.10017
cs.DB 2501.10344
cs.DB 2501.10362
cs.DB 2501.10479
cs.DB 2501.10560
cs.DB 2501.10841
cs.DB 2501.11131
cs.DB 2501.11252
cs.DB 2501.11498
cs.DB 2501.11641
cs.DB 2501.11817
cs.DB 2501.11823
cs.DB 2501.10858
cs.DB 2501.11162
cs.DB 2501.11216
cs.DB 2501.12337
cs.DB 2501.12372
cs.DB 2411.05844
cs.DB 2501.13051
cs.DB 2501.13442
cs.DB 2501.13594
cs.CE 2501.09089
cs.CE 2501.10185
cs.CE 2501.10282
cs.CE 2501.10443
cs.CE 2501.10459
cs.CE 2501.10481
cs.CE 2501.10684
cs.CE 2501.11419
cs.CE 2501.11632
cs.CE 2501.12349
cs.CE 2501.10709
cs.CE 2501.10808
cs.CE 2501.10825
cs.CE 2501.10835
cs.CE 2501.10963
cs.CE 2501.11057
cs.CE 2501.11130
cs.CE 2501.11141
cs.CE 2501.11145
cs.CE 2501.11416
cs.CE 2501.11906
cs.CE 2501.12040
cs.CE 2501.12053
cs.CE 2501.12483
cs.CE 2501.12491
cs.CE 2501.12508
cs.CE 2501.12583
cs.CE 2501.12756
cs.CE 2501.13255
cs.CE 2501.13337
cs.CE 2501.13377
cs.CE 2501.13564
cs.CE 2501.13706
cs.CE 2501.13858
cs.CE 2501.13868
cs.DC 2501.09334
cs.DC 2501.09465
cs.DC 2501.09605
cs.DC 2501.09237
cs.DC 2501.09251
cs.DC 2501.09253
cs.DC 2501.09367
cs.DC 2501.09398
cs.DC 2501.09557
cs.DC 2501.09562
cs.DC 2501.09958
cs.DC 2501.10187
cs.DC 2501.10242
cs.DC 2501.10245
cs.DC 2501.09831
cs.DC 2501.09964
cs.DC 2501.10403
cs.DC 2501.10463
cs.DC 2501.10640
cs.DC 2501.10888
cs.DC 2501.11002
cs.DC 2501.11107
cs.DC 2501.11388
cs.DC 2501.11697
cs.DC 2501.11771
cs.DC 2501.11779
cs.DC 2501.11816
cs.DC 2501.12032
cs.DC 2501.12044
cs.DC 2501.12112
cs.DC 2501.12162
cs.DC 2501.12229
cs.DC 2501.12344
cs.DC 2501.10375
cs.DC 2501.10546
cs.DC 2501.10612
cs.DC 2501.10651
cs.DC 2501.11006
cs.DC 2501.11051
cs.DC 2501.11185
cs.DC 2501.11267
cs.DC 2501.11369
cs.DC 2501.11788
cs.DC 2501.11794
cs.DC 2501.12084
cs.DC 2501.12388
cs.DC 2501.12469
cs.DC 2501.12589
cs.DC 2501.12592
cs.DC 2501.12618
cs.DC 2501.12624
cs.DC 2501.12709
cs.DC 2501.12878
cs.DC 2501.12911
cs.DC 2501.12407
cs.DC 2501.12464
cs.DC 2501.12672
cs.DC 2501.13382
cs.DC 2501.13442
cs.DC 2501.13520
cs.DC 2501.13553
cs.DC 2501.13604
cs.DC 2501.13770
cs.DC 2501.13318
cs.DC 2501.13543
cs.CV 2501.09046
cs.CV 2501.09049
cs.CV 2501.09096
cs.CV 2501.09101
cs.CV 2501.09116
cs.CV 2501.09185
cs.CV 2501.09217
cs.CV 2501.09305
cs.CV 2501.09355
cs.CV 2501.09396
cs.CV 2501.09403
cs.CV 2501.09490
cs.CV 2501.09600
cs.CV 2501.09608
cs.CV 2501.09024
cs.CV 2501.09038
cs.CV 2501.09040
cs.CV 2501.09041
cs.CV 2501.09042
cs.CV 2501.09044
cs.CV 2501.09045
cs.CV 2501.09048
cs.CV 2501.09050
cs.CV 2501.09051
cs.CV 2501.09055
cs.CV 2501.09086
cs.CV 2501.09114
cs.CV 2501.09129
cs.CV 2501.09134
cs.CV 2501.09138
cs.CV 2501.09155
cs.CV 2501.09162
cs.CV 2501.09167
cs.CV 2501.09187
cs.CV 2501.09194
cs.CV 2501.09203
cs.AI 2407.12471
cs.AI 2501.09021
cs.CV 2501.09209
cs.CV 2501.09221
cs.AI 2501.09025
cs.CV 2501.09259
cs.AI 2501.09026
cs.CV 2501.09267
cs.CV 2501.09268
cs.AI 2501.09029
cs.AI 2501.09031
cs.CV 2501.09277
cs.AI 2501.09038
cs.CV 2501.09278
cs.CV 2501.09281
cs.AI 2501.09039
cs.CV 2501.09294
cs.CV 2501.09302
cs.AI 2501.09044
cs.AI 2501.09045
cs.CV 2501.09304
cs.AI 2501.09049
cs.CV 2501.09311
cs.AI 2501.09050
cs.CV 2501.09321
cs.AI 2501.09051
cs.AI 2501.09056
cs.CV 2501.09333
cs.AI 2501.09080
cs.CV 2501.09341
cs.CV 2501.09347
cs.AI 2501.09081
cs.AI 2501.09092
cs.CV 2501.09350
cs.CV 2501.09361
cs.AI 2501.09102
cs.AI 2501.09104
cs.CV 2501.09363
cs.AI 2501.09112
cs.CV 2501.09372
cs.CV 2501.09393
cs.AI 2501.09114
cs.AI 2501.09134
cs.CV 2501.09411
cs.CV 2501.09420
cs.AI 2501.09154
cs.CV 2501.09425
cs.AI 2501.09160
cs.CV 2501.09428
cs.AI 2501.09163
cs.CV 2501.09433
cs.AI 2501.09164
cs.CV 2501.09436
cs.AI 2501.09166
cs.CV 2501.09446
cs.AI 2501.09186
cs.CV 2501.09456
cs.AI 2501.09187
cs.CV 2501.09460
cs.AI 2501.09194
cs.CV 2501.09465
cs.AI 2501.09217
cs.AI 2501.09218
cs.CV 2501.09466
cs.AI 2501.09223
cs.CV 2501.09481
cs.AI 2501.09254
cs.CV 2501.09485
cs.CV 2501.09499
cs.AI 2501.09265
cs.CV 2501.09502
cs.AI 2501.09274
cs.CV 2501.09503
cs.AI 2501.09291
cs.CV 2501.09504
cs.CV 2501.09532
cs.AI 2501.09292
cs.CV 2501.09552
cs.AI 2501.09309
cs.CV 2501.09555
cs.AI 2501.09310
cs.CV 2501.09565
cs.AI 2501.09311
cs.AI 2501.09327
cs.CV 2501.09579
cs.CV 2501.09617
cs.AI 2501.09328
cs.AI 2501.09333
cs.CV 2501.09635
cs.AI 2501.09345
cs.CV 2501.09672
cs.AI 2501.09354
cs.CV 2501.09688
cs.AI 2501.09394
cs.CV 2501.09695
cs.AI 2501.09395
cs.CV 2501.09705
cs.AI 2501.09410
cs.CV 2501.09718
cs.AI 2501.09420
cs.CV 2501.09720
cs.CV 2501.09732
cs.AI 2501.09429
cs.CV 2501.09733
cs.AI 2501.09444
cs.CV 2501.09753
cs.AI 2501.09465
cs.CV 2501.09754
cs.AI 2501.09469
cs.AI 2501.09481
cs.CV 2501.09755
cs.AI 2501.09525
cs.AI 2501.09555
cs.CV 2501.09756
cs.AI 2501.09571
cs.AI 2501.09595
cs.CV 2501.09757
cs.AI 2501.09597
cs.AI 2501.09605
cs.CV 2501.09863
cs.AI 2501.09608
cs.AI 2501.09620
cs.AI 2501.09653
cs.CV 2501.09905
cs.AI 2501.09672
cs.CV 2501.09926
cs.AI 2501.09674
cs.CV 2501.09935
cs.AI 2501.09682
cs.AI 2501.09700
cs.CV 2501.09967
cs.AI 2501.09705
cs.CV 2501.10074
cs.AI 2501.09709
cs.CV 2501.10105
cs.AI 2501.09720
cs.CV 2501.10128
cs.AI 2501.09725
cs.CV 2501.10219
cs.AI 2501.09755
cs.CV 2501.10324
cs.AI 2501.09136
cs.CV 2501.09781
cs.AI 2501.09182
cs.CV 2501.09782
cs.AI 2501.09239
cs.CV 2501.09815
cs.AI 2501.09279
cs.CV 2501.09817
cs.CV 2501.09826
cs.AI 2501.09284
cs.CV 2501.09833
cs.AI 2501.09316
cs.CV 2501.09838
cs.AI 2501.09355
cs.AI 2501.09368
cs.CV 2501.09878
cs.AI 2501.09431
cs.CV 2501.09884
cs.CV 2501.09887
cs.AI 2501.09534
cs.CV 2501.09898
cs.AI 2501.09628
cs.CV 2501.09921
cs.AI 2501.09632
cs.CV 2501.09927
cs.AI 2501.09640
cs.CV 2501.09938
cs.AI 2501.09645
cs.CV 2501.09947
cs.CV 2501.09960
cs.AI 2501.09646
cs.CV 2501.09978
cs.AI 2501.09649
cs.CV 2501.09980
cs.AI 2501.09685
cs.CV 2501.09982
cs.AI 2501.09686
cs.CV 2501.09994
cs.AI 2501.09707
cs.CV 2501.09999
cs.AI 2501.09744
cs.CV 2501.10011
cs.AI 2501.09751
cs.CV 2501.10018
cs.AI 2501.09761
cs.CV 2501.10020
cs.AI 2501.09765
cs.CV 2501.10021
cs.AI 2501.09766
cs.CV 2501.10040
cs.AI 2501.09767
cs.CV 2501.10064
cs.AI 2501.09768
cs.CV 2501.10067
cs.AI 2501.09770
cs.CV 2501.10071
cs.AI 2501.09775
cs.CV 2501.10075
cs.AI 2501.09804
cs.CV 2501.10080
cs.AI 2501.09817
cs.CV 2501.10081
cs.AI 2501.09825
cs.AI 2501.09838
cs.CV 2501.10089
cs.AI 2501.09858
cs.CV 2501.10098
cs.AI 2501.09878
cs.CV 2501.10110
cs.AI 2501.09905
cs.CV 2501.10129
cs.AI 2501.09923
cs.CV 2501.10131
cs.AI 2501.09927
cs.CV 2501.10144
cs.AI 2501.09928
cs.CV 2501.10157
cs.AI 2501.09929
cs.CV 2501.10197
cs.AI 2501.09934
cs.CV 2501.10199
cs.AI 2501.09946
cs.CV 2501.10209
cs.AI 2501.09948
cs.CV 2501.10212
cs.AI 2501.09949
cs.CV 2501.10266
cs.AI 2501.09954
cs.CV 2501.10283
cs.AI 2501.09967
cs.CV 2501.10318
cs.AI 2501.09972
cs.CV 2501.10325
cs.AI 2501.09980
cs.CV 2501.10343
cs.AI 2501.09982
cs.CV 2501.10357
cs.AI 2501.09994
cs.CV 2501.10360
cs.AI 2501.09996
cs.CV 2501.10466
cs.AI 2501.09997
cs.CV 2501.10474
cs.AI 2501.09999
cs.CV 2501.10621
cs.AI 2501.10010
cs.CV 2501.10757
cs.AI 2501.10011
cs.CV 2501.10770
cs.AI 2501.10024
cs.CV 2501.10814
cs.AI 2501.10048
cs.CV 2501.10851
cs.AI 2501.10054
cs.CV 2501.10891
cs.AI 2501.10074
cs.CV 2501.10977
cs.AI 2501.10075
cs.CV 2501.11014
cs.AI 2501.10091
cs.CV 2501.11053
cs.AI 2501.10098
cs.CV 2501.11132
cs.AI 2501.10100
cs.CV 2501.11196
cs.AI 2501.10105
cs.CV 2501.11211
cs.AI 2501.10107
cs.CV 2501.11221
cs.AI 2501.10129
cs.AI 2501.10139
cs.CV 2501.11225
cs.AI 2501.10141
cs.CV 2501.11241
cs.AI 2501.10150
cs.CV 2501.11253
cs.CV 2501.11260
cs.AI 2501.10153
cs.CV 2501.11270
cs.AI 2501.10179
cs.CV 2501.11276
cs.AI 2501.10187
cs.CV 2501.11361
cs.AI 2501.10240
cs.CV 2501.11511
cs.AI 2501.10243
cs.CV 2501.11512
cs.AI 2501.10256
cs.CV 2501.11520
cs.AI 2501.10273
cs.AI 2501.10322
cs.CV 2501.11729
cs.AI 2501.10332
cs.CV 2501.11733
cs.AI 2501.10343
cs.CV 2501.11734
cs.AI 2501.09890
cs.CV 2501.11755
cs.AI 2501.09891
cs.CV 2501.11795
cs.AI 2501.09913
cs.CV 2501.11854
cs.AI 2501.09918
cs.CV 2501.12023
cs.AI 2501.09926
cs.CV 2501.12030
cs.AI 2501.10017
cs.CV 2501.12073
cs.AI 2501.10041
cs.CV 2501.12115
cs.AI 2501.10053
cs.CV 2501.12119
cs.AI 2501.10069
cs.CV 2501.12191
cs.AI 2501.10106
cs.CV 2501.12216
cs.AI 2501.10114
cs.CV 2501.12244
cs.AI 2501.10134
cs.CV 2501.12245
cs.AI 2501.10151
cs.CV 2501.12269
cs.AI 2501.10160
cs.CV 2501.12299
cs.CV 2501.12323
cs.AI 2501.10186
cs.CV 2501.12326
cs.AI 2501.10190
cs.CV 2501.12331
cs.AI 2501.10300
cs.CV 2501.10455
cs.AI 2501.10326
cs.CV 2501.10462
cs.AI 2403.17154
cs.CV 2501.10547
cs.AI 2411.17257
cs.CV 2501.10562
cs.AI 2412.19088
cs.CV 2501.10600
cs.AI 2501.10365
cs.CV 2501.10604
cs.AI 2501.10366
cs.CV 2501.10615
cs.AI 2501.10367
cs.CV 2501.10638
cs.AI 2501.10368
cs.CV 2501.10640
cs.AI 2501.10369
cs.CV 2501.10674
cs.AI 2501.10370
cs.CV 2501.10687
cs.AI 2501.10371
cs.CV 2501.10692
cs.AI 2501.10373
cs.CV 2501.10695
cs.AI 2501.10377
cs.CV 2501.10727
cs.AI 2501.10385
cs.CV 2501.10733
cs.AI 2501.10388
cs.CV 2501.10736
cs.AI 2501.10390
cs.CV 2501.10752
cs.AI 2501.10391
cs.CV 2501.10761
cs.CV 2501.10775
cs.AI 2501.10395
cs.CV 2501.10787
cs.AI 2501.10396
cs.CV 2501.10788
cs.AI 2501.10413
cs.AI 2501.10421
cs.CV 2501.10789
cs.AI 2501.10448
cs.CV 2501.10809
cs.AI 2501.10453
cs.CV 2501.10819
cs.AI 2501.10461
cs.CV 2501.10834
cs.AI 2501.10462
cs.CV 2501.10905
cs.AI 2501.10463
cs.CV 2501.10906
cs.CV 2501.10913
cs.AI 2501.10464
cs.CV 2501.10914
cs.AI 2501.10465
cs.CV 2501.10917
cs.AI 2501.10466
cs.CV 2501.10928
cs.AI 2501.10467
cs.CV 2501.10935
cs.AI 2501.10483
cs.CV 2501.10957
cs.AI 2501.10484
cs.CV 2501.10958
cs.AI 2501.10487
cs.CV 2501.10966
cs.AI 2501.10514
cs.CV 2501.10967
cs.AI 2501.10526
cs.CV 2501.10969
cs.AI 2501.10534
cs.CV 2501.10984
cs.AI 2501.10542
cs.CV 2501.11007
cs.AI 2501.10543
cs.CV 2501.11020
cs.AI 2501.10546
cs.CV 2501.11030
cs.AI 2501.10555
cs.CV 2501.11043
cs.AI 2501.10576
cs.CV 2501.11063
cs.AI 2501.10579
cs.CV 2501.11069
cs.AI 2501.10604
cs.CV 2501.11087
cs.AI 2501.10627
cs.AI 2501.10658
cs.CV 2501.11096
cs.AI 2501.10661
cs.CV 2501.11097
cs.AI 2501.10677
cs.CV 2501.11102
cs.AI 2501.10688
cs.CV 2501.11124
cs.AI 2501.10696
cs.CV 2501.11140
cs.AI 2501.10709
cs.CV 2501.11153
cs.AI 2501.10711
cs.CV 2501.11159
cs.AI 2501.10727
cs.CV 2501.11168
cs.AI 2501.10734
cs.CV 2501.11171
cs.AI 2501.10736
cs.CV 2501.11175
cs.AI 2501.10770
cs.CV 2501.11203
cs.AI 2501.10775
cs.CV 2501.11218
cs.AI 2501.10781
cs.CV 2501.11229
cs.AI 2501.10799
cs.CV 2501.11231
cs.AI 2501.10809
cs.CV 2501.11236
cs.AI 2501.10812
cs.CV 2501.11249
cs.AI 2501.10814
cs.CV 2501.11258
cs.AI 2501.10822
cs.CV 2501.11263
cs.AI 2501.10834
cs.CV 2501.11288
cs.AI 2501.10836
cs.CV 2501.11299
cs.AI 2501.10841
cs.CV 2501.11309
cs.AI 2501.10848
cs.CV 2501.11310
cs.AI 2501.10858
cs.CV 2501.11318
cs.AI 2501.10860
cs.CV 2501.11319
cs.AI 2501.10861
cs.CV 2501.11325
cs.AI 2501.10868
cs.CV 2501.11340
cs.AI 2501.10891
cs.CV 2501.11347
cs.AI 2501.10893
cs.CV 2501.11351
cs.AI 2501.10900
cs.CV 2501.11428
cs.AI 2501.10917
cs.CV 2501.11462
cs.AI 2501.10924
cs.CV 2501.11469
cs.AI 2501.10928
cs.CV 2501.11485
cs.AI 2501.10935
cs.CV 2501.11493
cs.AI 2501.10938
cs.CV 2501.11508
cs.AI 2501.10943
cs.CV 2501.11513
cs.AI 2501.10957
cs.CV 2501.11515
cs.AI 2501.10966
cs.CV 2501.11535
cs.AI 2501.10967
cs.CV 2501.11554
cs.AI 2501.10970
cs.CV 2501.11561
cs.AI 2501.11006
cs.CV 2501.11586
cs.AI 2501.11031
cs.CV 2501.11623
cs.AI 2501.11043
cs.CV 2501.11653
cs.AI 2501.11065
cs.CV 2501.11715
cs.AI 2501.11067
cs.CV 2501.11741
cs.AI 2501.11079
cs.CV 2501.11746
cs.AI 2501.11086
cs.CV 2501.11752
cs.AI 2501.11087
cs.CV 2501.11758
cs.AI 2501.11094
cs.CV 2501.11776
cs.AI 2501.11107
cs.CV 2501.11784
cs.AI 2501.11114
cs.CV 2501.11800
cs.AI 2501.11120
cs.CV 2501.11815
cs.AI 2501.11128
cs.CV 2501.11836
cs.AI 2501.11135
cs.CV 2501.11841
cs.AI 2501.11140
cs.CV 2501.11858
cs.AI 2501.11166
cs.CV 2501.11876
cs.AI 2501.11170
cs.CV 2501.11884
cs.AI 2501.11171
cs.CV 2501.11895
cs.AI 2501.11175
cs.CV 2501.11899
cs.AI 2501.11183
cs.CV 2501.11901
cs.AI 2501.11218
cs.CV 2501.11923
cs.CV 2501.11927
cs.AI 2501.11238
cs.CV 2501.11971
cs.AI 2501.11264
cs.CV 2501.11992
cs.AI 2501.11270
cs.CV 2501.12016
cs.AI 2501.11284
cs.CV 2501.12020
cs.AI 2501.11293
cs.CV 2501.12022
cs.AI 2501.11301
cs.CV 2501.12048
cs.AI 2501.11306
cs.CV 2501.12052
cs.AI 2501.11309
cs.CV 2501.12054
cs.AI 2501.11325
cs.CV 2501.12057
cs.AI 2501.11335
cs.CV 2501.12060
cs.AI 2501.11354
cs.CV 2501.12071
cs.AI 2501.11357
cs.CV 2501.12082
cs.AI 2501.11360
cs.CV 2501.12085
cs.AI 2501.11378
cs.CV 2501.12086
cs.AI 2501.11407
cs.CV 2501.12087
cs.AI 2501.11409
cs.CV 2501.12102
cs.AI 2501.11413
cs.CV 2501.12104
cs.AI 2501.11417
cs.CV 2501.12150
cs.AI 2501.11422
cs.CV 2501.12157
cs.AI 2501.11428
cs.CV 2501.12169
cs.AI 2501.11430
cs.CV 2501.12173
cs.AI 2501.11454
cs.CV 2501.12178
cs.AI 2501.11478
cs.CV 2501.12202
cs.AI 2501.11493
cs.CV 2501.12203
cs.AI 2501.11496
cs.CV 2501.12206
cs.AI 2501.11498
cs.CV 2501.12217
cs.AI 2501.11525
cs.CV 2501.12218
cs.CV 2501.12224
cs.AI 2501.11526
cs.CV 2501.12231
cs.AI 2501.11560
cs.AI 2501.11587
cs.CV 2501.12235
cs.AI 2501.11592
cs.CV 2501.12239
cs.AI 2501.11597
cs.CV 2501.12246
cs.AI 2501.11613
cs.CV 2501.12254
cs.AI 2501.11623
cs.CV 2501.12255
cs.AI 2501.11631
cs.CV 2501.12263
cs.AI 2501.11632
cs.CV 2501.12266
cs.AI 2501.11639
cs.CV 2501.12267
cs.AI 2501.11695
cs.CV 2501.12275
cs.AI 2501.11705
cs.CV 2501.12289
cs.AI 2501.11715
cs.CV 2501.12295
cs.AI 2501.11730
cs.CV 2501.12296
cs.AI 2501.11746
cs.CV 2501.12318
cs.AI 2501.11747
cs.CV 2501.12319
cs.AI 2501.11765
cs.CV 2501.12327
cs.CV 2501.12356
cs.AI 2501.11782
cs.CV 2501.12368
cs.AI 2501.11790
cs.CV 2501.12369
cs.AI 2501.11817
cs.CV 2501.12375
cs.AI 2501.11823
cs.CV 2501.12380
cs.AI 2501.11827
cs.CV 2501.12381
cs.AI 2501.11828
cs.CV 2501.12382
cs.AI 2501.11833
cs.CV 2501.12384
cs.AI 2501.11836
cs.CV 2501.12386
cs.AI 2501.11839
cs.CV 2501.12387
cs.AI 2501.11847
cs.CV 2501.12389
cs.AI 2501.11849
cs.CV 2501.12390
cs.AI 2501.11870
cs.CV 2501.12392
cs.AI 2501.11877
cs.CV 2501.12393
cs.AI 2501.11880
cs.CV 2501.12415
cs.AI 2501.11900
cs.CV 2501.12422
cs.AI 2501.11914
cs.CV 2501.12425
cs.AI 2501.11918
cs.CV 2501.12477
cs.CV 2501.12488
cs.AI 2501.11921
cs.CV 2501.12524
cs.AI 2501.11927
cs.CV 2501.12535
cs.AI 2501.11935
cs.CV 2501.12604
cs.AI 2501.11937
cs.CV 2501.12666
cs.AI 2501.11960
cs.CV 2501.12736
cs.AI 2501.11977
cs.CV 2501.12751
cs.AI 2501.11992
cs.CV 2501.12832
cs.AI 2501.12015
cs.CV 2501.13010
cs.AI 2501.12033
cs.CV 2501.13058
cs.AI 2501.12048
cs.CV 2501.12418
cs.AI 2501.12067
cs.CV 2501.12433
cs.AI 2501.12085
cs.CV 2501.12482
cs.AI 2501.12102
cs.CV 2501.12487
cs.AI 2501.12104
cs.CV 2501.12489
cs.AI 2501.12106
cs.CV 2501.12553
cs.AI 2501.12116
cs.CV 2501.12596
cs.AI 2501.12123
cs.CV 2501.12632
cs.CV 2501.12635
cs.AI 2501.12147
cs.CV 2501.12637
cs.AI 2501.12149
cs.CV 2501.12681
cs.AI 2501.12162
cs.CV 2501.12697
cs.AI 2501.12194
cs.CV 2501.12761
cs.AI 2501.12222
cs.CV 2501.12810
cs.AI 2501.12231
cs.CV 2501.12824
cs.AI 2501.12266
cs.CV 2501.12840
cs.AI 2501.12273
cs.CV 2501.12844
cs.AI 2501.12275
cs.CV 2501.12860
cs.AI 2501.12285
cs.CV 2501.12898
cs.AI 2501.12289
cs.CV 2501.12910
cs.AI 2501.12296
cs.CV 2501.12931
cs.AI 2501.12300
cs.AI 2501.12332
cs.CV 2501.12935
cs.AI 2501.12336
cs.CV 2501.12958
cs.AI 2501.12339
cs.CV 2501.12974
cs.AI 2501.12352
cs.CV 2501.12976
cs.AI 2501.12369
cs.CV 2501.12981
cs.AI 2501.12370
cs.CV 2501.13009
cs.AI 2501.12372
cs.CV 2501.13045
cs.AI 2501.12374
cs.CV 2501.13054
cs.AI 2501.12375
cs.CV 2501.13066
cs.AI 2501.12380
cs.CV 2501.13068
cs.AI 2501.12391
cs.CV 2501.13071
cs.AI 2501.12392
cs.CV 2501.13073
cs.AI 2501.10476
cs.CV 2501.13087
cs.AI 2501.10593
cs.CV 2501.13094
cs.AI 2501.10693
cs.CV 2501.13104
cs.AI 2501.10768
cs.CV 2501.13106
cs.AI 2501.10782
cs.CV 2501.13107
cs.AI 2501.10895
cs.CV 2501.12900
cs.AI 2501.10909
cs.CV 2501.13189
cs.AI 2501.11223
cs.CV 2501.13193
cs.AI 2501.11425
cs.CV 2501.13247
cs.AI 2501.11429
cs.CV 2501.13338
cs.AI 2501.11447
cs.CV 2501.13352
cs.AI 2501.11533
cs.CV 2501.13370
cs.AI 2501.11599
cs.CV 2501.13376
cs.AI 2501.11739
cs.CV 2501.13402
cs.AI 2501.11799
cs.CV 2501.13417
cs.AI 2501.11896
cs.CV 2501.13461
cs.AI 2501.11909
cs.CV 2501.13514
cs.AI 2501.11924
cs.AI 2501.11968
cs.CV 2501.13643
cs.AI 2501.12326
cs.CV 2501.13690
cs.AI 2501.12405
cs.CV 2501.13751
cs.AI 2501.12418
cs.CV 2501.13818
cs.AI 2501.12420
cs.CV 2501.13878
cs.AI 2501.12421
cs.CV 2501.13888
cs.AI 2501.12422
cs.CV 2501.13896
cs.AI 2501.12423
cs.CV 2501.13927
cs.AI 2501.12424
cs.CV 2501.13183
cs.AI 2501.12425
cs.CV 2501.13277
cs.AI 2501.12427
cs.CV 2501.13307
cs.AI 2501.12428
cs.CV 2501.13335
cs.AI 2501.12429
cs.CV 2501.13336
cs.AI 2501.12430
cs.CV 2501.13340
cs.AI 2501.12431
cs.CV 2501.13341
cs.AI 2501.12432
cs.CV 2501.13343
cs.CV 2501.13349
cs.AI 2501.12433
cs.CV 2501.13353
cs.AI 2501.12434
cs.CV 2501.13354
cs.AI 2501.12456
cs.CV 2501.13357
cs.AI 2501.12465
cs.CV 2501.13365
cs.AI 2501.12479
cs.CV 2501.13368
cs.AI 2501.12487
cs.CV 2501.13387
cs.AI 2501.12489
cs.CV 2501.13389
cs.AI 2501.12508
cs.CV 2501.13396
cs.AI 2501.12521
cs.CV 2501.13400
cs.AI 2501.12524
cs.CV 2501.13418
cs.AI 2501.12536
cs.CV 2501.13420
cs.AI 2501.12538
cs.CV 2501.13422
cs.AI 2501.12542
cs.CV 2501.13426
cs.AI 2501.12547
cs.CV 2501.13432
cs.AI 2501.12557
cs.CV 2501.13435
cs.AI 2501.12573
cs.CV 2501.13439
cs.AI 2501.12592
cs.CV 2501.13449
cs.AI 2501.12595
cs.CV 2501.13452
cs.AI 2501.12615
cs.CV 2501.13468
cs.AI 2501.12617
cs.CV 2501.13470
cs.AI 2501.12620
cs.CV 2501.13475
cs.AI 2501.12622
cs.CV 2501.13492
cs.AI 2501.12633
cs.CV 2501.13517
cs.AI 2501.12640
cs.CV 2501.13518
cs.AI 2501.12651
cs.CV 2501.13528
cs.AI 2501.12668
cs.AI 2501.12690
cs.CV 2501.13529
cs.AI 2501.12703
cs.CV 2501.13536
cs.AI 2501.12709
cs.CV 2501.13554
cs.AI 2501.12728
cs.CV 2501.13558
cs.AI 2501.12746
cs.CV 2501.13563
cs.AI 2501.12749
cs.CV 2501.13620
cs.AI 2501.12766
cs.CV 2501.13624
cs.AI 2501.12770
cs.CV 2501.13667
cs.AI 2501.12776
cs.AI 2501.12793
cs.CV 2501.13692
cs.AI 2501.12810
cs.CV 2501.13707
cs.AI 2501.12811
cs.CV 2501.13709
cs.AI 2501.12823
cs.CV 2501.13710
cs.AI 2501.12826
cs.CV 2501.13713
cs.AI 2501.12844
cs.CV 2501.13718
cs.AI 2501.12862
cs.CV 2501.13725
cs.AI 2501.12868
cs.CV 2501.13756
cs.AI 2501.12869
cs.CV 2501.13795
cs.AI 2501.12881
cs.CV 2501.13796
cs.AI 2501.12884
cs.CV 2501.13805
cs.AI 2501.12901
cs.CV 2501.13812
cs.AI 2501.12910
cs.CV 2501.13826
cs.AI 2501.12948
cs.CV 2501.13829
cs.AI 2501.12956
cs.CV 2501.13848
cs.AI 2501.12958
cs.CV 2501.13855
cs.AI 2501.12962
cs.CV 2501.13859
cs.AI 2501.12972
cs.CV 2501.13889
cs.AI 2501.12978
cs.CV 2501.13893
cs.AI 2501.12979
cs.CV 2501.13898
cs.AI 2501.12997
cs.CV 2501.13915
cs.AI 2501.13011
cs.CV 2501.13918
cs.AI 2501.13014
cs.CV 2501.13919
cs.AI 2501.13023
cs.CV 2501.13920
cs.AI 2501.13028
cs.CV 2501.13924
cs.AI 2501.13072
cs.AI 2501.13074
cs.CV 2501.13925
cs.AI 2501.13084
cs.CV 2501.13926
cs.AI 2501.13093
cs.CV 2501.13928
cs.AI 2501.13094
cs.AI 2501.12399
cs.AI 2501.12408
cs.AI 2501.12485
cs.AI 2501.12599
cs.AI 2501.12942
cs.AI 2501.13075
cs.AI 2501.13083
cs.AI 2501.13115
cs.AI 2501.13117
cs.AI 2501.13120
cs.AI 2501.13121
cs.AI 2501.13122
cs.AI 2501.13124
cs.AI 2501.13125
cs.AI 2501.13126
cs.AI 2501.13132
cs.AI 2501.13133
cs.AI 2501.13135
cs.AI 2501.13136
cs.AI 2501.13141
cs.AI 2501.13165
cs.AI 2501.13181
cs.AI 2501.13200
cs.AI 2501.13230
cs.AI 2501.13282
cs.AI 2501.13284
cs.AI 2501.13297
cs.AI 2501.13302
cs.AI 2501.13320
cs.AI 2501.13321
cs.AI 2501.13329
cs.AI 2501.13333
cs.AI 2501.13344
cs.AI 2501.13347
cs.AI 2501.13365
cs.AI 2501.13369
cs.AI 2501.13372
cs.AI 2501.13394
cs.AI 2501.13400
cs.AI 2501.13412
cs.AI 2501.13416
cs.AI 2501.13418
cs.AI 2501.13428
cs.AI 2501.13439
cs.AI 2501.13448
cs.AI 2501.13456
cs.AI 2501.13457
cs.AI 2501.13468
cs.AI 2501.13479
cs.AI 2501.13480
cs.AI 2501.13481
cs.AI 2501.13484
cs.AI 2501.13491
cs.AI 2501.13493
cs.AI 2501.13545
cs.AI 2501.13552
cs.AI 2501.13554
cs.AI 2501.13563
cs.AI 2501.13567
cs.AI 2501.13587
cs.AI 2501.13594
cs.AI 2501.13607
cs.AI 2501.13610
cs.AI 2501.13620
cs.AI 2501.13669
cs.AI 2501.13676
cs.AI 2501.13683
cs.AI 2501.13687
cs.AI 2501.13692
cs.AI 2501.13707
cs.AI 2501.13710
cs.AI 2501.13713
cs.AI 2501.13720
cs.AI 2501.13725
cs.AI 2501.13727
cs.AI 2501.13731
cs.AI 2501.13746
cs.AI 2501.13756
cs.AI 2501.13758
cs.AI 2501.13763
cs.AI 2501.13766
cs.AI 2501.13772
cs.AI 2501.13779
cs.AI 2501.13782
cs.AI 2501.13787
cs.AI 2501.13810
cs.AI 2501.13824
cs.AI 2501.13830
cs.AI 2501.13831
cs.AI 2501.13848
cs.AI 2501.13864
cs.AI 2501.13884
cs.AI 2501.13893
cs.AI 2501.13896
cs.AI 2501.13898
cs.AI 2501.13918
cs.AI 2501.13919
cs.AI 2501.13924
cs.AI 2501.13926
cs.AI 2501.13927
cs.AI 2501.13928
cs.AI 2501.13295
cs.AI 2501.13533
cs.AI 2501.13622
cs.AI 2501.13712
cs.AI 2501.13762
cs.AI 2501.13818
cs.AI 2501.13833
cs.HC 2501.09024
cs.HC 2501.09235
cs.HC 2501.09302
cs.HC 2501.09349
cs.HC 2501.09645
cs.HC 2501.09099
cs.HC 2501.09165
cs.HC 2501.09204
cs.HC 2501.09210
cs.HC 2501.09233
cs.HC 2501.09442
cs.HC 2501.09457
cs.HC 2501.09521
cs.HC 2501.09530
cs.HC 2501.09751
cs.HC 2501.09782
cs.HC 2501.10134
cs.HC 2501.10288
cs.HC 2501.09824
cs.HC 2501.09862
cs.HC 2501.09910
cs.HC 2501.09930
cs.HC 2501.09951
cs.HC 2501.10091
cs.HC 2501.10137
cs.HC 2501.10168
cs.HC 2501.10338
cs.HC 2405.07238
cs.HC 2501.10369
cs.HC 2501.10383
cs.HC 2501.10384
cs.HC 2501.10421
cs.HC 2501.10428
cs.HC 2501.10582
cs.HC 2501.10738
cs.HC 2501.10909
cs.HC 2501.10917
cs.HC 2501.10970
cs.HC 2501.11613
cs.HC 2501.11748
cs.HC 2501.11887
cs.HC 2501.12128
cs.HC 2501.12193
cs.HC 2501.12214
cs.HC 2501.12289
cs.HC 2501.12326
cs.HC 2501.10517
cs.HC 2501.10551
cs.HC 2501.10553
cs.HC 2501.10568
cs.HC 2501.10696
cs.HC 2501.10713
cs.HC 2501.10792
cs.HC 2501.10803
cs.HC 2501.10847
cs.HC 2501.10977
cs.HC 2501.11433
cs.HC 2501.11457
cs.HC 2501.11540
cs.HC 2501.11556
cs.HC 2501.11754
cs.HC 2501.11756
cs.HC 2501.11782
cs.HC 2501.11792
cs.HC 2501.11801
cs.HC 2501.11803
cs.HC 2501.11814
cs.HC 2501.11829
cs.HC 2501.11840
cs.HC 2501.11935
cs.HC 2501.12001
cs.HC 2501.12152
cs.HC 2501.12300
cs.HC 2501.12374
cs.HC 2501.12493
cs.HC 2501.12498
cs.HC 2501.12573
cs.HC 2501.12576
cs.HC 2501.12894
cs.HC 2501.13060
cs.HC 2501.12557
cs.HC 2501.12603
cs.HC 2501.12868
cs.HC 2501.12924
cs.HC 2501.13020
cs.HC 2501.13233
cs.HC 2501.13806
cs.HC 2501.13836
cs.HC 2501.13145
cs.HC 2501.13258
cs.HC 2501.13284
cs.HC 2501.13308
cs.HC 2501.13309
cs.HC 2501.13407
cs.HC 2501.13421
cs.HC 2501.13443
cs.HC 2501.13765
cs.HC 2501.13778
cs.HC 2501.13878
cs.LO 2501.09430
cs.LO 2501.09225
cs.LO 2501.09285
cs.LO 2501.09379
cs.LO 2501.09418
cs.LO 2501.10190
cs.LO 2501.10270
cs.LO 2501.09769
cs.LO 2501.10126
cs.LO 2501.10127
cs.LO 2501.10184
cs.LO 2501.10344
cs.LO 2501.10482
cs.LO 2501.11620
cs.LO 2501.11799
cs.LO 2501.12007
cs.LO 2501.10802
cs.LO 2501.10852
cs.LO 2501.10889
cs.LO 2501.11467
cs.LO 2501.11641
cs.LO 2501.11789
cs.LO 2501.12481
cs.LO 2501.12906
cs.LO 2501.13002
cs.LO 2501.13008
cs.LO 2501.13712
cs.LO 2501.13762
cs.LO 2501.13229
cs.LO 2501.13589
cs.LO 2501.13603
cs.LO 2501.13740
cs.LO 2501.13903
cs.MA 2501.09355
cs.MA 2501.09444
cs.MA 2501.09563
cs.MA 2501.09429
cs.MA 2501.10116
cs.MA 2501.10388
cs.MA 2501.10644
cs.MA 2501.11219
cs.MA 2501.11233
cs.MA 2501.12061
cs.MA 2501.12199
cs.MA 2501.12275
cs.MA 2501.10367
cs.MA 2501.10413
cs.MA 2501.10781
cs.MA 2501.10812
cs.MA 2501.11197
cs.MA 2501.12909
cs.MA 2501.12587
cs.MA 2501.12991
cs.MA 2501.13120
cs.MA 2501.13200
cs.MA 2501.13333
cs.MA 2501.13364
cs.MA 2501.13461
cs.MA 2501.13552
cs.MA 2501.13592
cs.MA 2501.13686
cs.MA 2501.13132
cs.MA 2501.13448
cs.MA 2501.13727
cs.IR 2501.09134
cs.IR 2501.09136
cs.IR 2501.09211
cs.IR 2501.09292
cs.IR 2501.09384
cs.IR 2501.09608
cs.IR 2501.09749
cs.IR 2501.09186
cs.IR 2501.09354
cs.IR 2501.09359
cs.IR 2501.09493
cs.IR 2501.09751
cs.IR 2501.09884
cs.IR 2501.09940
cs.IR 2501.09801
cs.IR 2501.09859
cs.IR 2501.10120
cs.IR 2501.10143
cs.IR 2501.10165
cs.IR 2501.10179
cs.IR 2501.10415
cs.IR 2501.10470
cs.IR 2501.10479
cs.IR 2501.10638
cs.IR 2501.10787
cs.IR 2501.10915
cs.IR 2501.11171
cs.IR 2501.11403
cs.IR 2501.11570
cs.IR 2501.11632
cs.IR 2501.10548
cs.IR 2501.10871
cs.IR 2501.11034
cs.IR 2501.11233
cs.IR 2501.11342
cs.IR 2501.11391
cs.IR 2501.11441
cs.IR 2501.11499
cs.IR 2501.11628
cs.IR 2501.11671
cs.IR 2501.11759
cs.IR 2501.11870
cs.IR 2501.11911
cs.IR 2501.11916
cs.IR 2501.11963
cs.IR 2501.12175
cs.IR 2501.12176
cs.IR 2501.12310
cs.IR 2501.11560
cs.IR 2501.12399
cs.IR 2501.12424
cs.IR 2501.12592
cs.IR 2501.12610
cs.IR 2501.12789
cs.IR 2501.12796
cs.IR 2501.12720
cs.IR 2501.12751
cs.IR 2501.12894
cs.IR 2501.13034
cs.IR 2501.13297
cs.IR 2501.13261
cs.IR 2501.13272
cs.IR 2501.13344
cs.IR 2501.13442
cs.IR 2501.13576
cs.IR 2501.13579
cs.IR 2501.13608
cs.IR 2501.13746
cs.IR 2501.13816
cs.IR 2501.13908
cs.PF 2501.09144
cs.PF 2501.09394
cs.PF 2501.10006
cs.PF 2501.10093
cs.PF 2501.11006
cs.PF 2501.11558
cs.PF 2501.11779
cs.PF 2501.12084
cs.PF 2501.12037
cs.PF 2501.12469
cs.PF 2501.13131
cs.PF 2501.13240
cs.PF 2501.13382
cs.PF 2501.13553
cs.NA 2501.09395
cs.NA 2501.09440
cs.NA 2501.09727
cs.NA 2501.09734
cs.NA 2501.09122
cs.NA 2501.09180
cs.NA 2501.09200
cs.NA 2501.09381
cs.NA 2501.09500
cs.NA 2501.09607
cs.NA 2501.09634
cs.NA 2501.09704
cs.NA 2501.09735
cs.NA 2501.09752
cs.NA 2501.09923
cs.NA 2501.10051
cs.NA 2501.09845
cs.NA 2501.09876
cs.NA 2501.09987
cs.NA 2501.09995
cs.NA 2501.10028
cs.NA 2501.10076
cs.NA 2501.10104
cs.NA 2501.10162
cs.NA 2501.10170
cs.NA 2501.10176
cs.NA 2501.10193
cs.NA 2501.10206
cs.NA 2501.10248
cs.NA 2501.10358
cs.NA 2501.10440
cs.NA 2501.10526
cs.NA 2501.10750
cs.NA 2501.11092
cs.NA 2501.11275
cs.NA 2501.11437
cs.NA 2501.11903
cs.NA 2501.12151
cs.NA 2501.10660
cs.NA 2501.10740
cs.NA 2501.10745
cs.NA 2501.10873
cs.NA 2501.10880
cs.NA 2501.10988
cs.NA 2501.11042
cs.NA 2501.11060
cs.NA 2501.11341
cs.NA 2501.11352
cs.NA 2501.11365
cs.NA 2501.11451
cs.NA 2501.11494
cs.NA 2501.11654
cs.NA 2501.11673
cs.NA 2501.11767
cs.NA 2501.11871
cs.NA 2501.11922
cs.NA 2501.11944
cs.NA 2501.11947
cs.NA 2501.11981
cs.NA 2501.11987
cs.NA 2501.12118
cs.NA 2501.12137
cs.NA 2501.12145
cs.NA 2501.12361
cs.NA 2501.12745
cs.NA 2501.12940
cs.NA 2501.12497
cs.NA 2501.12517
cs.NA 2501.12532
cs.NA 2501.12638
cs.NA 2501.12733
cs.NA 2501.12778
cs.NA 2501.12816
cs.NA 2501.12856
cs.NA 2501.12867
cs.NA 2501.12965
cs.NA 2501.12994
cs.NA 2501.13016
cs.NA 2501.13085
cs.NA 2501.13385
cs.NA 2501.13423
cs.NA 2501.13445
cs.NA 2501.13471
cs.NA 2501.13672
cs.NA 2501.13704
cs.NA 2501.13853
cs.NA 2501.13216
cs.NA 2501.13283
cs.NA 2501.13425
cs.NA 2501.13506
cs.NA 2501.13515
cs.NA 2501.13659
cs.NA 2501.13664
cs.NA 2501.13685
cs.NA 2501.13768
cs.NA 2501.13781
cs.NA 2501.13822
cs.RO 2501.09024
cs.RO 2501.09167
cs.RO 2501.09192
cs.RO 2501.09203
cs.RO 2501.09267
cs.RO 2501.09649
cs.RO 2501.09718
cs.RO 2501.09757
cs.RO 2501.09160
cs.RO 2501.09198
cs.RO 2501.09273
cs.RO 2501.09290
cs.RO 2501.09307
cs.RO 2501.09338
cs.RO 2501.09357
cs.RO 2501.09450
cs.RO 2501.09468
cs.RO 2501.09490
cs.RO 2501.09600
cs.RO 2501.09668
cs.RO 2501.09680
cs.RO 2501.09747
cs.RO 2501.09782
cs.RO 2501.09898
cs.RO 2501.09783
cs.RO 2501.09819
cs.RO 2501.09905
cs.RO 2501.09937
cs.RO 2501.10066
cs.RO 2501.10074
cs.RO 2501.10100
cs.RO 2501.10105
cs.RO 2501.10156
cs.RO 2501.10262
cs.RO 2501.10356
cs.RO 2501.10395
cs.RO 2501.10413
cs.RO 2501.10447
cs.RO 2501.10713
cs.RO 2501.10781
cs.RO 2501.10812
cs.RO 2501.10869
cs.RO 2501.10924
cs.RO 2501.11554
cs.RO 2501.11803
cs.RO 2501.12025
cs.RO 2501.10499
cs.RO 2501.10513
cs.RO 2501.10561
cs.RO 2501.10621
cs.RO 2501.10636
cs.RO 2501.10663
cs.RO 2501.10698
cs.RO 2501.10857
cs.RO 2501.10950
cs.RO 2501.10991
cs.RO 2501.11088
cs.RO 2501.11111
cs.RO 2501.11149
cs.RO 2501.11202
cs.RO 2501.11260
cs.RO 2501.11434
cs.RO 2501.11553
cs.RO 2501.11742
cs.RO 2501.11887
cs.RO 2501.11893
cs.RO 2501.11930
cs.RO 2501.11938
cs.RO 2501.11945
cs.RO 2501.12073
cs.RO 2501.12128
cs.RO 2501.12214
cs.RO 2501.12234
cs.RO 2501.12408
cs.RO 2501.12482
cs.RO 2501.12417
cs.RO 2501.12493
cs.RO 2501.12536
cs.RO 2501.12594
cs.RO 2501.12654
cs.RO 2501.12764
cs.RO 2501.12799
cs.RO 2501.12812
cs.RO 2501.12869
cs.RO 2501.13072
cs.RO 2501.13132
cs.RO 2501.13201
cs.RO 2501.13416
cs.RO 2501.13432
cs.RO 2501.13725
cs.RO 2501.13804
cs.RO 2501.13855
cs.RO 2501.13919
cs.RO 2501.13928
cs.RO 2501.13189
cs.RO 2501.13203
cs.RO 2501.13233
cs.RO 2501.13338
cs.RO 2501.13402
cs.RO 2501.13417
cs.RO 2501.13457
cs.RO 2501.13461
cs.RO 2501.13507
cs.RO 2501.13641
cs.RO 2501.13817
cs.RO 2501.13876
cs.CR 2407.03087
cs.CR 2501.09182
cs.CR 2501.09191
cs.CR 2501.09284
cs.CR 2501.09320
cs.CR 2501.09431
cs.CR 2501.09559
cs.CR 2501.09568
cs.CR 2501.09023
cs.CR 2501.09025
cs.CR 2501.09029
cs.CR 2501.09031
cs.CR 2501.09032
cs.CR 2501.09033
cs.CR 2501.09039
cs.CR 2501.09216
cs.CR 2501.09246
cs.CR 2501.09328
cs.CR 2501.09334
cs.CR 2501.09380
cs.CR 2501.09397
cs.CR 2501.10083
cs.CR 2501.10251
cs.CR 2501.09798
cs.CR 2501.09802
cs.CR 2501.09808
cs.CR 2501.09895
cs.CR 2501.09936
cs.CR 2501.10002
cs.CR 2501.10013
cs.CR 2501.10060
cs.CR 2501.10174
cs.CR 2501.10182
cs.CR 2501.10378
cs.CR 2501.10466
cs.CR 2501.10606
cs.CR 2501.10612
cs.CR 2501.10800
cs.CR 2501.10906
cs.CR 2501.10915
cs.CR 2501.10985
cs.CR 2501.11054
cs.CR 2501.11120
cs.CR 2501.11525
cs.CR 2501.11546
cs.CR 2501.11706
cs.CR 2501.11786
cs.CR 2501.11788
cs.CR 2501.11830
cs.CR 2501.11852
cs.CR 2501.12275
cs.CR 2501.12359
cs.CR 2501.10393
cs.CR 2501.10394
cs.CR 2501.10403
cs.CR 2501.10419
cs.CR 2501.10427
cs.CR 2501.10441
cs.CR 2501.10443
cs.CR 2501.10467
cs.CR 2501.10560
cs.CR 2501.10627
cs.CR 2501.10639
cs.CR 2501.10699
cs.CR 2501.10817
cs.CR 2501.10841
cs.CR 2501.10881
cs.CR 2501.10888
cs.CR 2501.10956
cs.CR 2501.10983
cs.CR 2501.10996
cs.CR 2501.11045
cs.CR 2501.11052
cs.CR 2501.11068
cs.CR 2501.11074
cs.CR 2501.11091
cs.CR 2501.11183
cs.CR 2501.11207
cs.CR 2501.11235
cs.CR 2501.11250
cs.CR 2501.11405
cs.CR 2501.11558
cs.CR 2501.11577
cs.CR 2501.11618
cs.CR 2501.11659
cs.CR 2501.11668
cs.CR 2501.11685
cs.CR 2501.11707
cs.CR 2501.11771
cs.CR 2501.11795
cs.CR 2501.11798
cs.CR 2501.11848
cs.CR 2501.11942
cs.CR 2501.12006
cs.CR 2501.12009
cs.CR 2501.12034
cs.CR 2501.12077
cs.CR 2501.12080
cs.CR 2501.12112
cs.CR 2501.12123
cs.CR 2501.12210
cs.CR 2501.12229
cs.CR 2501.12292
cs.CR 2501.12465
cs.CR 2501.12516
cs.CR 2501.12523
cs.CR 2501.12612
cs.CR 2501.12709
cs.CR 2501.12736
cs.CR 2501.12842
cs.CR 2501.13080
cs.CR 2501.12456
cs.CR 2501.12622
cs.CR 2501.12762
cs.CR 2501.12811
cs.CR 2501.12883
cs.CR 2501.12890
cs.CR 2501.12893
cs.CR 2501.12911
cs.CR 2501.13004
cs.CR 2501.13081
cs.CR 2501.13115
cs.CR 2501.13252
cs.CR 2501.13677
cs.CR 2501.13716
cs.CR 2501.13748
cs.CR 2501.13213
cs.CR 2501.13227
cs.CR 2501.13231
cs.CR 2501.13256
cs.CR 2501.13268
cs.CR 2501.13276
cs.CR 2501.13351
cs.CR 2501.13363
cs.CR 2501.13540
cs.CR 2501.13733
cs.CR 2501.13770
cs.CR 2501.13782
cs.CR 2501.13799
cs.CR 2501.13865
cs.CR 2501.13894
cs.NI 2501.09100
cs.NI 2501.09146
cs.NI 2501.09275
cs.NI 2501.09430
cs.NI 2501.09674
cs.NI 2501.09716
cs.NI 2501.09725
cs.NI 2501.09123
cs.NI 2501.09125
cs.NI 2501.09383
cs.NI 2501.09391
cs.NI 2501.09405
cs.NI 2501.09410
cs.NI 2501.09808
cs.NI 2501.09822
cs.NI 2501.09837
cs.NI 2501.09996
cs.NI 2501.10007
cs.NI 2501.10016
cs.NI 2501.10093
cs.NI 2501.10138
cs.NI 2501.10154
cs.NI 2501.10006
cs.NI 2501.10159
cs.NI 2501.10224
cs.NI 2501.10285
cs.NI 2501.10396
cs.NI 2501.10403
cs.NI 2501.10627
cs.NI 2501.10712
cs.NI 2501.11107
cs.NI 2501.11247
cs.NI 2501.11333
cs.NI 2501.11593
cs.NI 2501.11605
cs.NI 2501.12037
cs.NI 2501.11198
cs.NI 2501.11410
cs.NI 2501.11484
cs.NI 2501.11574
cs.NI 2501.11984
cs.NI 2501.11994
cs.NI 2501.12033
cs.NI 2501.12304
cs.NI 2501.12317
cs.NI 2501.12576
cs.NI 2501.12708
cs.NI 2501.13086
cs.NI 2501.13099
cs.NI 2501.12502
cs.NI 2501.12589
cs.NI 2501.12656
cs.NI 2501.12659
cs.NI 2501.12783
cs.NI 2501.12792
cs.NI 2501.12829
cs.NI 2501.13227
cs.NI 2501.13540
cs.NI 2501.13551
cs.NI 2501.13606
cs.NI 2501.13138
cs.NI 2501.13144
cs.NI 2501.13280
cs.NI 2501.13431
cs.NI 2501.13508
cs.NI 2501.13570
cs.NI 2501.13671
cs.NI 2501.13716
cs.NI 2501.13744
cs.NI 2501.13843
cs.PL 2501.09225
cs.PL 2501.09144
cs.PL 2501.09201
cs.PL 2501.09430
cs.PL 2501.09667
cs.PL 2501.10054
cs.PL 2501.10560
cs.PL 2501.10802
cs.PL 2501.11001
cs.PL 2501.11252
cs.PL 2501.11501
cs.PL 2501.11613
cs.PL 2501.12093
cs.PL 2501.10668
cs.PL 2501.12313
cs.PL 2501.13002
cs.PL 2501.12618
cs.PL 2501.12702
cs.PL 2501.13262
cs.PL 2501.13603
cs.PL 2501.13194
cs.PL 2501.13633
cs.OS 2501.06234
cs.OS 2501.06716
cs.OS 2501.08249
cs.OS 2501.08484
cs.OS 2501.10002
cs.OS 2501.10138
cs.OS 2501.11366
cs.OS 2501.11179
cs.CL 2501.09041
cs.CL 2501.09134
cs.CL 2501.09136
cs.CL 2501.09155
cs.CL 2501.09294
cs.CL 2501.09309
cs.CL 2501.09311
cs.CL 2501.09425
cs.CL 2501.09431
cs.CL 2501.09521
cs.CL 2501.09527
cs.CL 2501.09645
cs.CL 2501.09686
cs.CL 2501.09745
cs.CL 2501.09056
cs.CL 2501.09092
cs.CL 2501.09126
cs.CL 2501.09127
cs.CL 2501.09154
cs.CL 2501.09158
cs.CL 2501.09164
cs.CL 2501.09213
cs.CL 2501.09214
cs.CL 2501.09219
cs.CL 2501.09223
cs.CL 2501.09258
cs.CL 2501.09265
cs.CL 2501.09292
cs.CL 2501.09310
cs.CL 2501.09326
cs.CL 2501.09349
cs.CL 2501.09384
cs.CL 2501.09409
cs.CL 2501.09426
cs.CL 2501.09444
cs.CL 2501.09451
cs.CL 2501.09484
cs.CL 2501.09512
cs.CL 2501.09538
cs.CL 2501.09561
cs.CL 2501.09604
cs.CL 2501.09653
cs.CL 2501.09706
cs.CL 2501.09719
cs.CL 2501.09722
cs.CL 2501.09749
cs.CL 2501.09751
cs.CL 2501.09798
cs.CL 2501.09801
cs.CL 2501.09804
cs.CL 2501.09929
cs.CL 2501.09950
cs.CL 2501.09982
cs.CL 2501.10062
cs.CL 2501.10179
cs.CL 2501.10282
cs.CL 2501.10326
cs.CL 2501.09765
cs.CL 2501.09766
cs.CL 2501.09767
cs.CL 2501.09768
cs.CL 2501.09775
cs.CL 2501.09777
cs.CL 2501.09813
cs.CL 2501.09825
cs.CL 2501.09928
cs.CL 2501.09940
cs.CL 2501.09943
cs.CL 2501.09957
cs.CL 2501.09959
cs.CL 2501.09993
cs.CL 2501.09997
cs.CL 2501.10024
cs.CL 2501.10057
cs.CL 2501.10072
cs.CL 2501.10107
cs.CL 2501.10132
cs.CL 2501.10150
cs.CL 2501.10175
cs.CL 2501.10316
cs.CL 2501.10319
cs.CL 2501.10322
cs.CL 2501.10328
cs.CL 2501.10361
cs.CL 2501.10377
cs.CL 2501.10388
cs.CL 2501.10408
cs.CL 2501.10542
cs.CL 2501.10604
cs.CL 2501.10639
cs.CL 2501.10661
cs.CL 2501.10668
cs.CL 2501.10674
cs.CL 2501.10688
cs.CL 2501.10913
cs.CL 2501.10967
cs.CL 2501.10969
cs.CL 2501.11031
cs.CL 2501.11107
cs.CL 2501.11223
cs.CL 2501.11233
cs.CL 2501.11264
cs.CL 2501.11284
cs.CL 2501.11441
cs.CL 2501.11498
cs.CL 2501.11592
cs.CL 2501.11599
cs.CL 2501.11651
cs.CL 2501.11858
cs.CL 2501.11873
cs.CL 2501.12067
cs.CL 2501.12206
cs.CL 2501.12231
cs.CL 2501.12243
cs.CL 2501.12266
cs.CL 2501.12326
cs.CL 2501.12368
cs.CL 2501.12380
cs.CL 2501.10483
cs.CL 2501.10487
cs.CL 2501.10573
cs.CL 2501.10582
cs.CL 2501.10642
cs.CL 2501.10648
cs.CL 2501.10685
cs.CL 2501.10731
cs.CL 2501.10739
cs.CL 2501.10741
cs.CL 2501.10836
cs.CL 2501.10860
cs.CL 2501.10868
cs.CL 2501.10879
cs.CL 2501.10915
cs.CL 2501.10937
cs.CL 2501.10943
cs.CL 2501.10970
cs.CL 2501.11003
cs.CL 2501.11012
cs.CL 2501.11023
cs.CL 2501.11035
cs.CL 2501.11036
cs.CL 2501.11041
cs.CL 2501.11067
cs.CL 2501.11090
cs.CL 2501.11094
cs.CL 2501.11110
cs.CL 2501.11114
cs.CL 2501.11120
cs.CL 2501.11123
cs.CL 2501.11128
cs.CL 2501.11166
cs.CL 2501.11170
cs.CL 2501.11199
cs.CL 2501.11241
cs.CL 2501.11269
cs.CL 2501.11273
cs.CL 2501.11292
cs.CL 2501.11301
cs.CL 2501.11335
cs.CL 2501.11403
cs.CL 2501.11417
cs.CL 2501.11440
cs.CL 2501.11463
cs.CL 2501.11478
cs.CL 2501.11496
cs.CL 2501.11549
cs.CL 2501.11551
cs.CL 2501.11613
cs.CL 2501.11621
cs.CL 2501.11632
cs.CL 2501.11639
cs.CL 2501.11712
cs.CL 2501.11721
cs.CL 2501.11733
cs.CL 2501.11747
cs.CL 2501.11765
cs.CL 2501.11770
cs.CL 2501.11786
cs.CL 2501.11790
cs.CL 2501.11828
cs.CL 2501.11833
cs.CL 2501.11849
cs.CL 2501.11851
cs.CL 2501.11852
cs.CL 2501.11877
cs.CL 2501.11885
cs.CL 2501.11900
cs.CL 2501.11914
cs.CL 2501.11918
cs.CL 2501.11951
cs.CL 2501.11953
cs.CL 2501.11960
cs.CL 2501.11967
cs.CL 2501.11977
cs.CL 2501.12011
cs.CL 2501.12051
cs.CL 2501.12106
cs.CL 2501.12147
cs.CL 2501.12162
cs.CL 2501.12183
cs.CL 2501.12273
cs.CL 2501.12332
cs.CL 2501.12336
cs.CL 2501.11560
cs.CL 2501.12399
cs.CL 2501.12405
cs.CL 2501.12431
cs.CL 2501.12432
cs.CL 2501.12433
cs.CL 2501.12486
cs.CL 2501.12539
cs.CL 2501.12557
cs.CL 2501.13100
cs.CL 2501.12537
cs.CL 2501.12538
cs.CL 2501.12540
cs.CL 2501.12547
cs.CL 2501.12570
cs.CL 2501.12602
cs.CL 2501.12612
cs.CL 2501.12619
cs.CL 2501.12640
cs.CL 2501.12651
cs.CL 2501.12660
cs.CL 2501.12698
cs.CL 2501.12746
cs.CL 2501.12766
cs.CL 2501.12774
cs.CL 2501.12775
cs.CL 2501.12789
cs.CL 2501.12794
cs.CL 2501.12826
cs.CL 2501.12835
cs.CL 2501.12851
cs.CL 2501.12877
cs.CL 2501.12895
cs.CL 2501.12901
cs.CL 2501.12909
cs.CL 2501.12943
cs.CL 2501.12948
cs.CL 2501.12954
cs.CL 2501.12955
cs.CL 2501.12959
cs.CL 2501.12975
cs.CL 2501.12979
cs.CL 2501.12980
cs.CL 2501.13007
cs.CL 2501.13042
cs.CL 2501.13074
cs.CL 2501.13080
cs.CL 2501.13284
cs.CL 2501.13333
cs.CL 2501.13484
cs.CL 2501.13497
cs.CL 2501.13536
cs.CL 2501.13676
cs.CL 2501.13778
cs.CL 2501.13826
cs.CL 2501.13833
cs.CL 2501.13919
cs.CL 2501.13920
cs.CL 2501.13926
cs.CL 2501.13115
cs.CL 2501.13117
cs.CL 2501.13120
cs.CL 2501.13121
cs.CL 2501.13122
cs.CL 2501.13124
cs.CL 2501.13125
cs.CL 2501.13126
cs.CL 2501.13264
cs.CL 2501.13288
cs.CL 2501.13297
cs.CL 2501.13299
cs.CL 2501.13302
cs.CL 2501.13381
cs.CL 2501.13391
cs.CL 2501.13397
cs.CL 2501.13419
cs.CL 2501.13428
cs.CL 2501.13467
cs.CL 2501.13491
cs.CL 2501.13545
cs.CL 2501.13567
cs.CL 2501.13573
cs.CL 2501.13609
cs.CL 2501.13629
cs.CL 2501.13652
cs.CL 2501.13669
cs.CL 2501.13682
cs.CL 2501.13687
cs.CL 2501.13699
cs.CL 2501.13720
cs.CL 2501.13726
cs.CL 2501.13731
cs.CL 2501.13735
cs.CL 2501.13758
cs.CL 2501.13766
cs.CL 2501.13773
cs.CL 2501.13787
cs.CL 2501.13806
cs.CL 2501.13824
cs.CL 2501.13831
cs.CL 2501.13836
cs.CL 2501.13880
cs.CL 2501.13896
cs.CL 2501.13912
cs.CL 2501.13921
cs.CL 2501.13927
cs.IT 2501.09022
cs.IT 2501.09528
cs.IT 2501.09622
cs.IT 2501.09712
cs.IT 2501.09106
cs.IT 2501.09174
cs.IT 2501.09351
cs.IT 2501.09362
cs.IT 2501.09400
cs.IT 2501.09408
cs.IT 2501.09520
cs.IT 2501.09710
cs.IT 2501.01271
cs.IT 2501.09837
cs.IT 2501.10030
cs.IT 2501.10066
cs.IT 2501.10152
cs.IT 2501.10163
cs.IT 2501.10166
cs.IT 2501.10201
cs.IT 2501.10227
cs.IT 2501.10245
cs.IT 2501.09961
cs.IT 2501.10099
cs.IT 2501.10103
cs.IT 2501.10122
cs.IT 2501.10251
cs.IT 2501.10309
cs.IT 2412.11236
cs.IT 2412.19086
cs.IT 2501.10376
cs.IT 2501.10607
cs.IT 2501.10609
cs.IT 2501.10672
cs.IT 2501.11009
cs.IT 2501.11167
cs.IT 2501.11229
cs.IT 2501.11230
cs.IT 2501.11280
cs.IT 2501.11413
cs.IT 2501.11421
cs.IT 2501.11447
cs.IT 2501.11593
cs.IT 2501.11788
cs.IT 2501.11869
cs.IT 2501.11980
cs.IT 2501.12009
cs.IT 2501.12072
cs.IT 2501.12092
cs.IT 2501.12310
cs.IT 2501.12359
cs.IT 2501.12365
cs.IT 2501.10429
cs.IT 2501.10629
cs.IT 2501.10630
cs.IT 2501.10645
cs.IT 2501.10670
cs.IT 2501.10694
cs.IT 2501.10700
cs.IT 2501.10705
cs.IT 2501.10712
cs.IT 2501.10743
cs.IT 2501.10753
cs.IT 2501.10756
cs.IT 2501.10791
cs.IT 2501.10824
cs.IT 2501.10854
cs.IT 2501.10875
cs.IT 2501.10896
cs.IT 2501.10926
cs.IT 2501.10953
cs.IT 2501.10974
cs.IT 2501.11015
cs.IT 2501.11109
cs.IT 2501.11122
cs.IT 2501.11126
cs.IT 2501.11129
cs.IT 2501.11133
cs.IT 2501.11190
cs.IT 2501.11282
cs.IT 2501.11283
cs.IT 2501.11313
cs.IT 2501.11353
cs.IT 2501.11371
cs.IT 2501.11393
cs.IT 2501.11395
cs.IT 2501.11459
cs.IT 2501.11473
cs.IT 2501.11487
cs.IT 2501.11502
cs.IT 2501.11505
cs.IT 2501.11636
cs.IT 2501.11740
cs.IT 2501.11745
cs.IT 2501.11757
cs.IT 2501.11834
cs.IT 2501.11842
cs.IT 2501.11855
cs.IT 2501.11860
cs.IT 2501.11881
cs.IT 2501.11883
cs.IT 2501.11905
cs.IT 2501.11921
cs.IT 2501.11926
cs.IT 2501.11931
cs.IT 2501.11978
cs.IT 2501.11993
cs.IT 2501.12058
cs.IT 2501.12066
cs.IT 2501.12124
cs.IT 2501.12135
cs.IT 2501.12148
cs.IT 2501.12167
cs.IT 2501.12186
cs.IT 2501.12227
cs.IT 2501.12251
cs.IT 2501.12271
cs.IT 2501.12274
cs.IT 2501.12280
cs.IT 2501.12286
cs.IT 2501.12293
cs.IT 2501.12294
cs.IT 2501.12322
cs.IT 2501.12330
cs.IT 2501.12348
cs.IT 2501.12371
cs.IT 2501.12379
cs.IT 2501.12859
cs.IT 2501.12861
cs.IT 2501.13018
cs.IT 2501.12528
cs.IT 2501.12548
cs.IT 2501.12584
cs.IT 2501.12588
cs.IT 2501.12752
cs.IT 2501.12771
cs.IT 2501.12773
cs.IT 2501.12834
cs.IT 2501.12921
cs.IT 2501.12938
cs.IT 2501.12971
cs.IT 2501.12984
cs.IT 2501.13021
cs.IT 2501.13025
cs.IT 2501.13086
cs.IT 2501.13092
cs.IT 2501.13093
cs.IT 2501.13099
cs.IT 2501.13100
cs.IT 2501.13105
cs.IT 2501.12447
cs.IT 2501.13242
cs.IT 2501.13358
cs.IT 2501.13403
cs.IT 2501.13431
cs.IT 2501.13462
cs.IT 2501.13607
cs.IT 2501.13833
cs.IT 2501.13865
cs.IT 2501.13906
cs.IT 2501.13923
cs.IT 2501.13192
cs.IT 2501.13212
cs.IT 2501.13278
cs.IT 2501.13298
cs.IT 2501.13380
cs.IT 2501.13405
cs.IT 2501.13414
cs.IT 2501.13444
cs.IT 2501.13534
cs.IT 2501.13551
cs.IT 2501.13582
cs.IT 2501.13606
cs.IT 2501.13625
cs.IT 2501.13650
cs.IT 2501.13724
cs.IT 2501.13736
cs.IT 2501.13780
cs.IT 2501.13784
cs.IT 2501.13814
cs.SI 2501.09178
cs.SI 2501.09275
cs.SI 2501.09026
cs.SI 2501.09027
cs.SI 2501.09028
cs.SI 2501.09035
cs.SI 2501.09102
cs.SI 2501.09805
cs.SI 2501.09856
cs.SI 2501.09909
cs.SI 2501.09950
cs.SI 2412.19086
cs.SI 2501.10990
cs.SI 2501.11226
cs.SI 2501.11241
cs.SI 2501.11711
cs.SI 2501.11770
cs.SI 2501.11817
cs.SI 2501.11823
cs.SI 2501.11849
cs.SI 2501.10557
cs.SI 2501.10940
cs.SI 2501.11024
cs.SI 2501.11084
cs.SI 2501.11165
cs.SI 2501.11605
cs.SI 2501.12076
cs.SI 2501.12198
cs.SI 2501.12208
cs.SI 2501.12272
cs.SI 2501.12669
cs.SI 2501.12571
cs.SI 2501.12886
cs.SI 2501.12946
cs.SI 2501.13014
cs.SI 2501.13061
cs.SI 2501.13623
cs.SI 2501.13215
cs.SI 2501.13561
cs.SE 2501.09182
cs.SE 2501.09310
cs.SE 2501.09135
cs.SE 2501.09191
cs.SE 2501.09236
cs.SE 2501.09319
cs.SE 2501.09434
cs.SE 2501.09475
cs.SE 2501.09592
cs.SE 2501.09657
cs.SE 2501.09694
cs.SE 2501.09745
cs.SE 2501.09846
cs.SE 2501.09861
cs.SE 2501.09866
cs.SE 2501.09872
cs.SE 2501.09879
cs.SE 2501.09888
cs.SE 2501.09892
cs.SE 2501.09955
cs.SE 2501.10037
cs.SE 2501.10200
cs.SE 2501.10269
cs.SE 2501.10313
cs.SE 2501.10363
cs.SE 2501.10365
cs.SE 2501.10415
cs.SE 2501.10467
cs.SE 2501.10889
cs.SE 2501.11006
cs.SE 2501.11395
cs.SE 2501.11792
cs.SE 2501.12313
cs.SE 2501.10542
cs.SE 2501.10624
cs.SE 2501.10711
cs.SE 2501.10738
cs.SE 2501.10872
cs.SE 2501.10981
cs.SE 2501.11001
cs.SE 2501.11031
cs.SE 2501.11086
cs.SE 2501.11107
cs.SE 2501.11252
cs.SE 2501.11264
cs.SE 2501.11354
cs.SE 2501.11366
cs.SE 2501.11431
cs.SE 2501.11498
cs.SE 2501.11501
cs.SE 2501.11543
cs.SE 2501.11545
cs.SE 2501.11546
cs.SE 2501.11550
cs.SE 2501.11597
cs.SE 2501.11709
cs.SE 2501.11748
cs.SE 2501.11774
cs.SE 2501.11778
cs.SE 2501.11787
cs.SE 2501.11864
cs.SE 2501.11940
cs.SE 2501.11965
cs.SE 2501.12079
cs.SE 2501.12090
cs.SE 2501.12093
cs.SE 2501.12134
cs.SE 2501.12166
cs.SE 2501.12269
cs.SE 2501.12339
cs.SE 2501.12456
cs.SE 2501.12618
cs.SE 2501.12420
cs.SE 2501.12423
cs.SE 2501.12461
cs.SE 2501.12521
cs.SE 2501.12560
cs.SE 2501.12598
cs.SE 2501.12617
cs.SE 2501.12680
cs.SE 2501.12728
cs.SE 2501.12793
cs.SE 2501.12862
cs.SE 2501.12878
cs.SE 2501.12904
cs.SE 2501.12932
cs.SE 2501.12934
cs.SE 2501.12972
cs.SE 2501.13692
cs.SE 2501.13699
cs.SE 2501.13782
cs.SE 2501.13111
cs.SE 2501.13257
cs.SE 2501.13282
cs.SE 2501.13291
cs.SE 2501.13411
cs.SE 2501.13480
cs.SE 2501.13520
cs.SE 2501.13644
cs.SE 2501.13742
cs.SE 2501.13832
cs.SC 2501.06699
cs.SC 2501.06707
cs.SC 2501.07123
cs.SC 2501.08086
cs.SC 2501.08561
cs.SC 2501.09201
cs.SC 2501.09729
cs.SC 2501.13680
stat.AP 2501.09308
stat.AP 2501.09684
stat.AP 2501.09156
stat.AP 2501.09358
stat.AP 2501.10289
stat.AP 2501.10299
stat.AP 2501.10675
stat.AP 2501.10726
stat.AP 2501.11083
stat.AP 2501.11084
stat.AP 2501.11261
stat.AP 2501.11573
stat.AP 2501.11578
stat.AP 2501.11637
stat.AP 2501.11649
stat.AP 2501.11760
stat.AP 2501.11809
stat.AP 2501.11860
stat.AP 2501.11869
stat.AP 2501.12198
stat.AP 2501.10401
stat.AP 2501.10423
stat.AP 2501.10460
stat.AP 2501.10535
stat.AP 2501.11104
stat.AP 2501.11131
stat.AP 2501.11315
stat.AP 2501.11514
stat.AP 2501.11650
stat.AP 2501.12278
stat.AP 2501.12400
stat.AP 2501.12453
stat.AP 2501.12471
stat.AP 2501.12596
stat.AP 2501.12531
stat.AP 2501.13191
stat.AP 2501.13285
stat.AP 2501.13355
stat.AP 2501.13187
stat.AP 2501.13366
stat.AP 2501.13583
stat.AP 2501.13777
stat.AP 2501.13823
stat.ML 2501.09137
stat.ML 2501.09156
stat.ML 2501.09163
stat.ML 2501.09217
stat.ML 2501.09224
stat.ML 2501.09331
stat.ML 2501.09345
stat.ML 2501.09683
stat.ML 2501.09685
stat.ML 2501.09691
stat.ML 2501.09022
stat.ML 2501.09262
stat.ML 2501.09336
stat.ML 2501.09731
stat.ML 2501.10025
stat.ML 2501.10051
stat.ML 2501.10077
stat.ML 2501.10139
stat.ML 2501.10321
stat.ML 2501.10339
stat.ML 2501.09900
stat.ML 2501.09933
stat.ML 2501.10050
stat.ML 2501.10195
stat.ML 2501.10202
stat.ML 2501.10229
stat.ML 2501.10401
stat.ML 2501.10431
stat.ML 2501.10440
stat.ML 2501.10454
stat.ML 2501.10471
stat.ML 2501.10538
stat.ML 2501.10605
stat.ML 2501.10606
stat.ML 2501.10617
stat.ML 2501.10667
stat.ML 2501.10684
stat.ML 2501.10709
stat.ML 2501.10722
stat.ML 2501.10729
stat.ML 2501.10750
stat.ML 2501.10806
stat.ML 2501.10815
stat.ML 2501.10910
stat.ML 2501.10933
stat.ML 2501.10945
stat.ML 2501.11127
stat.ML 2501.11222
stat.ML 2501.11258
stat.ML 2501.11265
stat.ML 2501.11268
stat.ML 2501.11293
stat.ML 2501.11305
stat.ML 2501.11315
stat.ML 2501.11323
stat.ML 2501.11326
stat.ML 2501.11384
stat.ML 2501.11448
stat.ML 2501.11622
stat.ML 2501.11638
stat.ML 2501.11673
stat.ML 2501.11689
stat.ML 2501.11730
stat.ML 2501.11758
stat.ML 2501.11760
stat.ML 2501.11795
stat.ML 2501.11868
stat.ML 2501.12352
stat.ML 2501.12354
stat.ML 2501.12391
stat.ML 2501.10482
stat.ML 2501.10496
stat.ML 2501.10533
stat.ML 2501.10540
stat.ML 2501.10870
stat.ML 2501.10876
stat.ML 2501.10929
stat.ML 2501.11139
stat.ML 2501.11178
stat.ML 2501.11555
stat.ML 2501.11773
stat.ML 2501.12005
stat.ML 2501.12113
stat.ML 2501.12212
stat.ML 2501.12299
stat.ML 2501.12314
stat.ML 2501.12400
stat.ML 2501.12408
stat.ML 2501.12419
stat.ML 2501.12491
stat.ML 2501.12737
stat.ML 2501.12749
stat.ML 2501.12771
stat.ML 2501.12815
stat.ML 2501.13013
stat.ML 2501.12582
stat.ML 2501.12667
stat.ML 2501.12747
stat.ML 2501.12785
stat.ML 2501.12957
stat.ML 2501.12982
stat.ML 2501.13109
stat.ML 2501.13296
stat.ML 2501.13332
stat.ML 2501.13358
stat.ML 2501.13430
stat.ML 2501.13607
stat.ML 2501.13697
stat.ML 2501.13890
stat.ML 2501.13483
stat.ML 2501.13535
stat.ML 2501.13599
stat.ML 2501.13732
eess.AS 2501.09104
eess.AS 2501.09229
eess.AS 2501.09258
eess.AS 2501.09291
eess.AS 2501.09506
eess.AS 2501.09608
eess.AS 2501.09113
eess.AS 2501.09159
eess.AS 2501.09169
eess.AS 2501.09394
eess.AS 2501.09972
eess.AS 2501.10045
eess.AS 2501.10052
eess.AS 2501.10111
eess.AS 2501.10222
eess.AS 2501.09877
eess.AS 2501.10256
eess.AS 2501.10305
eess.AS 2501.10402
eess.AS 2501.10525
eess.AS 2501.10666
eess.AS 2501.10755
eess.AS 2501.10811
eess.AS 2501.10937
eess.AS 2501.11065
eess.AS 2501.11151
eess.AS 2501.11311
eess.AS 2501.11378
eess.AS 2501.11570
eess.AS 2501.11631
eess.AS 2501.11902
eess.AS 2501.12050
eess.AS 2501.12122
eess.AS 2501.12194
eess.AS 2501.12385
eess.AS 2501.10408
eess.AS 2501.10734
eess.AS 2501.10807
eess.AS 2501.11274
eess.AS 2501.11468
eess.AS 2501.11837
eess.AS 2501.11999
eess.AS 2501.12004
eess.AS 2501.12602
eess.AS 2501.12796
eess.AS 2501.12907
eess.AS 2501.12979
eess.AS 2501.12501
eess.AS 2501.12674
eess.AS 2501.12682
eess.AS 2501.12696
eess.AS 2501.13000
eess.AS 2501.13017
eess.AS 2501.13261
eess.AS 2501.13375
eess.AS 2501.13465
eess.AS 2501.13497
eess.AS 2501.13720
eess.AS 2501.13772
eess.AS 2501.13870
eess.AS 2501.13887
eess.AS 2501.13250
eess.AS 2501.13372
eess.AS 2501.13642
eess.AS 2501.13884
cs.LG 2501.09022
cs.LG 2501.09038
cs.LG 2501.09040
cs.LG 2501.09042
cs.LG 2501.09046
cs.LG 2501.09048
cs.LG 2501.09052
cs.LG 2501.09064
cs.LG 2501.09102
cs.LG 2501.09126
cs.LG 2501.09129
cs.LG 2501.09134
cs.LG 2501.09160
cs.LG 2501.09171
cs.LG 2501.09187
cs.LG 2501.09221
cs.LG 2501.09223
cs.LG 2501.09262
cs.LG 2501.09304
cs.LG 2501.09336
cs.LG 2501.09394
cs.LG 2501.09403
cs.LG 2501.09410
cs.LG 2501.09420
cs.LG 2501.09429
cs.LG 2501.09444
cs.LG 2501.09481
cs.LG 2501.09512
cs.LG 2501.09519
cs.LG 2501.09572
cs.LG 2501.09579
cs.LG 2501.09588
cs.LG 2501.09683
cs.LG 2501.09685
cs.LG 2501.09705
cs.LG 2501.09722
cs.LG 2501.09731
cs.LG 2501.09734
cs.LG 2501.09745
cs.LG 2501.09747
cs.LG 2501.09753
cs.LG 2501.09034
cs.LG 2501.09080
cs.LG 2501.09081
cs.LG 2501.09103
cs.LG 2501.09107
cs.LG 2501.09117
cs.LG 2501.09137
cs.LG 2501.09146
cs.LG 2501.09163
cs.LG 2501.09166
cs.LG 2501.09178
cs.LG 2501.09189
cs.LG 2501.09217
cs.LG 2501.09229
cs.LG 2501.09238
cs.LG 2501.09240
cs.LG 2501.09254
cs.LG 2501.09274
cs.LG 2501.09283
cs.LG 2501.09298
cs.LG 2501.09320
cs.LG 2501.09327
cs.LG 2501.09331
cs.LG 2501.09345
cs.LG 2501.09352
cs.LG 2501.09395
cs.LG 2501.09399
cs.LG 2501.09412
cs.LG 2501.09459
cs.LG 2501.09464
cs.LG 2501.09469
cs.LG 2501.09480
cs.LG 2501.09506
cs.LG 2501.09522
cs.LG 2501.09525
cs.LG 2501.09527
cs.LG 2501.09531
cs.LG 2501.09551
cs.LG 2501.09556
cs.LG 2501.09571
cs.LG 2501.09591
cs.LG 2501.09595
cs.LG 2501.09597
cs.LG 2501.09609
cs.LG 2501.09611
cs.LG 2501.09616
cs.LG 2501.09620
cs.LG 2501.09621
cs.LG 2501.09631
cs.LG 2501.09636
cs.LG 2501.09655
cs.LG 2501.09659
cs.LG 2501.09687
cs.LG 2501.09691
cs.LG 2501.09700
cs.LG 2501.09729
cs.LG 2501.09751
cs.LG 2501.09760
cs.LG 2501.09761
cs.LG 2501.09766
cs.LG 2501.09876
cs.LG 2501.09877
cs.LG 2501.09898
cs.LG 2501.09900
cs.LG 2501.09905
cs.LG 2501.09933
cs.LG 2501.09938
cs.LG 2501.09980
cs.LG 2501.09982
cs.LG 2501.10050
cs.LG 2501.10064
cs.LG 2501.10075
cs.LG 2501.10077
cs.LG 2501.10098
cs.LG 2501.10100
cs.LG 2501.10120
cs.LG 2501.10134
cs.LG 2501.10137
cs.LG 2501.10162
cs.LG 2501.10179
cs.LG 2501.10181
cs.LG 2501.10193
cs.LG 2501.10195
cs.LG 2501.10202
cs.LG 2501.10209
cs.LG 2501.10229
cs.LG 2501.10256
cs.LG 2501.10258
cs.LG 2501.10322
cs.LG 2501.09770
cs.LG 2501.09776
cs.LG 2501.09803
cs.LG 2501.09804
cs.LG 2501.09821
cs.LG 2501.09822
cs.LG 2501.09849
cs.LG 2501.09851
cs.LG 2501.09858
cs.LG 2501.09870
cs.LG 2501.09893
cs.LG 2501.09923
cs.LG 2501.09929
cs.LG 2501.09934
cs.LG 2501.09946
cs.LG 2501.09949
cs.LG 2501.09954
cs.LG 2501.09967
cs.LG 2501.10010
cs.LG 2501.10048
cs.LG 2501.10049
cs.LG 2501.10054
cs.LG 2501.10062
cs.LG 2501.10084
cs.LG 2501.10088
cs.LG 2501.10124
cs.LG 2501.10139
cs.LG 2501.10141
cs.LG 2501.10153
cs.LG 2501.10172
cs.LG 2501.10214
cs.LG 2501.10216
cs.LG 2501.10221
cs.LG 2501.10234
cs.LG 2501.10235
cs.LG 2501.10240
cs.LG 2501.10245
cs.LG 2501.10261
cs.LG 2501.10273
cs.LG 2501.10290
cs.LG 2501.10321
cs.LG 2501.10324
cs.LG 2501.10342
cs.LG 2501.10347
cs.LG 2501.10348
cs.LG 2403.17154
cs.LG 2405.07238
cs.LG 2501.10366
cs.LG 2501.10369
cs.LG 2501.10370
cs.LG 2501.10375
cs.LG 2501.10376
cs.LG 2501.10384
cs.LG 2501.10401
cs.LG 2501.10404
cs.LG 2501.10415
cs.LG 2501.10423
cs.LG 2501.10425
cs.LG 2501.10428
cs.LG 2501.10431
cs.LG 2501.10440
cs.LG 2501.10462
cs.LG 2501.10476
cs.LG 2501.10482
cs.LG 2501.10486
cs.LG 2501.10496
cs.LG 2501.10525
cs.LG 2501.10526
cs.LG 2501.10533
cs.LG 2501.10540
cs.LG 2501.10546
cs.LG 2501.10547
cs.LG 2501.10573
cs.LG 2501.10576
cs.LG 2501.10593
cs.LG 2501.10594
cs.LG 2501.10627
cs.LG 2501.10651
cs.LG 2501.10658
cs.LG 2501.10666
cs.LG 2501.10673
cs.LG 2501.10693
cs.LG 2501.10698
cs.LG 2501.10729
cs.LG 2501.10755
cs.LG 2501.10770
cs.LG 2501.10787
cs.LG 2501.10806
cs.LG 2501.10814
cs.LG 2501.10819
cs.LG 2501.10834
cs.LG 2501.10857
cs.LG 2501.10859
cs.LG 2501.10870
cs.LG 2501.10876
cs.LG 2501.10884
cs.LG 2501.10895
cs.LG 2501.10897
cs.LG 2501.10906
cs.LG 2501.10929
cs.LG 2501.10956
cs.LG 2501.11007
cs.LG 2501.11065
cs.LG 2501.11067
cs.LG 2501.11096
cs.LG 2501.11120
cs.LG 2501.11127
cs.LG 2501.11139
cs.LG 2501.11166
cs.LG 2501.11170
cs.LG 2501.11171
cs.LG 2501.11175
cs.LG 2501.11178
cs.LG 2501.11183
cs.LG 2501.11190
cs.LG 2501.11211
cs.LG 2501.11218
cs.LG 2501.11236
cs.LG 2501.11258
cs.LG 2501.11267
cs.LG 2501.11280
cs.LG 2501.11311
cs.LG 2501.11318
cs.LG 2501.11341
cs.LG 2501.11357
cs.LG 2501.11407
cs.LG 2501.11428
cs.LG 2501.11454
cs.LG 2501.11469
cs.LG 2501.11478
cs.LG 2501.11496
cs.LG 2501.11533
cs.LG 2501.11540
cs.LG 2501.11542
cs.LG 2501.11555
cs.LG 2501.11570
cs.LG 2501.11577
cs.LG 2501.11597
cs.LG 2501.11621
cs.LG 2501.11623
cs.LG 2501.11653
cs.LG 2501.11655
cs.LG 2501.11657
cs.LG 2501.11673
cs.LG 2501.11714
cs.LG 2501.11720
cs.LG 2501.11721
cs.LG 2501.11745
cs.LG 2501.11746
cs.LG 2501.11762
cs.LG 2501.11765
cs.LG 2501.11773
cs.LG 2501.11786
cs.LG 2501.11795
cs.LG 2501.11803
cs.LG 2501.11836
cs.LG 2501.11852
cs.LG 2501.11860
cs.LG 2501.11895
cs.LG 2501.11899
cs.LG 2501.11921
cs.LG 2501.11923
cs.LG 2501.11968
cs.LG 2501.12005
cs.LG 2501.12016
cs.LG 2501.12032
cs.LG 2501.12052
cs.LG 2501.12085
cs.LG 2501.12102
cs.LG 2501.12113
cs.LG 2501.12118
cs.LG 2501.12119
cs.LG 2501.12147
cs.LG 2501.12162
cs.LG 2501.12166
cs.LG 2501.12189
cs.LG 2501.12194
cs.LG 2501.12212
cs.LG 2501.12217
cs.LG 2501.12236
cs.LG 2501.12254
cs.LG 2501.12275
cs.LG 2501.12299
cs.LG 2501.12314
cs.LG 2501.12330
cs.LG 2501.12331
cs.LG 2501.12332
cs.LG 2501.12359
cs.LG 2501.12365
cs.LG 2501.12381
cs.LG 2501.12384
cs.LG 2501.12385
cs.LG 2501.12392
cs.LG 2501.10395
cs.LG 2501.10430
cs.LG 2501.10435
cs.LG 2501.10448
cs.LG 2501.10451
cs.LG 2501.10453
cs.LG 2501.10454
cs.LG 2501.10459
cs.LG 2501.10461
cs.LG 2501.10463
cs.LG 2501.10466
cs.LG 2501.10470
cs.LG 2501.10471
cs.LG 2501.10479
cs.LG 2501.10481
cs.LG 2501.10492
cs.LG 2501.10514
cs.LG 2501.10529
cs.LG 2501.10534
cs.LG 2501.10538
cs.LG 2501.10543
cs.LG 2501.10555
cs.LG 2501.10598
cs.LG 2501.10605
cs.LG 2501.10606
cs.LG 2501.10617
cs.LG 2501.10625
cs.LG 2501.10637
cs.LG 2501.10644
cs.LG 2501.10661
cs.LG 2501.10667
cs.LG 2501.10677
cs.LG 2501.10684
cs.LG 2501.10688
cs.LG 2501.10714
cs.LG 2501.10722
cs.LG 2501.10750
cs.LG 2501.10774
cs.LG 2501.10784
cs.LG 2501.10796
cs.LG 2501.10799
cs.LG 2501.10800
cs.LG 2501.10815
cs.LG 2501.10822
cs.LG 2501.10848
cs.LG 2501.10861
cs.LG 2501.10866
cs.LG 2501.10869
cs.LG 2501.10877
cs.LG 2501.10885
cs.LG 2501.10893
cs.LG 2501.10901
cs.LG 2501.10910
cs.LG 2501.10920
cs.LG 2501.10924
cs.LG 2501.10933
cs.LG 2501.10938
cs.LG 2501.10945
cs.LG 2501.10979
cs.LG 2501.10980
cs.LG 2501.10985
cs.LG 2501.11002
cs.LG 2501.11039
cs.LG 2501.11053
cs.LG 2501.11054
cs.LG 2501.11079
cs.LG 2501.11112
cs.LG 2501.11132
cs.LG 2501.11135
cs.LG 2501.11136
cs.LG 2501.11154
cs.LG 2501.11161
cs.LG 2501.11167
cs.LG 2501.11213
cs.LG 2501.11214
cs.LG 2501.11222
cs.LG 2501.11238
cs.LG 2501.11240
cs.LG 2501.11247
cs.LG 2501.11265
cs.LG 2501.11268
cs.LG 2501.11270
cs.LG 2501.11275
cs.LG 2501.11284
cs.LG 2501.11293
cs.LG 2501.11305
cs.LG 2501.11306
cs.LG 2501.11323
cs.LG 2501.11326
cs.LG 2501.11350
cs.LG 2501.11360
cs.LG 2501.11361
cs.LG 2501.11384
cs.LG 2501.11388
cs.LG 2501.11409
cs.LG 2501.11413
cs.LG 2501.11414
cs.LG 2501.11421
cs.LG 2501.11422
cs.LG 2501.11430
cs.LG 2501.11525
cs.LG 2501.11526
cs.LG 2501.11538
cs.LG 2501.11557
cs.LG 2501.11560
cs.LG 2501.11568
cs.LG 2501.11584
cs.LG 2501.11587
cs.LG 2501.11592
cs.LG 2501.11622
cs.LG 2501.11638
cs.LG 2501.11651
cs.LG 2501.11689
cs.LG 2501.11695
cs.LG 2501.11706
cs.LG 2501.11711
cs.LG 2501.11729
cs.LG 2501.11730
cs.LG 2501.11743
cs.LG 2501.11779
cs.LG 2501.11813
cs.LG 2501.11817
cs.LG 2501.11818
cs.LG 2501.11823
cs.LG 2501.11827
cs.LG 2501.11830
cs.LG 2501.11835
cs.LG 2501.11839
cs.LG 2501.11847
cs.LG 2501.11866
cs.LG 2501.11873
cs.LG 2501.11880
cs.LG 2501.11898
cs.LG 2501.11919
cs.LG 2501.11929
cs.LG 2501.11937
cs.LG 2501.11949
cs.LG 2501.11959
cs.LG 2501.11972
cs.LG 2501.11979
cs.LG 2501.12012
cs.LG 2501.12023
cs.LG 2501.12030
cs.LG 2501.12046
cs.LG 2501.12050
cs.LG 2501.12061
cs.LG 2501.12067
cs.LG 2501.12074
cs.LG 2501.12115
cs.LG 2501.12116
cs.LG 2501.12121
cs.LG 2501.12125
cs.LG 2501.12133
cs.LG 2501.12136
cs.LG 2501.12174
cs.LG 2501.12191
cs.LG 2501.12193
cs.LG 2501.12199
cs.LG 2501.12204
cs.LG 2501.12215
cs.LG 2501.12216
cs.LG 2501.12226
cs.LG 2501.12243
cs.LG 2501.12281
cs.LG 2501.12285
cs.LG 2501.12309
cs.LG 2501.12344
cs.LG 2501.12352
cs.LG 2501.12354
cs.LG 2501.12367
cs.LG 2501.12370
cs.LG 2501.12391
cs.LG 2501.12394
cs.LG 2501.12400
cs.LG 2501.12407
cs.LG 2501.12408
cs.LG 2501.12415
cs.LG 2501.12419
cs.LG 2501.12420
cs.LG 2501.12456
cs.LG 2501.12482
cs.LG 2501.12489
cs.LG 2501.12502
cs.LG 2501.12558
cs.LG 2501.12582
cs.LG 2501.12598
cs.LG 2501.12599
cs.LG 2501.12604
cs.LG 2501.12632
cs.LG 2501.12644
cs.LG 2501.12656
cs.LG 2501.12667
cs.LG 2501.12703
cs.LG 2501.12705
cs.LG 2501.12747
cs.LG 2501.12751
cs.LG 2501.12761
cs.LG 2501.12770
cs.LG 2501.12771
cs.LG 2501.12776
cs.LG 2501.12785
cs.LG 2501.12796
cs.LG 2501.12810
cs.LG 2501.12826
cs.LG 2501.12835
cs.LG 2501.12862
cs.LG 2501.12910
cs.LG 2501.12911
cs.LG 2501.12934
cs.LG 2501.12948
cs.LG 2501.12957
cs.LG 2501.12982
cs.LG 2501.12991
cs.LG 2501.13009
cs.LG 2501.13074
cs.LG 2501.13080
cs.LG 2501.13087
cs.LG 2501.13093
cs.LG 2501.13094
cs.LG 2501.13100
cs.LG 2501.12421
cs.LG 2501.12422
cs.LG 2501.12424
cs.LG 2501.12427
cs.LG 2501.12428
cs.LG 2501.12429
cs.LG 2501.12430
cs.LG 2501.12431
cs.LG 2501.12432
cs.LG 2501.12434
cs.LG 2501.12465
cs.LG 2501.12486
cs.LG 2501.12500
cs.LG 2501.12516
cs.LG 2501.12522
cs.LG 2501.12523
cs.LG 2501.12535
cs.LG 2501.12539
cs.LG 2501.12542
cs.LG 2501.12554
cs.LG 2501.12592
cs.LG 2501.12595
cs.LG 2501.12597
cs.LG 2501.12607
cs.LG 2501.12620
cs.LG 2501.12624
cs.LG 2501.12627
cs.LG 2501.12633
cs.LG 2501.12666
cs.LG 2501.12668
cs.LG 2501.12670
cs.LG 2501.12678
cs.LG 2501.12689
cs.LG 2501.12690
cs.LG 2501.12706
cs.LG 2501.12723
cs.LG 2501.12732
cs.LG 2501.12735
cs.LG 2501.12736
cs.LG 2501.12737
cs.LG 2501.12739
cs.LG 2501.12749
cs.LG 2501.12815
cs.LG 2501.12823
cs.LG 2501.12853
cs.LG 2501.12857
cs.LG 2501.12880
cs.LG 2501.12884
cs.LG 2501.12896
cs.LG 2501.12900
cs.LG 2501.12919
cs.LG 2501.12927
cs.LG 2501.12956
cs.LG 2501.12962
cs.LG 2501.12978
cs.LG 2501.12997
cs.LG 2501.13011
cs.LG 2501.13013
cs.LG 2501.13018
cs.LG 2501.13023
cs.LG 2501.13028
cs.LG 2501.13031
cs.LG 2501.13041
cs.LG 2501.13052
cs.LG 2501.13084
cs.LG 2501.13111
cs.LG 2501.13120
cs.LG 2501.13121
cs.LG 2501.13125
cs.LG 2501.13128
cs.LG 2501.13136
cs.LG 2501.13165
cs.LG 2501.13188
cs.LG 2501.13189
cs.LG 2501.13297
cs.LG 2501.13338
cs.LG 2501.13352
cs.LG 2501.13368
cs.LG 2501.13373
cs.LG 2501.13375
cs.LG 2501.13397
cs.LG 2501.13402
cs.LG 2501.13417
cs.LG 2501.13421
cs.LG 2501.13428
cs.LG 2501.13432
cs.LG 2501.13439
cs.LG 2501.13442
cs.LG 2501.13448
cs.LG 2501.13457
cs.LG 2501.13472
cs.LG 2501.13483
cs.LG 2501.13517
cs.LG 2501.13528
cs.LG 2501.13529
cs.LG 2501.13533
cs.LG 2501.13535
cs.LG 2501.13551
cs.LG 2501.13552
cs.LG 2501.13554
cs.LG 2501.13599
cs.LG 2501.13633
cs.LG 2501.13641
cs.LG 2501.13698
cs.LG 2501.13703
cs.LG 2501.13709
cs.LG 2501.13712
cs.LG 2501.13725
cs.LG 2501.13732
cs.LG 2501.13756
cs.LG 2501.13758
cs.LG 2501.13772
cs.LG 2501.13780
cs.LG 2501.13782
cs.LG 2501.13787
cs.LG 2501.13818
cs.LG 2501.13820
cs.LG 2501.13828
cs.LG 2501.13830
cs.LG 2501.13831
cs.LG 2501.13848
cs.LG 2501.13855
cs.LG 2501.13893
cs.LG 2501.13896
cs.LG 2501.13918
cs.LG 2501.13919
cs.LG 2501.13920
cs.LG 2501.13924
cs.LG 2501.13133
cs.LG 2501.13139
cs.LG 2501.13141
cs.LG 2501.13198
cs.LG 2501.13200
cs.LG 2501.13219
cs.LG 2501.13223
cs.LG 2501.13225
cs.LG 2501.13230
cs.LG 2501.13241
cs.LG 2501.13247
cs.LG 2501.13252
cs.LG 2501.13271
cs.LG 2501.13273
cs.LG 2501.13274
cs.LG 2501.13296
cs.LG 2501.13312
cs.LG 2501.13329
cs.LG 2501.13331
cs.LG 2501.13332
cs.LG 2501.13333
cs.LG 2501.13347
cs.LG 2501.13350
cs.LG 2501.13358
cs.LG 2501.13369
cs.LG 2501.13385
cs.LG 2501.13390
cs.LG 2501.13392
cs.LG 2501.13394
cs.LG 2501.13412
cs.LG 2501.13416
cs.LG 2501.13430
cs.LG 2501.13451
cs.LG 2501.13453
cs.LG 2501.13456
cs.LG 2501.13479
cs.LG 2501.13484
cs.LG 2501.13493
cs.LG 2501.13516
cs.LG 2501.13584
cs.LG 2501.13587
cs.LG 2501.13592
cs.LG 2501.13597
cs.LG 2501.13598
cs.LG 2501.13604
cs.LG 2501.13607
cs.LG 2501.13638
cs.LG 2501.13648
cs.LG 2501.13676
cs.LG 2501.13677
cs.LG 2501.13683
cs.LG 2501.13704
cs.LG 2501.13734
cs.LG 2501.13743
cs.LG 2501.13748
cs.LG 2501.13763
cs.LG 2501.13767
cs.LG 2501.13776
cs.LG 2501.13779
cs.LG 2501.13786
cs.LG 2501.13790
cs.LG 2501.13794
cs.LG 2501.13810
cs.LG 2501.13851
cs.LG 2501.13864
cs.LG 2501.13883
cs.LG 2501.13887
cs.LG 2501.13888
cs.LG 2501.13890
cs.LG 2501.13904
cs.LG 2501.13905
cs.LG 2501.13916
eess.SP 2501.09106
eess.SP 2501.09351
eess.SP 2501.09400
eess.SP 2501.09403
eess.SP 2501.09405
eess.SP 2501.09551
eess.SP 2501.09212
eess.SP 2501.09234
eess.SP 2501.09416
eess.SP 2501.09519
eess.SP 2501.09533
eess.SP 2501.09918
eess.SP 2501.10182
eess.SP 2501.09759
eess.SP 2501.09761
eess.SP 2501.09837
eess.SP 2501.09992
eess.SP 2501.10136
eess.SP 2501.10155
eess.SP 2501.10166
eess.SP 2501.10219
eess.SP 2501.10227
eess.SP 2501.10292
eess.SP 2412.11236
eess.SP 2501.10376
eess.SP 2501.10393
eess.SP 2501.10525
eess.SP 2501.10629
eess.SP 2501.10630
eess.SP 2501.10670
eess.SP 2501.10694
eess.SP 2501.10705
eess.SP 2501.10753
eess.SP 2501.10791
eess.SP 2501.10854
eess.SP 2501.10875
eess.SP 2501.10891
eess.SP 2501.11079
eess.SP 2501.11168
eess.SP 2501.11190
eess.SP 2501.11229
eess.SP 2501.11323
eess.SP 2501.11351
eess.SP 2501.11409
eess.SP 2501.11410
eess.SP 2501.11837
eess.SP 2501.11842
eess.SP 2501.11905
eess.SP 2501.11921
eess.SP 2501.11926
eess.SP 2501.12113
eess.SP 2501.10402
eess.SP 2501.10404
eess.SP 2501.10405
eess.SP 2501.10407
eess.SP 2501.10428
eess.SP 2501.10609
eess.SP 2501.10654
eess.SP 2501.10657
eess.SP 2501.10676
eess.SP 2501.10689
eess.SP 2501.10794
eess.SP 2501.10829
eess.SP 2501.10865
eess.SP 2501.10878
eess.SP 2501.10908
eess.SP 2501.10941
eess.SP 2501.10952
eess.SP 2501.11028
eess.SP 2501.11062
eess.SP 2501.11093
eess.SP 2501.11147
eess.SP 2501.11230
eess.SP 2501.11243
eess.SP 2501.11261
eess.SP 2501.11266
eess.SP 2501.11307
eess.SP 2501.11330
eess.SP 2501.11385
eess.SP 2501.11389
eess.SP 2501.11392
eess.SP 2501.11453
eess.SP 2501.11460
eess.SP 2501.11583
eess.SP 2501.11591
eess.SP 2501.11593
eess.SP 2501.11594
eess.SP 2501.11646
eess.SP 2501.11687
eess.SP 2501.11708
eess.SP 2501.11737
eess.SP 2501.11763
eess.SP 2501.11780
eess.SP 2501.11844
eess.SP 2501.11974
eess.SP 2501.11980
eess.SP 2501.11986
eess.SP 2501.12092
eess.SP 2501.12094
eess.SP 2501.12209
eess.SP 2501.12311
eess.SP 2501.12353
eess.SP 2501.12417
eess.SP 2501.12584
eess.SP 2501.12644
eess.SP 2501.12696
eess.SP 2501.12773
eess.SP 2501.12838
eess.SP 2501.13003
eess.SP 2501.13099
eess.SP 2501.12551
eess.SP 2501.12693
eess.SP 2501.12861
eess.SP 2501.12983
eess.SP 2501.12988
eess.SP 2501.13006
eess.SP 2501.13231
eess.SP 2501.13379
eess.SP 2501.13405
eess.SP 2501.13109
eess.SP 2501.13242
eess.SP 2501.13339
eess.SP 2501.13403
eess.SP 2501.13464
eess.SP 2501.13472
eess.SP 2501.13488
eess.SP 2501.13500
eess.SP 2501.13541
eess.SP 2501.13552
eess.SP 2501.13698
eess.SP 2501.13717
eess.SP 2501.13750
eess.SP 2501.13793
math.OC 2501.09137
math.OC 2501.09143
math.OC 2501.09262
math.OC 2501.09560
math.OC 2501.09727
math.OC 2501.09735
math.OC 2501.09088
math.OC 2501.09097
math.OC 2501.09150
math.OC 2501.09173
math.OC 2501.09192
math.OC 2501.09249
math.OC 2501.09289
math.OC 2501.09385
math.OC 2501.09452
math.OC 2501.09467
math.OC 2501.09516
math.OC 2501.09523
math.OC 2501.09563
math.OC 2501.09581
math.OC 2501.09713
math.OC 2501.09734
math.OC 2501.09845
math.OC 2501.09946
math.OC 2501.09828
math.OC 2501.10051
math.OC 2501.10173
math.OC 2501.10258
math.OC 2501.10268
math.OC 2501.10306
math.OC 2501.10380
math.OC 2501.10381
math.OC 2501.10670
math.OC 2501.10740
math.OC 2501.10745
math.OC 2501.10859
math.OC 2501.10895
math.OC 2501.10918
math.OC 2501.10984
math.OC 2501.11352
math.OC 2501.11382
math.OC 2501.11394
math.OC 2501.11446
math.OC 2501.11576
math.OC 2501.11673
math.OC 2501.11955
math.OC 2501.12156
math.OC 2501.12243
math.OC 2501.10444
math.OC 2501.10465
math.OC 2501.10473
math.OC 2501.10523
math.OC 2501.10572
math.OC 2501.10742
math.OC 2501.10769
math.OC 2501.10778
math.OC 2501.10806
math.OC 2501.10934
math.OC 2501.10972
math.OC 2501.10986
math.OC 2501.11127
math.OC 2501.11255
math.OC 2501.11355
math.OC 2501.11397
math.OC 2501.11544
math.OC 2501.11608
math.OC 2501.11616
math.OC 2501.11662
math.OC 2501.11700
math.OC 2501.11808
math.OC 2501.11903
math.OC 2501.11915
math.OC 2501.11946
math.OC 2501.11988
math.OC 2501.12063
math.OC 2501.12189
math.OC 2501.12219
math.OC 2501.12236
math.OC 2501.12256
math.OC 2501.12279
math.OC 2501.12355
math.OC 2501.12357
math.OC 2501.12505
math.OC 2501.12518
math.OC 2501.12591
math.OC 2501.12678
math.OC 2501.12913
math.OC 2501.12916
math.OC 2501.12956
math.OC 2501.13085
math.OC 2501.12533
math.OC 2501.12717
math.OC 2501.12725
math.OC 2501.12731
math.OC 2501.12745
math.OC 2501.12804
math.OC 2501.12939
math.OC 2501.13038
math.OC 2501.13143
math.OC 2501.13191
math.OC 2501.13192
math.OC 2501.13203
math.OC 2501.13346
math.OC 2501.13385
math.OC 2501.13516
math.OC 2501.13640
math.OC 2501.13226
math.OC 2501.13244
math.OC 2501.13270
math.OC 2501.13345
math.OC 2501.13445
math.OC 2501.13489
math.OC 2501.13557
math.OC 2501.13612
math.OC 2501.13637
math.OC 2501.13819
math.OC 2501.13825
math.OC 2501.13830
math.OC 2501.13835
math.OC 2501.13842
math.OC 2501.13886
cs.SD 2501.09113
cs.SD 2501.09159
cs.SD 2501.09169
cs.SD 2501.09229
cs.SD 2501.09258
cs.SD 2501.09291
cs.SD 2501.09394
cs.SD 2501.09506
cs.SD 2501.09104
cs.SD 2501.09608
cs.SD 2501.10256
cs.SD 2501.09972
cs.SD 2501.10045
cs.SD 2501.10052
cs.SD 2501.10111
cs.SD 2501.10222
cs.SD 2501.10402
cs.SD 2501.10408
cs.SD 2501.10734
cs.SD 2501.10807
cs.SD 2501.10937
cs.SD 2501.11274
cs.SD 2501.11468
cs.SD 2501.11837
cs.SD 2501.11999
cs.SD 2501.12004
cs.SD 2501.12050
cs.SD 2501.10525
cs.SD 2501.10666
cs.SD 2501.10755
cs.SD 2501.10811
cs.SD 2501.11065
cs.SD 2501.11151
cs.SD 2501.11311
cs.SD 2501.11378
cs.SD 2501.11570
cs.SD 2501.11631
cs.SD 2501.11902
cs.SD 2501.12122
cs.SD 2501.12194
cs.SD 2501.12385
cs.SD 2501.12501
cs.SD 2501.12602
cs.SD 2501.12674
cs.SD 2501.12682
cs.SD 2501.12696
cs.SD 2501.12979
cs.SD 2501.13000
cs.SD 2501.13017
cs.SD 2501.12796
cs.SD 2501.12907
cs.SD 2501.13250
cs.SD 2501.13261
cs.SD 2501.13720
cs.SD 2501.13884
cs.SD 2501.13887
cs.SD 2501.13306
cs.SD 2501.13375
cs.SD 2501.13465
cs.SD 2501.13497
cs.SD 2501.13772
cs.SD 2501.13870
stat.CO 2501.08355
stat.CO 2501.08748
stat.CO 2501.08779
stat.CO 2501.08366
stat.CO 2501.10229
stat.CO 2501.10440
stat.CO 2501.10482
stat.CO 2501.10655
stat.CO 2501.10930
stat.CO 2501.11189
stat.CO 2501.11731
stat.CO 2501.11743
stat.CO 2501.10585
stat.CO 2501.10845
stat.CO 2501.11448
stat.CO 2501.11604
stat.CO 2501.12471
stat.CO 2501.12837
stat.CO 2501.12718
stat.CO 2501.13535
cs.SY 2501.09173
cs.SY 2501.09192
cs.SY 2501.09289
cs.SY 2501.09338
cs.SY 2501.09357
cs.SY 2501.09430
cs.SY 2501.09551
cs.SY 2501.09143
cs.SY 2501.09324
cs.SY 2501.09509
cs.SY 2501.09513
cs.SY 2501.09665
cs.SY 2501.09858
cs.SY 2501.10093
cs.SY 2501.10201
cs.SY 2501.10262
cs.SY 2501.09832
cs.SY 2501.09853
cs.SY 2501.09857
cs.SY 2501.09889
cs.SY 2501.09944
cs.SY 2501.09948
cs.SY 2501.10030
cs.SY 2501.10063
cs.SY 2501.10097
cs.SY 2501.10196
cs.SY 2501.10236
cs.SY 2501.10337
cs.SY 2501.10392
cs.SY 2501.10413
cs.SY 2501.10429
cs.SY 2501.10430
cs.SY 2501.10441
cs.SY 2501.10492
cs.SY 2501.10523
cs.SY 2501.10605
cs.SY 2501.10625
cs.SY 2501.10637
cs.SY 2501.10806
cs.SY 2501.10920
cs.SY 2501.10974
cs.SY 2501.11136
cs.SY 2501.11255
cs.SY 2501.11467
cs.SY 2501.11553
cs.SY 2501.11903
cs.SY 2501.11915
cs.SY 2501.11921
cs.SY 2501.11938
cs.SY 2501.12043
cs.SY 2501.12113
cs.SY 2501.12236
cs.SY 2501.12256
cs.SY 2501.12279
cs.SY 2501.10396
cs.SY 2501.10436
cs.SY 2501.10437
cs.SY 2501.10438
cs.SY 2501.10446
cs.SY 2501.10447
cs.SY 2501.10592
cs.SY 2501.10610
cs.SY 2501.10690
cs.SY 2501.10827
cs.SY 2501.10839
cs.SY 2501.10842
cs.SY 2501.10859
cs.SY 2501.11188
cs.SY 2501.11246
cs.SY 2501.11333
cs.SY 2501.11338
cs.SY 2501.11374
cs.SY 2501.11406
cs.SY 2501.11495
cs.SY 2501.11522
cs.SY 2501.11532
cs.SY 2501.11542
cs.SY 2501.11626
cs.SY 2501.11633
cs.SY 2501.11655
cs.SY 2501.11699
cs.SY 2501.11704
cs.SY 2501.11820
cs.SY 2501.12156
cs.SY 2501.12288
cs.SY 2501.12362
cs.SY 2501.12408
cs.SY 2501.12542
cs.SY 2501.12564
cs.SY 2501.12573
cs.SY 2501.13028
cs.SY 2501.13099
cs.SY 2501.12473
cs.SY 2501.12626
cs.SY 2501.12769
cs.SY 2501.12830
cs.SY 2501.12833
cs.SY 2501.12892
cs.SY 2501.12902
cs.SY 2501.12913
cs.SY 2501.12914
cs.SY 2501.12916
cs.SY 2501.12969
cs.SY 2501.12989
cs.SY 2501.12993
cs.SY 2501.13003
cs.SY 2501.13132
cs.SY 2501.13137
cs.SY 2501.13268
cs.SY 2501.13457
cs.SY 2501.13516
cs.SY 2501.13592
cs.SY 2501.13744
cs.SY 2501.13817
cs.SY 2501.13825
cs.SY 2501.13885
cs.SY 2501.13199
cs.SY 2501.13236
cs.SY 2501.13324
cs.SY 2501.13473
cs.SY 2501.13474
cs.SY 2501.13503
cs.SY 2501.13555
cs.SY 2501.13697
cs.SY 2501.13703
cs.SY 2501.13804
stat.TH 2501.09022
stat.TH 2501.09336
stat.TH 2501.09500
stat.TH 2501.09648
stat.TH 2501.09691
stat.TH 2501.09483
stat.TH 2501.09900
stat.TH 2501.10263
stat.TH 2501.10302
stat.TH 2501.09983
stat.TH 2501.10025
stat.TH 2501.10208
stat.TH 2501.10538
stat.TH 2501.10660
stat.TH 2501.10815
stat.TH 2501.11210
stat.TH 2501.11314
stat.TH 2501.11421
stat.TH 2501.11689
stat.TH 2501.11773
stat.TH 2501.11868
stat.TH 2501.12212
stat.TH 2501.10897
stat.TH 2501.10898
stat.TH 2501.11208
stat.TH 2501.11280
stat.TH 2501.12179
stat.TH 2501.12693
stat.TH 2501.12747
stat.TH 2501.13093
stat.TH 2501.13037
stat.TH 2501.06133
stat.TH 2501.13187
stat.TH 2501.13265
stat.TH 2501.13525
stat.TH 2501.13625
stat.TH 2501.13879
stat.TH 2501.13323
stat.TH 2501.13820
eess.IV 2501.09129
eess.IV 2501.09224
eess.IV 2501.09268
eess.IV 2501.09352
eess.IV 2501.09420
eess.IV 2501.09506
eess.IV 2501.09753
eess.IV 2501.09046
eess.IV 2501.09049
eess.IV 2501.09052
eess.IV 2501.09053
eess.IV 2501.09054
eess.IV 2501.09096
eess.IV 2501.09101
eess.IV 2501.09116
eess.IV 2501.09185
eess.IV 2501.09305
eess.IV 2501.09396
eess.IV 2501.09403
eess.IV 2501.09815
eess.IV 2501.09838
eess.IV 2501.09994
eess.IV 2501.09999
eess.IV 2501.10199
eess.IV 2501.09799
eess.IV 2501.09863
eess.IV 2501.09935
eess.IV 2501.10068
eess.IV 2501.10128
eess.IV 2501.10547
eess.IV 2501.10727
eess.IV 2501.11132
eess.IV 2501.11159
eess.IV 2501.11225
eess.IV 2501.11258
eess.IV 2501.11263
eess.IV 2501.11462
eess.IV 2501.11586
eess.IV 2501.12023
eess.IV 2501.12082
eess.IV 2501.12102
eess.IV 2501.12216
eess.IV 2501.12235
eess.IV 2501.12384
eess.IV 2501.10757
eess.IV 2501.10770
eess.IV 2501.10814
eess.IV 2501.10851
eess.IV 2501.10891
eess.IV 2501.11014
eess.IV 2501.11196
eess.IV 2501.11221
eess.IV 2501.11253
eess.IV 2501.11276
eess.IV 2501.11511
eess.IV 2501.11512
eess.IV 2501.11520
eess.IV 2501.11734
eess.IV 2501.11755
eess.IV 2501.11854
eess.IV 2501.11869
eess.IV 2501.12244
eess.IV 2501.12245
eess.IV 2501.12323
eess.IV 2501.12331
eess.IV 2501.12487
eess.IV 2501.13009
eess.IV 2501.13068
eess.IV 2501.13071
eess.IV 2501.12415
eess.IV 2501.12425
eess.IV 2501.12477
eess.IV 2501.12488
eess.IV 2501.12524
eess.IV 2501.12604
eess.IV 2501.12705
eess.IV 2501.12832
eess.IV 2501.13010
eess.IV 2501.13247
eess.IV 2501.13336
eess.IV 2501.13357
eess.IV 2501.13387
eess.IV 2501.13528
eess.IV 2501.13116
eess.IV 2501.13128
eess.IV 2501.13129
eess.IV 2501.13130
eess.IV 2501.13131
eess.IV 2501.13134
eess.IV 2501.13193
eess.IV 2501.13334
eess.IV 2501.13352
eess.IV 2501.13370
eess.IV 2501.13376
eess.IV 2501.13514
eess.IV 2501.13595
eess.IV 2501.13643
eess.IV 2501.13690
eess.IV 2501.13751
astro-ph.IM 2501.09057
astro-ph.IM 2501.09076
astro-ph.IM 2501.09072
astro-ph.IM 2501.09112
astro-ph.IM 2501.09241
astro-ph.IM 2501.09488
astro-ph.IM 2501.09489
astro-ph.IM 2501.09724
astro-ph.IM 2501.09748
astro-ph.IM 2501.09809
astro-ph.IM 2501.09883
astro-ph.IM 2501.10213
astro-ph.IM 2501.10272
astro-ph.IM 2501.10277
astro-ph.IM 2501.09816
astro-ph.IM 2501.09894
astro-ph.IM 2501.10079
astro-ph.IM 2501.10488
astro-ph.IM 2501.10500
astro-ph.IM 2501.10623
astro-ph.IM 2501.11528
astro-ph.IM 2501.11585
astro-ph.IM 2501.11601
astro-ph.IM 2501.11682
astro-ph.IM 2501.11723
astro-ph.IM 2501.11845
astro-ph.IM 2501.12002
astro-ph.IM 2501.10486
astro-ph.IM 2501.10653
astro-ph.IM 2501.10978
astro-ph.IM 2501.11698
astro-ph.IM 2501.11762
astro-ph.IM 2501.11822
astro-ph.IM 2501.12207
astro-ph.IM 2501.11692
astro-ph.IM 2501.12460
astro-ph.IM 2501.12525
astro-ph.IM 2501.12743
astro-ph.IM 2501.12757
astro-ph.IM 2501.12922
astro-ph.IM 2501.12970
astro-ph.IM 2501.13046
astro-ph.IM 2501.12466
astro-ph.IM 2501.12499
astro-ph.IM 2501.12562
astro-ph.IM 2501.12614
astro-ph.IM 2501.12684
astro-ph.IM 2501.12716
astro-ph.IM 2501.12781
astro-ph.IM 2501.12809
astro-ph.IM 2501.12928
astro-ph.IM 2501.12977
astro-ph.IM 2501.12999
astro-ph.IM 2501.13090
astro-ph.IM 2501.13149
astro-ph.IM 2501.13211
astro-ph.IM 2501.13286
astro-ph.IM 2501.13846
astro-ph.IM 2501.13160
astro-ph.IM 2501.13266
math.DS 2501.09202
math.DS 2501.09295
math.DS 2501.09582
math.DS 2501.09599
math.DS 2501.09852
math.DS 2501.10169
math.DS 2501.10353
math.DS 2501.10473
math.DS 2501.10616
math.DS 2501.10707
math.DS 2501.10745
math.DS 2501.10795
math.DS 2501.11032
math.DS 2501.11497
math.DS 2501.11725
math.DS 2501.11913
math.DS 2501.12027
math.DS 2501.12120
math.DS 2501.12156
math.DS 2501.10584
math.DS 2501.10591
math.DS 2501.10932
math.DS 2501.10949
math.DS 2501.11228
math.DS 2501.11357
math.DS 2501.11359
math.DS 2501.11423
math.DS 2501.11476
math.DS 2501.11530
math.DS 2501.11656
math.DS 2501.11941
math.DS 2501.12100
math.DS 2501.12142
math.DS 2501.12158
math.DS 2501.12165
math.DS 2501.12569
math.DS 2501.12626
math.DS 2501.12940
math.DS 2501.12944
math.DS 2501.12663
math.DS 2501.12721
math.DS 2501.12843
math.DS 2501.12952
math.DS 2501.13089
math.DS 2501.12763
math.DS 2501.13329
math.DS 2501.13565
math.DS 2501.13856
math.DS 2501.13909
math.DS 2501.13301
math.DS 2501.13498
math.DS 2501.13714
math.DS 2501.13728
math.DS 2501.13729
math.DS 2501.13738
math.DS 2501.13774
nlin.AO 2501.07977
nlin.AO 2501.08683
nlin.AO 2501.09546
nlin.AO 2501.09340
nlin.AO 2501.11432
nlin.AO 2501.11769
nlin.AO 2501.11835
nlin.AO 2501.12301
nlin.AO 2501.12807
nlin.AO 2501.13078
nlin.SI 2501.08424
nlin.SI 2501.08437
nlin.SI 2501.08777
nlin.SI 2501.08250
nlin.SI 2501.09313
nlin.SI 2501.09463
nlin.SI 2501.10475
nlin.SI 2501.12462
nlin.SI 2501.12858
nlin.SI 2501.13012
nlin.SI 2501.13539
math.PR 2501.09022
math.PR 2501.09097
math.PR 2501.09142
math.PR 2501.09173
math.PR 2501.09270
math.PR 2501.09392
math.PR 2501.09408
math.PR 2501.09693
math.PR 2501.09105
math.PR 2501.09176
math.PR 2501.09323
math.PR 2501.09365
math.PR 2501.09511
math.PR 2501.09543
math.PR 2501.09623
math.PR 2501.09660
math.PR 2501.09677
math.PR 2501.09727
math.PR 2501.09741
math.PR 2501.09821
math.PR 2501.09956
math.PR 2501.10333
math.PR 2501.10036
math.PR 2501.10096
math.PR 2501.10169
math.PR 2501.10226
math.PR 2501.10302
math.PR 2501.10329
math.PR 2501.10331
math.PR 2501.10444
math.PR 2501.10460
math.PR 2501.10472
math.PR 2501.10482
math.PR 2501.10951
math.PR 2501.10975
math.PR 2501.11018
math.PR 2501.11076
math.PR 2501.11092
math.PR 2501.11382
math.PR 2501.11393
math.PR 2501.11394
math.PR 2501.11423
math.PR 2501.11611
math.PR 2501.11656
math.PR 2501.11743
math.PR 2501.11941
math.PR 2501.12205
math.PR 2501.12212
math.PR 2501.12373
math.PR 2501.10522
math.PR 2501.10611
math.PR 2501.10798
math.PR 2501.10820
math.PR 2501.10939
math.PR 2501.10987
math.PR 2501.10994
math.PR 2501.11077
math.PR 2501.11095
math.PR 2501.11180
math.PR 2501.11226
math.PR 2501.11314
math.PR 2501.11322
math.PR 2501.11379
math.PR 2501.11398
math.PR 2501.11445
math.PR 2501.11573
math.PR 2501.11589
math.PR 2501.11624
math.PR 2501.11648
math.PR 2501.11718
math.PR 2501.11731
math.PR 2501.11732
math.PR 2501.11797
math.PR 2501.11853
math.PR 2501.11874
math.PR 2501.11886
math.PR 2501.11913
math.PR 2501.12088
math.PR 2501.12170
math.PR 2501.12172
math.PR 2501.12228
math.PR 2501.12257
math.PR 2501.12360
math.PR 2501.12513
math.PR 2501.12591
math.PR 2501.12688
math.PR 2501.12731
math.PR 2501.12480
math.PR 2501.12505
math.PR 2501.12664
math.PR 2501.12763
math.PR 2501.12866
math.PR 2501.12944
math.PR 2501.13044
math.PR 2501.13079
math.PR 2501.11724
math.PR 2501.13143
math.PR 2501.13265
math.PR 2501.13386
math.PR 2501.13498
math.PR 2501.13754
math.PR 2501.13814
math.PR 2501.13820
math.PR 2501.13844
math.PR 2501.13845
math.PR 2501.13897
math.PR 2501.13208
math.PR 2501.13447
math.PR 2501.13565
math.PR 2501.13655
math.PR 2501.13813
math.PR 2501.13854
physics.comp-ph 2501.08839
physics.comp-ph 2501.09034
physics.comp-ph 2501.09308
physics.comp-ph 2501.09702
physics.comp-ph 2501.09089
physics.comp-ph 2501.09252
physics.comp-ph 2501.09590
physics.comp-ph 2501.10086
physics.comp-ph 2501.10145
physics.comp-ph 2501.10594
physics.comp-ph 2501.10626
physics.comp-ph 2501.10724
physics.comp-ph 2501.10907
physics.comp-ph 2501.10934
physics.comp-ph 2501.11115
physics.comp-ph 2501.11146
physics.comp-ph 2501.11191
physics.comp-ph 2501.11239
physics.comp-ph 2501.11727
physics.comp-ph 2501.12042
physics.comp-ph 2501.12146
physics.comp-ph 2501.12222
physics.comp-ph 2501.12301
physics.comp-ph 2501.10398
physics.comp-ph 2501.10946
physics.comp-ph 2501.10965
physics.comp-ph 2501.11370
physics.comp-ph 2501.11962
physics.comp-ph 2501.12095
physics.comp-ph 2501.12149
physics.comp-ph 2501.12468
physics.comp-ph 2501.12705
physics.comp-ph 2501.12755
physics.comp-ph 2501.12825
physics.comp-ph 2501.12925
physics.comp-ph 2501.13095
physics.comp-ph 2501.12780
physics.comp-ph 2501.12950
physics.comp-ph 2501.13240
physics.comp-ph 2501.13350
physics.comp-ph 2501.13495
physics.comp-ph 2501.13681
physics.comp-ph 2501.13706
physics.comp-ph 2501.13801
physics.comp-ph 2501.13108
physics.comp-ph 2501.13478
physics.comp-ph 2501.13512
physics.comp-ph 2501.13631
physics.ins-det 2501.09259
physics.ins-det 2501.09030
physics.ins-det 2501.09388
physics.ins-det 2501.09587
physics.ins-det 2501.09764
physics.ins-det 2501.10044
physics.ins-det 2501.09774
physics.ins-det 2501.09988
physics.ins-det 2501.10207
physics.ins-det 2501.10237
physics.ins-det 2501.10249
physics.ins-det 2501.10385
physics.ins-det 2501.10405
physics.ins-det 2501.10556
physics.ins-det 2501.11349
physics.ins-det 2501.11528
physics.ins-det 2501.11531
physics.ins-det 2501.11698
physics.ins-det 2501.11796
physics.ins-det 2501.12171
physics.ins-det 2501.12253
physics.ins-det 2501.12297
physics.ins-det 2501.10697
physics.ins-det 2501.10843
physics.ins-det 2501.10964
physics.ins-det 2501.10993
physics.ins-det 2501.11000
physics.ins-det 2501.12003
physics.ins-det 2501.12999
physics.ins-det 2501.12409
physics.ins-det 2501.12410
physics.ins-det 2501.12738
physics.ins-det 2501.12838
physics.ins-det 2501.13196
physics.ins-det 2501.13206
physics.ins-det 2501.13543
physics.ins-det 2501.13789
physics.ins-det 2501.13127
physics.ins-det 2501.13562
physics.ins-det 2501.13647
physics.ins-det 2501.13755
cond-mat.dis-nn 2501.09064
cond-mat.dis-nn 2501.09288
cond-mat.dis-nn 2501.09498
cond-mat.dis-nn 2501.09650
cond-mat.dis-nn 2501.09932
cond-mat.dis-nn 2501.10039
cond-mat.dis-nn 2501.10257
cond-mat.dis-nn 2501.10211
cond-mat.dis-nn 2501.10669
cond-mat.dis-nn 2501.10890
cond-mat.dis-nn 2501.10975
cond-mat.dis-nn 2501.11026
cond-mat.dis-nn 2501.11638
cond-mat.dis-nn 2501.12111
cond-mat.dis-nn 2501.12139
cond-mat.dis-nn 2501.12201
cond-mat.dis-nn 2501.10549
cond-mat.dis-nn 2501.11259
cond-mat.dis-nn 2501.12903
cond-mat.dis-nn 2501.13005
cond-mat.dis-nn 2501.13161
cond-mat.dis-nn 2501.13177
cond-mat.dis-nn 2501.13190
cond-mat.dis-nn 2501.13454
cond-mat.dis-nn 2501.13459
cond-mat.dis-nn 2501.13625
cond-mat.dis-nn 2501.13205
econ.TH 2501.09740
econ.TH 2501.09139
econ.TH 2501.09778
econ.TH 2501.09835
econ.TH 2501.09875
econ.TH 2501.09977
econ.TH 2501.09979
econ.TH 2501.09981
econ.TH 2501.10986
econ.TH 2501.11897
econ.TH 2501.11753
econ.TH 2501.12669
econ.TH 2501.12926
econ.TH 2501.13019
econ.TH 2501.13324
econ.TH 2501.13346
econ.TH 2501.13410
econ.TH 2501.13721
physics.optics 2501.09259
physics.optics 2501.09261
physics.optics 2501.09417
physics.optics 2501.09424
physics.optics 2501.09535
physics.optics 2501.09568
physics.optics 2501.09624
physics.optics 2501.09207
physics.optics 2501.09263
physics.optics 2501.09297
physics.optics 2501.09322
physics.optics 2501.09332
physics.optics 2501.09335
physics.optics 2501.09376
physics.optics 2501.09387
physics.optics 2501.09419
physics.optics 2501.09507
physics.optics 2501.09548
physics.optics 2501.09569
physics.optics 2501.09570
physics.optics 2501.09577
physics.optics 2501.09639
physics.optics 2501.09664
physics.optics 2501.09673
nlin.CD 2501.07781
physics.optics 2501.09728
physics.optics 2501.09818
nlin.CD 2501.08147
physics.optics 2501.10087
physics.optics 2501.10142
nlin.CD 2501.07956
physics.optics 2501.10278
nlin.CD 2501.08793
physics.optics 2501.10293
nlin.CD 2501.08967
physics.optics 2501.09758
nlin.CD 2501.08437
physics.optics 2501.09945
nlin.CD 2501.08839
physics.optics 2501.09952
nlin.CD 2501.10894
physics.optics 2501.09989
nlin.CD 2501.11409
physics.optics 2501.10022
nlin.CD 2501.11889
physics.optics 2501.10023
nlin.CD 2501.11894
physics.optics 2501.10029
nlin.CD 2501.12188
physics.optics 2501.10044
nlin.CD 2501.12220
physics.optics 2501.10055
nlin.CD 2501.12451
physics.optics 2501.10198
nlin.CD 2501.12398
physics.optics 2501.10250
nlin.CD 2501.12426
nlin.CD 2501.12645
physics.optics 2501.10254
nlin.CD 2501.12753
physics.optics 2501.10340
nlin.CD 2501.12874
physics.optics 2501.10345
nlin.CD 2501.13078
nlin.CD 2501.13900
physics.optics 2501.10351
physics.optics 2501.06759
physics.optics 2501.11058
physics.optics 2501.11802
physics.optics 2501.11850
physics.optics 2501.11861
physics.optics 2501.11933
physics.optics 2501.12036
physics.optics 2501.12042
physics.optics 2501.12185
physics.optics 2501.12328
physics.optics 2501.10536
physics.optics 2501.10575
physics.optics 2501.10577
physics.optics 2501.10760
physics.optics 2501.10856
physics.optics 2501.10911
physics.optics 2501.11152
physics.optics 2501.11169
physics.optics 2501.11172
physics.optics 2501.11251
physics.optics 2501.11289
physics.optics 2501.11343
physics.optics 2501.11418
physics.optics 2501.11426
physics.optics 2501.11528
physics.optics 2501.11590
physics.optics 2501.11811
physics.optics 2501.11843
physics.optics 2501.11920
physics.optics 2501.12262
physics.optics 2501.12270
physics.optics 2501.12677
physics.optics 2501.13098
physics.optics 2501.12476
physics.optics 2501.12496
physics.optics 2501.12511
physics.optics 2501.12527
physics.optics 2501.12671
physics.optics 2501.12695
physics.optics 2501.12744
physics.optics 2501.12754
physics.optics 2501.12825
physics.optics 2501.12839
physics.optics 2501.12879
physics.optics 2501.12899
physics.optics 2501.12912
physics.optics 2501.12947
physics.optics 2501.12996
physics.optics 2501.13029
physics.optics 2501.13047
physics.optics 2501.13065
physics.optics 2501.13334
physics.optics 2501.13378
physics.optics 2501.13184
physics.optics 2501.13206
physics.optics 2501.13246
physics.optics 2501.13319
physics.optics 2501.13356
physics.optics 2501.13440
physics.optics 2501.13454
physics.optics 2501.13566
physics.optics 2501.13568
physics.optics 2501.13572
physics.optics 2501.13574
physics.optics 2501.13591
physics.optics 2501.13711
physics.optics 2501.13860
physics.optics 2501.13874
physics.app-ph 2501.09064
physics.app-ph 2501.09148
physics.app-ph 2501.09175
physics.app-ph 2501.09259
physics.app-ph 2501.09297
physics.app-ph 2501.09332
physics.app-ph 2501.09335
physics.app-ph 2501.09453
physics.app-ph 2501.09661
physics.app-ph 2501.09664
physics.app-ph 2501.09701
physics.app-ph 2501.09728
physics.app-ph 2501.09184
physics.app-ph 2501.09402
physics.app-ph 2501.09723
physics.app-ph 2501.09759
physics.app-ph 2501.09818
physics.app-ph 2501.09945
physics.app-ph 2501.09965
physics.app-ph 2501.09989
physics.app-ph 2501.10171
physics.app-ph 2501.10198
physics.app-ph 2501.10351
physics.app-ph 2501.09812
physics.app-ph 2501.09885
physics.app-ph 2501.10123
physics.app-ph 2501.10142
physics.app-ph 2501.10317
physics.app-ph 2501.10424
physics.app-ph 2501.10442
physics.app-ph 2501.10575
physics.app-ph 2501.10843
physics.app-ph 2501.11204
physics.app-ph 2501.11289
physics.app-ph 2501.11323
physics.app-ph 2501.11348
physics.app-ph 2501.11492
physics.app-ph 2501.11553
physics.app-ph 2501.11590
physics.app-ph 2501.11808
physics.app-ph 2501.11843
physics.app-ph 2501.11920
physics.app-ph 2501.11947
physics.app-ph 2501.12042
physics.app-ph 2501.12078
physics.app-ph 2501.10628
physics.app-ph 2501.10762
physics.app-ph 2501.11256
physics.app-ph 2501.11995
physics.app-ph 2501.12177
physics.app-ph 2501.12468
physics.app-ph 2501.12644
physics.app-ph 2501.12657
physics.app-ph 2501.12754
physics.app-ph 2501.12879
physics.app-ph 2501.12947
physics.app-ph 2501.12963
physics.app-ph 2501.12546
physics.app-ph 2501.13263
physics.app-ph 2501.13546
physics.app-ph 2501.13705
physics.app-ph 2501.13388
physics.data-an 2501.08356
physics.data-an 2501.08433
physics.data-an 2501.08865
physics.data-an 2501.08919
physics.data-an 2501.08845
physics.data-an 2501.08898
physics.data-an 2501.08961
physics.data-an 2501.08966
physics.data-an 2501.10339
physics.data-an 2501.10145
physics.data-an 2501.10257
physics.data-an 2501.10405
physics.data-an 2501.10902
physics.data-an 2501.11447
physics.data-an 2501.12146
physics.data-an 2501.12391
physics.data-an 2501.10886
physics.data-an 2501.12419
physics.data-an 2501.13688
physics.data-an 2501.13789
physics.med-ph 2501.09162
physics.med-ph 2501.09305
physics.med-ph 2501.09403
physics.med-ph 2501.09224
physics.med-ph 2501.09935
physics.med-ph 2501.09986
physics.med-ph 2501.10232
physics.med-ph 2501.10312
physics.med-ph 2501.10757
physics.med-ph 2501.11553
physics.med-ph 2501.12057
physics.med-ph 2501.10511
physics.med-ph 2501.10544
physics.med-ph 2501.10608
physics.med-ph 2501.10764
physics.med-ph 2501.11016
physics.med-ph 2501.11098
physics.med-ph 2501.11793
physics.med-ph 2501.11875
physics.med-ph 2501.12249
physics.med-ph 2501.12527
physics.med-ph 2501.12691
physics.med-ph 2501.12797
physics.med-ph 2501.12396
physics.med-ph 2501.13053
physics.med-ph 2501.13135
physics.med-ph 2501.13485
physics.med-ph 2501.13263
q-fin.MF 2501.06895
q-fin.MF 2501.07135
q-fin.MF 2501.06701
q-fin.MF 2501.06758
q-fin.MF 2501.07489
q-fin.MF 2501.08768
q-fin.MF 2501.09638
q-fin.MF 2501.12195
q-fin.MF 2501.12676
