cs.FL 2408.05954
cs.FL 2408.06141
cs.FL 2408.09002
cs.FL 2408.09871
cs.FL 2408.10708
cs.FL 2408.11627
cs.FL 2408.12240
cs.FL 2408.11908
cs.FL 2408.12551
cs.CG 2408.06392
cs.CG 2408.06475
cs.CG 2408.06693
cs.CG 2408.06814
cs.CG 2408.06831
cs.CG 2408.08097
cs.CG 2408.09729
cs.CG 2408.10592
cs.CG 2408.11180
cs.DS 2408.08814
cs.DS 2408.08837
cs.DS 2408.08380
cs.DS 2408.08382
cs.DS 2408.08439
cs.DS 2408.08486
cs.DS 2408.08494
cs.DS 2408.08507
cs.DS 2408.08627
cs.DS 2408.08658
cs.DS 2408.09618
cs.DS 2408.09891
cs.DS 2408.09992
cs.DS 2408.08940
cs.DS 2408.09368
cs.DS 2408.09442
cs.DS 2408.09443
cs.DS 2408.09591
cs.DS 2408.09719
cs.DS 2408.10014
cs.DS 2408.10172
cs.DS 2408.10338
cs.DS 2408.10519
cs.DS 2408.10892
cs.DS 2408.11041
cs.DS 2408.10332
cs.DS 2408.11331
cs.DS 2408.11161
cs.DS 2408.11225
cs.DS 2408.11368
cs.DS 2408.11375
cs.DS 2408.11422
cs.DS 2408.11637
cs.DS 2408.12468
cs.DS 2408.12473
cs.DS 2408.12151
cs.DS 2408.12385
cs.DS 2408.12524
cs.GR 2408.08342
cs.GR 2408.08912
cs.GR 2408.09702
cs.GR 2408.09928
cs.GR 2408.10195
cs.GR 2408.10198
cs.GR 2408.09211
cs.GR 2408.09357
cs.GR 2408.09699
cs.GR 2408.10099
cs.GR 2408.10439
cs.GR 2408.10453
cs.GR 2408.10588
cs.GR 2408.11413
cs.GR 2408.11721
cs.GR 2408.12282
cs.GR 2408.12443
cs.GR 2408.12601
cs.GR 2408.11957
cs.GT 2408.08499
cs.GT 2408.08690
cs.GT 2408.08392
cs.GT 2408.08395
cs.GT 2408.08711
cs.GT 2408.08767
cs.GT 2408.10077
cs.GT 2408.09160
cs.GT 2408.09306
cs.GT 2408.09885
cs.GT 2408.09953
cs.GT 2408.10066
cs.GT 2408.10074
cs.GT 2408.10148
cs.GT 2408.10346
cs.GT 2408.10429
cs.GT 2408.10595
cs.GT 2408.11017
cs.GT 2408.11607
cs.GT 2408.11146
cs.GT 2408.11224
cs.GT 2408.11255
cs.GT 2408.11340
cs.GT 2408.11355
cs.GT 2408.11445
cs.GT 2408.11488
cs.GT 2408.11489
cs.GT 2408.11504
cs.GT 2408.11755
cs.GT 2408.12001
cs.GT 2408.12038
cs.GT 2408.12225
cs.GT 2408.12524
cs.GT 2408.12032
cs.GT 2408.12523
cs.DB 2408.08401
cs.DB 2408.08698
cs.DB 2408.08367
cs.DB 2408.08933
cs.DB 2408.08892
cs.DB 2408.09427
cs.DB 2408.09506
cs.DB 2408.09842
cs.DB 2302.10631
cs.DB 2408.10362
cs.DB 2408.10766
cs.DB 2408.11263
cs.DB 2408.11386
cs.DB 2408.11341
cs.DB 2408.12414
cs.AI 2408.08315
cs.AI 2408.08318
cs.AI 2408.08333
cs.AI 2408.08335
cs.AI 2408.08336
cs.AI 2408.08341
cs.AI 2408.08343
cs.AI 2408.08376
cs.AI 2408.08401
cs.AI 2408.08422
cs.AI 2408.08432
cs.AI 2408.08437
cs.AI 2408.08444
cs.AI 2408.08447
cs.AI 2408.08456
cs.AI 2408.08470
cs.AI 2408.08471
cs.AI 2408.08488
cs.AI 2408.08506
cs.AI 2408.08524
cs.AI 2408.08527
cs.AI 2408.08531
cs.AI 2408.08571
cs.AI 2408.08584
cs.AI 2408.08590
cs.AI 2408.08600
cs.AI 2408.08610
cs.AI 2408.08619
cs.AI 2408.08622
cs.AI 2408.08623
cs.AI 2408.08624
cs.AI 2408.08632
cs.AI 2408.08651
cs.AI 2408.08652
cs.AI 2408.08655
cs.AI 2408.08666
cs.AI 2408.08670
cs.AI 2408.08673
cs.AI 2408.08677
cs.AI 2408.08685
cs.AI 2408.08686
cs.AI 2408.08688
cs.AI 2408.08694
cs.AI 2408.08704
cs.AI 2408.08707
cs.AI 2408.08713
cs.AI 2408.08723
cs.AI 2408.08739
cs.AI 2408.08785
cs.AI 2408.08790
cs.AI 2408.08805
cs.AI 2408.08808
cs.AI 2408.08821
cs.AI 2408.08823
cs.AI 2408.08872
cs.AI 2408.08328
cs.AI 2408.08431
cs.AI 2408.08435
cs.AI 2408.08463
cs.AI 2408.08484
cs.AI 2408.08550
cs.AI 2408.08637
cs.AI 2408.08648
cs.AI 2408.08668
cs.AI 2408.08676
cs.AI 2408.08682
cs.AI 2408.08698
cs.AI 2408.08732
cs.AI 2408.08770
cs.AI 2408.08781
cs.AI 2408.08852
cs.AI 2404.18243
cs.AI 2405.18753
cs.AI 2408.08879
cs.AI 2408.08881
cs.AI 2408.08894
cs.AI 2408.08899
cs.AI 2408.08902
cs.AI 2408.08906
cs.AI 2408.08907
cs.AI 2408.08909
cs.AI 2408.08910
cs.AI 2408.08915
cs.AI 2408.08918
cs.AI 2408.08924
cs.AI 2408.08925
cs.AI 2408.08926
cs.AI 2408.08930
cs.AI 2408.08931
cs.AI 2408.08933
cs.AI 2408.08934
cs.AI 2408.08968
cs.AI 2408.08990
cs.AI 2408.09000
cs.AI 2408.09027
cs.AI 2408.09043
cs.AI 2408.09048
cs.AI 2408.09049
cs.AI 2408.09053
cs.AI 2408.09065
cs.AI 2408.09097
cs.AI 2408.09106
cs.AI 2408.09121
cs.AI 2408.09125
cs.AI 2408.09128
cs.AI 2408.09134
cs.AI 2408.09135
cs.AI 2408.09140
cs.AI 2408.09150
cs.AI 2408.09158
cs.AI 2408.09168
cs.AI 2408.09177
cs.AI 2408.09186
cs.AI 2408.09189
cs.AI 2408.09205
cs.AI 2408.09210
cs.AI 2408.09220
cs.AI 2408.09235
cs.AI 2408.09236
cs.AI 2408.09239
cs.AI 2408.09251
cs.AI 2408.09262
cs.AI 2408.09285
cs.AI 2408.09307
cs.AI 2408.09312
cs.AI 2408.09326
cs.AI 2408.09350
cs.AI 2408.09357
cs.AI 2408.09358
cs.AI 2408.09371
cs.AI 2408.09382
cs.AI 2408.09385
cs.AI 2408.09393
cs.AI 2408.09404
cs.AI 2408.09416
cs.AI 2408.09422
cs.AI 2408.09426
cs.AI 2408.09430
cs.AI 2408.09432
cs.AI 2408.09434
cs.AI 2408.09438
cs.AI 2408.09439
cs.AI 2408.09442
cs.AI 2408.09451
cs.AI 2408.09456
cs.AI 2408.09465
cs.AI 2408.09481
cs.AI 2408.09489
cs.AI 2408.09490
cs.AI 2408.09501
cs.AI 2408.09503
cs.AI 2408.09516
cs.AI 2408.09523
cs.AI 2408.09529
cs.AI 2408.09540
cs.AI 2408.09556
cs.AI 2408.09559
cs.AI 2408.09565
cs.AI 2408.09568
cs.AI 2408.09570
cs.AI 2408.09635
cs.AI 2408.09639
cs.AI 2408.09644
cs.AI 2408.09646
cs.AI 2408.09649
cs.AI 2408.09650
cs.AI 2408.09651
cs.AI 2408.09680
cs.AI 2408.09695
cs.AI 2408.09698
cs.AI 2408.09702
cs.AI 2408.09720
cs.AI 2408.09734
cs.AI 2408.09742
cs.AI 2408.09743
cs.AI 2408.09746
cs.AI 2408.09748
cs.AI 2408.09764
cs.AI 2408.09767
cs.AI 2408.09817
cs.AI 2408.09819
cs.AI 2408.09839
cs.AI 2408.09849
cs.AI 2408.09853
cs.AI 2408.09856
cs.AI 2408.09860
cs.AI 2408.09873
cs.AI 2408.09894
cs.AI 2408.09933
cs.AI 2408.09945
cs.AI 2408.09948
cs.AI 2408.09952
cs.AI 2408.09958
cs.AI 2408.09967
cs.AI 2408.09972
cs.AI 2408.10060
cs.AI 2408.10072
cs.AI 2408.10074
cs.AI 2408.10075
cs.AI 2408.10077
cs.AI 2408.10096
cs.AI 2408.10107
cs.AI 2408.10108
cs.AI 2408.10119
cs.AI 2408.10124
cs.AI 2408.10128
cs.AI 2408.10130
cs.AI 2408.10159
cs.AI 2408.10174
cs.AI 2408.10175
cs.AI 2408.10178
cs.AI 2408.10181
cs.AI 2408.10189
cs.AI 2408.10195
cs.AI 2408.10197
cs.AI 2408.10205
cs.AI 2408.08916
cs.AI 2408.08921
cs.AI 2408.08927
cs.AI 2408.08928
cs.AI 2408.08959
cs.AI 2408.08969
cs.AI 2408.08972
cs.AI 2408.08989
cs.AI 2408.08995
cs.AI 2408.09028
cs.AI 2408.09046
cs.AI 2408.09094
cs.AI 2408.09108
cs.AI 2408.09111
cs.AI 2408.09172
cs.AI 2408.09176
cs.AI 2408.09193
cs.AI 2408.09196
cs.AI 2408.09224
cs.AI 2408.09227
cs.AI 2408.09230
cs.AI 2408.09365
cs.AI 2408.09386
cs.AI 2408.09403
cs.AI 2408.09410
cs.AI 2408.09527
cs.AI 2408.09530
cs.AI 2408.09588
cs.AI 2408.09594
cs.AI 2408.09600
cs.AI 2408.09605
cs.AI 2408.09624
cs.AI 2408.09626
cs.AI 2408.09656
cs.AI 2408.09675
cs.AI 2408.09682
cs.AI 2408.09703
cs.AI 2408.09715
cs.AI 2408.09768
cs.AI 2408.09785
cs.AI 2408.09794
cs.AI 2408.09807
cs.AI 2408.09825
cs.AI 2408.09834
cs.AI 2408.09841
cs.AI 2408.09881
cs.AI 2408.09899
cs.AI 2408.09946
cs.AI 2408.09947
cs.AI 2408.09951
cs.AI 2408.09957
cs.AI 2408.10003
cs.AI 2408.10015
cs.AI 2408.10039
cs.AI 2408.10040
cs.AI 2408.10086
cs.AI 2408.10111
cs.AI 2408.10113
cs.AI 2408.10120
cs.AI 2408.10126
cs.AI 2408.09781
cs.AI 2408.10161
cs.AI 2408.10230
cs.AI 2408.10239
cs.AI 2408.10240
cs.AI 2408.10243
cs.AI 2408.10246
cs.AI 2408.10247
cs.AI 2408.10248
cs.AI 2408.10252
cs.AI 2408.10255
cs.AI 2408.10259
cs.AI 2408.10260
cs.AI 2408.10261
cs.AI 2408.10264
cs.AI 2408.10266
cs.AI 2408.10268
cs.AI 2408.10269
cs.AI 2408.10270
cs.AI 2408.10275
cs.AI 2408.10276
cs.AI 2408.10285
cs.AI 2408.10286
cs.AI 2408.10287
cs.AI 2408.10292
cs.AI 2408.10328
cs.AI 2408.10351
cs.AI 2408.10360
cs.AI 2408.10369
cs.AI 2408.10381
cs.AI 2408.10383
cs.AI 2408.10394
cs.AI 2408.10395
cs.AI 2408.10397
cs.AI 2408.10414
cs.AI 2408.10428
cs.AI 2408.10437
cs.AI 2408.10446
cs.AI 2408.10450
cs.AI 2408.10474
cs.AI 2408.10479
cs.AI 2408.10482
cs.AI 2408.10487
cs.AI 2408.10488
cs.AI 2408.10491
cs.AI 2408.10495
cs.AI 2408.10497
cs.AI 2408.10499
cs.AI 2408.10503
cs.AI 2408.10511
cs.AI 2408.10516
cs.AI 2408.10517
cs.AI 2408.10524
cs.AI 2408.10527
cs.AI 2408.10532
cs.AI 2408.10543
cs.AI 2408.10563
cs.AI 2408.10566
cs.AI 2408.10567
cs.AI 2408.10571
cs.AI 2408.10572
cs.AI 2408.10573
cs.AI 2408.10600
cs.AI 2408.10602
cs.AI 2408.10604
cs.AI 2408.10605
cs.AI 2408.10608
cs.AI 2408.10614
cs.AI 2408.10618
cs.AI 2408.10619
cs.AI 2408.10624
cs.AI 2408.10628
cs.AI 2408.10631
cs.AI 2408.10641
cs.AI 2408.10646
cs.AI 2408.10647
cs.AI 2408.10649
cs.AI 2408.10652
cs.AI 2408.10657
cs.AI 2408.10668
cs.AI 2408.10669
cs.AI 2408.10682
cs.AI 2408.10700
cs.AI 2408.10709
cs.AI 2408.10710
cs.AI 2408.10713
cs.AI 2408.10720
cs.AI 2408.10722
cs.AI 2408.10726
cs.AI 2408.10729
cs.AI 2408.10746
cs.AI 2408.10752
cs.AI 2408.10755
cs.AI 2408.10760
cs.AI 2408.10771
cs.AI 2408.10777
cs.AI 2408.10802
cs.AI 2408.10807
cs.AI 2408.10811
cs.AI 2408.10819
cs.AI 2408.10831
cs.AI 2408.10843
cs.AI 2408.10846
cs.AI 2408.10853
cs.AI 2408.10854
cs.AI 2408.10858
cs.AI 2408.10871
cs.AI 2408.10872
cs.AI 2408.10901
cs.AI 2408.10905
cs.AI 2408.10919
cs.AI 2408.10920
cs.AI 2408.10923
cs.AI 2408.10934
cs.AI 2408.10940
cs.AI 2408.10945
cs.AI 2408.10948
cs.AI 2408.10951
cs.AI 2408.10987
cs.AI 2408.11017
cs.AI 2408.11019
cs.AI 2408.11021
cs.AI 2408.11043
cs.AI 2408.11048
cs.AI 2408.11051
cs.AI 2408.11052
cs.AI 2408.11053
cs.AI 2408.11054
cs.AI 2408.10334
cs.AI 2408.10343
cs.AI 2408.10362
cs.AI 2408.10365
cs.AI 2408.10417
cs.AI 2408.10442
cs.AI 2408.10455
cs.AI 2408.10492
cs.AI 2408.10504
cs.AI 2408.10512
cs.AI 2408.10549
cs.AI 2408.10556
cs.AI 2408.10592
cs.AI 2408.10635
cs.AI 2408.10642
cs.AI 2408.10683
cs.AI 2408.10689
cs.AI 2408.10691
cs.AI 2408.10711
cs.AI 2408.10715
cs.AI 2408.10774
cs.AI 2408.10788
cs.AI 2408.10841
cs.AI 2408.10865
cs.AI 2408.10878
cs.AI 2408.10883
cs.AI 2408.10889
cs.AI 2408.10895
cs.AI 2408.10900
cs.AI 2408.10921
cs.AI 2408.10932
cs.AI 2408.10946
cs.AI 2408.10947
cs.AI 2408.10970
cs.AI 2408.11039
cs.AI 2408.11042
cs.AI 2408.11058
cs.AI 2408.11060
cs.AI 2408.11062
cs.AI 2408.11063
cs.AI 2408.11067
cs.AI 2408.11071
cs.AI 2408.11081
cs.AI 2408.11121
cs.AI 2408.11135
cs.AI 2408.11172
cs.AI 2408.11181
cs.AI 2408.11182
cs.AI 2408.11186
cs.AI 2408.11187
cs.AI 2408.11189
cs.AI 2408.11198
cs.AI 2408.11202
cs.AI 2408.11207
cs.AI 2408.11219
cs.AI 2408.11227
cs.AI 2408.11234
cs.AI 2408.11239
cs.AI 2408.11243
cs.AI 2408.11253
cs.AI 2408.11283
cs.AI 2408.11300
cs.AI 2408.11305
cs.AI 2408.11306
cs.AI 2408.11312
cs.AI 2408.11319
cs.AI 2408.11327
cs.AI 2408.11334
cs.AI 2408.11341
cs.AI 2408.11351
cs.AI 2408.11359
cs.AI 2408.11370
cs.AI 2408.11372
cs.AI 2408.11380
cs.AI 2408.11384
cs.AI 2408.11401
cs.AI 2408.11415
cs.AI 2408.11429
cs.AI 2408.11431
cs.AI 2408.11433
cs.AI 2408.11448
cs.AI 2408.11455
cs.AI 2408.11513
cs.AI 2408.11523
cs.AI 2408.11527
cs.AI 2408.11530
cs.AI 2408.11537
cs.AI 2408.11546
cs.AI 2408.11554
cs.AI 2408.11592
cs.AI 2408.11599
cs.AI 2408.11607
cs.AI 2408.11609
cs.AI 2408.11619
cs.AI 2408.11649
cs.AI 2408.11650
cs.AI 2408.11659
cs.AI 2408.11710
cs.AI 2408.11721
cs.AI 2408.11727
cs.AI 2408.11742
cs.AI 2408.11745
cs.AI 2408.11747
cs.AI 2408.11754
cs.AI 2408.11760
cs.AI 2408.11761
cs.AI 2408.11778
cs.AI 2408.11785
cs.AI 2408.11796
cs.AI 2408.11804
cs.AI 2408.11815
cs.AI 2408.11816
cs.AI 2408.11237
cs.AI 2408.11249
cs.AI 2408.11258
cs.AI 2408.11261
cs.AI 2408.11281
cs.AI 2408.11288
cs.AI 2408.11308
cs.AI 2408.11313
cs.AI 2408.11316
cs.AI 2408.11326
cs.AI 2408.11338
cs.AI 2408.11347
cs.AI 2408.11356
cs.AI 2408.11363
cs.AI 2408.11367
cs.AI 2408.11371
cs.AI 2408.11441
cs.AI 2408.11449
cs.AI 2408.11451
cs.AI 2408.11491
cs.AI 2408.11492
cs.AI 2408.11494
cs.AI 2408.11515
cs.AI 2408.11526
cs.AI 2408.11552
cs.AI 2408.11574
cs.AI 2408.11608
cs.AI 2408.11691
cs.AI 2408.11735
cs.AI 2408.11744
cs.AI 2408.11788
cs.AI 2408.11793
cs.AI 2109.10430
cs.AI 2110.15447
cs.AI 2305.18150
cs.AI 2311.07786
cs.AI 2408.02825
cs.AI 2408.05128
cs.AI 2408.11820
cs.AI 2408.11822
cs.AI 2408.11823
cs.AI 2408.11824
cs.AI 2408.11825
cs.AI 2408.11826
cs.AI 2408.11828
cs.AI 2408.11832
cs.AI 2408.11834
cs.AI 2408.11837
cs.AI 2408.11839
cs.AI 2408.11840
cs.AI 2408.11841
cs.AI 2408.11843
cs.AI 2408.11848
cs.AI 2408.11849
cs.AI 2408.11852
cs.AI 2408.11854
cs.AI 2408.11855
cs.AI 2408.11856
cs.AI 2408.11861
cs.AI 2408.11862
cs.AI 2408.11863
cs.AI 2408.11865
cs.AI 2408.11866
cs.AI 2408.11868
cs.AI 2408.11869
cs.AI 2408.11871
cs.AI 2408.11875
cs.AI 2408.11876
cs.AI 2408.11879
cs.AI 2408.11910
cs.AI 2408.11918
cs.AI 2408.11935
cs.AI 2408.11963
cs.AI 2408.11979
cs.AI 2408.11984
cs.AI 2408.12007
cs.AI 2408.12008
cs.AI 2408.12022
cs.AI 2408.12029
cs.AI 2408.12032
cs.AI 2408.12036
cs.AI 2408.12056
cs.AI 2408.12060
cs.AI 2408.12062
cs.AI 2408.12063
cs.AI 2408.12067
cs.AI 2408.12076
cs.AI 2408.12079
cs.AI 2408.12080
cs.AI 2408.12086
cs.AI 2408.12095
cs.AI 2408.12097
cs.AI 2408.12112
cs.AI 2408.12113
cs.AI 2408.12119
cs.AI 2408.12121
cs.AI 2408.12125
cs.AI 2408.12129
cs.AI 2408.12139
cs.AI 2408.12142
cs.AI 2408.12150
cs.AI 2408.12151
cs.AI 2408.12157
cs.AI 2408.12159
cs.AI 2408.12185
cs.AI 2408.12187
cs.AI 2408.12188
cs.AI 2408.12198
cs.AI 2408.12226
cs.AI 2408.12249
cs.AI 2408.12254
cs.AI 2408.12263
cs.AI 2408.12270
cs.AI 2408.12279
cs.AI 2408.12292
cs.AI 2408.12326
cs.AI 2408.12334
cs.AI 2408.12337
cs.AI 2408.12355
cs.AI 2408.12364
cs.AI 2408.12373
cs.AI 2408.12400
cs.AI 2408.12409
cs.AI 2408.12413
cs.AI 2408.12418
cs.AI 2408.12419
cs.AI 2408.12423
cs.AI 2408.12426
cs.AI 2408.12443
cs.AI 2408.12454
cs.AI 2408.12466
cs.AI 2408.12476
cs.AI 2408.12483
cs.AI 2408.12494
cs.AI 2408.12503
cs.AI 2408.12519
cs.AI 2408.12525
cs.AI 2408.12534
cs.AI 2408.12549
cs.AI 2408.12560
cs.AI 2408.12561
cs.AI 2408.12575
cs.AI 2408.12578
cs.AI 2408.12579
cs.AI 2408.12581
cs.AI 2408.12590
cs.AI 2408.12598
cs.AI 2408.11851
cs.AI 2408.11925
cs.AI 2408.11936
cs.AI 2408.11939
cs.AI 2408.11943
cs.AI 2408.11976
cs.AI 2408.11987
cs.AI 2408.12025
cs.AI 2408.12065
cs.AI 2408.12116
cs.AI 2408.12128
cs.AI 2408.12130
cs.AI 2408.12133
cs.AI 2408.12148
cs.AI 2408.12184
cs.AI 2408.12212
cs.AI 2408.12214
cs.AI 2408.12236
cs.AI 2408.12237
cs.AI 2408.12247
cs.AI 2408.12250
cs.AI 2408.12259
cs.AI 2408.12293
cs.AI 2408.12304
cs.AI 2408.12305
cs.AI 2408.12308
cs.AI 2408.12315
cs.AI 2408.12320
cs.AI 2408.12333
cs.AI 2408.12369
cs.AI 2408.12420
cs.AI 2408.12491
cs.AI 2408.12496
cs.AI 2408.12568
cs.AI 2408.12574
cs.AI 2408.12591
cs.AR 2408.08795
cs.AR 2408.08490
cs.AR 2408.08712
cs.AR 2408.08794
cs.AR 2408.09858
cs.AR 2408.10054
cs.AR 2408.09209
cs.AR 2408.09456
cs.AR 2408.09483
cs.AR 2408.10082
cs.AR 2408.10374
cs.AR 2408.10230
cs.AR 2408.10233
cs.AR 2408.10243
cs.AR 2408.10428
cs.AR 2408.10431
cs.AR 2408.10594
cs.AR 2408.10850
cs.AR 2408.11601
cs.AR 2408.11311
cs.AR 2408.11570
cs.AR 2408.11660
cs.AR 2408.11997
cs.AR 2408.12073
cs.AR 2408.12592
cs.DM 2408.08256
cs.DM 2408.08293
cs.DM 2408.09352
cs.DM 2408.09443
cs.DM 2408.09997
cs.DM 2408.11002
cs.DM 2408.11225
cs.DM 2408.11806
cs.DM 2408.12339
cs.DM 2408.12468
cs.DC 2408.08699
cs.DC 2408.08586
cs.DC 2408.08702
cs.DC 2408.08775
cs.DC 2408.08129
cs.DC 2408.08909
cs.DC 2408.09393
cs.DC 2408.09539
cs.DC 2408.09662
cs.DC 2408.09719
cs.DC 2408.10090
cs.DC 2408.10092
cs.DC 2408.08882
cs.DC 2408.08977
cs.DC 2408.09055
cs.DC 2408.09101
cs.DC 2408.09229
cs.DC 2408.09399
cs.DC 2408.09499
cs.DC 2408.09522
cs.DC 2408.09697
cs.DC 2408.09902
cs.DC 2408.09999
cs.DC 2408.10013
cs.DC 2408.10027
cs.DC 2408.10143
cs.DC 2408.10197
cs.DC 2408.10374
cs.DC 2408.10942
cs.DC 2408.10281
cs.DC 2408.10519
cs.DC 2408.10746
cs.DC 2408.10757
cs.DC 2408.10761
cs.DC 2408.10779
cs.DC 2408.10826
cs.DC 2408.10830
cs.DC 2408.10971
cs.DC 2408.10982
cs.DC 2408.11008
cs.DC 2408.11015
cs.DC 2408.11041
cs.DC 2408.11125
cs.DC 2408.11275
cs.DC 2408.11325
cs.DC 2408.11417
cs.DC 2408.11551
cs.DC 2408.11556
cs.DC 2408.11635
cs.DC 2408.12225
cs.DC 2408.12444
cs.DC 2408.12588
cs.DC 2408.11919
cs.DC 2408.11971
cs.DC 2408.11988
cs.DC 2408.12220
cs.DC 2408.12290
cs.DC 2408.12394
cs.DC 2408.12596
cs.HC 2408.08475
cs.HC 2408.08652
cs.HC 2408.08321
cs.HC 2408.08323
cs.HC 2408.08401
cs.HC 2408.08438
cs.HC 2408.08785
cs.HC 2408.08853
cs.HC 2408.08907
cs.HC 2408.08925
cs.HC 2408.09030
cs.HC 2408.09046
cs.HC 2408.09049
cs.HC 2408.09111
cs.HC 2408.09386
cs.HC 2408.09765
cs.HC 2408.09815
cs.HC 2408.09829
cs.HC 2408.09899
cs.HC 2408.10191
cs.HC 2408.08878
cs.HC 2408.08992
cs.HC 2408.09071
cs.HC 2408.09084
cs.HC 2408.09186
cs.HC 2408.09280
cs.HC 2408.09285
cs.HC 2408.09320
cs.HC 2408.09382
cs.HC 2408.09601
cs.HC 2408.09683
cs.HC 2408.09926
cs.HC 2408.10000
cs.HC 2408.10108
cs.HC 2408.10230
cs.HC 2408.10235
cs.HC 2408.10328
cs.HC 2408.10351
cs.HC 2408.10492
cs.HC 2408.10589
cs.HC 2408.10633
cs.HC 2408.10861
cs.HC 2408.10903
cs.HC 2408.10908
cs.HC 2408.10240
cs.HC 2408.10439
cs.HC 2408.10499
cs.HC 2408.10654
cs.HC 2408.10756
cs.HC 2408.10791
cs.HC 2408.10812
cs.HC 2408.10905
cs.HC 2408.10933
cs.HC 2408.10937
cs.HC 2408.11060
cs.HC 2408.11137
cs.HC 2408.11140
cs.HC 2408.11346
cs.HC 2408.11406
cs.HC 2408.11667
cs.HC 2408.11673
cs.HC 2408.11723
cs.HC 2408.11764
cs.HC 2408.11837
cs.HC 2408.11860
cs.HC 2408.11910
cs.HC 2408.11935
cs.HC 2408.11936
cs.HC 2408.12047
cs.HC 2408.12103
cs.HC 2408.12124
cs.HC 2408.12463
cs.HC 2408.12579
cs.HC 2408.11821
cs.HC 2408.11824
cs.HC 2408.11831
cs.HC 2408.12121
cs.HC 2408.12143
cs.HC 2408.12169
cs.HC 2408.12170
cs.HC 2408.12238
cs.HC 2408.12365
cs.HC 2408.12428
cs.HC 2408.12500
cs.CV 2408.08321
cs.CV 2408.08336
cs.CV 2408.08340
cs.CV 2408.08342
cs.CV 2408.08432
cs.CV 2408.08456
cs.CV 2408.08459
cs.CV 2408.08489
cs.CV 2408.08555
cs.CV 2408.08567
cs.CV 2408.08584
cs.CV 2408.08616
cs.CV 2408.08632
cs.CV 2408.08647
cs.CV 2408.08671
cs.CV 2408.08682
cs.CV 2408.08742
cs.CV 2408.08747
cs.CV 2408.08784
cs.CV 2408.08790
cs.CV 2408.08792
cs.CV 2408.08847
cs.CV 2408.08315
cs.CV 2408.08332
cs.CV 2408.08345
cs.CV 2408.08381
cs.CV 2408.08396
cs.CV 2408.08412
cs.CV 2408.08437
cs.CV 2408.08447
cs.CV 2408.08454
cs.CV 2408.08461
cs.CV 2408.08495
cs.CV 2408.08500
cs.CV 2408.08502
cs.CV 2408.08518
cs.CV 2408.08524
cs.CV 2408.08527
cs.CV 2408.08529
cs.CV 2408.08543
cs.CV 2408.08544
cs.CV 2408.08560
cs.CV 2408.08561
cs.CV 2408.08568
cs.CV 2408.08570
cs.CV 2408.08575
cs.CV 2408.08576
cs.CV 2408.08578
cs.CV 2408.08591
cs.CV 2408.08600
cs.CV 2408.08601
cs.CV 2408.08604
cs.CV 2408.08610
cs.CV 2408.08623
cs.CV 2408.08633
cs.CV 2408.08645
cs.CV 2408.08665
cs.CV 2408.08670
cs.CV 2408.08700
cs.CV 2408.08703
cs.CV 2408.08704
cs.CV 2408.08708
cs.CV 2408.08723
cs.CV 2408.08736
cs.CV 2408.08751
cs.CV 2408.08753
cs.CV 2408.08766
cs.CV 2408.08793
cs.CV 2408.08802
cs.CV 2408.08813
cs.CV 2408.08822
cs.CV 2408.08827
cs.CV 2408.08855
cs.CV 2408.08870
cs.CV 2408.08872
cs.CV 2403.17256
cs.CV 2404.18243
cs.CV 2408.08881
cs.CV 2408.08887
cs.CV 2408.08920
cs.CV 2408.08989
cs.CV 2408.09000
cs.CV 2408.09108
cs.CV 2408.09111
cs.CV 2408.09140
cs.CV 2408.09218
cs.CV 2408.09278
cs.CV 2408.09315
cs.CV 2408.09367
cs.CV 2408.09369
cs.CV 2408.09403
cs.CV 2408.09432
cs.CV 2408.09474
cs.CV 2408.09554
cs.CV 2408.09687
cs.CV 2408.09715
cs.CV 2408.09731
cs.CV 2408.09736
cs.CV 2408.09787
cs.CV 2408.09802
cs.CV 2408.09869
cs.CV 2408.09873
cs.CV 2408.09894
cs.CV 2408.09899
cs.CV 2408.09929
cs.CV 2408.09931
cs.CV 2408.10046
cs.CV 2408.10067
cs.CV 2408.10123
cs.CV 2408.10204
cs.CV 2408.08879
cs.CV 2408.08973
cs.CV 2408.08974
cs.CV 2408.08982
cs.CV 2408.08984
cs.CV 2408.09005
cs.CV 2408.09035
cs.CV 2408.09042
cs.CV 2408.09064
cs.CV 2408.09065
cs.CV 2408.09085
cs.CV 2408.09097
cs.CV 2408.09104
cs.CV 2408.09110
cs.CV 2408.09115
cs.CV 2408.09117
cs.CV 2408.09122
cs.CV 2408.09126
cs.CV 2408.09130
cs.CV 2408.09131
cs.CV 2408.09138
cs.CV 2408.09144
cs.CV 2408.09151
cs.CV 2408.09153
cs.CV 2408.09156
cs.CV 2408.09162
cs.CV 2408.09178
cs.CV 2408.09181
cs.CV 2408.09191
cs.CV 2408.09194
cs.CV 2408.09220
cs.CV 2408.09240
cs.CV 2408.09241
cs.CV 2408.09248
cs.CV 2408.09261
cs.CV 2408.09295
cs.CV 2408.09332
cs.CV 2408.09336
cs.CV 2408.09347
cs.CV 2408.09348
cs.CV 2408.09354
cs.CV 2408.09356
cs.CV 2408.09358
cs.CV 2408.09362
cs.CV 2408.09371
cs.CV 2408.09384
cs.CV 2408.09395
cs.CV 2408.09397
cs.CV 2408.09408
cs.CV 2408.09409
cs.CV 2408.09411
cs.CV 2408.09424
cs.CV 2408.09426
cs.CV 2408.09431
cs.CV 2408.09441
cs.CV 2408.09449
cs.CV 2408.09454
cs.CV 2408.09458
cs.CV 2408.09460
cs.CV 2408.09464
cs.CV 2408.09465
cs.CV 2408.09476
cs.CV 2408.09494
cs.CV 2408.09496
cs.CV 2408.09511
cs.CV 2408.09533
cs.CV 2408.09558
cs.CV 2408.09567
cs.CV 2408.09615
cs.CV 2408.09647
cs.CV 2408.09650
cs.CV 2408.09663
cs.CV 2408.09665
cs.CV 2408.09674
cs.CV 2408.09676
cs.CV 2408.09680
cs.CV 2408.09702
cs.CV 2408.09706
cs.CV 2408.09709
cs.CV 2408.09720
cs.CV 2408.09734
cs.CV 2408.09739
cs.CV 2408.09743
cs.CV 2408.09744
cs.CV 2408.09746
cs.CV 2408.09752
cs.CV 2408.09764
cs.CV 2408.09786
cs.CV 2408.09800
cs.CV 2408.09822
cs.CV 2408.09839
cs.CV 2408.09859
cs.CV 2408.09860
cs.CV 2408.09886
cs.CV 2408.09912
cs.CV 2408.09916
cs.CV 2408.09919
cs.CV 2408.09920
cs.CV 2408.09928
cs.CV 2408.09940
cs.CV 2408.09948
cs.CV 2408.09949
cs.CV 2408.09952
cs.CV 2408.09984
cs.CV 2408.10007
cs.CV 2408.10012
cs.CV 2408.10021
cs.CV 2408.10024
cs.CV 2408.10031
cs.CV 2408.10037
cs.CV 2408.10041
cs.CV 2408.10060
cs.CV 2408.10069
cs.CV 2408.10072
cs.CV 2408.10073
cs.CV 2408.10119
cs.CV 2408.10125
cs.CV 2408.10129
cs.CV 2408.10134
cs.CV 2408.10135
cs.CV 2408.10145
cs.CV 2408.10153
cs.CV 2408.10154
cs.CV 2408.10161
cs.CV 2408.10175
cs.CV 2408.10178
cs.CV 2408.10181
cs.CV 2408.10187
cs.CV 2408.10188
cs.CV 2408.10195
cs.CV 2408.10198
cs.CV 2408.10202
cs.CV 2311.12066
cs.CV 2408.10236
cs.CV 2408.10240
cs.CV 2408.10283
cs.CV 2408.10349
cs.CV 2408.10442
cs.CV 2408.10467
cs.CV 2408.10498
cs.CV 2408.10500
cs.CV 2408.10562
cs.CV 2408.10567
cs.CV 2408.10572
cs.CV 2408.10593
cs.CV 2408.10599
cs.CV 2408.10618
cs.CV 2408.10636
cs.CV 2408.10656
cs.CV 2408.10733
cs.CV 2408.10827
cs.CV 2408.10854
cs.CV 2408.10871
cs.CV 2408.10883
cs.CV 2408.10966
cs.CV 2408.10987
cs.CV 2408.11032
cs.CV 2408.11039
cs.CV 2408.10207
cs.CV 2408.10246
cs.CV 2408.10248
cs.CV 2408.10258
cs.CV 2408.10260
cs.CV 2408.10356
cs.CV 2408.10360
cs.CV 2408.10388
cs.CV 2408.10395
cs.CV 2408.10397
cs.CV 2408.10404
cs.CV 2408.10414
cs.CV 2408.10433
cs.CV 2408.10446
cs.CV 2408.10453
cs.CV 2408.10469
cs.CV 2408.10487
cs.CV 2408.10488
cs.CV 2408.10496
cs.CV 2408.10503
cs.CV 2408.10518
cs.CV 2408.10527
cs.CV 2408.10532
cs.CV 2408.10533
cs.CV 2408.10537
cs.CV 2408.10538
cs.CV 2408.10539
cs.CV 2408.10541
cs.CV 2408.10543
cs.CV 2408.10571
cs.CV 2408.10575
cs.CV 2408.10581
cs.CV 2408.10588
cs.CV 2408.10600
cs.CV 2408.10602
cs.CV 2408.10605
cs.CV 2408.10614
cs.CV 2408.10616
cs.CV 2408.10619
cs.CV 2408.10623
cs.CV 2408.10624
cs.CV 2408.10627
cs.CV 2408.10641
cs.CV 2408.10652
cs.CV 2408.10653
cs.CV 2408.10670
cs.CV 2408.10679
cs.CV 2408.10688
cs.CV 2408.10694
cs.CV 2408.10703
cs.CV 2408.10710
cs.CV 2408.10739
cs.CV 2408.10760
cs.CV 2408.10768
cs.CV 2408.10775
cs.CV 2408.10777
cs.CV 2408.10787
cs.CV 2408.10789
cs.CV 2408.10794
cs.CV 2408.10805
cs.CV 2408.10821
cs.CV 2408.10823
cs.CV 2408.10831
cs.CV 2408.10843
cs.CV 2408.10844
cs.CV 2408.10845
cs.CV 2408.10846
cs.CV 2408.10848
cs.CV 2408.10872
cs.CV 2408.10880
cs.CV 2408.10885
cs.CV 2408.10894
cs.CV 2408.10901
cs.CV 2408.10906
cs.CV 2408.10919
cs.CV 2408.10934
cs.CV 2408.10935
cs.CV 2408.10940
cs.CV 2408.10945
cs.CV 2408.10955
cs.CV 2408.10993
cs.CV 2408.11000
cs.CV 2408.11001
cs.CV 2408.11030
cs.CV 2408.11051
cs.CV 2408.11054
cs.CV 2408.11055
cs.CV 2408.11071
cs.CV 2408.11077
cs.CV 2408.11138
cs.CV 2408.11185
cs.CV 2408.11227
cs.CV 2408.11237
cs.CV 2408.11289
cs.CV 2408.11336
cs.CV 2408.11438
cs.CV 2408.11480
cs.CV 2408.11537
cs.CV 2408.11573
cs.CV 2408.11576
cs.CV 2408.11593
cs.CV 2408.11682
cs.CV 2408.11701
cs.CV 2408.11720
cs.CV 2408.11744
cs.CV 2408.11787
cs.CV 2408.11788
cs.CV 2408.11805
cs.CV 2408.11085
cs.CV 2408.11126
cs.CV 2408.11142
cs.CV 2408.11150
cs.CV 2408.11160
cs.CV 2408.11194
cs.CV 2408.11196
cs.CV 2408.11207
cs.CV 2408.11208
cs.CV 2408.11210
cs.CV 2408.11218
cs.CV 2408.11221
cs.CV 2408.11234
cs.CV 2408.11241
cs.CV 2408.11250
cs.CV 2408.11251
cs.CV 2408.11253
cs.CV 2408.11271
cs.CV 2408.11278
cs.CV 2408.11280
cs.CV 2408.11286
cs.CV 2408.11287
cs.CV 2408.11297
cs.CV 2408.11305
cs.CV 2408.11309
cs.CV 2408.11312
cs.CV 2408.11318
cs.CV 2408.11323
cs.CV 2408.11349
cs.CV 2408.11357
cs.CV 2408.11365
cs.CV 2408.11392
cs.CV 2408.11397
cs.CV 2408.11401
cs.CV 2408.11402
cs.CV 2408.11407
cs.CV 2408.11408
cs.CV 2408.11411
cs.CV 2408.11413
cs.CV 2408.11424
cs.CV 2408.11432
cs.CV 2408.11439
cs.CV 2408.11447
cs.CV 2408.11448
cs.CV 2408.11463
cs.CV 2408.11464
cs.CV 2408.11465
cs.CV 2408.11475
cs.CV 2408.11478
cs.CV 2408.11481
cs.CV 2408.11493
cs.CV 2408.11505
cs.CV 2408.11518
cs.CV 2408.11531
cs.CV 2408.11535
cs.CV 2408.11540
cs.CV 2408.11541
cs.CV 2408.11545
cs.CV 2408.11553
cs.CV 2408.11558
cs.CV 2408.11559
cs.CV 2408.11561
cs.CV 2408.11564
cs.CV 2408.11567
cs.CV 2408.11571
cs.CV 2408.11589
cs.CV 2408.11649
cs.CV 2408.11679
cs.CV 2408.11687
cs.CV 2408.11697
cs.CV 2408.11700
cs.CV 2408.11706
cs.CV 2408.11711
cs.CV 2408.11721
cs.CV 2408.11733
cs.CV 2408.11742
cs.CV 2408.11747
cs.CV 2408.11748
cs.CV 2408.11758
cs.CV 2408.11760
cs.CV 2408.11768
cs.CV 2408.11785
cs.CV 2408.11795
cs.CV 2408.11801
cs.CV 2408.11810
cs.CV 2408.11811
cs.CV 2408.11813
cs.CV 2408.11814
cs.CV 2408.11817
cs.CV 2408.11886
cs.CV 2408.11915
cs.CV 2408.11965
cs.CV 2408.11982
cs.CV 2408.11992
cs.CV 2408.12013
cs.CV 2408.12023
cs.CV 2408.12077
cs.CV 2408.12093
cs.CV 2408.12102
cs.CV 2408.12128
cs.CV 2408.12275
cs.CV 2408.12293
cs.CV 2408.12321
cs.CV 2408.12323
cs.CV 2408.12366
cs.CV 2408.12437
cs.CV 2408.12527
cs.CV 2408.12534
cs.CV 2408.12568
cs.CV 2408.12574
cs.CV 2408.12593
cs.CV 2408.11829
cs.CV 2408.11834
cs.CV 2408.11836
cs.CV 2408.11840
cs.CV 2408.11958
cs.CV 2408.11963
cs.CV 2408.11966
cs.CV 2408.12009
cs.CV 2408.12037
cs.CV 2408.12048
cs.CV 2408.12062
cs.CV 2408.12084
cs.CV 2408.12086
cs.CV 2408.12099
cs.CV 2408.12100
cs.CV 2408.12109
cs.CV 2408.12111
cs.CV 2408.12114
cs.CV 2408.12141
cs.CV 2408.12161
cs.CV 2408.12191
cs.CV 2408.12211
cs.CV 2408.12232
cs.CV 2408.12245
cs.CV 2408.12246
cs.CV 2408.12248
cs.CV 2408.12253
cs.CV 2408.12282
cs.CV 2408.12292
cs.CV 2408.12312
cs.CV 2408.12316
cs.CV 2408.12317
cs.CV 2408.12322
cs.CV 2408.12340
cs.CV 2408.12352
cs.CV 2408.12355
cs.CV 2408.12364
cs.CV 2408.12380
cs.CV 2408.12381
cs.CV 2408.12387
cs.CV 2408.12396
cs.CV 2408.12400
cs.CV 2408.12406
cs.CV 2408.12418
cs.CV 2408.12426
cs.CV 2408.12429
cs.CV 2408.12439
cs.CV 2408.12443
cs.CV 2408.12447
cs.CV 2408.12454
cs.CV 2408.12460
cs.CV 2408.12463
cs.CV 2408.12466
cs.CV 2408.12469
cs.CV 2408.12475
cs.CV 2408.12483
cs.CV 2408.12489
cs.CV 2408.12528
cs.CV 2408.12531
cs.CV 2408.12550
cs.CV 2408.12569
cs.CV 2408.12575
cs.CV 2408.12588
cs.CV 2408.12590
cs.CV 2408.12598
cs.CV 2408.12601
cs.CL 2408.08333
cs.CL 2408.08335
cs.CL 2408.08396
cs.CL 2408.08521
cs.CL 2408.08564
cs.CL 2408.08648
cs.CL 2408.08682
cs.CL 2408.08729
cs.CL 2408.08781
cs.CL 2408.08872
cs.CL 2408.08374
cs.CL 2408.08379
cs.CL 2408.08400
cs.CL 2408.08411
cs.CL 2408.08444
cs.CL 2408.08459
cs.CL 2408.08506
cs.CL 2408.08535
cs.CL 2408.08541
cs.CL 2408.08545
cs.CL 2408.08551
cs.CL 2408.08566
cs.CL 2408.08590
cs.CL 2408.08624
cs.CL 2408.08631
cs.CL 2408.08632
cs.CL 2408.08640
cs.CL 2408.08650
cs.CL 2408.08651
cs.CL 2408.08656
cs.CL 2408.08661
cs.CL 2408.08688
cs.CL 2408.08693
cs.CL 2408.08694
cs.CL 2408.08696
cs.CL 2408.08724
cs.CL 2408.08769
cs.CL 2408.08779
cs.CL 2408.08782
cs.CL 2408.08803
cs.CL 2408.08805
cs.CL 2408.08841
cs.CL 2408.08848
cs.CL 2408.08869
cs.CL 2408.08894
cs.CL 2408.08899
cs.CL 2408.08907
cs.CL 2408.08921
cs.CL 2408.08925
cs.CL 2408.08926
cs.CL 2408.08927
cs.CL 2408.08959
cs.CL 2408.08981
cs.CL 2408.09053
cs.CL 2408.09111
cs.CL 2408.09121
cs.CL 2408.09172
cs.CL 2408.09176
cs.CL 2408.09193
cs.CL 2408.09215
cs.CL 2408.09327
cs.CL 2408.09365
cs.CL 2408.09386
cs.CL 2408.09420
cs.CL 2408.09437
cs.CL 2408.09474
cs.CL 2408.09574
cs.CL 2408.09632
cs.CL 2408.09656
cs.CL 2408.09720
cs.CL 2408.09743
cs.CL 2408.09757
cs.CL 2408.09785
cs.CL 2408.09794
cs.CL 2408.09865
cs.CL 2408.09916
cs.CL 2408.09946
cs.CL 2408.09949
cs.CL 2408.10075
cs.CL 2408.10147
cs.CL 2408.10188
cs.CL 2408.08964
cs.CL 2408.08971
cs.CL 2408.08978
cs.CL 2408.09030
cs.CL 2408.09049
cs.CL 2408.09070
cs.CL 2408.09075
cs.CL 2408.09150
cs.CL 2408.09169
cs.CL 2408.09174
cs.CL 2408.09177
cs.CL 2408.09205
cs.CL 2408.09235
cs.CL 2408.09273
cs.CL 2408.09304
cs.CL 2408.09311
cs.CL 2408.09326
cs.CL 2408.09330
cs.CL 2408.09333
cs.CL 2408.09366
cs.CL 2408.09385
cs.CL 2408.09404
cs.CL 2408.09416
cs.CL 2408.09422
cs.CL 2408.09430
cs.CL 2408.09434
cs.CL 2408.09452
cs.CL 2408.09459
cs.CL 2408.09481
cs.CL 2408.09485
cs.CL 2408.09489
cs.CL 2408.09503
cs.CL 2408.09529
cs.CL 2408.09540
cs.CL 2408.09544
cs.CL 2408.09559
cs.CL 2408.09565
cs.CL 2408.09621
cs.CL 2408.09629
cs.CL 2408.09639
cs.CL 2408.09640
cs.CL 2408.09667
cs.CL 2408.09688
cs.CL 2408.09701
cs.CL 2408.09717
cs.CL 2408.09742
cs.CL 2408.09773
cs.CL 2408.09777
cs.CL 2408.09787
cs.CL 2408.09819
cs.CL 2408.09846
cs.CL 2408.09849
cs.CL 2408.09853
cs.CL 2408.09856
cs.CL 2408.09857
cs.CL 2408.09869
cs.CL 2408.09895
cs.CL 2408.09914
cs.CL 2408.09939
cs.CL 2408.09945
cs.CL 2408.10053
cs.CL 2408.10115
cs.CL 2408.10130
cs.CL 2408.10141
cs.CL 2408.10151
cs.CL 2408.10230
cs.CL 2408.10246
cs.CL 2408.10270
cs.CL 2408.10388
cs.CL 2408.10417
cs.CL 2408.10443
cs.CL 2408.10468
cs.CL 2408.10474
cs.CL 2408.10488
cs.CL 2408.10536
cs.CL 2408.10631
cs.CL 2408.10635
cs.CL 2408.10642
cs.CL 2408.10718
cs.CL 2408.10774
cs.CL 2408.10841
cs.CL 2408.10947
cs.CL 2408.11051
cs.CL 2408.10210
cs.CL 2408.10357
cs.CL 2408.10392
cs.CL 2408.10411
cs.CL 2408.10441
cs.CL 2408.10473
cs.CL 2408.10490
cs.CL 2408.10497
cs.CL 2408.10516
cs.CL 2408.10524
cs.CL 2408.10528
cs.CL 2408.10548
cs.CL 2408.10557
cs.CL 2408.10573
cs.CL 2408.10593
cs.CL 2408.10604
cs.CL 2408.10608
cs.CL 2408.10615
cs.CL 2408.10646
cs.CL 2408.10663
cs.CL 2408.10680
cs.CL 2408.10681
cs.CL 2408.10682
cs.CL 2408.10692
cs.CL 2408.10701
cs.CL 2408.10722
cs.CL 2408.10724
cs.CL 2408.10729
cs.CL 2408.10764
cs.CL 2408.10795
cs.CL 2408.10808
cs.CL 2408.10811
cs.CL 2408.10819
cs.CL 2408.10839
cs.CL 2408.10902
cs.CL 2408.10903
cs.CL 2408.10914
cs.CL 2408.10918
cs.CL 2408.10923
cs.CL 2408.10943
cs.CL 2408.10962
cs.CL 2408.10979
cs.CL 2408.10995
cs.CL 2408.10997
cs.CL 2408.11006
cs.CL 2408.11021
cs.CL 2408.11029
cs.CL 2408.11046
cs.CL 2408.11049
cs.CL 2408.11058
cs.CL 2408.11065
cs.CL 2408.11081
cs.CL 2408.11119
cs.CL 2408.11121
cs.CL 2408.11133
cs.CL 2408.11172
cs.CL 2408.11205
cs.CL 2408.11237
cs.CL 2408.11239
cs.CL 2408.11258
cs.CL 2408.11261
cs.CL 2408.11296
cs.CL 2408.11308
cs.CL 2408.11330
cs.CL 2408.11574
cs.CL 2408.11727
cs.CL 2408.11788
cs.CL 2408.11061
cs.CL 2408.11062
cs.CL 2408.11063
cs.CL 2408.11174
cs.CL 2408.11189
cs.CL 2408.11219
cs.CL 2408.11247
cs.CL 2408.11252
cs.CL 2408.11294
cs.CL 2408.11319
cs.CL 2408.11327
cs.CL 2408.11334
cs.CL 2408.11344
cs.CL 2408.11366
cs.CL 2408.11381
cs.CL 2408.11382
cs.CL 2408.11393
cs.CL 2408.11396
cs.CL 2408.11415
cs.CL 2408.11431
cs.CL 2408.11440
cs.CL 2408.11443
cs.CL 2408.11457
cs.CL 2408.11469
cs.CL 2408.11490
cs.CL 2408.11512
cs.CL 2408.11517
cs.CL 2408.11546
cs.CL 2408.11554
cs.CL 2408.11587
cs.CL 2408.11599
cs.CL 2408.11609
cs.CL 2408.11745
cs.CL 2408.11749
cs.CL 2408.11775
cs.CL 2408.11779
cs.CL 2408.11796
cs.CL 2408.11799
cs.CL 2408.11800
cs.CL 2408.11815
cs.CL 2408.11841
cs.CL 2408.11851
cs.CL 2408.11863
cs.CL 2408.11962
cs.CL 2408.12023
cs.CL 2408.12035
cs.CL 2408.12036
cs.CL 2408.12097
cs.CL 2408.12109
cs.CL 2408.12151
cs.CL 2408.12159
cs.CL 2408.12315
cs.CL 2408.12398
cs.CL 2408.12480
cs.CL 2408.12574
cs.CL 2408.11827
cs.CL 2408.11832
cs.CL 2408.11843
cs.CL 2408.11845
cs.CL 2408.11846
cs.CL 2408.11847
cs.CL 2408.11848
cs.CL 2408.11849
cs.CL 2408.11850
cs.CL 2408.11852
cs.CL 2408.11853
cs.CL 2408.11854
cs.CL 2408.11855
cs.CL 2408.11856
cs.CL 2408.11857
cs.CL 2408.11858
cs.CL 2408.11860
cs.CL 2408.11861
cs.CL 2408.11862
cs.CL 2408.11865
cs.CL 2408.11866
cs.CL 2408.11868
cs.CL 2408.11869
cs.CL 2408.11871
cs.CL 2408.11875
cs.CL 2408.11878
cs.CL 2408.11879
cs.CL 2408.11903
cs.CL 2408.11926
cs.CL 2408.11940
cs.CL 2408.11961
cs.CL 2408.11981
cs.CL 2408.12003
cs.CL 2408.12022
cs.CL 2408.12055
cs.CL 2408.12060
cs.CL 2408.12076
cs.CL 2408.12079
cs.CL 2408.12095
cs.CL 2408.12142
cs.CL 2408.12157
cs.CL 2408.12163
cs.CL 2408.12168
cs.CL 2408.12177
cs.CL 2408.12188
cs.CL 2408.12194
cs.CL 2408.12226
cs.CL 2408.12249
cs.CL 2408.12254
cs.CL 2408.12263
cs.CL 2408.12321
cs.CL 2408.12325
cs.CL 2408.12326
cs.CL 2408.12337
cs.CL 2408.12362
cs.CL 2408.12430
cs.CL 2408.12456
cs.CL 2408.12494
cs.CL 2408.12503
cs.CL 2408.12547
cs.CL 2408.12570
cs.CL 2408.12579
cs.CL 2408.12599
cs.MA 2408.08497
cs.MA 2408.08516
cs.MA 2408.08571
cs.MA 2408.08861
cs.MA 2408.08972
cs.MA 2408.09306
cs.MA 2408.09675
cs.MA 2408.10074
cs.MA 2408.10148
cs.MA 2408.09407
cs.MA 2408.09501
cs.MA 2408.09686
cs.MA 2408.09955
cs.MA 2408.10595
cs.MA 2408.10878
cs.MA 2408.11021
cs.MA 2408.10391
cs.MA 2408.10763
cs.MA 2408.10773
cs.MA 2408.10783
cs.MA 2408.10790
cs.MA 2408.11187
cs.MA 2408.11339
cs.MA 2408.11751
cs.MA 2408.11772
cs.MA 2408.11186
cs.MA 2408.11416
cs.MA 2408.11607
cs.MA 2408.12112
cs.MA 2408.12496
cs.MA 2408.12038
cs.IR 2408.08379
cs.IR 2408.08444
cs.IR 2408.08713
cs.IR 2408.08521
cs.IR 2408.08538
cs.IR 2408.08564
cs.IR 2408.08585
cs.IR 2408.08686
cs.IR 2408.08709
cs.IR 2408.08821
cs.IR 2408.08905
cs.IR 2408.08921
cs.IR 2408.08972
cs.IR 2408.09070
cs.IR 2408.09459
cs.IR 2408.09585
cs.IR 2408.09865
cs.IR 2408.10124
cs.IR 2408.08894
cs.IR 2408.08896
cs.IR 2408.08900
cs.IR 2408.08901
cs.IR 2408.08906
cs.IR 2408.08907
cs.IR 2408.08913
cs.IR 2408.08925
cs.IR 2408.08931
cs.IR 2408.08933
cs.IR 2408.08981
cs.IR 2408.09017
cs.IR 2408.09168
cs.IR 2408.09199
cs.IR 2408.09226
cs.IR 2408.09236
cs.IR 2408.09239
cs.IR 2408.09283
cs.IR 2408.09345
cs.IR 2408.09378
cs.IR 2408.09437
cs.IR 2408.09439
cs.IR 2408.09646
cs.IR 2408.09651
cs.IR 2408.09671
cs.IR 2408.09698
cs.IR 2408.09713
cs.IR 2408.09748
cs.IR 2408.09817
cs.IR 2408.09831
cs.IR 2408.09847
cs.IR 2408.09992
cs.IR 2408.10159
cs.IR 2408.10229
cs.IR 2408.10264
cs.IR 2408.10357
cs.IR 2408.10469
cs.IR 2408.10490
cs.IR 2408.10555
cs.IR 2408.10604
cs.IR 2408.10808
cs.IR 2408.10394
cs.IR 2408.10435
cs.IR 2408.10520
cs.IR 2408.10536
cs.IR 2408.10613
cs.IR 2408.10645
cs.IR 2408.10666
cs.IR 2408.10734
cs.IR 2408.11058
cs.IR 2408.11189
cs.IR 2408.11119
cs.IR 2408.11133
cs.IR 2408.11331
cs.IR 2408.11345
cs.IR 2408.11372
cs.IR 2408.11523
cs.IR 2408.11557
cs.IR 2408.11565
cs.IR 2408.11596
cs.IR 2408.11611
cs.IR 2408.11623
cs.IR 2408.11646
cs.IR 2408.11762
cs.IR 2408.11767
cs.IR 2408.11875
cs.IR 2408.11903
cs.IR 2408.12036
cs.IR 2408.12185
cs.IR 2408.12579
cs.IR 2408.11942
cs.IR 2408.12008
cs.IR 2408.12152
cs.IR 2408.12153
cs.IR 2408.12173
cs.IR 2408.12208
cs.IR 2408.12392
cs.IR 2408.12398
cs.IR 2408.12470
cs.IR 2408.12492
cs.CR 2408.08340
cs.CR 2408.08417
cs.CR 2408.08430
cs.CR 2408.08489
cs.CR 2408.08531
cs.CR 2408.08661
cs.CR 2408.08772
cs.CR 2408.08433
cs.CR 2408.08464
cs.CR 2408.08471
cs.CR 2408.08475
cs.CR 2408.08537
cs.CR 2408.08619
cs.CR 2408.08671
cs.CR 2408.08722
cs.CR 2408.08749
cs.CR 2408.08795
cs.CR 2405.18753
cs.CR 2408.09478
cs.CR 2408.09562
cs.CR 2408.09600
cs.CR 2408.09725
cs.CR 2408.09788
cs.CR 2408.09891
cs.CR 2408.10021
cs.CR 2408.10053
cs.CR 2408.08895
cs.CR 2408.08899
cs.CR 2408.08902
cs.CR 2408.08904
cs.CR 2408.08909
cs.CR 2408.08915
cs.CR 2408.08918
cs.CR 2408.08920
cs.CR 2408.08924
cs.CR 2408.08926
cs.CR 2408.08930
cs.CR 2408.08934
cs.CR 2408.08967
cs.CR 2408.09032
cs.CR 2408.09093
cs.CR 2408.09179
cs.CR 2408.09217
cs.CR 2408.09265
cs.CR 2408.09469
cs.CR 2408.09474
cs.CR 2408.09593
cs.CR 2408.09622
cs.CR 2408.09878
cs.CR 2408.09888
cs.CR 2408.09935
cs.CR 2408.09943
cs.CR 2408.09962
cs.CR 2408.10200
cs.CR 2112.13060
cs.CR 2408.10456
cs.CR 2408.10468
cs.CR 2408.10474
cs.CR 2408.10647
cs.CR 2408.10682
cs.CR 2408.10752
cs.CR 2408.11006
cs.CR 2408.10267
cs.CR 2408.10374
cs.CR 2408.10438
cs.CR 2408.10634
cs.CR 2408.10648
cs.CR 2408.10657
cs.CR 2408.10668
cs.CR 2408.10673
cs.CR 2408.10695
cs.CR 2408.10738
cs.CR 2408.10766
cs.CR 2408.10796
cs.CR 2408.10963
cs.CR 2408.11121
cs.CR 2408.11264
cs.CR 2408.11308
cs.CR 2408.11587
cs.CR 2408.11637
cs.CR 2408.11749
cs.CR 2408.11071
cs.CR 2408.11080
cs.CR 2408.11117
cs.CR 2408.11125
cs.CR 2408.11182
cs.CR 2408.11195
cs.CR 2408.11203
cs.CR 2408.11263
cs.CR 2408.11444
cs.CR 2408.11486
cs.CR 2408.11583
cs.CR 2408.11584
cs.CR 2408.11586
cs.CR 2408.11601
cs.CR 2408.11650
cs.CR 2408.11727
cs.CR 2408.11851
cs.CR 2408.11873
cs.CR 2408.11959
cs.CR 2408.12099
cs.CR 2408.12240
cs.CR 2408.11950
cs.CR 2408.12010
cs.CR 2408.12021
cs.CR 2408.12081
cs.CR 2408.12119
cs.CR 2408.12122
cs.CR 2408.12217
cs.CR 2408.12359
cs.CR 2408.12444
cs.CC 2408.08418
cs.CC 2408.09124
cs.CC 2408.09641
cs.CC 2408.09711
cs.CC 2408.09719
cs.CC 2408.09953
cs.CC 2408.09352
cs.CC 2408.10683
cs.CC 2408.10769
cs.CC 2408.11017
cs.CC 2408.10338
cs.CC 2408.11201
cs.CC 2408.11778
cs.CC 2408.12265
cs.CC 2408.12473
cs.CC 2408.12595
cs.NI 2408.08373
cs.NI 2408.08496
cs.NI 2408.08607
cs.NI 2408.08617
cs.NI 2408.08765
cs.NI 2408.09076
cs.NI 2408.09194
cs.NI 2408.09265
cs.NI 2408.09622
cs.NI 2408.09962
cs.NI 2408.08968
cs.NI 2408.09031
cs.NI 2408.09040
cs.NI 2408.09109
cs.NI 2408.09182
cs.NI 2408.09281
cs.NI 2408.09423
cs.NI 2408.09497
cs.NI 2408.09851
cs.NI 2408.10092
cs.NI 2408.10171
cs.NI 2408.10648
cs.NI 2408.10746
cs.NI 2408.10963
cs.NI 2408.10376
cs.NI 2408.10409
cs.NI 2408.10974
cs.NI 2408.11117
cs.NI 2408.11486
cs.NI 2408.11659
cs.NI 2408.11660
cs.NI 2408.11775
cs.NI 2408.11499
cs.NI 2408.11605
cs.NI 2408.11993
cs.NI 2408.12059
cs.NI 2408.12067
cs.NI 2408.12080
cs.NI 2408.12193
cs.NI 2408.12589
cs.NI 2408.12274
cs.NI 2408.12449
cs.IT 2408.08322
cs.IT 2408.08382
cs.IT 2408.08507
cs.IT 2408.08837
cs.IT 2408.08319
cs.IT 2408.08588
cs.IT 2408.08660
cs.IT 2408.08746
cs.IT 2408.08796
cs.IT 2408.08809
cs.IT 2408.08944
cs.IT 2408.09254
cs.IT 2408.09341
cs.IT 2408.09377
cs.IT 2408.09379
cs.IT 2408.09413
cs.IT 2408.09523
cs.IT 2408.09718
cs.IT 2408.09889
cs.IT 2408.10001
cs.IT 2408.09119
cs.IT 2408.09287
cs.IT 2408.09394
cs.IT 2408.09659
cs.IT 2408.09685
cs.IT 2408.09874
cs.IT 2408.10005
cs.IT 2408.10043
cs.IT 2408.10147
cs.IT 2408.10323
cs.IT 2408.10743
cs.IT 2408.10850
cs.IT 2408.10942
cs.IT 2408.10961
cs.IT 2408.10454
cs.IT 2408.10501
cs.IT 2408.10706
cs.IT 2408.10737
cs.IT 2408.10912
cs.IT 2408.11107
cs.IT 2408.11201
cs.IT 2408.11239
cs.IT 2408.11290
cs.IT 2408.11434
cs.IT 2408.11717
cs.IT 2408.11154
cs.IT 2408.11165
cs.IT 2408.11291
cs.IT 2408.11467
cs.IT 2408.11592
cs.IT 2408.11730
cs.IT 2408.11792
cs.IT 2408.12154
cs.IT 2408.11907
cs.IT 2408.11920
cs.IT 2408.12049
cs.IT 2408.12069
cs.IT 2408.12134
cs.IT 2408.12162
cs.IT 2408.12255
cs.IT 2408.12329
cs.IT 2408.12455
cs.IT 2408.12589
cs.PF 2408.07843
cs.PF 2408.08129
cs.PF 2408.10143
cs.PF 2408.10281
cs.PF 2408.10940
cs.PF 2408.11173
cs.PF 2408.11880
cs.PF 2408.11950
cs.PF 2408.12173
cs.PF 2408.12463
cs.CE 2408.08425
cs.CE 2408.08577
cs.CE 2408.08402
cs.CE 2408.08422
cs.CE 2408.08691
cs.CE 2408.08727
cs.CE 2408.09818
cs.CE 2408.09821
cs.CE 2408.08929
cs.CE 2408.09103
cs.CE 2408.09836
cs.CE 2408.09904
cs.CE 2408.10285
cs.CE 2408.10368
cs.CE 2408.10743
cs.CE 2408.10932
cs.CE 2408.11363
cs.CE 2408.11317
cs.CE 2408.11878
cs.CE 2408.11969
cs.CE 2408.12115
cs.CE 2408.12311
cs.CE 2408.12326
cs.CE 2408.11947
cs.CE 2408.11984
cs.CE 2408.12029
cs.CE 2408.12158
cs.CE 2408.12415
cs.CE 2408.12479
cs.NA 2408.08550
cs.NA 2408.08556
cs.NA 2408.08681
cs.NA 2408.08727
cs.NA 2408.08468
cs.NA 2408.08540
cs.NA 2408.08760
cs.NA 2408.08783
cs.NA 2408.08840
cs.NA 2408.09164
cs.NA 2408.09208
cs.NA 2408.09446
cs.NA 2408.09546
cs.NA 2408.09624
cs.NA 2408.09642
cs.NA 2408.09749
cs.NA 2408.09809
cs.NA 2408.09821
cs.NA 2408.09840
cs.NA 2408.09854
cs.NA 2408.10076
cs.NA 2408.09118
cs.NA 2408.09143
cs.NA 2408.09331
cs.NA 2408.09392
cs.NA 2408.09412
cs.NA 2408.09463
cs.NA 2408.09484
cs.NA 2408.09692
cs.NA 2408.09756
cs.NA 2408.09861
cs.NA 2408.09880
cs.NA 2408.10089
cs.NA 2408.10109
cs.NA 2408.10384
cs.NA 2408.10838
cs.NA 2408.10996
cs.NA 2408.10208
cs.NA 2408.10212
cs.NA 2408.10213
cs.NA 2408.10214
cs.NA 2408.10217
cs.NA 2408.10223
cs.NA 2408.10226
cs.NA 2408.10227
cs.NA 2408.10250
cs.NA 2408.10370
cs.NA 2408.10459
cs.NA 2408.10494
cs.NA 2408.10690
cs.NA 2408.10784
cs.NA 2408.10829
cs.NA 2408.11148
cs.NA 2408.11164
cs.NA 2408.11204
cs.NA 2408.11257
cs.NA 2408.11266
cs.NA 2408.11171
cs.NA 2408.11211
cs.NA 2408.11235
cs.NA 2408.11376
cs.NA 2408.11389
cs.NA 2408.11485
cs.NA 2408.11573
cs.NA 2408.11610
cs.NA 2408.11612
cs.NA 2408.11750
cs.NA 2408.11819
cs.NA 2408.12273
cs.NA 2408.12479
cs.NA 2408.11927
cs.NA 2408.11929
cs.NA 2408.12228
cs.NA 2408.12283
cs.NA 2408.12512
cs.NA 2408.12582
cs.LO 2408.08732
cs.LO 2408.08557
cs.LO 2408.08817
cs.LO 2408.09262
cs.LO 2408.10126
cs.LO 2408.09002
cs.LO 2408.09516
cs.LO 2408.09590
cs.LO 2408.09909
cs.LO 2408.10117
cs.LO 2408.10261
cs.LO 2408.10362
cs.LO 2408.10369
cs.LO 2408.10592
cs.LO 2408.10683
cs.LO 2408.11007
cs.LO 2408.10211
cs.LO 2408.10563
cs.LO 2408.10637
cs.LO 2408.10685
cs.LO 2408.11172
cs.LO 2408.11371
cs.LO 2408.11627
cs.LO 2408.11501
cs.LO 2408.11502
cs.LO 2408.11530
cs.LO 2408.11651
cs.LO 2408.11699
cs.LO 2408.11712
cs.LO 2408.11908
cs.LO 2408.12240
cs.PL 2408.07797
cs.PL 2408.07915
cs.PL 2408.07843
cs.PL 2408.09237
cs.PL 2408.09766
cs.PL 2408.10054
cs.PL 2408.09034
cs.PL 2408.09037
cs.PL 2408.09848
cs.PL 2408.10499
cs.PL 2408.10563
cs.PL 2408.10685
cs.PL 2408.10804
cs.PL 2408.11007
cs.PL 2408.11074
cs.PL 2408.11544
cs.PL 2408.11283
cs.PL 2408.11456
cs.PL 2408.11729
cs.PL 2408.11777
cs.PL 2408.11954
cs.PL 2408.12539
cs.SE 2408.08537
cs.SE 2408.08619
cs.SE 2408.08333
cs.SE 2408.08335
cs.SE 2408.08343
cs.SE 2408.08363
cs.SE 2408.08453
cs.SE 2408.08515
cs.SE 2408.08536
cs.SE 2408.08549
cs.SE 2408.08553
cs.SE 2408.08594
cs.SE 2408.08733
cs.SE 2408.08772
cs.SE 2408.09032
cs.SE 2408.09121
cs.SE 2408.09196
cs.SE 2408.09326
cs.SE 2408.09345
cs.SE 2408.09785
cs.SE 2408.09869
cs.SE 2408.09909
cs.SE 2408.08903
cs.SE 2408.09006
cs.SE 2408.09078
cs.SE 2408.09095
cs.SE 2408.09127
cs.SE 2408.09128
cs.SE 2408.09134
cs.SE 2408.09237
cs.SE 2408.09264
cs.SE 2408.09277
cs.SE 2408.09325
cs.SE 2408.09536
cs.SE 2408.09568
cs.SE 2408.09657
cs.SE 2408.09716
cs.SE 2408.09735
cs.SE 2408.09766
cs.SE 2408.10116
cs.SE 2408.10191
cs.SE 2408.10239
cs.SE 2408.10766
cs.SE 2408.10804
cs.SE 2408.10252
cs.SE 2408.10268
cs.SE 2408.10327
cs.SE 2408.10405
cs.SE 2408.10434
cs.SE 2408.10474
cs.SE 2408.10486
cs.SE 2408.10495
cs.SE 2408.10529
cs.SE 2408.10554
cs.SE 2408.10577
cs.SE 2408.10718
cs.SE 2408.10754
cs.SE 2408.10758
cs.SE 2408.10886
cs.SE 2408.11053
cs.SE 2408.11080
cs.SE 2408.11627
cs.SE 2408.11635
cs.SE 2408.11699
cs.SE 2408.11727
cs.SE 2408.11788
cs.SE 2408.11058
cs.SE 2408.11060
cs.SE 2408.11081
cs.SE 2408.11198
cs.SE 2408.11209
cs.SE 2408.11296
cs.SE 2408.11324
cs.SE 2408.11418
cs.SE 2408.11428
cs.SE 2408.11544
cs.SE 2408.11631
cs.SE 2408.11710
cs.SE 2408.12056
cs.SE 2408.12070
cs.SE 2408.12120
cs.SE 2408.12125
cs.SE 2408.12159
cs.SE 2408.12416
cs.SE 2408.12538
cs.SE 2408.12560
cs.OS 2408.04898
cs.OS 2408.04856
cs.OS 2408.06822
cs.OS 2408.07378
cs.OS 2408.08440
cs.OS 2408.11173
cs.OS 2408.11325
cs.RO 2408.08440
cs.RO 2408.08441
cs.RO 2408.08668
cs.RO 2408.08785
cs.RO 2408.08425
cs.RO 2408.08528
cs.RO 2408.08555
cs.RO 2408.08584
cs.RO 2408.08592
cs.RO 2408.08734
cs.RO 2408.08830
cs.RO 2404.18243
cs.RO 2408.09028
cs.RO 2408.09112
cs.RO 2408.09117
cs.RO 2408.09559
cs.RO 2408.09675
cs.RO 2408.10075
cs.RO 2408.10154
cs.RO 2408.09058
cs.RO 2408.09066
cs.RO 2408.09107
cs.RO 2408.09147
cs.RO 2408.09198
cs.RO 2408.09232
cs.RO 2408.09251
cs.RO 2408.09253
cs.RO 2408.09275
cs.RO 2408.09360
cs.RO 2408.09468
cs.RO 2408.09504
cs.RO 2408.09531
cs.RO 2408.09612
cs.RO 2408.09662
cs.RO 2408.09694
cs.RO 2408.09727
cs.RO 2408.09753
cs.RO 2408.09769
cs.RO 2408.09833
cs.RO 2408.09934
cs.RO 2408.09972
cs.RO 2408.10064
cs.RO 2408.10123
cs.RO 2408.10152
cs.RO 2408.10162
cs.RO 2408.10163
cs.RO 2408.10167
cs.RO 2408.10177
cs.RO 2408.10192
cs.RO 2408.10161
cs.RO 2408.10230
cs.RO 2408.10266
cs.RO 2408.10831
cs.RO 2408.10933
cs.RO 2408.11051
cs.RO 2408.10231
cs.RO 2408.10450
cs.RO 2408.10470
cs.RO 2408.10525
cs.RO 2408.10531
cs.RO 2408.10562
cs.RO 2408.10568
cs.RO 2408.10569
cs.RO 2408.10578
cs.RO 2408.10580
cs.RO 2408.10589
cs.RO 2408.10596
cs.RO 2408.10618
cs.RO 2408.10622
cs.RO 2408.10658
cs.RO 2408.10731
cs.RO 2408.10861
cs.RO 2408.10887
cs.RO 2408.10899
cs.RO 2408.10908
cs.RO 2408.11048
cs.RO 2408.11416
cs.RO 2408.11811
cs.RO 2408.11138
cs.RO 2408.11155
cs.RO 2408.11187
cs.RO 2408.11197
cs.RO 2408.11293
cs.RO 2408.11339
cs.RO 2408.11380
cs.RO 2408.11426
cs.RO 2408.11429
cs.RO 2408.11537
cs.RO 2408.11576
cs.RO 2408.11582
cs.RO 2408.11665
cs.RO 2408.11688
cs.RO 2408.11751
cs.RO 2408.11761
cs.RO 2408.11797
cs.RO 2408.11805
cs.RO 2408.11809
cs.RO 2408.11812
cs.RO 2408.11966
cs.RO 2408.12037
cs.RO 2408.12294
cs.RO 2408.11822
cs.RO 2408.11830
cs.RO 2408.11978
cs.RO 2408.12005
cs.RO 2408.12087
cs.RO 2408.12093
cs.RO 2408.12103
cs.RO 2408.12187
cs.RO 2408.12190
cs.RO 2408.12285
cs.RO 2408.12360
cs.RO 2408.12375
cs.RO 2408.12391
cs.RO 2408.12437
cs.RO 2408.12490
cs.RO 2408.12498
cs.RO 2408.12499
cs.RO 2408.12513
cs.RO 2408.12527
cs.RO 2408.12593
cs.SD 2408.08729
cs.SD 2408.08739
cs.SD 2408.08653
cs.SD 2408.08669
cs.SD 2408.08673
cs.SD 2408.09215
cs.SD 2408.09320
cs.SD 2408.09357
cs.SD 2408.09792
cs.SD 2408.09810
cs.SD 2408.09027
cs.SD 2408.09269
cs.SD 2408.09438
cs.SD 2408.09491
cs.SD 2408.09802
cs.SD 2408.09933
cs.SD 2408.10096
cs.SD 2408.10128
cs.SD 2408.10361
cs.SD 2408.10443
cs.SD 2408.10500
cs.SD 2408.10524
cs.SD 2408.10680
cs.SD 2408.10771
cs.SD 2408.10330
cs.SD 2408.10383
cs.SD 2408.10463
cs.SD 2408.10561
cs.SD 2408.10807
cs.SD 2408.10849
cs.SD 2408.10852
cs.SD 2408.10853
cs.SD 2408.10864
cs.SD 2408.10998
cs.SD 2408.11434
cs.SD 2408.11593
cs.SD 2408.11641
cs.SD 2408.11152
cs.SD 2408.11405
cs.SD 2408.11528
cs.SD 2408.11562
cs.SD 2408.11858
cs.SD 2408.11882
cs.SD 2408.12102
cs.SD 2408.12170
cs.SD 2408.12354
cs.SD 2408.12425
cs.SD 2408.12500
cs.SD 2408.11915
cs.SD 2408.12279
cs.SD 2408.12481
cs.SD 2408.12549
stat.AP 2408.08328
stat.AP 2408.08481
stat.AP 2408.08638
stat.AP 2408.08752
stat.AP 2408.08331
stat.AP 2408.08450
stat.AP 2408.08618
stat.AP 2408.08764
stat.AP 2408.09012
stat.AP 2408.09054
stat.AP 2408.09057
stat.AP 2408.09582
stat.AP 2408.09619
stat.AP 2408.09760
stat.AP 2408.10149
stat.AP 2408.09060
stat.AP 2408.09258
stat.AP 2408.09557
stat.AP 2408.10083
stat.AP 2408.10251
stat.AP 2408.10340
stat.AP 2408.10616
stat.AP 2408.10867
stat.AP 2408.10876
stat.AP 2408.11315
stat.AP 2408.11497
stat.AP 2408.11792
stat.AP 2408.11803
stat.AP 2408.11167
stat.AP 2408.11716
stat.AP 2408.11967
stat.AP 2408.11874
stat.AP 2408.11922
stat.AP 2408.12332
stat.AP 2408.12521
cs.SI 2408.08685
cs.SI 2408.08832
cs.SI 2408.08602
cs.SI 2408.08912
cs.SI 2408.09309
cs.SI 2408.09366
cs.SI 2408.09378
cs.SI 2408.09705
cs.SI 2408.09760
cs.SI 2408.09072
cs.SI 2408.09406
cs.SI 2408.09613
cs.SI 2408.09845
cs.SI 2408.10018
cs.SI 2408.10088
cs.SI 2408.10351
cs.SI 2408.10464
cs.SI 2408.11174
cs.SI 2408.11331
cs.SI 2408.11673
cs.SI 2408.11470
cs.SI 2408.11806
cs.SI 2408.12085
cs.SI 2408.12127
cs.SI 2408.12449
cs.SI 2408.11962
cs.SI 2408.12035
cs.SI 2408.12311
cs.SC 2408.05384
cs.SC 2408.07046
cs.SC 2408.07815
cs.SC 2408.07840
cs.SC 2408.09176
cs.SC 2408.10369
cs.LG 2408.08316
cs.LG 2408.08328
cs.LG 2408.08332
cs.LG 2408.08341
cs.LG 2408.08374
cs.LG 2408.08379
cs.LG 2408.08381
cs.LG 2408.08388
cs.LG 2408.08428
cs.LG 2408.08432
cs.LG 2408.08442
cs.LG 2408.08444
cs.LG 2408.08454
cs.LG 2408.08456
cs.LG 2408.08459
cs.LG 2408.08474
cs.LG 2408.08484
cs.LG 2408.08494
cs.LG 2408.08533
cs.LG 2408.08536
cs.LG 2408.08541
cs.LG 2408.08558
cs.LG 2408.08560
cs.LG 2408.08584
cs.LG 2408.08585
cs.LG 2408.08590
cs.LG 2408.08610
cs.LG 2408.08639
cs.LG 2408.08647
cs.LG 2408.08661
cs.LG 2408.08664
cs.LG 2408.08675
cs.LG 2408.08696
cs.LG 2408.08749
cs.LG 2408.08770
cs.LG 2408.08785
cs.LG 2408.08845
cs.LG 2408.08847
cs.LG 2408.08852
cs.LG 2408.08869
cs.LG 2408.08873
cs.LG 2408.08336
cs.LG 2408.08337
cs.LG 2408.08338
cs.LG 2408.08340
cs.LG 2408.08399
cs.LG 2408.08430
cs.LG 2408.08441
cs.LG 2408.08446
cs.LG 2408.08448
cs.LG 2408.08470
cs.LG 2408.08488
cs.LG 2408.08493
cs.LG 2408.08499
cs.LG 2408.08508
cs.LG 2408.08526
cs.LG 2408.08531
cs.LG 2408.08554
cs.LG 2408.08567
cs.LG 2408.08583
cs.LG 2408.08593
cs.LG 2408.08622
cs.LG 2408.08628
cs.LG 2408.08629
cs.LG 2408.08642
cs.LG 2408.08652
cs.LG 2408.08655
cs.LG 2408.08666
cs.LG 2408.08677
cs.LG 2408.08681
cs.LG 2408.08684
cs.LG 2408.08685
cs.LG 2408.08690
cs.LG 2408.08699
cs.LG 2408.08706
cs.LG 2408.08707
cs.LG 2408.08713
cs.LG 2408.08754
cs.LG 2408.08761
cs.LG 2408.08774
cs.LG 2408.08776
cs.LG 2408.08788
cs.LG 2408.08799
cs.LG 2408.08808
cs.LG 2408.08812
cs.LG 2408.08815
cs.LG 2408.08823
cs.LG 2408.08824
cs.LG 2408.08837
cs.LG 2408.08859
cs.LG 2408.08862
cs.LG 2408.08868
cs.LG 1805.08380
cs.LG 2404.18243
cs.LG 2408.08899
cs.LG 2408.08905
cs.LG 2408.08926
cs.LG 2408.08931
cs.LG 2408.08968
cs.LG 2408.08972
cs.LG 2408.08974
cs.LG 2408.08990
cs.LG 2408.08998
cs.LG 2408.09004
cs.LG 2408.09048
cs.LG 2408.09064
cs.LG 2408.09065
cs.LG 2408.09072
cs.LG 2408.09075
cs.LG 2408.09109
cs.LG 2408.09120
cs.LG 2408.09143
cs.LG 2408.09162
cs.LG 2408.09168
cs.LG 2408.09181
cs.LG 2408.09194
cs.LG 2408.09209
cs.LG 2408.09218
cs.LG 2408.09237
cs.LG 2408.09251
cs.LG 2408.09265
cs.LG 2408.09269
cs.LG 2408.09297
cs.LG 2408.09300
cs.LG 2408.09335
cs.LG 2408.09360
cs.LG 2408.09371
cs.LG 2408.09394
cs.LG 2408.09420
cs.LG 2408.09442
cs.LG 2408.09449
cs.LG 2408.09456
cs.LG 2408.09476
cs.LG 2408.09503
cs.LG 2408.09524
cs.LG 2408.09532
cs.LG 2408.09537
cs.LG 2408.09562
cs.LG 2408.09583
cs.LG 2408.09604
cs.LG 2408.09624
cs.LG 2408.09634
cs.LG 2408.09715
cs.LG 2408.09718
cs.LG 2408.09735
cs.LG 2408.09756
cs.LG 2408.09791
cs.LG 2408.09860
cs.LG 2408.09895
cs.LG 2408.09914
cs.LG 2408.09936
cs.LG 2408.09937
cs.LG 2408.09952
cs.LG 2408.09981
cs.LG 2408.10060
cs.LG 2408.10077
cs.LG 2408.10111
cs.LG 2408.10126
cs.LG 2408.10128
cs.LG 2408.10136
cs.LG 2408.10151
cs.LG 2408.10162
cs.LG 2408.10193
cs.LG 2408.08888
cs.LG 2408.08944
cs.LG 2408.08979
cs.LG 2408.08994
cs.LG 2408.09000
cs.LG 2408.09013
cs.LG 2408.09015
cs.LG 2408.09033
cs.LG 2408.09043
cs.LG 2408.09053
cs.LG 2408.09074
cs.LG 2408.09076
cs.LG 2408.09092
cs.LG 2408.09112
cs.LG 2408.09121
cs.LG 2408.09123
cs.LG 2408.09125
cs.LG 2408.09135
cs.LG 2408.09140
cs.LG 2408.09157
cs.LG 2408.09158
cs.LG 2408.09189
cs.LG 2408.09202
cs.LG 2408.09210
cs.LG 2408.09212
cs.LG 2408.09262
cs.LG 2408.09266
cs.LG 2408.09307
cs.LG 2408.09310
cs.LG 2408.09312
cs.LG 2408.09317
cs.LG 2408.09324
cs.LG 2408.09327
cs.LG 2408.09340
cs.LG 2408.09350
cs.LG 2408.09377
cs.LG 2408.09393
cs.LG 2408.09414
cs.LG 2408.09429
cs.LG 2408.09446
cs.LG 2408.09451
cs.LG 2408.09453
cs.LG 2408.09461
cs.LG 2408.09478
cs.LG 2408.09490
cs.LG 2408.09493
cs.LG 2408.09495
cs.LG 2408.09523
cs.LG 2408.09526
cs.LG 2408.09539
cs.LG 2408.09545
cs.LG 2408.09556
cs.LG 2408.09570
cs.LG 2408.09576
cs.LG 2408.09585
cs.LG 2408.09632
cs.LG 2408.09635
cs.LG 2408.09655
cs.LG 2408.09672
cs.LG 2408.09695
cs.LG 2408.09705
cs.LG 2408.09722
cs.LG 2408.09723
cs.LG 2408.09757
cs.LG 2408.09762
cs.LG 2408.09765
cs.LG 2408.09775
cs.LG 2408.09790
cs.LG 2408.09792
cs.LG 2408.09798
cs.LG 2408.09815
cs.LG 2408.09818
cs.LG 2408.09821
cs.LG 2408.09838
cs.LG 2408.09840
cs.LG 2408.09858
cs.LG 2408.09865
cs.LG 2408.09873
cs.LG 2408.09882
cs.LG 2408.09891
cs.LG 2408.09896
cs.LG 2408.09908
cs.LG 2408.09918
cs.LG 2408.09929
cs.LG 2408.09958
cs.LG 2408.09966
cs.LG 2408.09967
cs.LG 2408.09974
cs.LG 2408.09976
cs.LG 2408.09995
cs.LG 2408.10002
cs.LG 2408.10006
cs.LG 2408.10011
cs.LG 2408.10046
cs.LG 2408.10055
cs.LG 2408.10075
cs.LG 2408.10084
cs.LG 2408.10085
cs.LG 2408.10090
cs.LG 2408.10107
cs.LG 2408.10124
cs.LG 2408.10147
cs.LG 2408.10174
cs.LG 2408.10189
cs.LG 2408.10204
cs.LG 2408.10205
cs.LG 2408.09781
cs.LG 2408.10210
cs.LG 2408.10228
cs.LG 2408.10235
cs.LG 2408.10239
cs.LG 2408.10258
cs.LG 2408.10265
cs.LG 2408.10267
cs.LG 2408.10268
cs.LG 2408.10274
cs.LG 2408.10330
cs.LG 2408.10332
cs.LG 2408.10340
cs.LG 2408.10381
cs.LG 2408.10392
cs.LG 2408.10394
cs.LG 2408.10463
cs.LG 2408.10473
cs.LG 2408.10474
cs.LG 2408.10502
cs.LG 2408.10503
cs.LG 2408.10556
cs.LG 2408.10567
cs.LG 2408.10604
cs.LG 2408.10645
cs.LG 2408.10665
cs.LG 2408.10681
cs.LG 2408.10682
cs.LG 2408.10746
cs.LG 2408.10771
cs.LG 2408.10775
cs.LG 2408.10787
cs.LG 2408.10807
cs.LG 2408.10816
cs.LG 2408.10839
cs.LG 2408.10871
cs.LG 2408.10876
cs.LG 2408.10878
cs.LG 2408.10901
cs.LG 2408.10919
cs.LG 2408.10932
cs.LG 2408.10940
cs.LG 2408.10958
cs.LG 2408.10976
cs.LG 2408.10996
cs.LG 2408.10998
cs.LG 2408.11019
cs.LG 2408.11048
cs.LG 2408.10215
cs.LG 2408.10259
cs.LG 2408.10261
cs.LG 2408.10263
cs.LG 2408.10264
cs.LG 2408.10266
cs.LG 2408.10269
cs.LG 2408.10270
cs.LG 2408.10271
cs.LG 2408.10275
cs.LG 2408.10276
cs.LG 2408.10277
cs.LG 2408.10280
cs.LG 2408.10284
cs.LG 2408.10285
cs.LG 2408.10286
cs.LG 2408.10288
cs.LG 2408.10291
cs.LG 2408.10292
cs.LG 2408.10328
cs.LG 2408.10349
cs.LG 2408.10353
cs.LG 2408.10368
cs.LG 2408.10419
cs.LG 2408.10436
cs.LG 2408.10437
cs.LG 2408.10443
cs.LG 2408.10456
cs.LG 2408.10457
cs.LG 2408.10458
cs.LG 2408.10467
cs.LG 2408.10468
cs.LG 2408.10479
cs.LG 2408.10483
cs.LG 2408.10491
cs.LG 2408.10493
cs.LG 2408.10511
cs.LG 2408.10517
cs.LG 2408.10555
cs.LG 2408.10566
cs.LG 2408.10609
cs.LG 2408.10610
cs.LG 2408.10628
cs.LG 2408.10631
cs.LG 2408.10633
cs.LG 2408.10647
cs.LG 2408.10649
cs.LG 2408.10664
cs.LG 2408.10669
cs.LG 2408.10672
cs.LG 2408.10676
cs.LG 2408.10700
cs.LG 2408.10709
cs.LG 2408.10713
cs.LG 2408.10717
cs.LG 2408.10720
cs.LG 2408.10752
cs.LG 2408.10755
cs.LG 2408.10798
cs.LG 2408.10802
cs.LG 2408.10818
cs.LG 2408.10822
cs.LG 2408.10838
cs.LG 2408.10858
cs.LG 2408.10862
cs.LG 2408.10920
cs.LG 2408.10939
cs.LG 2408.10942
cs.LG 2408.10948
cs.LG 2408.10951
cs.LG 2408.11032
cs.LG 2408.11052
cs.LG 2408.11063
cs.LG 2408.11067
cs.LG 2408.11081
cs.LG 2408.11084
cs.LG 2408.11126
cs.LG 2408.11146
cs.LG 2408.11164
cs.LG 2408.11189
cs.LG 2408.11202
cs.LG 2408.11208
cs.LG 2408.11211
cs.LG 2408.11218
cs.LG 2408.11234
cs.LG 2408.11237
cs.LG 2408.11276
cs.LG 2408.11287
cs.LG 2408.11293
cs.LG 2408.11309
cs.LG 2408.11322
cs.LG 2408.11338
cs.LG 2408.11344
cs.LG 2408.11348
cs.LG 2408.11356
cs.LG 2408.11363
cs.LG 2408.11366
cs.LG 2408.11367
cs.LG 2408.11393
cs.LG 2408.11401
cs.LG 2408.11450
cs.LG 2408.11478
cs.LG 2408.11537
cs.LG 2408.11546
cs.LG 2408.11561
cs.LG 2408.11596
cs.LG 2408.11607
cs.LG 2408.11611
cs.LG 2408.11619
cs.LG 2408.11623
cs.LG 2408.11641
cs.LG 2408.11659
cs.LG 2408.11686
cs.LG 2408.11721
cs.LG 2408.11768
cs.LG 2408.11792
cs.LG 2408.11796
cs.LG 2408.11805
cs.LG 2408.11812
cs.LG 2408.11077
cs.LG 2408.11104
cs.LG 2408.11112
cs.LG 2408.11121
cs.LG 2408.11135
cs.LG 2408.11145
cs.LG 2408.11172
cs.LG 2408.11181
cs.LG 2408.11185
cs.LG 2408.11191
cs.LG 2408.11200
cs.LG 2408.11239
cs.LG 2408.11240
cs.LG 2408.11243
cs.LG 2408.11264
cs.LG 2408.11266
cs.LG 2408.11267
cs.LG 2408.11300
cs.LG 2408.11302
cs.LG 2408.11303
cs.LG 2408.11304
cs.LG 2408.11306
cs.LG 2408.11330
cs.LG 2408.11336
cs.LG 2408.11351
cs.LG 2408.11359
cs.LG 2408.11370
cs.LG 2408.11374
cs.LG 2408.11384
cs.LG 2408.11412
cs.LG 2408.11433
cs.LG 2408.11438
cs.LG 2408.11455
cs.LG 2408.11479
cs.LG 2408.11500
cs.LG 2408.11513
cs.LG 2408.11527
cs.LG 2408.11598
cs.LG 2408.11620
cs.LG 2408.11629
cs.LG 2408.11632
cs.LG 2408.11656
cs.LG 2408.11662
cs.LG 2408.11680
cs.LG 2408.11720
cs.LG 2408.11743
cs.LG 2408.11746
cs.LG 2408.11778
cs.LG 2408.11782
cs.LG 2408.11791
cs.LG 2408.11804
cs.LG 2408.11816
cs.LG 2408.02825
cs.LG 2408.05128
cs.LG 2408.11828
cs.LG 2408.11829
cs.LG 2408.11852
cs.LG 2408.11854
cs.LG 2408.11855
cs.LG 2408.11859
cs.LG 2408.11861
cs.LG 2408.11865
cs.LG 2408.11866
cs.LG 2408.11868
cs.LG 2408.11869
cs.LG 2408.11873
cs.LG 2408.11876
cs.LG 2408.11879
cs.LG 2408.11884
cs.LG 2408.11901
cs.LG 2408.11910
cs.LG 2408.11915
cs.LG 2408.11939
cs.LG 2408.11948
cs.LG 2408.11956
cs.LG 2408.11969
cs.LG 2408.11977
cs.LG 2408.12008
cs.LG 2408.12013
cs.LG 2408.12035
cs.LG 2408.12055
cs.LG 2408.12059
cs.LG 2408.12063
cs.LG 2408.12077
cs.LG 2408.12095
cs.LG 2408.12133
cs.LG 2408.12150
cs.LG 2408.12151
cs.LG 2408.12153
cs.LG 2408.12186
cs.LG 2408.12193
cs.LG 2408.12199
cs.LG 2408.12208
cs.LG 2408.12209
cs.LG 2408.12212
cs.LG 2408.12237
cs.LG 2408.12249
cs.LG 2408.12263
cs.LG 2408.12266
cs.LG 2408.12288
cs.LG 2408.12296
cs.LG 2408.12308
cs.LG 2408.12319
cs.LG 2408.12320
cs.LG 2408.12337
cs.LG 2408.12353
cs.LG 2408.12365
cs.LG 2408.12381
cs.LG 2408.12385
cs.LG 2408.12387
cs.LG 2408.12416
cs.LG 2408.12425
cs.LG 2408.12444
cs.LG 2408.12446
cs.LG 2408.12460
cs.LG 2408.12463
cs.LG 2408.12466
cs.LG 2408.12481
cs.LG 2408.12491
cs.LG 2408.12505
cs.LG 2408.12568
cs.LG 2408.12570
cs.LG 2408.12574
cs.LG 2408.12579
cs.LG 2408.11837
cs.LG 2408.11839
cs.LG 2408.11863
cs.LG 2408.11918
cs.LG 2408.11935
cs.LG 2408.11967
cs.LG 2408.11974
cs.LG 2408.11979
cs.LG 2408.11990
cs.LG 2408.12004
cs.LG 2408.12006
cs.LG 2408.12007
cs.LG 2408.12023
cs.LG 2408.12036
cs.LG 2408.12068
cs.LG 2408.12071
cs.LG 2408.12091
cs.LG 2408.12097
cs.LG 2408.12102
cs.LG 2408.12105
cs.LG 2408.12110
cs.LG 2408.12112
cs.LG 2408.12113
cs.LG 2408.12115
cs.LG 2408.12124
cs.LG 2408.12129
cs.LG 2408.12136
cs.LG 2408.12139
cs.LG 2408.12171
cs.LG 2408.12175
cs.LG 2408.12185
cs.LG 2408.12198
cs.LG 2408.12270
cs.LG 2408.12273
cs.LG 2408.12300
cs.LG 2408.12307
cs.LG 2408.12334
cs.LG 2408.12366
cs.LG 2408.12373
cs.LG 2408.12389
cs.LG 2408.12408
cs.LG 2408.12409
cs.LG 2408.12419
cs.LG 2408.12423
cs.LG 2408.12476
cs.LG 2408.12480
cs.LG 2408.12519
cs.LG 2408.12525
cs.LG 2408.12526
cs.LG 2408.12545
cs.LG 2408.12548
cs.LG 2408.12561
cs.LG 2408.12578
cs.LG 2408.12581
cs.LG 2408.12594
stat.CO 2408.08771
stat.CO 2408.09008
stat.CO 2408.09096
stat.CO 2408.09155
stat.CO 2408.09631
stat.CO 2408.09582
stat.CO 2408.09618
stat.CO 2408.10416
stat.CO 2408.11074
stat.CO 2408.11315
stat.CO 2408.11792
stat.CO 2408.11725
stat.CO 2408.11780
stat.CO 2408.12521
stat.CO 2408.12057
eess.AS 2408.08653
eess.AS 2408.08669
eess.AS 2408.08673
eess.AS 2408.08729
eess.AS 2408.08739
eess.AS 2408.09027
eess.AS 2408.09269
eess.AS 2408.09320
eess.AS 2408.09357
eess.AS 2408.09491
eess.AS 2408.09792
eess.AS 2408.09802
eess.AS 2408.09933
eess.AS 2408.10096
eess.AS 2408.10128
eess.AS 2408.09215
eess.AS 2408.09300
eess.AS 2408.09810
eess.AS 2408.10246
eess.AS 2408.10330
eess.AS 2408.10383
eess.AS 2408.10443
eess.AS 2408.10463
eess.AS 2408.10500
eess.AS 2408.10524
eess.AS 2408.10561
eess.AS 2408.10680
eess.AS 2408.10807
eess.AS 2408.10849
eess.AS 2408.10852
eess.AS 2408.10853
eess.AS 2408.10864
eess.AS 2408.10997
eess.AS 2408.10998
eess.AS 2408.10361
eess.AS 2408.10771
eess.AS 2408.11152
eess.AS 2408.11405
eess.AS 2408.11434
eess.AS 2408.11528
eess.AS 2408.11562
eess.AS 2408.11593
eess.AS 2408.11638
eess.AS 2408.11641
eess.AS 2408.11849
eess.AS 2408.11858
eess.AS 2408.11882
eess.AS 2408.11915
eess.AS 2408.12102
eess.AS 2408.12170
eess.AS 2408.12279
eess.AS 2408.12481
eess.AS 2408.12500
eess.AS 2408.12549
eess.AS 2408.11842
eess.AS 2408.11873
eess.AS 2408.11956
eess.AS 2408.12354
eess.AS 2408.12425
math.OC 2408.08511
math.OC 2408.08550
math.OC 2408.08607
math.OC 2408.08628
math.OC 2408.08637
math.OC 2408.08387
math.OC 2408.08398
math.OC 2408.08449
math.OC 2408.08519
math.OC 2408.08595
math.OC 2408.08738
math.OC 2408.08742
math.OC 2408.09074
math.OC 2408.09180
math.OC 2408.09634
math.OC 2408.09642
math.OC 2408.09672
math.OC 2408.09775
math.OC 2408.09967
math.OC 2408.09976
math.OC 2408.10015
math.OC 2408.10066
math.OC 2408.08911
math.OC 2408.08922
math.OC 2408.08970
math.OC 2408.09047
math.OC 2408.09068
math.OC 2408.09113
math.OC 2408.09124
math.OC 2408.09139
math.OC 2408.09242
math.OC 2408.09244
math.OC 2408.09246
math.OC 2408.09250
math.OC 2408.09335
math.OC 2408.09361
math.OC 2408.09376
math.OC 2408.09546
math.OC 2408.09586
math.OC 2408.09652
math.OC 2408.09661
math.OC 2408.09693
math.OC 2408.09696
math.OC 2408.09998
math.OC 2408.10048
math.OC 2408.10078
math.OC 2408.10147
math.OC 2408.10217
math.OC 2408.10323
math.OC 2408.10370
math.OC 2408.10547
math.OC 2408.10595
math.OC 2408.10913
math.OC 2408.10378
math.OC 2408.10384
math.OC 2408.10587
math.OC 2408.10810
math.OC 2408.10967
math.OC 2408.11005
math.OC 2408.11022
math.OC 2408.11040
math.OC 2408.11164
math.OC 2408.11186
math.OC 2408.11224
math.OC 2408.11527
math.OC 2408.11620
math.OC 2408.11686
math.OC 2408.11076
math.OC 2408.11084
math.OC 2408.11143
math.OC 2408.11269
math.OC 2408.11385
math.OC 2408.11580
math.OC 2408.11959
math.OC 2408.11974
math.OC 2408.12457
math.OC 2408.12512
math.OC 2408.11937
math.OC 2408.12018
math.OC 2408.12179
math.OC 2408.12183
math.OC 2408.12209
math.OC 2408.12404
math.OC 2408.12422
math.OC 2408.12478
math.OC 2408.12505
math.OC 2408.12518
math.OC 2408.12536
math.OC 2408.12573
cs.SY 2408.08368
cs.SY 2408.08390
cs.SY 2408.08398
cs.SY 2408.08399
cs.SY 2408.08425
cs.SY 2408.08593
cs.SY 2408.08602
cs.SY 2408.08626
cs.SY 2408.08664
cs.SY 2408.08668
cs.SY 2408.08440
cs.SY 2408.08442
cs.SY 2408.08467
cs.SY 2408.08497
cs.SY 2408.08620
cs.SY 2408.08834
cs.SY 2408.09040
cs.SY 2408.09112
cs.SY 2408.09113
cs.SY 2408.09244
cs.SY 2408.09246
cs.SY 2408.09250
cs.SY 2408.09253
cs.SY 2408.09265
cs.SY 2408.09360
cs.SY 2408.09851
cs.SY 2408.10177
cs.SY 2408.08914
cs.SY 2408.08919
cs.SY 2408.09133
cs.SY 2408.09136
cs.SY 2408.09145
cs.SY 2408.09245
cs.SY 2408.09534
cs.SY 2408.09602
cs.SY 2408.09781
cs.SY 2408.09854
cs.SY 2408.09938
cs.SY 2408.09989
cs.SY 2408.10017
cs.SY 2408.10201
cs.SY 2408.10215
cs.SY 2408.10378
cs.SY 2408.10731
cs.SY 2408.10970
cs.SY 2408.10333
cs.SY 2408.10390
cs.SY 2408.10461
cs.SY 2408.10462
cs.SY 2408.10547
cs.SY 2408.10564
cs.SY 2408.10620
cs.SY 2408.10824
cs.SY 2408.10913
cs.SY 2408.10941
cs.SY 2408.11197
cs.SY 2408.11380
cs.SY 2408.11479
cs.SY 2408.11580
cs.SY 2408.11582
cs.SY 2408.11607
cs.SY 2408.11688
cs.SY 2408.11797
cs.SY 2408.11212
cs.SY 2408.11328
cs.SY 2408.11388
cs.SY 2408.11390
cs.SY 2408.11619
cs.SY 2408.11625
cs.SY 2408.11752
cs.SY 2408.11794
cs.SY 2408.01463
cs.SY 2408.11937
cs.SY 2408.12129
cs.SY 2408.12337
cs.SY 2408.12360
cs.SY 2408.12573
cs.SY 2408.11934
cs.SY 2408.11959
cs.SY 2408.12014
cs.SY 2408.12085
cs.SY 2408.12126
cs.SY 2408.12266
cs.SY 2408.12277
cs.SY 2408.12294
cs.SY 2408.12402
cs.SY 2408.12431
cs.SY 2408.12457
cs.SY 2408.12510
cs.SY 2408.12535
stat.ML 2408.08381
stat.ML 2408.08408
stat.ML 2408.08483
stat.ML 2408.08493
stat.ML 2408.08567
stat.ML 2408.08690
stat.ML 2408.08823
stat.ML 2408.08388
stat.ML 2408.08533
stat.ML 2408.08558
stat.ML 2408.08664
stat.ML 2408.08675
stat.ML 2408.08845
stat.ML 1805.08380
stat.ML 2408.08990
stat.ML 2408.09033
stat.ML 2408.09155
stat.ML 2408.09335
stat.ML 2408.09377
stat.ML 2408.09503
stat.ML 2408.09576
stat.ML 2408.09582
stat.ML 2408.09598
stat.ML 2408.09632
stat.ML 2408.09655
stat.ML 2408.09672
stat.ML 2408.09722
stat.ML 2408.09755
stat.ML 2408.09981
stat.ML 2408.10107
stat.ML 2408.08998
stat.ML 2408.09004
stat.ML 2408.09120
stat.ML 2408.09532
stat.ML 2408.09537
stat.ML 2408.09583
stat.ML 2408.09718
stat.ML 2408.09791
stat.ML 2408.09941
stat.ML 2408.10136
stat.ML 2408.10193
stat.ML 2408.10147
stat.ML 2408.10288
stat.ML 2408.10353
stat.ML 2408.10419
stat.ML 2408.10609
stat.ML 2408.10762
stat.ML 2408.10862
stat.ML 2408.10939
stat.ML 2408.10340
stat.ML 2408.10381
stat.ML 2408.10502
stat.ML 2408.10976
stat.ML 2408.10996
stat.ML 2408.11077
stat.ML 2408.11276
stat.ML 2408.11348
stat.ML 2408.11389
stat.ML 2408.11718
stat.ML 2408.11773
stat.ML 2408.11164
stat.ML 2408.11202
stat.ML 2408.11686
stat.ML 2408.11979
stat.ML 2408.12004
stat.ML 2408.12007
stat.ML 2408.12136
stat.ML 2408.12175
stat.ML 2408.12209
stat.ML 2408.12332
stat.ML 2408.12564
stat.ML 2408.11977
stat.ML 2408.12063
stat.ML 2408.12186
stat.ML 2408.12288
stat.ML 2408.12319
stat.ML 2408.12353
eess.IV 2408.08320
eess.IV 2408.08381
eess.IV 2408.08567
eess.IV 2408.08700
eess.IV 2408.08751
eess.IV 2408.08432
eess.IV 2408.08456
eess.IV 2408.08489
eess.IV 2408.08616
eess.IV 2408.08647
eess.IV 2408.08747
eess.IV 2408.08784
eess.IV 2408.08790
eess.IV 2408.08792
eess.IV 2408.08847
eess.IV 2408.09151
eess.IV 2408.09241
eess.IV 2408.09454
eess.IV 2408.09512
eess.IV 2408.09554
eess.IV 2408.09644
eess.IV 2408.09650
eess.IV 2408.09715
eess.IV 2408.09873
eess.IV 2408.09912
eess.IV 2408.09920
eess.IV 2408.09940
eess.IV 2408.10134
eess.IV 2408.08881
eess.IV 2408.08883
eess.IV 2408.08887
eess.IV 2408.08939
eess.IV 2408.09044
eess.IV 2408.09218
eess.IV 2408.09278
eess.IV 2408.09315
eess.IV 2408.09367
eess.IV 2408.09369
eess.IV 2408.09432
eess.IV 2408.09687
eess.IV 2408.09731
eess.IV 2408.09736
eess.IV 2408.09754
eess.IV 2408.09894
eess.IV 2408.09931
eess.IV 2408.10067
eess.IV 2408.10233
eess.IV 2408.10287
eess.IV 2408.10404
eess.IV 2408.10543
eess.IV 2408.10619
eess.IV 2408.10670
eess.IV 2408.10775
eess.IV 2408.10823
eess.IV 2408.10855
eess.IV 2408.10934
eess.IV 2408.10236
eess.IV 2408.10283
eess.IV 2408.10498
eess.IV 2408.10572
eess.IV 2408.10636
eess.IV 2408.10656
eess.IV 2408.10665
eess.IV 2408.10733
eess.IV 2408.10827
eess.IV 2408.10966
eess.IV 2408.10987
eess.IV 2408.11754
eess.IV 2408.11064
eess.IV 2408.11170
eess.IV 2408.11227
eess.IV 2408.11289
eess.IV 2408.11425
eess.IV 2408.11480
eess.IV 2408.11507
eess.IV 2408.11532
eess.IV 2408.11682
eess.IV 2408.11701
eess.IV 2408.11787
eess.IV 2408.11829
eess.IV 2408.11885
eess.IV 2408.12048
eess.IV 2408.11965
eess.IV 2408.11982
eess.IV 2408.11992
eess.IV 2408.12013
eess.IV 2408.12150
eess.IV 2408.12275
eess.IV 2408.12323
eess.IV 2408.12534
nlin.AO 2408.07374
nlin.AO 2408.07755
nlin.AO 2408.09917
nlin.AO 2408.10278
nlin.AO 2408.12137
nlin.AO 2408.12235
math.PR 2408.08370
math.PR 2408.08511
math.PR 2408.08681
math.PR 2408.08809
math.PR 2408.08445
math.PR 2408.08457
math.PR 2408.08465
math.PR 2408.08505
math.PR 2408.08646
math.PR 2408.08773
math.PR 2408.08891
math.PR 2408.09047
math.PR 2408.09079
math.PR 2408.09208
math.PR 2408.09341
math.PR 2408.09442
math.PR 2408.09770
math.PR 2408.09941
math.PR 2408.09950
math.PR 2408.09116
math.PR 2408.09188
math.PR 2408.09256
math.PR 2408.09364
math.PR 2408.09487
math.PR 2408.09797
math.PR 2408.09884
math.PR 2408.10009
math.PR 2408.10068
math.PR 2408.10131
math.PR 2408.10186
math.PR 2408.09337
math.PR 2408.10218
math.PR 2408.10254
math.PR 2408.10530
math.PR 2408.10610
math.PR 2408.10785
math.PR 2408.10326
math.PR 2408.10426
math.PR 2408.10662
math.PR 2408.10840
math.PR 2408.10896
math.PR 2408.10927
math.PR 2408.10936
math.PR 2408.11034
math.PR 2408.11116
math.PR 2408.11178
math.PR 2408.11179
math.PR 2408.11244
math.PR 2408.11485
math.PR 2408.11629
math.PR 2408.11678
math.PR 2408.11148
math.PR 2408.11276
math.PR 2408.11419
math.PR 2408.11474
math.PR 2408.11516
math.PR 2408.11521
math.PR 2408.11547
math.PR 2408.11568
math.PR 2408.11615
math.PR 2408.11633
math.PR 2408.11695
math.PR 2408.11719
math.PR 2408.12092
math.PR 2408.12204
math.PR 2408.12556
math.PR 2408.12565
math.PR 2408.12011
math.PR 2408.12039
math.PR 2408.12379
math.PR 2408.12515
math.PR 2408.12540
stat.TH 2408.08638
stat.TH 2408.08806
stat.TH 1805.08380
stat.TH 2408.09155
stat.TH 2408.09598
stat.TH 2408.09770
stat.TH 2408.09941
stat.TH 2408.10068
stat.TH 2408.10136
stat.TH 2408.09173
stat.TH 2408.09195
stat.TH 2408.09288
stat.TH 2408.09341
stat.TH 2408.09710
stat.TH 2408.09950
stat.TH 2408.10004
stat.TH 2408.10118
stat.TH 2408.10396
stat.TH 2408.10502
stat.TH 2408.10825
stat.TH 2408.10218
stat.TH 2408.10612
stat.TH 2408.10856
stat.TH 2408.11521
stat.TH 2408.11547
stat.TH 2408.11808
stat.TH 2408.11307
stat.TH 2408.11753
stat.TH 2408.12288
stat.TH 2408.12353
stat.TH 2408.12482
stat.TH 2408.12131
stat.TH 2408.12564
nlin.CD 2408.08237
nlin.CD 2408.08932
nlin.CD 2408.09011
nlin.CD 2408.09154
nlin.CD 2408.09298
nlin.CD 2408.10550
nlin.CD 2408.10595
nlin.CD 2408.10544
nlin.CD 2408.10930
nlin.CD 2408.11254
nlin.CD 2408.12585
eess.SP 2408.08488
eess.SP 2408.08496
eess.SP 2408.08588
eess.SP 2408.08746
eess.SP 2408.08796
eess.SP 2408.08322
eess.SP 2408.08478
eess.SP 2408.08485
eess.SP 2408.08609
eess.SP 2408.08621
eess.SP 2408.08833
eess.SP 2408.08849
eess.SP 2408.09013
eess.SP 2408.09300
eess.SP 2408.09423
eess.SP 2408.09718
eess.SP 2408.09947
eess.SP 2408.09951
astro-ph.IM 2408.08385
eess.SP 2408.09954
astro-ph.IM 2408.08474
eess.SP 2408.10043
eess.SP 2408.10110
astro-ph.IM 2408.08676
eess.SP 2408.08983
astro-ph.IM 2408.08838
eess.SP 2408.09067
astro-ph.IM 2408.08873
eess.SP 2408.09132
astro-ph.IM 2408.08334
astro-ph.IM 2408.08888
eess.SP 2408.09180
astro-ph.IM 2408.08949
eess.SP 2408.09192
eess.SP 2408.09379
astro-ph.IM 2408.09129
eess.SP 2408.09381
astro-ph.IM 2408.09482
eess.SP 2408.09389
astro-ph.IM 2408.10139
eess.SP 2408.09592
astro-ph.IM 2408.10173
eess.SP 2408.09616
astro-ph.IM 2408.09260
eess.SP 2408.09644
astro-ph.IM 2408.09502
eess.SP 2408.09649
astro-ph.IM 2408.09779
eess.SP 2408.09844
astro-ph.IM 2408.09806
eess.SP 2408.09883
astro-ph.IM 2408.10449
eess.SP 2408.09887
astro-ph.IM 2408.10803
eess.SP 2408.09981
astro-ph.IM 2408.10863
eess.SP 2408.10029
astro-ph.IM 2408.11004
eess.SP 2408.10376
astro-ph.IM 2408.10322
eess.SP 2408.10404
astro-ph.IM 2408.10341
eess.SP 2408.10457
astro-ph.IM 2408.10371
astro-ph.IM 2408.10444
eess.SP 2408.10501
astro-ph.IM 2408.10702
eess.SP 2408.10706
astro-ph.IM 2408.10871
eess.SP 2408.10737
astro-ph.IM 2408.10890
eess.SP 2408.10850
astro-ph.IM 2408.10891
eess.SP 2408.10919
eess.SP 2408.10222
astro-ph.IM 2408.10893
eess.SP 2408.10228
astro-ph.IM 2408.10926
eess.SP 2408.10235
astro-ph.IM 2408.11100
eess.SP 2408.10241
astro-ph.IM 2408.11245
eess.SP 2408.10410
astro-ph.IM 2408.11248
eess.SP 2408.10522
astro-ph.IM 2408.11768
eess.SP 2408.10552
astro-ph.IM 2408.11059
eess.SP 2408.10611
astro-ph.IM 2408.11168
eess.SP 2408.10800
astro-ph.IM 2408.12106
eess.SP 2408.10816
astro-ph.IM 2408.12244
eess.SP 2408.11240
astro-ph.IM 2408.12517
eess.SP 2408.11303
astro-ph.IM 2408.11960
eess.SP 2408.11531
eess.SP 2408.11576
astro-ph.IM 2408.12200
eess.SP 2408.11592
astro-ph.IM 2408.12384
eess.SP 2408.11205
astro-ph.IM 2408.12493
eess.SP 2408.11230
eess.SP 2408.11290
eess.SP 2408.11295
eess.SP 2408.11329
eess.SP 2408.11348
eess.SP 2408.11361
eess.SP 2408.11398
eess.SP 2408.11430
eess.SP 2408.11434
eess.SP 2408.11458
eess.SP 2408.11509
eess.SP 2408.11659
eess.SP 2408.11717
eess.SP 2408.11837
eess.SP 2408.11920
eess.SP 2408.12021
eess.SP 2408.12069
eess.SP 2408.12124
eess.SP 2408.12134
eess.SP 2408.12162
eess.SP 2408.12255
eess.SP 2408.12329
eess.SP 2408.12589
eess.SP 2408.11828
eess.SP 2408.12059
eess.SP 2408.12067
eess.SP 2408.12077
eess.SP 2408.12080
eess.SP 2408.12145
eess.SP 2408.12149
eess.SP 2408.12193
eess.SP 2408.12205
eess.SP 2408.12239
eess.SP 2408.12252
physics.comp-ph 2408.08391
physics.comp-ph 2408.08462
physics.comp-ph 2408.08534
physics.comp-ph 2408.08716
physics.comp-ph 2408.08791
physics.comp-ph 2408.08843
physics.comp-ph 2408.08378
physics.comp-ph 2408.08522
physics.comp-ph 2408.09011
physics.comp-ph 2408.09052
physics.comp-ph 2408.09105
physics.comp-ph 2408.09308
physics.comp-ph 2408.09372
physics.comp-ph 2408.09446
physics.comp-ph 2408.09447
physics.comp-ph 2408.09524
physics.comp-ph 2408.09580
physics.comp-ph 2408.09627
physics.comp-ph 2408.09767
physics.comp-ph 2408.09821
physics.comp-ph 2408.09840
physics.comp-ph 2408.09959
physics.comp-ph 2408.10205
physics.comp-ph 2408.08960
physics.comp-ph 2408.09316
physics.comp-ph 2408.09574
physics.comp-ph 2408.09889
physics.comp-ph 2408.10208
physics.comp-ph 2408.10311
physics.comp-ph 2408.10649
physics.comp-ph 2408.10727
physics.comp-ph 2408.10992
physics.comp-ph 2408.11025
physics.comp-ph 2408.11026
physics.comp-ph 2408.11038
physics.comp-ph 2408.10965
physics.comp-ph 2408.11235
physics.comp-ph 2408.11360
physics.comp-ph 2408.11579
physics.comp-ph 2408.11595
physics.comp-ph 2408.11722
physics.comp-ph 2408.11538
physics.comp-ph 2408.12182
physics.comp-ph 2408.12331
physics.comp-ph 2408.12358
physics.comp-ph 2408.12484
physics.comp-ph 2408.12485
physics.comp-ph 2408.12054
physics.comp-ph 2408.12546
nlin.SI 2408.06888
nlin.SI 2408.07376
nlin.SI 2408.07868
nlin.SI 2408.07963
nlin.SI 2408.07973
nlin.SI 2408.08357
nlin.SI 2408.09714
nlin.SI 2408.09450
nlin.SI 2408.09457
nlin.SI 2408.09983
nlin.SI 2408.10101
nlin.SI 2408.11533
cond-mat.dis-nn 2408.08319
cond-mat.dis-nn 2408.08548
cond-mat.dis-nn 2408.08776
cond-mat.dis-nn 2408.08976
cond-mat.dis-nn 2408.09339
cond-mat.dis-nn 2408.10304
cond-mat.dis-nn 2408.10321
cond-mat.dis-nn 2408.10765
cond-mat.dis-nn 2408.10329
cond-mat.dis-nn 2408.10530
cond-mat.dis-nn 2408.10909
cond-mat.dis-nn 2408.11270
cond-mat.dis-nn 2408.11364
cond-mat.dis-nn 2408.11395
cond-mat.dis-nn 2408.11765
cond-mat.dis-nn 2408.11989
cond-mat.dis-nn 2408.12089
cond-mat.dis-nn 2408.12484
cond-mat.dis-nn 2408.12545
math.DS 2408.08370
math.DS 2408.08629
math.DS 2408.08635
math.DS 2408.08854
math.DS 2408.08390
math.DS 2408.08476
math.DS 2408.08745
math.DS 2408.09063
math.DS 2408.09238
math.DS 2408.09282
math.DS 2408.09346
math.DS 2408.09484
math.DS 2408.09505
math.DS 2408.09564
math.DS 2408.09740
math.DS 2408.09983
math.DS 2408.10009
math.DS 2408.10047
math.DS 2408.09398
math.DS 2408.09569
math.DS 2408.09711
math.DS 2408.09910
math.DS 2408.10169
math.DS 2408.10344
math.DS 2408.10373
math.DS 2408.10220
math.DS 2408.10582
math.DS 2408.10687
math.DS 2408.10868
math.DS 2408.11143
math.DS 2408.11179
math.DS 2408.11350
math.DS 2408.11466
math.DS 2408.11479
math.DS 2408.11661
math.DS 2408.11781
math.DS 2408.11178
math.DS 2408.11256
math.DS 2408.11274
math.DS 2408.11314
math.DS 2408.11482
math.DS 2408.11708
math.DS 2408.11921
math.DS 2408.12085
math.DS 2408.12235
math.DS 2408.12277
math.DS 2408.12465
math.DS 2408.12540
math.DS 2408.11917
math.DS 2408.11938
math.DS 2408.12256
math.DS 2408.12371
math.DS 2408.12372
math.DS 2408.12556
math.DS 2408.12565
physics.data-an 2408.08504
physics.data-an 2408.08776
physics.data-an 2408.08823
physics.data-an 2407.08682
physics.data-an 2408.09057
physics.data-an 2408.09343
physics.data-an 2408.09400
physics.data-an 2408.09889
physics.data-an 2408.10205
physics.data-an 2408.10356
physics.data-an 2408.10857
physics.data-an 2408.10251
physics.data-an 2408.11065
physics.data-an 2408.11191
physics.data-an 2408.11395
physics.data-an 2408.11870
physics.data-an 2408.11872
physics.data-an 2408.12083
physics.data-an 2408.12271
physics.data-an 2408.12296
physics.data-an 2408.12072
physics.app-ph 2408.08330
physics.app-ph 2408.08368
physics.app-ph 2408.08394
physics.app-ph 2408.08509
physics.app-ph 2408.08423
physics.app-ph 2408.08428
physics.app-ph 2408.08451
physics.app-ph 2408.08491
physics.app-ph 2408.08525
physics.app-ph 2408.08756
physics.app-ph 2408.08996
physics.app-ph 2408.09054
physics.app-ph 2408.09323
physics.app-ph 2408.09355
physics.app-ph 2408.09389
physics.app-ph 2408.09425
physics.app-ph 2408.09518
physics.app-ph 2408.09707
physics.app-ph 2408.09726
physics.app-ph 2408.09864
physics.app-ph 2408.09942
physics.app-ph 2408.09980
physics.app-ph 2408.09987
physics.app-ph 2408.09991
physics.app-ph 2408.10071
physics.app-ph 2408.10106
physics.app-ph 2408.10110
physics.app-ph 2408.10138
physics.app-ph 2408.09146
physics.app-ph 2408.09470
physics.app-ph 2408.09507
physics.app-ph 2408.09551
physics.app-ph 2408.09575
physics.app-ph 2408.09660
physics.app-ph 2408.09728
physics.app-ph 2408.09780
physics.app-ph 2408.09829
physics.app-ph 2408.09852
physics.app-ph 2408.09866
physics.app-ph 2408.10104
physics.app-ph 2408.10250
physics.app-ph 2408.10472
physics.app-ph 2408.10590
physics.app-ph 2408.10601
physics.app-ph 2408.10696
physics.app-ph 2408.10792
physics.app-ph 2408.10237
physics.app-ph 2408.10238
physics.app-ph 2408.10389
physics.app-ph 2408.10617
physics.app-ph 2408.11028
physics.app-ph 2408.11299
physics.app-ph 2408.11342
physics.app-ph 2408.11343
physics.app-ph 2408.11534
physics.app-ph 2408.11597
physics.app-ph 2408.11630
physics.app-ph 2408.11379
physics.app-ph 2408.11476
physics.app-ph 2408.11722
physics.app-ph 2408.01463
physics.app-ph 2408.11870
physics.app-ph 2408.11989
physics.app-ph 2408.12061
physics.app-ph 2408.12504
physics.app-ph 2408.12174
physics.app-ph 2408.12374
physics.ins-det 2408.08614
physics.ins-det 2408.08720
physics.ins-det 2408.08626
physics.ins-det 2408.09806
physics.ins-det 2408.10104
physics.ins-det 2408.09915
physics.ins-det 2408.10466
physics.ins-det 2408.10477
physics.ins-det 2408.10828
physics.ins-det 2408.11027
physics.ins-det 2408.11709
physics.ins-det 2408.11722
physics.ins-det 2408.11066
physics.ins-det 2408.11068
physics.ins-det 2408.11069
physics.ins-det 2408.11070
physics.ins-det 2408.11075
physics.ins-det 2408.11158
physics.ins-det 2408.11245
physics.ins-det 2408.11734
physics.ins-det 2408.12350
physics.ins-det 2408.11973
physics.ins-det 2408.12336
physics.ins-det 2408.12410
physics.optics 2408.08337
physics.optics 2408.08330
physics.optics 2408.08407
physics.optics 2408.08455
physics.optics 2408.08509
physics.optics 2408.08582
physics.optics 2408.08615
physics.optics 2408.08679
physics.optics 2408.08710
physics.optics 2408.08750
physics.optics 2408.08969
physics.optics 2408.09052
physics.optics 2408.09056
physics.optics 2408.09061
physics.optics 2408.09318
physics.optics 2408.09323
physics.optics 2408.09486
physics.optics 2408.09575
physics.optics 2408.09617
physics.optics 2408.09991
physics.optics 2408.09086
physics.optics 2408.09114
physics.optics 2408.09154
physics.optics 2408.09284
physics.optics 2408.09290
physics.optics 2408.09291
physics.optics 2408.09328
physics.optics 2408.09425
physics.optics 2408.09509
physics.optics 2408.09518
physics.optics 2408.09664
physics.optics 2408.09673
physics.optics 2408.09707
physics.optics 2408.09726
physics.optics 2408.09864
physics.optics 2408.09980
physics.optics 2408.09987
physics.optics 2408.09994
physics.optics 2408.10106
physics.optics 2408.10110
physics.optics 2408.10324
physics.optics 2408.10485
physics.optics 2408.10655
physics.optics 2408.10249
physics.optics 2408.10287
physics.optics 2408.10294
physics.optics 2408.10451
physics.optics 2408.10472
physics.optics 2408.10590
physics.optics 2408.10601
physics.optics 2408.10607
physics.optics 2408.10667
physics.optics 2408.10723
physics.optics 2408.10727
physics.optics 2408.10742
physics.optics 2408.10792
physics.optics 2408.10806
physics.optics 2408.10836
physics.optics 2408.10950
physics.optics 2408.11020
physics.optics 2408.11070
physics.optics 2408.11268
physics.optics 2408.11332
physics.optics 2408.11477
physics.optics 2408.11602
physics.optics 2408.11663
physics.optics 2408.11106
physics.optics 2408.11322
physics.optics 2408.11354
physics.optics 2408.11360
physics.optics 2408.11483
physics.optics 2408.11534
physics.optics 2408.11630
physics.optics 2408.11634
physics.optics 2408.11642
physics.optics 2408.11703
physics.optics 2408.11885
physics.optics 2408.12016
physics.optics 2408.12033
physics.optics 2408.12203
physics.optics 2408.12452
physics.optics 2408.12474
physics.optics 2408.12493
physics.optics 2408.11881
physics.optics 2408.11953
physics.optics 2408.12015
physics.optics 2408.12050
physics.optics 2408.12061
physics.optics 2408.12167
physics.optics 2408.12261
physics.optics 2408.12303
physics.optics 2408.12350
physics.optics 2408.12497
physics.med-ph 2408.08376
physics.med-ph 2408.09512
physics.med-ph 2408.09513
physics.med-ph 2408.09733
physics.med-ph 2408.10432
physics.med-ph 2408.10855
physics.med-ph 2408.11471
physics.med-ph 2408.11838
physics.med-ph 2408.12336
physics.med-ph 2408.11885
q-fin.MF 2408.08595
q-fin.MF 2408.09242
q-fin.MF 2408.09335
q-fin.MF 2408.09349
q-fin.MF 2408.09505
q-fin.MF 2408.10785
q-fin.MF 2408.11257
q-fin.MF 2408.12553
econ.TH 2408.06547
econ.TH 2408.07227
econ.TH 2408.07361
econ.TH 2408.07602
econ.TH 2408.09505
econ.TH 2408.10066
econ.TH 2408.09294
econ.TH 2408.09473
econ.TH 2408.10077
econ.TH 2408.11146
econ.TH 2408.11224
econ.TH 2408.11445
econ.TH 2408.11504
econ.TH 2408.11199
econ.TH 2408.12553
econ.TH 2408.12001
econ.TH 2408.12225
