cs.CG 2501.06088
cs.CG 2501.05529
cs.CG 2501.06328
cs.CG 2501.06588
cs.CG 2501.07617
cs.CG 2501.07707
cs.CG 2501.08745
cs.CG 2501.09908
cs.CG 2501.10335
cs.DM 2501.05574
cs.DM 2501.05638
cs.DM 2501.05968
cs.CC 2501.06427
cs.DM 2501.06065
cs.CC 2501.06444
cs.CC 2501.07413
cs.DM 2501.06279
cs.CC 2501.06574
cs.DM 2501.06935
cs.DM 2501.07332
cs.CC 2501.07529
cs.CC 2501.05283
cs.DM 2501.07413
cs.CC 2501.07752
cs.DM 2501.07529
cs.DM 2501.07558
cs.CC 2501.08735
cs.DM 2501.08735
cs.CC 2501.08905
cs.CC 2501.09545
cs.DM 2501.08823
cs.DM 2501.08698
cs.CC 2501.09828
cs.DM 2501.08895
cs.DM 2501.08929
cs.DM 2501.09689
cs.DM 2501.09256
cs.DM 2501.09560
cs.DM 2501.10102
cs.DM 2501.10154
cs.AR 2501.06646
cs.AR 2501.06663
cs.AR 2501.06872
cs.AR 2501.07047
cs.AR 2501.07148
cs.AR 2501.06780
cs.AR 2501.07330
cs.AR 2501.07868
cs.AR 2501.08043
cs.AR 2501.08192
cs.AR 2501.07767
cs.AR 2501.07825
cs.AR 2501.08071
cs.AR 2501.08645
cs.AR 2501.08889
cs.AR 2501.09020
cs.AR 2501.09531
cs.AR 2501.09118
cs.AR 2501.09242
cs.AR 2501.09588
cs.AR 2501.09605
cs.AR 2501.09954
cs.AR 2501.10093
cs.AR 2501.10138
cs.AR 2501.10155
cs.AR 2501.09902
cs.AR 2501.10161
cs.AR 2501.10187
cs.AR 2501.10189
cs.AR 2501.10301
cs.FL 2501.05185
cs.FL 2501.05830
cs.FL 2501.06579
cs.FL 2501.07428
cs.FL 2501.08082
cs.FL 2501.08684
cs.FL 2501.08823
cs.FL 2501.08689
cs.FL 2501.10344
cs.FL 2501.10270
cs.DS 2501.06246
cs.DS 2501.06417
cs.DS 2501.06588
cs.DS 2501.06872
cs.DS 2501.07503
cs.DS 2501.06247
cs.DS 2501.06452
cs.DS 2501.06647
cs.DS 2501.06949
cs.DS 2501.07903
cs.DS 2501.07745
cs.DS 2501.08449
cs.DS 2501.08663
cs.DS 2501.08775
cs.DS 2501.08846
cs.DS 2501.09189
cs.DS 2501.09691
cs.DS 2501.09091
cs.DS 2501.09293
cs.DS 2501.09851
cs.DS 2501.09856
cs.DS 2501.10102
cs.DS 2501.10183
cs.DS 2501.10230
cs.GT 2501.06261
cs.GT 2501.07193
cs.GT 2501.06506
cs.GT 2501.06799
cs.GT 2501.06871
cs.GT 2501.06923
cs.GT 2501.07022
cs.GT 2501.07233
cs.GT 2501.07265
cs.GT 2501.08328
cs.GT 2501.08595
cs.GT 2501.08985
cs.GT 2501.08626
cs.GT 2501.08905
cs.GT 2501.09254
cs.GT 2501.09330
cs.GT 2501.09740
cs.GT 2501.10181
cs.CE 2501.06211
cs.CE 2501.06271
cs.CE 2501.06572
cs.CE 2501.07373
cs.CE 2501.06583
cs.CE 2501.06879
cs.CE 2501.06988
cs.CE 2501.07121
cs.CE 2501.07274
cs.CE 2501.07700
cs.CE 2501.08004
cs.CE 2501.08109
cs.CE 2501.08187
cs.CE 2501.07701
cs.CE 2501.08314
cs.CE 2501.08339
cs.CE 2501.08729
cs.CE 2501.08528
cs.CE 2501.08539
cs.CE 2501.08795
cs.CE 2501.09089
cs.CE 2501.10185
cs.CE 2501.10282
cs.DB 2501.07078
cs.DB 2501.06570
cs.DC 2501.06242
cs.DB 2501.06659
cs.DC 2501.06244
cs.DB 2501.06705
cs.DC 2501.06531
cs.DB 2501.06978
cs.DC 2501.06589
cs.DB 2501.07106
cs.DC 2501.06650
cs.DB 2501.07398
cs.DC 2501.06706
cs.DC 2501.06780
cs.DB 2501.07449
cs.DC 2501.07207
cs.DC 2501.07435
cs.DB 2501.07689
cs.DC 2501.06709
cs.DB 2501.07771
cs.DC 2501.06856
cs.DB 2501.08207
cs.DC 2501.06872
cs.DB 2501.08540
cs.DC 2501.07036
cs.DB 2501.08479
cs.DC 2501.07056
cs.DB 2501.08591
cs.DB 2501.08686
cs.DC 2501.07130
cs.DC 2501.07503
cs.DB 2501.08896
cs.DC 2501.07526
cs.DB 2501.09334
cs.DC 2501.07676
cs.DB 2501.09211
cs.DC 2501.07767
cs.DB 2501.09736
cs.DC 2501.07958
cs.DB 2501.10017
cs.DC 2501.08192
cs.DB 2501.10344
cs.DC 2501.07705
cs.DC 2501.08090
cs.DC 2501.08293
cs.DC 2501.08455
cs.DC 2501.08629
cs.DC 2501.08547
cs.DC 2501.09334
cs.DC 2501.09465
cs.DC 2501.09605
cs.DC 2501.09237
cs.DC 2501.09251
cs.DC 2501.09253
cs.DC 2501.09367
cs.DC 2501.09398
cs.DC 2501.09557
cs.DC 2501.09562
cs.DC 2501.09958
cs.DC 2501.10187
cs.DC 2501.10242
cs.DC 2501.10245
cs.DC 2501.09831
cs.DC 2501.09964
cs.GR 2501.06214
cs.GR 2501.06216
cs.GR 2501.06238
cs.GR 2501.06280
cs.GR 2501.07574
cs.GR 2501.07478
cs.GR 2501.07582
cs.GR 2501.08552
cs.GR 2501.08577
cs.GR 2501.08676
cs.GR 2501.08682
cs.GR 2501.08370
cs.GR 2501.08736
cs.GR 2501.09038
cs.GR 2501.09042
cs.GR 2501.09054
cs.GR 2501.09302
cs.GR 2501.09433
cs.GR 2501.09579
cs.GR 2501.09756
cs.GR 2501.09782
cs.HC 2501.06250
cs.HC 2501.06282
cs.HC 2501.06416
cs.HC 2501.06488
cs.HC 2501.06527
cs.HC 2501.06597
cs.HC 2501.06867
cs.HC 2501.06869
cs.HC 2501.06964
cs.HC 2501.06981
cs.HC 2501.07051
cs.HC 2501.07180
cs.HC 2501.07182
cs.HC 2501.07207
cs.HC 2501.07536
cs.HC 2501.06317
cs.HC 2501.06348
cs.HC 2501.06607
cs.HC 2501.06658
cs.HC 2501.06698
cs.HC 2501.06744
cs.HC 2501.06757
cs.HC 2501.06899
cs.HC 2501.06901
cs.HC 2501.06977
cs.HC 2501.07196
cs.HC 2501.07213
cs.HC 2501.07234
cs.HC 2501.07320
cs.HC 2501.07394
cs.HC 2501.07713
cs.HC 2501.07883
cs.HC 2501.07957
cs.HC 2501.08102
cs.HC 2501.08182
cs.HC 2501.08187
cs.HC 2501.07661
cs.HC 2501.07690
cs.HC 2501.07736
cs.HC 2501.07748
cs.HC 2501.08046
cs.HC 2501.08070
cs.HC 2501.08237
cs.HC 2501.08253
cs.HC 2501.08389
cs.HC 2501.08507
cs.HC 2501.08552
cs.HC 2501.08558
cs.HC 2501.08561
cs.HC 2501.08626
cs.HC 2501.08693
cs.HC 2501.08736
cs.HC 2501.08774
cs.HC 2501.08868
cs.HC 2501.08393
cs.HC 2501.08406
cs.HC 2501.08500
cs.HC 2501.08518
cs.HC 2501.08864
cs.HC 2501.09024
cs.HC 2501.09235
cs.HC 2501.09302
cs.HC 2501.09349
cs.HC 2501.09645
cs.HC 2501.09099
cs.HC 2501.09165
cs.HC 2501.09204
cs.HC 2501.09210
cs.HC 2501.09233
cs.HC 2501.09442
cs.HC 2501.09457
cs.HC 2501.09521
cs.HC 2501.09530
cs.HC 2501.09751
cs.HC 2501.09782
cs.HC 2501.10134
cs.HC 2501.10288
cs.HC 2501.09824
cs.HC 2501.09862
cs.HC 2501.09910
cs.HC 2501.09930
cs.HC 2501.09951
cs.HC 2501.10091
cs.HC 2501.10137
cs.HC 2501.10168
cs.HC 2501.10338
cs.CV 2501.06220
cs.CV 2501.06223
cs.CV 2501.06273
cs.CV 2501.06356
cs.CV 2501.06368
cs.CV 2501.06466
cs.CV 2501.06655
cs.CV 2501.06659
cs.CV 2501.06724
cs.CV 2501.06751
cs.CV 2501.06838
cs.CV 2501.06848
cs.CV 2501.06869
cs.CV 2501.06879
cs.CV 2501.06880
cs.CV 2501.06918
cs.CV 2501.06939
cs.CV 2501.06942
cs.CV 2501.07016
cs.CV 2501.07033
cs.CV 2501.07120
cs.CV 2501.07192
cs.CV 2501.07197
cs.CV 2501.07213
cs.CV 2501.07248
cs.CV 2501.07251
cs.CV 2501.07300
cs.CV 2501.07334
cs.CV 2501.07447
cs.CV 2501.07478
cs.CV 2501.07542
cs.CV 2501.06214
cs.CV 2501.06215
cs.CV 2501.06216
cs.CV 2501.06218
cs.CV 2501.06219
cs.CV 2501.06224
cs.CV 2501.06225
cs.CV 2501.06229
cs.CV 2501.06230
cs.CV 2501.06235
cs.CV 2501.06249
cs.CV 2501.06250
cs.CV 2501.06253
cs.CV 2501.06259
cs.CV 2501.06261
cs.CV 2501.06263
cs.CV 2501.06269
cs.CV 2501.06280
cs.CV 2501.06312
cs.CV 2501.06336
cs.CV 2501.06357
cs.CV 2501.06399
cs.CV 2501.06405
cs.CV 2501.06430
cs.CV 2501.06431
cs.CV 2501.06438
cs.CV 2501.06440
cs.CV 2501.06441
cs.CV 2501.06448
cs.CV 2501.06469
cs.CV 2501.06472
cs.CV 2501.06475
cs.CV 2501.06480
cs.CV 2501.06481
cs.CV 2501.06488
cs.CV 2501.06524
cs.CV 2501.06533
cs.CV 2501.06540
cs.CV 2501.06546
cs.CV 2501.06550
cs.CV 2501.06553
cs.CV 2501.06591
cs.CV 2501.06602
cs.CV 2501.06651
cs.CV 2501.06660
cs.CV 2501.06678
cs.CV 2501.06680
cs.CV 2501.06692
cs.CV 2501.06693
cs.CV 2501.06697
cs.CV 2501.06710
cs.CV 2501.06714
cs.CV 2501.06720
cs.CV 2501.06740
cs.CV 2501.06746
cs.CV 2501.06749
cs.CV 2501.06761
cs.CV 2501.06769
cs.CV 2501.06770
cs.CV 2501.06785
cs.CV 2501.06786
cs.CV 2501.06787
cs.CV 2501.06808
cs.CV 2501.06809
cs.CV 2501.06818
cs.CV 2501.06828
cs.CV 2501.06831
cs.CV 2501.06835
cs.CV 2501.06836
cs.CV 2501.06841
cs.CV 2501.06862
cs.CV 2501.06878
cs.CV 2501.06884
cs.CV 2501.06887
cs.CV 2501.06897
cs.CV 2501.06903
cs.CV 2501.06909
cs.CV 2501.06922
cs.CV 2501.06927
cs.CV 2501.06938
cs.CV 2501.06986
cs.CV 2501.07015
cs.CV 2501.07017
cs.CV 2501.07039
cs.CV 2501.07040
cs.CV 2501.07044
cs.CV 2501.07055
cs.CV 2501.07069
cs.CV 2501.07070
cs.CV 2501.07072
cs.CV 2501.07076
cs.CV 2501.07087
cs.CV 2501.07100
cs.CV 2501.07101
cs.CV 2501.07104
cs.CV 2501.07109
cs.CV 2501.07110
cs.CV 2501.07113
cs.CV 2501.07114
cs.CV 2501.07133
cs.CV 2501.07158
cs.CV 2501.07163
cs.CV 2501.07171
cs.CV 2501.07179
cs.CV 2501.07185
cs.CV 2501.07194
cs.CV 2501.07202
cs.CV 2501.07214
cs.CV 2501.07221
cs.CV 2501.07227
cs.CV 2501.07236
cs.CV 2501.07244
cs.CV 2501.07245
cs.CV 2501.07256
cs.CV 2501.07260
cs.CV 2501.07296
cs.CV 2501.07297
cs.CV 2501.07304
cs.CV 2501.07305
cs.CV 2501.07312
cs.CV 2501.07342
cs.CV 2501.07360
cs.CV 2501.07378
cs.CV 2501.07390
cs.CV 2501.07396
cs.CV 2501.07397
cs.CV 2501.07430
cs.CV 2501.07434
cs.CV 2501.07451
cs.CV 2501.07496
cs.CV 2501.07499
cs.CV 2501.07525
cs.CV 2501.07530
cs.CV 2501.07533
cs.CV 2501.07554
cs.CV 2501.07556
cs.CV 2501.07563
cs.CV 2501.07574
cs.CV 2501.07575
cs.CV 2501.07582
cs.CV 2501.07600
cs.CV 2501.07681
cs.CV 2501.07746
cs.CV 2501.07754
cs.CV 2501.07769
cs.CV 2501.07808
cs.CV 2501.07850
cs.CV 2501.07885
cs.CV 2501.07945
cs.CV 2501.07957
cs.CV 2501.07972
cs.CV 2501.08002
cs.CV 2501.08049
cs.CV 2501.08094
cs.CV 2501.08163
cs.CV 2501.08182
cs.CV 2501.08285
cs.CV 2501.08286
cs.CV 2501.08313
cs.CV 2501.07647
cs.CV 2501.07688
cs.CV 2501.07711
cs.CV 2501.07713
cs.CV 2501.07730
cs.CV 2501.07742
cs.CV 2501.07750
cs.CV 2501.07762
cs.CV 2501.07783
cs.CV 2501.07800
cs.CV 2501.07804
cs.CV 2501.07806
cs.CV 2501.07810
cs.CV 2501.07819
cs.CV 2501.07855
cs.CV 2501.07859
cs.CV 2501.07870
cs.CV 2501.07888
cs.CV 2501.07898
cs.CV 2501.07901
cs.CV 2501.07922
cs.CV 2501.07953
cs.CV 2501.07960
cs.CV 2501.07978
cs.CV 2501.07983
cs.CV 2501.07984
cs.CV 2501.07988
cs.CV 2501.07994
cs.CV 2501.08005
cs.CV 2501.08038
cs.CV 2501.08042
cs.CV 2501.08062
cs.CV 2501.08072
cs.CV 2501.08083
cs.CV 2501.08088
cs.CV 2501.08097
cs.CV 2501.08111
cs.CV 2501.08114
cs.CV 2501.08115
cs.CV 2501.08118
cs.CV 2501.08131
cs.CV 2501.08137
cs.CV 2501.08142
cs.CV 2501.08152
cs.CV 2501.08169
cs.CV 2501.08170
cs.CV 2501.08174
cs.CV 2501.08180
cs.CV 2501.08188
cs.CV 2501.08195
cs.CV 2501.08199
cs.CV 2501.08225
cs.CV 2501.08226
cs.CV 2501.08241
cs.CV 2501.08245
cs.CV 2501.08258
cs.CV 2501.08266
cs.CV 2501.08279
cs.CV 2501.08282
cs.CV 2501.08295
cs.CV 2501.08303
cs.CV 2501.08316
cs.CV 2501.08325
cs.CV 2501.08326
cs.CV 2501.08329
cs.CV 2501.08331
cs.CV 2501.08332
cs.CV 2501.08333
cs.CV 2501.08334
cs.CV 2501.08352
cs.CV 2501.08370
cs.CV 2501.08411
cs.CV 2501.08458
cs.CV 2501.08495
cs.CV 2501.08506
cs.CV 2501.08575
cs.CV 2501.08585
cs.CV 2501.08593
cs.CV 2501.08629
cs.CV 2501.08662
cs.CV 2501.08667
cs.CV 2501.08672
cs.CV 2501.08717
cs.CV 2501.08819
cs.CV 2501.08828
cs.CV 2501.08841
cs.CV 2501.08902
cs.CV 2501.09001
cs.CV 2501.08347
cs.CV 2501.08361
cs.CV 2501.08408
cs.CV 2501.08415
cs.CV 2501.08440
cs.CV 2501.08443
cs.CV 2501.08446
cs.CV 2501.08453
cs.CV 2501.08460
cs.CV 2501.08465
cs.CV 2501.08470
cs.CV 2501.08471
cs.CV 2501.08490
cs.CV 2501.08504
cs.CV 2501.08505
cs.CV 2501.08514
cs.CV 2501.08545
cs.CV 2501.08549
cs.CV 2501.08553
cs.CV 2501.08562
cs.CV 2501.08577
cs.CV 2501.08580
cs.CV 2501.08604
cs.CV 2501.08605
cs.CV 2501.08609
cs.CV 2501.08639
cs.CV 2501.08643
cs.CV 2501.08649
cs.CV 2501.08654
cs.CV 2501.08665
cs.CV 2501.08676
cs.CV 2501.08682
cs.CV 2501.08712
cs.CV 2501.08763
cs.CV 2501.08771
cs.CV 2501.08799
cs.CV 2501.08807
cs.CV 2501.08815
cs.CV 2501.08816
cs.CV 2501.08837
cs.CV 2501.08861
cs.CV 2501.08885
cs.CV 2501.08900
cs.CV 2501.08910
cs.CV 2501.08912
cs.CV 2501.08924
cs.CV 2501.08931
cs.CV 2501.08962
cs.CV 2501.08982
cs.CV 2501.08983
cs.CV 2501.08994
cs.CV 2501.09008
cs.CV 2501.09012
cs.CV 2501.09019
cs.CV 2501.09046
cs.CV 2501.09049
cs.CV 2501.09096
cs.CV 2501.09101
cs.CV 2501.09116
cs.CV 2501.09185
cs.CV 2501.09217
cs.CV 2501.09305
cs.CV 2501.09355
cs.CV 2501.09396
cs.CV 2501.09403
cs.CV 2501.09490
cs.CV 2501.09600
cs.CV 2501.09608
cs.CV 2501.09024
cs.CV 2501.09038
cs.CV 2501.09040
cs.CV 2501.09041
cs.CV 2501.09042
cs.CV 2501.09044
cs.CV 2501.09045
cs.CV 2501.09048
cs.CV 2501.09050
cs.CV 2501.09051
cs.CV 2501.09055
cs.CV 2501.09086
cs.CV 2501.09114
cs.CV 2501.09129
cs.CV 2501.09134
cs.CV 2501.09138
cs.CV 2501.09155
cs.CV 2501.09162
cs.CV 2501.09167
cs.CV 2501.09187
cs.CV 2501.09194
cs.CV 2501.09203
cs.CV 2501.09209
cs.CV 2501.09221
cs.CV 2501.09259
cs.CV 2501.09267
cs.CV 2501.09268
cs.CV 2501.09277
cs.CV 2501.09278
cs.CV 2501.09281
cs.CV 2501.09294
cs.CV 2501.09302
cs.CV 2501.09304
cs.CV 2501.09311
cs.CV 2501.09321
cs.CV 2501.09333
cs.CV 2501.09341
cs.CV 2501.09347
cs.CV 2501.09350
cs.CV 2501.09361
cs.CV 2501.09363
cs.CV 2501.09372
cs.CV 2501.09393
cs.CV 2501.09411
cs.CV 2501.09420
cs.CV 2501.09425
cs.CV 2501.09428
cs.CV 2501.09433
cs.CV 2501.09436
cs.CV 2501.09446
cs.CV 2501.09456
cs.CV 2501.09460
cs.CV 2501.09465
cs.CV 2501.09466
cs.CV 2501.09481
cs.CV 2501.09485
cs.CV 2501.09499
cs.CV 2501.09502
cs.CV 2501.09503
cs.CV 2501.09504
cs.CV 2501.09532
cs.CV 2501.09552
cs.CV 2501.09555
cs.CV 2501.09565
cs.CV 2501.09579
cs.CV 2501.09617
cs.CV 2501.09635
cs.CV 2501.09672
cs.CV 2501.09688
cs.CV 2501.09695
cs.CV 2501.09705
cs.CV 2501.09718
cs.CV 2501.09720
cs.CV 2501.09732
cs.CV 2501.09733
cs.CV 2501.09753
cs.CV 2501.09754
cs.CV 2501.09755
cs.CV 2501.09756
cs.CV 2501.09757
cs.CV 2501.09863
cs.CV 2501.09905
cs.CV 2501.09926
cs.CV 2501.09935
cs.CV 2501.09967
cs.CV 2501.10074
cs.CV 2501.10105
cs.CV 2501.10128
cs.CV 2501.10219
cs.CV 2501.10324
cs.CV 2501.09781
cs.CV 2501.09782
cs.CV 2501.09815
cs.CV 2501.09817
cs.CV 2501.09826
cs.CV 2501.09833
cs.CV 2501.09838
cs.CV 2501.09878
cs.CV 2501.09884
cs.CV 2501.09887
cs.CV 2501.09898
cs.CV 2501.09921
cs.CV 2501.09927
cs.CV 2501.09938
cs.CV 2501.09947
cs.CV 2501.09960
cs.CV 2501.09978
cs.CV 2501.09980
cs.CV 2501.09982
cs.CV 2501.09994
cs.CV 2501.09999
cs.CV 2501.10011
cs.CV 2501.10018
cs.CV 2501.10020
cs.CV 2501.10021
cs.CV 2501.10040
cs.CV 2501.10064
cs.CV 2501.10067
cs.CV 2501.10071
cs.CV 2501.10075
cs.CV 2501.10080
cs.CV 2501.10081
cs.CV 2501.10089
cs.CV 2501.10098
cs.CV 2501.10110
cs.CV 2501.10129
cs.CV 2501.10131
cs.CV 2501.10144
cs.CV 2501.10157
cs.CV 2501.10197
cs.CV 2501.10199
cs.CV 2501.10209
cs.CV 2501.10212
cs.CV 2501.10266
cs.CV 2501.10283
cs.CV 2501.10318
cs.CV 2501.10325
cs.CV 2501.10343
cs.CV 2501.10357
cs.CV 2501.10360
cs.AI 2501.06196
cs.AI 2501.06205
cs.AI 2501.06211
cs.AI 2501.06224
cs.AI 2501.06226
cs.AI 2501.06235
cs.AI 2501.06236
cs.AI 2501.06237
cs.AI 2501.06239
cs.AI 2501.06242
cs.AI 2501.06244
cs.AI 2501.06246
cs.AI 2501.06247
cs.AI 2501.06248
cs.AI 2501.06250
cs.AI 2501.06252
cs.AI 2501.06253
cs.AI 2501.06254
cs.AI 2501.06255
cs.AI 2501.06256
cs.AI 2501.06262
cs.AI 2501.06271
cs.AI 2501.06274
cs.AI 2501.06282
cs.AI 2501.06283
cs.AI 2501.06286
cs.AI 2501.06293
cs.AI 2501.06317
cs.AI 2501.06320
cs.AI 2501.06332
cs.AI 2501.06339
cs.AI 2501.06356
cs.AI 2501.06365
cs.AI 2501.06370
cs.AI 2501.06382
cs.AI 2501.06389
cs.AI 2501.06394
cs.AI 2501.06399
cs.AI 2501.06405
cs.AI 2501.06416
cs.AI 2501.06417
cs.AI 2501.06425
cs.AI 2501.06431
cs.AI 2501.06432
cs.AI 2501.06434
cs.AI 2501.06444
cs.AI 2501.06465
cs.AI 2501.06468
cs.AI 2501.06472
cs.AI 2501.06488
cs.AI 2501.06491
cs.AI 2501.06494
cs.AI 2501.06497
cs.AI 2501.06506
cs.AI 2501.06514
cs.AI 2501.06532
cs.AI 2501.06546
cs.AI 2501.06554
cs.AI 2501.06557
cs.AI 2501.06562
cs.AI 2501.06571
cs.AI 2501.06590
cs.AI 2501.06591
cs.AI 2501.06639
cs.AI 2501.06645
cs.AI 2501.06678
cs.AI 2501.06680
cs.AI 2501.06692
cs.AI 2501.06697
cs.AI 2501.06708
cs.AI 2501.06710
cs.AI 2501.06715
cs.AI 2501.06720
cs.AI 2501.06749
cs.AI 2501.06783
cs.AI 2501.06787
cs.AI 2501.06795
cs.AI 2501.06823
cs.AI 2501.06831
cs.AI 2501.06842
cs.AI 2501.06859
cs.AI 2501.06862
cs.AI 2501.06863
cs.AI 2501.06879
cs.AI 2501.06887
cs.AI 2501.06956
cs.AI 2501.06962
cs.AI 2501.06963
cs.AI 2501.06965
cs.AI 2501.06980
cs.AI 2501.06981
cs.AI 2501.06985
cs.AI 2501.06994
cs.AI 2501.06999
cs.AI 2501.07014
cs.AI 2501.07016
cs.AI 2501.07017
cs.AI 2501.07020
cs.AI 2501.07021
cs.AI 2501.07045
cs.AI 2501.07058
cs.AI 2501.07076
cs.AI 2501.07087
cs.AI 2501.07100
cs.AI 2501.07102
cs.AI 2501.07146
cs.AI 2501.07158
cs.AI 2501.07172
cs.AI 2501.07178
cs.AI 2501.07186
cs.AI 2501.07196
cs.AI 2501.07213
cs.AI 2501.07221
cs.AI 2501.07237
cs.AI 2501.07251
cs.AI 2501.07260
cs.AI 2501.07301
cs.AI 2501.07317
cs.AI 2501.07335
cs.AI 2501.07359
cs.AI 2501.07382
cs.AI 2501.07391
cs.AI 2501.07400
cs.AI 2501.07405
cs.AI 2501.07423
cs.AI 2501.07430
cs.AI 2501.07440
cs.AI 2501.07474
cs.AI 2501.07482
cs.AI 2501.07486
cs.AI 2501.07502
cs.AI 2501.07515
cs.AI 2501.07525
cs.AI 2501.07531
cs.AI 2501.07572
cs.AI 2501.07574
cs.AI 2501.07575
cs.AI 2501.06189
cs.AI 2501.06192
cs.AI 2501.06193
cs.AI 2501.06201
cs.AI 2501.06231
cs.AI 2501.06243
cs.AI 2501.06314
cs.AI 2501.06322
cs.AI 2501.06423
cs.AI 2501.06442
cs.AI 2501.06461
cs.AI 2501.06471
cs.AI 2501.06485
cs.AI 2501.06527
cs.AI 2501.06561
cs.AI 2501.06577
cs.AI 2501.06598
cs.AI 2501.06625
cs.AI 2501.06628
cs.AI 2501.06642
cs.AI 2501.06682
cs.AI 2501.06695
cs.AI 2501.06699
cs.AI 2501.06704
cs.AI 2501.06706
cs.AI 2501.06707
cs.AI 2501.06713
cs.AI 2501.06766
cs.AI 2501.06781
cs.AI 2501.06802
cs.AI 2501.06819
cs.AI 2501.06827
cs.AI 2501.06834
cs.AI 2501.06837
cs.AI 2501.06857
cs.AI 2501.06869
cs.AI 2501.06911
cs.AI 2501.06929
cs.AI 2501.06937
cs.AI 2501.06948
cs.AI 2501.06964
cs.AI 2501.07024
cs.AI 2501.07048
cs.AI 2501.07054
cs.AI 2501.07071
cs.AI 2501.07078
cs.AI 2501.07088
cs.AI 2501.07108
cs.AI 2501.07139
cs.AI 2501.07157
cs.AI 2501.07161
cs.AI 2501.07166
cs.AI 2501.07183
cs.AI 2501.07238
cs.AI 2501.07276
cs.AI 2501.07278
cs.AI 2501.07288
cs.AI 2501.07290
cs.AI 2501.07334
cs.AI 2501.07392
cs.AI 2501.07408
cs.AI 2501.07432
cs.AI 2501.07445
cs.AI 2501.07458
cs.AI 2501.07468
cs.AI 2501.07487
cs.AI 2501.07507
cs.AI 2501.07523
cs.AI 2501.06404
cs.AI 2501.07585
cs.AI 2501.07601
cs.AI 2501.07647
cs.AI 2501.07755
cs.AI 2501.07761
cs.AI 2501.07762
cs.AI 2501.07763
cs.AI 2501.07764
cs.AI 2501.07766
cs.AI 2501.07774
cs.AI 2501.07800
cs.AI 2501.07801
cs.AI 2501.07809
cs.AI 2501.07813
cs.AI 2501.07814
cs.AI 2501.07818
cs.AI 2501.07824
cs.AI 2501.07839
cs.AI 2501.07849
cs.AI 2501.07853
cs.AI 2501.07855
cs.AI 2501.07857
cs.AI 2501.07859
cs.AI 2501.07875
cs.AI 2501.07886
cs.AI 2501.07888
cs.AI 2501.07890
cs.AI 2501.07892
cs.AI 2501.07903
cs.AI 2501.07927
cs.AI 2501.07945
cs.AI 2501.07957
cs.AI 2501.07964
cs.AI 2501.07978
cs.AI 2501.07988
cs.AI 2501.07991
cs.AI 2501.08002
cs.AI 2501.08005
cs.AI 2501.08008
cs.AI 2501.08009
cs.AI 2501.08019
cs.AI 2501.08035
cs.AI 2501.08042
cs.AI 2501.08046
cs.AI 2501.08053
cs.AI 2501.08057
cs.AI 2501.08090
cs.AI 2501.08096
cs.AI 2501.08097
cs.AI 2501.08102
cs.AI 2501.08109
cs.AI 2501.08134
cs.AI 2501.08139
cs.AI 2501.08145
cs.AI 2501.08155
cs.AI 2501.08165
cs.AI 2501.08167
cs.AI 2501.08169
cs.AI 2501.08187
cs.AI 2501.08188
cs.AI 2501.08199
cs.AI 2501.08205
cs.AI 2501.08208
cs.AI 2501.08234
cs.AI 2501.08241
cs.AI 2501.08243
cs.AI 2501.08248
cs.AI 2501.08266
cs.AI 2501.08271
cs.AI 2501.08292
cs.AI 2501.08297
cs.AI 2501.08316
cs.AI 2501.08328
cs.AI 2501.07639
cs.AI 2501.07653
cs.AI 2501.07674
cs.AI 2501.07751
cs.AI 2501.07802
cs.AI 2501.07808
cs.AI 2501.07815
cs.AI 2501.07834
cs.AI 2501.07837
cs.AI 2501.07896
cs.AI 2501.07905
cs.AI 2501.07911
cs.AI 2501.07913
cs.AI 2501.07919
cs.AI 2501.07924
cs.AI 2501.07930
cs.AI 2501.07931
cs.AI 2501.07959
cs.AI 2501.07970
cs.AI 2501.07992
cs.AI 2501.08001
cs.AI 2501.08020
cs.AI 2501.08049
cs.AI 2501.08068
cs.AI 2501.08074
cs.AI 2501.08086
cs.AI 2501.08120
cs.AI 2501.08149
cs.AI 2501.08168
cs.AI 2501.08182
cs.AI 2501.08184
cs.AI 2501.08192
cs.AI 2501.08220
cs.AI 2501.08324
cs.AI 2501.08335
cs.AI 2501.08339
cs.AI 2501.08347
cs.AI 2501.08365
cs.AI 2501.08402
cs.AI 2501.08411
cs.AI 2501.08415
cs.AI 2501.08416
cs.AI 2501.08418
cs.AI 2501.08421
cs.AI 2501.08426
cs.AI 2501.08429
cs.AI 2501.08440
cs.AI 2501.08460
cs.AI 2501.08466
cs.AI 2501.08470
cs.AI 2501.08471
cs.AI 2501.08496
cs.AI 2501.08502
cs.AI 2501.08506
cs.AI 2501.08518
cs.AI 2501.08521
cs.AI 2501.08523
cs.AI 2501.08528
cs.AI 2501.08540
cs.AI 2501.08549
cs.AI 2501.08558
cs.AI 2501.08566
cs.AI 2501.08585
cs.AI 2501.08591
cs.AI 2501.08598
cs.AI 2501.08600
cs.AI 2501.08617
cs.AI 2501.08618
cs.AI 2501.08621
cs.AI 2501.08641
cs.AI 2501.08648
cs.AI 2501.08653
cs.AI 2501.08669
cs.AI 2501.08712
cs.AI 2501.08760
cs.AI 2501.08774
cs.AI 2501.08778
cs.AI 2501.08809
cs.AI 2501.08816
cs.AI 2501.08828
cs.AI 2501.08838
cs.AI 2501.08847
cs.AI 2501.08848
cs.AI 2501.08850
cs.AI 2501.08851
cs.AI 2501.08862
cs.AI 2501.08869
cs.AI 2501.08878
cs.AI 2501.08889
cs.AI 2501.08905
cs.AI 2501.08907
cs.AI 2501.08922
cs.AI 2501.08925
cs.AI 2501.08931
cs.AI 2501.08958
cs.AI 2501.08962
cs.AI 2501.08970
cs.AI 2501.08985
cs.AI 2501.09012
cs.AI 2501.09014
cs.AI 2501.08450
cs.AI 2501.08552
cs.AI 2501.08561
cs.AI 2501.08565
cs.AI 2501.08569
cs.AI 2501.08587
cs.AI 2501.08603
cs.AI 2501.08655
cs.AI 2501.08814
cs.AI 2501.08841
cs.AI 2501.08897
cs.AI 2501.08951
cs.AI 2501.08977
cs.AI 2501.09007
cs.AI 2407.12471
cs.AI 2501.09021
cs.AI 2501.09025
cs.AI 2501.09026
cs.AI 2501.09029
cs.AI 2501.09031
cs.AI 2501.09038
cs.AI 2501.09039
cs.AI 2501.09044
cs.AI 2501.09045
cs.AI 2501.09049
cs.AI 2501.09050
cs.AI 2501.09051
cs.AI 2501.09056
cs.AI 2501.09080
cs.AI 2501.09081
cs.AI 2501.09092
cs.AI 2501.09102
cs.AI 2501.09104
cs.AI 2501.09112
cs.AI 2501.09114
cs.AI 2501.09134
cs.AI 2501.09154
cs.AI 2501.09160
cs.AI 2501.09163
cs.AI 2501.09164
cs.AI 2501.09166
cs.AI 2501.09186
cs.AI 2501.09187
cs.AI 2501.09194
cs.AI 2501.09217
cs.AI 2501.09218
cs.AI 2501.09223
cs.AI 2501.09254
cs.AI 2501.09265
cs.AI 2501.09274
cs.AI 2501.09291
cs.AI 2501.09292
cs.AI 2501.09309
cs.AI 2501.09310
cs.AI 2501.09311
cs.AI 2501.09327
cs.AI 2501.09328
cs.AI 2501.09333
cs.AI 2501.09345
cs.AI 2501.09354
cs.AI 2501.09394
cs.AI 2501.09395
cs.AI 2501.09410
cs.AI 2501.09420
cs.AI 2501.09429
cs.AI 2501.09444
cs.AI 2501.09465
cs.AI 2501.09469
cs.AI 2501.09481
cs.AI 2501.09525
cs.AI 2501.09555
cs.AI 2501.09571
cs.AI 2501.09595
cs.AI 2501.09597
cs.AI 2501.09605
cs.AI 2501.09608
cs.AI 2501.09620
cs.AI 2501.09653
cs.AI 2501.09672
cs.AI 2501.09674
cs.AI 2501.09682
cs.AI 2501.09700
cs.AI 2501.09705
cs.AI 2501.09709
cs.AI 2501.09720
cs.AI 2501.09725
cs.AI 2501.09755
cs.AI 2501.09136
cs.AI 2501.09182
cs.AI 2501.09239
cs.AI 2501.09279
cs.AI 2501.09284
cs.AI 2501.09316
cs.AI 2501.09355
cs.AI 2501.09368
cs.AI 2501.09431
cs.AI 2501.09534
cs.AI 2501.09628
cs.AI 2501.09632
cs.AI 2501.09640
cs.AI 2501.09645
cs.AI 2501.09646
cs.AI 2501.09649
cs.AI 2501.09685
cs.AI 2501.09686
cs.AI 2501.09707
cs.AI 2501.09744
cs.AI 2501.09751
cs.AI 2501.09761
cs.AI 2501.09765
cs.AI 2501.09766
cs.AI 2501.09767
cs.AI 2501.09768
cs.AI 2501.09770
cs.AI 2501.09775
cs.AI 2501.09804
cs.AI 2501.09817
cs.AI 2501.09825
cs.AI 2501.09838
cs.AI 2501.09858
cs.AI 2501.09878
cs.AI 2501.09905
cs.AI 2501.09923
cs.AI 2501.09927
cs.AI 2501.09928
cs.AI 2501.09929
cs.AI 2501.09934
cs.AI 2501.09946
cs.AI 2501.09948
cs.AI 2501.09949
cs.AI 2501.09954
cs.AI 2501.09967
cs.AI 2501.09972
cs.AI 2501.09980
cs.AI 2501.09982
cs.AI 2501.09994
cs.AI 2501.09996
cs.AI 2501.09997
cs.AI 2501.09999
cs.AI 2501.10010
cs.AI 2501.10011
cs.AI 2501.10024
cs.AI 2501.10048
cs.AI 2501.10054
cs.AI 2501.10074
cs.AI 2501.10075
cs.AI 2501.10091
cs.AI 2501.10098
cs.AI 2501.10100
cs.AI 2501.10105
cs.AI 2501.10107
cs.AI 2501.10129
cs.AI 2501.10139
cs.AI 2501.10141
cs.AI 2501.10150
cs.AI 2501.10153
cs.AI 2501.10179
cs.AI 2501.10187
cs.AI 2501.10240
cs.AI 2501.10243
cs.AI 2501.10256
cs.AI 2501.10273
cs.AI 2501.10322
cs.AI 2501.10332
cs.AI 2501.10343
cs.AI 2501.09890
cs.AI 2501.09891
cs.AI 2501.09913
cs.AI 2501.09918
cs.AI 2501.09926
cs.AI 2501.10017
cs.AI 2501.10041
cs.AI 2501.10053
cs.AI 2501.10069
cs.AI 2501.10106
cs.AI 2501.10114
cs.AI 2501.10134
cs.AI 2501.10151
cs.AI 2501.10160
cs.AI 2501.10186
cs.AI 2501.10190
cs.AI 2501.10300
cs.AI 2501.10326
cs.PF 2501.05880
cs.PF 2501.05811
cs.PF 2501.06872
cs.PF 2501.07139
cs.PF 2501.07449
cs.PF 2501.07458
cs.PF 2501.08484
cs.PF 2501.08889
cs.PF 2501.09144
cs.PF 2501.09394
cs.PF 2501.10006
cs.PF 2501.10093
cs.LO 2501.06283
cs.LO 2501.07507
cs.LO 2501.07457
cs.LO 2501.07558
cs.LO 2501.07653
cs.LO 2501.07920
cs.LO 2501.07958
cs.LO 2501.08063
cs.LO 2501.08157
cs.LO 2501.08206
cs.LO 2501.08550
cs.LO 2501.08569
cs.LO 2501.08698
cs.LO 2501.08947
cs.LO 2501.08713
cs.LO 2501.08928
cs.LO 2501.08950
cs.LO 2501.09430
cs.LO 2501.09225
cs.LO 2501.09285
cs.LO 2501.09379
cs.LO 2501.09418
cs.LO 2501.10190
cs.LO 2501.10270
cs.LO 2501.09769
cs.LO 2501.10126
cs.LO 2501.10127
cs.LO 2501.10184
cs.LO 2501.10344
cs.MA 2501.06243
cs.MA 2501.06314
cs.MA 2501.06506
cs.MA 2501.06554
cs.MA 2501.06706
cs.MA 2501.06832
cs.MA 2501.07815
cs.MA 2501.07834
cs.MA 2501.07992
cs.MA 2501.08234
cs.MA 2501.07744
cs.MA 2501.07813
cs.MA 2501.08595
cs.MA 2501.08726
cs.MA 2501.08778
cs.MA 2501.08905
cs.MA 2501.08498
cs.MA 2501.08512
cs.MA 2501.08933
cs.MA 2501.08941
cs.MA 2501.08944
cs.MA 2501.09355
cs.MA 2501.09444
cs.MA 2501.09563
cs.MA 2501.09429
cs.MA 2501.10116
cs.IR 2501.06277
cs.IR 2501.06365
cs.IR 2501.06496
cs.IR 2501.06581
cs.IR 2501.06699
cs.IR 2501.06833
cs.IR 2501.06873
cs.IR 2501.06956
cs.IR 2501.07024
cs.IR 2501.07110
cs.IR 2501.07111
cs.IR 2501.06362
cs.IR 2501.06985
cs.IR 2501.07063
cs.IR 2501.07096
cs.IR 2501.07212
cs.IR 2501.07294
cs.IR 2501.07365
cs.IR 2501.07596
cs.IR 2501.08248
cs.IR 2501.07679
cs.IR 2501.07793
cs.IR 2501.08267
cs.IR 2501.08572
cs.IR 2501.08686
cs.IR 2501.08927
cs.IR 2501.08695
cs.IR 2501.08717
cs.IR 2501.08828
cs.IR 2501.09134
cs.IR 2501.09136
cs.IR 2501.09211
cs.IR 2501.09292
cs.IR 2501.09384
cs.IR 2501.09608
cs.IR 2501.09749
cs.IR 2501.09186
cs.IR 2501.09354
cs.IR 2501.09359
cs.IR 2501.09493
cs.IR 2501.09751
cs.IR 2501.09884
cs.IR 2501.09940
cs.IR 2501.09801
cs.IR 2501.09859
cs.IR 2501.10120
cs.IR 2501.10143
cs.IR 2501.10165
cs.IR 2501.10179
cs.NA 2410.02987
cs.NA 2501.06217
cs.NA 2501.06373
cs.NA 2501.06400
cs.NA 2501.06652
cs.NA 2501.06945
cs.NA 2501.07201
cs.NA 2501.07292
cs.NA 2501.06300
cs.NA 2501.06328
cs.NA 2501.06369
cs.NA 2501.06388
cs.NA 2501.06402
cs.NA 2501.06520
cs.NA 2501.06539
cs.NA 2501.06615
cs.NA 2501.06621
cs.NA 2501.06745
cs.NA 2501.06748
cs.NA 2501.06815
cs.NA 2501.06824
cs.NA 2501.06886
cs.NA 2501.07117
cs.NA 2501.07210
cs.NA 2501.07323
cs.NA 2501.07439
cs.NA 2501.07441
cs.NA 2501.07470
cs.NA 2501.07505
cs.NA 2501.07547
cs.NA 2501.07645
cs.NA 2501.07700
cs.NA 2501.07863
cs.NA 2501.07686
cs.NA 2501.07702
cs.NA 2501.07778
cs.NA 2501.07904
cs.NA 2501.07914
cs.NA 2501.07929
cs.NA 2501.07934
cs.NA 2501.07946
cs.NA 2501.07962
cs.NA 2501.08006
cs.NA 2501.08166
cs.NA 2501.08247
cs.NA 2501.08482
cs.NA 2501.08489
cs.NA 2501.08927
cs.NA 2501.08501
cs.NA 2501.08522
cs.NA 2501.08543
cs.NA 2501.08749
cs.NA 2501.08757
cs.NA 2501.08817
cs.NA 2501.08855
cs.NA 2501.08954
cs.NA 2501.09395
cs.NA 2501.09440
cs.NA 2501.09727
cs.NA 2501.09734
cs.NA 2501.09122
cs.NA 2501.09180
cs.NA 2501.09200
cs.NA 2501.09381
cs.NA 2501.09500
cs.NA 2501.09607
cs.NA 2501.09634
cs.NA 2501.09704
cs.NA 2501.09735
cs.NA 2501.09752
cs.NA 2501.09923
cs.NA 2501.10051
cs.NA 2501.09845
cs.NA 2501.09876
cs.NA 2501.09987
cs.NA 2501.09995
cs.NA 2501.10028
cs.NA 2501.10076
cs.NA 2501.10104
cs.NA 2501.10162
cs.NA 2501.10170
cs.NA 2501.10176
cs.NA 2501.10193
cs.NA 2501.10206
cs.NA 2501.10248
cs.NA 2501.10358
cs.RO 2501.06235
cs.RO 2501.06263
cs.RO 2501.06348
cs.RO 2501.06431
cs.RO 2501.06660
cs.RO 2501.06680
cs.RO 2501.06693
cs.RO 2501.06897
cs.RO 2501.07213
cs.RO 2501.07317
cs.RO 2501.07507
cs.RO 2501.06262
cs.RO 2501.06493
cs.RO 2501.06528
cs.RO 2501.06566
cs.RO 2501.06605
cs.RO 2501.06639
cs.RO 2501.06719
cs.RO 2501.06783
cs.RO 2501.06806
cs.RO 2501.06847
cs.RO 2501.06867
cs.RO 2501.06904
cs.RO 2501.06919
cs.RO 2501.06946
cs.RO 2501.06987
cs.RO 2501.06994
cs.RO 2501.07013
cs.RO 2501.07051
cs.RO 2501.07180
cs.RO 2501.07216
cs.RO 2501.07223
cs.RO 2501.07224
cs.RO 2501.07255
cs.RO 2501.07259
cs.RO 2501.07295
cs.RO 2501.07299
cs.RO 2501.07343
cs.RO 2501.07399
cs.RO 2501.07421
cs.RO 2501.07462
cs.RO 2501.07566
cs.RO 2501.07705
cs.RO 2501.07713
cs.RO 2501.07597
cs.RO 2501.07832
cs.RO 2501.07957
cs.RO 2501.07985
cs.RO 2501.08077
cs.RO 2501.08096
cs.RO 2501.08222
cs.RO 2501.08259
cs.RO 2501.08286
cs.RO 2501.08655
cs.RO 2501.08908
cs.RO 2501.08941
cs.RO 2501.08946
cs.RO 2501.08389
cs.RO 2501.08469
cs.RO 2501.08507
cs.RO 2501.08520
cs.RO 2501.08558
cs.RO 2501.08575
cs.RO 2501.08593
cs.RO 2501.08629
cs.RO 2501.08672
cs.RO 2501.08726
cs.RO 2501.08880
cs.RO 2501.09024
cs.RO 2501.09167
cs.RO 2501.09192
cs.RO 2501.09203
cs.RO 2501.09267
cs.RO 2501.09649
cs.RO 2501.09718
cs.RO 2501.09757
cs.RO 2501.09160
cs.RO 2501.09198
cs.RO 2501.09273
cs.RO 2501.09290
cs.RO 2501.09307
cs.RO 2501.09338
cs.RO 2501.09357
cs.RO 2501.09450
cs.RO 2501.09468
cs.RO 2501.09490
cs.RO 2501.09600
cs.RO 2501.09668
cs.RO 2501.09680
cs.RO 2501.09747
cs.RO 2501.09782
cs.RO 2501.09898
cs.RO 2501.09783
cs.RO 2501.09819
cs.RO 2501.09905
cs.RO 2501.09937
cs.RO 2501.10066
cs.RO 2501.10074
cs.RO 2501.10100
cs.RO 2501.10105
cs.RO 2501.10156
cs.RO 2501.10262
cs.RO 2501.10356
cs.CR 2501.06234
cs.CR 2501.06319
cs.CR 2501.06399
cs.CR 2501.06533
cs.CR 2501.06989
cs.CR 2501.07033
cs.CR 2501.07251
cs.CR 2501.07493
cs.CR 2501.07535
cs.CR 2501.06227
cs.CR 2501.06237
cs.CR 2501.06239
cs.CR 2501.06264
cs.CR 2501.06267
cs.CR 2501.06281
cs.CR 2501.06305
cs.CR 2501.06367
cs.CR 2501.06504
cs.CR 2501.06515
cs.CR 2501.06531
cs.CR 2501.06620
cs.CR 2501.06646
cs.CR 2501.06650
cs.CR 2501.06686
cs.CR 2501.06729
cs.CR 2501.06798
cs.CR 2501.06807
cs.CR 2501.06912
cs.CR 2501.06953
cs.CR 2501.06963
cs.CR 2501.06997
cs.CR 2501.07028
cs.CR 2501.07047
cs.CR 2501.07058
cs.CR 2501.07131
cs.CR 2501.07149
cs.CR 2501.07192
cs.CR 2501.07207
cs.CR 2501.07208
cs.CR 2501.07209
cs.CR 2501.07262
cs.CR 2501.07326
cs.CR 2501.07380
cs.CR 2501.07435
cs.CR 2501.07475
cs.CR 2501.07476
cs.CR 2501.07597
cs.CR 2501.07695
cs.CR 2501.07844
cs.CR 2501.07849
cs.CR 2501.07927
cs.CR 2501.08137
cs.CR 2501.08249
cs.CR 2501.08258
cs.CR 2501.07703
cs.CR 2501.07801
cs.CR 2501.07805
cs.CR 2501.07868
cs.CR 2501.07955
cs.CR 2501.08031
cs.CR 2501.08435
cs.CR 2501.08799
cs.CR 2501.08862
cs.CR 2501.08336
cs.CR 2501.08449
cs.CR 2501.08454
cs.CR 2501.08550
cs.CR 2501.08610
cs.CR 2501.08723
cs.CR 2501.08834
cs.CR 2501.08840
cs.CR 2501.08947
cs.CR 2501.08970
cs.CR 2407.03087
cs.CR 2501.09182
cs.CR 2501.09191
cs.CR 2501.09284
cs.CR 2501.09320
cs.CR 2501.09431
cs.CR 2501.09559
cs.CR 2501.09568
cs.CR 2501.09023
cs.CR 2501.09025
cs.CR 2501.09029
cs.CR 2501.09031
cs.CR 2501.09032
cs.CR 2501.09033
cs.CR 2501.09039
cs.CR 2501.09216
cs.CR 2501.09246
cs.CR 2501.09328
cs.CR 2501.09334
cs.CR 2501.09380
cs.CR 2501.09397
cs.CR 2501.10083
cs.CR 2501.10251
cs.CR 2501.09798
cs.CR 2501.09802
cs.CR 2501.09808
cs.CR 2501.09895
cs.CR 2501.09936
cs.CR 2501.10002
cs.CR 2501.10013
cs.CR 2501.10060
cs.CR 2501.10174
cs.CR 2501.10182
cs.PL 2501.06283
cs.PL 2501.06780
cs.PL 2501.07047
cs.PL 2501.06579
cs.PL 2501.07472
cs.PL 2501.07535
cs.PL 2501.07918
cs.PL 2501.07920
cs.PL 2501.08249
cs.PL 2501.08478
cs.PL 2501.08496
cs.PL 2501.09225
cs.PL 2501.09144
cs.PL 2501.09201
cs.PL 2501.09430
cs.PL 2501.09667
cs.PL 2501.10054
cs.CL 2501.06189
cs.CL 2501.06193
cs.CL 2501.06205
cs.CL 2501.06215
cs.CL 2501.06239
cs.CL 2501.06248
cs.CL 2501.06252
cs.CL 2501.06274
cs.CL 2501.06276
cs.CL 2501.06283
cs.CL 2501.06317
cs.CL 2501.06320
cs.CL 2501.06386
cs.CL 2501.06478
cs.CL 2501.06589
cs.CL 2501.06597
cs.CL 2501.06662
cs.CL 2501.06663
cs.CL 2501.06704
cs.CL 2501.06736
cs.CL 2501.06785
cs.CL 2501.06810
cs.CL 2501.06826
cs.CL 2501.06834
cs.CL 2501.06842
cs.CL 2501.06848
cs.CL 2501.06863
cs.CL 2501.06873
cs.CL 2501.06911
cs.CL 2501.06986
cs.CL 2501.07047
cs.CL 2501.07063
cs.CL 2501.07171
cs.CL 2501.07244
cs.CL 2501.07246
cs.CL 2501.07329
cs.CL 2501.07523
cs.CL 2501.07554
cs.CL 2501.06208
cs.CL 2501.06210
cs.CL 2501.06211
cs.CL 2501.06246
cs.CL 2501.06254
cs.CL 2501.06256
cs.CL 2501.06265
cs.CL 2501.06277
cs.CL 2501.06278
cs.CL 2501.06282
cs.CL 2501.06286
cs.CL 2501.06346
cs.CL 2501.06365
cs.CL 2501.06374
cs.CL 2501.06382
cs.CL 2501.06425
cs.CL 2501.06434
cs.CL 2501.06458
cs.CL 2501.06465
cs.CL 2501.06467
cs.CL 2501.06468
cs.CL 2501.06490
cs.CL 2501.06496
cs.CL 2501.06497
cs.CL 2501.06521
cs.CL 2501.06536
cs.CL 2501.06557
cs.CL 2501.06564
cs.CL 2501.06582
cs.CL 2501.06590
cs.CL 2501.06636
cs.CL 2501.06638
cs.CL 2501.06645
cs.CL 2501.06689
cs.CL 2501.06715
cs.CL 2501.06728
cs.CL 2501.06730
cs.CL 2501.06741
cs.CL 2501.06751
cs.CL 2501.06795
cs.CL 2501.06825
cs.CL 2501.06859
cs.CL 2501.06892
cs.CL 2501.06932
cs.CL 2501.07020
cs.CL 2501.07086
cs.CL 2501.07102
cs.CL 2501.07111
cs.CL 2501.07217
cs.CL 2501.07300
cs.CL 2501.07301
cs.CL 2501.07314
cs.CL 2501.07359
cs.CL 2501.07391
cs.CL 2501.07482
cs.CL 2501.07532
cs.CL 2501.07542
cs.CL 2501.07572
cs.CL 2501.07596
cs.CL 2501.07670
cs.CL 2501.07746
cs.CL 2501.07783
cs.CL 2501.07813
cs.CL 2501.07815
cs.CL 2501.07839
cs.CL 2501.07886
cs.CL 2501.07923
cs.CL 2501.07924
cs.CL 2501.07927
cs.CL 2501.08057
cs.CL 2501.08120
cs.CL 2501.08200
cs.CL 2501.07641
cs.CL 2501.07663
cs.CL 2501.07718
cs.CL 2501.07719
cs.CL 2501.07721
cs.CL 2501.07723
cs.CL 2501.07726
cs.CL 2501.07740
cs.CL 2501.07766
cs.CL 2501.07818
cs.CL 2501.07824
cs.CL 2501.07845
cs.CL 2501.07853
cs.CL 2501.07861
cs.CL 2501.07875
cs.CL 2501.07890
cs.CL 2501.07947
cs.CL 2501.08003
cs.CL 2501.08008
cs.CL 2501.08035
cs.CL 2501.08053
cs.CL 2501.08085
cs.CL 2501.08102
cs.CL 2501.08145
cs.CL 2501.08167
cs.CL 2501.08187
cs.CL 2501.08197
cs.CL 2501.08203
cs.CL 2501.08208
cs.CL 2501.08248
cs.CL 2501.08271
cs.CL 2501.08276
cs.CL 2501.08284
cs.CL 2501.08292
cs.CL 2501.08296
cs.CL 2501.08312
cs.CL 2501.08313
cs.CL 2501.08319
cs.CL 2501.08322
cs.CL 2501.08328
cs.CL 2501.08365
cs.CL 2501.08406
cs.CL 2501.08421
cs.CL 2501.08454
cs.CL 2501.08460
cs.CL 2501.08617
cs.CL 2501.08631
cs.CL 2501.08686
cs.CL 2501.08814
cs.CL 2501.08828
cs.CL 2501.08925
cs.CL 2501.09012
cs.CL 2501.08335
cs.CL 2501.08413
cs.CL 2501.08441
cs.CL 2501.08442
cs.CL 2501.08457
cs.CL 2501.08468
cs.CL 2501.08474
cs.CL 2501.08496
cs.CL 2501.08502
cs.CL 2501.08523
cs.CL 2501.08537
cs.CL 2501.08540
cs.CL 2501.08570
cs.CL 2501.08579
cs.CL 2501.08582
cs.CL 2501.08597
cs.CL 2501.08613
cs.CL 2501.08618
cs.CL 2501.08621
cs.CL 2501.08641
cs.CL 2501.08648
cs.CL 2501.08696
cs.CL 2501.08716
cs.CL 2501.08758
cs.CL 2501.08769
cs.CL 2501.08838
cs.CL 2501.08913
cs.CL 2501.08946
cs.CL 2501.08974
cs.CL 2501.08985
cs.CL 2501.09004
cs.CL 2501.09041
cs.CL 2501.09134
cs.CL 2501.09136
cs.CL 2501.09155
cs.CL 2501.09294
cs.CL 2501.09309
cs.CL 2501.09311
cs.CL 2501.09425
cs.CL 2501.09431
cs.CL 2501.09521
cs.CL 2501.09527
cs.CL 2501.09645
cs.CL 2501.09686
cs.CL 2501.09745
cs.CL 2501.09056
cs.CL 2501.09092
cs.CL 2501.09126
cs.CL 2501.09127
cs.CL 2501.09154
cs.CL 2501.09158
cs.CL 2501.09164
cs.CL 2501.09213
cs.CL 2501.09214
cs.CL 2501.09219
cs.CL 2501.09223
cs.CL 2501.09258
cs.CL 2501.09265
cs.CL 2501.09292
cs.CL 2501.09310
cs.CL 2501.09326
cs.CL 2501.09349
cs.CL 2501.09384
cs.CL 2501.09409
cs.CL 2501.09426
cs.CL 2501.09444
cs.CL 2501.09451
cs.CL 2501.09484
cs.CL 2501.09512
cs.CL 2501.09538
cs.CL 2501.09561
cs.CL 2501.09604
cs.CL 2501.09653
cs.CL 2501.09706
cs.CL 2501.09719
cs.CL 2501.09722
cs.CL 2501.09749
cs.CL 2501.09751
cs.CL 2501.09798
cs.CL 2501.09801
cs.CL 2501.09804
cs.CL 2501.09929
cs.CL 2501.09950
cs.CL 2501.09982
cs.CL 2501.10062
cs.CL 2501.10179
cs.CL 2501.10282
cs.CL 2501.10326
cs.CL 2501.09765
cs.CL 2501.09766
cs.CL 2501.09767
cs.CL 2501.09768
cs.CL 2501.09775
cs.CL 2501.09777
cs.CL 2501.09813
cs.CL 2501.09825
cs.CL 2501.09928
cs.CL 2501.09940
cs.CL 2501.09943
cs.CL 2501.09957
cs.CL 2501.09959
cs.CL 2501.09993
cs.CL 2501.09997
cs.CL 2501.10024
cs.CL 2501.10057
cs.CL 2501.10072
cs.CL 2501.10107
cs.CL 2501.10132
cs.CL 2501.10150
cs.CL 2501.10175
cs.CL 2501.10316
cs.CL 2501.10319
cs.CL 2501.10322
cs.CL 2501.10328
cs.NI 2501.06236
cs.NI 2501.06243
cs.NI 2501.06334
cs.NI 2501.06410
cs.NI 2501.06526
cs.NI 2501.06700
cs.NI 2501.07148
cs.NI 2501.06191
cs.NI 2501.06194
cs.NI 2501.06205
cs.NI 2501.06242
cs.NI 2501.06244
cs.NI 2501.06309
cs.NI 2501.06428
cs.NI 2501.06446
cs.NI 2501.06464
cs.NI 2501.06604
cs.NI 2501.06637
cs.NI 2501.06688
cs.NI 2501.06880
cs.NI 2501.06943
cs.NI 2501.06989
cs.NI 2501.07676
cs.NI 2501.08037
cs.NI 2501.08159
cs.NI 2501.07895
cs.NI 2501.08045
cs.NI 2501.08099
cs.NI 2501.08100
cs.NI 2501.08229
cs.NI 2501.08418
cs.NI 2501.08647
cs.NI 2501.08680
cs.NI 2501.08847
cs.NI 2501.09007
cs.NI 2501.08535
cs.NI 2501.08599
cs.NI 2501.08644
cs.NI 2501.08751
cs.NI 2501.08752
cs.NI 2501.08760
cs.NI 2501.08848
cs.NI 2501.08990
cs.NI 2501.09100
cs.NI 2501.09146
cs.NI 2501.09275
cs.NI 2501.09430
cs.NI 2501.09674
cs.NI 2501.09716
cs.NI 2501.09725
cs.NI 2501.09123
cs.NI 2501.09125
cs.NI 2501.09383
cs.NI 2501.09391
cs.NI 2501.09405
cs.NI 2501.09410
cs.NI 2501.09808
cs.NI 2501.09822
cs.NI 2501.09837
cs.NI 2501.09996
cs.NI 2501.10007
cs.NI 2501.10016
cs.NI 2501.10093
cs.NI 2501.10138
cs.NI 2501.10154
cs.NI 2501.10006
cs.NI 2501.10159
cs.NI 2501.10224
cs.NI 2501.10285
cs.IT 2501.06355
cs.IT 2501.06552
cs.IT 2501.06701
cs.IT 2501.06923
cs.IT 2501.07027
cs.IT 2501.07292
cs.IT 2501.06316
cs.IT 2501.06363
cs.IT 2501.06545
cs.IT 2501.06641
cs.IT 2501.06653
cs.IT 2501.06700
cs.IT 2501.06726
cs.IT 2501.06760
cs.IT 2501.06801
cs.IT 2501.06910
cs.IT 2501.06970
cs.IT 2501.06974
cs.IT 2501.07041
cs.IT 2501.07154
cs.IT 2501.07220
cs.IT 2501.07279
cs.IT 2501.07318
cs.IT 2501.07363
cs.IT 2501.07561
cs.IT 2501.07754
cs.IT 2501.07879
cs.IT 2501.07975
cs.IT 2501.08026
cs.IT 2501.08036
cs.IT 2501.08105
cs.IT 2501.08435
cs.IT 2501.08683
cs.IT 2501.08786
cs.IT 2501.08865
cs.IT 2501.08871
cs.IT 2501.08987
cs.IT 2501.09005
cs.IT 2501.09022
cs.IT 2501.09528
cs.IT 2501.09622
cs.IT 2501.09712
cs.IT 2501.09106
cs.IT 2501.09174
cs.IT 2501.09351
cs.IT 2501.09362
cs.IT 2501.09400
cs.IT 2501.09408
cs.IT 2501.09520
cs.IT 2501.09710
cs.IT 2501.01271
cs.IT 2501.09837
cs.IT 2501.10030
cs.IT 2501.10066
cs.IT 2501.10152
cs.IT 2501.10163
cs.IT 2501.10166
cs.IT 2501.10201
cs.IT 2501.10227
cs.IT 2501.10245
cs.IT 2501.09961
cs.IT 2501.10099
cs.IT 2501.10103
cs.IT 2501.10122
cs.IT 2501.10251
cs.IT 2501.10309
cs.OS 2501.04993
cs.OS 2501.06234
cs.OS 2501.06716
cs.OS 2501.08249
cs.OS 2501.08484
cs.OS 2501.10002
cs.OS 2501.10138
cs.SI 2501.06585
cs.SI 2501.06843
cs.SI 2501.06873
cs.SI 2501.07025
cs.SI 2501.07267
cs.SI 2501.07473
cs.SI 2501.06721
cs.SI 2501.07182
cs.SI 2501.07327
cs.SI 2501.07368
cs.SI 2501.07731
cs.SI 2501.07839
cs.SI 2501.08267
cs.SI 2501.07746
cs.SI 2501.08150
cs.SI 2501.08397
cs.SI 2501.08401
cs.SI 2501.08450
cs.SI 2501.08498
cs.SI 2501.08538
cs.SI 2501.08653
cs.SI 2501.08869
cs.SI 2501.09178
cs.SI 2501.09275
cs.SI 2501.09026
cs.SI 2501.09027
cs.SI 2501.09028
cs.SI 2501.09035
cs.SI 2501.09102
cs.SI 2501.09805
cs.SI 2501.09856
cs.SI 2501.09909
cs.SI 2501.09950
cs.SE 2501.06226
cs.SE 2501.06305
cs.SE 2501.06428
cs.SE 2501.06706
cs.SE 2501.06716
cs.SE 2501.06837
cs.SE 2501.07207
cs.SE 2501.07472
cs.SE 2501.06283
cs.SE 2501.06370
cs.SE 2501.06401
cs.SE 2501.06420
cs.SE 2501.06424
cs.SE 2501.06437
cs.SE 2501.06443
cs.SE 2501.06459
cs.SE 2501.06491
cs.SE 2501.06523
cs.SE 2501.06738
cs.SE 2501.06788
cs.SE 2501.06894
cs.SE 2501.06972
cs.SE 2501.06976
cs.SE 2501.07165
cs.SE 2501.07195
cs.SE 2501.07204
cs.SE 2501.07339
cs.SE 2501.07344
cs.SE 2501.07425
cs.SE 2501.07531
cs.SE 2501.07553
cs.SE 2501.07805
cs.SE 2501.07992
cs.SE 2501.07676
cs.SE 2501.07811
cs.SE 2501.07849
cs.SE 2501.07857
cs.SE 2501.07892
cs.SE 2501.07954
cs.SE 2501.08087
cs.SE 2501.08165
cs.SE 2501.08186
cs.SE 2501.08200
cs.SE 2501.08243
cs.SE 2501.08550
cs.SE 2501.08760
cs.SE 2501.08834
cs.SE 2501.08840
cs.SE 2501.08947
cs.SE 2501.08402
cs.SE 2501.08598
cs.SE 2501.08600
cs.SE 2501.08670
cs.SE 2501.08774
cs.SE 2501.08908
cs.SE 2501.08909
cs.SE 2501.09014
cs.SE 2501.09182
cs.SE 2501.09310
cs.SE 2501.09135
cs.SE 2501.09191
cs.SE 2501.09236
cs.SE 2501.09319
cs.SE 2501.09434
cs.SE 2501.09475
cs.SE 2501.09592
cs.SE 2501.09657
cs.SE 2501.09694
cs.SE 2501.09745
cs.SE 2501.09846
cs.SE 2501.09861
cs.SE 2501.09866
cs.SE 2501.09872
cs.SE 2501.09879
cs.SE 2501.09888
cs.SE 2501.09892
cs.SE 2501.09955
cs.SE 2501.10037
cs.SE 2501.10200
cs.SE 2501.10269
cs.SE 2501.10313
cs.SC 2501.06141
cs.SC 2501.06699
cs.SC 2501.06707
cs.SC 2501.07123
cs.SC 2501.08086
cs.SC 2501.08561
cs.SC 2501.09201
cs.SC 2501.09729
stat.AP 2501.06241
stat.AP 2501.06540
stat.AP 2501.06656
stat.AP 2501.06868
stat.AP 2501.07185
stat.AP 2501.07206
stat.AP 2501.07007
stat.AP 2501.07115
stat.AP 2501.07336
stat.AP 2501.07349
stat.AP 2501.07685
stat.AP 2501.07842
stat.AP 2501.07969
stat.AP 2501.08150
stat.AP 2501.08265
stat.AP 2501.07789
stat.AP 2501.07841
stat.AP 2501.08270
stat.AP 2501.08411
stat.AP 2501.08673
stat.AP 2501.08744
stat.AP 2501.08748
stat.AP 2501.08886
stat.AP 2501.09308
stat.AP 2501.09684
stat.AP 2501.09156
stat.AP 2501.09358
stat.AP 2501.10289
stat.AP 2501.10299
cs.LG 2501.06210
cs.LG 2501.06215
cs.LG 2501.06219
cs.LG 2501.06223
cs.LG 2501.06225
cs.LG 2501.06227
cs.LG 2501.06237
cs.LG 2501.06244
cs.LG 2501.06247
cs.LG 2501.06254
cs.LG 2501.06256
cs.LG 2501.06278
cs.LG 2501.06300
cs.LG 2501.06336
cs.LG 2501.06366
cs.LG 2501.06399
cs.LG 2501.06404
cs.LG 2501.06408
cs.LG 2501.06414
cs.LG 2501.06425
cs.LG 2501.06446
cs.LG 2501.06454
cs.LG 2501.06466
cs.LG 2501.06475
cs.LG 2501.06490
cs.LG 2501.06534
cs.LG 2501.06562
cs.LG 2501.06564
cs.LG 2501.06572
cs.LG 2501.06588
cs.LG 2501.06650
cs.LG 2501.06680
cs.LG 2501.06686
cs.LG 2501.06700
cs.LG 2501.06701
cs.LG 2501.06730
cs.LG 2501.06762
cs.LG 2501.06775
cs.LG 2501.06780
cs.LG 2501.06868
cs.LG 2501.06869
cs.LG 2501.06887
cs.LG 2501.06923
cs.LG 2501.06926
cs.LG 2501.06932
cs.LG 2501.06939
cs.LG 2501.06959
cs.LG 2501.06994
cs.LG 2501.07005
cs.LG 2501.07022
cs.LG 2501.07030
cs.LG 2501.07044
cs.LG 2501.07046
cs.LG 2501.07055
cs.LG 2501.07123
cs.LG 2501.07145
cs.LG 2501.07185
cs.LG 2501.07191
cs.LG 2501.07197
cs.LG 2501.07247
cs.LG 2501.07276
cs.LG 2501.07292
cs.LG 2501.07294
cs.LG 2501.07301
cs.LG 2501.07304
cs.LG 2501.07360
cs.LG 2501.07365
cs.LG 2501.07371
cs.LG 2501.07429
cs.LG 2501.07437
cs.LG 2501.07446
cs.LG 2501.07508
cs.LG 2501.07525
cs.LG 2501.07542
cs.LG 2501.06220
cs.LG 2501.06221
cs.LG 2501.06222
cs.LG 2501.06226
cs.LG 2501.06232
cs.LG 2501.06233
cs.LG 2501.06236
cs.LG 2501.06238
cs.LG 2501.06240
cs.LG 2501.06241
cs.LG 2501.06248
cs.LG 2501.06252
cs.LG 2501.06255
cs.LG 2501.06258
cs.LG 2501.06268
cs.LG 2501.06308
cs.LG 2501.06326
cs.LG 2501.06332
cs.LG 2501.06339
cs.LG 2501.06368
cs.LG 2501.06376
cs.LG 2501.06386
cs.LG 2501.06389
cs.LG 2501.06400
cs.LG 2501.06410
cs.LG 2501.06416
cs.LG 2501.06417
cs.LG 2501.06429
cs.LG 2501.06432
cs.LG 2501.06444
cs.LG 2501.06492
cs.LG 2501.06505
cs.LG 2501.06554
cs.LG 2501.06571
cs.LG 2501.06581
cs.LG 2501.06585
cs.LG 2501.06589
cs.LG 2501.06597
cs.LG 2501.06603
cs.LG 2501.06608
cs.LG 2501.06655
cs.LG 2501.06661
cs.LG 2501.06663
cs.LG 2501.06669
cs.LG 2501.06685
cs.LG 2501.06708
cs.LG 2501.06718
cs.LG 2501.06736
cs.LG 2501.06753
cs.LG 2501.06764
cs.LG 2501.06773
cs.LG 2501.06805
cs.LG 2501.06823
cs.LG 2501.06832
cs.LG 2501.06842
cs.LG 2501.06848
cs.LG 2501.06863
cs.LG 2501.06896
cs.LG 2501.06907
cs.LG 2501.06916
cs.LG 2501.06925
cs.LG 2501.06933
cs.LG 2501.06934
cs.LG 2501.06942
cs.LG 2501.06954
cs.LG 2501.06962
cs.LG 2501.06965
cs.LG 2501.06980
cs.LG 2501.06999
cs.LG 2501.07014
cs.LG 2501.07021
cs.LG 2501.07032
cs.LG 2501.07033
cs.LG 2501.07034
cs.LG 2501.07045
cs.LG 2501.07077
cs.LG 2501.07124
cs.LG 2501.07146
cs.LG 2501.07155
cs.LG 2501.07172
cs.LG 2501.07173
cs.LG 2501.07186
cs.LG 2501.07201
cs.LG 2501.07206
cs.LG 2501.07237
cs.LG 2501.07251
cs.LG 2501.07275
cs.LG 2501.07306
cs.LG 2501.07317
cs.LG 2501.07324
cs.LG 2501.07335
cs.LG 2501.07337
cs.LG 2501.07346
cs.LG 2501.07358
cs.LG 2501.07373
cs.LG 2501.07382
cs.LG 2501.07400
cs.LG 2501.07405
cs.LG 2501.07423
cs.LG 2501.07426
cs.LG 2501.07447
cs.LG 2501.07493
cs.LG 2501.07502
cs.LG 2501.07534
cs.LG 2501.07536
cs.LG 2501.07555
cs.LG 2501.07564
cs.LG 2501.07597
cs.LG 2501.07643
cs.LG 2501.07713
cs.LG 2501.07723
cs.LG 2501.07737
cs.LG 2501.07741
cs.LG 2501.07763
cs.LG 2501.07800
cs.LG 2501.07818
cs.LG 2501.07824
cs.LG 2501.07834
cs.LG 2501.07850
cs.LG 2501.07855
cs.LG 2501.07859
cs.LG 2501.07905
cs.LG 2501.07957
cs.LG 2501.07985
cs.LG 2501.07994
cs.LG 2501.08047
cs.LG 2501.08049
cs.LG 2501.08050
cs.LG 2501.08071
cs.LG 2501.08085
cs.LG 2501.08096
cs.LG 2501.08099
cs.LG 2501.08115
cs.LG 2501.08134
cs.LG 2501.08139
cs.LG 2501.08142
cs.LG 2501.08149
cs.LG 2501.08169
cs.LG 2501.08180
cs.LG 2501.08187
cs.LG 2501.08188
cs.LG 2501.08195
cs.LG 2501.08200
cs.LG 2501.08201
cs.LG 2501.08202
cs.LG 2501.08226
cs.LG 2501.08241
cs.LG 2501.08243
cs.LG 2501.08245
cs.LG 2501.08248
cs.LG 2501.08259
cs.LG 2501.08266
cs.LG 2501.08288
cs.LG 2501.08316
cs.LG 2501.07585
cs.LG 2501.07593
cs.LG 2501.07596
cs.LG 2501.07598
cs.LG 2501.07599
cs.LG 2501.07600
cs.LG 2501.07601
cs.LG 2501.07602
cs.LG 2501.07611
cs.LG 2501.07652
cs.LG 2501.07670
cs.LG 2501.07681
cs.LG 2501.07700
cs.LG 2501.07727
cs.LG 2501.07729
cs.LG 2501.07731
cs.LG 2501.07747
cs.LG 2501.07754
cs.LG 2501.07755
cs.LG 2501.07761
cs.LG 2501.07764
cs.LG 2501.07765
cs.LG 2501.07769
cs.LG 2501.07773
cs.LG 2501.07774
cs.LG 2501.07794
cs.LG 2501.07809
cs.LG 2501.07814
cs.LG 2501.07827
cs.LG 2501.07879
cs.LG 2501.07884
cs.LG 2501.07885
cs.LG 2501.07886
cs.LG 2501.07903
cs.LG 2501.07923
cs.LG 2501.07925
cs.LG 2501.07927
cs.LG 2501.07964
cs.LG 2501.07996
cs.LG 2501.07999
cs.LG 2501.08002
cs.LG 2501.08019
cs.LG 2501.08037
cs.LG 2501.08040
cs.LG 2501.08043
cs.LG 2501.08044
cs.LG 2501.08067
cs.LG 2501.08109
cs.LG 2501.08155
cs.LG 2501.08156
cs.LG 2501.08193
cs.LG 2501.08205
cs.LG 2501.08219
cs.LG 2501.08223
cs.LG 2501.08234
cs.LG 2501.08236
cs.LG 2501.08246
cs.LG 2501.08263
cs.LG 2501.08281
cs.LG 2501.08285
cs.LG 2501.08297
cs.LG 2501.08305
cs.LG 2501.08306
cs.LG 2501.08317
cs.LG 2501.08330
cs.LG 2501.08334
cs.LG 2501.08341
cs.LG 2501.08361
cs.LG 2501.08365
cs.LG 2501.08393
cs.LG 2501.08406
cs.LG 2501.08408
cs.LG 2501.08421
cs.LG 2501.08423
cs.LG 2501.08440
cs.LG 2501.08443
cs.LG 2501.08453
cs.LG 2501.08457
cs.LG 2501.08459
cs.LG 2501.08490
cs.LG 2501.08496
cs.LG 2501.08501
cs.LG 2501.08504
cs.LG 2501.08537
cs.LG 2501.08547
cs.LG 2501.08551
cs.LG 2501.08552
cs.LG 2501.08558
cs.LG 2501.08561
cs.LG 2501.08562
cs.LG 2501.08585
cs.LG 2501.08591
cs.LG 2501.08626
cs.LG 2501.08649
cs.LG 2501.08662
cs.LG 2501.08712
cs.LG 2501.08717
cs.LG 2501.08760
cs.LG 2501.08779
cs.LG 2501.08816
cs.LG 2501.08822
cs.LG 2501.08848
cs.LG 2501.08884
cs.LG 2501.08902
cs.LG 2501.08913
cs.LG 2501.08941
cs.LG 2501.08950
cs.LG 2501.08970
cs.LG 2501.08998
cs.LG 2501.09009
cs.LG 2501.08397
cs.LG 2501.08411
cs.LG 2501.08418
cs.LG 2501.08425
cs.LG 2501.08426
cs.LG 2501.08428
cs.LG 2501.08430
cs.LG 2501.08455
cs.LG 2501.08464
cs.LG 2501.08506
cs.LG 2501.08508
cs.LG 2501.08515
cs.LG 2501.08521
cs.LG 2501.08538
cs.LG 2501.08563
cs.LG 2501.08572
cs.LG 2501.08581
cs.LG 2501.08589
cs.LG 2501.08612
cs.LG 2501.08615
cs.LG 2501.08617
cs.LG 2501.08620
cs.LG 2501.08628
cs.LG 2501.08631
cs.LG 2501.08640
cs.LG 2501.08653
cs.LG 2501.08669
cs.LG 2501.08678
cs.LG 2501.08679
cs.LG 2501.08710
cs.LG 2501.08727
cs.LG 2501.08729
cs.LG 2501.08737
cs.LG 2501.08738
cs.LG 2501.08778
cs.LG 2501.08780
cs.LG 2501.08821
cs.LG 2501.08850
cs.LG 2501.08851
cs.LG 2501.08862
cs.LG 2501.08878
cs.LG 2501.08883
cs.LG 2501.08887
cs.LG 2501.08888
cs.LG 2501.08907
cs.LG 2501.08922
cs.LG 2501.08925
cs.LG 2501.08958
cs.LG 2501.08963
cs.LG 2501.08995
cs.LG 2501.09006
cs.LG 2501.09022
cs.LG 2501.09038
cs.LG 2501.09040
cs.LG 2501.09042
cs.LG 2501.09046
cs.LG 2501.09048
cs.LG 2501.09052
cs.LG 2501.09064
cs.LG 2501.09102
cs.LG 2501.09126
cs.LG 2501.09129
cs.LG 2501.09134
cs.LG 2501.09160
cs.LG 2501.09171
cs.LG 2501.09187
cs.LG 2501.09221
cs.LG 2501.09223
cs.LG 2501.09262
cs.LG 2501.09304
cs.LG 2501.09336
cs.LG 2501.09394
cs.LG 2501.09403
cs.LG 2501.09410
cs.LG 2501.09420
cs.LG 2501.09429
cs.LG 2501.09444
cs.LG 2501.09481
cs.LG 2501.09512
cs.LG 2501.09519
cs.LG 2501.09572
cs.LG 2501.09579
cs.LG 2501.09588
cs.LG 2501.09683
cs.LG 2501.09685
cs.LG 2501.09705
cs.LG 2501.09722
cs.LG 2501.09731
cs.LG 2501.09734
cs.LG 2501.09745
cs.LG 2501.09747
cs.LG 2501.09753
cs.LG 2501.09034
cs.LG 2501.09080
cs.LG 2501.09081
cs.LG 2501.09103
cs.LG 2501.09107
cs.LG 2501.09117
cs.LG 2501.09137
cs.LG 2501.09146
cs.LG 2501.09163
cs.LG 2501.09166
cs.LG 2501.09178
cs.LG 2501.09189
cs.LG 2501.09217
cs.LG 2501.09229
cs.LG 2501.09238
cs.LG 2501.09240
cs.LG 2501.09254
cs.LG 2501.09274
cs.LG 2501.09283
cs.LG 2501.09298
cs.LG 2501.09320
cs.LG 2501.09327
cs.LG 2501.09331
cs.LG 2501.09345
cs.LG 2501.09352
cs.LG 2501.09395
cs.LG 2501.09399
cs.LG 2501.09412
cs.LG 2501.09459
cs.LG 2501.09464
cs.LG 2501.09469
cs.LG 2501.09480
cs.LG 2501.09506
cs.LG 2501.09522
cs.LG 2501.09525
cs.LG 2501.09527
cs.LG 2501.09531
cs.LG 2501.09551
cs.LG 2501.09556
cs.LG 2501.09571
cs.LG 2501.09591
cs.LG 2501.09595
cs.LG 2501.09597
cs.LG 2501.09609
cs.LG 2501.09611
cs.LG 2501.09616
cs.LG 2501.09620
cs.LG 2501.09621
cs.LG 2501.09631
cs.LG 2501.09636
cs.LG 2501.09655
cs.LG 2501.09659
cs.LG 2501.09687
cs.LG 2501.09691
cs.LG 2501.09700
cs.LG 2501.09729
cs.LG 2501.09751
cs.LG 2501.09760
cs.LG 2501.09761
cs.LG 2501.09766
cs.LG 2501.09876
cs.LG 2501.09877
cs.LG 2501.09898
cs.LG 2501.09900
cs.LG 2501.09905
cs.LG 2501.09933
cs.LG 2501.09938
cs.LG 2501.09980
cs.LG 2501.09982
cs.LG 2501.10050
cs.LG 2501.10064
cs.LG 2501.10075
cs.LG 2501.10077
cs.LG 2501.10098
cs.LG 2501.10100
cs.LG 2501.10120
cs.LG 2501.10134
cs.LG 2501.10137
cs.LG 2501.10162
cs.LG 2501.10179
cs.LG 2501.10181
cs.LG 2501.10193
cs.LG 2501.10195
cs.LG 2501.10202
cs.LG 2501.10209
cs.LG 2501.10229
cs.LG 2501.10256
cs.LG 2501.10258
cs.LG 2501.10322
cs.LG 2501.09770
cs.LG 2501.09776
cs.LG 2501.09803
cs.LG 2501.09804
cs.LG 2501.09821
cs.LG 2501.09822
cs.LG 2501.09849
cs.LG 2501.09851
cs.LG 2501.09858
cs.LG 2501.09870
cs.LG 2501.09893
cs.LG 2501.09923
cs.LG 2501.09929
cs.LG 2501.09934
cs.LG 2501.09946
cs.LG 2501.09949
cs.LG 2501.09954
cs.LG 2501.09967
cs.LG 2501.10010
cs.LG 2501.10048
cs.LG 2501.10049
cs.LG 2501.10054
cs.LG 2501.10062
cs.LG 2501.10084
cs.LG 2501.10088
cs.LG 2501.10124
cs.LG 2501.10139
cs.LG 2501.10141
cs.LG 2501.10153
cs.LG 2501.10172
cs.LG 2501.10214
cs.LG 2501.10216
cs.LG 2501.10221
cs.LG 2501.10234
cs.LG 2501.10235
cs.LG 2501.10240
cs.LG 2501.10245
cs.LG 2501.10261
cs.LG 2501.10273
cs.LG 2501.10290
cs.LG 2501.10321
cs.LG 2501.10324
cs.LG 2501.10342
cs.LG 2501.10347
cs.LG 2501.10348
eess.AS 2501.06215
eess.AS 2501.06229
eess.AS 2501.06276
eess.AS 2501.06282
eess.AS 2501.06394
eess.AS 2501.06514
eess.AS 2501.06959
eess.AS 2501.07088
eess.AS 2501.07102
eess.AS 2501.07246
eess.AS 2501.07329
eess.AS 2501.07474
eess.AS 2501.07557
eess.AS 2501.06320
eess.AS 2501.06474
eess.AS 2501.06478
eess.AS 2501.06530
eess.AS 2501.06562
eess.AS 2501.06727
eess.AS 2501.06810
eess.AS 2501.07215
eess.AS 2501.07524
eess.AS 2501.07897
eess.AS 2501.08137
eess.AS 2501.08238
eess.AS 2501.08047
eess.AS 2501.08057
eess.AS 2501.08104
eess.AS 2501.08124
eess.AS 2501.08129
eess.AS 2501.08468
eess.AS 2501.08566
eess.AS 2501.08587
eess.AS 2501.08691
eess.AS 2501.08693
eess.AS 2501.08809
eess.AS 2501.08921
eess.AS 2501.08421
eess.AS 2501.08616
eess.AS 2501.08791
eess.AS 2501.09104
eess.AS 2501.09229
eess.AS 2501.09258
eess.AS 2501.09291
eess.AS 2501.09506
eess.AS 2501.09608
eess.AS 2501.09113
eess.AS 2501.09159
eess.AS 2501.09169
eess.AS 2501.09394
eess.AS 2501.09972
eess.AS 2501.10045
eess.AS 2501.10052
eess.AS 2501.10111
eess.AS 2501.10222
eess.AS 2501.09877
eess.AS 2501.10256
eess.AS 2501.10305
stat.ML 2501.06247
stat.ML 2501.06268
stat.ML 2501.06308
stat.ML 2501.06339
stat.ML 2501.06368
stat.ML 2501.06376
stat.ML 2501.06382
stat.ML 2501.06400
stat.ML 2501.06404
stat.ML 2501.06429
stat.ML 2501.06661
stat.ML 2501.06685
stat.ML 2501.06777
stat.ML 2501.06969
stat.ML 2501.06975
stat.ML 2501.07008
stat.ML 2501.07172
stat.ML 2501.07185
stat.ML 2501.07186
stat.ML 2501.07358
stat.ML 2501.07400
stat.ML 2501.07526
stat.ML 2501.07550
stat.ML 2501.06366
stat.ML 2501.06408
stat.ML 2501.06534
stat.ML 2501.06868
stat.ML 2501.06926
stat.ML 2501.07046
stat.ML 2501.07145
stat.ML 2501.07437
stat.ML 2501.07446
stat.ML 2501.07599
stat.ML 2501.07600
stat.ML 2501.07602
stat.ML 2501.07643
stat.ML 2501.07652
stat.ML 2501.07668
stat.ML 2501.07681
stat.ML 2501.07722
stat.ML 2501.07761
stat.ML 2501.07765
stat.ML 2501.07795
stat.ML 2501.07964
stat.ML 2501.08040
stat.ML 2501.08149
stat.ML 2501.08202
stat.ML 2501.08223
stat.ML 2501.08263
stat.ML 2501.08317
stat.ML 2501.08330
stat.ML 2501.07741
stat.ML 2501.07763
stat.ML 2501.08050
stat.ML 2501.08201
stat.ML 2501.08288
stat.ML 2501.08426
stat.ML 2501.08640
stat.ML 2501.08679
stat.ML 2501.08710
stat.ML 2501.08745
stat.ML 2501.08850
stat.ML 2501.08423
stat.ML 2501.08551
stat.ML 2501.09137
stat.ML 2501.09156
stat.ML 2501.09163
stat.ML 2501.09217
stat.ML 2501.09224
stat.ML 2501.09331
stat.ML 2501.09345
stat.ML 2501.09683
stat.ML 2501.09685
stat.ML 2501.09691
stat.ML 2501.09022
stat.ML 2501.09262
stat.ML 2501.09336
stat.ML 2501.09731
stat.ML 2501.10025
stat.ML 2501.10051
stat.ML 2501.10077
stat.ML 2501.10139
stat.ML 2501.10321
stat.ML 2501.10339
stat.ML 2501.09900
stat.ML 2501.09933
stat.ML 2501.10050
stat.ML 2501.10195
stat.ML 2501.10202
stat.ML 2501.10229
eess.SP 2501.05244
eess.SP 2501.06306
eess.SP 2501.06334
eess.SP 2501.06470
eess.SP 2501.06526
eess.SP 2501.06545
eess.SP 2501.06620
eess.SP 2501.06700
eess.SP 2501.06726
eess.SP 2501.06744
eess.SP 2501.06798
eess.SP 2501.06965
eess.SP 2501.06974
eess.SP 2501.07030
eess.SP 2501.07041
eess.SP 2501.07173
eess.SP 2501.07215
eess.SP 2501.07318
eess.SP 2501.07337
eess.SP 2501.07524
eess.SP 2501.07534
eess.SP 2501.06355
eess.SP 2501.06414
eess.SP 2501.06449
eess.SP 2501.06454
eess.SP 2501.06482
eess.SP 2501.06494
eess.SP 2501.06552
eess.SP 2501.06657
eess.SP 2501.06724
eess.SP 2501.06750
eess.SP 2501.06755
eess.SP 2501.06881
eess.SP 2501.06945
eess.SP 2501.07008
eess.SP 2501.07062
eess.SP 2501.07094
eess.SP 2501.07270
eess.SP 2501.07333
eess.SP 2501.07459
eess.SP 2501.07754
eess.SP 2501.07774
eess.SP 2501.07895
eess.SP 2501.07952
eess.SP 2501.08306
eess.SP 2501.07583
eess.SP 2501.07584
eess.SP 2501.07649
eess.SP 2501.07724
eess.SP 2501.07799
eess.SP 2501.07830
eess.SP 2501.07893
eess.SP 2501.07915
eess.SP 2501.07942
eess.SP 2501.07967
eess.SP 2501.07969
eess.SP 2501.07981
eess.SP 2501.07989
eess.SP 2501.08007
eess.SP 2501.08026
eess.SP 2501.08139
eess.SP 2501.08159
eess.SP 2501.08210
eess.SP 2501.08440
eess.SP 2501.08464
eess.SP 2501.08518
eess.SP 2501.08599
eess.SP 2501.08694
eess.SP 2501.09007
eess.SP 2501.08495
eess.SP 2501.08555
eess.SP 2501.08576
eess.SP 2501.08585
eess.SP 2501.08647
eess.SP 2501.08693
eess.SP 2501.08766
eess.SP 2501.08776
eess.SP 2501.08805
eess.SP 2501.08825
eess.SP 2501.08989
eess.SP 2501.09106
eess.SP 2501.09351
eess.SP 2501.09400
eess.SP 2501.09403
eess.SP 2501.09405
eess.SP 2501.09551
eess.SP 2501.09212
eess.SP 2501.09234
eess.SP 2501.09416
eess.SP 2501.09519
eess.SP 2501.09533
eess.SP 2501.09918
eess.SP 2501.10182
eess.SP 2501.09759
eess.SP 2501.09761
eess.SP 2501.09837
eess.SP 2501.09992
eess.SP 2501.10136
eess.SP 2501.10155
eess.SP 2501.10166
eess.SP 2501.10219
eess.SP 2501.10227
eess.SP 2501.10292
math.OC 2501.06247
math.OC 2501.06335
math.OC 2501.06517
math.OC 2501.06652
math.OC 2501.06788
math.OC 2501.06923
math.OC 2501.07005
math.OC 2501.07275
math.OC 2501.07306
math.OC 2501.07400
math.OC 2501.07413
math.OC 2501.07505
math.OC 2501.06251
math.OC 2501.06266
math.OC 2501.06275
math.OC 2501.06279
math.OC 2501.06350
math.OC 2501.06353
math.OC 2501.06463
math.OC 2501.06576
math.OC 2501.06578
math.OC 2501.06610
math.OC 2501.06640
math.OC 2501.06666
math.OC 2501.06672
math.OC 2501.06694
math.OC 2501.06804
math.OC 2501.06931
math.OC 2501.06983
math.OC 2501.07018
math.OC 2501.07053
math.OC 2501.07057
math.OC 2501.07128
math.OC 2501.07174
math.OC 2501.07203
math.OC 2501.07307
math.OC 2501.07383
math.OC 2501.07401
math.OC 2501.07427
math.OC 2501.07461
math.OC 2501.07652
math.OC 2501.07681
math.OC 2501.08181
math.OC 2501.08263
math.OC 2501.08293
math.OC 2501.08317
math.OC 2501.08330
math.OC 2501.07671
math.OC 2501.07680
math.OC 2501.07757
math.OC 2501.07807
math.OC 2501.07863
math.OC 2501.07873
math.OC 2501.07948
math.OC 2501.08061
math.OC 2501.08064
math.OC 2501.08098
math.OC 2501.08146
math.OC 2501.08227
math.OC 2501.08256
math.OC 2405.01442
math.OC 2501.08406
math.OC 2501.08522
math.OC 2501.08688
math.OC 2501.08800
math.OC 2501.08887
math.OC 2501.08439
math.OC 2501.08472
math.OC 2501.08651
math.OC 2501.08658
math.OC 2501.08706
math.OC 2501.08709
math.OC 2501.08719
math.OC 2501.08770
math.OC 2501.08779
math.OC 2501.08884
math.OC 2501.08906
math.OC 2501.09137
math.OC 2501.09143
math.OC 2501.09262
math.OC 2501.09560
math.OC 2501.09727
math.OC 2501.09735
math.OC 2501.09088
math.OC 2501.09097
math.OC 2501.09150
math.OC 2501.09173
math.OC 2501.09192
math.OC 2501.09249
math.OC 2501.09289
math.OC 2501.09385
math.OC 2501.09452
math.OC 2501.09467
math.OC 2501.09516
math.OC 2501.09523
math.OC 2501.09563
math.OC 2501.09581
math.OC 2501.09713
math.OC 2501.09734
math.OC 2501.09845
math.OC 2501.09946
math.OC 2501.09828
math.OC 2501.10051
math.OC 2501.10173
math.OC 2501.10258
math.OC 2501.10268
math.OC 2501.10306
cs.SD 2501.06229
cs.SD 2501.06282
cs.SD 2501.06320
cs.SD 2501.06474
cs.SD 2501.06478
cs.SD 2501.06530
cs.SD 2501.06562
cs.SD 2501.06727
cs.SD 2501.06810
cs.SD 2501.07088
cs.SD 2501.07102
cs.SD 2501.07215
cs.SD 2501.07524
cs.SD 2501.06276
cs.SD 2501.06394
cs.SD 2501.06514
cs.SD 2501.06959
cs.SD 2501.07246
cs.SD 2501.07329
cs.SD 2501.07474
cs.SD 2501.07557
cs.SD 2501.08047
cs.SD 2501.08057
cs.SD 2501.08104
cs.SD 2501.08124
cs.SD 2501.08129
cs.SD 2501.08137
cs.SD 2501.07897
cs.SD 2501.08238
cs.SD 2501.08421
cs.SD 2501.08468
cs.SD 2501.08587
cs.SD 2501.08616
cs.SD 2501.08693
cs.SD 2501.08791
cs.SD 2501.08566
cs.SD 2501.08691
cs.SD 2501.08809
cs.SD 2501.08921
cs.SD 2501.09113
cs.SD 2501.09159
cs.SD 2501.09169
cs.SD 2501.09229
cs.SD 2501.09258
cs.SD 2501.09291
cs.SD 2501.09394
cs.SD 2501.09506
cs.SD 2501.09104
cs.SD 2501.09608
cs.SD 2501.10256
cs.SD 2501.09972
cs.SD 2501.10045
cs.SD 2501.10052
cs.SD 2501.10111
cs.SD 2501.10222
stat.CO 2501.05458
stat.CO 2501.05908
stat.CO 2501.06435
stat.CO 2501.07061
stat.CO 2501.06634
stat.CO 2501.07035
stat.CO 2501.07642
stat.CO 2501.07668
stat.CO 2501.07685
stat.CO 2501.07795
stat.CO 2501.08265
stat.CO 2501.08320
stat.CO 2501.08355
stat.CO 2501.08748
stat.CO 2501.08779
stat.CO 2501.08366
stat.CO 2501.10229
cs.SY 2501.06353
cs.SY 2501.06491
cs.SY 2501.06528
cs.SY 2501.06552
cs.SY 2501.06566
cs.SY 2501.06583
cs.SY 2501.06719
cs.SY 2501.06783
cs.SY 2501.06976
cs.SY 2501.07057
cs.SY 2501.07148
cs.SY 2501.07180
cs.SY 2501.07461
cs.SY 2501.07476
cs.SY 2501.07570
cs.SY 2501.06335
cs.SY 2501.06510
cs.SY 2501.06573
cs.SY 2501.06635
cs.SY 2501.06670
cs.SY 2501.06679
cs.SY 2501.06756
cs.SY 2501.06793
cs.SY 2501.06917
cs.SY 2501.06940
cs.SY 2501.07005
cs.SY 2501.07026
cs.SY 2501.07030
cs.SY 2501.07126
cs.SY 2501.07187
cs.SY 2501.07191
cs.SY 2501.07247
cs.SY 2501.07273
cs.SY 2501.07498
cs.SY 2501.07516
cs.SY 2411.02706
cs.SY 2501.07584
cs.SY 2501.07590
cs.SY 2501.07595
cs.SY 2501.07601
cs.SY 2501.07652
cs.SY 2501.07689
cs.SY 2501.07827
cs.SY 2501.07948
cs.SY 2501.07973
cs.SY 2501.07981
cs.SY 2501.07995
cs.SY 2501.08227
cs.SY 2501.07616
cs.SY 2501.07714
cs.SY 2501.07715
cs.SY 2501.07743
cs.SY 2501.08025
cs.SY 2501.08058
cs.SY 2501.08103
cs.SY 2501.08181
cs.SY 2501.08304
cs.SY 2501.08418
cs.SY 2501.08469
cs.SY 2501.08472
cs.SY 2501.08520
cs.SY 2501.08420
cs.SY 2501.08516
cs.SY 2501.08531
cs.SY 2501.08532
cs.SY 2501.08680
cs.SY 2501.08688
cs.SY 2501.08781
cs.SY 2501.08808
cs.SY 2501.08853
cs.SY 2501.08868
cs.SY 2501.08916
cs.SY 2501.08918
cs.SY 2501.09173
cs.SY 2501.09192
cs.SY 2501.09289
cs.SY 2501.09338
cs.SY 2501.09357
cs.SY 2501.09430
cs.SY 2501.09551
cs.SY 2501.09143
cs.SY 2501.09324
cs.SY 2501.09509
cs.SY 2501.09513
cs.SY 2501.09665
cs.SY 2501.09858
cs.SY 2501.10093
cs.SY 2501.10201
cs.SY 2501.10262
cs.SY 2501.09832
cs.SY 2501.09853
cs.SY 2501.09857
cs.SY 2501.09889
cs.SY 2501.09944
cs.SY 2501.09948
cs.SY 2501.10030
cs.SY 2501.10063
cs.SY 2501.10097
cs.SY 2501.10196
cs.SY 2501.10236
cs.SY 2501.10337
stat.TH 2501.06540
stat.TH 2501.06969
stat.TH 2501.06975
stat.TH 2501.06349
stat.TH 2501.06547
stat.TH 2501.06618
stat.TH 2501.06652
stat.TH 2501.06915
stat.TH 2501.07257
stat.TH 2501.07571
stat.TH 2501.00118
stat.TH 2501.07738
stat.TH 2501.07763
stat.TH 2501.07879
stat.TH 2501.07975
stat.TH 2501.08330
stat.TH 2501.07645
stat.TH 2501.07665
stat.TH 2501.07770
stat.TH 2501.07772
stat.TH 2501.08492
stat.TH 2501.08786
stat.TH 2501.08979
stat.TH 2501.08392
stat.TH 2501.08477
stat.TH 2501.08810
stat.TH 2501.08939
stat.TH 2501.09022
stat.TH 2501.09336
stat.TH 2501.09500
stat.TH 2501.09648
stat.TH 2501.09691
stat.TH 2501.09483
stat.TH 2501.09900
stat.TH 2501.10263
stat.TH 2501.10302
stat.TH 2501.09983
stat.TH 2501.10025
stat.TH 2501.10208
eess.IV 2501.06230
eess.IV 2501.06262
eess.IV 2501.06326
eess.IV 2501.06336
eess.IV 2501.06440
eess.IV 2501.06488
eess.IV 2501.06653
eess.IV 2501.06938
eess.IV 2501.06223
eess.IV 2501.06273
eess.IV 2501.06356
eess.IV 2501.06470
eess.IV 2501.06595
eess.IV 2501.06814
eess.IV 2501.06838
eess.IV 2501.06939
eess.IV 2501.07016
eess.IV 2501.07120
eess.IV 2501.07127
eess.IV 2501.07197
eess.IV 2501.07248
eess.IV 2501.07376
eess.IV 2501.07754
eess.IV 2501.07808
eess.IV 2501.07901
eess.IV 2501.07953
eess.IV 2501.07994
eess.IV 2501.08005
eess.IV 2501.08072
eess.IV 2501.08266
eess.IV 2501.07850
eess.IV 2501.07945
eess.IV 2501.08009
eess.IV 2501.08094
eess.IV 2501.08163
eess.IV 2501.08495
eess.IV 2501.08505
eess.IV 2501.08625
eess.IV 2501.08639
eess.IV 2501.08924
eess.IV 2501.08458
eess.IV 2501.08459
eess.IV 2501.08662
eess.IV 2501.08667
eess.IV 2501.08694
eess.IV 2501.08819
eess.IV 2501.08902
eess.IV 2501.08943
eess.IV 2501.09001
eess.IV 2501.09129
eess.IV 2501.09224
eess.IV 2501.09268
eess.IV 2501.09352
eess.IV 2501.09420
eess.IV 2501.09506
eess.IV 2501.09753
eess.IV 2501.09046
eess.IV 2501.09049
eess.IV 2501.09052
eess.IV 2501.09053
eess.IV 2501.09054
eess.IV 2501.09096
eess.IV 2501.09101
eess.IV 2501.09116
eess.IV 2501.09185
eess.IV 2501.09305
eess.IV 2501.09396
eess.IV 2501.09403
eess.IV 2501.09815
eess.IV 2501.09838
eess.IV 2501.09994
eess.IV 2501.09999
eess.IV 2501.10199
eess.IV 2501.09799
eess.IV 2501.09863
eess.IV 2501.09935
eess.IV 2501.10068
eess.IV 2501.10128
astro-ph.IM 2501.06249
astro-ph.IM 2501.06260
astro-ph.IM 2501.06296
astro-ph.IM 2501.06301
astro-ph.IM 2501.06315
astro-ph.IM 2501.06538
astro-ph.IM 2501.06586
astro-ph.IM 2501.07004
astro-ph.IM 2501.07189
astro-ph.IM 2501.07340
astro-ph.IM 2501.06293
astro-ph.IM 2501.06333
astro-ph.IM 2501.06439
astro-ph.IM 2501.06532
astro-ph.IM 2501.06717
astro-ph.IM 2501.06968
astro-ph.IM 2501.06990
astro-ph.IM 2501.07250
astro-ph.IM 2501.07268
astro-ph.IM 2501.07374
astro-ph.IM 2501.07603
astro-ph.IM 2501.07622
astro-ph.IM 2501.07687
astro-ph.IM 2501.07938
astro-ph.IM 2501.08261
astro-ph.IM 2501.07758
astro-ph.IM 2501.07976
astro-ph.IM 2501.07997
astro-ph.IM 2501.08010
astro-ph.IM 2501.08016
astro-ph.IM 2501.08378
astro-ph.IM 2501.08382
astro-ph.IM 2501.08399
astro-ph.IM 2501.08930
astro-ph.IM 2501.08358
astro-ph.IM 2501.08388
astro-ph.IM 2501.08524
astro-ph.IM 2501.08671
astro-ph.IM 2501.08700
astro-ph.IM 2501.08732
astro-ph.IM 2501.08764
astro-ph.IM 2501.09057
astro-ph.IM 2501.09076
astro-ph.IM 2501.09072
astro-ph.IM 2501.09112
astro-ph.IM 2501.09241
astro-ph.IM 2501.09488
astro-ph.IM 2501.09489
astro-ph.IM 2501.09724
astro-ph.IM 2501.09748
astro-ph.IM 2501.09809
astro-ph.IM 2501.09883
astro-ph.IM 2501.10213
astro-ph.IM 2501.10272
astro-ph.IM 2501.10277
astro-ph.IM 2501.09816
astro-ph.IM 2501.09894
astro-ph.IM 2501.10079
math.DS 2501.06192
math.DS 2501.06354
math.DS 2501.06406
math.DS 2501.06411
math.DS 2501.06549
math.DS 2501.06796
math.DS 2501.06883
math.DS 2501.07153
math.DS 2501.07349
math.DS 2501.07467
math.DS 2501.06329
math.DS 2501.06380
math.DS 2501.06630
math.DS 2501.06674
math.DS 2501.06877
math.DS 2501.06941
math.DS 2501.07038
math.DS 2501.07282
math.DS 2501.07409
math.DS 2501.07419
math.DS 2501.07453
math.DS 2501.07455
math.DS 2501.07484
math.DS 2501.07545
math.DS 2501.07560
math.DS 2501.08310
math.DS 2501.07675
math.DS 2501.07921
math.DS 2501.07950
math.DS 2501.08011
math.DS 2501.08069
math.DS 2501.08116
math.DS 2501.08202
math.DS 2501.08355
math.DS 2501.08487
math.DS 2501.08556
math.DS 2501.09016
math.DS 2501.08438
math.DS 2501.08485
math.DS 2501.08684
math.DS 2501.08699
math.DS 2501.08849
math.DS 2501.08938
math.DS 2501.09202
math.DS 2501.09295
math.DS 2501.09582
math.DS 2501.09599
math.DS 2501.09852
math.DS 2501.10169
math.DS 2501.10353
nlin.AO 2501.05365
nlin.AO 2501.05135
nlin.AO 2501.06048
nlin.AO 2501.07977
nlin.AO 2501.08683
nlin.AO 2501.09546
nlin.AO 2501.09340
math.PR 2501.06213
math.PR 2501.06266
math.PR 2501.06427
math.PR 2501.06507
math.PR 2501.06547
math.PR 2501.06592
math.PR 2501.06701
math.PR 2501.06854
math.PR 2501.06866
math.PR 2501.06915
math.PR 2501.06975
math.PR 2501.07112
math.PR 2501.07115
math.PR 2501.07284
math.PR 2501.07453
math.PR 2501.07539
math.PR 2501.06535
math.PR 2501.06612
math.PR 2501.06684
math.PR 2501.06747
math.PR 2501.06767
math.PR 2501.06771
math.PR 2501.06850
math.PR 2501.06895
math.PR 2501.06930
math.PR 2501.07023
math.PR 2501.07075
math.PR 2501.07325
math.PR 2501.07356
math.PR 2501.07509
math.PR 2501.07552
math.PR 2501.07581
math.PR 2501.07665
math.PR 2501.07966
math.PR 2501.07975
math.PR 2501.08040
math.PR 2501.08151
math.PR 2501.08288
math.PR 2501.07655
math.PR 2501.07738
math.PR 2501.07821
math.PR 2501.07840
math.PR 2501.07961
math.PR 2501.08039
math.PR 2501.08392
math.PR 2501.08425
math.PR 2501.08447
math.PR 2501.08485
math.PR 2501.08877
math.PR 2501.08938
math.PR 2501.08939
math.PR 2501.09002
math.PR 2501.08487
math.PR 2501.08608
math.PR 2501.08614
math.PR 2501.08661
math.PR 2501.08703
math.PR 2501.08753
math.PR 2501.08768
math.PR 2501.08786
math.PR 2501.08789
math.PR 2501.08797
math.PR 2501.08800
math.PR 2501.08979
math.PR 2501.09022
math.PR 2501.09097
math.PR 2501.09142
math.PR 2501.09173
math.PR 2501.09270
math.PR 2501.09392
math.PR 2501.09408
math.PR 2501.09693
math.PR 2501.09105
math.PR 2501.09176
math.PR 2501.09323
math.PR 2501.09365
math.PR 2501.09511
math.PR 2501.09543
math.PR 2501.09623
math.PR 2501.09660
math.PR 2501.09677
math.PR 2501.09727
math.PR 2501.09741
math.PR 2501.09821
math.PR 2501.09956
math.PR 2501.10333
math.PR 2501.10036
math.PR 2501.10096
math.PR 2501.10169
math.PR 2501.10226
math.PR 2501.10302
math.PR 2501.10329
math.PR 2501.10331
nlin.SI 2501.05753
nlin.SI 2501.05650
nlin.SI 2501.06476
nlin.SI 2501.07862
nlin.SI 2501.08424
nlin.SI 2501.08437
nlin.SI 2501.08777
nlin.SI 2501.08250
nlin.SI 2501.09313
nlin.SI 2501.09463
physics.ins-det 2501.06260
physics.ins-det 2501.06323
physics.ins-det 2501.07357
physics.ins-det 2501.07452
physics.ins-det 2501.06257
physics.ins-det 2501.07431
physics.ins-det 2501.07590
physics.ins-det 2501.07595
physics.ins-det 2501.07603
physics.ins-det 2501.07768
physics.ins-det 2501.08108
physics.ins-det 2501.08358
physics.ins-det 2501.08725
physics.ins-det 2501.08845
physics.ins-det 2501.08966
physics.ins-det 2501.08483
physics.ins-det 2501.08554
physics.ins-det 2501.08586
physics.ins-det 2501.08787
physics.ins-det 2501.08792
physics.ins-det 2501.09259
physics.ins-det 2501.09030
physics.ins-det 2501.09388
physics.ins-det 2501.09587
physics.ins-det 2501.09764
physics.ins-det 2501.10044
physics.ins-det 2501.09774
physics.ins-det 2501.09988
physics.ins-det 2501.10207
physics.ins-det 2501.10237
physics.ins-det 2501.10249
physics.comp-ph 2501.06300
physics.comp-ph 2501.06327
physics.comp-ph 2501.06377
physics.comp-ph 2501.06388
physics.comp-ph 2501.06396
physics.comp-ph 2501.06412
physics.comp-ph 2501.06422
physics.comp-ph 2501.06477
physics.comp-ph 2501.06644
physics.comp-ph 2501.06717
physics.comp-ph 2501.06722
physics.comp-ph 2501.06752
physics.comp-ph 2501.06933
physics.comp-ph 2501.07079
physics.comp-ph 2501.07092
physics.comp-ph 2501.07222
physics.comp-ph 2501.07321
physics.comp-ph 2501.07355
physics.comp-ph 2501.07373
physics.comp-ph 2501.07465
physics.comp-ph 2501.07547
physics.comp-ph 2501.06391
physics.comp-ph 2501.06397
physics.comp-ph 2501.06507
physics.comp-ph 2501.06617
physics.comp-ph 2501.07760
physics.comp-ph 2501.07765
physics.comp-ph 2501.07777
physics.comp-ph 2501.07882
physics.comp-ph 2501.07902
physics.comp-ph 2501.07979
physics.comp-ph 2501.08079
physics.comp-ph 2501.08212
physics.comp-ph 2501.08147
physics.comp-ph 2501.08341
physics.comp-ph 2501.08820
physics.comp-ph 2501.08872
physics.comp-ph 2501.08919
physics.comp-ph 2501.08926
physics.comp-ph 2501.08998
physics.comp-ph 2501.08482
physics.comp-ph 2501.08934
physics.comp-ph 2501.08839
physics.comp-ph 2501.09034
physics.comp-ph 2501.09308
physics.comp-ph 2501.09702
physics.comp-ph 2501.09089
physics.comp-ph 2501.09252
physics.comp-ph 2501.09590
physics.comp-ph 2501.10086
physics.comp-ph 2501.10145
cond-mat.dis-nn 2501.06735
cond-mat.dis-nn 2501.06958
cond-mat.dis-nn 2501.07321
cond-mat.dis-nn 2501.07485
cond-mat.dis-nn 2501.06427
cond-mat.dis-nn 2501.06563
cond-mat.dis-nn 2501.07298
cond-mat.dis-nn 2501.07303
cond-mat.dis-nn 2501.07638
cond-mat.dis-nn 2501.08120
cond-mat.dis-nn 2501.07782
cond-mat.dis-nn 2501.07866
cond-mat.dis-nn 2501.07882
cond-mat.dis-nn 2501.07902
cond-mat.dis-nn 2501.07975
cond-mat.dis-nn 2501.08859
cond-mat.dis-nn 2501.08341
cond-mat.dis-nn 2501.08594
cond-mat.dis-nn 2501.09064
cond-mat.dis-nn 2501.09288
cond-mat.dis-nn 2501.09498
cond-mat.dis-nn 2501.09650
cond-mat.dis-nn 2501.09932
cond-mat.dis-nn 2501.10039
cond-mat.dis-nn 2501.10257
cond-mat.dis-nn 2501.10211
econ.TH 2501.06270
econ.TH 2501.07141
econ.TH 2501.07235
econ.TH 2501.07309
econ.TH 2501.08215
econ.TH 2501.08595
econ.TH 2501.08802
econ.TH 2501.09740
econ.TH 2501.09139
econ.TH 2501.09778
econ.TH 2501.09835
econ.TH 2501.09875
econ.TH 2501.09977
econ.TH 2501.09979
econ.TH 2501.09981
nlin.CD 2501.05058
nlin.CD 2501.05202
nlin.CD 2501.05670
nlin.CD 2501.06085
nlin.CD 2501.06118
nlin.CD 2501.07568
nlin.CD 2501.07781
nlin.CD 2501.08147
nlin.CD 2501.07956
nlin.CD 2501.08793
nlin.CD 2501.08967
nlin.CD 2501.08437
nlin.CD 2501.08839
physics.optics 2501.06313
physics.optics 2501.06906
physics.optics 2501.07230
physics.optics 2501.07272
physics.optics 2501.07357
physics.optics 2501.06344
physics.optics 2501.06390
physics.optics 2501.06393
physics.optics 2501.06774
physics.optics 2501.06776
physics.optics 2501.06790
physics.optics 2501.06936
physics.optics 2501.06966
physics.optics 2501.07199
physics.optics 2501.07308
physics.optics 2501.07350
physics.optics 2501.07381
physics.optics 2501.07424
physics.optics 2501.07480
physics.optics 2501.07590
physics.optics 2501.07917
physics.optics 2501.08189
physics.optics 2501.08254
physics.optics 2501.07657
physics.optics 2501.07684
physics.optics 2501.07846
physics.optics 2501.07851
physics.optics 2501.07974
physics.optics 2501.07979
physics.optics 2501.07991
physics.optics 2501.08123
physics.optics 2501.08154
physics.optics 2501.08275
physics.optics 2501.08359
physics.optics 2501.08373
physics.optics 2501.08870
physics.optics 2501.08917
physics.optics 2501.08927
physics.optics 2501.08930
physics.optics 2501.08337
physics.optics 2501.08427
physics.optics 2501.08462
physics.optics 2501.08494
physics.optics 2501.08546
physics.optics 2501.08637
physics.optics 2501.08705
physics.optics 2501.08731
physics.optics 2501.08755
physics.optics 2501.08953
physics.optics 2501.09259
physics.optics 2501.09261
physics.optics 2501.09417
physics.optics 2501.09424
physics.optics 2501.09535
physics.optics 2501.09568
physics.optics 2501.09624
physics.optics 2501.09207
physics.optics 2501.09263
physics.optics 2501.09297
physics.optics 2501.09322
physics.optics 2501.09332
physics.optics 2501.09335
physics.optics 2501.09376
physics.optics 2501.09387
physics.optics 2501.09419
physics.optics 2501.09507
physics.optics 2501.09548
physics.optics 2501.09569
physics.optics 2501.09570
physics.optics 2501.09577
physics.optics 2501.09639
physics.optics 2501.09664
physics.optics 2501.09673
physics.optics 2501.09728
physics.optics 2501.09818
physics.optics 2501.10087
physics.optics 2501.10142
physics.optics 2501.10278
physics.optics 2501.10293
physics.optics 2501.09758
physics.optics 2501.09945
physics.optics 2501.09952
physics.optics 2501.09989
physics.optics 2501.10022
physics.optics 2501.10023
physics.optics 2501.10029
physics.optics 2501.10044
physics.optics 2501.10055
physics.optics 2501.10198
physics.optics 2501.10250
physics.optics 2501.10254
physics.optics 2501.10340
physics.optics 2501.10345
physics.optics 2501.10351
physics.app-ph 2501.06313
physics.app-ph 2501.06375
physics.app-ph 2501.06390
physics.app-ph 2501.06516
physics.app-ph 2501.06754
physics.app-ph 2501.06774
physics.app-ph 2501.06776
physics.app-ph 2501.06936
physics.app-ph 2501.07168
physics.app-ph 2501.07417
physics.app-ph 2501.06260
physics.app-ph 2501.06318
physics.app-ph 2501.06991
physics.app-ph 2501.07012
physics.app-ph 2501.07083
physics.app-ph 2501.07263
physics.app-ph 2501.07587
physics.app-ph 2501.07851
physics.app-ph 2501.07917
physics.app-ph 2501.07971
physics.app-ph 2501.07974
physics.app-ph 2501.08123
physics.app-ph 2501.08289
physics.app-ph 2501.08291
physics.app-ph 2501.08213
physics.app-ph 2501.08348
physics.app-ph 2501.08873
physics.app-ph 2501.08953
physics.app-ph 2501.08436
physics.app-ph 2501.08452
physics.app-ph 2501.08681
physics.app-ph 2501.08704
physics.app-ph 2501.08852
physics.app-ph 2501.08874
physics.app-ph 2501.08980
physics.app-ph 2501.09064
physics.app-ph 2501.09148
physics.app-ph 2501.09175
physics.app-ph 2501.09259
physics.app-ph 2501.09297
physics.app-ph 2501.09332
physics.app-ph 2501.09335
physics.app-ph 2501.09453
physics.app-ph 2501.09661
physics.app-ph 2501.09664
physics.app-ph 2501.09701
physics.app-ph 2501.09728
physics.app-ph 2501.09184
physics.app-ph 2501.09402
physics.app-ph 2501.09723
physics.app-ph 2501.09759
physics.app-ph 2501.09818
physics.app-ph 2501.09945
physics.app-ph 2501.09965
physics.app-ph 2501.09989
physics.app-ph 2501.10171
physics.app-ph 2501.10198
physics.app-ph 2501.10351
physics.app-ph 2501.09812
physics.app-ph 2501.09885
physics.app-ph 2501.10123
physics.app-ph 2501.10142
physics.app-ph 2501.10317
physics.data-an 2501.05547
physics.data-an 2501.06144
physics.data-an 2501.05603
physics.data-an 2501.06661
physics.data-an 2501.06896
physics.data-an 2501.07605
physics.data-an 2501.08288
physics.data-an 2501.07666
physics.data-an 2501.07977
physics.data-an 2501.08356
physics.data-an 2501.08433
physics.data-an 2501.08865
physics.data-an 2501.08919
physics.data-an 2501.08845
physics.data-an 2501.08898
physics.data-an 2501.08961
physics.data-an 2501.08966
physics.data-an 2501.10339
physics.data-an 2501.10145
physics.data-an 2501.10257
physics.med-ph 2501.07081
physics.med-ph 2501.07348
physics.med-ph 2501.07579
physics.med-ph 2501.07612
physics.med-ph 2501.07619
physics.med-ph 2501.07973
physics.med-ph 2501.08133
physics.med-ph 2501.08911
physics.med-ph 2501.08921
physics.med-ph 2501.08827
physics.med-ph 2501.09162
physics.med-ph 2501.09305
physics.med-ph 2501.09403
physics.med-ph 2501.09224
physics.med-ph 2501.09935
physics.med-ph 2501.09986
physics.med-ph 2501.10232
physics.med-ph 2501.10312
q-fin.MF 2501.03658
q-fin.MF 2501.03938
q-fin.MF 2501.05672
q-fin.MF 2501.05975
q-fin.MF 2501.06895
q-fin.MF 2501.07135
q-fin.MF 2501.06701
q-fin.MF 2501.06758
q-fin.MF 2501.07489
q-fin.MF 2501.08768
q-fin.MF 2501.09638
