cs.CE 2404.12445
cs.CE 2404.12460
cs.CE 2404.12544
cs.CE 2404.12703
cs.CE 2404.12935
cs.CE 2404.12978
cs.CE 2404.13004
cs.CE 2404.13028
cs.CE 2404.13056
cs.CE 2404.13059
cs.CE 2404.13652
cs.CE 2404.14111
cs.CE 2404.14399
cs.CE 2404.13144
cs.CE 2404.13333
cs.CE 2404.13523
cs.CE 2404.13909
cs.CE 2404.14187
cs.CE 2404.14433
cs.CE 2404.14688
cs.CE 2404.14858
cs.CE 2404.14958
cs.CE 2404.14591
cs.CE 2404.14984
cs.CE 2404.15207
cs.CE 2404.15495
cs.CE 2404.15595
cs.CE 2404.16197
cs.CE 2404.16169
cs.CE 2404.16650
cs.DB 2404.12560
cs.DB 2404.12505
cs.DB 2404.12552
cs.DB 2404.12608
cs.DB 2404.12872
cs.DB 2404.12913
cs.DB 2404.13990
cs.DB 2404.14061
cs.DB 2404.13091
cs.DB 2404.13105
cs.DB 2404.13359
cs.DB 2404.13489
cs.DB 2404.13682
cs.DB 2404.14453
cs.DB 2404.14692
cs.DB 2404.14809
cs.DB 2404.14831
cs.DB 2404.14999
cs.DB 2404.15840
cs.DB 2404.15670
cs.DB 2404.16224
cs.DB 2404.16322
cs.DB 2404.16486
cs.AI 2303.12342
cs.AI 2402.18985
cs.AI 2404.12399
cs.AI 2404.12401
cs.AI 2404.12402
cs.AI 2404.12403
cs.AI 2404.12404
cs.AI 2404.12444
cs.AI 2404.12450
cs.AI 2404.12474
cs.AI 2404.12485
cs.AI 2404.12486
cs.AI 2404.12488
cs.AI 2404.12491
cs.AI 2404.12493
cs.AI 2404.12498
cs.AI 2404.12509
cs.AI 2404.12522
cs.AI 2404.12535
cs.AI 2404.12569
cs.AI 2404.12580
cs.AI 2404.12594
cs.AI 2404.12596
cs.AI 2404.12618
cs.AI 2404.12627
cs.AI 2404.12631
cs.AI 2404.12634
cs.AI 2404.12652
cs.AI 2404.12667
cs.AI 2404.12689
cs.AI 2404.12711
cs.AI 2404.12712
cs.AI 2404.12717
cs.AI 2404.12721
cs.AI 2404.12744
cs.AI 2404.12753
cs.AI 2404.12754
cs.AI 2404.12768
cs.AI 2404.12782
cs.AI 2404.12792
cs.AI 2404.12800
cs.AI 2404.12802
cs.AI 2404.12810
cs.AI 2404.12814
cs.AI 2404.12832
cs.AI 2404.12839
cs.AI 2404.12856
cs.AI 2404.12866
cs.AI 2404.12876
cs.AI 2404.12900
cs.AI 2404.12901
cs.AI 2404.12917
cs.AI 2404.12922
cs.AI 2404.12928
cs.AI 2404.12933
cs.AI 2404.12938
cs.AI 2404.12966
cs.AI 2404.12969
cs.AI 2404.12975
cs.AI 2404.12984
cs.AI 2404.12999
cs.AI 2404.13004
cs.AI 2404.13013
cs.AI 2404.13026
cs.AI 2404.13028
cs.AI 2404.12458
cs.AI 2404.12460
cs.AI 2404.12520
cs.AI 2404.12534
cs.AI 2404.12548
cs.AI 2404.12587
cs.AI 2404.12605
cs.AI 2404.12626
cs.AI 2404.12633
cs.AI 2404.12638
cs.AI 2404.12653
cs.AI 2404.12691
cs.AI 2404.12704
cs.AI 2404.12760
cs.AI 2404.12762
cs.AI 2404.12926
cs.AI 2404.13038
cs.AI 2003.09018
cs.AI 2404.13050
cs.AI 2404.13060
cs.AI 2404.13061
cs.AI 2404.13065
cs.AI 2404.13066
cs.AI 2404.13067
cs.AI 2404.13070
cs.AI 2404.13071
cs.AI 2404.13074
cs.AI 2404.13076
cs.AI 2404.13081
cs.AI 2404.13082
cs.AI 2404.13096
cs.AI 2404.13099
cs.AI 2404.13101
cs.AI 2404.13104
cs.AI 2404.13131
cs.AI 2404.13139
cs.AI 2404.13142
cs.AI 2404.13149
cs.AI 2404.13192
cs.AI 2404.13194
cs.AI 2404.13218
cs.AI 2404.13238
cs.AI 2404.13265
cs.AI 2404.13274
cs.AI 2404.13278
cs.AI 2404.13292
cs.AI 2404.13320
cs.AI 2404.13322
cs.AI 2404.13327
cs.AI 2404.13340
cs.AI 2404.13343
cs.AI 2404.13344
cs.AI 2404.13347
cs.AI 2404.13358
cs.AI 2404.13362
cs.AI 2404.13397
cs.AI 2404.13402
cs.AI 2404.13417
cs.AI 2404.13421
cs.AI 2404.13425
cs.AI 2404.13428
cs.AI 2404.13434
cs.AI 2404.13449
cs.AI 2404.13470
cs.AI 2404.13474
cs.AI 2404.13475
cs.AI 2404.13476
cs.AI 2404.13496
cs.AI 2404.13500
cs.AI 2404.13506
cs.AI 2404.13509
cs.AI 2404.13515
cs.AI 2404.13518
cs.AI 2404.13521
cs.AI 2404.13528
cs.AI 2404.13555
cs.AI 2404.13564
cs.AI 2404.13565
cs.AI 2404.13571
cs.AI 2404.13575
cs.AI 2404.13579
cs.AI 2404.13588
cs.AI 2404.13594
cs.AI 2404.13604
cs.AI 2404.13627
cs.AI 2404.13630
cs.AI 2404.13634
cs.AI 2404.13652
cs.AI 2404.13655
cs.AI 2404.13657
cs.AI 2404.13663
cs.AI 2404.13667
cs.AI 2404.13680
cs.AI 2404.13706
cs.AI 2404.13719
cs.AI 2404.13733
cs.AI 2404.13736
cs.AI 2404.13737
cs.AI 2404.13742
cs.AI 2404.13745
cs.AI 2404.13752
cs.AI 2404.13767
cs.AI 2404.13770
cs.AI 2404.13788
cs.AI 2404.13789
cs.AI 2404.13791
cs.AI 2404.13792
cs.AI 2404.13812
cs.AI 2404.13813
cs.AI 2404.13841
cs.AI 2404.13844
cs.AI 2404.13846
cs.AI 2404.13859
cs.AI 2404.13885
cs.AI 2404.13891
cs.AI 2404.13892
cs.AI 2404.13899
cs.AI 2404.13906
cs.AI 2404.13910
cs.AI 2404.13919
cs.AI 2404.13941
cs.AI 2404.13954
cs.AI 2404.13968
cs.AI 2404.14007
cs.AI 2404.14061
cs.AI 2404.14073
cs.AI 2404.14117
cs.AI 2404.14133
cs.AI 2404.14161
cs.AI 2404.14198
cs.AI 2404.14219
cs.AI 2404.14232
cs.AI 2404.14233
cs.AI 2404.14238
cs.AI 2404.14240
cs.AI 2404.14241
cs.AI 2404.14243
cs.AI 2404.14244
cs.AI 2404.14285
cs.AI 2404.14294
cs.AI 2404.14296
cs.AI 2404.14325
cs.AI 2404.14332
cs.AI 2404.14349
cs.AI 2404.14355
cs.AI 2404.14368
cs.AI 2404.14370
cs.AI 2404.14372
cs.AI 2404.14387
cs.AI 2404.14395
cs.AI 2404.14408
cs.AI 2404.13150
cs.AI 2404.13454
cs.AI 2404.13501
cs.AI 2404.13522
cs.AI 2404.13567
cs.AI 2404.13721
cs.AI 2404.13778
cs.AI 2404.13973
cs.AI 2404.14050
cs.AI 2404.14068
cs.AI 2404.14082
cs.AI 2404.14304
cs.AI 2404.14394
cs.AI 2404.14416
cs.AI 2404.14418
cs.AI 2404.14432
cs.AI 2404.14442
cs.AI 2404.14443
cs.AI 2404.14444
cs.AI 2404.14445
cs.AI 2404.14451
cs.AI 2404.14453
cs.AI 2404.14454
cs.AI 2404.14455
cs.AI 2404.14459
cs.AI 2404.14461
cs.AI 2404.14463
cs.AI 2404.14464
cs.AI 2404.14465
cs.AI 2404.14467
cs.AI 2404.14469
cs.AI 2404.14547
cs.AI 2404.14552
cs.AI 2404.14575
cs.AI 2404.14581
cs.AI 2404.14606
cs.AI 2404.14618
cs.AI 2404.14619
cs.AI 2404.14635
cs.AI 2404.14646
cs.AI 2404.14660
cs.AI 2404.14664
cs.AI 2404.14674
cs.AI 2404.14680
cs.AI 2404.14687
cs.AI 2404.14688
cs.AI 2404.14700
cs.AI 2404.14712
cs.AI 2404.14716
cs.AI 2404.14736
cs.AI 2404.14741
cs.AI 2404.14746
cs.AI 2404.14750
cs.AI 2404.14754
cs.AI 2404.14755
cs.AI 2404.14757
cs.AI 2404.14760
cs.AI 2404.14763
cs.AI 2404.14771
cs.AI 2404.14809
cs.AI 2404.14822
cs.AI 2404.14830
cs.AI 2404.14851
cs.AI 2404.14871
cs.AI 2404.14897
cs.AI 2404.14901
cs.AI 2404.14906
cs.AI 2404.14928
cs.AI 2404.14933
cs.AI 2404.14941
cs.AI 2404.14952
cs.AI 2404.14963
cs.AI 2404.14966
cs.AI 2404.14967
cs.AI 2404.14979
cs.AI 2404.14986
cs.AI 2404.14994
cs.AI 2404.15022
cs.AI 2404.15034
cs.AI 2404.15042
cs.AI 2404.15045
cs.AI 2404.15058
cs.AI 2404.15065
cs.AI 2404.15070
cs.AI 2404.15121
cs.AI 2404.15141
cs.AI 2404.15153
cs.AI 2404.15154
cs.AI 2404.15155
cs.AI 2404.15157
cs.AI 2404.15159
cs.AI 2404.15166
cs.AI 2404.15182
cs.AI 2404.15193
cs.AI 2404.15204
cs.AI 2404.15224
cs.AI 2404.15231
cs.AI 2404.15238
cs.AI 2404.15243
cs.AI 2404.15247
cs.AI 2404.15256
cs.AI 2404.15269
cs.AI 2404.15271
cs.AI 2404.15272
cs.AI 2404.15276
cs.AI 2404.14450
cs.AI 2404.14786
cs.AI 2404.15059
cs.AI 2404.15184
cs.AI 2404.15189
cs.AI 2404.15190
cs.AI 2404.15192
cs.AI 2310.13458
cs.AI 2404.13786
cs.AI 2404.15279
cs.AI 2404.15282
cs.AI 2404.15284
cs.AI 2404.15307
cs.AI 2404.15310
cs.AI 2404.15311
cs.AI 2404.15319
cs.AI 2404.15320
cs.AI 2404.15324
cs.AI 2404.15347
cs.AI 2404.15353
cs.AI 2404.15354
cs.AI 2404.15360
cs.AI 2404.15364
cs.AI 2404.15369
cs.AI 2404.15370
cs.AI 2404.15371
cs.AI 2404.15373
cs.AI 2404.15378
cs.AI 2404.15379
cs.AI 2404.15380
cs.AI 2404.15381
cs.AI 2404.15382
cs.AI 2404.15383
cs.AI 2404.15384
cs.AI 2404.15385
cs.AI 2404.15386
cs.AI 2404.15388
cs.AI 2404.15390
cs.AI 2404.15392
cs.AI 2404.15406
cs.AI 2404.15410
cs.AI 2404.15417
cs.AI 2404.15418
cs.AI 2404.15420
cs.AI 2404.15447
cs.AI 2404.15449
cs.AI 2404.15485
cs.AI 2404.15488
cs.AI 2404.15501
cs.AI 2404.15503
cs.AI 2404.15515
cs.AI 2404.15516
cs.AI 2404.15518
cs.AI 2404.15522
cs.AI 2404.15532
cs.AI 2404.15538
cs.AI 2404.15549
cs.AI 2404.15564
cs.AI 2404.15592
cs.AI 2404.15597
cs.AI 2404.15599
cs.AI 2404.15601
cs.AI 2404.15604
cs.AI 2404.15616
cs.AI 2404.15617
cs.AI 2404.15633
cs.AI 2404.15638
cs.AI 2404.15648
cs.AI 2404.15653
cs.AI 2404.15657
cs.AI 2404.15667
cs.AI 2404.15676
cs.AI 2404.15678
cs.AI 2404.15681
cs.AI 2404.15687
cs.AI 2404.15697
cs.AI 2404.15704
cs.AI 2404.15714
cs.AI 2404.15719
cs.AI 2404.15721
cs.AI 2404.15736
cs.AI 2404.15744
cs.AI 2404.15751
cs.AI 2404.15758
cs.AI 2404.15760
cs.AI 2404.15766
cs.AI 2404.15774
cs.AI 2404.15781
cs.AI 2404.15794
cs.AI 2404.15802
cs.AI 2404.15804
cs.AI 2404.15814
cs.AI 2404.15823
cs.AI 2404.15834
cs.AI 2404.15840
cs.AI 2404.15852
cs.AI 2404.15869
cs.AI 2404.15881
cs.AI 2404.15882
cs.AI 2404.15894
cs.AI 2404.15899
cs.AI 2404.15903
cs.AI 2404.15943
cs.AI 2404.15946
cs.AI 2404.15949
cs.AI 2404.15961
cs.AI 2404.16014
cs.AI 2404.16015
cs.AI 2404.16017
cs.AI 2404.16030
cs.AI 2404.16035
cs.AI 2404.15492
cs.AI 2404.15500
cs.AI 2404.15583
cs.AI 2404.15822
cs.AI 2404.15923
cs.AI 2404.16038
cs.AI 2404.16041
cs.AI 2404.16042
cs.AI 2404.16045
cs.AI 2404.16047
cs.AI 2404.16048
cs.AI 2404.16053
cs.AI 2404.16054
cs.AI 2404.16057
cs.AI 2404.16067
cs.AI 2404.16069
cs.AI 2404.16071
cs.AI 2404.16074
cs.AI 2404.16076
cs.AI 2404.16080
cs.AI 2404.16112
cs.AI 2404.16115
cs.AI 2404.16116
cs.AI 2404.16123
cs.AI 2404.16130
cs.AI 2404.16159
cs.AI 2404.16160
cs.AI 2404.16162
cs.AI 2404.16164
cs.AI 2404.16168
cs.AI 2404.16177
cs.AI 2404.16183
cs.AI 2404.16188
cs.AI 2404.16193
cs.AI 2404.16196
cs.AI 2404.16208
cs.AI 2404.16218
cs.AI 2404.16233
cs.AI 2404.16248
cs.AI 2404.16251
cs.AI 2404.16257
cs.AI 2404.16260
cs.AI 2404.16280
cs.AI 2404.16294
cs.AI 2404.16296
cs.AI 2404.16297
cs.AI 2404.16325
cs.AI 2404.16331
cs.AI 2404.16333
cs.AI 2404.16339
cs.AI 2404.16346
cs.AI 2404.16356
cs.AI 2404.16365
cs.AI 2404.16366
cs.AI 2404.16375
cs.AI 2404.16388
cs.AI 2404.16395
cs.AI 2404.16399
cs.AI 2404.16417
cs.AI 2404.16436
cs.AI 2404.16442
cs.AI 2404.16451
cs.AI 2404.16455
cs.AI 2404.16457
cs.AI 2404.16468
cs.AI 2404.16474
cs.AI 2404.16478
cs.AI 2404.16508
cs.AI 2404.16532
cs.AI 2404.16547
cs.AI 2404.16557
cs.AI 2404.16558
cs.AI 2404.16587
cs.AI 2404.16609
cs.AI 2404.16621
cs.AI 2404.16630
cs.AI 2404.16645
cs.AI 2404.16653
cs.AI 2404.16656
cs.AI 2404.16659
cs.AI 2404.16660
cs.AI 2404.16663
cs.AI 2404.16670
cs.AI 2404.16685
cs.AI 2404.16692
cs.AI 2404.16696
cs.AI 2404.16710
cs.AI 2404.16717
cs.AI 2404.16718
cs.AI 2404.16766
cs.AI 2404.16768
cs.AI 2404.16771
cs.AI 2404.16779
cs.AI 2404.16789
cs.AI 2404.16792
cs.AI 2404.16804
cs.AI 2404.16811
cs.AI 2404.16823
cs.AI 2404.16829
cs.AI 2404.16055
cs.AI 2404.16068
cs.AI 2404.16072
cs.AI 2404.16078
cs.AI 2404.16206
cs.AI 2404.16364
cs.AI 2404.16379
cs.AI 2404.16411
cs.AI 2404.16534
cs.AI 2404.16579
cs.AI 2404.16689
cs.AI 2404.16721
cs.CG 2404.12287
cs.CG 2404.13155
cs.CG 2404.13842
cs.CG 2404.14087
cs.CG 2404.14855
cs.CG 2404.15225
cs.CG 2404.15061
cs.CG 2404.15661
cs.CG 2404.15487
cs.CG 2404.15892
cs.CG 2404.16329
cs.CG 2404.16723
cs.DM 2404.12401
cs.DM 2404.12559
cs.DM 2404.13193
cs.DM 2404.14300
cs.DM 2404.14670
cs.DM 2404.14770
cs.DM 2404.14792
cs.DM 2404.15126
cs.DM 2404.15261
cs.DM 2404.15916
cs.DM 2404.15950
cs.DM 2404.16220
cs.DM 2404.16340
cs.DM 2404.16540
cs.DM 2404.16763
cs.DM 2404.16430
cs.DM 2404.16662
cs.CV 2404.12415
cs.CV 2404.12440
cs.CV 2404.12488
cs.CV 2404.12509
cs.CV 2404.12526
cs.CV 2404.12599
cs.CV 2404.12612
cs.CV 2404.12624
cs.CV 2404.12642
cs.CV 2404.12650
cs.CV 2404.12711
cs.CV 2404.12725
cs.CV 2404.12766
cs.CV 2404.12814
cs.CV 2404.12852
cs.CV 2404.12866
cs.CV 2404.12917
cs.CV 2404.12940
cs.CV 2404.12958
cs.CV 2404.12973
cs.CV 2404.12986
cs.CV 2404.13000
cs.CV 2404.12407
cs.CV 2404.12450
cs.CV 2404.12467
cs.CV 2404.12487
cs.CV 2404.12501
cs.CV 2404.12524
cs.CV 2404.12538
cs.CV 2404.12541
cs.CV 2404.12547
cs.CV 2404.12588
cs.CV 2404.12602
cs.CV 2404.12606
cs.CV 2404.12611
cs.CV 2404.12625
cs.CV 2404.12630
cs.CV 2404.12634
cs.CV 2404.12635
cs.CV 2404.12652
cs.CV 2404.12667
cs.CV 2404.12678
cs.CV 2404.12679
cs.CV 2404.12680
cs.CV 2404.12693
cs.CV 2404.12694
cs.CV 2404.12702
cs.CV 2404.12712
cs.CV 2404.12718
cs.CV 2404.12720
cs.CV 2404.12721
cs.CV 2404.12730
cs.CV 2404.12734
cs.CV 2404.12739
cs.CV 2404.12768
cs.CV 2404.12770
cs.CV 2404.12777
cs.CV 2404.12782
cs.CV 2404.12784
cs.CV 2404.12794
cs.CV 2404.12798
cs.CV 2404.12803
cs.CV 2404.12804
cs.CV 2404.12819
cs.CV 2404.12832
cs.CV 2404.12839
cs.CV 2404.12841
cs.CV 2404.12856
cs.CV 2404.12861
cs.CV 2404.12867
cs.CV 2404.12876
cs.CV 2404.12886
cs.CV 2404.12887
cs.CV 2404.12888
cs.CV 2404.12900
cs.CV 2404.12908
cs.CV 2404.12920
cs.CV 2404.12922
cs.CV 2404.12925
cs.CV 2404.12942
cs.CV 2404.12948
cs.CV 2404.12966
cs.CV 2404.13002
cs.CV 2404.13013
cs.CV 2404.13016
cs.CV 2404.13024
cs.CV 2404.13026
cs.CV 2404.13039
cs.CV 2404.13040
cs.CV 2404.13043
cs.CV 2404.13044
cs.CV 2404.13046
cs.CV 2404.13097
cs.CV 2404.13101
cs.CV 2404.13102
cs.CV 2404.13103
cs.CV 2404.13105
cs.CV 2404.13106
cs.CV 2404.13108
cs.CV 2404.13134
cs.CV 2404.13146
cs.CV 2404.13153
cs.CV 2404.13185
cs.CV 2404.13194
cs.CV 2404.13222
cs.CV 2404.13277
cs.CV 2404.13288
cs.CV 2404.13330
cs.CV 2404.13372
cs.CV 2404.13386
cs.CV 2404.13388
cs.CV 2404.13452
cs.CV 2404.13474
cs.CV 2404.13478
cs.CV 2404.13484
cs.CV 2404.13521
cs.CV 2404.13537
cs.CV 2404.13640
cs.CV 2404.13693
cs.CV 2404.13704
cs.CV 2404.13733
cs.CV 2404.13756
cs.CV 2404.13767
cs.CV 2404.13784
cs.CV 2404.13874
cs.CV 2404.13884
cs.CV 2404.13904
cs.CV 2404.13929
cs.CV 2404.13993
cs.CV 2404.14006
cs.CV 2404.14016
cs.CV 2404.14064
cs.CV 2404.14076
cs.CV 2404.14077
cs.CV 2404.14117
cs.CV 2404.14281
cs.CV 2404.14322
cs.CV 2404.14326
cs.CV 2404.14388
cs.CV 2404.14394
cs.CV 2404.13130
cs.CV 2404.13148
cs.CV 2404.13159
cs.CV 2404.13237
cs.CV 2404.13239
cs.CV 2404.13252
cs.CV 2404.13263
cs.CV 2404.13268
cs.CV 2404.13270
cs.CV 2404.13273
cs.CV 2404.13282
cs.CV 2404.13299
cs.CV 2404.13306
cs.CV 2404.13311
cs.CV 2404.13320
cs.CV 2404.13324
cs.CV 2404.13342
cs.CV 2404.13353
cs.CV 2404.13370
cs.CV 2404.13400
cs.CV 2404.13408
cs.CV 2404.13417
cs.CV 2404.13420
cs.CV 2404.13425
cs.CV 2404.13434
cs.CV 2404.13437
cs.CV 2404.13443
cs.CV 2404.13445
cs.CV 2404.13449
cs.CV 2404.13493
cs.CV 2404.13505
cs.CV 2404.13530
cs.CV 2404.13534
cs.CV 2404.13541
cs.CV 2404.13550
cs.CV 2404.13555
cs.CV 2404.13558
cs.CV 2404.13564
cs.CV 2404.13565
cs.CV 2404.13573
cs.CV 2404.13576
cs.CV 2404.13579
cs.CV 2404.13584
cs.CV 2404.13591
cs.CV 2404.13594
cs.CV 2404.13605
cs.CV 2404.13611
cs.CV 2404.13621
cs.CV 2404.13648
cs.CV 2404.13657
cs.CV 2404.13659
cs.CV 2404.13667
cs.CV 2404.13671
cs.CV 2404.13677
cs.CV 2404.13679
cs.CV 2404.13680
cs.CV 2404.13686
cs.CV 2404.13691
cs.CV 2404.13692
cs.CV 2404.13701
cs.CV 2404.13706
cs.CV 2404.13710
cs.CV 2404.13711
cs.CV 2404.13745
cs.CV 2404.13766
cs.CV 2404.13770
cs.CV 2404.13788
cs.CV 2404.13791
cs.CV 2404.13798
cs.CV 2404.13807
cs.CV 2404.13816
cs.CV 2404.13819
cs.CV 2404.13827
cs.CV 2404.13830
cs.CV 2404.13838
cs.CV 2404.13842
cs.CV 2404.13847
cs.CV 2404.13848
cs.CV 2404.13854
cs.CV 2404.13859
cs.CV 2404.13862
cs.CV 2404.13863
cs.CV 2404.13866
cs.CV 2404.13868
cs.CV 2404.13872
cs.CV 2404.13873
cs.CV 2404.13880
cs.CV 2404.13896
cs.CV 2404.13903
cs.CV 2404.13911
cs.CV 2404.13921
cs.CV 2404.13923
cs.CV 2404.13944
cs.CV 2404.13947
cs.CV 2404.13949
cs.CV 2404.13953
cs.CV 2404.13972
cs.CV 2404.13983
cs.CV 2404.13984
cs.CV 2404.13992
cs.CV 2404.13996
cs.CV 2404.13999
cs.CV 2404.14007
cs.CV 2404.14019
cs.CV 2404.14022
cs.CV 2404.14025
cs.CV 2404.14027
cs.CV 2404.14032
cs.CV 2404.14034
cs.CV 2404.14037
cs.CV 2404.14040
cs.CV 2404.14042
cs.CV 2404.14044
cs.CV 2404.14055
cs.CV 2404.14062
cs.CV 2404.14066
cs.CV 2404.14099
cs.CV 2404.14109
cs.CV 2404.14132
cs.CV 2404.14135
cs.CV 2404.14162
cs.CV 2404.14177
cs.CV 2404.14198
cs.CV 2404.14199
cs.CV 2404.14233
cs.CV 2404.14239
cs.CV 2404.14241
cs.CV 2404.14247
cs.CV 2404.14248
cs.CV 2404.14249
cs.CV 2404.14279
cs.CV 2404.14280
cs.CV 2404.14309
cs.CV 2404.14329
cs.CV 2404.14343
cs.CV 2404.14344
cs.CV 2404.14349
cs.CV 2404.14351
cs.CV 2404.14368
cs.CV 2404.14381
cs.CV 2404.14396
cs.CV 2404.14403
cs.CV 2404.14406
cs.CV 2404.14409
cs.CV 2404.14410
cs.CV 2404.14412
cs.CV 2404.12500
cs.CV 2404.14434
cs.CV 2404.14533
cs.CV 2404.14588
cs.CV 2404.14674
cs.CV 2404.14687
cs.CV 2404.14693
cs.CV 2404.14716
cs.CV 2404.14755
cs.CV 2404.14829
cs.CV 2404.14837
cs.CV 2404.14934
cs.CV 2404.14968
cs.CV 2404.15082
cs.CV 2404.15121
cs.CV 2404.15190
cs.CV 2404.15194
cs.CV 2404.15256
cs.CV 2404.15274
cs.CV 2404.14414
cs.CV 2404.14435
cs.CV 2404.14441
cs.CV 2404.14471
cs.CV 2404.14507
cs.CV 2404.14542
cs.CV 2404.14560
cs.CV 2404.14565
cs.CV 2404.14568
cs.CV 2404.14581
cs.CV 2404.14606
cs.CV 2404.14634
cs.CV 2404.14653
cs.CV 2404.14657
cs.CV 2404.14661
cs.CV 2404.14667
cs.CV 2404.14671
cs.CV 2404.14676
cs.CV 2404.14678
cs.CV 2404.14696
cs.CV 2404.14704
cs.CV 2404.14705
cs.CV 2404.14709
cs.CV 2404.14715
cs.CV 2404.14739
cs.CV 2404.14745
cs.CV 2404.14747
cs.CV 2404.14750
cs.CV 2404.14759
cs.CV 2404.14768
cs.CV 2404.14780
cs.CV 2404.14801
cs.CV 2404.14807
cs.CV 2404.14808
cs.CV 2404.14822
cs.CV 2404.14830
cs.CV 2404.14835
cs.CV 2404.14852
cs.CV 2404.14882
cs.CV 2404.14885
cs.CV 2404.14890
cs.CV 2404.14906
cs.CV 2404.14908
cs.CV 2404.14944
cs.CV 2404.14945
cs.CV 2404.14949
cs.CV 2404.14951
cs.CV 2404.14952
cs.CV 2404.14955
cs.CV 2404.14956
cs.CV 2404.14966
cs.CV 2404.14967
cs.CV 2404.14975
cs.CV 2404.14979
cs.CV 2404.14985
cs.CV 2404.14990
cs.CV 2404.14996
cs.CV 2404.15008
cs.CV 2404.15009
cs.CV 2404.15010
cs.CV 2404.15014
cs.CV 2404.15022
cs.CV 2404.15024
cs.CV 2404.15028
cs.CV 2404.15033
cs.CV 2404.15037
cs.CV 2404.15041
cs.CV 2404.15081
cs.CV 2404.15100
cs.CV 2404.15127
cs.CV 2404.15129
cs.CV 2404.15141
cs.CV 2404.15161
cs.CV 2404.15163
cs.CV 2404.15174
cs.CV 2404.15212
cs.CV 2404.15217
cs.CV 2404.15224
cs.CV 2404.15228
cs.CV 2404.15234
cs.CV 2404.15244
cs.CV 2404.15252
cs.CV 2404.15254
cs.CV 2404.15259
cs.CV 2404.15263
cs.CV 2404.15264
cs.CV 2404.15267
cs.CV 2404.15271
cs.CV 2404.15272
cs.CV 2404.15275
cs.CV 2404.15276
cs.CV 2404.14956
cs.CV 2404.15287
cs.CV 2404.15312
cs.CV 2404.15318
cs.CV 2404.15346
cs.CV 2404.15364
cs.CV 2404.15367
cs.CV 2404.15394
cs.CV 2404.15532
cs.CV 2404.15661
cs.CV 2404.15718
cs.CV 2404.15786
cs.CV 2404.15847
cs.CV 2404.15918
cs.CV 2404.15919
cs.CV 2404.15378
cs.CV 2404.15383
cs.CV 2404.15385
cs.CV 2404.15406
cs.CV 2404.15436
cs.CV 2404.15445
cs.CV 2404.15447
cs.CV 2404.15449
cs.CV 2404.15451
cs.CV 2404.15506
cs.CV 2404.15516
cs.CV 2404.15523
cs.CV 2404.15552
cs.CV 2404.15564
cs.CV 2404.15580
cs.CV 2404.15591
cs.CV 2404.15592
cs.CV 2404.15608
cs.CV 2404.15635
cs.CV 2404.15638
cs.CV 2404.15644
cs.CV 2404.15653
cs.CV 2404.15655
cs.CV 2404.15672
cs.CV 2404.15677
cs.CV 2404.15683
cs.CV 2404.15697
cs.CV 2404.15700
cs.CV 2404.15707
cs.CV 2404.15709
cs.CV 2404.15714
cs.CV 2404.15719
cs.CV 2404.15721
cs.CV 2404.15734
cs.CV 2404.15736
cs.CV 2404.15743
cs.CV 2404.15765
cs.CV 2404.15770
cs.CV 2404.15771
cs.CV 2404.15774
cs.CV 2404.15781
cs.CV 2404.15785
cs.CV 2404.15789
cs.CV 2404.15790
cs.CV 2404.15802
cs.CV 2404.15812
cs.CV 2404.15815
cs.CV 2404.15817
cs.CV 2404.15851
cs.CV 2404.15879
cs.CV 2404.15881
cs.CV 2404.15882
cs.CV 2404.15889
cs.CV 2404.15891
cs.CV 2404.15903
cs.CV 2404.15909
cs.CV 2404.15946
cs.CV 2404.15955
cs.CV 2404.15956
cs.CV 2404.15979
cs.CV 2404.15992
cs.CV 2404.16000
cs.CV 2404.16006
cs.CV 2404.16012
cs.CV 2404.16017
cs.CV 2404.16022
cs.CV 2404.16029
cs.CV 2404.16030
cs.CV 2404.16033
cs.CV 2404.16035
cs.CV 2404.15405
cs.CV 2404.16049
cs.CV 2404.16080
cs.CV 2404.16112
cs.CV 2404.16174
cs.CV 2404.16192
cs.CV 2404.16212
cs.CV 2404.16255
cs.CV 2404.16292
cs.CV 2404.16300
cs.CV 2404.16307
cs.CV 2404.16336
cs.CV 2404.16346
cs.CV 2404.16397
cs.CV 2404.16482
cs.CV 2404.16510
cs.CV 2404.16529
cs.CV 2404.16708
cs.CV 2404.16718
cs.CV 2404.16767
cs.CV 2404.16823
cs.CV 2404.16037
cs.CV 2404.16038
cs.CV 2404.16123
cs.CV 2404.16133
cs.CV 2404.16136
cs.CV 2404.16139
cs.CV 2404.16155
cs.CV 2404.16193
cs.CV 2404.16205
cs.CV 2404.16216
cs.CV 2404.16221
cs.CV 2404.16222
cs.CV 2404.16223
cs.CV 2404.16266
cs.CV 2404.16268
cs.CV 2404.16296
cs.CV 2404.16301
cs.CV 2404.16302
cs.CV 2404.16304
cs.CV 2404.16306
cs.CV 2404.16323
cs.CV 2404.16325
cs.CV 2404.16331
cs.CV 2404.16339
cs.CV 2404.16348
cs.CV 2404.16359
cs.CV 2404.16371
cs.CV 2404.16375
cs.CV 2404.16380
cs.CV 2404.16385
cs.CV 2404.16386
cs.CV 2404.16398
cs.CV 2404.16409
cs.CV 2404.16416
cs.CV 2404.16421
cs.CV 2404.16422
cs.CV 2404.16423
cs.CV 2404.16429
cs.CV 2404.16432
cs.CV 2404.16451
cs.CV 2404.16452
cs.CV 2404.16456
cs.CV 2404.16471
cs.CV 2404.16474
cs.CV 2404.16484
cs.CV 2404.16493
cs.CV 2404.16501
cs.CV 2404.16507
cs.CV 2404.16536
cs.CV 2404.16538
cs.CV 2404.16548
cs.CV 2404.16552
cs.CV 2404.16556
cs.CV 2404.16557
cs.CV 2404.16558
cs.CV 2404.16561
cs.CV 2404.16571
cs.CV 2404.16573
cs.CV 2404.16578
cs.CV 2404.16581
cs.CV 2404.16609
cs.CV 2404.16612
cs.CV 2404.16617
cs.CV 2404.16622
cs.CV 2404.16633
cs.CV 2404.16635
cs.CV 2404.16637
cs.CV 2404.16666
cs.CV 2404.16670
cs.CV 2404.16678
cs.CV 2404.16685
cs.CV 2404.16687
cs.CV 2404.16717
cs.CV 2404.16739
cs.CV 2404.16748
cs.CV 2404.16752
cs.CV 2404.16754
cs.CV 2404.16771
cs.CV 2404.16773
cs.CV 2404.16781
cs.CV 2404.16790
cs.CV 2404.16804
cs.CV 2404.16814
cs.CV 2404.16818
cs.CV 2404.16820
cs.CV 2404.16821
cs.CV 2404.16824
cs.CV 2404.16825
cs.CV 2404.16828
cs.CV 2404.16829
cs.CV 2404.16831
cs.GT 2404.12570
cs.GT 2404.12626
cs.GT 2404.12949
cs.GT 2404.13240
cs.GT 2404.13244
cs.GT 2404.13891
cs.GT 2404.14141
cs.GT 2404.13527
cs.GT 2404.13566
cs.GT 2404.13687
cs.GT 2404.14128
cs.GT 2404.14180
cs.GT 2404.15059
cs.GT 2404.14522
cs.GT 2404.14679
cs.GT 2404.16017
cs.GT 2404.15391
cs.GT 2404.15483
cs.GT 2404.15599
cs.GT 2404.15607
cs.GT 2404.15633
cs.GT 2404.15996
cs.GT 2404.16195
cs.GT 2404.16056
cs.DC 2404.12623
cs.DC 2404.12850
cs.DC 2404.12909
cs.DC 2404.12968
cs.DC 2404.12457
cs.DC 2404.12486
cs.DC 2404.12666
cs.DC 2404.12674
cs.DC 2404.12930
cs.DC 2404.12953
cs.DC 2404.13216
cs.DC 2404.13278
cs.DC 2404.13411
cs.DC 2404.13468
cs.DC 2404.13515
cs.DC 2404.13528
cs.DC 2404.13535
cs.DC 2404.13669
cs.DC 2404.13971
cs.DC 2404.14164
cs.DC 2404.13179
cs.DC 2404.13195
cs.DC 2404.13236
cs.DC 2404.13262
cs.DC 2404.13349
cs.DC 2404.13470
cs.DC 2404.13614
cs.DC 2404.13617
cs.DC 2404.13683
cs.DC 2404.13804
cs.DC 2404.14033
cs.DC 2404.14074
cs.DC 2404.14193
cs.DC 2404.14250
cs.DC 2404.14282
cs.DC 2404.14632
cs.DC 2404.14712
cs.DC 2404.14730
cs.DC 2404.14826
cs.DC 2404.15204
cs.DC 2404.15273
cs.DC 2404.14527
cs.DC 2404.14691
cs.DC 2404.15043
cs.DC 2404.15132
cs.DC 2404.15211
cs.DC 2404.15246
cs.DC 2404.13786
cs.DC 2404.15503
cs.DC 2404.15510
cs.DC 2404.15735
cs.DC 2404.15980
cs.DC 2404.15467
cs.DC 2404.15559
cs.DC 2404.15668
cs.DC 2404.15834
cs.DC 2404.15888
cs.DC 2404.16158
cs.DC 2404.16210
cs.DC 2404.16221
cs.DC 2404.16232
cs.DC 2404.16314
cs.DC 2404.16363
cs.DC 2404.16443
cs.DC 2404.16150
cs.DC 2404.16283
cs.DC 2404.16393
cs.DC 2404.16446
cs.DC 2404.16462
cs.DC 2404.16793
cs.DC 2404.16812
cs.CR 2404.12507
cs.CR 2404.12530
cs.CR 2404.12623
cs.CR 2404.12635
cs.CR 2404.12647
cs.CR 2404.12657
cs.CR 2404.12666
cs.CR 2404.12679
cs.CR 2404.12680
cs.CR 2404.12730
cs.CR 2404.12738
cs.CR 2404.12874
cs.CR 2404.12983
cs.CR 2404.12465
cs.CR 2404.12473
cs.CR 2404.12512
cs.CR 2404.12675
cs.CR 2404.12778
cs.CR 2404.12783
cs.CR 2404.12808
cs.CR 2404.12837
cs.CR 2404.12852
cs.CR 2404.12854
cs.CR 2404.12855
cs.CR 2404.12864
cs.CR 2404.12893
cs.CR 2404.12916
cs.CR 2404.12991
cs.CR 2404.13164
cs.CR 2404.13381
cs.CR 2404.13475
cs.CR 2404.13699
cs.CR 2404.13752
cs.CR 2404.13860
cs.CR 2404.13914
cs.CR 2404.13968
cs.CR 2404.14074
cs.CR 2404.14190
cs.CR 2404.14389
cs.CR 2404.13125
cs.CR 2404.13146
cs.CR 2404.13161
cs.CR 2404.13208
cs.CR 2404.13220
cs.CR 2404.13279
cs.CR 2404.13337
cs.CR 2404.13402
cs.CR 2404.13407
cs.CR 2404.13477
cs.CR 2404.13518
cs.CR 2404.13535
cs.CR 2404.13544
cs.CR 2404.13575
cs.CR 2404.13690
cs.CR 2404.13784
cs.CR 2404.13979
cs.CR 2404.13998
cs.CR 2404.14106
cs.CR 2404.14112
cs.CR 2404.14138
cs.CR 2404.14244
cs.CR 2404.14246
cs.CR 2404.14461
cs.CR 2404.14581
cs.CR 2404.14648
cs.CR 2404.14746
cs.CR 2404.14795
cs.CR 2404.14958
cs.CR 2404.15081
cs.CR 2404.15143
cs.CR 2404.14580
cs.CR 2404.14643
cs.CR 2404.14693
cs.CR 2404.14719
cs.CR 2404.14720
cs.CR 2404.14870
cs.CR 2404.14942
cs.CR 2404.14983
cs.CR 2404.15000
cs.CR 2404.15035
cs.CR 2404.15042
cs.CR 2404.15278
cs.CR 2404.15344
cs.CR 2404.15409
cs.CR 2404.15596
cs.CR 2404.15598
cs.CR 2404.15656
cs.CR 2404.15687
cs.CR 2404.15744
cs.CR 2404.15746
cs.CR 2404.15834
cs.CR 2404.15895
cs.CR 2404.15446
cs.CR 2404.15582
cs.CR 2404.15587
cs.CR 2404.15611
cs.CR 2404.15681
cs.CR 2404.15686
cs.CR 2404.15735
cs.CR 2404.15854
cs.CR 2404.15858
cs.CR 2404.15859
cs.CR 2404.15886
cs.CR 2404.15076
cs.CR 2404.16109
cs.CR 2404.16154
cs.CR 2404.16156
cs.CR 2404.16177
cs.CR 2404.16220
cs.CR 2404.16287
cs.CR 2404.16638
cs.CR 2404.16706
cs.CR 2404.16751
cs.CR 2404.16117
cs.CR 2404.16118
cs.CR 2404.16120
cs.CR 2404.16195
cs.CR 2404.16212
cs.CR 2404.16232
cs.CR 2404.16241
cs.CR 2404.16251
cs.CR 2404.16255
cs.CR 2404.16256
cs.CR 2404.16271
cs.CR 2404.16362
cs.CR 2404.16363
cs.CR 2404.16504
cs.CR 2404.16632
cs.CR 2404.16651
cs.CR 2404.16744
cs.CL 2404.11891
cs.CL 2404.12045
cs.CL 2404.12394
cs.CL 2404.12457
cs.CL 2404.12526
cs.CL 2404.12535
cs.CL 2404.12608
cs.CL 2404.12652
cs.CL 2404.12670
cs.CL 2404.12720
cs.CL 2404.12843
cs.CL 2404.12872
cs.CL 2404.12994
cs.CL 2404.13013
cs.CL 2404.13039
cs.CL 2404.13043
cs.CL 2404.12444
cs.CL 2404.12447
cs.CL 2404.12452
cs.CL 2404.12464
cs.CL 2404.12489
cs.CL 2404.12491
cs.CL 2404.12493
cs.CL 2404.12494
cs.CL 2404.12545
cs.CL 2404.12560
cs.CL 2404.12580
cs.CL 2404.12596
cs.CL 2404.12618
cs.CL 2404.12628
cs.CL 2404.12642
cs.CL 2404.12659
cs.CL 2404.12698
cs.CL 2404.12715
cs.CL 2404.12726
cs.CL 2404.12728
cs.CL 2404.12744
cs.CL 2404.12753
cs.CL 2404.12788
cs.CL 2404.12827
cs.CL 2404.12829
cs.CL 2404.12845
cs.CL 2404.12866
cs.CL 2404.12879
cs.CL 2404.12897
cs.CL 2404.12933
cs.CL 2404.12938
cs.CL 2404.12957
cs.CL 2404.13020
cs.CL 2404.13033
cs.CL 2404.13163
cs.CL 2404.13208
cs.CL 2404.13238
cs.CL 2404.13370
cs.CL 2404.13402
cs.CL 2404.13506
cs.CL 2404.13530
cs.CL 2404.13556
cs.CL 2404.13565
cs.CL 2404.13611
cs.CL 2404.13630
cs.CL 2404.13633
cs.CL 2404.13721
cs.CL 2404.13752
cs.CL 2404.13784
cs.CL 2404.13792
cs.CL 2404.13846
cs.CL 2404.13847
cs.CL 2404.13885
cs.CL 2404.14233
cs.CL 2404.14368
cs.CL 2404.14394
cs.CL 2404.13050
cs.CL 2404.13057
cs.CL 2404.13065
cs.CL 2404.13066
cs.CL 2404.13067
cs.CL 2404.13069
cs.CL 2404.13070
cs.CL 2404.13071
cs.CL 2404.13074
cs.CL 2404.13076
cs.CL 2404.13077
cs.CL 2404.13078
cs.CL 2404.13079
cs.CL 2404.13081
cs.CL 2404.13082
cs.CL 2404.13087
cs.CL 2404.13099
cs.CL 2404.13104
cs.CL 2404.13149
cs.CL 2404.13192
cs.CL 2404.13246
cs.CL 2404.13289
cs.CL 2404.13292
cs.CL 2404.13307
cs.CL 2404.13343
cs.CL 2404.13350
cs.CL 2404.13362
cs.CL 2404.13364
cs.CL 2404.13390
cs.CL 2404.13397
cs.CL 2404.13439
cs.CL 2404.13465
cs.CL 2404.13504
cs.CL 2404.13547
cs.CL 2404.13599
cs.CL 2404.13613
cs.CL 2404.13627
cs.CL 2404.13628
cs.CL 2404.13645
cs.CL 2404.13660
cs.CL 2404.13751
cs.CL 2404.13760
cs.CL 2404.13764
cs.CL 2404.13779
cs.CL 2404.13781
cs.CL 2404.13793
cs.CL 2404.13813
cs.CL 2404.13855
cs.CL 2404.13865
cs.CL 2404.13874
cs.CL 2404.13899
cs.CL 2404.13906
cs.CL 2404.13919
cs.CL 2404.13925
cs.CL 2404.13940
cs.CL 2404.13948
cs.CL 2404.13957
cs.CL 2404.13968
cs.CL 2404.13985
cs.CL 2404.14024
cs.CL 2404.14043
cs.CL 2404.14052
cs.CL 2404.14057
cs.CL 2404.14122
cs.CL 2404.14183
cs.CL 2404.14192
cs.CL 2404.14209
cs.CL 2404.14215
cs.CL 2404.14219
cs.CL 2404.14270
cs.CL 2404.14294
cs.CL 2404.14301
cs.CL 2404.14313
cs.CL 2404.14316
cs.CL 2404.14339
cs.CL 2404.14355
cs.CL 2404.14361
cs.CL 2404.14372
cs.CL 2404.14387
cs.CL 2404.14395
cs.CL 2404.14397
cs.CL 2404.14408
cs.CL 2404.12500
cs.CL 2404.14419
cs.CL 2404.14432
cs.CL 2404.14445
cs.CL 2404.14600
cs.CL 2404.14618
cs.CL 2404.14662
cs.CL 2404.14687
cs.CL 2404.14700
cs.CL 2404.14715
cs.CL 2404.14736
cs.CL 2404.14749
cs.CL 2404.14831
cs.CL 2404.14851
cs.CL 2404.14901
cs.CL 2404.14928
cs.CL 2404.14946
cs.CL 2404.14977
cs.CL 2404.14989
cs.CL 2404.15127
cs.CL 2404.15146
cs.CL 2404.15190
cs.CL 2404.15228
cs.CL 2404.15271
cs.CL 2404.15272
cs.CL 2404.14415
cs.CL 2404.14443
cs.CL 2404.14449
cs.CL 2404.14453
cs.CL 2404.14454
cs.CL 2404.14461
cs.CL 2404.14463
cs.CL 2404.14464
cs.CL 2404.14465
cs.CL 2404.14467
cs.CL 2404.14469
cs.CL 2404.14544
cs.CL 2404.14567
cs.CL 2404.14604
cs.CL 2404.14607
cs.CL 2404.14619
cs.CL 2404.14631
cs.CL 2404.14680
cs.CL 2404.14695
cs.CL 2404.14716
cs.CL 2404.14723
cs.CL 2404.14740
cs.CL 2404.14741
cs.CL 2404.14760
cs.CL 2404.14772
cs.CL 2404.14777
cs.CL 2404.14779
cs.CL 2404.14795
cs.CL 2404.14809
cs.CL 2404.14812
cs.CL 2404.14827
cs.CL 2404.14850
cs.CL 2404.14883
cs.CL 2404.14897
cs.CL 2404.14914
cs.CL 2404.14943
cs.CL 2404.14963
cs.CL 2404.14994
cs.CL 2404.15003
cs.CL 2404.15004
cs.CL 2404.15045
cs.CL 2404.15067
cs.CL 2404.15103
cs.CL 2404.15104
cs.CL 2404.15149
cs.CL 2404.15153
cs.CL 2404.15154
cs.CL 2404.15155
cs.CL 2404.15156
cs.CL 2404.15157
cs.CL 2404.15159
cs.CL 2404.15166
cs.CL 2404.15196
cs.CL 2404.15206
cs.CL 2404.15219
cs.CL 2404.15238
cs.CL 2404.15247
cs.CL 2404.15269
cs.CL 2404.15320
cs.CL 2404.15406
cs.CL 2404.15500
cs.CL 2404.15532
cs.CL 2404.15538
cs.CL 2404.15592
cs.CL 2404.15653
cs.CL 2404.15770
cs.CL 2404.15778
cs.CL 2404.15923
cs.CL 2404.15925
cs.CL 2404.15993
cs.CL 2404.16030
cs.CL 2404.16033
cs.CL 2404.15420
cs.CL 2404.15485
cs.CL 2404.15488
cs.CL 2404.15501
cs.CL 2404.15515
cs.CL 2404.15522
cs.CL 2404.15549
cs.CL 2404.15565
cs.CL 2404.15574
cs.CL 2404.15578
cs.CL 2404.15588
cs.CL 2404.15604
cs.CL 2404.15639
cs.CL 2404.15650
cs.CL 2404.15660
cs.CL 2404.15667
cs.CL 2404.15676
cs.CL 2404.15690
cs.CL 2404.15702
cs.CL 2404.15720
cs.CL 2404.15737
cs.CL 2404.15758
cs.CL 2404.15777
cs.CL 2404.15807
cs.CL 2404.15845
cs.CL 2404.15846
cs.CL 2404.15848
cs.CL 2404.15877
cs.CL 2404.15894
cs.CL 2404.15928
cs.CL 2404.15949
cs.CL 2404.16019
cs.CL 2404.16020
cs.CL 2404.16053
cs.CL 2404.16068
cs.CL 2404.16076
cs.CL 2404.16104
cs.CL 2404.16123
cs.CL 2404.16206
cs.CL 2404.16251
cs.CL 2404.16375
cs.CL 2404.16621
cs.CL 2404.16767
cs.CL 2404.16789
cs.CL 2404.16792
cs.CL 2404.16829
cs.CL 2404.16115
cs.CL 2404.16116
cs.CL 2404.16130
cs.CL 2404.16160
cs.CL 2404.16164
cs.CL 2404.16192
cs.CL 2404.16198
cs.CL 2404.16226
cs.CL 2404.16248
cs.CL 2404.16250
cs.CL 2404.16257
cs.CL 2404.16262
cs.CL 2404.16294
cs.CL 2404.16308
cs.CL 2404.16341
cs.CL 2404.16365
cs.CL 2404.16367
cs.CL 2404.16369
cs.CL 2404.16405
cs.CL 2404.16407
cs.CL 2404.16413
cs.CL 2404.16418
cs.CL 2404.16442
cs.CL 2404.16461
cs.CL 2404.16478
cs.CL 2404.16506
cs.CL 2404.16563
cs.CL 2404.16574
cs.CL 2404.16587
cs.CL 2404.16627
cs.CL 2404.16645
cs.CL 2404.16653
cs.CL 2404.16659
cs.CL 2404.16692
cs.CL 2404.16698
cs.CL 2404.16710
cs.CL 2404.16743
cs.CL 2404.16764
cs.CL 2404.16766
cs.CL 2404.16776
cs.CL 2404.16807
cs.CL 2404.16811
cs.CL 2404.16816
cs.FL 2404.11746
cs.FL 2404.13254
cs.FL 2404.14245
cs.FL 2404.13577
cs.FL 2404.13601
cs.FL 2404.14781
cs.FL 2404.14994
cs.FL 2404.15052
cs.FL 2404.15496
cs.FL 2404.16163
cs.FL 2404.16492
cs.FL 2404.16518
cs.FL 2404.16624
cs.IR 2404.12670
cs.IR 2404.12969
cs.IR 2404.12975
cs.IR 2404.12994
cs.IR 2206.01966
cs.IR 2404.13286
cs.IR 2404.13781
cs.IR 2404.14066
cs.IR 2404.13207
cs.IR 2404.13298
cs.IR 2404.13357
cs.IR 2404.13375
cs.IR 2404.13556
cs.IR 2404.13808
cs.IR 2404.13878
cs.IR 2404.13950
cs.IR 2404.14240
cs.IR 2404.14243
cs.IR 2404.13789
cs.IR 2404.14432
cs.IR 2404.14464
cs.IR 2404.14465
cs.IR 2404.14760
cs.IR 2404.14831
cs.IR 2404.14903
cs.IR 2404.14942
cs.IR 2404.15269
cs.IR 2404.14600
cs.IR 2404.14774
cs.IR 2404.14851
cs.IR 2404.14856
cs.IR 2404.14989
cs.IR 2404.14991
cs.IR 2404.15592
cs.IR 2404.15753
cs.IR 2404.15475
cs.IR 2404.15675
cs.IR 2404.15678
cs.IR 2404.15939
cs.IR 2404.15954
cs.IR 2404.16130
cs.IR 2404.16177
cs.IR 2404.16260
cs.IR 2404.16553
cs.IR 2404.16555
cs.DS 2404.12930
cs.DS 2404.12953
cs.DS 2404.13014
cs.DS 2404.12418
cs.DS 2404.12485
cs.DS 2404.12559
cs.DS 2404.12701
cs.DS 2404.12907
cs.DS 2404.13359
cs.DS 2404.13503
cs.DS 2404.14128
cs.DS 2404.13193
cs.DS 2404.13334
cs.DS 2404.13446
cs.DS 2404.13486
cs.DS 2404.13502
cs.DS 2404.13737
cs.DS 2404.13757
cs.DS 2404.13907
cs.DS 2404.13997
cs.DS 2404.14049
cs.DS 2404.14087
cs.DS 2404.14159
cs.DS 2404.14208
cs.DS 2404.14235
cs.DS 2404.14636
cs.DS 2404.14670
cs.DS 2404.14792
cs.DS 2404.15035
cs.DS 2404.14730
cs.DS 2404.14803
cs.DS 2404.14849
cs.DS 2404.15487
cs.DS 2404.15607
cs.DS 2404.15444
cs.DS 2404.15554
cs.DS 2404.15916
cs.DS 2404.15917
cs.DS 2404.15986
cs.DS 2404.16662
cs.DS 2404.16131
cs.DS 2404.16176
cs.DS 2404.16217
cs.DS 2404.16267
cs.DS 2404.16314
cs.DS 2404.16329
cs.DS 2404.16349
cs.DS 2404.16489
cs.DS 2404.16517
cs.DS 2404.16540
cs.DS 2404.16623
cs.DS 2404.16676
cs.DS 2404.16695
cs.DS 2404.16701
cs.DS 2404.16706
cs.DS 2404.16723
cs.DS 2404.16725
cs.DS 2404.16741
cs.CC 2404.11841
cs.CC 2404.11709
cs.CC 2404.13186
cs.CC 2404.13254
cs.CC 2404.13820
cs.CC 2404.14245
cs.CC 2404.14730
cs.CC 2404.14849
cs.CC 2404.14994
cs.CC 2404.15053
cs.CC 2404.14519
cs.CC 2404.14648
cs.CC 2404.15467
cs.CC 2404.15986
cs.CC 2404.16024
cs.CC 2404.15613
cs.CC 2404.16329
cs.CC 2404.16349
cs.CC 2404.16450
cs.CC 2404.16662
cs.CC 2404.16695
cs.CC 2404.16706
cs.CC 2404.16382
cs.CC 2404.16443
cs.CC 2404.16562
cs.CC 2404.16722
cs.GR 2404.12751
cs.GR 2404.12768
cs.GR 2404.12888
cs.GR 2404.12509
cs.GR 2404.13059
cs.GR 2404.13445
cs.GR 2404.13807
cs.GR 2404.13497
cs.GR 2404.14376
cs.GR 2404.14643
cs.GR 2404.14676
cs.GR 2404.14814
cs.GR 2404.14817
cs.GR 2404.14967
cs.GR 2404.15276
cs.GR 2404.15121
cs.GR 2404.15293
cs.GR 2404.15378
cs.GR 2404.15889
cs.GR 2404.15976
cs.GR 2404.15538
cs.GR 2404.15661
cs.GR 2404.16044
cs.GR 2404.16063
cs.GR 2404.16221
cs.GR 2404.16274
cs.GR 2404.16292
cs.GR 2404.16510
cs.IT 2404.12565
cs.IT 2404.12589
cs.IT 2404.12880
cs.IT 2404.12604
cs.IT 2404.12757
cs.IT 2404.12786
cs.IT 2404.12868
cs.IT 2404.13978
cs.IT 2404.14240
cs.IT 2404.14243
cs.IT 2404.14323
cs.IT 2404.13230
cs.IT 2404.13249
cs.IT 2404.13392
cs.IT 2404.13494
cs.IT 2404.13536
cs.IT 2404.13603
cs.IT 2404.13624
cs.IT 2404.13674
cs.IT 2404.13685
cs.IT 2404.13875
cs.IT 2404.14036
cs.IT 2404.14056
cs.IT 2404.14092
cs.IT 2404.14165
cs.IT 2404.14203
cs.IT 2404.14221
cs.IT 2404.14390
cs.IT 2404.14596
cs.IT 2404.14839
cs.IT 2404.15126
cs.IT 2404.15158
cs.IT 2404.15198
cs.IT 2404.14514
cs.IT 2404.14586
cs.IT 2404.14594
cs.IT 2404.14706
cs.IT 2404.14778
cs.IT 2404.14828
cs.IT 2404.14832
cs.IT 2404.14874
cs.IT 2404.14962
cs.IT 2404.15074
cs.IT 2404.15080
cs.IT 2404.15135
cs.IT 2404.15292
cs.IT 2404.15297
cs.IT 2404.15314
cs.IT 2404.15343
cs.IT 2404.15344
cs.IT 2404.15454
cs.IT 2404.15858
cs.IT 2404.15469
cs.IT 2404.15530
cs.IT 2404.15643
cs.IT 2404.15756
cs.IT 2404.15867
cs.IT 2404.15968
cs.IT 2404.16009
cs.IT 2404.16101
cs.IT 2404.16155
cs.IT 2404.16275
cs.IT 2404.16281
cs.IT 2404.16736
cs.IT 2404.16137
cs.IT 2404.16152
cs.IT 2404.16220
cs.IT 2404.16289
cs.IT 2404.16313
cs.IT 2404.16327
cs.IT 2404.16376
cs.IT 2404.16394
cs.IT 2404.16408
cs.IT 2404.16431
cs.IT 2404.16519
cs.IT 2404.16611
cs.NA 2404.12453
cs.NA 2404.12480
cs.NA 2404.12568
cs.NA 2404.12688
cs.NA 2404.12732
cs.NA 2404.12743
cs.NA 2404.12789
cs.NA 2404.12823
cs.NA 2404.12956
cs.NA 2404.12965
cs.NA 2404.13283
cs.NA 2404.13429
cs.NA 2404.13585
cs.NA 2404.13748
cs.NA 2404.13757
cs.NA 2404.13181
cs.NA 2404.13183
cs.NA 2404.13223
cs.NA 2404.13259
cs.NA 2404.13355
cs.NA 2404.13492
cs.NA 2404.13496
cs.NA 2404.13525
cs.NA 2404.13531
cs.NA 2404.13578
cs.NA 2404.13620
cs.NA 2404.13646
cs.NA 2404.13676
cs.NA 2404.13744
cs.NA 2404.13780
cs.NA 2404.13811
cs.NA 2404.13936
cs.NA 2404.13974
cs.NA 2404.13994
cs.NA 2404.14169
cs.NA 2404.14226
cs.NA 2404.14274
cs.NA 2404.14303
cs.NA 2404.14312
cs.NA 2404.14456
cs.NA 2404.14688
cs.NA 2404.14854
cs.NA 2404.14857
cs.NA 2404.14873
cs.NA 2404.15242
cs.NA 2404.14592
cs.NA 2404.14636
cs.NA 2404.14783
cs.NA 2404.14842
cs.NA 2404.14864
cs.NA 2404.14893
cs.NA 2404.14958
cs.NA 2404.15090
cs.NA 2404.15249
cs.NA 2404.15354
cs.NA 2404.15745
cs.NA 2404.16015
cs.NA 2404.16024
cs.NA 2404.15277
cs.NA 2404.15285
cs.NA 2404.15286
cs.NA 2404.15288
cs.NA 2404.15291
cs.NA 2404.15296
cs.NA 2404.15299
cs.NA 2404.15315
cs.NA 2404.15322
cs.NA 2404.15338
cs.NA 2404.15345
cs.NA 2404.15356
cs.NA 2404.15363
cs.NA 2404.15438
cs.NA 2404.15453
cs.NA 2404.15606
cs.NA 2404.15624
cs.NA 2404.15703
cs.NA 2404.15727
cs.NA 2404.15742
cs.NA 2404.15791
cs.NA 2404.15947
cs.NA 2404.16274
cs.NA 2404.16742
cs.NA 2404.16762
cs.NA 2404.16189
cs.NA 2404.16324
cs.NA 2404.16347
cs.NA 2404.16537
cs.NA 2404.16554
cs.NA 2404.16576
cs.NA 2404.16577
cs.NA 2404.16583
cs.NA 2404.16584
cs.NA 2404.16648
cs.NA 2404.16665
cs.NA 2404.16684
cs.NA 2404.16694
cs.NA 2404.16699
cs.NA 2404.16794
cs.NA 2404.16798
cs.AR 2404.12503
cs.AR 2404.13477
cs.AR 2404.14110
cs.AR 2404.14279
cs.AR 2404.13049
cs.AR 2404.13061
cs.AR 2404.13062
cs.AR 2404.14010
cs.AR 2404.14069
cs.AR 2404.14754
cs.AR 2404.15204
cs.AR 2404.15260
cs.AR 2404.14617
cs.AR 2404.14632
cs.AR 2404.14769
cs.AR 2404.15185
cs.AR 2404.15621
cs.AR 2404.15510
cs.AR 2404.15733
cs.AR 2404.15819
cs.AR 2404.15823
cs.AR 2404.16156
cs.AR 2404.16256
cs.AR 2404.16158
cs.AR 2404.16317
cs.AR 2404.16629
cs.LO 2404.12534
cs.LO 2404.12747
cs.LO 2404.12676
cs.LO 2404.12905
cs.LO 2404.12951
cs.LO 2404.13337
cs.LO 2404.13687
cs.LO 2404.13352
cs.LO 2404.13672
cs.LO 2404.13782
cs.LO 2404.14223
cs.LO 2404.14340
cs.LO 2404.14789
cs.LO 2404.14470
cs.LO 2404.14517
cs.LO 2404.14781
cs.LO 2404.14919
cs.LO 2404.14920
cs.LO 2404.14921
cs.LO 2404.14922
cs.LO 2404.14923
cs.LO 2404.14924
cs.LO 2404.15214
cs.LO 2404.15215
cs.LO 2404.15221
cs.LO 2404.15248
cs.LO 2404.15496
cs.LO 2404.15421
cs.LO 2404.15723
cs.LO 2404.15840
cs.LO 2404.15855
cs.LO 2311.02833
cs.LO 2404.16064
cs.LO 2404.16430
cs.LO 2404.16492
cs.LO 2404.16518
cs.LO 2404.16663
cs.LO 2404.16050
cs.LO 2404.16061
cs.LO 2404.16111
cs.LO 2404.16122
cs.LO 2404.16231
cs.LO 2404.16243
cs.LO 2404.16387
cs.LO 2404.16406
cs.LO 2404.16455
cs.LO 2404.16588
cs.LO 2404.16614
cs.LO 2404.16734
cs.LO 2404.16778
cs.LG 2402.01029
cs.LG 2404.12407
cs.LG 2404.12415
cs.LG 2404.12416
cs.LG 2404.12418
cs.LG 2404.12450
cs.LG 2404.12457
cs.LG 2404.12467
cs.LG 2404.12478
cs.LG 2404.12481
cs.LG 2404.12484
cs.LG 2404.12485
cs.LG 2404.12486
cs.LG 2404.12509
cs.LG 2404.12512
cs.LG 2404.12524
cs.LG 2404.12534
cs.LG 2404.12538
cs.LG 2404.12554
cs.LG 2404.12580
cs.LG 2404.12586
cs.LG 2404.12588
cs.LG 2404.12594
cs.LG 2404.12596
cs.LG 2404.12602
cs.LG 2404.12613
cs.LG 2404.12618
cs.LG 2404.12634
cs.LG 2404.12635
cs.LG 2404.12650
cs.LG 2404.12652
cs.LG 2404.12667
cs.LG 2404.12674
cs.LG 2404.12693
cs.LG 2404.12712
cs.LG 2404.12718
cs.LG 2404.12721
cs.LG 2404.12725
cs.LG 2404.12730
cs.LG 2404.12741
cs.LG 2404.12770
cs.LG 2404.12784
cs.LG 2404.12803
cs.LG 2404.12824
cs.LG 2404.12832
cs.LG 2404.12839
cs.LG 2404.12841
cs.LG 2404.12852
cs.LG 2404.12856
cs.LG 2404.12862
cs.LG 2404.12876
cs.LG 2404.12886
cs.LG 2404.12888
cs.LG 2404.12892
cs.LG 2404.12899
cs.LG 2404.12908
cs.LG 2404.12920
cs.LG 2404.12922
cs.LG 2404.12923
cs.LG 2404.12940
cs.LG 2404.12948
cs.LG 2404.12957
cs.LG 2404.12958
cs.LG 2404.12973
cs.LG 2404.12979
cs.LG 2404.13000
cs.LG 2404.13002
cs.LG 2404.13013
cs.LG 2404.13016
cs.LG 2404.13020
cs.LG 2404.13040
cs.LG 2404.13043
cs.LG 2404.12394
cs.LG 2404.12396
cs.LG 2404.12398
cs.LG 2404.12399
cs.LG 2404.12400
cs.LG 2404.12401
cs.LG 2404.12402
cs.LG 2404.12403
cs.LG 2404.12404
cs.LG 2404.12406
cs.LG 2404.12408
cs.LG 2404.12445
cs.LG 2404.12474
cs.LG 2404.12488
cs.LG 2404.12498
cs.LG 2404.12511
cs.LG 2404.12522
cs.LG 2404.12526
cs.LG 2404.12530
cs.LG 2404.12535
cs.LG 2404.12544
cs.LG 2404.12569
cs.LG 2404.12575
cs.LG 2404.12597
cs.LG 2404.12598
cs.LG 2404.12599
cs.LG 2404.12612
cs.LG 2404.12623
cs.LG 2404.12639
cs.LG 2404.12648
cs.LG 2404.12699
cs.LG 2404.12710
cs.LG 2404.12711
cs.LG 2404.12724
cs.LG 2404.12745
cs.LG 2404.12754
cs.LG 2404.12759
cs.LG 2404.12766
cs.LG 2404.12792
cs.LG 2404.12800
cs.LG 2404.12802
cs.LG 2404.12810
cs.LG 2404.12814
cs.LG 2404.12843
cs.LG 2404.12846
cs.LG 2404.12850
cs.LG 2404.12917
cs.LG 2404.12928
cs.LG 2404.12968
cs.LG 2404.12999
cs.LG 2404.13049
cs.LG 2404.13061
cs.LG 2404.13067
cs.LG 2404.13068
cs.LG 2404.13077
cs.LG 2404.13078
cs.LG 2404.13079
cs.LG 2404.13081
cs.LG 2404.13082
cs.LG 2404.13087
cs.LG 2404.13096
cs.LG 2404.13097
cs.LG 2404.13098
cs.LG 2404.13103
cs.LG 2404.13105
cs.LG 2404.13125
cs.LG 2404.13131
cs.LG 2404.13134
cs.LG 2404.13142
cs.LG 2404.13147
cs.LG 2404.13150
cs.LG 2404.13159
cs.LG 2404.13161
cs.LG 2404.13198
cs.LG 2404.13207
cs.LG 2404.13208
cs.LG 2404.13215
cs.LG 2404.13220
cs.LG 2404.13240
cs.LG 2404.13252
cs.LG 2404.13265
cs.LG 2404.13268
cs.LG 2404.13270
cs.LG 2404.13273
cs.LG 2404.13309
cs.LG 2404.13316
cs.LG 2404.13342
cs.LG 2404.13343
cs.LG 2404.13348
cs.LG 2404.13349
cs.LG 2404.13362
cs.LG 2404.13364
cs.LG 2404.13386
cs.LG 2404.13388
cs.LG 2404.13391
cs.LG 2404.13404
cs.LG 2404.13430
cs.LG 2404.13441
cs.LG 2404.13449
cs.LG 2404.13465
cs.LG 2404.13474
cs.LG 2404.13475
cs.LG 2404.13478
cs.LG 2404.13491
cs.LG 2404.13521
cs.LG 2404.13522
cs.LG 2404.13530
cs.LG 2404.13557
cs.LG 2404.13576
cs.LG 2404.13584
cs.LG 2404.13591
cs.LG 2404.13613
cs.LG 2404.13621
cs.LG 2404.13628
cs.LG 2404.13646
cs.LG 2404.13648
cs.LG 2404.13649
cs.LG 2404.13652
cs.LG 2404.13669
cs.LG 2404.13671
cs.LG 2404.13682
cs.LG 2404.13690
cs.LG 2404.13698
cs.LG 2404.13701
cs.LG 2404.13702
cs.LG 2404.13704
cs.LG 2404.13706
cs.LG 2404.13731
cs.LG 2404.13770
cs.LG 2404.13779
cs.LG 2404.13786
cs.LG 2404.13804
cs.LG 2404.13808
cs.LG 2404.13831
cs.LG 2404.13885
cs.LG 2404.13941
cs.LG 2404.14027
cs.LG 2404.14033
cs.LG 2404.14062
cs.LG 2404.14063
cs.LG 2404.14068
cs.LG 2404.14146
cs.LG 2404.14188
cs.LG 2404.14212
cs.LG 2404.14233
cs.LG 2404.14240
cs.LG 2404.14243
cs.LG 2404.14244
cs.LG 2404.14270
cs.LG 2404.14276
cs.LG 2404.14312
cs.LG 2404.14319
cs.LG 2404.14322
cs.LG 2404.14332
cs.LG 2404.14358
cs.LG 2404.14389
cs.LG 2404.14395
cs.LG 2404.14397
cs.LG 2404.14402
cs.LG 2404.14408
cs.LG 2404.13056
cs.LG 2404.13139
cs.LG 2404.13182
cs.LG 2404.13194
cs.LG 2404.13218
cs.LG 2404.13224
cs.LG 2404.13235
cs.LG 2404.13238
cs.LG 2404.13244
cs.LG 2404.13257
cs.LG 2404.13260
cs.LG 2404.13278
cs.LG 2404.13300
cs.LG 2404.13318
cs.LG 2404.13322
cs.LG 2404.13327
cs.LG 2404.13344
cs.LG 2404.13347
cs.LG 2404.13381
cs.LG 2404.13393
cs.LG 2404.13401
cs.LG 2404.13421
cs.LG 2404.13423
cs.LG 2404.13456
cs.LG 2404.13476
cs.LG 2404.13500
cs.LG 2404.13503
cs.LG 2404.13506
cs.LG 2404.13515
cs.LG 2404.13528
cs.LG 2404.13571
cs.LG 2404.13588
cs.LG 2404.13604
cs.LG 2404.13631
cs.LG 2404.13634
cs.LG 2404.13647
cs.LG 2404.13655
cs.LG 2404.13663
cs.LG 2404.13715
cs.LG 2404.13733
cs.LG 2404.13736
cs.LG 2404.13752
cs.LG 2404.13785
cs.LG 2404.13815
cs.LG 2404.13841
cs.LG 2404.13844
cs.LG 2404.13846
cs.LG 2404.13853
cs.LG 2404.13860
cs.LG 2404.13879
cs.LG 2404.13891
cs.LG 2404.13895
cs.LG 2404.13904
cs.LG 2404.13910
cs.LG 2404.13946
cs.LG 2404.13954
cs.LG 2404.13964
cs.LG 2404.13990
cs.LG 2404.14006
cs.LG 2404.14016
cs.LG 2404.14017
cs.LG 2404.14047
cs.LG 2404.14061
cs.LG 2404.14064
cs.LG 2404.14073
cs.LG 2404.14076
cs.LG 2404.14107
cs.LG 2404.14161
cs.LG 2404.14164
cs.LG 2404.14197
cs.LG 2404.14202
cs.LG 2404.14265
cs.LG 2404.14271
cs.LG 2404.14326
cs.LG 2404.14367
cs.LG 2404.14388
cs.LG 2404.13630
cs.LG 2404.14416
cs.LG 2404.14418
cs.LG 2404.14419
cs.LG 2404.14441
cs.LG 2404.14449
cs.LG 2404.14460
cs.LG 2404.14461
cs.LG 2404.14463
cs.LG 2404.14497
cs.LG 2404.14507
cs.LG 2404.14527
cs.LG 2404.14551
cs.LG 2404.14586
cs.LG 2404.14602
cs.LG 2404.14619
cs.LG 2404.14625
cs.LG 2404.14631
cs.LG 2404.14651
cs.LG 2404.14653
cs.LG 2404.14661
cs.LG 2404.14680
cs.LG 2404.14700
cs.LG 2404.14743
cs.LG 2404.14758
cs.LG 2404.14760
cs.LG 2404.14777
cs.LG 2404.14786
cs.LG 2404.14795
cs.LG 2404.14811
cs.LG 2404.14850
cs.LG 2404.14869
cs.LG 2404.14873
cs.LG 2404.14901
cs.LG 2404.14906
cs.LG 2404.14913
cs.LG 2404.14942
cs.LG 2404.14943
cs.LG 2404.14966
cs.LG 2404.14994
cs.LG 2404.14999
cs.LG 2404.15024
cs.LG 2404.15045
cs.LG 2404.15081
cs.LG 2404.15096
cs.LG 2404.15098
cs.LG 2404.15149
cs.LG 2404.15155
cs.LG 2404.15168
cs.LG 2404.15176
cs.LG 2404.15193
cs.LG 2404.15197
cs.LG 2404.15204
cs.LG 2404.15207
cs.LG 2404.15211
cs.LG 2404.15213
cs.LG 2404.15217
cs.LG 2404.15224
cs.LG 2404.15243
cs.LG 2404.15244
cs.LG 2404.15245
cs.LG 2404.15247
cs.LG 2404.15258
cs.LG 2404.15261
cs.LG 2404.15269
cs.LG 2404.15273
cs.LG 2404.15276
cs.LG 2404.14433
cs.LG 2404.14436
cs.LG 2404.14442
cs.LG 2404.14444
cs.LG 2404.14445
cs.LG 2404.14447
cs.LG 2404.14451
cs.LG 2404.14455
cs.LG 2404.14456
cs.LG 2404.14457
cs.LG 2404.14462
cs.LG 2404.14523
cs.LG 2404.14552
cs.LG 2404.14588
cs.LG 2404.14618
cs.LG 2404.14620
cs.LG 2404.14635
cs.LG 2404.14642
cs.LG 2404.14662
cs.LG 2404.14664
cs.LG 2404.14674
cs.LG 2404.14688
cs.LG 2404.14689
cs.LG 2404.14701
cs.LG 2404.14721
cs.LG 2404.14728
cs.LG 2404.14746
cs.LG 2404.14749
cs.LG 2404.14754
cs.LG 2404.14757
cs.LG 2404.14815
cs.LG 2404.14829
cs.LG 2404.14855
cs.LG 2404.14875
cs.LG 2404.14886
cs.LG 2404.14909
cs.LG 2404.14928
cs.LG 2404.14933
cs.LG 2404.14941
cs.LG 2404.14953
cs.LG 2404.14961
cs.LG 2404.14970
cs.LG 2404.14973
cs.LG 2404.14986
cs.LG 2404.15018
cs.LG 2404.15029
cs.LG 2404.15034
cs.LG 2404.15065
cs.LG 2404.15084
cs.LG 2404.15095
cs.LG 2404.15109
cs.LG 2404.15146
cs.LG 2404.15182
cs.LG 2404.15198
cs.LG 2404.15199
cs.LG 2404.15201
cs.LG 2404.15209
cs.LG 2404.15225
cs.LG 2404.15242
cs.LG 2404.15255
cs.LG 2404.15274
cs.LG 2404.13101
cs.LG 2404.15289
cs.LG 2404.15294
cs.LG 2404.15296
cs.LG 2404.15297
cs.LG 2404.15305
cs.LG 2404.15308
cs.LG 2404.15309
cs.LG 2404.15310
cs.LG 2404.15311
cs.LG 2404.15314
cs.LG 2404.15317
cs.LG 2404.15319
cs.LG 2404.15323
cs.LG 2404.15328
cs.LG 2404.15330
cs.LG 2404.15332
cs.LG 2404.15333
cs.LG 2404.15335
cs.LG 2404.15337
cs.LG 2404.15341
cs.LG 2404.15342
cs.LG 2404.15343
cs.LG 2404.15344
cs.LG 2404.15346
cs.LG 2404.15347
cs.LG 2404.15349
cs.LG 2404.15350
cs.LG 2404.15351
cs.LG 2404.15352
cs.LG 2404.15353
cs.LG 2404.15354
cs.LG 2404.15360
cs.LG 2404.15364
cs.LG 2404.15366
cs.LG 2404.15367
cs.LG 2404.15368
cs.LG 2404.15370
cs.LG 2404.15373
cs.LG 2404.15374
cs.LG 2404.15377
cs.LG 2404.15378
cs.LG 2404.15387
cs.LG 2404.15410
cs.LG 2404.15419
cs.LG 2404.15458
cs.LG 2404.15466
cs.LG 2404.15497
cs.LG 2404.15500
cs.LG 2404.15510
cs.LG 2404.15538
cs.LG 2404.15552
cs.LG 2404.15564
cs.LG 2404.15592
cs.LG 2404.15597
cs.LG 2404.15615
cs.LG 2404.15618
cs.LG 2404.15621
cs.LG 2404.15635
cs.LG 2404.15648
cs.LG 2404.15653
cs.LG 2404.15681
cs.LG 2404.15690
cs.LG 2404.15709
cs.LG 2404.15742
cs.LG 2404.15746
cs.LG 2404.15770
cs.LG 2404.15786
cs.LG 2404.15794
cs.LG 2404.15805
cs.LG 2404.15817
cs.LG 2404.15822
cs.LG 2404.15829
cs.LG 2404.15834
cs.LG 2404.15848
cs.LG 2404.15854
cs.LG 2404.15879
cs.LG 2404.15880
cs.LG 2404.15903
cs.LG 2404.15949
cs.LG 2404.15954
cs.LG 2404.15959
cs.LG 2404.15967
cs.LG 2404.15979
cs.LG 2404.16000
cs.LG 2404.16017
cs.LG 2404.16023
cs.LG 2404.16030
cs.LG 2404.15379
cs.LG 2404.15380
cs.LG 2404.15381
cs.LG 2404.15382
cs.LG 2404.15384
cs.LG 2404.15386
cs.LG 2404.15388
cs.LG 2404.15390
cs.LG 2404.15392
cs.LG 2404.15409
cs.LG 2404.15417
cs.LG 2404.15418
cs.LG 2404.15471
cs.LG 2404.15503
cs.LG 2404.15518
cs.LG 2404.15585
cs.LG 2404.15593
cs.LG 2404.15595
cs.LG 2404.15598
cs.LG 2404.15617
cs.LG 2404.15622
cs.LG 2404.15625
cs.LG 2404.15656
cs.LG 2404.15657
cs.LG 2404.15673
cs.LG 2404.15691
cs.LG 2404.15692
cs.LG 2404.15704
cs.LG 2404.15729
cs.LG 2404.15731
cs.LG 2404.15744
cs.LG 2404.15757
cs.LG 2404.15760
cs.LG 2404.15766
cs.LG 2404.15772
cs.LG 2404.15778
cs.LG 2404.15784
cs.LG 2404.15804
cs.LG 2404.15806
cs.LG 2404.15814
cs.LG 2404.15821
cs.LG 2404.15833
cs.LG 2404.15836
cs.LG 2404.15899
cs.LG 2404.15919
cs.LG 2404.15943
cs.LG 2404.15993
cs.LG 2404.15999
cs.LG 2404.16005
cs.LG 2404.16014
cs.LG 2404.16032
cs.LG 2306.03664
cs.LG 2404.16037
cs.LG 2404.16041
cs.LG 2404.16049
cs.LG 2404.16064
cs.LG 2404.16066
cs.LG 2404.16068
cs.LG 2404.16072
cs.LG 2404.16076
cs.LG 2404.16077
cs.LG 2404.16078
cs.LG 2404.16115
cs.LG 2404.16131
cs.LG 2404.16133
cs.LG 2404.16134
cs.LG 2404.16137
cs.LG 2404.16141
cs.LG 2404.16155
cs.LG 2404.16156
cs.LG 2404.16158
cs.LG 2404.16164
cs.LG 2404.16174
cs.LG 2404.16177
cs.LG 2404.16193
cs.LG 2404.16196
cs.LG 2404.16212
cs.LG 2404.16218
cs.LG 2404.16260
cs.LG 2404.16280
cs.LG 2404.16281
cs.LG 2404.16283
cs.LG 2404.16287
cs.LG 2404.16292
cs.LG 2404.16317
cs.LG 2404.16324
cs.LG 2404.16328
cs.LG 2404.16356
cs.LG 2404.16367
cs.LG 2404.16397
cs.LG 2404.16417
cs.LG 2404.16436
cs.LG 2404.16519
cs.LG 2404.16522
cs.LG 2404.16553
cs.LG 2404.16560
cs.LG 2404.16564
cs.LG 2404.16630
cs.LG 2404.16647
cs.LG 2404.16660
cs.LG 2404.16676
cs.LG 2404.16706
cs.LG 2404.16710
cs.LG 2404.16718
cs.LG 2404.16721
cs.LG 2404.16804
cs.LG 2404.16814
cs.LG 2404.16823
cs.LG 2404.16828
cs.LG 2404.16109
cs.LG 2404.16112
cs.LG 2404.16127
cs.LG 2404.16154
cs.LG 2404.16159
cs.LG 2404.16168
cs.LG 2404.16179
cs.LG 2404.16180
cs.LG 2404.16183
cs.LG 2404.16188
cs.LG 2404.16233
cs.LG 2404.16277
cs.LG 2404.16300
cs.LG 2404.16307
cs.LG 2404.16326
cs.LG 2404.16336
cs.LG 2404.16361
cs.LG 2404.16366
cs.LG 2404.16399
cs.LG 2404.16444
cs.LG 2404.16468
cs.LG 2404.16495
cs.LG 2404.16496
cs.LG 2404.16505
cs.LG 2404.16532
cs.LG 2404.16549
cs.LG 2404.16551
cs.LG 2404.16616
cs.LG 2404.16621
cs.LG 2404.16638
cs.LG 2404.16656
cs.LG 2404.16663
cs.LG 2404.16724
cs.LG 2404.16726
cs.LG 2404.16767
cs.LG 2404.16779
cs.LG 2404.16789
cs.LG 2404.16792
cs.LG 2404.16795
cs.OS 2404.01363
cs.OS 2404.03245
cs.OS 2404.08716
cs.OS 2404.13886
cs.OS 2404.16393
cs.PL 2404.10952
cs.PL 2404.12603
cs.PL 2404.12608
cs.PL 2404.12747
cs.PL 2404.12934
cs.PL 2404.13359
cs.PL 2404.13672
cs.PL 2404.14223
cs.PL 2404.14340
cs.PL 2404.14370
cs.PL 2404.14385
cs.PL 2404.14580
cs.PL 2404.14662
cs.PL 2404.14921
cs.PL 2404.14924
cs.PL 2404.15204
cs.PL 2404.16333
cs.PL 2404.16041
cs.PL 2404.16062
cs.PL 2404.16075
cs.PL 2404.16077
cs.PL 2404.16143
cs.PL 2404.16213
cs.PL 2404.16381
cs.SE 2404.12747
cs.SE 2404.12837
cs.SE 2404.12893
cs.SE 2404.12576
cs.SE 2404.12621
cs.SE 2404.12636
cs.SE 2404.12736
cs.SE 2404.12737
cs.SE 2404.12772
cs.SE 2404.12833
cs.SE 2404.12892
cs.SE 2404.12932
cs.SE 2404.12941
cs.SE 2404.13672
cs.SE 2404.13971
cs.SE 2404.14299
cs.SE 2404.13295
cs.SE 2404.13340
cs.SE 2404.13462
cs.SE 2404.13464
cs.SE 2404.13630
cs.SE 2404.13945
cs.SE 2404.13951
cs.SE 2404.14029
cs.SE 2404.14030
cs.SE 2404.14097
cs.SE 2404.14251
cs.SE 2404.14273
cs.SE 2404.14296
cs.SE 2404.14356
cs.SE 2404.14364
cs.SE 2404.14370
cs.SE 2404.14580
cs.SE 2404.14662
cs.SE 2404.14870
cs.SE 2404.15215
cs.SE 2404.15247
cs.SE 2404.14419
cs.SE 2404.14448
cs.SE 2404.14459
cs.SE 2404.14637
cs.SE 2404.14646
cs.SE 2404.14710
cs.SE 2404.14823
cs.SE 2404.14824
cs.SE 2404.14871
cs.SE 2404.14877
cs.SE 2404.14901
cs.SE 2404.15093
cs.SE 2404.15236
cs.SE 2404.15317
cs.SE 2404.15596
cs.SE 2404.15687
cs.SE 2404.16075
cs.SE 2404.16243
cs.SE 2404.16632
cs.SE 2404.16663
cs.SE 2404.16297
cs.SE 2404.16333
cs.SE 2404.16395
cs.SE 2404.16457
cs.SE 2404.16565
cs.SE 2404.16630
cs.SE 2404.16644
cs.SE 2404.16688
cs.SE 2404.16737
cs.MA 2404.12474
cs.MA 2404.12570
cs.MA 2404.12626
cs.MA 2404.12824
cs.MA 2404.12441
cs.MA 2404.12983
cs.MA 2404.13142
cs.MA 2404.13179
cs.MA 2404.13381
cs.MA 2404.13468
cs.MA 2404.13669
cs.MA 2404.13954
cs.MA 2404.14388
cs.MA 2404.13096
cs.MA 2404.13654
cs.MA 2404.13982
cs.MA 2404.14357
cs.MA 2404.14418
cs.MA 2404.15273
cs.MA 2404.14789
cs.MA 2404.15137
cs.MA 2404.15488
cs.MA 2404.15532
cs.MA 2404.15597
cs.MA 2404.16045
cs.MA 2404.16240
cs.MA 2404.16312
cs.MA 2404.16376
cs.MA 2404.16379
cs.MA 2404.16388
cs.MA 2404.16162
cs.PF 2404.12674
cs.PF 2404.13454
cs.PF 2404.14193
cs.PF 2404.15153
cs.PF 2404.14926
cs.PF 2404.15821
cs.PF 2404.15888
cs.PF 2404.15752
cs.PF 2404.16219
cs.RO 2404.12441
cs.RO 2404.12474
cs.RO 2404.12504
cs.RO 2404.12524
cs.RO 2404.12548
cs.RO 2404.12770
cs.RO 2404.12794
cs.RO 2404.12867
cs.RO 2404.12440
cs.RO 2404.12455
cs.RO 2404.12539
cs.RO 2404.12570
cs.RO 2404.12594
cs.RO 2404.12617
cs.RO 2404.12624
cs.RO 2404.12627
cs.RO 2404.12683
cs.RO 2404.12717
cs.RO 2404.12773
cs.RO 2404.12785
cs.RO 2404.12824
cs.RO 2404.12909
cs.RO 2404.12963
cs.RO 2404.12970
cs.RO 2404.12995
cs.RO 2404.13027
cs.RO 2404.13034
cs.RO 2404.13051
cs.RO 2404.13443
cs.RO 2404.13456
cs.RO 2404.13691
cs.RO 2404.13821
cs.RO 2404.13915
cs.RO 2404.13949
cs.RO 2404.13973
cs.RO 2404.14022
cs.RO 2404.13135
cs.RO 2404.13143
cs.RO 2404.13166
cs.RO 2404.13191
cs.RO 2404.13206
cs.RO 2404.13288
cs.RO 2404.13346
cs.RO 2404.13378
cs.RO 2404.13432
cs.RO 2404.13440
cs.RO 2404.13458
cs.RO 2404.13474
cs.RO 2404.13478
cs.RO 2404.13499
cs.RO 2404.13532
cs.RO 2404.13583
cs.RO 2404.13600
cs.RO 2404.13626
cs.RO 2404.13652
cs.RO 2404.13678
cs.RO 2404.13696
cs.RO 2404.13697
cs.RO 2404.13698
cs.RO 2404.13742
cs.RO 2404.13755
cs.RO 2404.13767
cs.RO 2404.13852
cs.RO 2404.14071
cs.RO 2404.14077
cs.RO 2404.14080
cs.RO 2404.14095
cs.RO 2404.14100
cs.RO 2404.14117
cs.RO 2404.14139
cs.RO 2404.14157
cs.RO 2404.14167
cs.RO 2404.14281
cs.RO 2404.14285
cs.RO 2404.14327
cs.RO 2404.14405
cs.RO 2404.14602
cs.RO 2404.14965
cs.RO 2404.15137
cs.RO 2404.15190
cs.RO 2404.14546
cs.RO 2404.14547
cs.RO 2404.14625
cs.RO 2404.14647
cs.RO 2404.14649
cs.RO 2404.14724
cs.RO 2404.14735
cs.RO 2404.14819
cs.RO 2404.14848
cs.RO 2404.14894
cs.RO 2404.14968
cs.RO 2404.15001
cs.RO 2404.15030
cs.RO 2404.15096
cs.RO 2404.15131
cs.RO 2404.15194
cs.RO 2404.15256
cs.RO 2404.15700
cs.RO 2404.15709
cs.RO 2404.15410
cs.RO 2404.15472
cs.RO 2404.15524
cs.RO 2404.15557
cs.RO 2404.15602
cs.RO 2404.15626
cs.RO 2404.15648
cs.RO 2404.15696
cs.RO 2404.15726
cs.RO 2404.16008
cs.RO 2404.16027
cs.RO 2404.16139
cs.RO 2404.16216
cs.RO 2404.16302
cs.RO 2404.16312
cs.RO 2404.16379
cs.RO 2404.16423
cs.RO 2404.16558
cs.RO 2404.16579
cs.RO 2404.16779
cs.RO 2404.16138
cs.RO 2404.16147
cs.RO 2404.16163
cs.RO 2404.16309
cs.RO 2404.16370
cs.RO 2404.16388
cs.RO 2404.16483
cs.RO 2404.16500
cs.RO 2404.16529
cs.RO 2404.16672
cs.RO 2404.16705
cs.RO 2404.16768
cs.RO 2404.16823
cs.SD 2404.12725
cs.SD 2404.12979
cs.SD 2404.13008
cs.SD 2404.13140
cs.SD 2404.13289
cs.SD 2404.13821
cs.SD 2404.13286
cs.SD 2404.13358
cs.SD 2404.13428
cs.SD 2404.13509
cs.SD 2404.13551
cs.SD 2404.13568
cs.SD 2404.13569
cs.SD 2404.13789
cs.SD 2404.13892
cs.SD 2404.13914
cs.SD 2404.14063
cs.SD 2404.14564
cs.SD 2404.14700
cs.SD 2404.14716
cs.SD 2404.14736
cs.SD 2404.14860
cs.SD 2404.14903
cs.SD 2404.14913
cs.SD 2404.15168
cs.SD 2404.15176
cs.SD 2404.15208
cs.SD 2404.14771
cs.SD 2404.14946
cs.SD 2404.15143
cs.SD 2404.15160
cs.SD 2404.15181
cs.SD 2404.15321
cs.SD 2404.15704
cs.SD 2404.15854
cs.SD 2404.15637
cs.SD 2404.13101
cs.SD 2404.16104
cs.SD 2404.16216
cs.SD 2404.16305
cs.SD 2404.16547
cs.SD 2404.16743
cs.SD 2404.16259
cs.SD 2404.16436
cs.SD 2404.16619
cs.NI 2404.12633
cs.NI 2404.12757
cs.NI 2404.12468
cs.NI 2404.12492
cs.NI 2404.12529
cs.NI 2404.12584
cs.NI 2404.12689
cs.NI 2404.12713
cs.NI 2404.12738
cs.NI 2404.12813
cs.NI 2404.12816
cs.NI 2404.12901
cs.NI 2404.13804
cs.NI 2404.13853
cs.NI 2404.14193
cs.NI 2404.13158
cs.NI 2404.13197
cs.NI 2404.13242
cs.NI 2404.13308
cs.NI 2404.13348
cs.NI 2404.13411
cs.NI 2404.13460
cs.NI 2404.13468
cs.NI 2404.13488
cs.NI 2404.13598
cs.NI 2404.13639
cs.NI 2404.13665
cs.NI 2404.13749
cs.NI 2404.13898
cs.NI 2404.13991
cs.NI 2404.14143
cs.NI 2404.14190
cs.NI 2404.14204
cs.NI 2404.14236
cs.NI 2404.14238
cs.NI 2404.14333
cs.NI 2404.14389
cs.NI 2404.14586
cs.NI 2404.14643
cs.NI 2404.14738
cs.NI 2404.15074
cs.NI 2404.14497
cs.NI 2404.14826
cs.NI 2404.14925
cs.NI 2404.14935
cs.NI 2404.15068
cs.NI 2404.15091
cs.NI 2404.15197
cs.NI 2404.15229
cs.NI 2404.15243
cs.NI 2404.15278
cs.NI 2404.15337
cs.NI 2404.15370
cs.NI 2404.15382
cs.NI 2404.15756
cs.NI 2404.15858
cs.NI 2404.16009
cs.NI 2404.15623
cs.NI 2404.15684
cs.NI 2404.15857
cs.NI 2404.15869
cs.NI 2312.07896
cs.NI 2404.15076
cs.NI 2404.16117
cs.NI 2404.16120
cs.NI 2404.16204
cs.NI 2404.16463
cs.NI 2404.16210
cs.NI 2404.16275
cs.NI 2404.16281
cs.NI 2404.16356
cs.NI 2404.16508
cs.NI 2404.16527
cs.NI 2404.16787
cs.SY 2404.12441
cs.SY 2404.12474
cs.SY 2404.12498
cs.SY 2404.12598
cs.SY 2404.12554
cs.SY 2404.12651
cs.SY 2404.12695
cs.SY 2404.12769
cs.SY 2404.12774
cs.SY 2404.12780
cs.SY 2404.12807
cs.SY 2404.12818
cs.SY 2404.12825
cs.SY 2404.12863
cs.SY 2404.12870
cs.SY 2404.13138
cs.SY 2404.13298
cs.SY 2404.13321
cs.SY 2404.13371
cs.SY 2404.13454
cs.SY 2404.13456
cs.SY 2404.13529
cs.SY 2404.13626
cs.SY 2404.13673
cs.SY 2404.13681
cs.SY 2404.13742
cs.SY 2404.13804
cs.SY 2404.14030
cs.SY 2404.13051
cs.SY 2404.13080
cs.SY 2404.13142
cs.SY 2404.13258
cs.SY 2404.13325
cs.SY 2404.13376
cs.SY 2404.13391
cs.SY 2404.13714
cs.SY 2404.13748
cs.SY 2404.13786
cs.SY 2404.13890
cs.SY 2404.13937
cs.SY 2404.13941
cs.SY 2404.14012
cs.SY 2404.14048
cs.SY 2404.14110
cs.SY 2404.14114
cs.SY 2404.14319
cs.SY 2404.14371
cs.SY 2404.14386
cs.SY 2404.14547
cs.SY 2404.14647
cs.SY 2404.14799
cs.SY 2404.15099
cs.SY 2404.15229
cs.SY 2404.15256
cs.SY 2404.15262
cs.SY 2404.14452
cs.SY 2404.14557
cs.SY 2404.14583
cs.SY 2404.14596
cs.SY 2404.14602
cs.SY 2404.14713
cs.SY 2404.14729
cs.SY 2404.14738
cs.SY 2404.14767
cs.SY 2404.14804
cs.SY 2404.14915
cs.SY 2404.15005
cs.SY 2404.15076
cs.SY 2404.15098
cs.SY 2404.04879
cs.SY 2404.15324
cs.SY 2404.15360
cs.SY 2404.15368
cs.SY 2404.15446
cs.SY 2404.15575
cs.SY 2404.15798
cs.SY 2404.15512
cs.SY 2404.15533
cs.SY 2404.15584
cs.SY 2404.15609
cs.SY 2404.15796
cs.SY 2404.15951
cs.SY 2404.15958
cs.SY 2404.15962
cs.SY 2404.15978
cs.SY 2404.16240
cs.SY 2404.16269
cs.SY 2404.16357
cs.SY 2404.16376
cs.SY 2404.16408
cs.SY 2404.16424
cs.SY 2404.16468
cs.SY 2404.16500
cs.SY 2404.16712
cs.SY 2404.16113
cs.SY 2404.16134
cs.SY 2404.16282
cs.SY 2404.16312
cs.SY 2404.16318
cs.SY 2404.16391
cs.SY 2404.16412
cs.SY 2404.16502
cs.SY 2404.16514
cs.SY 2404.16592
cs.SY 2404.16646
cs.SY 2404.16727
cs.SI 2404.12394
cs.SI 2404.12983
cs.SI 2404.12871
cs.SI 2404.13468
cs.SI 2404.14061
cs.SI 2404.14240
cs.SI 2404.14243
cs.SI 2404.14244
cs.SI 2404.13127
cs.SI 2404.13156
cs.SI 2404.13219
cs.SI 2404.13267
cs.SI 2404.13595
cs.SI 2404.13812
cs.SI 2404.14643
cs.SI 2404.14928
cs.SI 2404.14418
cs.SI 2404.14432
cs.SI 2404.14616
cs.SI 2404.14668
cs.SI 2404.14692
cs.SI 2404.14977
cs.SI 2404.15070
cs.SI 2404.15208
cs.SI 2404.14997
cs.SI 2404.15986
cs.SI 2404.15457
cs.SI 2404.15509
cs.SI 2404.15612
cs.SI 2404.15630
cs.SI 2404.15631
cs.SI 2404.15925
cs.SI 2404.16066
cs.SI 2404.16131
cs.SI 2404.16076
cs.SI 2404.16240
cs.SI 2404.16464
cs.SI 2404.16572
cs.SC 2404.10839
cs.SC 2404.10906
cs.SC 2404.13042
cs.SC 2404.13672
cs.SC 2404.13419
cs.SC 2404.14973
cs.SC 2404.16361
stat.ML 2404.12396
stat.ML 2404.12408
stat.ML 2404.12418
stat.ML 2404.12534
stat.ML 2404.12544
stat.ML 2404.12592
stat.ML 2404.12597
stat.ML 2404.12648
stat.ML 2404.13016
stat.ML 2404.12478
stat.ML 2404.12481
stat.ML 2404.12484
stat.ML 2404.12586
stat.ML 2404.12613
stat.ML 2404.12862
stat.ML 2404.12923
stat.ML 2404.12940
stat.ML 2404.13056
stat.ML 2404.13404
stat.ML 2404.13500
stat.ML 2404.13503
stat.ML 2404.13522
stat.ML 2404.13663
stat.ML 2404.13698
stat.ML 2404.14076
stat.ML 2404.14121
stat.ML 2404.14202
stat.ML 2404.14328
stat.ML 2404.13147
stat.ML 2404.13198
stat.ML 2404.13240
stat.ML 2404.13309
stat.ML 2404.13557
stat.ML 2404.13649
stat.ML 2404.13731
stat.ML 2404.14276
stat.ML 2404.14689
stat.ML 2404.14758
stat.ML 2404.14857
stat.ML 2404.15018
stat.ML 2404.15209
stat.ML 2404.15225
stat.ML 2404.15253
stat.ML 2404.15258
stat.ML 2404.14460
stat.ML 2404.14743
stat.ML 2404.14873
stat.ML 2404.15296
stat.ML 2404.15328
stat.ML 2404.15343
stat.ML 2404.15344
stat.ML 2404.15378
stat.ML 2404.15409
stat.ML 2404.15417
stat.ML 2404.15691
stat.ML 2404.15760
stat.ML 2404.15466
stat.ML 2404.15618
stat.ML 2404.15746
stat.ML 2404.15967
stat.ML 2404.16127
stat.ML 2404.16168
stat.ML 2404.16188
stat.ML 2404.16277
stat.ML 2404.16444
stat.ML 2404.16610
stat.ML 2404.16746
stat.ML 2404.16287
stat.ML 2404.16328
stat.ML 2404.16560
stat.AP 2404.12396
stat.AP 2404.12463
stat.AP 2404.12499
stat.AP 2404.12812
stat.AP 2404.12968
stat.AP 2404.12553
stat.AP 2404.12583
stat.AP 2404.12610
stat.AP 2404.12657
stat.AP 2404.13177
stat.AP 2404.13442
stat.AP 2404.13707
stat.AP 2404.13834
stat.AP 2404.13986
stat.AP 2404.14019
stat.AP 2404.14141
stat.AP 2404.14275
stat.AP 2404.14337
stat.AP 2404.13204
stat.AP 2404.13321
stat.AP 2404.15207
stat.AP 2404.14857
stat.AP 2404.14895
stat.AP 2404.15227
stat.AP 2404.15368
stat.AP 2404.15440
stat.AP 2404.15495
stat.AP 2404.15572
stat.AP 2404.15589
stat.AP 2404.15722
stat.AP 2404.16023
stat.AP 2404.16165
stat.AP 2404.16166
stat.AP 2404.16209
stat.AP 2404.16444
stat.AP 2404.16496
stat.AP 2404.16775
stat.AP 2404.16590
math.OC 2404.12441
math.OC 2404.12589
math.OC 2404.12831
math.OC 2404.12949
math.OC 2404.12540
math.OC 2404.12574
math.OC 2404.12640
math.OC 2404.12672
math.OC 2404.12793
math.OC 2404.12828
math.OC 2404.12838
math.OC 2404.13009
math.OC 2404.13021
math.OC 2404.13181
math.OC 2404.13391
math.OC 2404.13392
math.OC 2404.13752
math.OC 2404.14008
math.OC 2404.13059
math.OC 2404.13073
math.OC 2404.13228
math.OC 2404.13283
math.OC 2404.13301
math.OC 2404.13316
math.OC 2404.13328
math.OC 2404.13371
math.OC 2404.13382
math.OC 2404.13422
math.OC 2404.13512
math.OC 2404.13529
math.OC 2404.13616
math.OC 2404.13662
math.OC 2404.13669
math.OC 2404.13681
math.OC 2404.13716
math.OC 2404.13831
math.OC 2404.13832
math.OC 2404.13912
math.OC 2404.13915
math.OC 2404.13967
math.OC 2404.14111
math.OC 2404.14257
math.OC 2404.14358
math.OC 2404.14384
math.OC 2404.14875
math.OC 2404.14440
math.OC 2404.14458
math.OC 2404.14524
math.OC 2404.14554
math.OC 2404.14655
math.OC 2404.14683
math.OC 2404.14758
math.OC 2404.14800
math.OC 2404.14806
math.OC 2404.14820
math.OC 2404.14845
math.OC 2404.14853
math.OC 2404.15051
math.OC 2404.15079
math.OC 2404.15261
math.OC 2404.15273
math.OC 2404.15302
math.OC 2404.15546
math.OC 2404.15617
math.OC 2404.15797
math.OC 2404.15359
math.OC 2404.15570
math.OC 2404.15571
math.OC 2404.15581
math.OC 2404.15688
math.OC 2404.15710
math.OC 2404.16505
math.OC 2404.16560
math.OC 2404.16699
math.OC 2404.16784
math.OC 2404.16252
math.OC 2404.16269
math.OC 2404.16273
math.OC 2404.16410
math.OC 2404.16580
math.OC 2404.16604
math.OC 2404.16649
math.OC 2404.16712
math.OC 2404.16731
math.OC 2404.16826
eess.IV 2404.12501
eess.IV 2404.12794
eess.IV 2404.12804
eess.IV 2404.12841
eess.IV 2404.12887
eess.IV 2404.12908
eess.IV 2404.13024
eess.IV 2404.12405
eess.IV 2404.12415
eess.IV 2404.12533
eess.IV 2404.12650
eess.IV 2404.12958
eess.IV 2404.12973
eess.IV 2404.12986
eess.IV 2404.13000
eess.IV 2404.13018
eess.IV 2404.13159
eess.IV 2404.13252
eess.IV 2404.13279
eess.IV 2404.13550
eess.IV 2404.13605
eess.IV 2404.13640
eess.IV 2404.13677
eess.IV 2404.14132
eess.IV 2404.13097
eess.IV 2404.13098
eess.IV 2404.13101
eess.IV 2404.13102
eess.IV 2404.13103
eess.IV 2404.13106
eess.IV 2404.13108
eess.IV 2404.13153
eess.IV 2404.13185
eess.IV 2404.13222
eess.IV 2404.13277
eess.IV 2404.13330
eess.IV 2404.13372
eess.IV 2404.13386
eess.IV 2404.13388
eess.IV 2404.13452
eess.IV 2404.13484
eess.IV 2404.13537
eess.IV 2404.13693
eess.IV 2404.13704
eess.IV 2404.13756
eess.IV 2404.13884
eess.IV 2404.13905
eess.IV 2404.13929
eess.IV 2404.14188
eess.IV 2404.14322
eess.IV 2404.14435
eess.IV 2404.14441
eess.IV 2404.14693
eess.IV 2404.14709
eess.IV 2404.14712
eess.IV 2404.14944
eess.IV 2404.14990
eess.IV 2404.15009
eess.IV 2404.15163
eess.IV 2404.15212
eess.IV 2404.15274
eess.IV 2404.14434
eess.IV 2404.14533
eess.IV 2404.14837
eess.IV 2404.15585
eess.IV 2404.15591
eess.IV 2404.15621
eess.IV 2404.15692
eess.IV 2404.15774
eess.IV 2404.15781
eess.IV 2404.15946
eess.IV 2404.15992
eess.IV 2404.15287
eess.IV 2404.15293
eess.IV 2404.15339
eess.IV 2404.15394
eess.IV 2404.15620
eess.IV 2404.15718
eess.IV 2404.15786
eess.IV 2404.15918
eess.IV 2404.16049
eess.IV 2404.16112
eess.IV 2404.16193
eess.IV 2404.16223
eess.IV 2404.16302
eess.IV 2404.16409
eess.IV 2404.16484
eess.IV 2404.16825
eess.IV 2404.16080
eess.IV 2404.16346
eess.IV 2404.16397
eess.IV 2404.16522
eess.IV 2404.16544
eess.IV 2404.16564
eess.IV 2404.16708
eess.IV 2404.16718
eess.IV 2404.16802
stat.TH 2404.12597
stat.TH 2404.12696
stat.TH 2404.12828
stat.TH 2404.12862
stat.TH 2404.12949
stat.TH 2404.12483
stat.TH 2404.12684
stat.TH 2404.12685
stat.TH 2404.12692
stat.TH 2404.12889
stat.TH 2404.12943
stat.TH 2404.13355
stat.TH 2404.14136
stat.TH 2404.13248
stat.TH 2404.13822
stat.TH 2404.13960
stat.TH 2404.14227
stat.TH 2404.14229
stat.TH 2404.14888
stat.TH 2404.15060
stat.TH 2404.15253
stat.TH 2404.15258
stat.TH 2404.14751
stat.TH 2404.15170
stat.TH 2404.15302
stat.TH 2404.15617
stat.TH 2404.15454
stat.TH 2404.15484
stat.TH 2404.15649
stat.TH 2404.15654
stat.TH 2404.15764
stat.TH 2404.15797
stat.TH 2404.15843
stat.TH 2404.16287
stat.TH 2404.16519
stat.TH 2404.16746
stat.TH 2404.16228
stat.TH 2404.16598
stat.TH 2404.16742
stat.CO 2404.12484
stat.CO 2404.12589
stat.CO 2404.12756
stat.CO 2404.12556
stat.CO 2404.12967
stat.CO 2404.13056
stat.CO 2404.13204
stat.CO 2404.13339
stat.CO 2404.13497
stat.CO 2404.13986
stat.CO 2404.14149
stat.CO 2404.13164
stat.CO 2404.13302
stat.CO 2404.14328
stat.CO 2404.14534
stat.CO 2404.14882
stat.CO 2404.15133
stat.CO 2404.15253
stat.CO 2404.15606
stat.CO 2404.15649
stat.CO 2404.16209
stat.CO 2404.16490
stat.CO 2404.16583
stat.CO 2404.16528
math.PR 2404.12418
math.PR 2404.12928
math.PR 2404.12472
math.PR 2404.12566
math.PR 2404.12589
math.PR 2404.12740
math.PR 2404.12764
math.PR 2404.12949
math.PR 2404.12964
math.PR 2404.12985
math.PR 2404.13014
math.PR 2404.13416
math.PR 2404.13429
math.PR 2404.13644
math.PR 2404.13668
math.PR 2404.13822
math.PR 2404.13866
math.PR 2404.13975
math.PR 2404.14020
math.PR 2404.14229
math.PR 2404.14253
math.PR 2404.13117
math.PR 2404.13444
math.PR 2404.13469
math.PR 2404.13490
math.PR 2404.13641
math.PR 2404.13651
math.PR 2404.13709
math.PR 2404.13718
math.PR 2404.13729
math.PR 2404.13730
math.PR 2404.13795
math.PR 2404.14059
math.PR 2404.14144
math.PR 2404.14648
math.PR 2404.14751
math.PR 2404.14793
math.PR 2404.14803
math.PR 2404.14842
math.PR 2404.14950
math.PR 2404.15049
math.PR 2404.15079
math.PR 2404.15167
math.PR 2404.15191
math.PR 2404.15205
math.PR 2404.15261
math.PR 2404.14539
math.PR 2404.14798
math.PR 2404.14884
math.PR 2404.14888
math.PR 2404.14902
math.PR 2404.14972
math.PR 2404.14978
math.PR 2404.15124
math.PR 2404.15258
math.PR 2404.15434
math.PR 2404.15483
math.PR 2404.15490
math.PR 2404.15623
math.PR 2404.15645
math.PR 2404.15725
math.PR 2404.15853
math.PR 2404.15651
math.PR 2404.15779
math.PR 2404.16021
math.PR 2404.16034
math.PR 2404.15941
math.PR 2404.16320
math.PR 2404.16584
math.PR 2404.16605
math.PR 2404.16108
math.PR 2404.16157
math.PR 2404.16485
math.PR 2404.16615
math.PR 2404.16642
math.PR 2404.16679
math.PR 2404.16756
math.PR 2404.16800
math.PR 2404.16801
eess.AS 2404.12725
eess.AS 2404.12979
eess.AS 2404.13008
eess.AS 2404.13116
eess.AS 2404.13140
eess.AS 2404.13286
eess.AS 2404.13289
eess.AS 2404.13358
eess.AS 2404.13362
eess.AS 2404.13418
eess.AS 2404.13428
eess.AS 2404.13509
eess.AS 2404.13551
eess.AS 2404.13568
eess.AS 2404.13569
eess.AS 2404.13789
eess.AS 2404.13821
eess.AS 2404.13892
eess.AS 2404.13914
eess.AS 2404.14063
eess.AS 2404.14716
eess.AS 2404.14736
eess.AS 2404.14946
eess.AS 2404.15143
eess.AS 2404.15181
eess.AS 2404.15208
eess.AS 2404.14564
eess.AS 2404.14700
eess.AS 2404.14860
eess.AS 2404.14903
eess.AS 2404.14913
eess.AS 2404.15168
eess.AS 2404.15176
eess.AS 2404.15321
eess.AS 2404.15637
eess.AS 2404.15704
eess.AS 2404.15854
eess.AS 2404.16216
eess.AS 2404.16259
eess.AS 2404.16305
eess.AS 2404.16407
eess.AS 2404.16436
eess.AS 2404.16619
eess.AS 2404.16743
eess.AS 2404.16104
eess.AS 2404.16547
eess.SP 2404.12584
eess.SP 2404.12604
eess.SP 2404.12613
eess.SP 2404.12771
eess.SP 2404.12786
eess.SP 2404.12813
eess.SP 2404.12595
eess.SP 2404.12629
eess.SP 2404.12705
eess.SP 2404.12752
eess.SP 2404.12830
eess.SP 2404.12874
eess.SP 2404.13098
eess.SP 2404.13278
eess.SP 2404.13279
eess.SP 2404.13392
eess.SP 2404.13494
eess.SP 2404.13536
eess.SP 2404.13598
eess.SP 2404.13603
eess.SP 2404.13875
eess.SP 2404.14019
eess.SP 2404.14036
eess.SP 2404.14092
eess.SP 2404.14143
eess.SP 2404.13116
eess.SP 2404.13281
eess.SP 2404.13315
eess.SP 2404.13399
eess.SP 2404.13673
eess.SP 2404.13918
eess.SP 2404.13920
eess.SP 2404.13955
eess.SP 2404.14140
eess.SP 2404.14206
eess.SP 2404.14211
eess.SP 2404.14269
eess.SP 2404.14497
eess.SP 2404.14514
eess.SP 2404.14594
eess.SP 2404.14706
eess.SP 2404.14778
eess.SP 2404.14874
eess.SP 2404.15170
eess.SP 2404.15243
eess.SP 2404.14811
eess.SP 2404.14862
eess.SP 2404.14879
eess.SP 2404.14954
eess.SP 2404.14960
eess.SP 2404.15099
eess.SP 2404.15262
eess.SP 2404.15296
eess.SP 2404.15469
eess.SP 2404.15530
eess.SP 2404.15643
eess.SP 2404.15939
eess.SP 2404.15968
eess.SP 2404.15999
eess.SP 2404.16005
eess.SP 2404.16009
eess.SP 2404.15278
eess.SP 2404.15279
eess.SP 2404.15284
eess.SP 2404.15289
eess.SP 2404.15290
eess.SP 2404.15292
eess.SP 2404.15294
eess.SP 2404.15297
eess.SP 2404.15302
eess.SP 2404.15305
eess.SP 2404.15307
eess.SP 2404.15308
eess.SP 2404.15309
eess.SP 2404.15311
eess.SP 2404.15312
eess.SP 2404.15314
eess.SP 2404.15319
eess.SP 2404.15321
eess.SP 2404.15323
eess.SP 2404.15324
eess.SP 2404.15326
eess.SP 2404.15327
eess.SP 2404.15328
eess.SP 2404.15329
eess.SP 2404.15330
eess.SP 2404.15331
eess.SP 2404.15332
eess.SP 2404.15333
eess.SP 2404.15334
eess.SP 2404.15335
eess.SP 2404.15336
eess.SP 2404.15337
eess.SP 2404.15340
eess.SP 2404.15341
eess.SP 2404.15342
eess.SP 2404.15343
eess.SP 2404.15344
eess.SP 2404.15346
eess.SP 2404.15347
eess.SP 2404.15348
eess.SP 2404.15349
eess.SP 2404.15350
eess.SP 2404.15351
eess.SP 2404.15352
eess.SP 2404.15353
eess.SP 2404.15354
eess.SP 2404.15360
eess.SP 2404.15364
eess.SP 2404.15366
eess.SP 2404.15367
eess.SP 2404.15368
eess.SP 2404.15370
eess.SP 2404.15371
eess.SP 2404.15373
eess.SP 2404.15374
eess.SP 2404.15375
eess.SP 2404.15508
eess.SP 2404.15750
eess.SP 2404.15761
eess.SP 2404.15798
eess.SP 2404.15830
eess.SP 2404.15880
eess.SP 2404.15936
eess.SP 2404.15961
eess.SP 2404.16049
eess.SP 2404.16065
eess.SP 2404.16137
eess.SP 2404.16152
eess.SP 2404.16275
eess.SP 2404.16289
eess.SP 2404.16324
eess.SP 2404.16327
eess.SP 2404.16394
eess.SP 2404.16504
eess.SP 2404.16527
eess.SP 2404.16611
eess.SP 2404.16165
eess.SP 2404.16253
eess.SP 2404.16476
eess.SP 2404.16481
eess.SP 2404.16607
math.DS 2404.12396
math.DS 2404.12562
math.DS 2404.12727
math.DS 2404.12776
math.DS 2404.13088
math.DS 2404.13644
math.DS 2404.13727
math.DS 2404.14284
math.DS 2404.13429
math.DS 2404.13572
math.DS 2404.13642
math.DS 2404.13656
math.DS 2404.13717
math.DS 2404.13931
math.DS 2404.14031
math.DS 2404.14156
math.DS 2404.14688
math.DS 2404.14798
math.DS 2404.14987
math.DS 2404.15139
math.DS 2404.14614
math.DS 2404.14654
math.DS 2404.15315
math.DS 2404.15887
math.DS 2404.15476
math.DS 2404.15699
math.DS 2404.16024
math.DS 2404.16252
math.DS 2404.16430
math.DS 2404.16444
math.DS 2404.16649
math.DS 2404.16810
math.DS 2404.16749
math.DS 2404.16758
math.DS 2404.16760
