cs.LG 2403.04769
cs.LG 2403.04770
cs.LG 2403.04781
cs.LG 2403.04784
cs.LG 2403.04789
cs.LG 2403.04791
cs.LG 2403.04792
cs.LG 2403.04795
cs.LG 2403.04797
cs.LG 2403.04798
cs.LG 2403.04800
cs.LG 2403.04803
cs.LG 2403.04804
cs.LG 2403.04808
cs.LG 2403.04809
cs.LG 2403.04811
cs.LG 2403.04814
cs.LG 2403.04822
cs.LG 2403.04867
cs.LG 2403.04875
cs.LG 2403.04883
cs.LG 2403.04884
cs.LG 2403.04919
cs.LG 2403.04940
cs.LG 2403.04945
cs.LG 2403.04960
cs.LG 2403.04962
cs.LG 2403.04990
cs.LG 2403.05004
cs.LG 2403.05024
cs.LG 2403.05030
cs.LG 2403.05034
cs.LG 2403.05045
cs.LG 2403.05054
cs.LG 2403.05069
cs.LG 2403.05100
cs.LG 2403.05110
cs.LG 2403.05119
cs.LG 2403.05122
cs.LG 2403.05133
cs.LG 2403.05134
cs.LG 2403.05138
cs.LG 2403.05185
cs.LG 2403.05220
cs.LG 2403.05239
cs.LG 2403.05249
cs.LG 2403.05256
cs.LG 2403.05266
cs.LG 2403.05268
cs.LG 2403.05318
cs.LG 2403.05340
cs.LG 2403.05353
cs.LG 2403.05358
cs.LG 2403.05365
cs.LG 2403.05368
cs.LG 2403.05396
cs.LG 2403.05440
cs.LG 2403.05441
cs.LG 2403.05452
cs.LG 2403.05465
cs.LG 2403.04778
cs.LG 2403.04783
cs.LG 2403.04793
cs.LG 2403.04805
cs.LG 2403.04807
cs.LG 2403.04810
cs.LG 2403.04812
cs.LG 2403.04818
cs.LG 2403.04847
cs.LG 2403.04861
cs.LG 2403.04882
cs.LG 2403.04923
cs.LG 2403.04929
cs.LG 2403.04937
cs.LG 2403.04978
cs.LG 2403.05006
cs.LG 2403.05014
cs.LG 2403.05026
cs.LG 2403.05033
cs.LG 2403.05064
cs.LG 2403.05066
cs.LG 2403.05075
cs.LG 2403.05106
cs.LG 2403.05123
cs.LG 2403.05158
cs.LG 2403.05164
cs.LG 2403.05171
cs.LG 2403.05174
cs.LG 2403.05175
cs.LG 2403.05181
cs.LG 2403.05196
cs.LG 2403.05209
cs.LG 2403.05235
cs.LG 2403.05290
cs.LG 2403.05293
cs.LG 2403.05300
cs.LG 2403.05385
cs.LG 2403.05395
cs.LG 2403.05406
cs.LG 2403.05446
cs.LG 2403.05490
cs.LG 2403.05527
cs.LG 2403.05529
cs.LG 2403.05532
cs.LG 2402.11140
cs.LG 2403.04261
cs.LG 2403.04837
cs.LG 2403.05540
cs.LG 2403.05541
cs.LG 2403.05546
cs.LG 2403.05547
cs.LG 2403.05548
cs.LG 2403.05552
cs.LG 2403.05553
cs.LG 2403.05555
cs.LG 2403.05556
cs.LG 2403.05557
cs.LG 2403.05559
cs.LG 2403.05571
cs.LG 2403.05573
cs.LG 2403.05578
cs.LG 2403.05581
cs.LG 2403.05591
cs.LG 2403.05595
cs.LG 2403.05598
cs.LG 2403.05602
cs.LG 2403.05618
cs.LG 2403.05645
cs.LG 2403.05666
cs.LG 2403.05669
cs.LG 2403.05681
cs.LG 2403.05683
cs.LG 2403.05715
cs.LG 2403.05720
cs.LG 2403.05732
cs.LG 2403.05743
cs.LG 2403.05750
cs.LG 2403.05756
cs.LG 2403.05763
cs.LG 2403.05765
cs.LG 2403.05783
cs.LG 2403.05809
cs.LG 2403.05811
cs.LG 2403.05873
cs.LG 2403.05879
cs.LG 2403.05899
cs.LG 2403.05931
cs.LG 2403.05949
cs.LG 2403.05963
cs.LG 2403.05966
cs.LG 2403.05973
cs.LG 2403.06003
cs.LG 2403.06015
cs.LG 2403.06018
cs.LG 2403.06021
cs.LG 2403.06023
cs.LG 2403.06024
cs.LG 2403.06041
cs.LG 2403.06048
cs.LG 2403.06054
cs.LG 2403.06056
cs.LG 2403.06060
cs.LG 2403.06066
cs.LG 2403.06069
cs.LG 2403.06088
cs.LG 2403.06100
cs.LG 2403.06135
cs.LG 2403.06153
cs.LG 2403.06173
cs.LG 2403.06197
cs.LG 2403.06201
cs.LG 2403.06251
cs.LG 2403.06259
cs.LG 2403.06265
cs.LG 2403.06268
cs.LG 2403.06275
cs.LG 2403.06279
cs.LG 2403.06289
cs.LG 2403.06302
cs.LG 2403.06315
cs.LG 2403.06326
cs.LG 2403.06338
cs.LG 2403.06342
cs.LG 2403.06382
cs.LG 2403.06388
cs.LG 2403.06402
cs.LG 2403.06404
cs.LG 2403.06420
cs.LG 2403.06424
cs.LG 2403.06456
cs.LG 2403.06482
cs.LG 2403.06485
cs.LG 2403.06499
cs.LG 2403.06503
cs.LG 2403.06534
cs.LG 2403.06545
cs.LG 2403.06546
cs.LG 2403.06557
cs.LG 2403.06606
cs.LG 2403.06612
cs.LG 2403.06645
cs.LG 2403.06659
cs.LG 2403.06664
cs.LG 2403.06671
cs.LG 2403.06672
cs.LG 2403.06725
cs.LG 2403.06731
cs.LG 2403.06748
cs.LG 2403.06750
cs.LG 2403.06754
cs.LG 2403.06759
cs.LG 2403.06798
cs.LG 2403.06816
cs.LG 2403.06817
cs.LG 2403.06843
cs.LG 2403.06873
cs.LG 2403.06874
cs.LG 2403.06888
cs.LG 2403.06890
cs.LG 2403.06901
cs.LG 2403.06910
cs.LG 2403.06940
cs.LG 2403.06942
cs.LG 2403.06952
cs.LG 2403.06955
cs.LG 2403.06963
cs.LG 2403.06973
cs.LG 2403.05600
cs.LG 2403.05601
cs.LG 2403.05606
cs.LG 2403.05610
cs.LG 2403.05612
cs.LG 2403.05652
cs.LG 2403.05693
cs.LG 2403.05713
cs.LG 2403.05726
cs.LG 2403.05738
cs.LG 2403.05751
cs.LG 2403.05752
cs.LG 2403.05754
cs.LG 2403.05759
cs.LG 2403.05767
cs.LG 2403.05778
cs.LG 2403.05786
cs.LG 2403.05798
cs.LG 2403.05818
cs.LG 2403.05821
cs.LG 2403.05822
cs.LG 2403.05848
cs.LG 2403.05864
cs.LG 2403.05882
cs.LG 2403.05890
cs.LG 2403.05918
cs.LG 2403.05979
cs.LG 2403.05996
cs.LG 2403.06009
cs.LG 2403.06011
cs.LG 2403.06013
cs.LG 2403.06014
cs.LG 2403.06017
cs.LG 2403.06020
cs.LG 2403.06026
cs.LG 2403.06027
cs.LG 2403.06031
cs.LG 2403.06033
cs.LG 2403.06064
cs.LG 2403.06079
cs.LG 2403.06080
cs.LG 2403.06082
cs.LG 2403.06087
cs.LG 2403.06174
cs.LG 2403.06183
cs.LG 2403.06230
cs.LG 2403.06235
cs.LG 2403.06239
cs.LG 2403.06298
cs.LG 2403.06311
cs.LG 2403.06313
cs.LG 2403.06319
cs.LG 2403.06323
cs.LG 2403.06328
cs.LG 2403.06366
cs.LG 2403.06367
cs.LG 2403.06392
cs.LG 2403.06397
cs.LG 2403.06398
cs.LG 2403.06408
cs.LG 2403.06419
cs.LG 2403.06425
cs.LG 2403.06432
cs.LG 2403.06458
cs.LG 2403.06466
cs.LG 2403.06489
cs.LG 2403.06524
cs.LG 2403.06528
cs.LG 2403.06535
cs.LG 2403.06560
cs.LG 2403.06563
cs.LG 2403.06569
cs.LG 2403.06571
cs.LG 2403.06576
cs.LG 2403.06586
cs.LG 2403.06631
cs.LG 2403.06643
cs.LG 2403.06644
cs.LG 2403.06668
cs.LG 2403.06677
cs.LG 2403.06687
cs.LG 2403.06726
cs.LG 2403.06757
cs.LG 2403.06768
cs.LG 2403.06771
cs.LG 2403.06797
cs.LG 2403.06806
cs.LG 2403.06807
cs.LG 2403.06812
cs.LG 2403.06814
cs.LG 2403.06826
cs.LG 2403.06829
cs.LG 2403.06833
cs.LG 2403.06854
cs.LG 2403.06860
cs.LG 2403.06869
cs.LG 2403.06870
cs.LG 2403.06871
cs.LG 2403.06880
cs.LG 2403.06903
cs.LG 2403.06906
cs.LG 2403.06925
cs.LG 2403.06936
cs.LG 2403.06966
cs.LG 2403.06971
cs.LG 2403.06992
cs.LG 2403.06993
cs.LG 2403.06994
cs.LG 2403.07003
cs.LG 2403.07004
cs.LG 2403.07005
cs.LG 2403.07013
cs.LG 2403.07025
cs.LG 2403.07026
cs.LG 2403.07035
cs.LG 2403.07059
cs.LG 2403.07066
cs.LG 2403.07092
cs.LG 2403.07105
cs.LG 2403.07113
cs.LG 2403.07128
cs.LG 2403.07132
cs.LG 2403.07137
cs.LG 2403.07142
cs.LG 2403.07143
cs.LG 2403.07148
cs.LG 2403.07183
cs.LG 2403.07194
cs.LG 2403.07207
cs.LG 2403.07216
cs.LG 2403.07218
cs.LG 2403.07230
cs.LG 2403.07232
cs.LG 2403.07241
cs.LG 2403.07247
cs.LG 2403.07255
cs.LG 2403.07263
cs.LG 2403.07264
cs.LG 2403.07271
cs.LG 2403.07283
cs.LG 2403.07310
cs.LG 2403.07311
cs.LG 2403.07314
cs.LG 2403.07320
cs.LG 2403.07322
cs.LG 2403.07356
cs.LG 2403.07366
cs.LG 2403.07378
cs.LG 2403.07384
cs.LG 2403.07431
cs.LG 2403.07447
cs.LG 2403.07454
cs.LG 2403.07465
cs.LG 2403.07471
cs.LG 2403.07478
cs.LG 2403.07485
cs.LG 2403.07493
cs.LG 2403.07507
cs.LG 2403.07526
cs.LG 2403.07536
cs.LG 2403.07542
cs.LG 2403.07548
cs.LG 2403.07557
cs.LG 2403.07559
cs.LG 2403.07562
cs.LG 2403.07563
cs.LG 2403.07569
cs.LG 2403.07573
cs.LG 2403.07585
cs.LG 2403.07605
cs.LG 2403.07608
cs.LG 2403.07627
cs.LG 2403.07648
cs.LG 2403.07706
cs.LG 2403.07728
cs.LG 2403.07735
cs.LG 2403.07743
cs.LG 2403.07745
cs.LG 2403.07767
cs.LG 2403.07780
cs.LG 2403.07788
cs.LG 2403.07802
cs.LG 2403.07818
cs.LG 2403.07822
cs.LG 2403.07854
cs.LG 2403.07865
cs.LG 2403.07869
cs.LG 2403.06988
cs.LG 2403.06999
cs.LG 2403.07008
cs.LG 2403.07012
cs.LG 2403.07015
cs.LG 2403.07022
cs.LG 2403.07027
cs.LG 2403.07028
cs.LG 2403.07030
cs.LG 2403.07031
cs.LG 2403.07033
cs.LG 2403.07036
cs.LG 2403.07038
cs.LG 2403.07040
cs.LG 2403.07041
cs.LG 2403.07072
cs.LG 2403.07078
cs.LG 2403.07094
cs.LG 2403.07095
cs.LG 2403.07134
cs.LG 2403.07136
cs.LG 2403.07151
cs.LG 2403.07179
cs.LG 2403.07185
cs.LG 2403.07187
cs.LG 2403.07191
cs.LG 2403.07201
cs.LG 2403.07213
cs.LG 2403.07221
cs.LG 2403.07245
cs.LG 2403.07261
cs.LG 2403.07262
cs.LG 2403.07282
cs.LG 2403.07294
cs.LG 2403.07300
cs.LG 2403.07308
cs.LG 2403.07309
cs.LG 2403.07329
cs.LG 2403.07339
cs.LG 2403.07353
cs.LG 2403.07362
cs.LG 2403.07379
cs.LG 2403.07404
cs.LG 2403.07413
cs.LG 2403.07442
cs.LG 2403.07456
cs.LG 2403.07460
cs.LG 2403.07472
cs.LG 2403.07483
cs.LG 2403.07486
cs.LG 2403.07501
cs.LG 2403.07503
cs.LG 2403.07586
cs.LG 2403.07588
cs.LG 2403.07591
cs.LG 2403.07603
cs.LG 2403.07611
cs.LG 2403.07632
cs.LG 2403.07652
cs.LG 2403.07657
cs.LG 2403.07669
cs.LG 2403.07688
cs.LG 2403.07704
cs.LG 2403.07718
cs.LG 2403.07723
cs.LG 2403.07724
cs.LG 2403.07797
cs.LG 2403.07809
cs.LG 2403.07815
cs.LG 2403.07842
cs.LG 2403.07843
cs.LG 2403.07849
cs.LG 2403.07851
cs.LG 2403.07856
cs.LG 2403.07857
cs.LG 2403.07890
cs.LG 2403.07891
cs.LG 2403.07892
cs.LG 2403.07901
cs.LG 2403.07902
cs.LG 2403.07903
cs.LG 2403.07904
cs.LG 2403.07905
cs.LG 2403.07916
cs.LG 2403.07917
cs.LG 2403.07918
cs.LG 2403.07920
cs.LG 2403.07923
cs.LG 2403.07925
cs.LG 2403.07926
cs.LG 2403.07927
cs.LG 2403.07933
cs.LG 2403.07937
cs.LG 2403.07938
cs.LG 2403.07940
cs.LG 2403.07945
cs.LG 2403.07947
cs.LG 2403.07951
cs.LG 2403.07960
cs.LG 2403.07974
cs.LG 2403.07995
cs.LG 2403.08011
cs.LG 2403.08016
cs.LG 2403.08042
cs.LG 2403.08049
cs.LG 2403.08059
cs.LG 2403.08118
cs.LG 2403.08131
cs.LG 2403.08160
cs.LG 2403.08162
cs.LG 2403.08164
cs.LG 2403.08171
cs.LG 2403.08203
cs.LG 2403.08215
cs.LG 2403.08217
cs.LG 2403.08220
cs.LG 2403.08239
cs.LG 2403.08246
cs.LG 2403.08258
cs.LG 2403.08267
cs.LG 2403.08319
cs.LG 2403.08337
cs.LG 2403.08344
cs.LG 2403.08362
cs.LG 2403.08370
cs.LG 2403.08386
cs.LG 2403.08417
cs.LG 2403.08444
cs.LG 2403.08462
cs.LG 2403.08464
cs.LG 2403.08477
cs.LG 2403.08525
cs.LG 2403.08536
cs.LG 2403.08540
cs.LG 2403.08553
cs.LG 2403.08568
cs.LG 2403.08584
cs.LG 2403.08613
cs.LG 2403.08627
cs.LG 2403.08630
cs.LG 2403.08632
cs.LG 2403.08662
cs.LG 2403.08664
cs.LG 2403.08687
cs.LG 2403.08700
cs.LG 2403.08728
cs.LG 2403.08741
cs.LG 2403.08743
cs.LG 2403.08750
cs.LG 2403.08755
cs.LG 2403.08757
cs.LG 2403.07921
cs.LG 2403.07929
cs.LG 2403.07943
cs.LG 2403.07953
cs.LG 2403.07954
cs.LG 2403.07955
cs.LG 2403.07956
cs.LG 2403.07957
cs.LG 2403.07958
cs.LG 2403.07965
cs.LG 2403.07966
cs.LG 2403.07967
cs.LG 2403.07968
cs.LG 2403.07969
cs.LG 2403.07979
cs.LG 2403.08013
cs.LG 2403.08024
cs.LG 2403.08027
cs.LG 2403.08040
cs.LG 2403.08055
cs.LG 2403.08058
cs.LG 2403.08081
cs.LG 2403.08100
cs.LG 2403.08121
cs.LG 2403.08124
cs.LG 2403.08147
cs.LG 2403.08151
cs.LG 2403.08154
cs.LG 2403.08167
cs.LG 2403.08193
cs.LG 2403.08194
cs.LG 2403.08197
cs.LG 2403.08199
cs.LG 2403.08204
cs.LG 2403.08207
cs.LG 2403.08216
cs.LG 2403.08222
cs.LG 2403.08245
cs.LG 2403.08254
cs.LG 2403.08265
cs.LG 2403.08291
cs.LG 2403.08309
cs.LG 2403.08331
cs.LG 2403.08333
cs.LG 2403.08335
cs.LG 2403.08352
cs.LG 2403.08364
cs.LG 2403.08376
cs.LG 2403.08403
cs.LG 2403.08408
cs.LG 2403.08414
cs.LG 2403.08428
cs.LG 2403.08438
cs.LG 2403.08448
cs.LG 2403.08469
cs.LG 2403.08481
cs.LG 2403.08506
cs.LG 2403.08550
cs.LG 2403.08554
cs.LG 2403.08562
cs.LG 2403.08569
cs.LG 2403.08572
cs.LG 2403.08579
cs.LG 2403.08585
cs.LG 2403.08589
cs.LG 2403.08592
cs.LG 2403.08609
cs.LG 2403.08618
cs.LG 2403.08635
cs.LG 2403.08638
cs.LG 2403.08652
cs.LG 2403.08673
cs.LG 2403.08699
cs.LG 2403.08763
cs.LG 2403.08787
cs.LG 2403.08789
cs.LG 2403.08792
cs.LG 2403.08793
cs.LG 2403.08802
cs.LG 2403.08804
cs.LG 2403.08806
cs.LG 2403.08810
cs.LG 2403.08812
cs.LG 2403.08813
cs.LG 2403.08821
cs.LG 2403.08826
cs.LG 2403.08829
cs.LG 2403.08831
cs.LG 2403.08847
cs.LG 2403.08851
cs.LG 2403.08854
cs.LG 2403.08901
cs.LG 2403.08917
cs.LG 2403.08938
cs.LG 2403.08939
cs.LG 2403.08941
cs.LG 2403.08965
cs.LG 2403.08969
cs.LG 2403.08978
cs.LG 2403.09030
cs.LG 2403.09032
cs.LG 2403.09090
cs.LG 2403.09100
cs.LG 2403.09113
cs.LG 2403.09117
cs.LG 2403.09141
cs.LG 2403.09183
cs.LG 2403.09193
cs.LG 2403.09206
cs.LG 2403.09209
cs.LG 2403.09259
cs.LG 2403.09267
cs.LG 2403.09290
cs.LG 2403.09298
cs.LG 2403.09302
cs.LG 2403.09318
cs.LG 2403.09347
cs.LG 2403.09383
cs.LG 2403.09389
cs.LG 2403.09407
cs.LG 2403.09429
cs.LG 2403.09465
cs.LG 2403.09477
cs.LG 2403.09506
cs.LG 2403.09509
cs.LG 2403.09516
cs.LG 2403.09539
cs.LG 2403.09543
cs.LG 2403.09547
cs.LG 2403.09571
cs.LG 2403.09579
cs.LG 2403.09580
cs.LG 2403.09598
cs.LG 2403.09603
cs.LG 2403.09611
cs.LG 2403.09612
cs.LG 2403.09625
cs.LG 2403.09629
cs.LG 2403.09635
cs.LG 2403.08818
cs.LG 2403.08819
cs.LG 2403.08820
cs.LG 2403.08822
cs.LG 2403.08834
cs.LG 2403.08835
cs.LG 2403.08836
cs.LG 2403.08837
cs.LG 2403.08838
cs.LG 2403.08839
cs.LG 2403.08845
cs.LG 2403.08879
cs.LG 2403.08880
cs.LG 2403.08896
cs.LG 2403.08946
cs.LG 2403.08955
cs.LG 2403.08980
cs.LG 2403.09035
cs.LG 2403.09039
cs.LG 2403.09048
cs.LG 2403.09053
cs.LG 2403.09054
cs.LG 2403.09066
cs.LG 2403.09086
cs.LG 2403.09101
cs.LG 2403.09107
cs.LG 2403.09110
cs.LG 2403.09123
cs.LG 2403.09171
cs.LG 2403.09188
cs.LG 2403.09215
cs.LG 2403.09223
cs.LG 2403.09228
cs.LG 2403.09284
cs.LG 2403.09300
cs.LG 2403.09303
cs.LG 2403.09415
cs.LG 2403.09428
cs.LG 2403.09441
cs.LG 2403.09450
cs.LG 2403.09454
cs.LG 2403.09472
cs.LG 2403.09479
cs.LG 2403.09491
cs.LG 2403.09499
cs.LG 2403.09502
cs.LG 2403.09548
cs.LG 2403.09549
cs.LG 2403.09560
cs.LG 2403.09570
cs.LG 2403.09588
cs.LG 2403.09613
cs.LG 2403.09621
cs.NI 2403.05116
cs.NI 2403.05133
cs.NI 2403.05158
cs.NI 2403.05192
cs.NI 2403.05193
cs.NI 2403.05277
cs.NI 2403.05292
cs.NI 2403.05301
cs.NI 2403.06528
cs.NI 2403.05638
cs.NI 2403.05686
cs.NI 2403.05826
cs.NI 2403.05994
cs.NI 2403.06324
cs.NI 2403.06802
cs.NI 2403.06915
cs.NI 2403.07003
cs.NI 2403.07323
cs.NI 2403.07007
cs.NI 2403.07444
cs.NI 2403.07573
cs.NI 2403.07680
cs.NI 2403.07763
cs.NI 2403.07828
cs.NI 2403.07868
cs.NI 2403.08267
cs.NI 2403.07889
cs.NI 2403.07903
cs.NI 2403.07915
cs.NI 2403.07923
cs.NI 2403.07927
cs.NI 2403.08066
cs.NI 2403.08317
cs.NI 2403.08507
cs.NI 2403.08515
cs.NI 2403.08517
cs.NI 2403.08600
cs.NI 2403.08687
cs.NI 2403.08900
cs.NI 2403.09177
cs.NI 2403.08775
cs.NI 2403.08810
cs.NI 2403.08813
cs.NI 2403.08815
cs.NI 2403.09279
cs.NI 2403.09369
cs.NI 2403.09447
cs.NI 2403.09601
cs.CR 2403.04778
cs.CR 2403.04783
cs.CR 2403.04874
cs.CR 2403.04989
cs.CR 2403.05181
cs.CR 2403.04769
cs.CR 2403.04779
cs.CR 2403.04781
cs.CR 2403.04784
cs.CR 2403.04786
cs.CR 2403.04794
cs.CR 2403.04796
cs.CR 2403.04803
cs.CR 2403.04808
cs.CR 2403.04867
cs.CR 2403.04918
cs.CR 2403.04960
cs.CR 2403.04991
cs.CR 2403.05030
cs.CR 2403.05073
cs.CR 2403.05100
cs.CR 2403.05156
cs.CR 2403.05210
cs.CR 2403.05271
cs.CR 2403.05273
cs.CR 2403.05275
cs.CR 2403.05448
cs.CR 2403.05499
cs.CR 2403.05628
cs.CR 2403.05638
cs.CR 2403.05829
cs.CR 2403.05864
cs.CR 2403.06300
cs.CR 2403.06319
cs.CR 2403.06672
cs.CR 2403.06838
cs.CR 2403.05598
cs.CR 2403.05663
cs.CR 2403.05681
cs.CR 2403.05721
cs.CR 2403.05794
cs.CR 2403.05842
cs.CR 2403.05847
cs.CR 2403.06067
cs.CR 2403.06094
cs.CR 2403.06131
cs.CR 2403.06143
cs.CR 2403.06261
cs.CR 2403.06281
cs.CR 2403.06347
cs.CR 2403.06388
cs.CR 2403.06428
cs.CR 2403.06512
cs.CR 2403.06581
cs.CR 2403.06595
cs.CR 2403.06610
cs.CR 2403.06632
cs.CR 2403.06634
cs.CR 2403.06675
cs.CR 2403.06717
cs.CR 2403.06907
cs.CR 2403.07151
cs.CR 2403.07353
cs.CR 2403.07588
cs.CR 2403.07647
cs.CR 2403.07842
cs.CR 2403.07865
cs.CR 2403.07018
cs.CR 2403.07029
cs.CR 2403.07218
cs.CR 2403.07226
cs.CR 2403.07248
cs.CR 2403.07283
cs.CR 2403.07463
cs.CR 2403.07465
cs.CR 2403.07540
cs.CR 2403.07673
cs.CR 2403.07817
cs.CR 2403.07820
cs.CR 2403.07891
cs.CR 2403.07907
cs.CR 2403.07943
cs.CR 2403.08023
cs.CR 2403.08024
cs.CR 2403.08066
cs.CR 2403.08100
cs.CR 2403.08124
cs.CR 2403.08254
cs.CR 2403.08264
cs.CR 2403.08507
cs.CR 2403.08517
cs.CR 2403.07895
cs.CR 2403.07942
cs.CR 2403.07945
cs.CR 2403.07959
cs.CR 2403.08036
cs.CR 2403.08068
cs.CR 2403.08132
cs.CR 2403.08208
cs.CR 2403.08267
cs.CR 2403.08334
cs.CR 2403.08424
cs.CR 2403.08463
cs.CR 2403.08656
cs.CR 2403.08701
cs.CR 2403.08740
cs.CR 2403.08799
cs.CR 2403.09173
cs.CR 2403.09219
cs.CR 2403.09402
cs.CR 2403.09435
cs.CR 2403.09484
cs.CR 2403.09539
cs.CR 2403.08917
cs.CR 2403.09080
cs.CR 2403.09118
cs.CR 2403.09209
cs.CR 2403.09322
cs.CR 2403.09351
cs.CR 2403.09352
cs.CR 2403.09475
cs.CR 2403.09513
cs.CR 2403.09541
cs.CR 2403.09562
cs.CR 2403.09603
cs.CL 2403.04769
cs.CL 2403.04783
cs.CL 2403.04786
cs.CL 2403.04804
cs.CL 2403.04808
cs.CL 2403.04811
cs.CL 2403.04931
cs.CL 2403.04960
cs.CL 2403.04964
cs.CL 2403.05286
cs.CL 2403.05297
cs.CL 2403.05396
cs.CL 2403.05527
cs.CL 2403.05535
cs.CL 2403.04770
cs.CL 2403.04771
cs.CL 2403.04780
cs.CL 2403.04782
cs.CL 2403.04785
cs.CL 2403.04787
cs.CL 2403.04788
cs.CL 2403.04789
cs.CL 2403.04790
cs.CL 2403.04791
cs.CL 2403.04792
cs.CL 2403.04795
cs.CL 2403.04797
cs.CL 2403.04798
cs.CL 2403.04799
cs.CL 2403.04801
cs.CL 2403.04814
cs.CL 2403.04819
cs.CL 2403.04858
cs.CL 2403.04872
cs.CL 2403.04890
cs.CL 2403.04894
cs.CL 2403.04945
cs.CL 2403.04963
cs.CL 2403.04997
cs.CL 2403.05004
cs.CL 2403.05020
cs.CL 2403.05023
cs.CL 2403.05045
cs.CL 2403.05065
cs.CL 2403.05101
cs.CL 2403.05132
cs.CL 2403.05152
cs.CL 2403.05186
cs.CL 2403.05188
cs.CL 2403.05189
cs.CL 2403.05216
cs.CL 2403.05217
cs.CL 2403.05257
cs.CL 2403.05266
cs.CL 2403.05268
cs.CL 2403.05303
cs.CL 2403.05313
cs.CL 2403.05326
cs.CL 2403.05330
cs.CL 2403.05338
cs.CL 2403.05365
cs.CL 2403.05434
cs.CL 2403.05468
cs.CL 2403.05488
cs.CL 2403.05493
cs.CL 2403.05518
cs.CL 2403.05519
cs.CL 2403.05530
cs.CL 2403.05534
cs.CL 2403.05548
cs.CL 2403.05553
cs.CL 2403.05561
cs.CL 2403.05572
cs.CL 2403.05574
cs.CL 2403.05602
cs.CL 2403.05606
cs.CL 2403.05612
cs.CL 2403.05636
cs.CL 2403.05680
cs.CL 2403.05767
cs.CL 2403.05820
cs.CL 2403.05846
cs.CL 2403.06016
cs.CL 2403.06064
cs.CL 2403.06082
cs.CL 2403.06098
cs.CL 2403.06100
cs.CL 2403.06199
cs.CL 2403.06221
cs.CL 2403.06249
cs.CL 2403.06292
cs.CL 2403.06485
cs.CL 2403.06503
cs.CL 2403.06563
cs.CL 2403.06586
cs.CL 2403.06642
cs.CL 2403.06644
cs.CL 2403.06725
cs.CL 2403.06734
cs.CL 2403.06764
cs.CL 2403.06789
cs.CL 2403.06833
cs.CL 2403.06835
cs.CL 2403.06869
cs.CL 2403.06892
cs.CL 2403.06925
cs.CL 2403.06936
cs.CL 2403.06949
cs.CL 2403.06952
cs.CL 2403.05640
cs.CL 2403.05676
cs.CL 2403.05696
cs.CL 2403.05700
cs.CL 2403.05720
cs.CL 2403.05750
cs.CL 2403.05766
cs.CL 2403.05788
cs.CL 2403.05789
cs.CL 2403.05795
cs.CL 2403.05802
cs.CL 2403.05812
cs.CL 2403.05814
cs.CL 2403.05845
cs.CL 2403.05881
cs.CL 2403.05902
cs.CL 2403.05920
cs.CL 2403.05931
cs.CL 2403.05973
cs.CL 2403.05975
cs.CL 2403.05982
cs.CL 2403.06018
cs.CL 2403.06023
cs.CL 2403.06060
cs.CL 2403.06063
cs.CL 2403.06097
cs.CL 2403.06108
cs.CL 2403.06115
cs.CL 2403.06139
cs.CL 2403.06149
cs.CL 2403.06201
cs.CL 2403.06204
cs.CL 2403.06208
cs.CL 2403.06259
cs.CL 2403.06260
cs.CL 2403.06265
cs.CL 2403.06301
cs.CL 2403.06326
cs.CL 2403.06350
cs.CL 2403.06354
cs.CL 2403.06355
cs.CL 2403.06360
cs.CL 2403.06399
cs.CL 2403.06402
cs.CL 2403.06410
cs.CL 2403.06412
cs.CL 2403.06414
cs.CL 2403.06448
cs.CL 2403.06487
cs.CL 2403.06520
cs.CL 2403.06537
cs.CL 2403.06570
cs.CL 2403.06574
cs.CL 2403.06591
cs.CL 2403.06609
cs.CL 2403.06611
cs.CL 2403.06682
cs.CL 2403.06745
cs.CL 2403.06754
cs.CL 2403.06765
cs.CL 2403.06769
cs.CL 2403.06832
cs.CL 2403.06840
cs.CL 2403.06857
cs.CL 2403.06872
cs.CL 2403.06914
cs.CL 2403.06932
cs.CL 2403.06935
cs.CL 2403.06963
cs.CL 2403.06965
cs.CL 2403.06970
cs.CL 2311.02684
cs.CL 2403.06988
cs.CL 2403.07008
cs.CL 2403.07142
cs.CL 2403.07179
cs.CL 2403.07191
cs.CL 2403.07283
cs.CL 2403.07300
cs.CL 2403.07339
cs.CL 2403.07376
cs.CL 2403.07379
cs.CL 2403.07652
cs.CL 2403.07687
cs.CL 2403.07690
cs.CL 2403.07769
cs.CL 2403.07809
cs.CL 2403.07087
cs.CL 2403.07088
cs.CL 2403.07118
cs.CL 2403.07144
cs.CL 2403.07175
cs.CL 2403.07183
cs.CL 2403.07193
cs.CL 2403.07202
cs.CL 2403.07230
cs.CL 2403.07260
cs.CL 2403.07279
cs.CL 2403.07311
cs.CL 2403.07321
cs.CL 2403.07342
cs.CL 2403.07350
cs.CL 2403.07378
cs.CL 2403.07384
cs.CL 2403.07398
cs.CL 2403.07440
cs.CL 2403.07544
cs.CL 2403.07556
cs.CL 2403.07557
cs.CL 2403.07567
cs.CL 2403.07581
cs.CL 2403.07678
cs.CL 2403.07691
cs.CL 2403.07693
cs.CL 2403.07708
cs.CL 2403.07714
cs.CL 2403.07726
cs.CL 2403.07747
cs.CL 2403.07794
cs.CL 2403.07805
cs.CL 2403.07816
cs.CL 2403.07825
cs.CL 2403.07865
cs.CL 2403.07872
cs.CL 2309.08112
cs.CL 2403.07039
cs.CL 2403.07910
cs.CL 2403.07920
cs.CL 2403.07921
cs.CL 2403.07937
cs.CL 2403.07947
cs.CL 2403.07974
cs.CL 2403.08058
cs.CL 2403.08059
cs.CL 2403.08081
cs.CL 2403.08111
cs.CL 2403.08115
cs.CL 2403.08137
cs.CL 2403.08167
cs.CL 2403.08358
cs.CL 2403.08375
cs.CL 2403.08424
cs.CL 2403.08737
cs.CL 2403.08755
cs.CL 2403.08763
cs.CL 2403.08002
cs.CL 2403.08004
cs.CL 2403.08010
cs.CL 2403.08011
cs.CL 2403.08035
cs.CL 2403.08043
cs.CL 2403.08046
cs.CL 2403.08053
cs.CL 2403.08103
cs.CL 2403.08140
cs.CL 2403.08174
cs.CL 2403.08187
cs.CL 2403.08189
cs.CL 2403.08192
cs.CL 2403.08196
cs.CL 2403.08198
cs.CL 2403.08211
cs.CL 2403.08213
cs.CL 2403.08217
cs.CL 2403.08229
cs.CL 2403.08258
cs.CL 2403.08272
cs.CL 2403.08281
cs.CL 2403.08293
cs.CL 2403.08295
cs.CL 2403.08305
cs.CL 2403.08312
cs.CL 2403.08314
cs.CL 2403.08319
cs.CL 2403.08332
cs.CL 2403.08345
cs.CL 2403.08370
cs.CL 2403.08377
cs.CL 2403.08391
cs.CL 2403.08462
cs.CL 2403.08484
cs.CL 2403.08492
cs.CL 2403.08495
cs.CL 2403.08540
cs.CL 2403.08564
cs.CL 2403.08593
cs.CL 2403.08604
cs.CL 2403.08607
cs.CL 2403.08664
cs.CL 2403.08688
cs.CL 2403.08693
cs.CL 2403.08694
cs.CL 2403.08715
cs.CL 2403.08730
cs.CL 2403.08738
cs.CL 2403.08739
cs.CL 2403.08743
cs.CL 2403.08773
cs.CL 2403.08783
cs.CL 2403.08795
cs.CL 2403.08818
cs.CL 2403.08819
cs.CL 2403.08822
cs.CL 2403.08851
cs.CL 2403.08946
cs.CL 2403.09032
cs.CL 2403.09037
cs.CL 2403.09072
cs.CL 2403.09294
cs.CL 2403.09298
cs.CL 2403.09409
cs.CL 2403.09472
cs.CL 2403.09498
cs.CL 2403.09530
cs.CL 2403.09611
cs.CL 2403.09613
cs.CL 2403.09631
cs.CL 2403.08890
cs.CL 2403.08904
cs.CL 2403.08943
cs.CL 2403.08978
cs.CL 2403.08994
cs.CL 2403.09017
cs.CL 2403.09024
cs.CL 2403.09028
cs.CL 2403.09040
cs.CL 2403.09057
cs.CL 2403.09059
cs.CL 2403.09073
cs.CL 2403.09077
cs.CL 2403.09085
cs.CL 2403.09092
cs.CL 2403.09097
cs.CL 2403.09113
cs.CL 2403.09131
cs.CL 2403.09148
cs.CL 2403.09159
cs.CL 2403.09162
cs.CL 2403.09163
cs.CL 2403.09164
cs.CL 2403.09167
cs.CL 2403.09207
cs.CL 2403.09226
cs.CL 2403.09259
cs.CL 2403.09362
cs.CL 2403.09488
cs.CL 2403.09490
cs.CL 2403.09516
cs.CL 2403.09522
cs.CL 2403.09539
cs.CL 2403.09559
cs.CL 2403.09606
cs.CL 2403.09629
cs.CL 2403.09635
cs.CL 2403.09636
stat.TH 2403.04915
stat.TH 2403.05044
stat.TH 2403.05281
stat.TH 2403.05409
stat.TH 2403.05503
stat.TH 2403.05140
stat.TH 2403.05251
stat.TH 2403.05411
stat.TH 2403.05461
stat.TH 2403.05679
stat.TH 2403.05999
stat.TH 2403.06183
stat.TH 2403.06657
stat.TH 2403.05654
stat.TH 2403.06068
stat.TH 2403.06330
stat.TH 2403.06357
stat.TH 2403.06613
stat.TH 2403.06671
stat.TH 2403.06718
stat.TH 2403.06858
stat.TH 2403.06968
stat.TH 2403.04058
stat.TH 2403.07024
stat.TH 2403.07189
stat.TH 2403.07628
stat.TH 2403.07170
stat.TH 2403.07464
stat.TH 2403.07679
stat.TH 2403.07735
stat.TH 2403.07772
stat.TH 2403.07862
stat.TH 2109.12128
stat.TH 2206.12887
stat.TH 2403.08160
stat.TH 2403.08691
stat.TH 2403.08628
stat.TH 2403.08831
stat.TH 2403.08938
stat.TH 2403.09206
stat.TH 2403.09416
stat.TH 2403.09503
stat.TH 2403.09604
stat.TH 2403.09081
stat.TH 2403.09170
eess.IV 2403.04781
eess.IV 2403.05093
eess.IV 2403.05247
eess.IV 2403.05435
eess.IV 2403.04865
eess.IV 2403.04962
eess.IV 2403.05024
eess.IV 2403.05111
eess.IV 2403.05245
eess.IV 2403.05246
eess.IV 2403.05256
eess.IV 2403.05340
eess.IV 2403.05353
eess.IV 2403.05384
eess.IV 2403.05408
eess.IV 2403.05684
eess.IV 2403.05807
eess.IV 2403.05808
eess.IV 2403.05937
eess.IV 2403.06019
eess.IV 2403.06087
eess.IV 2403.06088
eess.IV 2403.06439
eess.IV 2403.06538
eess.IV 2403.05685
eess.IV 2403.05702
eess.IV 2403.05753
eess.IV 2403.05906
eess.IV 2403.05912
eess.IV 2403.05955
eess.IV 2403.06054
eess.IV 2403.06066
eess.IV 2403.06069
eess.IV 2403.06128
math.DS 2403.05044
eess.IV 2403.06148
math.DS 2403.05107
eess.IV 2403.06197
math.DS 2403.05305
eess.IV 2403.06227
eess.IV 2403.06242
eess.IV 2403.06396
eess.IV 2403.06459
eess.IV 2403.06498
eess.IV 2403.06532
math.DS 2403.05424
eess.IV 2403.06545
math.DS 2403.05511
eess.IV 2403.06645
eess.IV 2403.06700
eess.IV 2403.06748
eess.IV 2403.06798
eess.IV 2403.06801
eess.IV 2403.06901
eess.IV 2403.06940
eess.IV 2403.06993
eess.IV 2403.07026
eess.IV 2403.07244
math.DS 2403.04907
eess.IV 2403.07389
math.DS 2403.05085
eess.IV 2403.07622
eess.IV 2403.07011
math.DS 2403.05089
eess.IV 2403.07092
math.DS 2403.05333
eess.IV 2403.07105
math.DS 2403.05375
math.DS 2403.05507
eess.IV 2403.07116
math.DS 2403.05718
eess.IV 2403.07132
math.DS 2403.05848
eess.IV 2403.07137
math.DS 2403.05858
math.DS 2403.05865
math.DS 2403.05923
eess.IV 2403.07220
eess.IV 2403.07247
math.DS 2403.06030
math.DS 2403.06255
math.DS 2403.06490
eess.IV 2403.07303
eess.IV 2403.07364
eess.IV 2403.07390
eess.IV 2403.07428
math.DS 2403.06492
eess.IV 2403.07434
math.DS 2403.06558
math.DS 2403.06761
math.DS 2403.05735
eess.IV 2403.07715
math.DS 2403.05744
eess.IV 2403.07743
math.DS 2403.05853
eess.IV 2403.07800
math.DS 2403.05891
eess.IV 2403.07834
math.DS 2403.05978
eess.IV 2403.07923
math.DS 2403.05981
eess.IV 2403.08170
math.DS 2403.05998
eess.IV 2403.08203
math.DS 2403.06480
eess.IV 2403.08236
math.DS 2403.06587
eess.IV 2403.08261
math.DS 2403.06864
eess.IV 2403.08504
math.DS 2403.07195
eess.IV 2403.08580
math.DS 2403.07208
eess.IV 2403.08695
math.DS 2403.07394
eess.IV 2403.07940
math.DS 2403.07572
eess.IV 2403.07951
math.DS 2403.07674
eess.IV 2403.08016
math.DS 2403.07823
eess.IV 2403.08042
math.DS 2403.07863
eess.IV 2403.08162
math.DS 2403.06982
eess.IV 2403.08247
math.DS 2403.06984
eess.IV 2403.08280
math.DS 2403.06985
eess.IV 2403.08298
math.DS 2403.06986
eess.IV 2403.08417
math.DS 2403.06987
math.DS 2403.06989
eess.IV 2403.08464
math.DS 2403.07000
eess.IV 2403.08479
math.DS 2403.07002
eess.IV 2403.08505
math.DS 2403.07020
eess.IV 2403.08551
math.DS 2403.07156
math.DS 2403.07480
eess.IV 2403.08566
math.DS 2403.07488
eess.IV 2403.08689
math.DS 2403.07497
eess.IV 2403.08700
math.DS 2403.07511
eess.IV 2403.08749
math.DS 2403.08013
eess.IV 2403.08758
math.DS 2403.08052
eess.IV 2403.08761
math.DS 2403.08292
eess.IV 2403.08778
math.DS 2403.08410
eess.IV 2403.09233
math.DS 2403.08470
eess.IV 2403.09327
math.DS 2403.08415
math.DS 2403.08667
eess.IV 2403.09554
math.DS 2403.08747
math.DS 2403.08817
math.DS 2403.08894
math.DS 2403.09074
eess.IV 2403.08796
math.DS 2403.09110
math.DS 2403.09473
math.DS 2403.09491
math.DS 2403.09510
math.DS 2403.08884
math.DS 2403.09132
math.DS 2403.09181
math.DS 2403.09528
math.DS 2403.09556
eess.IV 2403.08848
eess.IV 2403.08947
eess.IV 2403.08979
eess.IV 2403.09062
eess.IV 2403.09096
eess.IV 2403.09117
eess.IV 2403.09136
eess.IV 2403.09157
eess.IV 2403.09240
eess.IV 2403.09256
eess.IV 2403.09262
eess.IV 2403.09302
eess.IV 2403.09355
eess.IV 2403.09392
eess.IV 2403.09414
cs.RO 2403.00225
cs.RO 2403.04900
cs.RO 2403.05019
cs.RO 2403.05098
cs.RO 2403.05308
cs.RO 2403.05316
cs.RO 2403.05489
cs.RO 2403.04910
cs.RO 2403.04917
cs.RO 2403.04934
cs.RO 2403.04936
cs.RO 2403.04971
cs.RO 2403.04974
cs.RO 2403.05002
cs.RO 2403.05046
cs.RO 2403.05081
cs.RO 2403.05090
cs.RO 2403.05092
cs.RO 2403.05110
cs.RO 2403.05136
cs.RO 2403.05177
cs.RO 2403.05211
cs.RO 2403.05304
cs.RO 2403.05306
cs.RO 2403.05309
cs.RO 2403.05332
cs.RO 2403.05370
cs.RO 2403.05399
cs.RO 2403.05400
cs.RO 2403.05447
cs.RO 2403.05466
cs.RO 2403.05472
cs.RO 2403.05477
cs.RO 2403.05478
cs.RO 2403.05500
cs.RO 2403.05513
cs.RO 2403.03107
cs.RO 2403.05542
cs.RO 2403.05588
cs.RO 2403.05742
cs.RO 2403.05770
cs.RO 2403.05874
cs.RO 2403.05879
cs.RO 2403.05907
cs.RO 2403.06086
cs.RO 2403.06091
cs.RO 2403.06124
cs.RO 2403.06166
cs.RO 2403.06423
cs.RO 2403.06494
cs.RO 2403.06524
cs.RO 2403.06557
cs.RO 2403.06569
cs.RO 2403.06640
cs.RO 2403.06750
cs.RO 2403.06774
cs.RO 2403.06862
cs.RO 2403.06966
cs.RO 2403.05570
cs.RO 2403.05571
cs.RO 2403.05666
cs.RO 2403.05701
cs.RO 2403.05748
cs.RO 2403.05757
cs.RO 2403.05761
cs.RO 2403.05765
cs.RO 2403.05771
cs.RO 2403.05784
cs.RO 2403.05787
cs.RO 2403.05815
cs.RO 2403.05868
cs.RO 2403.05944
cs.RO 2403.05962
cs.RO 2403.05964
cs.RO 2403.05968
cs.RO 2403.05972
cs.RO 2403.05977
cs.RO 2403.06003
cs.RO 2403.06041
cs.RO 2403.06173
cs.RO 2403.06186
cs.RO 2403.06210
cs.RO 2403.06222
cs.RO 2403.06315
cs.RO 2403.06327
cs.RO 2403.06341
cs.RO 2403.06420
cs.RO 2403.06533
cs.RO 2403.06538
cs.RO 2403.06572
cs.RO 2403.06590
cs.RO 2403.06636
cs.RO 2403.06705
cs.RO 2403.06744
cs.RO 2403.06828
cs.RO 2403.06851
cs.RO 2403.06877
cs.RO 2403.06954
cs.RO 2403.07216
cs.RO 2403.07376
cs.RO 2403.07548
cs.RO 2403.07559
cs.RO 2403.07586
cs.RO 2403.06993
cs.RO 2403.07043
cs.RO 2403.07076
cs.RO 2403.07091
cs.RO 2403.07129
cs.RO 2403.07192
cs.RO 2403.07199
cs.RO 2403.07223
cs.RO 2403.07225
cs.RO 2403.07232
cs.RO 2403.07249
cs.RO 2403.07269
cs.RO 2403.07312
cs.RO 2403.07470
cs.RO 2403.07494
cs.RO 2403.07563
cs.RO 2403.07631
cs.RO 2403.07635
cs.RO 2403.07638
cs.RO 2403.07639
cs.RO 2403.07770
cs.RO 2403.07788
cs.RO 2403.07789
cs.RO 2403.07832
cs.RO 2403.07867
cs.RO 2403.07869
cs.RO 2403.07870
cs.RO 2402.06020
cs.RO 2403.08215
cs.RO 2403.08360
cs.RO 2403.08448
cs.RO 2403.08460
cs.RO 2403.08504
cs.RO 2403.08683
cs.RO 2403.08770
cs.RO 2403.07877
cs.RO 2403.07922
cs.RO 2403.08061
cs.RO 2403.08094
cs.RO 2403.08106
cs.RO 2403.08109
cs.RO 2403.08119
cs.RO 2403.08144
cs.RO 2403.08149
cs.RO 2403.08152
cs.RO 2403.08163
cs.RO 2403.08177
cs.RO 2403.08178
cs.RO 2403.08185
cs.RO 2403.08191
cs.RO 2403.08219
cs.RO 2403.08228
cs.RO 2403.08231
cs.RO 2403.08238
cs.RO 2403.08239
cs.RO 2403.08248
cs.RO 2403.08302
cs.RO 2403.08321
cs.RO 2403.08340
cs.RO 2403.08355
cs.RO 2403.08365
cs.RO 2403.08434
cs.RO 2403.08455
cs.RO 2403.08491
cs.RO 2403.08524
cs.RO 2403.08598
cs.RO 2403.08605
cs.RO 2403.08716
cs.RO 2403.08748
cs.RO 2403.08815
cs.RO 2403.08828
cs.RO 2403.08885
cs.RO 2403.08916
cs.RO 2403.08936
cs.RO 2403.08997
cs.RO 2403.09025
cs.RO 2403.09179
cs.RO 2403.09308
cs.RO 2403.09412
cs.RO 2403.09504
cs.RO 2403.09631
cs.RO 2403.08808
cs.RO 2403.08928
cs.RO 2403.08942
cs.RO 2403.08984
cs.RO 2403.09160
cs.RO 2403.09177
cs.RO 2403.09227
cs.RO 2403.09285
cs.RO 2403.09305
cs.RO 2403.09309
cs.RO 2403.09459
cs.RO 2403.09477
cs.RO 2403.09566
cs.RO 2403.09567
cs.RO 2403.09571
cs.RO 2403.09583
cs.RO 2403.09596
cs.RO 2403.09637
eess.AS 2403.05010
eess.AS 2403.05380
eess.AS 2403.04800
eess.AS 2403.04804
eess.AS 2403.05187
eess.AS 2403.05393
eess.AS 2403.05583
eess.AS 2403.05772
eess.AS 2403.05820
eess.AS 2403.05834
eess.AS 2403.05989
eess.AS 2403.06100
eess.AS 2403.06260
eess.AS 2403.06387
eess.AS 2403.06404
eess.AS 2403.06487
eess.AS 2403.05791
eess.AS 2403.05887
eess.AS 2403.06847
eess.AS 2403.06856
eess.AS 2403.07675
eess.AS 2403.07802
eess.AS 2403.07579
eess.AS 2403.07661
eess.AS 2403.07767
eess.AS 2403.07938
eess.AS 2403.07995
eess.AS 2403.08164
eess.AS 2403.08187
eess.AS 2403.08196
eess.AS 2403.08559
eess.AS 2403.08738
eess.AS 2403.07937
eess.AS 2403.07947
eess.AS 2403.08654
eess.AS 2403.09030
eess.AS 2403.09298
eess.AS 2403.09321
eess.AS 2403.09407
eess.AS 2403.09451
eess.AS 2403.09455
eess.AS 2403.09579
eess.AS 2403.09598
eess.AS 2403.09524
eess.AS 2403.09527
math.OC 2403.04900
math.OC 2403.05285
math.OC 2403.05293
math.OC 2403.05368
math.OC 2403.05378
math.OC 2403.05426
math.OC 2403.04860
math.OC 2403.04863
math.OC 2403.04886
math.OC 2403.04975
math.OC 2403.05054
math.OC 2403.05070
math.OC 2403.05233
math.OC 2403.05315
math.OC 2403.05322
math.OC 2403.05412
math.OC 2403.05467
math.OC 2403.05480
math.OC 2403.05705
math.OC 2403.05786
math.OC 2403.05891
math.OC 2403.05935
math.OC 2403.06011
math.OC 2403.06028
math.OC 2403.06183
math.OC 2403.06185
math.OC 2403.06257
math.OC 2403.06285
math.OC 2403.06299
math.OC 2403.06436
math.OC 2403.06464
math.OC 2403.06502
math.OC 2403.06506
math.OC 2403.06513
math.OC 2403.06566
math.OC 2403.06571
math.OC 2403.06640
math.OC 2403.06816
math.OC 2403.05711
math.OC 2403.05736
math.OC 2403.05739
math.OC 2403.05934
math.OC 2403.06029
math.OC 2403.06056
math.OC 2403.06190
math.OC 2403.06279
math.OC 2403.06320
math.OC 2403.06543
math.OC 2403.06686
math.OC 2403.06708
math.OC 2403.06780
math.OC 2403.06842
math.OC 2403.06873
math.OC 2403.06930
math.OC 2403.07004
math.OC 2403.07028
math.OC 2403.07643
math.OC 2403.07723
math.OC 2403.07751
math.OC 2403.07803
math.OC 2403.07827
math.OC 2403.07026
math.OC 2403.07101
math.OC 2403.07148
math.OC 2403.07208
math.OC 2403.07270
math.OC 2403.07271
math.OC 2403.07285
math.OC 2403.07295
math.OC 2403.07467
math.OC 2403.07485
math.OC 2403.07529
math.OC 2403.07549
math.OC 2403.07572
math.OC 2403.07656
math.OC 2403.07707
math.OC 2403.07736
math.OC 2403.07753
math.OC 2403.07755
math.OC 2403.07775
math.OC 2403.07785
math.OC 2403.07806
math.OC 2403.07811
math.OC 2403.07829
math.OC 2403.07971
math.OC 2403.08065
math.OC 2403.08081
math.OC 2403.08121
math.OC 2403.08346
math.OC 2403.08612
math.OC 2403.08699
math.OC 2403.08741
math.OC 2403.08745
math.OC 2403.08052
math.OC 2403.08080
math.OC 2403.08159
math.OC 2403.08169
math.OC 2403.08329
math.OC 2403.08341
math.OC 2403.08470
math.OC 2403.08553
math.OC 2403.08690
math.OC 2403.08894
math.OC 2403.08906
math.OC 2403.09110
math.OC 2403.09179
math.OC 2403.09252
math.OC 2403.08772
math.OC 2403.08800
math.OC 2403.08825
math.OC 2403.08827
math.OC 2403.08929
math.OC 2403.08958
math.OC 2403.08966
math.OC 2403.08981
math.OC 2403.08987
math.OC 2403.09044
math.OC 2403.09090
math.OC 2403.09133
math.OC 2403.09151
math.OC 2403.09213
math.OC 2403.09251
math.OC 2403.09375
math.OC 2403.09443
math.OC 2403.09473
math.OC 2403.09532
math.OC 2403.09578
math.OC 2403.09610
eess.SP 2403.04847
eess.SP 2403.04925
eess.SP 2403.04945
eess.SP 2403.05037
eess.SP 2403.05116
eess.SP 2403.05136
eess.SP 2403.05308
eess.SP 2403.05321
eess.SP 2403.05332
eess.SP 2403.05435
eess.SP 2403.05009
eess.SP 2403.05204
eess.SP 2403.05577
eess.SP 2403.05685
eess.SP 2403.05826
eess.SP 2403.05870
eess.SP 2403.05892
eess.SP 2403.05899
eess.SP 2403.05964
eess.SP 2403.05970
eess.SP 2403.05974
eess.SP 2403.06027
eess.SP 2403.06054
eess.SP 2403.06056
eess.SP 2403.06072
cs.SY 2403.04796
cs.SY 2403.04923
eess.SP 2403.06073
cs.SY 2403.05081
eess.SP 2403.06074
cs.SY 2403.05164
eess.SP 2403.06089
cs.SY 2403.05316
eess.SP 2403.06185
eess.SP 2403.06438
eess.SP 2403.06643
eess.SP 2403.06720
eess.SP 2403.05557
eess.SP 2403.05595
eess.SP 2403.05634
eess.SP 2403.05645
cs.SY 2403.05370
cs.SY 2403.05480
eess.SP 2403.05743
cs.SY 2403.04881
cs.SY 2403.04900
eess.SP 2403.05793
cs.SY 2403.04985
eess.SP 2403.05838
cs.SY 2403.05007
eess.SP 2403.05879
cs.SY 2403.05076
eess.SP 2403.06129
cs.SY 2403.05079
eess.SP 2403.06337
eess.SP 2403.06423
cs.SY 2403.05179
eess.SP 2403.06460
cs.SY 2403.05236
eess.SP 2403.06474
cs.SY 2403.05350
cs.SY 2403.05367
eess.SP 2403.06506
cs.SY 2403.05368
cs.SY 2403.05415
eess.SP 2403.06513
eess.SP 2403.06544
cs.SY 2403.05450
eess.SP 2403.06648
eess.SP 2403.06653
eess.SP 2403.06659
eess.SP 2403.06756
eess.SP 2403.06818
eess.SP 2403.06899
eess.SP 2403.06920
eess.SP 2403.07072
eess.SP 2403.07089
eess.SP 2403.07271
eess.SP 2403.07274
eess.SP 2403.07305
eess.SP 2403.07320
cs.SY 2403.05455
eess.SP 2403.07338
cs.SY 2403.05457
cs.SY 2403.05739
cs.SY 2403.05771
cs.SY 2403.05884
cs.SY 2403.05899
cs.SY 2403.05901
cs.SY 2403.06222
cs.SY 2403.06397
cs.SY 2403.06723
cs.SY 2403.06744
cs.SY 2403.06806
cs.SY 2403.06920
cs.SY 2403.05705
cs.SY 2403.05715
cs.SY 2403.05718
cs.SY 2403.05742
eess.SP 2403.07444
cs.SY 2403.05745
eess.SP 2403.07721
cs.SY 2403.05749
eess.SP 2403.07767
eess.SP 2403.06994
eess.SP 2403.06998
eess.SP 2403.07228
eess.SP 2403.07255
cs.SY 2403.05829
eess.SP 2403.07296
cs.SY 2403.05858
eess.SP 2403.07323
cs.SY 2403.05860
cs.SY 2403.05878
cs.SY 2403.05925
cs.SY 2403.05991
cs.SY 2403.05995
cs.SY 2403.06032
eess.SP 2403.07337
cs.SY 2403.06045
eess.SP 2403.07355
cs.SY 2403.06112
eess.SP 2403.07435
cs.SY 2403.06152
eess.SP 2403.07438
cs.SY 2403.06167
eess.SP 2403.07569
cs.SY 2403.06202
eess.SP 2403.07655
cs.SY 2403.06285
cs.SY 2403.06299
cs.SY 2403.06312
eess.SP 2403.07758
cs.SY 2403.06463
eess.SP 2403.07903
cs.SY 2403.06557
eess.SP 2403.07915
cs.SY 2403.06566
eess.SP 2403.07919
cs.SY 2403.06573
eess.SP 2403.07954
eess.SP 2403.08074
eess.SP 2403.08099
eess.SP 2403.08123
eess.SP 2403.08154
eess.SP 2403.08200
eess.SP 2403.08317
cs.SY 2403.06579
eess.SP 2403.08339
eess.SP 2403.08343
eess.SP 2403.08411
eess.SP 2403.08648
eess.SP 2403.07893
eess.SP 2403.07926
eess.SP 2403.08133
eess.SP 2403.08168
eess.SP 2403.08323
eess.SP 2403.08371
eess.SP 2403.08442
eess.SP 2403.08513
eess.SP 2403.08563
eess.SP 2403.08565
eess.SP 2403.08658
eess.SP 2403.08662
eess.SP 2403.08900
eess.SP 2403.08989
eess.SP 2403.09004
eess.SP 2403.09022
eess.SP 2403.09041
eess.SP 2403.09051
eess.SP 2403.09058
eess.SP 2403.09270
eess.SP 2403.09275
eess.SP 2403.09357
eess.SP 2403.09570
eess.SP 2403.09614
eess.SP 2403.09083
eess.SP 2403.09222
eess.SP 2403.09258
eess.SP 2403.09301
eess.SP 2403.09330
eess.SP 2403.09353
eess.SP 2403.09365
eess.SP 2403.09411
eess.SP 2403.09505
eess.SP 2403.09575
cs.SY 2403.06625
cs.SY 2403.06635
cs.SY 2403.06639
cs.SY 2403.06640
cs.SY 2403.06680
cs.SY 2403.06788
cs.SY 2403.06885
cs.SY 2403.06942
cs.SY 2403.06993
cs.SY 2403.07156
cs.SY 2403.07269
cs.SY 2403.07270
cs.SY 2403.07308
cs.SY 2403.07549
cs.SY 2403.07640
cs.SY 2403.07707
cs.SY 2403.07811
cs.SY 2403.07073
cs.SY 2403.07125
cs.SY 2403.07216
cs.SY 2403.07317
cs.SY 2403.07423
cs.SY 2403.07453
cs.SY 2403.07517
cs.SY 2403.07749
cs.SY 2403.07831
cs.SY 2403.07835
cs.SY 2403.07853
cs.SY 2403.07909
cs.SY 2403.07923
cs.SY 2403.08159
cs.SY 2403.08178
cs.SY 2403.08185
cs.SY 2403.08238
cs.SY 2403.08434
cs.SY 2403.08448
cs.SY 2403.08553
cs.SY 2403.08741
cs.SY 2403.07988
cs.SY 2403.08054
cs.SY 2403.08065
cs.SY 2403.08099
cs.SY 2403.08114
cs.SY 2403.08181
cs.SY 2403.08200
cs.SY 2403.08337
cs.SY 2403.08398
cs.SY 2403.08473
cs.SY 2403.08614
cs.SY 2403.08680
cs.SY 2403.08718
cs.SY 2403.08841
cs.SY 2403.08894
cs.SY 2403.08900
cs.SY 2403.08934
cs.SY 2403.08942
cs.SY 2403.08958
cs.SY 2403.08981
cs.SY 2403.08987
cs.SY 2403.09110
cs.SY 2403.09151
cs.SY 2403.09256
cs.SY 2403.09375
cs.SY 2403.09474
cs.SY 2403.09526
cs.SY 2403.09601
cs.SY 2403.08781
cs.SY 2403.08916
cs.SY 2403.08931
cs.SY 2403.08948
cs.SY 2403.08996
cs.SY 2403.09008
cs.SY 2403.09009
cs.SY 2403.09067
cs.SY 2403.09076
cs.SY 2403.09111
cs.SY 2403.09125
cs.SY 2403.09127
cs.SY 2403.09153
cs.SY 2403.09179
cs.SY 2403.09184
cs.SY 2403.09185
cs.SY 2403.09389
cs.SY 2403.09496
cs.SY 2403.09504
cs.SY 2403.09531
cs.SY 2403.09536
cs.SY 2403.09573
math.PR 2403.04907
math.PR 2403.04921
math.PR 2403.05089
math.PR 2403.05140
math.PR 2403.05251
math.PR 2403.05343
math.PR 2403.04815
math.PR 2403.04911
math.PR 2403.05077
math.PR 2403.05202
math.PR 2403.05269
math.PR 2403.05289
math.PR 2403.05366
math.PR 2403.05372
math.PR 2403.05409
math.PR 2403.05413
math.PR 2403.05454
math.PR 2403.05505
math.PR 2403.05536
math.PR 2403.05554
math.PR 2403.05674
math.PR 2403.05923
math.PR 2403.06146
math.PR 2403.06188
math.PR 2403.06310
math.PR 2403.06330
math.PR 2403.06588
math.PR 2403.06858
math.PR 2403.06964
math.PR 2403.05657
math.PR 2403.05731
math.PR 2403.05863
math.PR 2403.06043
math.PR 2403.06191
math.PR 2403.06192
math.PR 2403.06198
math.PR 2403.06353
math.PR 2403.06615
math.PR 2403.06715
math.PR 2403.06730
math.PR 2403.06785
math.PR 2403.06791
math.PR 2403.06821
math.PR 2403.06868
math.PR 2403.07168
math.PR 2403.07170
math.PR 2403.07209
math.PR 2403.07471
math.PR 2403.07677
math.PR 2403.07862
math.PR 2403.07256
math.PR 2403.07418
math.PR 2403.07439
math.PR 2403.07618
math.PR 2403.07628
math.PR 2403.07633
math.PR 2403.07685
math.PR 2403.07830
math.PR 2403.08409
math.PR 2403.08001
math.PR 2403.08015
math.PR 2403.08443
math.PR 2403.08567
math.PR 2403.08603
math.PR 2403.08691
math.PR 2403.08754
math.PR 2403.08805
math.PR 2403.08921
math.PR 2403.09074
math.PR 2403.09170
math.PR 2403.09200
math.PR 2403.09248
math.PR 2403.09324
math.PR 2403.09532
math.PR 2403.09540
math.PR 2403.08930
math.PR 2403.08951
math.PR 2403.09310
math.PR 2403.09335
math.PR 2403.09466
math.PR 2403.09521
math.PR 2403.09534
