cs.CG 2504.03558
cs.CG 2504.03610
cs.CG 2504.03942
cs.CG 2504.04361
cs.CG 2504.04594
cs.CG 2504.03865
cs.CG 2504.04412
cs.CG 2504.05098
cs.CG 2504.05921
cs.CG 2504.05861
cs.CG 2504.06079
cs.CG 2504.06434
cs.CG 2504.06534
cs.CG 2504.06376
cs.CG 2504.06503
cs.CG 2504.06960
cs.CG 2504.07322
cs.CG 2504.07366
cs.CG 2504.07752
cs.CG 2504.07770
cs.CG 2504.07545
cs.FL 2504.03477
cs.FL 2504.03995
cs.FL 2504.05015
cs.FL 2504.05114
cs.FL 2504.04206
cs.FL 2504.05965
cs.FL 2504.05963
cs.FL 2504.07033
cs.FL 2504.07013
cs.FL 2504.07203
cs.FL 2504.07339
cs.FL 2504.07669
cs.CC 2504.03004
cs.CC 2504.03320
cs.CC 2504.03523
cs.CC 2504.03605
cs.CC 2504.03620
cs.CC 2504.03591
cs.CC 2504.03930
cs.CC 2504.04702
cs.CC 2504.04757
cs.CC 2504.04847
cs.CC 2504.04897
cs.CC 2504.05012
cs.CC 2504.05191
cs.CC 2504.04133
cs.CC 2504.04416
cs.CC 2504.04639
cs.CC 2504.04984
cs.CC 2504.05547
cs.CC 2504.05772
cs.CC 2504.06044
cs.CC 2404.01663
cs.CC 2504.00133
cs.CC 2504.06433
cs.CC 2504.06762
cs.CC 2504.06940
cs.CC 2504.07006
cs.CC 2504.07341
cs.CC 2504.07920
cs.CC 2504.07592
cs.DM 2504.02938
cs.DM 2504.03004
cs.DM 2504.03039
cs.DM 2504.03090
cs.DM 2504.02992
cs.DM 2504.03605
cs.DM 2504.04256
cs.DM 2504.04267
cs.DM 2504.04499
cs.DM 2504.04577
cs.DM 2504.04585
cs.DM 2504.04897
cs.DM 2504.05039
cs.DM 2504.05056
cs.DM 2504.04821
cs.DM 2504.04836
cs.DM 2504.05861
cs.DM 2504.05907
cs.DM 2504.05930
cs.DM 2504.06253
cs.DM 2504.05442
cs.DM 2411.00364
cs.DM 2504.06869
cs.DM 2504.06832
cs.DM 2504.06986
cs.DM 2504.07186
cs.DM 2504.07663
cs.DM 2504.07920
cs.DM 2504.07209
cs.DM 2504.07526
cs.DS 2504.03605
cs.DS 2504.03620
cs.DS 2504.03259
cs.DS 2504.03354
cs.DS 2504.03394
cs.DS 2504.03406
cs.DS 2504.03513
cs.DS 2504.03080
cs.DS 2504.04302
cs.DS 2504.04412
cs.DS 2504.04632
cs.DS 2504.04639
cs.DS 2504.04821
cs.DS 2504.04897
cs.DS 2504.05161
cs.DS 2504.05202
cs.DS 2504.03910
cs.DS 2504.04091
cs.DS 2504.04197
cs.DS 2504.04258
cs.DS 2504.04267
cs.DS 2504.04398
cs.DS 2504.04556
cs.DS 2504.04619
cs.DS 2504.04738
cs.DS 2504.04757
cs.DS 2504.05624
cs.DS 2504.05923
cs.DS 2504.05959
cs.DS 2504.06075
cs.DS 2504.05687
cs.DS 2504.05742
cs.DS 2504.05772
cs.DS 2504.05907
cs.DS 2504.05917
cs.DS 2504.06033
cs.DS 2504.06533
cs.DS 2504.06889
cs.DS 2504.06434
cs.DS 2504.06534
cs.DS 2504.06700
cs.DS 2504.06762
cs.DS 2504.06869
cs.DS 2504.06980
cs.DS 2504.07133
cs.DS 2504.07800
cs.DS 2504.07237
cs.DS 2504.07264
cs.DS 2504.07366
cs.DS 2504.07663
cs.DS 2504.07725
cs.DS 2504.07920
cs.AR 2504.03262
cs.AR 2504.03529
cs.AR 2504.03632
cs.AR 2504.03083
cs.AR 2504.03451
cs.AR 2504.03680
cs.AR 2504.03774
cs.AR 2504.03925
cs.AR 2504.04404
cs.AR 2504.05119
cs.AR 2504.03675
cs.AR 2504.03676
cs.AR 2504.03677
cs.AR 2504.03711
cs.AR 2504.03722
cs.AR 2504.03723
cs.AR 2504.03732
cs.AR 2504.03763
cs.AR 2504.03879
cs.AR 2504.04005
cs.AR 2504.04223
cs.AR 2504.04498
cs.AR 2504.04661
cs.AR 2504.05284
cs.AR 2504.05577
cs.AR 2504.05718
cs.AR 2504.06134
cs.AR 2504.06211
cs.AR 2504.06476
cs.AR 2504.07018
cs.AR 2504.06295
cs.AR 2504.06473
cs.AR 2504.06474
cs.AR 2504.06531
cs.AR 2504.06813
cs.AR 2504.06996
cs.AR 2504.07153
cs.AR 2504.07298
cs.AR 2504.07479
cs.AR 2504.07538
cs.AR 2504.07555
cs.AR 2504.07565
cs.AR 2504.07585
cs.AR 2504.07595
cs.GT 2504.00461
cs.GT 2504.02019
cs.GT 2504.02648
cs.GT 2504.02346
cs.GT 2504.03211
cs.GT 2504.03432
cs.GT 2504.03592
cs.GT 2504.03618
cs.GT 2504.03743
cs.GT 2504.03745
cs.GT 2504.03809
cs.GT 2504.04382
cs.GT 2504.03951
cs.GT 2504.04349
cs.GT 2504.05094
cs.GT 2504.05335
cs.GT 2504.05355
cs.GT 2504.06075
cs.GT 2504.06127
cs.GT 2504.05563
cs.GT 2504.05891
cs.GT 2504.07105
cs.GT 2504.07175
cs.GT 2504.07435
cs.CE 2504.03070
cs.GR 2504.02830
cs.CE 2504.03372
cs.GR 2504.02919
cs.CE 2504.03436
cs.CE 2504.03697
cs.GR 2504.02875
cs.CE 2504.03712
cs.CE 2504.03713
cs.DB 2504.02994
cs.GR 2504.02879
cs.DB 2504.03279
cs.CE 2504.03785
cs.GR 2504.03099
cs.CE 2504.03818
cs.GR 2504.03415
cs.DB 2504.04301
cs.GR 2504.03758
cs.DB 2504.04018
cs.CE 2504.04292
cs.GR 2504.04710
cs.CE 2504.04295
cs.DB 2504.04186
cs.GR 2504.03791
cs.DB 2504.04584
cs.CE 2504.04596
cs.DB 2504.04808
cs.GR 2504.03980
cs.CE 2504.04670
cs.DB 2504.04934
cs.GR 2504.04000
cs.CE 2504.04103
cs.DB 2504.05345
cs.GR 2504.04153
cs.DB 2504.05361
cs.CE 2504.04169
cs.GR 2504.04298
cs.GR 2504.04315
cs.CE 2504.04375
cs.DB 2504.05536
cs.GR 2504.04411
cs.CE 2504.04447
cs.DB 2504.05618
cs.CE 2504.04541
cs.GR 2504.04564
cs.CE 2504.05171
cs.DB 2504.05917
cs.GR 2504.04634
cs.CE 2504.05454
cs.DB 2504.06151
cs.CE 2504.05521
cs.GR 2504.04831
cs.CE 2504.06201
cs.DB 2504.05311
cs.GR 2504.04857
cs.CE 2504.05852
cs.DB 2504.05573
cs.GR 2504.04956
cs.CE 2504.05970
cs.DB 2504.05634
cs.GR 2504.05296
cs.CE 2504.06093
cs.DB 2504.06542
cs.GR 2504.05482
cs.DB 2504.06975
cs.GR 2504.05517
cs.DB 2504.06399
cs.CE 2504.06860
cs.GR 2504.05544
cs.DB 2504.06854
cs.CE 2504.00542
cs.GR 2504.05562
cs.CE 2504.06425
cs.DB 2504.07113
cs.CE 2504.07132
cs.GR 2504.05604
cs.DB 2504.07243
cs.CE 2504.07567
cs.GR 2504.05740
cs.DB 2504.07326
cs.GR 2504.05750
cs.CE 2504.07872
cs.GR 2504.05803
cs.CE 2504.07099
cs.GR 2504.06282
cs.CE 2504.07111
cs.GR 2504.06735
cs.CE 2504.07126
cs.GR 2504.06310
cs.CE 2504.07127
cs.GR 2504.06385
cs.CE 2504.07837
cs.GR 2504.06598
cs.GR 2504.07153
cs.GR 2504.07134
cs.GR 2504.07210
cs.GR 2504.07485
cs.GR 2504.07739
cs.DC 2504.03109
cs.DC 2504.03173
cs.DC 2504.03073
cs.DC 2504.03080
cs.DC 2504.03444
cs.DC 2504.03588
cs.DC 2504.03632
cs.DC 2504.03671
cs.DC 2504.03675
cs.DC 2504.03708
cs.DC 2504.03732
cs.DC 2504.03783
cs.DC 2504.03909
cs.DC 2504.04081
cs.DC 2504.04564
cs.DC 2504.04670
cs.DC 2504.04794
cs.DC 2504.04982
cs.DC 2504.05138
cs.DC 2504.05173
cs.DC 2504.05223
cs.DC 2504.05238
cs.DC 2504.03647
cs.DC 2504.03648
cs.DC 2504.03651
cs.DC 2504.03652
cs.DC 2504.03653
cs.DC 2504.03654
cs.DC 2504.03655
cs.DC 2504.03656
cs.DC 2504.03657
cs.DC 2504.03660
cs.DC 2504.03661
cs.DC 2504.03662
cs.DC 2504.03663
cs.DC 2504.03664
cs.DC 2504.03665
cs.DC 2504.03667
cs.DC 2504.03668
cs.DC 2504.03680
cs.DC 2504.03682
cs.DC 2504.03683
cs.DC 2504.03692
cs.DC 2504.03697
cs.DC 2504.03698
cs.DC 2504.03702
cs.DC 2504.03709
cs.DC 2504.03754
cs.DC 2504.03774
cs.DC 2504.03775
cs.DC 2504.03802
cs.DC 2504.03871
cs.DC 2504.03887
cs.DC 2504.04046
cs.DC 2504.04241
cs.DC 2504.04429
cs.DC 2504.04555
cs.DC 2504.05078
cs.DC 2504.05107
cs.DC 2504.05191
cs.DC 2504.05638
cs.DC 2504.05897
cs.DC 2504.05536
cs.DC 2504.06095
cs.DC 2504.06254
cs.DC 2504.06457
cs.DC 2504.06408
cs.DC 2504.06512
cs.DC 2504.07044
cs.DC 2504.07280
cs.DC 2504.07471
cs.DC 2504.07513
cs.DC 2504.07878
cs.DC 2504.07206
cs.CV 2504.02868
cs.CV 2504.02880
cs.CV 2504.02983
cs.CV 2504.02996
cs.CV 2504.03129
cs.CV 2504.03146
cs.CV 2504.03238
cs.CV 2504.03369
cs.CV 2504.03415
cs.CV 2504.03420
cs.CV 2504.03439
cs.CV 2504.03478
cs.CV 2504.03553
cs.CV 2504.03561
cs.CV 2504.03589
cs.CV 2504.03600
cs.CV 2504.03640
cs.CV 2504.02860
cs.CV 2504.02862
cs.CV 2504.02866
cs.CV 2504.02876
cs.CV 2504.02878
cs.CV 2504.02884
cs.CV 2504.02895
cs.CV 2504.02900
cs.CV 2504.02912
cs.CV 2504.02918
cs.CV 2504.02920
cs.CV 2504.02949
cs.CV 2504.02971
cs.CV 2504.03006
cs.CV 2504.03010
cs.CV 2504.03011
cs.CV 2504.03020
cs.CV 2504.03026
cs.CV 2504.03041
cs.CV 2504.03043
cs.CV 2504.03047
cs.CV 2504.03052
cs.CV 2504.03059
cs.CV 2504.03072
cs.CV 2504.03089
cs.CV 2504.03096
cs.CV 2504.03108
cs.CV 2504.03118
cs.CV 2504.03128
cs.CV 2504.03133
cs.CV 2504.03135
cs.CV 2504.03136
cs.CV 2504.03140
cs.CV 2504.03154
cs.CV 2504.03164
cs.CV 2504.03166
cs.CV 2504.03168
cs.CV 2504.03169
cs.CV 2504.03171
cs.CV 2504.03177
cs.CV 2504.03181
cs.CV 2504.03191
cs.CV 2504.03193
cs.CV 2504.03198
cs.CV 2504.03219
cs.CV 2504.03221
cs.CV 2504.03230
cs.CV 2504.03235
cs.CV 2504.03241
cs.CV 2504.03249
cs.CV 2504.03254
cs.CV 2504.03258
cs.CV 2504.03292
cs.CV 2504.03306
cs.CV 2504.03313
cs.CV 2504.03337
cs.CV 2504.03342
cs.CV 2504.03349
cs.CV 2504.03376
cs.CV 2504.03438
cs.CV 2504.03440
cs.CV 2504.03442
cs.CV 2504.03468
cs.CV 2504.03471
cs.CV 2504.03474
cs.CV 2504.03476
cs.CV 2504.03490
cs.CV 2504.03501
cs.CV 2504.03510
cs.CV 2504.03524
cs.CV 2504.03536
cs.CV 2504.03563
cs.CV 2504.03587
cs.CV 2504.03602
cs.CV 2504.03607
cs.CV 2504.03615
cs.CV 2504.03621
cs.CV 2504.03623
cs.CV 2504.03637
cs.CV 2504.03639
cs.CV 2504.03641
cs.CV 2504.03654
cs.CV 2504.03687
cs.CV 2504.03703
cs.CV 2504.03736
cs.CV 2504.03738
cs.CV 2504.03756
cs.CV 2504.03758
cs.CV 2504.03782
cs.CV 2504.03783
cs.CV 2504.04000
cs.CV 2504.04066
cs.CV 2504.04115
cs.CV 2504.04153
cs.CV 2504.04170
cs.CV 2504.04228
cs.CV 2504.04242
cs.CV 2504.04260
cs.CV 2504.04318
cs.CV 2504.04338
cs.CV 2504.04378
cs.CV 2504.04411
cs.CV 2504.04458
cs.CV 2504.04506
cs.CV 2504.04532
cs.CV 2504.04634
cs.CV 2504.04645
cs.CV 2504.04664
cs.CV 2504.04704
cs.CV 2504.04749
cs.CV 2504.04814
cs.CV 2504.04831
cs.CV 2504.04844
cs.CV 2504.04939
cs.CV 2504.04956
cs.CV 2504.05033
cs.CV 2504.05119
cs.CV 2504.05196
cs.CV 2504.05231
cs.CV 2504.05296
cs.CV 2504.05299
cs.CV 2504.05304
cs.CV 2504.03705
cs.CV 2504.03712
cs.CV 2504.03724
cs.CV 2504.03807
cs.CV 2504.03821
cs.CV 2504.03850
cs.CV 2504.03857
cs.CV 2504.03868
cs.CV 2504.03875
cs.CV 2504.03886
cs.CV 2504.03894
cs.CV 2504.03923
cs.CV 2504.03948
cs.CV 2504.03953
cs.CV 2504.03970
cs.CV 2504.04001
cs.CV 2504.04010
cs.CV 2504.04012
cs.CV 2504.04024
cs.CV 2504.04025
cs.CV 2504.04029
cs.CV 2504.04034
cs.CV 2504.04045
cs.CV 2504.04051
cs.CV 2504.04065
cs.CV 2504.04085
cs.CV 2504.04099
cs.CV 2504.04124
cs.CV 2504.04126
cs.CV 2504.04130
cs.CV 2504.04156
cs.CV 2504.04158
cs.CV 2504.04185
cs.CV 2504.04190
cs.CV 2504.04191
cs.CV 2504.04196
cs.CV 2504.04221
cs.CV 2504.04225
cs.CV 2504.04252
cs.CV 2504.04271
cs.CV 2504.04294
cs.CV 2504.04323
cs.CV 2504.04339
cs.CV 2504.04340
cs.CV 2504.04348
cs.CV 2504.04423
cs.CV 2504.04427
cs.CV 2504.04435
cs.CV 2504.04448
cs.CV 2504.04454
cs.CV 2504.04457
cs.CV 2504.04463
cs.CV 2504.04470
cs.CV 2504.04471
cs.CV 2504.04482
cs.CV 2504.04485
cs.CV 2504.04490
cs.CV 2504.04494
cs.CV 2504.04495
cs.CV 2504.04510
cs.CV 2504.04517
cs.CV 2504.04519
cs.CV 2504.04535
cs.CV 2504.04540
cs.CV 2504.04549
cs.CV 2504.04550
cs.CV 2504.04566
cs.CV 2504.04572
cs.CV 2504.04582
cs.CV 2504.04597
cs.CV 2504.04631
cs.CV 2504.04633
cs.CV 2504.04653
cs.CV 2504.04658
cs.CV 2504.04676
cs.CV 2504.04679
cs.CV 2504.04687
cs.CV 2504.04701
cs.CV 2504.04708
cs.CV 2504.04716
cs.CV 2504.04722
cs.CV 2504.04728
cs.CV 2504.04732
cs.CV 2504.04740
cs.CV 2504.04743
cs.CV 2504.04744
cs.CV 2504.04747
cs.CV 2504.04753
cs.CV 2504.04756
cs.CV 2504.04764
cs.CV 2504.04780
cs.CV 2504.04781
cs.CV 2504.04784
cs.CV 2504.04787
cs.CV 2504.04801
cs.CV 2504.04804
cs.CV 2504.04818
cs.CV 2504.04827
cs.CV 2504.04834
cs.CV 2504.04835
cs.CV 2504.04837
cs.CV 2504.04841
cs.CV 2504.04842
cs.CV 2504.04869
cs.CV 2504.04893
cs.CV 2504.04903
cs.CV 2504.04907
cs.CV 2504.04911
cs.CV 2504.04924
cs.CV 2504.04935
cs.CV 2504.04974
cs.CV 2504.04981
cs.CV 2504.04988
cs.CV 2504.05030
cs.CV 2504.05040
cs.CV 2504.05046
cs.CV 2504.05049
cs.CV 2504.05062
cs.CV 2504.05075
cs.CV 2504.05076
cs.CV 2504.05089
cs.CV 2504.05112
cs.CV 2504.05135
cs.CV 2504.05137
cs.CV 2504.05141
cs.CV 2504.05148
cs.CV 2504.05152
cs.CV 2504.05164
cs.CV 2504.05170
cs.CV 2504.05178
cs.CV 2504.05184
cs.CV 2504.05186
cs.CV 2504.05201
cs.CV 2504.05207
cs.CV 2504.05219
cs.CV 2504.05224
cs.CV 2504.05227
cs.CV 2504.05238
cs.CV 2504.05249
cs.CV 2504.05253
cs.CV 2504.05254
cs.CV 2504.05265
cs.CV 2504.05271
cs.CV 2504.05288
cs.CV 2504.05298
cs.CV 2504.05301
cs.CV 2504.05303
cs.CV 2504.05305
cs.CV 2504.05306
cs.CV 2504.05316
cs.CV 2504.05342
cs.CV 2504.05365
cs.CV 2504.05403
cs.CV 2504.05562
cs.CV 2504.05576
cs.CV 2504.05591
cs.CV 2504.05604
cs.CV 2504.05618
cs.CV 2504.05636
cs.CV 2504.05651
cs.CV 2504.05684
cs.CV 2504.05692
cs.CV 2504.05696
cs.CV 2504.05740
cs.CV 2504.05803
cs.CV 2504.05878
cs.CV 2504.05888
cs.CV 2504.05945
cs.CV 2504.05990
cs.CV 2504.06027
cs.CV 2504.06084
cs.CV 2504.05400
cs.CV 2504.05402
cs.CV 2504.05422
cs.CV 2504.05444
cs.CV 2504.05451
cs.CV 2504.05456
cs.CV 2504.05457
cs.CV 2504.05458
cs.CV 2504.05463
cs.CV 2504.05468
cs.CV 2504.05483
cs.CV 2504.05491
cs.CV 2504.05499
cs.CV 2504.05504
cs.CV 2504.05508
cs.CV 2504.05537
cs.CV 2504.05541
cs.CV 2504.05575
cs.CV 2504.05579
cs.CV 2504.05583
cs.CV 2504.05590
cs.CV 2504.05594
cs.CV 2504.05599
cs.CV 2504.05601
cs.CV 2504.05613
cs.CV 2504.05623
cs.CV 2504.05640
cs.CV 2504.05644
cs.CV 2504.05649
cs.CV 2504.05662
cs.CV 2504.05672
cs.CV 2504.05673
cs.CV 2504.05677
cs.CV 2504.05679
cs.CV 2504.05682
cs.CV 2504.05698
cs.CV 2504.05700
cs.CV 2504.05706
cs.CV 2504.05720
cs.CV 2504.05741
cs.CV 2504.05746
cs.CV 2504.05748
cs.CV 2504.05751
cs.CV 2504.05770
cs.CV 2504.05774
cs.CV 2504.05779
cs.CV 2504.05782
cs.CV 2504.05783
cs.CV 2504.05786
cs.CV 2504.05789
cs.CV 2504.05794
cs.CV 2504.05795
cs.CV 2504.05800
cs.CV 2504.05808
cs.CV 2504.05810
cs.CV 2504.05815
cs.CV 2504.05830
cs.CV 2504.05838
cs.CV 2504.05849
cs.CV 2504.05882
cs.CV 2504.05904
cs.CV 2504.05908
cs.CV 2504.05913
cs.CV 2504.05925
cs.CV 2504.05956
cs.CV 2504.05966
cs.CV 2504.05977
cs.CV 2504.05979
cs.CV 2504.05992
cs.CV 2504.06003
cs.CV 2504.06004
cs.CV 2504.06010
cs.CV 2504.06021
cs.CV 2504.06022
cs.CV 2504.06039
cs.CV 2504.06088
cs.CV 2504.06099
cs.CV 2504.06116
cs.CV 2504.06120
cs.CV 2504.06121
cs.CV 2504.06131
cs.CV 2504.06144
cs.CV 2504.06148
cs.CV 2504.06153
cs.CV 2504.06158
cs.CV 2504.06163
cs.CV 2504.06178
cs.CV 2504.06185
cs.CV 2504.06205
cs.CV 2504.06210
cs.CV 2504.06220
cs.CV 2504.06232
cs.CV 2504.06237
cs.CV 2504.06256
cs.CV 2504.06257
cs.CV 2504.06263
cs.CV 2504.06264
cs.CV 2311.12047
cs.CV 2504.06299
cs.CV 2504.06301
cs.CV 2504.06304
cs.CV 2504.06385
cs.CV 2504.06407
cs.CV 2504.06410
cs.CV 2504.06422
cs.CV 2504.06463
cs.CV 2504.06479
cs.CV 2504.06553
cs.CV 2504.06604
cs.CV 2504.06610
cs.CV 2504.06677
cs.CV 2504.06704
cs.CV 2504.06767
cs.HC 2110.00472
cs.CV 2504.06866
cs.HC 2504.02887
cs.CV 2504.06884
cs.CV 2504.06915
cs.CV 2504.06921
cs.CV 2504.06924
cs.CV 2504.06961
cs.CV 2504.06994
cs.CV 2504.07072
cs.CV 2504.07079
cs.CV 2504.06292
cs.CV 2504.06298
cs.CV 2504.06313
cs.CV 2504.06330
cs.CV 2504.06357
cs.CV 2504.06358
cs.CV 2504.06389
cs.CV 2504.06397
cs.CV 2504.06432
cs.CV 2504.06464
cs.CV 2504.06486
cs.CV 2504.06504
cs.CV 2504.06521
cs.CV 2504.06527
cs.HC 2504.03098
cs.CV 2504.06544
cs.CV 2504.06572
cs.HC 2504.03334
cs.CV 2504.06578
cs.HC 2504.03343
cs.CV 2504.06580
cs.HC 2504.03352
cs.CV 2504.06606
cs.HC 2504.02991
cs.CV 2504.06607
cs.HC 2504.02998
cs.HC 2504.03014
cs.CV 2504.06608
cs.CV 2504.06618
cs.CV 2504.06620
cs.CV 2504.06627
cs.CV 2504.06629
cs.CV 2504.06632
cs.CV 2504.06634
cs.CV 2504.06638
cs.CV 2504.06647
cs.CV 2504.06666
cs.CV 2504.06672
cs.CV 2504.06675
cs.CV 2504.06680
cs.CV 2504.06716
cs.CV 2504.06719
cs.CV 2504.06738
cs.CV 2504.06740
cs.CV 2504.06741
cs.CV 2504.06742
cs.CV 2504.06751
cs.CV 2504.06752
cs.CV 2504.06755
cs.CV 2504.06777
cs.CV 2504.06781
cs.CV 2504.06785
cs.CV 2504.06800
cs.CV 2504.06801
cs.HC 2504.03029
cs.CV 2504.06803
cs.HC 2504.03068
cs.HC 2504.03105
cs.CV 2504.06811
cs.HC 2504.03141
cs.CV 2504.06815
cs.HC 2504.03147
cs.CV 2504.06827
cs.HC 2504.03207
cs.CV 2504.06835
cs.HC 2504.03251
cs.CV 2504.06836
cs.CV 2504.06838
cs.HC 2504.03253
cs.HC 2504.03300
cs.CV 2504.06841
cs.HC 2504.03375
cs.CV 2504.06856
cs.HC 2504.03455
cs.HC 2504.03643
cs.HC 2504.03787
cs.CV 2504.06861
cs.CV 2504.06863
cs.CV 2504.06881
cs.CV 2504.06895
cs.HC 2504.03966
cs.CV 2504.06897
cs.HC 2504.03971
cs.CV 2504.06908
cs.HC 2504.03991
cs.CV 2504.06920
cs.CV 2504.06925
cs.HC 2504.04075
cs.HC 2504.04243
cs.CV 2504.06950
cs.HC 2504.04248
cs.CV 2504.06957
cs.CV 2504.06958
cs.HC 2504.04298
cs.CV 2504.06962
cs.HC 2504.04427
cs.CV 2504.06965
cs.HC 2504.04650
cs.CV 2504.06978
cs.HC 2504.04872
cs.CV 2504.06982
cs.HC 2504.05008
cs.CV 2504.07008
cs.HC 2504.05210
cs.CV 2504.07025
cs.HC 2504.03888
cs.CV 2504.07029
cs.HC 2504.04006
cs.CV 2504.07046
cs.HC 2504.04198
cs.CV 2504.07060
cs.HC 2504.04253
cs.CV 2504.07061
cs.HC 2504.04299
cs.CV 2504.07078
cs.HC 2504.04355
cs.CV 2504.07083
cs.CV 2504.07089
cs.HC 2504.04440
cs.CV 2504.07092
cs.HC 2504.04488
cs.CV 2504.07093
cs.HC 2504.04508
cs.CV 2504.07134
cs.HC 2504.04553
cs.CV 2504.07210
cs.HC 2504.04592
cs.CV 2504.07308
cs.HC 2504.04703
cs.CV 2504.07313
cs.HC 2504.04710
cs.CV 2504.07450
cs.HC 2504.04734
cs.CV 2504.07468
cs.HC 2504.04833
cs.CV 2504.07560
cs.HC 2504.04865
cs.CV 2504.07594
cs.CV 2504.07606
cs.HC 2504.04927
cs.CV 2504.07643
cs.HC 2504.05106
cs.CV 2504.07677
cs.HC 2504.05156
cs.CV 2504.07691
cs.HC 2504.05293
cs.CV 2504.07753
cs.HC 2504.05325
cs.CV 2504.07760
cs.HC 2504.05331
cs.CV 2504.07775
cs.HC 2504.05568
cs.CV 2504.07777
cs.CV 2504.07793
cs.HC 2504.05748
cs.CV 2504.07827
cs.HC 2504.05862
cs.HC 2504.05934
cs.CV 2504.07904
cs.HC 2504.06138
cs.CV 2504.07927
cs.HC 2504.06189
cs.CV 2504.07165
cs.HC 2504.05445
cs.CV 2504.07198
cs.HC 2504.05697
cs.CV 2504.07252
cs.HC 2504.05755
cs.CV 2504.07260
cs.HC 2504.05781
cs.CV 2504.07301
cs.HC 2504.05791
cs.CV 2504.07334
cs.HC 2504.05857
cs.CV 2504.07335
cs.HC 2504.06016
cs.CV 2504.07336
cs.HC 2504.06031
cs.CV 2504.07370
cs.HC 2504.06114
cs.CV 2504.07375
cs.HC 2504.06145
cs.HC 2504.06167
cs.CV 2504.07378
cs.HC 2504.06322
cs.CV 2504.07382
cs.CV 2504.07392
cs.HC 2504.06435
cs.CV 2504.07395
cs.HC 2504.06442
cs.HC 2504.06593
cs.CV 2504.07405
cs.HC 2504.06677
cs.CV 2504.07415
cs.HC 2504.06718
cs.CV 2504.07416
cs.HC 2504.06751
cs.CV 2504.07418
cs.HC 2504.06976
cs.CV 2504.07441
cs.HC 2504.06996
cs.CV 2504.07454
cs.HC 2504.07001
cs.CV 2504.07462
cs.HC 2504.06374
cs.CV 2504.07476
cs.HC 2504.06379
cs.CV 2504.07491
cs.HC 2504.06461
cs.CV 2504.07503
cs.HC 2504.06496
cs.CV 2504.07519
cs.HC 2504.06517
cs.CV 2504.07524
cs.HC 2504.06646
cs.CV 2504.07542
cs.HC 2504.06771
cs.CV 2504.07549
cs.HC 2504.07108
cs.CV 2504.07556
cs.HC 2504.07114
cs.CV 2504.07567
cs.HC 2504.07198
cs.CV 2504.07598
cs.HC 2504.07516
cs.CV 2504.07603
cs.HC 2504.07685
cs.CV 2504.07615
cs.HC 2504.07763
cs.CV 2504.07660
cs.HC 2504.07801
cs.CV 2504.07667
cs.HC 2504.07202
cs.CV 2504.07670
cs.HC 2504.07256
cs.CV 2504.07687
cs.HC 2504.07285
cs.CV 2504.07718
cs.HC 2504.07423
cs.CV 2504.07729
cs.HC 2504.07475
cs.CV 2504.07744
cs.HC 2504.07529
cs.CV 2504.07745
cs.HC 2504.07840
cs.CV 2504.07758
cs.HC 2504.07870
cs.CV 2504.07761
cs.HC 2504.07879
cs.CV 2504.07785
cs.CV 2504.07792
cs.CV 2504.07810
cs.CV 2504.07813
cs.CV 2504.07836
cs.CV 2504.07853
cs.CV 2504.07867
cs.CV 2504.07934
cs.CV 2504.07940
cs.CV 2504.07942
cs.CV 2504.07943
cs.CV 2504.07945
cs.CV 2504.07949
cs.CV 2504.07951
cs.CV 2504.07954
cs.CV 2504.07955
cs.CV 2504.07956
cs.CV 2504.07957
cs.CV 2504.07958
cs.CV 2504.07959
cs.CV 2504.07960
cs.CV 2504.07961
cs.CV 2504.07962
cs.CV 2504.07963
cs.AI 2504.00091
cs.AI 2504.02843
cs.AI 2504.02855
cs.AI 2504.02860
cs.AI 2504.02867
cs.AI 2504.02870
cs.AI 2504.02871
cs.AI 2504.02872
cs.AI 2504.02880
cs.AI 2504.02889
cs.AI 2504.02890
cs.AI 2504.02891
cs.AI 2504.02894
cs.AI 2504.02895
cs.AI 2504.02899
cs.AI 2504.02901
cs.AI 2504.02902
cs.AI 2504.02904
cs.AI 2504.02906
cs.AI 2504.02910
cs.AI 2504.02911
cs.AI 2504.02912
cs.AI 2504.02917
cs.AI 2504.02922
cs.AI 2504.02938
cs.AI 2504.02949
cs.AI 2504.02962
cs.AI 2504.02963
cs.AI 2504.02965
cs.AI 2504.02968
cs.AI 2504.02972
cs.AI 2504.02976
cs.AI 2504.03022
cs.AI 2504.03024
cs.AI 2504.03040
cs.AI 2504.03051
cs.AI 2504.03052
cs.AI 2504.03064
cs.AI 2504.03068
cs.AI 2504.03069
cs.AI 2504.03071
cs.AI 2504.03077
cs.AI 2504.03085
cs.AI 2504.03092
cs.AI 2504.03093
cs.AI 2504.03108
cs.AI 2504.03118
cs.AI 2504.03119
cs.AI 2504.03129
cs.AI 2504.03135
cs.AI 2504.03147
cs.AI 2504.03164
cs.AI 2504.03171
cs.AI 2504.03185
cs.AI 2504.03198
cs.AI 2504.03206
cs.AI 2504.03207
cs.AI 2504.03211
cs.AI 2504.03234
cs.AI 2504.03235
cs.AI 2504.03238
cs.AI 2504.03241
cs.AI 2504.03259
cs.AI 2504.03272
cs.AI 2504.03274
cs.AI 2504.03278
cs.AI 2504.03287
cs.AI 2504.03295
cs.AI 2504.03302
cs.AI 2504.03328
cs.AI 2504.03329
cs.AI 2504.03342
cs.AI 2504.03353
cs.AI 2504.03360
cs.AI 2504.03380
cs.AI 2504.03420
cs.AI 2504.03424
cs.AI 2504.03454
cs.AI 2504.03469
cs.AI 2504.03486
cs.AI 2504.03490
cs.AI 2504.03494
cs.AI 2504.03531
cs.AI 2504.03546
cs.AI 2504.03553
cs.AI 2504.03561
cs.AI 2504.03597
cs.AI 2504.03598
cs.AI 2504.03600
cs.AI 2504.03601
cs.AI 2504.03615
cs.AI 2504.03616
cs.AI 2504.03622
cs.AI 2504.03624
cs.AI 2504.03640
cs.AI 2504.02984
cs.AI 2504.03137
cs.AI 2504.03160
cs.AI 2504.03245
cs.AI 2504.03277
cs.AI 2504.03343
cs.AI 2504.03603
cs.AI 2504.03635
cs.AI 2409.18219
cs.AI 2503.22688
cs.AI 2504.03643
cs.AI 2504.03648
cs.AI 2504.03650
cs.AI 2504.03651
cs.AI 2504.03654
cs.AI 2504.03664
cs.AI 2504.03665
cs.AI 2504.03669
cs.AI 2504.03671
cs.AI 2504.03682
cs.AI 2504.03686
cs.AI 2504.03687
cs.AI 2504.03688
cs.AI 2504.03690
cs.AI 2504.03695
cs.AI 2504.03700
cs.AI 2504.03712
cs.AI 2504.03713
cs.AI 2504.03714
cs.AI 2504.03715
cs.AI 2504.03716
cs.AI 2504.03717
cs.AI 2504.03718
cs.AI 2504.03719
cs.AI 2504.03721
cs.AI 2504.03726
cs.AI 2504.03733
cs.AI 2504.03734
cs.AI 2504.03735
cs.AI 2504.03736
cs.AI 2504.03738
cs.AI 2504.03739
cs.AI 2504.03740
cs.AI 2504.03742
cs.AI 2504.03743
cs.AI 2504.03744
cs.AI 2504.03746
cs.AI 2504.03748
cs.AI 2504.03752
cs.AI 2504.03755
cs.AI 2504.03759
cs.AI 2504.03763
cs.AI 2504.03767
cs.AI 2504.03770
cs.AI 2504.03773
cs.AI 2504.03774
cs.AI 2504.03775
cs.AI 2504.03776
cs.AI 2504.03777
cs.AI 2504.03783
cs.AI 2504.03784
cs.AI 2504.03792
cs.AI 2504.03793
cs.AI 2504.03794
cs.AI 2504.03798
cs.AI 2504.03799
cs.AI 2504.03800
cs.AI 2504.03801
cs.AI 2504.03809
cs.AI 2504.03814
cs.AI 2504.03818
cs.AI 2504.03822
cs.AI 2504.03850
cs.AI 2504.03857
cs.AI 2504.03887
cs.AI 2504.03888
cs.AI 2504.03894
cs.AI 2504.03915
cs.AI 2504.03931
cs.AI 2504.03940
cs.AI 2504.03951
cs.AI 2504.03953
cs.AI 2504.03955
cs.AI 2504.03964
cs.AI 2504.03966
cs.AI 2504.03970
cs.AI 2504.03975
cs.AI 2504.03976
cs.AI 2504.03978
cs.AI 2504.03989
cs.AI 2504.03991
cs.AI 2504.03994
cs.AI 2504.04001
cs.AI 2504.04011
cs.AI 2504.04022
cs.AI 2504.04029
cs.AI 2504.04032
cs.AI 2504.04039
cs.AI 2504.04045
cs.AI 2504.04051
cs.AI 2504.04052
cs.AI 2504.04060
cs.AI 2504.04061
cs.AI 2504.04070
cs.AI 2504.04085
cs.AI 2504.04099
cs.AI 2504.04126
cs.AI 2504.04138
cs.AI 2504.04142
cs.AI 2504.04150
cs.AI 2504.04204
cs.AI 2504.04215
cs.AI 2504.04222
cs.AI 2504.04238
cs.AI 2504.04241
cs.AI 2504.04243
cs.AI 2504.04244
cs.AI 2504.04248
cs.AI 2504.04252
cs.AI 2504.04260
cs.AI 2504.04277
cs.AI 2504.04283
cs.AI 2504.04299
cs.AI 2504.04301
cs.AI 2504.04308
cs.AI 2504.04310
cs.AI 2504.04311
cs.AI 2504.04314
cs.AI 2504.04319
cs.AI 2504.04332
cs.AI 2504.04335
cs.AI 2504.04336
cs.AI 2504.04351
cs.AI 2504.04363
cs.AI 2504.04365
cs.AI 2504.04367
cs.AI 2504.04372
cs.AI 2504.04373
cs.AI 2504.04374
cs.AI 2504.04378
cs.AI 2504.04400
cs.AI 2504.04405
cs.AI 2504.04419
cs.AI 2504.04423
cs.AI 2504.04427
cs.AI 2504.04428
cs.AI 2504.04440
cs.AI 2504.04444
cs.AI 2504.04453
cs.AI 2504.04455
cs.AI 2504.04462
cs.AI 2504.04466
cs.AI 2504.04469
cs.AI 2504.04473
cs.AI 2504.04482
cs.AI 2504.04514
cs.AI 2504.04517
cs.AI 2504.04520
cs.AI 2504.04524
cs.AI 2504.04528
cs.AI 2504.04534
cs.AI 2504.04535
cs.AI 2504.04540
cs.AI 2504.04550
cs.AI 2504.04562
cs.AI 2504.04582
cs.AI 2504.04592
cs.AI 2504.04612
cs.AI 2504.04633
cs.AI 2504.04634
cs.AI 2504.04640
cs.AI 2504.04645
cs.AI 2504.04654
cs.AI 2504.04676
cs.AI 2504.04687
cs.AI 2504.04699
cs.AI 2504.04702
cs.AI 2504.04704
cs.AI 2504.04706
cs.AI 2504.04717
cs.AI 2504.04718
cs.AI 2504.04737
cs.AI 2504.04740
cs.AI 2504.04744
cs.AI 2504.04751
cs.AI 2504.04764
cs.AI 2504.04766
cs.AI 2504.04770
cs.AI 2504.04787
cs.AI 2504.04808
cs.AI 2504.04821
cs.AI 2504.04823
cs.AI 2504.04827
cs.AI 2504.04833
cs.AI 2504.04861
cs.AI 2504.04867
cs.AI 2504.04874
cs.AI 2504.04893
cs.AI 2504.04903
cs.AI 2504.04907
cs.AI 2504.04909
cs.AI 2504.04915
cs.AI 2504.04921
cs.AI 2504.04934
cs.AI 2504.04935
cs.AI 2504.04939
cs.AI 2504.04945
cs.AI 2504.04949
cs.AI 2504.04953
cs.AI 2504.04968
cs.AI 2504.04970
cs.AI 2504.04973
cs.AI 2504.04974
cs.AI 2504.04981
cs.AI 2504.04988
cs.AI 2504.04994
cs.AI 2504.04997
cs.AI 2504.05007
cs.AI 2504.05020
cs.AI 2504.05029
cs.AI 2504.05050
cs.AI 2504.05106
cs.AI 2504.05119
cs.AI 2504.05125
cs.AI 2504.05141
cs.AI 2504.05150
cs.AI 2504.05158
cs.AI 2504.05167
cs.AI 2504.05170
cs.AI 2504.05172
cs.AI 2504.05180
cs.AI 2504.05181
cs.AI 2504.05187
cs.AI 2504.05196
cs.AI 2504.05201
cs.AI 2504.05207
cs.AI 2504.05210
cs.AI 2504.05216
cs.AI 2504.05220
cs.AI 2504.05248
cs.AI 2504.05254
cs.AI 2504.05255
cs.AI 2504.05258
cs.AI 2504.05295
cs.AI 2504.05305
cs.AI 2504.03649
cs.AI 2504.03699
cs.AI 2504.03720
cs.AI 2504.03729
cs.AI 2504.03731
cs.AI 2504.03771
cs.AI 2504.03810
cs.AI 2504.03861
cs.AI 2504.03930
cs.AI 2504.03961
cs.AI 2504.04040
cs.AI 2504.04072
cs.AI 2504.04086
cs.AI 2504.04089
cs.AI 2504.04110
cs.AI 2504.04121
cs.AI 2504.04128
cs.AI 2504.04139
cs.AI 2504.04170
cs.AI 2504.04262
cs.AI 2504.04276
cs.AI 2504.04346
cs.AI 2504.04366
cs.AI 2504.04383
cs.AI 2504.04430
cs.AI 2504.04578
cs.AI 2504.04596
cs.AI 2504.04600
cs.AI 2504.04608
cs.AI 2504.04675
cs.AI 2504.04711
cs.AI 2504.04736
cs.AI 2504.04785
cs.AI 2504.04789
cs.AI 2504.04850
cs.AI 2504.04855
cs.AI 2504.04858
cs.AI 2504.04862
cs.AI 2504.04918
cs.AI 2504.04942
cs.AI 2504.04954
cs.AI 2504.04982
cs.AI 2504.05047
cs.AI 2504.05108
cs.AI 2504.05118
cs.AI 2504.05163
cs.AI 2504.05229
cs.AI 2504.05231
cs.AI 2504.05259
cs.AI 2504.05278
cs.AI 2504.05299
cs.AI 2504.02010
cs.AI 2504.05307
cs.AI 2504.05309
cs.AI 2504.05312
cs.AI 2504.05314
cs.AI 2504.05316
cs.AI 2504.05317
cs.AI 2504.05318
cs.AI 2504.05319
cs.AI 2504.05321
cs.AI 2504.05323
cs.AI 2504.05324
cs.AI 2504.05325
cs.AI 2504.05331
cs.AI 2504.05333
cs.AI 2504.05334
cs.AI 2504.05338
cs.AI 2504.05341
cs.AI 2504.05342
cs.AI 2504.05343
cs.AI 2504.05344
cs.AI 2504.05346
cs.AI 2504.05349
cs.AI 2504.05350
cs.AI 2504.05352
cs.AI 2504.05356
cs.AI 2504.05357
cs.AI 2504.05358
cs.AI 2504.05364
cs.AI 2504.05365
cs.AI 2504.05400
cs.AI 2504.05405
cs.AI 2504.05407
cs.AI 2504.05408
cs.AI 2504.05410
cs.AI 2504.05420
cs.AI 2504.05424
cs.AI 2504.05425
cs.AI 2504.05454
cs.AI 2504.05455
cs.AI 2504.05521
cs.AI 2504.05527
cs.AI 2504.05530
cs.AI 2504.05537
cs.AI 2504.05550
cs.AI 2504.05571
cs.AI 2504.05573
cs.AI 2504.05576
cs.AI 2504.05585
cs.AI 2504.05586
cs.AI 2504.05588
cs.AI 2504.05591
cs.AI 2504.05607
cs.AI 2504.05615
cs.AI 2504.05618
cs.AI 2504.05632
cs.AI 2504.05639
cs.AI 2504.05646
cs.AI 2504.05657
cs.AI 2504.05683
cs.AI 2504.05684
cs.AI 2504.05686
cs.AI 2504.05693
cs.AI 2504.05694
cs.AI 2504.05695
cs.AI 2504.05736
cs.AI 2504.05741
cs.AI 2504.05755
cs.AI 2504.05768
cs.AI 2504.05770
cs.AI 2504.05774
cs.AI 2504.05782
cs.AI 2504.05783
cs.AI 2504.05786
cs.AI 2504.05815
cs.AI 2504.05830
cs.AI 2504.05838
cs.AI 2504.05840
cs.AI 2504.05846
cs.AI 2504.05852
cs.AI 2504.05855
cs.AI 2504.05857
cs.AI 2504.05882
cs.AI 2504.05908
cs.AI 2504.05923
cs.AI 2504.05945
cs.AI 2504.05956
cs.AI 2504.05995
cs.AI 2504.06006
cs.AI 2504.06016
cs.AI 2504.06037
cs.AI 2504.06088
cs.AI 2504.06091
cs.AI 2504.06099
cs.AI 2504.06105
cs.AI 2504.06136
cs.AI 2504.06138
cs.AI 2504.06143
cs.AI 2504.06160
cs.AI 2504.06165
cs.AI 2504.06173
cs.AI 2504.06176
cs.AI 2504.06185
cs.AI 2504.06193
cs.AI 2504.06207
cs.AI 2504.06214
cs.AI 2504.06235
cs.AI 2504.06265
cs.AI 2504.05370
cs.AI 2504.05393
cs.AI 2504.05419
cs.AI 2504.05500
cs.AI 2504.05559
cs.AI 2504.05621
cs.AI 2504.05691
cs.AI 2504.05711
cs.AI 2504.05728
cs.AI 2504.05801
cs.AI 2504.05806
cs.AI 2504.05862
cs.AI 2504.05871
cs.AI 2504.05874
cs.AI 2504.05950
cs.AI 2504.05951
cs.AI 2504.06020
cs.AI 2504.06122
cs.AI 2504.06135
cs.AI 2504.06188
cs.AI 2504.06196
cs.AI 2504.06260
cs.AI 2404.01663
cs.AI 2410.18368
cs.AI 2504.00513
cs.AI 2504.05804
cs.AI 2504.06269
cs.AI 2504.06270
cs.AI 2504.06271
cs.AI 2504.06272
cs.AI 2504.06273
cs.AI 2504.06274
cs.AI 2504.06275
cs.AI 2504.06277
cs.AI 2504.06292
cs.AI 2504.06294
cs.AI 2504.06303
cs.AI 2504.06305
cs.AI 2504.06306
cs.AI 2504.06307
cs.AI 2504.06308
cs.AI 2504.06312
cs.AI 2504.06319
cs.AI 2504.06320
cs.AI 2504.06322
cs.AI 2504.06323
cs.AI 2504.06324
cs.AI 2504.06325
cs.AI 2504.06328
cs.AI 2504.06330
cs.AI 2504.06404
cs.AI 2504.06407
cs.AI 2504.06413
cs.AI 2504.06436
cs.AI 2504.06438
cs.AI 2504.06446
cs.AI 2504.06457
cs.AI 2504.06468
cs.AI 2504.06469
cs.AI 2504.06492
cs.AI 2504.06497
cs.AI 2504.06525
cs.AI 2504.06527
cs.AI 2504.06531
cs.AI 2504.06532
cs.AI 2504.06533
cs.AI 2504.06536
cs.AI 2504.06538
cs.AI 2504.06542
cs.AI 2504.06549
cs.AI 2504.06578
cs.AI 2504.06580
cs.AI 2504.06600
cs.AI 2504.06609
cs.AI 2504.06611
cs.AI 2504.06643
cs.AI 2504.06649
cs.AI 2504.06658
cs.AI 2504.06659
cs.AI 2504.06669
cs.AI 2504.06683
cs.AI 2504.06719
cs.AI 2504.06721
cs.AI 2504.06738
cs.AI 2504.06753
cs.AI 2504.06771
cs.AI 2504.06785
cs.AI 2504.06796
cs.AI 2504.06829
cs.AI 2504.06843
cs.AI 2504.06861
cs.AI 2504.06866
cs.AI 2504.06868
cs.AI 2504.06881
cs.AI 2504.06884
cs.AI 2504.06897
cs.AI 2504.06915
cs.AI 2504.06921
cs.AI 2504.06924
cs.AI 2504.06925
cs.AI 2504.06928
cs.AI 2504.06949
cs.AI 2504.06962
cs.AI 2504.06963
cs.AI 2504.06987
cs.AI 2504.06994
cs.AI 2504.07069
cs.AI 2504.07080
cs.AI 2504.07081
cs.AI 2504.07087
cs.AI 2504.07092
cs.AI 2504.07097
cs.AI 2504.06514
cs.AI 2504.06581
cs.AI 2504.06766
cs.AI 2504.06943
cs.AI 2504.07055
cs.AI 2504.07079
cs.AI 2504.07091
cs.AI 2504.07101
cs.AI 2504.07103
cs.AI 2504.07108
cs.AI 2504.07109
cs.AI 2504.07114
cs.AI 2504.07117
cs.AI 2504.07118
cs.AI 2504.07137
cs.AI 2504.07140
cs.AI 2504.07156
cs.AI 2504.07170
cs.AI 2504.07174
cs.AI 2504.07198
cs.AI 2504.07199
cs.AI 2504.07273
cs.AI 2504.07278
cs.AI 2504.07303
cs.AI 2504.07304
cs.AI 2504.07313
cs.AI 2504.07334
cs.AI 2504.07336
cs.AI 2504.07345
cs.AI 2504.07359
cs.AI 2504.07360
cs.AI 2504.07373
cs.AI 2504.07379
cs.AI 2504.07383
cs.AI 2504.07385
cs.AI 2504.07388
cs.AI 2504.07389
cs.AI 2504.07394
cs.AI 2504.07395
cs.AI 2504.07396
cs.AI 2504.07397
cs.AI 2504.07398
cs.AI 2504.07402
cs.AI 2504.07422
cs.AI 2504.07423
cs.AI 2504.07448
cs.AI 2504.07450
cs.AI 2504.07476
cs.AI 2504.07513
cs.AI 2504.07516
cs.AI 2504.07522
cs.AI 2504.07532
cs.AI 2504.07540
cs.AI 2504.07562
cs.AI 2504.07566
cs.AI 2504.07567
cs.AI 2504.07574
cs.AI 2504.07597
cs.AI 2504.07603
cs.AI 2504.07624
cs.AI 2504.07625
cs.AI 2504.07638
cs.AI 2504.07646
cs.AI 2504.07654
cs.AI 2504.07711
cs.AI 2504.07717
cs.AI 2504.07719
cs.AI 2504.07729
cs.AI 2504.07745
cs.AI 2504.07749
cs.AI 2504.07761
cs.AI 2504.07763
cs.AI 2504.07776
cs.AI 2504.07801
cs.AI 2504.07803
cs.AI 2504.07822
cs.AI 2504.07830
cs.AI 2504.07836
cs.AI 2504.07839
cs.AI 2504.07840
cs.AI 2504.07854
cs.AI 2504.07858
cs.AI 2504.07866
cs.AI 2504.07887
cs.AI 2504.07891
cs.AI 2504.07896
cs.AI 2504.07921
cs.AI 2504.07945
cs.AI 2504.07956
cs.AI 2504.07131
cs.AI 2504.07139
cs.AI 2504.07245
cs.AI 2504.07257
cs.AI 2504.07424
cs.AI 2504.07425
cs.AI 2504.07463
cs.AI 2504.07495
cs.AI 2504.07521
cs.AI 2504.07531
cs.AI 2504.07596
cs.AI 2504.07619
cs.AI 2504.07635
cs.AI 2504.07640
cs.AI 2504.07655
cs.AI 2504.07756
cs.AI 2504.07757
cs.AI 2504.07779
cs.AI 2504.07831
cs.AI 2504.07841
cs.AI 2504.07851
cs.AI 2504.07856
cs.AI 2504.07872
cs.AI 2504.07911
cs.AI 2504.07936
cs.LO 2504.02964
cs.LO 2504.03272
cs.LO 2504.02985
cs.LO 2504.03000
cs.LO 2504.03262
cs.LO 2504.03320
cs.LO 2504.03495
cs.LO 2504.03517
cs.LO 2504.03523
cs.LO 2504.03890
cs.LO 2504.04189
cs.LO 2504.04416
cs.LO 2504.04639
cs.LO 2504.04675
cs.LO 2504.04821
cs.LO 2504.04942
cs.LO 2504.04132
cs.LO 2504.04218
cs.LO 2504.05015
cs.LO 2504.05065
cs.LO 2504.05114
cs.LO 2504.05963
cs.LO 2504.05965
cs.LO 2504.06239
cs.LO 2504.07055
cs.LO 2504.06592
cs.LO 2504.06789
cs.LO 2504.07033
cs.LO 2504.07537
cs.LO 2504.07609
cs.MA 2504.03109
cs.MA 2504.03126
cs.MA 2504.03255
cs.MA 2504.03553
cs.MA 2504.03561
cs.MA 2504.02913
cs.MA 2504.03274
cs.MA 2504.03353
cs.MA 2504.03693
cs.MA 2504.03699
cs.MA 2504.03723
cs.MA 2504.03789
cs.MA 2504.03804
cs.MA 2504.03991
cs.MA 2504.03994
cs.MA 2504.04160
cs.MA 2504.04615
cs.MA 2504.04691
cs.MA 2504.04872
cs.MA 2504.05018
cs.MA 2504.05045
cs.MA 2504.03809
cs.MA 2504.04070
cs.MA 2504.04195
cs.MA 2504.04650
cs.MA 2504.05365
cs.MA 2504.05767
cs.MA 2504.06135
cs.MA 2504.06188
cs.MA 2504.05358
cs.MA 2504.06091
cs.MA 2504.06429
cs.MA 2504.06684
cs.MA 2504.06731
cs.MA 2504.06894
cs.MA 2504.06943
cs.MA 2504.06746
cs.MA 2504.07841
cs.MA 2504.07872
cs.MA 2504.07138
cs.MA 2504.07163
cs.MA 2504.07175
cs.MA 2504.07303
cs.MA 2504.07461
cs.MA 2504.07610
cs.PF 2503.23397
cs.PF 2504.02207
cs.PF 2504.02364
cs.PF 2504.02632
cs.PF 2504.02884
cs.PF 2504.03415
cs.PF 2504.03632
cs.PF 2502.00363
cs.PF 2504.03683
cs.PF 2504.03697
cs.PF 2504.04241
cs.PF 2504.05346
cs.PF 2504.06813
cs.PF 2504.06443
cs.PF 2504.07042
cs.IR 2504.02847
cs.IR 2504.02871
cs.IR 2504.02872
cs.IR 2504.03327
cs.IR 2504.03343
cs.IR 2504.03486
cs.IR 2504.03524
cs.IR 2504.03587
cs.IR 2504.03598
cs.IR 2504.03107
cs.IR 2504.03184
cs.IR 2504.03957
cs.IR 2504.03970
cs.IR 2504.03979
cs.IR 2504.04065
cs.IR 2504.04713
cs.IR 2504.04737
cs.IR 2504.04915
cs.IR 2504.05009
cs.IR 2504.05156
cs.IR 2504.03947
cs.IR 2504.03965
cs.IR 2504.03997
cs.IR 2504.04062
cs.IR 2504.04098
cs.IR 2504.04178
cs.IR 2504.04188
cs.IR 2504.04193
cs.IR 2504.04199
cs.IR 2504.04237
cs.IR 2504.04386
cs.IR 2504.04400
cs.IR 2504.04405
cs.IR 2504.04443
cs.IR 2504.04452
cs.IR 2504.04707
cs.IR 2504.04726
cs.IR 2504.04752
cs.IR 2504.04843
cs.IR 2504.05146
cs.IR 2504.05181
cs.IR 2504.05216
cs.IR 2504.05217
cs.IR 2504.05220
cs.IR 2404.14961
cs.IR 2504.05311
cs.IR 2504.05325
cs.IR 2504.05478
cs.IR 2504.05573
cs.IR 2504.05634
cs.IR 2504.05711
cs.IR 2504.05862
cs.IR 2504.05307
cs.IR 2504.05308
cs.IR 2504.05309
cs.IR 2504.05310
cs.IR 2504.05312
cs.IR 2504.05313
cs.IR 2504.05314
cs.IR 2504.05315
cs.IR 2504.05316
cs.IR 2504.05317
cs.IR 2504.05318
cs.IR 2504.05319
cs.IR 2504.05320
cs.IR 2504.05321
cs.IR 2504.05322
cs.IR 2504.05323
cs.IR 2504.05324
cs.IR 2504.05522
cs.IR 2504.05628
cs.IR 2504.05669
cs.IR 2504.05694
cs.IR 2504.05730
cs.IR 2504.05731
cs.IR 2504.05804
cs.IR 2504.05805
cs.IR 2504.05846
cs.IR 2504.05934
cs.IR 2504.06129
cs.IR 2504.07087
cs.IR 2504.06269
cs.IR 2504.06270
cs.IR 2504.06271
cs.IR 2504.06272
cs.IR 2504.06273
cs.IR 2504.06274
cs.IR 2504.06275
cs.IR 2504.06276
cs.IR 2504.06277
cs.IR 2504.06543
cs.IR 2504.06551
cs.IR 2504.06586
cs.IR 2504.06609
cs.IR 2504.06633
cs.IR 2504.06636
cs.IR 2504.06667
cs.IR 2504.06714
cs.IR 2504.06780
cs.IR 2504.07567
cs.IR 2504.07624
cs.IR 2504.07794
cs.IR 2504.07101
cs.IR 2504.07102
cs.IR 2504.07103
cs.IR 2504.07104
cs.IR 2504.07105
cs.IR 2504.07106
cs.IR 2504.07107
cs.IR 2504.07108
cs.IR 2504.07109
cs.IR 2504.07110
cs.IR 2504.07112
cs.IR 2504.07363
cs.IR 2504.07398
cs.IR 2504.07420
cs.IR 2504.07439
cs.IR 2504.07570
cs.IR 2504.07575
cs.IR 2504.07584
cs.IR 2504.07643
cs.IR 2504.07801
cs.IR 2504.07815
cs.IR 2504.07898
cs.NA 2504.02832
cs.NA 2504.03069
cs.NA 2504.03433
cs.NA 2504.03479
cs.NA 2504.03628
cs.NA 2504.03030
cs.NA 2504.03074
cs.NA 2504.03130
cs.NA 2504.03175
cs.NA 2504.03215
cs.NA 2504.03257
cs.NA 2504.03346
cs.NA 2504.03393
cs.NA 2504.03400
cs.NA 2504.03404
cs.NA 2504.03407
cs.NA 2504.03408
cs.NA 2504.03421
cs.NA 2504.03447
cs.NA 2504.03449
cs.NA 2504.03525
cs.NA 2504.03573
cs.NA 2504.03678
cs.NA 2504.04069
cs.NA 2504.04247
cs.NA 2504.04274
cs.NA 2504.04499
cs.NA 2504.04847
cs.NA 2504.04887
cs.NA 2504.04912
cs.NA 2504.05026
cs.NA 2504.05066
cs.NA 2504.05300
cs.NA 2504.03895
cs.NA 2504.03903
cs.NA 2504.03914
cs.NA 2504.03937
cs.NA 2504.03990
cs.NA 2504.04282
cs.NA 2504.04341
cs.NA 2504.04357
cs.NA 2504.04360
cs.NA 2504.04381
cs.NA 2504.04442
cs.NA 2504.04483
cs.NA 2504.04501
cs.NA 2504.04509
cs.NA 2504.04531
cs.NA 2504.04554
cs.NA 2504.04607
cs.NA 2504.04826
cs.NA 2504.04852
cs.NA 2504.04859
cs.NA 2504.04929
cs.NA 2504.04951
cs.NA 2504.04989
cs.NA 2504.05022
cs.NA 2504.05036
cs.NA 2504.05124
cs.NA 2504.05149
cs.NA 2504.05151
cs.NA 2504.05266
cs.NA 2504.05465
cs.NA 2504.05852
cs.NA 2504.05868
cs.NA 2504.06132
cs.NA 2504.06260
cs.NA 2504.05443
cs.NA 2504.05493
cs.NA 2504.05503
cs.NA 2504.05723
cs.NA 2504.05776
cs.NA 2504.05784
cs.NA 2504.05845
cs.NA 2504.05895
cs.NA 2504.05942
cs.NA 2504.05991
cs.NA 2504.06119
cs.NA 2504.06149
cs.NA 2504.06458
cs.NA 2504.06475
cs.NA 2504.06782
cs.NA 2504.06837
cs.NA 2504.06951
cs.NA 2504.06371
cs.NA 2504.06378
cs.NA 2504.06425
cs.NA 2504.06583
cs.NA 2504.06603
cs.NA 2504.06621
cs.NA 2504.06763
cs.NA 2504.06889
cs.NA 2504.06938
cs.NA 2504.06998
cs.NA 2504.07058
cs.NA 2504.04048
cs.NA 2504.05068
cs.NA 2504.07388
cs.NA 2504.07796
cs.NA 2504.07835
cs.NA 2504.07269
cs.NA 2504.07391
cs.NA 2504.07520
cs.NA 2504.07580
cs.NA 2504.07637
cs.NA 2504.07712
cs.NA 2504.07809
cs.NA 2504.07850
cs.CR 2504.03307
cs.CR 2504.02963
cs.CR 2504.02979
cs.CR 2504.03002
cs.CR 2504.03077
cs.CR 2504.03111
cs.CR 2504.03173
cs.CR 2504.03238
cs.CR 2504.03347
cs.CR 2504.03363
cs.CR 2504.03850
cs.CR 2504.04041
cs.CR 2504.04222
cs.CR 2504.04285
cs.CR 2504.04511
cs.CR 2504.04715
cs.CR 2504.04734
cs.CR 2504.04803
cs.CR 2504.05094
cs.CR 2504.05259
cs.CR 2504.03726
cs.CR 2504.03730
cs.CR 2504.03735
cs.CR 2504.03742
cs.CR 2504.03750
cs.CR 2504.03752
cs.CR 2504.03759
cs.CR 2504.03765
cs.CR 2504.03767
cs.CR 2504.03770
cs.CR 2504.03778
cs.CR 2504.03823
cs.CR 2504.03863
cs.CR 2504.03909
cs.CR 2504.03936
cs.CR 2504.03957
cs.CR 2504.04063
cs.CR 2504.04187
cs.CR 2504.04311
cs.CR 2504.04367
cs.CR 2504.04374
cs.CR 2504.04388
cs.CR 2504.04394
cs.CR 2504.04422
cs.CR 2504.04685
cs.CR 2504.04731
cs.CR 2504.04794
cs.CR 2504.04809
cs.CR 2504.05002
cs.CR 2504.05006
cs.CR 2504.05143
cs.CR 2504.05147
cs.CR 2504.05159
cs.CR 2504.05202
cs.CR 2504.05689
cs.CR 2504.05710
cs.CR 2504.05838
cs.CR 2504.06211
cs.CR 2504.05408
cs.CR 2504.05485
cs.CR 2504.05509
cs.CR 2504.05605
cs.CR 2504.05652
cs.CR 2504.05832
cs.CR 2504.05866
cs.CR 2504.05902
cs.CR 2504.05968
cs.CR 2504.06017
cs.CR 2504.06083
cs.CR 2504.06102
cs.CR 2504.06180
cs.CR 2504.06241
cs.CR 2504.06410
cs.CR 2504.06418
cs.CR 2504.07027
cs.CR 2504.06320
cs.CR 2504.06417
cs.CR 2504.06552
cs.CR 2504.06575
cs.CR 2504.06712
cs.CR 2504.06744
cs.CR 2504.06833
cs.CR 2504.06923
cs.CR 2504.07002
cs.CR 2504.07015
cs.CR 2504.07018
cs.CR 2504.07041
cs.CR 2504.07048
cs.CR 2504.07761
cs.CR 2504.07875
cs.CR 2504.07132
cs.CR 2504.07135
cs.CR 2504.07137
cs.CR 2504.07140
cs.CR 2504.07220
cs.CR 2504.07265
cs.CR 2504.07280
cs.CR 2504.07287
cs.CR 2504.07318
cs.CR 2504.07323
cs.CR 2504.07358
cs.CR 2504.07362
cs.CR 2504.07414
cs.CR 2504.07419
cs.CR 2504.07457
cs.CR 2504.07478
cs.CR 2504.07543
cs.CR 2504.07574
cs.CR 2504.07578
cs.CR 2504.07590
cs.CR 2504.07717
cs.CR 2504.07766
cs.CR 2504.07839
cs.CR 2504.07868
cs.CR 2504.07938
cs.RO 2504.02851
cs.RO 2504.02852
cs.RO 2504.02964
cs.RO 2504.02991
cs.RO 2504.03120
cs.RO 2504.03123
cs.RO 2504.03125
cs.RO 2504.03126
cs.RO 2504.03157
cs.RO 2504.03171
cs.RO 2504.03245
cs.RO 2504.03249
cs.RO 2504.03256
cs.RO 2504.03271
cs.RO 2504.03373
cs.RO 2504.03423
cs.RO 2504.03524
cs.RO 2504.03001
cs.RO 2504.03015
cs.RO 2504.03038
cs.RO 2504.03053
cs.RO 2504.03067
cs.RO 2504.03098
cs.RO 2504.03129
cs.RO 2504.03260
cs.RO 2504.03280
cs.RO 2504.03369
cs.RO 2504.03379
cs.RO 2504.03500
cs.RO 2504.03515
cs.RO 2504.03597
cs.RO 2504.03629
cs.RO 2410.14996
cs.RO 2504.03764
cs.RO 2504.03769
cs.RO 2504.03810
cs.RO 2504.03886
cs.RO 2504.04040
cs.RO 2504.04097
cs.RO 2504.04170
cs.RO 2504.04191
cs.RO 2504.04239
cs.RO 2504.04508
cs.RO 2504.04550
cs.RO 2504.04578
cs.RO 2504.04583
cs.RO 2504.04605
cs.RO 2504.04638
cs.RO 2504.04732
cs.RO 2504.04744
cs.RO 2504.04756
cs.RO 2504.04862
cs.RO 2504.05148
cs.RO 2504.05223
cs.RO 2504.03938
cs.RO 2504.03939
cs.RO 2504.03983
cs.RO 2504.03988
cs.RO 2504.03989
cs.RO 2504.04061
cs.RO 2504.04148
cs.RO 2504.04194
cs.RO 2504.04217
cs.RO 2504.04259
cs.RO 2504.04289
cs.RO 2504.04338
cs.RO 2504.04419
cs.RO 2504.04421
cs.RO 2504.04445
cs.RO 2504.04451
cs.RO 2504.04497
cs.RO 2504.04516
cs.RO 2504.04562
cs.RO 2504.04573
cs.RO 2504.04598
cs.RO 2504.04603
cs.RO 2504.04612
cs.RO 2504.04767
cs.RO 2504.04774
cs.RO 2504.04795
cs.RO 2504.04844
cs.RO 2504.04868
cs.RO 2504.04936
cs.RO 2504.04939
cs.RO 2504.04970
cs.RO 2504.04991
cs.RO 2504.04998
cs.RO 2504.05033
cs.RO 2504.05041
cs.RO 2504.05084
cs.RO 2504.05103
cs.RO 2504.05225
cs.RO 2504.05287
cs.RO 2504.05291
cs.RO 2504.05363
cs.RO 2504.05422
cs.RO 2504.05465
cs.RO 2504.05832
cs.RO 2504.06091
cs.RO 2504.06242
cs.RO 2504.05329
cs.RO 2504.05330
cs.RO 2504.05339
cs.RO 2504.05351
cs.RO 2504.05407
cs.RO 2504.05477
cs.RO 2504.05488
cs.RO 2504.05550
cs.RO 2504.05552
cs.RO 2504.05560
cs.RO 2504.05629
cs.RO 2504.05665
cs.RO 2504.05727
cs.RO 2504.05883
cs.RO 2504.05887
cs.RO 2504.05918
cs.RO 2504.05921
cs.RO 2504.05939
cs.RO 2504.05975
cs.RO 2504.05983
cs.RO 2504.05985
cs.RO 2504.05987
cs.RO 2504.06015
cs.RO 2504.06084
cs.RO 2504.06105
cs.RO 2504.06106
cs.RO 2504.06124
cs.RO 2504.06154
cs.RO 2504.06156
cs.RO 2504.06189
cs.RO 2504.06245
cs.RO 2504.06374
cs.RO 2504.06500
cs.RO 2504.06746
cs.RO 2504.07095
cs.RO 2504.06370
cs.RO 2504.06429
cs.RO 2504.06437
cs.RO 2504.06442
cs.RO 2504.06468
cs.RO 2504.06479
cs.RO 2504.06513
cs.RO 2504.06523
cs.RO 2504.06538
cs.RO 2504.06553
cs.RO 2504.06584
cs.RO 2504.06585
cs.RO 2504.06593
cs.RO 2504.06596
cs.RO 2504.06640
cs.RO 2504.06651
cs.RO 2504.06661
cs.RO 2504.06662
cs.RO 2504.06670
cs.RO 2504.06677
cs.RO 2504.06684
cs.RO 2504.06718
cs.RO 2504.06721
cs.RO 2504.06735
cs.RO 2504.06772
cs.RO 2504.06819
cs.RO 2504.06866
cs.RO 2504.06961
cs.RO 2504.06994
cs.RO 2504.07001
cs.RO 2504.07028
cs.RO 2504.07163
cs.RO 2504.07466
cs.RO 2504.07623
cs.RO 2504.07896
cs.RO 2504.07231
cs.RO 2504.07242
cs.RO 2504.07266
cs.RO 2504.07283
cs.RO 2504.07292
cs.RO 2504.07309
cs.RO 2504.07507
cs.RO 2504.07554
cs.RO 2504.07597
cs.RO 2504.07658
cs.RO 2504.07677
cs.RO 2504.07694
cs.RO 2504.07697
cs.RO 2504.07708
cs.RO 2504.07802
cs.RO 2504.07843
cs.RO 2504.07939
cs.NI 2504.03178
cs.NI 2504.03244
cs.NI 2504.03355
cs.NI 2504.03412
cs.NI 2504.03499
cs.NI 2504.03586
cs.NI 2504.03653
cs.NI 2504.03804
cs.NI 2504.04005
cs.NI 2504.03686
cs.NI 2504.03690
cs.NI 2504.03704
cs.NI 2504.03708
cs.NI 2504.03721
cs.NI 2504.03747
cs.NI 2504.04008
cs.NI 2504.04027
cs.NI 2504.04404
cs.NI 2504.04438
cs.NI 2504.04586
cs.NI 2504.04678
cs.NI 2504.05187
cs.NI 2504.05222
cs.NI 2504.05371
cs.NI 2504.06102
cs.NI 2504.06241
cs.NI 2504.05793
cs.NI 2504.05964
cs.NI 2504.06173
cs.NI 2504.00825
cs.NI 2504.02633
cs.NI 2504.05176
cs.NI 2504.06406
cs.NI 2504.06478
cs.NI 2504.06587
cs.NI 2504.06682
cs.NI 2504.07175
cs.NI 2504.07220
cs.NI 2504.07323
cs.NI 2504.07428
cs.NI 2504.07543
cs.NI 2504.07262
cs.NI 2504.07431
cs.NI 2504.07528
cs.NI 2504.07829
cs.PL 2504.03529
cs.PL 2504.02975
cs.PL 2504.03109
cs.PL 2504.03155
cs.PL 2504.03182
cs.PL 2504.04365
cs.PL 2504.04874
cs.PL 2504.03890
cs.PL 2504.03995
cs.PL 2504.04302
cs.PL 2504.04542
cs.PL 2504.04962
cs.PL 2504.05173
cs.PL 2504.05424
cs.PL 2504.05482
cs.PL 2504.05398
cs.PL 2504.06026
cs.PL 2504.06295
cs.PL 2504.06789
cs.PL 2504.06421
cs.PL 2504.06542
cs.PL 2504.06688
cs.PL 2504.06975
cs.PL 2504.07004
cs.PL 2504.07483
cs.PL 2504.07732
cs.OS 2503.22089
cs.OS 2503.23774
cs.OS 2503.23068
cs.OS 2503.23611
cs.OS 2503.23952
cs.OS 2504.03109
cs.OS 2504.04874
cs.OS 2504.06151
cs.IT 2504.03117
cs.IT 2504.03538
cs.IT 2504.03605
cs.IT 2504.02946
cs.IT 2504.03090
cs.IT 2504.03183
cs.IT 2504.03361
cs.IT 2504.03685
cs.IT 2504.03690
cs.IT 2504.04067
cs.IT 2504.04232
cs.IT 2504.04267
cs.IT 2504.03918
cs.IT 2504.04686
cs.IT 2504.04758
cs.IT 2504.04967
cs.IT 2504.05176
cs.IT 2504.05907
cs.IT 2504.06209
cs.IT 2504.05326
cs.IT 2504.05328
cs.IT 2504.05371
cs.IT 2504.05578
cs.IT 2504.05654
cs.IT 2504.05729
cs.IT 2504.05792
cs.IT 2504.05807
cs.IT 2504.05828
cs.IT 2504.05959
cs.IT 2503.13450
cs.IT 2504.07068
cs.IT 2504.06546
cs.IT 2504.06734
cs.IT 2504.06790
cs.IT 2504.06842
cs.IT 2504.06937
cs.IT 2504.00542
cs.IT 2504.07322
cs.IT 2504.07341
cs.IT 2504.07656
cs.IT 2504.07428
cs.IT 2504.07477
cs.IT 2504.07500
cs.IT 2504.07647
cs.IT 2504.07678
cs.IT 2504.07709
cs.IT 2504.07743
cs.IT 2504.07804
cs.SE 2504.03109
cs.SE 2504.02962
cs.SE 2504.03085
cs.SE 2504.03167
cs.SE 2504.03863
cs.SE 2504.03966
cs.SE 2504.04422
cs.SE 2504.03693
cs.SE 2504.03884
cs.SE 2504.04030
cs.SE 2504.04175
cs.SE 2504.04220
cs.SE 2504.04224
cs.SE 2504.04230
cs.SE 2504.04251
cs.SE 2504.04321
cs.SE 2504.04322
cs.SE 2504.04334
cs.SE 2504.04351
cs.SE 2504.04372
cs.SE 2504.04537
cs.SE 2504.04557
cs.SE 2504.04630
cs.SE 2504.04699
cs.SE 2504.04803
cs.SE 2504.04810
cs.SE 2504.04909
cs.SE 2504.04921
cs.SE 2504.05204
cs.SE 2504.05500
cs.SE 2504.05509
cs.SE 2504.06026
cs.SE 2504.05424
cs.SE 2504.05515
cs.SE 2504.05518
cs.SE 2504.05712
cs.SE 2504.05738
cs.SE 2504.05851
cs.SE 2504.06040
cs.SE 2504.06143
cs.SE 2504.06468
cs.SE 2504.06542
cs.SE 2504.06600
cs.SE 2504.07002
cs.SE 2504.06387
cs.SE 2504.06391
cs.SE 2504.06431
cs.SE 2504.06614
cs.SE 2504.06697
cs.SE 2504.06808
cs.SE 2504.06880
cs.SE 2504.06939
cs.SE 2504.07027
cs.SE 2504.07483
cs.SE 2504.07766
cs.SE 2504.07164
cs.SE 2504.07208
cs.SE 2504.07244
cs.SE 2504.07250
cs.SE 2504.07277
cs.SE 2504.07310
cs.SE 2504.07343
cs.SE 2504.07472
cs.SE 2504.07530
cs.SE 2504.07562
cs.SE 2504.07589
cs.SE 2504.07634
cs.SE 2504.07642
cs.SE 2504.07664
cs.SE 2504.07707
cs.SE 2504.07740
cs.SE 2504.07787
cs.SE 2504.07907
cs.SI 2504.02856
cs.SI 2504.02863
cs.SI 2504.02913
cs.SI 2504.02853
cs.SI 2504.02869
cs.SI 2504.02889
cs.SI 2504.03119
cs.SI 2504.03971
cs.SI 2504.04076
cs.SI 2504.04311
cs.SI 2504.04346
cs.SI 2504.04677
cs.SI 2504.04472
cs.SI 2504.05029
cs.SI 2504.05183
cs.SI 2504.06160
cs.SI 2504.06557
cs.SI 2504.06834
cs.SI 2504.06967
cs.SI 2504.06318
cs.SI 2504.06485
cs.SI 2504.06894
cs.SI 2504.07337
cs.SI 2504.07830
cs.SI 2504.07480
cs.SI 2504.07848
cs.SC 2503.22848
cs.SC 2504.00263
cs.SC 2504.00889
cs.SC 2504.01362
cs.SC 2504.01538
cs.SC 2504.01847
cs.SC 2504.02630
cs.SC 2504.03913
stat.AP 2504.02842
stat.AP 2504.02959
stat.AP 2504.03368
stat.AP 2504.03464
stat.AP 2504.03619
stat.AP 2504.03310
stat.AP 2504.03350
stat.AP 2504.03502
stat.AP 2504.03544
stat.AP 2504.03608
stat.AP 2504.03907
stat.AP 2504.03992
stat.AP 2504.04013
stat.AP 2504.04255
stat.AP 2504.04277
stat.AP 2504.04316
stat.AP 2504.04325
stat.AP 2504.04437
stat.AP 2504.04539
stat.AP 2504.04547
stat.AP 2504.04571
stat.AP 2504.04591
stat.AP 2504.04658
stat.AP 2504.04997
stat.AP 2504.05034
stat.AP 2504.05093
stat.AP 2504.05297
stat.AP 2504.04143
stat.AP 2504.04266
stat.AP 2504.04906
stat.AP 2504.05240
stat.AP 2504.05450
stat.AP 2504.05484
stat.AP 2504.05489
stat.AP 2504.05530
stat.AP 2504.05912
stat.AP 2504.06012
stat.AP 2504.06212
stat.AP 2504.05668
stat.AP 2504.06299
stat.AP 2504.06436
stat.AP 2504.06725
stat.AP 2504.06787
stat.AP 2504.06870
stat.AP 2504.07021
stat.AP 2504.06440
stat.AP 2504.06494
stat.AP 2504.06807
stat.AP 2504.07032
stat.AP 2504.07305
stat.AP 2504.07351
stat.AP 2504.07515
stat.AP 2504.07850
stat.AP 2504.07905
stat.AP 2504.07291
stat.AP 2504.07771
cs.CL 2504.02853
cs.CL 2504.02922
cs.CL 2504.02971
cs.CL 2504.02984
cs.CL 2504.03029
cs.CL 2504.03048
cs.CL 2504.03137
cs.CL 2504.03160
cs.CL 2504.03255
cs.CL 2504.03289
cs.CL 2504.03327
cs.CL 2504.03360
cs.CL 2504.03635
cs.CL 2504.02858
cs.CL 2504.02863
cs.CL 2504.02864
cs.CL 2504.02865
cs.CL 2504.02867
cs.CL 2504.02870
cs.CL 2504.02871
cs.CL 2504.02872
cs.CL 2504.02873
cs.CL 2504.02874
cs.CL 2504.02877
cs.CL 2504.02881
cs.CL 2504.02882
cs.CL 2504.02883
cs.CL 2504.02885
cs.CL 2504.02887
cs.CL 2504.02888
cs.CL 2504.02890
cs.CL 2504.02891
cs.CL 2504.02894
cs.CL 2504.02898
cs.CL 2504.02902
cs.CL 2504.02904
cs.CL 2504.02906
cs.CL 2504.02911
cs.CL 2504.02917
cs.CL 2504.02921
cs.CL 2504.02953
cs.CL 2504.02956
cs.CL 2504.02965
cs.CL 2504.02973
cs.CL 2504.02983
cs.CL 2504.03022
cs.CL 2504.03036
cs.CL 2504.03045
cs.CL 2504.03051
cs.CL 2504.03071
cs.CL 2504.03101
cs.CL 2504.03151
cs.CL 2504.03159
cs.CL 2504.03165
cs.CL 2504.03174
cs.CL 2504.03185
cs.CL 2504.03197
cs.CL 2504.03206
cs.CL 2504.03234
cs.CL 2504.03295
cs.CL 2504.03302
cs.CL 2504.03312
cs.CL 2504.03338
cs.CL 2504.03352
cs.CL 2504.03380
cs.CL 2504.03434
cs.CL 2504.03454
cs.CL 2504.03486
cs.CL 2504.03520
cs.CL 2504.03541
cs.CL 2504.03546
cs.CL 2504.03553
cs.CL 2504.03561
cs.CL 2504.03595
cs.CL 2504.03598
cs.CL 2504.03601
cs.CL 2504.03612
cs.CL 2504.03616
cs.CL 2504.03622
cs.CL 2504.03624
cs.CL 2504.03640
cs.CL 2504.03714
cs.CL 2504.03724
cs.CL 2504.03735
cs.CL 2504.03748
cs.CL 2504.03775
cs.CL 2504.03814
cs.CL 2504.03947
cs.CL 2504.03970
cs.CL 2504.04030
cs.CL 2504.04110
cs.CL 2504.04277
cs.CL 2504.04308
cs.CL 2504.04351
cs.CL 2504.04383
cs.CL 2504.04453
cs.CL 2504.04520
cs.CL 2504.04596
cs.CL 2504.04639
cs.CL 2504.04653
cs.CL 2504.04699
cs.CL 2504.04704
cs.CL 2504.04736
cs.CL 2504.04927
cs.CL 2504.04945
cs.CL 2504.04974
cs.CL 2504.05019
cs.CL 2504.05216
cs.CL 2504.05220
cs.CL 2504.05258
cs.CL 2504.05288
cs.CL 2504.03739
cs.CL 2504.03786
cs.CL 2504.03790
cs.CL 2504.03794
cs.CL 2504.03803
cs.CL 2504.03846
cs.CL 2504.03906
cs.CL 2504.03931
cs.CL 2504.03932
cs.CL 2504.03933
cs.CL 2504.03964
cs.CL 2504.03979
cs.CL 2504.03991
cs.CL 2504.04022
cs.CL 2504.04038
cs.CL 2504.04042
cs.CL 2504.04050
cs.CL 2504.04060
cs.CL 2504.04076
cs.CL 2504.04083
cs.CL 2504.04131
cs.CL 2504.04141
cs.CL 2504.04142
cs.CL 2504.04150
cs.CL 2504.04151
cs.CL 2504.04152
cs.CL 2504.04155
cs.CL 2504.04204
cs.CL 2504.04215
cs.CL 2504.04216
cs.CL 2504.04238
cs.CL 2504.04264
cs.CL 2504.04275
cs.CL 2504.04279
cs.CL 2504.04292
cs.CL 2504.04295
cs.CL 2504.04310
cs.CL 2504.04314
cs.CL 2504.04325
cs.CL 2504.04332
cs.CL 2504.04335
cs.CL 2504.04336
cs.CL 2504.04342
cs.CL 2504.04373
cs.CL 2504.04377
cs.CL 2504.04385
cs.CL 2504.04444
cs.CL 2504.04462
cs.CL 2504.04473
cs.CL 2504.04514
cs.CL 2504.04534
cs.CL 2504.04569
cs.CL 2504.04616
cs.CL 2504.04635
cs.CL 2504.04640
cs.CL 2504.04698
cs.CL 2504.04700
cs.CL 2504.04713
cs.CL 2504.04715
cs.CL 2504.04717
cs.CL 2504.04718
cs.CL 2504.04737
cs.CL 2504.04745
cs.CL 2504.04771
cs.CL 2504.04782
cs.CL 2504.04823
cs.CL 2504.04849
cs.CL 2504.04861
cs.CL 2504.04891
cs.CL 2504.04915
cs.CL 2504.04953
cs.CL 2504.04963
cs.CL 2504.04966
cs.CL 2504.04976
cs.CL 2504.04994
cs.CL 2504.05008
cs.CL 2504.05020
cs.CL 2504.05050
cs.CL 2504.05058
cs.CL 2504.05074
cs.CL 2504.05081
cs.CL 2504.05097
cs.CL 2504.05104
cs.CL 2504.05122
cs.CL 2504.05154
cs.CL 2504.05185
cs.CL 2504.05211
cs.CL 2504.05214
cs.CL 2504.05226
cs.CL 2504.05228
cs.CL 2504.05239
cs.CL 2504.05262
cs.CL 2504.05276
cs.CL 2504.05294
cs.CL 2504.05311
cs.CL 2504.05314
cs.CL 2504.05317
cs.CL 2504.05323
cs.CL 2504.05324
cs.CL 2504.05346
cs.CL 2504.05419
cs.CL 2504.05478
cs.CL 2504.05518
cs.CL 2504.05520
cs.CL 2504.05599
cs.CL 2504.05605
cs.CL 2504.05652
cs.CL 2504.05731
cs.CL 2504.05862
cs.CL 2504.05902
cs.CL 2504.06188
cs.CL 2504.06196
cs.CL 2504.06260
cs.CL 2504.06261
cs.CL 2504.05325
cs.CL 2504.05410
cs.CL 2504.05411
cs.CL 2504.05420
cs.CL 2504.05496
cs.CL 2504.05506
cs.CL 2504.05523
cs.CL 2504.05527
cs.CL 2504.05535
cs.CL 2504.05570
cs.CL 2504.05571
cs.CL 2504.05598
cs.CL 2504.05603
cs.CL 2504.05607
cs.CL 2504.05614
cs.CL 2504.05632
cs.CL 2504.05639
cs.CL 2504.05642
cs.CL 2504.05683
cs.CL 2504.05689
cs.CL 2504.05693
cs.CL 2504.05702
cs.CL 2504.05732
cs.CL 2504.05736
cs.CL 2504.05747
cs.CL 2504.05759
cs.CL 2504.05764
cs.CL 2504.05765
cs.CL 2504.05767
cs.CL 2504.05824
cs.CL 2504.05831
cs.CL 2504.05855
cs.CL 2504.05898
cs.CL 2504.05914
cs.CL 2504.05954
cs.CL 2504.05995
cs.CL 2504.06011
cs.CL 2504.06036
cs.CL 2504.06037
cs.CL 2504.06136
cs.CL 2504.06160
cs.CL 2504.06166
cs.CL 2504.06214
cs.CL 2504.06219
cs.CL 2504.06225
cs.CL 2504.06227
cs.CL 2311.12047
cs.CL 2504.05804
cs.CL 2504.06020
cs.CL 2504.06269
cs.CL 2504.06271
cs.CL 2504.06273
cs.CL 2504.06303
cs.CL 2504.06407
cs.CL 2504.06514
cs.CL 2504.06575
cs.CL 2504.06611
cs.CL 2504.06658
cs.CL 2504.06659
cs.CL 2504.06704
cs.CL 2504.06766
cs.CL 2504.06949
cs.CL 2504.06963
cs.CL 2504.07046
cs.CL 2504.07079
cs.CL 2504.07086
cs.CL 2504.07089
cs.CL 2504.07097
cs.CL 2504.06285
cs.CL 2504.06356
cs.CL 2504.06393
cs.CL 2504.06426
cs.CL 2504.06436
cs.CL 2504.06438
cs.CL 2504.06460
cs.CL 2504.06465
cs.CL 2504.06529
cs.CL 2504.06536
cs.CL 2504.06560
cs.CL 2504.06562
cs.CL 2504.06564
cs.CL 2504.06577
cs.CL 2504.06600
cs.CL 2504.06650
cs.CL 2504.06664
cs.CL 2504.06669
cs.CL 2504.06792
cs.CL 2504.06816
cs.CL 2504.06821
cs.CL 2504.06823
cs.CL 2504.06843
cs.CL 2504.06868
cs.CL 2504.06910
cs.CL 2504.06917
cs.CL 2504.06947
cs.CL 2504.06969
cs.CL 2504.07022
cs.CL 2504.07024
cs.CL 2504.07053
cs.CL 2504.07069
cs.CL 2504.07070
cs.CL 2504.07072
cs.CL 2504.07080
cs.CL 2504.07081
cs.CL 2504.07087
cs.CL 2504.07096
cs.CL 2504.07103
cs.CL 2504.07104
cs.CL 2504.07109
cs.CL 2504.07126
cs.CL 2504.07158
cs.CL 2504.07164
cs.CL 2504.07389
cs.CL 2504.07415
cs.CL 2504.07416
cs.CL 2504.07439
cs.CL 2504.07448
cs.CL 2504.07615
cs.CL 2504.07643
cs.CL 2504.07740
cs.CL 2504.07831
cs.CL 2504.07840
cs.CL 2504.07872
cs.CL 2504.07898
cs.CL 2504.07952
cs.CL 2504.07954
cs.CL 2504.07956
cs.CL 2504.07965
cs.CL 2504.07100
cs.CL 2504.07113
cs.CL 2504.07114
cs.CL 2504.07115
cs.CL 2504.07116
cs.CL 2504.07128
cs.CL 2504.07174
cs.CL 2504.07199
cs.CL 2504.07228
cs.CL 2504.07229
cs.CL 2504.07274
cs.CL 2504.07282
cs.CL 2504.07288
cs.CL 2504.07304
cs.CL 2504.07315
cs.CL 2504.07316
cs.CL 2504.07357
cs.CL 2504.07360
cs.CL 2504.07385
cs.CL 2504.07400
cs.CL 2504.07408
cs.CL 2504.07421
cs.CL 2504.07433
cs.CL 2504.07440
cs.CL 2504.07459
cs.CL 2504.07467
cs.CL 2504.07470
cs.CL 2504.07490
cs.CL 2504.07527
cs.CL 2504.07532
cs.CL 2504.07583
cs.CL 2504.07612
cs.CL 2504.07624
cs.CL 2504.07646
cs.CL 2504.07661
cs.CL 2504.07680
cs.CL 2504.07685
cs.CL 2504.07698
cs.CL 2504.07724
cs.CL 2504.07733
cs.CL 2504.07738
cs.CL 2504.07749
cs.CL 2504.07754
cs.CL 2504.07794
cs.CL 2504.07803
cs.CL 2504.07807
cs.CL 2504.07825
cs.CL 2504.07826
cs.CL 2504.07830
cs.CL 2504.07854
cs.CL 2504.07866
cs.CL 2504.07878
cs.CL 2504.07887
cs.CL 2504.07901
eess.AS 2504.02988
eess.AS 2504.03289
eess.AS 2504.03373
eess.AS 2504.03546
eess.AS 2504.03329
eess.AS 2504.03679
eess.AS 2504.03998
eess.AS 2504.04060
eess.AS 2504.04589
eess.AS 2504.05009
eess.AS 2504.05158
eess.AS 2504.04075
eess.AS 2504.04450
eess.AS 2504.04512
eess.AS 2504.04721
eess.AS 2504.04751
eess.AS 2504.05368
eess.AS 2504.05847
eess.AS 2504.05657
eess.AS 2504.06275
eess.AS 2504.06778
eess.AS 2504.07053
eess.AS 2504.06963
eess.AS 2504.07229
eess.AS 2504.07345
eess.AS 2504.07406
eess.AS 2504.07652
stat.ML 2504.00059
stat.ML 2504.02900
stat.ML 2504.02938
stat.ML 2504.03119
stat.ML 2504.03122
stat.ML 2504.03152
stat.ML 2504.03190
stat.ML 2504.03228
stat.ML 2504.03321
stat.ML 2504.03560
stat.ML 2504.02919
stat.ML 2504.03035
stat.ML 2504.03097
stat.ML 2504.03158
stat.ML 2504.03172
stat.ML 2504.03318
stat.ML 2504.03322
stat.ML 2504.03461
stat.ML 2504.03503
stat.ML 2504.03714
stat.ML 2504.03760
stat.ML 2504.03790
stat.ML 2504.03850
stat.ML 2504.03902
stat.ML 2504.03913
stat.ML 2504.03928
stat.ML 2504.03952
stat.ML 2504.04015
stat.ML 2504.04039
stat.ML 2504.04079
stat.ML 2504.04274
stat.ML 2504.04283
stat.ML 2504.04320
stat.ML 2504.04353
stat.ML 2504.04371
stat.ML 2504.04528
stat.ML 2504.04567
stat.ML 2504.04579
stat.ML 2504.04799
stat.ML 2504.04829
stat.ML 2504.04973
stat.ML 2504.05140
stat.ML 2504.05250
stat.ML 2504.05300
stat.ML 2504.03784
stat.ML 2504.03943
stat.ML 2504.04013
stat.ML 2504.04016
stat.ML 2504.04105
stat.ML 2504.04247
stat.ML 2504.04576
stat.ML 2504.04609
stat.ML 2504.04642
stat.ML 2504.04667
stat.ML 2504.04812
stat.ML 2504.04997
stat.ML 2504.05004
stat.ML 2504.05161
stat.ML 2504.05364
stat.ML 2504.05405
stat.ML 2504.05466
stat.ML 2504.05695
stat.ML 2504.06250
stat.ML 2504.05349
stat.ML 2504.05426
stat.ML 2504.05643
stat.ML 2504.05881
stat.ML 2504.05892
stat.ML 2504.05804
stat.ML 2504.06372
stat.ML 2504.06453
stat.ML 2504.06983
stat.ML 2504.06991
stat.ML 2504.07010
stat.ML 2504.07097
stat.ML 2504.06364
stat.ML 2504.06470
stat.ML 2504.06477
stat.ML 2504.07131
stat.ML 2504.07307
stat.ML 2504.07437
stat.ML 2504.07513
stat.ML 2504.07133
stat.ML 2504.07347
stat.ML 2504.07742
stat.ML 2504.07818
stat.ML 2504.07820
cs.LG 2504.02830
cs.LG 2504.02833
cs.LG 2504.02834
cs.LG 2504.02839
cs.LG 2504.02842
cs.LG 2504.02848
cs.LG 2504.02854
cs.LG 2504.02858
cs.LG 2504.02862
cs.LG 2504.02865
cs.LG 2504.02868
cs.LG 2504.02876
cs.LG 2504.02878
cs.LG 2504.02882
cs.LG 2504.02883
cs.LG 2504.02887
cs.LG 2504.02898
cs.LG 2504.02900
cs.LG 2504.02904
cs.LG 2504.02905
cs.LG 2504.02909
cs.LG 2504.02912
cs.LG 2504.02916
cs.LG 2504.02919
cs.LG 2504.02920
cs.LG 2504.02965
cs.LG 2504.02993
cs.LG 2504.03010
cs.LG 2504.03020
cs.LG 2504.03035
cs.LG 2504.03059
cs.LG 2504.03072
cs.LG 2504.03097
cs.LG 2504.03129
cs.LG 2504.03146
cs.LG 2504.03151
cs.LG 2504.03158
cs.LG 2504.03160
cs.LG 2504.03172
cs.LG 2504.03175
cs.LG 2504.03190
cs.LG 2504.03230
cs.LG 2504.03234
cs.LG 2504.03241
cs.LG 2504.03272
cs.LG 2504.03278
cs.LG 2504.03299
cs.LG 2504.03306
cs.LG 2504.03309
cs.LG 2504.03312
cs.LG 2504.03315
cs.LG 2504.03318
cs.LG 2504.03322
cs.LG 2504.03328
cs.LG 2504.03350
cs.LG 2504.03360
cs.LG 2504.03415
cs.LG 2504.03432
cs.LG 2504.03440
cs.LG 2504.03454
cs.LG 2504.03461
cs.LG 2504.03463
cs.LG 2504.03486
cs.LG 2504.03499
cs.LG 2504.03500
cs.LG 2504.03503
cs.LG 2504.03515
cs.LG 2504.03546
cs.LG 2504.03553
cs.LG 2504.03560
cs.LG 2504.03561
cs.LG 2504.03592
cs.LG 2504.03601
cs.LG 2504.03603
cs.LG 2504.03618
cs.LG 2504.03622
cs.LG 2504.03624
cs.LG 2504.03626
cs.LG 2504.02901
cs.LG 2504.02922
cs.LG 2504.02938
cs.LG 2504.02957
cs.LG 2504.02968
cs.LG 2504.02976
cs.LG 2504.02994
cs.LG 2504.02996
cs.LG 2504.02999
cs.LG 2504.03024
cs.LG 2504.03040
cs.LG 2504.03048
cs.LG 2504.03064
cs.LG 2504.03092
cs.LG 2504.03093
cs.LG 2504.03122
cs.LG 2504.03152
cs.LG 2504.03153
cs.LG 2504.03162
cs.LG 2504.03163
cs.LG 2504.03170
cs.LG 2504.03187
cs.LG 2504.03188
cs.LG 2504.03205
cs.LG 2504.03209
cs.LG 2504.03211
cs.LG 2504.03214
cs.LG 2504.03220
cs.LG 2504.03327
cs.LG 2504.03334
cs.LG 2504.03359
cs.LG 2504.03387
cs.LG 2504.03420
cs.LG 2504.03423
cs.LG 2504.03429
cs.LG 2504.03450
cs.LG 2504.03478
cs.LG 2504.03483
cs.LG 2504.03484
cs.LG 2504.03485
cs.LG 2504.03491
cs.LG 2504.03494
cs.LG 2504.03497
cs.LG 2504.03505
cs.LG 2504.03531
cs.LG 2504.03579
cs.LG 2504.03583
cs.LG 2504.03625
cs.LG 2504.03649
cs.LG 2504.03651
cs.LG 2504.03652
cs.LG 2504.03655
cs.LG 2504.03664
cs.LG 2504.03668
cs.LG 2504.03681
cs.LG 2504.03682
cs.LG 2504.03685
cs.LG 2504.03686
cs.LG 2504.03690
cs.LG 2504.03692
cs.LG 2504.03695
cs.LG 2504.03699
cs.LG 2504.03701
cs.LG 2504.03703
cs.LG 2504.03706
cs.LG 2504.03707
cs.LG 2504.03711
cs.LG 2504.03712
cs.LG 2504.03720
cs.LG 2504.03726
cs.LG 2504.03727
cs.LG 2504.03729
cs.LG 2504.03733
cs.LG 2504.03735
cs.LG 2504.03739
cs.LG 2504.03742
cs.LG 2504.03750
cs.LG 2504.03757
cs.LG 2504.03760
cs.LG 2504.03761
cs.LG 2504.03762
cs.LG 2504.03763
cs.LG 2504.03767
cs.LG 2504.03772
cs.LG 2504.03784
cs.LG 2504.03785
cs.LG 2504.03790
cs.LG 2504.03803
cs.LG 2504.03821
cs.LG 2504.03847
cs.LG 2504.03850
cs.LG 2504.03857
cs.LG 2504.03861
cs.LG 2504.03869
cs.LG 2504.03871
cs.LG 2504.03891
cs.LG 2504.03930
cs.LG 2504.03933
cs.LG 2504.03943
cs.LG 2504.03952
cs.LG 2504.03957
cs.LG 2504.03964
cs.LG 2504.03992
cs.LG 2504.04002
cs.LG 2504.04010
cs.LG 2504.04013
cs.LG 2504.04016
cs.LG 2504.04025
cs.LG 2504.04045
cs.LG 2504.04051
cs.LG 2504.04059
cs.LG 2504.04072
cs.LG 2504.04089
cs.LG 2504.04105
cs.LG 2504.04179
cs.LG 2504.04187
cs.LG 2504.04188
cs.LG 2504.04196
cs.LG 2504.04204
cs.LG 2504.04247
cs.LG 2504.04271
cs.LG 2504.04300
cs.LG 2504.04311
cs.LG 2504.04326
cs.LG 2504.04335
cs.LG 2504.04338
cs.LG 2504.04349
cs.LG 2504.04351
cs.LG 2504.04372
cs.LG 2504.04373
cs.LG 2504.04383
cs.LG 2504.04398
cs.LG 2504.04421
cs.LG 2504.04444
cs.LG 2504.04453
cs.LG 2504.04455
cs.LG 2504.04469
cs.LG 2504.04534
cs.LG 2504.04550
cs.LG 2504.04576
cs.LG 2504.04578
cs.LG 2504.04582
cs.LG 2504.04609
cs.LG 2504.04612
cs.LG 2504.04634
cs.LG 2504.04642
cs.LG 2504.04667
cs.LG 2504.04669
cs.LG 2504.04715
cs.LG 2504.04736
cs.LG 2504.04737
cs.LG 2504.04749
cs.LG 2504.04756
cs.LG 2504.04812
cs.LG 2504.04858
cs.LG 2504.04873
cs.LG 2504.04891
cs.LG 2504.04909
cs.LG 2504.04911
cs.LG 2504.04915
cs.LG 2504.04934
cs.LG 2504.04936
cs.LG 2504.04974
cs.LG 2504.04997
cs.LG 2504.05004
cs.LG 2504.05009
cs.LG 2504.05029
cs.LG 2504.05071
cs.LG 2504.05097
cs.LG 2504.05106
cs.LG 2504.05108
cs.LG 2504.05144
cs.LG 2504.05147
cs.LG 2504.05161
cs.LG 2504.05169
cs.LG 2504.05181
cs.LG 2504.05186
cs.LG 2504.05187
cs.LG 2504.05210
cs.LG 2504.05218
cs.LG 2504.05231
cs.LG 2504.05235
cs.LG 2504.05249
cs.LG 2504.05254
cs.LG 2504.05271
cs.LG 2504.05274
cs.LG 2504.03650
cs.LG 2504.03669
cs.LG 2504.03670
cs.LG 2504.03688
cs.LG 2504.03700
cs.LG 2504.03710
cs.LG 2504.03713
cs.LG 2504.03714
cs.LG 2504.03715
cs.LG 2504.03716
cs.LG 2504.03717
cs.LG 2504.03718
cs.LG 2504.03719
cs.LG 2504.03725
cs.LG 2504.03734
cs.LG 2504.03736
cs.LG 2504.03738
cs.LG 2504.03740
cs.LG 2504.03743
cs.LG 2504.03744
cs.LG 2504.03746
cs.LG 2504.03748
cs.LG 2504.03749
cs.LG 2504.03751
cs.LG 2504.03753
cs.LG 2504.03755
cs.LG 2504.03756
cs.LG 2504.03773
cs.LG 2504.03777
cs.LG 2504.03782
cs.LG 2504.03783
cs.LG 2504.03792
cs.LG 2504.03793
cs.LG 2504.03796
cs.LG 2504.03800
cs.LG 2504.03801
cs.LG 2504.03804
cs.LG 2504.03814
cs.LG 2504.03818
cs.LG 2504.03877
cs.LG 2504.03889
cs.LG 2504.03902
cs.LG 2504.03913
cs.LG 2504.03915
cs.LG 2504.03926
cs.LG 2504.03928
cs.LG 2504.03940
cs.LG 2504.03955
cs.LG 2504.03975
cs.LG 2504.03978
cs.LG 2504.03994
cs.LG 2504.04011
cs.LG 2504.04015
cs.LG 2504.04017
cs.LG 2504.04032
cs.LG 2504.04033
cs.LG 2504.04039
cs.LG 2504.04052
cs.LG 2504.04055
cs.LG 2504.04079
cs.LG 2504.04081
cs.LG 2504.04104
cs.LG 2504.04120
cs.LG 2504.04138
cs.LG 2504.04159
cs.LG 2504.04160
cs.LG 2504.04164
cs.LG 2504.04202
cs.LG 2504.04222
cs.LG 2504.04242
cs.LG 2504.04243
cs.LG 2504.04244
cs.LG 2504.04260
cs.LG 2504.04277
cs.LG 2504.04280
cs.LG 2504.04283
cs.LG 2504.04301
cs.LG 2504.04303
cs.LG 2504.04308
cs.LG 2504.04318
cs.LG 2504.04319
cs.LG 2504.04320
cs.LG 2504.04353
cs.LG 2504.04363
cs.LG 2504.04365
cs.LG 2504.04371
cs.LG 2504.04378
cs.LG 2504.04395
cs.LG 2504.04505
cs.LG 2504.04506
cs.LG 2504.04520
cs.LG 2504.04524
cs.LG 2504.04528
cs.LG 2504.04579
cs.LG 2504.04583
cs.LG 2504.04613
cs.LG 2504.04626
cs.LG 2504.04647
cs.LG 2504.04654
cs.LG 2504.04657
cs.LG 2504.04665
cs.LG 2504.04670
cs.LG 2504.04673
cs.LG 2504.04691
cs.LG 2504.04702
cs.LG 2504.04704
cs.LG 2504.04706
cs.LG 2504.04739
cs.LG 2504.04766
cs.LG 2504.04770
cs.LG 2504.04772
cs.LG 2504.04783
cs.LG 2504.04798
cs.LG 2504.04799
cs.LG 2504.04829
cs.LG 2504.04847
cs.LG 2504.04867
cs.LG 2504.04877
cs.LG 2504.04945
cs.LG 2504.04950
cs.LG 2504.04973
cs.LG 2504.05018
cs.LG 2504.05019
cs.LG 2504.05024
cs.LG 2504.05026
cs.LG 2504.05045
cs.LG 2504.05059
cs.LG 2504.05119
cs.LG 2504.05125
cs.LG 2504.05138
cs.LG 2504.05140
cs.LG 2504.05150
cs.LG 2504.05153
cs.LG 2504.05167
cs.LG 2504.05172
cs.LG 2504.05174
cs.LG 2504.05180
cs.LG 2504.05245
cs.LG 2504.05248
cs.LG 2504.05250
cs.LG 2504.05255
cs.LG 2504.05258
cs.LG 2504.05279
cs.LG 2504.05295
cs.LG 2504.05300
cs.LG 2504.05304
cs.LG 2504.05313
cs.LG 2504.05317
cs.LG 2504.05320
cs.LG 2504.05321
cs.LG 2504.05336
cs.LG 2504.05341
cs.LG 2504.05347
cs.LG 2504.05349
cs.LG 2504.05350
cs.LG 2504.05364
cs.LG 2504.05365
cs.LG 2504.05407
cs.LG 2504.05410
cs.LG 2504.05411
cs.LG 2504.05422
cs.LG 2504.05426
cs.LG 2504.05455
cs.LG 2504.05462
cs.LG 2504.05493
cs.LG 2504.05500
cs.LG 2504.05517
cs.LG 2504.05518
cs.LG 2504.05534
cs.LG 2504.05563
cs.LG 2504.05565
cs.LG 2504.05575
cs.LG 2504.05598
cs.LG 2504.05603
cs.LG 2504.05632
cs.LG 2504.05636
cs.LG 2504.05643
cs.LG 2504.05654
cs.LG 2504.05686
cs.LG 2504.05696
cs.LG 2504.05711
cs.LG 2504.05728
cs.LG 2504.05800
cs.LG 2504.05846
cs.LG 2504.05881
cs.LG 2504.05891
cs.LG 2504.05904
cs.LG 2504.05908
cs.LG 2504.05918
cs.LG 2504.05954
cs.LG 2504.05970
cs.LG 2504.06037
cs.LG 2504.06087
cs.LG 2504.06088
cs.LG 2504.06095
cs.LG 2504.06099
cs.LG 2504.06105
cs.LG 2504.06160
cs.LG 2504.06173
cs.LG 2504.06196
cs.LG 2504.06214
cs.LG 2504.06219
cs.LG 2504.06225
cs.LG 2504.06250
cs.LG 2504.05334
cs.LG 2504.05335
cs.LG 2504.05338
cs.LG 2504.05342
cs.LG 2504.05343
cs.LG 2504.05344
cs.LG 2504.05345
cs.LG 2504.05346
cs.LG 2504.05352
cs.LG 2504.05355
cs.LG 2504.05356
cs.LG 2504.05357
cs.LG 2504.05366
cs.LG 2504.05405
cs.LG 2504.05425
cs.LG 2504.05454
cs.LG 2504.05461
cs.LG 2504.05471
cs.LG 2504.05478
cs.LG 2504.05490
cs.LG 2504.05520
cs.LG 2504.05530
cs.LG 2504.05553
cs.LG 2504.05585
cs.LG 2504.05586
cs.LG 2504.05588
cs.LG 2504.05610
cs.LG 2504.05615
cs.LG 2504.05618
cs.LG 2504.05625
cs.LG 2504.05627
cs.LG 2504.05633
cs.LG 2504.05638
cs.LG 2504.05646
cs.LG 2504.05651
cs.LG 2504.05670
cs.LG 2504.05695
cs.LG 2504.05716
cs.LG 2504.05756
cs.LG 2504.05758
cs.LG 2504.05761
cs.LG 2504.05768
cs.LG 2504.05812
cs.LG 2504.05822
cs.LG 2504.05840
cs.LG 2504.05844
cs.LG 2504.05868
cs.LG 2504.05894
cs.LG 2504.05897
cs.LG 2504.05923
cs.LG 2504.05928
cs.LG 2504.05945
cs.LG 2504.05957
cs.LG 2504.05962
cs.LG 2504.05978
cs.LG 2504.06006
cs.LG 2504.06048
cs.LG 2504.06055
cs.LG 2504.06070
cs.LG 2504.06075
cs.LG 2504.06111
cs.LG 2504.06125
cs.LG 2504.06126
cs.LG 2504.06141
cs.LG 2504.06157
cs.LG 2504.06176
cs.LG 2504.06193
cs.LG 2504.06207
cs.LG 2504.06209
cs.LG 2504.06212
cs.LG 2504.06235
cs.LG 2504.06261
cs.LG 2504.06265
cs.LG 2504.05804
cs.LG 2504.06020
cs.LG 2504.06274
cs.LG 2504.06293
cs.LG 2504.06298
cs.LG 2504.06299
cs.LG 2504.06303
cs.LG 2504.06304
cs.LG 2504.06316
cs.LG 2504.06320
cs.LG 2504.06328
cs.LG 2504.06357
cs.LG 2504.06364
cs.LG 2504.06393
cs.LG 2504.06399
cs.LG 2504.06426
cs.LG 2504.06439
cs.LG 2504.06442
cs.LG 2504.06470
cs.LG 2504.06477
cs.LG 2504.06500
cs.LG 2504.06514
cs.LG 2504.06523
cs.LG 2504.06536
cs.LG 2504.06566
cs.LG 2504.06577
cs.LG 2504.06584
cs.LG 2504.06609
cs.LG 2504.06622
cs.LG 2504.06627
cs.LG 2504.06664
cs.LG 2504.06721
cs.LG 2504.06774
cs.LG 2504.06792
cs.LG 2504.06806
cs.LG 2504.06811
cs.LG 2504.06818
cs.LG 2504.06838
cs.LG 2504.06878
cs.LG 2504.06897
cs.LG 2504.06908
cs.LG 2504.06923
cs.LG 2504.06963
cs.LG 2504.06979
cs.LG 2504.06994
cs.LG 2504.06996
cs.LG 2504.07010
cs.LG 2504.07027
cs.SD 2504.03329
cs.LG 2504.07055
cs.SD 2504.03546
cs.SD 2504.02988
cs.LG 2504.07065
cs.SD 2504.03289
cs.LG 2504.07078
cs.SD 2504.03373
cs.LG 2504.07080
cs.SD 2504.03679
cs.LG 2504.07091
cs.SD 2504.04060
cs.LG 2504.07092
cs.SD 2504.04394
cs.LG 2504.06280
cs.SD 2504.03998
cs.LG 2504.06305
cs.SD 2504.04428
cs.LG 2504.06307
cs.SD 2504.04466
cs.LG 2504.06308
cs.SD 2504.04479
cs.LG 2504.06312
cs.SD 2504.04589
cs.LG 2504.06319
cs.SD 2504.04949
cs.LG 2504.06323
cs.SD 2504.05009
cs.LG 2504.06325
cs.SD 2504.05158
cs.LG 2504.06327
cs.SD 2504.05197
cs.LG 2504.06355
cs.SD 2504.05657
cs.LG 2504.06386
cs.SD 2504.05672
cs.LG 2504.06398
cs.SD 2504.05364
cs.LG 2504.06407
cs.SD 2504.05368
cs.LG 2504.06410
cs.SD 2504.05576
cs.LG 2504.06416
cs.SD 2504.05684
cs.LG 2504.06418
cs.SD 2504.05686
cs.SD 2504.05690
cs.LG 2504.06419
cs.SD 2504.05802
cs.LG 2504.06446
cs.SD 2504.05833
cs.LG 2504.06457
cs.SD 2504.05847
cs.LG 2504.06492
cs.SD 2504.06165
cs.LG 2504.06511
cs.SD 2504.06275
cs.LG 2504.06525
cs.SD 2504.06963
cs.LG 2504.06532
cs.LG 2504.06533
cs.SD 2504.07053
cs.SD 2504.06561
cs.SD 2504.06753
cs.LG 2504.06559
cs.LG 2504.06591
cs.SD 2504.06778
cs.LG 2504.06610
cs.SD 2504.07153
cs.LG 2504.06611
cs.SD 2504.07345
cs.SD 2504.07406
cs.LG 2504.06643
cs.SD 2504.07776
cs.LG 2504.06649
cs.SD 2504.07858
cs.LG 2504.06658
cs.LG 2504.06659
cs.LG 2504.06660
cs.LG 2504.06683
cs.LG 2504.06699
cs.LG 2504.06704
cs.LG 2504.06710
cs.LG 2504.06722
cs.LG 2504.06730
cs.LG 2504.06748
cs.LG 2504.06768
cs.LG 2504.06791
cs.LG 2504.06805
cs.LG 2504.06820
cs.LG 2504.06829
cs.LG 2504.06915
cs.LG 2504.06927
cs.LG 2504.06935
cs.LG 2504.06949
cs.LG 2504.06983
cs.LG 2504.06987
cs.LG 2504.06991
cs.LG 2504.07011
cs.LG 2504.07017
cs.LG 2504.07031
cs.LG 2504.07052
cs.LG 2504.07085
cs.LG 2504.07086
cs.LG 2504.07095
cs.LG 2504.07097
cs.LG 2503.23943
cs.LG 2504.07102
cs.LG 2504.07104
cs.LG 2504.07107
cs.LG 2504.07110
cs.LG 2504.07115
cs.LG 2504.07132
cs.LG 2504.07133
cs.LG 2504.07156
cs.LG 2504.07157
cs.LG 2504.07163
cs.LG 2504.07164
cs.LG 2504.07174
cs.LG 2504.07199
cs.LG 2504.07210
cs.LG 2504.07213
cs.LG 2504.07221
cs.LG 2504.07235
cs.LG 2504.07245
cs.LG 2504.07257
cs.LG 2504.07273
cs.LG 2504.07285
cs.LG 2504.07334
cs.LG 2504.07341
cs.LG 2504.07347
cs.LG 2504.07360
cs.LG 2504.07388
cs.LG 2504.07415
cs.LG 2504.07416
cs.LG 2504.07425
cs.LG 2504.07426
cs.LG 2504.07478
cs.LG 2504.07481
cs.LG 2504.07532
cs.LG 2504.07560
cs.LG 2504.07567
cs.LG 2504.07578
cs.LG 2504.07583
cs.LG 2504.07607
cs.LG 2504.07619
cs.LG 2504.07664
cs.LG 2504.07696
cs.LG 2504.07726
cs.LG 2504.07736
cs.LG 2504.07741
cs.LG 2504.07742
cs.LG 2504.07757
cs.LG 2504.07763
cs.LG 2504.07777
cs.LG 2504.07803
cs.LG 2504.07818
cs.LG 2504.07820
cs.LG 2504.07898
cs.LG 2504.07904
cs.LG 2504.07923
cs.LG 2504.07151
cs.LG 2504.07155
cs.LG 2504.07158
cs.LG 2504.07170
cs.LG 2504.07240
cs.LG 2504.07247
cs.LG 2504.07261
cs.LG 2504.07278
cs.LG 2504.07297
cs.LG 2504.07307
cs.LG 2504.07322
cs.LG 2504.07337
cs.LG 2504.07342
cs.LG 2504.07371
cs.LG 2504.07373
cs.LG 2504.07383
cs.LG 2504.07389
cs.LG 2504.07393
cs.LG 2504.07394
cs.LG 2504.07397
cs.LG 2504.07402
cs.LG 2504.07403
cs.LG 2504.07422
cs.LG 2504.07437
cs.LG 2504.07448
cs.LG 2504.07465
cs.LG 2504.07471
cs.LG 2504.07494
cs.LG 2504.07513
cs.LG 2504.07522
cs.LG 2504.07540
cs.LG 2504.07557
cs.LG 2504.07566
cs.LG 2504.07611
cs.LG 2504.07618
cs.LG 2504.07625
cs.LG 2504.07633
cs.LG 2504.07638
cs.LG 2504.07645
cs.LG 2504.07654
cs.LG 2504.07691
cs.LG 2504.07711
cs.LG 2504.07719
cs.LG 2504.07722
cs.LG 2504.07793
cs.LG 2504.07822
cs.LG 2504.07835
cs.LG 2504.07863
cs.LG 2504.07891
cs.LG 2504.07894
cs.LG 2504.07896
cs.LG 2504.07910
cs.LG 2504.07912
cs.LG 2504.07916
cs.LG 2504.07952
cs.LG 2504.07964
cs.LG 2504.07965
stat.CO 2504.02518
stat.CO 2504.02627
stat.CO 2504.02631
stat.CO 2504.02900
stat.CO 2504.03066
stat.CO 2504.03242
stat.CO 2504.03368
stat.CO 2504.03897
stat.CO 2504.04255
stat.CO 2504.04266
stat.CO 2504.04267
stat.CO 2504.04591
stat.CO 2504.04733
stat.CO 2504.05297
stat.CO 2504.04567
stat.CO 2504.06494
stat.CO 2504.06603
stat.CO 2504.06903
stat.CO 2504.07437
stat.CO 2504.07946
stat.CO 2504.07673
eess.SP 2504.02946
eess.SP 2504.03246
eess.SP 2504.03329
eess.SP 2504.03439
eess.SP 2504.03583
eess.SP 2504.03625
eess.SP 2504.02834
eess.SP 2504.02842
eess.SP 2504.02844
eess.SP 2504.02846
eess.SP 2504.02847
eess.SP 2504.03091
eess.SP 2504.03196
eess.SP 2504.03428
eess.SP 2504.03619
eess.SP 2504.03700
eess.SP 2504.03704
eess.SP 2504.03961
eess.SP 2504.03982
eess.SP 2504.04075
eess.SP 2504.04576
eess.SP 2504.04589
eess.SP 2504.04686
eess.SP 2504.04815
eess.SP 2504.04829
eess.SP 2504.04895
eess.SP 2504.04901
eess.SP 2504.04910
eess.SP 2504.03643
eess.SP 2504.03679
eess.SP 2504.03681
eess.SP 2504.03685
eess.SP 2504.03687
eess.SP 2504.03694
eess.SP 2504.03695
eess.SP 2504.03701
eess.SP 2504.03703
eess.SP 2504.03706
eess.SP 2504.03707
eess.SP 2504.03727
eess.SP 2504.03728
eess.SP 2504.03757
eess.SP 2504.03760
eess.SP 2504.03761
eess.SP 2504.03762
eess.SP 2504.03769
eess.SP 2504.03772
eess.SP 2504.03776
eess.SP 2504.03785
eess.SP 2504.03799
eess.SP 2504.03873
eess.SP 2504.03891
eess.SP 2504.03960
eess.SP 2504.03963
eess.SP 2504.03984
eess.SP 2504.03986
eess.SP 2504.04074
eess.SP 2504.04136
eess.SP 2504.04168
eess.SP 2504.04232
eess.SP 2504.04358
eess.SP 2504.04369
eess.SP 2504.04410
eess.SP 2504.04511
eess.SP 2504.04580
eess.SP 2504.04604
eess.SP 2504.04664
eess.SP 2504.04791
eess.SP 2504.04797
eess.SP 2504.04811
eess.SP 2504.04884
eess.SP 2504.04928
eess.SP 2504.04969
eess.SP 2504.04977
eess.SP 2504.05017
eess.SP 2504.05035
eess.SP 2504.05048
eess.SP 2504.05067
eess.SP 2504.05168
eess.SP 2504.05212
eess.SP 2504.05268
eess.SP 2504.05371
eess.SP 2504.05729
eess.SP 2504.05892
eess.SP 2504.05895
eess.SP 2504.06173
eess.SP 2504.05455
eess.SP 2504.05466
eess.SP 2504.05726
eess.SP 2504.05739
eess.SP 2504.05829
eess.SP 2504.05955
eess.SP 2504.06038
eess.SP 2504.06090
eess.SP 2504.00825
eess.SP 2504.02633
eess.SP 2504.05176
eess.SP 2504.06790
eess.SP 2504.06400
eess.SP 2504.06537
eess.SP 2504.06567
eess.SP 2504.06605
eess.SP 2504.06727
eess.SP 2504.06830
eess.SP 2504.06840
eess.SP 2504.06867
eess.SP 2504.06934
eess.SP 2504.07229
eess.SP 2504.07262
eess.SP 2504.07358
eess.SP 2504.07477
eess.SP 2504.07870
eess.SP 2504.07119
eess.SP 2504.07365
eess.SP 2504.07399
eess.SP 2504.07417
eess.SP 2504.07427
eess.SP 2504.07429
eess.SP 2504.07436
eess.SP 2504.07442
eess.SP 2504.07493
eess.SP 2504.07498
eess.SP 2504.07600
eess.SP 2504.07656
eess.SP 2504.07671
eess.SP 2504.07675
eess.SP 2504.07695
eess.SP 2504.07720
eess.SP 2504.07731
eess.SP 2504.07734
stat.TH 2504.02831
stat.TH 2504.02841
stat.TH 2504.03035
stat.TH 2504.03097
stat.TH 2504.03389
stat.TH 2504.03560
stat.TH 2504.02950
stat.TH 2504.02974
stat.TH 2504.03066
stat.TH 2504.03321
stat.TH 2504.03390
stat.TH 2504.03405
stat.TH 2504.03427
stat.TH 2504.03466
stat.TH 2504.03992
stat.TH 2504.04314
stat.TH 2504.04518
stat.TH 2504.04997
stat.TH 2504.05055
stat.TH 2504.05161
stat.TH 2504.05300
stat.TH 2504.03916
stat.TH 2504.04682
stat.TH 2504.04762
stat.TH 2504.04923
stat.TH 2504.05431
stat.TH 2504.05525
stat.TH 2504.05661
stat.TH 2504.05713
stat.TH 2504.05819
stat.TH 2504.06364
stat.TH 2504.06477
stat.TH 2504.07012
stat.TH 2504.06453
stat.TH 2504.06516
stat.TH 2504.06569
stat.TH 2504.06984
stat.TH 2504.07133
stat.TH 2504.07384
stat.TH 2504.07522
stat.TH 2504.07351
stat.TH 2504.07704
stat.TH 2504.07921
eess.IV 2504.02847
eess.IV 2504.02981
eess.IV 2504.03205
eess.IV 2504.02868
eess.IV 2504.02880
eess.IV 2504.03146
eess.IV 2504.03381
eess.IV 2504.03439
eess.IV 2504.03469
eess.IV 2504.03589
eess.IV 2504.03600
eess.IV 2504.03821
eess.IV 2504.04012
eess.IV 2504.04029
eess.IV 2504.04271
eess.IV 2504.04448
eess.IV 2504.04687
eess.IV 2504.04924
eess.IV 2504.05119
eess.IV 2504.05219
eess.IV 2504.04066
eess.IV 2504.04115
eess.IV 2504.04228
eess.IV 2504.04458
eess.IV 2504.04523
eess.IV 2504.04532
eess.IV 2504.04645
eess.IV 2504.04749
eess.IV 2504.04814
eess.IV 2504.05196
eess.IV 2504.05403
eess.IV 2504.05591
eess.IV 2504.05636
eess.IV 2504.05692
eess.IV 2504.05696
eess.IV 2504.06027
eess.IV 2504.06299
eess.IV 2504.06301
eess.IV 2504.06422
eess.IV 2504.06767
eess.IV 2504.06921
eess.IV 2504.06924
eess.IV 2504.07758
eess.IV 2504.07144
eess.IV 2504.07145
eess.IV 2504.07146
eess.IV 2504.07148
eess.IV 2504.07246
eess.IV 2504.07308
eess.IV 2504.07313
cs.SY 2504.02913
eess.IV 2504.07450
eess.IV 2504.07468
cs.SY 2504.03001
eess.IV 2504.07560
cs.SY 2504.03038
eess.IV 2504.07606
eess.IV 2504.07696
cs.SY 2504.03067
eess.IV 2504.07753
cs.SY 2504.03129
eess.IV 2504.07760
cs.SY 2504.03190
cs.SY 2504.03222
eess.IV 2504.07775
eess.IV 2504.07827
eess.IV 2504.07904
eess.IV 2504.07927
cs.SY 2504.03260
cs.SY 2504.03280
cs.SY 2504.03443
cs.SY 2504.02851
cs.SY 2504.02852
cs.SY 2504.02855
cs.SY 2504.02859
cs.SY 2504.02886
cs.SY 2504.02964
cs.SY 2504.02993
cs.SY 2504.02995
cs.SY 2504.03065
cs.SY 2504.03102
cs.SY 2504.03120
cs.SY 2504.03123
cs.SY 2504.03125
cs.SY 2504.03126
cs.SY 2504.03150
cs.SY 2504.03157
cs.SY 2504.03229
cs.SY 2504.03233
cs.SY 2504.03250
cs.SY 2504.03256
cs.SY 2504.03263
cs.SY 2504.03271
cs.SY 2504.03272
cs.SY 2504.03293
cs.SY 2504.03296
cs.SY 2504.03325
cs.SY 2504.03328
cs.SY 2504.03397
cs.SY 2504.03419
cs.SY 2504.03522
cs.SY 2504.03540
cs.SY 2504.03567
cs.SY 2504.03633
cs.SY 2504.03669
cs.SY 2504.03706
cs.SY 2504.03747
cs.SY 2504.03926
cs.SY 2504.03994
cs.SY 2504.04194
cs.SY 2504.04217
cs.SY 2504.04224
cs.SY 2504.04244
cs.SY 2504.04289
cs.SY 2504.04608
cs.SY 2504.04665
cs.SY 2504.04705
cs.SY 2504.05001
cs.SY 2504.05065
cs.SY 2504.03741
cs.SY 2504.03745
cs.SY 2504.03764
cs.SY 2504.03872
cs.SY 2504.03885
cs.SY 2504.03952
cs.SY 2504.03982
cs.SY 2504.04059
cs.SY 2504.04097
cs.SY 2504.04154
cs.SY 2504.04182
cs.SY 2504.04239
cs.SY 2504.04248
cs.SY 2504.04287
cs.SY 2504.04290
cs.SY 2504.04312
cs.SY 2504.04324
cs.SY 2504.04326
cs.SY 2504.04347
cs.SY 2504.04362
cs.SY 2504.04414
cs.SY 2504.04475
cs.SY 2504.04480
cs.SY 2504.04533
cs.SY 2504.04548
cs.SY 2504.04605
cs.SY 2504.04615
cs.SY 2504.04618
cs.SY 2504.04621
cs.SY 2504.04638
cs.SY 2504.04765
cs.SY 2504.04863
cs.SY 2504.04870
cs.SY 2504.04889
cs.SY 2504.04895
cs.SY 2504.04901
cs.SY 2504.04908
cs.SY 2504.04910
cs.SY 2504.04916
cs.SY 2504.04937
cs.SY 2504.05056
cs.SY 2504.05071
cs.SY 2504.05101
cs.SY 2504.05223
cs.SY 2504.05282
cs.SY 2504.05485
cs.SY 2504.05490
cs.SY 2504.05493
cs.SY 2504.05560
cs.SY 2504.05729
cs.SY 2504.05807
cs.SY 2504.05887
cs.SY 2504.05939
cs.SY 2504.05941
cs.SY 2504.05975
cs.SY 2504.05978
cs.SY 2504.06009
cs.SY 2504.06125
cs.SY 2504.06240
cs.SY 2504.05363
cs.SY 2504.05397
cs.SY 2504.05525
cs.SY 2504.05545
cs.SY 2504.05556
cs.SY 2504.05557
cs.SY 2504.05589
cs.SY 2504.05592
cs.SY 2504.05681
cs.SY 2504.05757
cs.SY 2504.05924
cs.SY 2504.05936
cs.SY 2504.05946
cs.SY 2504.05948
cs.SY 2504.05958
cs.SY 2504.06046
cs.SY 2504.06169
cs.SY 2504.06179
cs.SY 2504.06242
cs.SY 2504.06371
cs.SY 2504.06379
cs.SY 2504.06437
cs.SY 2504.06458
cs.SY 2504.06479
cs.SY 2504.06591
cs.SY 2504.06677
cs.SY 2504.06750
cs.SY 2504.06932
cs.SY 2504.06955
cs.SY 2504.06369
cs.SY 2504.06372
cs.SY 2504.06373
cs.SY 2504.06396
cs.SY 2504.06403
cs.SY 2504.06404
cs.SY 2504.06439
cs.SY 2504.06467
cs.SY 2504.06500
cs.SY 2504.06541
cs.SY 2504.06588
cs.SY 2504.06615
cs.SY 2504.06706
cs.SY 2504.06729
cs.SY 2504.06731
cs.SY 2504.06793
cs.SY 2504.06818
cs.SY 2504.06913
cs.SY 2504.06981
cs.SY 2504.07043
cs.SY 2504.07239
cs.SY 2504.07251
cs.SY 2504.07292
cs.SY 2504.07493
cs.SY 2504.07623
cs.SY 2504.07658
cs.SY 2504.07734
cs.SY 2504.07797
cs.SY 2504.07870
cs.SY 2504.07189
cs.SY 2504.07226
cs.SY 2504.07248
cs.SY 2504.07466
cs.SY 2504.07496
cs.SY 2504.07547
cs.SY 2504.07551
cs.SY 2504.07579
cs.SY 2504.07627
cs.SY 2504.07668
cs.SY 2504.07703
cs.SY 2504.07788
cs.SY 2504.07871
math.OC 2504.02776
math.OC 2504.03030
math.OC 2504.03285
math.OC 2504.03372
math.OC 2504.03483
math.OC 2504.03626
math.OC 2504.02830
math.OC 2504.02831
math.OC 2504.02832
math.OC 2504.02833
math.OC 2504.02854
math.OC 2504.02857
math.OC 2504.02986
math.OC 2504.03028
math.OC 2504.03069
math.OC 2504.03076
math.OC 2504.03189
math.OC 2504.03190
math.OC 2504.03204
math.OC 2504.03208
math.OC 2504.03222
math.OC 2504.03301
math.OC 2504.03319
math.OC 2504.03399
math.OC 2504.03432
math.OC 2504.03443
math.OC 2504.03560
math.OC 2504.03592
math.OC 2504.03606
math.OC 2504.03613
math.OC 2504.03688
math.OC 2504.03885
math.OC 2504.03937
math.OC 2504.03952
math.OC 2504.04244
math.OC 2504.04308
math.OC 2504.04483
math.OC 2504.04605
math.OC 2504.04609
math.OC 2504.04889
math.OC 2504.05230
math.OC 2504.05295
math.OC 2504.03996
math.OC 2504.04023
math.OC 2504.04043
math.OC 2504.04069
math.OC 2504.04073
math.OC 2504.04113
math.OC 2504.04122
math.OC 2504.04174
math.OC 2504.04213
math.OC 2504.04257
math.OC 2504.04269
math.OC 2504.04274
math.OC 2504.04330
math.OC 2504.04408
math.OC 2504.04469
math.OC 2504.04545
math.OC 2504.04570
math.OC 2504.04577
math.OC 2504.04649
math.OC 2504.04705
math.OC 2504.04761
math.OC 2504.04873
math.OC 2504.04912
math.OC 2504.04938
math.OC 2504.04944
math.OC 2504.05070
math.OC 2504.05077
math.OC 2504.05090
math.OC 2504.05109
math.OC 2504.05136
math.OC 2504.05144
math.OC 2504.05190
math.OC 2504.05332
math.OC 2504.05412
math.OC 2504.05687
math.OC 2504.05695
math.OC 2504.05757
math.OC 2504.05776
math.OC 2504.05935
math.OC 2504.05967
math.OC 2504.06253
math.OC 2504.05465
math.OC 2504.05609
math.OC 2504.05631
math.OC 2504.05707
math.OC 2504.05753
math.OC 2504.05785
math.OC 2504.05798
math.OC 2504.05863
math.OC 2504.05941
math.OC 2504.06009
math.OC 2504.06042
math.OC 2504.06078
math.OC 2504.06240
math.OC 2504.06403
math.OC 2504.06467
math.OC 2504.06476
math.OC 2504.06731
math.OC 2504.06932
math.OC 2504.06381
math.OC 2504.06420
math.OC 2504.06568
math.OC 2504.06652
math.OC 2504.06750
math.OC 2504.06809
math.OC 2504.06814
math.OC 2504.06904
math.OC 2504.06955
math.OC 2504.06966
math.OC 2504.06967
math.OC 2504.07084
math.OC 2504.07209
math.OC 2504.07226
math.OC 2504.07346
math.OC 2504.07393
math.OC 2504.07579
math.OC 2504.07663
math.OC 2504.07723
math.OC 2504.07204
math.OC 2504.07239
math.OC 2504.07251
math.OC 2504.07330
math.OC 2504.07349
math.OC 2504.07364
math.OC 2504.07388
math.OC 2504.07430
math.OC 2504.07438
math.OC 2504.07451
math.OC 2504.07607
math.OC 2504.07628
math.OC 2504.07728
math.OC 2504.07772
math.OC 2504.07796
math.OC 2504.07797
math.OC 2504.07842
math.OC 2504.07847
math.OC 2504.07913
math.OC 2504.07925
nlin.AO 2503.23753
nlin.AO 2504.00556
nlin.AO 2504.02171
nlin.AO 2504.02301
nlin.AO 2504.02835
nlin.AO 2504.03297
nlin.AO 2504.02896
nlin.AO 2504.03276
nlin.AO 2504.04254
nlin.AO 2504.04600
nlin.AO 2504.04849
nlin.AO 2504.05260
nlin.AO 2504.04173
nlin.AO 2504.04415
nlin.AO 2504.05653
nlin.AO 2504.06209
nlin.AO 2504.06248
nlin.AO 2504.06574
nlin.AO 2504.07175
nlin.AO 2504.07721
nlin.AO 2504.07778
astro-ph.IM 2504.02908
astro-ph.IM 2504.02932
astro-ph.IM 2504.02943
astro-ph.IM 2504.02989
astro-ph.IM 2504.03554
astro-ph.IM 2504.03103
astro-ph.IM 2504.03265
astro-ph.IM 2504.03416
astro-ph.IM 2504.03418
astro-ph.IM 2504.03424
astro-ph.IM 2504.03974
astro-ph.IM 2504.04003
astro-ph.IM 2504.04135
astro-ph.IM 2504.04140
astro-ph.IM 2504.04144
astro-ph.IM 2504.04455
astro-ph.IM 2504.04913
astro-ph.IM 2504.05055
astro-ph.IM 2504.05192
astro-ph.IM 2504.05286
astro-ph.IM 2504.03666
astro-ph.IM 2504.03813
astro-ph.IM 2504.03820
astro-ph.IM 2504.03862
astro-ph.IM 2504.04503
astro-ph.IM 2504.04941
astro-ph.IM 2504.04955
astro-ph.IM 2504.05001
astro-ph.IM 2504.05100
astro-ph.IM 2504.05446
astro-ph.IM 2504.05548
astro-ph.IM 2504.05962
astro-ph.IM 2504.05401
astro-ph.IM 2504.05416
astro-ph.IM 2504.06174
astro-ph.IM 2504.06347
astro-ph.IM 2504.06409
astro-ph.IM 2504.06705
astro-ph.IM 2504.06776
astro-ph.IM 2504.06779
astro-ph.IM 2504.06995
astro-ph.IM 2504.07090
astro-ph.IM 2504.06309
astro-ph.IM 2504.06463
astro-ph.IM 2504.06724
astro-ph.IM 2504.06870
astro-ph.IM 2504.06890
astro-ph.IM 2504.07235
astro-ph.IM 2504.07723
astro-ph.IM 2504.07892
astro-ph.IM 2504.07161
astro-ph.IM 2504.07190
astro-ph.IM 2504.07197
astro-ph.IM 2504.07515
astro-ph.IM 2504.07777
nlin.SI 2504.01177
nlin.SI 2504.01502
nlin.SI 2504.01701
nlin.SI 2504.01361
nlin.SI 2504.01777
nlin.SI 2504.02079
nlin.SI 2504.02576
nlin.SI 2504.04999
nlin.SI 2504.05733
nlin.SI 2504.06248
nlin.SI 2504.05816
nlin.SI 2504.06871
math.DS 2504.03110
math.DS 2504.03212
math.DS 2504.03419
math.DS 2504.03611
math.DS 2504.03054
math.DS 2504.03058
math.DS 2504.03281
math.DS 2504.03425
math.DS 2504.03533
math.DS 2504.03535
math.DS 2504.03538
math.DS 2504.03574
math.DS 2502.07040
math.DS 2504.03851
math.DS 2504.04570
math.DS 2504.04910
math.DS 2504.04999
math.DS 2504.05066
math.DS 2504.03788
math.DS 2504.04044
math.DS 2504.04088
math.DS 2504.04379
math.DS 2504.04491
math.DS 2504.04525
math.DS 2504.04778
math.DS 2504.04887
math.DS 2504.04987
math.DS 2504.05012
math.DS 2504.05091
math.DS 2504.05121
math.DS 2504.05127
math.DS 2504.05194
math.DS 2504.05941
math.DS 2504.06009
math.DS 2504.06062
math.DS 2504.06198
math.DS 2504.05582
math.DS 2504.05666
math.DS 2504.05935
math.DS 2504.05961
math.DS 2504.06054
math.DS 2504.06058
math.DS 2504.06668
math.DS 2504.06795
math.DS 2504.06837
math.DS 2504.06913
math.DS 2504.06986
math.DS 2504.06377
math.DS 2504.06424
math.DS 2504.06582
math.DS 2504.06641
math.DS 2504.06715
math.DS 2504.06773
math.DS 2504.06954
math.DS 2504.07038
math.DS 2504.07225
math.DS 2504.07267
math.DS 2504.07290
math.DS 2504.07346
math.DS 2504.07548
math.DS 2504.07572
math.DS 2504.07746
math.DS 2504.07799
math.DS 2504.07864
math.DS 2504.07865
physics.ins-det 2504.02989
physics.ins-det 2504.03078
physics.ins-det 2504.03088
physics.ins-det 2504.03548
physics.ins-det 2504.03559
physics.ins-det 2504.02903
physics.ins-det 2504.03018
physics.ins-det 2504.03079
physics.ins-det 2504.03462
physics.ins-det 2504.03862
physics.ins-det 2504.03999
physics.ins-det 2504.04727
physics.ins-det 2504.05001
physics.ins-det 2504.05796
physics.ins-det 2504.06213
physics.ins-det 2504.06375
physics.ins-det 2504.06409
physics.ins-det 2504.06563
physics.ins-det 2504.06995
physics.ins-det 2504.07166
physics.ins-det 2504.07216
physics.ins-det 2504.07759
physics.comp-ph 2504.01911
physics.comp-ph 2504.02848
physics.comp-ph 2504.02914
physics.comp-ph 2504.03278
physics.comp-ph 2504.03283
physics.comp-ph 2504.03332
physics.comp-ph 2504.03403
physics.comp-ph 2504.03451
physics.comp-ph 2504.03482
physics.comp-ph 2504.02843
physics.comp-ph 2504.02845
physics.comp-ph 2504.03203
physics.comp-ph 2504.03854
physics.comp-ph 2504.03870
physics.comp-ph 2504.03896
physics.comp-ph 2504.03919
physics.comp-ph 2504.03927
physics.comp-ph 2504.03990
physics.comp-ph 2504.04424
physics.comp-ph 2504.04599
physics.comp-ph 2504.04694
physics.comp-ph 2504.04769
physics.comp-ph 2504.04941
physics.comp-ph 2504.05169
physics.comp-ph 2504.05248
physics.comp-ph 2504.03678
physics.comp-ph 2504.03929
physics.comp-ph 2504.04465
physics.comp-ph 2504.04669
physics.comp-ph 2504.04727
physics.comp-ph 2504.04947
physics.comp-ph 2504.05382
physics.comp-ph 2504.05512
physics.comp-ph 2504.05676
physics.comp-ph 2504.05776
physics.comp-ph 2504.05778
physics.comp-ph 2504.05834
physics.comp-ph 2504.05889
physics.comp-ph 2504.06051
physics.comp-ph 2504.05593
physics.comp-ph 2504.06014
physics.comp-ph 2504.06023
physics.comp-ph 2504.06087
physics.comp-ph 2504.06177
physics.comp-ph 2504.05704
physics.comp-ph 2504.06993
physics.comp-ph 2504.06388
physics.comp-ph 2504.06912
physics.comp-ph 2504.04048
physics.comp-ph 2504.04084
physics.comp-ph 2504.07136
physics.comp-ph 2504.07295
physics.comp-ph 2504.07377
physics.comp-ph 2504.07508
physics.comp-ph 2504.07558
physics.comp-ph 2504.07893
nlin.CD 2504.02089
nlin.CD 2504.02102
nlin.CD 2504.02399
nlin.CD 2504.02835
nlin.CD 2504.02951
nlin.CD 2504.02837
nlin.CD 2504.03007
nlin.CD 2504.03027
nlin.CD 2504.03870
nlin.CD 2504.03987
nlin.CD 2504.04409
nlin.CD 2504.04725
nlin.CD 2504.04778
nlin.CD 2504.04887
nlin.CD 2504.04947
nlin.CD 2504.03696
nlin.CD 2504.04391
nlin.CD 2504.04948
nlin.CD 2504.05524
nlin.CD 2504.06209
nlin.CD 2504.05512
nlin.CD 2504.05944
nlin.CD 2504.06187
nlin.CD 2502.20071
nlin.CD 2504.04048
nlin.CD 2504.07136
nlin.CD 2504.07221
nlin.CD 2504.07374
cond-mat.dis-nn 2504.03200
cond-mat.dis-nn 2504.03472
cond-mat.dis-nn 2504.03631
cond-mat.dis-nn 2312.10805
cond-mat.dis-nn 2504.03854
cond-mat.dis-nn 2504.04599
cond-mat.dis-nn 2504.04632
cond-mat.dis-nn 2504.04940
cond-mat.dis-nn 2504.05000
cond-mat.dis-nn 2504.05115
cond-mat.dis-nn 2504.04370
cond-mat.dis-nn 2504.04560
cond-mat.dis-nn 2411.09196
cond-mat.dis-nn 2504.05438
cond-mat.dis-nn 2504.05643
cond-mat.dis-nn 2504.05802
cond-mat.dis-nn 2504.05842
cond-mat.dis-nn 2504.06255
cond-mat.dis-nn 2504.05479
cond-mat.dis-nn 2504.05926
cond-mat.dis-nn 2504.06548
cond-mat.dis-nn 2504.06757
cond-mat.dis-nn 2504.06849
cond-mat.dis-nn 2504.06953
cond-mat.dis-nn 2504.07510
math.PR 2504.02837
math.PR 2504.03028
math.PR 2504.03035
math.PR 2504.03066
math.PR 2504.03097
math.PR 2504.03175
math.PR 2504.03406
math.PR 2504.03417
math.PR 2504.03427
math.PR 2504.03441
math.PR 2504.03445
math.PR 2504.03461
math.PR 2504.03544
math.PR 2504.03110
math.PR 2504.03114
math.PR 2504.03148
math.PR 2504.03232
math.PR 2504.03326
math.PR 2504.03389
math.PR 2504.03493
math.PR 2504.03526
math.PR 2504.03627
math.PR 2504.03928
math.PR 2504.04067
math.PR 2504.04107
math.PR 2504.04133
math.PR 2504.04162
math.PR 2504.04267
math.PR 2504.04337
math.PR 2504.05042
math.PR 2504.04007
math.PR 2504.04327
math.PR 2504.04620
math.PR 2504.04632
math.PR 2504.04668
math.PR 2504.04748
math.PR 2504.04768
math.PR 2504.04792
math.PR 2504.04860
math.PR 2504.04879
math.PR 2504.04885
math.PR 2504.04943
math.PR 2504.04972
math.PR 2504.05027
math.PR 2504.05044
math.PR 2504.05142
math.PR 2504.05157
math.PR 2504.05230
math.PR 2504.05409
math.PR 2504.05462
math.PR 2504.05907
math.PR 2504.05540
math.PR 2504.05574
math.PR 2504.05648
math.PR 2504.05760
math.PR 2504.05766
math.PR 2504.06128
math.PR 2504.06132
math.PR 2504.06164
math.PR 2504.06172
math.PR 2504.06198
math.PR 2504.06202
math.PR 2504.06238
math.PR 2504.06250
math.PR 2504.06287
math.PR 2504.06288
math.PR 2504.06351
math.PR 2504.06411
math.PR 2504.06516
math.PR 2504.06983
math.PR 2504.06991
math.PR 2504.07084
math.PR 2504.07097
math.PR 2504.06449
math.PR 2504.06493
math.PR 2504.06601
math.PR 2504.06686
math.PR 2504.06690
math.PR 2504.06817
math.PR 2504.06850
math.PR 2504.06851
math.PR 2504.06956
math.PR 2504.06999
math.PR 2504.07000
math.PR 2504.07347
math.PR 2504.07728
math.PR 2504.07818
math.PR 2504.07820
math.PR 2504.07918
math.PR 2504.07944
math.PR 2504.07255
math.PR 2504.07525
math.PR 2504.07552
math.PR 2504.07672
math.PR 2504.07706
physics.optics 2504.03252
physics.optics 2504.03323
physics.optics 2504.03507
physics.optics 2504.03527
physics.optics 2504.02969
physics.optics 2504.02980
physics.optics 2504.02981
physics.optics 2504.02982
physics.optics 2504.03115
physics.optics 2504.03127
physics.optics 2504.03246
physics.optics 2504.03264
physics.optics 2504.03267
physics.optics 2504.03383
physics.optics 2504.03402
physics.optics 2504.03403
physics.optics 2504.03530
physics.optics 2504.03689
physics.optics 2504.03893
physics.optics 2504.04288
physics.optics 2504.04370
physics.optics 2504.04882
physics.optics 2504.04959
physics.optics 2504.04990
physics.optics 2504.05021
physics.optics 2504.03924
physics.optics 2504.04009
physics.optics 2504.04084
physics.optics 2504.04149
physics.optics 2504.04157
physics.optics 2504.04272
physics.optics 2504.04401
physics.optics 2504.04432
physics.optics 2504.04611
physics.optics 2504.04672
physics.optics 2504.04724
physics.optics 2504.04730
physics.optics 2504.04754
physics.optics 2504.04759
physics.optics 2504.04786
physics.optics 2504.04788
physics.optics 2504.04839
physics.optics 2504.04899
physics.optics 2504.04922
physics.optics 2504.05031
physics.optics 2504.05051
physics.optics 2504.05088
physics.optics 2504.05188
physics.optics 2504.05267
physics.optics 2504.05290
physics.optics 2504.05464
physics.optics 2504.05567
physics.optics 2504.05660
physics.optics 2504.05668
physics.optics 2504.05877
physics.optics 2504.06217
physics.optics 2504.06229
physics.optics 2504.05369
physics.optics 2504.05433
physics.optics 2504.05505
physics.optics 2504.05612
physics.optics 2504.05675
physics.optics 2504.05685
physics.optics 2504.05704
physics.optics 2504.05735
physics.optics 2504.05809
physics.optics 2504.05981
physics.optics 2504.06050
physics.optics 2504.06069
physics.optics 2504.06081
physics.optics 2504.06130
physics.optics 2504.06150
physics.optics 2504.06195
physics.optics 2504.06213
physics.optics 2504.06484
physics.optics 2504.06520
physics.optics 2504.06724
physics.optics 2504.06906
physics.optics 2504.06959
physics.optics 2504.06409
physics.optics 2504.06423
physics.optics 2504.06501
physics.optics 2504.06535
physics.optics 2504.07009
physics.optics 2504.07211
physics.optics 2504.07484
physics.optics 2504.07777
physics.optics 2504.07888
physics.optics 2504.07300
physics.optics 2504.07333
physics.optics 2504.07444
physics.optics 2504.07469
physics.optics 2504.07518
physics.optics 2504.07626
physics.optics 2504.07653
physics.optics 2504.07657
physics.optics 2504.07748
physics.optics 2504.07751
physics.optics 2504.07947
physics.app-ph 2504.02951
physics.app-ph 2504.02969
physics.app-ph 2504.03564
physics.app-ph 2504.03078
physics.app-ph 2504.03345
physics.app-ph 2504.03539
physics.app-ph 2504.03781
physics.app-ph 2504.03987
physics.app-ph 2504.04095
physics.app-ph 2504.04108
physics.app-ph 2504.04157
physics.app-ph 2504.04254
physics.app-ph 2504.04344
physics.app-ph 2504.04754
physics.app-ph 2504.04806
physics.app-ph 2504.05016
physics.app-ph 2504.05133
physics.app-ph 2504.05267
physics.app-ph 2504.04229
physics.app-ph 2504.04284
physics.app-ph 2504.04431
physics.app-ph 2504.05013
physics.app-ph 2504.05612
physics.app-ph 2504.05947
physics.app-ph 2504.06041
physics.app-ph 2504.06050
physics.app-ph 2504.06484
physics.app-ph 2504.06501
physics.app-ph 2504.06535
physics.app-ph 2504.06995
physics.app-ph 2504.06462
physics.app-ph 2504.06509
physics.app-ph 2504.06959
physics.app-ph 2504.07333
physics.app-ph 2504.07381
physics.app-ph 2504.07582
physics.app-ph 2504.07626
physics.app-ph 2504.07790
physics.app-ph 2504.07211
physics.app-ph 2504.07271
econ.TH 2504.03211
econ.TH 2504.03056
econ.TH 2504.03951
econ.TH 2504.05086
econ.TH 2504.03766
econ.TH 2504.03985
econ.TH 2504.04368
econ.TH 2504.04382
econ.TH 2504.04659
econ.TH 2504.04689
econ.TH 2504.04816
econ.TH 2504.05251
econ.TH 2504.05355
econ.TH 2504.05678
econ.TH 2504.06127
econ.TH 2504.06557
econ.TH 2504.06676
econ.TH 2504.06872
econ.TH 2504.06905
econ.TH 2504.07700
econ.TH 2504.07766
econ.TH 2504.07401
physics.med-ph 2504.03298
physics.med-ph 2504.03728
physics.med-ph 2504.03899
physics.med-ph 2504.04563
physics.med-ph 2504.04871
physics.med-ph 2504.05005
physics.med-ph 2504.05302
physics.med-ph 2504.06195
physics.med-ph 2504.05884
physics.med-ph 2504.05990
physics.med-ph 2504.06315
physics.med-ph 2504.06520
physics.med-ph 2504.06997
physics.med-ph 2504.07775
physics.med-ph 2504.07844
physics.med-ph 2504.07933
physics.data-an 2504.01974
physics.data-an 2504.02102
physics.data-an 2504.03283
physics.data-an 2504.03424
physics.data-an 2504.03469
physics.data-an 2504.03927
physics.data-an 2504.03955
physics.data-an 2504.04240
physics.data-an 2504.04663
physics.data-an 2504.04863
physics.data-an 2504.04947
physics.data-an 2504.05643
physics.data-an 2504.05776
physics.data-an 2504.06092
physics.data-an 2504.06857
q-fin.MF 2504.03445
q-fin.MF 2504.04113
q-fin.MF 2504.04300
q-fin.MF 2504.06164
q-fin.MF 2504.06281
q-fin.MF 2504.06287
q-fin.MF 2504.06566
q-fin.MF 2504.06351
q-fin.MF 2504.06942
q-fin.MF 2504.07294
