cs.CG 2406.14919
cs.CG 2406.16407
cs.CG 2406.16209
cs.CG 2406.17652
cs.CG 2406.17424
cs.CG 2406.17504
cs.CG 2406.17952
cs.CG 2406.18132
cs.CG 2406.19257
cs.CG 2406.18933
cs.CG 2406.19161
cs.FL 2406.14911
cs.FL 2406.15090
cs.FL 2406.15540
cs.FL 2406.16413
cs.FL 2406.16419
cs.FL 2406.16588
cs.FL 2406.16607
cs.FL 2406.16391
cs.FL 2406.17455
cs.FL 2406.17482
cs.FL 2406.17693
cs.FL 2406.17627
cs.FL 2406.17867
cs.FL 2406.18383
cs.FL 2406.18328
cs.FL 2406.18473
cs.FL 2406.18918
cs.FL 2406.18934
cs.FL 2406.19312
cs.DS 2406.14588
cs.DS 2406.14729
cs.DS 2406.14984
cs.DS 2406.15011
cs.DS 2406.15129
cs.DS 2406.15180
cs.DS 2406.15192
cs.DS 2406.15691
cs.DS 2406.15960
cs.DS 2406.16018
cs.DS 2406.16023
cs.DS 2406.16399
cs.DS 2406.16405
cs.DS 2406.15510
cs.DS 2406.15563
cs.DS 2406.15876
cs.DS 2406.16270
cs.DS 2406.16305
cs.DS 2406.16396
cs.DS 2406.16475
cs.DS 2406.16515
cs.DS 2406.16729
cs.DS 2406.16734
cs.DS 2406.17424
cs.DS 2406.17669
cs.DS 2406.17689
cs.DS 2406.17121
cs.DS 2406.17210
cs.DS 2406.17814
cs.DS 2406.18465
cs.DS 2406.18224
cs.DS 2406.18265
cs.DS 2406.18273
cs.DS 2406.18429
cs.DS 2406.18780
cs.DS 2406.19040
cs.DS 2406.19134
cs.DS 2406.19143
cs.DS 2406.18670
cs.DS 2406.18835
cs.DS 2406.19008
cs.DS 2406.19164
cs.DS 2406.19257
cs.GT 2406.15192
cs.GT 2406.14907
cs.GT 2406.15282
cs.GT 2406.15691
cs.GT 2406.15890
cs.GT 2406.16212
cs.GT 2406.16606
cs.GT 2406.16745
cs.GT 2406.15405
cs.GT 2406.15459
cs.GT 2406.15522
cs.GT 2406.15680
cs.GT 2406.15714
cs.GT 2406.15898
cs.GT 2406.15970
cs.GT 2406.16343
cs.GT 2406.16409
cs.GT 2406.16812
cs.GT 2406.17114
cs.GT 2406.17153
cs.GT 2406.17482
cs.GT 2406.17767
cs.GT 2406.17882
cs.GT 2406.17780
cs.GT 2406.18752
cs.GT 2406.18805
cs.GT 2406.18957
cs.GT 2406.19014
cs.GT 2406.19273
cs.GT 2406.19350
cs.DB 2406.14841
cs.DB 2406.15073
cs.DB 2406.14935
cs.DB 2406.15015
cs.DB 2406.15483
cs.DB 2406.15529
cs.DB 2406.15936
cs.DB 2406.15655
cs.DB 2406.16082
cs.DB 2406.16268
cs.DB 2406.16412
cs.DB 2406.16880
cs.DB 2406.17076
cs.DB 2406.17961
cs.DB 2406.18179
cs.DB 2406.18202
cs.DB 2406.17871
cs.DB 2406.18099
cs.DB 2406.18567
cs.DB 2406.19043
cs.DB 2406.18892
cs.DB 2406.19039
cs.DB 2406.19106
cs.DB 2406.19143
cs.GR 2406.14806
cs.GR 2406.15166
cs.GR 2406.15331
cs.GR 2406.14565
cs.GR 2406.14567
cs.GR 2406.15598
cs.GR 2406.15613
cs.GR 2406.15643
cs.GR 2406.16068
cs.GR 2406.16155
cs.GR 2406.16221
cs.GR 2406.16360
cs.GR 2406.16864
cs.GR 2406.15634
cs.GR 2406.16302
cs.GR 2406.17112
cs.GR 2406.17582
cs.GR 2406.17774
cs.GR 2406.17156
cs.GR 2406.17360
cs.GR 2406.17652
cs.GR 2406.17782
cs.GR 2406.17795
cs.GR 2406.18159
cs.GR 2406.18237
cs.GR 2406.18462
cs.GR 2406.18537
cs.GR 2406.18539
cs.GR 2406.18541
cs.GR 2406.18544
cs.GR 2406.18551
cs.GR 2406.18573
cs.GR 2406.18581
cs.GR 2406.18582
cs.GR 2406.18593
cs.AI 2301.13584
cs.AI 2406.03341
cs.AI 2406.14566
cs.AI 2406.14567
cs.AI 2406.14570
cs.AI 2406.14571
cs.AI 2406.14572
cs.AI 2406.14579
cs.AI 2406.14595
cs.AI 2406.14596
cs.AI 2406.14629
cs.AI 2406.14634
cs.AI 2406.14643
cs.AI 2406.14653
cs.AI 2406.14654
cs.AI 2406.14655
cs.AI 2406.14657
cs.AI 2406.14670
cs.AI 2406.14675
cs.AI 2406.14695
cs.AI 2406.14696
cs.AI 2406.14703
cs.AI 2406.14711
cs.AI 2406.14712
cs.AI 2406.14735
cs.AI 2406.14745
cs.AI 2406.14747
cs.AI 2406.14760
cs.AI 2406.14761
cs.AI 2406.14763
cs.AI 2406.14764
cs.AI 2406.14796
cs.AI 2406.14797
cs.AI 2406.14798
cs.AI 2406.14804
cs.AI 2406.14815
cs.AI 2406.14826
cs.AI 2406.14844
cs.AI 2406.14852
cs.AI 2406.14854
cs.AI 2406.14859
cs.AI 2406.14867
cs.AI 2406.14871
cs.AI 2406.14876
cs.AI 2406.14894
cs.AI 2406.14909
cs.AI 2406.14916
cs.AI 2406.14925
cs.AI 2406.14938
cs.AI 2406.14951
cs.AI 2406.14953
cs.AI 2406.14969
cs.AI 2406.14971
cs.AI 2406.14988
cs.AI 2406.14990
cs.AI 2406.15000
cs.AI 2406.15015
cs.AI 2406.15016
cs.AI 2406.15032
cs.AI 2406.15038
cs.AI 2406.15042
cs.AI 2406.15044
cs.AI 2406.15050
cs.AI 2406.15098
cs.AI 2406.15113
cs.AI 2406.15117
cs.AI 2406.15119
cs.AI 2406.15128
cs.AI 2406.15130
cs.AI 2406.15132
cs.AI 2406.15149
cs.AI 2406.15152
cs.AI 2406.15156
cs.AI 2406.15173
cs.AI 2406.15175
cs.AI 2406.15211
cs.AI 2406.15213
cs.AI 2406.15222
cs.AI 2406.15231
cs.AI 2406.15249
cs.AI 2406.15252
cs.AI 2406.15259
cs.AI 2406.15293
cs.AI 2406.15305
cs.AI 2406.15319
cs.AI 2406.15329
cs.AI 2406.15334
cs.AI 2406.15339
cs.AI 2406.15341
cs.AI 2406.15346
cs.AI 2406.15349
cs.AI 2406.14598
cs.AI 2406.14635
cs.AI 2406.14701
cs.AI 2406.14722
cs.AI 2406.14744
cs.AI 2406.14756
cs.AI 2406.14757
cs.AI 2406.14758
cs.AI 2406.14765
cs.AI 2406.14769
cs.AI 2406.14779
cs.AI 2406.14780
cs.AI 2406.14840
cs.AI 2406.14866
cs.AI 2406.14903
cs.AI 2406.14917
cs.AI 2406.14928
cs.AI 2406.14949
cs.AI 2406.14977
cs.AI 2406.14981
cs.AI 2406.14986
cs.AI 2406.15007
cs.AI 2406.15009
cs.AI 2406.15073
cs.AI 2406.15111
cs.AI 2406.15168
cs.AI 2406.15187
cs.AI 2406.15198
cs.AI 2406.15225
cs.AI 2406.15268
cs.AI 2406.15279
cs.AI 2406.15325
cs.AI 2406.15330
cs.AI 2406.15360
cs.AI 2406.15371
cs.AI 2406.15373
cs.AI 2406.15374
cs.AI 2406.15377
cs.AI 2406.15382
cs.AI 2406.15386
cs.AI 2406.15391
cs.AI 2406.15395
cs.AI 2406.15396
cs.AI 2406.15443
cs.AI 2406.15451
cs.AI 2406.15465
cs.AI 2406.15468
cs.AI 2406.15470
cs.AI 2406.15471
cs.AI 2406.15472
cs.AI 2406.15473
cs.AI 2406.15477
cs.AI 2406.15479
cs.AI 2406.15480
cs.AI 2406.15484
cs.AI 2406.15486
cs.AI 2406.15488
cs.AI 2406.15490
cs.AI 2406.15508
cs.AI 2406.15534
cs.AI 2406.15537
cs.AI 2406.15567
cs.AI 2406.15575
cs.AI 2406.15599
cs.AI 2406.15609
cs.AI 2406.15619
cs.AI 2406.15623
cs.AI 2406.15625
cs.AI 2406.15658
cs.AI 2406.15662
cs.AI 2406.15673
cs.AI 2406.15675
cs.AI 2406.15676
cs.AI 2406.15708
cs.AI 2406.15723
cs.AI 2406.15731
cs.AI 2406.15734
cs.AI 2406.15735
cs.AI 2406.15736
cs.AI 2406.15741
cs.AI 2406.15742
cs.AI 2406.15752
cs.AI 2406.15753
cs.AI 2406.15755
cs.AI 2406.15763
cs.AI 2406.15771
cs.AI 2406.15778
cs.AI 2406.15786
cs.AI 2406.15789
cs.AI 2406.15797
cs.AI 2406.15808
cs.AI 2406.15836
cs.AI 2406.15847
cs.AI 2406.15850
cs.AI 2406.15852
cs.AI 2406.15859
cs.AI 2406.15871
cs.AI 2406.15875
cs.AI 2406.15877
cs.AI 2406.15881
cs.AI 2406.15883
cs.AI 2406.15885
cs.AI 2406.15888
cs.AI 2406.15890
cs.AI 2406.15906
cs.AI 2406.15920
cs.AI 2406.15927
cs.AI 2406.15936
cs.AI 2406.15938
cs.AI 2406.15940
cs.AI 2406.15946
cs.AI 2406.15955
cs.AI 2406.15960
cs.AI 2406.15961
cs.AI 2406.15966
cs.AI 2406.15970
cs.AI 2406.15982
cs.AI 2406.15985
cs.AI 2406.15990
cs.AI 2406.15996
cs.AI 2406.16000
cs.AI 2406.16006
cs.AI 2406.16008
cs.AI 2406.16013
cs.AI 2406.16018
cs.AI 2406.16021
cs.AI 2406.16028
cs.AI 2406.16030
cs.AI 2406.16045
cs.AI 2406.16068
cs.AI 2406.16069
cs.AI 2406.16079
cs.AI 2406.16087
cs.AI 2406.16093
cs.AI 2406.16106
cs.AI 2406.16111
cs.AI 2406.16121
cs.AI 2406.16125
cs.AI 2406.16145
cs.AI 2406.16148
cs.AI 2406.16170
cs.AI 2406.16191
cs.AI 2406.16220
cs.AI 2406.16221
cs.AI 2406.16223
cs.AI 2406.16224
cs.AI 2406.16231
cs.AI 2406.16232
cs.AI 2406.16235
cs.AI 2406.16252
cs.AI 2406.16254
cs.AI 2406.16255
cs.AI 2406.16258
cs.AI 2406.16259
cs.AI 2406.16260
cs.AI 2406.16264
cs.AI 2406.16272
cs.AI 2406.16282
cs.AI 2406.16293
cs.AI 2406.16294
cs.AI 2406.16295
cs.AI 2406.16299
cs.AI 2406.16301
cs.AI 2406.16308
cs.AI 2406.16316
cs.AI 2406.16321
cs.AI 2406.16330
cs.AI 2406.16333
cs.AI 2406.16346
cs.AI 2406.16357
cs.AI 2406.16377
cs.AI 2406.16386
cs.AI 2406.16388
cs.AI 2406.16422
cs.AI 2406.16426
cs.AI 2406.16427
cs.AI 2406.16437
cs.AI 2406.16453
cs.AI 2406.16464
cs.AI 2406.16473
cs.AI 2406.16479
cs.AI 2406.16494
cs.AI 2406.16495
cs.AI 2406.16501
cs.AI 2406.16505
cs.AI 2406.16521
cs.AI 2406.16526
cs.AI 2406.16535
cs.AI 2406.16537
cs.AI 2406.16552
cs.AI 2406.16571
cs.AI 2406.16578
cs.AI 2406.16605
cs.AI 2406.16609
cs.AI 2406.16611
cs.AI 2406.16635
cs.AI 2406.16638
cs.AI 2406.16641
cs.AI 2406.16672
cs.AI 2406.16678
cs.AI 2406.16687
cs.AI 2406.16696
cs.AI 2406.16707
cs.AI 2406.16714
cs.AI 2406.16730
cs.AI 2406.16738
cs.AI 2406.16741
cs.AI 2406.16745
cs.AI 2406.16746
cs.AI 2406.16756
cs.AI 2406.16768
cs.AI 2406.16772
cs.AI 2406.16777
cs.AI 2406.16783
cs.AI 2406.16784
cs.AI 2406.16793
cs.AI 2406.16797
cs.AI 2406.16810
cs.AI 2406.16821
cs.AI 2406.16828
cs.AI 2406.16829
cs.AI 2406.16833
cs.AI 2406.16851
cs.AI 2406.16853
cs.AI 2406.16864
cs.AI 2406.15429
cs.AI 2406.15430
cs.AI 2406.15474
cs.AI 2406.15481
cs.AI 2406.15513
cs.AI 2406.15732
cs.AI 2406.15784
cs.AI 2406.16151
cs.AI 2406.16176
cs.AI 2406.16218
cs.AI 2406.16424
cs.AI 2406.16455
cs.AI 2406.16486
cs.AI 2406.16555
cs.AI 2406.16626
cs.AI 2406.16697
cs.AI 2406.16728
cs.AI 2404.09819
cs.AI 2406.16868
cs.AI 2406.16872
cs.AI 2406.16873
cs.AI 2406.16875
cs.AI 2406.16878
cs.AI 2406.16891
cs.AI 2406.16893
cs.AI 2406.16895
cs.AI 2406.16899
cs.AI 2406.16903
cs.AI 2406.16905
cs.AI 2406.16906
cs.AI 2406.16908
cs.AI 2406.16909
cs.AI 2406.16910
cs.AI 2406.16911
cs.AI 2406.16915
cs.AI 2406.16925
cs.AI 2406.16929
cs.AI 2406.16933
cs.AI 2406.16935
cs.AI 2406.16937
cs.AI 2406.16942
cs.AI 2406.16943
cs.AI 2406.16961
cs.AI 2406.16962
cs.AI 2406.16963
cs.AI 2406.16964
cs.AI 2406.16965
cs.AI 2406.16968
cs.AI 2406.16972
cs.AI 2406.16975
cs.AI 2406.16976
cs.AI 2406.16978
cs.AI 2406.16979
cs.AI 2406.16981
cs.AI 2406.16982
cs.AI 2406.16983
cs.AI 2406.16985
cs.AI 2406.16986
cs.AI 2406.16989
cs.AI 2406.16990
cs.AI 2406.16992
cs.AI 2406.16994
cs.AI 2406.16995
cs.AI 2406.16997
cs.AI 2406.17055
cs.AI 2406.17057
cs.AI 2406.17066
cs.AI 2406.17073
cs.AI 2406.17090
cs.AI 2406.17092
cs.AI 2406.17096
cs.AI 2406.17098
cs.AI 2406.17115
cs.AI 2406.17145
cs.AI 2406.17147
cs.AI 2406.17150
cs.AI 2406.17162
cs.AI 2406.17163
cs.AI 2406.17168
cs.AI 2406.17169
cs.AI 2406.17188
cs.AI 2406.17215
cs.AI 2406.17216
cs.AI 2406.17235
cs.AI 2406.17245
cs.AI 2406.17246
cs.AI 2406.17251
cs.AI 2406.17265
cs.AI 2406.17266
cs.AI 2406.17279
cs.AI 2406.17285
cs.AI 2406.17287
cs.AI 2406.17289
cs.AI 2406.17297
cs.AI 2406.17322
cs.AI 2406.17328
cs.AI 2406.17334
cs.AI 2406.17342
cs.AI 2406.17343
cs.AI 2406.17376
cs.AI 2406.17386
cs.AI 2406.17415
cs.AI 2406.17418
cs.AI 2406.17419
cs.AI 2406.17425
cs.AI 2406.17450
cs.AI 2406.17456
cs.AI 2406.17462
cs.AI 2406.17465
cs.AI 2406.17470
cs.AI 2406.17473
cs.AI 2406.17474
cs.AI 2406.17513
cs.AI 2406.17517
cs.AI 2406.17523
cs.AI 2406.17531
cs.AI 2406.17535
cs.AI 2406.17537
cs.AI 2406.17542
cs.AI 2406.17563
cs.AI 2406.17576
cs.AI 2406.17590
cs.AI 2406.17605
cs.AI 2406.17606
cs.AI 2406.17615
cs.AI 2406.17624
cs.AI 2406.17626
cs.AI 2406.17630
cs.AI 2406.17636
cs.AI 2406.17639
cs.AI 2406.17640
cs.AI 2406.17642
cs.AI 2406.17651
cs.AI 2406.17654
cs.AI 2406.17663
cs.AI 2406.17688
cs.AI 2406.17697
cs.AI 2406.17711
cs.AI 2406.17732
cs.AI 2406.17737
cs.AI 2406.17739
cs.AI 2406.17740
cs.AI 2406.17741
cs.AI 2406.17746
cs.AI 2406.17753
cs.AI 2406.17761
cs.AI 2406.17763
cs.AI 2406.17764
cs.AI 2406.17768
cs.AI 2406.17224
cs.AI 2406.17326
cs.AI 2406.17518
cs.AI 2406.17532
cs.AI 2406.17583
cs.AI 2406.17650
cs.AI 2406.17659
cs.AI 2406.17714
cs.AI 2406.17762
cs.AI 2406.17781
cs.AI 2406.17789
cs.AI 2406.17797
cs.AI 2406.17803
cs.AI 2406.17805
cs.AI 2406.17806
cs.AI 2406.17807
cs.AI 2406.17808
cs.AI 2406.17810
cs.AI 2406.17811
cs.AI 2406.17812
cs.AI 2406.17813
cs.AI 2406.17815
cs.AI 2406.17816
cs.AI 2406.17818
cs.AI 2406.17819
cs.AI 2406.17822
cs.AI 2406.17826
cs.AI 2406.17828
cs.AI 2406.17834
cs.AI 2406.17835
cs.AI 2406.17837
cs.AI 2406.17838
cs.AI 2406.17841
cs.AI 2406.17864
cs.AI 2406.17873
cs.AI 2406.17876
cs.AI 2406.17885
cs.AI 2406.17887
cs.AI 2406.17888
cs.AI 2406.17898
cs.AI 2406.17902
cs.AI 2406.17904
cs.AI 2406.17910
cs.AI 2406.17915
cs.AI 2406.17949
cs.AI 2406.17957
cs.AI 2406.17960
cs.AI 2406.17961
cs.AI 2406.17968
cs.AI 2406.17969
cs.AI 2406.17987
cs.AI 2406.17990
cs.AI 2406.17992
cs.AI 2406.18002
cs.AI 2406.18012
cs.AI 2406.18020
cs.AI 2406.18022
cs.AI 2406.18027
cs.AI 2406.18033
cs.AI 2406.18045
cs.AI 2406.18049
cs.AI 2406.18053
cs.AI 2406.18060
cs.AI 2406.18062
cs.AI 2406.18069
cs.AI 2406.18074
cs.AI 2406.18078
cs.AI 2406.18087
cs.AI 2406.18088
cs.AI 2406.18115
cs.AI 2406.18116
cs.AI 2406.18120
cs.AI 2406.18122
cs.AI 2406.18125
cs.AI 2406.18140
cs.AI 2406.18142
cs.AI 2406.18175
cs.AI 2406.18187
cs.AI 2406.18192
cs.AI 2406.18193
cs.AI 2406.18211
cs.AI 2406.18220
cs.AI 2406.18221
cs.AI 2406.18239
cs.AI 2406.18254
cs.AI 2406.18259
cs.AI 2406.18293
cs.AI 2406.18305
cs.AI 2406.18312
cs.AI 2406.18321
cs.AI 2406.18326
cs.AI 2406.18333
cs.AI 2406.18351
cs.AI 2406.18354
cs.AI 2406.18361
cs.AI 2406.18364
cs.AI 2406.18370
cs.AI 2406.18379
cs.AI 2406.18388
cs.AI 2406.18394
cs.AI 2406.18406
cs.AI 2406.18414
cs.AI 2406.18420
cs.AI 2406.18423
cs.AI 2406.18449
cs.AI 2406.18450
cs.AI 2406.18451
cs.AI 2406.18460
cs.AI 2406.18505
cs.AI 2406.18518
cs.AI 2406.18532
cs.AI 2406.17809
cs.AI 2406.17836
cs.AI 2406.17840
cs.AI 2406.17863
cs.AI 2406.17906
cs.AI 2406.18043
cs.AI 2406.18166
cs.AI 2406.18178
cs.AI 2406.18237
cs.AI 2406.18346
cs.AI 2406.18535
cs.AI 2406.18536
cs.AI 2406.18537
cs.AI 2406.18538
cs.AI 2406.18546
cs.AI 2406.18550
cs.AI 2406.18552
cs.AI 2406.18557
cs.AI 2406.18559
cs.AI 2406.18563
cs.AI 2406.18565
cs.AI 2406.18566
cs.AI 2406.18568
cs.AI 2406.18569
cs.AI 2406.18570
cs.AI 2406.18574
cs.AI 2406.18576
cs.AI 2406.18580
cs.AI 2406.18584
cs.AI 2406.18585
cs.AI 2406.18587
cs.AI 2406.18591
cs.AI 2406.18595
cs.AI 2406.18616
cs.AI 2406.18620
cs.AI 2406.18621
cs.AI 2406.18625
cs.AI 2406.18626
cs.AI 2406.18629
cs.AI 2406.18630
cs.AI 2406.18665
cs.AI 2406.18675
cs.AI 2406.18676
cs.AI 2406.18678
cs.AI 2406.18679
cs.AI 2406.18682
cs.AI 2406.18690
cs.AI 2406.18695
cs.AI 2406.18701
cs.AI 2406.18731
cs.AI 2406.18741
cs.AI 2406.18747
cs.AI 2406.18757
cs.AI 2406.18763
cs.AI 2406.18765
cs.AI 2406.18790
cs.AI 2406.18800
cs.AI 2406.18802
cs.AI 2406.18812
cs.AI 2406.18814
cs.AI 2406.18817
cs.AI 2406.18841
cs.AI 2406.18842
cs.AI 2406.18845
cs.AI 2406.18847
cs.AI 2406.18851
cs.AI 2406.18856
cs.AI 2406.18859
cs.AI 2406.18898
cs.AI 2406.18899
cs.AI 2406.18900
cs.AI 2406.18916
cs.AI 2406.18922
cs.AI 2406.18937
cs.AI 2406.18944
cs.AI 2406.18954
cs.AI 2406.18992
cs.AI 2406.18995
cs.AI 2406.19015
cs.AI 2406.19043
cs.AI 2406.19048
cs.AI 2406.19049
cs.AI 2406.19050
cs.AI 2406.19054
cs.AI 2406.19057
cs.AI 2406.19071
cs.AI 2406.19087
cs.AI 2406.19102
cs.AI 2406.19108
cs.AI 2406.19116
cs.AI 2406.19121
cs.AI 2406.19126
cs.AI 2406.19135
cs.AI 2406.19136
cs.AI 2406.19148
cs.AI 2406.19150
cs.AI 2406.19189
cs.AI 2406.19195
cs.AI 2406.19217
cs.AI 2406.19220
cs.AI 2406.19223
cs.AI 2406.19228
cs.AI 2406.19234
cs.AI 2406.19243
cs.AI 2406.19251
cs.AI 2406.19261
cs.AI 2406.19280
cs.AI 2406.19292
cs.AI 2406.19314
cs.AI 2406.19317
cs.AI 2406.19320
cs.AI 2406.19349
cs.AI 2406.19354
cs.AI 2406.19370
cs.AI 2406.19384
cs.AI 2406.18615
cs.AI 2406.18839
cs.AI 2406.18884
cs.AI 2406.18924
cs.AI 2406.18930
cs.AI 2406.18939
cs.AI 2406.19236
cs.AI 2406.19256
cs.DM 2406.14589
cs.DM 2406.14729
cs.DM 2406.15165
cs.DM 2406.15317
cs.DM 2406.14588
cs.DM 2406.15075
cs.DM 2403.08120
cs.DM 2406.15563
cs.DM 2406.15746
cs.DM 2406.16391
cs.DM 2406.16396
cs.DM 2406.16409
cs.DM 2406.16417
cs.DM 2406.16444
cs.DM 2406.16647
cs.DM 2406.16656
cs.DM 2406.16705
cs.DM 2406.16132
cs.DM 2406.16390
cs.DM 2406.16392
cs.DM 2406.16393
cs.DM 2406.16394
cs.DM 2406.16397
cs.DM 2406.16399
cs.DM 2406.16402
cs.DM 2406.16403
cs.DM 2406.16405
cs.DM 2406.16406
cs.DM 2406.16407
cs.DM 2406.16411
cs.DM 2406.16413
cs.DM 2406.16415
cs.DM 2406.16418
cs.DM 2406.16419
cs.DM 2406.16420
cs.DM 2406.17089
cs.DM 2406.17504
cs.DM 2406.17867
cs.DM 2406.17964
cs.DM 2406.18670
cs.DM 2406.18713
cs.DM 2406.18781
cs.DM 2406.18930
cs.DM 2406.18933
cs.DM 2406.19164
cs.DM 2406.19053
cs.DM 2406.19134
cs.AR 2406.14706
cs.AR 2406.14863
cs.AR 2406.14571
cs.AR 2406.14574
cs.AR 2406.14778
cs.AR 2406.14999
cs.AR 2406.15068
cs.AR 2406.15107
cs.AR 2406.16198
cs.AR 2406.16153
cs.AR 2406.17132
cs.AR 2406.17749
cs.AR 2406.17995
cs.AR 2406.17796
cs.AR 2406.17798
cs.AR 2406.17802
cs.AR 2406.17878
cs.AR 2406.18117
cs.AR 2406.18149
cs.AR 2406.18372
cs.AR 2406.18441
cs.AR 2406.18536
cs.AR 2406.19094
cs.AR 2406.18786
cs.AR 2406.18873
cs.AR 2406.19113
cs.DC 2406.14574
cs.DC 2406.14733
cs.DC 2406.14910
cs.DC 2406.15125
cs.DC 2406.14820
cs.DC 2406.15002
cs.DC 2406.15489
cs.DC 2406.15758
cs.DC 2406.15791
cs.DC 2406.16785
cs.DC 2406.16822
cs.DC 2406.15560
cs.DC 2406.15769
cs.DC 2406.15804
cs.DC 2406.16005
cs.DC 2406.16068
cs.DC 2406.16091
cs.DC 2406.16182
cs.DC 2406.16250
cs.DC 2406.16280
cs.DC 2406.16661
cs.DC 2406.17172
cs.DC 2406.17235
cs.DC 2406.17298
cs.DC 2406.17354
cs.DC 2406.17470
cs.DC 2406.17706
cs.DC 2406.17049
cs.DC 2406.17145
cs.DC 2406.17284
cs.DC 2406.17455
cs.DC 2406.17477
cs.DC 2406.17512
cs.DC 2406.17565
cs.DC 2406.17580
cs.DC 2406.17710
cs.DC 2406.17812
cs.DC 2406.17899
cs.DC 2406.17918
cs.DC 2406.17951
cs.DC 2406.18032
cs.DC 2406.18156
cs.DC 2406.18491
cs.DC 2406.18001
cs.DC 2406.18109
cs.DC 2406.18111
cs.DC 2406.18112
cs.DC 2406.18485
cs.DC 2406.18813
cs.DC 2406.19042
cs.DC 2406.19058
cs.DC 2406.19113
cs.DC 2406.18801
cs.DC 2406.18820
cs.DC 2406.18957
cs.HC 2406.14734
cs.HC 2406.14842
cs.HC 2406.14856
cs.HC 2406.14871
cs.HC 2406.14928
cs.HC 2406.14981
cs.HC 2406.15003
cs.HC 2406.15198
cs.HC 2406.14885
cs.HC 2406.14908
cs.HC 2406.14923
cs.HC 2406.15074
cs.HC 2406.15259
cs.HC 2406.15376
cs.HC 2406.15474
cs.HC 2406.15679
cs.HC 2406.15991
cs.HC 2406.15598
cs.HC 2406.15808
cs.HC 2406.15842
cs.HC 2406.15889
cs.HC 2406.15928
cs.HC 2406.15942
cs.HC 2406.15953
cs.HC 2406.15963
cs.HC 2406.16173
cs.HC 2406.16177
cs.HC 2406.16388
cs.HC 2406.16572
cs.HC 2406.16737
cs.HC 2406.16835
cs.HC 2406.16909
cs.HC 2406.16910
cs.HC 2406.16943
cs.HC 2406.17156
cs.HC 2406.17531
cs.HC 2406.17641
cs.HC 2406.17650
cs.HC 2406.16903
cs.HC 2406.17097
cs.HC 2406.17181
cs.HC 2406.17582
cs.HC 2406.17781
cs.HC 2406.17805
cs.HC 2406.17838
cs.HC 2406.17882
cs.HC 2406.17963
cs.HC 2406.18082
cs.HC 2406.18116
cs.HC 2406.18162
cs.HC 2406.18460
cs.HC 2406.17872
cs.HC 2406.17986
cs.HC 2406.18100
cs.HC 2406.18336
cs.HC 2406.19054
cs.HC 2406.19226
cs.HC 2406.18559
cs.HC 2406.18570
cs.HC 2406.18595
cs.HC 2406.18675
cs.HC 2406.18690
cs.HC 2406.18702
cs.HC 2406.18718
cs.HC 2406.19283
cs.CV 2406.14565
cs.CV 2406.14567
cs.CV 2406.14568
cs.CV 2406.14774
cs.CV 2406.14794
cs.CV 2406.14862
cs.CV 2406.14896
cs.CV 2406.14917
cs.CV 2406.14954
cs.CV 2406.14976
cs.CV 2406.14994
cs.CV 2406.15050
cs.CV 2406.15093
cs.CV 2406.15104
cs.CV 2406.15111
cs.CV 2406.15113
cs.CV 2406.15117
cs.CV 2406.15128
cs.CV 2406.15149
cs.CV 2406.15159
cs.CV 2406.15172
cs.CV 2406.15206
cs.CV 2406.15222
cs.CV 2406.15299
cs.CV 2406.15306
cs.CV 2406.15340
cs.CV 2406.14566
cs.CV 2406.14581
cs.CV 2406.14582
cs.CV 2406.14583
cs.CV 2406.14596
cs.CV 2406.14599
cs.CV 2406.14643
cs.CV 2406.14675
cs.CV 2406.14762
cs.CV 2406.14797
cs.CV 2406.14806
cs.CV 2406.14815
cs.CV 2406.14819
cs.CV 2406.14830
cs.CV 2406.14847
cs.CV 2406.14852
cs.CV 2406.14854
cs.CV 2406.14855
cs.CV 2406.14856
cs.CV 2406.14874
cs.CV 2406.14878
cs.CV 2406.14912
cs.CV 2406.14916
cs.CV 2406.14924
cs.CV 2406.14927
cs.CV 2406.14941
cs.CV 2406.14953
cs.CV 2406.14958
cs.CV 2406.14962
cs.CV 2406.14964
cs.CV 2406.14973
cs.CV 2406.14978
cs.CV 2406.14993
cs.CV 2406.15003
cs.CV 2406.15020
cs.CV 2406.15034
cs.CV 2406.15035
cs.CV 2406.15102
cs.CV 2406.15118
cs.CV 2406.15121
cs.CV 2406.15182
cs.CV 2406.15252
cs.CV 2406.15253
cs.CV 2406.15269
cs.CV 2406.15303
cs.CV 2406.15320
cs.CV 2406.15329
cs.CV 2406.15331
cs.CV 2406.15333
cs.CV 2406.15334
cs.CV 2406.15335
cs.CV 2406.15339
cs.CV 2406.15349
cs.CV 2406.15359
cs.CV 2406.15364
cs.CV 2406.15485
cs.CV 2406.15571
cs.CV 2406.15635
cs.CV 2406.15656
cs.CV 2406.15685
cs.CV 2406.15716
cs.CV 2406.15727
cs.CV 2406.15736
cs.CV 2406.15812
cs.CV 2406.15958
cs.CV 2406.15979
cs.CV 2406.16012
cs.CV 2406.16074
cs.CV 2406.16077
cs.CV 2406.16083
cs.CV 2406.16087
cs.CV 2406.16093
cs.CV 2406.16109
cs.CV 2406.16150
cs.CV 2406.16189
cs.CV 2406.16220
cs.CV 2406.16231
cs.CV 2406.16322
cs.CV 2406.16359
cs.CV 2406.16464
cs.CV 2406.16466
cs.CV 2406.16469
cs.CV 2406.16481
cs.CV 2406.16583
cs.CV 2406.16608
cs.CV 2406.16658
cs.CV 2406.16683
cs.CV 2406.16701
cs.CV 2406.16724
cs.CV 2406.16754
cs.CV 2406.16807
cs.CV 2406.16848
cs.CV 2406.16851
cs.CV 2406.16862
cs.CV 2406.15395
cs.CV 2406.15396
cs.CV 2406.15451
cs.CV 2406.15556
cs.CV 2406.15565
cs.CV 2406.15643
cs.CV 2406.15646
cs.CV 2406.15649
cs.CV 2406.15658
cs.CV 2406.15692
cs.CV 2406.15694
cs.CV 2406.15699
cs.CV 2406.15704
cs.CV 2406.15707
cs.CV 2406.15719
cs.CV 2406.15735
cs.CV 2406.15754
cs.CV 2406.15755
cs.CV 2406.15764
cs.CV 2406.15768
cs.CV 2406.15771
cs.CV 2406.15778
cs.CV 2406.15805
cs.CV 2406.15811
cs.CV 2406.15816
cs.CV 2406.15829
cs.CV 2406.15831
cs.CV 2406.15848
cs.CV 2406.15863
cs.CV 2406.15864
cs.CV 2406.15910
cs.CV 2406.15918
cs.CV 2406.15920
cs.CV 2406.15921
cs.CV 2406.15925
cs.CV 2406.15946
cs.CV 2406.15955
cs.CV 2406.15982
cs.CV 2406.16001
cs.CV 2406.16004
cs.CV 2406.16038
cs.CV 2406.16039
cs.CV 2406.16042
cs.CV 2406.16072
cs.CV 2406.16073
cs.CV 2406.16085
cs.CV 2406.16111
cs.CV 2406.16129
cs.CV 2406.16137
cs.CV 2406.16141
cs.CV 2406.16143
cs.CV 2406.16187
cs.CV 2406.16192
cs.CV 2406.16204
cs.CV 2406.16260
cs.CV 2406.16271
cs.CV 2406.16272
cs.CV 2406.16273
cs.CV 2406.16279
cs.CV 2406.16289
cs.CV 2406.16297
cs.CV 2406.16301
cs.CV 2406.16307
cs.CV 2406.16333
cs.CV 2406.16338
cs.CV 2406.16346
cs.CV 2406.16360
cs.CV 2406.16384
cs.CV 2406.16422
cs.CV 2406.16427
cs.CV 2406.16434
cs.CV 2406.16439
cs.CV 2406.16442
cs.CV 2406.16449
cs.CV 2406.16459
cs.CV 2406.16473
cs.CV 2406.16476
cs.CV 2406.16477
cs.CV 2406.16501
cs.CV 2406.16502
cs.CV 2406.16513
cs.CV 2406.16518
cs.CV 2406.16531
cs.CV 2406.16537
cs.CV 2406.16540
cs.CV 2406.16544
cs.CV 2406.16562
cs.CV 2406.16564
cs.CV 2406.16592
cs.CV 2406.16593
cs.CV 2406.16601
cs.CV 2406.16615
cs.CV 2406.16620
cs.CV 2406.16623
cs.CV 2406.16633
cs.CV 2406.16638
cs.CV 2406.16641
cs.CV 2406.16695
cs.CV 2406.16710
cs.CV 2406.16776
cs.CV 2406.16784
cs.CV 2406.16815
cs.CV 2406.16817
cs.CV 2406.16850
cs.CV 2406.16852
cs.CV 2406.16855
cs.CV 2406.16860
cs.CV 2406.16863
cs.CV 2406.16864
cs.CV 2406.16866
cs.CV 2406.16886
cs.CV 2406.16900
cs.CV 2406.16901
cs.CV 2406.16911
cs.CV 2406.16942
cs.CV 2406.16955
cs.CV 2406.16993
cs.CV 2406.17051
cs.CV 2406.17080
cs.CV 2406.17119
cs.CV 2406.17173
cs.CV 2406.17224
cs.CV 2406.17225
cs.CV 2406.17238
cs.CV 2406.17250
cs.CV 2406.17338
cs.CV 2406.17349
cs.CV 2406.17381
cs.CV 2406.17420
cs.CV 2406.17423
cs.CV 2406.17471
cs.CV 2406.17536
cs.CV 2406.17577
cs.CV 2406.17590
cs.CV 2406.17605
cs.CV 2406.17652
cs.CV 2406.17670
cs.CV 2406.17697
cs.CV 2406.17709
cs.CV 2406.17740
cs.CV 2406.17749
cs.CV 2406.17763
cs.CV 2406.16966
cs.CV 2406.17005
cs.CV 2406.17032
cs.CV 2406.17047
cs.CV 2406.17074
cs.CV 2406.17100
cs.CV 2406.17109
cs.CV 2406.17115
cs.CV 2406.17117
cs.CV 2406.17126
cs.CV 2406.17146
cs.CV 2406.17148
cs.CV 2406.17162
cs.CV 2406.17183
cs.CV 2406.17219
cs.CV 2406.17235
cs.CV 2406.17236
cs.CV 2406.17254
cs.CV 2406.17256
cs.CV 2406.17265
cs.CV 2406.17297
cs.CV 2406.17309
cs.CV 2406.17319
cs.CV 2406.17323
cs.CV 2406.17342
cs.CV 2406.17343
cs.CV 2406.17345
cs.CV 2406.17382
cs.CV 2406.17396
cs.CV 2406.17405
cs.CV 2406.17413
cs.CV 2406.17414
cs.CV 2406.17437
cs.CV 2406.17438
cs.CV 2406.17442
cs.CV 2406.17443
cs.CV 2406.17450
cs.CV 2406.17458
cs.CV 2406.17460
cs.CV 2406.17462
cs.CV 2406.17469
cs.CV 2406.17472
cs.CV 2406.17473
cs.CV 2406.17483
cs.CV 2406.17520
cs.CV 2406.17530
cs.CV 2406.17538
cs.CV 2406.17541
cs.CV 2406.17547
cs.CV 2406.17559
cs.CV 2406.17575
cs.CV 2406.17591
cs.CV 2406.17601
cs.CV 2406.17608
cs.CV 2406.17614
cs.CV 2406.17617
cs.CV 2406.17628
cs.CV 2406.17636
cs.CV 2406.17639
cs.CV 2406.17640
cs.CV 2406.17679
cs.CV 2406.17680
cs.CV 2406.17688
cs.CV 2406.17707
cs.CV 2406.17720
cs.CV 2406.17741
cs.CV 2406.17758
cs.CV 2406.17770
cs.CV 2406.17774
cs.CV 2406.17777
cs.CV 2406.17792
cs.CV 2406.17804
cs.CV 2406.17806
cs.CV 2406.17840
cs.CV 2406.17899
cs.CV 2406.17902
cs.CV 2406.17908
cs.CV 2406.17974
cs.CV 2406.18043
cs.CV 2406.18054
cs.CV 2406.18102
cs.CV 2406.18115
cs.CV 2406.18139
cs.CV 2406.18158
cs.CV 2406.18201
cs.CV 2406.18212
cs.CV 2406.18240
cs.CV 2406.18247
cs.CV 2406.18249
cs.CV 2406.18327
cs.CV 2406.18451
cs.CV 2406.18521
cs.CV 2406.17781
cs.CV 2406.17782
cs.CV 2406.17795
cs.CV 2406.17815
cs.CV 2406.17858
cs.CV 2406.17869
cs.CV 2406.17876
cs.CV 2406.17880
cs.CV 2406.17915
cs.CV 2406.17936
cs.CV 2406.17960
cs.CV 2406.17970
cs.CV 2406.17988
cs.CV 2406.17998
cs.CV 2406.18011
cs.CV 2406.18012
cs.CV 2406.18031
cs.CV 2406.18037
cs.CV 2406.18048
cs.CV 2406.18050
cs.CV 2406.18051
cs.CV 2406.18068
cs.CV 2406.18070
cs.CV 2406.18074
cs.CV 2406.18079
cs.CV 2406.18113
cs.CV 2406.18129
cs.CV 2406.18140
cs.CV 2406.18144
cs.CV 2406.18146
cs.CV 2406.18151
cs.CV 2406.18159
cs.CV 2406.18176
cs.CV 2406.18193
cs.CV 2406.18197
cs.CV 2406.18198
cs.CV 2406.18199
cs.CV 2406.18214
cs.CV 2406.18215
cs.CV 2406.18220
cs.CV 2406.18227
cs.CV 2406.18236
cs.CV 2406.18242
cs.CV 2406.18253
cs.CV 2406.18278
cs.CV 2406.18279
cs.CV 2406.18284
cs.CV 2406.18295
cs.CV 2406.18310
cs.CV 2406.18333
cs.CV 2406.18344
cs.CV 2406.18350
cs.CV 2406.18360
cs.CV 2406.18361
cs.CV 2406.18375
cs.CV 2406.18387
cs.CV 2406.18414
cs.CV 2406.18422
cs.CV 2406.18430
cs.CV 2406.18443
cs.CV 2406.18453
cs.CV 2406.18459
cs.CV 2406.18462
cs.CV 2406.18481
cs.CV 2406.18516
cs.CV 2406.18522
cs.CV 2406.18524
cs.CV 2406.18530
cs.CV 2406.18533
cs.CV 2406.18547
cs.CV 2406.18548
cs.CV 2406.18549
cs.CV 2406.18555
cs.CV 2406.18556
cs.CV 2406.18559
cs.CV 2406.18563
cs.CV 2406.18570
cs.CV 2406.18595
cs.CV 2406.18722
cs.CV 2406.18765
cs.CV 2406.18915
cs.CV 2406.18919
cs.CV 2406.18925
cs.CV 2406.18950
cs.CV 2406.18977
cs.CV 2406.19043
cs.CV 2406.19081
cs.CV 2406.19175
cs.CV 2406.19236
cs.CV 2406.19237
cs.CV 2406.19239
cs.CV 2406.19263
cs.CV 2406.19320
cs.CV 2406.19336
cs.CV 2406.19388
cs.CV 2406.18537
cs.CV 2406.18538
cs.CV 2406.18539
cs.CV 2406.18540
cs.CV 2406.18541
cs.CV 2406.18542
cs.CV 2406.18543
cs.CV 2406.18544
cs.CV 2406.18545
cs.CV 2406.18546
cs.CV 2406.18550
cs.CV 2406.18551
cs.CV 2406.18552
cs.CV 2406.18553
cs.CV 2406.18554
cs.CV 2406.18558
cs.CV 2406.18561
cs.CV 2406.18562
cs.CV 2406.18564
cs.CV 2406.18565
cs.CV 2406.18566
cs.CV 2406.18567
cs.CV 2406.18568
cs.CV 2406.18569
cs.CV 2406.18571
cs.CV 2406.18572
cs.CV 2406.18573
cs.CV 2406.18574
cs.CV 2406.18575
cs.CV 2406.18576
cs.CV 2406.18579
cs.CV 2406.18580
cs.CV 2406.18581
cs.CV 2406.18582
cs.CV 2406.18583
cs.CV 2406.18584
cs.CV 2406.18585
cs.CV 2406.18586
cs.CV 2406.18587
cs.CV 2406.18588
cs.CV 2406.18589
cs.CV 2406.18591
cs.CV 2406.18593
cs.CV 2406.18610
cs.CV 2406.18628
cs.CV 2406.18684
cs.CV 2406.18691
cs.CV 2406.18709
cs.CV 2406.18717
cs.CV 2406.18742
cs.CV 2406.18790
cs.CV 2406.18809
cs.CV 2406.18817
cs.CV 2406.18836
cs.CV 2406.18837
cs.CV 2406.18844
cs.CV 2406.18845
cs.CV 2406.18849
cs.CV 2406.18864
cs.CV 2406.18868
cs.CV 2406.18893
cs.CV 2406.18898
cs.CV 2406.18901
cs.CV 2406.18908
cs.CV 2406.18927
cs.CV 2406.18941
cs.CV 2406.18944
cs.CV 2406.18958
cs.CV 2406.18967
cs.CV 2406.18992
cs.CV 2406.18996
cs.CV 2406.18999
cs.CV 2406.19006
cs.CV 2406.19030
cs.CV 2406.19048
cs.CV 2406.19055
cs.CV 2406.19057
cs.CV 2406.19070
cs.CV 2406.19087
cs.CV 2406.19101
cs.CV 2406.19107
cs.CV 2406.19130
cs.CV 2406.19131
cs.CV 2406.19148
cs.CV 2406.19150
cs.CV 2406.19162
cs.CV 2406.19217
cs.CV 2406.19225
cs.CV 2406.19247
cs.CV 2406.19255
cs.CV 2406.19280
cs.CV 2406.19290
cs.CV 2406.19297
cs.CV 2406.19298
cs.CV 2406.19299
cs.CV 2406.19302
cs.CV 2406.19316
cs.CV 2406.19341
cs.CV 2406.19353
cs.CV 2406.19362
cs.CV 2406.19364
cs.CV 2406.19369
cs.CV 2406.19389
cs.CV 2406.19390
cs.CV 2406.19391
cs.CV 2406.19392
cs.CV 2406.19393
cs.CV 2406.19394
cs.CV 2406.19395
cs.MA 2406.14698
cs.MA 2406.14711
cs.MA 2406.14913
cs.MA 2406.14922
cs.MA 2406.14928
cs.MA 2406.15202
cs.MA 2406.14652
cs.MA 2406.14728
cs.MA 2406.14832
cs.MA 2406.15036
cs.MA 2406.15096
cs.MA 2406.15492
cs.MA 2406.15659
cs.MA 2406.15836
cs.MA 2406.16164
cs.MA 2406.16612
cs.MA 2406.17189
cs.MA 2406.17425
cs.MA 2406.17736
cs.MA 2406.17206
cs.MA 2406.17303
cs.MA 2406.17949
cs.MA 2406.18168
cs.MA 2406.18371
cs.MA 2406.17816
cs.MA 2406.18152
cs.MA 2406.18418
cs.MA 2406.18961
cs.MA 2406.19181
cs.IR 2406.14572
cs.IR 2406.14732
cs.IR 2406.14765
cs.IR 2406.14848
cs.IR 2406.14891
cs.IR 2406.14894
cs.IR 2406.14972
cs.IR 2406.14983
cs.IR 2406.15187
cs.IR 2406.14764
cs.IR 2406.14783
cs.IR 2406.14900
cs.IR 2406.14901
cs.IR 2406.15173
cs.IR 2406.15241
cs.IR 2406.15264
cs.IR 2406.15313
cs.IR 2406.15533
cs.IR 2406.16013
cs.IR 2406.16212
cs.IR 2406.15657
cs.IR 2406.15859
cs.IR 2406.15983
cs.IR 2406.16048
cs.IR 2406.16106
cs.IR 2406.16170
cs.IR 2406.16332
cs.IR 2406.16350
cs.IR 2406.16367
cs.IR 2406.16383
cs.IR 2406.16494
cs.IR 2406.16568
cs.IR 2406.16629
cs.IR 2406.16828
cs.IR 2406.17158
cs.IR 2406.17378
cs.IR 2406.17526
cs.IR 2406.17605
cs.IR 2406.17182
cs.IR 2406.17289
cs.IR 2406.17335
cs.IR 2406.17475
cs.IR 2406.17507
cs.IR 2406.17745
cs.IR 2406.17803
cs.IR 2406.17961
cs.IR 2406.18240
cs.IR 2406.17968
cs.IR 2406.18114
cs.IR 2406.18254
cs.IR 2406.18286
cs.IR 2406.18320
cs.IR 2406.18470
cs.IR 2406.18535
cs.IR 2406.18579
cs.IR 2406.18740
cs.IR 2406.18747
cs.IR 2406.18836
cs.IR 2406.19102
cs.IR 2406.19150
cs.IR 2406.19237
cs.IR 2406.18825
cs.IR 2406.18938
cs.IR 2406.18960
cs.IR 2406.18962
cs.IR 2406.18984
cs.IR 2406.19007
cs.IR 2406.19018
cs.IR 2406.19281
cs.IR 2406.19309
cs.CL 2403.18591
cs.CL 2406.14643
cs.CL 2406.14683
cs.CL 2406.14701
cs.CL 2406.14764
cs.CL 2406.14765
cs.CL 2406.14774
cs.CL 2406.14783
cs.CL 2406.14862
cs.CL 2406.14867
cs.CL 2406.14898
cs.CL 2406.14909
cs.CL 2406.14917
cs.CL 2406.14928
cs.CL 2406.14956
cs.CL 2406.14986
cs.CL 2406.14993
cs.CL 2406.15015
cs.CL 2406.15038
cs.CL 2406.15050
cs.CL 2406.15111
cs.CL 2406.15264
cs.CL 2406.15279
cs.CL 2406.15306
cs.CL 2406.15313
cs.CL 2406.15330
cs.CL 2406.15334
cs.CL 2406.14629
cs.CL 2406.14644
cs.CL 2406.14654
cs.CL 2406.14657
cs.CL 2406.14666
cs.CL 2406.14670
cs.CL 2406.14673
cs.CL 2406.14678
cs.CL 2406.14680
cs.CL 2406.14686
cs.CL 2406.14695
cs.CL 2406.14703
cs.CL 2406.14709
cs.CL 2406.14711
cs.CL 2406.14721
cs.CL 2406.14732
cs.CL 2406.14737
cs.CL 2406.14739
cs.CL 2406.14745
cs.CL 2406.14747
cs.CL 2406.14760
cs.CL 2406.14763
cs.CL 2406.14785
cs.CL 2406.14805
cs.CL 2406.14825
cs.CL 2406.14828
cs.CL 2406.14829
cs.CL 2406.14833
cs.CL 2406.14835
cs.CL 2406.14848
cs.CL 2406.14859
cs.CL 2406.14868
cs.CL 2406.14877
cs.CL 2406.14882
cs.CL 2406.14883
cs.CL 2406.14884
cs.CL 2406.14887
cs.CL 2406.14890
cs.CL 2406.14891
cs.CL 2406.14894
cs.CL 2406.14938
cs.CL 2406.14952
cs.CL 2406.14955
cs.CL 2406.14971
cs.CL 2406.14972
cs.CL 2406.14979
cs.CL 2406.14991
cs.CL 2406.15000
cs.CL 2406.15019
cs.CL 2406.15032
cs.CL 2406.15045
cs.CL 2406.15053
cs.CL 2406.15066
cs.CL 2406.15085
cs.CL 2406.15109
cs.CL 2406.15126
cs.CL 2406.15130
cs.CL 2406.15163
cs.CL 2406.15175
cs.CL 2406.15178
cs.CL 2406.15193
cs.CL 2406.15211
cs.CL 2406.15214
cs.CL 2406.15227
cs.CL 2406.15231
cs.CL 2406.15245
cs.CL 2406.15265
cs.CL 2406.15267
cs.CL 2406.15275
cs.CL 2406.15284
cs.CL 2406.15294
cs.CL 2406.15319
cs.CL 2406.15352
cs.CL 2406.15474
cs.CL 2406.15481
cs.CL 2406.15513
cs.CL 2406.15527
cs.CL 2406.15534
cs.CL 2406.15567
cs.CL 2406.15736
cs.CL 2406.15752
cs.CL 2406.15754
cs.CL 2406.15765
cs.CL 2406.15786
cs.CL 2406.15812
cs.CL 2406.15877
cs.CL 2406.15890
cs.CL 2406.15940
cs.CL 2406.15963
cs.CL 2406.16020
cs.CL 2406.16061
cs.CL 2406.16107
cs.CL 2406.16120
cs.CL 2406.16176
cs.CL 2406.16201
cs.CL 2406.16254
cs.CL 2406.16308
cs.CL 2406.16315
cs.CL 2406.16332
cs.CL 2406.16408
cs.CL 2406.16477
cs.CL 2406.16562
cs.CL 2406.16635
cs.CL 2406.16746
cs.CL 2406.16748
cs.CL 2406.16807
cs.CL 2406.16810
cs.CL 2406.16828
cs.CL 2406.15358
cs.CL 2406.15359
cs.CL 2406.15362
cs.CL 2406.15363
cs.CL 2406.15370
cs.CL 2406.15443
cs.CL 2406.15444
cs.CL 2406.15465
cs.CL 2406.15468
cs.CL 2406.15470
cs.CL 2406.15471
cs.CL 2406.15472
cs.CL 2406.15473
cs.CL 2406.15476
cs.CL 2406.15477
cs.CL 2406.15479
cs.CL 2406.15480
cs.CL 2406.15483
cs.CL 2406.15484
cs.CL 2406.15485
cs.CL 2406.15486
cs.CL 2406.15487
cs.CL 2406.15490
cs.CL 2406.15504
cs.CL 2406.15507
cs.CL 2406.15516
cs.CL 2406.15518
cs.CL 2406.15524
cs.CL 2406.15570
cs.CL 2406.15576
cs.CL 2406.15583
cs.CL 2406.15586
cs.CL 2406.15593
cs.CL 2406.15625
cs.CL 2406.15627
cs.CL 2406.15668
cs.CL 2406.15673
cs.CL 2406.15695
cs.CL 2406.15708
cs.CL 2406.15718
cs.CL 2406.15720
cs.CL 2406.15723
cs.CL 2406.15734
cs.CL 2406.15741
cs.CL 2406.15781
cs.CL 2406.15796
cs.CL 2406.15809
cs.CL 2406.15823
cs.CL 2406.15846
cs.CL 2406.15862
cs.CL 2406.15869
cs.CL 2406.15871
cs.CL 2406.15883
cs.CL 2406.15888
cs.CL 2406.15891
cs.CL 2406.15927
cs.CL 2406.15938
cs.CL 2406.15948
cs.CL 2406.15951
cs.CL 2406.15966
cs.CL 2406.15968
cs.CL 2406.15981
cs.CL 2406.15990
cs.CL 2406.15992
cs.CL 2406.15996
cs.CL 2406.16007
cs.CL 2406.16008
cs.CL 2406.16013
cs.CL 2406.16021
cs.CL 2406.16030
cs.CL 2406.16033
cs.CL 2406.16069
cs.CL 2406.16071
cs.CL 2406.16078
cs.CL 2406.16079
cs.CL 2406.16086
cs.CL 2406.16135
cs.CL 2406.16144
cs.CL 2406.16152
cs.CL 2406.16167
cs.CL 2406.16203
cs.CL 2406.16223
cs.CL 2406.16229
cs.CL 2406.16235
cs.CL 2406.16253
cs.CL 2406.16264
cs.CL 2406.16275
cs.CL 2406.16288
cs.CL 2406.16293
cs.CL 2406.16294
cs.CL 2406.16299
cs.CL 2406.16306
cs.CL 2406.16316
cs.CL 2406.16319
cs.CL 2406.16320
cs.CL 2406.16330
cs.CL 2406.16341
cs.CL 2406.16342
cs.CL 2406.16356
cs.CL 2406.16372
cs.CL 2406.16374
cs.CL 2406.16377
cs.CL 2406.16382
cs.CL 2406.16416
cs.CL 2406.16441
cs.CL 2406.16450
cs.CL 2406.16464
cs.CL 2406.16469
cs.CL 2406.16478
cs.CL 2406.16489
cs.CL 2406.16490
cs.CL 2406.16495
cs.CL 2406.16508
cs.CL 2406.16521
cs.CL 2406.16524
cs.CL 2406.16527
cs.CL 2406.16528
cs.CL 2406.16529
cs.CL 2406.16535
cs.CL 2406.16536
cs.CL 2406.16554
cs.CL 2406.16563
cs.CL 2406.16567
cs.CL 2406.16605
cs.CL 2406.16611
cs.CL 2406.16655
cs.CL 2406.16672
cs.CL 2406.16674
cs.CL 2406.16678
cs.CL 2406.16690
cs.CL 2406.16694
cs.CL 2406.16714
cs.CL 2406.16722
cs.CL 2406.16732
cs.CL 2406.16743
cs.CL 2406.16747
cs.CL 2406.16751
cs.CL 2406.16758
cs.CL 2406.16767
cs.CL 2406.16772
cs.CL 2406.16777
cs.CL 2406.16778
cs.CL 2406.16779
cs.CL 2406.16783
cs.CL 2406.16797
cs.CL 2406.16801
cs.CL 2406.16829
cs.CL 2406.16833
cs.CL 2406.16838
cs.CL 2406.16842
cs.CL 2406.16845
cs.CL 2406.16851
cs.CL 2406.16858
cs.CL 2406.16903
cs.CL 2406.16953
cs.CL 2406.16962
cs.CL 2406.16985
cs.CL 2406.17135
cs.CL 2406.17224
cs.CL 2406.17233
cs.CL 2406.17245
cs.CL 2406.17266
cs.CL 2406.17532
cs.CL 2406.17542
cs.CL 2406.17605
cs.CL 2406.17618
cs.CL 2406.17639
cs.CL 2406.17650
cs.CL 2406.17667
cs.CL 2406.17706
cs.CL 2406.16890
cs.CL 2406.16891
cs.CL 2406.16892
cs.CL 2406.16893
cs.CL 2406.16897
cs.CL 2406.16899
cs.CL 2406.16925
cs.CL 2406.16937
cs.CL 2406.17038
cs.CL 2406.17055
cs.CL 2406.17095
cs.CL 2406.17104
cs.CL 2406.17158
cs.CL 2406.17163
cs.CL 2406.17169
cs.CL 2406.17185
cs.CL 2406.17186
cs.CL 2406.17213
cs.CL 2406.17231
cs.CL 2406.17232
cs.CL 2406.17241
cs.CL 2406.17253
cs.CL 2406.17255
cs.CL 2406.17257
cs.CL 2406.17260
cs.CL 2406.17261
cs.CL 2406.17262
cs.CL 2406.17271
cs.CL 2406.17274
cs.CL 2406.17276
cs.CL 2406.17282
cs.CL 2406.17283
cs.CL 2406.17287
cs.CL 2406.17294
cs.CL 2406.17300
cs.CL 2406.17304
cs.CL 2406.17305
cs.CL 2406.17312
cs.CL 2406.17324
cs.CL 2406.17328
cs.CL 2406.17363
cs.CL 2406.17375
cs.CL 2406.17377
cs.CL 2406.17378
cs.CL 2406.17385
cs.CL 2406.17404
cs.CL 2406.17415
cs.CL 2406.17419
cs.CL 2406.17430
cs.CL 2406.17453
cs.CL 2406.17456
cs.CL 2406.17465
cs.CL 2406.17474
cs.CL 2406.17484
cs.CL 2406.17513
cs.CL 2406.17519
cs.CL 2406.17526
cs.CL 2406.17534
cs.CL 2406.17535
cs.CL 2406.17553
cs.CL 2406.17557
cs.CL 2406.17563
cs.CL 2406.17566
cs.CL 2406.17574
cs.CL 2406.17588
cs.CL 2406.17600
cs.CL 2406.17624
cs.CL 2406.17626
cs.CL 2406.17633
cs.CL 2406.17642
cs.CL 2406.17647
cs.CL 2406.17663
cs.CL 2406.17675
cs.CL 2406.17681
cs.CL 2406.17692
cs.CL 2406.17716
cs.CL 2406.17737
cs.CL 2406.17739
cs.CL 2406.17744
cs.CL 2406.17746
cs.CL 2406.17753
cs.CL 2406.17755
cs.CL 2406.17761
cs.CL 2406.17764
cs.CL 2406.16620
cs.CL 2406.17793
cs.CL 2406.17801
cs.CL 2406.17876
cs.CL 2406.17972
cs.CL 2406.18069
cs.CL 2406.18087
cs.CL 2406.18118
cs.CL 2406.18227
cs.CL 2406.18301
cs.CL 2406.18313
cs.CL 2406.18505
cs.CL 2406.18522
cs.CL 2406.17787
cs.CL 2406.17789
cs.CL 2406.17790
cs.CL 2406.17803
cs.CL 2406.17805
cs.CL 2406.17806
cs.CL 2406.17807
cs.CL 2406.17808
cs.CL 2406.17825
cs.CL 2406.17873
cs.CL 2406.17875
cs.CL 2406.17888
cs.CL 2406.17901
cs.CL 2406.17903
cs.CL 2406.17911
cs.CL 2406.17923
cs.CL 2406.17926
cs.CL 2406.17935
cs.CL 2406.17947
cs.CL 2406.17961
cs.CL 2406.17962
cs.CL 2406.17967
cs.CL 2406.17969
cs.CL 2406.17974
cs.CL 2406.17975
cs.CL 2406.17982
cs.CL 2406.17987
cs.CL 2406.17990
cs.CL 2406.17992
cs.CL 2406.18002
cs.CL 2406.18027
cs.CL 2406.18034
cs.CL 2406.18045
cs.CL 2406.18049
cs.CL 2406.18060
cs.CL 2406.18064
cs.CL 2406.18067
cs.CL 2406.18078
cs.CL 2406.18082
cs.CL 2406.18085
cs.CL 2406.18088
cs.CL 2406.18094
cs.CL 2406.18108
cs.CL 2406.18116
cs.CL 2406.18120
cs.CL 2406.18122
cs.CL 2406.18125
cs.CL 2406.18133
cs.CL 2406.18134
cs.CL 2406.18135
cs.CL 2406.18139
cs.CL 2406.18164
cs.CL 2406.18173
cs.CL 2406.18187
cs.CL 2406.18192
cs.CL 2406.18200
cs.CL 2406.18219
cs.CL 2406.18221
cs.CL 2406.18239
cs.CL 2406.18245
cs.CL 2406.18256
cs.CL 2406.18259
cs.CL 2406.18266
cs.CL 2406.18276
cs.CL 2406.18294
cs.CL 2406.18297
cs.CL 2406.18305
cs.CL 2406.18312
cs.CL 2406.18321
cs.CL 2406.18326
cs.CL 2406.18340
cs.CL 2406.18364
cs.CL 2406.18365
cs.CL 2406.18373
cs.CL 2406.18400
cs.CL 2406.18403
cs.CL 2406.18406
cs.CL 2406.18449
cs.CL 2406.18460
cs.CL 2406.18495
cs.CL 2406.18501
cs.CL 2406.18510
cs.CL 2406.18512
cs.CL 2406.18518
cs.CL 2406.18521
cs.CL 2406.18528
cs.CL 2406.18532
cs.CL 2406.18534
cs.CL 2406.12260
cs.CL 2406.18616
cs.CL 2406.18626
cs.CL 2406.18629
cs.CL 2406.18665
cs.CL 2406.18675
cs.CL 2406.18678
cs.CL 2406.18679
cs.CL 2406.18695
cs.CL 2406.18702
cs.CL 2406.18708
cs.CL 2406.18725
cs.CL 2406.18731
cs.CL 2406.18841
cs.CL 2406.18842
cs.CL 2406.18871
cs.CL 2406.18928
cs.CL 2406.18934
cs.CL 2406.18972
cs.CL 2406.18977
cs.CL 2406.19146
cs.CL 2406.19230
cs.CL 2406.19255
cs.CL 2406.19280
cs.CL 2406.19292
cs.CL 2406.19317
cs.CL 2406.19384
cs.CL 2406.19388
cs.CL 2406.18664
cs.CL 2406.18676
cs.CL 2406.18682
cs.CL 2406.18696
cs.CL 2406.18740
cs.CL 2406.18762
cs.CL 2406.18776
cs.CL 2406.18783
cs.CL 2406.18832
cs.CL 2406.18847
cs.CL 2406.18856
cs.CL 2406.18859
cs.CL 2406.18872
cs.CL 2406.18880
cs.CL 2406.18895
cs.CL 2406.18906
cs.CL 2406.18907
cs.CL 2406.18910
cs.CL 2406.18916
cs.CL 2406.18921
cs.CL 2406.18925
cs.CL 2406.18966
cs.CL 2406.19032
cs.CL 2406.19065
cs.CL 2406.19071
cs.CL 2406.19073
cs.CL 2406.19097
cs.CL 2406.19102
cs.CL 2406.19116
cs.CL 2406.19170
cs.CL 2406.19172
cs.CL 2406.19215
cs.CL 2406.19223
cs.CL 2406.19226
cs.CL 2406.19227
cs.CL 2406.19228
cs.CL 2406.19232
cs.CL 2406.19237
cs.CL 2406.19238
cs.CL 2406.19251
cs.CL 2406.19263
cs.CL 2406.19271
cs.CL 2406.19276
cs.CL 2406.19307
cs.CL 2406.19314
cs.CL 2406.19349
cs.CL 2406.19354
cs.CL 2406.19356
cs.CL 2406.19358
cs.CL 2406.19371
cs.CR 2406.14772
cs.CR 2406.14855
cs.CR 2406.14966
cs.CR 2406.15213
cs.CR 2406.15282
cs.CR 2406.14595
cs.CR 2406.14773
cs.CR 2406.14804
cs.CR 2406.14841
cs.CR 2406.14863
cs.CR 2406.14898
cs.CR 2406.14996
cs.CR 2406.15055
cs.CR 2406.15063
cs.CR 2406.15070
cs.CR 2406.15071
cs.CR 2406.15093
cs.CR 2406.15103
cs.CR 2406.15104
cs.CR 2406.15206
cs.CR 2406.15210
cs.CR 2406.15215
cs.CR 2406.15302
cs.CR 2406.15305
cs.CR 2406.15309
cs.CR 2406.15635
cs.CR 2406.15789
cs.CR 2406.15839
cs.CR 2406.15842
cs.CR 2406.15916
cs.CR 2406.15962
cs.CR 2406.16018
cs.CR 2406.16035
cs.CR 2406.16153
cs.CR 2406.16200
cs.CR 2406.16235
cs.CR 2406.16244
cs.CR 2406.16305
cs.CR 2406.16456
cs.CR 2406.16716
cs.CR 2406.15482
cs.CR 2406.15489
cs.CR 2406.15494
cs.CR 2406.15498
cs.CR 2406.15501
cs.CR 2406.15529
cs.CR 2406.15585
cs.CR 2406.15596
cs.CR 2406.15605
cs.CR 2406.15686
cs.CR 2406.15709
cs.CR 2406.15731
cs.CR 2406.15872
cs.CR 2406.16125
cs.CR 2406.16201
cs.CR 2406.16219
cs.CR 2406.16313
cs.CR 2406.16347
cs.CR 2406.16369
cs.CR 2406.16565
cs.CR 2406.16792
cs.CR 2406.16804
cs.CR 2406.16822
cs.CR 2406.16963
cs.CR 2406.16986
cs.CR 2406.17114
cs.CR 2406.17216
cs.CR 2406.17298
cs.CR 2406.17425
cs.CR 2406.17628
cs.CR 2406.17649
cs.CR 2406.16973
cs.CR 2406.17087
cs.CR 2406.17092
cs.CR 2406.17094
cs.CR 2406.17172
cs.CR 2406.17207
cs.CR 2406.17277
cs.CR 2406.17349
cs.CR 2406.17548
cs.CR 2406.17576
cs.CR 2406.17606
cs.CR 2406.17694
cs.CR 2406.17806
cs.CR 2406.17975
cs.CR 2406.18491
cs.CR 2406.17882
cs.CR 2406.18032
cs.CR 2406.18058
cs.CR 2406.18118
cs.CR 2406.18145
cs.CR 2406.18226
cs.CR 2406.18262
cs.CR 2406.18379
cs.CR 2406.18382
cs.CR 2406.18389
cs.CR 2406.18540
cs.CR 2406.18651
cs.CR 2406.18944
cs.CR 2406.19040
cs.CR 2406.19304
cs.CR 2406.19378
cs.CR 2406.18671
cs.CR 2406.18813
cs.CR 2406.18894
cs.CR 2406.18940
cs.CR 2406.19035
cs.CR 2406.19042
cs.CR 2406.19091
cs.CR 2406.19094
cs.CR 2406.19220
cs.CR 2406.19234
cs.CR 2406.19311
cs.CR 2406.19338
cs.CR 2406.19374
cs.NI 2406.14594
cs.NI 2406.14820
cs.NI 2406.14995
cs.NI 2406.15199
cs.NI 2406.14597
cs.NI 2406.14668
cs.NI 2406.14965
cs.NI 2406.15097
cs.NI 2406.15105
cs.NI 2406.15489
cs.NI 2406.15541
cs.NI 2406.15585
cs.NI 2406.15686
cs.NI 2406.15819
cs.NI 2406.16280
cs.NI 2406.15638
cs.NI 2406.15681
cs.NI 2406.15899
cs.NI 2406.15906
cs.NI 2406.15935
cs.NI 2406.16452
cs.NI 2406.17112
cs.NI 2406.17334
cs.NI 2406.17554
cs.NI 2406.18032
cs.NI 2406.18156
cs.NI 2406.18270
cs.NI 2406.18204
cs.NI 2406.18251
cs.NI 2406.18455
cs.NI 2406.18741
cs.NI 2406.19009
cs.NI 2406.19296
cs.NI 2406.19304
cs.IT 2406.14902
cs.IT 2406.15217
cs.IT 2406.15233
cs.IT 2406.15247
cs.IT 2406.14594
cs.IT 2406.14939
cs.IT 2406.15031
cs.IT 2406.15047
cs.IT 2406.15056
cs.IT 2406.15122
cs.IT 2406.15199
cs.IT 2406.15398
cs.IT 2406.15817
cs.IT 2406.15819
cs.IT 2406.15945
cs.IT 2406.15957
cs.IT 2406.16200
cs.IT 2406.15541
cs.IT 2406.15791
cs.IT 2406.15794
cs.IT 2406.15802
cs.IT 2406.16656
cs.IT 2406.16662
cs.IT 2406.16675
cs.IT 2406.16878
cs.IT 2406.17133
cs.IT 2406.17470
cs.IT 2406.17610
cs.IT 2406.17070
cs.IT 2406.17144
cs.IT 2406.17196
cs.IT 2406.17223
cs.IT 2406.17339
cs.IT 2406.17393
cs.IT 2406.17476
cs.IT 2406.17669
cs.IT 2406.17689
cs.IT 2406.17814
cs.IT 2406.18359
cs.IT 2406.18476
cs.IT 2406.17929
cs.IT 2406.18008
cs.IT 2406.18017
cs.IT 2406.18055
cs.IT 2406.18270
cs.IT 2406.18307
cs.IT 2406.18325
cs.IT 2406.18383
cs.IT 2406.18598
cs.IT 2406.18651
cs.IT 2406.18655
cs.IT 2406.18658
cs.IT 2406.19060
cs.IT 2406.19061
cs.IT 2406.18985
cs.IT 2406.19002
cs.IT 2406.19026
cs.IT 2406.19084
cs.IT 2406.19248
cs.IT 2406.19334
cs.CC 2406.12149
cs.CC 2406.12322
cs.CC 2406.12176
cs.CC 2406.12717
cs.CC 2406.14729
cs.CC 2406.15626
cs.CC 2406.15746
cs.CC 2406.15970
cs.CC 2406.15817
cs.CC 2406.16015
cs.CC 2406.16607
cs.CC 2406.16653
cs.CC 2406.16764
cs.CC 2406.16843
cs.CC 2406.18168
cs.CC 2406.18273
cs.CC 2406.18299
cs.CC 2406.19378
cs.CC 2406.18700
cs.PF 2406.12146
cs.PF 2406.12715
cs.PF 2406.13299
cs.PF 2406.13604
cs.PF 2406.13768
cs.PF 2406.14066
cs.PF 2406.14084
cs.PF 2406.15541
cs.PF 2406.15560
cs.PF 2406.16068
cs.PF 2406.16791
cs.PF 2406.18445
cs.PF 2406.19058
cs.NA 2406.14649
cs.NA 2406.14738
cs.NA 2406.14936
cs.NA 2406.15276
cs.NA 2406.14791
cs.NA 2406.14817
cs.NA 2406.14870
cs.NA 2406.14992
cs.NA 2406.15051
cs.NA 2406.15082
cs.NA 2406.15120
cs.NA 2406.15159
cs.NA 2103.08012
cs.NA 2302.04939
cs.NA 2406.15617
cs.NA 2406.15619
cs.NA 2406.15712
cs.NA 2406.15798
cs.NA 2406.16154
cs.NA 2406.16191
cs.NA 2406.16447
cs.NA 2406.16666
cs.NA 2406.16740
cs.NA 2406.15623
cs.NA 2406.15644
cs.NA 2406.15959
cs.NA 2406.15977
cs.NA 2406.16088
cs.NA 2406.16089
cs.NA 2406.16112
cs.NA 2406.16195
cs.NA 2406.16216
cs.NA 2406.16285
cs.NA 2406.16287
cs.NA 2406.16423
cs.NA 2406.16499
cs.NA 2406.16627
cs.NA 2406.16703
cs.NA 2406.16718
cs.NA 2406.16814
cs.NA 2406.16832
cs.NA 2406.17119
cs.NA 2406.17263
cs.NA 2406.17763
cs.NA 2406.17311
cs.NA 2406.17364
cs.NA 2406.17461
cs.NA 2406.17597
cs.NA 2406.17656
cs.NA 2406.17933
cs.NA 2406.18423
cs.NA 2406.17879
cs.NA 2406.17900
cs.NA 2406.17981
cs.NA 2406.18015
cs.NA 2406.18393
cs.NA 2406.18398
cs.NA 2406.18613
cs.NA 2406.18726
cs.NA 2406.18794
cs.NA 2406.18833
cs.NA 2406.18860
cs.NA 2406.19377
cs.NA 2406.18948
cs.NA 2406.18963
cs.NA 2406.19000
cs.NA 2406.19339
cs.LO 2406.14880
cs.LO 2406.15087
cs.LO 2406.15202
cs.LO 2406.15293
cs.LO 2406.15782
cs.LO 2406.16063
cs.LO 2406.16843
cs.LO 2406.15626
cs.LO 2406.15882
cs.LO 2406.16046
cs.LO 2406.16054
cs.LO 2406.16056
cs.LO 2406.16447
cs.LO 2406.16720
cs.LO 2406.16785
cs.LO 2406.17066
cs.LO 2406.17482
cs.LO 2406.17532
cs.LO 2406.17583
cs.LO 2406.17663
cs.LO 2406.17762
cs.LO 2406.17082
cs.LO 2406.17240
cs.LO 2406.17693
cs.LO 2406.18260
cs.LO 2406.18497
cs.LO 2406.17862
cs.LO 2406.18299
cs.LO 2406.18465
cs.LO 2406.18493
cs.LO 2406.18930
cs.LO 2406.18727
cs.LO 2406.19379
cs.CE 2406.14591
cs.CE 2406.14815
cs.CE 2406.15013
cs.CE 2406.15070
cs.CE 2406.14720
cs.CE 2406.15459
cs.CE 2406.15931
cs.CE 2406.15959
cs.CE 2406.16092
cs.CE 2406.16057
cs.CE 2406.16066
cs.CE 2406.16328
cs.CE 2406.16685
cs.CE 2406.16786
cs.CE 2406.17090
cs.CE 2406.17500
cs.CE 2406.17512
cs.CE 2406.17083
cs.CE 2406.17119
cs.CE 2406.17353
cs.CE 2406.17878
cs.CE 2406.18342
cs.CE 2406.18856
cs.CE 2406.18833
cs.CE 2406.18846
cs.CE 2406.19025
cs.CE 2406.19261
cs.CE 2406.19396
cs.PL 2406.11883
cs.PL 2406.11935
cs.PL 2406.12715
cs.PL 2406.12902
cs.PL 2406.13161
cs.PL 2406.13716
cs.PL 2406.14227
cs.PL 2406.14792
cs.PL 2406.14719
cs.PL 2406.14733
cs.PL 2406.14787
cs.PL 2406.15377
cs.PL 2406.16154
cs.PL 2406.15652
cs.PL 2406.15742
cs.PL 2406.16063
cs.PL 2406.18260
cs.PL 2406.18304
cs.OS 2406.01872
cs.OS 2406.09649
cs.OS 2406.10635
cs.OS 2406.16250
cs.OS 2406.15776
cs.OS 2406.19120
cs.OS 2406.18980
cs.SE 2406.14991
cs.SE 2406.15198
cs.SE 2406.15325
cs.SE 2406.14724
cs.SE 2406.14836
cs.SE 2406.15281
cs.SE 2406.15296
cs.SE 2406.15377
cs.SE 2406.15379
cs.SE 2406.15382
cs.SE 2406.15596
cs.SE 2406.15679
cs.SE 2406.16347
cs.SE 2406.15540
cs.SE 2406.15633
cs.SE 2406.15676
cs.SE 2406.15743
cs.SE 2406.15777
cs.SE 2406.15877
cs.SE 2406.15988
cs.SE 2406.15999
cs.SE 2406.16118
cs.SE 2406.16162
cs.SE 2406.16225
cs.SE 2406.16259
cs.SE 2406.16348
cs.SE 2406.16386
cs.SE 2406.16487
cs.SE 2406.16526
cs.SE 2406.16614
cs.SE 2406.16739
cs.SE 2406.17455
cs.SE 2406.17120
cs.SE 2406.17174
cs.SE 2406.17176
cs.SE 2406.17233
cs.SE 2406.17268
cs.SE 2406.17325
cs.SE 2406.17354
cs.SE 2406.17431
cs.SE 2406.17615
cs.SE 2406.17651
cs.SE 2406.18276
cs.SE 2406.18363
cs.SE 2406.18379
cs.SE 2406.18518
cs.SE 2406.17910
cs.SE 2406.18071
cs.SE 2406.18075
cs.SE 2406.18087
cs.SE 2406.18142
cs.SE 2406.18181
cs.SE 2406.18813
cs.SE 2406.18616
cs.SE 2406.18627
cs.SE 2406.18945
cs.SE 2406.18959
cs.SE 2406.19171
cs.SE 2406.19240
cs.SE 2406.19254
cs.RO 2406.14746
cs.RO 2406.14927
cs.RO 2406.15225
cs.RO 2406.15349
cs.RO 2406.14634
cs.RO 2406.14639
cs.RO 2406.14653
cs.RO 2406.14655
cs.RO 2406.14761
cs.RO 2406.14766
cs.RO 2406.14795
cs.RO 2406.14799
cs.RO 2406.14934
cs.RO 2406.14947
cs.RO 2406.14990
cs.RO 2406.14998
cs.RO 2406.15088
cs.RO 2406.15110
cs.RO 2406.15149
cs.RO 2406.15304
cs.RO 2406.15429
cs.RO 2406.15430
cs.RO 2406.15508
cs.RO 2406.16289
cs.RO 2406.16850
cs.RO 2406.15538
cs.RO 2406.15578
cs.RO 2406.15610
cs.RO 2406.15620
cs.RO 2406.15639
cs.RO 2406.15677
cs.RO 2406.15774
cs.RO 2406.15806
cs.RO 2406.15833
cs.RO 2406.15917
cs.RO 2406.15961
cs.RO 2406.16087
cs.RO 2406.16093
cs.RO 2406.16164
cs.RO 2406.16258
cs.RO 2406.16362
cs.RO 2406.16370
cs.RO 2406.16376
cs.RO 2406.16578
cs.RO 2406.16612
cs.RO 2406.16625
cs.RO 2406.16671
cs.RO 2406.16679
cs.RO 2406.16713
cs.RO 2406.16837
cs.RO 2406.16862
cs.RO 2406.16873
cs.RO 2406.16978
cs.RO 2406.17066
cs.RO 2406.17168
cs.RO 2406.17520
cs.RO 2406.17530
cs.RO 2406.17604
cs.RO 2406.17627
cs.RO 2406.17659
cs.RO 2406.17707
cs.RO 2406.17757
cs.RO 2406.17106
cs.RO 2406.17134
cs.RO 2406.17136
cs.RO 2406.17151
cs.RO 2406.17180
cs.RO 2406.17249
cs.RO 2406.17279
cs.RO 2406.17286
cs.RO 2406.17313
cs.RO 2406.17333
cs.RO 2406.17379
cs.RO 2406.17420
cs.RO 2406.17490
cs.RO 2406.17531
cs.RO 2406.17586
cs.RO 2406.17620
cs.RO 2406.17641
cs.RO 2406.17654
cs.RO 2406.17768
cs.RO 2406.17876
cs.RO 2406.18043
cs.RO 2406.18237
cs.RO 2406.18505
cs.RO 2406.17898
cs.RO 2406.17932
cs.RO 2406.18019
cs.RO 2406.18115
cs.RO 2406.18138
cs.RO 2406.18158
cs.RO 2406.18162
cs.RO 2406.18229
cs.RO 2406.18285
cs.RO 2406.18381
cs.RO 2406.18388
cs.RO 2406.18412
cs.RO 2406.18452
cs.RO 2406.18537
cs.RO 2406.18564
cs.RO 2406.18742
cs.RO 2406.18837
cs.RO 2406.18914
cs.RO 2406.18924
cs.RO 2406.19057
cs.RO 2406.19217
cs.RO 2406.19236
cs.RO 2406.18557
cs.RO 2406.18699
cs.RO 2406.18722
cs.RO 2406.18746
cs.RO 2406.18812
cs.RO 2406.18850
cs.RO 2406.18899
cs.RO 2406.18915
cs.RO 2406.18977
cs.RO 2406.19016
cs.RO 2406.19323
stat.AP 2406.03341
stat.AP 2406.14717
stat.AP 2406.14720
stat.AP 2406.14838
stat.AP 2406.14864
stat.AP 2406.15078
stat.AP 2406.15195
stat.AP 2406.15405
stat.AP 2406.15439
stat.AP 2406.15522
stat.AP 2406.15582
stat.AP 2406.15844
stat.AP 2406.15931
stat.AP 2406.16171
stat.AP 2406.16199
stat.AP 2406.16458
stat.AP 2406.16485
stat.AP 2406.16629
stat.AP 2406.16766
stat.AP 2406.16830
stat.AP 2406.16174
stat.AP 2406.16721
stat.AP 2406.16742
stat.AP 2406.16773
stat.AP 2406.16826
stat.AP 2406.16889
stat.AP 2406.17002
stat.AP 2406.17131
stat.AP 2406.17144
stat.AP 2406.17571
stat.AP 2406.17198
stat.AP 2406.17220
stat.AP 2406.17463
stat.AP 2406.17500
stat.AP 2406.17829
stat.AP 2406.18047
stat.AP 2406.18454
stat.AP 2406.17884
stat.AP 2406.18617
stat.AP 2406.18819
stat.AP 2406.18936
stat.AP 2406.19015
stat.AP 2406.19105
stat.AP 2406.19152
stat.AP 2406.19213
stat.AP 2406.19222
stat.AP 2406.19346
stat.AP 2406.18601
stat.AP 2406.18602
stat.AP 2406.18603
stat.AP 2406.18606
stat.AP 2406.18611
stat.AP 2406.18751
cs.SD 2406.14701
cs.SD 2406.15284
cs.SD 2406.14875
cs.SD 2406.15119
cs.SD 2406.15249
cs.SD 2406.15487
cs.SD 2406.15516
cs.SD 2406.15537
cs.SD 2406.15668
cs.SD 2406.15723
cs.SD 2406.15725
cs.SD 2406.15754
cs.SD 2406.15888
cs.SD 2406.15897
cs.SD 2406.16120
cs.SD 2406.16315
cs.SD 2406.16716
cs.SD 2406.16751
cs.SD 2406.15647
cs.SD 2406.15751
cs.SD 2406.15875
cs.SD 2406.15885
cs.SD 2406.16000
cs.SD 2406.16020
cs.SD 2406.16099
cs.SD 2406.16148
cs.SD 2406.16155
cs.SD 2406.16317
cs.SD 2406.16808
cs.SD 2406.16877
cs.SD 2406.17159
cs.SD 2406.17257
cs.SD 2406.17329
cs.SD 2406.17363
cs.SD 2406.17430
cs.SD 2406.17618
cs.SD 2406.16990
cs.SD 2406.17103
cs.SD 2406.17111
cs.SD 2406.17124
cs.SD 2406.17190
cs.SD 2406.17229
cs.SD 2406.17246
cs.SD 2406.17376
cs.SD 2406.17667
cs.SD 2406.17672
cs.SD 2406.17722
cs.SD 2406.17732
cs.SD 2406.17800
cs.SD 2406.17825
cs.SD 2406.17926
cs.SD 2406.17932
cs.SD 2406.17935
cs.SD 2406.18009
cs.SD 2406.18065
cs.SD 2406.18088
cs.SD 2406.18108
cs.SD 2406.18135
cs.SD 2406.18301
cs.SD 2406.18373
cs.SD 2406.17801
cs.SD 2406.17957
cs.SD 2406.18021
cs.SD 2406.18089
cs.SD 2406.18313
cs.SD 2406.18910
cs.SD 2406.19311
cs.SD 2406.18621
cs.SD 2406.18625
cs.SD 2406.18747
cs.SD 2406.18862
cs.SD 2406.18928
cs.SD 2406.19243
cs.SD 2406.19328
cs.SD 2406.19388
cs.SI 2406.14772
cs.SI 2406.14928
cs.SI 2406.15038
cs.SI 2406.14698
cs.SI 2406.14751
cs.SI 2406.15470
cs.SI 2406.15498
cs.SI 2406.15780
cs.SI 2406.15957
cs.SI 2406.16357
cs.SI 2406.16552
cs.SI 2406.16816
cs.SI 2406.15636
cs.SI 2406.15679
cs.SI 2406.16092
cs.SI 2406.16175
cs.SI 2406.16560
cs.SI 2406.16676
cs.SI 2406.16963
cs.SI 2406.17144
cs.SI 2406.17518
cs.SI 2406.17135
cs.SI 2406.17556
cs.SI 2406.17736
cs.SI 2406.17918
cs.SI 2406.17963
cs.SI 2406.17904
cs.SI 2406.18503
cs.SI 2406.17552
cs.SI 2406.18780
cs.SI 2406.18854
cs.SI 2406.19149
cs.SI 2406.18792
cs.SI 2406.19204
cs.SI 2406.19277
stat.CO 2406.14636
stat.CO 2406.15012
stat.CO 2406.15573
stat.CO 2406.15582
stat.CO 2406.16465
stat.CO 2406.16530
stat.CO 2406.15865
stat.CO 2406.15874
stat.CO 2406.15998
stat.CO 2406.17444
stat.CO 2406.17709
stat.CO 2406.17307
stat.CO 2406.18044
stat.CO 2406.18602
stat.CO 2406.19051
stat.CO 2406.19082
stat.CO 2406.19141
cs.SC 2406.11631
cs.SC 2406.14265
cs.SC 2406.15675
cs.SC 2406.15782
cs.SC 2406.17122
cs.SC 2406.17224
cs.SC 2406.17610
cs.SC 2406.17762
cs.SC 2406.18930
cs.SC 2406.19121
cs.SC 2406.18964
cs.LG 2406.14571
cs.LG 2406.14585
cs.LG 2406.14595
cs.LG 2406.14596
cs.LG 2406.14635
cs.LG 2406.14654
cs.LG 2406.14655
cs.LG 2406.14657
cs.LG 2406.14670
cs.LG 2406.14675
cs.LG 2406.14682
cs.LG 2406.14686
cs.LG 2406.14693
cs.LG 2406.14731
cs.LG 2406.14760
cs.LG 2406.14762
cs.LG 2406.14764
cs.LG 2406.14765
cs.LG 2406.14775
cs.LG 2406.14785
cs.LG 2406.14794
cs.LG 2406.14808
cs.LG 2406.14815
cs.LG 2406.14835
cs.LG 2406.14838
cs.LG 2406.14841
cs.LG 2406.14856
cs.LG 2406.14868
cs.LG 2406.14871
cs.LG 2406.14878
cs.LG 2406.14904
cs.LG 2406.14916
cs.LG 2406.14917
cs.LG 2406.14953
cs.LG 2406.14971
cs.LG 2406.14990
cs.LG 2406.15004
cs.LG 2406.15070
cs.LG 2406.15096
cs.LG 2406.15102
cs.LG 2406.15109
cs.LG 2406.15231
cs.LG 2406.15245
cs.LG 2406.15249
cs.LG 2406.15331
cs.LG 2406.15334
cs.LG 2406.15349
cs.LG 2406.14591
cs.LG 2406.14593
cs.LG 2406.14662
cs.LG 2406.14683
cs.LG 2406.14697
cs.LG 2406.14699
cs.LG 2406.14715
cs.LG 2406.14742
cs.LG 2406.14743
cs.LG 2406.14746
cs.LG 2406.14753
cs.LG 2406.14774
cs.LG 2406.14777
cs.LG 2406.14784
cs.LG 2406.14786
cs.LG 2406.14796
cs.LG 2406.14798
cs.LG 2406.14844
cs.LG 2406.14846
cs.LG 2406.14862
cs.LG 2406.14864
cs.LG 2406.14867
cs.LG 2406.14876
cs.LG 2406.14880
cs.LG 2406.14909
cs.LG 2406.14910
cs.LG 2406.14929
cs.LG 2406.14936
cs.LG 2406.14951
cs.LG 2406.14956
cs.LG 2406.14963
cs.LG 2406.14969
cs.LG 2406.14983
cs.LG 2406.14995
cs.LG 2406.15025
cs.LG 2406.15027
cs.LG 2406.15038
cs.LG 2406.15042
cs.LG 2406.15043
cs.LG 2406.15044
cs.LG 2406.15050
cs.LG 2406.15057
cs.LG 2406.15076
cs.LG 2406.15079
cs.LG 2406.15098
cs.LG 2406.15124
cs.LG 2406.15125
cs.LG 2406.15131
cs.LG 2406.15132
cs.LG 2406.15152
cs.LG 2406.15156
cs.LG 2406.15189
cs.LG 2406.15213
cs.LG 2406.15229
cs.LG 2406.15244
cs.LG 2406.15250
cs.LG 2406.15283
cs.LG 2406.15291
cs.LG 2406.15299
cs.LG 2406.15306
cs.LG 2406.15327
cs.LG 2406.15341
cs.LG 2406.15346
cs.LG 2406.15377
cs.LG 2406.15396
cs.LG 2406.15451
cs.LG 2406.15459
cs.LG 2406.15468
cs.LG 2406.15471
cs.LG 2406.15472
cs.LG 2406.15479
cs.LG 2406.15480
cs.LG 2406.15483
cs.LG 2406.15486
cs.LG 2406.15487
cs.LG 2406.15490
cs.LG 2406.15492
cs.LG 2406.15500
cs.LG 2406.15504
cs.LG 2406.15507
cs.LG 2406.15508
cs.LG 2406.15509
cs.LG 2406.15515
cs.LG 2406.15518
cs.LG 2406.15524
cs.LG 2406.15529
cs.LG 2406.15540
cs.LG 2406.15565
cs.LG 2406.15570
cs.LG 2406.15594
cs.LG 2406.15625
cs.LG 2406.15627
cs.LG 2406.15638
cs.LG 2406.15647
cs.LG 2406.15661
cs.LG 2406.15664
cs.LG 2406.15708
cs.LG 2406.15713
cs.LG 2406.15741
cs.LG 2406.15742
cs.LG 2406.15754
cs.LG 2406.15809
cs.LG 2406.15847
cs.LG 2406.15873
cs.LG 2406.15888
cs.LG 2406.15897
cs.LG 2406.15898
cs.LG 2406.15927
cs.LG 2406.15931
cs.LG 2406.15936
cs.LG 2406.15938
cs.LG 2406.15946
cs.LG 2406.15958
cs.LG 2406.15959
cs.LG 2406.15968
cs.LG 2406.15982
cs.LG 2406.16000
cs.LG 2406.16008
cs.LG 2406.16026
cs.LG 2406.16032
cs.LG 2406.16045
cs.LG 2406.16087
cs.LG 2406.16093
cs.LG 2406.16135
cs.LG 2406.16148
cs.LG 2406.16151
cs.LG 2406.16166
cs.LG 2406.16176
cs.LG 2406.16187
cs.LG 2406.16201
cs.LG 2406.16218
cs.LG 2406.16227
cs.LG 2406.16235
cs.LG 2406.16258
cs.LG 2406.16270
cs.LG 2406.16306
cs.LG 2406.16316
cs.LG 2406.16322
cs.LG 2406.16424
cs.LG 2406.16466
cs.LG 2406.16484
cs.LG 2406.16501
cs.LG 2406.16525
cs.LG 2406.16527
cs.LG 2406.16530
cs.LG 2406.16535
cs.LG 2406.16540
cs.LG 2406.16565
cs.LG 2406.16571
cs.LG 2406.16590
cs.LG 2406.16593
cs.LG 2406.16605
cs.LG 2406.16609
cs.LG 2406.16678
cs.LG 2406.16681
cs.LG 2406.16714
cs.LG 2406.16747
cs.LG 2406.16766
cs.LG 2406.16783
cs.LG 2406.16829
cs.LG 2406.16833
cs.LG 2406.16834
cs.LG 2406.16838
cs.LG 2406.16858
cs.LG 2406.15523
cs.LG 2406.15527
cs.LG 2406.15534
cs.LG 2406.15567
cs.LG 2406.15568
cs.LG 2406.15575
cs.LG 2406.15599
cs.LG 2406.15612
cs.LG 2406.15613
cs.LG 2406.15617
cs.LG 2406.15619
cs.LG 2406.15635
cs.LG 2406.15648
cs.LG 2406.15659
cs.LG 2406.15662
cs.LG 2406.15736
cs.LG 2406.15747
cs.LG 2406.15753
cs.LG 2406.15758
cs.LG 2406.15760
cs.LG 2406.15762
cs.LG 2406.15763
cs.LG 2406.15765
cs.LG 2406.15766
cs.LG 2406.15786
cs.LG 2406.15788
cs.LG 2406.15789
cs.LG 2406.15797
cs.LG 2406.15812
cs.LG 2406.15819
cs.LG 2406.15836
cs.LG 2406.15839
cs.LG 2406.15850
cs.LG 2406.15852
cs.LG 2406.15856
cs.LG 2406.15881
cs.LG 2406.15890
cs.LG 2406.15893
cs.LG 2406.15904
cs.LG 2406.15916
cs.LG 2406.15940
cs.LG 2406.15941
cs.LG 2406.15960
cs.LG 2406.15962
cs.LG 2406.15972
cs.LG 2406.16006
cs.LG 2406.16028
cs.LG 2406.16035
cs.LG 2406.16052
cs.LG 2406.16061
cs.LG 2406.16077
cs.LG 2406.16121
cs.LG 2406.16145
cs.LG 2406.16168
cs.LG 2406.16191
cs.LG 2406.16193
cs.LG 2406.16198
cs.LG 2406.16200
cs.LG 2406.16206
cs.LG 2406.16213
cs.LG 2406.16220
cs.LG 2406.16221
cs.LG 2406.16231
cs.LG 2406.16232
cs.LG 2406.16241
cs.LG 2406.16249
cs.LG 2406.16252
cs.LG 2406.16254
cs.LG 2406.16255
cs.LG 2406.16257
cs.LG 2406.16282
cs.LG 2406.16295
cs.LG 2406.16300
cs.LG 2406.16308
cs.LG 2406.16321
cs.LG 2406.16349
cs.LG 2406.16351
cs.LG 2406.16355
cs.LG 2406.16357
cs.LG 2406.16426
cs.LG 2406.16437
cs.LG 2406.16456
cs.LG 2406.16468
cs.LG 2406.16481
cs.LG 2406.16552
cs.LG 2406.16557
cs.LG 2406.16583
cs.LG 2406.16606
cs.LG 2406.16608
cs.LG 2406.16619
cs.LG 2406.16635
cs.LG 2406.16659
cs.LG 2406.16666
cs.LG 2406.16683
cs.LG 2406.16687
cs.LG 2406.16689
cs.LG 2406.16698
cs.LG 2406.16707
cs.LG 2406.16708
cs.LG 2406.16715
cs.LG 2406.16738
cs.LG 2406.16740
cs.LG 2406.16745
cs.LG 2406.16746
cs.LG 2406.16748
cs.LG 2406.16749
cs.LG 2406.16754
cs.LG 2406.16756
cs.LG 2406.16768
cs.LG 2406.16782
cs.LG 2406.16791
cs.LG 2406.16793
cs.LG 2406.16802
cs.LG 2406.16807
cs.LG 2406.16810
cs.LG 2406.16821
cs.LG 2406.16846
cs.LG 2406.16853
cs.LG 2406.16873
cs.LG 2406.16886
cs.LG 2406.16890
cs.LG 2406.16894
cs.LG 2406.16895
cs.LG 2406.16896
cs.LG 2406.16900
cs.LG 2406.16901
cs.LG 2406.16902
cs.LG 2406.16903
cs.LG 2406.16906
cs.LG 2406.16907
cs.LG 2406.16908
cs.LG 2406.16909
cs.LG 2406.16910
cs.LG 2406.16911
cs.LG 2406.16913
cs.LG 2406.16915
cs.LG 2406.16926
cs.LG 2406.16928
cs.LG 2406.16932
cs.LG 2406.16934
cs.LG 2406.16938
cs.LG 2406.16943
cs.LG 2406.16948
cs.LG 2406.16955
cs.LG 2406.16966
cs.LG 2406.16971
cs.LG 2406.16976
cs.LG 2406.16981
cs.LG 2406.16983
cs.LG 2406.16987
cs.LG 2406.17002
cs.LG 2406.17051
cs.LG 2406.17055
cs.LG 2406.17058
cs.LG 2406.17086
cs.LG 2406.17090
cs.LG 2406.17103
cs.LG 2406.17119
cs.LG 2406.17124
cs.LG 2406.17125
cs.LG 2406.17126
cs.LG 2406.17131
cs.LG 2406.17145
cs.LG 2406.17162
cs.LG 2406.17163
cs.LG 2406.17172
cs.LG 2406.17173
cs.LG 2406.17182
cs.LG 2406.17190
cs.LG 2406.17224
cs.LG 2406.17228
cs.LG 2406.17229
cs.LG 2406.17266
cs.LG 2406.17274
cs.LG 2406.17285
cs.LG 2406.17295
cs.LG 2406.17308
cs.LG 2406.17316
cs.LG 2406.17323
cs.LG 2406.17335
cs.LG 2406.17338
cs.LG 2406.17352
cs.LG 2406.17386
cs.LG 2406.17404
cs.LG 2406.17415
cs.LG 2406.17475
cs.LG 2406.17477
cs.LG 2406.17490
cs.LG 2406.17536
cs.LG 2406.17556
cs.LG 2406.17563
cs.LG 2406.17576
cs.LG 2406.17583
cs.LG 2406.17597
cs.LG 2406.17606
cs.LG 2406.17615
cs.LG 2406.17627
cs.LG 2406.17630
cs.LG 2406.17633
cs.LG 2406.17639
cs.LG 2406.17640
cs.LG 2406.17692
cs.LG 2406.17698
cs.LG 2406.17699
cs.LG 2406.17714
cs.LG 2406.17729
cs.LG 2406.17737
cs.LG 2406.17745
cs.LG 2406.17747
cs.LG 2406.17749
cs.LG 2406.17761
cs.LG 2406.17762
cs.LG 2406.17768
cs.LG 2406.16905
cs.LG 2406.16947
cs.LG 2406.16949
cs.LG 2406.16956
cs.LG 2406.16959
cs.LG 2406.16961
cs.LG 2406.16962
cs.LG 2406.16963
cs.LG 2406.16964
cs.LG 2406.16965
cs.LG 2406.16968
cs.LG 2406.16972
cs.LG 2406.16974
cs.LG 2406.16975
cs.LG 2406.16978
cs.LG 2406.16979
cs.LG 2406.16982
cs.LG 2406.16985
cs.LG 2406.16986
cs.LG 2406.16988
cs.LG 2406.16989
cs.LG 2406.16992
cs.LG 2406.16997
cs.LG 2406.16999
cs.LG 2406.17001
cs.LG 2406.17008
cs.LG 2406.17073
cs.LG 2406.17096
cs.LG 2406.17098
cs.LG 2406.17102
cs.LG 2406.17112
cs.LG 2406.17114
cs.LG 2406.17147
cs.LG 2406.17150
cs.LG 2406.17167
cs.LG 2406.17168
cs.LG 2406.17184
cs.LG 2406.17188
cs.LG 2406.17199
cs.LG 2406.17216
cs.LG 2406.17238
cs.LG 2406.17245
cs.LG 2406.17251
cs.LG 2406.17263
cs.LG 2406.17272
cs.LG 2406.17281
cs.LG 2406.17296
cs.LG 2406.17298
cs.LG 2406.17322
cs.LG 2406.17341
cs.LG 2406.17346
cs.LG 2406.17374
cs.LG 2406.17381
cs.LG 2406.17399
cs.LG 2406.17418
cs.LG 2406.17425
cs.LG 2406.17427
cs.LG 2406.17433
cs.LG 2406.17467
cs.LG 2406.17470
cs.LG 2406.17503
cs.LG 2406.17517
cs.LG 2406.17523
cs.LG 2406.17537
cs.LG 2406.17542
cs.LG 2406.17585
cs.LG 2406.17611
cs.LG 2406.17649
cs.LG 2406.17660
cs.LG 2406.17673
cs.LG 2406.17697
cs.LG 2406.17706
cs.LG 2406.17711
cs.LG 2406.17718
cs.LG 2406.17740
cs.LG 2406.17748
cs.LG 2406.17759
cs.LG 2406.17763
cs.LG 2406.17788
cs.LG 2406.17797
cs.LG 2406.17806
cs.LG 2406.17808
cs.LG 2406.17814
cs.LG 2406.17830
cs.LG 2406.17876
cs.LG 2406.17888
cs.LG 2406.17902
cs.LG 2406.17936
cs.LG 2406.17968
cs.LG 2406.17975
cs.LG 2406.17990
cs.LG 2406.18021
cs.LG 2406.18043
cs.LG 2406.18060
cs.LG 2406.18072
cs.LG 2406.18108
cs.LG 2406.18120
cs.LG 2406.18125
cs.LG 2406.18129
cs.LG 2406.18137
cs.LG 2406.18145
cs.LG 2406.18164
cs.LG 2406.18187
cs.LG 2406.18219
cs.LG 2406.18220
cs.LG 2406.18247
cs.LG 2406.18279
cs.LG 2406.18295
cs.LG 2406.18310
cs.LG 2406.18316
cs.LG 2406.18327
cs.LG 2406.18328
cs.LG 2406.18370
cs.LG 2406.18382
cs.LG 2406.18387
cs.LG 2406.18397
cs.LG 2406.18400
cs.LG 2406.18418
cs.LG 2406.18464
cs.LG 2406.18470
cs.LG 2406.18518
cs.LG 2406.18532
cs.LG 2406.18534
cs.LG 2406.17793
cs.LG 2406.17811
cs.LG 2406.17812
cs.LG 2406.17813
cs.LG 2406.17818
cs.LG 2406.17819
cs.LG 2406.17822
cs.LG 2406.17826
cs.LG 2406.17828
cs.LG 2406.17831
cs.LG 2406.17834
cs.LG 2406.17835
cs.LG 2406.17837
cs.LG 2406.17838
cs.LG 2406.17885
cs.LG 2406.17887
cs.LG 2406.17890
cs.LG 2406.17894
cs.LG 2406.17899
cs.LG 2406.17916
cs.LG 2406.17918
cs.LG 2406.17931
cs.LG 2406.17949
cs.LG 2406.17951
cs.LG 2406.17952
cs.LG 2406.17954
cs.LG 2406.17963
cs.LG 2406.17972
cs.LG 2406.17989
cs.LG 2406.18020
cs.LG 2406.18022
cs.LG 2406.18033
cs.LG 2406.18035
cs.LG 2406.18038
cs.LG 2406.18053
cs.LG 2406.18062
cs.LG 2406.18066
cs.LG 2406.18119
cs.LG 2406.18131
cs.LG 2406.18156
cs.LG 2406.18179
cs.LG 2406.18249
cs.LG 2406.18293
cs.LG 2406.18309
cs.LG 2406.18311
cs.LG 2406.18314
cs.LG 2406.18330
cs.LG 2406.18332
cs.LG 2406.18334
cs.LG 2406.18345
cs.LG 2406.18351
cs.LG 2406.18354
cs.LG 2406.18380
cs.LG 2406.18417
cs.LG 2406.18420
cs.LG 2406.18423
cs.LG 2406.18445
cs.LG 2406.18450
cs.LG 2406.18451
cs.LG 2406.18491
cs.LG 2406.18505
cs.LG 2406.18529
cs.LG 2406.18545
cs.LG 2406.18554
cs.LG 2406.18556
cs.LG 2406.18559
cs.LG 2406.18560
cs.LG 2406.18561
cs.LG 2406.18562
cs.LG 2406.18563
cs.LG 2406.18566
cs.LG 2406.18568
cs.LG 2406.18572
cs.LG 2406.18574
cs.LG 2406.18575
cs.LG 2406.18580
cs.LG 2406.18583
cs.LG 2406.18588
cs.LG 2406.18589
cs.LG 2406.18591
cs.LG 2406.18595
cs.LG 2406.18602
cs.LG 2406.18603
cs.LG 2406.18612
cs.LG 2406.18613
cs.LG 2406.18623
cs.LG 2406.18624
cs.LG 2406.18627
cs.LG 2406.18651
cs.LG 2406.18664
cs.LG 2406.18671
cs.LG 2406.18672
cs.LG 2406.18676
cs.LG 2406.18679
cs.LG 2406.18682
cs.LG 2406.18690
cs.LG 2406.18726
cs.LG 2406.18747
cs.LG 2406.18757
cs.LG 2406.18781
cs.LG 2406.18783
cs.LG 2406.18806
cs.LG 2406.18814
cs.LG 2406.18820
cs.LG 2406.18847
cs.LG 2406.18892
cs.LG 2406.18902
cs.LG 2406.18924
cs.LG 2406.18928
cs.LG 2406.18939
cs.LG 2406.18992
cs.LG 2406.18996
cs.LG 2406.19051
cs.LG 2406.19057
cs.LG 2406.19087
cs.LG 2406.19116
cs.LG 2406.19223
cs.LG 2406.19228
cs.LG 2406.19237
cs.LG 2406.19238
cs.LG 2406.19280
cs.LG 2406.19298
cs.LG 2406.19302
cs.LG 2406.19314
cs.LG 2406.19328
cs.LG 2406.19356
cs.LG 2406.18629
cs.LG 2406.18630
cs.LG 2406.18665
cs.LG 2406.18678
cs.LG 2406.18695
cs.LG 2406.18701
cs.LG 2406.18708
cs.LG 2406.18725
cs.LG 2406.18739
cs.LG 2406.18741
cs.LG 2406.18745
cs.LG 2406.18752
cs.LG 2406.18763
cs.LG 2406.18765
cs.LG 2406.18770
cs.LG 2406.18777
cs.LG 2406.18787
cs.LG 2406.18794
cs.LG 2406.18800
cs.LG 2406.18802
cs.LG 2406.18805
cs.LG 2406.18815
cs.LG 2406.18848
cs.LG 2406.18851
cs.LG 2406.18853
cs.LG 2406.18854
cs.LG 2406.18861
cs.LG 2406.18865
cs.LG 2406.18922
cs.LG 2406.18926
cs.LG 2406.18931
cs.LG 2406.18937
cs.LG 2406.18954
cs.LG 2406.18990
cs.LG 2406.18995
cs.LG 2406.19015
cs.LG 2406.19040
cs.LG 2406.19049
cs.LG 2406.19050
cs.LG 2406.19054
cs.LG 2406.19066
cs.LG 2406.19092
cs.LG 2406.19112
cs.LG 2406.19121
cs.LG 2406.19136
cs.LG 2406.19146
cs.LG 2406.19154
cs.LG 2406.19156
cs.LG 2406.19175
cs.LG 2406.19185
cs.LG 2406.19188
cs.LG 2406.19189
cs.LG 2406.19195
cs.LG 2406.19244
cs.LG 2406.19249
cs.LG 2406.19253
cs.LG 2406.19258
cs.LG 2406.19272
cs.LG 2406.19292
cs.LG 2406.19300
cs.LG 2406.19301
cs.LG 2406.19317
cs.LG 2406.19320
cs.LG 2406.19370
cs.LG 2406.19380
cs.LG 2406.19384
eess.AS 2406.14686
eess.AS 2406.14701
eess.AS 2406.14875
eess.AS 2406.14890
eess.AS 2406.15119
eess.AS 2406.15249
eess.AS 2406.15284
eess.AS 2406.14576
eess.AS 2406.14693
eess.AS 2406.14850
eess.AS 2406.15160
eess.AS 2406.15209
eess.AS 2406.15487
eess.AS 2406.15516
eess.AS 2406.15537
eess.AS 2406.15647
eess.AS 2406.15668
eess.AS 2406.15723
eess.AS 2406.15751
eess.AS 2406.15754
eess.AS 2406.15846
eess.AS 2406.15875
eess.AS 2406.15885
eess.AS 2406.15888
eess.AS 2406.16000
eess.AS 2406.16020
eess.AS 2406.16099
eess.AS 2406.16148
eess.AS 2406.16155
eess.AS 2406.16317
eess.AS 2406.16751
eess.AS 2406.16808
eess.AS 2406.15725
eess.AS 2406.15752
eess.AS 2406.15897
eess.AS 2406.16058
eess.AS 2406.16107
eess.AS 2406.16120
eess.AS 2406.16128
eess.AS 2406.16314
eess.AS 2406.16315
eess.AS 2406.16326
eess.AS 2406.16716
eess.AS 2406.16877
eess.AS 2406.16990
eess.AS 2406.17103
eess.AS 2406.17111
eess.AS 2406.17124
eess.AS 2406.17190
eess.AS 2406.17229
eess.AS 2406.17246
eess.AS 2406.17257
eess.AS 2406.17329
eess.AS 2406.17363
eess.AS 2406.17376
eess.AS 2406.17430
eess.AS 2406.17667
eess.AS 2406.17672
eess.AS 2406.17722
eess.AS 2406.17159
eess.AS 2406.17266
eess.AS 2406.17310
eess.AS 2406.17618
eess.AS 2406.17800
eess.AS 2406.17801
eess.AS 2406.17825
eess.AS 2406.17926
eess.AS 2406.17932
eess.AS 2406.17935
eess.AS 2406.17957
eess.AS 2406.18021
eess.AS 2406.18067
eess.AS 2406.18088
eess.AS 2406.18089
eess.AS 2406.18108
eess.AS 2406.18135
eess.AS 2406.18313
eess.AS 2406.18373
eess.AS 2406.18009
eess.AS 2406.18065
eess.AS 2406.18301
eess.AS 2406.18621
eess.AS 2406.18625
eess.AS 2406.18747
eess.AS 2406.18862
eess.AS 2406.18910
eess.AS 2406.18928
eess.AS 2406.19243
eess.AS 2406.19311
eess.AS 2406.19328
eess.AS 2406.19388
eess.AS 2406.18679
eess.AS 2406.18731
eess.AS 2406.18871
eess.AS 2406.18972
eess.AS 2406.19135
eess.AS 2406.19363
stat.ML 2406.03341
stat.ML 2406.14699
stat.ML 2406.14742
stat.ML 2406.14743
stat.ML 2406.14786
stat.ML 2406.14798
stat.ML 2406.14808
stat.ML 2406.14864
stat.ML 2406.14904
stat.ML 2406.14983
stat.ML 2406.14995
stat.ML 2406.15012
stat.ML 2406.15131
stat.ML 2406.15152
stat.ML 2406.15229
stat.ML 2406.14731
stat.ML 2406.14838
stat.ML 2406.15523
stat.ML 2406.15567
stat.ML 2406.15575
stat.ML 2406.15648
stat.ML 2406.15753
stat.ML 2406.15760
stat.ML 2406.15762
stat.ML 2406.15893
stat.ML 2406.15904
stat.ML 2406.15916
stat.ML 2406.15941
stat.ML 2406.15958
stat.ML 2406.15972
stat.ML 2406.16052
stat.ML 2406.16199
stat.ML 2406.16206
stat.ML 2406.16306
stat.ML 2406.16468
stat.ML 2406.16507
stat.ML 2406.16552
stat.ML 2406.16689
stat.ML 2406.16745
stat.ML 2406.16749
stat.ML 2406.16802
stat.ML 2406.16846
stat.ML 2406.15500
stat.ML 2406.15661
stat.ML 2406.15664
stat.ML 2406.16032
stat.ML 2406.16045
stat.ML 2406.16227
stat.ML 2406.16484
stat.ML 2406.16525
stat.ML 2406.16530
stat.ML 2406.16590
stat.ML 2406.16766
stat.ML 2406.16834
stat.ML 2406.16215
stat.ML 2406.16938
stat.ML 2406.16988
stat.ML 2406.17054
stat.ML 2406.17096
stat.ML 2406.17184
stat.ML 2406.17308
stat.ML 2406.17361
stat.ML 2406.17441
stat.ML 2406.17571
stat.ML 2406.17606
stat.ML 2406.17729
stat.ML 2406.17747
stat.ML 2406.17748
stat.ML 2406.16971
stat.ML 2406.17125
stat.ML 2406.17228
stat.ML 2406.17698
stat.ML 2406.17863
stat.ML 2406.17968
stat.ML 2406.17989
stat.ML 2406.18001
stat.ML 2406.18033
stat.ML 2406.18035
stat.ML 2406.18334
stat.ML 2406.18370
stat.ML 2406.18397
stat.ML 2406.18400
stat.ML 2406.17814
stat.ML 2406.17830
stat.ML 2406.18072
stat.ML 2406.18137
stat.ML 2406.18456
stat.ML 2406.18630
stat.ML 2406.18651
stat.ML 2406.18672
stat.ML 2406.18777
stat.ML 2406.18787
stat.ML 2406.18829
stat.ML 2406.18865
stat.ML 2406.19049
stat.ML 2406.18612
stat.ML 2406.18623
stat.ML 2406.18806
stat.ML 2406.18814
stat.ML 2406.18902
stat.ML 2406.19051
math.OC 2406.14682
math.OC 2406.14699
math.OC 2406.14777
math.OC 2406.14910
math.OC 2406.15159
math.OC 2406.15244
math.OC 2406.15338
math.OC 2406.14802
math.OC 2406.14823
math.OC 2406.14905
math.OC 2406.15099
math.OC 2406.15114
math.OC 2406.15116
math.OC 2406.15146
math.OC 2406.15559
math.OC 2406.15814
math.OC 2406.15865
math.OC 2406.16065
math.OC 2406.16158
math.OC 2406.16195
math.OC 2406.16232
math.OC 2406.16263
math.OC 2406.16285
math.OC 2406.16550
math.OC 2406.16666
math.OC 2406.16780
math.OC 2406.16814
math.OC 2406.15384
math.OC 2406.15416
math.OC 2406.15440
math.OC 2406.15496
math.OC 2406.15503
math.OC 2406.15691
math.OC 2406.15713
math.OC 2406.15793
math.OC 2406.15952
math.OC 2406.15969
math.OC 2406.16010
math.OC 2406.16025
math.OC 2406.16053
math.OC 2406.16237
math.OC 2406.16378
math.OC 2406.16493
math.OC 2406.16512
math.OC 2406.16571
math.OC 2406.16640
math.OC 2406.16649
math.OC 2406.16680
math.OC 2406.16719
math.OC 2406.17153
math.OC 2406.17155
math.OC 2406.17348
math.OC 2406.17434
math.OC 2406.17748
math.OC 2406.17767
math.OC 2406.17003
math.OC 2406.17054
math.OC 2406.17107
math.OC 2406.17127
math.OC 2406.17160
math.OC 2406.17226
math.OC 2406.17273
math.OC 2406.17317
math.OC 2406.17380
math.OC 2406.17386
math.OC 2406.17398
math.OC 2406.17400
math.OC 2406.17403
math.OC 2406.17448
math.OC 2406.17491
math.OC 2406.17506
math.OC 2406.17524
math.OC 2406.17887
math.OC 2406.17954
math.OC 2406.18163
math.OC 2406.18464
math.OC 2406.18467
math.OC 2406.17909
math.OC 2406.18282
math.OC 2406.18287
math.OC 2406.18433
math.OC 2406.18670
math.OC 2406.18683
math.OC 2406.18982
math.OC 2406.19060
math.OC 2406.18618
math.OC 2406.18672
math.OC 2406.18781
math.OC 2406.18789
math.OC 2406.18973
math.OC 2406.19001
math.OC 2406.19010
math.OC 2406.19288
math.OC 2406.19377
cs.SY 2008.13691
cs.SY 2210.15783
cs.SY 2406.14594
cs.SY 2406.14652
cs.SY 2406.14761
cs.SY 2406.14795
cs.SY 2406.14799
cs.SY 2406.14801
cs.SY 2406.14823
cs.SY 2406.14934
cs.SY 2406.14996
cs.SY 2406.15099
cs.SY 2406.14696
cs.SY 2406.14726
cs.SY 2406.14740
cs.SY 2406.14781
cs.SY 2406.14861
cs.SY 2406.15106
cs.SY 2406.15232
cs.SY 2406.15489
cs.SY 2406.15541
cs.SY 2406.15661
cs.SY 2406.15747
cs.SY 2406.16151
cs.SY 2406.16355
cs.SY 2406.16426
cs.SY 2406.16571
cs.SY 2406.16719
cs.SY 2406.15520
cs.SY 2406.15581
cs.SY 2406.15675
cs.SY 2406.15682
cs.SY 2406.15770
cs.SY 2406.15787
cs.SY 2406.15931
cs.SY 2406.15937
cs.SY 2406.15985
cs.SY 2406.15997
cs.SY 2406.16037
cs.SY 2406.16094
cs.SY 2406.16110
cs.SY 2406.16158
cs.SY 2406.16210
cs.SY 2406.16263
cs.SY 2406.16380
cs.SY 2406.16496
cs.SY 2406.16588
cs.SY 2406.16704
cs.SY 2406.16711
cs.SY 2406.16780
cs.SY 2406.16795
cs.SY 2406.16877
cs.SY 2406.16924
cs.SY 2406.16967
cs.SY 2406.17196
cs.SY 2406.17244
cs.SY 2406.17286
cs.SY 2406.17398
cs.SY 2406.17597
cs.SY 2406.16870
cs.SY 2406.16871
cs.SY 2406.16874
cs.SY 2406.17066
cs.SY 2406.17085
cs.SY 2406.17189
cs.SY 2406.17215
cs.SY 2406.17337
cs.SY 2406.17516
cs.SY 2406.17604
cs.SY 2406.17609
cs.SY 2406.17661
cs.SY 2406.17757
cs.SY 2406.17779
cs.SY 2406.17909
cs.SY 2406.18270
cs.SY 2406.18452
cs.SY 2406.18455
cs.SY 2406.17785
cs.SY 2406.17788
cs.SY 2406.17791
cs.SY 2406.17877
cs.SY 2406.17907
cs.SY 2406.17973
cs.SY 2406.17976
cs.SY 2406.18000
cs.SY 2406.18010
cs.SY 2406.18026
cs.SY 2406.18467
cs.SY 2406.18514
cs.SY 2406.18600
cs.SY 2406.18618
cs.SY 2406.18685
cs.SY 2406.18718
cs.SY 2406.18760
cs.SY 2406.18791
cs.SY 2406.18881
cs.SY 2406.19015
cs.SY 2406.19079
cs.SY 2406.19267
cs.SY 2406.18536
cs.SY 2406.18614
cs.SY 2406.18726
cs.SY 2406.18804
cs.SY 2406.18860
cs.SY 2406.18914
cs.SY 2406.18935
cs.SY 2406.19064
cs.SY 2406.19077
cs.SY 2406.19096
cs.SY 2406.19269
cs.SY 2406.19305
cs.SY 2406.19342
stat.TH 2307.05732
stat.TH 2406.14731
stat.TH 2406.14738
stat.TH 2406.14808
stat.TH 2406.14985
stat.TH 2406.15001
stat.TH 2406.15196
stat.TH 2406.15247
stat.TH 2406.15522
stat.TH 2406.15648
stat.TH 2406.15907
stat.TH 2406.15957
stat.TH 2406.16444
stat.TH 2406.16658
stat.TH 2406.15950
stat.TH 2406.15975
stat.TH 2406.16550
stat.TH 2406.16759
stat.TH 2406.16849
stat.TH 2406.16920
stat.TH 2406.17045
stat.TH 2406.17228
stat.TH 2406.17278
stat.TH 2406.17374
stat.TH 2406.17390
stat.TH 2406.17445
stat.TH 2406.17466
stat.TH 2406.17585
stat.TH 2406.17597
stat.TH 2406.17422
stat.TH 2406.17699
stat.TH 2406.17814
stat.TH 2406.17831
stat.TH 2406.17884
stat.TH 2406.18052
stat.TH 2406.18189
stat.TH 2406.18191
stat.TH 2406.17917
stat.TH 2406.18195
stat.TH 2406.18347
stat.TH 2406.18397
stat.TH 2406.18509
stat.TH 2406.19061
stat.TH 2406.19186
stat.TH 2406.19282
eess.IV 2406.14570
eess.IV 2406.14854
eess.IV 2406.14866
eess.IV 2406.14878
eess.IV 2406.14973
eess.IV 2406.14977
eess.IV 2406.15093
eess.IV 2406.15121
nlin.AO 2406.12581
eess.IV 2406.15159
nlin.AO 2406.12092
eess.IV 2406.14568
nlin.AO 2406.12895
eess.IV 2406.14735
nlin.AO 2406.12906
eess.IV 2406.14789
nlin.AO 2406.13147
eess.IV 2406.14794
nlin.AO 2406.13504
eess.IV 2406.14826
nlin.AO 2406.13811
eess.IV 2406.14896
nlin.AO 2406.14350
eess.IV 2406.14925
nlin.AO 2406.14922
eess.IV 2406.14954
nlin.AO 2406.16051
eess.IV 2406.14976
nlin.AO 2406.16117
eess.IV 2406.14988
nlin.AO 2406.17144
eess.IV 2406.14994
nlin.AO 2406.17552
eess.IV 2406.15113
nlin.AO 2406.19104
eess.IV 2406.15117
nlin.AO 2406.18949
eess.IV 2406.15128
eess.IV 2406.15172
eess.IV 2406.15222
eess.IV 2406.15340
eess.IV 2406.16026
eess.IV 2406.16297
eess.IV 2406.16754
eess.IV 2406.15571
eess.IV 2406.15656
eess.IV 2406.15685
eess.IV 2406.15716
eess.IV 2406.15727
eess.IV 2406.15958
eess.IV 2406.15979
eess.IV 2406.16012
eess.IV 2406.16074
eess.IV 2406.16083
eess.IV 2406.16109
eess.IV 2406.16150
eess.IV 2406.16189
eess.IV 2406.16214
eess.IV 2406.16322
eess.IV 2406.16358
eess.IV 2406.16359
eess.IV 2406.16466
eess.IV 2406.16658
eess.IV 2406.16701
eess.IV 2406.16724
eess.IV 2406.16848
eess.IV 2406.17238
eess.IV 2406.17302
eess.IV 2406.17472
eess.IV 2406.17483
eess.IV 2406.17617
eess.IV 2406.16900
eess.IV 2406.16942
eess.IV 2406.16981
eess.IV 2406.16983
eess.IV 2406.16993
eess.IV 2406.17051
eess.IV 2406.17080
eess.IV 2406.17173
eess.IV 2406.17225
eess.IV 2406.17250
eess.IV 2406.17338
eess.IV 2406.17423
eess.IV 2406.17471
eess.IV 2406.17536
eess.IV 2406.17577
eess.IV 2406.17578
eess.IV 2406.17666
eess.IV 2406.17670
eess.IV 2406.17709
eess.IV 2406.17804
eess.IV 2406.17936
eess.IV 2406.17970
eess.IV 2406.18063
eess.IV 2406.18079
eess.IV 2406.18242
eess.IV 2406.18278
eess.IV 2406.18310
eess.IV 2406.18350
eess.IV 2406.18361
eess.IV 2406.18422
eess.IV 2406.17792
eess.IV 2406.17897
eess.IV 2406.17902
eess.IV 2406.17928
eess.IV 2406.18018
eess.IV 2406.18054
eess.IV 2406.18102
eess.IV 2406.18201
eess.IV 2406.18212
eess.IV 2406.18247
eess.IV 2406.18327
eess.IV 2406.18508
eess.IV 2406.18538
eess.IV 2406.18558
eess.IV 2406.18586
eess.IV 2406.18628
eess.IV 2406.18547
eess.IV 2406.18548
eess.IV 2406.18549
eess.IV 2406.18555
eess.IV 2406.18556
eess.IV 2406.18840
eess.IV 2406.18919
eess.IV 2406.18950
eess.IV 2406.19043
eess.IV 2406.19081
eess.IV 2406.19239
eess.IV 2406.19336
math.PR 2406.14700
math.PR 2406.14807
math.PR 2406.14919
math.PR 2406.15247
math.PR 2406.14589
math.PR 2406.14834
math.PR 2406.14902
math.PR 2406.14914
math.PR 2406.15006
math.PR 2406.15150
math.PR 2406.15201
math.PR 2406.15233
math.PR 2406.15243
math.PR 2406.15561
math.PR 2406.15824
math.PR 2406.15952
math.PR 2406.15987
math.PR 2406.16089
math.PR 2406.16512
math.PR 2406.16849
math.PR 2406.16857
math.PR 2406.15616
math.PR 2406.15672
math.PR 2406.15728
math.PR 2406.15801
math.PR 2406.15858
math.PR 2406.15907
math.PR 2406.15957
math.PR 2406.15974
math.PR 2406.16156
math.PR 2406.16262
math.PR 2406.16373
math.PR 2406.16465
math.PR 2406.16800
math.PR 2406.17317
math.PR 2406.17344
math.PR 2406.17411
math.PR 2406.17486
math.PR 2406.17612
math.PR 2406.17619
math.PR 2406.17068
math.PR 2406.17069
math.PR 2406.17071
math.PR 2406.17390
math.PR 2406.17587
math.PR 2406.17622
math.PR 2406.17683
math.PR 2406.17721
math.PR 2406.17726
math.PR 2406.18154
math.PR 2406.18174
math.PR 2406.18397
math.PR 2406.18509
math.PR 2406.17874
math.PR 2406.17891
math.PR 2406.17892
math.PR 2406.18004
math.PR 2406.18056
math.PR 2406.18180
math.PR 2406.18468
math.PR 2406.18601
math.PR 2406.18618
math.PR 2406.18772
math.PR 2406.18963
math.PR 2406.19114
math.PR 2406.19198
math.PR 2406.19282
math.PR 2406.18716
math.PR 2406.18724
math.PR 2406.18855
math.PR 2406.18888
math.PR 2406.19088
math.PR 2406.19110
math.PR 2406.19166
math.PR 2406.19214
math.PR 2406.19321
math.PR 2406.19344
math.PR 2406.19383
physics.comp-ph 2406.14768
physics.comp-ph 2406.14920
physics.comp-ph 2406.14959
physics.comp-ph 2406.15058
physics.comp-ph 2406.15205
physics.comp-ph 2406.15223
physics.comp-ph 2406.15236
physics.comp-ph 2406.15316
physics.comp-ph 2406.15326
physics.comp-ph 2406.14573
physics.comp-ph 2406.14585
physics.comp-ph 2406.14839
physics.comp-ph 2406.15072
physics.comp-ph 2406.15602
physics.comp-ph 2406.15641
physics.comp-ph 2406.15724
physics.comp-ph 2406.16064
physics.comp-ph 2406.16559
physics.comp-ph 2406.16861
physics.comp-ph 2406.15509
physics.comp-ph 2406.15873
physics.comp-ph 2406.16236
physics.comp-ph 2406.16595
physics.comp-ph 2406.16639
physics.comp-ph 2406.16741
physics.comp-ph 2406.17441
physics.comp-ph 2406.17638
physics.comp-ph 2406.17645
physics.comp-ph 2406.17704
physics.comp-ph 2406.16960
physics.comp-ph 2406.16998
physics.comp-ph 2406.17561
physics.comp-ph 2406.17823
physics.comp-ph 2406.18269
physics.comp-ph 2406.18413
physics.comp-ph 2406.18515
physics.comp-ph 2406.17810
physics.comp-ph 2406.17938
physics.comp-ph 2406.18821
physics.comp-ph 2406.19333
physics.comp-ph 2406.19058
nlin.CD 2406.12852
nlin.CD 2406.12922
nlin.CD 2406.12948
nlin.CD 2406.13101
nlin.CD 2406.13971
nlin.CD 2406.13995
nlin.CD 2406.16792
nlin.CD 2406.16909
nlin.CD 2406.17001
nlin.CD 2406.17062
nlin.CD 2406.17783
nlin.CD 2406.19145
astro-ph.IM 2406.14519
astro-ph.IM 2406.14893
astro-ph.IM 2406.15037
astro-ph.IM 2406.15308
astro-ph.IM 2406.14619
astro-ph.IM 2406.14704
astro-ph.IM 2406.14892
astro-ph.IM 2406.14915
astro-ph.IM 2406.15028
astro-ph.IM 2406.15101
astro-ph.IM 2406.15186
astro-ph.IM 2406.15280
astro-ph.IM 2406.15301
astro-ph.IM 2406.15336
astro-ph.IM 2406.15365
astro-ph.IM 2406.15424
astro-ph.IM 2406.15594
astro-ph.IM 2406.15611
astro-ph.IM 2406.15632
astro-ph.IM 2406.15683
astro-ph.IM 2406.16147
astro-ph.IM 2406.16438
astro-ph.IM 2406.15385
astro-ph.IM 2406.15414
astro-ph.IM 2406.15531
astro-ph.IM 2406.15535
astro-ph.IM 2406.15542
astro-ph.IM 2406.15558
astro-ph.IM 2406.15572
astro-ph.IM 2406.15591
astro-ph.IM 2406.15592
astro-ph.IM 2406.15703
astro-ph.IM 2406.15740
astro-ph.IM 2406.15813
astro-ph.IM 2406.15832
astro-ph.IM 2406.16266
astro-ph.IM 2406.16334
astro-ph.IM 2406.16462
astro-ph.IM 2406.16470
astro-ph.IM 2406.16589
astro-ph.IM 2406.16602
astro-ph.IM 2406.17031
astro-ph.IM 2406.17204
astro-ph.IM 2406.17259
astro-ph.IM 2406.17323
astro-ph.IM 2406.17324
astro-ph.IM 2406.17502
astro-ph.IM 2406.17584
astro-ph.IM 2406.17609
astro-ph.IM 2406.16898
astro-ph.IM 2406.17000
astro-ph.IM 2406.17057
astro-ph.IM 2406.17175
astro-ph.IM 2406.17192
astro-ph.IM 2406.17234
astro-ph.IM 2406.17316
astro-ph.IM 2406.17589
astro-ph.IM 2406.17644
astro-ph.IM 2406.17695
astro-ph.IM 2406.17743
astro-ph.IM 2406.18143
astro-ph.IM 2406.18175
astro-ph.IM 2406.18228
astro-ph.IM 2406.18366
astro-ph.IM 2406.18502
astro-ph.IM 2406.17886
astro-ph.IM 2406.17979
astro-ph.IM 2406.18148
astro-ph.IM 2406.18275
astro-ph.IM 2406.18317
astro-ph.IM 2406.18331
astro-ph.IM 2406.18335
astro-ph.IM 2406.18356
astro-ph.IM 2406.18395
astro-ph.IM 2406.18424
astro-ph.IM 2406.18646
astro-ph.IM 2406.18705
astro-ph.IM 2406.18905
astro-ph.IM 2406.18988
astro-ph.IM 2406.18660
astro-ph.IM 2406.18753
astro-ph.IM 2406.18885
astro-ph.IM 2406.18886
astro-ph.IM 2406.19013
astro-ph.IM 2406.19028
astro-ph.IM 2406.19124
eess.SP 2406.14816
eess.SP 2406.14939
eess.SP 2406.14953
eess.SP 2406.14995
eess.SP 2406.15047
eess.SP 2406.15056
eess.SP 2406.15160
eess.SP 2406.15225
eess.SP 2406.14664
eess.SP 2406.14869
eess.SP 2406.14931
eess.SP 2406.15217
eess.SP 2406.15258
eess.SP 2406.15696
eess.SP 2406.15802
eess.SP 2406.15819
eess.SP 2406.15899
eess.SP 2406.16052
eess.SP 2406.16200
eess.SP 2406.16659
eess.SP 2406.16675
eess.SP 2406.15689
eess.SP 2406.15945
eess.SP 2406.16041
eess.SP 2406.16102
eess.SP 2406.16239
eess.SP 2406.16303
eess.SP 2406.16304
eess.SP 2406.16323
eess.SP 2406.16381
eess.SP 2406.16519
eess.SP 2406.16548
eess.SP 2406.16624
eess.SP 2406.16692
eess.SP 2406.16723
eess.SP 2406.16816
eess.SP 2406.16869
eess.SP 2406.16911
eess.SP 2406.16981
eess.SP 2406.17339
eess.SP 2406.17537
eess.SP 2406.17597
eess.SP 2406.17611
eess.SP 2406.16868
eess.SP 2406.16872
eess.SP 2406.16873
eess.SP 2406.16875
eess.SP 2406.16876
eess.SP 2406.16877
eess.SP 2406.16878
eess.SP 2406.16886
eess.SP 2406.16888
eess.SP 2406.16889
eess.SP 2406.16894
eess.SP 2406.16895
eess.SP 2406.16896
eess.SP 2406.16901
eess.SP 2406.16902
eess.SP 2406.16904
eess.SP 2406.16906
eess.SP 2406.16907
eess.SP 2406.16908
eess.SP 2406.16909
eess.SP 2406.16910
eess.SP 2406.16913
eess.SP 2406.16914
eess.SP 2406.16915
eess.SP 2406.16917
eess.SP 2406.16924
eess.SP 2406.16926
eess.SP 2406.16927
eess.SP 2406.16928
eess.SP 2406.16929
eess.SP 2406.16932
eess.SP 2406.16933
eess.SP 2406.16934
eess.SP 2406.16935
eess.SP 2406.16938
eess.SP 2406.16939
eess.SP 2406.16941
eess.SP 2406.16943
eess.SP 2406.16946
eess.SP 2406.16948
eess.SP 2406.16953
eess.SP 2406.16955
eess.SP 2406.16957
eess.SP 2406.16967
eess.SP 2406.16970
eess.SP 2406.16987
eess.SP 2406.16994
eess.SP 2406.17002
eess.SP 2406.17218
eess.SP 2406.17244
eess.SP 2406.17314
eess.SP 2406.17320
eess.SP 2406.17329
eess.SP 2406.17352
eess.SP 2406.17488
eess.SP 2406.17779
eess.SP 2406.17788
eess.SP 2406.18055
eess.SP 2406.18149
eess.SP 2406.18156
eess.SP 2406.18345
eess.SP 2406.18412
eess.SP 2406.18418
eess.SP 2406.17783
eess.SP 2406.17784
eess.SP 2406.17908
eess.SP 2406.17950
eess.SP 2406.18069
eess.SP 2406.18244
eess.SP 2406.18306
eess.SP 2406.18391
eess.SP 2406.18425
eess.SP 2406.18476
eess.SP 2406.18542
eess.SP 2406.18985
eess.SP 2406.19009
eess.SP 2406.19084
eess.SP 2406.19239
eess.SP 2406.19334
eess.SP 2406.18578
eess.SP 2406.18592
eess.SP 2406.18598
eess.SP 2406.18624
eess.SP 2406.18760
eess.SP 2406.18791
eess.SP 2406.18951
eess.SP 2406.18993
eess.SP 2406.19036
eess.SP 2406.19072
eess.SP 2406.19078
eess.SP 2406.19183
eess.SP 2406.19205
eess.SP 2406.19216
eess.SP 2406.19246
eess.SP 2406.19289
physics.data-an 2406.14585
physics.data-an 2406.15357
physics.data-an 2406.15505
physics.data-an 2406.15515
physics.data-an 2406.16051
physics.data-an 2406.16139
physics.data-an 2406.15404
physics.data-an 2406.17366
physics.data-an 2406.17434
physics.data-an 2406.17724
physics.data-an 2406.17829
physics.data-an 2406.18168
physics.data-an 2406.18171
physics.data-an 2406.18413
physics.data-an 2406.18821
physics.data-an 2406.19076
nlin.SI 2406.12695
nlin.SI 2406.13320
nlin.SI 2406.13503
nlin.SI 2406.13423
nlin.SI 2406.13459
nlin.SI 2406.17479
nlin.SI 2406.18101
nlin.SI 2406.18255
nlin.SI 2406.19187
cond-mat.dis-nn 2406.14645
cond-mat.dis-nn 2406.14646
cond-mat.dis-nn 2406.14839
cond-mat.dis-nn 2406.14564
cond-mat.dis-nn 2406.14857
cond-mat.dis-nn 2406.16453
cond-mat.dis-nn 2406.16689
cond-mat.dis-nn 2406.15426
cond-mat.dis-nn 2406.15726
cond-mat.dis-nn 2406.16075
cond-mat.dis-nn 2406.16836
cond-mat.dis-nn 2406.17062
cond-mat.dis-nn 2406.17067
cond-mat.dis-nn 2406.17364
cond-mat.dis-nn 2406.17602
cond-mat.dis-nn 2406.17645
cond-mat.dis-nn 2406.17865
cond-mat.dis-nn 2406.17955
cond-mat.dis-nn 2406.18234
cond-mat.dis-nn 2406.19104
cond-mat.dis-nn 2406.19386
cond-mat.dis-nn 2406.18667
cond-mat.dis-nn 2406.18748
cond-mat.dis-nn 2406.18877
cond-mat.dis-nn 2406.18882
math.DS 2406.15075
math.DS 2406.15114
math.DS 2406.14649
math.DS 2406.14807
math.DS 2406.14837
math.DS 2406.15086
math.DS 2406.15242
math.DS 2406.15698
math.DS 2406.15705
math.DS 2406.15747
math.DS 2406.15840
math.DS 2406.16065
math.DS 2406.16604
math.DS 2406.16628
math.DS 2406.16719
math.DS 2406.16787
math.DS 2406.15357
math.DS 2406.15433
math.DS 2406.15438
math.DS 2406.15447
math.DS 2406.15458
math.DS 2406.15525
math.DS 2406.15824
math.DS 2406.15826
math.DS 2406.15892
math.DS 2406.16161
math.DS 2406.16172
math.DS 2406.16371
math.DS 2406.16579
math.DS 2406.16580
math.DS 2406.16642
math.DS 2406.16775
math.DS 2406.17030
math.DS 2406.17263
math.DS 2406.17479
math.DS 2406.17612
math.DS 2406.17717
math.DS 2406.16883
math.DS 2406.16885
math.DS 2406.16887
math.DS 2406.16918
math.DS 2406.17137
math.DS 2406.17242
math.DS 2406.17243
math.DS 2406.17359
math.DS 2406.17564
math.DS 2406.17734
math.DS 2406.17891
math.DS 2406.17909
math.DS 2406.18066
math.DS 2406.18107
math.DS 2406.18147
math.DS 2406.18231
math.DS 2406.18289
math.DS 2406.17552
math.DS 2406.18596
math.DS 2406.18689
math.DS 2406.18917
math.DS 2406.18973
math.DS 2406.19160
math.DS 2406.19198
math.DS 2406.19252
math.DS 2406.19273
math.DS 2406.18735
math.DS 2406.19019
math.DS 2406.19345
physics.ins-det 2406.14818
physics.ins-det 2406.14892
physics.ins-det 2406.14915
physics.ins-det 2406.15058
physics.ins-det 2406.15323
physics.ins-det 2406.14691
physics.ins-det 2406.14860
physics.ins-det 2406.15181
physics.ins-det 2406.15207
physics.ins-det 2406.15404
physics.ins-det 2406.15450
physics.ins-det 2406.15740
physics.ins-det 2406.15388
physics.ins-det 2406.15394
physics.ins-det 2406.15400
physics.ins-det 2406.15401
physics.ins-det 2406.15407
physics.ins-det 2406.15412
physics.ins-det 2406.15420
physics.ins-det 2406.15422
physics.ins-det 2406.15423
physics.ins-det 2406.15425
physics.ins-det 2406.15462
physics.ins-det 2406.15621
physics.ins-det 2406.15624
physics.ins-det 2406.15730
physics.ins-det 2406.15973
physics.ins-det 2406.16044
physics.ins-det 2406.16431
physics.ins-det 2406.16898
physics.ins-det 2406.17700
physics.ins-det 2406.17143
physics.ins-det 2406.17549
physics.ins-det 2406.17603
physics.ins-det 2406.18208
physics.ins-det 2406.17786
physics.ins-det 2406.17839
physics.ins-det 2406.18502
physics.ins-det 2406.18710
physics.ins-det 2406.19124
physics.ins-det 2406.18597
physics.ins-det 2406.18599
physics.ins-det 2406.18600
physics.ins-det 2406.18605
physics.ins-det 2406.18607
physics.ins-det 2406.18608
physics.ins-det 2406.19075
physics.ins-det 2406.19267
physics.app-ph 2406.14689
physics.app-ph 2406.15013
physics.app-ph 2406.15203
physics.app-ph 2406.15023
physics.app-ph 2406.15029
physics.app-ph 2406.15212
physics.app-ph 2406.15478
physics.app-ph 2406.15651
physics.app-ph 2406.15849
physics.app-ph 2406.16472
physics.app-ph 2406.16616
physics.app-ph 2406.16654
physics.app-ph 2406.16717
physics.app-ph 2406.15411
physics.app-ph 2406.15431
physics.app-ph 2406.15456
physics.app-ph 2406.15467
physics.app-ph 2406.15519
physics.app-ph 2406.15521
physics.app-ph 2406.15671
physics.app-ph 2406.15688
physics.app-ph 2406.15738
physics.app-ph 2406.15807
physics.app-ph 2406.15903
physics.app-ph 2406.15911
physics.app-ph 2406.16060
physics.app-ph 2406.16296
physics.app-ph 2406.17067
physics.app-ph 2406.17562
physics.app-ph 2406.17662
physics.app-ph 2406.17665
physics.app-ph 2406.17728
physics.app-ph 2406.17370
physics.app-ph 2406.17725
physics.app-ph 2406.17799
physics.app-ph 2406.17839
physics.app-ph 2406.18358
physics.app-ph 2406.18084
physics.app-ph 2406.18097
physics.app-ph 2406.18157
physics.app-ph 2406.18261
physics.app-ph 2406.18376
physics.app-ph 2406.18447
physics.app-ph 2401.05261
physics.app-ph 2406.18600
physics.app-ph 2406.18788
physics.app-ph 2406.18811
physics.app-ph 2406.18818
physics.app-ph 2406.18988
physics.app-ph 2406.19031
physics.app-ph 2406.19173
physics.app-ph 2406.18680
physics.app-ph 2406.18755
physics.app-ph 2406.18875
physics.app-ph 2406.19046
physics.app-ph 2406.19127
physics.med-ph 2406.15058
physics.med-ph 2406.14570
physics.med-ph 2406.14816
physics.med-ph 2406.15048
physics.med-ph 2406.15219
physics.med-ph 2406.15420
physics.med-ph 2406.15520
physics.med-ph 2406.15571
physics.med-ph 2406.16701
physics.med-ph 2406.15392
physics.med-ph 2406.15432
physics.med-ph 2406.15609
physics.med-ph 2406.15696
physics.med-ph 2406.16026
physics.med-ph 2406.16267
physics.med-ph 2406.16433
physics.med-ph 2406.16809
physics.med-ph 2406.16974
physics.med-ph 2406.17237
physics.med-ph 2406.17487
physics.med-ph 2406.17895
physics.med-ph 2406.17804
physics.med-ph 2406.18029
physics.med-ph 2406.18039
physics.med-ph 2406.18063
physics.med-ph 2406.18172
physics.med-ph 2406.18426
physics.med-ph 2406.18609
physics.med-ph 2406.18680
physics.med-ph 2406.19239
physics.med-ph 2406.18619
physics.med-ph 2406.18881
physics.med-ph 2406.19099
physics.med-ph 2406.19245
physics.optics 2406.14564
physics.optics 2406.14578
physics.optics 2406.14585
physics.optics 2406.14646
physics.optics 2406.14768
physics.optics 2406.15255
physics.optics 2406.15312
physics.optics 2406.14590
physics.optics 2406.14689
physics.optics 2406.14725
physics.optics 2406.14749
physics.optics 2406.14818
physics.optics 2406.15005
physics.optics 2406.15058
physics.optics 2406.15081
physics.optics 2406.15095
physics.optics 2406.15171
physics.optics 2406.15246
physics.optics 2406.15394
physics.optics 2406.15403
physics.optics 2406.15420
physics.optics 2406.15423
physics.optics 2406.15456
physics.optics 2406.15710
physics.optics 2406.15759
physics.optics 2406.15849
physics.optics 2406.16027
physics.optics 2406.16098
physics.optics 2406.16265
physics.optics 2406.16516
physics.optics 2406.16622
physics.optics 2406.16789
physics.optics 2406.15364
physics.optics 2406.15399
physics.optics 2406.15413
physics.optics 2406.15419
physics.optics 2406.15450
physics.optics 2406.15641
physics.optics 2406.15651
physics.optics 2406.15701
physics.optics 2406.15879
physics.optics 2406.16003
physics.optics 2406.16140
physics.optics 2406.16178
physics.optics 2406.16335
physics.optics 2406.16461
physics.optics 2406.16616
physics.optics 2406.16770
physics.optics 2406.16798
physics.optics 2406.16960
physics.optics 2406.17009
physics.optics 2406.17366
physics.optics 2406.17407
physics.optics 2406.17426
physics.optics 2406.17439
physics.optics 2406.17480
physics.optics 2406.17570
physics.optics 2406.17682
physics.optics 2406.16869
physics.optics 2406.17154
physics.optics 2406.17302
physics.optics 2406.17662
physics.optics 2406.17728
physics.optics 2406.17810
physics.optics 2406.18028
physics.optics 2406.18097
physics.optics 2406.17829
physics.optics 2406.17944
physics.optics 2406.17953
physics.optics 2406.17996
physics.optics 2406.18141
physics.optics 2406.18143
physics.optics 2406.18196
physics.optics 2406.18208
physics.optics 2406.18283
physics.optics 2406.18385
physics.optics 2406.18405
physics.optics 2406.18609
physics.optics 2406.18674
physics.optics 2406.18719
physics.optics 2406.18705
physics.optics 2406.18720
physics.optics 2406.18788
physics.optics 2406.18824
physics.optics 2406.18988
physics.optics 2406.19031
physics.optics 2406.19126
physics.optics 2406.19173
physics.optics 2406.19293
physics.optics 2406.19368
physics.optics 2406.19387
q-fin.MF 2406.12305
q-fin.MF 2406.12999
q-fin.MF 2406.14074
q-fin.MF 2406.13486
q-fin.MF 2406.13508
q-fin.MF 2406.13539
q-fin.MF 2406.16131
q-fin.MF 2406.16400
q-fin.MF 2406.17155
q-fin.MF 2406.17528
q-fin.MF 2406.19242
econ.TH 2406.14907
econ.TH 2406.15282
econ.TH 2406.15338
econ.TH 2406.15453
econ.TH 2406.15680
econ.TH 2406.16212
econ.TH 2406.17084
econ.TH 2406.18463
econ.TH 2406.18471
econ.TH 2406.18685
econ.TH 2406.19063
