cs.CG 2409.04074
cs.CG 2409.04507
cs.CG 2409.05235
cs.CG 2409.05532
cs.CG 2409.05671
cs.CG 2409.06476
cs.CG 2409.06093
cs.CG 2409.06486
cs.CG 2409.07257
cs.CG 2409.07892
cs.CG 2409.08227
cs.FL 2409.03327
cs.FL 2409.03169
cs.FL 2409.03569
cs.FL 2409.05498
cs.FL 2409.04612
cs.FL 2409.05456
cs.FL 2409.05810
cs.FL 2409.06120
cs.FL 2409.07077
cs.FL 2409.06966
cs.FL 2409.06967
cs.FL 2409.06968
cs.FL 2409.06969
cs.FL 2409.06970
cs.FL 2409.06971
cs.FL 2409.06972
cs.FL 2409.06973
cs.FL 2409.06974
cs.FL 2409.06975
cs.FL 2409.06976
cs.FL 2409.06977
cs.FL 2409.06978
cs.FL 2409.07882
cs.FL 2409.08024
cs.DS 2409.03935
cs.DS 2409.03970
cs.DS 2409.03974
cs.DS 2409.03873
cs.DS 2409.03951
cs.DS 2409.04171
cs.DS 2409.04212
cs.DS 2409.04225
cs.DS 2409.04320
cs.DS 2409.04402
cs.DS 2409.04821
cs.DS 2409.04885
cs.DS 2409.05020
cs.DS 2409.05284
cs.DS 2409.04786
cs.DS 2409.04897
cs.DS 2409.04984
cs.DS 2409.06008
cs.DS 2409.06034
cs.DS 2409.06127
cs.DS 2409.06423
cs.DS 2409.06486
cs.DS 2409.06556
cs.DS 2409.05901
cs.DS 2409.06014
cs.DS 2409.06061
cs.DS 2409.06199
cs.DS 2409.06453
cs.DS 2409.07201
cs.DS 2409.07187
cs.DS 2409.07222
cs.DS 2409.07283
cs.DS 2409.07719
cs.DS 2409.08219
cs.DS 2409.08227
cs.DS 2409.07837
cs.DS 2409.07840
cs.DS 2409.07868
cs.DS 2409.08037
cs.GT 2409.04177
cs.GT 2409.04402
cs.GT 2409.03874
cs.GT 2409.03875
cs.GT 2409.03956
cs.GT 2409.04078
cs.GT 2409.04153
cs.GT 2409.04613
cs.GT 2409.04685
cs.GT 2409.04724
cs.GT 2409.05708
cs.GT 2409.04669
cs.GT 2409.04854
cs.GT 2409.04885
cs.GT 2409.04914
cs.GT 2409.04921
cs.GT 2409.05506
cs.GT 2409.05608
cs.GT 2409.06184
cs.GT 2409.06157
cs.GT 2409.06423
cs.GT 2409.06566
cs.GT 2409.06610
cs.GT 2409.06614
cs.GT 2409.06865
cs.GT 2409.06868
cs.GT 2409.06971
cs.GT 2409.07194
cs.GT 2409.06899
cs.GT 2409.07142
cs.GT 2409.07398
cs.GT 2409.07719
cs.GT 2409.07754
cs.GT 2409.07819
cs.GT 2409.08222
cs.GT 2409.08241
cs.DB 2409.04073
cs.DB 2409.04194
cs.DB 2409.05152
cs.DB 2409.05249
cs.DB 2409.04452
cs.DB 2409.04475
cs.DB 2409.04498
cs.DB 2409.04499
cs.DB 2409.05042
cs.DB 2409.05512
cs.DB 2409.05735
cs.DB 2409.06692
cs.DB 2409.05925
cs.DB 2409.06148
cs.DB 2409.07014
cs.DB 2409.07081
cs.DB 2409.06936
cs.DB 2409.07083
cs.DB 2409.07497
cs.DB 2409.08013
cs.DB 2409.08142
cs.GR 2409.03761
cs.GR 2409.03807
cs.GR 2409.04398
cs.GR 2409.04424
cs.GR 2409.04236
cs.GR 2409.04397
cs.GR 2409.04507
cs.GR 2409.04751
cs.GR 2409.05099
cs.GR 2409.05151
cs.GR 2409.05159
cs.GR 2409.05379
cs.GR 2409.05387
cs.GR 2409.05474
cs.GR 2409.05143
cs.GR 2409.05171
cs.GR 2409.05460
cs.GR 2409.05525
cs.GR 2409.05867
cs.GR 2409.06000
cs.GR 2409.06129
cs.GR 2409.06506
cs.GR 2409.06620
cs.GR 2409.06648
cs.GR 2409.06030
cs.GR 2409.06201
cs.GR 2409.06246
cs.GR 2409.06368
cs.GR 2409.06476
cs.GR 2409.06710
cs.GR 2409.06711
cs.GR 2409.07105
cs.GR 2409.07447
cs.GR 2409.07148
cs.GR 2409.07257
cs.GR 2409.07441
cs.GR 2409.07465
cs.GR 2409.08042
cs.GR 2409.08189
cs.GR 2409.08270
cs.GR 2409.08271
cs.GR 2409.08272
cs.AI 2409.03759
cs.AI 2409.03788
cs.AI 2409.03789
cs.AI 2409.03793
cs.AI 2409.03795
cs.AI 2409.03796
cs.AI 2409.03805
cs.AI 2409.03806
cs.AI 2409.03810
cs.AI 2409.03811
cs.AI 2409.03833
cs.AI 2409.03844
cs.AI 2409.03874
cs.AI 2409.03881
cs.AI 2409.03911
cs.AI 2409.03933
cs.AI 2409.03944
cs.AI 2409.03947
cs.AI 2409.03992
cs.AI 2409.04007
cs.AI 2409.04025
cs.AI 2409.04040
cs.AI 2409.04060
cs.AI 2409.04073
cs.AI 2409.04081
cs.AI 2409.04082
cs.AI 2409.04103
cs.AI 2409.04104
cs.AI 2409.04109
cs.AI 2409.04114
cs.AI 2409.04117
cs.AI 2409.04142
cs.AI 2409.04168
cs.AI 2409.04180
cs.AI 2409.04183
cs.AI 2409.04196
cs.AI 2409.04230
cs.AI 2409.04244
cs.AI 2409.04249
cs.AI 2409.04272
cs.AI 2409.04290
cs.AI 2409.04306
cs.AI 2409.04318
cs.AI 2409.04340
cs.AI 2409.04341
cs.AI 2409.04360
cs.AI 2409.04367
cs.AI 2409.04368
cs.AI 2409.04388
cs.AI 2409.04398
cs.AI 2409.04410
cs.AI 2409.04421
cs.AI 2409.04428
cs.AI 2409.04432
cs.AI 2409.04434
cs.AI 2409.03797
cs.AI 2409.03937
cs.AI 2409.04056
cs.AI 2409.04065
cs.AI 2409.04102
cs.AI 2409.04194
cs.AI 2409.04224
cs.AI 2409.04267
cs.AI 2409.04286
cs.AI 2409.04415
cs.AI 2409.04447
cs.AI 2409.04452
cs.AI 2409.04456
cs.AI 2409.04464
cs.AI 2409.04473
cs.AI 2409.04475
cs.AI 2409.04478
cs.AI 2409.04481
cs.AI 2409.04486
cs.AI 2409.04495
cs.AI 2409.04519
cs.AI 2409.04559
cs.AI 2409.04576
cs.AI 2409.04585
cs.AI 2409.04600
cs.AI 2409.04602
cs.AI 2409.04609
cs.AI 2409.04613
cs.AI 2409.04615
cs.AI 2409.04631
cs.AI 2409.04637
cs.AI 2409.04641
cs.AI 2409.04653
cs.AI 2409.04704
cs.AI 2409.04707
cs.AI 2409.04720
cs.AI 2409.04723
cs.AI 2409.04732
cs.AI 2409.04740
cs.AI 2409.04744
cs.AI 2409.04774
cs.AI 2409.04775
cs.AI 2409.04787
cs.AI 2409.04792
cs.AI 2409.04795
cs.AI 2409.04813
cs.AI 2409.04819
cs.AI 2409.04820
cs.AI 2409.04822
cs.AI 2409.04828
cs.AI 2409.04829
cs.AI 2409.04831
cs.AI 2409.04832
cs.AI 2409.04833
cs.AI 2409.04834
cs.AI 2409.04840
cs.AI 2409.04849
cs.AI 2409.04880
cs.AI 2409.04882
cs.AI 2409.04896
cs.AI 2409.04909
cs.AI 2409.04915
cs.AI 2409.04920
cs.AI 2409.04922
cs.AI 2409.04934
cs.AI 2409.04949
cs.AI 2409.04953
cs.AI 2409.04958
cs.AI 2409.04964
cs.AI 2409.04971
cs.AI 2409.04976
cs.AI 2409.04977
cs.AI 2409.05001
cs.AI 2409.05007
cs.AI 2409.05022
cs.AI 2409.05033
cs.AI 2409.05035
cs.AI 2409.05076
cs.AI 2409.05084
cs.AI 2409.05105
cs.AI 2409.05144
cs.AI 2409.05152
cs.AI 2409.05177
cs.AI 2409.05197
cs.AI 2409.05202
cs.AI 2409.05206
cs.AI 2409.05208
cs.AI 2409.05211
cs.AI 2409.05215
cs.AI 2409.05242
cs.AI 2409.05258
cs.AI 2409.05265
cs.AI 2409.05277
cs.AI 2409.05279
cs.AI 2409.05280
cs.AI 2409.05283
cs.AI 2409.05286
cs.AI 2409.05292
cs.AI 2409.05294
cs.AI 2409.05303
cs.AI 2409.05305
cs.AI 2409.05314
cs.AI 2409.05319
cs.AI 2409.05325
cs.AI 2409.05335
cs.AI 2409.05336
cs.AI 2409.05346
cs.AI 2409.05347
cs.AI 2409.05358
cs.AI 2409.05370
cs.AI 2409.05379
cs.AI 2409.05383
cs.AI 2409.05384
cs.AI 2409.05385
cs.AI 2409.05395
cs.AI 2409.05396
cs.AI 2409.05402
cs.AI 2409.05405
cs.AI 2409.05414
cs.AI 2409.05420
cs.AI 2409.05433
cs.AI 2409.05457
cs.AI 2409.05466
cs.AI 2409.05484
cs.AI 2409.05486
cs.AI 2409.05495
cs.AI 2409.05521
cs.AI 2409.05524
cs.AI 2409.05531
cs.AI 2409.05558
cs.AI 2409.05564
cs.AI 2409.05565
cs.AI 2409.05573
cs.AI 2409.05585
cs.AI 2409.05586
cs.AI 2409.05591
cs.AI 2409.05592
cs.AI 2409.05595
cs.AI 2409.05611
cs.AI 2409.05620
cs.AI 2409.05636
cs.AI 2409.05650
cs.AI 2409.05655
cs.AI 2409.05662
cs.AI 2409.05672
cs.AI 2409.05674
cs.AI 2409.05677
cs.AI 2409.05698
cs.AI 2409.05701
cs.AI 2409.05721
cs.AI 2409.05731
cs.AI 2409.05735
cs.AI 2409.05747
cs.AI 2409.05749
cs.AI 2409.05771
cs.AI 2409.05773
cs.AI 2409.05785
cs.AI 2409.05786
cs.AI 2409.05798
cs.AI 2409.05806
cs.AI 2409.05808
cs.AI 2409.05846
cs.AI 2409.05863
cs.AI 2409.05864
cs.AI 2409.04465
cs.AI 2409.04469
cs.AI 2409.04572
cs.AI 2409.04693
cs.AI 2409.04711
cs.AI 2409.04793
cs.AI 2409.04808
cs.AI 2409.04887
cs.AI 2409.04926
cs.AI 2409.05061
cs.AI 2409.05435
cs.AI 2409.05556
cs.AI 2409.05559
cs.AI 2409.05831
cs.AI 2306.16143
cs.AI 2405.02219
cs.AI 2409.04053
cs.AI 2409.05888
cs.AI 2409.05898
cs.AI 2409.05907
cs.AI 2409.05910
cs.AI 2409.05916
cs.AI 2409.05919
cs.AI 2409.05921
cs.AI 2409.05923
cs.AI 2409.05925
cs.AI 2409.05929
cs.AI 2409.05938
cs.AI 2409.05989
cs.AI 2409.05994
cs.AI 2409.06029
cs.AI 2409.06069
cs.AI 2409.06077
cs.AI 2409.06091
cs.AI 2409.06096
cs.AI 2409.06107
cs.AI 2409.06111
cs.AI 2409.06130
cs.AI 2409.06131
cs.AI 2409.06135
cs.AI 2409.06147
cs.AI 2409.06163
cs.AI 2409.06173
cs.AI 2409.06185
cs.AI 2409.06192
cs.AI 2409.06209
cs.AI 2409.06214
cs.AI 2409.06220
cs.AI 2409.06241
cs.AI 2409.06263
cs.AI 2409.06270
cs.AI 2409.06277
cs.AI 2409.06280
cs.AI 2409.06297
cs.AI 2409.06299
cs.AI 2409.06307
cs.AI 2409.06316
cs.AI 2409.06323
cs.AI 2409.06336
cs.AI 2409.06343
cs.AI 2409.06348
cs.AI 2409.06362
cs.AI 2409.06367
cs.AI 2409.06371
cs.AI 2409.06402
cs.AI 2409.06416
cs.AI 2409.06427
cs.AI 2409.06445
cs.AI 2409.06446
cs.AI 2409.06450
cs.AI 2409.06468
cs.AI 2409.06493
cs.AI 2409.06509
cs.AI 2409.06513
cs.AI 2409.06518
cs.AI 2409.06561
cs.AI 2409.06566
cs.AI 2409.06579
cs.AI 2409.06585
cs.AI 2409.06607
cs.AI 2409.06608
cs.AI 2409.06612
cs.AI 2409.06615
cs.AI 2409.06624
cs.AI 2409.06635
cs.AI 2409.06644
cs.AI 2409.06662
cs.AI 2409.06666
cs.AI 2409.06672
cs.AI 2409.06673
cs.AI 2409.06690
cs.AI 2409.06691
cs.AI 2409.06692
cs.AI 2409.06702
cs.AI 2409.06016
cs.AI 2409.06067
cs.AI 2409.06122
cs.AI 2409.06351
cs.AI 2409.06477
cs.AI 2409.06706
cs.AI 2409.06708
cs.AI 2409.06709
cs.AI 2409.06720
cs.AI 2409.06721
cs.AI 2409.06723
cs.AI 2409.06726
cs.AI 2409.06729
cs.AI 2409.06741
cs.AI 2409.06744
cs.AI 2409.06745
cs.AI 2409.06748
cs.AI 2409.06750
cs.AI 2409.06754
cs.AI 2409.06756
cs.AI 2409.06762
cs.AI 2409.06764
cs.AI 2409.06800
cs.AI 2409.06805
cs.AI 2409.06817
cs.AI 2409.06851
cs.AI 2409.06883
cs.AI 2409.06892
cs.AI 2409.06904
cs.AI 2409.06912
cs.AI 2409.06916
cs.AI 2409.06928
cs.AI 2409.06941
cs.AI 2409.06945
cs.AI 2409.06949
cs.AI 2409.06953
cs.AI 2409.06957
cs.AI 2409.06978
cs.AI 2409.06997
cs.AI 2409.07012
cs.AI 2409.07016
cs.AI 2409.07033
cs.AI 2409.07045
cs.AI 2409.07054
cs.AI 2409.07055
cs.AI 2409.07078
cs.AI 2409.07088
cs.AI 2409.07092
cs.AI 2409.07098
cs.AI 2409.07109
cs.AI 2409.07114
cs.AI 2409.07115
cs.AI 2409.07128
cs.AI 2409.07136
cs.AI 2409.07151
cs.AI 2409.07154
cs.AI 2409.07165
cs.AI 2409.07186
cs.AI 2409.07189
cs.AI 2409.07192
cs.AI 2409.07194
cs.AI 2409.07200
cs.AI 2409.07202
cs.AI 2409.07218
cs.AI 2409.07246
cs.AI 2409.07291
cs.AI 2409.07314
cs.AI 2409.07321
cs.AI 2409.07341
cs.AI 2409.07351
cs.AI 2409.07353
cs.AI 2409.07368
cs.AI 2409.07372
cs.AI 2409.07402
cs.AI 2409.07407
cs.AI 2409.07409
cs.AI 2409.07415
cs.AI 2409.07416
cs.AI 2409.07431
cs.AI 2409.07448
cs.AI 2409.06859
cs.AI 2409.07119
cs.AI 2409.07127
cs.AI 2409.07286
cs.AI 2409.07335
cs.AI 2409.07340
cs.AI 2409.07440
cs.AI 2409.07453
cs.AI 2409.07457
cs.AI 2409.07464
cs.AI 2409.07466
cs.AI 2409.07469
cs.AI 2409.07471
cs.AI 2409.07473
cs.AI 2409.07476
cs.AI 2409.07480
cs.AI 2409.07482
cs.AI 2409.07485
cs.AI 2409.07486
cs.AI 2409.07489
cs.AI 2409.07493
cs.AI 2409.07503
cs.AI 2409.07505
cs.AI 2409.07569
cs.AI 2409.07581
cs.AI 2409.07584
cs.AI 2409.07585
cs.AI 2409.07606
cs.AI 2409.07619
cs.AI 2409.07629
cs.AI 2409.07637
cs.AI 2409.07645
cs.AI 2409.07672
cs.AI 2409.07683
cs.AI 2409.07684
cs.AI 2409.07704
cs.AI 2409.07706
cs.AI 2409.07715
cs.AI 2409.07723
cs.AI 2409.07725
cs.AI 2409.07736
cs.AI 2409.07747
cs.AI 2409.07748
cs.AI 2409.07753
cs.AI 2409.07763
cs.AI 2409.07770
cs.AI 2409.07776
cs.AI 2409.07779
cs.AI 2409.07793
cs.AI 2409.07796
cs.AI 2409.07822
cs.AI 2409.07825
cs.AI 2409.07850
cs.AI 2409.07913
cs.AI 2409.07914
cs.AI 2409.07918
cs.AI 2409.07925
cs.AI 2409.07930
cs.AI 2409.07932
cs.AI 2409.07957
cs.AI 2409.07964
cs.AI 2409.07966
cs.AI 2409.07989
cs.AI 2409.08012
cs.AI 2409.08023
cs.AI 2409.08045
cs.AI 2409.08065
cs.AI 2409.08098
cs.AI 2409.08111
cs.AI 2409.08185
cs.AI 2409.08199
cs.AI 2409.08202
cs.AI 2409.08215
cs.AI 2409.08217
cs.AI 2409.08229
cs.AI 2409.08231
cs.AI 2409.08234
cs.AI 2409.08239
cs.AI 2409.08240
cs.AI 2409.08250
cs.AI 2409.08255
cs.AI 2409.08270
cs.AI 2409.08273
cs.AI 2409.08276
cs.AI 2409.07497
cs.AI 2409.07507
cs.AI 2409.07510
cs.AI 2409.07547
cs.AI 2409.07578
cs.AI 2409.07618
cs.AI 2409.07638
cs.AI 2409.07656
cs.AI 2409.07703
cs.AI 2409.07775
cs.AI 2409.07965
cs.AI 2409.07985
cs.AI 2409.08069
cs.AI 2409.08264
cs.AR 2409.03870
cs.AR 2409.04578
cs.AR 2409.05227
cs.AR 2409.05404
cs.AR 2409.05832
cs.AR 2409.04940
cs.AR 2409.04976
cs.AR 2409.04992
cs.AR 2409.05837
cs.AR 2409.05902
cs.AR 2409.06000
cs.AR 2409.06204
cs.AR 2409.06558
cs.AR 2409.07374
cs.AR 2409.07847
cs.AR 2409.08229
cs.AR 2409.07832
cs.AR 2409.07903
cs.AR 2409.08141
cs.DM 2409.03951
cs.DM 2409.04301
cs.DM 2409.03784
cs.DM 2409.03935
cs.DM 2409.04226
cs.DM 2409.04821
cs.DM 2409.05678
cs.DM 2409.04855
cs.DM 2409.06127
cs.DM 2409.06425
cs.DM 2409.06629
cs.DM 2409.06536
cs.DM 2409.06755
cs.DM 2409.06968
cs.DM 2409.07283
cs.DM 2409.06911
cs.DM 2409.07680
cs.DM 2409.07848
cs.DM 2409.07892
cs.DM 2409.08041
cs.DM 2409.08115
cs.DC 2409.03897
cs.DC 2409.03904
cs.DC 2409.03771
cs.DC 2409.03778
cs.DC 2409.03898
cs.DC 2409.03970
cs.DC 2409.03992
cs.DC 2409.04022
cs.DC 2409.04202
cs.DC 2409.04249
cs.DC 2409.04585
cs.DC 2409.04998
cs.DC 2409.05500
cs.DC 2409.05539
cs.DC 2409.05770
cs.DC 2409.04685
cs.DC 2409.04896
cs.DC 2409.04941
cs.DC 2409.05093
cs.DC 2409.05242
cs.DC 2409.05331
cs.DC 2409.05404
cs.DC 2409.05768
cs.DC 2409.05785
cs.DC 2409.05976
cs.DC 2409.06179
cs.DC 2409.05886
cs.DC 2409.06008
cs.DC 2409.06066
cs.DC 2409.06075
cs.DC 2409.06140
cs.DC 2409.06474
cs.DC 2409.06646
cs.DC 2409.06807
cs.DC 2409.06955
cs.DC 2409.07351
cs.DC 2409.06734
cs.DC 2409.06941
cs.DC 2409.07081
cs.DC 2409.07232
cs.DC 2409.07563
cs.DC 2409.07631
cs.DC 2409.07640
cs.DC 2409.07903
cs.DC 2409.08108
cs.DC 2409.07693
cs.DC 2409.07734
cs.DC 2409.08161
cs.HC 2405.15334
cs.HC 2409.03844
cs.HC 2409.03890
cs.HC 2409.04081
cs.HC 2409.04104
cs.HC 2409.04109
cs.HC 2409.03780
cs.HC 2409.03853
cs.HC 2409.03888
cs.HC 2409.03949
cs.HC 2409.03976
cs.HC 2409.04099
cs.HC 2409.04414
cs.HC 2409.04738
cs.HC 2409.05016
cs.HC 2409.05049
cs.HC 2409.05143
cs.HC 2409.05171
cs.HC 2409.05460
cs.HC 2409.05798
cs.HC 2409.05817
cs.HC 2409.04493
cs.HC 2409.04508
cs.HC 2409.04511
cs.HC 2409.04579
cs.HC 2409.04616
cs.HC 2409.04645
cs.HC 2409.04658
cs.HC 2409.04676
cs.HC 2409.04900
cs.HC 2409.04987
cs.HC 2409.05015
cs.HC 2409.05176
cs.HC 2409.05203
cs.HC 2409.05374
cs.HC 2409.05457
cs.HC 2409.05496
cs.HC 2409.05511
cs.HC 2409.05696
cs.HC 2409.05703
cs.HC 2409.05731
cs.HC 2409.05747
cs.HC 2409.05773
cs.HC 2409.05876
cs.HC 2409.06159
cs.HC 2409.06185
cs.HC 2409.06557
cs.HC 2409.05877
cs.HC 2409.05880
cs.HC 2409.05883
cs.HC 2409.05969
cs.HC 2409.06011
cs.HC 2409.06082
cs.HC 2409.06088
cs.HC 2409.06124
cs.HC 2409.06178
cs.HC 2409.06205
cs.HC 2409.06233
cs.HC 2409.06297
cs.HC 2409.06354
cs.HC 2409.06401
cs.HC 2409.06426
cs.HC 2409.06627
cs.HC 2409.06628
cs.HC 2409.06643
cs.HC 2409.06653
cs.HC 2409.06688
cs.HC 2409.06708
cs.HC 2409.06725
cs.HC 2409.06750
cs.HC 2409.06791
cs.HC 2409.06859
cs.HC 2409.06863
cs.HC 2409.06916
cs.HC 2409.07104
cs.HC 2409.07189
cs.HC 2409.07257
cs.HC 2409.07372
cs.HC 2409.07453
cs.HC 2409.06814
cs.HC 2409.06892
cs.HC 2409.06898
cs.HC 2409.06926
cs.HC 2409.06951
cs.HC 2409.07005
cs.HC 2409.07006
cs.HC 2409.07031
cs.HC 2409.07105
cs.HC 2409.07178
cs.HC 2409.07250
cs.HC 2409.07306
cs.HC 2409.07406
cs.HC 2409.07444
cs.HC 2409.07475
cs.HC 2409.07484
cs.HC 2409.07560
cs.HC 2409.08027
cs.HC 2409.07465
cs.HC 2409.07589
cs.HC 2409.07695
cs.HC 2409.07696
cs.HC 2409.07717
cs.HC 2409.07765
cs.HC 2409.07815
cs.HC 2409.07823
cs.HC 2409.07836
cs.HC 2409.07871
cs.HC 2409.07918
cs.HC 2409.08101
cs.HC 2409.08122
cs.HC 2409.08175
cs.HC 2409.08226
cs.HC 2409.08250
cs.HC 2409.08253
cs.CL 2409.03788
cs.CL 2409.03797
cs.CL 2409.03810
cs.CL 2409.04056
cs.CL 2409.04085
cs.CL 2409.04117
cs.CL 2409.04185
cs.CL 2409.04206
cs.CL 2409.04267
cs.CL 2409.04286
cs.CL 2409.04340
cs.CL 2409.04384
cs.CL 2409.03843
cs.CL 2409.03856
cs.CL 2409.03905
cs.CL 2409.03939
cs.CL 2409.03946
cs.CL 2409.04009
cs.CL 2409.04043
cs.CL 2409.04057
cs.CL 2409.04073
cs.CL 2409.04081
cs.CL 2409.04109
cs.CL 2409.04114
cs.CL 2409.04122
cs.CL 2409.04150
cs.CL 2409.04164
cs.CL 2409.04168
cs.CL 2409.04181
cs.CL 2409.04183
cs.CL 2409.04269
cs.CL 2409.04318
cs.CL 2409.04421
cs.CL 2409.04459
cs.CL 2409.04507
cs.CL 2409.04667
cs.CL 2409.04831
cs.CL 2409.04992
cs.CL 2409.05005
cs.CL 2409.05028
cs.CL 2409.05148
cs.CL 2409.05292
cs.CL 2409.05401
cs.CL 2409.05556
cs.CL 2409.05601
cs.CL 2409.05674
cs.CL 2409.05799
cs.CL 2409.04464
cs.CL 2409.04512
cs.CL 2409.04556
cs.CL 2409.04574
cs.CL 2409.04593
cs.CL 2409.04599
cs.CL 2409.04617
cs.CL 2409.04701
cs.CL 2409.04774
cs.CL 2409.04778
cs.CL 2409.04787
cs.CL 2409.04795
cs.CL 2409.04822
cs.CL 2409.04833
cs.CL 2409.04927
cs.CL 2409.04934
cs.CL 2409.04964
cs.CL 2409.05021
cs.CL 2409.05105
cs.CL 2409.05112
cs.CL 2409.05134
cs.CL 2409.05136
cs.CL 2409.05137
cs.CL 2409.05152
cs.CL 2409.05197
cs.CL 2409.05199
cs.CL 2409.05224
cs.CL 2409.05247
cs.CL 2409.05257
cs.CL 2409.05275
cs.CL 2409.05283
cs.CL 2409.05286
cs.CL 2409.05356
cs.CL 2409.05367
cs.CL 2409.05368
cs.CL 2409.05385
cs.CL 2409.05423
cs.CL 2409.05486
cs.CL 2409.05521
cs.CL 2409.05530
cs.CL 2409.05583
cs.CL 2409.05591
cs.CL 2409.05592
cs.CL 2409.05653
cs.CL 2409.05677
cs.CL 2409.05721
cs.CL 2409.05732
cs.CL 2409.05771
cs.CL 2409.05806
cs.CL 2409.05816
cs.CL 2409.05840
cs.CL 2409.05907
cs.CL 2409.05925
cs.CL 2409.06033
cs.CL 2409.06178
cs.CL 2409.06205
cs.CL 2409.06211
cs.CL 2409.06223
cs.CL 2409.06377
cs.CL 2409.06411
cs.CL 2409.06446
cs.CL 2409.06635
cs.CL 2409.06656
cs.CL 2409.06691
cs.CL 2409.05972
cs.CL 2409.05977
cs.CL 2409.05994
cs.CL 2409.05997
cs.CL 2409.06013
cs.CL 2409.06043
cs.CL 2409.06072
cs.CL 2409.06097
cs.CL 2409.06107
cs.CL 2409.06109
cs.CL 2409.06131
cs.CL 2409.06164
cs.CL 2409.06173
cs.CL 2409.06185
cs.CL 2409.06192
cs.CL 2409.06216
cs.CL 2409.06222
cs.CL 2409.06226
cs.CL 2409.06243
cs.CL 2409.06263
cs.CL 2409.06328
cs.CL 2409.06338
cs.CL 2409.06372
cs.CL 2409.06386
cs.CL 2409.06468
cs.CL 2409.06518
cs.CL 2409.06540
cs.CL 2409.06550
cs.CL 2409.06567
cs.CL 2409.06595
cs.CL 2409.06601
cs.CL 2409.06622
cs.CL 2409.06624
cs.CL 2409.06639
cs.CL 2409.06666
cs.CL 2409.06679
cs.CL 2409.06859
cs.CL 2409.06927
cs.CL 2409.07132
cs.CL 2409.07265
cs.CL 2409.07286
cs.CL 2409.07335
cs.CL 2409.07402
cs.CL 2409.07431
cs.CL 2409.07437
cs.CL 2409.07440
cs.CL 2409.06790
cs.CL 2409.06803
cs.CL 2409.06820
cs.CL 2409.06857
cs.CL 2409.06883
cs.CL 2409.06949
cs.CL 2409.07045
cs.CL 2409.07054
cs.CL 2409.07055
cs.CL 2409.07064
cs.CL 2409.07072
cs.CL 2409.07085
cs.CL 2409.07088
cs.CL 2409.07123
cs.CL 2409.07131
cs.CL 2409.07136
cs.CL 2409.07146
cs.CL 2409.07162
cs.CL 2409.07170
cs.CL 2409.07246
cs.CL 2409.07314
cs.CL 2409.07355
cs.CL 2409.07372
cs.CL 2409.07388
cs.CL 2409.07394
cs.CL 2409.07423
cs.CL 2409.07424
cs.CL 2409.07429
cs.CL 2409.07476
cs.CL 2409.07497
cs.CL 2409.07627
cs.CL 2409.07691
cs.CL 2409.07747
cs.CL 2409.07748
cs.CL 2409.07823
cs.CL 2409.07839
cs.CL 2409.07958
cs.CL 2409.08069
cs.CL 2409.08202
cs.CL 2409.08234
cs.CL 2409.08253
cs.CL 2409.07615
cs.CL 2409.07641
cs.CL 2409.07672
cs.CL 2409.07713
cs.CL 2409.07737
cs.CL 2409.07780
cs.CL 2409.07787
cs.CL 2409.07790
cs.CL 2409.07809
cs.CL 2409.07869
cs.CL 2409.07891
cs.CL 2409.08098
cs.CL 2409.08103
cs.CL 2409.08107
cs.CL 2409.08147
cs.CL 2409.08160
cs.CL 2409.08185
cs.CL 2409.08199
cs.CL 2409.08239
cs.CV 2409.03772
cs.CV 2409.03794
cs.CV 2409.03806
cs.CV 2409.03889
cs.CV 2409.03977
cs.CV 2409.04050
cs.CV 2409.04104
cs.CV 2409.04137
cs.CV 2409.04175
cs.CV 2409.04241
cs.CV 2409.04368
cs.CV 2409.04424
cs.CV 2409.03761
cs.CV 2409.03763
cs.CV 2409.03764
cs.CV 2409.03765
cs.CV 2409.03766
cs.CV 2409.03767
cs.CV 2409.03777
cs.CV 2409.03782
cs.CV 2409.03868
cs.CV 2409.03878
cs.CV 2409.03879
cs.CV 2409.03887
cs.CV 2409.03890
cs.CV 2409.03901
cs.CV 2409.03911
cs.CV 2409.03913
cs.CV 2409.03929
cs.CV 2409.03938
cs.CV 2409.03944
cs.CV 2409.03945
cs.CV 2409.03947
cs.CV 2409.03961
cs.CV 2409.03982
cs.CV 2409.04003
cs.CV 2409.04004
cs.CV 2409.04005
cs.CV 2409.04011
cs.CV 2409.04013
cs.CV 2409.04018
cs.CV 2409.04025
cs.CV 2409.04033
cs.CV 2409.04035
cs.CV 2409.04038
cs.CV 2409.04041
cs.CV 2409.04053
cs.CV 2409.04060
cs.CV 2409.04068
cs.CV 2409.04082
cs.CV 2409.04086
cs.CV 2409.04095
cs.CV 2409.04116
cs.CV 2409.04117
cs.CV 2409.04133
cs.CV 2409.04178
cs.CV 2409.04187
cs.CV 2409.04196
cs.CV 2409.04205
cs.CV 2409.04208
cs.CV 2409.04214
cs.CV 2409.04218
cs.CV 2409.04234
cs.CV 2409.04243
cs.CV 2409.04272
cs.CV 2409.04298
cs.CV 2409.04310
cs.CV 2409.04330
cs.CV 2409.04345
cs.CV 2409.04356
cs.CV 2409.04360
cs.CV 2409.04363
cs.CV 2409.04381
cs.CV 2409.04384
cs.CV 2409.04388
cs.CV 2409.04390
cs.CV 2409.04398
cs.CV 2409.04409
cs.CV 2409.04410
cs.CV 2409.04429
cs.CV 2409.04440
cs.CV 2409.04456
cs.CV 2409.04494
cs.CV 2409.04596
cs.CV 2409.04615
cs.CV 2409.04631
cs.CV 2409.04633
cs.CV 2409.04949
cs.CV 2409.04977
cs.CV 2409.05137
cs.CV 2409.05148
cs.CV 2409.05171
cs.CV 2409.05202
cs.CV 2409.05255
cs.CV 2409.05258
cs.CV 2409.05274
cs.CV 2409.05310
cs.CV 2409.05335
cs.CV 2409.05414
cs.CV 2409.05490
cs.CV 2409.05666
cs.CV 2409.05680
cs.CV 2409.05721
cs.CV 2409.05742
cs.CV 2409.05770
cs.CV 2409.05773
cs.CV 2409.05800
cs.CV 2409.05809
cs.CV 2409.05864
cs.CV 2409.05867
cs.CV 2409.04482
cs.CV 2409.04559
cs.CV 2409.04560
cs.CV 2409.04561
cs.CV 2409.04563
cs.CV 2409.04598
cs.CV 2409.04601
cs.CV 2409.04607
cs.CV 2409.04670
cs.CV 2409.04679
cs.CV 2409.04683
cs.CV 2409.04699
cs.CV 2409.04714
cs.CV 2409.04718
cs.CV 2409.04732
cs.CV 2409.04734
cs.CV 2409.04742
cs.CV 2409.04747
cs.CV 2409.04750
cs.CV 2409.04751
cs.CV 2409.04758
cs.CV 2409.04759
cs.CV 2409.04760
cs.CV 2409.04766
cs.CV 2409.04768
cs.CV 2409.04796
cs.CV 2409.04801
cs.CV 2409.04812
cs.CV 2409.04817
cs.CV 2409.04819
cs.CV 2409.04820
cs.CV 2409.04825
cs.CV 2409.04828
cs.CV 2409.04847
cs.CV 2409.04850
cs.CV 2409.04851
cs.CV 2409.04867
cs.CV 2409.04888
cs.CV 2409.04915
cs.CV 2409.04918
cs.CV 2409.04920
cs.CV 2409.04945
cs.CV 2409.04952
cs.CV 2409.04958
cs.CV 2409.04963
cs.CV 2409.04968
cs.CV 2409.04975
cs.CV 2409.04978
cs.CV 2409.04979
cs.CV 2409.04980
cs.CV 2409.04982
cs.CV 2409.04999
cs.CV 2409.05005
cs.CV 2409.05024
cs.CV 2409.05040
cs.CV 2409.05065
cs.CV 2409.05076
cs.CV 2409.05088
cs.CV 2409.05089
cs.CV 2409.05099
cs.CV 2409.05122
cs.CV 2409.05125
cs.CV 2409.05142
cs.CV 2409.05151
cs.CV 2409.05159
cs.CV 2409.05162
cs.CV 2409.05166
cs.CV 2409.05174
cs.CV 2409.05200
cs.CV 2409.05225
cs.CV 2409.05230
cs.CV 2409.05243
cs.CV 2409.05250
cs.CV 2409.05260
cs.CV 2409.05277
cs.CV 2409.05279
cs.CV 2409.05280
cs.CV 2409.05307
cs.CV 2409.05311
cs.CV 2409.05312
cs.CV 2409.05324
cs.CV 2409.05327
cs.CV 2409.05330
cs.CV 2409.05334
cs.CV 2409.05336
cs.CV 2409.05352
cs.CV 2409.05359
cs.CV 2409.05370
cs.CV 2409.05378
cs.CV 2409.05379
cs.CV 2409.05380
cs.CV 2409.05381
cs.CV 2409.05383
cs.CV 2409.05384
cs.CV 2409.05387
cs.CV 2409.05389
cs.CV 2409.05393
cs.CV 2409.05395
cs.CV 2409.05396
cs.CV 2409.05399
cs.CV 2409.05405
cs.CV 2409.05407
cs.CV 2409.05413
cs.CV 2409.05420
cs.CV 2409.05425
cs.CV 2409.05427
cs.CV 2409.05442
cs.CV 2409.05463
cs.CV 2409.05466
cs.CV 2409.05474
cs.CV 2409.05494
cs.CV 2409.05531
cs.CV 2409.05540
cs.CV 2409.05552
cs.CV 2409.05558
cs.CV 2409.05564
cs.CV 2409.05585
cs.CV 2409.05587
cs.CV 2409.05595
cs.CV 2409.05606
cs.CV 2409.05611
cs.CV 2409.05617
cs.CV 2409.05624
cs.CV 2409.05636
cs.CV 2409.05642
cs.CV 2409.05650
cs.CV 2409.05662
cs.CV 2409.05679
cs.CV 2409.05681
cs.CV 2409.05688
cs.CV 2409.05697
cs.CV 2409.05699
cs.CV 2409.05749
cs.CV 2409.05786
cs.CV 2409.05817
cs.CV 2409.05819
cs.CV 2409.05834
cs.CV 2409.05847
cs.CV 2409.05862
cs.CV 2409.05863
cs.CV 2409.05900
cs.CV 2409.05905
cs.CV 2409.05982
cs.CV 2409.06013
cs.CV 2409.06018
cs.CV 2409.06030
cs.CV 2409.06035
cs.CV 2409.06111
cs.CV 2409.06135
cs.CV 2409.06219
cs.CV 2409.06270
cs.CV 2409.06420
cs.CV 2409.06455
cs.CV 2409.06476
cs.CV 2409.06605
cs.CV 2409.06676
cs.CV 2409.06687
cs.CV 2409.06689
cs.CV 2409.06699
cs.CV 2409.05868
cs.CV 2409.05875
cs.CV 2409.05985
cs.CV 2409.06002
cs.CV 2409.06037
cs.CV 2409.06065
cs.CV 2409.06074
cs.CV 2409.06104
cs.CV 2409.06105
cs.CV 2409.06129
cs.CV 2409.06154
cs.CV 2409.06166
cs.CV 2409.06171
cs.CV 2409.06183
cs.CV 2409.06187
cs.CV 2409.06189
cs.CV 2409.06197
cs.CV 2409.06198
cs.CV 2409.06202
cs.CV 2409.06206
cs.CV 2409.06210
cs.CV 2409.06214
cs.CV 2409.06217
cs.CV 2409.06220
cs.CV 2409.06224
cs.CV 2409.06231
cs.CV 2409.06235
cs.CV 2409.06240
cs.CV 2409.06259
cs.CV 2409.06267
cs.CV 2409.06285
cs.CV 2409.06290
cs.CV 2409.06299
cs.CV 2409.06300
cs.CV 2409.06305
cs.CV 2409.06309
cs.CV 2409.06311
cs.CV 2409.06322
cs.CV 2409.06324
cs.CV 2409.06334
cs.CV 2409.06355
cs.CV 2409.06367
cs.CV 2409.06371
cs.CV 2409.06381
cs.CV 2409.06385
cs.CV 2409.06407
cs.CV 2409.06424
cs.CV 2409.06442
cs.CV 2409.06443
cs.CV 2409.06445
cs.CV 2409.06471
cs.CV 2409.06481
cs.CV 2409.06485
cs.CV 2409.06490
cs.CV 2409.06493
cs.CV 2409.06506
cs.CV 2409.06509
cs.CV 2409.06520
cs.CV 2409.06535
cs.CV 2409.06579
cs.CV 2409.06583
cs.CV 2409.06584
cs.CV 2409.06589
cs.CV 2409.06590
cs.CV 2409.06603
cs.CV 2409.06609
cs.CV 2409.06617
cs.CV 2409.06618
cs.CV 2409.06620
cs.CV 2409.06625
cs.CV 2409.06633
cs.CV 2409.06644
cs.CV 2409.06648
cs.CV 2409.06662
cs.CV 2409.06665
cs.CV 2409.06671
cs.CV 2409.06683
cs.CV 2409.06685
cs.CV 2409.06702
cs.CV 2409.06703
cs.CV 2409.06704
cs.CV 2409.06714
cs.CV 2409.06716
cs.CV 2409.06722
cs.CV 2409.06817
cs.CV 2409.06887
cs.CV 2409.06993
cs.CV 2409.07004
cs.CV 2409.07012
cs.CV 2409.07020
cs.CV 2409.07092
cs.CV 2409.07094
cs.CV 2409.07100
cs.CV 2409.07115
cs.CV 2409.07128
cs.CV 2409.07163
cs.CV 2409.07171
cs.CV 2409.07218
cs.CV 2409.07236
cs.CV 2409.07253
cs.CV 2409.07257
cs.CV 2409.07275
cs.CV 2409.07291
cs.CV 2409.07292
cs.CV 2409.07304
cs.CV 2409.07351
cs.CV 2409.07361
cs.CV 2409.07379
cs.CV 2409.07402
cs.CV 2409.07417
cs.CV 2409.07422
cs.CV 2409.07446
cs.CV 2409.07450
cs.CV 2409.06705
cs.CV 2409.06707
cs.CV 2409.06710
cs.CV 2409.06711
cs.CV 2409.06726
cs.CV 2409.06764
cs.CV 2409.06765
cs.CV 2409.06791
cs.CV 2409.06809
cs.CV 2409.06815
cs.CV 2409.06821
cs.CV 2409.06827
cs.CV 2409.06842
cs.CV 2409.06845
cs.CV 2409.06848
cs.CV 2409.06851
cs.CV 2409.06853
cs.CV 2409.06856
cs.CV 2409.06889
cs.CV 2409.06923
cs.CV 2409.06928
cs.CV 2409.06942
cs.CV 2409.06945
cs.CV 2409.06956
cs.CV 2409.06963
cs.CV 2409.06980
cs.CV 2409.06991
cs.CV 2409.07002
cs.CV 2409.07003
cs.CV 2409.07022
cs.CV 2409.07024
cs.CV 2409.07040
cs.CV 2409.07041
cs.CV 2409.07048
cs.CV 2409.07067
cs.CV 2409.07078
cs.CV 2409.07098
cs.CV 2409.07129
cs.CV 2409.07172
cs.CV 2409.07179
cs.CV 2409.07186
cs.CV 2409.07200
cs.CV 2409.07210
cs.CV 2409.07220
cs.CV 2409.07238
cs.CV 2409.07239
cs.CV 2409.07245
cs.CV 2409.07255
cs.CV 2409.07256
cs.CV 2409.07267
cs.CV 2409.07269
cs.CV 2409.07271
cs.CV 2409.07284
cs.CV 2409.07295
cs.CV 2409.07307
cs.CV 2409.07321
cs.CV 2409.07327
cs.CV 2409.07331
cs.CV 2409.07337
cs.CV 2409.07353
cs.CV 2409.07365
cs.CV 2409.07414
cs.CV 2409.07426
cs.CV 2409.07447
cs.CV 2409.07451
cs.CV 2409.07452
cs.CV 2409.07454
cs.CV 2409.07456
cs.CV 2409.07457
cs.CV 2409.07466
cs.CV 2409.07493
cs.CV 2409.07564
cs.CV 2409.07584
cs.CV 2409.07609
cs.CV 2409.07623
cs.CV 2409.07759
cs.CV 2409.07827
cs.CV 2409.07830
cs.CV 2409.07862
cs.CV 2409.07914
cs.CV 2409.08000
cs.CV 2409.08068
cs.CV 2409.08122
cs.CV 2409.08130
cs.CV 2409.08143
cs.CV 2409.08163
cs.CV 2409.08170
cs.CV 2409.08232
cs.CV 2409.08273
cs.CV 2409.07463
cs.CV 2409.07464
cs.CV 2409.07469
cs.CV 2409.07541
cs.CV 2409.07558
cs.CV 2409.07566
cs.CV 2409.07571
cs.CV 2409.07577
cs.CV 2409.07581
cs.CV 2409.07582
cs.CV 2409.07588
cs.CV 2409.07613
cs.CV 2409.07645
cs.CV 2409.07649
cs.CV 2409.07650
cs.CV 2409.07683
cs.CV 2409.07694
cs.CV 2409.07701
cs.CV 2409.07714
cs.CV 2409.07715
cs.CV 2409.07723
cs.CV 2409.07736
cs.CV 2409.07746
cs.CV 2409.07747
cs.CV 2409.07748
cs.CV 2409.07752
cs.CV 2409.07756
cs.CV 2409.07757
cs.CV 2409.07762
cs.CV 2409.07779
cs.CV 2409.07793
cs.CV 2409.07796
cs.CV 2409.07797
cs.CV 2409.07798
cs.CV 2409.07801
cs.CV 2409.07813
cs.CV 2409.07825
cs.CV 2409.07834
cs.CV 2409.07843
cs.CV 2409.07887
cs.CV 2409.07896
cs.CV 2409.07904
cs.CV 2409.07907
cs.CV 2409.07913
cs.CV 2409.07931
cs.CV 2409.07940
cs.CV 2409.07960
cs.CV 2409.07961
cs.CV 2409.07966
cs.CV 2409.07967
cs.CV 2409.07972
cs.CV 2409.07973
cs.CV 2409.07984
cs.CV 2409.07989
cs.CV 2409.07995
cs.CV 2409.08026
cs.CV 2409.08031
cs.CV 2409.08042
cs.CV 2409.08056
cs.CV 2409.08077
cs.CV 2409.08083
cs.CV 2409.08091
cs.CV 2409.08102
cs.CV 2409.08156
cs.CV 2409.08159
cs.CV 2409.08162
cs.CV 2409.08167
cs.CV 2409.08169
cs.CV 2409.08171
cs.CV 2409.08181
cs.CV 2409.08189
cs.CV 2409.08202
cs.CV 2409.08206
cs.CV 2409.08207
cs.CV 2409.08215
cs.CV 2409.08240
cs.CV 2409.08245
cs.CV 2409.08248
cs.CV 2409.08251
cs.CV 2409.08258
cs.CV 2409.08260
cs.CV 2409.08270
cs.CV 2409.08271
cs.CV 2409.08272
cs.CV 2409.08277
cs.CV 2409.08278
cs.MA 2409.03881
cs.MA 2409.04230
cs.MA 2409.03811
cs.MA 2409.04854
cs.MA 2409.05029
cs.MA 2409.04613
cs.MA 2409.05037
cs.MA 2409.05119
cs.MA 2409.05995
cs.MA 2409.06179
cs.MA 2409.06345
cs.MA 2409.07127
cs.MA 2409.07136
cs.MA 2409.06750
cs.MA 2409.06888
cs.MA 2409.07714
cs.MA 2409.07932
cs.MA 2409.08145
cs.CC 2409.03873
cs.CC 2409.03898
cs.CC 2409.03903
cs.CC 2409.03974
cs.CC 2409.04922
cs.CC 2409.04448
cs.CC 2409.04549
cs.CC 2409.04592
cs.CC 2409.05046
cs.CC 2409.06025
cs.CC 2409.06120
cs.CC 2409.06594
cs.CC 2409.06967
cs.CC 2409.06977
cs.CC 2409.07285
cs.CC 2409.06932
cs.CC 2409.07035
cs.CC 2409.07065
cs.CC 2409.07201
cs.CC 2409.07208
cs.CC 2409.07580
cs.CC 2409.07626
cs.CC 2409.07632
cs.CC 2409.07996
cs.CC 2409.08180
cs.CC 2409.08241
cs.IR 2409.03893
cs.IR 2409.04056
cs.IR 2409.04244
cs.IR 2409.04432
cs.IR 2409.03759
cs.IR 2409.03781
cs.IR 2409.03928
cs.IR 2409.04329
cs.IR 2409.04339
cs.IR 2409.04649
cs.IR 2409.04701
cs.IR 2409.05152
cs.IR 2409.05405
cs.IR 2409.05512
cs.IR 2409.05677
cs.IR 2409.05692
cs.IR 2409.05806
cs.IR 2409.04540
cs.IR 2409.04667
cs.IR 2409.04810
cs.IR 2409.04827
cs.IR 2409.05022
cs.IR 2409.05033
cs.IR 2409.05401
cs.IR 2409.05417
cs.IR 2409.05461
cs.IR 2409.05462
cs.IR 2409.05526
cs.IR 2409.05546
cs.IR 2409.05570
cs.IR 2409.05633
cs.IR 2409.05925
cs.IR 2409.06096
cs.IR 2409.05872
cs.IR 2409.05878
cs.IR 2409.05882
cs.IR 2409.06150
cs.IR 2409.06177
cs.IR 2409.06377
cs.IR 2409.06464
cs.IR 2409.06638
cs.IR 2409.06793
cs.IR 2409.07238
cs.IR 2409.06719
cs.IR 2409.06916
cs.IR 2409.07033
cs.IR 2409.07237
cs.IR 2409.07272
cs.IR 2409.07276
cs.IR 2409.07367
cs.IR 2409.07416
cs.IR 2409.07433
cs.IR 2409.07497
cs.IR 2409.07500
cs.IR 2409.07709
cs.IR 2409.07730
cs.IR 2409.07604
cs.IR 2409.07627
cs.IR 2409.07691
cs.IR 2409.07773
cs.IR 2409.07850
cs.IR 2409.07946
cs.IR 2409.08014
cs.IR 2409.08046
cs.NI 2409.03795
cs.NI 2409.03770
cs.NI 2409.04135
cs.NI 2409.04302
cs.NI 2409.04691
cs.NI 2409.04896
cs.NI 2409.05249
cs.NI 2409.05268
cs.NI 2409.05331
cs.NI 2409.04622
cs.NI 2409.04724
cs.NI 2409.04857
cs.NI 2409.05092
cs.NI 2409.05264
cs.NI 2409.05480
cs.NI 2409.05553
cs.NI 2409.05845
cs.NI 2409.06152
cs.NI 2409.06203
cs.NI 2409.06360
cs.NI 2409.05888
cs.NI 2409.05904
cs.NI 2409.05966
cs.NI 2409.06010
cs.NI 2409.06098
cs.NI 2409.06207
cs.NI 2409.06715
cs.NI 2409.07444
cs.NI 2409.07049
cs.NI 2409.07082
cs.NI 2409.07374
cs.NI 2409.08111
cs.NI 2409.08234
cs.NI 2409.08237
cs.NI 2409.07964
cs.NI 2409.07994
cs.NI 2409.08043
cs.NI 2409.08115
cs.CR 2409.03899
cs.CR 2409.03902
cs.CR 2409.04026
cs.CR 2409.04242
cs.CR 2409.04387
cs.CR 2409.03758
cs.CR 2409.03788
cs.CR 2409.03789
cs.CR 2409.03791
cs.CR 2409.03793
cs.CR 2409.03795
cs.CR 2409.03796
cs.CR 2409.03798
cs.CR 2409.04040
cs.CR 2409.04048
cs.CR 2409.04142
cs.CR 2409.04167
cs.CR 2409.04190
cs.CR 2409.04341
cs.CR 2409.04366
cs.CR 2409.04602
cs.CR 2409.04637
cs.CR 2409.04652
cs.CR 2409.04831
cs.CR 2409.04935
cs.CR 2409.04968
cs.CR 2409.05153
cs.CR 2409.04457
cs.CR 2409.04459
cs.CR 2409.04474
cs.CR 2409.04484
cs.CR 2409.04504
cs.CR 2409.04609
cs.CR 2409.04647
cs.CR 2409.04691
cs.CR 2409.04736
cs.CR 2409.04877
cs.CR 2409.04878
cs.CR 2409.04880
cs.CR 2409.04930
cs.CR 2409.04931
cs.CR 2409.04972
cs.CR 2409.05045
cs.CR 2409.05128
cs.CR 2409.05205
cs.CR 2409.05249
cs.CR 2409.05294
cs.CR 2409.05298
cs.CR 2409.05414
cs.CR 2409.05490
cs.CR 2409.05543
cs.CR 2409.05623
cs.CR 2409.05832
cs.CR 2409.06008
cs.CR 2409.06179
cs.CR 2409.06317
cs.CR 2409.06348
cs.CR 2409.06594
cs.CR 2409.06128
cs.CR 2409.06130
cs.CR 2409.06203
cs.CR 2409.06213
cs.CR 2409.06247
cs.CR 2409.06280
cs.CR 2409.06360
cs.CR 2409.06390
cs.CR 2409.06422
cs.CR 2409.06446
cs.CR 2409.06452
cs.CR 2409.06507
cs.CR 2409.06556
cs.CR 2409.06561
cs.CR 2409.06564
cs.CR 2409.06805
cs.CR 2409.07128
cs.CR 2409.07215
cs.CR 2409.07291
cs.CR 2409.07389
cs.CR 2409.06793
cs.CR 2409.06816
cs.CR 2409.07138
cs.CR 2409.07149
cs.CR 2409.07150
cs.CR 2409.07167
cs.CR 2409.07194
cs.CR 2409.07368
cs.CR 2409.07390
cs.CR 2409.07397
cs.CR 2409.07407
cs.CR 2409.07415
cs.CR 2409.07420
cs.CR 2409.07448
cs.CR 2409.07669
cs.CR 2409.07670
cs.CR 2409.07717
cs.CR 2409.07751
cs.CR 2409.07863
cs.CR 2409.07889
cs.CR 2409.08111
cs.CR 2409.08161
cs.CR 2409.08255
cs.CR 2409.07460
cs.CR 2409.07489
cs.CR 2409.07490
cs.CR 2409.07494
cs.CR 2409.07500
cs.CR 2409.07501
cs.CR 2409.07503
cs.CR 2409.07508
cs.CR 2409.07567
cs.CR 2409.07576
cs.CR 2409.07580
cs.CR 2409.07586
cs.CR 2409.07587
cs.CR 2409.07608
cs.CR 2409.07609
cs.CR 2409.07616
cs.CR 2409.07631
cs.CR 2409.07709
cs.CR 2409.07743
cs.CR 2409.07852
cs.CR 2409.07906
cs.CR 2409.07926
cs.CR 2409.08045
cs.CR 2409.08087
cs.CR 2409.08190
cs.CR 2409.08221
cs.CR 2409.08234
cs.CE 2409.04106
cs.CE 2409.04462
cs.CE 2409.04463
cs.CE 2409.04740
cs.CE 2409.04909
cs.CE 2409.05445
cs.CE 2409.05677
cs.CE 2409.05698
cs.CE 2409.05014
cs.CE 2409.05240
cs.CE 2409.05365
cs.CE 2409.05449
cs.CE 2409.05478
cs.CE 2409.05778
cs.CE 2409.05874
cs.CE 2409.05889
cs.CE 2409.06251
cs.CE 2409.06457
cs.CE 2409.06526
cs.CE 2409.06724
cs.CE 2409.06751
cs.CE 2409.07232
cs.CE 2409.07308
cs.CE 2409.06725
cs.CE 2409.06727
cs.CE 2409.07315
cs.CE 2409.07486
cs.CE 2409.07769
cs.CE 2409.08211
cs.CE 2409.07551
cs.CE 2409.07855
cs.CE 2409.07912
cs.CE 2409.08136
cs.IT 2409.03817
cs.IT 2409.04013
cs.IT 2409.04075
cs.IT 2409.03768
cs.IT 2409.03841
cs.IT 2409.03924
cs.IT 2409.04002
cs.IT 2409.04108
cs.IT 2409.04201
cs.IT 2409.04228
cs.IT 2409.04970
cs.IT 2409.05084
cs.IT 2409.05185
cs.IT 2409.05345
cs.IT 2409.05598
cs.IT 2409.04507
cs.IT 2409.04619
cs.IT 2409.04682
cs.IT 2409.04845
cs.IT 2409.04868
cs.IT 2409.05025
cs.IT 2409.05026
cs.IT 2409.05217
cs.IT 2409.05314
cs.IT 2409.05534
cs.IT 2409.05610
cs.IT 2409.05619
cs.IT 2409.05724
cs.IT 2409.05745
cs.IT 2409.05072
cs.IT 2409.06008
cs.IT 2409.06537
cs.IT 2409.05870
cs.IT 2409.06110
cs.IT 2409.06320
cs.IT 2409.06343
cs.IT 2409.06519
cs.IT 2409.06803
cs.IT 2409.06822
cs.IT 2409.06715
cs.IT 2409.06839
cs.IT 2409.06946
cs.IT 2409.06979
cs.IT 2409.07278
cs.IT 2409.07325
cs.IT 2409.07333
cs.IT 2409.07490
cs.IT 2409.07689
cs.IT 2409.07902
cs.IT 2409.07948
cs.IT 2409.08267
cs.IT 2409.07777
cs.IT 2409.07822
cs.IT 2409.08114
cs.PF 2409.03992
cs.PF 2409.04941
cs.PF 2409.05217
cs.PF 2409.05500
cs.PF 2409.06404
cs.PF 2409.06807
cs.PF 2409.06904
cs.PF 2409.07950
cs.PF 2409.08115
cs.PF 2409.08075
cs.PF 2409.08108
cs.NA 2409.03892
cs.NA 2409.03904
cs.NA 2409.04369
cs.NA 2409.03834
cs.NA 2409.03872
cs.NA 2409.03987
cs.NA 2409.04067
cs.NA 2409.04215
cs.NA 2409.04263
cs.NA 2409.04265
cs.NA 2409.04297
cs.NA 2409.04342
cs.NA 2409.04779
cs.NA 2409.04891
cs.NA 2409.04994
cs.NA 2409.05030
cs.NA 2409.05449
cs.NA 2409.05706
cs.NA 2409.05709
cs.NA 2409.04590
cs.NA 2409.04663
cs.NA 2409.04708
cs.NA 2409.04782
cs.NA 2409.04807
cs.NA 2409.04973
cs.NA 2409.04991
cs.NA 2409.05048
cs.NA 2409.05050
cs.NA 2409.05231
cs.NA 2409.05239
cs.NA 2409.05445
cs.NA 2409.05473
cs.NA 2409.05479
cs.NA 2409.05528
cs.NA 2409.05569
cs.NA 2409.05572
cs.NA 2409.05575
cs.NA 2409.05791
cs.NA 2409.05854
cs.NA 2409.06070
cs.NA 2409.06085
cs.NA 2409.06184
cs.NA 2409.06201
cs.NA 2409.06649
cs.NA 2409.05887
cs.NA 2409.06023
cs.NA 2409.06045
cs.NA 2409.06134
cs.NA 2409.06162
cs.NA 2409.06321
cs.NA 2409.06384
cs.NA 2409.06465
cs.NA 2409.06533
cs.NA 2409.06746
cs.NA 2409.06751
cs.NA 2409.06752
cs.NA 2409.07028
cs.NA 2409.07084
cs.NA 2409.07111
cs.NA 2409.06797
cs.NA 2409.06854
cs.NA 2409.06988
cs.NA 2409.07007
cs.NA 2409.07037
cs.NA 2409.07118
cs.NA 2409.07182
cs.NA 2409.07217
cs.NA 2409.07371
cs.NA 2409.07490
cs.NA 2409.07605
cs.NA 2409.07968
cs.NA 2409.08023
cs.NA 2409.08262
cs.NA 2409.07671
cs.NA 2409.07810
cs.NA 2409.08063
cs.SE 2409.03779
cs.SE 2409.03918
cs.SE 2409.04048
cs.SE 2409.04164
cs.SE 2409.03792
cs.SE 2409.03810
cs.SE 2409.03838
cs.SE 2409.03957
cs.SE 2409.04474
cs.SE 2409.04511
cs.SE 2409.04647
cs.SE 2409.05014
cs.SE 2409.05128
cs.SE 2409.04588
cs.SE 2409.04597
cs.SE 2409.04651
cs.SE 2409.04662
cs.SE 2409.04824
cs.SE 2409.04830
cs.SE 2409.04831
cs.SE 2409.04834
cs.SE 2409.04937
cs.SE 2409.05001
cs.SE 2409.05019
cs.SE 2409.05028
cs.SE 2409.05055
cs.SE 2409.05101
cs.SE 2409.05177
cs.SE 2409.05576
cs.SE 2409.05658
cs.SE 2409.05808
cs.SE 2409.05824
cs.SE 2409.06446
cs.SE 2409.05919
cs.SE 2409.05923
cs.SE 2409.06176
cs.SE 2409.06264
cs.SE 2409.06268
cs.SE 2409.06416
cs.SE 2409.06568
cs.SE 2409.06607
cs.SE 2409.07162
cs.SE 2409.07228
cs.SE 2409.07272
cs.SE 2409.07440
cs.SE 2409.06741
cs.SE 2409.07192
cs.SE 2409.07313
cs.SE 2409.07360
cs.SE 2409.07362
cs.SE 2409.07741
cs.SE 2409.07906
cs.SE 2409.07926
cs.SE 2409.08115
cs.SE 2409.07629
cs.SE 2409.07669
cs.SE 2409.07670
cs.SE 2409.07774
cs.SE 2409.07829
cs.SE 2409.07945
cs.SE 2409.08006
cs.SE 2409.08081
cs.SE 2409.08267
cs.LO 2409.02289
cs.LO 2409.02595
cs.LO 2409.02603
cs.LO 2409.04887
cs.LO 2409.05763
cs.LO 2409.05498
cs.LO 2409.05794
cs.LO 2409.06054
cs.LO 2409.06634
cs.LO 2409.06966
cs.LO 2409.07119
cs.LO 2409.08119
cs.LO 2409.07741
cs.LO 2409.07996
cs.OS 2409.01241
cs.OS 2409.01580
cs.OS 2409.02381
cs.OS 2409.03488
cs.OS 2409.04484
cs.OS 2409.07508
cs.OS 2409.08141
cs.PL 2409.03864
cs.PL 2409.03918
cs.PL 2409.04055
cs.PL 2409.04597
cs.PL 2409.04643
cs.PL 2409.05351
cs.PL 2409.06505
cs.PL 2409.07360
cs.PL 2409.07950
cs.SD 2409.04014
cs.SD 2409.03844
cs.SD 2409.04007
cs.SD 2409.04016
cs.SD 2409.04803
cs.SD 2409.04843
cs.SD 2409.05015
cs.SD 2409.05032
cs.SD 2409.05034
cs.SD 2409.05080
cs.SD 2409.05116
cs.SD 2409.05212
cs.SD 2409.05356
cs.SD 2409.05377
cs.SD 2409.05430
cs.SD 2409.05521
cs.SD 2409.04447
cs.SD 2409.04702
cs.SD 2409.04799
cs.SD 2409.04859
cs.SD 2409.04949
cs.SD 2409.04953
cs.SD 2409.05004
cs.SD 2409.05007
cs.SD 2409.05035
cs.SD 2409.05095
cs.SD 2409.05148
cs.SD 2409.05319
cs.SD 2409.05659
cs.SD 2409.05674
cs.SD 2409.05784
cs.SD 2409.05799
cs.SD 2409.06062
cs.SD 2409.06126
cs.SD 2409.06137
cs.SD 2409.06190
cs.SD 2409.06222
cs.SD 2409.06274
cs.SD 2409.06327
cs.SD 2409.06330
cs.SD 2409.06372
cs.SD 2409.06392
cs.SD 2409.06429
cs.SD 2409.06468
cs.SD 2409.06580
cs.SD 2409.06656
cs.SD 2409.06666
cs.SD 2409.05924
cs.SD 2409.06024
cs.SD 2409.06029
cs.SD 2409.06033
cs.SD 2409.06096
cs.SD 2409.06135
cs.SD 2409.06136
cs.SD 2409.06196
cs.SD 2409.06223
cs.SD 2409.06237
cs.SD 2409.06245
cs.SD 2409.06307
cs.SD 2409.06348
cs.SD 2409.06395
cs.SD 2409.06451
cs.SD 2409.06456
cs.SD 2409.06513
cs.SD 2409.06635
cs.SD 2409.06690
cs.SD 2409.06709
cs.SD 2409.07210
cs.SD 2409.07390
cs.SD 2409.07450
cs.SD 2409.07001
cs.SD 2409.07016
cs.SD 2409.07104
cs.SD 2409.07165
cs.SD 2409.07224
cs.SD 2409.07226
cs.SD 2409.07259
cs.SD 2409.07265
cs.SD 2409.07437
cs.SD 2409.07556
cs.SD 2409.07730
cs.SD 2409.07858
cs.SD 2409.07891
cs.SD 2409.07918
cs.SD 2409.08103
cs.SD 2409.08148
cs.SD 2409.08188
cs.SD 2409.08199
cs.SD 2409.07467
cs.SD 2409.07614
cs.SD 2409.07827
cs.SD 2409.07841
cs.SD 2409.08039
stat.AP 2409.03938
stat.AP 2409.04174
stat.AP 2409.04387
stat.AP 2409.03940
stat.AP 2409.04257
stat.AP 2409.04684
stat.AP 2409.04873
stat.AP 2409.04970
stat.AP 2409.04981
stat.AP 2409.05160
stat.AP 2409.05271
stat.AP 2409.04642
stat.AP 2409.04673
stat.AP 2409.04716
stat.AP 2409.04889
stat.AP 2409.05036
stat.AP 2409.05052
stat.AP 2409.05343
stat.AP 2409.05429
stat.AP 2409.05468
stat.AP 2409.05714
stat.AP 2409.05874
stat.AP 2409.05934
stat.AP 2409.06040
stat.AP 2409.06273
stat.AP 2409.06413
stat.AP 2409.06490
stat.AP 2409.06563
stat.AP 2409.06593
stat.AP 2409.06046
stat.AP 2409.06229
stat.AP 2409.06238
stat.AP 2409.06399
stat.AP 2409.06406
stat.AP 2409.06473
stat.AP 2409.06562
stat.AP 2409.06846
stat.AP 2409.06960
stat.AP 2409.07087
stat.AP 2409.07233
stat.AP 2409.06731
stat.AP 2409.06739
stat.AP 2409.07389
stat.AP 2409.07559
stat.AP 2409.07609
stat.AP 2409.07637
stat.AP 2409.08177
stat.AP 2409.07667
stat.AP 2409.08059
stat.AP 2409.08172
cs.SC 2408.14487
cs.SC 2408.15611
cs.SC 2408.15917
cs.SC 2408.17334
cs.SC 2409.01416
cs.SC 2409.03803
stat.CO 2409.03876
stat.CO 2409.04387
stat.CO 2409.04729
stat.CO 2409.05160
stat.CO 2409.05282
stat.CO 2409.05500
stat.CO 2409.06439
stat.CO 2409.06994
stat.CO 2409.07101
stat.CO 2409.07111
stat.CO 2409.07968
stat.CO 2409.08201
stat.CO 2409.07874
cs.RO 2409.03780
cs.RO 2409.03990
cs.RO 2409.03996
cs.RO 2409.04086
cs.RO 2409.03881
cs.RO 2409.03899
cs.RO 2409.03920
cs.RO 2409.03930
cs.RO 2409.03966
cs.RO 2409.03998
cs.RO 2409.04006
cs.RO 2409.04230
cs.RO 2409.04306
cs.RO 2409.04579
cs.RO 2409.04601
cs.RO 2409.05203
cs.RO 2409.05413
cs.RO 2409.05545
cs.RO 2409.05564
cs.RO 2409.05655
cs.RO 2409.05773
cs.RO 2409.05786
cs.RO 2409.05863
cs.RO 2409.04558
cs.RO 2409.04576
cs.RO 2409.04633
cs.RO 2409.04639
cs.RO 2409.04653
cs.RO 2409.04730
cs.RO 2409.04738
cs.RO 2409.04764
cs.RO 2409.04775
cs.RO 2409.04785
cs.RO 2409.04837
cs.RO 2409.04882
cs.RO 2409.04916
cs.RO 2409.04961
cs.RO 2409.04965
cs.RO 2409.05006
cs.RO 2409.05010
cs.RO 2409.05016
cs.RO 2409.05029
cs.RO 2409.05049
cs.RO 2409.05054
cs.RO 2409.05153
cs.RO 2409.05196
cs.RO 2409.05251
cs.RO 2409.05268
cs.RO 2409.05278
cs.RO 2409.05289
cs.RO 2409.05295
cs.RO 2409.05310
cs.RO 2409.05344
cs.RO 2409.05392
cs.RO 2409.05421
cs.RO 2409.05493
cs.RO 2409.05586
cs.RO 2409.05593
cs.RO 2409.05712
cs.RO 2409.05740
cs.RO 2409.05742
cs.RO 2409.05751
cs.RO 2409.05811
cs.RO 2409.05864
cs.RO 2409.05865
cs.RO 2409.05898
cs.RO 2409.06171
cs.RO 2409.06240
cs.RO 2409.06395
cs.RO 2409.06558
cs.RO 2409.06625
cs.RO 2409.06696
cs.RO 2409.05871
cs.RO 2409.05995
cs.RO 2409.06078
cs.RO 2409.06111
cs.RO 2409.06125
cs.RO 2409.06262
cs.RO 2409.06274
cs.RO 2409.06361
cs.RO 2409.06366
cs.RO 2409.06369
cs.RO 2409.06373
cs.RO 2409.06419
cs.RO 2409.06427
cs.RO 2409.06429
cs.RO 2409.06450
cs.RO 2409.06501
cs.RO 2409.06503
cs.RO 2409.06521
cs.RO 2409.06531
cs.RO 2409.06557
cs.RO 2409.06608
cs.RO 2409.06613
cs.RO 2409.06615
cs.RO 2409.06693
cs.RO 2409.06764
cs.RO 2409.07003
cs.RO 2409.07011
cs.RO 2409.07245
cs.RO 2409.07341
cs.RO 2409.07365
cs.RO 2409.06807
cs.RO 2409.06817
cs.RO 2409.06864
cs.RO 2409.06912
cs.RO 2409.06948
cs.RO 2409.06952
cs.RO 2409.06959
cs.RO 2409.06961
cs.RO 2409.06990
cs.RO 2409.07013
cs.RO 2409.07050
cs.RO 2409.07080
cs.RO 2409.07091
cs.RO 2409.07107
cs.RO 2409.07116
cs.RO 2409.07145
cs.RO 2409.07155
cs.RO 2409.07158
cs.RO 2409.07160
cs.RO 2409.07163
cs.RO 2409.07195
cs.RO 2409.07218
cs.RO 2409.07228
cs.RO 2409.07288
cs.RO 2409.07293
cs.RO 2409.07343
cs.RO 2409.07409
cs.RO 2409.07449
cs.RO 2409.07558
cs.RO 2409.07563
cs.RO 2409.07571
cs.RO 2409.07645
cs.RO 2409.07700
cs.RO 2409.07715
cs.RO 2409.07830
cs.RO 2409.07843
cs.RO 2409.08031
cs.RO 2409.08062
cs.RO 2409.08222
cs.RO 2409.08253
cs.RO 2409.07560
cs.RO 2409.07591
cs.RO 2409.07623
cs.RO 2409.07662
cs.RO 2409.07690
cs.RO 2409.07753
cs.RO 2409.07846
cs.RO 2409.07914
cs.RO 2409.07924
cs.RO 2409.08033
cs.RO 2409.08078
cs.RO 2409.08166
cs.RO 2409.08195
cs.RO 2409.08212
cs.RO 2409.08219
cs.RO 2409.08233
cs.RO 2409.08249
cs.RO 2409.08269
cs.RO 2409.08273
cs.RO 2409.08276
cs.SY 2409.03871
cs.SY 2409.03774
cs.SY 2409.03855
cs.SY 2409.03883
cs.SY 2409.03906
cs.SY 2409.03907
cs.SY 2409.03936
cs.SY 2409.03968
cs.SY 2409.04069
cs.SY 2409.04120
cs.SY 2409.04128
cs.SY 2409.04157
cs.SY 2409.04242
cs.SY 2409.04399
cs.SY 2409.04468
cs.SY 2409.04601
cs.SY 2409.04605
cs.SY 2409.04613
cs.SY 2409.04669
cs.SY 2409.04765
cs.SY 2409.05025
cs.SY 2409.05029
cs.SY 2409.05086
cs.SY 2409.05155
cs.SY 2409.05289
cs.SY 2409.05291
cs.SY 2409.05295
cs.SY 2409.05522
cs.SY 2409.05553
cs.SY 2409.04446
cs.SY 2409.04462
cs.SY 2409.04463
cs.SY 2409.04467
cs.SY 2409.04721
cs.SY 2409.04726
cs.SY 2409.04728
cs.SY 2409.04767
cs.SY 2409.04842
cs.SY 2409.04884
cs.SY 2409.04936
cs.SY 2409.05020
cs.SY 2409.05044
cs.SY 2409.05063
cs.SY 2409.05106
cs.SY 2409.05113
cs.SY 2409.05132
cs.SY 2409.05189
cs.SY 2409.05293
cs.SY 2409.05418
cs.SY 2409.05527
cs.SY 2409.05545
cs.SY 2409.05565
cs.SY 2409.05685
cs.SY 2409.05702
cs.SY 2409.05727
cs.SY 2409.05792
cs.SY 2101.08160
cs.SY 2409.05904
cs.SY 2409.05908
cs.SY 2409.06010
cs.SY 2409.06078
cs.SY 2409.06111
cs.SY 2409.06140
cs.SY 2409.06194
cs.SY 2409.06361
cs.SY 2409.06437
cs.SY 2409.06477
cs.SY 2409.06604
cs.SY 2409.06607
cs.SY 2409.06610
cs.SY 2409.06017
cs.SY 2409.06101
cs.SY 2409.06106
cs.SY 2409.06114
cs.SY 2409.06118
cs.SY 2409.06353
cs.SY 2409.06523
cs.SY 2409.06588
cs.SY 2409.06696
cs.SY 2409.06948
cs.SY 2409.06961
cs.SY 2409.07021
cs.SY 2409.07168
cs.SY 2409.06808
cs.SY 2409.06828
cs.SY 2409.06834
cs.SY 2409.06884
cs.SY 2409.07110
cs.SY 2409.07242
cs.SY 2409.07254
cs.SY 2409.07563
cs.SY 2409.07640
cs.SY 2409.07642
cs.SY 2409.07662
cs.SY 2409.07697
cs.SY 2409.08249
cs.SY 2409.07598
cs.SY 2409.07666
cs.SY 2409.07700
cs.SY 2409.07766
cs.SY 2409.07785
cs.SY 2409.07933
cs.SY 2409.08004
cs.SY 2409.08084
cs.SY 2409.08093
cs.SY 2409.08097
cs.SY 2409.08116
cs.SY 2409.08132
cs.SY 2409.08157
cs.SY 2409.08191
cs.SY 2409.08228
stat.ML 2409.03845
stat.ML 2409.03891
stat.ML 2409.03953
stat.ML 2409.03962
stat.ML 2409.03986
stat.ML 2409.04159
stat.ML 2409.04241
stat.ML 2409.04320
stat.ML 2409.04332
stat.ML 2409.04352
stat.ML 2409.04367
stat.ML 2409.04434
stat.ML 2409.03801
stat.ML 2409.03892
stat.ML 2409.03980
stat.ML 2409.04140
stat.ML 2409.04365
stat.ML 2409.04479
stat.ML 2409.04538
stat.ML 2409.04605
stat.ML 2409.04636
stat.ML 2409.04874
stat.ML 2409.04897
stat.ML 2409.04913
stat.ML 2409.04919
stat.ML 2409.04982
stat.ML 2409.04998
stat.ML 2409.05023
stat.ML 2409.05072
stat.ML 2409.05160
stat.ML 2409.05188
stat.ML 2409.05192
stat.ML 2409.05206
stat.ML 2409.05282
stat.ML 2409.05284
stat.ML 2409.05733
stat.ML 2409.05780
stat.ML 2409.05782
stat.ML 2409.05798
stat.ML 2409.05816
stat.ML 2409.04500
stat.ML 2409.05181
stat.ML 2409.05234
stat.ML 2409.05345
stat.ML 2409.05354
stat.ML 2409.05577
stat.ML 2409.05598
stat.ML 2409.05635
stat.ML 2409.05665
stat.ML 2409.05746
stat.ML 2202.02464
stat.ML 2409.06053
stat.ML 2409.06091
stat.ML 2409.06157
stat.ML 2409.06238
stat.ML 2409.06302
stat.ML 2409.06399
stat.ML 2409.06437
stat.ML 2409.06439
stat.ML 2409.06514
stat.ML 2409.06530
stat.ML 2409.06554
stat.ML 2409.06580
stat.ML 2409.06654
stat.ML 2409.05980
stat.ML 2409.06142
stat.ML 2409.06271
stat.ML 2409.06329
stat.ML 2409.06555
stat.ML 2409.06560
stat.ML 2409.06593
stat.ML 2409.06751
stat.ML 2409.06840
stat.ML 2409.06879
stat.ML 2409.06886
stat.ML 2409.07131
stat.ML 2409.07275
stat.ML 2409.07291
stat.ML 2409.07323
stat.ML 2409.07392
stat.ML 2409.07401
stat.ML 2409.07412
stat.ML 2409.07431
stat.ML 2409.06890
stat.ML 2409.06938
stat.ML 2409.06960
stat.ML 2409.07014
stat.ML 2409.07032
stat.ML 2409.07215
stat.ML 2409.07251
stat.ML 2409.07359
stat.ML 2409.07434
stat.ML 2409.07568
stat.ML 2409.07594
stat.ML 2409.08112
stat.ML 2409.08201
stat.ML 2409.07637
stat.ML 2409.07652
stat.ML 2409.07679
stat.ML 2409.07697
stat.ML 2409.07708
stat.ML 2409.07879
stat.ML 2409.07968
cs.LG 2409.03762
cs.LG 2409.03767
cs.LG 2409.03769
cs.LG 2409.03772
cs.LG 2409.03773
cs.LG 2409.03776
cs.LG 2409.03777
cs.LG 2409.03788
cs.LG 2409.03794
cs.LG 2409.03796
cs.LG 2409.03801
cs.LG 2409.03810
cs.LG 2409.03874
cs.LG 2409.03887
cs.LG 2409.03892
cs.LG 2409.03916
cs.LG 2409.03924
cs.LG 2409.03948
cs.LG 2409.03956
cs.LG 2409.03962
cs.LG 2409.03977
cs.LG 2409.03980
cs.LG 2409.04022
cs.LG 2409.04060
cs.LG 2409.04067
cs.LG 2409.04069
cs.LG 2409.04072
cs.LG 2409.04081
cs.LG 2409.04109
cs.LG 2409.04140
cs.LG 2409.04143
cs.LG 2409.04164
cs.LG 2409.04175
cs.LG 2409.04194
cs.LG 2409.04224
cs.LG 2409.04242
cs.LG 2409.04249
cs.LG 2409.04320
cs.LG 2409.04365
cs.LG 2409.04406
cs.LG 2409.04421
cs.LG 2409.04429
cs.LG 2409.03760
cs.LG 2409.03807
cs.LG 2409.03817
cs.LG 2409.03845
cs.LG 2409.03863
cs.LG 2409.03891
cs.LG 2409.03893
cs.LG 2409.03897
cs.LG 2409.03902
cs.LG 2409.03915
cs.LG 2409.03953
cs.LG 2409.03986
cs.LG 2409.03996
cs.LG 2409.04001
cs.LG 2409.04101
cs.LG 2409.04103
cs.LG 2409.04104
cs.LG 2409.04111
cs.LG 2409.04159
cs.LG 2409.04174
cs.LG 2409.04180
cs.LG 2409.04185
cs.LG 2409.04188
cs.LG 2409.04206
cs.LG 2409.04241
cs.LG 2409.04244
cs.LG 2409.04275
cs.LG 2409.04290
cs.LG 2409.04301
cs.LG 2409.04313
cs.LG 2409.04328
cs.LG 2409.04332
cs.LG 2409.04335
cs.LG 2409.04340
cs.LG 2409.04352
cs.LG 2409.04367
cs.LG 2409.04373
cs.LG 2409.04374
cs.LG 2409.04407
cs.LG 2409.04411
cs.LG 2409.04428
cs.LG 2409.04431
cs.LG 2409.04434
cs.LG 2409.01382
cs.LG 2409.04456
cs.LG 2409.04459
cs.LG 2409.04463
cs.LG 2409.04464
cs.LG 2409.04467
cs.LG 2409.04481
cs.LG 2409.04491
cs.LG 2409.04500
cs.LG 2409.04512
cs.LG 2409.04519
cs.LG 2409.04556
cs.LG 2409.04557
cs.LG 2409.04597
cs.LG 2409.04602
cs.LG 2409.04609
cs.LG 2409.04637
cs.LG 2409.04667
cs.LG 2409.04708
cs.LG 2409.04718
cs.LG 2409.04723
cs.LG 2409.04728
cs.LG 2409.04737
cs.LG 2409.04747
cs.LG 2409.04759
cs.LG 2409.04766
cs.LG 2409.04778
cs.LG 2409.04787
cs.LG 2409.04795
cs.LG 2409.04820
cs.LG 2409.04831
cs.LG 2409.04838
cs.LG 2409.04882
cs.LG 2409.04897
cs.LG 2409.04909
cs.LG 2409.04915
cs.LG 2409.04922
cs.LG 2409.04923
cs.LG 2409.04935
cs.LG 2409.04940
cs.LG 2409.04949
cs.LG 2409.04962
cs.LG 2409.04972
cs.LG 2409.04975
cs.LG 2409.04994
cs.LG 2409.05022
cs.LG 2409.05023
cs.LG 2409.05032
cs.LG 2409.05047
cs.LG 2409.05095
cs.LG 2409.05096
cs.LG 2409.05139
cs.LG 2409.05144
cs.LG 2409.05152
cs.LG 2409.05162
cs.LG 2409.05169
cs.LG 2409.05171
cs.LG 2409.05181
cs.LG 2409.05188
cs.LG 2409.05191
cs.LG 2409.05192
cs.LG 2409.05200
cs.LG 2409.05234
cs.LG 2409.05255
cs.LG 2409.05294
cs.LG 2409.05314
cs.LG 2409.05327
cs.LG 2409.05345
cs.LG 2409.05354
cs.LG 2409.05356
cs.LG 2409.05389
cs.LG 2409.05395
cs.LG 2409.05399
cs.LG 2409.05475
cs.LG 2409.05482
cs.LG 2409.05556
cs.LG 2409.05577
cs.LG 2409.05595
cs.LG 2409.05598
cs.LG 2409.05635
cs.LG 2409.05662
cs.LG 2409.05665
cs.LG 2409.05692
cs.LG 2409.05697
cs.LG 2409.05709
cs.LG 2409.05746
cs.LG 2409.05770
cs.LG 2409.05778
cs.LG 2409.05786
cs.LG 2409.05806
cs.LG 2409.05816
cs.LG 2409.05846
cs.LG 2409.05864
cs.LG 2409.05865
cs.LG 2409.04473
cs.LG 2409.04478
cs.LG 2409.04495
cs.LG 2409.04538
cs.LG 2409.04542
cs.LG 2409.04585
cs.LG 2409.04605
cs.LG 2409.04636
cs.LG 2409.04641
cs.LG 2409.04652
cs.LG 2409.04665
cs.LG 2409.04698
cs.LG 2409.04704
cs.LG 2409.04707
cs.LG 2409.04720
cs.LG 2409.04733
cs.LG 2409.04740
cs.LG 2409.04743
cs.LG 2409.04744
cs.LG 2409.04757
cs.LG 2409.04777
cs.LG 2409.04779
cs.LG 2409.04789
cs.LG 2409.04792
cs.LG 2409.04794
cs.LG 2409.04813
cs.LG 2409.04829
cs.LG 2409.04832
cs.LG 2409.04840
cs.LG 2409.04849
cs.LG 2409.04860
cs.LG 2409.04898
cs.LG 2409.04901
cs.LG 2409.04913
cs.LG 2409.04919
cs.LG 2409.04942
cs.LG 2409.04971
cs.LG 2409.04977
cs.LG 2409.04986
cs.LG 2409.05030
cs.LG 2409.05070
cs.LG 2409.05072
cs.LG 2409.05080
cs.LG 2409.05084
cs.LG 2409.05100
cs.LG 2409.05135
cs.LG 2409.05202
cs.LG 2409.05206
cs.LG 2409.05207
cs.LG 2409.05208
cs.LG 2409.05211
cs.LG 2409.05215
cs.LG 2409.05227
cs.LG 2409.05258
cs.LG 2409.05265
cs.LG 2409.05284
cs.LG 2409.05291
cs.LG 2409.05292
cs.LG 2409.05303
cs.LG 2409.05305
cs.LG 2409.05325
cs.LG 2409.05335
cs.LG 2409.05339
cs.LG 2409.05346
cs.LG 2409.05347
cs.LG 2409.05349
cs.LG 2409.05357
cs.LG 2409.05358
cs.LG 2409.05402
cs.LG 2409.05433
cs.LG 2409.05459
cs.LG 2409.05477
cs.LG 2409.05484
cs.LG 2409.05495
cs.LG 2409.05500
cs.LG 2409.05508
cs.LG 2409.05513
cs.LG 2409.05539
cs.LG 2409.05573
cs.LG 2409.05602
cs.LG 2409.05620
cs.LG 2409.05622
cs.LG 2409.05655
cs.LG 2409.05657
cs.LG 2409.05668
cs.LG 2409.05672
cs.LG 2409.05698
cs.LG 2409.05701
cs.LG 2409.05755
cs.LG 2409.05780
cs.LG 2409.05782
cs.LG 2409.05790
cs.LG 2409.05798
cs.LG 2409.05800
cs.LG 2409.05804
cs.LG 2409.05866
cs.LG 2409.01744
cs.LG 2409.05871
cs.LG 2409.05872
cs.LG 2409.05873
cs.LG 2409.05878
cs.LG 2409.05884
cs.LG 2409.05891
cs.LG 2409.05901
cs.LG 2409.05910
cs.LG 2409.05916
cs.LG 2409.05937
cs.LG 2409.05938
cs.LG 2409.05972
cs.LG 2409.05980
cs.LG 2409.05989
cs.LG 2409.06072
cs.LG 2409.06080
cs.LG 2409.06129
cs.LG 2409.06142
cs.LG 2409.06157
cs.LG 2409.06171
cs.LG 2409.06185
cs.LG 2409.06187
cs.LG 2409.06190
cs.LG 2409.06196
cs.LG 2409.06224
cs.LG 2409.06226
cs.LG 2409.06235
cs.LG 2409.06255
cs.LG 2409.06271
cs.LG 2409.06289
cs.LG 2409.06297
cs.LG 2409.06329
cs.LG 2409.06343
cs.LG 2409.06366
cs.LG 2409.06407
cs.LG 2409.06416
cs.LG 2409.06427
cs.LG 2409.06428
cs.LG 2409.06433
cs.LG 2409.06446
cs.LG 2409.06452
cs.LG 2409.06477
cs.LG 2409.06498
cs.LG 2409.06509
cs.LG 2409.06514
cs.LG 2409.06530
cs.LG 2409.06554
cs.LG 2409.06555
cs.LG 2409.06560
cs.LG 2409.06593
cs.LG 2409.06601
cs.LG 2409.06605
cs.LG 2409.06609
cs.LG 2409.06613
cs.LG 2409.06615
cs.LG 2409.06618
cs.LG 2409.06624
cs.LG 2409.06649
cs.LG 2409.06656
cs.LG 2409.06672
cs.LG 2409.06673
cs.LG 2409.05885
cs.LG 2409.05898
cs.LG 2409.05900
cs.LG 2409.05902
cs.LG 2409.05905
cs.LG 2409.05907
cs.LG 2409.05908
cs.LG 2409.05918
cs.LG 2409.05921
cs.LG 2409.05926
cs.LG 2409.05928
cs.LG 2409.05929
cs.LG 2409.05933
cs.LG 2409.05934
cs.LG 2409.05975
cs.LG 2409.05976
cs.LG 2409.05990
cs.LG 2409.05996
cs.LG 2409.06053
cs.LG 2409.06069
cs.LG 2409.06077
cs.LG 2409.06084
cs.LG 2409.06085
cs.LG 2409.06091
cs.LG 2409.06123
cs.LG 2409.06146
cs.LG 2409.06163
cs.LG 2409.06169
cs.LG 2409.06209
cs.LG 2409.06211
cs.LG 2409.06219
cs.LG 2409.06241
cs.LG 2409.06270
cs.LG 2409.06277
cs.LG 2409.06282
cs.LG 2409.06316
cs.LG 2409.06319
cs.LG 2409.06323
cs.LG 2409.06349
cs.LG 2409.06356
cs.LG 2409.06362
cs.LG 2409.06364
cs.LG 2409.06402
cs.LG 2409.06411
cs.LG 2409.06437
cs.LG 2409.06439
cs.LG 2409.06466
cs.LG 2409.06522
cs.LG 2409.06525
cs.LG 2409.06542
cs.LG 2409.06559
cs.LG 2409.06585
cs.LG 2409.06612
cs.LG 2409.06669
cs.LG 2409.06691
cs.LG 2409.06692
cs.LG 2409.06694
cs.LG 2409.06101
cs.LG 2409.06706
cs.LG 2409.06707
cs.LG 2409.06715
cs.LG 2409.06716
cs.LG 2409.06719
cs.LG 2409.06722
cs.LG 2409.06724
cs.LG 2409.06725
cs.LG 2409.06726
cs.LG 2409.06728
cs.LG 2409.06730
cs.LG 2409.06732
cs.LG 2409.06735
cs.LG 2409.06744
cs.LG 2409.06750
cs.LG 2409.06752
cs.LG 2409.06791
cs.LG 2409.06793
cs.LG 2409.06817
cs.LG 2409.06879
cs.LG 2409.06883
cs.LG 2409.06889
cs.LG 2409.06890
cs.LG 2409.06898
cs.LG 2409.06938
cs.LG 2409.06960
cs.LG 2409.07002
cs.LG 2409.07014
cs.LG 2409.07032
cs.LG 2409.07085
cs.LG 2409.07094
cs.LG 2409.07115
cs.LG 2409.07123
cs.LG 2409.07131
cs.LG 2409.07175
cs.LG 2409.07188
cs.LG 2409.07215
cs.LG 2409.07251
cs.LG 2409.07257
cs.LG 2409.07272
cs.LG 2409.07284
cs.LG 2409.07286
cs.LG 2409.07304
cs.LG 2409.07325
cs.LG 2409.07326
cs.LG 2409.07327
cs.LG 2409.07331
cs.LG 2409.07340
cs.LG 2409.07347
cs.LG 2409.07359
cs.LG 2409.07390
cs.LG 2409.07397
cs.LG 2409.07415
cs.LG 2409.07416
cs.LG 2409.07424
cs.LG 2409.07434
cs.LG 2409.07448
cs.LG 2409.06718
cs.LG 2409.06740
cs.LG 2409.06745
cs.LG 2409.06746
cs.LG 2409.06748
cs.LG 2409.06751
cs.LG 2409.06754
cs.LG 2409.06756
cs.LG 2409.06800
cs.LG 2409.06805
cs.LG 2409.06830
cs.LG 2409.06831
cs.LG 2409.06846
cs.LG 2409.06863
cs.LG 2409.06868
cs.LG 2409.06903
cs.LG 2409.06904
cs.LG 2409.06927
cs.LG 2409.06953
cs.LG 2409.06955
cs.LG 2409.06957
cs.LG 2409.06985
cs.LG 2409.06997
cs.LG 2409.06998
cs.LG 2409.07025
cs.LG 2409.07028
cs.LG 2409.07089
cs.LG 2409.07109
cs.LG 2409.07114
cs.LG 2409.07132
cs.LG 2409.07135
cs.LG 2409.07137
cs.LG 2409.07154
cs.LG 2409.07189
cs.LG 2409.07190
cs.LG 2409.07202
cs.LG 2409.07204
cs.LG 2409.07223
cs.LG 2409.07253
cs.LG 2409.07268
cs.LG 2409.07275
cs.LG 2409.07291
cs.LG 2409.07292
cs.LG 2409.07308
cs.LG 2409.07310
cs.LG 2409.07322
cs.LG 2409.07323
cs.LG 2409.07341
cs.LG 2409.07351
cs.LG 2409.07379
cs.LG 2409.07387
cs.LG 2409.07392
cs.LG 2409.07401
cs.LG 2409.07402
cs.LG 2409.07412
cs.LG 2409.07431
cs.LG 2409.07446
cs.LG 2012.01349
cs.LG 2407.04815
cs.LG 2409.07460
cs.LG 2409.07462
cs.LG 2409.07463
cs.LG 2409.07480
cs.LG 2409.07484
cs.LG 2409.07485
cs.LG 2409.07486
cs.LG 2409.07488
cs.LG 2409.07493
cs.LG 2409.07494
cs.LG 2409.07495
cs.LG 2409.07497
cs.LG 2409.07507
cs.LG 2409.07510
cs.LG 2409.07523
cs.LG 2409.07558
cs.LG 2409.07577
cs.LG 2409.07609
cs.LG 2409.07610
cs.LG 2409.07613
cs.LG 2409.07618
cs.LG 2409.07626
cs.LG 2409.07627
cs.LG 2409.07632
cs.LG 2409.07637
cs.LG 2409.07638
cs.LG 2409.07645
cs.LG 2409.07652
cs.LG 2409.07671
cs.LG 2409.07679
cs.LG 2409.07691
cs.LG 2409.07697
cs.LG 2409.07708
cs.LG 2409.07712
cs.LG 2409.07730
cs.LG 2409.07734
cs.LG 2409.07762
cs.LG 2409.07769
cs.LG 2409.07774
cs.LG 2409.07776
cs.LG 2409.07796
cs.LG 2409.07809
cs.LG 2409.07819
cs.LG 2409.07822
cs.LG 2409.07825
cs.LG 2409.07832
cs.LG 2409.07841
cs.LG 2409.07850
cs.LG 2409.07858
cs.LG 2409.07879
cs.LG 2409.07902
cs.LG 2409.07940
cs.LG 2409.07960
cs.LG 2409.07964
cs.LG 2409.07968
cs.LG 2409.07984
cs.LG 2409.07985
cs.LG 2409.08027
cs.LG 2409.08054
cs.LG 2409.08097
cs.LG 2409.08107
cs.LG 2409.08160
cs.LG 2409.08177
cs.LG 2409.08185
cs.LG 2409.08202
cs.LG 2409.08212
cs.LG 2409.08231
cs.LG 2409.08234
cs.LG 2409.08245
cs.LG 2409.08271
cs.LG 2409.08272
cs.LG 2409.07505
cs.LG 2409.07569
cs.LG 2409.07585
cs.LG 2409.07590
cs.LG 2409.07594
cs.LG 2409.07606
cs.LG 2409.07619
cs.LG 2409.07642
cs.LG 2409.07653
cs.LG 2409.07706
cs.LG 2409.07725
cs.LG 2409.07732
cs.LG 2409.07751
cs.LG 2409.07763
cs.LG 2409.07772
cs.LG 2409.07786
cs.LG 2409.07794
cs.LG 2409.07808
cs.LG 2409.07830
cs.LG 2409.07839
cs.LG 2409.07853
cs.LG 2409.07880
cs.LG 2409.07884
cs.LG 2409.07889
cs.LG 2409.07911
cs.LG 2409.07925
cs.LG 2409.07932
cs.LG 2409.07934
cs.LG 2409.07942
cs.LG 2409.07953
cs.LG 2409.07958
cs.LG 2409.07997
cs.LG 2409.08010
cs.LG 2409.08012
cs.LG 2409.08020
cs.LG 2409.08023
cs.LG 2409.08036
cs.LG 2409.08058
cs.LG 2409.08062
cs.LG 2409.08066
cs.LG 2409.08105
cs.LG 2409.08111
cs.LG 2409.08163
cs.LG 2409.08201
cs.LG 2409.08211
cs.LG 2409.08217
cs.LG 2409.08237
cs.LG 2409.08255
cs.LG 2409.08262
cs.SI 2409.03916
cs.SI 2409.03948
cs.SI 2409.03989
cs.SI 2409.04085
cs.SI 2409.04860
cs.SI 2409.04936
cs.SI 2409.05292
cs.SI 2409.04649
cs.SI 2409.05471
cs.SI 2409.05503
cs.SI 2409.05692
cs.SI 2409.06091
cs.SI 2409.06255
cs.SI 2409.06417
cs.SI 2409.06998
cs.SI 2409.06994
cs.SI 2409.07057
cs.SI 2409.07102
cs.SI 2409.07498
cs.SI 2409.07733
cs.SI 2409.07932
cs.SI 2409.07956
cs.SI 2409.08104
cs.SI 2409.07684
cs.SI 2409.07710
cs.SI 2409.07712
cs.SI 2409.07716
cs.SI 2409.07718
cs.SI 2409.07720
cs.SI 2409.08106
cs.SI 2409.08135
eess.AS 2409.03844
eess.AS 2409.04007
eess.AS 2409.04016
eess.AS 2409.04014
eess.AS 2409.04136
eess.AS 2409.04173
eess.AS 2409.04447
eess.AS 2409.04702
eess.AS 2409.04799
eess.AS 2409.04859
eess.AS 2409.04927
eess.AS 2409.04949
eess.AS 2409.05004
eess.AS 2409.05007
eess.AS 2409.05015
eess.AS 2409.05035
eess.AS 2409.05095
eess.AS 2409.05148
eess.AS 2409.05470
eess.AS 2409.05659
eess.AS 2409.05784
eess.AS 2409.04803
eess.AS 2409.04843
eess.AS 2409.05032
eess.AS 2409.05034
eess.AS 2409.05116
eess.AS 2409.05212
eess.AS 2409.05377
eess.AS 2409.05430
eess.AS 2409.05554
eess.AS 2409.05566
eess.AS 2409.05589
eess.AS 2409.05601
eess.AS 2409.05730
eess.AS 2409.05750
eess.AS 2409.05924
eess.AS 2409.06024
eess.AS 2409.06029
eess.AS 2409.06033
eess.AS 2409.06096
eess.AS 2409.06135
eess.AS 2409.06136
eess.AS 2409.06196
eess.AS 2409.06222
eess.AS 2409.06223
eess.AS 2409.06237
eess.AS 2409.06245
eess.AS 2409.06274
eess.AS 2409.06307
eess.AS 2409.06348
eess.AS 2409.06372
eess.AS 2409.06395
eess.AS 2409.06429
eess.AS 2409.06451
eess.AS 2409.06456
eess.AS 2409.06468
eess.AS 2409.06513
eess.AS 2409.06635
eess.AS 2409.06666
eess.AS 2409.05910
eess.AS 2409.06062
eess.AS 2409.06126
eess.AS 2409.06137
eess.AS 2409.06190
eess.AS 2409.06327
eess.AS 2409.06330
eess.AS 2409.06392
eess.AS 2409.06580
eess.AS 2409.06656
eess.AS 2409.06709
eess.AS 2409.07001
eess.AS 2409.07016
eess.AS 2409.07104
eess.AS 2409.07165
eess.AS 2409.07210
eess.AS 2409.07224
eess.AS 2409.07226
eess.AS 2409.07259
eess.AS 2409.07265
eess.AS 2409.07390
eess.AS 2409.07437
eess.AS 2409.07450
eess.AS 2409.06954
eess.AS 2409.07151
eess.AS 2409.07273
eess.AS 2409.06013
eess.AS 2409.07467
eess.AS 2409.07614
eess.AS 2409.07790
eess.AS 2409.07827
eess.AS 2409.07841
eess.AS 2409.07884
eess.AS 2409.07891
eess.AS 2409.07918
eess.AS 2409.08039
eess.AS 2409.08103
eess.AS 2409.08199
eess.AS 2409.07556
eess.AS 2409.07704
eess.AS 2409.07730
eess.AS 2409.07770
eess.AS 2409.07858
eess.AS 2409.07936
eess.AS 2409.07969
eess.AS 2409.08148
eess.AS 2409.08153
eess.AS 2409.08155
eess.AS 2409.08188
stat.TH 2409.04058
stat.TH 2409.04189
stat.TH 2409.04090
stat.TH 2409.04100
stat.TH 2409.04198
stat.TH 2409.04231
stat.TH 2409.04331
stat.TH 2409.04716
stat.TH 2409.05083
stat.TH 2409.05066
stat.TH 2409.05403
stat.TH 2409.05416
stat.TH 2409.05529
stat.TH 2409.05631
stat.TH 2409.05654
stat.TH 2409.05715
stat.TH 2409.05729
stat.TH 2409.05733
stat.TH 2409.05741
stat.TH 2409.05764
stat.TH 2409.06053
stat.TH 2409.06295
stat.TH 2409.06565
stat.TH 2409.06060
stat.TH 2409.06275
stat.TH 2409.06296
stat.TH 2409.06308
stat.TH 2409.07434
stat.TH 2409.07062
stat.TH 2409.07652
stat.TH 2409.07679
stat.TH 2409.07738
stat.TH 2409.07745
stat.TH 2409.07948
stat.TH 2409.07970
nlin.AO 2409.03290
nlin.AO 2409.04193
nlin.AO 2409.04618
nlin.AO 2409.05342
nlin.AO 2409.06099
nlin.AO 2409.07468
math.OC 2409.03778
math.OC 2409.03834
math.OC 2409.03855
math.OC 2409.03915
math.OC 2409.04069
math.OC 2409.04078
math.OC 2409.04153
math.OC 2409.04157
math.OC 2409.04207
math.OC 2409.04297
math.OC 2409.04352
math.OC 2409.03871
math.OC 2409.03884
math.OC 2409.03942
math.OC 2409.04012
math.OC 2409.04037
math.OC 2409.04049
math.OC 2409.04058
math.OC 2409.04075
math.OC 2409.04092
math.OC 2409.04115
math.OC 2409.04144
math.OC 2409.04152
math.OC 2409.04222
math.OC 2409.04351
math.OC 2409.04464
math.OC 2409.04613
math.OC 2409.04721
math.OC 2409.04777
math.OC 2409.04820
math.OC 2409.04832
math.OC 2409.04914
math.OC 2409.04926
math.OC 2409.05291
math.OC 2409.05418
math.OC 2409.05708
math.OC 2409.05740
math.OC 2409.04456
math.OC 2409.04461
math.OC 2409.04468
math.OC 2409.04470
math.OC 2409.04476
math.OC 2409.04479
math.OC 2409.04506
math.OC 2409.04554
math.OC 2409.04568
math.OC 2409.04644
math.OC 2409.04671
math.OC 2409.04692
math.OC 2409.04712
math.OC 2409.04765
math.OC 2409.04784
math.OC 2409.04959
math.OC 2409.04994
math.OC 2409.04998
math.OC 2409.05002
math.OC 2409.05023
math.OC 2409.05069
math.OC 2409.05086
math.OC 2409.05155
math.OC 2409.05185
math.OC 2409.05290
math.OC 2409.05301
math.OC 2409.05308
math.OC 2409.05316
math.OC 2409.05321
math.OC 2409.05390
math.OC 2409.05597
math.OC 2409.05639
math.OC 2409.05683
math.OC 2409.05709
math.OC 2409.05720
math.OC 2409.05812
math.OC 2409.04492
math.OC 2409.06292
math.OC 2409.06302
math.OC 2409.06329
math.OC 2409.06514
math.OC 2409.06555
math.OC 2409.06559
math.OC 2409.06566
math.OC 2409.06004
math.OC 2409.06049
math.OC 2409.06184
math.OC 2409.06397
math.OC 2409.06530
math.OC 2409.06554
math.OC 2409.06649
math.OC 2409.06101
math.OC 2409.06854
math.OC 2409.06937
math.OC 2409.07052
math.OC 2409.07223
math.OC 2409.07401
math.OC 2409.06824
math.OC 2409.06918
math.OC 2409.06931
math.OC 2409.07122
math.OC 2409.07168
math.OC 2409.07206
math.OC 2409.07213
math.OC 2409.07214
math.OC 2409.07219
math.OC 2409.07296
math.OC 2409.07369
math.OC 2409.08066
math.OC 2409.08262
math.OC 2409.07655
math.OC 2409.07722
math.OC 2409.07767
math.OC 2409.07799
math.OC 2409.07842
math.OC 2409.07873
math.OC 2409.07937
math.OC 2409.08119
math.OC 2409.08235
math.OC 2409.08256
nlin.CD 2409.04240
nlin.CD 2409.04110
nlin.CD 2409.04852
nlin.CD 2409.04571
nlin.CD 2409.06036
nlin.CD 2409.07385
nlin.CD 2409.08225
nlin.CD 2409.07468
physics.comp-ph 2409.03638
physics.comp-ph 2409.04015
physics.comp-ph 2409.04066
physics.comp-ph 2409.04110
physics.comp-ph 2409.04143
physics.comp-ph 2409.04145
physics.comp-ph 2409.04355
physics.comp-ph 2409.04369
physics.comp-ph 2409.04375
physics.comp-ph 2409.04729
physics.comp-ph 2409.04748
physics.comp-ph 2409.04923
physics.comp-ph 2409.04985
physics.comp-ph 2409.05114
physics.comp-ph 2409.05306
physics.comp-ph 2409.05453
physics.comp-ph 2409.05693
physics.comp-ph 2409.05726
physics.comp-ph 2409.04668
physics.comp-ph 2409.04731
physics.comp-ph 2409.04891
physics.comp-ph 2409.05563
physics.comp-ph 2409.05580
physics.comp-ph 2409.05959
physics.comp-ph 2409.06071
physics.comp-ph 2409.06085
physics.comp-ph 2409.06146
physics.comp-ph 2409.06261
physics.comp-ph 2409.06415
physics.comp-ph 2409.06484
physics.comp-ph 2409.06498
physics.comp-ph 2409.06560
physics.comp-ph 2409.06597
physics.comp-ph 2409.06598
physics.comp-ph 2409.06070
physics.comp-ph 2409.06119
physics.comp-ph 2409.06287
physics.comp-ph 2409.06404
physics.comp-ph 2304.14320
physics.comp-ph 2407.21006
physics.comp-ph 2409.06738
physics.comp-ph 2409.07073
physics.comp-ph 2409.07101
physics.comp-ph 2409.07282
physics.comp-ph 2409.07413
physics.comp-ph 2409.07042
physics.comp-ph 2409.07339
physics.comp-ph 2409.07461
physics.comp-ph 2409.07610
physics.comp-ph 2409.07769
physics.comp-ph 2409.08050
physics.comp-ph 2409.08065
physics.comp-ph 2409.08263
physics.comp-ph 2409.07821
physics.comp-ph 2409.07957
eess.IV 2409.03764
eess.IV 2409.03765
eess.IV 2409.04345
eess.IV 2409.04360
eess.IV 2409.04384
eess.IV 2409.03772
eess.IV 2409.03794
eess.IV 2409.03804
eess.IV 2409.03806
eess.IV 2409.03889
eess.IV 2409.03977
eess.IV 2409.04050
eess.IV 2409.04118
eess.IV 2409.04123
eess.IV 2409.04137
eess.IV 2409.04175
eess.IV 2409.04368
eess.IV 2409.04424
eess.IV 2409.04976
eess.IV 2409.05350
eess.IV 2409.05523
eess.IV 2409.05659
eess.IV 2409.05809
eess.IV 2409.04494
eess.IV 2409.04596
eess.IV 2409.04615
eess.IV 2409.04631
eess.IV 2409.04719
eess.IV 2409.05013
eess.IV 2409.05118
eess.IV 2409.05274
eess.IV 2409.05666
eess.IV 2409.05900
eess.IV 2409.06219
eess.IV 2409.06309
eess.IV 2409.06603
eess.IV 2409.05982
eess.IV 2409.06018
eess.IV 2409.06035
eess.IV 2409.06420
eess.IV 2409.06455
eess.IV 2409.06586
eess.IV 2409.06605
eess.IV 2409.06676
eess.IV 2409.06687
eess.IV 2409.06689
eess.IV 2409.06699
eess.IV 2409.07040
eess.IV 2409.07322
eess.IV 2409.07365
eess.IV 2409.07375
eess.IV 2409.07414
eess.IV 2409.06714
eess.IV 2409.06716
eess.IV 2409.06722
eess.IV 2409.06742
eess.IV 2409.06833
eess.IV 2409.06887
eess.IV 2409.06897
eess.IV 2409.06993
eess.IV 2409.07004
eess.IV 2409.07012
eess.IV 2409.07020
eess.IV 2409.07092
eess.IV 2409.07094
eess.IV 2409.07100
eess.IV 2409.07115
eess.IV 2409.07128
eess.IV 2409.07144
eess.IV 2409.07171
eess.IV 2409.07236
eess.IV 2409.07304
eess.IV 2409.07361
eess.IV 2409.07417
eess.IV 2409.07422
eess.IV 2409.07645
eess.IV 2409.08271
eess.IV 2409.07457
eess.IV 2409.07564
eess.IV 2409.07584
eess.IV 2409.07862
eess.IV 2409.08000
eess.IV 2409.08068
eess.IV 2409.08130
eess.IV 2409.08143
eess.IV 2409.08170
eess.IV 2409.08232
math.PR 2409.03927
math.PR 2409.03991
math.PR 2409.04037
math.PR 2409.04198
math.PR 2409.04305
math.PR 2409.04423
math.PR 2409.03974
math.PR 2409.04031
math.PR 2409.04207
math.PR 2409.04377
math.PR 2409.04982
math.PR 2409.05087
math.PR 2409.05194
math.PR 2409.05237
math.PR 2409.05309
math.PR 2409.05340
math.PR 2409.05416
math.PR 2409.05733
math.PR 2409.04483
math.PR 2409.04496
math.PR 2409.04621
math.PR 2409.04798
math.PR 2409.04844
math.PR 2409.05017
math.PR 2409.05018
math.PR 2409.05083
math.PR 2409.05085
math.PR 2409.05201
math.PR 2409.05226
math.PR 2409.05269
math.PR 2409.05641
math.PR 2409.05645
math.PR 2409.05667
math.PR 2409.05706
math.PR 2409.05722
math.PR 2409.05788
math.PR 2409.05858
math.PR 2409.05952
math.PR 2409.06049
math.PR 2409.06068
math.PR 2409.06552
math.PR 2409.06003
math.PR 2409.06007
math.PR 2409.06048
math.PR 2409.06079
math.PR 2409.06276
math.PR 2409.06295
math.PR 2409.06325
math.PR 2409.06394
math.PR 2409.06497
math.PR 2409.06565
math.PR 2409.06581
math.PR 2409.06731
math.PR 2409.06881
math.PR 2409.06905
math.PR 2409.06965
math.PR 2409.07148
math.PR 2409.06836
math.PR 2409.06866
math.PR 2409.06910
math.PR 2409.07029
math.PR 2409.07044
math.PR 2409.07052
math.PR 2409.07358
math.PR 2409.07425
math.PR 2409.07477
math.PR 2409.08019
math.PR 2409.08061
math.PR 2409.08120
math.PR 2409.07689
math.PR 2409.07800
math.PR 2409.07892
math.PR 2409.07900
math.PR 2409.07927
math.PR 2409.08021
math.PR 2409.08057
nlin.SI 2409.04322
nlin.SI 2409.05375
nlin.SI 2409.05704
nlin.SI 2409.05814
nlin.SI 2409.05074
nlin.SI 2409.05752
nlin.SI 2409.06573
nlin.SI 2409.06168
nlin.SI 2409.07017
nlin.SI 2409.07458
nlin.SI 2409.08165
physics.data-an 2409.04110
physics.data-an 2409.04240
physics.data-an 2409.04519
physics.data-an 2409.04571
physics.data-an 2409.05453
physics.data-an 2409.06261
physics.data-an 2409.06861
physics.data-an 2409.06960
physics.data-an 2409.07073
physics.data-an 2409.07413
physics.data-an 2409.07479
physics.data-an 2409.07498
physics.data-an 2409.07792
physics.data-an 2409.08183
eess.SP 2409.03768
eess.SP 2409.03841
eess.SP 2409.03878
eess.SP 2409.03901
eess.SP 2409.03924
eess.SP 2409.04002
eess.SP 2409.04104
eess.SP 2409.04228
eess.SP 2409.04242
eess.SP 2409.04302
eess.SP 2409.04380
eess.SP 2409.04077
eess.SP 2409.04107
eess.SP 2409.04113
eess.SP 2409.04155
eess.SP 2409.04229
eess.SP 2409.04353
eess.SP 2409.04728
eess.SP 2409.04853
eess.SP 2409.04945
eess.SP 2409.05118
eess.SP 2409.05135
eess.SP 2409.05356
eess.SP 2409.05724
eess.SP 2409.05759
eess.SP 2409.04723
eess.SP 2409.04746
eess.SP 2409.04761
eess.SP 2409.04838
eess.SP 2409.04873
eess.SP 2409.04924
eess.SP 2409.05096
eess.SP 2409.05139
eess.SP 2409.05191
eess.SP 2409.05273
eess.SP 2409.05281
eess.SP 2409.05360
eess.SP 2409.05470
eess.SP 2409.05627
eess.SP 2409.05985
eess.SP 2409.06084
eess.SP 2409.06106
eess.SP 2409.06137
eess.SP 2409.06319
eess.SP 2409.06676
eess.SP 2409.05891
eess.SP 2409.06073
eess.SP 2409.06147
eess.SP 2409.06188
eess.SP 2409.06341
eess.SP 2409.06502
eess.SP 2409.06563
eess.SP 2409.06577
eess.SP 2409.06604
eess.SP 2409.06630
eess.SP 2409.06715
eess.SP 2409.06946
eess.SP 2409.07204
eess.SP 2409.07333
eess.SP 2409.07375
eess.SP 2409.06819
eess.SP 2409.06822
eess.SP 2409.06847
eess.SP 2409.06981
eess.SP 2409.07034
eess.SP 2409.07069
eess.SP 2409.07071
eess.SP 2409.07207
eess.SP 2409.07326
eess.SP 2409.07347
eess.SP 2409.07505
eess.SP 2409.07589
eess.SP 2409.07697
eess.SP 2409.07794
eess.SP 2409.07880
eess.SP 2409.07983
eess.SP 2409.08058
eess.SP 2409.07459
eess.SP 2409.07480
eess.SP 2409.07482
eess.SP 2409.07483
eess.SP 2409.07484
eess.SP 2409.07485
eess.SP 2409.07488
eess.SP 2409.07491
eess.SP 2409.07493
eess.SP 2409.07495
eess.SP 2409.07771
eess.SP 2409.07782
eess.SP 2409.07857
eess.SP 2409.07902
eess.SP 2409.07975
eess.SP 2409.08005
eess.SP 2409.08044
eess.SP 2409.08071
eess.SP 2409.08080
eess.SP 2409.08089
eess.SP 2409.08149
eess.SP 2409.08164
eess.SP 2409.08176
eess.SP 2409.08177
eess.SP 2409.08187
eess.SP 2409.08238
physics.ins-det 2409.03857
physics.ins-det 2409.04245
physics.ins-det 2409.03909
physics.ins-det 2409.04132
physics.ins-det 2409.04266
physics.ins-det 2409.04333
physics.ins-det 2409.04338
physics.ins-det 2409.04435
physics.ins-det 2409.04681
physics.ins-det 2409.04823
physics.ins-det 2409.05159
physics.ins-det 2409.05687
physics.ins-det 2409.04472
physics.ins-det 2409.04788
physics.ins-det 2409.05382
physics.ins-det 2409.05515
physics.ins-det 2409.05522
physics.ins-det 2409.05760
physics.ins-det 2409.06524
physics.ins-det 2409.05954
physics.ins-det 2409.06872
physics.ins-det 2409.07147
physics.ins-det 2409.07548
physics.ins-det 2409.07543
physics.ins-det 2409.07758
physics.ins-det 2409.07952
physics.ins-det 2409.07971
physics.ins-det 2409.07999
physics.ins-det 2409.08203
astro-ph.IM 2409.03812
astro-ph.IM 2409.03833
astro-ph.IM 2409.03837
astro-ph.IM 2409.03852
astro-ph.IM 2409.03912
astro-ph.IM 2409.03984
astro-ph.IM 2409.04266
astro-ph.IM 2409.04338
astro-ph.IM 2409.04386
astro-ph.IM 2409.04439
astro-ph.IM 2409.03808
astro-ph.IM 2409.03854
astro-ph.IM 2409.04054
astro-ph.IM 2409.04138
astro-ph.IM 2409.04245
astro-ph.IM 2409.04247
astro-ph.IM 2409.04255
astro-ph.IM 2409.04403
astro-ph.IM 2409.04490
astro-ph.IM 2409.04542
astro-ph.IM 2409.04543
astro-ph.IM 2409.04557
astro-ph.IM 2409.04606
astro-ph.IM 2409.04910
astro-ph.IM 2409.05156
astro-ph.IM 2409.05482
astro-ph.IM 2409.05739
astro-ph.IM 2409.05753
astro-ph.IM 2409.04547
astro-ph.IM 2409.04640
astro-ph.IM 2409.05068
astro-ph.IM 2409.05133
astro-ph.IM 2409.05149
astro-ph.IM 2409.05246
astro-ph.IM 2409.05505
astro-ph.IM 2409.05643
astro-ph.IM 2409.05656
astro-ph.IM 2409.05718
astro-ph.IM 2409.05757
astro-ph.IM 2409.05781
astro-ph.IM 2409.05797
astro-ph.IM 2409.05826
astro-ph.IM 2409.05855
astro-ph.IM 2409.05954
astro-ph.IM 2409.06266
astro-ph.IM 2409.06383
astro-ph.IM 2409.06388
astro-ph.IM 2409.06462
astro-ph.IM 2409.05979
astro-ph.IM 2409.05987
astro-ph.IM 2409.06050
astro-ph.IM 2409.06421
astro-ph.IM 2409.06435
astro-ph.IM 2409.06458
astro-ph.IM 2409.06510
astro-ph.IM 2409.06713
astro-ph.IM 2409.06773
astro-ph.IM 2409.07074
astro-ph.IM 2409.07166
astro-ph.IM 2409.07260
astro-ph.IM 2409.07289
astro-ph.IM 2409.06747
astro-ph.IM 2409.06753
astro-ph.IM 2409.06958
astro-ph.IM 2409.06986
astro-ph.IM 2409.07309
astro-ph.IM 2409.07523
astro-ph.IM 2409.07634
astro-ph.IM 2409.07758
astro-ph.IM 2409.07957
astro-ph.IM 2409.08117
astro-ph.IM 2409.07570
astro-ph.IM 2409.08003
astro-ph.IM 2409.08052
astro-ph.IM 2409.08090
physics.app-ph 2409.03848
physics.app-ph 2409.04132
physics.app-ph 2409.04283
physics.app-ph 2409.04422
physics.app-ph 2409.04251
physics.app-ph 2409.04618
physics.app-ph 2409.04749
physics.app-ph 2409.05254
physics.app-ph 2409.05323
physics.app-ph 2409.05388
physics.app-ph 2409.05783
physics.app-ph 2409.04697
physics.app-ph 2409.04826
physics.app-ph 2409.04853
physics.app-ph 2409.05361
physics.app-ph 2409.05446
physics.app-ph 2409.05452
physics.app-ph 2409.05584
physics.app-ph 2409.05693
physics.app-ph 2409.06382
physics.app-ph 2409.06410
physics.app-ph 2409.06582
physics.app-ph 2409.06156
physics.app-ph 2409.06286
physics.app-ph 2409.06291
physics.app-ph 2409.06500
physics.app-ph 2409.06737
physics.app-ph 2409.06743
physics.app-ph 2409.06909
physics.app-ph 2409.06943
physics.app-ph 2409.07011
physics.app-ph 2409.07121
physics.app-ph 2409.07234
physics.app-ph 2409.06749
physics.app-ph 2409.07133
physics.app-ph 2409.07173
physics.app-ph 2409.07221
physics.app-ph 2409.07227
physics.app-ph 2409.07299
physics.app-ph 2409.07439
physics.app-ph 2409.07817
physics.app-ph 2409.08096
physics.app-ph 2409.08137
physics.app-ph 2409.07555
physics.app-ph 2409.07635
physics.app-ph 2409.07677
physics.app-ph 2409.07811
physics.app-ph 2409.07963
physics.app-ph 2409.07991
physics.app-ph 2409.08055
physics.app-ph 2409.08064
math.DS 2409.03892
math.DS 2409.04322
math.DS 2409.03851
math.DS 2409.03934
math.DS 2409.04336
math.DS 2409.04379
math.DS 2409.04460
math.DS 2409.04468
math.DS 2409.04608
math.DS 2409.04906
math.DS 2409.04950
math.DS 2409.05074
math.DS 2409.05299
math.DS 2409.04611
math.DS 2409.04710
math.DS 2409.04802
math.DS 2409.05012
math.DS 2409.05053
math.DS 2409.05087
math.DS 2409.05450
math.DS 2409.05822
math.DS 2409.05857
math.DS 2409.05893
math.DS 2409.05912
math.DS 2409.05935
math.DS 2409.06003
math.DS 2409.06160
math.DS 2409.06522
math.DS 2409.05963
math.DS 2409.05991
math.DS 2409.06005
math.DS 2409.06076
math.DS 2409.06186
math.DS 2409.06256
math.DS 2409.06600
math.DS 2409.06606
math.DS 2409.07174
math.DS 2409.07241
math.DS 2409.07479
math.DS 2409.07590
math.DS 2409.07700
math.DS 2409.07826
math.DS 2409.08072
math.DS 2409.07546
math.DS 2409.07603
math.DS 2409.07636
math.DS 2409.07979
math.DS 2409.08019
math.DS 2409.08061
physics.med-ph 2409.03990
physics.med-ph 2409.04416
physics.med-ph 2409.04455
physics.med-ph 2409.04486
physics.med-ph 2409.05350
physics.med-ph 2409.05666
physics.med-ph 2409.04577
physics.med-ph 2409.04614
physics.med-ph 2409.04674
physics.med-ph 2409.04680
physics.med-ph 2409.05255
physics.med-ph 2409.05318
physics.med-ph 2409.05680
physics.med-ph 2409.05687
physics.med-ph 2409.06265
physics.med-ph 2409.06526
physics.med-ph 2409.06664
physics.med-ph 2409.06811
physics.med-ph 2409.06965
physics.med-ph 2409.07090
physics.med-ph 2409.07203
physics.med-ph 2409.07375
physics.med-ph 2409.08068
physics.med-ph 2409.07647
physics.med-ph 2409.07761
cond-mat.dis-nn 2409.04193
cond-mat.dis-nn 2409.04240
cond-mat.dis-nn 2409.04289
cond-mat.dis-nn 2409.04293
cond-mat.dis-nn 2409.04383
cond-mat.dis-nn 2409.04417
cond-mat.dis-nn 2409.05556
cond-mat.dis-nn 2409.05598
cond-mat.dis-nn 2409.05604
cond-mat.dis-nn 2409.04946
cond-mat.dis-nn 2409.05827
cond-mat.dis-nn 2409.06053
cond-mat.dis-nn 2409.06431
cond-mat.dis-nn 2409.06982
cond-mat.dis-nn 2409.07043
cond-mat.dis-nn 2409.07664
cond-mat.dis-nn 2409.07679
cond-mat.dis-nn 2409.07708
cond-mat.dis-nn 2409.07726
cond-mat.dis-nn 2409.07804
cond-mat.dis-nn 2409.07885
cond-mat.dis-nn 2409.08123
cond-mat.dis-nn 2409.08151
physics.optics 2409.03983
physics.optics 2409.04186
physics.optics 2409.04303
physics.optics 2409.04403
physics.optics 2409.03848
physics.optics 2409.03880
physics.optics 2409.03932
physics.optics 2409.04182
physics.optics 2409.04271
physics.optics 2409.04283
physics.optics 2409.04296
physics.optics 2409.04323
physics.optics 2409.04327
physics.optics 2409.04380
physics.optics 2409.04422
physics.optics 2409.04569
physics.optics 2409.05008
physics.optics 2409.05141
physics.optics 2409.05147
physics.optics 2409.05159
physics.optics 2409.05332
physics.optics 2409.05419
physics.optics 2409.05563
physics.optics 2409.05581
physics.optics 2409.05693
physics.optics 2409.04551
physics.optics 2409.04565
physics.optics 2409.04586
physics.optics 2409.04681
physics.optics 2409.04763
physics.optics 2409.04823
physics.optics 2409.04969
physics.optics 2409.05071
physics.optics 2409.05121
physics.optics 2409.05124
physics.optics 2409.05163
physics.optics 2409.05323
physics.optics 2409.05350
physics.optics 2409.05388
physics.optics 2409.05411
physics.optics 2409.05424
physics.optics 2409.05488
physics.optics 2409.05504
physics.optics 2409.05689
physics.optics 2409.05726
physics.optics 2409.05734
physics.optics 2409.05756
physics.optics 2409.05809
physics.optics 2409.05974
physics.optics 2409.06019
physics.optics 2409.06042
physics.optics 2409.06335
physics.optics 2409.06684
physics.optics 2409.05879
physics.optics 2409.06234
physics.optics 2409.06331
physics.optics 2409.06359
physics.optics 2409.06370
physics.optics 2409.06430
physics.optics 2409.06570
physics.optics 2409.06900
physics.optics 2409.06902
physics.optics 2409.06999
physics.optics 2409.07234
physics.optics 2409.06825
physics.optics 2409.06908
physics.optics 2409.06914
physics.optics 2409.06943
physics.optics 2409.06962
physics.optics 2409.07075
physics.optics 2409.07121
physics.optics 2409.07266
physics.optics 2409.07413
physics.optics 2409.07461
physics.optics 2409.07821
physics.optics 2409.07872
physics.optics 2409.07982
physics.optics 2409.07602
physics.optics 2409.07674
physics.optics 2409.07817
physics.optics 2409.07861
physics.optics 2409.07885
physics.optics 2409.07894
physics.optics 2409.08070
physics.optics 2409.08186
q-fin.MF 2409.00095
q-fin.MF 2409.00535
q-fin.MF 2409.01478
q-fin.MF 2409.04412
q-fin.MF 2409.04496
q-fin.MF 2409.04903
q-fin.MF 2409.05194
q-fin.MF 2409.07159
q-fin.MF 2409.08205
econ.TH 2409.03956
econ.TH 2409.04047
econ.TH 2409.04897
econ.TH 2409.05708
econ.TH 2409.05315
econ.TH 2409.06054
econ.TH 2409.06720
econ.TH 2409.06865
econ.TH 2409.07046
econ.TH 2409.08145
