cs.CE 2403.10358
cs.CE 2403.09895
cs.CE 2403.10631
cs.CE 2403.10965
cs.CE 2403.11047
cs.CE 2403.11385
cs.CE 2403.11671
cs.CE 2403.11877
cs.CE 2403.11952
cs.CE 2403.10625
cs.CE 2403.10748
cs.CE 2403.11648
cs.CE 2403.12161
cs.CE 2403.12381
cs.CE 2403.12696
cs.CE 2403.12995
cs.CE 2403.13357
cs.CE 2403.13409
cs.CE 2403.13429
cs.CE 2403.13515
cs.CE 2403.13270
cs.CE 2403.13379
cs.CE 2403.13380
cs.CE 2403.13413
cs.CE 2403.13439
cs.CE 2403.13528
cs.CE 2403.13654
cs.CE 2403.13704
cs.CE 2403.14063
cs.CE 2403.14404
cs.CE 2403.13837
cs.CE 2403.14510
cs.DB 2403.09706
cs.DB 2403.10304
cs.DB 2403.10313
cs.DB 2403.10051
cs.DB 2403.10746
cs.DB 2403.11088
cs.DB 2403.11221
cs.DB 2403.11395
cs.DB 2403.11472
cs.DB 2403.11920
cs.DB 2403.11952
cs.DB 2403.11099
cs.DB 2403.11246
cs.DB 2403.11361
cs.DB 2403.11716
cs.DB 2403.11874
cs.DB 2403.12433
cs.DB 2403.12436
cs.DB 2403.12583
cs.DB 2403.12605
cs.DB 2403.13268
cs.DB 2403.13286
cs.DB 2403.13492
cs.DB 2403.13629
cs.DB 2403.13181
cs.DB 2403.13491
cs.DB 2403.13597
cs.DB 2403.13694
cs.DB 2403.13835
cs.DB 2403.13863
cs.DB 2403.14151
cs.DB 2403.14256
cs.DB 2403.13914
cs.DB 2403.14128
cs.DB 2403.14441
cs.AI 2307.12807
cs.AI 2403.09646
cs.AI 2403.09668
cs.AI 2403.09669
cs.AI 2403.09671
cs.AI 2403.09673
cs.AI 2403.09676
cs.AI 2403.09680
cs.AI 2403.09700
cs.AI 2403.09703
cs.AI 2403.09704
cs.AI 2403.09705
cs.AI 2403.09706
cs.AI 2403.09712
cs.AI 2403.09714
cs.AI 2403.09717
cs.AI 2403.09718
cs.AI 2403.09719
cs.AI 2403.09720
cs.AI 2403.09721
cs.AI 2403.09722
cs.AI 2403.09725
cs.AI 2403.09727
cs.AI 2403.09728
cs.AI 2403.09732
cs.AI 2403.09733
cs.AI 2403.09734
cs.AI 2403.09735
cs.AI 2403.09738
cs.AI 2403.09740
cs.AI 2403.09743
cs.AI 2403.09744
cs.AI 2403.09747
cs.AI 2403.09749
cs.AI 2403.09750
cs.AI 2403.09751
cs.AI 2403.09752
cs.AI 2403.09753
cs.AI 2403.09762
cs.AI 2403.09793
cs.AI 2403.09795
cs.AI 2403.09809
cs.AI 2403.09810
cs.AI 2403.09830
cs.AI 2403.09847
cs.AI 2403.09849
cs.AI 2403.09857
cs.AI 2403.09861
cs.AI 2403.09863
cs.AI 2403.09869
cs.AI 2403.09871
cs.AI 2403.09887
cs.AI 2403.09891
cs.AI 2403.09904
cs.AI 2403.09920
cs.AI 2403.09930
cs.AI 2403.09940
cs.AI 2403.09948
cs.AI 2403.09963
cs.AI 2403.09974
cs.AI 2403.09977
cs.AI 2403.09998
cs.AI 2403.10014
cs.AI 2403.10024
cs.AI 2403.10039
cs.AI 2403.10041
cs.AI 2403.10049
cs.AI 2403.10056
cs.AI 2403.10063
cs.AI 2403.10069
cs.AI 2403.10079
cs.AI 2403.10086
cs.AI 2403.10088
cs.AI 2403.10097
cs.AI 2403.10105
cs.AI 2403.10107
cs.AI 2403.10110
cs.AI 2403.10131
cs.AI 2403.10135
cs.AI 2403.10136
cs.AI 2403.10144
cs.AI 2403.10158
cs.AI 2403.10164
cs.AI 2403.10173
cs.AI 2403.10175
cs.AI 2403.10187
cs.AI 2403.10190
cs.AI 2403.10202
cs.AI 2403.10205
cs.AI 2403.10216
cs.AI 2403.10220
cs.AI 2403.10228
cs.AI 2403.10231
cs.AI 2403.10259
cs.AI 2403.10275
cs.AI 2403.10281
cs.AI 2403.10288
cs.AI 2403.10326
cs.AI 2403.10327
cs.AI 2403.10365
cs.AI 2403.10371
cs.AI 2403.10380
cs.AI 2403.10401
cs.AI 2403.10403
cs.AI 2403.10425
cs.AI 2403.10433
cs.AI 2403.10438
cs.AI 2403.10454
cs.AI 2403.10460
cs.AI 2403.10462
cs.AI 2403.10482
cs.AI 2403.10487
cs.AI 2403.10499
cs.AI 2403.10506
cs.AI 2403.10516
cs.AI 2403.10517
cs.AI 2403.09713
cs.AI 2403.09742
cs.AI 2403.09806
cs.AI 2403.09925
cs.AI 2403.10112
cs.AI 2403.10167
cs.AI 2403.10171
cs.AI 2403.10184
cs.AI 2403.10249
cs.AI 2403.10299
cs.AI 2403.10304
cs.AI 2403.10415
cs.AI 2403.10502
cs.AI 2211.08559
cs.AI 2312.03740
cs.AI 2403.10534
cs.AI 2403.10538
cs.AI 2403.10544
cs.AI 2403.10547
cs.AI 2403.10550
cs.AI 2403.10552
cs.AI 2403.10553
cs.AI 2403.10555
cs.AI 2403.10557
cs.AI 2403.10559
cs.AI 2403.10561
cs.AI 2403.10562
cs.AI 2403.10565
cs.AI 2403.10566
cs.AI 2403.10568
cs.AI 2403.10569
cs.AI 2403.10570
cs.AI 2403.10575
cs.AI 2403.10581
cs.AI 2403.10585
cs.AI 2403.10586
cs.AI 2403.10588
cs.AI 2403.10596
cs.AI 2403.10603
cs.AI 2403.10618
cs.AI 2403.10667
cs.AI 2403.10684
cs.AI 2403.10686
cs.AI 2403.10691
cs.AI 2403.10692
cs.AI 2403.10698
cs.AI 2403.10700
cs.AI 2403.10704
cs.AI 2403.10707
cs.AI 2403.10717
cs.AI 2403.10726
cs.AI 2403.10732
cs.AI 2403.10750
cs.AI 2403.10751
cs.AI 2403.10764
cs.AI 2403.10776
cs.AI 2403.10780
cs.AI 2403.10781
cs.AI 2403.10787
cs.AI 2403.10795
cs.AI 2403.10799
cs.AI 2403.10803
cs.AI 2403.10805
cs.AI 2403.10819
cs.AI 2403.10823
cs.AI 2403.10824
cs.AI 2403.10834
cs.AI 2403.10842
cs.AI 2403.10850
cs.AI 2403.10853
cs.AI 2403.10860
cs.AI 2403.10863
cs.AI 2403.10882
cs.AI 2403.10903
cs.AI 2403.10923
cs.AI 2403.10944
cs.AI 2403.10949
cs.AI 2403.10967
cs.AI 2403.10968
cs.AI 2403.10984
cs.AI 2403.10988
cs.AI 2403.10995
cs.AI 2403.10997
cs.AI 2403.11009
cs.AI 2403.11015
cs.AI 2403.11021
cs.AI 2403.11027
cs.AI 2403.11046
cs.AI 2403.11047
cs.AI 2403.11073
cs.AI 2403.11074
cs.AI 2403.11075
cs.AI 2403.11082
cs.AI 2403.11092
cs.AI 2403.11106
cs.AI 2403.11114
cs.AI 2403.11116
cs.AI 2403.11124
cs.AI 2403.11152
cs.AI 2403.11162
cs.AI 2403.11169
cs.AI 2403.11175
cs.AI 2403.11199
cs.AI 2403.11202
cs.AI 2403.11204
cs.AI 2403.11207
cs.AI 2403.11220
cs.AI 2403.11259
cs.AI 2403.11261
cs.AI 2403.11262
cs.AI 2403.11265
cs.AI 2403.11292
cs.AI 2403.11299
cs.AI 2403.11304
cs.AI 2403.11322
cs.AI 2403.11328
cs.AI 2403.11330
cs.AI 2403.11337
cs.AI 2403.11345
cs.AI 2403.11346
cs.AI 2403.11348
cs.AI 2403.11353
cs.AI 2403.11363
cs.AI 2403.11368
cs.AI 2403.11395
cs.AI 2403.11401
cs.AI 2403.11402
cs.AI 2403.11415
cs.AI 2403.11418
cs.AI 2403.11420
cs.AI 2403.11432
cs.AI 2403.11456
cs.AI 2403.11468
cs.AI 2403.11473
cs.AI 2403.11483
cs.AI 2403.11487
cs.AI 2403.11492
cs.AI 2403.11495
cs.AI 2403.11496
cs.AI 2403.11504
cs.AI 2403.11506
cs.AI 2403.11536
cs.AI 2403.11552
cs.AI 2403.11558
cs.AI 2403.11585
cs.AI 2403.11598
cs.AI 2403.11626
cs.AI 2403.11671
cs.AI 2403.11703
cs.AI 2403.11755
cs.AI 2403.11772
cs.AI 2403.11780
cs.AI 2403.11786
cs.AI 2403.11790
cs.AI 2403.11793
cs.AI 2403.11821
cs.AI 2403.11830
cs.AI 2403.11838
cs.AI 2403.11841
cs.AI 2403.11843
cs.AI 2403.11852
cs.AI 2403.11865
cs.AI 2403.11879
cs.AI 2403.11882
cs.AI 2403.11886
cs.AI 2403.11887
cs.AI 2403.11894
cs.AI 2403.11901
cs.AI 2403.11942
cs.AI 2403.11959
cs.AI 2403.11961
cs.AI 2403.11966
cs.AI 2403.11984
cs.AI 2403.11996
cs.AI 2403.12000
cs.AI 2403.12002
cs.AI 2403.12009
cs.AI 2403.12010
cs.AI 2403.12014
cs.AI 2403.12017
cs.AI 2403.12026
cs.AI 2403.12027
cs.AI 2403.12028
cs.AI 2403.12029
cs.AI 2403.12031
cs.AI 2403.10720
cs.AI 2403.10744
cs.AI 2403.10761
cs.AI 2403.10930
cs.AI 2403.11217
cs.AI 2403.11219
cs.AI 2403.11381
cs.AI 2403.11642
cs.AI 2403.11734
cs.AI 2403.11807
cs.AI 2403.11905
cs.AI 2403.12055
cs.AI 2403.12058
cs.AI 2403.12061
cs.AI 2403.12069
cs.AI 2403.12071
cs.AI 2403.12073
cs.AI 2403.12075
cs.AI 2403.12076
cs.AI 2403.12077
cs.AI 2403.12082
cs.AI 2403.12090
cs.AI 2403.12092
cs.AI 2403.12093
cs.AI 2403.12096
cs.AI 2403.12098
cs.AI 2403.12100
cs.AI 2403.12107
cs.AI 2403.12109
cs.AI 2403.12114
cs.AI 2403.12143
cs.AI 2403.12171
cs.AI 2403.12172
cs.AI 2403.12173
cs.AI 2403.12176
cs.AI 2403.12181
cs.AI 2403.12196
cs.AI 2403.12197
cs.AI 2403.12207
cs.AI 2403.12211
cs.AI 2403.12212
cs.AI 2403.12237
cs.AI 2403.12242
cs.AI 2403.12297
cs.AI 2403.12307
cs.AI 2403.12309
cs.AI 2403.12320
cs.AI 2403.12368
cs.AI 2403.12386
cs.AI 2403.12388
cs.AI 2403.12391
cs.AI 2403.12392
cs.AI 2403.12400
cs.AI 2403.12403
cs.AI 2403.12418
cs.AI 2403.12431
cs.AI 2403.12448
cs.AI 2403.12459
cs.AI 2403.12462
cs.AI 2403.12463
cs.AI 2403.12486
cs.AI 2403.12488
cs.AI 2403.12503
cs.AI 2403.12510
cs.AI 2403.12523
cs.AI 2403.12533
cs.AI 2403.12552
cs.AI 2403.12562
cs.AI 2403.12563
cs.AI 2403.12568
cs.AI 2403.12572
cs.AI 2403.12574
cs.AI 2403.12588
cs.AI 2403.12589
cs.AI 2403.12631
cs.AI 2403.12649
cs.AI 2403.12660
cs.AI 2403.12664
cs.AI 2403.12671
cs.AI 2403.12672
cs.AI 2403.12678
cs.AI 2403.12706
cs.AI 2403.12723
cs.AI 2403.12730
cs.AI 2403.12748
cs.AI 2403.12777
cs.AI 2403.12799
cs.AI 2403.12809
cs.AI 2403.12816
cs.AI 2403.12821
cs.AI 2403.12823
cs.AI 2403.12853
cs.AI 2403.12891
cs.AI 2403.12900
cs.AI 2403.12910
cs.AI 2403.12918
cs.AI 2403.12936
cs.AI 2403.12943
cs.AI 2403.12952
cs.AI 2403.12959
cs.AI 2403.12961
cs.AI 2403.12094
cs.AI 2403.12106
cs.AI 2403.12108
cs.AI 2403.12151
cs.AI 2403.12153
cs.AI 2403.12162
cs.AI 2403.12201
cs.AI 2403.12308
cs.AI 2403.12406
cs.AI 2403.12417
cs.AI 2403.12451
cs.AI 2403.12482
cs.AI 2403.12627
cs.AI 2403.12805
cs.AI 2403.12869
cs.AI 2403.12981
cs.AI 2403.12988
cs.AI 2403.12997
cs.AI 2403.12999
cs.AI 2403.13000
cs.AI 2403.13001
cs.AI 2403.13002
cs.AI 2403.13004
cs.AI 2403.13017
cs.AI 2403.13018
cs.AI 2403.13031
cs.AI 2403.13040
cs.AI 2403.13041
cs.AI 2403.13078
cs.AI 2403.13091
cs.AI 2403.13097
cs.AI 2403.13101
cs.AI 2403.13106
cs.AI 2403.13111
cs.AI 2403.13125
cs.AI 2403.13130
cs.AI 2403.13134
cs.AI 2403.13150
cs.AI 2403.13178
cs.AI 2403.13193
cs.AI 2403.13196
cs.AI 2403.13206
cs.AI 2403.13214
cs.AI 2403.13218
cs.AI 2403.13236
cs.AI 2403.13244
cs.AI 2403.13245
cs.AI 2403.13249
cs.AI 2403.13257
cs.AI 2403.13269
cs.AI 2403.13293
cs.AI 2403.13309
cs.AI 2403.13334
cs.AI 2403.13335
cs.AI 2403.13337
cs.AI 2403.13341
cs.AI 2403.13344
cs.AI 2403.13355
cs.AI 2403.13362
cs.AI 2403.13368
cs.AI 2403.13369
cs.AI 2403.13372
cs.AI 2403.13374
cs.AI 2403.13405
cs.AI 2403.13408
cs.AI 2403.13421
cs.AI 2403.13479
cs.AI 2403.13501
cs.AI 2403.13512
cs.AI 2403.13513
cs.AI 2403.13523
cs.AI 2403.13524
cs.AI 2403.13537
cs.AI 2403.13553
cs.AI 2403.13556
cs.AI 2403.13574
cs.AI 2403.13597
cs.AI 2403.13619
cs.AI 2403.13653
cs.AI 2403.13681
cs.AI 2403.13682
cs.AI 2403.13684
cs.AI 2403.13703
cs.AI 2403.13721
cs.AI 2403.13728
cs.AI 2403.13729
cs.AI 2403.13731
cs.AI 2403.13741
cs.AI 2403.13765
cs.AI 2403.13780
cs.AI 2403.13784
cs.AI 2403.13798
cs.AI 2403.13799
cs.AI 2403.13801
cs.AI 2403.13802
cs.AI 2403.13805
cs.AI 2403.13808
cs.AI 2403.13311
cs.AI 2403.13313
cs.AI 2403.13433
cs.AI 2403.13441
cs.AI 2403.13447
cs.AI 2403.13518
cs.AI 2403.13705
cs.AI 2402.17128
cs.AI 2403.13809
cs.AI 2403.13812
cs.AI 2403.13825
cs.AI 2403.13835
cs.AI 2403.13839
cs.AI 2403.13840
cs.AI 2403.13841
cs.AI 2403.13843
cs.AI 2403.13844
cs.AI 2403.13845
cs.AI 2403.13846
cs.AI 2403.13847
cs.AI 2403.13848
cs.AI 2403.13849
cs.AI 2403.13850
cs.AI 2403.13863
cs.AI 2403.13866
cs.AI 2403.13869
cs.AI 2403.13890
cs.AI 2403.13925
cs.AI 2403.13940
cs.AI 2403.13947
cs.AI 2403.13950
cs.AI 2403.13951
cs.AI 2403.13960
cs.AI 2403.13969
cs.AI 2403.14006
cs.AI 2403.14019
cs.AI 2403.14037
cs.AI 2403.14049
cs.AI 2403.14092
cs.AI 2403.14110
cs.AI 2403.14119
cs.AI 2403.14120
cs.AI 2403.14146
cs.AI 2403.14151
cs.AI 2403.14156
cs.AI 2403.14163
cs.AI 2403.14183
cs.AI 2403.14186
cs.AI 2403.14188
cs.AI 2403.14200
cs.AI 2403.14203
cs.AI 2403.14227
cs.AI 2403.14233
cs.AI 2403.14236
cs.AI 2403.14238
cs.AI 2403.14243
cs.AI 2403.14244
cs.AI 2403.14246
cs.AI 2403.14252
cs.AI 2403.14264
cs.AI 2403.14273
cs.AI 2403.14274
cs.AI 2403.14282
cs.AI 2403.14287
cs.AI 2403.14297
cs.AI 2403.14298
cs.AI 2403.14300
cs.AI 2403.14328
cs.AI 2403.14339
cs.AI 2403.14340
cs.AI 2403.14358
cs.AI 2403.14371
cs.AI 2403.14381
cs.AI 2403.14399
cs.AI 2403.14403
cs.AI 2403.14409
cs.AI 2403.14410
cs.AI 2403.14429
cs.AI 2403.14432
cs.AI 2403.14435
cs.AI 2403.14440
cs.AI 2403.14459
cs.AI 2403.14460
cs.AI 2403.14468
cs.AI 2403.14469
cs.AI 2403.14472
cs.AI 2403.14483
cs.AI 2403.14484
cs.AI 2403.14488
cs.AI 2403.14494
cs.AI 2403.14496
cs.AI 2403.14504
cs.AI 2403.14508
cs.AI 2403.14526
cs.AI 2403.14539
cs.AI 2403.14550
cs.AI 2403.14551
cs.AI 2403.14562
cs.AI 2403.14582
cs.AI 2403.14592
cs.AI 2403.14617
cs.AI 2403.14624
cs.AI 2403.14077
cs.AI 2403.14100
cs.AI 2403.14102
cs.AI 2403.14443
cs.AI 2403.14566
cs.AI 2403.14589
cs.DM 2403.10270
cs.DM 2403.10896
cs.DM 2403.11779
cs.DM 2403.12734
cs.DM 2403.12898
cs.DM 2403.12923
cs.DM 2403.12581
cs.DM 2403.12705
cs.DM 2403.13183
cs.DM 2403.13393
cs.DM 2403.13449
cs.DM 2403.14405
cs.DM 2403.14556
cs.CG 2403.10033
cs.CG 2403.10204
cs.CG 2403.10311
cs.CG 2403.10958
cs.CG 2403.11426
cs.CG 2403.11939
cs.CG 2403.11749
cs.CG 2403.11811
cs.CG 2403.11861
cs.CG 2403.12276
cs.CG 2403.12303
cs.CG 2403.12334
cs.CG 2403.12792
cs.CG 2403.12878
cs.CG 2403.12898
cs.CG 2403.13292
cs.CG 2403.13702
cs.CG 2403.14033
cs.CV 2403.09827
cs.CV 2403.09828
cs.CV 2403.09836
cs.CV 2403.09857
cs.CV 2403.09875
cs.CV 2403.09905
cs.CV 2403.09942
cs.CV 2403.09964
cs.CV 2403.09976
cs.CV 2403.10009
cs.CV 2403.10040
cs.CV 2403.10045
cs.CV 2403.10064
cs.CV 2403.10067
cs.CV 2403.10089
cs.CV 2403.10091
cs.CV 2403.10097
cs.CV 2403.10156
cs.CV 2403.10171
cs.CV 2403.10202
cs.CV 2403.10206
cs.CV 2403.10301
cs.CV 2403.10346
cs.CV 2403.10362
cs.CV 2403.10374
cs.CV 2403.10378
cs.CV 2403.10404
cs.CV 2403.10459
cs.CV 2403.10499
cs.CV 2403.09646
cs.CV 2403.09651
cs.CV 2403.09668
cs.CV 2403.09669
cs.CV 2403.09672
cs.CV 2403.09675
cs.CV 2403.09681
cs.CV 2403.09683
cs.CV 2403.09700
cs.CV 2403.09746
cs.CV 2403.09766
cs.CV 2403.09792
cs.CV 2403.09799
cs.CV 2403.09805
cs.CV 2403.09813
cs.CV 2403.09850
cs.CV 2403.09871
cs.CV 2403.09885
cs.CV 2403.09914
cs.CV 2403.09915
cs.CV 2403.09918
cs.CV 2403.09920
cs.CV 2403.09939
cs.CV 2403.09947
cs.CV 2403.09948
cs.CV 2403.09962
cs.CV 2403.09973
cs.CV 2403.09974
cs.CV 2403.09975
cs.CV 2403.09977
cs.CV 2403.09981
cs.CV 2403.09993
cs.CV 2403.09996
cs.CV 2403.09998
cs.CV 2403.10001
cs.CV 2403.10004
cs.CV 2403.10012
cs.CV 2403.10015
cs.CV 2403.10022
cs.CV 2403.10030
cs.CV 2403.10036
cs.CV 2403.10037
cs.CV 2403.10039
cs.CV 2403.10044
cs.CV 2403.10047
cs.CV 2403.10050
cs.CV 2403.10052
cs.CV 2403.10053
cs.CV 2403.10054
cs.CV 2403.10058
cs.CV 2403.10061
cs.CV 2403.10066
cs.CV 2403.10068
cs.CV 2403.10069
cs.CV 2403.10071
cs.CV 2403.10073
cs.CV 2403.10075
cs.CV 2403.10076
cs.CV 2403.10079
cs.CV 2403.10082
cs.CV 2403.10085
cs.CV 2403.10087
cs.CV 2403.10094
cs.CV 2403.10098
cs.CV 2403.10099
cs.CV 2403.10103
cs.CV 2403.10104
cs.CV 2403.10107
cs.CV 2403.10119
cs.CV 2403.10124
cs.CV 2403.10127
cs.CV 2403.10133
cs.CV 2403.10145
cs.CV 2403.10147
cs.CV 2403.10153
cs.CV 2403.10164
cs.CV 2403.10166
cs.CV 2403.10170
cs.CV 2403.10173
cs.CV 2403.10179
cs.CV 2403.10190
cs.CV 2403.10191
cs.CV 2403.10211
cs.CV 2403.10216
cs.CV 2403.10228
cs.CV 2403.10236
cs.CV 2403.10242
cs.CV 2403.10245
cs.CV 2403.10252
cs.CV 2403.10254
cs.CV 2403.10255
cs.CV 2403.10261
cs.CV 2403.10283
cs.CV 2403.10287
cs.CV 2403.10291
cs.CV 2403.10297
cs.CV 2403.10298
cs.CV 2403.10335
cs.CV 2403.10336
cs.CV 2403.10340
cs.CV 2403.10344
cs.CV 2403.10348
cs.CV 2403.10349
cs.CV 2403.10353
cs.CV 2403.10357
cs.CV 2403.10367
cs.CV 2403.10369
cs.CV 2403.10376
cs.CV 2403.10390
cs.CV 2403.10391
cs.CV 2403.10395
cs.CV 2403.10403
cs.CV 2403.10413
cs.CV 2403.10425
cs.CV 2403.10427
cs.CV 2403.10434
cs.CV 2403.10452
cs.CV 2403.10476
cs.CV 2403.10488
cs.CV 2403.10492
cs.CV 2403.10511
cs.CV 2403.10516
cs.CV 2403.10517
cs.CV 2403.10518
cs.CV 2403.10519
cs.CV 2403.10520
cs.CV 2403.10521
cs.CV 2403.10522
cs.CV 2403.10542
cs.CV 2403.10552
cs.CV 2403.10555
cs.CV 2403.10565
cs.CV 2403.10568
cs.CV 2403.10569
cs.CV 2403.10573
cs.CV 2403.10585
cs.CV 2403.10589
cs.CV 2403.10622
cs.CV 2403.10663
cs.CV 2403.10674
cs.CV 2403.10677
cs.CV 2403.10689
cs.CV 2403.10695
cs.CV 2403.10706
cs.CV 2403.10773
cs.CV 2403.10786
cs.CV 2403.10803
cs.CV 2403.10805
cs.CV 2403.10815
cs.CV 2403.10840
cs.CV 2403.10853
cs.CV 2403.10880
cs.CV 2403.10885
cs.CV 2403.10904
cs.CV 2403.10931
cs.CV 2403.10936
cs.CV 2403.10981
cs.CV 2403.11001
cs.CV 2403.11032
cs.CV 2403.11035
cs.CV 2403.11078
cs.CV 2403.11091
cs.CV 2403.11092
cs.CV 2403.11100
cs.CV 2403.11106
cs.CV 2403.11135
cs.CV 2403.11230
cs.CV 2403.11233
cs.CV 2403.11249
cs.CV 2403.11317
cs.CV 2403.11338
cs.CV 2403.11340
cs.CV 2403.11391
cs.CV 2403.11453
cs.CV 2403.11480
cs.CV 2403.11498
cs.CV 2403.11504
cs.CV 2403.11505
cs.CV 2403.11511
cs.CV 2403.11532
cs.CV 2403.11556
cs.CV 2403.11626
cs.CV 2403.11639
cs.CV 2403.11672
cs.CV 2403.11681
cs.CV 2403.11689
cs.CV 2403.11694
cs.CV 2403.11699
cs.CV 2403.11760
cs.CV 2403.11761
cs.CV 2403.11791
cs.CV 2403.11854
cs.CV 2403.11868
cs.CV 2403.11876
cs.CV 2403.11905
cs.CV 2403.11934
cs.CV 2403.11936
cs.CV 2403.11953
cs.CV 2403.11974
cs.CV 2403.11981
cs.CV 2403.12027
cs.CV 2403.10534
cs.CV 2403.10558
cs.CV 2403.10574
cs.CV 2403.10603
cs.CV 2403.10615
cs.CV 2403.10624
cs.CV 2403.10635
cs.CV 2403.10650
cs.CV 2403.10658
cs.CV 2403.10662
cs.CV 2403.10683
cs.CV 2403.10696
cs.CV 2403.10698
cs.CV 2403.10701
cs.CV 2403.10722
cs.CV 2403.10731
cs.CV 2403.10737
cs.CV 2403.10746
cs.CV 2403.10755
cs.CV 2403.10778
cs.CV 2403.10780
cs.CV 2403.10782
cs.CV 2403.10783
cs.CV 2403.10798
cs.CV 2403.10801
cs.CV 2403.10814
cs.CV 2403.10820
cs.CV 2403.10823
cs.CV 2403.10825
cs.CV 2403.10826
cs.CV 2403.10830
cs.CV 2403.10831
cs.CV 2403.10834
cs.CV 2403.10854
cs.CV 2403.10858
cs.CV 2403.10860
cs.CV 2403.10881
cs.CV 2403.10883
cs.CV 2403.10884
cs.CV 2403.10887
cs.CV 2403.10897
cs.CV 2403.10906
cs.CV 2403.10911
cs.CV 2403.10912
cs.CV 2403.10916
cs.CV 2403.10925
cs.CV 2403.10935
cs.CV 2403.10942
cs.CV 2403.10953
cs.CV 2403.10962
cs.CV 2403.10971
cs.CV 2403.10983
cs.CV 2403.10988
cs.CV 2403.10997
cs.CV 2403.11008
cs.CV 2403.11021
cs.CV 2403.11024
cs.CV 2403.11026
cs.CV 2403.11027
cs.CV 2403.11038
cs.CV 2403.11047
cs.CV 2403.11050
cs.CV 2403.11052
cs.CV 2403.11053
cs.CV 2403.11056
cs.CV 2403.11057
cs.CV 2403.11060
cs.CV 2403.11070
cs.CV 2403.11073
cs.CV 2403.11074
cs.CV 2403.11077
cs.CV 2403.11083
cs.CV 2403.11085
cs.CV 2403.11101
cs.CV 2403.11105
cs.CV 2403.11107
cs.CV 2403.11111
cs.CV 2403.11113
cs.CV 2403.11116
cs.CV 2403.11120
cs.CV 2403.11121
cs.CV 2403.11122
cs.CV 2403.11127
cs.CV 2403.11131
cs.CV 2403.11134
cs.CV 2403.11150
cs.CV 2403.11157
cs.CV 2403.11162
cs.CV 2403.11172
cs.CV 2403.11176
cs.CV 2403.11184
cs.CV 2403.11186
cs.CV 2403.11189
cs.CV 2403.11192
cs.CV 2403.11193
cs.CV 2403.11194
cs.CV 2403.11197
cs.CV 2403.11207
cs.CV 2403.11208
cs.CV 2403.11211
cs.CV 2403.11220
cs.CV 2403.11222
cs.CV 2403.11229
cs.CV 2403.11234
cs.CV 2403.11237
cs.CV 2403.11247
cs.CV 2403.11251
cs.CV 2403.11256
cs.CV 2403.11263
cs.CV 2403.11270
cs.CV 2403.11273
cs.CV 2403.11284
cs.CV 2403.11291
cs.CV 2403.11295
cs.CV 2403.11299
cs.CV 2403.11310
cs.CV 2403.11324
cs.CV 2403.11328
cs.CV 2403.11337
cs.CV 2403.11364
cs.CV 2403.11367
cs.CV 2403.11370
cs.CV 2403.11371
cs.CV 2403.11373
cs.CV 2403.11375
cs.CV 2403.11376
cs.CV 2403.11380
cs.CV 2403.11397
cs.CV 2403.11401
cs.CV 2403.11415
cs.CV 2403.11423
cs.CV 2403.11424
cs.CV 2403.11427
cs.CV 2403.11440
cs.CV 2403.11447
cs.CV 2403.11448
cs.CV 2403.11450
cs.CV 2403.11451
cs.CV 2403.11460
cs.CV 2403.11463
cs.CV 2403.11468
cs.CV 2403.11469
cs.CV 2403.11481
cs.CV 2403.11492
cs.CV 2403.11494
cs.CV 2403.11497
cs.CV 2403.11503
cs.CV 2403.11506
cs.CV 2403.11507
cs.CV 2403.11510
cs.CV 2403.11515
cs.CV 2403.11529
cs.CV 2403.11530
cs.CV 2403.11535
cs.CV 2403.11536
cs.CV 2403.11537
cs.CV 2403.11541
cs.CV 2403.11549
cs.CV 2403.11550
cs.CV 2403.11561
cs.CV 2403.11568
cs.CV 2403.11570
cs.CV 2403.11572
cs.CV 2403.11573
cs.CV 2403.11576
cs.CV 2403.11577
cs.CV 2403.11582
cs.CV 2403.11586
cs.CV 2403.11589
cs.CV 2403.11590
cs.CV 2403.11593
cs.CV 2403.11614
cs.CV 2403.11616
cs.CV 2403.11625
cs.CV 2403.11627
cs.CV 2403.11631
cs.CV 2403.11634
cs.CV 2403.11641
cs.CV 2403.11643
cs.CV 2403.11646
cs.CV 2403.11649
cs.CV 2403.11650
cs.CV 2403.11656
cs.CV 2403.11665
cs.CV 2403.11667
cs.CV 2403.11674
cs.CV 2403.11675
cs.CV 2403.11678
cs.CV 2403.11679
cs.CV 2403.11691
cs.CV 2403.11695
cs.CV 2403.11697
cs.CV 2403.11703
cs.CV 2403.11708
cs.CV 2403.11735
cs.CV 2403.11751
cs.CV 2403.11755
cs.CV 2403.11771
cs.CV 2403.11776
cs.CV 2403.11781
cs.CV 2403.11789
cs.CV 2403.11790
cs.CV 2403.11792
cs.CV 2403.11796
cs.CV 2403.11803
cs.CV 2403.11808
cs.CV 2403.11812
cs.CV 2403.11817
cs.CV 2403.11818
cs.CV 2403.11821
cs.CV 2403.11831
cs.CV 2403.11835
cs.CV 2403.11848
cs.CV 2403.11865
cs.CV 2403.11870
cs.CV 2403.11875
cs.CV 2403.11878
cs.CV 2403.11882
cs.CV 2403.11887
cs.CV 2403.11899
cs.CV 2403.11909
cs.CV 2403.11929
cs.CV 2403.11935
cs.CV 2403.11942
cs.CV 2403.11956
cs.CV 2403.11959
cs.CV 2403.11961
cs.CV 2403.11978
cs.CV 2403.11990
cs.CV 2403.11999
cs.CV 2403.12002
cs.CV 2403.12003
cs.CV 2403.12008
cs.CV 2403.12009
cs.CV 2403.12010
cs.CV 2403.12011
cs.CV 2403.12013
cs.CV 2403.12015
cs.CV 2403.12019
cs.CV 2403.12026
cs.CV 2403.12028
cs.CV 2403.12029
cs.CV 2403.12030
cs.CV 2403.12032
cs.CV 2403.12033
cs.CV 2403.12034
cs.CV 2403.12035
cs.CV 2403.12036
cs.CV 2403.12037
cs.CV 2403.12038
cs.CV 2403.12040
cs.CV 2403.12042
cs.CV 2403.12050
cs.CV 2403.12075
cs.CV 2403.12090
cs.CV 2403.12109
cs.CV 2403.12115
cs.CV 2403.12151
cs.CV 2403.12167
cs.CV 2403.12203
cs.CV 2403.12207
cs.CV 2403.12226
cs.CV 2403.12236
cs.CV 2403.12290
cs.CV 2403.12326
cs.CV 2403.12331
cs.CV 2403.12382
cs.CV 2403.12404
cs.CV 2403.12432
cs.CV 2403.12448
cs.CV 2403.12459
cs.CV 2403.12481
cs.CV 2403.12535
cs.CV 2403.12670
cs.CV 2403.12695
cs.CV 2403.12852
cs.CV 2403.12891
cs.CV 2403.12920
cs.CV 2403.12044
cs.CV 2403.12045
cs.CV 2403.12046
cs.CV 2403.12047
cs.CV 2403.12049
cs.CV 2403.12054
cs.CV 2403.12055
cs.CV 2403.12056
cs.CV 2403.12057
cs.CV 2403.12063
cs.CV 2403.12066
cs.CV 2403.12072
cs.CV 2403.12080
cs.CV 2403.12098
cs.CV 2403.12152
cs.CV 2403.12154
cs.CV 2403.12172
cs.CV 2403.12194
cs.CV 2403.12197
cs.CV 2403.12198
cs.CV 2403.12202
cs.CV 2403.12211
cs.CV 2403.12229
cs.CV 2403.12267
cs.CV 2403.12301
cs.CV 2403.12310
cs.CV 2403.12317
cs.CV 2403.12327
cs.CV 2403.12339
cs.CV 2403.12362
cs.CV 2403.12364
cs.CV 2403.12365
cs.CV 2403.12370
cs.CV 2403.12385
cs.CV 2403.12396
cs.CV 2403.12401
cs.CV 2403.12409
cs.CV 2403.12415
cs.CV 2403.12416
cs.CV 2403.12425
cs.CV 2403.12429
cs.CV 2403.12431
cs.CV 2403.12434
cs.CV 2403.12438
cs.CV 2403.12440
cs.CV 2403.12445
cs.CV 2403.12450
cs.CV 2403.12455
cs.CV 2403.12457
cs.CV 2403.12466
cs.CV 2403.12470
cs.CV 2403.12473
cs.CV 2403.12483
cs.CV 2403.12488
cs.CV 2403.12493
cs.CV 2403.12494
cs.CV 2403.12505
cs.CV 2403.12510
cs.CV 2403.12519
cs.CV 2403.12530
cs.CV 2403.12532
cs.CV 2403.12534
cs.CV 2403.12536
cs.CV 2403.12537
cs.CV 2403.12543
cs.CV 2403.12550
cs.CV 2403.12552
cs.CV 2403.12559
cs.CV 2403.12570
cs.CV 2403.12572
cs.CV 2403.12573
cs.CV 2403.12574
cs.CV 2403.12580
cs.CV 2403.12585
cs.CV 2403.12658
cs.CV 2403.12682
cs.CV 2403.12686
cs.CV 2403.12687
cs.CV 2403.12693
cs.CV 2403.12702
cs.CV 2403.12706
cs.CV 2403.12707
cs.CV 2403.12710
cs.CV 2403.12712
cs.CV 2403.12722
cs.CV 2403.12728
cs.CV 2403.12736
cs.CV 2403.12743
cs.CV 2403.12747
cs.CV 2403.12748
cs.CV 2403.12760
cs.CV 2403.12767
cs.CV 2403.12770
cs.CV 2403.12777
cs.CV 2403.12778
cs.CV 2403.12784
cs.CV 2403.12787
cs.CV 2403.12800
cs.CV 2403.12801
cs.CV 2403.12803
cs.CV 2403.12806
cs.CV 2403.12816
cs.CV 2403.12834
cs.CV 2403.12835
cs.CV 2403.12839
cs.CV 2403.12848
cs.CV 2403.12870
cs.CV 2403.12883
cs.CV 2403.12884
cs.CV 2403.12886
cs.CV 2403.12894
cs.CV 2403.12895
cs.CV 2403.12906
cs.CV 2403.12915
cs.CV 2403.12922
cs.CV 2403.12931
cs.CV 2403.12933
cs.CV 2403.12935
cs.CV 2403.12952
cs.CV 2403.12953
cs.CV 2403.12957
cs.CV 2403.12959
cs.CV 2403.12960
cs.CV 2403.12961
cs.CV 2403.12962
cs.CV 2403.12963
cs.CV 2403.12964
cs.CV 2403.12965
cs.CV 2403.12966
cs.CV 2211.15918
cs.CV 2403.12970
cs.CV 2403.12981
cs.CV 2403.13030
cs.CV 2403.13040
cs.CV 2403.13106
cs.CV 2403.13113
cs.CV 2403.13148
cs.CV 2403.13176
cs.CV 2403.13196
cs.CV 2403.13204
cs.CV 2403.13249
cs.CV 2403.13349
cs.CV 2403.13365
cs.CV 2403.13439
cs.CV 2403.13447
cs.CV 2403.13467
cs.CV 2403.13509
cs.CV 2403.13518
cs.CV 2403.13522
cs.CV 2403.13537
cs.CV 2403.13658
cs.CV 2403.13680
cs.CV 2403.13690
cs.CV 2403.13714
cs.CV 2403.13765
cs.CV 2403.13797
cs.CV 2403.12975
cs.CV 2403.12977
cs.CV 2403.12983
cs.CV 2403.12986
cs.CV 2403.12988
cs.CV 2403.12991
cs.CV 2403.13039
cs.CV 2403.13042
cs.CV 2403.13043
cs.CV 2403.13044
cs.CV 2403.13064
cs.CV 2403.13078
cs.CV 2403.13094
cs.CV 2403.13129
cs.CV 2403.13135
cs.CV 2403.13163
cs.CV 2403.13167
cs.CV 2403.13171
cs.CV 2403.13188
cs.CV 2403.13190
cs.CV 2403.13195
cs.CV 2403.13199
cs.CV 2403.13206
cs.CV 2403.13214
cs.CV 2403.13218
cs.CV 2403.13238
cs.CV 2403.13248
cs.CV 2403.13258
cs.CV 2403.13261
cs.CV 2403.13263
cs.CV 2403.13282
cs.CV 2403.13289
cs.CV 2403.13293
cs.CV 2403.13298
cs.CV 2403.13304
cs.CV 2403.13307
cs.CV 2403.13315
cs.CV 2403.13319
cs.CV 2403.13322
cs.CV 2403.13324
cs.CV 2403.13327
cs.CV 2403.13330
cs.CV 2403.13331
cs.CV 2403.13337
cs.CV 2403.13338
cs.CV 2403.13341
cs.CV 2403.13343
cs.CV 2403.13347
cs.CV 2403.13351
cs.CV 2403.13352
cs.CV 2403.13370
cs.CV 2403.13375
cs.CV 2403.13376
cs.CV 2403.13378
cs.CV 2403.13392
cs.CV 2403.13395
cs.CV 2403.13405
cs.CV 2403.13408
cs.CV 2403.13412
cs.CV 2403.13417
cs.CV 2403.13430
cs.CV 2403.13434
cs.CV 2403.13438
cs.CV 2403.13443
cs.CV 2403.13444
cs.CV 2403.13466
cs.CV 2403.13469
cs.CV 2403.13470
cs.CV 2403.13479
cs.CV 2403.13480
cs.CV 2403.13499
cs.CV 2403.13501
cs.CV 2403.13507
cs.CV 2403.13512
cs.CV 2403.13513
cs.CV 2403.13524
cs.CV 2403.13535
cs.CV 2403.13545
cs.CV 2403.13548
cs.CV 2403.13551
cs.CV 2403.13556
cs.CV 2403.13570
cs.CV 2403.13575
cs.CV 2403.13589
cs.CV 2403.13600
cs.CV 2403.13642
cs.CV 2403.13647
cs.CV 2403.13652
cs.CV 2403.13653
cs.CV 2403.13659
cs.CV 2403.13660
cs.CV 2403.13663
cs.CV 2403.13667
cs.CV 2403.13677
cs.CV 2403.13678
cs.CV 2403.13683
cs.CV 2403.13684
cs.CV 2403.13698
cs.CV 2403.13703
cs.CV 2403.13731
cs.CV 2403.13745
cs.CV 2403.13747
cs.CV 2403.13756
cs.CV 2403.13761
cs.CV 2403.13762
cs.CV 2403.13763
cs.CV 2403.13771
cs.CV 2403.13778
cs.CV 2403.13788
cs.CV 2403.13798
cs.CV 2403.13800
cs.CV 2403.13802
cs.CV 2403.13803
cs.CV 2403.13804
cs.CV 2403.13805
cs.CV 2403.13806
cs.CV 2403.13807
cs.CV 2403.13808
cs.CV 2403.13858
cs.CV 2403.13996
cs.CV 2403.14047
cs.CV 2403.14066
cs.CV 2403.14070
cs.CV 2403.14135
cs.CV 2403.14138
cs.CV 2403.14163
cs.CV 2403.14200
cs.CV 2403.14235
cs.CV 2403.14243
cs.CV 2403.14248
cs.CV 2403.14250
cs.CV 2403.14252
cs.CV 2403.14262
cs.CV 2403.14286
cs.CV 2403.14290
cs.CV 2403.14297
cs.CV 2403.14302
cs.CV 2403.14320
cs.CV 2403.14324
cs.CV 2403.14339
cs.CV 2403.14421
cs.CV 2403.14465
cs.CV 2403.14472
cs.CV 2403.14484
cs.CV 2403.14499
cs.CV 2403.14523
cs.CV 2403.14526
cs.CV 2403.14623
cs.CV 2403.14626
cs.CV 2403.13826
cs.CV 2403.13870
cs.CV 2403.13890
cs.CV 2403.13900
cs.CV 2403.13916
cs.CV 2403.13951
cs.CV 2403.13965
cs.CV 2403.13972
cs.CV 2403.14002
cs.CV 2403.14003
cs.CV 2403.14027
cs.CV 2403.14053
cs.CV 2403.14056
cs.CV 2403.14082
cs.CV 2403.14085
cs.CV 2403.14089
cs.CV 2403.14093
cs.CV 2403.14101
cs.CV 2403.14103
cs.CV 2403.14104
cs.CV 2403.14113
cs.CV 2403.14114
cs.CV 2403.14115
cs.CV 2403.14119
cs.CV 2403.14121
cs.CV 2403.14124
cs.CV 2403.14133
cs.CV 2403.14137
cs.CV 2403.14140
cs.CV 2403.14141
cs.CV 2403.14148
cs.CV 2403.14155
cs.CV 2403.14158
cs.CV 2403.14166
cs.CV 2403.14174
cs.CV 2403.14183
cs.CV 2403.14186
cs.CV 2403.14191
cs.CV 2403.14198
cs.CV 2403.14203
cs.CV 2403.14213
cs.CV 2403.14233
cs.CV 2403.14240
cs.CV 2403.14244
cs.CV 2403.14264
cs.CV 2403.14270
cs.CV 2403.14279
cs.CV 2403.14287
cs.CV 2403.14291
cs.CV 2403.14292
cs.CV 2403.14318
cs.CV 2403.14333
cs.CV 2403.14335
cs.CV 2403.14346
cs.CV 2403.14349
cs.CV 2403.14350
cs.CV 2403.14354
cs.CV 2403.14359
cs.CV 2403.14362
cs.CV 2403.14366
cs.CV 2403.14368
cs.CV 2403.14370
cs.CV 2403.14376
cs.CV 2403.14379
cs.CV 2403.14392
cs.CV 2403.14401
cs.CV 2403.14410
cs.CV 2403.14412
cs.CV 2403.14418
cs.CV 2403.14429
cs.CV 2403.14430
cs.CV 2403.14435
cs.CV 2403.14439
cs.CV 2403.14440
cs.CV 2403.14442
cs.CV 2403.14447
cs.CV 2403.14468
cs.CV 2403.14487
cs.CV 2403.14489
cs.CV 2403.14494
cs.CV 2403.14497
cs.CV 2403.14513
cs.CV 2403.14520
cs.CV 2403.14530
cs.CV 2403.14534
cs.CV 2403.14539
cs.CV 2403.14547
cs.CV 2403.14548
cs.CV 2403.14552
cs.CV 2403.14554
cs.CV 2403.14559
cs.CV 2403.14572
cs.CV 2403.14594
cs.CV 2403.14598
cs.CV 2403.14599
cs.CV 2403.14602
cs.CV 2403.14610
cs.CV 2403.14611
cs.CV 2403.14613
cs.CV 2403.14614
cs.CV 2403.14616
cs.CV 2403.14617
cs.CV 2403.14619
cs.CV 2403.14621
cs.CV 2403.14622
cs.CV 2403.14624
cs.CV 2403.14625
cs.CV 2403.14627
cs.CV 2403.14628
cs.DC 2403.09904
cs.DC 2403.10455
cs.DC 2403.09671
cs.DC 2403.10266
cs.DC 2403.10332
cs.DC 2403.10504
cs.DC 2403.11204
cs.DC 2403.11259
cs.DC 2403.11366
cs.DC 2403.11434
cs.DC 2403.11522
cs.DC 2403.11795
cs.DC 2403.11892
cs.DC 2403.10726
cs.DC 2403.10954
cs.DC 2403.10977
cs.DC 2403.11221
cs.DC 2403.11238
cs.DC 2403.11421
cs.DC 2403.11603
cs.DC 2403.12231
cs.DC 2403.12239
cs.DC 2403.12313
cs.DC 2403.12329
cs.DC 2403.12179
cs.DC 2403.12256
cs.DC 2403.12345
cs.DC 2403.12797
cs.DC 2403.12849
cs.DC 2403.12900
cs.DC 2403.13101
cs.DC 2403.13108
cs.DC 2403.13135
cs.DC 2403.13199
cs.DC 2403.13245
cs.DC 2403.13247
cs.DC 2403.13454
cs.DC 2403.13644
cs.DC 2403.12980
cs.DC 2403.12981
cs.DC 2403.13287
cs.DC 2403.13393
cs.DC 2403.13411
cs.DC 2403.13619
cs.DC 2403.13629
cs.DC 2403.13716
cs.DC 2403.14108
cs.DC 2403.14342
cs.DC 2403.14352
cs.DC 2403.13918
cs.DC 2403.14047
cs.DC 2403.14097
cs.DC 2403.14445
cs.GT 2403.09794
cs.GT 2403.09991
cs.GT 2403.10310
cs.GT 2403.10384
cs.GT 2403.10451
cs.GT 2403.10570
cs.GT 2403.11022
cs.GT 2403.11267
cs.GT 2403.11307
cs.GT 2403.11345
cs.GT 2403.11811
cs.GT 2403.10980
cs.GT 2403.11054
cs.GT 2403.11486
cs.GT 2403.11633
cs.GT 2403.12183
cs.GT 2403.12195
cs.GT 2403.12181
cs.GT 2403.12204
cs.GT 2403.12807
cs.GT 2403.13083
cs.GT 2403.13275
cs.GT 2403.14011
cs.CL 2403.09713
cs.CL 2403.09715
cs.CL 2403.09717
cs.CL 2403.09751
cs.CL 2403.09792
cs.CL 2403.09795
cs.CL 2403.09974
cs.CL 2403.10059
cs.CL 2403.10135
cs.CL 2403.10228
cs.CL 2403.10444
cs.CL 2403.10499
cs.CL 2403.10517
cs.CL 2403.09674
cs.CL 2403.09676
cs.CL 2403.09702
cs.CL 2403.09703
cs.CL 2403.09704
cs.CL 2403.09705
cs.CL 2403.09706
cs.CL 2403.09708
cs.CL 2403.09709
cs.CL 2403.09712
cs.CL 2403.09714
cs.CL 2403.09718
cs.CL 2403.09719
cs.CL 2403.09720
cs.CL 2403.09721
cs.CL 2403.09722
cs.CL 2403.09724
cs.CL 2403.09725
cs.CL 2403.09727
cs.CL 2403.09728
cs.CL 2403.09732
cs.CL 2403.09733
cs.CL 2403.09734
cs.CL 2403.09738
cs.CL 2403.09743
cs.CL 2403.09744
cs.CL 2403.09747
cs.CL 2403.09750
cs.CL 2403.09762
cs.CL 2403.09832
cs.CL 2403.09849
cs.CL 2403.09858
cs.CL 2403.09887
cs.CL 2403.09891
cs.CL 2403.09892
cs.CL 2403.09919
cs.CL 2403.09963
cs.CL 2403.09972
cs.CL 2403.09997
cs.CL 2403.10020
cs.CL 2403.10056
cs.CL 2403.10065
cs.CL 2403.10081
cs.CL 2403.10088
cs.CL 2403.10131
cs.CL 2403.10144
cs.CL 2403.10185
cs.CL 2403.10205
cs.CL 2403.10214
cs.CL 2403.10237
cs.CL 2403.10239
cs.CL 2403.10258
cs.CL 2403.10275
cs.CL 2403.10281
cs.CL 2403.10293
cs.CL 2403.10301
cs.CL 2403.10326
cs.CL 2403.10338
cs.CL 2403.10351
cs.CL 2403.10378
cs.CL 2403.10381
cs.CL 2403.10446
cs.CL 2403.10557
cs.CL 2403.10568
cs.CL 2403.10575
cs.CL 2403.10576
cs.CL 2403.10581
cs.CL 2403.10616
cs.CL 2403.10667
cs.CL 2403.10700
cs.CL 2403.10704
cs.CL 2403.10937
cs.CL 2403.10943
cs.CL 2403.10961
cs.CL 2403.11083
cs.CL 2403.11085
cs.CL 2403.11176
cs.CL 2403.11265
cs.CL 2403.11299
cs.CL 2403.11314
cs.CL 2403.11335
cs.CL 2403.11366
cs.CL 2403.11381
cs.CL 2403.11425
cs.CL 2403.11585
cs.CL 2403.11771
cs.CL 2403.11807
cs.CL 2403.11905
cs.CL 2403.11996
cs.CL 2403.12017
cs.CL 2403.12025
cs.CL 2403.12026
cs.CL 2403.10596
cs.CL 2403.10691
cs.CL 2403.10692
cs.CL 2403.10699
cs.CL 2403.10707
cs.CL 2403.10750
cs.CL 2403.10758
cs.CL 2403.10764
cs.CL 2403.10774
cs.CL 2403.10779
cs.CL 2403.10781
cs.CL 2403.10795
cs.CL 2403.10799
cs.CL 2403.10822
cs.CL 2403.10827
cs.CL 2403.10829
cs.CL 2403.10838
cs.CL 2403.10849
cs.CL 2403.10856
cs.CL 2403.10882
cs.CL 2403.10894
cs.CL 2403.10900
cs.CL 2403.10949
cs.CL 2403.10963
cs.CL 2403.10978
cs.CL 2403.11009
cs.CL 2403.11025
cs.CL 2403.11069
cs.CL 2403.11082
cs.CL 2403.11092
cs.CL 2403.11103
cs.CL 2403.11108
cs.CL 2403.11123
cs.CL 2403.11124
cs.CL 2403.11128
cs.CL 2403.11129
cs.CL 2403.11130
cs.CL 2403.11145
cs.CL 2403.11152
cs.CL 2403.11169
cs.CL 2403.11183
cs.CL 2403.11203
cs.CL 2403.11209
cs.CL 2403.11227
cs.CL 2403.11236
cs.CL 2403.11297
cs.CL 2403.11311
cs.CL 2403.11317
cs.CL 2403.11322
cs.CL 2403.11330
cs.CL 2403.11346
cs.CL 2403.11369
cs.CL 2403.11399
cs.CL 2403.11413
cs.CL 2403.11430
cs.CL 2403.11435
cs.CL 2403.11439
cs.CL 2403.11456
cs.CL 2403.11473
cs.CL 2403.11509
cs.CL 2403.11558
cs.CL 2403.11621
cs.CL 2403.11747
cs.CL 2403.11752
cs.CL 2403.11786
cs.CL 2403.11793
cs.CL 2403.11802
cs.CL 2403.11810
cs.CL 2403.11833
cs.CL 2403.11834
cs.CL 2403.11838
cs.CL 2403.11858
cs.CL 2403.11873
cs.CL 2403.11886
cs.CL 2403.11894
cs.CL 2403.11896
cs.CL 2403.11903
cs.CL 2403.11904
cs.CL 2403.11921
cs.CL 2403.11958
cs.CL 2403.11984
cs.CL 2403.12014
cs.CL 2403.12024
cs.CL 2403.12027
cs.CL 2403.12083
cs.CL 2403.12092
cs.CL 2403.12094
cs.CL 2403.12151
cs.CL 2403.12328
cs.CL 2403.12416
cs.CL 2403.12482
cs.CL 2403.12805
cs.CL 2403.12900
cs.CL 2403.12964
cs.CL 2403.12077
cs.CL 2403.12082
cs.CL 2403.12088
cs.CL 2403.12145
cs.CL 2403.12171
cs.CL 2403.12173
cs.CL 2403.12212
cs.CL 2403.12242
cs.CL 2403.12244
cs.CL 2403.12285
cs.CL 2403.12294
cs.CL 2403.12297
cs.CL 2403.12316
cs.CL 2403.12368
cs.CL 2403.12373
cs.CL 2403.12374
cs.CL 2403.12386
cs.CL 2403.12392
cs.CL 2403.12393
cs.CL 2403.12402
cs.CL 2403.12403
cs.CL 2403.12407
cs.CL 2403.12408
cs.CL 2403.12413
cs.CL 2403.12468
cs.CL 2403.12469
cs.CL 2403.12500
cs.CL 2403.12523
cs.CL 2403.12526
cs.CL 2403.12556
cs.CL 2403.12563
cs.CL 2403.12582
cs.CL 2403.12596
cs.CL 2403.12601
cs.CL 2403.12666
cs.CL 2403.12675
cs.CL 2403.12678
cs.CL 2403.12721
cs.CL 2403.12744
cs.CL 2403.12749
cs.CL 2403.12766
cs.CL 2403.12776
cs.CL 2403.12799
cs.CL 2403.12809
cs.CL 2403.12862
cs.CL 2403.12881
cs.CL 2403.12918
cs.CL 2403.12924
cs.CL 2403.12936
cs.CL 2403.12958
cs.CL 2403.12968
cs.CL 2403.12973
cs.CL 2403.12984
cs.CL 2403.12999
cs.CL 2403.13000
cs.CL 2403.13002
cs.CL 2403.13031
cs.CL 2403.13037
cs.CL 2403.13106
cs.CL 2403.13213
cs.CL 2403.13272
cs.CL 2403.13301
cs.CL 2403.13313
cs.CL 2403.13344
cs.CL 2403.13362
cs.CL 2403.13433
cs.CL 2403.13447
cs.CL 2403.13513
cs.CL 2403.13518
cs.CL 2403.13583
cs.CL 2403.13588
cs.CL 2403.13801
cs.CL 2403.13802
cs.CL 2403.13804
cs.CL 2403.13089
cs.CL 2403.13107
cs.CL 2403.13112
cs.CL 2403.13130
cs.CL 2403.13169
cs.CL 2403.13233
cs.CL 2403.13240
cs.CL 2403.13244
cs.CL 2403.13250
cs.CL 2403.13253
cs.CL 2403.13257
cs.CL 2403.13269
cs.CL 2403.13312
cs.CL 2403.13334
cs.CL 2403.13368
cs.CL 2403.13369
cs.CL 2403.13372
cs.CL 2403.13485
cs.CL 2403.13514
cs.CL 2403.13537
cs.CL 2403.13560
cs.CL 2403.13578
cs.CL 2403.13590
cs.CL 2403.13592
cs.CL 2403.13638
cs.CL 2403.13666
cs.CL 2403.13679
cs.CL 2403.13681
cs.CL 2403.13737
cs.CL 2403.13754
cs.CL 2403.13780
cs.CL 2403.13786
cs.CL 2403.13799
cs.CL 2402.17128
cs.CL 2403.13812
cs.CL 2403.13826
cs.CL 2403.13830
cs.CL 2403.13835
cs.CL 2403.14048
cs.CL 2403.14074
cs.CL 2403.14117
cs.CL 2403.14119
cs.CL 2403.14236
cs.CL 2403.14270
cs.CL 2403.14339
cs.CL 2403.14443
cs.CL 2403.14460
cs.CL 2403.14467
cs.CL 2403.14589
cs.CL 2403.14624
cs.CL 2403.13840
cs.CL 2403.13901
cs.CL 2403.13903
cs.CL 2403.13922
cs.CL 2403.13925
cs.CL 2403.14001
cs.CL 2403.14006
cs.CL 2403.14009
cs.CL 2403.14037
cs.CL 2403.14072
cs.CL 2403.14112
cs.CL 2403.14118
cs.CL 2403.14168
cs.CL 2403.14171
cs.CL 2403.14197
cs.CL 2403.14208
cs.CL 2403.14221
cs.CL 2403.14222
cs.CL 2403.14238
cs.CL 2403.14243
cs.CL 2403.14252
cs.CL 2403.14253
cs.CL 2403.14255
cs.CL 2403.14258
cs.CL 2403.14275
cs.CL 2403.14312
cs.CL 2403.14341
cs.CL 2403.14364
cs.CL 2403.14374
cs.CL 2403.14381
cs.CL 2403.14390
cs.CL 2403.14399
cs.CL 2403.14402
cs.CL 2403.14403
cs.CL 2403.14409
cs.CL 2403.14427
cs.CL 2403.14438
cs.CL 2403.14444
cs.CL 2403.14454
cs.CL 2403.14457
cs.CL 2403.14459
cs.CL 2403.14469
cs.CL 2403.14472
cs.CL 2403.14515
cs.CL 2403.14541
cs.CL 2403.14551
cs.CL 2403.14562
cs.CL 2403.14565
cs.CL 2403.14582
cs.CR 2403.09715
cs.CR 2403.09901
cs.CR 2403.10112
cs.CR 2403.10319
cs.CR 2403.10368
cs.CR 2403.10461
cs.CR 2403.09735
cs.CR 2403.09751
cs.CR 2403.09752
cs.CR 2403.09795
cs.CR 2403.09880
cs.CR 2403.09954
cs.CR 2403.10000
cs.CR 2403.10005
cs.CR 2403.10021
cs.CR 2403.10092
cs.CR 2403.10116
cs.CR 2403.10188
cs.CR 2403.10226
cs.CR 2403.10296
cs.CR 2403.10313
cs.CR 2403.10327
cs.CR 2403.10328
cs.CR 2403.10361
cs.CR 2403.10372
cs.CR 2403.10408
cs.CR 2403.10550
cs.CR 2403.10553
cs.CR 2403.10558
cs.CR 2403.10573
cs.CR 2403.10646
cs.CR 2403.10676
cs.CR 2403.10717
cs.CR 2403.10790
cs.CR 2403.10856
cs.CR 2403.10883
cs.CR 2403.10995
cs.CR 2403.11052
cs.CR 2403.11162
cs.CR 2403.11206
cs.CR 2403.11238
cs.CR 2403.11297
cs.CR 2403.11343
cs.CR 2403.11433
cs.CR 2403.11759
cs.CR 2403.11778
cs.CR 2403.11833
cs.CR 2403.11941
cs.CR 2403.10562
cs.CR 2403.10570
cs.CR 2403.10576
cs.CR 2403.10583
cs.CR 2403.10659
cs.CR 2403.10663
cs.CR 2403.10789
cs.CR 2403.10828
cs.CR 2403.10879
cs.CR 2403.10893
cs.CR 2403.10920
cs.CR 2403.10968
cs.CR 2403.11088
cs.CR 2403.11166
cs.CR 2403.11171
cs.CR 2403.11180
cs.CR 2403.11303
cs.CR 2403.11445
cs.CR 2403.11519
cs.CR 2403.11669
cs.CR 2403.11741
cs.CR 2403.11798
cs.CR 2403.11830
cs.CR 2403.11859
cs.CR 2403.11981
cs.CR 2403.12060
cs.CR 2403.12075
cs.CR 2403.12313
cs.CR 2403.12399
cs.CR 2403.12433
cs.CR 2403.12446
cs.CR 2403.12830
cs.CR 2403.12196
cs.CR 2403.12239
cs.CR 2403.12252
cs.CR 2403.12363
cs.CR 2403.12503
cs.CR 2403.12541
cs.CR 2403.12568
cs.CR 2403.12644
cs.CR 2403.12671
cs.CR 2403.12723
cs.CR 2403.12812
cs.CR 2403.13000
cs.CR 2403.13108
cs.CR 2403.13345
cs.CR 2403.13374
cs.CR 2403.13502
cs.CR 2403.13523
cs.CR 2403.13010
cs.CR 2403.13013
cs.CR 2403.13017
cs.CR 2403.13018
cs.CR 2403.13020
cs.CR 2403.13023
cs.CR 2403.13027
cs.CR 2403.13031
cs.CR 2403.13041
cs.CR 2403.13193
cs.CR 2403.13237
cs.CR 2403.13296
cs.CR 2403.13309
cs.CR 2403.13355
cs.CR 2403.13492
cs.CR 2403.13510
cs.CR 2403.13563
cs.CR 2403.13682
cs.CR 2403.13736
cs.CR 2403.13743
cs.CR 2403.13820
cs.CR 2403.13848
cs.CR 2403.13944
cs.CR 2403.14188
cs.CR 2403.14250
cs.CR 2403.14332
cs.CR 2403.14450
cs.CR 2403.14018
cs.CR 2403.14020
cs.CR 2403.14023
cs.CR 2403.14111
cs.CR 2403.14280
cs.CR 2403.14342
cs.CR 2403.14428
cs.CR 2403.14581
cs.CC 2403.09728
cs.CC 2403.10063
cs.CC 2403.09994
cs.CC 2403.11307
cs.CC 2403.11320
cs.CC 2403.11749
cs.CC 2403.11941
cs.CC 2403.12213
cs.CC 2403.12674
cs.CC 2403.12716
cs.CC 2403.13084
cs.CC 2403.13472
cs.CC 2403.14556
cs.CC 2403.14607
cs.CC 2403.14150
cs.CC 2403.14217
cs.FL 2403.04777
cs.FL 2403.05088
cs.FL 2403.07607
cs.FL 2403.08707
cs.FL 2403.09145
cs.FL 2403.11148
cs.IR 2403.09674
cs.IR 2403.09738
cs.IR 2403.09963
cs.IR 2403.10081
cs.IR 2403.10146
cs.IR 2403.10254
cs.IR 2403.10408
cs.IR 2403.10516
cs.IR 2403.10517
cs.IR 2403.10049
cs.IR 2403.10135
cs.IR 2403.10407
cs.IR 2401.11021
cs.IR 2403.10753
cs.IR 2403.10978
cs.IR 2403.10667
cs.IR 2403.10939
cs.IR 2403.11136
cs.IR 2403.11335
cs.IR 2403.11624
cs.IR 2403.12077
cs.IR 2403.12088
cs.IR 2403.12173
cs.IR 2403.12328
cs.IR 2403.12079
cs.IR 2403.12083
cs.IR 2403.12087
cs.IR 2403.12090
cs.IR 2403.12092
cs.IR 2403.12096
cs.IR 2403.12100
cs.IR 2403.12384
cs.IR 2403.12388
cs.IR 2403.12499
cs.IR 2403.12566
cs.IR 2403.12649
cs.IR 2403.12660
cs.IR 2403.12984
cs.IR 2403.13344
cs.IR 2403.13480
cs.IR 2403.13597
cs.IR 2403.13747
cs.IR 2403.13242
cs.IR 2403.13291
cs.IR 2403.13310
cs.IR 2403.13317
cs.IR 2403.13325
cs.IR 2403.13468
cs.IR 2403.13574
cs.IR 2403.14374
cs.IR 2403.14074
cs.IR 2403.14144
cs.IR 2403.14377
cs.DS 2403.09742
cs.DS 2403.10116
cs.DS 2403.10167
cs.DS 2403.10184
cs.DS 2403.10332
cs.DS 2403.10416
cs.DS 2403.10444
cs.DS 2403.09893
cs.DS 2403.10365
cs.DS 2403.10547
cs.DS 2403.10618
cs.DS 2403.10896
cs.DS 2403.11445
cs.DS 2403.11941
cs.DS 2403.11963
cs.DS 2403.10640
cs.DS 2403.10868
cs.DS 2403.11018
cs.DS 2403.11267
cs.DS 2403.11320
cs.DS 2403.11426
cs.DS 2403.12195
cs.DS 2403.12213
cs.DS 2403.12648
cs.DS 2403.12734
cs.DS 2403.13183
cs.DS 2403.13716
cs.DS 2403.13162
cs.DS 2403.13644
cs.DS 2403.14087
cs.DS 2403.14256
cs.DS 2403.14332
cs.DS 2403.14492
cs.IT 2403.09958
cs.IT 2403.10202
cs.IT 2403.10444
cs.IT 2403.10002
cs.IT 2403.10089
cs.IT 2403.10230
cs.IT 2403.10232
cs.IT 2403.10307
cs.IT 2403.10412
cs.IT 2403.10613
cs.IT 2403.10938
cs.IT 2403.10992
cs.IT 2403.11046
cs.IT 2403.11071
cs.IT 2403.11175
cs.IT 2403.11433
cs.IT 2403.11477
cs.IT 2403.11893
cs.IT 2403.10560
cs.IT 2403.10644
cs.IT 2403.10656
cs.IT 2403.10676
cs.IT 2403.10751
cs.IT 2403.10832
cs.IT 2403.10873
cs.IT 2403.10921
cs.IT 2403.10927
cs.IT 2403.10985
cs.IT 2403.11081
cs.IT 2403.11097
cs.IT 2403.11109
cs.IT 2403.11117
cs.IT 2403.11187
cs.IT 2403.11272
cs.IT 2403.11436
cs.IT 2403.11551
cs.IT 2403.11693
cs.IT 2403.11750
cs.IT 2403.11754
cs.IT 2403.11762
cs.IT 2403.11764
cs.IT 2403.11766
cs.IT 2403.11775
cs.IT 2403.11806
cs.IT 2403.11809
cs.IT 2403.11891
cs.IT 2403.11926
cs.IT 2403.11927
cs.IT 2403.11932
cs.IT 2403.12352
cs.IT 2403.12268
cs.IT 2403.12324
cs.IT 2403.12419
cs.IT 2403.12498
cs.IT 2403.12506
cs.IT 2403.12571
cs.IT 2403.12578
cs.IT 2403.12588
cs.IT 2403.12813
cs.IT 2403.12893
cs.IT 2403.12997
cs.IT 2403.13022
cs.IT 2403.13027
cs.IT 2403.13632
cs.IT 2403.12985
cs.IT 2403.13345
cs.IT 2403.13350
cs.IT 2403.13363
cs.IT 2403.13573
cs.IT 2403.13615
cs.IT 2403.14042
cs.IT 2403.14109
cs.IT 2403.14338
cs.IT 2403.14416
cs.IT 2403.14450
cs.IT 2403.14192
cs.IT 2403.14360
cs.GR 2403.09675
cs.GR 2403.09921
cs.GR 2403.10075
cs.GR 2403.10357
cs.GR 2403.10518
cs.GR 2403.10560
cs.GR 2403.10615
cs.GR 2403.10805
cs.GR 2403.10997
cs.GR 2403.11134
cs.GR 2403.11156
cs.GR 2403.11263
cs.GR 2403.11367
cs.GR 2403.11469
cs.GR 2403.11821
cs.GR 2403.11865
cs.GR 2403.12010
cs.GR 2403.12032
cs.GR 2403.12034
cs.GR 2403.12036
cs.GR 2403.10647
cs.GR 2403.11141
cs.GR 2403.11453
cs.GR 2403.11626
cs.GR 2403.11868
cs.GR 2403.12198
cs.GR 2403.12959
cs.GR 2403.12961
cs.GR 2403.12387
cs.GR 2403.12820
cs.GR 2403.13014
cs.GR 2403.13806
cs.GR 2403.13910
cs.GR 2403.14053
cs.GR 2403.14186
cs.GR 2403.14554
cs.GR 2403.14602
cs.GR 2403.13924
cs.AR 2403.10188
cs.AR 2403.10726
cs.AR 2403.11472
cs.AR 2403.10538
cs.AR 2403.10540
cs.AR 2403.10542
cs.AR 2403.10686
cs.AR 2403.10913
cs.AR 2403.11202
cs.AR 2403.11414
cs.AR 2403.11563
cs.AR 2403.11671
cs.AR 2403.12698
cs.AR 2403.13563
cs.AR 2403.13577
cs.AR 2403.13838
cs.AR 2403.14047
cs.AR 2403.14123
cs.AR 2403.14242
cs.AR 2403.14353
cs.LG 2403.09646
cs.LG 2403.09672
cs.LG 2403.09673
cs.LG 2403.09674
cs.LG 2403.09680
cs.LG 2403.09681
cs.LG 2403.09683
cs.LG 2403.09704
cs.LG 2403.09708
cs.LG 2403.09715
cs.LG 2403.09724
cs.LG 2403.09727
cs.LG 2403.09742
cs.LG 2403.09743
cs.LG 2403.09755
cs.LG 2403.09758
cs.LG 2403.09762
cs.LG 2403.09793
cs.LG 2403.09805
cs.LG 2403.09810
cs.LG 2403.09811
cs.LG 2403.09869
cs.LG 2403.09871
cs.LG 2403.09891
cs.LG 2403.09918
cs.LG 2403.09919
cs.LG 2403.09942
cs.LG 2403.09961
cs.LG 2403.09974
cs.LG 2403.10006
cs.LG 2403.10013
cs.LG 2403.10015
cs.LG 2403.10024
cs.LG 2403.10042
cs.LG 2403.10070
cs.LG 2403.10075
cs.LG 2403.10089
cs.LG 2403.10105
cs.LG 2403.10144
cs.LG 2403.10153
cs.LG 2403.10164
cs.LG 2403.10187
cs.LG 2403.10190
cs.LG 2403.10202
cs.LG 2403.10232
cs.LO 2403.10110
cs.LG 2403.10250
cs.LO 2403.10144
cs.LG 2403.10266
cs.LO 2403.10310
cs.LG 2403.10281
cs.LO 2403.10447
cs.LG 2403.10288
cs.LO 2403.10334
cs.LG 2403.10326
cs.LO 2403.10479
cs.LG 2403.10332
cs.LO 2403.10554
cs.LG 2403.10348
cs.LO 2403.10692
cs.LG 2403.10365
cs.LO 2403.10546
cs.LG 2403.10368
cs.LO 2403.11255
cs.LG 2403.10395
cs.LO 2403.12153
cs.LG 2403.10403
cs.LO 2403.12581
cs.LG 2403.10408
cs.LO 2403.12627
cs.LG 2403.10423
cs.LO 2403.12733
cs.LG 2403.10446
cs.LO 2403.12869
cs.LG 2403.10476
cs.LO 2403.12823
cs.LG 2403.10488
cs.LO 2403.13310
cs.LG 2403.10497
cs.LO 2403.13741
cs.LG 2403.10506
cs.LO 2403.13403
cs.LG 2403.10516
cs.LO 2403.13425
cs.LG 2403.10520
cs.LO 2403.13700
cs.LG 2403.09701
cs.LO 2403.13838
cs.LG 2403.09749
cs.LO 2403.13914
cs.LG 2403.09809
cs.LO 2403.13975
cs.LG 2403.09830
cs.LO 2403.14260
cs.LG 2403.09857
cs.LO 2403.14576
cs.LG 2403.09859
cs.LG 2403.09863
cs.LG 2403.09867
cs.LG 2403.09889
cs.LG 2403.09898
cs.LG 2403.09901
cs.LG 2403.09904
cs.LG 2403.09930
cs.LG 2403.09940
cs.LG 2403.09953
cs.LG 2403.09969
cs.LG 2403.09976
cs.LG 2403.10045
cs.LG 2403.10063
cs.LG 2403.10097
cs.LG 2403.10110
cs.LG 2403.10123
cs.LG 2403.10158
cs.LG 2403.10160
cs.LG 2403.10168
cs.LG 2403.10175
cs.LG 2403.10182
cs.LG 2403.10220
cs.LG 2403.10231
cs.LG 2403.10253
cs.LG 2403.10259
cs.LG 2403.10318
cs.LG 2403.10330
cs.LG 2403.10339
cs.LG 2403.10371
cs.LG 2403.10373
cs.LG 2403.10379
cs.LG 2403.10404
cs.LG 2403.10416
cs.LG 2403.10424
cs.LG 2403.10444
cs.LG 2403.10459
cs.LG 2403.10461
cs.LG 2403.10499
cs.LG 2211.08559
cs.LG 2403.10538
cs.LG 2403.10543
cs.LG 2403.10547
cs.LG 2403.10549
cs.LG 2403.10558
cs.LG 2403.10562
cs.LG 2403.10571
cs.LG 2403.10573
cs.LG 2403.10576
cs.LG 2403.10578
cs.LG 2403.10581
cs.LG 2403.10582
cs.LG 2403.10585
cs.LG 2403.10603
cs.LG 2403.10615
cs.LG 2403.10650
cs.LG 2403.10658
cs.LG 2403.10663
cs.LG 2403.10671
cs.LG 2403.10672
cs.LG 2403.10682
cs.LG 2403.10686
cs.LG 2403.10689
cs.LG 2403.10691
cs.LG 2403.10696
cs.LG 2403.10707
cs.LG 2403.10731
cs.LG 2403.10748
cs.LG 2403.10761
cs.LG 2403.10763
cs.LG 2403.10776
cs.LG 2403.10786
cs.LG 2403.10790
cs.LG 2403.10794
cs.LG 2403.10795
cs.LG 2403.10799
cs.LG 2403.10834
cs.LG 2403.10859
cs.LG 2403.10861
cs.LG 2403.10863
cs.LG 2403.10912
cs.LG 2403.10927
cs.LG 2403.10929
cs.LG 2403.10937
cs.LG 2403.10940
cs.LG 2403.10946
cs.LG 2403.10949
cs.LG 2403.10968
cs.LG 2403.10996
cs.LG 2403.10997
cs.LG 2403.11001
cs.LG 2403.11046
cs.LG 2403.11048
cs.LG 2403.11079
cs.LG 2403.11082
cs.LG 2403.11090
cs.LG 2403.11093
cs.LG 2403.11103
cs.LG 2403.11125
cs.LG 2403.11162
cs.LG 2403.11163
cs.LG 2403.11166
cs.LG 2403.11173
cs.LG 2403.11175
cs.LG 2403.11180
cs.LG 2403.11220
cs.LG 2403.11227
cs.LG 2403.11230
cs.LG 2403.11291
cs.LG 2403.11297
cs.LG 2403.11299
cs.LG 2403.11330
cs.LG 2403.11331
cs.LG 2403.11338
cs.LG 2403.11350
cs.LG 2403.11351
cs.LG 2403.11375
cs.LG 2403.11385
cs.LG 2403.11407
cs.LG 2403.11415
cs.LG 2403.11420
cs.LG 2403.11432
cs.LG 2403.11446
cs.LG 2403.11497
cs.LG 2403.11504
cs.LG 2403.11505
cs.LG 2403.11521
cs.LG 2403.11522
cs.LG 2403.11532
cs.LG 2403.11536
cs.LG 2403.11537
cs.LG 2403.11563
cs.LG 2403.11565
cs.LG 2403.11591
cs.LG 2403.11603
cs.LG 2403.11624
cs.LG 2403.11642
cs.LG 2403.11643
cs.LG 2403.11671
cs.LG 2403.11678
cs.LG 2403.11687
cs.LG 2403.11705
cs.LG 2403.11706
cs.LG 2403.11734
cs.LG 2403.11735
cs.LG 2403.11755
cs.LG 2403.11757
cs.LG 2403.11778
cs.LG 2403.11780
cs.LG 2403.11826
cs.LG 2403.11827
cs.LG 2403.11833
cs.LG 2403.11834
cs.LG 2403.11841
cs.LG 2403.11871
cs.LG 2403.11872
cs.LG 2403.11876
cs.LG 2403.11887
cs.LG 2403.11894
cs.LG 2403.11898
cs.LG 2403.11904
cs.LG 2403.11907
cs.LG 2403.11938
cs.LG 2403.11947
cs.LG 2403.11948
cs.LG 2403.11961
cs.LG 2403.11981
cs.LG 2403.12005
cs.LG 2403.12007
cs.LG 2403.12012
cs.LG 2403.12014
cs.LG 2403.12025
cs.LG 2403.12026
cs.LG 2403.12029
cs.LG 2403.12030
cs.LG 2403.12034
cs.LG 2403.12036
cs.LG 2403.10550
cs.LG 2403.10552
cs.LG 2403.10553
cs.LG 2403.10555
cs.LG 2403.10557
cs.LG 2403.10559
cs.LG 2403.10561
cs.LG 2403.10566
cs.LG 2403.10567
cs.LG 2403.10568
cs.LG 2403.10569
cs.LG 2403.10572
cs.LG 2403.10586
cs.LG 2403.10610
cs.LG 2403.10616
cs.LG 2403.10618
cs.LG 2403.10638
cs.LG 2403.10642
cs.LG 2403.10646
cs.LG 2403.10652
cs.LG 2403.10704
cs.LG 2403.10717
cs.LG 2403.10730
cs.LG 2403.10732
cs.LG 2403.10738
cs.LG 2403.10766
cs.LG 2403.10771
cs.LG 2403.10787
cs.LG 2403.10800
cs.LG 2403.10802
cs.LG 2403.10803
cs.LG 2403.10807
cs.LG 2403.10819
cs.LG 2403.10824
cs.LG 2403.10842
cs.LG 2403.10853
cs.LG 2403.10855
cs.LG 2403.10875
cs.LG 2403.10889
cs.LG 2403.10903
cs.LG 2403.10910
cs.LG 2403.10923
cs.LG 2403.10961
cs.LG 2403.10967
cs.LG 2403.10984
cs.LG 2403.10995
cs.LG 2403.11004
cs.LG 2403.11013
cs.LG 2403.11020
cs.LG 2403.11032
cs.LG 2403.11041
cs.LG 2403.11044
cs.LG 2403.11062
cs.LG 2403.11087
cs.LG 2403.11100
cs.LG 2403.11106
cs.LG 2403.11114
cs.LG 2403.11144
cs.LG 2403.11199
cs.LG 2403.11204
cs.LG 2403.11206
cs.LG 2403.11259
cs.LG 2403.11261
cs.LG 2403.11262
cs.LG 2403.11265
cs.LG 2403.11292
cs.LG 2403.11314
cs.LG 2403.11332
cs.LG 2403.11343
cs.LG 2403.11345
cs.LG 2403.11348
cs.LG 2403.11353
cs.LG 2403.11363
cs.LG 2403.11366
cs.LG 2403.11391
cs.LG 2403.11395
cs.LG 2403.11408
cs.LG 2403.11418
cs.LG 2403.11425
cs.LG 2403.11449
cs.LG 2403.11464
cs.LG 2403.11472
cs.LG 2403.11477
cs.LG 2403.11482
cs.LG 2403.11483
cs.LG 2403.11491
cs.LG 2403.11495
cs.LG 2403.11520
cs.LG 2403.11544
cs.LG 2403.11574
cs.LG 2403.11585
cs.LG 2403.11637
cs.LG 2403.11686
cs.LG 2403.11696
cs.LG 2403.11722
cs.LG 2403.11728
cs.LG 2403.11743
cs.LG 2403.11772
cs.LG 2403.11782
cs.LG 2403.11795
cs.LG 2403.11840
cs.LG 2403.11843
cs.LG 2403.11844
cs.LG 2403.11857
cs.LG 2403.11877
cs.LG 2403.11892
cs.LG 2403.11901
cs.LG 2403.11914
cs.LG 2403.11925
cs.LG 2403.11940
cs.LG 2403.11960
cs.LG 2403.11963
cs.LG 2403.11964
cs.LG 2403.11966
cs.LG 2403.11968
cs.LG 2403.11996
cs.LG 2403.11998
cs.LG 2403.12017
cs.LG 2403.12031
cs.LG 2403.12044
cs.LG 2403.12063
cs.LG 2403.12066
cs.LG 2403.12068
cs.LG 2403.12069
cs.LG 2403.12072
cs.LG 2403.12074
cs.LG 2403.12075
cs.LG 2403.12076
cs.LG 2403.12079
cs.LG 2403.12080
cs.LG 2403.12082
cs.LG 2403.12090
cs.LG 2403.12094
cs.LG 2403.12098
cs.LG 2403.12100
cs.LG 2403.12106
cs.LG 2403.12115
cs.LG 2403.12116
cs.LG 2403.12117
cs.LG 2403.12120
cs.LG 2403.12151
cs.LG 2403.12158
cs.LG 2403.12187
cs.LG 2403.12198
cs.LG 2403.12201
cs.LG 2403.12203
cs.LG 2403.12206
cs.LG 2403.12210
cs.LG 2403.12212
cs.LG 2403.12213
cs.LG 2403.12242
cs.LG 2403.12254
cs.LG 2403.12267
cs.LG 2403.12285
cs.LG 2403.12327
cs.LG 2403.12338
cs.LG 2403.12362
cs.LG 2403.12367
cs.LG 2403.12382
cs.LG 2403.12384
cs.LG 2403.12403
cs.LG 2403.12406
cs.LG 2403.12417
cs.LG 2403.12429
cs.LG 2403.12469
cs.LG 2403.12493
cs.LG 2403.12503
cs.LG 2403.12510
cs.LG 2403.12559
cs.LG 2403.12588
cs.LG 2403.12599
cs.LG 2403.12650
cs.LG 2403.12659
cs.LG 2403.12687
cs.LG 2403.12695
cs.LG 2403.12710
cs.LG 2403.12712
cs.LG 2403.12729
cs.LG 2403.12732
cs.LG 2403.12820
cs.LG 2403.12859
cs.LG 2403.12861
cs.LG 2403.12900
cs.LG 2403.12910
cs.LG 2403.12918
cs.LG 2403.12952
cs.LG 2403.12959
cs.LG 2403.12961
cs.LG 2403.12968
cs.LG 2403.12109
cs.LG 2403.12143
cs.LG 2403.12166
cs.LG 2403.12188
cs.LG 2403.12226
cs.LG 2403.12236
cs.LG 2403.12237
cs.LG 2403.12278
cs.LG 2403.12307
cs.LG 2403.12309
cs.LG 2403.12313
cs.LG 2403.12320
cs.LG 2403.12323
cs.LG 2403.12326
cs.LG 2403.12328
cs.LG 2403.12329
cs.LG 2403.12335
cs.LG 2403.12350
cs.LG 2403.12354
cs.LG 2403.12366
cs.LG 2403.12371
cs.LG 2403.12372
cs.LG 2403.12391
cs.LG 2403.12399
cs.LG 2403.12400
cs.LG 2403.12404
cs.LG 2403.12418
cs.LG 2403.12422
cs.LG 2403.12428
cs.LG 2403.12448
cs.LG 2403.12459
cs.LG 2403.12474
cs.LG 2403.12481
cs.LG 2403.12486
cs.LG 2403.12511
cs.LG 2403.12529
cs.LG 2403.12544
cs.LG 2403.12553
cs.LG 2403.12562
cs.LG 2403.12606
cs.LG 2403.12609
cs.LG 2403.12636
cs.LG 2403.12641
cs.LG 2403.12646
cs.LG 2403.12664
cs.LG 2403.12672
cs.LG 2403.12688
cs.LG 2403.12690
cs.LG 2403.12719
cs.LG 2403.12764
cs.LG 2403.12818
cs.LG 2403.12821
cs.LG 2403.12830
cs.LG 2403.12844
cs.LG 2403.12847
cs.LG 2403.12856
cs.LG 2403.12864
cs.LG 2403.12871
cs.LG 2403.12873
cs.LG 2403.12887
cs.LG 2403.12938
cs.LG 2403.12946
cs.LG 2403.12948
cs.LG 2403.12950
cs.LG 2310.10404
cs.LG 2403.12975
cs.LG 2403.12977
cs.LG 2403.12979
cs.LG 2403.12981
cs.LG 2403.12982
cs.LG 2403.12983
cs.LG 2403.12984
cs.LG 2403.12986
cs.LG 2403.12987
cs.LG 2403.12991
cs.LG 2403.12995
cs.LG 2403.12997
cs.LG 2403.12999
cs.LG 2403.13005
cs.LG 2403.13008
cs.LG 2403.13010
cs.LG 2403.13013
cs.LG 2403.13014
cs.LG 2403.13015
cs.LG 2403.13018
cs.LG 2403.13023
cs.LG 2403.13027
cs.LG 2403.13031
cs.LG 2403.13040
cs.LG 2403.13041
cs.LG 2403.13082
cs.LG 2403.13086
cs.LG 2403.13107
cs.LG 2403.13117
cs.LG 2403.13118
cs.LG 2403.13130
cs.LG 2403.13135
cs.LG 2403.13141
cs.LG 2403.13148
cs.LG 2403.13178
cs.LG 2403.13214
cs.LG 2403.13243
cs.LG 2403.13245
cs.LG 2403.13257
cs.LG 2403.13269
cs.LG 2403.13286
cs.LG 2403.13293
cs.LG 2403.13298
cs.LG 2403.13299
cs.LG 2403.13300
cs.LG 2403.13310
cs.LG 2403.13319
cs.LG 2403.13344
cs.LG 2403.13369
cs.LG 2403.13370
cs.LG 2403.13429
cs.LG 2403.13441
cs.LG 2403.13501
cs.LG 2403.13537
cs.LG 2403.13545
cs.LG 2403.13551
cs.LG 2403.13563
cs.LG 2403.13565
cs.LG 2403.13578
cs.LG 2403.13583
cs.LG 2403.13627
cs.LG 2403.13681
cs.LG 2403.13695
cs.LG 2403.13701
cs.LG 2403.13704
cs.LG 2403.13729
cs.LG 2403.13748
cs.LG 2403.13771
cs.LG 2403.13795
cs.LG 2403.13798
cs.LG 2403.13802
cs.LG 2403.13804
cs.LG 2403.13805
cs.LG 2403.13807
cs.LG 2403.13808
cs.LG 2403.12969
cs.LG 2403.12993
cs.LG 2403.13000
cs.LG 2403.13001
cs.LG 2403.13032
cs.LG 2403.13037
cs.LG 2403.13091
cs.LG 2403.13097
cs.LG 2403.13101
cs.LG 2403.13106
cs.LG 2403.13108
cs.LG 2403.13111
cs.LG 2403.13125
cs.LG 2403.13128
cs.LG 2403.13134
cs.LG 2403.13136
cs.LG 2403.13150
cs.LG 2403.13164
cs.LG 2403.13176
cs.LG 2403.13179
cs.LG 2403.13196
cs.LG 2403.13204
cs.LG 2403.13213
cs.LG 2403.13219
cs.LG 2403.13241
cs.LG 2403.13246
cs.LG 2403.13247
cs.LG 2403.13249
cs.LG 2403.13268
cs.LG 2403.13335
cs.LG 2403.13349
cs.LG 2403.13374
cs.LG 2403.13502
cs.LG 2403.13522
cs.LG 2403.13523
cs.LG 2403.13547
cs.LG 2403.13612
cs.LG 2403.13625
cs.LG 2403.13658
cs.LG 2403.13672
cs.LG 2403.13724
cs.LG 2403.13728
cs.LG 2403.13740
cs.LG 2403.13749
cs.LG 2403.13765
cs.LG 2403.13781
cs.LG 2403.13784
cs.LG 2403.13785
cs.LG 2403.13787
cs.LG 2403.13793
cs.LG 2403.13797
cs.LG 2402.17128
cs.LG 2403.13812
cs.LG 2403.13815
cs.LG 2403.13825
cs.LG 2403.13826
cs.LG 2403.13827
cs.LG 2403.13829
cs.LG 2403.13830
cs.LG 2403.13833
cs.LG 2403.13851
cs.LG 2403.13858
cs.LG 2403.13865
cs.LG 2403.13868
cs.LG 2403.13870
cs.LG 2403.13890
cs.LG 2403.13910
cs.LG 2403.13916
cs.LG 2403.13925
cs.LG 2403.13950
cs.LG 2403.13952
cs.LG 2403.14002
cs.LG 2403.14003
cs.LG 2403.14013
cs.LG 2403.14067
cs.LG 2403.14074
cs.LG 2403.14076
cs.LG 2403.14083
cs.LG 2403.14084
cs.LG 2403.14088
cs.LG 2403.14101
cs.LG 2403.14102
cs.LG 2403.14111
cs.LG 2403.14119
cs.LG 2403.14125
cs.LG 2403.14137
cs.LG 2403.14139
cs.LG 2403.14140
cs.LG 2403.14148
cs.LG 2403.14183
cs.LG 2403.14225
cs.LG 2403.14228
cs.LG 2403.14233
cs.LG 2403.14235
cs.LG 2403.14244
cs.LG 2403.14252
cs.LG 2403.14255
cs.LG 2403.14262
cs.LG 2403.14270
cs.LG 2403.14286
cs.LG 2403.14290
cs.LG 2403.14302
cs.LG 2403.14324
cs.LG 2403.14328
cs.LG 2403.14332
cs.LG 2403.14353
cs.LG 2403.14359
cs.LG 2403.14377
cs.LG 2403.14379
cs.LG 2403.14385
cs.LG 2403.14392
cs.LG 2403.14410
cs.LG 2403.14413
cs.LG 2403.14429
cs.LG 2403.14435
cs.LG 2403.14438
cs.LG 2403.14440
cs.LG 2403.14443
cs.LG 2403.14457
cs.LG 2403.14472
cs.LG 2403.14488
cs.LG 2403.14514
cs.LG 2403.14539
cs.LG 2403.14547
cs.LG 2403.14551
cs.LG 2403.14566
cs.LG 2403.14583
cs.LG 2403.14589
cs.LG 2403.14597
cs.LG 2403.14602
cs.LG 2403.14613
cs.LG 2403.14617
cs.LG 2403.14624
cs.LG 2403.13819
cs.LG 2403.13820
cs.LG 2403.13821
cs.LG 2403.13834
cs.LG 2403.13835
cs.LG 2403.13836
cs.LG 2403.13838
cs.LG 2403.13839
cs.LG 2403.13841
cs.LG 2403.13842
cs.LG 2403.13843
cs.LG 2403.13844
cs.LG 2403.13845
cs.LG 2403.13846
cs.LG 2403.13847
cs.LG 2403.13848
cs.LG 2403.13849
cs.LG 2403.13850
cs.LG 2403.13861
cs.LG 2403.13863
cs.LG 2403.13864
cs.LG 2403.13866
cs.LG 2403.13867
cs.LG 2403.13869
cs.LG 2403.13872
cs.LG 2403.13893
cs.LG 2403.13909
cs.LG 2403.13940
cs.LG 2403.14058
cs.LG 2403.14063
cs.LG 2403.14069
cs.LG 2403.14092
cs.LG 2403.14110
cs.LG 2403.14120
cs.LG 2403.14123
cs.LG 2403.14151
cs.LG 2403.14156
cs.LG 2403.14200
cs.LG 2403.14232
cs.LG 2403.14236
cs.LG 2403.14282
cs.LG 2403.14297
cs.LG 2403.14327
cs.LG 2403.14339
cs.LG 2403.14340
cs.LG 2403.14356
cs.LG 2403.14358
cs.LG 2403.14371
cs.LG 2403.14398
cs.LG 2403.14404
cs.LG 2403.14421
cs.LG 2403.14425
cs.LG 2403.14466
cs.LG 2403.14483
cs.LG 2403.14484
cs.LG 2403.14504
cs.LG 2403.14508
cs.LG 2403.14578
cs.LG 2403.14587
cs.LG 2403.14593
cs.LG 2403.14606
cs.LG 2403.14608
cs.LG 2403.14623
cs.NA 2403.09778
cs.NA 2403.09895
cs.NA 2403.09941
cs.NA 2403.10032
cs.NA 2403.10260
cs.NA 2403.10432
cs.NA 2403.09872
cs.NA 2403.09932
cs.NA 2403.10203
cs.NA 2403.10282
cs.NA 2403.10284
cs.NA 2403.10308
cs.NA 2403.10354
cs.NA 2403.10370
cs.NA 2403.10560
cs.NA 2403.10578
cs.NA 2403.10642
cs.NA 2403.10748
cs.NA 2403.10905
cs.NA 2403.11033
cs.NA 2403.11038
cs.NA 2403.11239
cs.NA 2403.11295
cs.NA 2403.11437
cs.NA 2403.11521
cs.NA 2403.11599
cs.NA 2403.11612
cs.NA 2403.12012
cs.NA 2403.10687
cs.NA 2403.10892
cs.NA 2403.10917
cs.NA 2403.10933
cs.NA 2403.11178
cs.NA 2403.11196
cs.NA 2403.11268
cs.NA 2403.11350
cs.NA 2403.11365
cs.NA 2403.11374
cs.NA 2403.11385
cs.NA 2403.11409
cs.NA 2403.11591
cs.NA 2403.11595
cs.NA 2403.11600
cs.NA 2403.11611
cs.NA 2403.11632
cs.NA 2403.11636
cs.NA 2403.11664
cs.NA 2403.11684
cs.NA 2403.11726
cs.NA 2403.11730
cs.NA 2403.11738
cs.NA 2403.11768
cs.NA 2403.11787
cs.NA 2403.11847
cs.NA 2403.11910
cs.NA 2403.11915
cs.NA 2403.11993
cs.NA 2403.12206
cs.NA 2403.12278
cs.NA 2403.12764
cs.NA 2403.12770
cs.NA 2403.12340
cs.NA 2403.12460
cs.NA 2403.12501
cs.NA 2403.12557
cs.NA 2403.12577
cs.NA 2403.12611
cs.NA 2403.12650
cs.NA 2403.12689
cs.NA 2403.12699
cs.NA 2403.12735
cs.NA 2403.12793
cs.NA 2403.12826
cs.NA 2403.12909
cs.NA 2403.12954
cs.NA 2403.13136
cs.NA 2403.13302
cs.NA 2403.13540
cs.NA 2403.13704
cs.NA 2403.13781
cs.NA 2403.13123
cs.NA 2403.13189
cs.NA 2403.13203
cs.NA 2403.13406
cs.NA 2403.13420
cs.NA 2403.13454
cs.NA 2403.13489
cs.NA 2403.13515
cs.NA 2403.13534
cs.NA 2403.13746
cs.NA 2403.13770
cs.NA 2403.11139
cs.NA 2403.14411
cs.NA 2403.13911
cs.NA 2403.14054
cs.NA 2403.14084
cs.NA 2403.14086
cs.NA 2403.14177
cs.NA 2403.14178
cs.NA 2403.14206
cs.NA 2403.14220
cs.NA 2403.14229
cs.NA 2403.14283
cs.NA 2403.14308
cs.NA 2403.14609
cs.PL 2403.10086
cs.PL 2403.10144
cs.PL 2403.10447
cs.PL 2403.11088
cs.PL 2403.11202
cs.PL 2403.11283
cs.PL 2403.11585
cs.PL 2403.10571
cs.PL 2403.11522
cs.PL 2403.11919
cs.PL 2403.12733
cs.PL 2403.12973
cs.PL 2403.13839
cs.PL 2403.14064
cs.SE 2403.09856
cs.SE 2403.10504
cs.SE 2403.09715
cs.SE 2403.09740
cs.SE 2403.09842
cs.SE 2403.09906
cs.SE 2403.10059
cs.SE 2403.10086
cs.SE 2403.10267
cs.SE 2403.10272
cs.SE 2403.10468
cs.SE 2403.10507
cs.SE 2403.10571
cs.SE 2403.11585
cs.SE 2403.11671
cs.SE 2403.11784
cs.SE 2403.11896
cs.SE 2403.11952
cs.SE 2403.10575
cs.SE 2403.10588
cs.SE 2403.10753
cs.SE 2403.10806
cs.SE 2403.10836
cs.SE 2403.10919
cs.SE 2403.11079
cs.SE 2403.11158
cs.SE 2403.11254
cs.SE 2403.11281
cs.SE 2403.11283
cs.SE 2403.11538
cs.SE 2403.11670
cs.SE 2403.11758
cs.SE 2403.11769
cs.SE 2403.12605
cs.SE 2403.12723
cs.SE 2403.12114
cs.SE 2403.12199
cs.SE 2403.12446
cs.SE 2403.12703
cs.SE 2403.12737
cs.SE 2403.13784
cs.SE 2403.13115
cs.SE 2403.13220
cs.SE 2403.13259
cs.SE 2403.13271
cs.SE 2403.13279
cs.SE 2403.13583
cs.SE 2403.13588
cs.SE 2403.13690
cs.SE 2403.13711
cs.SE 2403.13729
cs.SE 2403.14356
cs.SE 2403.13989
cs.SE 2403.14004
cs.SE 2403.14007
cs.SE 2403.14274
cs.SE 2403.14460
cs.SE 2403.14592
cs.MA 2403.10068
cs.MA 2403.10112
cs.MA 2403.10384
cs.MA 2403.10221
cs.MA 2403.10794
cs.MA 2403.10996
cs.MA 2403.11034
cs.MA 2403.11075
cs.MA 2403.11304
cs.MA 2403.11345
cs.MA 2403.11724
cs.MA 2403.11958
cs.MA 2403.12204
cs.MA 2403.12482
cs.MA 2403.12619
cs.MA 2403.12376
cs.MA 2403.12377
cs.MA 2403.13266
cs.MA 2403.13311
cs.MA 2403.13393
cs.MA 2403.13421
cs.MA 2403.13716
cs.MA 2403.13083
cs.MA 2403.13093
cs.MA 2403.13384
cs.MA 2403.13639
cs.MA 2403.13741
cs.MA 2403.14092
cs.MA 2403.14342
cs.MA 2403.14443
cs.MA 2403.14562
cs.MA 2403.14583
cs.MA 2403.13905
cs.OS 2402.14105
cs.OS 2403.04635
cs.OS 2402.13429
cs.OS 2403.06120
cs.OS 2403.06790
cs.OS 2403.08656
cs.OS 2403.11805
cs.PF 2403.08777
cs.PF 2403.08792
cs.PF 2403.10455
cs.PF 2403.11097
cs.PF 2403.11421
cs.PF 2403.13497
cs.PF 2403.13656
cs.PF 2403.13918
cs.SD 2403.09789
cs.SD 2403.10329
cs.SD 2403.10488
cs.SD 2403.10518
cs.SD 2403.09753
cs.SD 2403.10024
cs.SD 2403.10146
cs.SD 2403.10380
cs.SD 2403.10493
cs.SD 2403.10548
cs.SD 2403.10565
cs.SD 2403.10756
cs.SD 2403.10961
cs.SD 2403.11037
cs.SD 2403.11074
cs.SD 2403.11626
cs.SD 2403.11757
cs.SD 2403.10549
cs.SD 2403.10796
cs.SD 2403.10805
cs.SD 2403.10904
cs.SD 2403.11091
cs.SD 2403.11706
cs.SD 2403.11732
cs.SD 2403.11778
cs.SD 2403.11780
cs.SD 2403.11827
cs.SD 2403.11879
cs.SD 2403.12000
cs.SD 2403.12258
cs.SD 2403.12402
cs.SD 2403.12408
cs.SD 2403.12425
cs.SD 2403.12630
cs.SD 2403.12477
cs.SD 2403.13332
cs.SD 2403.13356
cs.SD 2403.13643
cs.SD 2403.13659
cs.SD 2403.13086
cs.SD 2403.13252
cs.SD 2403.13254
cs.SD 2403.13353
cs.SD 2403.13423
cs.SD 2403.13720
cs.SD 2403.14179
cs.SD 2403.14268
cs.SD 2403.14402
cs.SD 2403.14048
cs.SD 2403.14083
cs.SD 2403.14286
cs.SD 2403.14290
cs.NI 2403.10371
cs.NI 2403.10461
cs.NI 2403.09782
cs.NI 2403.09819
cs.NI 2403.09983
cs.NI 2403.10014
cs.NI 2403.10186
cs.NI 2403.10286
cs.NI 2403.10319
cs.NI 2403.10342
cs.NI 2403.10954
cs.NI 2403.10977
cs.NI 2403.11081
cs.NI 2403.11206
cs.NI 2403.10537
cs.NI 2403.10808
cs.NI 2403.11090
cs.NI 2403.11102
cs.NI 2403.11228
cs.NI 2403.11271
cs.NI 2403.11296
cs.NI 2403.11300
cs.NI 2403.11388
cs.NI 2403.11411
cs.NI 2403.11434
cs.NI 2403.11502
cs.NI 2403.11759
cs.NI 2403.11869
cs.NI 2403.12062
cs.NI 2403.12363
cs.NI 2403.12059
cs.NI 2403.12060
cs.NI 2403.12065
cs.NI 2403.12231
cs.NI 2403.12274
cs.NI 2403.12283
cs.NI 2403.12289
cs.NI 2403.12296
cs.NI 2403.12398
cs.NI 2403.12753
cs.NI 2403.12949
cs.NI 2403.13020
cs.NI 2403.13103
cs.NI 2403.12976
cs.NI 2403.12996
cs.NI 2403.12997
cs.NI 2403.13024
cs.NI 2403.13230
cs.NI 2403.13497
cs.NI 2403.13611
cs.NI 2403.13656
cs.NI 2403.13721
cs.NI 2403.14525
cs.NI 2403.13936
cs.NI 2403.14352
cs.NI 2403.14516
cs.RO 2403.09799
cs.RO 2403.09813
cs.RO 2403.09865
cs.RO 2403.09975
cs.RO 2403.10012
cs.RO 2403.10145
cs.RO 2403.10340
cs.RO 2403.10425
cs.RO 2403.09793
cs.RO 2403.09841
cs.RO 2403.09853
cs.RO 2403.09875
cs.RO 2403.09882
cs.RO 2403.09900
cs.RO 2403.09905
cs.RO 2403.09933
cs.RO 2403.09971
cs.RO 2403.09988
cs.RO 2403.09990
cs.RO 2403.10008
cs.RO 2403.10041
cs.RO 2403.10043
cs.RO 2403.10083
cs.RO 2403.10101
cs.RO 2403.10105
cs.RO 2403.10108
cs.RO 2403.10117
cs.RO 2403.10120
cs.RO 2403.10140
cs.RO 2403.10187
cs.RO 2403.10194
cs.RO 2403.10256
cs.RO 2403.10290
cs.RO 2403.10303
cs.RO 2403.10309
cs.RO 2403.10397
cs.RO 2403.10401
cs.RO 2403.10436
cs.RO 2403.10454
cs.RO 2403.10460
cs.RO 2403.10487
cs.RO 2403.10494
cs.RO 2403.10496
cs.RO 2403.10506
cs.RO 2403.10552
cs.RO 2403.10554
cs.RO 2403.10559
cs.RO 2403.10761
cs.RO 2403.10795
cs.RO 2403.10814
cs.RO 2403.10855
cs.RO 2403.11057
cs.RO 2403.11146
cs.RO 2403.11247
cs.RO 2403.11367
cs.RO 2403.11370
cs.RO 2403.11384
cs.RO 2403.11492
cs.RO 2403.11515
cs.RO 2403.11577
cs.RO 2403.11643
cs.RO 2403.11679
cs.RO 2403.11728
cs.RO 2403.11796
cs.RO 2403.11863
cs.RO 2403.11914
cs.RO 2403.10629
cs.RO 2403.10672
cs.RO 2403.10677
cs.RO 2403.10689
cs.RO 2403.10700
cs.RO 2403.10733
cs.RO 2403.10736
cs.RO 2403.10745
cs.RO 2403.10759
cs.RO 2403.10760
cs.RO 2403.10762
cs.RO 2403.10768
cs.RO 2403.10773
cs.RO 2403.10784
cs.RO 2403.10794
cs.RO 2403.10809
cs.RO 2403.10821
cs.RO 2403.10833
cs.RO 2403.10840
cs.RO 2403.10850
cs.RO 2403.10874
cs.RO 2403.10924
cs.RO 2403.10932
cs.RO 2403.10934
cs.RO 2403.10940
cs.RO 2403.10948
cs.RO 2403.10951
cs.RO 2403.10955
cs.RO 2403.10966
cs.RO 2403.10981
cs.RO 2403.10991
cs.RO 2403.10994
cs.RO 2403.10996
cs.RO 2403.11000
cs.RO 2403.11034
cs.RO 2403.11095
cs.RO 2403.11198
cs.RO 2403.11205
cs.RO 2403.11233
cs.RO 2403.11252
cs.RO 2403.11279
cs.RO 2403.11289
cs.RO 2403.11298
cs.RO 2403.11304
cs.RO 2403.11313
cs.RO 2403.11334
cs.RO 2403.11368
cs.RO 2403.11383
cs.RO 2403.11396
cs.RO 2403.11412
cs.RO 2403.11432
cs.RO 2403.11459
cs.RO 2403.11461
cs.RO 2403.11484
cs.RO 2403.11487
cs.RO 2403.11496
cs.RO 2403.11511
cs.RO 2403.11513
cs.RO 2403.11552
cs.RO 2403.11567
cs.RO 2403.11607
cs.RO 2403.11617
cs.RO 2403.11623
cs.RO 2403.11639
cs.RO 2403.11661
cs.RO 2403.11662
cs.RO 2403.11681
cs.RO 2403.11729
cs.RO 2403.11737
cs.RO 2403.11742
cs.RO 2403.11761
cs.RO 2403.11784
cs.RO 2403.11788
cs.RO 2403.11852
cs.RO 2403.11876
cs.RO 2403.11898
cs.RO 2403.11948
cs.RO 2403.11955
cs.RO 2403.11985
cs.RO 2403.12023
cs.RO 2403.12039
cs.RO 2403.12162
cs.RO 2403.12194
cs.RO 2403.12377
cs.RO 2403.12396
cs.RO 2403.12552
cs.RO 2403.12682
cs.RO 2403.12686
cs.RO 2403.12725
cs.RO 2403.12835
cs.RO 2403.12856
cs.RO 2403.12959
cs.RO 2403.12149
cs.RO 2403.12170
cs.RO 2403.12176
cs.RO 2403.12193
cs.RO 2403.12203
cs.RO 2403.12214
cs.RO 2403.12223
cs.RO 2403.12235
cs.RO 2403.12245
cs.RO 2403.12273
cs.RO 2403.12279
cs.RO 2403.12280
cs.RO 2403.12420
cs.RO 2403.12421
cs.RO 2403.12449
cs.RO 2403.12463
cs.RO 2403.12465
cs.RO 2403.12471
cs.RO 2403.12502
cs.RO 2403.12504
cs.RO 2403.12533
cs.RO 2403.12535
cs.RO 2403.12538
cs.RO 2403.12589
cs.RO 2403.12607
cs.RO 2403.12631
cs.RO 2403.12670
cs.RO 2403.12676
cs.RO 2403.12685
cs.RO 2403.12720
cs.RO 2403.12761
cs.RO 2403.12798
cs.RO 2403.12837
cs.RO 2403.12842
cs.RO 2403.12853
cs.RO 2403.12861
cs.RO 2403.12865
cs.RO 2403.12876
cs.RO 2403.12891
cs.RO 2403.12892
cs.RO 2403.12910
cs.RO 2403.12920
cs.RO 2403.12943
cs.RO 2403.12945
cs.RO 2403.13042
cs.RO 2403.13093
cs.RO 2403.13129
cs.RO 2403.13188
cs.RO 2403.13245
cs.RO 2403.13311
cs.RO 2403.13331
cs.RO 2403.13395
cs.RO 2403.13443
cs.RO 2403.13518
cs.RO 2403.13683
cs.RO 2403.13729
cs.RO 2403.13730
cs.RO 2403.13778
cs.RO 2403.12999
cs.RO 2403.13079
cs.RO 2403.13085
cs.RO 2403.13090
cs.RO 2403.13124
cs.RO 2403.13132
cs.RO 2403.13144
cs.RO 2403.13147
cs.RO 2403.13170
cs.RO 2403.13177
cs.RO 2403.13198
cs.RO 2403.13208
cs.RO 2403.13221
cs.RO 2403.13235
cs.RO 2403.13251
cs.RO 2403.13266
cs.RO 2403.13274
cs.RO 2403.13281
cs.RO 2403.13284
cs.RO 2403.13294
cs.RO 2403.13297
cs.RO 2403.13318
cs.RO 2403.13321
cs.RO 2403.13336
cs.RO 2403.13348
cs.RO 2403.13358
cs.RO 2403.13365
cs.RO 2403.13366
cs.RO 2403.13421
cs.RO 2403.13431
cs.RO 2403.13452
cs.RO 2403.13455
cs.RO 2403.13467
cs.RO 2403.13474
cs.RO 2403.13541
cs.RO 2403.13640
cs.RO 2403.13674
cs.RO 2403.13695
cs.RO 2403.13701
cs.RO 2403.13714
cs.RO 2403.13777
cs.RO 2403.13783
cs.RO 2403.13801
cs.RO 2403.14014
cs.RO 2403.14025
cs.RO 2403.14041
cs.RO 2403.14056
cs.RO 2403.14270
cs.RO 2403.14353
cs.RO 2403.14447
cs.RO 2403.14594
cs.RO 2403.13827
cs.RO 2403.13910
cs.RO 2403.13929
cs.RO 2403.13941
cs.RO 2403.13960
cs.RO 2403.13988
cs.RO 2403.14000
cs.RO 2403.14029
cs.RO 2403.14049
cs.RO 2403.14138
cs.RO 2403.14159
cs.RO 2403.14160
cs.RO 2403.14161
cs.RO 2403.14163
cs.RO 2403.14173
cs.RO 2403.14176
cs.RO 2403.14281
cs.RO 2403.14293
cs.RO 2403.14300
cs.RO 2403.14305
cs.RO 2403.14320
cs.RO 2403.14326
cs.RO 2403.14328
cs.RO 2403.14344
cs.RO 2403.14347
cs.RO 2403.14414
cs.RO 2403.14449
cs.RO 2403.14488
cs.RO 2403.14526
cs.RO 2403.14545
cs.RO 2403.14583
cs.RO 2403.14597
cs.RO 2403.14605
cs.RO 2403.14626
cs.SC 2403.09145
cs.SC 2403.10260
cs.SC 2403.11793
cs.SC 2403.11545
cs.SC 2403.12153
cs.SC 2403.13218
cs.SC 2403.13798
cs.SC 2403.13382
cs.SC 2403.13457
stat.ML 2403.09701
stat.ML 2403.09960
stat.ML 2403.10168
stat.ML 2403.10175
stat.ML 2403.10182
stat.ML 2403.10416
stat.ML 2403.10424
stat.ML 2403.10459
stat.ML 2403.09755
stat.ML 2403.09869
stat.ML 2403.10070
stat.ML 2403.10250
stat.ML 2403.10288
stat.ML 2403.10368
stat.ML 2403.10610
stat.ML 2403.10638
stat.ML 2403.10771
stat.ML 2403.10819
stat.ML 2403.10889
stat.ML 2403.10903
stat.ML 2403.10923
stat.ML 2403.11343
stat.ML 2403.11348
stat.ML 2403.11351
stat.ML 2403.11407
stat.ML 2403.11477
stat.ML 2403.11497
stat.ML 2403.11520
stat.ML 2403.11637
stat.ML 2403.11696
stat.ML 2403.11743
stat.ML 2403.11782
stat.ML 2403.11960
stat.ML 2403.11963
stat.ML 2403.11964
stat.ML 2403.11968
stat.ML 2403.12005
stat.ML 2403.12012
stat.ML 2403.10578
stat.ML 2403.10671
stat.ML 2403.10763
stat.ML 2403.10859
stat.ML 2403.10929
stat.ML 2403.10946
stat.ML 2403.11125
stat.ML 2403.11175
stat.ML 2403.11532
stat.ML 2403.11687
stat.ML 2403.11841
stat.ML 2403.12143
stat.ML 2403.12166
stat.ML 2403.12213
stat.ML 2403.12295
stat.ML 2403.12329
stat.ML 2403.12338
stat.ML 2403.12357
stat.ML 2403.12428
stat.ML 2403.12448
stat.ML 2403.12459
stat.ML 2403.12540
stat.ML 2403.12562
stat.ML 2403.12636
stat.ML 2403.12672
stat.ML 2403.12859
stat.ML 2403.12880
stat.ML 2403.12948
stat.ML 2403.12950
stat.ML 2403.12158
stat.ML 2403.12187
stat.ML 2403.12367
stat.ML 2403.12729
stat.ML 2403.12732
stat.ML 2403.12975
stat.ML 2403.12984
stat.ML 2403.13027
stat.ML 2403.13041
stat.ML 2403.13118
stat.ML 2403.13134
stat.ML 2403.13150
stat.ML 2403.13179
stat.ML 2403.13196
stat.ML 2403.13204
stat.ML 2403.13215
stat.ML 2403.13458
stat.ML 2403.13612
stat.ML 2403.13724
stat.ML 2403.13117
stat.ML 2403.13141
stat.ML 2403.13178
stat.ML 2403.13286
stat.ML 2403.13300
stat.ML 2403.13565
stat.ML 2403.13748
stat.ML 2403.13833
stat.ML 2403.13836
stat.ML 2403.14058
stat.ML 2403.14156
stat.ML 2403.14183
stat.ML 2403.14573
stat.ML 2403.14593
stat.ML 2403.13868
stat.ML 2403.14067
stat.ML 2403.14125
stat.ML 2403.14225
stat.ML 2403.14228
stat.ML 2403.14385
cs.SY 2403.09793
cs.SY 2403.09848
cs.SY 2403.10054
cs.SY 2403.10120
cs.SY 2403.10290
cs.SY 2403.10306
cs.SY 2403.10384
cs.SY 2403.09760
cs.SY 2403.09817
cs.SY 2403.09865
cs.SY 2403.09903
cs.SY 2403.09923
cs.SY 2403.10007
cs.SY 2403.10013
cs.SY 2403.10269
cs.SY 2403.10315
cs.SY 2403.10396
cs.SY 2403.10435
cs.SY 2403.10497
cs.SY 2403.10629
cs.SY 2403.10636
cs.SY 2403.10797
cs.SY 2403.10932
cs.SY 2403.10934
cs.SY 2403.10966
cs.SY 2403.10980
cs.SY 2403.10990
cs.SY 2403.11015
cs.SY 2403.11034
cs.SY 2403.11054
cs.SY 2403.11095
cs.SY 2403.11279
cs.SY 2403.11433
cs.SY 2403.11661
cs.SY 2403.11737
cs.SY 2403.11744
cs.SY 2403.11763
cs.SY 2403.11784
cs.SY 2403.11877
cs.SY 2403.11940
cs.SY 2403.11948
cs.SY 2403.10554
cs.SY 2403.10617
cs.SY 2403.10621
cs.SY 2403.10623
cs.SY 2403.10723
cs.SY 2403.10735
cs.SY 2403.10841
cs.SY 2403.10869
cs.SY 2403.10986
cs.SY 2403.11043
cs.SY 2403.11067
cs.SY 2403.11068
cs.SY 2403.11076
cs.SY 2403.11086
cs.SY 2403.11104
cs.SY 2403.11146
cs.SY 2403.11379
cs.SY 2403.11542
cs.SY 2403.11816
cs.SY 2403.11836
cs.SY 2403.11863
cs.SY 2403.11883
cs.SY 2403.11907
cs.SY 2403.11938
cs.SY 2403.11945
cs.SY 2403.11947
cs.SY 2403.12006
cs.SY 2403.12204
cs.SY 2403.12235
cs.SY 2403.12378
cs.SY 2403.12575
cs.SY 2403.12738
cs.SY 2403.12210
cs.SY 2403.12215
cs.SY 2403.12218
cs.SY 2403.12251
cs.SY 2403.12346
cs.SY 2403.12379
cs.SY 2403.12487
cs.SY 2403.12521
cs.SY 2403.12567
cs.SY 2403.12584
cs.SY 2403.12595
cs.SY 2403.12633
cs.SY 2403.13032
cs.SY 2403.13079
cs.SY 2403.13090
cs.SY 2403.13290
cs.SY 2403.13502
cs.SY 2403.13547
cs.SY 2403.13605
cs.SY 2403.13730
cs.SY 2403.13236
cs.SY 2403.13245
cs.SY 2403.13255
cs.SY 2403.13288
cs.SY 2403.13346
cs.SY 2403.13367
cs.SY 2403.13373
cs.SY 2403.13440
cs.SY 2403.13473
cs.SY 2403.13562
cs.SY 2403.13601
cs.SY 2403.13602
cs.SY 2403.13609
cs.SY 2403.13648
cs.SY 2403.13651
cs.SY 2403.13664
cs.SY 2403.13707
cs.SY 2403.13851
cs.SY 2403.13909
cs.SY 2403.13929
cs.SY 2403.13941
cs.SY 2403.14092
cs.SY 2403.14209
cs.SY 2403.14508
cs.SY 2403.14545
cs.SY 2403.14605
cs.SY 2403.13828
cs.SY 2403.13906
cs.SY 2403.13923
cs.SY 2403.14010
cs.SY 2403.14011
cs.SY 2403.14028
cs.SY 2403.14059
cs.SY 2403.14154
cs.SY 2403.14172
cs.SY 2403.14184
cs.SY 2403.14194
cs.SY 2403.14310
cs.SY 2403.14369
cs.SY 2403.14372
cs.SY 2403.14373
cs.SY 2403.14386
cs.SY 2403.14432
cs.SY 2403.14464
cs.SY 2403.14500
cs.SY 2403.14519
cs.SY 2403.14525
cs.SY 2403.14536
stat.TH 2403.09877
stat.TH 2403.10352
stat.TH 2403.10416
stat.TH 2403.09960
stat.TH 2403.10480
stat.TH 2403.10711
stat.TH 2403.11013
stat.TH 2403.11163
stat.TH 2403.11175
stat.TH 2403.11343
stat.TH 2403.11356
stat.TH 2403.11374
stat.TH 2403.11438
stat.TH 2403.11564
stat.TH 2403.11954
stat.TH 2403.11963
stat.TH 2403.11968
stat.TH 2403.11400
stat.TH 2403.11489
stat.TH 2403.11704
stat.TH 2403.11860
stat.TH 2403.12012
stat.TH 2403.12158
stat.TH 2403.12187
stat.TH 2403.12610
stat.TH 2403.12711
stat.TH 2403.12757
stat.TH 2403.12815
stat.TH 2403.12946
stat.TH 2403.12048
stat.TH 2403.12110
stat.TH 2403.12284
stat.TH 2403.12295
stat.TH 2403.12491
stat.TH 2403.12531
stat.TH 2403.12565
stat.TH 2403.12832
stat.TH 2403.13203
stat.TH 2403.13361
stat.TH 2403.13565
stat.TH 2403.13750
stat.TH 2403.13153
stat.TH 2403.13410
stat.TH 2403.13706
stat.TH 2403.13828
stat.TH 2403.13864
stat.TH 2403.13868
stat.TH 2403.14122
stat.TH 2403.14152
stat.TH 2403.13964
stat.TH 2403.14032
stat.TH 2403.14570
cs.SI 2403.09755
cs.SI 2403.09986
cs.SI 2403.10006
cs.SI 2403.10231
cs.SI 2403.10408
cs.SI 2403.10572
cs.SI 2403.10707
cs.SI 2403.10995
cs.SI 2403.11004
cs.SI 2403.11087
cs.SI 2403.11332
cs.SI 2403.11456
cs.SI 2403.11483
cs.SI 2403.11952
cs.SI 2403.10543
cs.SI 2403.10705
cs.SI 2403.11051
cs.SI 2403.12399
cs.SI 2403.12560
cs.SI 2403.12618
cs.SI 2403.12904
cs.SI 2403.12410
cs.SI 2403.12540
cs.SI 2403.12619
cs.SI 2403.13272
cs.SI 2403.13550
cs.SI 2403.13625
cs.SI 2403.13215
cs.SI 2403.13267
cs.SI 2403.13344
cs.SI 2403.13362
cs.SI 2403.13657
cs.SI 2403.13840
cs.SI 2403.13872
cs.SI 2403.14443
cs.SI 2403.13865
cs.SI 2403.13875
cs.SI 2403.14038
cs.SI 2403.14298
cs.SI 2403.14351
cs.SI 2403.14415
cs.SI 2403.14584
eess.AS 2403.09753
eess.AS 2403.10024
eess.AS 2403.10146
eess.AS 2403.10329
eess.AS 2403.10380
eess.AS 2403.10488
eess.AS 2403.10493
eess.AS 2403.10518
eess.AS 2403.09789
eess.AS 2403.10271
eess.AS 2403.10420
eess.AS 2403.10428
eess.AS 2403.10549
eess.AS 2403.10796
eess.AS 2403.10805
eess.AS 2403.10904
eess.AS 2403.10961
eess.AS 2403.11074
eess.AS 2403.11091
eess.AS 2403.11626
eess.AS 2403.11706
eess.AS 2403.11732
eess.AS 2403.11757
eess.AS 2403.11778
eess.AS 2403.11780
eess.AS 2403.11827
eess.AS 2403.11879
eess.AS 2403.12000
eess.AS 2403.10548
eess.AS 2403.10565
eess.AS 2403.10756
eess.AS 2403.10937
eess.AS 2403.11037
eess.AS 2403.11508
eess.AS 2403.11578
eess.AS 2403.12402
eess.AS 2403.12408
eess.AS 2403.12425
eess.AS 2403.12477
eess.AS 2403.12182
eess.AS 2403.12258
eess.AS 2403.12630
eess.AS 2403.13086
eess.AS 2403.13252
eess.AS 2403.13253
eess.AS 2403.13254
eess.AS 2403.13353
eess.AS 2403.13423
eess.AS 2403.13659
eess.AS 2403.13720
eess.AS 2403.13332
eess.AS 2403.13356
eess.AS 2403.13465
eess.AS 2403.13643
eess.AS 2403.14048
eess.AS 2403.14083
eess.AS 2403.14402
eess.AS 2403.14438
eess.AS 2403.14179
eess.AS 2403.14246
eess.AS 2403.14268
stat.AP 2403.09677
stat.AP 2403.09726
stat.AP 2403.10034
stat.AP 2403.10165
stat.AP 2403.10440
stat.AP 2403.10514
stat.AP 2403.09791
stat.AP 2403.10300
stat.AP 2403.10302
stat.AP 2403.10636
stat.AP 2403.10680
stat.AP 2403.10938
stat.AP 2403.10945
stat.AP 2403.11276
stat.AP 2403.11344
stat.AP 2403.10544
stat.AP 2403.10791
stat.AP 2403.11429
stat.AP 2403.12078
stat.AP 2403.12079
stat.AP 2403.12108
stat.AP 2403.12110
stat.AP 2403.12250
stat.AP 2403.12284
stat.AP 2403.12624
stat.AP 2403.12711
stat.AP 2403.12715
stat.AP 2403.12288
stat.AP 2403.12858
stat.AP 2403.12977
stat.AP 2403.13458
stat.AP 2403.13628
stat.AP 2403.13081
stat.AP 2403.13488
stat.AP 2403.13819
stat.AP 2403.13821
stat.AP 2403.13861
stat.AP 2403.13959
stat.AP 2403.14044
stat.AP 2403.14336
stat.AP 2403.14452
stat.AP 2403.14488
stat.AP 2403.14563
stat.AP 2403.14573
stat.AP 2403.14050
math.OC 2403.09742
math.OC 2403.09807
math.OC 2403.09940
math.OC 2403.10007
math.OC 2403.10013
math.OC 2403.10063
math.OC 2403.10196
math.OC 2403.10282
math.OC 2403.10329
math.OC 2403.10441
math.OC 2403.09763
math.OC 2403.09815
math.OC 2403.09922
math.OC 2403.09927
math.OC 2403.10093
math.OC 2403.10115
math.OC 2403.10142
math.OC 2403.10180
math.OC 2403.10209
math.OC 2403.10306
math.OC 2403.10399
math.OC 2403.10423
math.OC 2403.10429
math.OC 2403.10617
math.OC 2403.10631
math.OC 2403.10763
math.OC 2403.10980
math.OC 2403.10986
math.OC 2403.11033
math.OC 2403.11062
math.OC 2403.11267
math.OC 2403.11477
math.OC 2403.11684
math.OC 2403.11687
math.OC 2403.11787
math.OC 2403.11844
math.OC 2403.11910
math.OC 2403.11926
math.OC 2403.11932
math.OC 2403.11945
math.OC 2403.10547
math.OC 2403.10612
math.OC 2403.10673
math.OC 2403.10706
math.OC 2403.10797
math.OC 2403.10965
math.OC 2403.10987
math.OC 2403.11012
math.OC 2403.11093
math.OC 2403.11115
math.OC 2403.11139
math.OC 2403.11210
math.OC 2403.11248
math.OC 2403.11293
math.OC 2403.11351
math.OC 2403.11410
math.OC 2403.11437
math.OC 2403.11443
math.OC 2403.11493
math.OC 2403.11533
math.OC 2403.11546
math.OC 2403.11557
math.OC 2403.11565
math.OC 2403.11605
math.OC 2403.11707
math.OC 2403.11724
math.OC 2403.11744
math.OC 2403.11763
math.OC 2403.11819
math.OC 2403.11913
math.OC 2403.11944
math.OC 2403.12001
math.OC 2403.11927
math.OC 2403.12062
math.OC 2403.12188
math.OC 2403.12204
math.OC 2403.12379
math.OC 2403.12460
math.OC 2403.12511
math.OC 2403.12793
math.OC 2403.12798
math.OC 2403.12829
math.OC 2403.12887
math.OC 2403.12206
math.OC 2403.12260
math.OC 2403.12338
math.OC 2403.12378
math.OC 2403.12542
math.OC 2403.12551
math.OC 2403.12579
math.OC 2403.12738
math.OC 2403.12859
math.OC 2403.12875
math.OC 2403.12923
math.OC 2403.12930
math.OC 2403.13075
math.OC 2403.13219
math.OC 2403.13236
math.OC 2403.13237
math.OC 2403.13255
math.OC 2403.13520
math.OC 2403.13140
math.OC 2403.13192
math.OC 2403.13234
math.OC 2403.13290
math.OC 2403.13320
math.OC 2403.13381
math.OC 2403.13385
math.OC 2403.13460
math.OC 2403.13567
math.OC 2403.13605
math.OC 2403.13688
math.OC 2403.13730
math.OC 2403.13851
math.OC 2403.13862
math.OC 2403.13868
math.OC 2403.14010
math.OC 2403.14028
math.OC 2403.14067
math.OC 2403.14159
math.OC 2403.14184
math.OC 2403.14398
math.OC 2403.14425
math.OC 2403.14431
math.OC 2403.14436
math.OC 2403.13898
math.OC 2403.13931
math.OC 2403.14013
math.OC 2403.14045
math.OC 2403.14079
math.OC 2403.14109
math.OC 2403.14189
math.OC 2403.14209
math.OC 2403.14226
math.OC 2403.14259
math.OC 2403.14396
math.OC 2403.14470
math.OC 2403.14509
math.OC 2403.14522
math.OC 2403.14535
math.OC 2403.14540
math.OC 2403.14555
math.OC 2403.14556
eess.IV 2403.09646
eess.IV 2403.09651
eess.IV 2403.09975
eess.IV 2403.09993
eess.IV 2403.10012
eess.IV 2403.10054
eess.IV 2403.10094
eess.IV 2403.10520
eess.IV 2403.09731
eess.IV 2403.09758
eess.IV 2403.09827
eess.IV 2403.09828
eess.IV 2403.09836
eess.IV 2403.09942
eess.IV 2403.09964
eess.IV 2403.10009
eess.IV 2403.10040
eess.IV 2403.10064
eess.IV 2403.10067
eess.IV 2403.10091
eess.IV 2403.10156
eess.IV 2403.10202
eess.IV 2403.10346
eess.IV 2403.10362
eess.IV 2403.10374
eess.IV 2403.10481
eess.IV 2403.10560
eess.IV 2403.10565
eess.IV 2403.10962
eess.IV 2403.11032
eess.IV 2403.11092
eess.IV 2403.11397
eess.IV 2403.11649
eess.IV 2403.11667
eess.IV 2403.11870
eess.IV 2403.11875
eess.IV 2403.11934
eess.IV 2403.11935
eess.IV 2403.11938
eess.IV 2403.11992
eess.IV 2403.12028
eess.IV 2403.10522
eess.IV 2403.10573
eess.IV 2403.10582
eess.IV 2403.10585
eess.IV 2403.10589
eess.IV 2403.10622
eess.IV 2403.10674
eess.IV 2403.10695
eess.IV 2403.10786
eess.IV 2403.10815
eess.IV 2403.10880
eess.IV 2403.10885
eess.IV 2403.10931
eess.IV 2403.10936
eess.IV 2403.11001
eess.IV 2403.11036
eess.IV 2403.11078
eess.IV 2403.11135
eess.IV 2403.11155
eess.IV 2403.11226
eess.IV 2403.11230
eess.IV 2403.11249
eess.IV 2403.11266
eess.IV 2403.11323
eess.IV 2403.11338
eess.IV 2403.11340
eess.IV 2403.11344
eess.IV 2403.11407
eess.IV 2403.11498
eess.IV 2403.11504
eess.IV 2403.11505
eess.IV 2403.11556
eess.IV 2403.11651
eess.IV 2403.11672
eess.IV 2403.11689
eess.IV 2403.11694
eess.IV 2403.11699
eess.IV 2403.11760
eess.IV 2403.11791
eess.IV 2403.11854
eess.IV 2403.11936
eess.IV 2403.11953
eess.IV 2403.11974
eess.IV 2403.12090
eess.IV 2403.12098
eess.IV 2403.12230
eess.IV 2403.12310
eess.IV 2403.12050
eess.IV 2403.12115
eess.IV 2403.12167
eess.IV 2403.12290
eess.IV 2403.12382
eess.IV 2403.12695
eess.IV 2403.12852
eess.IV 2403.12977
eess.IV 2403.13094
eess.IV 2403.13188
eess.IV 2403.13195
eess.IV 2403.13319
eess.IV 2403.13356
eess.IV 2403.13698
eess.IV 2403.12970
eess.IV 2403.13015
eess.IV 2403.13030
eess.IV 2403.13040
eess.IV 2403.13113
eess.IV 2403.13148
eess.IV 2403.13225
eess.IV 2403.13509
eess.IV 2403.13680
eess.IV 2403.13843
eess.IV 2403.14244
eess.IV 2403.14287
eess.IV 2403.13996
eess.IV 2403.14035
eess.IV 2403.14066
eess.IV 2403.14070
eess.IV 2403.14135
eess.IV 2403.14248
eess.IV 2403.14250
eess.IV 2403.14262
eess.IV 2403.14394
eess.IV 2403.14395
eess.IV 2403.14465
eess.IV 2403.14471
eess.IV 2403.14499
eess.IV 2403.14523
math.PR 2403.09678
math.PR 2403.09909
math.PR 2403.09992
math.PR 2403.10314
math.PR 2403.10432
math.PR 2403.10485
math.PR 2403.09778
math.PR 2403.09941
math.PR 2403.10111
math.PR 2403.10121
math.PR 2403.10359
math.PR 2403.10453
math.PR 2403.10483
math.PR 2403.11065
math.PR 2403.11093
math.PR 2403.11125
math.PR 2403.11385
math.PR 2403.11525
math.PR 2403.11768
math.PR 2403.11824
math.PR 2403.11910
math.PR 2403.11913
math.PR 2403.12012
math.PR 2403.10711
math.PR 2403.10714
math.PR 2403.10724
math.PR 2403.10914
math.PR 2403.10926
math.PR 2403.11213
math.PR 2403.11406
math.PR 2403.11500
math.PR 2403.11718
math.PR 2403.11727
math.PR 2403.11740
math.PR 2403.11773
math.PR 2403.11906
math.PR 2403.11917
math.PR 2403.12091
math.PR 2403.12165
math.PR 2403.12652
math.PR 2403.12752
math.PR 2403.12772
math.PR 2403.12780
math.PR 2403.12793
math.PR 2403.12875
math.PR 2403.12333
math.PR 2403.12355
math.PR 2403.12423
math.PR 2403.12590
math.PR 2403.12598
math.PR 2403.12610
math.PR 2403.12613
math.PR 2403.12661
math.PR 2403.12775
math.PR 2403.12836
math.PR 2403.12940
math.PR 2403.12941
math.PR 2403.13081
math.PR 2403.13121
math.PR 2403.13138
math.PR 2403.13203
math.PR 2403.13386
math.PR 2403.13415
math.PR 2403.13416
math.PR 2403.13576
math.PR 2403.13792
math.PR 2403.13161
math.PR 2403.13493
math.PR 2403.13791
math.PR 2403.13868
math.PR 2403.13875
math.PR 2403.13898
math.PR 2403.13977
math.PR 2403.13998
math.PR 2403.14189
math.PR 2403.14396
math.PR 2403.13874
math.PR 2403.14051
math.PR 2403.14068
math.PR 2403.14122
math.PR 2403.14251
math.PR 2403.14295
math.PR 2403.14321
math.PR 2403.14334
stat.CO 2403.08220
stat.CO 2403.08362
stat.CO 2403.08847
stat.CO 2403.09503
stat.CO 2403.08971
stat.CO 2403.09416
stat.CO 2403.09438
stat.CO 2403.09448
stat.CO 2403.10878
stat.CO 2403.10923
stat.CO 2403.11163
stat.CO 2403.12110
stat.CO 2403.12206
stat.CO 2403.12250
stat.CO 2403.12714
stat.CO 2403.12715
stat.CO 2403.12759
stat.CO 2403.12078
stat.CO 2403.12357
stat.CO 2403.13069
stat.CO 2403.13150
stat.CO 2403.13203
stat.CO 2403.13489
stat.CO 2403.13544
stat.CO 2403.13748
stat.CO 2403.13665
eess.SP 2403.09782
eess.SP 2403.10002
eess.SP 2403.10186
eess.SP 2403.10230
eess.SP 2403.10271
eess.SP 2403.10412
eess.SP 2403.10481
eess.SP 2403.10493
eess.SP 2403.09693
eess.SP 2403.09958
eess.SP 2403.09967
eess.SP 2403.10095
eess.SP 2403.10323
eess.SP 2403.10329
eess.SP 2403.10331
eess.SP 2403.10417
eess.SP 2403.10495
eess.SP 2403.10537
eess.SP 2403.10581
eess.SP 2403.10832
eess.SP 2403.10873
eess.SP 2403.11081
eess.SP 2403.11102
eess.SP 2403.11109
eess.SP 2403.11117
eess.SP 2403.11187
eess.SP 2403.11259
eess.SP 2403.11362
eess.SP 2403.11445
eess.SP 2403.11649
eess.SP 2403.11693
eess.SP 2403.11762
eess.SP 2403.11764
eess.SP 2403.11806
eess.SP 2403.11809
eess.SP 2403.11844
eess.SP 2403.11891
eess.SP 2403.11938
eess.SP 2403.10613
eess.SP 2403.10872
eess.SP 2403.11059
eess.SP 2403.11061
eess.SP 2403.11064
eess.SP 2403.11071
eess.SP 2403.11072
eess.SP 2403.11094
eess.SP 2403.11096
eess.SP 2403.11110
eess.SP 2403.11260
eess.SP 2403.11405
eess.SP 2403.11417
eess.SP 2403.11452
eess.SP 2403.11521
eess.SP 2403.11531
eess.SP 2403.11575
eess.SP 2403.11845
eess.SP 2403.11856
eess.SP 2403.11911
eess.SP 2403.12059
eess.SP 2403.12268
eess.SP 2403.12274
eess.SP 2403.12289
eess.SP 2403.12354
eess.SP 2403.12400
eess.SP 2403.12498
eess.SP 2403.12506
eess.SP 2403.12531
eess.SP 2403.12571
eess.SP 2403.12619
eess.SP 2403.12644
eess.SP 2403.12813
eess.SP 2403.12892
eess.SP 2403.12893
eess.SP 2403.12062
eess.SP 2403.12254
eess.SP 2403.12352
eess.SP 2403.12369
eess.SP 2403.12453
eess.SP 2403.12467
eess.SP 2403.12547
eess.SP 2403.12554
eess.SP 2403.12564
eess.SP 2403.12586
eess.SP 2403.12620
eess.SP 2403.12726
eess.SP 2403.12781
eess.SP 2403.12905
eess.SP 2403.12978
eess.SP 2403.12985
eess.SP 2403.13024
eess.SP 2403.13032
eess.SP 2403.13086
eess.SP 2403.13108
eess.SP 2403.13363
eess.SP 2403.13440
eess.SP 2403.13465
eess.SP 2403.13573
eess.SP 2403.13611
eess.SP 2403.13615
eess.SP 2403.13694
eess.SP 2403.12994
eess.SP 2403.13036
eess.SP 2403.13066
eess.SP 2403.13210
eess.SP 2403.13314
eess.SP 2403.13827
eess.SP 2403.14120
eess.SP 2403.14192
eess.SP 2403.13992
eess.SP 2403.14126
eess.SP 2403.14180
eess.SP 2403.14185
eess.SP 2403.14306
eess.SP 2403.14345
eess.SP 2403.14437
eess.SP 2403.14490
eess.SP 2403.14495
math.DS 2403.09778
math.DS 2403.09870
math.DS 2403.10070
math.DS 2403.10360
math.DS 2403.10450
math.DS 2403.10060
math.DS 2403.10139
math.DS 2403.10152
math.DS 2403.10325
math.DS 2403.10383
math.DS 2403.10405
math.DS 2403.10578
math.DS 2403.10752
math.DS 2403.10905
math.DS 2403.11200
math.DS 2403.11326
math.DS 2403.11406
math.DS 2403.11442
math.DS 2403.11521
math.DS 2403.11591
math.DS 2403.11718
math.DS 2403.11774
math.DS 2403.11913
math.DS 2403.10709
math.DS 2403.10909
math.DS 2403.11040
math.DS 2403.11065
math.DS 2403.11302
math.DS 2403.11357
math.DS 2403.11462
math.DS 2403.11654
math.DS 2403.12165
math.DS 2403.12379
math.DS 2403.12793
math.DS 2403.12657
math.DS 2403.13022
math.DS 2403.13118
math.DS 2403.13116
math.DS 2403.13316
math.DS 2403.13364
math.DS 2403.13383
math.DS 2403.13416
math.DS 2403.13471
math.DS 2403.13483
math.DS 2403.13531
math.DS 2403.13626
math.DS 2403.13744
math.DS 2403.13836
math.DS 2403.13851
math.DS 2403.14257
math.DS 2403.14319
math.DS 2403.14517
math.DS 2403.13932
math.DS 2403.13998
math.DS 2403.14147
math.DS 2403.14211
math.DS 2403.14219
math.DS 2403.14230
math.DS 2403.14271
math.DS 2403.14448
math.DS 2403.14514
math.DS 2403.14585
