cs.CE 2403.15129
cs.CE 2403.14788
cs.CE 2403.14795
cs.CE 2305.08601
cs.CE 2403.15596
cs.CE 2403.15989
cs.CE 2403.15392
cs.CE 2403.15614
cs.CE 2403.15622
cs.CE 2403.16055
cs.CE 2403.16507
cs.CE 2403.17131
cs.CE 2403.17018
cs.CE 2403.17597
cs.CE 2403.17679
cs.CE 2403.18310
cs.CE 2403.18308
cs.CE 2403.18369
cs.CE 2403.18416
cs.CE 2403.18823
cs.CE 2403.19244
cs.CE 2403.19405
cs.CE 2403.18825
cs.CE 2403.18918
cs.CE 2403.19036
cs.CE 2403.19109
cs.CE 2403.19371
cs.DB 2403.14701
cs.DB 2403.15324
cs.DB 2403.15366
cs.DB 2403.14726
cs.DB 2403.14902
cs.DB 2403.15839
cs.DB 2403.16204
cs.DB 2403.16404
cs.DB 2403.15553
cs.DB 2403.15807
cs.DB 2403.16110
cs.DB 2403.16312
cs.DB 2403.16712
cs.DB 2403.17469
cs.DB 2403.17778
cs.DB 2403.17082
cs.DB 2403.17229
cs.DB 2403.17344
cs.DB 2403.17665
cs.DB 2403.17786
cs.DB 2403.17885
cs.DB 2403.18682
cs.DB 2403.18306
cs.DB 2403.18599
cs.DB 2403.18869
cs.DB 2403.19531
cs.DB 2403.19546
cs.DB 2403.19378
cs.CG 2403.14723
cs.CG 2403.15261
cs.CG 2403.16216
cs.CG 2403.16203
cs.DM 2403.14824
cs.DM 2403.14885
cs.CG 2403.16474
cs.CG 2403.17147
cs.CG 2403.17090
cs.CG 2403.17370
cs.DM 2403.15023
cs.CG 2403.17371
cs.DM 2403.15167
cs.CG 2403.17754
cs.DM 2403.15198
cs.CG 2403.18404
cs.CG 2403.18980
cs.CG 2403.19036
cs.CG 2403.19097
cs.CG 2403.19052
cs.DM 2403.15201
cs.DM 2403.15215
cs.DM 2403.15939
cs.DM 2403.15961
cs.DM 2403.16665
cs.DM 2403.16983
cs.DM 2403.16589
cs.DM 2403.17090
cs.DM 2403.17469
cs.DM 2403.17568
cs.DM 2403.17658
cs.DM 2403.17892
cs.DM 2403.17969
cs.DM 2403.19246
cs.AI 2403.14440
cs.AI 2403.14633
cs.AI 2403.14635
cs.AI 2403.14636
cs.AI 2403.14639
cs.AI 2403.14641
cs.AI 2403.14642
cs.AI 2403.14643
cs.AI 2403.14645
cs.AI 2403.14650
cs.AI 2403.14652
cs.AI 2403.14658
cs.AI 2403.14659
cs.AI 2403.14660
cs.AI 2403.14662
cs.AI 2403.14668
cs.AI 2403.14676
cs.AI 2403.14680
cs.AI 2403.14681
cs.AI 2403.14682
cs.AI 2403.14683
cs.AI 2403.14687
cs.AI 2403.14689
cs.AI 2403.14690
cs.AI 2403.14691
cs.AI 2403.14692
cs.AI 2403.14693
cs.AI 2403.14694
cs.AI 2403.14697
cs.AI 2403.14704
cs.AI 2403.14706
cs.AI 2403.14710
cs.AI 2403.14711
cs.AI 2403.14712
cs.AI 2403.14715
cs.AI 2403.14734
cs.AI 2403.14736
cs.AI 2403.14772
cs.AI 2403.14773
cs.AI 2403.14783
cs.AI 2403.14790
cs.AI 2403.14791
cs.AI 2403.14800
cs.AI 2403.14814
cs.AI 2403.14817
cs.AI 2403.14843
cs.AI 2403.14859
cs.AI 2403.14864
cs.AI 2403.14888
cs.AI 2403.14895
cs.AI 2403.14919
cs.AI 2403.14932
cs.AI 2403.14941
cs.AI 2403.14946
cs.AI 2403.14951
cs.AI 2403.14952
cs.AI 2403.14965
cs.AI 2403.14977
cs.AI 2403.14999
cs.AI 2403.15027
cs.AI 2403.15044
cs.AI 2403.15048
cs.AI 2403.15049
cs.AI 2403.15059
cs.AI 2403.15075
cs.AI 2403.15076
cs.AI 2403.15091
cs.AI 2403.15097
cs.AI 2403.15100
cs.AI 2403.15112
cs.AI 2403.15114
cs.AI 2403.15115
cs.AI 2403.15143
cs.AI 2403.15167
cs.AI 2403.15170
cs.AI 2403.15176
cs.AI 2403.15192
cs.AI 2403.15195
cs.AI 2403.15216
cs.AI 2403.15218
cs.AI 2403.15235
cs.AI 2403.15245
cs.AI 2403.15248
cs.AI 2403.15249
cs.AI 2403.15250
cs.AI 2403.15257
cs.AI 2403.15274
cs.AI 2403.15301
cs.AI 2403.15304
cs.AI 2403.15313
cs.AI 2403.15317
cs.AI 2403.15325
cs.AI 2403.15362
cs.AI 2403.15371
cs.AI 2403.15385
cs.AI 2403.15388
cs.AI 2403.14705
cs.AI 2403.14733
cs.AI 2403.14796
cs.AI 2403.14885
cs.AI 2403.14972
cs.AI 2403.15137
cs.AI 2403.15251
cs.AI 2403.15297
cs.AI 2403.15341
cs.AI 2403.14763
cs.AI 2403.15396
cs.AI 2403.15397
cs.AI 2403.15401
cs.AI 2403.15403
cs.AI 2403.15404
cs.AI 2403.15407
cs.AI 2403.15408
cs.AI 2403.15412
cs.AI 2403.15413
cs.AI 2403.15416
cs.AI 2403.15422
cs.AI 2403.15423
cs.AI 2403.15424
cs.AI 2403.15426
cs.AI 2403.15432
cs.AI 2403.15433
cs.AI 2403.15434
cs.AI 2403.15441
cs.AI 2403.15442
cs.AI 2403.15443
cs.AI 2403.15444
cs.AI 2403.15445
cs.AI 2403.15447
cs.AI 2403.15449
cs.AI 2403.15452
cs.AI 2403.15453
cs.AI 2403.15457
cs.AI 2403.15464
cs.AI 2403.15465
cs.AI 2403.15472
cs.AI 2403.15474
cs.AI 2403.15476
cs.AI 2403.15479
cs.AI 2403.15481
cs.AI 2403.15485
cs.AI 2403.15486
cs.AI 2403.15489
cs.AI 2403.15499
cs.AI 2403.15509
cs.AI 2403.15511
cs.AI 2403.15512
cs.AI 2403.15516
cs.AI 2403.15523
cs.AI 2403.15528
cs.AI 2403.15529
cs.AI 2403.15551
cs.AI 2403.15559
cs.AI 2403.15569
cs.AI 2403.15585
cs.AI 2403.15600
cs.AI 2403.15601
cs.AI 2403.15603
cs.AI 2403.15604
cs.AI 2403.15646
cs.AI 2403.15648
cs.AI 2403.15690
cs.AI 2403.15698
cs.AI 2403.15707
cs.AI 2403.15709
cs.AI 2403.15716
cs.AI 2403.15724
cs.AI 2403.15729
cs.AI 2403.15743
cs.AI 2403.15747
cs.AI 2403.15756
cs.AI 2403.15757
cs.AI 2403.15765
cs.AI 2403.15766
cs.AI 2403.15769
cs.AI 2403.15776
cs.AI 2403.15796
cs.AI 2403.15807
cs.AI 2403.15812
cs.AI 2403.15824
cs.AI 2403.15826
cs.AI 2403.15834
cs.AI 2403.15852
cs.AI 2403.15855
cs.AI 2403.15857
cs.AI 2403.15876
cs.AI 2403.15886
cs.AI 2403.15931
cs.AI 2403.15938
cs.AI 2403.15940
cs.AI 2403.15941
cs.AI 2403.15944
cs.AI 2403.15953
cs.AI 2403.15955
cs.AI 2403.15962
cs.AI 2403.15974
cs.AI 2403.15977
cs.AI 2403.15989
cs.AI 2403.15994
cs.AI 2403.16003
cs.AI 2403.16004
cs.AI 2403.16016
cs.AI 2403.16023
cs.AI 2403.16043
cs.AI 2403.16056
cs.AI 2403.16067
cs.AI 2403.16081
cs.AI 2403.16108
cs.AI 2403.16112
cs.AI 2403.16116
cs.AI 2403.16127
cs.AI 2403.16130
cs.AI 2403.16135
cs.AI 2403.16142
cs.AI 2403.16149
cs.AI 2403.16153
cs.AI 2403.16163
cs.AI 2403.16178
cs.AI 2403.16209
cs.AI 2403.16210
cs.AI 2403.16218
cs.AI 2403.16230
cs.AI 2403.16260
cs.AI 2403.16272
cs.AI 2403.16276
cs.AI 2403.16291
cs.AI 2403.16303
cs.AI 2403.16327
cs.AI 2403.16334
cs.AI 2403.16338
cs.AI 2403.16345
cs.AI 2403.16347
cs.AI 2403.16354
cs.AI 2403.16369
cs.AI 2403.16386
cs.AI 2403.16394
cs.AI 2403.16397
cs.AI 2403.16398
cs.AI 2403.16418
cs.AI 2403.16422
cs.AI 2403.16431
cs.AI 2403.16432
cs.AI 2403.16443
cs.AI 2403.16451
cs.AI 2403.16460
cs.AI 2403.16495
cs.AI 2403.16512
cs.AI 2403.16523
cs.AI 2403.16530
cs.AI 2403.16543
cs.AI 2403.16552
cs.AI 2403.16554
cs.AI 2403.16561
cs.AI 2403.16571
cs.AI 2403.16578
cs.AI 2403.16582
cs.AI 2403.16591
cs.AI 2403.16666
cs.AI 2403.16674
cs.AI 2403.16687
cs.AI 2403.16707
cs.AI 2403.16719
cs.AI 2403.16757
cs.AI 2403.16760
cs.AI 2403.16768
cs.AI 2403.16782
cs.AI 2403.16798
cs.AI 2403.16809
cs.AI 2403.16812
cs.AI 2403.16829
cs.AI 2403.16831
cs.AI 2403.16843
cs.AI 2403.16846
cs.AI 2403.16851
cs.AI 2403.16852
cs.AI 2403.16854
cs.AI 2403.16863
cs.AI 2403.16877
cs.AI 2403.16895
cs.AI 2403.16903
cs.AI 2403.16915
cs.AI 2403.16933
cs.AI 2403.16941
cs.AI 2403.16950
cs.AI 2403.16952
cs.AI 2403.16971
cs.AI 2403.16973
cs.AI 2403.16990
cs.AI 2403.16995
cs.AI 2403.15437
cs.AI 2403.15456
cs.AI 2403.15504
cs.AI 2403.15574
cs.AI 2403.15577
cs.AI 2403.15586
cs.AI 2403.15587
cs.AI 2403.15640
cs.AI 2403.15696
cs.AI 2403.15728
cs.AI 2403.15760
cs.AI 2403.15779
cs.AI 2403.15864
cs.AI 2403.15875
cs.AI 2403.15879
cs.AI 2403.15901
cs.AI 2403.15916
cs.AI 2403.15933
cs.AI 2403.15961
cs.AI 2403.16066
cs.AI 2403.16071
cs.AI 2403.16097
cs.AI 2403.16100
cs.AI 2403.16101
cs.AI 2403.16133
cs.AI 2403.16162
cs.AI 2403.16190
cs.AI 2403.16206
cs.AI 2403.16222
cs.AI 2403.16289
cs.AI 2403.16393
cs.AI 2403.16416
cs.AI 2403.16424
cs.AI 2403.16427
cs.AI 2403.16501
cs.AI 2403.16508
cs.AI 2403.16524
cs.AI 2403.16527
cs.AI 2403.16649
cs.AI 2403.16667
cs.AI 2403.16728
cs.AI 2403.16732
cs.AI 2403.16750
cs.AI 2403.16808
cs.AI 2403.16824
cs.AI 2403.16858
cs.AI 2403.16904
cs.AI 2403.16908
cs.AI 2403.16909
cs.AI 2403.16984
cs.AI 2303.10227
cs.AI 2305.10666
cs.AI 2403.14685
cs.AI 2403.17011
cs.AI 2403.17012
cs.AI 2403.17064
cs.AI 2403.17083
cs.AI 2403.17089
cs.AI 2403.17091
cs.AI 2403.17124
cs.AI 2403.17125
cs.AI 2403.17130
cs.AI 2403.17134
cs.AI 2403.17141
cs.AI 2403.17147
cs.AI 2403.17159
cs.AI 2403.17164
cs.AI 2403.17169
cs.AI 2403.17210
cs.AI 2403.17212
cs.AI 2403.17214
cs.AI 2403.17217
cs.AI 2403.17219
cs.AI 2403.17223
cs.AI 2403.17224
cs.AI 2403.17237
cs.AI 2403.17266
cs.AI 2403.17297
cs.AI 2403.17308
cs.AI 2403.17319
cs.AI 2403.17329
cs.AI 2403.17338
cs.AI 2403.17342
cs.AI 2403.17357
cs.AI 2403.17361
cs.AI 2403.17368
cs.AI 2403.17373
cs.AI 2403.17377
cs.AI 2403.17379
cs.AI 2403.17381
cs.AI 2403.17385
cs.AI 2403.17407
cs.AI 2403.17410
cs.AI 2403.17421
cs.AI 2403.17445
cs.AI 2403.17456
cs.AI 2403.17465
cs.AI 2403.17467
cs.AI 2403.17479
cs.AI 2403.17515
cs.AI 2403.17516
cs.AI 2403.17525
cs.AI 2403.17530
cs.AI 2403.17542
cs.AI 2403.17556
cs.AI 2403.17582
cs.AI 2403.17587
cs.AI 2403.17589
cs.AI 2403.17611
cs.AI 2403.17633
cs.AI 2403.17637
cs.AI 2403.17656
cs.AI 2403.17661
cs.AI 2403.17674
cs.AI 2403.17677
cs.AI 2403.17693
cs.AI 2403.17698
cs.AI 2403.17706
cs.AI 2403.17710
cs.AI 2403.17740
cs.AI 2403.17768
cs.AI 2403.17784
cs.AI 2403.17819
cs.AI 2403.17827
cs.AI 2403.17839
cs.AI 2403.17846
cs.AI 2403.17847
cs.AI 2403.17891
cs.AI 2403.17916
cs.AI 2403.17919
cs.AI 2403.17924
cs.AI 2403.17927
cs.AI 2403.17933
cs.AI 2403.17040
cs.AI 2403.17101
cs.AI 2403.17108
cs.AI 2403.17209
cs.AI 2403.17234
cs.AI 2403.17246
cs.AI 2403.17247
cs.AI 2403.17306
cs.AI 2403.17312
cs.AI 2403.17328
cs.AI 2403.17333
cs.AI 2403.17350
cs.AI 2403.17358
cs.AI 2403.17384
cs.AI 2403.17395
cs.AI 2403.17419
cs.AI 2403.17426
cs.AI 2403.17428
cs.AI 2403.17532
cs.AI 2403.17549
cs.AI 2403.17601
cs.AI 2403.17607
cs.AI 2403.17632
cs.AI 2403.17643
cs.AI 2403.17653
cs.AI 2403.17683
cs.AI 2403.17726
cs.AI 2403.17735
cs.AI 2403.17742
cs.AI 2403.17755
cs.AI 2403.17778
cs.AI 2403.17787
cs.AI 2403.17814
cs.AI 2403.17826
cs.AI 2403.17873
cs.AI 2403.17914
cs.AI 2403.17918
cs.AI 2403.17608
cs.AI 2403.17942
cs.AI 2403.17958
cs.AI 2403.17978
cs.AI 2403.17992
cs.AI 2403.17993
cs.AI 2403.17995
cs.AI 2403.18025
cs.AI 2403.18028
cs.AI 2403.18051
cs.AI 2403.18058
cs.AI 2403.18062
cs.AI 2403.18063
cs.AI 2403.18067
cs.AI 2403.18079
cs.AI 2403.18093
cs.AI 2403.18098
cs.AI 2403.18105
cs.AI 2403.18116
cs.AI 2403.18132
cs.AI 2403.18133
cs.AI 2403.18136
cs.AI 2403.18140
cs.AI 2403.18148
cs.AI 2403.18159
cs.AI 2403.18167
cs.AI 2403.18195
cs.AI 2403.18196
cs.AI 2403.18208
cs.CV 2403.14679
cs.AI 2403.18209
cs.CV 2403.14715
cs.CV 2403.14719
cs.AI 2403.18212
cs.CV 2403.14800
cs.AI 2403.18219
cs.CV 2403.14863
cs.AI 2403.18223
cs.CV 2403.14999
cs.AI 2403.18241
cs.CV 2403.15031
cs.AI 2403.18252
cs.CV 2403.15061
cs.AI 2403.18256
cs.CV 2403.15068
cs.AI 2403.18258
cs.CV 2403.15103
cs.CV 2403.15107
cs.AI 2403.18267
cs.CV 2403.15150
cs.AI 2403.18286
cs.AI 2403.18296
cs.CV 2403.15156
cs.AI 2403.18301
cs.CV 2403.15182
cs.AI 2403.18305
cs.CV 2403.15203
cs.AI 2403.18310
cs.CV 2403.15238
cs.AI 2403.18314
cs.CV 2403.15314
cs.AI 2403.18327
cs.CV 2403.15316
cs.AI 2403.18347
cs.CV 2403.14682
cs.AI 2403.18351
cs.CV 2403.14684
cs.AI 2403.18364
cs.CV 2403.14729
cs.AI 2403.18379
cs.CV 2403.14743
cs.AI 2403.18381
cs.CV 2403.14760
cs.AI 2403.18383
cs.CV 2403.14772
cs.AI 2403.18397
cs.CV 2403.14773
cs.AI 2403.18406
cs.CV 2403.14774
cs.AI 2403.18407
cs.CV 2403.14778
cs.AI 2403.18421
cs.CV 2403.14781
cs.AI 2403.18425
cs.CV 2403.14783
cs.AI 2403.18451
cs.CV 2403.14789
cs.AI 2403.18459
cs.CV 2403.14790
cs.AI 2403.18469
cs.CV 2403.14797
cs.AI 2403.18486
cs.CV 2403.14821
cs.AI 2403.18506
cs.CV 2403.14828
cs.AI 2403.18519
cs.CV 2403.14836
cs.AI 2403.18536
cs.CV 2403.14837
cs.AI 2403.18546
cs.CV 2403.14839
cs.AI 2403.18569
cs.CV 2403.14852
cs.AI 2403.18570
cs.CV 2403.14870
cs.AI 2403.18593
cs.CV 2403.14874
cs.AI 2403.18600
cs.CV 2403.14886
cs.AI 2403.18607
cs.CV 2403.14897
cs.AI 2403.18668
cs.CV 2403.14898
cs.AI 2403.18681
cs.CV 2403.14910
cs.AI 2403.18690
cs.CV 2403.14937
cs.AI 2403.18699
cs.CV 2403.14939
cs.AI 2403.18711
cs.CV 2403.14944
cs.AI 2403.18715
cs.CV 2403.14947
cs.AI 2403.18717
cs.CV 2403.14966
cs.AI 2403.18742
cs.CV 2403.14973
cs.AI 2403.18755
cs.CV 2403.14974
cs.AI 2403.18756
cs.CV 2403.14977
cs.AI 2403.18762
cs.CV 2403.14987
cs.AI 2403.18766
cs.CV 2403.14995
cs.AI 2403.18775
cs.CV 2403.15004
cs.AI 2403.18795
cs.CV 2403.15008
cs.AI 2403.18802
cs.AI 2403.18807
cs.AI 2403.18814
cs.CV 2403.15009
cs.AI 2403.18056
cs.AI 2403.18057
cs.CV 2403.15010
cs.CV 2403.15011
cs.AI 2403.18100
cs.CV 2403.15013
cs.CV 2403.15017
cs.AI 2403.18101
cs.CV 2403.15019
cs.AI 2403.18120
cs.CV 2403.15026
cs.AI 2403.18145
cs.CV 2403.15032
cs.AI 2403.18183
cs.CV 2403.15033
cs.AI 2403.18203
cs.AI 2403.18205
cs.CV 2403.15044
cs.AI 2403.18218
cs.CV 2403.15048
cs.AI 2403.18230
cs.CV 2403.15049
cs.CV 2403.15059
cs.AI 2403.18243
cs.CV 2403.15063
cs.AI 2403.18278
cs.CV 2403.15064
cs.AI 2403.18338
cs.CV 2403.15082
cs.AI 2403.18344
cs.CV 2403.15089
cs.AI 2403.18388
cs.CV 2403.15098
cs.AI 2403.18405
cs.CV 2403.15119
cs.AI 2403.18489
cs.CV 2403.15121
cs.AI 2403.18537
cs.CV 2403.15124
cs.AI 2403.18547
cs.CV 2403.15127
cs.AI 2403.18659
cs.CV 2403.15132
cs.AI 2403.18725
cs.CV 2403.15139
cs.AI 2403.18731
cs.CV 2403.15143
cs.AI 2108.13810
cs.CV 2403.15152
cs.AI 2303.13024
cs.CV 2403.15161
cs.AI 2403.18831
cs.CV 2403.15173
cs.AI 2403.18838
cs.CV 2403.15192
cs.AI 2403.18846
cs.CV 2403.15194
cs.AI 2403.18850
cs.CV 2403.15209
cs.AI 2403.18864
cs.CV 2403.15212
cs.AI 2403.18870
cs.CV 2403.15218
cs.AI 2403.18871
cs.CV 2403.15227
cs.AI 2403.18872
cs.CV 2403.15234
cs.AI 2403.18910
cs.CV 2403.15241
cs.AI 2403.18920
cs.CV 2403.15245
cs.AI 2403.18923
cs.CV 2403.15248
cs.AI 2403.18932
cs.CV 2403.15249
cs.AI 2403.18938
cs.CV 2403.15260
cs.AI 2403.18946
cs.CV 2403.15272
cs.AI 2403.18958
cs.CV 2403.15309
cs.AI 2403.18963
cs.CV 2403.15313
cs.CV 2403.15317
cs.AI 2403.18965
cs.CV 2403.15330
cs.AI 2403.18969
cs.CV 2403.15353
cs.AI 2403.18976
cs.CV 2403.15356
cs.AI 2403.18978
cs.CV 2403.15360
cs.AI 2403.18985
cs.CV 2403.15361
cs.AI 2403.18989
cs.CV 2403.15370
cs.AI 2403.18998
cs.CV 2403.15377
cs.AI 2403.19001
cs.CV 2403.15378
cs.AI 2403.19012
cs.CV 2403.15382
cs.AI 2403.19021
cs.CV 2403.15383
cs.AI 2403.19024
cs.CV 2403.15385
cs.AI 2403.19031
cs.CV 2403.15388
cs.AI 2403.19046
cs.CV 2403.15389
cs.AI 2403.19050
cs.CV 2403.15423
cs.AI 2403.19060
cs.CV 2403.15424
cs.AI 2403.19066
cs.CV 2403.15442
cs.AI 2403.19073
cs.CV 2403.15443
cs.CV 2403.15444
cs.AI 2403.19076
cs.CV 2403.15517
cs.AI 2403.19078
cs.AI 2403.19082
cs.CV 2403.15522
cs.AI 2403.19083
cs.CV 2403.15528
cs.AI 2403.19093
cs.CV 2403.15560
cs.AI 2403.19101
cs.CV 2403.15567
cs.CV 2403.15571
cs.AI 2403.19103
cs.CV 2403.15609
cs.AI 2403.19113
cs.CV 2403.15706
cs.AI 2403.19116
cs.CV 2403.15717
cs.AI 2403.19135
cs.CV 2403.15735
cs.AI 2403.19140
cs.CV 2403.15769
cs.AI 2403.19148
cs.CV 2403.15770
cs.AI 2403.19150
cs.CV 2403.15803
cs.CV 2403.15853
cs.AI 2403.19154
cs.CV 2403.15901
cs.CV 2403.15905
cs.AI 2403.19167
cs.CV 2403.15941
cs.AI 2403.19177
cs.CV 2403.15974
cs.AI 2403.19178
cs.AI 2403.19211
cs.CV 2403.16023
cs.CV 2403.16024
cs.AI 2403.19221
cs.CV 2403.16071
cs.AI 2403.19238
cs.CV 2403.16143
cs.CV 2403.16146
cs.AI 2403.19267
cs.CV 2403.16175
cs.CV 2403.16201
cs.AI 2403.19270
cs.AI 2403.19271
cs.CV 2403.16212
cs.AI 2403.19273
cs.CV 2403.16244
cs.AI 2403.19275
cs.CV 2403.16246
cs.AI 2403.19279
cs.CV 2403.16258
cs.AI 2403.19289
cs.CV 2403.16260
cs.AI 2403.19305
cs.CV 2403.16286
cs.AI 2403.19316
cs.CV 2403.16335
cs.AI 2403.19336
cs.CV 2403.16350
cs.AI 2403.19340
cs.CV 2403.16361
cs.AI 2403.19345
cs.CV 2403.16365
cs.AI 2403.19347
cs.CV 2403.16374
cs.AI 2403.19376
cs.CV 2403.16384
cs.AI 2403.19386
cs.CV 2403.16405
cs.AI 2403.19405
cs.CV 2403.16425
cs.AI 2403.19419
cs.CV 2403.16438
cs.AI 2403.19421
cs.CV 2403.16439
cs.AI 2403.19424
cs.CV 2403.16442
cs.AI 2403.19432
cs.CV 2403.16469
cs.CV 2403.16516
cs.AI 2403.19459
cs.CV 2403.16552
cs.AI 2403.19460
cs.CV 2403.16569
cs.AI 2403.19521
cs.CV 2403.16582
cs.AI 2403.19545
cs.AI 2403.19546
cs.CV 2403.16594
cs.AI 2403.19561
cs.CV 2403.16607
cs.AI 2403.19584
cs.CV 2403.16612
cs.AI 2403.19595
cs.CV 2403.16640
cs.CV 2403.16643
cs.AI 2403.19603
cs.CV 2403.16669
cs.AI 2403.19620
cs.CV 2403.16677
cs.AI 2403.19631
cs.CV 2403.16678
cs.CV 2403.16689
cs.AI 2403.19647
cs.CV 2403.16695
cs.AI 2403.19648
cs.CV 2403.16707
cs.AI 2403.19651
cs.CV 2403.16776
cs.AI 2403.19652
cs.CV 2403.16782
cs.AI 2403.18827
cs.CV 2403.16803
cs.CV 2403.16967
cs.CV 2403.16970
cs.CV 2403.16974
cs.CV 2403.15463
cs.CV 2403.15466
cs.CV 2403.15474
cs.CV 2403.15476
cs.CV 2403.15497
cs.CV 2403.15530
cs.CV 2403.15551
cs.CV 2403.15559
cs.CV 2403.15583
cs.CV 2403.15585
cs.CV 2403.15593
cs.CV 2403.15603
cs.CV 2403.15605
cs.CV 2403.15612
cs.CV 2403.15624
cs.CV 2403.15647
cs.CV 2403.15651
cs.CV 2403.15664
cs.CV 2403.15675
cs.CV 2403.15679
cs.CV 2403.15684
cs.CV 2403.15691
cs.CV 2403.15693
cs.CV 2403.15698
cs.CV 2403.15704
cs.CV 2403.15705
cs.CV 2403.15709
cs.CV 2403.15712
cs.CV 2403.15750
cs.CV 2403.15751
cs.CV 2403.15765
cs.CV 2403.15786
cs.CV 2403.15787
cs.CV 2403.15789
cs.CV 2403.15831
cs.CV 2403.15832
cs.CV 2403.15835
cs.CV 2403.15836
cs.CV 2403.15837
cs.CV 2403.15849
cs.CV 2403.15876
cs.CV 2403.15878
cs.CV 2403.15891
cs.CV 2403.15918
cs.CV 2403.15931
cs.CV 2403.15943
cs.CV 2403.15944
cs.CV 2403.15947
cs.CV 2403.15951
cs.CV 2403.15952
cs.CV 2403.15955
cs.CV 2403.15977
cs.CV 2403.15981
cs.CV 2403.15990
cs.CV 2403.15992
cs.CV 2403.15994
cs.CV 2403.16002
cs.CV 2403.16003
cs.CV 2403.16005
cs.CV 2403.16009
cs.CV 2403.16016
cs.CV 2403.16020
cs.CV 2403.16028
cs.CV 2403.16034
cs.CV 2403.16043
cs.CV 2403.16048
cs.CV 2403.16050
cs.CV 2403.16051
cs.CV 2403.16067
cs.CV 2403.16080
cs.CV 2403.16092
cs.CV 2403.16095
cs.CV 2403.16111
cs.CV 2403.16112
cs.CV 2403.16116
cs.CV 2403.16124
cs.CV 2403.16128
cs.CV 2403.16131
cs.CV 2403.16141
cs.CV 2403.16161
cs.CV 2403.16167
cs.CV 2403.16169
cs.CV 2403.16172
cs.CV 2403.16182
cs.CV 2403.16184
cs.CV 2403.16188
cs.CV 2403.16194
cs.CV 2403.16198
cs.CV 2403.16202
cs.CV 2403.16205
cs.CV 2403.16207
cs.CV 2403.16209
cs.CV 2403.16210
cs.CV 2403.16221
cs.CV 2403.16224
cs.CV 2403.16227
cs.CV 2403.16240
cs.CV 2403.16242
cs.CV 2403.16257
cs.CV 2403.16263
cs.CV 2403.16270
cs.CV 2403.16271
cs.CV 2403.16272
cs.CV 2403.16276
cs.CV 2403.16292
cs.CV 2403.16318
cs.CV 2403.16338
cs.CV 2403.16358
cs.CV 2403.16368
cs.CV 2403.16370
cs.CV 2403.16376
cs.CV 2403.16379
cs.CV 2403.16385
cs.CV 2403.16386
cs.CV 2403.16387
cs.CV 2403.16395
cs.CV 2403.16400
cs.CV 2403.16407
cs.CV 2403.16410
cs.CV 2403.16412
cs.CV 2403.16422
cs.CV 2403.16428
cs.CV 2403.16431
cs.CV 2403.16440
cs.CV 2403.16450
cs.CV 2403.16481
cs.CV 2403.16494
cs.CV 2403.16497
cs.CV 2403.16499
cs.CV 2403.16502
cs.CV 2403.16510
cs.CV 2403.16513
cs.CV 2403.16520
cs.CV 2403.16526
cs.CV 2403.16528
cs.CV 2403.16530
cs.CV 2403.16536
cs.CV 2403.16539
cs.CV 2403.16558
cs.CV 2403.16578
cs.CV 2403.16605
cs.CV 2403.16627
cs.CV 2403.16635
cs.CV 2403.16638
cs.CV 2403.16646
cs.CV 2403.16697
cs.CV 2403.16736
cs.CV 2403.16788
cs.CV 2403.16794
cs.CV 2403.16831
cs.CV 2403.16834
cs.CV 2403.16848
cs.CV 2403.16862
cs.CV 2403.16885
cs.CV 2403.16888
cs.CV 2403.16897
cs.CV 2403.16921
cs.CV 2403.16937
cs.CV 2403.16954
cs.CV 2403.16958
cs.CV 2403.16964
cs.CV 2403.16990
cs.CV 2403.16993
cs.CV 2403.16994
cs.CV 2403.16996
cs.CV 2403.16997
cs.CV 2403.16998
cs.CV 2403.16999
cs.CV 2403.17000
cs.CV 2403.17001
cs.CV 2403.17004
cs.CV 2403.17005
cs.CV 2403.17006
cs.CV 2403.17007
cs.CV 2403.17008
cs.CV 2403.17009
cs.CV 2403.17010
cs.CV 2403.13358
cs.CV 2403.17042
cs.CV 2403.17083
cs.CV 2403.17084
cs.CV 2403.17177
cs.CV 2403.17255
cs.CV 2403.17293
cs.CV 2403.17327
cs.CV 2403.17332
cs.CV 2403.17420
cs.CV 2403.17432
cs.CV 2403.17447
cs.CV 2403.17460
cs.CV 2403.17497
cs.CV 2403.17503
cs.CV 2403.17520
cs.CV 2403.17545
cs.CV 2403.17549
cs.CV 2403.17615
cs.CV 2403.17639
cs.CV 2403.17672
cs.CV 2403.17701
cs.CV 2403.17719
cs.CV 2403.17734
cs.CV 2403.17755
cs.CV 2403.17770
cs.CV 2403.17787
cs.CV 2403.17808
cs.CV 2403.17846
cs.CV 2403.17902
cs.CV 2403.17905
cs.CV 2403.17916
cs.CV 2403.17933
cs.CV 2403.17013
cs.CV 2403.17014
cs.CV 2403.17016
cs.CV 2403.17025
cs.CV 2403.17064
cs.CV 2403.17094
cs.CV 2403.17103
cs.CV 2403.17128
cs.CV 2403.17173
cs.CV 2403.17175
cs.CV 2403.17176
cs.CV 2403.17188
cs.CV 2403.17192
cs.CV 2403.17213
cs.CV 2403.17217
cs.CV 2403.17223
cs.CV 2403.17237
cs.CV 2403.17301
cs.CV 2403.17330
cs.CV 2403.17334
cs.CV 2403.17342
cs.CV 2403.17343
cs.CV 2403.17346
cs.CV 2403.17360
cs.CV 2403.17369
cs.CV 2403.17373
cs.CV 2403.17377
cs.CV 2403.17387
cs.CV 2403.17390
cs.CV 2403.17409
cs.CV 2403.17422
cs.CV 2403.17423
cs.CV 2403.17465
cs.CV 2403.17477
cs.CV 2403.17496
cs.CV 2403.17502
cs.CV 2403.17512
cs.CV 2403.17525
cs.CV 2403.17530
cs.CV 2403.17537
cs.CV 2403.17541
cs.CV 2403.17550
cs.CV 2403.17589
cs.CV 2403.17608
cs.CV 2403.17610
cs.CV 2403.17631
cs.CV 2403.17633
cs.CV 2403.17638
cs.CV 2403.17651
cs.CV 2403.17664
cs.CV 2403.17678
cs.CV 2403.17691
cs.CV 2403.17692
cs.CV 2403.17694
cs.CV 2403.17695
cs.CV 2403.17702
cs.CV 2403.17708
cs.CV 2403.17709
cs.CV 2403.17712
cs.CV 2403.17725
cs.CV 2403.17727
cs.CV 2403.17749
cs.CV 2403.17757
cs.CV 2403.17761
cs.CV 2403.17765
cs.CV 2403.17782
cs.CV 2403.17801
cs.CV 2403.17804
cs.CV 2403.17822
cs.CV 2403.17823
cs.CV 2403.17827
cs.CV 2403.17830
cs.CV 2403.17834
cs.CV 2403.17837
cs.CV 2403.17839
cs.CV 2403.17869
cs.CV 2403.17870
cs.CV 2403.17879
cs.CV 2403.17881
cs.CV 2403.17883
cs.CV 2403.17884
cs.CV 2403.17888
cs.CV 2403.17893
cs.CV 2403.17898
cs.CV 2403.17909
cs.CV 2403.17915
cs.CV 2403.17920
cs.CV 2403.17924
cs.CV 2403.17926
cs.CV 2403.17929
cs.CV 2403.17931
cs.CV 2403.17934
cs.CV 2403.17935
cs.CV 2403.17936
cs.CV 2403.17937
cs.CV 2403.17958
cs.CV 2403.18028
cs.CV 2403.18035
cs.CV 2403.18096
cs.CV 2403.18103
cs.CV 2403.18132
cs.CV 2403.18134
cs.CV 2403.18139
cs.CV 2403.18144
cs.CV 2403.18151
cs.CV 2403.18178
cs.CV 2403.18196
cs.CV 2403.18198
cs.CV 2403.18233
cs.CV 2403.18266
cs.CV 2403.18301
cs.CV 2403.18321
cs.CV 2403.18339
cs.CV 2403.18346
cs.CV 2403.18347
cs.CV 2403.18388
cs.CV 2403.18447
cs.CV 2403.18468
cs.CV 2403.18501
cs.CV 2403.18514
cs.CV 2403.18546
cs.CV 2403.18587
cs.CV 2403.18589
cs.CV 2403.18637
cs.CV 2403.18660
cs.CV 2403.18717
cs.CV 2403.18731
cs.CV 2403.18734
cs.CV 2403.18821
cs.CV 2403.17994
cs.CV 2403.17995
cs.CV 2403.17998
cs.CV 2403.18033
cs.CV 2403.18036
cs.CV 2403.18038
cs.CV 2403.18040
cs.CV 2403.18063
cs.CV 2403.18067
cs.CV 2403.18074
cs.CV 2403.18080
cs.CV 2403.18092
cs.CV 2403.18094
cs.CV 2403.18104
cs.CV 2403.18114
cs.CV 2403.18116
cs.CV 2403.18117
cs.CV 2403.18118
cs.CV 2403.18158
cs.CV 2403.18180
cs.CV 2403.18186
cs.CV 2403.18187
cs.CV 2403.18193
cs.CV 2403.18201
cs.CV 2403.18207
cs.CV 2403.18208
cs.CV 2403.18211
cs.CV 2403.18228
cs.CV 2403.18238
cs.CV 2403.18241
cs.CV 2403.18252
cs.CV 2403.18258
cs.CV 2403.18260
cs.CV 2403.18270
cs.CV 2403.18271
cs.CV 2403.18274
cs.CV 2403.18281
cs.CV 2403.18282
cs.CV 2403.18291
cs.CV 2403.18293
cs.CV 2403.18294
cs.CV 2403.18318
cs.CV 2403.18328
cs.CV 2403.18330
cs.CV 2403.18334
cs.CV 2403.18342
cs.CV 2403.18351
cs.CV 2403.18356
cs.CV 2403.18360
cs.CV 2403.18361
cs.CV 2403.18370
cs.CV 2403.18373
cs.CV 2403.18383
cs.CV 2403.18397
cs.CV 2403.18406
cs.CV 2403.18407
cs.CV 2403.18417
cs.CV 2403.18425
cs.CV 2403.18442
cs.CV 2403.18443
cs.CV 2403.18452
cs.CV 2403.18454
cs.CV 2403.18461
cs.CV 2403.18469
cs.CV 2403.18471
cs.CV 2403.18476
cs.CV 2403.18490
cs.CV 2403.18493
cs.CV 2403.18495
cs.CV 2403.18512
cs.CV 2403.18525
cs.CV 2403.18548
cs.CV 2403.18550
cs.CV 2403.18551
cs.CV 2403.18554
cs.CV 2403.18565
cs.CV 2403.18575
cs.CV 2403.18593
cs.CV 2403.18600
cs.CV 2403.18605
cs.CV 2403.18649
cs.CV 2403.18674
cs.CV 2403.18690
cs.CV 2403.18708
cs.CV 2403.18711
cs.CV 2403.18714
cs.CV 2403.18715
cs.CV 2403.18730
cs.CV 2403.18756
cs.CV 2403.18762
cs.CV 2403.18774
cs.CV 2403.18775
cs.CV 2403.18784
cs.CV 2403.18791
cs.CV 2403.18795
cs.CV 2403.18807
cs.CV 2403.18811
cs.CV 2403.18814
cs.CV 2403.18816
cs.CV 2403.18818
cs.CV 2403.18819
cs.CV 2403.18820
cs.CV 2403.18873
cs.CV 2403.18886
cs.CV 2403.18910
cs.CV 2403.18920
cs.CV 2403.18921
cs.CV 2403.18955
cs.CV 2403.18985
cs.CV 2403.19002
cs.CV 2403.19076
cs.CV 2403.19150
cs.CV 2403.19163
cs.CV 2403.19174
cs.CV 2403.19203
cs.CV 2403.19243
cs.CV 2403.19326
cs.CV 2403.19415
cs.CV 2403.19425
cs.CV 2403.19444
cs.CV 2403.19508
cs.CV 2403.19522
cs.CV 2403.19603
cs.CV 2403.19607
cs.CV 2403.19620
cs.CV 2403.19622
cs.CV 2403.19649
cs.CV 2403.18843
cs.CV 2403.18870
cs.CV 2403.18871
cs.CV 2403.18878
cs.CV 2403.18908
cs.CV 2403.18913
cs.CV 2403.18915
cs.CV 2403.18922
cs.CV 2403.18978
cs.CV 2403.18996
cs.CV 2403.19001
cs.CV 2403.19022
cs.CV 2403.19026
cs.CV 2403.19043
cs.CV 2403.19046
cs.CV 2403.19066
cs.CV 2403.19067
cs.CV 2403.19078
cs.CV 2403.19079
cs.CV 2403.19080
cs.CV 2403.19098
cs.CV 2403.19101
cs.CV 2403.19103
cs.CV 2403.19104
cs.CV 2403.19107
cs.CV 2403.19111
cs.CV 2403.19124
cs.CV 2403.19128
cs.CV 2403.19137
cs.CV 2403.19140
cs.CV 2403.19144
cs.CV 2403.19158
cs.CV 2403.19160
cs.CV 2403.19164
cs.CV 2403.19177
cs.CV 2403.19193
cs.CV 2403.19205
cs.CV 2403.19213
cs.CV 2403.19220
cs.CV 2403.19221
cs.CV 2403.19225
cs.CV 2403.19232
cs.CV 2403.19235
cs.CV 2403.19238
cs.CV 2403.19242
cs.CV 2403.19254
cs.CV 2403.19265
cs.CV 2403.19278
cs.CV 2403.19294
cs.CV 2403.19306
cs.CV 2403.19314
cs.CV 2403.19316
cs.CV 2403.19319
cs.CV 2403.19322
cs.CV 2403.19334
cs.CV 2403.19336
cs.CV 2403.19366
cs.CV 2403.19376
cs.CV 2403.19386
cs.CV 2403.19407
cs.CV 2403.19412
cs.CV 2403.19417
cs.CV 2403.19428
cs.CV 2403.19435
cs.CV 2403.19438
cs.CV 2403.19456
cs.CV 2403.19467
cs.CV 2403.19473
cs.CV 2403.19474
cs.CV 2403.19490
cs.CV 2403.19492
cs.CV 2403.19495
cs.CV 2403.19497
cs.CV 2403.19501
cs.CV 2403.19514
cs.CV 2403.19517
cs.CV 2403.19527
cs.CV 2403.19534
cs.CV 2403.19539
cs.CV 2403.19549
cs.CV 2403.19554
cs.CV 2403.19579
cs.CV 2403.19580
cs.CV 2403.19584
cs.CV 2403.19586
cs.CV 2403.19588
cs.CV 2403.19589
cs.CV 2403.19593
cs.CV 2403.19595
cs.CV 2403.19596
cs.CV 2403.19600
cs.CV 2403.19611
cs.CV 2403.19612
cs.CV 2403.19615
cs.CV 2403.19632
cs.CV 2403.19638
cs.CV 2403.19645
cs.CV 2403.19646
cs.CV 2403.19651
cs.CV 2403.19652
cs.CV 2403.19653
cs.CV 2403.19654
cs.CV 2403.19655
cs.GT 2403.15293
cs.GT 2403.15198
cs.GT 2403.15307
cs.GT 2403.15400
cs.GT 2403.16373
cs.GT 2403.16843
cs.GT 2403.15429
cs.GT 2403.15524
cs.GT 2403.15616
cs.GT 2403.15636
cs.GT 2403.15848
cs.GT 2403.16223
cs.GT 2403.16799
cs.GT 2403.16980
cs.GT 2403.17302
cs.GT 2403.17515
cs.GT 2403.17139
cs.GT 2403.18162
cs.GT 2403.18176
cs.GT 2403.18079
cs.GT 2403.18086
cs.GT 2403.18174
cs.GT 2403.18340
cs.GT 2403.18642
cs.GT 2403.18837
cs.GT 2403.19075
cs.GT 2403.19130
cs.GT 2403.19194
cs.GT 2403.19197
cs.DC 2403.14693
cs.DC 2403.14716
cs.DC 2403.14718
cs.DC 2403.14737
cs.DC 2403.14853
cs.DC 2403.15191
cs.DC 2403.15366
cs.DC 2403.14792
cs.DC 2403.14854
cs.DC 2403.14903
cs.DC 2403.15195
cs.DC 2403.15324
cs.DC 2403.15582
cs.DC 2403.15760
cs.DC 2403.15855
cs.DC 2403.15927
cs.DC 2403.16288
cs.DC 2403.16293
cs.DC 2403.16301
cs.DC 2403.16372
cs.DC 2403.16460
cs.DC 2403.16542
cs.DC 2403.16557
cs.DC 2403.16677
cs.DC 2403.16861
cs.DC 2403.16903
cs.DC 2403.15665
cs.DC 2403.15701
cs.DC 2403.15721
cs.DC 2403.15815
cs.DC 2403.16125
cs.DC 2403.16298
cs.DC 2403.16457
cs.DC 2403.16486
cs.DC 2403.16869
cs.DC 2403.17261
cs.DC 2403.17287
cs.DC 2403.17400
cs.DC 2403.17574
cs.DC 2403.17833
cs.DC 2403.17878
cs.DC 2403.17017
cs.DC 2403.17036
cs.DC 2403.17092
cs.DC 2403.17107
cs.DC 2403.17331
cs.DC 2403.17863
cs.DC 2403.18300
cs.DC 2403.18326
cs.DC 2403.18641
cs.DC 2403.18682
cs.DC 2403.18766
cs.DC 2403.17940
cs.DC 2403.18073
cs.DC 2403.18374
cs.DC 2403.18509
cs.DC 2403.18545
cs.DC 2403.18619
cs.DC 2403.18639
cs.DC 2403.18916
cs.DC 2403.19146
cs.DC 2403.19178
cs.DC 2403.19016
cs.DC 2403.19042
cs.DC 2403.19257
cs.FL 2403.09145
cs.FL 2403.11148
cs.FL 2403.15899
cs.FL 2403.16626
cs.FL 2403.18212
cs.FL 2403.19526
cs.IR 2403.14666
cs.IR 2403.14693
cs.IR 2403.14702
cs.IR 2403.15279
cs.IR 2403.15075
cs.IR 2403.15246
cs.IR 2403.15450
cs.IR 2403.15520
cs.IR 2403.15548
cs.IR 2403.15765
cs.IR 2403.15937
cs.IR 2403.16151
cs.IR 2403.16345
cs.IR 2403.16424
cs.IR 2403.16435
cs.IR 2403.16504
cs.IR 2403.16630
cs.IR 2403.16656
cs.IR 2403.16702
cs.IR 2403.15667
cs.IR 2403.15757
cs.IR 2403.16037
cs.IR 2403.16085
cs.IR 2403.16135
cs.IR 2403.16371
cs.IR 2403.16378
cs.IR 2403.16778
cs.IR 2403.16915
cs.IR 2403.16948
cs.IR 2403.17089
cs.IR 2403.17209
cs.IR 2403.17210
cs.IR 2403.17264
cs.IR 2403.17643
cs.IR 2403.17848
cs.IR 2403.17286
cs.IR 2403.17372
cs.IR 2403.17374
cs.IR 2403.17416
cs.IR 2403.17421
cs.IR 2403.17425
cs.IR 2403.17442
cs.IR 2403.17473
cs.IR 2403.17603
cs.IR 2403.17634
cs.IR 2403.17688
cs.IR 2403.17729
cs.IR 2403.17740
cs.IR 2403.17759
cs.IR 2403.17780
cs.IR 2403.17876
cs.IR 2403.17901
cs.IR 2403.18025
cs.IR 2403.18173
cs.IR 2403.18183
cs.IR 2403.18623
cs.IR 2403.18766
cs.IR 2403.18227
cs.IR 2403.18276
cs.IR 2403.18280
cs.IR 2403.18305
cs.IR 2403.18317
cs.IR 2403.18325
cs.IR 2403.18348
cs.IR 2403.18435
cs.IR 2403.18462
cs.IR 2403.18479
cs.IR 2403.18480
cs.IR 2403.18536
cs.IR 2403.18604
cs.IR 2403.18628
cs.IR 2403.18667
cs.IR 2403.18684
cs.IR 2403.18855
cs.IR 2403.19546
cs.IR 2403.19651
cs.IR 2403.18962
cs.IR 2403.19021
cs.IR 2403.19063
cs.IR 2403.19181
cs.IR 2403.19216
cs.IR 2403.19276
cs.IR 2403.19302
cs.IR 2403.19345
cs.IR 2403.19347
cs.CR 2403.14772
cs.CR 2403.14774
cs.CR 2403.14885
cs.CR 2403.14905
cs.CR 2403.15010
cs.CR 2403.15045
cs.CR 2403.15074
cs.CR 2403.15285
cs.CR 2403.14667
cs.CR 2403.14719
cs.CR 2403.14720
cs.CR 2403.14724
cs.CR 2403.14725
cs.CR 2403.14731
cs.CR 2403.14739
cs.CR 2403.14872
cs.CR 2403.14916
cs.CR 2403.14963
cs.CR 2403.14985
cs.CR 2403.15030
cs.CR 2403.15052
cs.CR 2403.15078
cs.CR 2403.15080
cs.CR 2403.15191
cs.CR 2403.15197
cs.CR 2403.15208
cs.CR 2403.15224
cs.CR 2403.15233
cs.CR 2403.15271
cs.CR 2403.15365
cs.CR 2309.04274
cs.CR 2403.15400
cs.CR 2403.15600
cs.CR 2403.15676
cs.CR 2403.15740
cs.CR 2403.15756
cs.CR 2403.15757
cs.CR 2403.16365
cs.CR 2403.16405
cs.CR 2403.16513
cs.CR 2403.16542
cs.CR 2403.16569
cs.CR 2403.16610
cs.CR 2403.16638
cs.CR 2403.16704
cs.CR 2403.16904
cs.CR 2403.16956
cs.CR 2403.15509
cs.CR 2403.15510
cs.CR 2403.15522
cs.CR 2403.15607
cs.CR 2403.15638
cs.CR 2403.15723
cs.CR 2403.15884
cs.CR 2403.16060
cs.CR 2403.16083
cs.CR 2403.16149
cs.CR 2403.16196
cs.CR 2403.16304
cs.CR 2403.16473
cs.CR 2403.16757
cs.CR 2403.16860
cs.CR 2403.16898
cs.CR 2403.16903
cs.CR 2403.17105
cs.CR 2403.17155
cs.CR 2403.17188
cs.CR 2403.17218
cs.CR 2403.17225
cs.CR 2403.17250
cs.CR 2403.17301
cs.CR 2403.17350
cs.CR 2403.17382
cs.CR 2403.17673
cs.CR 2403.17755
cs.CR 2403.17775
cs.CR 2403.17787
cs.CR 2403.17068
cs.CR 2403.17081
cs.CR 2403.17160
cs.CR 2403.17296
cs.CR 2403.17303
cs.CR 2403.17336
cs.CR 2403.17414
cs.CR 2403.17458
cs.CR 2403.17494
cs.CR 2403.17524
cs.CR 2403.17571
cs.CR 2403.17648
cs.CR 2403.17674
cs.CR 2403.17710
cs.CR 2403.18571
cs.CR 2403.18720
cs.CR 2403.18774
cs.CR 2403.17978
cs.CR 2403.17980
cs.CR 2403.17983
cs.CR 2403.18144
cs.CR 2403.18162
cs.CR 2403.18223
cs.CR 2403.18247
cs.CR 2403.18300
cs.CR 2403.18309
cs.CR 2403.18326
cs.CR 2403.18403
cs.CR 2403.18580
cs.CR 2403.18587
cs.CR 2403.18607
cs.CR 2403.18716
cs.CR 2403.18985
cs.CR 2403.19009
cs.CR 2403.19080
cs.CR 2403.19096
cs.CR 2403.19150
cs.CR 2403.19326
cs.CR 2403.19368
cs.CR 2403.18920
cs.CR 2403.18989
cs.CR 2403.19072
cs.CR 2403.19112
cs.CR 2403.19178
cs.CR 2403.19248
cs.CR 2403.19299
cs.CR 2403.19510
cs.CR 2403.19530
cs.CR 2403.19531
cs.CR 2403.19577
cs.GR 2403.14696
cs.GR 2403.15064
cs.GR 2403.15227
cs.GR 2403.15385
cs.GR 2403.14723
cs.GR 2403.15419
cs.GR 2403.15476
cs.GR 2403.16024
cs.GR 2403.16210
cs.GR 2403.16653
cs.GR 2403.16862
cs.GR 2403.16990
cs.GR 2403.15902
cs.GR 2403.17083
cs.GR 2403.17237
cs.GR 2403.17371
cs.GR 2403.17496
cs.GR 2403.17541
cs.GR 2403.17694
cs.GR 2403.17761
cs.GR 2403.17782
cs.GR 2403.17827
cs.GR 2403.17837
cs.GR 2403.17888
cs.GR 2403.17261
cs.GR 2403.17672
cs.GR 2403.18241
cs.GR 2403.18351
cs.GR 2403.18476
cs.GR 2403.18811
cs.GR 2403.18660
cs.GR 2403.18761
cs.GR 2403.19456
cs.GR 2403.19495
cs.GR 2403.19586
cs.GR 2403.19611
cs.GR 2403.19272
cs.CL 2403.14633
cs.CL 2403.14643
cs.CL 2403.14651
cs.CL 2403.14652
cs.CL 2403.14657
cs.CL 2403.14659
cs.CL 2403.14661
cs.CL 2403.14666
cs.CL 2403.14668
cs.CL 2403.14683
cs.CL 2403.14690
cs.CL 2403.14694
cs.CL 2403.14705
cs.CL 2403.14720
cs.CL 2403.14725
cs.CL 2403.14727
cs.CL 2403.14731
cs.CL 2403.14733
cs.CL 2403.14734
cs.CL 2403.14773
cs.CL 2403.14774
cs.CL 2403.14783
cs.CL 2403.14870
cs.CL 2403.14958
cs.CL 2403.14972
cs.CL 2403.15062
cs.CL 2403.15137
cs.CL 2403.15214
cs.CL 2403.15226
cs.CL 2403.15246
cs.CL 2403.15309
cs.CL 2403.15365
cs.CL 2403.15371
cs.CL 2403.15388
cs.CL 2403.14808
cs.CL 2403.14814
cs.CL 2403.14840
cs.CL 2403.14859
cs.CL 2403.14888
cs.CL 2403.14895
cs.CL 2403.14919
cs.CL 2403.14932
cs.CL 2403.14938
cs.CL 2403.14946
cs.CL 2403.14950
cs.CL 2403.14952
cs.CL 2403.14982
cs.CL 2403.14988
cs.CL 2403.14989
cs.CL 2403.14990
cs.CL 2403.15040
cs.CL 2403.15042
cs.CL 2403.15088
cs.CL 2403.15097
cs.CL 2403.15112
cs.CL 2403.15115
cs.CL 2403.15185
cs.CL 2403.15250
cs.CL 2403.15268
cs.CL 2403.15273
cs.CL 2403.15278
cs.CL 2403.15279
cs.CL 2403.15293
cs.CL 2403.15322
cs.CL 2403.15351
cs.CL 2403.15362
cs.CL 2403.15364
cs.CL 2403.15397
cs.CL 2403.15399
cs.CL 2403.15401
cs.CL 2403.15412
cs.CL 2403.15426
cs.CL 2403.15456
cs.CL 2403.15465
cs.CL 2403.15498
cs.CL 2403.15638
cs.CL 2403.15676
cs.CL 2403.15696
cs.CL 2403.15744
cs.CL 2403.15756
cs.CL 2403.15757
cs.CL 2403.15837
cs.CL 2403.15875
cs.CL 2403.15952
cs.CL 2403.15992
cs.CL 2403.16033
cs.CL 2403.16087
cs.CL 2403.16167
cs.CL 2403.16176
cs.CL 2403.16303
cs.CL 2403.16385
cs.CL 2403.16437
cs.CL 2403.16527
cs.CL 2403.16851
cs.CL 2403.16899
cs.CL 2403.16909
cs.CL 2403.16915
cs.CL 2403.16971
cs.CL 2403.16973
cs.CL 2403.16984
cs.CL 2403.15391
cs.CL 2403.15393
cs.CL 2403.15407
cs.CL 2403.15430
cs.CL 2403.15434
cs.CL 2403.15436
cs.CL 2403.15440
cs.CL 2403.15445
cs.CL 2403.15447
cs.CL 2403.15449
cs.CL 2403.15450
cs.CL 2403.15451
cs.CL 2403.15452
cs.CL 2403.15453
cs.CL 2403.15454
cs.CL 2403.15455
cs.CL 2403.15458
cs.CL 2403.15459
cs.CL 2403.15464
cs.CL 2403.15467
cs.CL 2403.15469
cs.CL 2403.15470
cs.CL 2403.15473
cs.CL 2403.15478
cs.CL 2403.15482
cs.CL 2403.15484
cs.CL 2403.15485
cs.CL 2403.15486
cs.CL 2403.15491
cs.CL 2403.15492
cs.CL 2403.15501
cs.CL 2403.15502
cs.CL 2403.15503
cs.CL 2403.15512
cs.CL 2403.15516
cs.CL 2403.15529
cs.CL 2403.15615
cs.CL 2403.15673
cs.CL 2403.15690
cs.CL 2403.15699
cs.CL 2403.15715
cs.CL 2403.15724
cs.CL 2403.15729
cs.CL 2403.15736
cs.CL 2403.15737
cs.CL 2403.15740
cs.CL 2403.15776
cs.CL 2403.15796
cs.CL 2403.15800
cs.CL 2403.15822
cs.CL 2403.15872
cs.CL 2403.15882
cs.CL 2403.15885
cs.CL 2403.15886
cs.CL 2403.15938
cs.CL 2403.15940
cs.CL 2403.16008
cs.CL 2403.16038
cs.CL 2403.16056
cs.CL 2403.16084
cs.CL 2403.16099
cs.CL 2403.16127
cs.CL 2403.16129
cs.CL 2403.16139
cs.CL 2403.16142
cs.CL 2403.16158
cs.CL 2403.16187
cs.CL 2403.16204
cs.CL 2403.16247
cs.CL 2403.16248
cs.CL 2403.16265
cs.CL 2403.16295
cs.CL 2403.16345
cs.CL 2403.16394
cs.CL 2403.16396
cs.CL 2403.16432
cs.CL 2403.16435
cs.CL 2403.16442
cs.CL 2403.16443
cs.CL 2403.16444
cs.CL 2403.16446
cs.CL 2403.16447
cs.CL 2403.16463
cs.CL 2403.16483
cs.CL 2403.16504
cs.CL 2403.16512
cs.CL 2403.16516
cs.CL 2403.16543
cs.CL 2403.16554
cs.CL 2403.16571
cs.CL 2403.16584
cs.CL 2403.16592
cs.CL 2403.16609
cs.CL 2403.16614
cs.CL 2403.16630
cs.CL 2403.16655
cs.CL 2403.16662
cs.CL 2403.16668
cs.CL 2403.16685
cs.CL 2403.16702
cs.CL 2403.16771
cs.CL 2403.16777
cs.CL 2403.16792
cs.CL 2403.16804
cs.CL 2403.16820
cs.CL 2403.16852
cs.CL 2403.16854
cs.CL 2403.16865
cs.CL 2403.16913
cs.CL 2403.16941
cs.CL 2403.16950
cs.CL 2403.16952
cs.CL 2403.16968
cs.CL 2403.16977
cs.CL 2403.16995
cs.CL 2403.17124
cs.CL 2403.17246
cs.CL 2403.17336
cs.CL 2403.17343
cs.CL 2403.17344
cs.CL 2403.17428
cs.CL 2403.17445
cs.CL 2403.17524
cs.CL 2403.17599
cs.CL 2403.17691
cs.CL 2403.17727
cs.CL 2403.17804
cs.CL 2403.17806
cs.CL 2403.17811
cs.CL 2403.17846
cs.CL 2403.17919
cs.CL 2403.17104
cs.CL 2403.17125
cs.CL 2403.17135
cs.CL 2403.17141
cs.CL 2403.17143
cs.CL 2403.17146
cs.CL 2403.17155
cs.CL 2403.17158
cs.CL 2403.17169
cs.CL 2403.17196
cs.CL 2403.17199
cs.CL 2403.17216
cs.CL 2403.17220
cs.CL 2403.17240
cs.CL 2403.17245
cs.CL 2403.17254
cs.CL 2403.17281
cs.CL 2403.17284
cs.CL 2403.17297
cs.CL 2403.17299
cs.CL 2403.17307
cs.CL 2403.17308
cs.CL 2403.17314
cs.CL 2403.17319
cs.CL 2403.17359
cs.CL 2403.17361
cs.CL 2403.17363
cs.CL 2403.17368
cs.CL 2403.17385
cs.CL 2403.17407
cs.CL 2403.17411
cs.CL 2403.17413
cs.CL 2403.17431
cs.CL 2403.17486
cs.CL 2403.17491
cs.CL 2403.17497
cs.CL 2403.17516
cs.CL 2403.17528
cs.CL 2403.17534
cs.CL 2403.17536
cs.CL 2403.17540
cs.CL 2403.17545
cs.CL 2403.17546
cs.CL 2403.17552
cs.CL 2403.17553
cs.CL 2403.17556
cs.CL 2403.17564
cs.CL 2403.17582
cs.CL 2403.17611
cs.CL 2403.17612
cs.CL 2403.17636
cs.CL 2403.17640
cs.CL 2403.17645
cs.CL 2403.17647
cs.CL 2403.17661
cs.CL 2403.17706
cs.CL 2403.17733
cs.CL 2403.17748
cs.CL 2403.17752
cs.CL 2403.17760
cs.CL 2403.17768
cs.CL 2403.17816
cs.CL 2403.17848
cs.CL 2403.17853
cs.CL 2403.17856
cs.CL 2403.17859
cs.CL 2403.17860
cs.CL 2403.17887
cs.CL 2403.18063
cs.CL 2403.18120
cs.CL 2403.18159
cs.CL 2403.18252
cs.CL 2403.18260
cs.CL 2403.18276
cs.CL 2403.18406
cs.CL 2403.18435
cs.CL 2403.18525
cs.CL 2403.18537
cs.CL 2403.18609
cs.CL 2403.18624
cs.CL 2403.18667
cs.CL 2403.18684
cs.CL 2403.18715
cs.CL 2403.18746
cs.CL 2403.18814
cs.CL 2403.18018
cs.CL 2403.18024
cs.CL 2403.18025
cs.CL 2403.18031
cs.CL 2403.18051
cs.CL 2403.18058
cs.CL 2403.18093
cs.CL 2403.18098
cs.CL 2403.18105
cs.CL 2403.18121
cs.CL 2403.18125
cs.CL 2403.18140
cs.CL 2403.18148
cs.CL 2403.18152
cs.CL 2403.18167
cs.CL 2403.18182
cs.CL 2403.18249
cs.CL 2403.18251
cs.CL 2403.18253
cs.CL 2403.18277
cs.CL 2403.18286
cs.CL 2403.18295
cs.CL 2403.18314
cs.CL 2403.18327
cs.CL 2403.18336
cs.CL 2403.18341
cs.CL 2403.18346
cs.CL 2403.18349
cs.CL 2403.18350
cs.CL 2403.18365
cs.CL 2403.18381
cs.CL 2403.18421
cs.CL 2403.18423
cs.CL 2403.18426
cs.CL 2403.18430
cs.CL 2403.18447
cs.CL 2403.18504
cs.CL 2403.18542
cs.CL 2403.18555
cs.CL 2403.18647
cs.CL 2403.18671
cs.CL 2403.18680
cs.CL 2403.18697
cs.CL 2403.18769
cs.CL 2403.18771
cs.CL 2403.18783
cs.CL 2403.18802
cs.CL 2403.18803
cs.CL 2403.18804
cs.CL 2403.18843
cs.CL 2403.18872
cs.CL 2403.18926
cs.CL 2403.18957
cs.CL 2403.19021
cs.CL 2403.19103
cs.CL 2403.19114
cs.CL 2403.19181
cs.CL 2403.19201
cs.CL 2403.19211
cs.CL 2403.19322
cs.CL 2403.19423
cs.CL 2403.19634
cs.CL 2403.19647
cs.CL 2403.19651
cs.CL 2403.18932
cs.CL 2403.18933
cs.CL 2403.18938
cs.CL 2403.18969
cs.CL 2403.18973
cs.CL 2403.18975
cs.CL 2403.18976
cs.CL 2403.19012
cs.CL 2403.19031
cs.CL 2403.19056
cs.CL 2403.19094
cs.CL 2403.19113
cs.CL 2403.19116
cs.CL 2403.19121
cs.CL 2403.19135
cs.CL 2403.19142
cs.CL 2403.19154
cs.CL 2403.19159
cs.CL 2403.19161
cs.CL 2403.19167
cs.CL 2403.19183
cs.CL 2403.19219
cs.CL 2403.19259
cs.CL 2403.19260
cs.CL 2403.19267
cs.CL 2403.19270
cs.CL 2403.19275
cs.CL 2403.19279
cs.CL 2403.19283
cs.CL 2403.19285
cs.CL 2403.19305
cs.CL 2403.19317
cs.CL 2403.19318
cs.CL 2403.19335
cs.CL 2403.19340
cs.CL 2403.19346
cs.CL 2403.19352
cs.CL 2403.19354
cs.CL 2403.19358
cs.CL 2403.19365
cs.CL 2403.19390
cs.CL 2403.19399
cs.CL 2403.19414
cs.CL 2403.19424
cs.CL 2403.19432
cs.CL 2403.19443
cs.CL 2403.19454
cs.CL 2403.19509
cs.CL 2403.19511
cs.CL 2403.19521
cs.CL 2403.19548
cs.CL 2403.19559
cs.CL 2403.19603
cs.CL 2403.19631
cs.DS 2403.15224
cs.DS 2403.15366
cs.DS 2403.15961
cs.DS 2403.16203
cs.DS 2403.16317
cs.DS 2403.16660
cs.DS 2403.16850
cs.DS 2403.15547
cs.DS 2403.15623
cs.DS 2403.15811
cs.DS 2403.15871
cs.DS 2403.16117
cs.DS 2403.16216
cs.DS 2403.16314
cs.DS 2403.16665
cs.DS 2403.16936
cs.DS 2403.17673
cs.DS 2403.17766
cs.DS 2403.17480
cs.DS 2403.17587
cs.DS 2403.17658
cs.DS 2403.17942
cs.DS 2403.18059
cs.DS 2403.18497
cs.DS 2403.18513
cs.DS 2403.18682
cs.DS 2403.18777
cs.DS 2403.18781
cs.DS 2403.18812
cs.DS 2403.19300
cs.DS 2403.19401
cs.DS 2403.19117
cs.DS 2403.19146
cs.IT 2403.14775
cs.IT 2403.14849
cs.IT 2403.14911
cs.IT 2403.14943
cs.IT 2403.14978
cs.IT 2403.15120
cs.IT 2403.15130
cs.IT 2403.15131
cs.IT 2403.15145
cs.IT 2403.15165
cs.IT 2403.15221
cs.IT 2403.15240
cs.IT 2403.15390
cs.IT 2403.15635
cs.IT 2403.15978
cs.IT 2403.16258
cs.IT 2403.16290
cs.IT 2403.16388
cs.IT 2403.16855
cs.IT 2403.16874
cs.IT 2403.16932
cs.IT 2403.16981
cs.IT 2403.16986
cs.IT 2403.15588
cs.IT 2403.15649
cs.IT 2403.15681
cs.IT 2403.15692
cs.IT 2403.15754
cs.IT 2403.15827
cs.IT 2403.16045
cs.IT 2403.16072
cs.IT 2403.16186
cs.IT 2403.16343
cs.IT 2403.16344
cs.IT 2403.16353
cs.IT 2403.16453
cs.IT 2403.16458
cs.IT 2403.16472
cs.IT 2403.16477
cs.IT 2403.16498
cs.IT 2403.16575
cs.IT 2403.16676
cs.IT 2403.16694
cs.IT 2403.16699
cs.IT 2403.16826
cs.IT 2403.16833
cs.IT 2403.16886
cs.IT 2403.17222
cs.IT 2403.17307
cs.IT 2403.17331
cs.IT 2403.17652
cs.IT 2403.17868
cs.IT 2403.17908
cs.IT 2403.17122
cs.IT 2403.17256
cs.IT 2403.17265
cs.IT 2403.17509
cs.IT 2403.17751
cs.IT 2403.17792
cs.IT 2403.17946
cs.IT 2403.18087
cs.IT 2403.18102
cs.IT 2403.18130
cs.IT 2403.18247
cs.IT 2403.18269
cs.IT 2403.18146
cs.IT 2403.18231
cs.IT 2403.18307
cs.IT 2403.18364
cs.IT 2403.18488
cs.IT 2403.18621
cs.IT 2403.18685
cs.IT 2403.18713
cs.IT 2403.18901
cs.IT 2403.18969
cs.IT 2403.19127
cs.IT 2403.19379
cs.IT 2403.19388
cs.IT 2403.18846
cs.IT 2403.18935
cs.IT 2403.18946
cs.IT 2403.19061
cs.IT 2403.19105
cs.IT 2403.19119
cs.IT 2403.19120
cs.IT 2403.19185
cs.IT 2403.19200
cs.IT 2403.19266
cs.IT 2403.19449
cs.IT 2403.19457
cs.AR 2403.13838
cs.AR 2403.14047
cs.AR 2403.14123
cs.AR 2403.14242
cs.AR 2403.14353
cs.AR 2403.15328
cs.AR 2403.14770
cs.AR 2403.15069
cs.AR 2403.15181
cs.AR 2403.15701
cs.AR 2403.16239
cs.AR 2403.16421
cs.AR 2403.16577
cs.AR 2403.16863
cs.AR 2403.18374
cs.AR 2403.18723
cs.AR 2403.18367
cs.AR 2403.18453
cs.AR 2403.18702
cs.AR 2403.18720
cs.AR 2403.19591
cs.AR 2403.18921
cs.AR 2403.19073
cs.CC 2403.13084
cs.CC 2403.13472
cs.CC 2403.14556
cs.CC 2403.14607
cs.CC 2403.14150
cs.CC 2403.14217
cs.CC 2403.15749
cs.CC 2403.15871
cs.CC 2403.16671
cs.CC 2403.16757
cs.CC 2403.17766
cs.CC 2403.19388
cs.CC 2403.19401
cs.LO 2403.15201
cs.LO 2403.14704
cs.LO 2403.14880
cs.LO 2403.15961
cs.LO 2403.15987
cs.LO 2403.16097
cs.LO 2403.16190
cs.LO 2403.16388
cs.LO 2403.16418
cs.LO 2403.16712
cs.LO 2403.15570
cs.LO 2403.16637
cs.LO 2403.17370
cs.LO 2403.17862
cs.LO 2403.17961
cs.LO 2403.18212
cs.LO 2403.18537
cs.LO 2403.18564
cs.LO 2403.18764
cs.LO 2403.18229
cs.LO 2403.18508
cs.LO 2403.18591
cs.LO 2403.18646
cs.LO 2403.18722
cs.LO 2403.18723
cs.LO 2403.19526
cs.LO 2403.18916
cs.LO 2403.18995
cs.LO 2403.18999
cs.LO 2403.19446
cs.LO 2403.19639
cs.NA 2403.14688
cs.NA 2403.14844
cs.NA 2403.15024
cs.NA 2403.15099
cs.NA 2403.14777
cs.NA 2403.14848
cs.NA 2403.14957
cs.NA 2403.14961
cs.NA 2403.15043
cs.NA 2403.15136
cs.NA 2403.15147
cs.NA 2403.15286
cs.NA 2403.15727
cs.NA 2403.15894
cs.NA 2403.16215
cs.NA 2403.16381
cs.NA 2403.16588
cs.NA 2403.16765
cs.NA 2403.16882
cs.NA 2403.15549
cs.NA 2403.15563
cs.NA 2403.15643
cs.NA 2403.15678
cs.NA 2403.15783
cs.NA 2403.15858
cs.NA 2403.16013
cs.NA 2403.16174
cs.NA 2403.16208
cs.NA 2403.16254
cs.NA 2403.16330
cs.NA 2403.16337
cs.NA 2403.16341
cs.NA 2403.16352
cs.NA 2403.16380
cs.NA 2403.16660
cs.NA 2403.16714
cs.NA 2403.16772
cs.NA 2403.16785
cs.NA 2403.16835
cs.NA 2403.16890
cs.NA 2403.16896
cs.NA 2403.16914
cs.NA 2403.16920
cs.NA 2403.16928
cs.NA 2403.16929
cs.NA 2403.16975
cs.NA 2403.16992
cs.NA 2403.17018
cs.NA 2403.17371
cs.NA 2403.17123
cs.NA 2403.17289
cs.NA 2403.17322
cs.NA 2403.17434
cs.NA 2403.17504
cs.NA 2403.17506
cs.NA 2403.17585
cs.NA 2403.17731
cs.NA 2403.17841
cs.NA 2403.18044
cs.NA 2403.18155
cs.NA 2403.18310
cs.NA 2403.18517
cs.NA 2403.18735
cs.NA 2403.18809
cs.NA 2403.17963
cs.NA 2403.18017
cs.NA 2403.18053
cs.NA 2403.18088
cs.NA 2403.18171
cs.NA 2403.18217
cs.NA 2403.18285
cs.NA 2403.18287
cs.NA 2403.18362
cs.NA 2403.18378
cs.NA 2403.18472
cs.NA 2403.18520
cs.NA 2403.18527
cs.NA 2403.18552
cs.NA 2403.18641
cs.NA 2403.18704
cs.NA 2403.18724
cs.NA 2403.18749
cs.NA 2403.18967
cs.NA 2403.19003
cs.NA 2403.19055
cs.NA 2403.19070
cs.NA 2403.19274
cs.NA 2403.19426
cs.NA 2403.19448
cs.NA 2403.19512
cs.NA 2403.18970
cs.NA 2403.18971
cs.NA 2403.19004
cs.NA 2403.19090
cs.NA 2403.19123
cs.NA 2403.19218
cs.NA 2403.19223
cs.NA 2403.19231
cs.NA 2403.19234
cs.NA 2403.19286
cs.NA 2403.19298
cs.NA 2403.19309
cs.NA 2403.19328
cs.NA 2403.19342
cs.NA 2403.19356
cs.NA 2403.19433
cs.NA 2403.19470
cs.NA 2403.19482
cs.NA 2403.19485
cs.NA 2403.19540
cs.PL 2403.14734
cs.PL 2403.14714
cs.PL 2403.14940
cs.PL 2403.15122
cs.PL 2403.15472
cs.PL 2403.16218
cs.PL 2403.16354
cs.PL 2403.16689
cs.PL 2403.15632
cs.PL 2403.17862
cs.PL 2403.17430
cs.PL 2403.17567
cs.PL 2403.17818
cs.PL 2403.18491
cs.PL 2403.18723
cs.PL 2403.18729
cs.PL 2403.19114
cs.PL 2403.19462
cs.OS 2403.04635
cs.OS 2402.13429
cs.OS 2403.06120
cs.OS 2403.06790
cs.OS 2403.08656
cs.OS 2403.11805
cs.OS 2403.15884
cs.OS 2403.16971
cs.SE 2403.14697
cs.SE 2403.14721
cs.SE 2403.14734
cs.SE 2403.14927
cs.SE 2403.14965
cs.SE 2403.15021
cs.SE 2403.15065
cs.SE 2403.15149
cs.SE 2403.15157
cs.SE 2403.15169
cs.SE 2403.15230
cs.SE 2403.15236
cs.SE 2403.15374
cs.SE 2309.04274
cs.SE 2403.15481
cs.SE 2403.15723
cs.SE 2403.16097
cs.SE 2403.16443
cs.SE 2403.16702
cs.SE 2403.16768
cs.SE 2403.16792
cs.SE 2403.16898
cs.SE 2403.15600
cs.SE 2403.15676
cs.SE 2403.15747
cs.SE 2403.15756
cs.SE 2403.15821
cs.SE 2403.15852
cs.SE 2403.15857
cs.SE 2403.15917
cs.SE 2403.16001
cs.SE 2403.16032
cs.SE 2403.16073
cs.SE 2403.16082
cs.SE 2403.16087
cs.SE 2403.16218
cs.SE 2403.16245
cs.SE 2403.16287
cs.SE 2403.16347
cs.SE 2403.16354
cs.SE 2403.16362
cs.SE 2403.16436
cs.SE 2403.16437
cs.SE 2403.16479
cs.SE 2403.16545
cs.SE 2403.16639
cs.SE 2403.16713
cs.SE 2403.16740
cs.SE 2403.16749
cs.SE 2403.16827
cs.SE 2403.16861
cs.SE 2403.17209
cs.SE 2403.17862
cs.SE 2403.17134
cs.SE 2403.17154
cs.SE 2403.17214
cs.SE 2403.17218
cs.SE 2403.17357
cs.SE 2403.17382
cs.SE 2403.17437
cs.SE 2403.17479
cs.SE 2403.17574
cs.SE 2403.17927
cs.SE 2403.18720
cs.SE 2403.18202
cs.SE 2403.18226
cs.SE 2403.18482
cs.SE 2403.18491
cs.SE 2403.18624
cs.SE 2403.18679
cs.SE 2403.18746
cs.SE 2403.18916
cs.SE 2403.19072
cs.SE 2403.19112
cs.SE 2403.18832
cs.SE 2403.18917
cs.SE 2403.18958
cs.SE 2403.18998
cs.SE 2403.19096
cs.SE 2403.19114
cs.SE 2403.19115
cs.SE 2403.19171
cs.SE 2403.19271
cs.SE 2403.19287
cs.SE 2403.19398
cs.LG 2403.14638
cs.LG 2403.14639
cs.LG 2403.14641
cs.LG 2403.14642
cs.LG 2403.14661
cs.LG 2403.14662
cs.LG 2403.14663
cs.LG 2403.14664
cs.LG 2403.14666
cs.LG 2403.14668
cs.LG 2403.14671
cs.LG 2403.14676
cs.LG 2403.14682
cs.LG 2403.14683
cs.LG 2403.14684
cs.LG 2403.14689
cs.LG 2403.14690
cs.LG 2403.14695
cs.LG 2403.14709
cs.LG 2403.14711
cs.LG 2403.14713
cs.LG 2403.14714
cs.LG 2403.14719
cs.LG 2403.14720
cs.LG 2403.14724
cs.LG 2403.14725
cs.LG 2403.14727
cs.LG 2403.14729
cs.LG 2403.14731
cs.LG 2403.14733
cs.LG 2403.14736
cs.LG 2403.14742
cs.LG 2403.14753
cs.LG 2403.14772
cs.LG 2403.14773
cs.LG 2403.14774
cs.LG 2403.14783
cs.LG 2403.14797
cs.LG 2403.14813
cs.LG 2403.14814
cs.LG 2403.14822
cs.LG 2403.14830
cs.LG 2403.14848
cs.LG 2403.14849
cs.LG 2403.14860
cs.LG 2403.14863
cs.LG 2403.14870
cs.LG 2403.14874
cs.LG 2403.14898
cs.LG 2403.14902
cs.LG 2403.14905
cs.LG 2403.14926
cs.LG 2403.14946
cs.LG 2403.14950
cs.LG 2403.14973
cs.LG 2403.14977
cs.LG 2403.15004
cs.LG 2403.15017
cs.LG 2403.15031
cs.LG 2403.15038
cs.LG 2403.15048
cs.LG 2403.15095
cs.LG 2403.15103
cs.LG 2403.15112
cs.LG 2403.15194
cs.LG 2403.15195
cs.LG 2403.15218
cs.LG 2403.15230
cs.LG 2403.15239
cs.LG 2403.15243
cs.LG 2403.15245
cs.LG 2403.15246
cs.LG 2403.15249
cs.LG 2403.15250
cs.LG 2403.15285
cs.LG 2403.15304
cs.LG 2403.15309
cs.LG 2403.15312
cs.LG 2403.15316
cs.LG 2403.15360
cs.LG 2403.15361
cs.LG 2403.15363
cs.LG 2403.15365
cs.LG 2403.15370
cs.LG 2403.15385
cs.LG 2403.15389
cs.LG 2403.14678
cs.LG 2403.14679
cs.LG 2403.14685
cs.LG 2403.14687
cs.LG 2403.14688
cs.LG 2403.14715
cs.LG 2403.14716
cs.LG 2403.14718
cs.LG 2403.14735
cs.LG 2403.14737
cs.LG 2403.14738
cs.LG 2403.14800
cs.LG 2403.14829
cs.LG 2403.14833
cs.LG 2403.14843
cs.LG 2403.14853
cs.LG 2403.14917
cs.LG 2403.14918
cs.LG 2403.14922
cs.LG 2403.14941
cs.LG 2403.14949
cs.LG 2403.14951
cs.LG 2403.14958
cs.LG 2403.14999
cs.LG 2403.15012
cs.LG 2403.15022
cs.LG 2403.15025
cs.LG 2403.15027
cs.LG 2403.15045
cs.LG 2403.15073
cs.LG 2403.15077
cs.LG 2403.15079
cs.LG 2403.15083
cs.LG 2403.15091
cs.LG 2403.15108
cs.LG 2403.15123
cs.LG 2403.15146
cs.LG 2403.15150
cs.LG 2403.15167
cs.LG 2403.15170
cs.LG 2403.15180
cs.LG 2403.15182
cs.LG 2403.15207
cs.LG 2403.15210
cs.LG 2403.15244
cs.LG 2403.15263
cs.LG 2403.15267
cs.LG 2403.15301
cs.LG 2403.15371
cs.LG 2403.14763
cs.LG 2403.15393
cs.LG 2403.15394
cs.LG 2403.15399
cs.LG 2403.15408
cs.LG 2403.15409
cs.LG 2403.15415
cs.LG 2403.15417
cs.LG 2403.15421
cs.LG 2403.15422
cs.LG 2403.15423
cs.LG 2403.15424
cs.LG 2403.15431
cs.LG 2403.15432
cs.LG 2403.15433
cs.LG 2403.15438
cs.LG 2403.15441
cs.LG 2403.15443
cs.LG 2403.15444
cs.LG 2403.15445
cs.LG 2403.15448
cs.LG 2403.15455
cs.LG 2403.15458
cs.LG 2403.15462
cs.LG 2403.15463
cs.LG 2403.15464
cs.LG 2403.15466
cs.LG 2403.15469
cs.LG 2403.15474
cs.LG 2403.15476
cs.LG 2403.15480
cs.LG 2403.15482
cs.LG 2403.15483
cs.LG 2403.15484
cs.LG 2403.15485
cs.LG 2403.15489
cs.LG 2403.15494
cs.LG 2403.15497
cs.LG 2403.15500
cs.LG 2403.15502
cs.LG 2403.15509
cs.LG 2403.15510
cs.LG 2403.15512
cs.LG 2403.15521
cs.LG 2403.15523
cs.LG 2403.15524
cs.LG 2403.15525
cs.LG 2403.15527
cs.LG 2403.15560
cs.LG 2403.15593
cs.LG 2403.15594
cs.LG 2403.15598
cs.LG 2403.15605
cs.LG 2403.15638
cs.LG 2403.15681
cs.LG 2403.15690
cs.LG 2403.15734
cs.LG 2403.15740
cs.LG 2403.15749
cs.LG 2403.15757
cs.LG 2403.15769
cs.LG 2403.15778
cs.LG 2403.15780
cs.LG 2403.15796
cs.LG 2403.15807
cs.LG 2403.15826
cs.LG 2403.15837
cs.LG 2403.15886
cs.LG 2403.15933
cs.LG 2403.15938
cs.LG 2403.15941
cs.LG 2403.15974
cs.LG 2403.15999
cs.LG 2403.16028
cs.LG 2403.16031
cs.LG 2403.16059
cs.LG 2403.16087
cs.LG 2403.16099
cs.LG 2403.16112
cs.LG 2403.16116
cs.LG 2403.16125
cs.LG 2403.16132
cs.LG 2403.16133
cs.LG 2403.16135
cs.LG 2403.16143
cs.LG 2403.16144
cs.LG 2403.16149
cs.LG 2403.16190
cs.LG 2403.16208
cs.LG 2403.16212
cs.LG 2403.16218
cs.LG 2403.16247
cs.LG 2403.16258
cs.LG 2403.16317
cs.LG 2403.16327
cs.LG 2403.16331
cs.LG 2403.16335
cs.LG 2403.16336
cs.LG 2403.16347
cs.LG 2403.16354
cs.LG 2403.16391
cs.LG 2403.16393
cs.LG 2403.16439
cs.LG 2403.16442
cs.LG 2403.16464
cs.LG 2403.16497
cs.LG 2403.16523
cs.LG 2403.16571
cs.LG 2403.16576
cs.LG 2403.16594
cs.LG 2403.16610
cs.LG 2403.16630
cs.LG 2403.16640
cs.LG 2403.16644
cs.LG 2403.16674
cs.LG 2403.16678
cs.LG 2403.16681
cs.LG 2403.16689
cs.LG 2403.16695
cs.LG 2403.16771
cs.LG 2403.16776
cs.LG 2403.16809
cs.LG 2403.16823
cs.LG 2403.16851
cs.LG 2403.16855
cs.LG 2403.16861
cs.LG 2403.16862
cs.LG 2403.16871
cs.LG 2403.16877
cs.LG 2403.16899
cs.LG 2403.16915
cs.LG 2403.16933
cs.LG 2403.16950
cs.LG 2403.16952
cs.LG 2403.16967
cs.LG 2403.16970
cs.LG 2403.16973
cs.LG 2403.16974
cs.LG 2403.16986
cs.LG 2403.16990
cs.LG 2403.16995
cs.LG 2403.17010
cs.LG 2403.15416
cs.LG 2403.15419
cs.LG 2403.15426
cs.LG 2403.15439
cs.LG 2403.15465
cs.LG 2403.15498
cs.LG 2403.15499
cs.LG 2403.15511
cs.LG 2403.15517
cs.LG 2403.15520
cs.LG 2403.15567
cs.LG 2403.15576
cs.LG 2403.15652
cs.LG 2403.15654
cs.LG 2403.15694
cs.LG 2403.15706
cs.LG 2403.15707
cs.LG 2403.15711
cs.LG 2403.15717
cs.LG 2403.15726
cs.LG 2403.15744
cs.LG 2403.15766
cs.LG 2403.15790
cs.LG 2403.15824
cs.LG 2403.15839
cs.LG 2403.15855
cs.LG 2403.15881
cs.LG 2403.15905
cs.LG 2403.15908
cs.LG 2403.15928
cs.LG 2403.15935
cs.LG 2403.15953
cs.LG 2403.15962
cs.LG 2403.15989
cs.LG 2403.16004
cs.LG 2403.16024
cs.LG 2403.16030
cs.LG 2403.16033
cs.LG 2403.16049
cs.LG 2403.16075
cs.LG 2403.16108
cs.LG 2403.16130
cs.LG 2403.16137
cs.LG 2403.16153
cs.LG 2403.16163
cs.LG 2403.16176
cs.LG 2403.16201
cs.LG 2403.16215
cs.LG 2403.16233
cs.LG 2403.16244
cs.LG 2403.16246
cs.LG 2403.16260
cs.LG 2403.16282
cs.LG 2403.16293
cs.LG 2403.16334
cs.LG 2403.16365
cs.LG 2403.16369
cs.LG 2403.16372
cs.LG 2403.16374
cs.LG 2403.16377
cs.LG 2403.16398
cs.LG 2403.16405
cs.LG 2403.16418
cs.LG 2403.16451
cs.LG 2403.16459
cs.LG 2403.16460
cs.LG 2403.16469
cs.LG 2403.16482
cs.LG 2403.16495
cs.LG 2403.16509
cs.LG 2403.16542
cs.LG 2403.16557
cs.LG 2403.16561
cs.LG 2403.16569
cs.LG 2403.16582
cs.LG 2403.16591
cs.LG 2403.16607
cs.LG 2403.16612
cs.LG 2403.16654
cs.LG 2403.16656
cs.LG 2403.16677
cs.LG 2403.16680
cs.LG 2403.16707
cs.LG 2403.16768
cs.LG 2403.16782
cs.LG 2403.16790
cs.LG 2403.16798
cs.LG 2403.16818
cs.LG 2403.16825
cs.LG 2403.16829
cs.LG 2403.16843
cs.LG 2403.16846
cs.LG 2403.16883
cs.LG 2403.16916
cs.LG 2403.16930
cs.LG 2303.10227
cs.LG 2403.13358
cs.LG 2403.17013
cs.LG 2403.17014
cs.LG 2403.17016
cs.LG 2403.17040
cs.LG 2403.17042
cs.LG 2403.17064
cs.LG 2403.17081
cs.LG 2403.17083
cs.LG 2403.17094
cs.LG 2403.17124
cs.LG 2403.17135
cs.LG 2403.17142
cs.LG 2403.17143
cs.LG 2403.17164
cs.LG 2403.17177
cs.LG 2403.17181
cs.LG 2403.17218
cs.LG 2403.17223
cs.LG 2403.17231
cs.LG 2403.17233
cs.LG 2403.17238
cs.LG 2403.17266
cs.LG 2403.17285
cs.LG 2403.17296
cs.LG 2403.17308
cs.LG 2403.17312
cs.LG 2403.17333
cs.LG 2403.17343
cs.LG 2403.17353
cs.LG 2403.17364
cs.LG 2403.17373
cs.LG 2403.17377
cs.LG 2403.17379
cs.LG 2403.17407
cs.LG 2403.17425
cs.LG 2403.17431
cs.LG 2403.17436
cs.LG 2403.17458
cs.LG 2403.17479
cs.LG 2403.17480
cs.LG 2403.17515
cs.LG 2403.17550
cs.LG 2403.17582
cs.LG 2403.17589
cs.LG 2403.17601
cs.LG 2403.17608
cs.LG 2403.17632
cs.LG 2403.17634
cs.LG 2403.17656
cs.LG 2403.17692
cs.LG 2403.17695
cs.LG 2403.17701
cs.LG 2403.17729
cs.LG 2403.17757
cs.LG 2403.17767
cs.LG 2403.17768
cs.LG 2403.17805
cs.LG 2403.17808
cs.LG 2403.17827
cs.LG 2403.17837
cs.LG 2403.17846
cs.LG 2403.17853
cs.LG 2403.17868
cs.LG 2403.17887
cs.LG 2403.17889
cs.LG 2403.17902
cs.LG 2403.17905
cs.LG 2403.17916
cs.LG 2403.17933
cs.LG 2403.17011
cs.LG 2403.17031
cs.LG 2403.17032
cs.LG 2403.17091
cs.LG 2403.17093
cs.LG 2403.17105
cs.LG 2403.17130
cs.LG 2403.17159
cs.LG 2403.17174
cs.LG 2403.17210
cs.LG 2403.17212
cs.LG 2403.17224
cs.LG 2403.17236
cs.LG 2403.17239
cs.LG 2403.17259
cs.LG 2403.17287
cs.LG 2403.17329
cs.LG 2403.17351
cs.LG 2403.17381
cs.LG 2403.17404
cs.LG 2403.17410
cs.LG 2403.17445
cs.LG 2403.17447
cs.LG 2403.17456
cs.LG 2403.17467
cs.LG 2403.17500
cs.LG 2403.17503
cs.LG 2403.17507
cs.LG 2403.17520
cs.LG 2403.17533
cs.LG 2403.17542
cs.LG 2403.17561
cs.LG 2403.17572
cs.LG 2403.17588
cs.LG 2403.17592
cs.LG 2403.17637
cs.LG 2403.17646
cs.LG 2403.17660
cs.LG 2403.17673
cs.LG 2403.17698
cs.LG 2403.17728
cs.LG 2403.17745
cs.LG 2403.17753
cs.LG 2403.17775
cs.LG 2403.17806
cs.LG 2403.17811
cs.LG 2403.17831
cs.LG 2403.17833
cs.LG 2403.17844
cs.LG 2403.17845
cs.LG 2403.17847
cs.LG 2403.17852
cs.LG 2403.17878
cs.LG 2403.17886
cs.LG 2403.17891
cs.LG 2403.17919
cs.LG 2403.17921
cs.LG 2403.17942
cs.LG 2403.17978
cs.LG 2403.17980
cs.LG 2403.17982
cs.LG 2403.17983
cs.LG 2403.17992
cs.LG 2403.17994
cs.LG 2403.17995
cs.LG 2403.18018
cs.LG 2403.18025
cs.LG 2403.18026
cs.LG 2403.18044
cs.LG 2403.18052
cs.LG 2403.18063
cs.LG 2403.18067
cs.LG 2403.18072
cs.LG 2403.18079
cs.LG 2403.18094
cs.LG 2403.18100
cs.LG 2403.18101
cs.LG 2403.18104
cs.LG 2403.18120
cs.LG 2403.18211
cs.LG 2403.18216
cs.LG 2403.18222
cs.LG 2403.18223
cs.LG 2403.18228
cs.LG 2403.18233
cs.LG 2403.18241
cs.LG 2403.18252
cs.LG 2403.18269
cs.LG 2403.18286
cs.LG 2403.18302
cs.LG 2403.18326
cs.LG 2403.18330
cs.LG 2403.18336
cs.LG 2403.18347
cs.LG 2403.18351
cs.LG 2403.18355
cs.LG 2403.18364
cs.LG 2403.18370
cs.LG 2403.18383
cs.LG 2403.18397
cs.LG 2403.18406
cs.LG 2403.18423
cs.LG 2403.18425
cs.LG 2403.18447
cs.LG 2403.18452
cs.LG 2403.18489
cs.LG 2403.18495
cs.LG 2403.18509
cs.LG 2403.18514
cs.LG 2403.18525
cs.LG 2403.18535
cs.LG 2403.18540
cs.LG 2403.18542
cs.LG 2403.18560
cs.LG 2403.18578
cs.LG 2403.18582
cs.LG 2403.18587
cs.LG 2403.18597
cs.LG 2403.18637
cs.LG 2403.18639
cs.LG 2403.18664
cs.LG 2403.18671
cs.LG 2403.18680
cs.LG 2403.18685
cs.LG 2403.18703
cs.LG 2403.18731
cs.LG 2403.18756
cs.LG 2403.18765
cs.LG 2403.18774
cs.LG 2403.18775
cs.LG 2403.18802
cs.LG 2403.18807
cs.LG 2403.18810
cs.LG 2403.17954
cs.LG 2403.17958
cs.LG 2403.17993
cs.LG 2403.18028
cs.LG 2403.18035
cs.LG 2403.18103
cs.LG 2403.18127
cs.LG 2403.18128
cs.LG 2403.18132
cs.LG 2403.18133
cs.LG 2403.18136
cs.LG 2403.18142
cs.LG 2403.18147
cs.LG 2403.18159
cs.LG 2403.18176
cs.LG 2403.18181
cs.LG 2403.18192
cs.LG 2403.18196
cs.LG 2403.18209
cs.LG 2403.18219
cs.LG 2403.18266
cs.LG 2403.18267
cs.LG 2403.18296
cs.LG 2403.18301
cs.LG 2403.18310
cs.LG 2403.18316
cs.LG 2403.18321
cs.LG 2403.18322
cs.LG 2403.18337
cs.LG 2403.18343
cs.LG 2403.18375
cs.LG 2403.18379
cs.LG 2403.18393
cs.LG 2403.18402
cs.LG 2403.18415
cs.LG 2403.18436
cs.LG 2403.18438
cs.LG 2403.18439
cs.LG 2403.18444
cs.LG 2403.18451
cs.LG 2403.18486
cs.LG 2403.18494
cs.LG 2403.18506
cs.LG 2403.18517
cs.LG 2403.18519
cs.LG 2403.18539
cs.LG 2403.18569
cs.LG 2403.18570
cs.LG 2403.18579
cs.LG 2403.18613
cs.LG 2403.18631
cs.LG 2403.18635
cs.LG 2403.18668
cs.LG 2403.18681
cs.LG 2403.18687
cs.LG 2403.18699
cs.LG 2403.18705
cs.LG 2403.18710
cs.LG 2403.18717
cs.LG 2403.18735
cs.LG 2403.18739
cs.LG 2403.18742
cs.LG 2403.18766
cs.LG 2311.18438
cs.LG 2403.18822
cs.LG 2403.18827
cs.LG 2403.18833
cs.LG 2403.18839
cs.LG 2403.18840
cs.LG 2403.18843
cs.LG 2403.18846
cs.LG 2403.18853
cs.LG 2403.18855
cs.LG 2403.18864
cs.LG 2403.18866
cs.LG 2403.18870
cs.LG 2403.18871
cs.LG 2403.18873
cs.LG 2403.18878
cs.LG 2403.18915
cs.LG 2403.18921
cs.LG 2403.18923
cs.LG 2403.18929
cs.LG 2403.18930
cs.LG 2403.18946
cs.LG 2403.18957
cs.LG 2403.18965
cs.LG 2403.18969
cs.LG 2403.18978
cs.LG 2403.18994
cs.LG 2403.18998
cs.LG 2403.19011
cs.LG 2403.19021
cs.LG 2403.19031
cs.LG 2403.19060
cs.LG 2403.19099
cs.LG 2403.19103
cs.LG 2403.19107
cs.LG 2403.19114
cs.LG 2403.19159
cs.LG 2403.19178
cs.LG 2403.19181
cs.LG 2403.19205
cs.LG 2403.19232
cs.LG 2403.19262
cs.LG 2403.19279
cs.LG 2403.19294
cs.LG 2403.19316
cs.LG 2403.19381
cs.LG 2403.19401
cs.LG 2403.19441
cs.LG 2403.19448
cs.LG 2403.19470
cs.LG 2403.19508
cs.LG 2403.19514
cs.LG 2403.19516
cs.LG 2403.19521
cs.LG 2403.19530
cs.LG 2403.19578
cs.LG 2403.19588
cs.LG 2403.19605
cs.LG 2403.19612
cs.LG 2403.19620
cs.LG 2403.19631
cs.LG 2403.19648
cs.LG 2403.18872
cs.LG 2403.18886
cs.LG 2403.18910
cs.LG 2403.18926
cs.LG 2403.18947
cs.LG 2403.18953
cs.LG 2403.18955
cs.LG 2403.18985
cs.LG 2403.19009
cs.LG 2403.19014
cs.LG 2403.19024
cs.LG 2403.19040
cs.LG 2403.19050
cs.LG 2403.19057
cs.LG 2403.19076
cs.LG 2403.19082
cs.LG 2403.19083
cs.LG 2403.19143
cs.LG 2403.19149
cs.LG 2403.19150
cs.LG 2403.19163
cs.LG 2403.19165
cs.LG 2403.19211
cs.LG 2403.19243
cs.LG 2403.19246
cs.LG 2403.19253
cs.LG 2403.19273
cs.LG 2403.19289
cs.LG 2403.19326
cs.LG 2403.19339
cs.LG 2403.19355
cs.LG 2403.19405
cs.LG 2403.19418
cs.LG 2403.19419
cs.LG 2403.19421
cs.LG 2403.19442
cs.LG 2403.19444
cs.LG 2403.19462
cs.LG 2403.19480
cs.LG 2403.19494
cs.LG 2403.19499
cs.LG 2403.19500
cs.LG 2403.19507
cs.LG 2403.19522
cs.LG 2403.19546
cs.LG 2403.19561
cs.LG 2403.19570
cs.LG 2403.19572
cs.LG 2403.19591
cs.LG 2403.19625
cs.LG 2403.19629
cs.LG 2403.19647
cs.RO 2403.14673
cs.RO 2403.15079
cs.RO 2403.15113
cs.RO 2403.15116
cs.RO 2403.15370
cs.RO 2403.14780
cs.RO 2403.14864
cs.RO 2403.14877
cs.RO 2403.14879
cs.RO 2403.14887
cs.RO 2403.14956
cs.RO 2403.14997
cs.RO 2403.15054
cs.RO 2403.15067
cs.RO 2403.15100
cs.RO 2403.15102
cs.RO 2403.15107
cs.RO 2403.15142
cs.RO 2403.15151
cs.RO 2403.15156
cs.RO 2403.15171
cs.RO 2403.15183
cs.RO 2403.15203
cs.RO 2403.15223
cs.RO 2403.15239
cs.RO 2403.15306
cs.RO 2403.15323
cs.RO 2403.15333
cs.RO 2403.15335
cs.RO 2403.15369
cs.RO 2403.15474
cs.RO 2403.15494
cs.RO 2403.15569
cs.RO 2403.15577
cs.RO 2403.15712
cs.RO 2403.15826
cs.RO 2403.15857
cs.RO 2403.16092
cs.RO 2403.16095
cs.RO 2403.16374
cs.RO 2403.16400
cs.RO 2403.16527
cs.RO 2403.16595
cs.RO 2403.16634
cs.RO 2403.16794
cs.RO 2403.16996
cs.RO 2403.17009
cs.RO 2403.17010
cs.RO 2403.15621
cs.RO 2403.15637
cs.RO 2403.15648
cs.RO 2403.15658
cs.RO 2403.15716
cs.RO 2403.15762
cs.RO 2403.15791
cs.RO 2403.15798
cs.RO 2403.15805
cs.RO 2403.15812
cs.RO 2403.15813
cs.RO 2403.15834
cs.RO 2403.15870
cs.RO 2403.15941
cs.RO 2403.15959
cs.RO 2403.15993
cs.RO 2403.16015
cs.RO 2403.16023
cs.RO 2403.16146
cs.RO 2403.16178
cs.RO 2403.16238
cs.RO 2403.16252
cs.RO 2403.16262
cs.RO 2403.16275
cs.RO 2403.16277
cs.RO 2403.16291
cs.RO 2403.16320
cs.RO 2403.16356
cs.RO 2403.16366
cs.RO 2403.16419
cs.RO 2403.16425
cs.RO 2403.16430
cs.RO 2403.16439
cs.RO 2403.16478
cs.RO 2403.16485
cs.RO 2403.16489
cs.RO 2403.16535
cs.RO 2403.16560
cs.RO 2403.16593
cs.RO 2403.16600
cs.RO 2403.16606
cs.RO 2403.16613
cs.RO 2403.16644
cs.RO 2403.16652
cs.RO 2403.16664
cs.RO 2403.16669
cs.RO 2403.16689
cs.RO 2403.16696
cs.RO 2403.16730
cs.RO 2403.16764
cs.RO 2403.16781
cs.RO 2403.16786
cs.RO 2403.16803
cs.RO 2403.16859
cs.RO 2403.16875
cs.RO 2403.16877
cs.RO 2403.16880
cs.RO 2403.16953
cs.RO 2403.16956
cs.RO 2403.16967
cs.RO 2403.17234
cs.RO 2403.17246
cs.RO 2403.17247
cs.RO 2403.17417
cs.RO 2403.17550
cs.RO 2403.17633
cs.RO 2403.17849
cs.RO 2403.17917
cs.RO 2403.17067
cs.RO 2403.17084
cs.RO 2403.17099
cs.RO 2403.17111
cs.RO 2403.17124
cs.RO 2403.17136
cs.RO 2403.17147
cs.RO 2403.17161
cs.RO 2403.17231
cs.RO 2403.17232
cs.RO 2403.17238
cs.RO 2403.17249
cs.RO 2403.17266
cs.RO 2403.17270
cs.RO 2403.17288
cs.RO 2403.17320
cs.RO 2403.17347
cs.RO 2403.17353
cs.RO 2403.17367
cs.RO 2403.17392
cs.RO 2403.17441
cs.RO 2403.17448
cs.RO 2403.17452
cs.RO 2403.17459
cs.RO 2403.17531
cs.RO 2403.17551
cs.RO 2403.17565
cs.RO 2403.17606
cs.RO 2403.17622
cs.RO 2403.17667
cs.RO 2403.17774
cs.RO 2403.17779
cs.RO 2403.17788
cs.RO 2403.17805
cs.RO 2403.17846
cs.RO 2403.17916
cs.RO 2403.17933
cs.RO 2403.18015
cs.RO 2403.18033
cs.RO 2403.18041
cs.RO 2403.18066
cs.RO 2403.18145
cs.RO 2403.18207
cs.RO 2403.18209
cs.RO 2403.18447
cs.RO 2403.18452
cs.RO 2403.18600
cs.RO 2403.18616
cs.RO 2403.18695
cs.RO 2403.18762
cs.RO 2403.18021
cs.RO 2403.18062
cs.RO 2403.18096
cs.RO 2403.18149
cs.RO 2403.18172
cs.RO 2403.18178
cs.RO 2403.18195
cs.RO 2403.18197
cs.RO 2403.18206
cs.RO 2403.18212
cs.RO 2403.18222
cs.RO 2403.18236
cs.RO 2403.18256
cs.RO 2403.18259
cs.RO 2403.18358
cs.RO 2403.18376
cs.RO 2403.18413
cs.RO 2403.18456
cs.RO 2403.18459
cs.RO 2403.18524
cs.RO 2403.18546
cs.RO 2403.18643
cs.RO 2403.18692
cs.RO 2403.18721
cs.RO 2403.18760
cs.RO 2403.18764
cs.RO 2403.18765
cs.RO 2403.18778
cs.RO 2403.18947
cs.RO 2403.19024
cs.RO 2403.19062
cs.RO 2403.19104
cs.RO 2403.19438
cs.RO 2403.19474
cs.RO 2403.19549
cs.RO 2403.18841
cs.RO 2403.18960
cs.RO 2403.18965
cs.RO 2403.18972
cs.RO 2403.19006
cs.RO 2403.19010
cs.RO 2403.19027
cs.RO 2403.19060
cs.RO 2403.19093
cs.RO 2403.19102
cs.RO 2403.19122
cs.RO 2403.19129
cs.RO 2403.19293
cs.RO 2403.19310
cs.RO 2403.19332
cs.RO 2403.19369
cs.RO 2403.19375
cs.RO 2403.19460
cs.RO 2403.19461
cs.RO 2403.19545
cs.RO 2403.19578
cs.RO 2403.19602
cs.RO 2403.19607
cs.RO 2403.19622
cs.RO 2403.19648
cs.RO 2403.19649
cs.PF 2403.13918
cs.PF 2403.14792
cs.PF 2403.14853
cs.PF 2403.15303
cs.PF 2403.16013
cs.PF 2403.16063
cs.PF 2403.16404
cs.PF 2403.16745
cs.PF 2403.17312
cs.PF 2403.18686
cs.SD 2403.14179
cs.SD 2403.14268
cs.SD 2403.14402
cs.SD 2403.14048
cs.SD 2403.14083
cs.SD 2403.14286
cs.SD 2403.14290
cs.SD 2403.15523
cs.SD 2403.16610
cs.SD 2403.16760
cs.SD 2403.16973
cs.SD 2403.15569
cs.SD 2403.16078
cs.SD 2403.16331
cs.SD 2403.16464
cs.SD 2403.17402
cs.SD 2403.17420
cs.SD 2403.17514
cs.SD 2403.17864
cs.SD 2403.17327
cs.SD 2403.17376
cs.SD 2403.17378
cs.SD 2403.17379
cs.SD 2403.17508
cs.SD 2403.17529
cs.SD 2403.17562
cs.SD 2403.18257
cs.SD 2403.18560
cs.SD 2403.18635
cs.SD 2403.18636
cs.SD 2403.18811
cs.SD 2403.18572
cs.SD 2403.18821
cs.SD 2403.18843
cs.SD 2403.19002
cs.SD 2403.19509
cs.SD 2403.19638
cs.SD 2403.19224
cs.SD 2403.19441
cs.SD 2403.19634
cs.MA 2403.14783
cs.MA 2403.14879
cs.MA 2403.14972
cs.MA 2403.15137
cs.MA 2403.15341
cs.MA 2403.15128
cs.MA 2403.15464
cs.MA 2403.15616
cs.MA 2403.15617
cs.MA 2403.15755
cs.MA 2403.16940
cs.MA 2403.15946
cs.MA 2403.16151
cs.MA 2403.16329
cs.MA 2403.16517
cs.MA 2403.16719
cs.MA 2403.16871
cs.MA 2403.17209
cs.MA 2403.17246
cs.MA 2403.17515
cs.MA 2403.17674
cs.MA 2403.17704
cs.MA 2403.17805
cs.MA 2403.17916
cs.MA 2403.18145
cs.MA 2403.18166
cs.MA 2403.18591
cs.MA 2403.18985
cs.MA 2403.19253
cs.MA 2403.19375
cs.MA 2403.19648
cs.SI 2403.14696
cs.SI 2403.14951
cs.SI 2403.14983
cs.SI 2403.15214
cs.SI 2403.15368
cs.SI 2403.14767
cs.SI 2403.14890
cs.SI 2403.15023
cs.SI 2403.15105
cs.SI 2403.15235
cs.SI 2403.15257
cs.SI 2403.15391
cs.SI 2403.15393
cs.SI 2403.15419
cs.SI 2403.15445
cs.SI 2403.15683
cs.SI 2403.15755
cs.SI 2403.16033
cs.SI 2403.16137
cs.SI 2403.16303
cs.SI 2403.16495
cs.SI 2403.16514
cs.SI 2403.16668
cs.SI 2403.15635
cs.SI 2403.15733
cs.SI 2403.15856
cs.SI 2403.15937
cs.SI 2403.16115
cs.SI 2403.16940
cs.SI 2403.17174
cs.SI 2403.17208
cs.SI 2403.17239
cs.SI 2403.17243
cs.SI 2403.17259
cs.SI 2403.17351
cs.SI 2403.17440
cs.SI 2403.17546
cs.SI 2403.17713
cs.SI 2403.17776
cs.SI 2403.18249
cs.SI 2403.18755
cs.SI 2403.18163
cs.SI 2403.18191
cs.SI 2403.18957
cs.SI 2403.19246
cs.SI 2403.19516
cs.SI 2403.19531
cs.SI 2403.18855
cs.SI 2403.18866
cs.SI 2403.18868
cs.SI 2403.18869
cs.SI 2403.18874
cs.SI 2403.19329
cs.SI 2403.19423
cs.SC 2403.12153
cs.SC 2403.13218
cs.SC 2403.13798
cs.SC 2403.13382
cs.SC 2403.13457
cs.SC 2403.14844
cs.SC 2403.16269
cs.SC 2403.16519
cs.SC 2403.18719
cs.SY 2403.14648
cs.SY 2403.14833
cs.SY 2403.14866
cs.SY 2403.14915
cs.SY 2403.14935
cs.SY 2403.14997
cs.SY 2403.15067
cs.SY 2403.15091
cs.SY 2403.15156
cs.SY 2403.15188
cs.SY 2403.15207
cs.SY 2403.15228
cs.SY 2403.15344
cs.SY 2403.15360
cs.SY 2403.14803
cs.SY 2403.14860
cs.SY 2403.14913
cs.SY 2403.14931
cs.SY 2403.14968
cs.SY 2403.15029
cs.SY 2403.15037
cs.SY 2403.15072
cs.SY 2403.15113
cs.SY 2403.15116
cs.SY 2403.15140
cs.SY 2403.15189
cs.SY 2403.15264
cs.SY 2403.15289
cs.SY 2403.15329
cs.SY 2403.15363
cs.SY 2403.15380
cs.SY 2403.15410
cs.SY 2403.15465
cs.SY 2403.15577
cs.SY 2403.15616
cs.SY 2403.15636
cs.SY 2403.15683
cs.SY 2403.15716
cs.SY 2403.15924
cs.SY 2403.15959
cs.SY 2403.16165
cs.SY 2403.16252
cs.SY 2403.16262
cs.SY 2403.16377
cs.SY 2403.16470
cs.SY 2403.16489
cs.SY 2403.16593
cs.SY 2403.16595
cs.SY 2403.16634
cs.SY 2403.16652
cs.SY 2403.16696
cs.SY 2403.16740
cs.SY 2403.16786
cs.SY 2403.16859
cs.SY 2403.16956
cs.SY 2403.16979
cs.SY 2403.15590
cs.SY 2403.15617
cs.SY 2403.15626
cs.SY 2403.15671
cs.SY 2403.15674
cs.SY 2403.15687
cs.SY 2403.15697
cs.SY 2403.15700
cs.SY 2403.15702
cs.SY 2403.15743
cs.SY 2403.15771
cs.SY 2403.15780
cs.SY 2403.15804
cs.SY 2403.15826
cs.SY 2403.15828
cs.SY 2403.15854
cs.SY 2403.15883
cs.SY 2403.15958
cs.SY 2403.15966
cs.SY 2403.16042
cs.SY 2403.16046
cs.SY 2403.16070
cs.SY 2403.16132
cs.SY 2403.16136
cs.SY 2403.16170
cs.SY 2403.16214
cs.SY 2403.16225
cs.SY 2403.16281
cs.SY 2403.16306
cs.SY 2403.16307
cs.SY 2403.16313
cs.SY 2403.16391
cs.SY 2403.16402
cs.SY 2403.16411
cs.SY 2403.16488
cs.SY 2403.16555
cs.SY 2403.16565
cs.SY 2403.16585
cs.SY 2403.16619
cs.SY 2403.16711
cs.SY 2403.16727
cs.SY 2403.16738
cs.SY 2403.16742
cs.SY 2403.16755
cs.SY 2403.16767
cs.SY 2403.16797
cs.SY 2403.16809
cs.SY 2403.16821
cs.SY 2403.16823
cs.SY 2403.16836
cs.SY 2403.16855
cs.SY 2403.16899
cs.SY 2403.16900
cs.SY 2403.16982
cs.SY 2403.17136
cs.SY 2403.17142
cs.SY 2403.17157
cs.SY 2403.17174
cs.SY 2403.17184
cs.SY 2403.17247
cs.SY 2403.17249
cs.SY 2403.17364
cs.SY 2403.17392
cs.SY 2403.17554
cs.SY 2403.17565
cs.SY 2403.17675
cs.SY 2403.17730
cs.SY 2403.17779
cs.SY 2403.17831
cs.SY 2403.17191
cs.SY 2403.17233
cs.SY 2403.17235
cs.SY 2403.17272
cs.SY 2403.17337
cs.SY 2403.17338
cs.SY 2403.17391
cs.SY 2403.17417
cs.SY 2403.17598
cs.SY 2403.17704
cs.SY 2403.17711
cs.SY 2403.17785
cs.SY 2403.17790
cs.SY 2403.17793
cs.SY 2403.17800
cs.SY 2403.17861
cs.SY 2403.17907
cs.SY 2403.17917
cs.SY 2403.17938
cs.SY 2403.18149
cs.SY 2403.18163
cs.SY 2403.18413
cs.SY 2403.18539
cs.SY 2403.18557
cs.SY 2403.18588
cs.SY 2403.18649
cs.SY 2403.18664
cs.SY 2403.18707
cs.SY 2403.18739
cs.SY 2403.18015
cs.SY 2403.18041
cs.SY 2403.18055
cs.SY 2403.18066
cs.SY 2403.18071
cs.SY 2403.18085
cs.SY 2403.18119
cs.SY 2403.18164
cs.SY 2403.18166
cs.SY 2403.18200
cs.SY 2403.18235
cs.SY 2403.18250
cs.SY 2403.18254
cs.SY 2403.18275
cs.SY 2403.18371
cs.SY 2403.18398
cs.SY 2403.18422
cs.SY 2403.18561
cs.SY 2403.18564
cs.SY 2403.18571
cs.SY 2403.18632
cs.SY 2403.18650
cs.SY 2403.18695
cs.SY 2403.18703
cs.SY 2403.18826
cs.SY 2403.18833
cs.SY 2403.18972
cs.SY 2403.19016
cs.SY 2403.19024
cs.SY 2403.19088
cs.SY 2403.19251
cs.SY 2403.19293
cs.SY 2403.19324
cs.SY 2403.19374
cs.SY 2403.19448
cs.SY 2403.19455
cs.SY 2403.19595
cs.SY 2403.19028
cs.SY 2403.19062
cs.SY 2403.19085
cs.SY 2403.19126
cs.SY 2403.19139
cs.SY 2403.19147
cs.SY 2403.19168
cs.SY 2403.19176
cs.SY 2403.19344
cs.SY 2403.19556
cs.SY 2403.19616
cs.SY 2403.19633
cs.NI 2403.14792
cs.NI 2403.14922
cs.NI 2403.15256
cs.NI 2403.15285
cs.NI 2403.15303
cs.NI 2403.15376
cs.NI 2403.14020
cs.NI 2403.15395
cs.NI 2403.16677
cs.NI 2403.16855
cs.NI 2403.16951
cs.NI 2403.15659
cs.NI 2403.15672
cs.NI 2403.15927
cs.NI 2403.15936
cs.NI 2403.15975
cs.NI 2403.16021
cs.NI 2403.16189
cs.NI 2403.16237
cs.NI 2403.16288
cs.NI 2403.16301
cs.NI 2403.16408
cs.NI 2403.16533
cs.NI 2403.16830
cs.NI 2403.16986
cs.NI 2403.17277
cs.NI 2403.17400
cs.NI 2403.17819
cs.NI 2403.17851
cs.NI 2403.18622
cs.NI 2403.18042
cs.NI 2403.18323
cs.NI 2403.18745
cs.NI 2403.18788
cs.NI 2403.18810
cs.NI 2403.19143
cs.NI 2403.19449
cs.NI 2403.18830
cs.NI 2403.18930
cs.NI 2403.19292
cs.NI 2403.19348
cs.NI 2403.19353
cs.NI 2403.19359
cs.NI 2403.19368
stat.ML 2403.14713
stat.ML 2403.14829
stat.ML 2403.14899
stat.ML 2403.15012
stat.ML 2403.15025
stat.ML 2403.15108
stat.ML 2403.15123
stat.ML 2403.15175
stat.ML 2403.15263
stat.ML 2403.15312
stat.ML 2403.14813
stat.ML 2403.14822
stat.ML 2403.14830
stat.ML 2403.14926
stat.ML 2403.15038
stat.ML 2212.06370
stat.ML 2305.18699
stat.ML 2403.14917
stat.ML 2403.15707
stat.ML 2403.15711
stat.ML 2403.15778
stat.ML 2403.15790
stat.ML 2403.15822
stat.ML 2403.15877
stat.ML 2403.15881
stat.ML 2403.15908
stat.ML 2403.16163
stat.ML 2403.16260
stat.ML 2403.16369
stat.ML 2403.16377
stat.ML 2403.16459
stat.ML 2403.16688
stat.ML 2403.16825
stat.ML 2403.16871
stat.ML 2403.16883
stat.ML 2403.16916
stat.ML 2403.16981
stat.ML 2403.16995
stat.ML 2403.15527
stat.ML 2403.15999
stat.ML 2403.16031
stat.ML 2403.16059
stat.ML 2403.16336
stat.ML 2403.16523
stat.ML 2403.16681
stat.ML 2403.17042
stat.ML 2403.17091
stat.ML 2403.17247
stat.ML 2403.17410
stat.ML 2403.17423
stat.ML 2403.17592
stat.ML 2403.17820
stat.ML 2403.17852
stat.ML 2403.17887
stat.ML 2403.17285
stat.ML 2403.17767
stat.ML 2403.17978
stat.ML 2403.18072
stat.ML 2403.18127
stat.ML 2403.18248
stat.ML 2403.18301
stat.ML 2403.18658
stat.ML 2403.18668
stat.ML 2403.18717
stat.ML 2403.18739
stat.ML 2403.18216
stat.ML 2403.18269
stat.ML 2403.18355
stat.ML 2403.18540
stat.ML 2403.18578
stat.ML 2403.18664
stat.ML 2108.13810
stat.ML 2403.18910
stat.ML 2403.19448
stat.ML 2403.19480
stat.ML 2403.19494
stat.ML 2403.19500
stat.ML 2403.19587
stat.ML 2403.19625
stat.ML 2403.19629
stat.ML 2403.18994
stat.ML 2403.19381
stat.ML 2403.19516
eess.IV 2403.14773
eess.IV 2403.14778
eess.IV 2403.14897
eess.IV 2403.14977
eess.IV 2403.15014
eess.IV 2403.15132
eess.IV 2403.15139
eess.IV 2403.15248
eess.IV 2403.15360
eess.IV 2403.15379
eess.IV 2403.15061
eess.IV 2403.15068
eess.IV 2403.15103
eess.IV 2403.15238
eess.IV 2403.15314
eess.IV 2403.15316
eess.IV 2403.15433
eess.IV 2403.15442
eess.IV 2403.15443
eess.IV 2403.15444
eess.IV 2403.15466
eess.IV 2403.15571
eess.IV 2403.15944
eess.IV 2403.16677
eess.IV 2403.16779
eess.IV 2403.16901
eess.IV 2403.15462
eess.IV 2403.15525
eess.IV 2403.15528
eess.IV 2403.15560
eess.IV 2403.15609
eess.IV 2403.15735
eess.IV 2403.15769
eess.IV 2403.15770
eess.IV 2403.15803
eess.IV 2403.15853
eess.IV 2403.15895
eess.IV 2403.15969
eess.IV 2403.15971
eess.IV 2403.16143
eess.IV 2403.16175
eess.IV 2403.16185
eess.IV 2403.16212
eess.IV 2403.16258
eess.IV 2403.16286
eess.IV 2403.16335
eess.IV 2403.16350
eess.IV 2403.16361
eess.IV 2403.16384
eess.IV 2403.16438
eess.IV 2403.16476
eess.IV 2403.16594
eess.IV 2403.16640
eess.IV 2403.16643
eess.IV 2403.16678
eess.IV 2403.16695
eess.IV 2403.16776
eess.IV 2403.16970
eess.IV 2403.16974
eess.IV 2403.17694
eess.IV 2403.17725
eess.IV 2403.17801
eess.IV 2403.17837
eess.IV 2403.17879
eess.IV 2403.17042
eess.IV 2403.17083
eess.IV 2403.17177
eess.IV 2403.17255
eess.IV 2403.17293
eess.IV 2403.17332
eess.IV 2403.17432
eess.IV 2403.17460
eess.IV 2403.17615
eess.IV 2403.17639
eess.IV 2403.17677
eess.IV 2403.17701
eess.IV 2403.17734
eess.IV 2403.17770
eess.IV 2403.17808
eess.IV 2403.17902
eess.IV 2403.17905
eess.IV 2403.17992
eess.IV 2403.18052
eess.IV 2403.18074
eess.IV 2403.18270
eess.IV 2403.18495
eess.IV 2403.18776
eess.IV 2403.18026
eess.IV 2403.18134
eess.IV 2403.18139
eess.IV 2403.18151
eess.IV 2403.18198
eess.IV 2403.18233
eess.IV 2403.18339
eess.IV 2403.18468
eess.IV 2403.18501
eess.IV 2403.18514
eess.IV 2403.18535
eess.IV 2403.18589
eess.IV 2403.18637
eess.IV 2403.18651
eess.IV 2403.18734
eess.IV 2403.18826
eess.IV 2403.18878
eess.IV 2403.18908
eess.IV 2403.19001
eess.IV 2403.19083
eess.IV 2403.19158
eess.IV 2403.19238
eess.IV 2403.19376
eess.IV 2403.18873
eess.IV 2403.18992
eess.IV 2403.19203
eess.IV 2403.19415
eess.IV 2403.19425
eess.IV 2403.19508
stat.AP 2403.14664
stat.AP 2403.14954
stat.AP 2403.15099
stat.AP 2403.15101
stat.AP 2403.15280
stat.AP 2403.15284
stat.AP 2403.14769
stat.AP 2403.14869
stat.AP 2403.14908
stat.AP 2403.15291
stat.AP 2403.15400
stat.AP 2403.15421
stat.AP 2403.15454
stat.AP 2403.15670
stat.AP 2403.15755
stat.AP 2403.15802
stat.AP 2403.16421
stat.AP 2403.16590
stat.AP 2403.15720
stat.AP 2403.16628
stat.AP 2403.17132
stat.AP 2403.17562
stat.AP 2403.17221
stat.AP 2403.17248
stat.AP 2403.17339
stat.AP 2403.17396
stat.AP 2403.17820
stat.AP 2403.18069
stat.AP 2403.18115
stat.AP 2403.18355
stat.AP 2403.18430
stat.AP 2403.18853
stat.AP 2403.18951
stat.AP 2403.18875
stat.TH 2403.15108
stat.TH 2403.14798
stat.TH 2403.14881
stat.TH 2403.15175
stat.TH 2403.15312
stat.TH 2403.16297
stat.TH 2403.16336
stat.TH 2403.16459
stat.TH 2403.16590
stat.TH 2403.16651
stat.TH 2403.15792
stat.TH 2403.16039
stat.TH 2403.16121
stat.TH 2403.16328
stat.TH 2403.16413
stat.TH 2403.16688
stat.TH 2403.16828
stat.TH 2403.16981
stat.TH 2403.17868
stat.TH 2403.17469
stat.TH 2403.17505
stat.TH 2403.17766
stat.TH 2403.18127
stat.TH 2403.18216
stat.TH 2403.18685
stat.TH 2403.18255
stat.TH 2403.18353
stat.TH 2403.18357
stat.TH 2403.18432
stat.TH 2403.18658
stat.TH 2403.18782
stat.TH 2311.18438
stat.TH 2403.19082
stat.TH 2403.19157
stat.TH 2403.19300
stat.TH 2403.19516
stat.TH 2403.18961
stat.TH 2403.19196
stat.TH 2403.19237
stat.TH 2403.19395
stat.TH 2403.19396
stat.CO 2403.14925
stat.CO 2403.15670
stat.CO 2403.16421
stat.CO 2403.16665
stat.CO 2403.17257
stat.CO 2403.17609
stat.CO 2403.17692
stat.CO 2403.17510
stat.CO 2403.18124
stat.CO 2403.18219
stat.CO 2403.18540
stat.CO 2403.18054
stat.CO 2403.18072
stat.CO 2403.18245
stat.CO 2403.18951
stat.CO 2403.19587
math.OC 2403.14792
math.OC 2403.14822
math.OC 2403.14958
math.OC 2403.15140
math.OC 2403.15146
math.OC 2403.15244
math.OC 2403.15299
math.OC 2403.14866
math.OC 2403.14915
math.OC 2403.14924
math.OC 2403.14934
math.OC 2403.14935
math.OC 2403.14960
math.OC 2403.14981
math.OC 2403.15024
math.OC 2403.15055
math.OC 2403.15056
math.OC 2403.15099
math.OC 2403.15101
math.OC 2403.15159
math.OC 2403.15188
math.OC 2403.15219
math.OC 2403.15228
math.OC 2403.15292
math.OC 2403.15294
math.OC 2403.15344
math.OC 2403.15416
math.OC 2403.15563
math.OC 2403.15592
math.OC 2403.15654
math.OC 2403.15678
math.OC 2403.15702
math.OC 2403.15738
math.OC 2403.15783
math.OC 2403.15804
math.OC 2403.15957
math.OC 2403.15959
math.OC 2403.16046
math.OC 2403.16059
math.OC 2403.16070
math.OC 2403.16223
math.OC 2403.16232
math.OC 2403.16240
math.OC 2403.16330
math.OC 2403.16337
math.OC 2403.16381
math.OC 2403.16654
math.OC 2403.16727
math.OC 2403.16765
math.OC 2403.16825
math.OC 2403.16874
math.OC 2403.16982
math.OC 2403.15610
math.OC 2403.15630
math.OC 2403.15642
math.OC 2403.15656
math.OC 2403.15669
math.OC 2403.15703
math.OC 2403.15710
math.OC 2403.15745
math.OC 2403.15749
math.OC 2403.15913
math.OC 2403.15915
math.OC 2403.15988
math.OC 2403.15998
math.OC 2403.16000
math.OC 2403.16029
math.OC 2403.16058
math.OC 2403.16077
math.OC 2403.16156
math.OC 2403.16165
math.OC 2403.16173
math.OC 2403.16294
math.OC 2403.16302
math.OC 2403.16317
math.OC 2403.16462
math.OC 2403.16470
math.OC 2403.16480
math.OC 2403.16511
math.OC 2403.16580
math.OC 2403.16587
math.OC 2403.16622
math.OC 2403.16683
math.OC 2403.16734
math.OC 2403.16766
math.OC 2403.16775
math.OC 2403.16787
math.OC 2403.16864
math.OC 2403.16879
math.OC 2403.16962
math.OC 2403.16966
math.OC 2403.16979
math.OC 2403.17042
math.OC 2403.17174
math.OC 2403.17247
math.OC 2403.17470
math.OC 2403.17495
math.OC 2403.17572
math.OC 2403.17597
math.OC 2403.17692
math.OC 2403.17711
math.OC 2403.17919
math.OC 2403.17073
math.OC 2403.17100
math.OC 2403.17142
math.OC 2403.17157
math.OC 2403.17184
math.OC 2403.17241
math.OC 2403.17364
math.OC 2403.17450
math.OC 2403.17527
math.OC 2403.17535
math.OC 2403.17554
math.OC 2403.17613
math.OC 2403.17675
math.OC 2403.17730
math.OC 2403.17849
math.OC 2403.17850
math.OC 2403.17858
math.OC 2403.17874
math.OC 2403.17875
math.OC 2403.17923
math.OC 2403.17963
math.OC 2403.18149
math.OC 2403.18164
math.OC 2403.18166
math.OC 2403.18176
math.OC 2403.18184
math.OC 2403.18235
math.OC 2403.18285
math.OC 2403.18368
math.OC 2403.18398
math.OC 2403.18517
math.OC 2403.18527
math.OC 2403.18552
math.OC 2403.18571
math.OC 2403.18705
math.OC 2403.18044
math.OC 2403.18091
math.OC 2403.18124
math.OC 2403.18130
math.OC 2403.18131
math.OC 2403.18155
math.OC 2403.18213
math.OC 2403.18284
math.OC 2403.18297
math.OC 2403.18320
math.OC 2403.18363
math.OC 2403.18386
math.OC 2403.18400
math.OC 2403.18528
math.OC 2403.18556
math.OC 2403.18557
math.OC 2403.18618
math.OC 2403.18707
math.OC 2403.18744
math.OC 2403.18767
math.OC 2403.19016
math.OC 2403.19018
math.OC 2403.19020
math.OC 2403.19122
math.OC 2403.19146
math.OC 2403.19186
math.OC 2403.19295
math.OC 2403.19344
math.OC 2403.18956
math.OC 2403.18967
math.OC 2403.19007
math.OC 2403.19017
math.OC 2403.19032
math.OC 2403.19074
math.OC 2403.19088
math.OC 2403.19195
math.OC 2403.19202
math.OC 2403.19324
math.OC 2403.19411
math.OC 2403.19437
math.OC 2403.19448
math.OC 2403.19455
math.OC 2403.19471
math.OC 2403.19476
math.OC 2403.19486
math.OC 2403.19513
math.OC 2403.19537
math.OC 2403.19641
eess.SP 2403.14738
eess.SP 2403.14739
eess.SP 2403.14775
eess.SP 2403.14817
eess.SP 2403.14911
eess.SP 2403.14943
eess.SP 2403.14978
eess.SP 2403.15120
eess.SP 2403.15130
eess.SP 2403.15131
eess.SP 2403.15145
eess.SP 2403.15165
eess.SP 2403.15170
eess.SP 2403.15240
eess.SP 2403.14905
eess.SP 2403.15582
eess.SP 2403.15588
eess.SP 2403.15692
eess.SP 2403.15754
eess.SP 2403.16072
eess.SP 2403.16186
eess.SP 2403.16331
eess.SP 2403.16353
eess.SP 2403.16372
eess.SP 2403.16408
eess.SP 2403.16453
eess.SP 2403.16458
eess.SP 2403.16472
eess.SP 2403.16477
eess.SP 2403.16498
eess.SP 2403.16665
eess.SP 2403.16676
eess.SP 2403.16694
eess.SP 2403.16699
eess.SP 2403.16830
eess.SP 2403.16877
eess.SP 2403.16886
eess.SP 2403.16933
eess.SP 2403.15390
eess.SP 2403.15406
eess.SP 2403.15408
eess.SP 2403.15409
eess.SP 2403.15410
eess.SP 2403.15411
eess.SP 2403.15415
eess.SP 2403.15417
eess.SP 2403.15418
eess.SP 2403.15421
eess.SP 2403.15422
eess.SP 2403.15423
eess.SP 2403.15424
eess.SP 2403.15427
eess.SP 2403.15431
eess.SP 2403.15432
eess.SP 2403.15433
eess.SP 2403.15438
eess.SP 2403.15443
eess.SP 2403.15444
eess.SP 2403.15446
eess.SP 2403.15448
eess.SP 2403.15461
eess.SP 2403.15468
eess.SP 2403.15483
eess.SP 2403.15489
eess.SP 2403.15494
eess.SP 2403.15521
eess.SP 2403.15591
eess.SP 2403.15739
eess.SP 2403.16062
eess.SP 2403.16150
eess.SP 2403.16397
eess.SP 2403.16468
eess.SP 2403.16521
eess.SP 2403.16529
eess.SP 2403.16573
eess.SP 2403.16756
eess.SP 2403.16805
eess.SP 2403.01494
eess.SP 2403.17042
eess.SP 2403.17093
eess.SP 2403.17106
eess.SP 2403.17122
eess.SP 2403.17256
eess.SP 2403.17265
eess.SP 2403.17337
eess.SP 2403.17494
eess.SP 2403.17751
eess.SP 2403.17864
eess.SP 2403.17905
eess.SP 2403.17181
eess.SP 2403.17222
eess.SP 2403.17275
eess.SP 2403.17323
eess.SP 2403.17324
eess.SP 2403.17476
eess.SP 2403.17577
eess.SP 2403.17627
eess.SP 2403.17652
eess.SP 2403.17654
eess.SP 2403.17719
eess.SP 2403.17810
eess.SP 2403.17908
eess.SP 2403.17913
eess.SP 2403.17947
eess.SP 2403.17992
eess.SP 2403.18052
eess.SP 2403.18146
eess.SP 2403.18296
eess.SP 2403.18307
eess.SP 2403.18326
eess.SP 2403.18375
eess.SP 2403.18486
eess.SP 2403.18509
eess.SP 2403.18607
eess.SP 2403.18621
eess.SP 2403.18713
eess.SP 2403.18087
eess.SP 2403.18129
eess.SP 2403.18311
eess.SP 2403.18445
eess.SP 2403.18846
eess.SP 2403.19016
eess.SP 2403.19105
eess.SP 2403.19119
eess.SP 2403.19120
eess.SP 2403.19143
eess.SP 2403.19185
eess.SP 2403.19200
eess.SP 2403.19457
eess.SP 2403.19470
eess.SP 2403.18833
eess.SP 2403.18844
eess.SP 2403.19044
eess.SP 2403.19127
eess.SP 2403.19132
eess.SP 2403.19180
eess.SP 2403.19262
eess.SP 2403.19379
eess.SP 2403.19402
eess.SP 2403.19409
eess.AS 2403.13922
eess.AS 2403.14817
eess.AS 2403.15336
eess.AS 2403.15469
eess.AS 2403.15510
eess.AS 2403.15523
eess.AS 2403.15569
eess.AS 2403.16464
eess.AS 2403.16760
eess.AS 2403.16865
eess.AS 2403.15442
eess.AS 2403.16610
eess.AS 2403.16973
eess.AS 2403.17327
eess.AS 2403.17376
eess.AS 2403.17378
eess.AS 2403.17379
eess.AS 2403.17420
eess.AS 2403.17508
eess.AS 2403.17529
eess.AS 2403.17562
eess.AS 2403.17402
eess.AS 2403.17514
eess.AS 2403.17864
eess.AS 2403.18572
eess.AS 2403.18635
eess.AS 2403.18811
eess.AS 2403.18821
eess.AS 2403.18257
eess.AS 2403.18560
eess.AS 2403.18636
eess.AS 2403.18638
eess.AS 2403.18843
eess.AS 2403.19002
eess.AS 2403.19224
eess.AS 2403.19441
eess.AS 2403.19509
eess.AS 2403.19634
eess.AS 2403.19638
eess.AS 2403.19207
eess.AS 2403.19217
math.PR 2403.14868
math.DS 2403.14584
math.PR 2403.15357
math.DS 2403.14826
math.DS 2403.14907
math.PR 2403.14787
math.DS 2403.14931
math.PR 2403.14826
math.DS 2403.15381
math.PR 2403.15006
math.PR 2403.15039
math.PR 2403.15259
math.DS 2403.14771
math.PR 2403.15275
math.DS 2403.14969
math.PR 2403.15548
math.DS 2403.14976
math.DS 2403.15160
math.PR 2403.15549
math.DS 2403.15743
math.PR 2403.15642
math.DS 2403.15907
math.PR 2403.15792
math.DS 2403.15970
math.PR 2403.15862
math.DS 2403.16058
math.DS 2403.16215
math.PR 2403.15963
math.DS 2403.16240
math.PR 2403.15970
math.DS 2403.16364
math.PR 2403.15988
math.DS 2403.16493
math.PR 2403.16000
math.DS 2403.16769
math.PR 2403.16058
math.DS 2403.15581
math.PR 2403.16104
math.DS 2403.15592
math.PR 2403.16152
math.DS 2403.15596
math.PR 2403.16219
math.DS 2403.15608
math.PR 2403.16243
math.DS 2403.15628
math.PR 2403.16349
math.DS 2403.15688
math.PR 2403.16670
math.DS 2403.15753
math.PR 2403.16727
math.DS 2403.15777
math.PR 2403.16737
math.DS 2403.15788
math.PR 2403.16825
math.DS 2403.15814
math.PR 2403.16853
math.DS 2403.15818
math.DS 2403.16261
math.PR 2403.16878
math.DS 2403.16349
math.PR 2403.16962
math.DS 2403.16549
math.PR 2403.15662
math.DS 2403.16559
math.PR 2403.15682
math.PR 2403.15695
math.DS 2403.16563
math.PR 2403.15801
math.DS 2403.16737
math.PR 2403.15907
math.DS 2403.16840
math.PR 2403.15957
math.DS 2403.17060
math.PR 2403.15980
math.DS 2403.17174
math.PR 2403.15997
math.DS 2403.17349
math.PR 2403.16120
math.DS 2403.17680
math.PR 2403.16140
math.DS 2403.17682
math.PR 2403.16232
math.DS 2403.17904
math.PR 2403.16268
math.DS 2403.17928
math.PR 2403.16325
math.DS 2403.17315
math.PR 2403.16399
math.DS 2403.17398
math.DS 2403.17439
math.PR 2403.16448
math.DS 2403.17700
math.PR 2403.16475
math.DS 2403.17791
math.PR 2403.16505
math.DS 2403.17892
math.PR 2403.16651
math.DS 2403.18044
math.PR 2403.16765
math.DS 2403.18164
math.DS 2403.18181
math.PR 2403.17208
math.DS 2403.18261
math.PR 2403.17311
math.DS 2403.18544
math.PR 2403.17605
math.DS 2403.18718
math.PR 2403.17875
math.DS 2403.18068
math.PR 2403.17066
math.DS 2403.18109
math.PR 2403.17211
math.PR 2403.17305
math.DS 2403.18566
math.PR 2403.17471
math.DS 2403.18612
math.PR 2403.17472
math.DS 2403.18780
math.PR 2403.17538
math.PR 2403.17555
math.DS 2403.18805
math.PR 2403.17573
math.DS 2403.18809
math.PR 2403.17596
math.DS 2403.18815
math.PR 2403.17663
math.DS 2403.18858
math.PR 2403.17669
math.DS 2403.19017
math.PR 2403.17705
math.DS 2403.19281
math.PR 2403.17762
math.DS 2403.19393
math.PR 2403.17895
math.DS 2403.19453
math.PR 1707.09673
math.DS 2403.19550
math.PR 2403.09960
math.DS 2403.19582
math.PR 2403.17982
math.DS 2403.19642
math.PR 2403.18141
math.DS 2403.18940
math.PR 2403.18297
math.DS 2403.19003
math.DS 2403.19274
math.PR 2403.18562
math.DS 2403.19566
math.PR 2403.18576
math.DS 2403.19567
math.PR 2403.18719
math.DS 2403.19621
math.PR 2403.18110
math.PR 2403.18153
math.PR 2403.18179
math.PR 2403.18304
math.PR 2403.18532
math.PR 2403.18592
math.PR 2403.18626
math.PR 2403.18665
math.PR 2403.18686
math.PR 2403.18798
math.PR 2403.18799
math.PR 2403.18859
math.PR 2403.18875
math.PR 2403.18984
math.PR 2403.19486
math.PR 2403.19566
math.PR 2403.19567
math.PR 2403.19089
math.PR 2403.19157
math.PR 2403.19209
math.PR 2403.19239
math.PR 2403.19300
math.PR 2403.19380
math.PR 2403.19413
math.PR 2403.19466
math.PR 2403.19483
math.PR 2403.19582
math.PR 2403.19587
math.PR 2403.19626
math.PR 2403.19644
