cs.DC 2402.14929
cs.DC 2402.15033
cs.DC 2402.15106
cs.DC 2402.15111
cs.DC 2402.15113
cs.DC 2402.15277
cs.DC 2402.15366
cs.DC 2402.15166
cs.DC 2402.15253
cs.DC 2402.15542
cs.DC 2402.15627
cs.DC 2402.15858
cs.DC 2402.16157
cs.DC 2402.16201
cs.DC 2402.16442
cs.DC 2402.16463
cs.DC 2402.16731
cs.DC 2402.15678
cs.DC 2402.16262
cs.DC 2402.16728
cs.DC 2402.17342
cs.DC 2402.17459
cs.DC 2402.17659
cs.DC 2402.16853
cs.DC 2402.17117
cs.DC 2402.17216
cs.DC 2402.17337
cs.DC 2402.17652
cs.DC 2402.17674
cs.DC 2402.18018
cs.DC 2402.18372
cs.DC 2402.18386
cs.DC 2402.17868
cs.DC 2402.17963
cs.DC 2402.18110
cs.DC 2402.18304
cs.DC 2402.18480
cs.DC 2402.18593
cs.DC 2402.18606
cs.DC 2402.18736
cs.DC 2402.19080
cs.DC 2402.18789
cs.DC 2402.19364
cs.IT 2402.15127
cs.IT 2402.15191
cs.IT 2402.15353
cs.IT 2402.14925
cs.IT 2402.14994
cs.IT 2402.15047
cs.IT 2402.15185
cs.IT 2402.15334
cs.IT 2402.15423
cs.IT 2402.15603
cs.IT 2402.15924
cs.IT 2402.16353
cs.IT 2402.16643
cs.IT 2402.16719
cs.IT 2402.16764
cs.IT 2402.15634
cs.IT 2402.15635
cs.IT 2402.15681
cs.IT 2402.15944
cs.IT 2402.16027
cs.IT 2402.16081
cs.IT 2402.16097
cs.IT 2402.16116
cs.IT 2402.16140
cs.IT 2402.16245
cs.IT 2402.16279
cs.IT 2402.16328
cs.IT 2402.16372
cs.IT 2402.16405
cs.IT 2402.16415
cs.IT 2402.16434
cs.IT 2402.16468
cs.IT 2402.16475
cs.IT 2402.16618
cs.IT 2402.16629
cs.IT 2402.16755
cs.IT 2402.17067
cs.IT 2402.17720
cs.IT 2402.16858
cs.IT 2402.16862
cs.IT 2402.16866
cs.IT 2402.16868
cs.IT 2402.17058
cs.IT 2402.17597
cs.IT 2402.17651
cs.IT 2402.17808
cs.IT 2402.17911
cs.IT 2402.17922
cs.IT 2402.17996
cs.IT 2402.18129
cs.IT 2402.18271
cs.IT 2402.17940
cs.IT 2402.18094
cs.IT 2402.18387
cs.IT 2402.18405
cs.IT 2402.18465
cs.IT 2402.18684
cs.IT 2402.18703
cs.IT 2402.19109
cs.IT 2402.19163
cs.IT 2402.18683
cs.IT 2402.18814
cs.IT 2402.18847
cs.IT 2402.18869
cs.IT 2402.18896
cs.IT 2402.18980
cs.IT 2402.19434
cs.AR 2402.14878
cs.AR 2402.15425
cs.AR 2402.15121
cs.AR 2402.15693
cs.AR 2402.15824
cs.AR 2402.16343
cs.AR 2402.16731
cs.AR 2402.17559
cs.AR 2402.17489
cs.AR 2402.17918
cs.AR 2402.18070
cs.AR 2402.18089
cs.AR 2402.18114
cs.AR 2402.18569
cs.AR 2402.18652
cs.AR 2402.18769
cs.AR 2402.18592
cs.AR 2402.18593
cs.AR 2402.18595
cs.AR 2402.18736
cs.AR 2402.18746
cs.AR 2402.19080
cs.AR 2402.19376
cs.CV 2402.13853
cs.CV 2402.14977
cs.CV 2402.15002
cs.CV 2402.15096
cs.CV 2402.15146
cs.CV 2402.15218
cs.CV 2402.15231
cs.CV 2402.15276
cs.CV 2402.15335
cs.CV 2402.15351
cs.CV 2402.15391
cs.CV 2402.15414
cs.CV 2402.15464
cs.CV 2402.15487
cs.CV 2402.15505
cs.CV 2402.14825
cs.CV 2402.14899
cs.CV 2402.14957
cs.CV 2402.14958
cs.CV 2402.14976
cs.CV 2402.15021
cs.CV 2402.15039
cs.CV 2402.15044
cs.CV 2402.15116
cs.CV 2402.15120
cs.CV 2402.15135
cs.CV 2402.15143
cs.CV 2402.15151
cs.CV 2402.15172
cs.CV 2402.15206
cs.CV 2402.15216
cs.CV 2402.15236
cs.CV 2402.15237
cs.CV 2402.15239
cs.CV 2402.15272
cs.CV 2402.15273
cs.CV 2402.15297
cs.CV 2402.15300
cs.CV 2402.15307
cs.CV 2402.15321
cs.CV 2402.15322
cs.CV 2402.15352
cs.CV 2402.15374
cs.CV 2402.15429
cs.CV 2402.15430
cs.CV 2402.15448
cs.CV 2402.15469
cs.CV 2402.15480
cs.CV 2402.15504
cs.CV 2402.15509
cs.CV 2402.14073
cs.CV 2402.15527
cs.CV 2402.15534
cs.CV 2402.15555
cs.CV 2402.15566
cs.CV 2402.15572
cs.CV 2402.15635
cs.CV 2402.15679
cs.CV 2402.15704
cs.CV 2402.15744
cs.CV 2402.15745
cs.CV 2402.15815
cs.CV 2402.15919
cs.CV 2402.16017
cs.CV 2402.16021
cs.CV 2402.16036
cs.CV 2402.16117
cs.CV 2402.16123
cs.CV 2402.16182
cs.CV 2402.16221
cs.CV 2402.16368
cs.CV 2402.16442
cs.CV 2402.16619
cs.CV 2402.16634
cs.CV 2402.16658
cs.CV 2402.16663
cs.CV 2402.16734
cs.CV 2402.16828
cs.CV 2402.16832
cs.CV 2402.16836
cs.CV 2402.15578
cs.CV 2402.15579
cs.CV 2402.15583
cs.CV 2402.15584
cs.CV 2402.15586
cs.CV 2402.15587
cs.CV 2402.15598
cs.CV 2402.15648
cs.CV 2402.15653
cs.CV 2402.15659
cs.CV 2402.15662
cs.CV 2402.15687
cs.CV 2402.15726
cs.CV 2402.15746
cs.CV 2402.15750
cs.CV 2402.15756
cs.CV 2402.15759
cs.CV 2402.15761
cs.CV 2402.15784
cs.CV 2402.15806
cs.CV 2402.15820
cs.CV 2402.15823
cs.CV 2402.15832
cs.CV 2402.15852
cs.CV 2402.15853
cs.CV 2402.15858
cs.CV 2402.15865
cs.CV 2402.15870
cs.CV 2402.15894
cs.CV 2402.15895
cs.CV 2402.15896
cs.CV 2402.15905
cs.CV 2402.15909
cs.CV 2402.15933
cs.CV 2402.15952
cs.CV 2402.15959
cs.CV 2402.15961
cs.CV 2402.15977
cs.CV 2402.16001
cs.CV 2402.16005
cs.CV 2402.16008
cs.CV 2402.16013
cs.CV 2402.16033
cs.CV 2402.16050
cs.CV 2402.16086
cs.CV 2402.16090
cs.CV 2402.16092
cs.CV 2402.16121
cs.CV 2402.16124
cs.CV 2402.16126
cs.CV 2402.16164
cs.CV 2402.16174
cs.CV 2402.16175
cs.CV 2402.16188
cs.CV 2402.16189
cs.CV 2402.16242
cs.CV 2402.16246
cs.CV 2402.16249
cs.CV 2402.16267
cs.CV 2402.16280
cs.CV 2402.16291
cs.CV 2402.16298
cs.CV 2402.16315
cs.CV 2402.16318
cs.CV 2402.16338
cs.CV 2402.16350
cs.CV 2402.16356
cs.CV 2402.16366
cs.CV 2402.16369
cs.CV 2402.16370
cs.CV 2402.16392
cs.CV 2402.16399
cs.CV 2402.16407
cs.CV 2402.16421
cs.CV 2402.16424
cs.CV 2402.16473
cs.CV 2402.16479
cs.CV 2402.16486
cs.CV 2402.16506
cs.CV 2402.16514
cs.CV 2402.16569
cs.CV 2402.16570
cs.CV 2402.16586
cs.CV 2402.16594
cs.CV 2402.16598
cs.CV 2402.16599
cs.CV 2402.16607
cs.CV 2402.16627
cs.CV 2402.16640
cs.CV 2402.16641
cs.CV 2402.16674
cs.CV 2402.16684
cs.CV 2402.16739
cs.CV 2402.16749
cs.CV 2402.16769
cs.CV 2402.16774
cs.CV 2402.16806
cs.CV 2402.16825
cs.CV 2402.16843
cs.CV 2402.16846
cs.CV 2402.16865
cs.CV 2402.16907
cs.CV 2402.16911
cs.CV 2402.16918
cs.CV 2402.16933
cs.CV 2402.16991
cs.CV 2402.17018
cs.CV 2402.17077
cs.CV 2402.17187
cs.CV 2402.17210
cs.CV 2402.17246
cs.CV 2402.17249
cs.CV 2402.17287
cs.CV 2402.17307
cs.CV 2402.17317
cs.CV 2402.17318
cs.CV 2402.17438
cs.CV 2402.17454
cs.CV 2402.17465
cs.CV 2402.17482
cs.CV 2402.17535
cs.CV 2402.17544
cs.CV 2402.17553
cs.CV 2402.17725
cs.CV 2402.17745
cs.CV 2402.17767
cs.CV 2402.17768
cs.CV 2402.16855
cs.CV 2402.16860
cs.CV 2402.16936
cs.CV 2402.16980
cs.CV 2402.16994
cs.CV 2402.17029
cs.CV 2402.17062
cs.CV 2402.17065
cs.CV 2402.17074
cs.CV 2402.17091
cs.CV 2402.17098
cs.CV 2402.17101
cs.CV 2402.17113
cs.CV 2402.17115
cs.CV 2402.17128
cs.CV 2402.17133
cs.CV 2402.17134
cs.CV 2402.17139
cs.CV 2402.17159
cs.CV 2402.17165
cs.CV 2402.17169
cs.CV 2402.17171
cs.CV 2402.17172
cs.CV 2402.17177
cs.CV 2402.17192
cs.CV 2402.17200
cs.CV 2402.17204
cs.CV 2402.17207
cs.CV 2402.17213
cs.CV 2402.17214
cs.CV 2402.17228
cs.CV 2402.17229
cs.CV 2402.17237
cs.CV 2402.17245
cs.CV 2402.17251
cs.CV 2402.17264
cs.CV 2402.17275
cs.CV 2402.17285
cs.CV 2402.17292
cs.CV 2402.17296
cs.CV 2402.17298
cs.CV 2402.17310
cs.CV 2402.17316
cs.CV 2402.17319
cs.CV 2402.17323
cs.CV 2402.17339
cs.CV 2402.17351
cs.CV 2402.17360
cs.CV 2402.17364
cs.CV 2402.17370
cs.CV 2402.17372
cs.CV 2402.17376
cs.CV 2402.17403
cs.CV 2402.17406
cs.CV 2402.17410
cs.CV 2402.17412
cs.CV 2402.17414
cs.CV 2402.17417
cs.CV 2402.17420
cs.CV 2402.17424
cs.CV 2402.17427
cs.CV 2402.17430
cs.CV 2402.17464
cs.CV 2402.17470
cs.CV 2402.17483
cs.CV 2402.17485
cs.CV 2402.17486
cs.CV 2402.17487
cs.CV 2402.17502
cs.CV 2402.17507
cs.CV 2402.17510
cs.CV 2402.17514
cs.CV 2402.17521
cs.CV 2402.17525
cs.CV 2402.17533
cs.CV 2402.17555
cs.CV 2402.17561
cs.CV 2402.17562
cs.CV 2402.17563
cs.CV 2402.17587
cs.CV 2402.17589
cs.CV 2402.17611
cs.CV 2402.17614
cs.CV 2402.17622
cs.CV 2402.17624
cs.CV 2402.17653
cs.CV 2402.17664
cs.CV 2402.17672
cs.CV 2402.17678
cs.CV 2402.17680
cs.CV 2402.17706
cs.CV 2402.17723
cs.CV 2402.17726
cs.CV 2402.17729
cs.CV 2402.17744
cs.CV 2402.17758
cs.CV 2402.17766
cs.CV 2402.17775
cs.CV 2402.17797
cs.CV 2402.17903
cs.CV 2402.17951
cs.CV 2402.17983
cs.CV 2402.17987
cs.CV 2402.18102
cs.CV 2402.18116
cs.CV 2402.18133
cs.CV 2402.18137
cs.CV 2402.18147
cs.CV 2402.18152
cs.CV 2402.18157
cs.CV 2402.18213
cs.CV 2402.18262
cs.CV 2402.18288
cs.CV 2402.18305
cs.CV 2402.18319
cs.CV 2402.18337
cs.CV 2402.18409
cs.CV 2402.18417
cs.CV 2402.18451
cs.CV 2402.17862
cs.CV 2402.17863
cs.CV 2402.17891
cs.CV 2402.17910
cs.CV 2402.17960
cs.CV 2402.17969
cs.CV 2402.17971
cs.CV 2402.17972
cs.CV 2402.17976
cs.CV 2402.17986
cs.CV 2402.18008
cs.CV 2402.18011
cs.CV 2402.18027
cs.CV 2402.18028
cs.CV 2402.18032
cs.CV 2402.18044
cs.CV 2402.18066
cs.CV 2402.18068
cs.CV 2402.18078
cs.CV 2402.18084
cs.CV 2402.18086
cs.CV 2402.18091
cs.CV 2402.18092
cs.CV 2402.18109
cs.CV 2402.18115
cs.CV 2402.18117
cs.CV 2402.18122
cs.CV 2402.18128
cs.CV 2402.18132
cs.CV 2402.18134
cs.CV 2402.18140
cs.CV 2402.18146
cs.CV 2402.18162
cs.CV 2402.18163
cs.CV 2402.18171
cs.CV 2402.18172
cs.CV 2402.18175
cs.CV 2402.18178
cs.CV 2402.18181
cs.CV 2402.18192
cs.CV 2402.18196
cs.CV 2402.18201
cs.CV 2402.18202
cs.CV 2402.18206
cs.CV 2402.18217
cs.CV 2402.18233
cs.CV 2402.18236
cs.CV 2402.18251
cs.CV 2402.18277
cs.CV 2402.18278
cs.CV 2402.18286
cs.CV 2402.18287
cs.CV 2402.18292
cs.CV 2402.18293
cs.CV 2402.18302
cs.CV 2402.18307
cs.CV 2402.18309
cs.CV 2402.18320
cs.CV 2402.18330
cs.CV 2402.18331
cs.CV 2402.18351
cs.CV 2402.18362
cs.CV 2402.18370
cs.CV 2402.18383
cs.CV 2402.18402
cs.CV 2402.18411
cs.CV 2402.18447
cs.CV 2402.18467
cs.CV 2402.18476
cs.CV 2402.18490
cs.CV 2402.18493
cs.CV 2402.18503
cs.CV 2402.18507
cs.CV 2402.18527
cs.CV 2402.18528
cs.CV 2402.18553
cs.CV 2402.18573
cs.CV 2402.18575
cs.CV 2402.18614
cs.CV 2402.18751
cs.CV 2402.18761
cs.CV 2402.18777
cs.CV 2402.18853
cs.CV 2402.18856
cs.CV 2402.18871
cs.CV 2402.18930
cs.CV 2402.19020
cs.CV 2402.19043
cs.CV 2402.19062
cs.CV 2402.19102
cs.CV 2402.19111
cs.CV 2402.19215
cs.CV 2402.19276
cs.CV 2402.19286
cs.CV 2402.19289
cs.CV 2402.19308
cs.CV 2402.19341
cs.CV 2402.19369
cs.CV 2402.19385
cs.CV 2402.19387
cs.CV 2402.19455
cs.CV 2402.19467
cs.CV 2402.19469
cs.CV 2402.19470
cs.CV 2402.19472
cs.CV 2402.18577
cs.CV 2402.18579
cs.CV 2402.18673
cs.CV 2402.18695
cs.CV 2402.18698
cs.CV 2402.18718
cs.CV 2402.18742
cs.CV 2402.18771
cs.CV 2402.18780
cs.CV 2402.18786
cs.CV 2402.18811
cs.CV 2402.18817
cs.CV 2402.18821
cs.CV 2402.18842
cs.CV 2402.18844
cs.CV 2402.18848
cs.CV 2402.18849
cs.CV 2402.18879
cs.CV 2402.18892
cs.CV 2402.18918
cs.CV 2402.18919
cs.CV 2402.18920
cs.CV 2402.18922
cs.CV 2402.18925
cs.CV 2402.18927
cs.CV 2402.18929
cs.CV 2402.18933
cs.CV 2402.18951
cs.CV 2402.18956
cs.CV 2402.18958
cs.CV 2402.18960
cs.CV 2402.18969
cs.CV 2402.18970
cs.CV 2402.18975
cs.CV 2402.18998
cs.CV 2402.19001
cs.CV 2402.19002
cs.CV 2402.19004
cs.CV 2402.19007
cs.CV 2402.19014
cs.CV 2402.19026
cs.CV 2402.19041
cs.CV 2402.19059
cs.CV 2402.19082
cs.CV 2402.19091
cs.CV 2402.19108
cs.CV 2402.19118
cs.CV 2402.19119
cs.CV 2402.19122
cs.CV 2402.19142
cs.CV 2402.19144
cs.CV 2402.19145
cs.CV 2402.19150
cs.CV 2402.19159
cs.CV 2402.19160
cs.CV 2402.19161
cs.CV 2402.19186
cs.CV 2402.19197
cs.CV 2402.19231
cs.CV 2402.19237
cs.CV 2402.19250
cs.CV 2402.19258
cs.CV 2402.19263
cs.CV 2402.19264
cs.CV 2402.19270
cs.CV 2402.19279
cs.CV 2402.19296
cs.CV 2402.19298
cs.CV 2402.19302
cs.CV 2402.19305
cs.CV 2402.19326
cs.CV 2402.19330
cs.CV 2402.19339
cs.CV 2402.19340
cs.CV 2402.19344
cs.CV 2402.19401
cs.CV 2402.19404
cs.CV 2402.19405
cs.CV 2402.19422
cs.CV 2402.19423
cs.CV 2402.19463
cs.CV 2402.19473
cs.CV 2402.19474
cs.CV 2402.19477
cs.CV 2402.19479
cs.CV 2402.19481
cs.AI 2402.14827
cs.AI 2402.14830
cs.AI 2402.14833
cs.AI 2402.14834
cs.AI 2402.14835
cs.AI 2402.14836
cs.AI 2402.14837
cs.AI 2402.14838
cs.AI 2402.14840
cs.AI 2402.14843
cs.AI 2402.14845
cs.AI 2402.14846
cs.AI 2402.14847
cs.AI 2402.14848
cs.AI 2402.14849
cs.AI 2402.14850
cs.AI 2402.14851
cs.AI 2402.14852
cs.AI 2402.14853
cs.AI 2402.14854
cs.AI 2402.14855
cs.AI 2402.14856
cs.AI 2402.14857
cs.AI 2402.14858
cs.AI 2402.14859
cs.AI 2402.14860
cs.AI 2402.14861
cs.AI 2402.14865
cs.AI 2402.14866
cs.AI 2402.14867
cs.AI 2402.14871
cs.AI 2402.14872
cs.AI 2402.14873
cs.AI 2402.14874
cs.AI 2402.14875
cs.AI 2402.14878
cs.AI 2402.14879
cs.AI 2402.14880
cs.AI 2402.14881
cs.AI 2402.14882
cs.AI 2402.14883
cs.AI 2402.14886
cs.AI 2402.14888
cs.AI 2402.14889
cs.AI 2402.14890
cs.AI 2402.14891
cs.AI 2402.14894
cs.AI 2402.14895
cs.AI 2402.14897
cs.AI 2402.14899
cs.AI 2402.14901
cs.AI 2402.14904
cs.AI 2402.14905
cs.AI 2402.14922
cs.AI 2402.14928
cs.AI 2402.14929
cs.AI 2402.14933
cs.AI 2402.14963
cs.AI 2402.14972
cs.AI 2402.14973
cs.AI 2402.14974
cs.AI 2402.14976
cs.AI 2402.14978
cs.AI 2402.14989
cs.AI 2402.14992
cs.AI 2402.15010
cs.AI 2402.15011
cs.AI 2402.15012
cs.AI 2402.15017
cs.AI 2402.15019
cs.AI 2402.15027
cs.AI 2402.15038
cs.AI 2402.15043
cs.AI 2402.15048
cs.AI 2402.15052
cs.AI 2402.15055
cs.AI 2402.15057
cs.AI 2402.15083
cs.AI 2402.15089
cs.AI 2402.15102
cs.AI 2402.15116
cs.AI 2402.15120
cs.AI 2402.15131
cs.AI 2402.15134
cs.AI 2402.15135
cs.AI 2402.15152
cs.AI 2402.15159
cs.AI 2402.15160
cs.AI 2402.15162
cs.AI 2402.15163
cs.AI 2402.15170
cs.AI 2402.15183
cs.AI 2402.15189
cs.AI 2402.15194
cs.AI 2402.15195
cs.AI 2402.15197
cs.AI 2402.15205
cs.AI 2402.15227
cs.AI 2402.15246
cs.AI 2402.15247
cs.AI 2402.15255
cs.AI 2402.15262
cs.AI 2402.15267
cs.AI 2402.15268
cs.AI 2402.15270
cs.AI 2402.15272
cs.AI 2402.15276
cs.AI 2402.15283
cs.AI 2402.15284
cs.AI 2402.15290
cs.AI 2402.15294
cs.AI 2402.15300
cs.AI 2402.15307
cs.AI 2402.15313
cs.AI 2402.15321
cs.AI 2402.15332
cs.AI 2402.15333
cs.AI 2402.15343
cs.AI 2402.15347
cs.AI 2402.15350
cs.AI 2402.15368
cs.AI 2402.15370
cs.AI 2402.15384
cs.AI 2402.15390
cs.AI 2402.15391
cs.AI 2402.15393
cs.AI 2402.15398
cs.AI 2402.15418
cs.AI 2402.15422
cs.AI 2402.15427
cs.AI 2402.15429
cs.AI 2402.15441
cs.AI 2402.15448
cs.AI 2402.15487
cs.AI 2402.15491
cs.AI 2402.15504
cs.AI 2402.15505
cs.AI 2402.15075
cs.AI 2402.15140
cs.AI 2402.15444
cs.AI 2402.15445
cs.AI 2402.15506
cs.AI 2402.09283
cs.AI 2402.15266
cs.AI 2402.15514
cs.AI 2402.15527
cs.AI 2402.15537
cs.AI 2402.15538
cs.AI 2402.15546
cs.AI 2402.15552
cs.AI 2402.15555
cs.AI 2402.15567
cs.AI 2402.15570
cs.AI 2402.15589
cs.AI 2402.15591
cs.AI 2402.15625
cs.AI 2402.15631
cs.AI 2402.15650
cs.AI 2402.15655
cs.AI 2402.15656
cs.AI 2402.15662
cs.AI 2402.15665
cs.AI 2402.15666
cs.AI 2402.15687
cs.AI 2402.15690
cs.AI 2402.15700
cs.AI 2402.15703
cs.AI 2402.15708
cs.AI 2402.15713
cs.AI 2402.15727
cs.AI 2402.15745
cs.AI 2402.15746
cs.AI 2402.15751
cs.AI 2402.15757
cs.AI 2402.15758
cs.AI 2402.15759
cs.AI 2402.15761
cs.AI 2402.15764
cs.AI 2402.15767
cs.AI 2402.15769
cs.AI 2402.15770
cs.AI 2402.15779
cs.AI 2402.15808
cs.AI 2402.15820
cs.AI 2402.15821
cs.AI 2402.15826
cs.AI 2402.15832
cs.AI 2402.15892
cs.AI 2402.15898
cs.AI 2402.15903
cs.AI 2402.15905
cs.AI 2402.15923
cs.AI 2402.15925
cs.AI 2402.15933
cs.AI 2402.15938
cs.AI 2402.15943
cs.AI 2402.15945
cs.AI 2402.15968
cs.AI 2402.15987
cs.AI 2402.15990
cs.AI 2402.16002
cs.AI 2402.16014
cs.AI 2402.16021
cs.AI 2402.16030
cs.AI 2402.16034
cs.AI 2402.16035
cs.AI 2402.16038
cs.AI 2402.16048
cs.AI 2402.16052
cs.AI 2402.16063
cs.AI 2402.16068
cs.AI 2402.16073
cs.AI 2402.16075
cs.AI 2402.16086
cs.AI 2402.16091
cs.AI 2402.16117
cs.AI 2402.16121
cs.AI 2402.16123
cs.AI 2402.16132
cs.AI 2402.16139
cs.AI 2402.16142
cs.AI 2402.16153
cs.AI 2402.16168
cs.AI 2402.16173
cs.AI 2402.16174
cs.AI 2402.16181
cs.AI 2402.16189
cs.AI 2402.16200
cs.AI 2402.16230
cs.AI 2402.16235
cs.AI 2402.16237
cs.AI 2402.16242
cs.AI 2402.16248
cs.AI 2402.16255
cs.AI 2402.16268
cs.AI 2402.16281
cs.AI 2402.16288
cs.AI 2402.16294
cs.AI 2402.16297
cs.AI 2402.16298
cs.AI 2402.16302
cs.AI 2402.16305
cs.AI 2402.16310
cs.AI 2402.16311
cs.AI 2402.16312
cs.AI 2402.16313
cs.AI 2402.16321
cs.AI 2402.16352
cs.AI 2402.16354
cs.AI 2402.16359
cs.AI 2402.16361
cs.AI 2402.16363
cs.AI 2402.16369
cs.AI 2402.16379
cs.AI 2402.16380
cs.AI 2402.16387
cs.AI 2402.16389
cs.AI 2402.16397
cs.AI 2402.16402
cs.AI 2402.16435
cs.AI 2402.16442
cs.AI 2402.16449
cs.AI 2402.16455
cs.AI 2402.16459
cs.AI 2402.16472
cs.AI 2402.16486
cs.AI 2402.16542
cs.AI 2402.16546
cs.AI 2402.16562
cs.AI 2402.16567
cs.AI 2402.16611
cs.AI 2402.16667
cs.AI 2402.16668
cs.AI 2402.16684
cs.AI 2402.16689
cs.AI 2402.16700
cs.AI 2402.16705
cs.AI 2402.16714
cs.AI 2402.16717
cs.AI 2402.16718
cs.AI 2402.16726
cs.AI 2402.16733
cs.AI 2402.16749
cs.AI 2402.16763
cs.AI 2402.16775
cs.AI 2402.16786
cs.AI 2402.16788
cs.AI 2402.16790
cs.AI 2402.16819
cs.AI 2402.16822
cs.AI 2402.16828
cs.AI 2402.16832
cs.AI 2402.16836
cs.AI 2402.16843
cs.AI 2402.16844
cs.AI 2402.16845
cs.AI 2402.16846
cs.AI 2402.15515
cs.AI 2402.15521
cs.AI 2402.15522
cs.AI 2402.15524
cs.AI 2402.15526
cs.AI 2402.15572
cs.AI 2402.15670
cs.AI 2402.15721
cs.AI 2402.15729
cs.AI 2402.15796
cs.AI 2402.15809
cs.AI 2402.15929
cs.AI 2402.15960
cs.AI 2402.15989
cs.AI 2402.16269
cs.AI 2402.16278
cs.AI 2402.16342
cs.AI 2402.16482
cs.AI 2402.16505
cs.AI 2402.16631
cs.AI 2402.16651
cs.AI 2402.16654
cs.AI 2402.16751
cs.AI 2402.16823
cs.AI 2401.12461
cs.AI 2402.16012
cs.AI 2402.16863
cs.AI 2402.16866
cs.AI 2402.16868
cs.AI 2402.16869
cs.AI 2402.16871
cs.AI 2402.16874
cs.AI 2402.16876
cs.AI 2402.16877
cs.AI 2402.16880
cs.AI 2402.16882
cs.AI 2402.16886
cs.AI 2402.16887
cs.AI 2402.16889
cs.AI 2402.16891
cs.AI 2402.16893
cs.AI 2402.16897
cs.AI 2402.16898
cs.AI 2402.16899
cs.AI 2402.16901
cs.AI 2402.16904
cs.AI 2402.16906
cs.AI 2402.16910
cs.AI 2402.16914
cs.AI 2402.16915
cs.AI 2402.16925
cs.AI 2402.16926
cs.AI 2402.16928
cs.AI 2402.16929
cs.AI 2402.16933
cs.AI 2402.16934
cs.AI 2402.16965
cs.AI 2402.16968
cs.AI 2402.16994
cs.AI 2402.16998
cs.AI 2402.17003
cs.AI 2402.17010
cs.AI 2402.17012
cs.AI 2402.17013
cs.AI 2402.17016
cs.AI 2402.17018
cs.AI 2402.17042
cs.AI 2402.17045
cs.AI 2402.17065
cs.AI 2402.17073
cs.AI 2402.17082
cs.AI 2402.17087
cs.AI 2402.17097
cs.AI 2402.17101
cs.AI 2402.17135
cs.AI 2402.17139
cs.AI 2402.17144
cs.AI 2402.17156
cs.AI 2402.17177
cs.AI 2402.17189
cs.AI 2402.17191
cs.AI 2402.17205
cs.AI 2402.17213
cs.AI 2402.17216
cs.AI 2402.17217
cs.AI 2402.17245
cs.AI 2402.17249
cs.AI 2402.17257
cs.AI 2402.17262
cs.AI 2402.17285
cs.AI 2402.17289
cs.AI 2402.17304
cs.AI 2402.17334
cs.AI 2402.17339
cs.AI 2402.17345
cs.AI 2402.17360
cs.AI 2402.17376
cs.AI 2402.17386
cs.AI 2402.17389
cs.AI 2402.17396
cs.AI 2402.17398
cs.AI 2402.17406
cs.AI 2402.17407
cs.AI 2402.17410
cs.AI 2402.17420
cs.AI 2402.17423
cs.AI 2402.17437
cs.AI 2402.17442
cs.AI 2402.17447
cs.AI 2402.17456
cs.AI 2402.17467
cs.AI 2402.17472
cs.AI 2402.17482
cs.AI 2402.17490
cs.AI 2402.17496
cs.AI 2402.17501
cs.AI 2402.17510
cs.AI 2402.17511
cs.AI 2402.17516
cs.AI 2402.17527
cs.AI 2402.17531
cs.AI 2402.17550
cs.AI 2402.17595
cs.AI 2402.17599
cs.AI 2402.17606
cs.AI 2402.17641
cs.AI 2402.17644
cs.AI 2402.17645
cs.AI 2402.17652
cs.AI 2402.17689
cs.AI 2402.17690
cs.AI 2402.17736
cs.AI 2402.17747
cs.AI 2402.17753
cs.AI 2402.17760
cs.AI 2402.17767
cs.AI 2402.17768
cs.AI 2402.16878
cs.AI 2402.16905
cs.AI 2402.16924
cs.AI 2402.16973
cs.AI 2402.17032
cs.AI 2402.17161
cs.AI 2402.17168
cs.AI 2402.17270
cs.AI 2402.17385
cs.AI 2402.17431
cs.AI 2402.17546
cs.AI 2402.17553
cs.AI 2402.17574
cs.AI 2402.17709
cs.AI 2402.17739
cs.AI 2402.16795
cs.AI 2402.17775
cs.AI 2402.17778
cs.AI 2402.17783
cs.AI 2402.17785
cs.AI 2402.17792
cs.AI 2402.17801
cs.AI 2402.17805
cs.AI 2402.17810
cs.AI 2402.17811
cs.AI 2402.17826
cs.AI 2402.17840
cs.AI 2402.17853
cs.AI 2402.17862
cs.AI 2402.17888
cs.AI 2402.17896
cs.AI 2402.17913
cs.AI 2402.17914
cs.AI 2402.17916
cs.AI 2402.17934
cs.AI 2402.17969
cs.AI 2402.17971
cs.AI 2402.17978
cs.AI 2402.17979
cs.AI 2402.17985
cs.AI 2402.18002
cs.AI 2402.18005
cs.AI 2402.18007
cs.AI 2402.18012
cs.AI 2402.18013
cs.AI 2402.18016
cs.AI 2402.18039
cs.AI 2402.18041
cs.AI 2402.18061
cs.AI 2402.18062
cs.AI 2402.18091
cs.AI 2402.18096
cs.AI 2402.18099
cs.AI 2402.18104
cs.AI 2402.18113
cs.AI 2402.18121
cs.AI 2402.18129
cs.AI 2402.18137
cs.AI 2402.18139
cs.AI 2402.18150
cs.AI 2402.18152
cs.AI 2402.18153
cs.AI 2402.18154
cs.AI 2402.18158
cs.AI 2402.18164
cs.AI 2402.18205
cs.AI 2402.18222
cs.AI 2402.18225
cs.AI 2402.18252
cs.AI 2402.18267
cs.AI 2402.18272
cs.AI 2402.18284
cs.AI 2402.18285
cs.AI 2402.18286
cs.AI 2402.18292
cs.AI 2402.18309
cs.AI 2402.18320
cs.AI 2402.18326
cs.AI 2402.18360
cs.AI 2402.18362
cs.AI 2402.18372
cs.AI 2402.18376
cs.AI 2402.18385
cs.AI 2402.18390
cs.AI 2402.18392
cs.AI 2402.18419
cs.AI 2402.18424
cs.AI 2402.18439
cs.AI 2402.18443
cs.AI 2402.18449
cs.AI 2402.18477
cs.AI 2402.18485
cs.AI 2402.18487
cs.AI 2402.18540
cs.AI 2402.18563
cs.AI 2402.18571
cs.AI 2402.17786
cs.AI 2402.17791
cs.AI 2402.17793
cs.AI 2402.17930
cs.AI 2402.17975
cs.AI 2402.18023
cs.AI 2402.18040
cs.AI 2402.18144
cs.AI 2402.18157
cs.AI 2402.18381
cs.AI 2402.18393
cs.AI 2402.18409
cs.AI 2402.18426
cs.AI 2402.18496
cs.AI 2401.15324
cs.AI 2402.18377
cs.AI 2402.18575
cs.AI 2402.18576
cs.AI 2402.18577
cs.AI 2402.18579
cs.AI 2402.18581
cs.AI 2402.18582
cs.AI 2402.18587
cs.AI 2402.18589
cs.AI 2402.18590
cs.AI 2402.18593
cs.AI 2402.18598
cs.AI 2402.18599
cs.AI 2402.18600
cs.AI 2402.18603
cs.AI 2402.18606
cs.AI 2402.18607
cs.AI 2402.18609
cs.AI 2402.18616
cs.AI 2402.18617
cs.AI 2402.18649
cs.AI 2402.18651
cs.AI 2402.18659
cs.AI 2402.18673
cs.AI 2402.18677
cs.AI 2402.18700
cs.AI 2402.18724
cs.AI 2402.18726
cs.AI 2402.18747
cs.AI 2402.18759
cs.AI 2402.18807
cs.AI 2402.18815
cs.AI 2402.18826
cs.AI 2402.18849
cs.AI 2402.18851
cs.AI 2402.18853
cs.AI 2402.18865
cs.AI 2402.18905
cs.AI 2402.18908
cs.AI 2402.18909
cs.AI 2402.18910
cs.AI 2402.18913
cs.AI 2402.18920
cs.AI 2402.18929
cs.AI 2402.18944
cs.AI 2402.18945
cs.AI 2402.18960
cs.AI 2402.18975
cs.AI 2402.18995
cs.AI 2402.19002
cs.AI 2402.19009
cs.AI 2402.19025
cs.AI 2402.19027
cs.AI 2402.19041
cs.AI 2402.19054
cs.AI 2402.19072
cs.AI 2402.19078
cs.AI 2402.19088
cs.AI 2402.19102
cs.AI 2402.19103
cs.AI 2402.19105
cs.AI 2402.19116
cs.AI 2402.19135
cs.AI 2402.19161
cs.AI 2402.19170
cs.AI 2402.19173
cs.AI 2402.19197
cs.AI 2402.19237
cs.AI 2402.19263
cs.AI 2402.19267
cs.AI 2402.19294
cs.AI 2402.19339
cs.AI 2402.19348
cs.AI 2402.19361
cs.AI 2402.19366
cs.AI 2402.19371
cs.AI 2402.19379
cs.AI 2402.19402
cs.AI 2402.19406
cs.AI 2402.19420
cs.AI 2402.19421
cs.AI 2402.19422
cs.AI 2402.19423
cs.AI 2402.19431
cs.AI 2402.19437
cs.AI 2402.19442
cs.AI 2402.19443
cs.AI 2402.19446
cs.AI 2402.19457
cs.AI 2402.19464
cs.AI 2402.19465
cs.AI 2402.19467
cs.AI 2402.19471
cs.AI 2402.19475
cs.AI 2402.18679
cs.AI 2402.18715
cs.AI 2402.18732
cs.AI 2402.18743
cs.AI 2402.18784
cs.AI 2402.19085
cs.AI 2402.19195
cs.AI 2402.19251
cs.AI 2402.19265
cs.AI 2402.19299
cs.AI 2402.19450
cs.MA 2402.15169
cs.MA 2402.15247
cs.MA 2402.15259
cs.MA 2402.15324
cs.MA 2402.15611
cs.MA 2402.15677
cs.MA 2402.15821
cs.MA 2402.16145
cs.MA 2402.16201
cs.MA 2402.16247
cs.MA 2402.16823
cs.MA 2402.15538
cs.MA 2402.15546
cs.MA 2402.16260
cs.MA 2402.16713
cs.MA 2402.17109
cs.MA 2402.17161
cs.MA 2402.17270
cs.MA 2402.16871
cs.MA 2402.17615
cs.MA 2402.17885
cs.MA 2402.17978
cs.MA 2402.17932
cs.MA 2402.18617
cs.MA 2402.18908
cs.MA 2402.19128
cs.MA 2402.19420
cs.LG 2402.14825
cs.LG 2402.14827
cs.LG 2402.14833
cs.LG 2402.14835
cs.LG 2402.14837
cs.LG 2402.14838
cs.LG 2402.14843
cs.LG 2402.14844
cs.LG 2402.14845
cs.LG 2402.14846
cs.LG 2402.14847
cs.LG 2402.14849
cs.LG 2402.14852
cs.LG 2402.14859
cs.LG 2402.14860
cs.LG 2402.14862
cs.LG 2402.14865
cs.LG 2402.14867
cs.LG 2402.14874
cs.LG 2402.14875
cs.LG 2402.14877
cs.LG 2402.14883
cs.LG 2402.14890
cs.LG 2402.14892
cs.LG 2402.14894
cs.LG 2402.14895
cs.LG 2402.14897
cs.LG 2402.14899
cs.LG 2402.14903
cs.LG 2402.14904
cs.LG 2402.14925
cs.LG 2402.14928
cs.LG 2402.14948
cs.LG 2402.14951
cs.LG 2402.14957
cs.LG 2402.14961
cs.LG 2402.14966
cs.LG 2402.14973
cs.LG 2402.14974
cs.LG 2402.14976
cs.LG 2402.14977
cs.LG 2402.14980
cs.LG 2402.14982
cs.LG 2402.14987
cs.LG 2402.14992
cs.LG 2402.15000
cs.LG 2402.15006
cs.LG 2402.15010
cs.LG 2402.15018
cs.LG 2402.15025
cs.LG 2402.15038
cs.LG 2402.15039
cs.LG 2402.15043
cs.LG 2402.15044
cs.LG 2402.15053
cs.LG 2402.15055
cs.LG 2402.15058
cs.LG 2402.15061
cs.LG 2402.15062
cs.LG 2402.15082
cs.LG 2402.15089
cs.LG 2402.15095
cs.LG 2402.15100
cs.LG 2402.15111
cs.LG 2402.15115
cs.LG 2402.15120
cs.LG 2402.15132
cs.LG 2402.15141
cs.LG 2402.15143
cs.LG 2402.15147
cs.LG 2402.15153
cs.LG 2402.15159
cs.LG 2402.15162
cs.LG 2402.15164
cs.LG 2402.15166
cs.LG 2402.15172
cs.LG 2402.15189
cs.LG 2402.15195
cs.LG 2402.15197
cs.LG 2402.15213
cs.LG 2402.15232
cs.LG 2402.15237
cs.LG 2402.15239
cs.LG 2402.15258
cs.LG 2402.15259
cs.LG 2402.15268
cs.LG 2402.15273
cs.LG 2402.15281
cs.LG 2402.15285
cs.LG 2402.15288
cs.LG 2402.15289
cs.LG 2402.15294
cs.LG 2402.15297
cs.LG 2402.15300
cs.LG 2402.15301
cs.LG 2402.15307
cs.LG 2402.15313
cs.LG 2402.15321
cs.LG 2402.15324
cs.LG 2402.15335
cs.LG 2402.15337
cs.LG 2402.15343
cs.LG 2402.15344
cs.LG 2402.15350
cs.LG 2402.15352
cs.LG 2402.15359
cs.LG 2402.15360
cs.LG 2402.15365
cs.LG 2402.15370
cs.LG 2402.15374
cs.LG 2402.15402
cs.LG 2402.15409
cs.LG 2402.15420
cs.LG 2402.15422
cs.LG 2402.15429
cs.LG 2402.15430
cs.LG 2402.15432
cs.LG 2402.15444
cs.LG 2402.15449
cs.LG 2402.15473
cs.LG 2402.15487
cs.LG 2402.15506
cs.LG 2402.14861
cs.LG 2402.14866
cs.LG 2402.14878
cs.LG 2402.14882
cs.LG 2402.14886
cs.LG 2402.14888
cs.LG 2402.14905
cs.LG 2402.14922
cs.LG 2402.14926
cs.LG 2402.14929
cs.LG 2402.14937
cs.LG 2402.14949
cs.LG 2402.14979
cs.LG 2402.14983
cs.LG 2402.14988
cs.LG 2402.14989
cs.LG 2402.14991
cs.LG 2402.15005
cs.LG 2402.15017
cs.LG 2402.15019
cs.LG 2402.15020
cs.LG 2402.15070
cs.LG 2402.15073
cs.LG 2402.15096
cs.LG 2402.15097
cs.LG 2402.15102
cs.LG 2402.15106
cs.LG 2402.15109
cs.LG 2402.15113
cs.LG 2402.15125
cs.LG 2402.15127
cs.LG 2402.15134
cs.LG 2402.15145
cs.LG 2402.15146
cs.LG 2402.15152
cs.LG 2402.15160
cs.LG 2402.15163
cs.LG 2402.15170
cs.LG 2402.15171
cs.LG 2402.15173
cs.LG 2402.15175
cs.LG 2402.15179
cs.LG 2402.15180
cs.LG 2402.15183
cs.LG 2402.15188
cs.LG 2402.15194
cs.LG 2402.15198
cs.LG 2402.15220
cs.LG 2402.15227
cs.LG 2402.15231
cs.LG 2402.15247
cs.LG 2402.15255
cs.LG 2402.15262
cs.LG 2402.15266
cs.LG 2402.15270
cs.LG 2402.15274
cs.LG 2402.15283
cs.LG 2402.15284
cs.LG 2402.15290
cs.LG 2402.15309
cs.LG 2402.15315
cs.LG 2402.15319
cs.LG 2402.15326
cs.LG 2402.15328
cs.LG 2402.15332
cs.LG 2402.15345
cs.LG 2402.15347
cs.LG 2402.15351
cs.LG 2402.15390
cs.LG 2402.15391
cs.LG 2402.15392
cs.LG 2402.15393
cs.LG 2402.15398
cs.LG 2402.15399
cs.LG 2402.15404
cs.LG 2402.15406
cs.LG 2402.15411
cs.LG 2402.15413
cs.LG 2402.15414
cs.LG 2402.15415
cs.LG 2402.15441
cs.LG 2402.15472
cs.LG 2402.15477
cs.LG 2402.15478
cs.LG 2402.15490
cs.LG 2402.15492
cs.LG 2402.15505
cs.LG 2402.09283
cs.LG 2402.15513
cs.LG 2402.15516
cs.LG 2402.15521
cs.LG 2402.15524
cs.LG 2402.15526
cs.LG 2402.15534
cs.LG 2402.15537
cs.LG 2402.15542
cs.LG 2402.15546
cs.LG 2402.15566
cs.LG 2402.15569
cs.LG 2402.15583
cs.LG 2402.15584
cs.LG 2402.15589
cs.LG 2402.15592
cs.LG 2402.15602
cs.LG 2402.15611
cs.LG 2402.15623
cs.LG 2402.15625
cs.LG 2402.15635
cs.LG 2402.15718
cs.LG 2402.15733
cs.LG 2402.15781
cs.LG 2402.15810
cs.LG 2402.15814
cs.LG 2402.15819
cs.LG 2402.15833
cs.LG 2402.15892
cs.LG 2402.15893
cs.LG 2402.15905
cs.LG 2402.15929
cs.LG 2402.15933
cs.LG 2402.15938
cs.LG 2402.15939
cs.LG 2402.15941
cs.LG 2402.15985
cs.LG 2402.15988
cs.LG 2402.15994
cs.LG 2402.15995
cs.LG 2402.15997
cs.LG 2402.16002
cs.LG 2402.16005
cs.LG 2402.16008
cs.LG 2402.16024
cs.LG 2402.16036
cs.LG 2402.16038
cs.LG 2402.16041
cs.LG 2402.16048
cs.LG 2402.16059
cs.LG 2402.16065
cs.LG 2402.16073
cs.LG 2402.16090
cs.LG 2402.16123
cs.LG 2402.16153
cs.LG 2402.16158
cs.LG 2402.16187
cs.LG 2402.16197
cs.LG 2402.16200
cs.LG 2402.16269
cs.LG 2402.16278
cs.LG 2402.16285
cs.LG 2402.16299
cs.LG 2402.16321
cs.LG 2402.16326
cs.LG 2402.16353
cs.LG 2402.16364
cs.LG 2402.16369
cs.LG 2402.16380
cs.LG 2402.16388
cs.LG 2402.16408
cs.LG 2402.16517
cs.LG 2402.16539
cs.LG 2402.16543
cs.LG 2402.16569
cs.LG 2402.16570
cs.LG 2402.16578
cs.LG 2402.16609
cs.LG 2402.16658
cs.LG 2402.16661
cs.LG 2402.16683
cs.LG 2402.16688
cs.LG 2402.16705
cs.LG 2402.16712
cs.LG 2402.16731
cs.LG 2402.16734
cs.LG 2402.16770
cs.LG 2402.16792
cs.LG 2402.16793
cs.LG 2402.16796
cs.LG 2402.16811
cs.LG 2402.16814
cs.LG 2402.16819
cs.LG 2402.16822
cs.LG 2402.16823
cs.LG 2402.16827
cs.LG 2402.16830
cs.LG 2402.16843
cs.LG 2402.15555
cs.LG 2402.15561
cs.LG 2402.15567
cs.LG 2402.15603
cs.LG 2402.15607
cs.LG 2402.15608
cs.LG 2402.15613
cs.LG 2402.15627
cs.LG 2402.15636
cs.LG 2402.15638
cs.LG 2402.15650
cs.LG 2402.15655
cs.LG 2402.15656
cs.LG 2402.15665
cs.LG 2402.15666
cs.LG 2402.15679
cs.LG 2402.15680
cs.LG 2402.15688
cs.LG 2402.15691
cs.LG 2402.15700
cs.LG 2402.15703
cs.LG 2402.15710
cs.LG 2402.15715
cs.LG 2402.15730
cs.LG 2402.15731
cs.LG 2402.15734
cs.LG 2402.15739
cs.LG 2402.15751
cs.LG 2402.15757
cs.LG 2402.15776
cs.LG 2402.15808
cs.LG 2402.15815
cs.LG 2402.15826
cs.LG 2402.15864
cs.LG 2402.15883
cs.LG 2402.15898
cs.LG 2402.15903
cs.LG 2402.15921
cs.LG 2402.15923
cs.LG 2402.15926
cs.LG 2402.15932
cs.LG 2402.15951
cs.LG 2402.15957
cs.LG 2402.15958
cs.LG 2402.15962
cs.LG 2402.15968
cs.LG 2402.15972
cs.LG 2402.15978
cs.LG 2402.15984
cs.LG 2402.15992
cs.LG 2402.15993
cs.LG 2402.16012
cs.LG 2402.16014
cs.LG 2402.16017
cs.LG 2402.16020
cs.LG 2402.16026
cs.LG 2402.16075
cs.LG 2402.16077
cs.LG 2402.16078
cs.LG 2402.16091
cs.LG 2402.16105
cs.LG 2402.16119
cs.LG 2402.16131
cs.LG 2402.16157
cs.LG 2402.16181
cs.LG 2402.16184
cs.LG 2402.16196
cs.LG 2402.16230
cs.LG 2402.16237
cs.LG 2402.16247
cs.LG 2402.16255
cs.LG 2402.16268
cs.LG 2402.16297
cs.LG 2402.16300
cs.LG 2402.16302
cs.LG 2402.16305
cs.LG 2402.16310
cs.LG 2402.16312
cs.LG 2402.16324
cs.LG 2402.16346
cs.LG 2402.16349
cs.LG 2402.16354
cs.LG 2402.16358
cs.LG 2402.16359
cs.LG 2402.16374
cs.LG 2402.16383
cs.LG 2402.16387
cs.LG 2402.16402
cs.LG 2402.16412
cs.LG 2402.16435
cs.LG 2402.16442
cs.LG 2402.16463
cs.LG 2402.16516
cs.LG 2402.16544
cs.LG 2402.16562
cs.LG 2402.16565
cs.LG 2402.16639
cs.LG 2402.16668
cs.LG 2402.16681
cs.LG 2402.16710
cs.LG 2402.16726
cs.LG 2402.16748
cs.LG 2402.16778
cs.LG 2402.16785
cs.LG 2402.16788
cs.LG 2402.16801
cs.LG 2402.16828
cs.LG 2402.16829
cs.LG 2402.16842
cs.LG 2402.16844
cs.LG 2402.16845
cs.LG 2402.16848
cs.LG 2402.16854
cs.LG 2402.16858
cs.LG 2402.16865
cs.LG 2402.16877
cs.LG 2402.16878
cs.LG 2402.16882
cs.LG 2402.16886
cs.LG 2402.16887
cs.LG 2402.16896
cs.LG 2402.16898
cs.LG 2402.16901
cs.LG 2402.16905
cs.LG 2402.16907
cs.LG 2402.16908
cs.LG 2402.16912
cs.LG 2402.16926
cs.LG 2402.16930
cs.LG 2402.16936
cs.LG 2402.16978
cs.LG 2402.16979
cs.LG 2402.16990
cs.LG 2402.16991
cs.LG 2402.16994
cs.LG 2402.16996
cs.LG 2402.16998
cs.LG 2402.17012
cs.LG 2402.17013
cs.LG 2402.17032
cs.LG 2402.17036
cs.LG 2402.17042
cs.LG 2402.17045
cs.LG 2402.17065
cs.LG 2402.17087
cs.LG 2402.17089
cs.LG 2402.17106
cs.LG 2402.17108
cs.LG 2402.17143
cs.LG 2402.17148
cs.LG 2402.17177
cs.LG 2402.17191
cs.LG 2402.17193
cs.LG 2402.17196
cs.LG 2402.17205
cs.LG 2402.17215
cs.LG 2402.17216
cs.LG 2402.17229
cs.LG 2402.17232
cs.LG 2402.17236
cs.LG 2402.17246
cs.LG 2402.17249
cs.LG 2402.17270
cs.LG 2402.17295
cs.LG 2402.17317
cs.LG 2402.17318
cs.LG 2402.17336
cs.LG 2402.17346
cs.LG 2402.17363
cs.LG 2402.17375
cs.LG 2402.17376
cs.LG 2402.17398
cs.LG 2402.17402
cs.LG 2402.17406
cs.LG 2402.17410
cs.LG 2402.17431
cs.LG 2402.17470
cs.LG 2402.17487
cs.LG 2402.17492
cs.LG 2402.17500
cs.LG 2402.17506
cs.LG 2402.17544
cs.LG 2402.17583
cs.LG 2402.17621
cs.LG 2402.17686
cs.LG 2402.17695
cs.LG 2402.17698
cs.LG 2402.17700
cs.LG 2402.17701
cs.LG 2402.17704
cs.LG 2402.17722
cs.LG 2402.17732
cs.LG 2402.17736
cs.LG 2402.17739
cs.LG 2402.17750
cs.LG 2402.17753
cs.LG 2402.17760
cs.LG 2402.17762
cs.LG 2402.17764
cs.LG 2402.17767
cs.LG 2402.17768
cs.LG 2402.16880
cs.LG 2402.16888
cs.LG 2402.16889
cs.LG 2402.16891
cs.LG 2402.16897
cs.LG 2402.16899
cs.LG 2402.16902
cs.LG 2402.16903
cs.LG 2402.16904
cs.LG 2402.16909
cs.LG 2402.16911
cs.LG 2402.16913
cs.LG 2402.16915
cs.LG 2402.16918
cs.LG 2402.16919
cs.LG 2402.16925
cs.LG 2402.16933
cs.LG 2402.16934
cs.LG 2402.17002
cs.LG 2402.17003
cs.LG 2402.17018
cs.LG 2402.17061
cs.LG 2402.17073
cs.LG 2402.17077
cs.LG 2402.17104
cs.LG 2402.17110
cs.LG 2402.17120
cs.LG 2402.17131
cs.LG 2402.17135
cs.LG 2402.17152
cs.LG 2402.17156
cs.LG 2402.17157
cs.LG 2402.17176
cs.LG 2402.17179
cs.LG 2402.17185
cs.LG 2402.17202
cs.LG 2402.17217
cs.LG 2402.17227
cs.LG 2402.17233
cs.LG 2402.17235
cs.LG 2402.17238
cs.LG 2402.17257
cs.LG 2402.17269
cs.LG 2402.17287
cs.LG 2402.17327
cs.LG 2402.17343
cs.LG 2402.17345
cs.LG 2402.17390
cs.LG 2402.17423
cs.LG 2402.17440
cs.LG 2402.17453
cs.LG 2402.17457
cs.LG 2402.17472
cs.LG 2402.17501
cs.LG 2402.17516
cs.LG 2402.17517
cs.LG 2402.17554
cs.LG 2402.17570
cs.LG 2402.17572
cs.LG 2402.17595
cs.LG 2402.17599
cs.LG 2402.17601
cs.LG 2402.17606
cs.LG 2402.17641
cs.LG 2402.17655
cs.LG 2402.17660
cs.LG 2402.17666
cs.LG 2402.17671
cs.LG 2402.17689
cs.LG 2402.17690
cs.LG 2402.17699
cs.LG 2402.17705
cs.LG 2402.17710
cs.LG 2402.17718
cs.LG 2402.17720
cs.LG 2402.17730
cs.LG 2402.17747
cs.LG 2402.17756
cs.LG 2402.16795
cs.LG 2402.17771
cs.LG 2402.17772
cs.LG 2402.17773
cs.LG 2402.17775
cs.LG 2402.17779
cs.LG 2402.17780
cs.LG 2402.17783
cs.LG 2402.17786
cs.LG 2402.17788
cs.LG 2402.17790
cs.LG 2402.17791
cs.LG 2402.17792
cs.LG 2402.17793
cs.LG 2402.17807
cs.LG 2402.17808
cs.LG 2402.17810
cs.LG 2402.17811
cs.LG 2402.17840
cs.LG 2402.17870
cs.LG 2402.17886
cs.LG 2402.17898
cs.LG 2402.17911
cs.LG 2402.17913
cs.LG 2402.17918
cs.LG 2402.17926
cs.LG 2402.17930
cs.LG 2402.17943
cs.LG 2402.17975
cs.LG 2402.17979
cs.LG 2402.17987
cs.LG 2402.17988
cs.LG 2402.17992
cs.LG 2402.18002
cs.LG 2402.18040
cs.LG 2402.18064
cs.LG 2402.18112
cs.LG 2402.18117
cs.LG 2402.18128
cs.LG 2402.18137
cs.LG 2402.18225
cs.CR 2402.14857
cs.CR 2402.14899
cs.LG 2402.18241
cs.CR 2402.14937
cs.LG 2402.18286
cs.CR 2402.14983
cs.CR 2402.14988
cs.LG 2402.18292
cs.LG 2402.18312
cs.LG 2402.18329
cs.CR 2402.15152
cs.LG 2402.18334
cs.LG 2402.18381
cs.LG 2402.18396
cs.CR 2402.15159
cs.LG 2402.18419
cs.LG 2402.18424
cs.CR 2402.15180
cs.LG 2402.18426
cs.CR 2402.15233
cs.LG 2402.18449
cs.LG 2402.18484
cs.LG 2402.18487
cs.CR 2402.15302
cs.LG 2402.18527
cs.CR 2402.14859
cs.LG 2402.17802
cs.CR 2402.14862
cs.CR 2402.14869
cs.CR 2402.14883
cs.CR 2402.14902
cs.LG 2402.17804
cs.LG 2402.17805
cs.CR 2402.14904
cs.LG 2402.17806
cs.CR 2402.14968
cs.CR 2402.14977
cs.LG 2402.17812
cs.LG 2402.17826
cs.CR 2402.15006
cs.CR 2402.15105
cs.CR 2402.15111
cs.CR 2402.15147
cs.LG 2402.17853
cs.CR 2402.15218
cs.LG 2402.17879
cs.CR 2402.15267
cs.LG 2402.17885
cs.LG 2402.17888
cs.LG 2402.17890
cs.LG 2402.17902
cs.LG 2402.17905
cs.CR 2402.15277
cs.LG 2402.17906
cs.CR 2402.15293
cs.LG 2402.17917
cs.CR 2402.15331
cs.LG 2402.17966
cs.CR 2402.15388
cs.LG 2402.17967
cs.CR 2402.15425
cs.CR 2402.15447
cs.LG 2402.17978
cs.CR 2401.05949
cs.LG 2402.17985
cs.CR 2402.15586
cs.LG 2402.18007
cs.LG 2402.18012
cs.LG 2402.18018
cs.LG 2402.18046
cs.LG 2402.18059
cs.LG 2402.18096
cs.LG 2402.18127
cs.LG 2402.18129
cs.LG 2402.18133
cs.LG 2402.18149
cs.LG 2402.18153
cs.LG 2402.18159
cs.LG 2402.18164
cs.LG 2402.18167
cs.CR 2402.15603
cs.LG 2402.18198
cs.LG 2402.18211
cs.LG 2402.18213
cs.LG 2402.18260
cs.LG 2402.18285
cs.LG 2402.18296
cs.LG 2402.18311
cs.LG 2402.18337
cs.LG 2402.18372
cs.LG 2402.18377
cs.LG 2402.18392
cs.CR 2402.15808
cs.LG 2402.18434
cs.LG 2402.18443
cs.LG 2402.18477
cs.LG 2402.18491
cs.LG 2402.18495
cs.LG 2402.18505
cs.LG 2402.18508
cs.LG 2402.18510
cs.LG 2402.18512
cs.LG 2402.18540
cs.LG 2402.18546
cs.LG 2402.18551
cs.LG 2402.18563
cs.LG 2402.18567
cs.LG 2402.18571
cs.LG 2112.01799
cs.LG 2306.00964
cs.LG 2402.13429
cs.LG 2402.18575
cs.LG 2402.18576
cs.LG 2402.18583
cs.LG 2402.18587
cs.LG 2402.18589
cs.LG 2402.18595
cs.CR 2402.15855
cs.LG 2402.18611
cs.CR 2402.15938
cs.CR 2402.16201
cs.CR 2402.16399
cs.CR 2402.16515
cs.CR 2402.16717
cs.CR 2402.16778
cs.CR 2402.16792
cs.CR 2402.15570
cs.CR 2402.15617
cs.CR 2402.15727
cs.CR 2402.15738
cs.CR 2402.15779
cs.CR 2402.15780
cs.CR 2402.15797
cs.CR 2402.15817
cs.CR 2402.15824
cs.CR 2402.15911
cs.CR 2402.15945
cs.CR 2402.16002
cs.CR 2402.16028
cs.CR 2402.16043
cs.CR 2402.16087
cs.CR 2402.16094
cs.CR 2402.16095
cs.CR 2402.16187
cs.CR 2402.16290
cs.CR 2402.16294
cs.CR 2402.16393
cs.CR 2402.16397
cs.CR 2402.16430
cs.CR 2402.16497
cs.CR 2402.16735
cs.CR 2402.16889
cs.CR 2402.16934
cs.CR 2402.17104
cs.CR 2402.17390
cs.CR 2402.17459
cs.CR 2402.17474
cs.CR 2402.16893
cs.CR 2402.16896
cs.CR 2402.16912
cs.CR 2402.16914
cs.CR 2402.16926
cs.CR 2402.16965
cs.CR 2402.16968
cs.CR 2402.16982
cs.CR 2402.17012
cs.CR 2402.17020
cs.CR 2402.17045
cs.LG 2402.18612
cs.CR 2402.17092
cs.LG 2402.18617
cs.CR 2402.17191
cs.LG 2402.18668
cs.CR 2402.17210
cs.CR 2402.17219
cs.LG 2402.18679
cs.CR 2402.17223
cs.LG 2402.18697
cs.CR 2402.17230
cs.LG 2402.18700
cs.CR 2402.17241
cs.LG 2402.18729
cs.CR 2402.17249
cs.CR 2402.17342
cs.CR 2402.17350
cs.LG 2402.18732
cs.CR 2402.17465
cs.LG 2402.18746
cs.CR 2402.17488
cs.CR 2402.17632
cs.CR 2402.17659
cs.CR 2402.17715
cs.CR 2402.17748
cs.CR 2402.17840
cs.CR 2402.18020
cs.CR 2402.18059
cs.CR 2402.18085
cs.CR 2402.18119
cs.CR 2402.18211
cs.CR 2402.18401
cs.CR 2402.18516
cs.LG 2402.18759
cs.CR 2402.17918
cs.LG 2402.18781
cs.CR 2402.17938
cs.CR 2402.17970
cs.LG 2402.18789
cs.CR 2402.18033
cs.LG 2402.18830
cs.CR 2402.18049
cs.LG 2402.18919
cs.CR 2402.18093
cs.CR 2402.18104
cs.CR 2402.18189
cs.CR 2402.18301
cs.LG 2402.18994
cs.CR 2402.18329
cs.LG 2402.19037
cs.LG 2402.19062
cs.CR 2402.18365
cs.LG 2402.19095
cs.LG 2402.19101
cs.CR 2402.18386
cs.LG 2402.19110
cs.CR 2402.18430
cs.CR 2402.18607
cs.LG 2402.19142
cs.CR 2402.18718
cs.LG 2402.19186
cs.CR 2402.18726
cs.LG 2402.19197
cs.CR 2402.18752
cs.LG 2402.19212
cs.CR 2402.18787
cs.LG 2402.19265
cs.LG 2402.19275
cs.LG 2402.19296
cs.LG 2402.19299
cs.CR 2402.18792
cs.LG 2402.19319
cs.CR 2402.18818
cs.CR 2402.18905
cs.LG 2402.19355
cs.CR 2402.19016
cs.LG 2402.19361
cs.LG 2402.19379
cs.CR 2402.19180
cs.LG 2402.19411
cs.CR 2402.19232
cs.LG 2402.19455
cs.CR 2402.19254
cs.LG 2402.19469
cs.CR 2402.19322
cs.LG 2402.19475
cs.CR 2402.19355
cs.LG 2402.18591
cs.CR 2402.19437
cs.CR 2402.18649
cs.CR 2402.18652
cs.CR 2402.18755
cs.CR 2402.18769
cs.CR 2402.18945
cs.CR 2402.18973
cs.CR 2402.18986
cs.CR 2402.19011
cs.LG 2402.18599
cs.CR 2402.19027
cs.CR 2402.19037
cs.CR 2402.19054
cs.CR 2402.19107
cs.CR 2402.19200
cs.CR 2402.19319
cs.CR 2402.19361
cs.CR 2402.19366
cs.LG 2402.18603
cs.LG 2402.18605
cs.LG 2402.18606
cs.LG 2402.18607
cs.LG 2402.18609
cs.LG 2402.18610
cs.LG 2402.18614
cs.LG 2402.18630
cs.LG 2402.18651
cs.LG 2402.18689
cs.LG 2402.18724
cs.LG 2402.18726
cs.LG 2402.18734
cs.LG 2402.18751
cs.LG 2402.18752
cs.LG 2402.18762
cs.LG 2402.18787
cs.LG 2402.18792
cs.LG 2402.18800
cs.LG 2402.18803
cs.LG 2402.18819
cs.LG 2402.18824
cs.LG 2402.18836
cs.LG 2402.18839
cs.LG 2402.18846
cs.LG 2402.18851
cs.LG 2402.18853
cs.LG 2402.18859
cs.LG 2402.18863
cs.LG 2402.18865
cs.LG 2402.18866
cs.LG 2402.18875
cs.LG 2402.18884
cs.LG 2402.18886
cs.LG 2402.18888
cs.LG 2402.18905
cs.LG 2402.18910
cs.LG 2402.18917
cs.LG 2402.18946
cs.LG 2402.18949
cs.LG 2402.18974
cs.LG 2402.18995
cs.LG 2402.19009
cs.LG 2402.19016
cs.LG 2402.19025
cs.LG 2402.19047
cs.LG 2402.19072
cs.LG 2402.19078
cs.LG 2402.19090
cs.LG 2402.19102
cs.LG 2402.19105
cs.LG 2402.19155
cs.LG 2402.19163
cs.LG 2402.19226
cs.LG 2402.19232
cs.LG 2402.19242
cs.LG 2402.19254
cs.LG 2402.19262
cs.LG 2402.19287
cs.LG 2402.19290
cs.LG 2402.19294
cs.LG 2402.19295
cs.LG 2402.19303
cs.LG 2402.19308
cs.LG 2402.19322
cs.LG 2402.19348
cs.LG 2402.19369
cs.LG 2402.19402
cs.LG 2402.19427
cs.LG 2402.19437
cs.LG 2402.19442
cs.LG 2402.19446
cs.LG 2402.19449
cs.LG 2402.19460
cs.LG 2402.19464
cs.LG 2402.19472
cs.NI 2402.14862
cs.NI 2402.14869
cs.NI 2402.14970
cs.NI 2402.15222
cs.NI 2402.15903
cs.NI 2402.15972
cs.NI 2402.16631
cs.NI 2402.15749
cs.NI 2402.15844
cs.NI 2402.15876
cs.NI 2402.15900
cs.NI 2402.16025
cs.NI 2402.16052
cs.NI 2402.16173
cs.NI 2402.16201
cs.NI 2402.16448
cs.NI 2402.16454
cs.NI 2402.16462
cs.NI 2402.16655
cs.NI 2402.17632
cs.NI 2402.16864
cs.NI 2402.16870
cs.NI 2402.16873
cs.NI 2402.17336
cs.NI 2402.17394
cs.NI 2402.17436
cs.NI 2402.17550
cs.NI 2402.17573
cs.NI 2402.17763
cs.NI 2402.18224
cs.NI 2402.18445
cs.NI 2402.18927
cs.NI 2402.19319
cs.NI 2402.18587
cs.NI 2402.18778
cs.NI 2402.18936
cs.NI 2402.19375
cs.NI 2402.19416
stat.TH 2402.14925
stat.TH 2402.15004
stat.TH 2402.15171
stat.TH 2402.15213
stat.TH 2402.15285
stat.TH 2402.15409
stat.TH 2402.15489
stat.TH 2402.14985
stat.TH 2402.15095
stat.TH 2402.15256
stat.TH 2402.15432
stat.TH 2402.15442
stat.TH 2402.15502
stat.TH 2402.15710
stat.TH 2402.15995
stat.TH 2402.16362
stat.TH 2402.16435
stat.TH 2402.16719
stat.TH 2402.15602
stat.TH 2402.15866
stat.TH 2402.15892
stat.TH 2402.16292
stat.TH 2402.16422
stat.TH 2402.16481
stat.TH 2402.16560
stat.TH 2402.16764
stat.TH 2402.16793
stat.TH 2402.16917
stat.TH 2402.17070
stat.TH 2402.17539
stat.TH 2402.17756
stat.TH 2402.17067
stat.TH 2402.17258
stat.TH 2402.17294
stat.TH 2402.17732
stat.TH 2402.17886
stat.TH 2402.17922
stat.TH 2402.18130
stat.TH 2402.18242
stat.TH 2402.18378
stat.TH 2402.18591
stat.TH 2402.18666
stat.TH 2402.18689
stat.TH 2402.18697
stat.TH 2402.18745
stat.TH 2402.19442
stat.TH 2402.19456
stat.TH 2402.18810
stat.TH 2402.18921
stat.TH 2402.19036
stat.TH 2402.19214
stat.TH 2402.19268
cs.RO 2402.15197
cs.RO 2402.15427
cs.RO 2402.15431
cs.RO 2402.15439
cs.RO 2402.14928
cs.RO 2402.14933
cs.RO 2402.14961
cs.RO 2402.14993
cs.RO 2402.15008
cs.RO 2402.15025
cs.RO 2402.15038
cs.RO 2402.15191
cs.RO 2402.15243
cs.RO 2402.15281
cs.RO 2402.15359
cs.RO 2402.15363
cs.RO 2402.15368
cs.RO 2402.15384
cs.RO 2402.15402
cs.RO 2402.15420
cs.RO 2402.15464
cs.RO 2402.15487
cs.RO 2402.15546
cs.RO 2402.15567
cs.RO 2402.15572
cs.RO 2402.15757
cs.RO 2402.15830
cs.RO 2402.15852
cs.RO 2402.16075
cs.RO 2402.16174
cs.RO 2402.16342
cs.RO 2402.16598
cs.RO 2402.15552
cs.RO 2402.15604
cs.RO 2402.15671
cs.RO 2402.15767
cs.RO 2402.15790
cs.RO 2402.16010
cs.RO 2402.16036
cs.RO 2402.16045
cs.RO 2402.16057
cs.RO 2402.16068
cs.RO 2402.16082
cs.RO 2402.16101
cs.RO 2402.16114
cs.RO 2402.16117
cs.RO 2402.16154
cs.RO 2402.16227
cs.RO 2402.16281
cs.RO 2402.16308
cs.RO 2402.16348
cs.RO 2402.16398
cs.RO 2402.16449
cs.RO 2402.16501
cs.RO 2402.16542
cs.RO 2402.16645
cs.RO 2402.16690
cs.RO 2402.16699
cs.RO 2402.16720
cs.RO 2402.16759
cs.RO 2402.16796
cs.RO 2402.16836
cs.RO 2402.17050
cs.RO 2402.17071
cs.RO 2402.17078
cs.RO 2402.17264
cs.RO 2402.17360
cs.RO 2402.17587
cs.RO 2402.17622
cs.RO 2402.17653
cs.RO 2402.17130
cs.RO 2402.17243
cs.RO 2402.17289
cs.RO 2402.17363
cs.RO 2402.17387
cs.RO 2402.17405
cs.RO 2402.17409
cs.RO 2402.17434
cs.RO 2402.17504
cs.RO 2402.17511
cs.RO 2402.17569
cs.RO 2402.17593
cs.RO 2402.17767
cs.RO 2402.17768
cs.RO 2402.17769
cs.RO 2402.18084
cs.RO 2402.18302
cs.RO 2402.18325
cs.RO 2402.18393
cs.RO 2402.17836
cs.RO 2402.17878
cs.RO 2402.17892
cs.RO 2402.17904
cs.RO 2402.17933
cs.RO 2402.17937
cs.RO 2402.18002
cs.RO 2402.18021
cs.RO 2402.18062
cs.RO 2402.18064
cs.RO 2402.18065
cs.RO 2402.18088
cs.RO 2402.18123
cs.RO 2402.18137
cs.RO 2402.18174
cs.RO 2402.18294
cs.RO 2402.18318
cs.RO 2402.18319
cs.RO 2402.18323
cs.RO 2402.18345
cs.RO 2402.18380
cs.RO 2402.18394
cs.RO 2402.18420
cs.RO 2402.18487
cs.RO 2402.18511
cs.RO 2402.18558
cs.RO 2402.18707
cs.RO 2402.18743
cs.RO 2402.18771
cs.RO 2402.18892
cs.RO 2402.19007
cs.RO 2402.19161
cs.RO 2402.19231
cs.RO 2402.19251
cs.RO 2402.18650
cs.RO 2402.18675
cs.RO 2402.18677
cs.RO 2402.18682
cs.RO 2402.18699
cs.RO 2402.18710
cs.RO 2402.18754
cs.RO 2402.18759
cs.RO 2402.18775
cs.RO 2402.18796
cs.RO 2402.18897
cs.RO 2402.18934
cs.RO 2402.19033
cs.RO 2402.19044
cs.RO 2402.19058
cs.RO 2402.19128
cs.RO 2402.19166
cs.RO 2402.19249
cs.RO 2402.19315
cs.RO 2402.19341
cs.RO 2402.19385
cs.RO 2402.19410
cs.RO 2402.19432
cs.RO 2402.19469
eess.IV 2402.14825
eess.IV 2402.15121
eess.IV 2402.15151
eess.IV 2402.14974
eess.IV 2402.15246
eess.IV 2402.15335
eess.IV 2402.15353
eess.IV 2402.15635
eess.IV 2402.15659
eess.IV 2402.15865
eess.IV 2402.16599
eess.IV 2402.16749
eess.IV 2402.15534
eess.IV 2402.15566
eess.IV 2402.15641
eess.IV 2402.15704
eess.IV 2402.15744
eess.IV 2402.15919
eess.IV 2402.15939
eess.IV 2402.16212
eess.IV 2402.16221
eess.IV 2402.16368
eess.IV 2402.16371
eess.IV 2402.16566
eess.IV 2402.16581
eess.IV 2402.16619
eess.IV 2402.16634
eess.IV 2402.16658
eess.IV 2402.16663
eess.IV 2402.16734
eess.IV 2402.16894
eess.IV 2402.16908
eess.IV 2402.17200
eess.IV 2402.17414
eess.IV 2402.17470
eess.IV 2402.17487
eess.IV 2402.17502
eess.IV 2402.17533
eess.IV 2402.17643
eess.IV 2402.17672
eess.IV 2402.16865
eess.IV 2402.16907
eess.IV 2402.16921
eess.IV 2402.17187
eess.IV 2402.17246
eess.IV 2402.17300
eess.IV 2402.17307
eess.IV 2402.17317
eess.IV 2402.17438
eess.IV 2402.17544
eess.IV 2402.17617
eess.IV 2402.17725
eess.IV 2402.17877
eess.IV 2402.18084
eess.IV 2402.18175
eess.IV 2402.18192
eess.IV 2402.18302
eess.IV 2402.18527
eess.IV 2402.18553
eess.IV 2402.18555
eess.IV 2402.17797
eess.IV 2402.17909
eess.IV 2402.17951
eess.IV 2402.18056
eess.IV 2402.18102
eess.IV 2402.18147
eess.IV 2402.18152
eess.IV 2402.18305
eess.IV 2402.18417
eess.IV 2402.18451
eess.IV 2402.19004
eess.IV 2402.19041
eess.IV 2402.18575
eess.IV 2402.18600
eess.IV 2402.18615
eess.IV 2402.18761
eess.IV 2402.18777
eess.IV 2402.18856
eess.IV 2402.18862
eess.IV 2402.18864
eess.IV 2402.18871
eess.IV 2402.18930
eess.IV 2402.18963
eess.IV 2402.19020
eess.IV 2402.19023
eess.IV 2402.19043
eess.IV 2402.19062
eess.IV 2402.19111
eess.IV 2402.19205
eess.IV 2402.19215
eess.IV 2402.19276
eess.IV 2402.19286
eess.IV 2402.19289
eess.IV 2402.19387
eess.IV 2402.19470
cs.CL 2402.14866
cs.CL 2402.14888
cs.CL 2402.14904
cs.CL 2402.14905
cs.CL 2402.14951
cs.CL 2402.14968
cs.CL 2402.14979
cs.CL 2402.15017
cs.CL 2402.15020
cs.CL 2402.15021
cs.CL 2402.15083
cs.CL 2402.15105
cs.CL 2402.15116
cs.CL 2402.15151
cs.CL 2402.15179
cs.CL 2402.15180
cs.CL 2402.15218
cs.CL 2402.15220
cs.CL 2402.15265
cs.CL 2402.15300
cs.CL 2402.15309
cs.CL 2402.15319
cs.CL 2402.15390
cs.CL 2402.15400
cs.CL 2402.15420
cs.CL 2402.15444
cs.CL 2402.15506
cs.CL 2402.14830
cs.CL 2402.14833
cs.CL 2402.14834
cs.CL 2402.14835
cs.CL 2402.14836
cs.CL 2402.14837
cs.CL 2402.14838
cs.CL 2402.14840
cs.CL 2402.14843
cs.CL 2402.14845
cs.CL 2402.14846
cs.CL 2402.14848
cs.CL 2402.14849
cs.CL 2402.14850
cs.CL 2402.14851
cs.CL 2402.14852
cs.CL 2402.14853
cs.CL 2402.14854
cs.CL 2402.14855
cs.CL 2402.14856
cs.CL 2402.14857
cs.CL 2402.14858
cs.CL 2402.14860
cs.CL 2402.14863
cs.CL 2402.14865
cs.CL 2402.14867
cs.CL 2402.14871
cs.CL 2402.14872
cs.CL 2402.14873
cs.CL 2402.14874
cs.CL 2402.14875
cs.CL 2402.14879
cs.CL 2402.14880
cs.CL 2402.14881
cs.CL 2402.14889
cs.CL 2402.14890
cs.CL 2402.14891
cs.CL 2402.14895
cs.CL 2402.14897
cs.CL 2402.14901
cs.CL 2402.14903
cs.CL 2402.14948
cs.CL 2402.14963
cs.CL 2402.14972
cs.CL 2402.14973
cs.CL 2402.14992
cs.CL 2402.15000
cs.CL 2402.15002
cs.CL 2402.15010
cs.CL 2402.15012
cs.CL 2402.15018
cs.CL 2402.15043
cs.CL 2402.15046
cs.CL 2402.15048
cs.CL 2402.15052
cs.CL 2402.15055
cs.CL 2402.15057
cs.CL 2402.15059
cs.CL 2402.15061
cs.CL 2402.15062
cs.CL 2402.15080
cs.CL 2402.15082
cs.CL 2402.15089
cs.CL 2402.15131
cs.CL 2402.15132
cs.CL 2402.15153
cs.CL 2402.15159
cs.CL 2402.15162
cs.CL 2402.15189
cs.CL 2402.15200
cs.CL 2402.15202
cs.CL 2402.15238
cs.CL 2402.15248
cs.CL 2402.15264
cs.CL 2402.15268
cs.CL 2402.15289
cs.CL 2402.15301
cs.CL 2402.15302
cs.CL 2402.15313
cs.CL 2402.15337
cs.CL 2402.15343
cs.CL 2402.15370
cs.CL 2402.15422
cs.CL 2402.15449
cs.CL 2402.15473
cs.CL 2402.15481
cs.CL 2402.15491
cs.CL 2402.15539
cs.CL 2402.15570
cs.CL 2402.15571
cs.CL 2402.15579
cs.CL 2402.15613
cs.CL 2402.15700
cs.CL 2402.15721
cs.CL 2402.15729
cs.CL 2402.15733
cs.CL 2402.15751
cs.CL 2402.15809
cs.CL 2402.15810
cs.CL 2402.15911
cs.CL 2402.15929
cs.CL 2402.15933
cs.CL 2402.15951
cs.CL 2402.15985
cs.CL 2402.15992
cs.CL 2402.16009
cs.CL 2402.16039
cs.CL 2402.16050
cs.CL 2402.16153
cs.CL 2402.16187
cs.CL 2402.16200
cs.CL 2402.16247
cs.CL 2402.16278
cs.CL 2402.16315
cs.CL 2402.16333
cs.CL 2402.16354
cs.CL 2402.16358
cs.CL 2402.16380
cs.CL 2402.16482
cs.CL 2402.16539
cs.CL 2402.16654
cs.CL 2402.16714
cs.CL 2402.16751
cs.CL 2402.16767
cs.CL 2402.16823
cs.CL 2402.16829
cs.CL 2402.16830
cs.CL 2402.16836
cs.CL 2402.16843
cs.CL 2402.16844
cs.CL 2402.16846
cs.CL 2402.15514
cs.CL 2402.15518
cs.CL 2402.15525
cs.CL 2402.15527
cs.CL 2402.15537
cs.CL 2402.15589
cs.CL 2402.15594
cs.CL 2402.15610
cs.CL 2402.15623
cs.CL 2402.15631
cs.CL 2402.15637
cs.CL 2402.15654
cs.CL 2402.15663
cs.CL 2402.15690
cs.CL 2402.15708
cs.CL 2402.15713
cs.CL 2402.15745
cs.CL 2402.15754
cs.CL 2402.15755
cs.CL 2402.15758
cs.CL 2402.15764
cs.CL 2402.15813
cs.CL 2402.15814
cs.CL 2402.15818
cs.CL 2402.15833
cs.CL 2402.15861
cs.CL 2402.15862
cs.CL 2402.15873
cs.CL 2402.15925
cs.CL 2402.15930
cs.CL 2402.15931
cs.CL 2402.15938
cs.CL 2402.15967
cs.CL 2402.15987
cs.CL 2402.15991
cs.CL 2402.16006
cs.CL 2402.16021
cs.CL 2402.16024
cs.CL 2402.16029
cs.CL 2402.16030
cs.CL 2402.16034
cs.CL 2402.16035
cs.CL 2402.16038
cs.CL 2402.16040
cs.CL 2402.16041
cs.CL 2402.16048
cs.CL 2402.16058
cs.CL 2402.16061
cs.CL 2402.16063
cs.CL 2402.16065
cs.CL 2402.16102
cs.CL 2402.16107
cs.CL 2402.16123
cs.CL 2402.16132
cs.CL 2402.16139
cs.CL 2402.16141
cs.CL 2402.16142
cs.CL 2402.16159
cs.CL 2402.16168
cs.CL 2402.16192
cs.CL 2402.16194
cs.CL 2402.16211
cs.CL 2402.16248
cs.CL 2402.16261
cs.CL 2402.16288
cs.CL 2402.16311
cs.CL 2402.16313
cs.CL 2402.16319
cs.CL 2402.16347
cs.CL 2402.16352
cs.CL 2402.16361
cs.CL 2402.16363
cs.CL 2402.16364
cs.CL 2402.16367
cs.CL 2402.16379
cs.CL 2402.16382
cs.CL 2402.16389
cs.CL 2402.16406
cs.CL 2402.16420
cs.CL 2402.16431
cs.CL 2402.16438
cs.CL 2402.16444
cs.CL 2402.16457
cs.CL 2402.16458
cs.CL 2402.16459
cs.CL 2402.16470
cs.CL 2402.16472
cs.CL 2402.16499
cs.CL 2402.16508
cs.CL 2402.16515
cs.CL 2402.16567
cs.CL 2402.16568
cs.CL 2402.16578
cs.CL 2402.16596
cs.CL 2402.16602
cs.CL 2402.16608
cs.CL 2402.16611
cs.CL 2402.16617
cs.CL 2402.16632
cs.CL 2402.16650
cs.CL 2402.16667
cs.CL 2402.16671
cs.CL 2402.16689
cs.CL 2402.16694
cs.CL 2402.16696
cs.CL 2402.16700
cs.CL 2402.16705
cs.CL 2402.16717
cs.CL 2402.16733
cs.CL 2402.16775
cs.CL 2402.16786
cs.CL 2402.16797
cs.CL 2402.16810
cs.CL 2402.16817
cs.CL 2402.16819
cs.CL 2402.16822
cs.CL 2402.16827
cs.CL 2402.16832
cs.CL 2402.16835
cs.CL 2402.16837
cs.CL 2402.16840
cs.CL 2402.16874
cs.CL 2402.16877
cs.CL 2402.16878
cs.CL 2402.16880
cs.CL 2402.16906
cs.CL 2402.16914
cs.CL 2402.16929
cs.CL 2402.16973
cs.CL 2402.16977
cs.CL 2402.17168
cs.CL 2402.17237
cs.CL 2402.17407
cs.CL 2402.17456
cs.CL 2402.17496
cs.CL 2402.17505
cs.CL 2402.17531
cs.CL 2402.17546
cs.CL 2402.17553
cs.CL 2402.17574
cs.CL 2402.17583
cs.CL 2402.17641
cs.CL 2402.17645
cs.CL 2402.17709
cs.CL 2402.16986
cs.CL 2402.16998
cs.CL 2402.17008
cs.CL 2402.17010
cs.CL 2402.17011
cs.CL 2402.17013
cs.CL 2402.17014
cs.CL 2402.17016
cs.CL 2402.17019
cs.CL 2402.17097
cs.CL 2402.17119
cs.CL 2402.17124
cs.CL 2402.17151
cs.CL 2402.17184
cs.CL 2402.17189
cs.CL 2402.17193
cs.CL 2402.17205
cs.CL 2402.17226
cs.CL 2402.17231
cs.CL 2402.17256
cs.CL 2402.17262
cs.CL 2402.17263
cs.CL 2402.17302
cs.CL 2402.17304
cs.CL 2402.17311
cs.CL 2402.17333
cs.CL 2402.17355
cs.CL 2402.17358
cs.CL 2402.17371
cs.CL 2402.17377
cs.CL 2402.17389
cs.CL 2402.17392
cs.CL 2402.17396
cs.CL 2402.17400
cs.CL 2402.17411
cs.CL 2402.17433
cs.CL 2402.17437
cs.CL 2402.17447
cs.CL 2402.17463
cs.CL 2402.17478
cs.CL 2402.17493
cs.CL 2402.17497
cs.CL 2402.17509
cs.CL 2402.17512
cs.CL 2402.17527
cs.CL 2402.17532
cs.CL 2402.17564
cs.CL 2402.17608
cs.CL 2402.17613
cs.CL 2402.17630
cs.CL 2402.17633
cs.CL 2402.17644
cs.CL 2402.17649
cs.CL 2402.17682
cs.CL 2402.17700
cs.CL 2402.17717
cs.CL 2402.17733
cs.CL 2402.17753
cs.CL 2402.17759
cs.CL 2402.17762
cs.CL 2402.17764
cs.CL 2402.16795
cs.CL 2402.17786
cs.CL 2402.17793
cs.CL 2402.17812
cs.CL 2402.17826
cs.CL 2402.17879
cs.CL 2402.17930
cs.CL 2402.17938
cs.CL 2402.17971
cs.CL 2402.17985
cs.CL 2402.18023
cs.CL 2402.18031
cs.CL 2402.18059
cs.CL 2402.18091
cs.CL 2402.18115
cs.CL 2402.18137
cs.CL 2402.18157
cs.CL 2402.18240
cs.CL 2402.18275
cs.CL 2402.18409
cs.CL 2402.18496
cs.CL 2402.18510
cs.CL 2402.18540
cs.CL 2402.18551
cs.CL 2402.18563
cs.CL 2402.18571
cs.CL 2402.17811
cs.CL 2402.17834
cs.CL 2402.17840
cs.CL 2402.17882
cs.CL 2402.17887
cs.CL 2402.17896
cs.CL 2402.17897
cs.CL 2402.17914
cs.CL 2402.17916
cs.CL 2402.17934
cs.CL 2402.17936
cs.CL 2402.17944
cs.CL 2402.17946
cs.CL 2402.17954
cs.CL 2402.17959
cs.CL 2402.17982
cs.CL 2402.17983
cs.CL 2402.18005
cs.CL 2402.18013
cs.CL 2402.18025
cs.CL 2402.18039
cs.CL 2402.18041
cs.CL 2402.18043
cs.CL 2402.18045
cs.CL 2402.18048
cs.CL 2402.18050
cs.CL 2402.18054
cs.CL 2402.18060
cs.CL 2402.18061
cs.CL 2402.18099
cs.CL 2402.18101
cs.CL 2402.18113
cs.CL 2402.18120
cs.CL 2402.18121
cs.CL 2402.18139
cs.CL 2402.18145
cs.CL 2402.18150
cs.CL 2402.18154
cs.CL 2402.18158
cs.CL 2402.18169
cs.CL 2402.18179
cs.CL 2402.18191
cs.CL 2402.18209
cs.CL 2402.18216
cs.CL 2402.18223
cs.CL 2402.18225
cs.CL 2402.18243
cs.CL 2402.18252
cs.CL 2402.18258
cs.CL 2402.18262
cs.CL 2402.18264
cs.CL 2402.18267
cs.CL 2402.18272
cs.CL 2402.18281
cs.CL 2402.18284
cs.CL 2402.18312
cs.CL 2402.18334
cs.CL 2402.18344
cs.CL 2402.18374
cs.CL 2402.18376
cs.CL 2402.18385
cs.CL 2402.18397
cs.CL 2402.18419
cs.CL 2402.18424
cs.CL 2402.18428
cs.CL 2402.18439
cs.CL 2402.18449
cs.CL 2402.18458
cs.CL 2402.18479
cs.CL 2402.18502
cs.CL 2402.18589
cs.CL 2402.18603
cs.CL 2402.18695
cs.CL 2402.18734
cs.CL 2402.18789
cs.CL 2402.18792
cs.CL 2402.18797
cs.CL 2402.18849
cs.CL 2402.18865
cs.CL 2402.18945
cs.CL 2402.19085
cs.CL 2402.19119
cs.CL 2402.19200
cs.CL 2402.19379
cs.CL 2402.19404
cs.CL 2402.19411
cs.CL 2402.19427
cs.CL 2402.19431
cs.CL 2402.19446
cs.CL 2402.19449
cs.CL 2402.19450
cs.CL 2402.19462
cs.CL 2402.19464
cs.CL 2402.18659
cs.CL 2402.18667
cs.CL 2402.18668
cs.CL 2402.18678
cs.CL 2402.18700
cs.CL 2402.18747
cs.CL 2402.18756
cs.CL 2402.18766
cs.CL 2402.18807
cs.CL 2402.18815
cs.CL 2402.18825
cs.CL 2402.18838
cs.CL 2402.18873
cs.CL 2402.18877
cs.CL 2402.18909
cs.CL 2402.18913
cs.CL 2402.18923
cs.CL 2402.18944
cs.CL 2402.18950
cs.CL 2402.19052
cs.CL 2402.19076
cs.CL 2402.19088
cs.CL 2402.19097
cs.CL 2402.19103
cs.CL 2402.19116
cs.CL 2402.19133
cs.CL 2402.19167
cs.CL 2402.19170
cs.CL 2402.19204
cs.CL 2402.19218
cs.CL 2402.19248
cs.CL 2402.19255
cs.CL 2402.19267
cs.CL 2402.19273
cs.CL 2402.19282
cs.CL 2402.19333
cs.CL 2402.19334
cs.CL 2402.19350
cs.CL 2402.19371
cs.CL 2402.19406
cs.CL 2402.19457
cs.CL 2402.19465
cs.CL 2402.19467
cs.CL 2402.19471
eess.AS 2402.14982
eess.AS 2402.15151
eess.AS 2402.15294
eess.AS 2402.15360
eess.AS 2402.15214
eess.AS 2402.15258
eess.AS 2402.15516
eess.AS 2402.15594
eess.AS 2402.15967
eess.AS 2402.15985
eess.AS 2402.16021
eess.AS 2402.16153
eess.AS 2402.16321
eess.AS 2402.16558
eess.AS 2402.16757
eess.AS 2402.15539
eess.AS 2402.15569
eess.AS 2402.15725
eess.AS 2402.15735
eess.AS 2402.16003
eess.AS 2402.16380
eess.AS 2402.16394
eess.AS 2402.16830
eess.AS 2402.16927
eess.AS 2402.16996
eess.AS 2402.16998
eess.AS 2402.17127
eess.AS 2402.17184
eess.AS 2402.17189
eess.AS 2402.17259
eess.AS 2402.17467
eess.AS 2402.17482
eess.AS 2402.17496
eess.AS 2402.17645
eess.AS 2402.17146
eess.AS 2402.17362
eess.AS 2402.17455
eess.AS 2402.17701
eess.AS 2402.17735
eess.AS 2402.17723
eess.AS 2402.17775
eess.AS 2402.17785
eess.AS 2402.18007
eess.AS 2402.18056
eess.AS 2402.18085
eess.AS 2402.18204
eess.AS 2402.18275
eess.AS 2402.18302
eess.AS 2402.17907
eess.AS 2402.18407
eess.AS 2402.18923
eess.AS 2402.19172
eess.AS 2402.19325
eess.AS 2402.19333
eess.AS 2402.19355
eess.AS 2402.19443
eess.AS 2402.18932
eess.AS 2402.18968
eess.AS 2402.19106
cs.SY 2402.15191
cs.SY 2402.15208
cs.SY 2402.15243
cs.SY 2402.15284
cs.SY 2402.15331
cs.SY 2402.15384
cs.SY 2402.14832
cs.SY 2402.14894
cs.SY 2402.15197
cs.SY 2402.15552
cs.SY 2402.15604
cs.SY 2402.15617
cs.SY 2402.15724
cs.SY 2402.15738
cs.SY 2402.15790
cs.SY 2402.15817
cs.SY 2402.15932
cs.SY 2402.15942
cs.SY 2402.15989
cs.SY 2402.16119
cs.SY 2402.16227
cs.SY 2402.16337
cs.SY 2402.16349
cs.SY 2402.16462
cs.SY 2402.16645
cs.SY 2402.16747
cs.SY 2402.15601
cs.SY 2402.15677
cs.SY 2402.15693
cs.SY 2402.15728
cs.SY 2402.15781
cs.SY 2402.15795
cs.SY 2402.15893
cs.SY 2402.16144
cs.SY 2402.16162
cs.SY 2402.16165
cs.SY 2402.16170
cs.SY 2402.16186
cs.SY 2402.16587
cs.SY 2402.16765
cs.SY 2402.16862
cs.SY 2402.17000
cs.SY 2402.17222
cs.SY 2402.17402
cs.SY 2402.17434
cs.SY 2402.17539
cs.SY 2402.17694
cs.SY 2402.16861
cs.SY 2402.16993
cs.SY 2402.17038
cs.SY 2402.17043
cs.SY 2402.17050
cs.SY 2402.17056
cs.SY 2402.17071
cs.SY 2402.17078
cs.SY 2402.17167
cs.SY 2402.17201
cs.SY 2402.17247
cs.SY 2402.17268
cs.SY 2402.17277
cs.SY 2402.17375
cs.SY 2402.17466
cs.SY 2402.17524
cs.SY 2402.17585
cs.SY 2402.17596
cs.SY 2402.17640
cs.SY 2402.17703
cs.SY 2402.17778
cs.SY 2402.17900
cs.SY 2402.17967
cs.SY 2402.18194
cs.SY 2402.18390
cs.SY 2402.18415
cs.SY 2402.18076
cs.SY 2402.18095
cs.SY 2402.18246
cs.SY 2402.18516
cs.SY 2402.18554
cs.SY 2402.18677
cs.SY 2402.18758
cs.SY 2402.18775
cs.SY 2402.18781
cs.SY 2402.18859
cs.SY 2402.18867
cs.SY 2402.18946
cs.SY 2402.19085
cs.SY 2402.19128
cs.SY 2402.19315
cs.SY 2402.19360
cs.SY 2402.19410
cs.SY 2402.18709
cs.SY 2402.18719
cs.SY 2402.18744
cs.SY 2402.19013
cs.SY 2402.19110
cs.SY 2402.19168
cs.SY 2402.19275
cs.SY 2402.19309
eess.SP 2402.14827
eess.SP 2402.14869
eess.SP 2402.14894
eess.SP 2402.14949
eess.SP 2402.14970
eess.SP 2402.14994
eess.SP 2402.15011
eess.SP 2402.15047
eess.SP 2402.15185
eess.SP 2402.15191
eess.SP 2402.15266
eess.SP 2402.15334
eess.SP 2402.15423
eess.SP 2402.15492
eess.SP 2402.14829
eess.SP 2402.15288
eess.SP 2402.15461
eess.SP 2402.15513
eess.SP 2402.15516
eess.SP 2402.15634
eess.SP 2402.15681
eess.SP 2402.15733
eess.SP 2402.15756
eess.SP 2402.15944
eess.SP 2402.16027
eess.SP 2402.16052
eess.SP 2402.16081
eess.SP 2402.16097
eess.SP 2402.16116
eess.SP 2402.16328
eess.SP 2402.16372
eess.SP 2402.16405
eess.SP 2402.16429
eess.SP 2402.16434
eess.SP 2402.16468
eess.SP 2402.16618
eess.SP 2402.16629
eess.SP 2402.16631
eess.SP 2402.16755
eess.SP 2402.16764
eess.SP 2402.15707
eess.SP 2402.15857
eess.SP 2402.15897
eess.SP 2402.15982
eess.SP 2402.16129
eess.SP 2402.16156
eess.SP 2402.16225
eess.SP 2402.16274
eess.SP 2402.16307
eess.SP 2402.16320
eess.SP 2402.16413
eess.SP 2402.16446
eess.SP 2402.16447
eess.SP 2402.16453
eess.SP 2402.16563
eess.SP 2402.16577
eess.SP 2402.16591
eess.SP 2402.16656
eess.SP 2402.16675
eess.SP 2402.16732
eess.SP 2402.16754
eess.SP 2402.17058
eess.SP 2402.17104
eess.SP 2402.17336
eess.SP 2402.17436
eess.SP 2402.17538
eess.SP 2402.17550
eess.SP 2402.17573
eess.SP 2402.17651
eess.SP 2402.17718
eess.SP 2402.17028
eess.SP 2402.17069
eess.SP 2402.17138
eess.SP 2402.17281
eess.SP 2402.17397
eess.SP 2402.17450
eess.SP 2402.17607
eess.SP 2402.17643
eess.SP 2402.17961
eess.SP 2402.18018
eess.SP 2402.18070
math.DS 2402.14877
math.DS 2402.14935
math.DS 2402.15369
math.DS 2402.15415
math.DS 2402.15129
math.DS 2402.15303
math.DS 2402.15355
math.DS 2402.15479
eess.SP 2402.18224
math.DS 2402.15849
eess.SP 2402.18387
eess.SP 2402.18405
eess.SP 2402.18489
eess.SP 2402.18554
eess.SP 2402.17771
eess.SP 2402.17772
eess.SP 2402.17773
math.DS 2402.15958
math.DS 2402.15970
math.DS 2402.15996
math.DS 2402.16238
math.DS 2402.15642
math.DS 2402.15765
math.DS 2402.15839
math.DS 2402.15848
math.DS 2402.15877
math.DS 2402.16076
math.DS 2402.16210
math.DS 2402.16418
math.DS 2402.16471
eess.SP 2402.17775
math.DS 2402.16511
math.DS 2402.16838
math.DS 2402.16975
math.DS 2402.17086
math.DS 2402.17628
math.DS 2402.17046
math.DS 2402.17094
math.DS 2402.17122
math.DS 2402.17158
math.DS 2402.17475
math.DS 2402.17625
math.DS 2402.17765
math.DS 2402.17994
math.DS 2402.18079
math.DS 2402.18207
math.DS 2402.18218
math.DS 2402.18310
math.DS 2402.18323
math.DS 2402.18523
math.DS 2402.18000
math.DS 2402.18081
math.DS 2402.18188
math.DS 2402.18315
math.DS 2402.18358
math.DS 2402.18377
math.DS 2402.18772
math.DS 2402.18948
math.DS 2402.19047
math.DS 2402.18782
eess.SP 2402.17776
eess.SP 2402.17777
eess.SP 2402.17778
eess.SP 2402.17779
eess.SP 2402.17780
eess.SP 2402.17783
eess.SP 2402.17788
eess.SP 2402.17790
eess.SP 2402.17792
eess.SP 2402.17808
eess.SP 2402.17809
eess.SP 2402.17816
eess.SP 2402.17877
eess.SP 2402.17895
eess.SP 2402.17987
eess.SP 2402.17996
eess.SP 2402.18017
eess.SP 2402.18112
eess.SP 2402.18183
eess.SP 2402.18231
eess.SP 2402.18271
eess.SP 2402.18332
eess.SP 2402.18448
eess.SP 2402.18456
eess.SP 2402.18579
eess.SP 2402.18630
eess.SP 2402.18683
eess.SP 2402.18847
eess.SP 2402.18936
eess.SP 2402.19176
eess.SP 2402.19290
eess.SP 2402.19345
eess.SP 2402.19416
eess.SP 2402.19434
eess.SP 2402.19455
eess.SP 2402.18758
eess.SP 2402.18867
eess.SP 2402.19073
eess.SP 2402.19124
eess.SP 2402.19172
eess.SP 2402.19188
math.DS 2402.18822
math.DS 2402.18843
math.DS 2402.19074
math.DS 2402.19151
math.DS 2402.19154
math.DS 2402.19181
math.DS 2402.19213
math.DS 2402.19256
math.DS 2402.19324
math.PR 2402.15095
math.PR 2402.15355
math.PR 2402.15007
math.PR 2402.15130
math.PR 2402.15228
math.PR 2402.15279
math.PR 2402.15311
math.PR 2402.15356
math.PR 2402.15457
math.PR 2402.15533
math.PR 2402.15642
math.PR 2402.15709
math.PR 2402.15998
math.PR 2402.16069
math.PR 2402.16133
math.PR 2402.16428
math.PR 2402.16481
math.PR 2402.16625
math.PR 2402.16719
math.PR 2402.16771
math.PR 2402.16803
math.PR 2402.15970
math.PR 2402.16004
math.PR 2402.16108
math.PR 2402.16295
math.PR 2402.16306
math.PR 2402.16332
math.PR 2402.16345
math.PR 2402.16396
math.PR 2402.16400
math.PR 2402.16522
math.PR 2402.16525
math.PR 2402.16622
math.PR 2402.16701
math.PR 2402.16783
math.PR 2402.16834
math.PR 2402.16898
math.PR 2402.16917
math.PR 2402.17107
math.PR 2402.17183
math.PR 2402.17258
math.PR 2402.17609
math.PR 2402.17618
math.PR 2402.17681
math.PR 2402.16900
math.PR 2402.16992
math.PR 2402.17009
math.PR 2402.17021
math.PR 2402.17059
math.PR 2402.17068
math.PR 2402.17085
math.PR 2402.17220
math.PR 2402.17221
math.PR 2402.17462
math.PR 2402.17474
math.PR 2402.17541
math.PR 2402.17547
math.PR 2402.17642
math.PR 2402.17872
math.PR 2402.17873
math.PR 2402.17886
math.PR 2402.17900
math.PR 2402.17987
math.PR 2402.17953
math.PR 2402.18108
math.PR 2402.18143
math.PR 2402.18219
math.PR 2402.18257
math.PR 2402.18350
math.PR 2402.18703
math.PR 2402.18725
math.PR 2402.18839
math.PR 2402.18872
math.PR 2402.18982
math.PR 2402.18983
math.PR 2402.19137
math.PR 2402.19172
math.PR 2402.19182
math.PR 2402.19386
math.PR 2402.19456
math.PR 2402.18737
math.PR 2402.18999
math.PR 2402.19070
math.PR 2402.19203
math.PR 2402.19363
math.OC 2402.14821
math.OC 2402.15152
math.OC 2402.15155
math.OC 2402.15188
math.OC 2402.15262
math.OC 2402.15322
math.OC 2402.15367
math.OC 2402.15380
math.OC 2402.15387
math.OC 2402.15450
math.OC 2402.14844
math.OC 2402.14847
math.OC 2402.14868
math.OC 2402.14935
math.OC 2402.15016
math.OC 2402.15022
math.OC 2402.15208
math.OC 2402.15308
math.OC 2402.15486
math.OC 2402.16108
math.OC 2402.16170
math.OC 2402.16227
math.OC 2402.16269
math.OC 2402.16324
math.OC 2402.16442
math.OC 2402.16455
math.OC 2402.16541
math.OC 2402.16623
math.OC 2402.16712
math.OC 2402.16754
math.OC 2402.16821
math.OC 2402.15592
math.OC 2402.15611
math.OC 2402.15629
math.OC 2402.15639
math.OC 2402.15646
math.OC 2402.15724
math.OC 2402.15771
math.OC 2402.15860
math.OC 2402.15942
math.OC 2402.15948
math.OC 2402.15998
math.OC 2402.16337
math.OC 2402.16432
math.OC 2402.16439
math.OC 2402.16530
math.OC 2211.09265
math.OC 2401.05617
math.OC 2402.17104
math.OC 2402.17201
math.OC 2402.17247
math.OC 2402.17541
math.OC 2402.17542
math.OC 2402.17641
math.OC 2402.17724
math.OC 2402.17756
math.OC 2402.16978
math.OC 2402.17040
math.OC 2402.17072
math.OC 2402.17111
math.OC 2402.17170
math.OC 2402.17208
math.OC 2402.17222
math.OC 2402.17539
math.OC 2402.17694
math.OC 2402.17696
math.OC 2402.17702
math.OC 2402.17708
math.OC 2402.17722
math.OC 2402.17870
math.OC 2402.17890
math.OC 2402.18270
math.OC 2402.18403
math.OC 2402.17794
math.OC 2402.17894
math.OC 2402.17900
math.OC 2402.17947
math.OC 2402.18015
math.OC 2402.18024
math.OC 2402.18067
math.OC 2402.18269
math.OC 2402.18273
math.OC 2402.18308
math.OC 2402.18415
math.OC 2402.18423
math.OC 2402.18506
math.OC 2402.18514
math.OC 2402.18697
math.OC 2402.18839
math.OC 2402.18851
math.OC 2402.18905
math.OC 2402.18955
math.OC 2402.19078
math.OC 2402.19110
math.OC 2402.19309
math.OC 2402.19363
math.OC 2402.19442
math.OC 2402.19449
math.OC 2402.18666
math.OC 2402.18725
math.OC 2402.18795
math.OC 2402.18903
math.OC 2402.19065
math.OC 2402.19176
math.OC 2402.19212
math.OC 2402.19345
math.OC 2402.19360
math.OC 2402.19396
